Worker 0 can perform operations {1, 3, 5}
Worker 1 can perform operations {8, 9, 2}
Worker 2 can perform operations {1, 6, 7, 8, 10}
Worker 3 can perform operations {4, 6}
Worker 4 can perform operations {7}
Building network type full-connect
Worker 0 connecting to worker 1
Worker 0 connecting to worker 2
Worker 0 connecting to worker 3
Worker 0 connecting to worker 4
Worker 1 connecting to worker 0
Worker 1 connecting to worker 2
Worker 1 connecting to worker 3
Worker 1 connecting to worker 4
Worker 2 connecting to worker 0
Worker 2 connecting to worker 1
Worker 2 connecting to worker 3
Worker 2 connecting to worker 4
Worker 3 connecting to worker 0
Worker 3 connecting to worker 1
Worker 3 connecting to worker 2
Worker 3 connecting to worker 4
Worker 4 connecting to worker 0
Worker 4 connecting to worker 1
Worker 4 connecting to worker 2
Worker 4 connecting to worker 3
Entry nodes are [0, 1, 2, 3, 4]
0 Generated task 0
0 Worker 4 accepting task 0
0 Worker 4 processing task 0 requiring operations [9, 2, 7]
0 Worker 4 performing operation 7 on task 0
1 Worker 4 accepting task 0
1 Worker 4 processing task 0 requiring operations [9, 2]
1 Worker 4 forwarding task 0
2 Generated task 1
2 Worker 1 accepting task 1
2 Worker 0 accepting task 0
2 Worker 1 processing task 1 requiring operations [7, 10, 3]
2 Worker 1 forwarding task 1
2 Worker 0 processing task 0 requiring operations [9, 2]
2 Worker 0 forwarding task 0
3 Worker 4 accepting task 1
3 Worker 4 accepting task 0
3 Worker 4 processing task 1 requiring operations [7, 10, 3]
3 Worker 4 performing operation 7 on task 1
4 Generated task 2
4 Worker 4 accepting task 2
4 Worker 4 accepting task 1
4 Worker 4 processing task 0 requiring operations [9, 2]
4 Worker 4 forwarding task 0
5 Worker 1 accepting task 0
5 Worker 4 processing task 2 requiring operations [5, 10, 7]
5 Worker 4 performing operation 7 on task 2
5 Worker 1 processing task 0 requiring operations [9, 2]
5 Worker 1 performing operation 2 on task 0
6 Generated task 3
6 Worker 0 accepting task 3
6 Worker 4 accepting task 2
6 Worker 1 accepting task 0
6 Worker 4 processing task 1 requiring operations [10, 3]
6 Worker 4 forwarding task 1
6 Worker 1 processing task 0 requiring operations [9]
6 Worker 1 performing operation 9 on task 0
6 Worker 0 processing task 3 requiring operations [7, 8, 6]
6 Worker 0 forwarding task 3
7 Worker 2 accepting task 1
7 Task 0 completed!
7 Worker 2 accepting task 3
7 Worker 4 processing task 2 requiring operations [5, 10]
7 Worker 4 forwarding task 2
7 Worker 2 processing task 1 requiring operations [10, 3]
7 Worker 2 performing operation 10 on task 1
8 Generated task 4
8 Worker 3 accepting task 4
8 Worker 3 accepting task 2
8 Worker 2 accepting task 1
8 Worker 2 processing task 3 requiring operations [7, 8, 6]
8 Worker 2 performing operation 6 on task 3
8 Worker 3 processing task 4 requiring operations [8, 2, 6]
8 Worker 3 performing operation 6 on task 4
9 Worker 2 accepting task 3
9 Worker 3 accepting task 4
9 Worker 2 processing task 1 requiring operations [3]
9 Worker 2 forwarding task 1
9 Worker 3 processing task 2 requiring operations [5, 10]
9 Worker 3 forwarding task 2
10 Generated task 5
10 Worker 3 accepting task 5
10 Worker 4 accepting task 1
10 Worker 2 accepting task 2
10 Worker 2 processing task 3 requiring operations [7, 8]
10 Worker 2 performing operation 8 on task 3
10 Worker 3 processing task 4 requiring operations [8, 2]
10 Worker 3 forwarding task 4
10 Worker 4 processing task 1 requiring operations [3]
10 Worker 4 forwarding task 1
11 Worker 2 accepting task 3
11 Worker 1 accepting task 4
11 Worker 3 accepting task 1
11 Worker 2 processing task 2 requiring operations [5, 10]
11 Worker 2 performing operation 10 on task 2
11 Worker 3 processing task 5 requiring operations [6, 7, 9]
11 Worker 3 performing operation 6 on task 5
11 Worker 1 processing task 4 requiring operations [8, 2]
11 Worker 1 performing operation 2 on task 4
12 Generated task 6
12 Worker 4 accepting task 6
12 Worker 2 accepting task 2
12 Worker 3 accepting task 5
12 Worker 1 accepting task 4
12 Worker 2 processing task 3 requiring operations [7]
12 Worker 2 performing operation 7 on task 3
12 Worker 3 processing task 1 requiring operations [3]
12 Worker 3 forwarding task 1
12 Worker 1 processing task 4 requiring operations [8]
12 Worker 1 performing operation 8 on task 4
12 Worker 4 processing task 6 requiring operations [5, 8, 7]
12 Worker 4 performing operation 7 on task 6
13 Task 3 completed!
13 Worker 1 accepting task 1
13 Task 4 completed!
13 Worker 4 accepting task 6
13 Worker 2 processing task 2 requiring operations [5]
13 Worker 2 forwarding task 2
13 Worker 3 processing task 5 requiring operations [7, 9]
13 Worker 3 forwarding task 5
13 Worker 1 processing task 1 requiring operations [3]
13 Worker 1 forwarding task 1
13 Worker 4 processing task 6 requiring operations [5, 8]
13 Worker 4 forwarding task 6
14 Generated task 7
14 Worker 4 accepting task 7
14 Worker 4 accepting task 2
14 Worker 1 accepting task 5
14 Worker 3 accepting task 1
14 Worker 1 accepting task 6
14 Worker 1 processing task 5 requiring operations [7, 9]
14 Worker 1 performing operation 9 on task 5
14 Worker 4 processing task 7 requiring operations [8, 2, 3]
14 Worker 4 forwarding task 7
14 Worker 3 processing task 1 requiring operations [3]
14 Worker 3 forwarding task 1
15 Worker 1 accepting task 5
15 Worker 3 accepting task 7
15 Worker 4 accepting task 1
15 Worker 1 processing task 6 requiring operations [5, 8]
15 Worker 1 performing operation 8 on task 6
15 Worker 4 processing task 2 requiring operations [5]
15 Worker 4 forwarding task 2
15 Worker 3 processing task 7 requiring operations [8, 2, 3]
15 Worker 3 forwarding task 7
16 Generated task 8
16 Worker 0 accepting task 8
16 Worker 1 accepting task 6
16 Worker 1 accepting task 2
16 Worker 0 accepting task 7
16 Worker 1 processing task 5 requiring operations [7]
16 Worker 1 forwarding task 5
16 Worker 4 processing task 1 requiring operations [3]
16 Worker 4 forwarding task 1
16 Worker 0 processing task 8 requiring operations [3, 10, 5]
16 Worker 0 performing operation 3 on task 8
17 Worker 2 accepting task 5
17 Worker 2 accepting task 1
17 Worker 0 accepting task 8
17 Worker 1 processing task 6 requiring operations [5]
17 Worker 1 forwarding task 6
17 Worker 0 processing task 7 requiring operations [8, 2, 3]
17 Worker 0 performing operation 3 on task 7
17 Worker 2 processing task 5 requiring operations [7]
17 Worker 2 performing operation 7 on task 5
18 Generated task 9
18 Worker 3 accepting task 9
18 Worker 2 accepting task 6
18 Worker 0 accepting task 7
18 Task 5 completed!
18 Worker 1 processing task 2 requiring operations [5]
18 Worker 1 forwarding task 2
18 Worker 0 processing task 8 requiring operations [10, 5]
18 Worker 0 performing operation 5 on task 8
18 Worker 2 processing task 1 requiring operations [3]
18 Worker 2 forwarding task 1
18 Worker 3 processing task 9 requiring operations [6, 1, 8]
18 Worker 3 performing operation 6 on task 9
19 Worker 0 accepting task 2
19 Worker 0 accepting task 8
19 Worker 4 accepting task 1
19 Worker 3 accepting task 9
19 Worker 0 processing task 7 requiring operations [8, 2]
19 Worker 0 forwarding task 7
19 Worker 2 processing task 6 requiring operations [5]
19 Worker 2 forwarding task 6
19 Worker 3 processing task 9 requiring operations [1, 8]
19 Worker 3 forwarding task 9
19 Worker 4 processing task 1 requiring operations [3]
19 Worker 4 forwarding task 1
20 Generated task 10
20 Worker 0 accepting task 10
20 Worker 1 accepting task 7
20 Worker 3 accepting task 6
20 Worker 1 accepting task 9
20 Worker 1 accepting task 1
20 Worker 0 processing task 2 requiring operations [5]
20 Worker 0 performing operation 5 on task 2
20 Worker 3 processing task 6 requiring operations [5]
20 Worker 3 forwarding task 6
20 Worker 1 processing task 7 requiring operations [8, 2]
20 Worker 1 performing operation 2 on task 7
21 Task 2 completed!
21 Worker 0 accepting task 6
21 Worker 1 accepting task 7
21 Worker 0 processing task 8 requiring operations [10]
21 Worker 0 forwarding task 8
21 Worker 1 processing task 9 requiring operations [1, 8]
21 Worker 1 performing operation 8 on task 9
22 Generated task 11
22 Worker 3 accepting task 11
22 Worker 1 accepting task 8
22 Worker 1 accepting task 9
22 Worker 0 processing task 10 requiring operations [2, 4, 5]
22 Worker 0 performing operation 5 on task 10
22 Worker 1 processing task 1 requiring operations [3]
22 Worker 1 forwarding task 1
22 Worker 3 processing task 11 requiring operations [8, 2, 3]
22 Worker 3 forwarding task 11
23 Worker 0 accepting task 10
23 Worker 2 accepting task 1
23 Worker 4 accepting task 11
23 Worker 0 processing task 6 requiring operations [5]
23 Worker 0 performing operation 5 on task 6
23 Worker 1 processing task 7 requiring operations [8]
23 Worker 1 performing operation 8 on task 7
23 Worker 2 processing task 1 requiring operations [3]
23 Worker 2 forwarding task 1
23 Worker 4 processing task 11 requiring operations [8, 2, 3]
23 Worker 4 forwarding task 11
24 Generated task 12
24 Worker 4 accepting task 12
24 Task 6 completed!
24 Task 7 completed!
24 Worker 3 accepting task 1
24 Worker 3 accepting task 11
24 Worker 0 processing task 10 requiring operations [2, 4]
24 Worker 0 forwarding task 10
24 Worker 1 processing task 8 requiring operations [10]
24 Worker 1 forwarding task 8
24 Worker 4 processing task 12 requiring operations [5, 10, 1]
24 Worker 4 forwarding task 12
24 Worker 3 processing task 1 requiring operations [3]
24 Worker 3 forwarding task 1
25 Worker 2 accepting task 10
25 Worker 4 accepting task 8
25 Worker 2 accepting task 12
25 Worker 1 accepting task 1
25 Worker 1 processing task 9 requiring operations [1]
25 Worker 1 forwarding task 9
25 Worker 4 processing task 8 requiring operations [10]
25 Worker 4 forwarding task 8
25 Worker 3 processing task 11 requiring operations [8, 2, 3]
25 Worker 3 forwarding task 11
25 Worker 2 processing task 10 requiring operations [2, 4]
25 Worker 2 forwarding task 10
26 Generated task 13
26 Worker 3 accepting task 13
26 Worker 0 accepting task 9
26 Worker 0 accepting task 8
26 Worker 4 accepting task 11
26 Worker 1 accepting task 10
26 Worker 1 processing task 1 requiring operations [3]
26 Worker 1 forwarding task 1
26 Worker 3 processing task 13 requiring operations [3, 8, 9]
26 Worker 3 forwarding task 13
26 Worker 2 processing task 12 requiring operations [5, 10, 1]
26 Worker 2 performing operation 1 on task 12
26 Worker 0 processing task 9 requiring operations [1]
26 Worker 0 performing operation 1 on task 9
26 Worker 4 processing task 11 requiring operations [8, 2, 3]
26 Worker 4 forwarding task 11
27 Worker 3 accepting task 1
27 Worker 1 accepting task 13
27 Worker 2 accepting task 12
27 Task 9 completed!
27 Worker 1 accepting task 11
27 Worker 1 processing task 10 requiring operations [2, 4]
27 Worker 1 performing operation 2 on task 10
27 Worker 3 processing task 1 requiring operations [3]
27 Worker 3 forwarding task 1
27 Worker 2 processing task 12 requiring operations [5, 10]
27 Worker 2 performing operation 10 on task 12
27 Worker 0 processing task 8 requiring operations [10]
27 Worker 0 forwarding task 8
28 Generated task 14
28 Worker 4 accepting task 14
28 Worker 1 accepting task 10
28 Worker 2 accepting task 1
28 Worker 2 accepting task 12
28 Worker 4 accepting task 8
28 Worker 1 processing task 13 requiring operations [3, 8, 9]
28 Worker 1 performing operation 8 on task 13
28 Worker 2 processing task 1 requiring operations [3]
28 Worker 2 forwarding task 1
28 Worker 4 processing task 14 requiring operations [1, 5, 2]
28 Worker 4 forwarding task 14
29 Worker 1 accepting task 13
29 Worker 4 accepting task 1
29 Worker 1 accepting task 14
29 Worker 1 processing task 11 requiring operations [8, 2, 3]
29 Worker 1 performing operation 8 on task 11
29 Worker 2 processing task 12 requiring operations [5]
29 Worker 2 forwarding task 12
29 Worker 4 processing task 8 requiring operations [10]
29 Worker 4 forwarding task 8
30 Generated task 15
30 Worker 1 accepting task 15
30 Worker 1 accepting task 11
30 Worker 1 accepting task 12
30 Worker 2 accepting task 8
30 Worker 1 processing task 10 requiring operations [4]
30 Worker 1 forwarding task 10
30 Worker 4 processing task 1 requiring operations [3]
30 Worker 4 forwarding task 1
30 Worker 2 processing task 8 requiring operations [10]
30 Worker 2 performing operation 10 on task 8
31 Worker 4 accepting task 10
31 Worker 1 accepting task 1
31 Task 8 completed!
31 Worker 1 processing task 13 requiring operations [3, 9]
31 Worker 1 performing operation 9 on task 13
31 Worker 4 processing task 10 requiring operations [4]
31 Worker 4 forwarding task 10
32 Generated task 16
32 Worker 0 accepting task 16
32 Worker 1 accepting task 13
32 Worker 2 accepting task 10
32 Worker 1 processing task 14 requiring operations [1, 5, 2]
32 Worker 1 performing operation 2 on task 14
32 Worker 0 processing task 16 requiring operations [10, 4, 8]
32 Worker 0 forwarding task 16
32 Worker 2 processing task 10 requiring operations [4]
32 Worker 2 forwarding task 10
33 Worker 1 accepting task 14
33 Worker 3 accepting task 16
33 Worker 3 accepting task 10
33 Worker 1 processing task 15 requiring operations [4, 5, 6]
33 Worker 1 forwarding task 15
33 Worker 3 processing task 16 requiring operations [10, 4, 8]
33 Worker 3 performing operation 4 on task 16
34 Generated task 17
34 Worker 4 accepting task 17
34 Worker 0 accepting task 15
34 Worker 3 accepting task 16
34 Worker 1 processing task 11 requiring operations [2, 3]
34 Worker 1 performing operation 2 on task 11
34 Worker 3 processing task 10 requiring operations [4]
34 Worker 3 performing operation 4 on task 10
34 Worker 4 processing task 17 requiring operations [1, 5, 7]
34 Worker 4 performing operation 7 on task 17
34 Worker 0 processing task 15 requiring operations [4, 5, 6]
34 Worker 0 performing operation 5 on task 15
35 Worker 1 accepting task 11
35 Task 10 completed!
35 Worker 4 accepting task 17
35 Worker 0 accepting task 15
35 Worker 1 processing task 12 requiring operations [5]
35 Worker 1 forwarding task 12
35 Worker 3 processing task 16 requiring operations [10, 8]
35 Worker 3 forwarding task 16
35 Worker 4 processing task 17 requiring operations [1, 5]
35 Worker 4 forwarding task 17
35 Worker 0 processing task 15 requiring operations [4, 6]
35 Worker 0 forwarding task 15
36 Generated task 18
36 Worker 0 accepting task 18
36 Worker 4 accepting task 12
36 Worker 2 accepting task 16
36 Worker 3 accepting task 17
36 Worker 1 accepting task 15
36 Worker 1 processing task 1 requiring operations [3]
36 Worker 1 forwarding task 1
36 Worker 4 processing task 12 requiring operations [5]
36 Worker 4 forwarding task 12
36 Worker 0 processing task 18 requiring operations [7, 3, 4]
36 Worker 0 performing operation 3 on task 18
36 Worker 2 processing task 16 requiring operations [10, 8]
36 Worker 2 performing operation 8 on task 16
36 Worker 3 processing task 17 requiring operations [1, 5]
36 Worker 3 forwarding task 17
37 Worker 3 accepting task 1
37 Worker 3 accepting task 12
37 Worker 0 accepting task 18
37 Worker 2 accepting task 16
37 Worker 2 accepting task 17
37 Worker 1 processing task 13 requiring operations [3]
37 Worker 1 forwarding task 13
37 Worker 0 processing task 18 requiring operations [7, 4]
37 Worker 0 forwarding task 18
37 Worker 2 processing task 16 requiring operations [10]
37 Worker 2 performing operation 10 on task 16
37 Worker 3 processing task 1 requiring operations [3]
37 Worker 3 forwarding task 1
38 Generated task 19
38 Worker 3 accepting task 19
38 Worker 3 accepting task 13
38 Worker 1 accepting task 18
38 Task 16 completed!
38 Worker 1 accepting task 1
38 Worker 1 processing task 14 requiring operations [1, 5]
38 Worker 1 forwarding task 14
38 Worker 2 processing task 17 requiring operations [1, 5]
38 Worker 2 performing operation 1 on task 17
38 Worker 3 processing task 12 requiring operations [5]
38 Worker 3 forwarding task 12
39 Worker 2 accepting task 14
39 Worker 2 accepting task 17
39 Worker 4 accepting task 12
39 Worker 1 processing task 11 requiring operations [3]
39 Worker 1 forwarding task 11
39 Worker 2 processing task 14 requiring operations [1, 5]
39 Worker 2 performing operation 1 on task 14
39 Worker 3 processing task 19 requiring operations [1, 10, 6]
39 Worker 3 performing operation 6 on task 19
39 Worker 4 processing task 12 requiring operations [5]
39 Worker 4 forwarding task 12
40 Generated task 20
40 Worker 1 accepting task 20
40 Worker 4 accepting task 11
40 Worker 2 accepting task 14
40 Worker 3 accepting task 19
40 Worker 1 accepting task 12
40 Worker 1 processing task 15 requiring operations [4, 6]
40 Worker 1 forwarding task 15
40 Worker 2 processing task 17 requiring operations [5]
40 Worker 2 forwarding task 17
40 Worker 3 processing task 13 requiring operations [3]
40 Worker 3 forwarding task 13
40 Worker 4 processing task 11 requiring operations [3]
40 Worker 4 forwarding task 11
41 Worker 4 accepting task 15
41 Worker 0 accepting task 17
41 Worker 2 accepting task 13
41 Worker 2 accepting task 11
41 Worker 1 processing task 18 requiring operations [7, 4]
41 Worker 1 forwarding task 18
41 Worker 2 processing task 14 requiring operations [5]
41 Worker 2 forwarding task 14
41 Worker 3 processing task 19 requiring operations [1, 10]
41 Worker 3 forwarding task 19
41 Worker 4 processing task 15 requiring operations [4, 6]
41 Worker 4 forwarding task 15
41 Worker 0 processing task 17 requiring operations [5]
41 Worker 0 performing operation 5 on task 17
42 Generated task 21
42 Worker 0 accepting task 21
42 Worker 3 accepting task 18
42 Worker 1 accepting task 14
42 Worker 0 accepting task 19
42 Worker 2 accepting task 15
42 Task 17 completed!
42 Worker 1 processing task 1 requiring operations [3]
42 Worker 1 forwarding task 1
42 Worker 2 processing task 13 requiring operations [3]
42 Worker 2 forwarding task 13
42 Worker 3 processing task 18 requiring operations [7, 4]
42 Worker 3 performing operation 4 on task 18
42 Worker 0 processing task 21 requiring operations [4, 3, 8]
42 Worker 0 performing operation 3 on task 21
43 Worker 2 accepting task 1
43 Worker 3 accepting task 13
43 Worker 3 accepting task 18
43 Worker 0 accepting task 21
43 Worker 1 processing task 20 requiring operations [1, 7, 9]
43 Worker 1 performing operation 9 on task 20
43 Worker 2 processing task 11 requiring operations [3]
43 Worker 2 forwarding task 11
43 Worker 3 processing task 13 requiring operations [3]
43 Worker 3 forwarding task 13
43 Worker 0 processing task 19 requiring operations [1, 10]
43 Worker 0 performing operation 1 on task 19
44 Generated task 22
44 Worker 1 accepting task 22
44 Worker 1 accepting task 20
44 Worker 3 accepting task 11
44 Worker 4 accepting task 13
44 Worker 0 accepting task 19
44 Worker 1 processing task 12 requiring operations [5]
44 Worker 1 forwarding task 12
44 Worker 2 processing task 15 requiring operations [4, 6]
44 Worker 2 performing operation 6 on task 15
44 Worker 3 processing task 18 requiring operations [7]
44 Worker 3 forwarding task 18
44 Worker 0 processing task 21 requiring operations [4, 8]
44 Worker 0 forwarding task 21
44 Worker 4 processing task 13 requiring operations [3]
44 Worker 4 forwarding task 13
45 Worker 2 accepting task 12
45 Worker 2 accepting task 15
45 Worker 4 accepting task 18
45 Worker 2 accepting task 21
45 Worker 1 accepting task 13
45 Worker 1 processing task 14 requiring operations [5]
45 Worker 1 forwarding task 14
45 Worker 2 processing task 1 requiring operations [3]
45 Worker 2 forwarding task 1
45 Worker 3 processing task 11 requiring operations [3]
45 Worker 3 forwarding task 11
45 Worker 0 processing task 19 requiring operations [10]
45 Worker 0 forwarding task 19
45 Worker 4 processing task 18 requiring operations [7]
45 Worker 4 performing operation 7 on task 18
46 Generated task 23
46 Worker 2 accepting task 23
46 Worker 2 accepting task 14
46 Worker 1 accepting task 1
46 Worker 2 accepting task 11
46 Worker 1 accepting task 19
46 Task 18 completed!
46 Worker 1 processing task 22 requiring operations [10, 9, 6]
46 Worker 1 performing operation 9 on task 22
46 Worker 2 processing task 12 requiring operations [5]
46 Worker 2 forwarding task 12
47 Worker 1 accepting task 22
47 Worker 4 accepting task 12
47 Worker 1 processing task 20 requiring operations [1, 7]
47 Worker 1 forwarding task 20
47 Worker 2 processing task 15 requiring operations [4]
47 Worker 2 forwarding task 15
47 Worker 4 processing task 12 requiring operations [5]
47 Worker 4 forwarding task 12
48 Generated task 24
48 Worker 4 accepting task 24
48 Worker 4 accepting task 20
48 Worker 0 accepting task 15
48 Worker 2 accepting task 12
48 Worker 1 processing task 13 requiring operations [3]
48 Worker 1 forwarding task 13
48 Worker 2 processing task 21 requiring operations [4, 8]
48 Worker 2 performing operation 8 on task 21
48 Worker 4 processing task 24 requiring operations [2, 6, 8]
48 Worker 4 forwarding task 24
48 Worker 0 processing task 15 requiring operations [4]
48 Worker 0 forwarding task 15
49 Worker 0 accepting task 13
49 Worker 2 accepting task 21
49 Worker 2 accepting task 24
49 Worker 1 accepting task 15
49 Worker 1 processing task 1 requiring operations [3]
49 Worker 1 forwarding task 1
49 Worker 2 processing task 23 requiring operations [4, 2, 6]
49 Worker 2 performing operation 6 on task 23
49 Worker 4 processing task 20 requiring operations [1, 7]
49 Worker 4 performing operation 7 on task 20
49 Worker 0 processing task 13 requiring operations [3]
49 Worker 0 performing operation 3 on task 13
50 Generated task 25
50 Worker 0 accepting task 25
50 Worker 0 accepting task 1
50 Worker 2 accepting task 23
50 Worker 4 accepting task 20
50 Task 13 completed!
50 Worker 1 processing task 19 requiring operations [10]
50 Worker 1 forwarding task 19
50 Worker 2 processing task 14 requiring operations [5]
50 Worker 2 forwarding task 14
50 Worker 4 processing task 20 requiring operations [1]
50 Worker 4 forwarding task 20
50 Worker 0 processing task 25 requiring operations [5, 6, 7]
50 Worker 0 performing operation 5 on task 25
51 Worker 0 accepting task 19
51 Worker 1 accepting task 14
51 Worker 2 accepting task 20
51 Worker 0 accepting task 25
51 Worker 1 processing task 22 requiring operations [10, 6]
51 Worker 1 forwarding task 22
51 Worker 2 processing task 11 requiring operations [3]
51 Worker 2 forwarding task 11
51 Worker 0 processing task 1 requiring operations [3]
51 Worker 0 performing operation 3 on task 1
52 Generated task 26
52 Worker 3 accepting task 26
52 Worker 0 accepting task 22
52 Worker 4 accepting task 11
52 Task 1 completed!
52 Worker 1 processing task 15 requiring operations [4]
52 Worker 1 forwarding task 15
52 Worker 2 processing task 12 requiring operations [5]
52 Worker 2 forwarding task 12
52 Worker 0 processing task 19 requiring operations [10]
52 Worker 0 forwarding task 19
52 Worker 3 processing task 26 requiring operations [6, 1, 10]
52 Worker 3 performing operation 6 on task 26
52 Worker 4 processing task 11 requiring operations [3]
52 Worker 4 forwarding task 11
53 Worker 4 accepting task 15
53 Worker 4 accepting task 12
53 Worker 4 accepting task 19
53 Worker 3 accepting task 26
53 Worker 1 accepting task 11
53 Worker 1 processing task 14 requiring operations [5]
53 Worker 1 forwarding task 14
53 Worker 2 processing task 21 requiring operations [4]
53 Worker 2 forwarding task 21
53 Worker 0 processing task 25 requiring operations [6, 7]
53 Worker 0 forwarding task 25
53 Worker 3 processing task 26 requiring operations [1, 10]
53 Worker 3 forwarding task 26
53 Worker 4 processing task 15 requiring operations [4]
53 Worker 4 forwarding task 15
54 Generated task 27
54 Worker 4 accepting task 27
54 Worker 4 accepting task 14
54 Worker 0 accepting task 21
54 Worker 1 accepting task 25
54 Worker 1 accepting task 26
54 Worker 2 accepting task 15
54 Worker 1 processing task 11 requiring operations [3]
54 Worker 1 forwarding task 11
54 Worker 2 processing task 24 requiring operations [2, 6, 8]
54 Worker 2 performing operation 6 on task 24
54 Worker 0 processing task 22 requiring operations [10, 6]
54 Worker 0 forwarding task 22
54 Worker 4 processing task 12 requiring operations [5]
54 Worker 4 forwarding task 12
55 Worker 0 accepting task 11
55 Worker 2 accepting task 24
55 Worker 4 accepting task 22
55 Worker 2 accepting task 12
55 Worker 1 processing task 25 requiring operations [6, 7]
55 Worker 1 forwarding task 25
55 Worker 2 processing task 23 requiring operations [4, 2]
55 Worker 2 forwarding task 23
55 Worker 0 processing task 21 requiring operations [4]
55 Worker 0 forwarding task 21
55 Worker 4 processing task 19 requiring operations [10]
55 Worker 4 forwarding task 19
56 Generated task 28
56 Worker 0 accepting task 28
56 Worker 3 accepting task 25
56 Worker 4 accepting task 23
56 Worker 4 accepting task 21
56 Worker 1 accepting task 19
56 Worker 1 processing task 26 requiring operations [1, 10]
56 Worker 1 forwarding task 26
56 Worker 2 processing task 20 requiring operations [1]
56 Worker 2 performing operation 1 on task 20
56 Worker 0 processing task 11 requiring operations [3]
56 Worker 0 performing operation 3 on task 11
56 Worker 4 processing task 27 requiring operations [3, 2, 4]
56 Worker 4 forwarding task 27
56 Worker 3 processing task 25 requiring operations [6, 7]
56 Worker 3 performing operation 6 on task 25
57 Worker 4 accepting task 26
57 Task 20 completed!
57 Task 11 completed!
57 Worker 3 accepting task 27
57 Worker 3 accepting task 25
57 Worker 1 processing task 19 requiring operations [10]
57 Worker 1 forwarding task 19
57 Worker 2 processing task 15 requiring operations [4]
57 Worker 2 forwarding task 15
57 Worker 0 processing task 28 requiring operations [2, 8, 1]
57 Worker 0 performing operation 1 on task 28
57 Worker 4 processing task 14 requiring operations [5]
57 Worker 4 forwarding task 14
57 Worker 3 processing task 27 requiring operations [3, 2, 4]
57 Worker 3 performing operation 4 on task 27
58 Generated task 29
58 Worker 4 accepting task 29
58 Worker 4 accepting task 19
58 Worker 4 accepting task 15
58 Worker 0 accepting task 28
58 Worker 1 accepting task 14
58 Worker 3 accepting task 27
58 Worker 2 processing task 24 requiring operations [2, 8]
58 Worker 2 performing operation 8 on task 24
58 Worker 0 processing task 28 requiring operations [2, 8]
58 Worker 0 forwarding task 28
58 Worker 4 processing task 22 requiring operations [10, 6]
58 Worker 4 forwarding task 22
58 Worker 3 processing task 25 requiring operations [7]
58 Worker 3 forwarding task 25
58 Worker 1 processing task 14 requiring operations [5]
58 Worker 1 forwarding task 14
59 Worker 2 accepting task 24
59 Worker 4 accepting task 28
59 Worker 0 accepting task 22
59 Worker 0 accepting task 25
59 Worker 3 accepting task 14
59 Worker 2 processing task 12 requiring operations [5]
59 Worker 2 forwarding task 12
59 Worker 4 processing task 23 requiring operations [4, 2]
59 Worker 4 forwarding task 23
59 Worker 3 processing task 27 requiring operations [3, 2]
59 Worker 3 forwarding task 27
59 Worker 0 processing task 22 requiring operations [10, 6]
59 Worker 0 forwarding task 22
60 Generated task 30
60 Worker 4 accepting task 30
60 Worker 0 accepting task 12
60 Worker 2 accepting task 23
60 Worker 1 accepting task 27
60 Worker 1 accepting task 22
60 Worker 2 processing task 24 requiring operations [2]
60 Worker 2 forwarding task 24
60 Worker 4 processing task 21 requiring operations [4]
60 Worker 4 forwarding task 21
60 Worker 3 processing task 14 requiring operations [5]
60 Worker 3 forwarding task 14
60 Worker 0 processing task 25 requiring operations [7]
60 Worker 0 forwarding task 25
60 Worker 1 processing task 27 requiring operations [3, 2]
60 Worker 1 performing operation 2 on task 27
61 Worker 4 accepting task 24
61 Worker 1 accepting task 21
61 Worker 0 accepting task 14
61 Worker 3 accepting task 25
61 Worker 1 accepting task 27
61 Worker 2 processing task 23 requiring operations [4, 2]
61 Worker 2 forwarding task 23
61 Worker 4 processing task 26 requiring operations [1, 10]
61 Worker 4 forwarding task 26
61 Worker 0 processing task 12 requiring operations [5]
61 Worker 0 performing operation 5 on task 12
61 Worker 1 processing task 22 requiring operations [10, 6]
61 Worker 1 forwarding task 22
61 Worker 3 processing task 25 requiring operations [7]
61 Worker 3 forwarding task 25
62 Generated task 31
62 Worker 0 accepting task 31
62 Worker 1 accepting task 23
62 Worker 0 accepting task 26
62 Task 12 completed!
62 Worker 3 accepting task 22
62 Worker 0 accepting task 25
62 Worker 4 processing task 29 requiring operations [7, 2, 3]
62 Worker 4 performing operation 7 on task 29
62 Worker 0 processing task 14 requiring operations [5]
62 Worker 0 performing operation 5 on task 14
62 Worker 1 processing task 21 requiring operations [4]
62 Worker 1 forwarding task 21
62 Worker 3 processing task 22 requiring operations [10, 6]
62 Worker 3 performing operation 6 on task 22
63 Worker 4 accepting task 29
63 Task 14 completed!
63 Worker 2 accepting task 21
63 Worker 3 accepting task 22
63 Worker 4 processing task 19 requiring operations [10]
63 Worker 4 forwarding task 19
63 Worker 0 processing task 31 requiring operations [4, 9, 6]
63 Worker 0 forwarding task 31
63 Worker 1 processing task 27 requiring operations [3]
63 Worker 1 forwarding task 27
63 Worker 3 processing task 22 requiring operations [10]
63 Worker 3 forwarding task 22
63 Worker 2 processing task 21 requiring operations [4]
63 Worker 2 forwarding task 21
64 Generated task 32
64 Worker 4 accepting task 32
64 Worker 2 accepting task 19
64 Worker 3 accepting task 31
64 Worker 0 accepting task 27
64 Worker 2 accepting task 22
64 Worker 4 accepting task 21
64 Worker 4 processing task 15 requiring operations [4]
64 Worker 4 forwarding task 15
64 Worker 0 processing task 26 requiring operations [1, 10]
64 Worker 0 performing operation 1 on task 26
64 Worker 1 processing task 23 requiring operations [4, 2]
64 Worker 1 performing operation 2 on task 23
64 Worker 3 processing task 31 requiring operations [4, 9, 6]
64 Worker 3 performing operation 6 on task 31
64 Worker 2 processing task 19 requiring operations [10]
64 Worker 2 performing operation 10 on task 19
65 Worker 1 accepting task 15
65 Worker 0 accepting task 26
65 Worker 1 accepting task 23
65 Worker 3 accepting task 31
65 Task 19 completed!
65 Worker 4 processing task 28 requiring operations [2, 8]
65 Worker 4 forwarding task 28
65 Worker 0 processing task 25 requiring operations [7]
65 Worker 0 forwarding task 25
65 Worker 1 processing task 15 requiring operations [4]
65 Worker 1 forwarding task 15
65 Worker 3 processing task 31 requiring operations [4, 9]
65 Worker 3 performing operation 4 on task 31
65 Worker 2 processing task 22 requiring operations [10]
65 Worker 2 performing operation 10 on task 22
66 Generated task 33
66 Worker 0 accepting task 33
66 Worker 0 accepting task 28
66 Worker 1 accepting task 25
66 Worker 0 accepting task 15
66 Worker 3 accepting task 31
66 Task 22 completed!
66 Worker 4 processing task 30 requiring operations [1, 3, 7]
66 Worker 4 performing operation 7 on task 30
66 Worker 0 processing task 27 requiring operations [3]
66 Worker 0 performing operation 3 on task 27
66 Worker 1 processing task 23 requiring operations [4]
66 Worker 1 forwarding task 23
66 Worker 3 processing task 31 requiring operations [9]
66 Worker 3 forwarding task 31
67 Worker 4 accepting task 30
67 Task 27 completed!
67 Worker 0 accepting task 23
67 Worker 1 accepting task 31
67 Worker 4 processing task 24 requiring operations [2]
67 Worker 4 forwarding task 24
67 Worker 0 processing task 26 requiring operations [10]
67 Worker 0 forwarding task 26
67 Worker 1 processing task 25 requiring operations [7]
67 Worker 1 forwarding task 25
68 Generated task 34
68 Worker 2 accepting task 34
68 Worker 0 accepting task 24
68 Worker 2 accepting task 26
68 Worker 0 accepting task 25
68 Worker 4 processing task 29 requiring operations [2, 3]
68 Worker 4 forwarding task 29
68 Worker 0 processing task 33 requiring operations [3, 6, 2]
68 Worker 0 performing operation 3 on task 33
68 Worker 1 processing task 31 requiring operations [9]
68 Worker 1 performing operation 9 on task 31
68 Worker 2 processing task 34 requiring operations [4, 2, 6]
68 Worker 2 performing operation 6 on task 34
69 Worker 2 accepting task 29
69 Worker 0 accepting task 33
69 Task 31 completed!
69 Worker 2 accepting task 34
69 Worker 4 processing task 32 requiring operations [4, 1, 9]
69 Worker 4 forwarding task 32
69 Worker 0 processing task 28 requiring operations [2, 8]
69 Worker 0 forwarding task 28
69 Worker 2 processing task 26 requiring operations [10]
69 Worker 2 performing operation 10 on task 26
70 Generated task 35
70 Worker 3 accepting task 35
70 Worker 1 accepting task 32
70 Worker 3 accepting task 28
70 Task 26 completed!
70 Worker 4 processing task 21 requiring operations [4]
70 Worker 4 forwarding task 21
70 Worker 0 processing task 15 requiring operations [4]
70 Worker 0 forwarding task 15
70 Worker 2 processing task 29 requiring operations [2, 3]
70 Worker 2 forwarding task 29
70 Worker 3 processing task 35 requiring operations [1, 5, 2]
70 Worker 3 forwarding task 35
70 Worker 1 processing task 32 requiring operations [4, 1, 9]
70 Worker 1 performing operation 9 on task 32
71 Worker 3 accepting task 21
71 Worker 4 accepting task 15
71 Worker 3 accepting task 29
71 Worker 4 accepting task 35
71 Worker 1 accepting task 32
71 Worker 4 processing task 30 requiring operations [1, 3]
71 Worker 4 forwarding task 30
71 Worker 0 processing task 23 requiring operations [4]
71 Worker 0 forwarding task 23
71 Worker 2 processing task 34 requiring operations [4, 2]
71 Worker 2 forwarding task 34
71 Worker 3 processing task 28 requiring operations [2, 8]
71 Worker 3 forwarding task 28
71 Worker 1 processing task 32 requiring operations [4, 1]
71 Worker 1 forwarding task 32
72 Generated task 36
72 Worker 3 accepting task 36
72 Worker 3 accepting task 30
72 Worker 1 accepting task 23
72 Worker 1 accepting task 34
72 Worker 0 accepting task 28
72 Worker 2 accepting task 32
72 Worker 4 processing task 15 requiring operations [4]
72 Worker 4 forwarding task 15
72 Worker 0 processing task 24 requiring operations [2]
72 Worker 0 forwarding task 24
72 Worker 3 processing task 21 requiring operations [4]
72 Worker 3 performing operation 4 on task 21
72 Worker 1 processing task 23 requiring operations [4]
72 Worker 1 forwarding task 23
72 Worker 2 processing task 32 requiring operations [4, 1]
72 Worker 2 performing operation 1 on task 32
73 Worker 2 accepting task 15
73 Worker 3 accepting task 24
73 Task 21 completed!
73 Worker 2 accepting task 23
73 Worker 2 accepting task 32
73 Worker 4 processing task 35 requiring operations [1, 5, 2]
73 Worker 4 forwarding task 35
73 Worker 0 processing task 25 requiring operations [7]
73 Worker 0 forwarding task 25
73 Worker 3 processing task 29 requiring operations [2, 3]
73 Worker 3 forwarding task 29
73 Worker 1 processing task 34 requiring operations [4, 2]
73 Worker 1 performing operation 2 on task 34
73 Worker 2 processing task 15 requiring operations [4]
73 Worker 2 forwarding task 15
74 Generated task 37
74 Worker 1 accepting task 37
74 Worker 0 accepting task 35
74 Worker 3 accepting task 25
74 Worker 2 accepting task 29
74 Worker 1 accepting task 34
74 Worker 4 accepting task 15
74 Worker 0 processing task 33 requiring operations [6, 2]
74 Worker 0 forwarding task 33
74 Worker 3 processing task 36 requiring operations [6, 2, 9]
74 Worker 3 performing operation 6 on task 36
74 Worker 1 processing task 37 requiring operations [5, 9, 10]
74 Worker 1 performing operation 9 on task 37
74 Worker 2 processing task 23 requiring operations [4]
74 Worker 2 forwarding task 23
74 Worker 4 processing task 15 requiring operations [4]
74 Worker 4 forwarding task 15
75 Worker 1 accepting task 33
75 Worker 3 accepting task 36
75 Worker 1 accepting task 37
75 Worker 3 accepting task 23
75 Worker 1 accepting task 15
75 Worker 0 processing task 28 requiring operations [2, 8]
75 Worker 0 forwarding task 28
75 Worker 3 processing task 30 requiring operations [1, 3]
75 Worker 3 forwarding task 30
75 Worker 1 processing task 34 requiring operations [4]
75 Worker 1 forwarding task 34
75 Worker 2 processing task 32 requiring operations [4]
75 Worker 2 forwarding task 32
76 Generated task 38
76 Worker 4 accepting task 38
76 Worker 2 accepting task 28
76 Worker 0 accepting task 30
76 Worker 4 accepting task 34
76 Worker 3 accepting task 32
76 Worker 0 processing task 35 requiring operations [1, 5, 2]
76 Worker 0 performing operation 1 on task 35
76 Worker 3 processing task 24 requiring operations [2]
76 Worker 3 forwarding task 24
76 Worker 1 processing task 33 requiring operations [6, 2]
76 Worker 1 performing operation 2 on task 33
76 Worker 2 processing task 29 requiring operations [2, 3]
76 Worker 2 forwarding task 29
76 Worker 4 processing task 38 requiring operations [6, 2, 4]
76 Worker 4 forwarding task 38
77 Worker 0 accepting task 35
77 Worker 1 accepting task 24
77 Worker 1 accepting task 33
77 Worker 1 accepting task 29
77 Worker 0 accepting task 38
77 Worker 0 processing task 30 requiring operations [1, 3]
77 Worker 0 performing operation 1 on task 30
77 Worker 3 processing task 25 requiring operations [7]
77 Worker 3 forwarding task 25
77 Worker 1 processing task 37 requiring operations [5, 10]
77 Worker 1 forwarding task 37
77 Worker 2 processing task 28 requiring operations [2, 8]
77 Worker 2 performing operation 8 on task 28
77 Worker 4 processing task 34 requiring operations [4]
77 Worker 4 forwarding task 34
78 Generated task 39
78 Worker 3 accepting task 39
78 Worker 0 accepting task 30
78 Worker 4 accepting task 25
78 Worker 2 accepting task 37
78 Worker 2 accepting task 28
78 Worker 0 accepting task 34
78 Worker 0 processing task 35 requiring operations [5, 2]
78 Worker 0 performing operation 5 on task 35
78 Worker 3 processing task 36 requiring operations [2, 9]
78 Worker 3 forwarding task 36
78 Worker 1 processing task 15 requiring operations [4]
78 Worker 1 forwarding task 15
78 Worker 2 processing task 37 requiring operations [5, 10]
78 Worker 2 performing operation 10 on task 37
78 Worker 4 processing task 25 requiring operations [7]
78 Worker 4 performing operation 7 on task 25
79 Worker 0 accepting task 35
79 Worker 1 accepting task 36
79 Worker 2 accepting task 15
79 Worker 2 accepting task 37
79 Task 25 completed!
79 Worker 0 processing task 38 requiring operations [6, 2, 4]
79 Worker 0 forwarding task 38
79 Worker 3 processing task 23 requiring operations [4]
79 Worker 3 performing operation 4 on task 23
79 Worker 1 processing task 24 requiring operations [2]
79 Worker 1 performing operation 2 on task 24
79 Worker 2 processing task 28 requiring operations [2]
79 Worker 2 forwarding task 28
80 Generated task 40
80 Worker 0 accepting task 40
80 Worker 4 accepting task 38
80 Task 23 completed!
80 Task 24 completed!
80 Worker 3 accepting task 28
80 Worker 0 processing task 30 requiring operations [3]
80 Worker 0 performing operation 3 on task 30
80 Worker 3 processing task 32 requiring operations [4]
80 Worker 3 performing operation 4 on task 32
80 Worker 1 processing task 33 requiring operations [6]
80 Worker 1 forwarding task 33
80 Worker 2 processing task 15 requiring operations [4]
80 Worker 2 forwarding task 15
80 Worker 4 processing task 38 requiring operations [6, 2, 4]
80 Worker 4 forwarding task 38
81 Task 30 completed!
81 Task 32 completed!
81 Worker 0 accepting task 33
81 Worker 4 accepting task 15
81 Worker 1 accepting task 38
81 Worker 0 processing task 34 requiring operations [4]
81 Worker 0 forwarding task 34
81 Worker 3 processing task 39 requiring operations [7, 2, 8]
81 Worker 3 forwarding task 39
81 Worker 1 processing task 29 requiring operations [2, 3]
81 Worker 1 performing operation 2 on task 29
81 Worker 2 processing task 37 requiring operations [5]
81 Worker 2 forwarding task 37
81 Worker 4 processing task 15 requiring operations [4]
81 Worker 4 forwarding task 15
82 Generated task 41
82 Worker 1 accepting task 41
82 Worker 3 accepting task 34
82 Worker 0 accepting task 39
82 Worker 1 accepting task 29
82 Worker 1 accepting task 37
82 Worker 2 accepting task 15
82 Worker 0 processing task 35 requiring operations [2]
82 Worker 0 forwarding task 35
82 Worker 3 processing task 28 requiring operations [2]
82 Worker 3 forwarding task 28
82 Worker 1 processing task 36 requiring operations [2, 9]
82 Worker 1 performing operation 2 on task 36
82 Worker 2 processing task 15 requiring operations [4]
82 Worker 2 forwarding task 15
83 Worker 4 accepting task 35
83 Worker 4 accepting task 28
83 Worker 1 accepting task 36
83 Worker 3 accepting task 15
83 Worker 0 processing task 40 requiring operations [1, 4, 10]
83 Worker 0 performing operation 1 on task 40
83 Worker 3 processing task 34 requiring operations [4]
83 Worker 3 performing operation 4 on task 34
83 Worker 1 processing task 38 requiring operations [6, 2, 4]
83 Worker 1 performing operation 2 on task 38
83 Worker 4 processing task 35 requiring operations [2]
83 Worker 4 forwarding task 35
84 Generated task 42
84 Worker 0 accepting task 42
84 Worker 0 accepting task 40
84 Task 34 completed!
84 Worker 1 accepting task 38
84 Worker 1 accepting task 35
84 Worker 0 processing task 33 requiring operations [6]
84 Worker 0 forwarding task 33
84 Worker 3 processing task 15 requiring operations [4]
84 Worker 3 performing operation 4 on task 15
84 Worker 1 processing task 41 requiring operations [2, 8, 4]
84 Worker 1 performing operation 2 on task 41
84 Worker 4 processing task 28 requiring operations [2]
84 Worker 4 forwarding task 28
85 Worker 4 accepting task 33
85 Task 15 completed!
85 Worker 1 accepting task 41
85 Worker 2 accepting task 28
85 Worker 0 processing task 39 requiring operations [7, 2, 8]
85 Worker 0 forwarding task 39
85 Worker 1 processing task 29 requiring operations [3]
85 Worker 1 forwarding task 29
85 Worker 4 processing task 33 requiring operations [6]
85 Worker 4 forwarding task 33
85 Worker 2 processing task 28 requiring operations [2]
85 Worker 2 forwarding task 28
86 Generated task 43
86 Worker 4 accepting task 43
86 Worker 4 accepting task 39
86 Worker 4 accepting task 29
86 Worker 3 accepting task 33
86 Worker 0 accepting task 28
86 Worker 0 processing task 42 requiring operations [6, 9, 10]
86 Worker 0 forwarding task 42
86 Worker 1 processing task 37 requiring operations [5]
86 Worker 1 forwarding task 37
86 Worker 4 processing task 43 requiring operations [9, 7, 3]
86 Worker 4 performing operation 7 on task 43
86 Worker 3 processing task 33 requiring operations [6]
86 Worker 3 performing operation 6 on task 33
87 Worker 2 accepting task 42
87 Worker 0 accepting task 37
87 Worker 4 accepting task 43
87 Task 33 completed!
87 Worker 0 processing task 40 requiring operations [4, 10]
87 Worker 0 forwarding task 40
87 Worker 1 processing task 36 requiring operations [9]
87 Worker 1 performing operation 9 on task 36
87 Worker 4 processing task 39 requiring operations [7, 2, 8]
87 Worker 4 performing operation 7 on task 39
87 Worker 2 processing task 42 requiring operations [6, 9, 10]
87 Worker 2 performing operation 10 on task 42
88 Generated task 44
88 Worker 0 accepting task 44
88 Worker 2 accepting task 40
88 Task 36 completed!
88 Worker 4 accepting task 39
88 Worker 2 accepting task 42
88 Worker 0 processing task 28 requiring operations [2]
88 Worker 0 forwarding task 28
88 Worker 1 processing task 38 requiring operations [6, 4]
88 Worker 1 forwarding task 38
88 Worker 4 processing task 29 requiring operations [3]
88 Worker 4 forwarding task 29
88 Worker 2 processing task 40 requiring operations [4, 10]
88 Worker 2 performing operation 10 on task 40
89 Worker 1 accepting task 28
89 Worker 2 accepting task 38
89 Worker 1 accepting task 29
89 Worker 2 accepting task 40
89 Worker 0 processing task 37 requiring operations [5]
89 Worker 0 performing operation 5 on task 37
89 Worker 1 processing task 35 requiring operations [2]
89 Worker 1 performing operation 2 on task 35
89 Worker 4 processing task 43 requiring operations [9, 3]
89 Worker 4 forwarding task 43
89 Worker 2 processing task 42 requiring operations [6, 9]
89 Worker 2 performing operation 6 on task 42
90 Generated task 45
90 Worker 3 accepting task 45
90 Task 37 completed!
90 Task 35 completed!
90 Worker 2 accepting task 43
90 Worker 2 accepting task 42
90 Worker 0 processing task 44 requiring operations [4, 10, 7]
90 Worker 0 forwarding task 44
90 Worker 1 processing task 41 requiring operations [8, 4]
90 Worker 1 performing operation 8 on task 41
90 Worker 4 processing task 39 requiring operations [2, 8]
90 Worker 4 forwarding task 39
90 Worker 2 processing task 38 requiring operations [6, 4]
90 Worker 2 performing operation 6 on task 38
90 Worker 3 processing task 45 requiring operations [1, 10, 8]
90 Worker 3 forwarding task 45
91 Worker 1 accepting task 44
91 Worker 1 accepting task 41
91 Worker 2 accepting task 39
91 Worker 2 accepting task 38
91 Worker 1 accepting task 45
91 Worker 1 processing task 28 requiring operations [2]
91 Worker 1 performing operation 2 on task 28
91 Worker 2 processing task 40 requiring operations [4]
91 Worker 2 forwarding task 40
92 Generated task 46
92 Worker 3 accepting task 46
92 Task 28 completed!
92 Worker 3 accepting task 40
92 Worker 1 processing task 29 requiring operations [3]
92 Worker 1 forwarding task 29
92 Worker 2 processing task 43 requiring operations [9, 3]
92 Worker 2 forwarding task 43
92 Worker 3 processing task 46 requiring operations [3, 5, 9]
92 Worker 3 forwarding task 46
93 Worker 0 accepting task 29
93 Worker 1 accepting task 43
93 Worker 4 accepting task 46
93 Worker 1 processing task 44 requiring operations [4, 10, 7]
93 Worker 1 forwarding task 44
93 Worker 2 processing task 42 requiring operations [9]
93 Worker 2 forwarding task 42
93 Worker 3 processing task 40 requiring operations [4]
93 Worker 3 performing operation 4 on task 40
93 Worker 0 processing task 29 requiring operations [3]
93 Worker 0 performing operation 3 on task 29
93 Worker 4 processing task 46 requiring operations [3, 5, 9]
93 Worker 4 forwarding task 46
94 Generated task 47
94 Worker 1 accepting task 47
94 Worker 0 accepting task 44
94 Worker 0 accepting task 42
94 Task 40 completed!
94 Task 29 completed!
94 Worker 1 accepting task 46
94 Worker 1 processing task 41 requiring operations [4]
94 Worker 1 forwarding task 41
94 Worker 2 processing task 39 requiring operations [2, 8]
94 Worker 2 performing operation 8 on task 39
94 Worker 0 processing task 44 requiring operations [4, 10, 7]
94 Worker 0 forwarding task 44
95 Worker 4 accepting task 41
95 Worker 2 accepting task 39
95 Worker 3 accepting task 44
95 Worker 1 processing task 45 requiring operations [1, 10, 8]
95 Worker 1 performing operation 8 on task 45
95 Worker 2 processing task 38 requiring operations [4]
95 Worker 2 forwarding task 38
95 Worker 0 processing task 42 requiring operations [9]
95 Worker 0 forwarding task 42
95 Worker 4 processing task 41 requiring operations [4]
95 Worker 4 forwarding task 41
95 Worker 3 processing task 44 requiring operations [4, 10, 7]
95 Worker 3 performing operation 4 on task 44
96 Generated task 48
96 Worker 0 accepting task 48
96 Worker 1 accepting task 45
96 Worker 3 accepting task 38
96 Worker 1 accepting task 42
96 Worker 0 accepting task 41
96 Worker 3 accepting task 44
96 Worker 1 processing task 43 requiring operations [9, 3]
96 Worker 1 performing operation 9 on task 43
96 Worker 2 processing task 39 requiring operations [2]
96 Worker 2 forwarding task 39
96 Worker 0 processing task 48 requiring operations [2, 5, 3]
96 Worker 0 performing operation 5 on task 48
96 Worker 3 processing task 38 requiring operations [4]
96 Worker 3 performing operation 4 on task 38
97 Worker 1 accepting task 43
97 Worker 3 accepting task 39
97 Worker 0 accepting task 48
97 Task 38 completed!
97 Worker 1 processing task 47 requiring operations [5, 4, 8]
97 Worker 1 performing operation 8 on task 47
97 Worker 0 processing task 41 requiring operations [4]
97 Worker 0 forwarding task 41
97 Worker 3 processing task 44 requiring operations [10, 7]
97 Worker 3 forwarding task 44
98 Generated task 49
98 Worker 2 accepting task 49
98 Worker 1 accepting task 47
98 Worker 4 accepting task 41
98 Worker 2 accepting task 44
98 Worker 1 processing task 46 requiring operations [3, 5, 9]
98 Worker 1 performing operation 9 on task 46
98 Worker 0 processing task 48 requiring operations [2, 3]
98 Worker 0 performing operation 3 on task 48
98 Worker 3 processing task 39 requiring operations [2]
98 Worker 3 forwarding task 39
98 Worker 2 processing task 49 requiring operations [8, 7, 10]
98 Worker 2 performing operation 7 on task 49
98 Worker 4 processing task 41 requiring operations [4]
98 Worker 4 forwarding task 41
99 Worker 1 accepting task 46
99 Worker 0 accepting task 48
99 Worker 1 accepting task 39
99 Worker 2 accepting task 49
99 Worker 2 accepting task 41
99 Worker 1 processing task 45 requiring operations [1, 10]
99 Worker 1 forwarding task 45
99 Worker 0 processing task 48 requiring operations [2]
99 Worker 0 forwarding task 48
99 Worker 2 processing task 44 requiring operations [10, 7]
99 Worker 2 performing operation 10 on task 44
100 Generated task 50
100 Worker 3 accepting task 50
100 Worker 4 accepting task 45
100 Worker 3 accepting task 48
100 Worker 2 accepting task 44
100 Worker 1 processing task 42 requiring operations [9]
100 Worker 1 performing operation 9 on task 42
100 Worker 2 processing task 49 requiring operations [8, 10]
100 Worker 2 performing operation 8 on task 49
100 Worker 3 processing task 50 requiring operations [7, 5, 6]
100 Worker 3 performing operation 6 on task 50
100 Worker 4 processing task 45 requiring operations [1, 10]
100 Worker 4 forwarding task 45
101 Task 42 completed!
101 Worker 2 accepting task 49
101 Worker 3 accepting task 50
101 Worker 3 accepting task 45
101 Worker 1 processing task 43 requiring operations [3]
101 Worker 1 forwarding task 43
101 Worker 2 processing task 41 requiring operations [4]
101 Worker 2 forwarding task 41
101 Worker 3 processing task 48 requiring operations [2]
101 Worker 3 forwarding task 48
102 Generated task 51
102 Worker 3 accepting task 51
102 Worker 2 accepting task 43
102 Worker 3 accepting task 41
102 Worker 0 accepting task 48
102 Worker 1 processing task 47 requiring operations [5, 4]
102 Worker 1 forwarding task 47
102 Worker 2 processing task 44 requiring operations [7]
102 Worker 2 performing operation 7 on task 44
102 Worker 3 processing task 50 requiring operations [7, 5]
102 Worker 3 forwarding task 50
102 Worker 0 processing task 48 requiring operations [2]
102 Worker 0 forwarding task 48
103 Worker 0 accepting task 47
103 Task 44 completed!
103 Worker 1 accepting task 50
103 Worker 3 accepting task 48
103 Worker 1 processing task 46 requiring operations [3, 5]
103 Worker 1 forwarding task 46
103 Worker 2 processing task 49 requiring operations [10]
103 Worker 2 performing operation 10 on task 49
103 Worker 3 processing task 45 requiring operations [1, 10]
103 Worker 3 forwarding task 45
103 Worker 0 processing task 47 requiring operations [5, 4]
103 Worker 0 performing operation 5 on task 47
104 Generated task 52
104 Worker 0 accepting task 52
104 Worker 0 accepting task 46
104 Task 49 completed!
104 Worker 0 accepting task 45
104 Worker 0 accepting task 47
104 Worker 1 processing task 39 requiring operations [2]
104 Worker 1 performing operation 2 on task 39
104 Worker 2 processing task 43 requiring operations [3]
104 Worker 2 forwarding task 43
104 Worker 3 processing task 51 requiring operations [1, 7, 5]
104 Worker 3 forwarding task 51
104 Worker 0 processing task 52 requiring operations [10, 4, 7]
104 Worker 0 forwarding task 52
105 Task 39 completed!
105 Worker 1 accepting task 43
105 Worker 2 accepting task 51
105 Worker 4 accepting task 52
105 Worker 1 processing task 50 requiring operations [7, 5]
105 Worker 1 forwarding task 50
105 Worker 3 processing task 41 requiring operations [4]
105 Worker 3 performing operation 4 on task 41
105 Worker 0 processing task 46 requiring operations [3, 5]
105 Worker 0 performing operation 3 on task 46
105 Worker 2 processing task 51 requiring operations [1, 7, 5]
105 Worker 2 performing operation 7 on task 51
105 Worker 4 processing task 52 requiring operations [10, 4, 7]
105 Worker 4 performing operation 7 on task 52
106 Generated task 53
106 Worker 4 accepting task 53
106 Worker 2 accepting task 50
106 Task 41 completed!
106 Worker 0 accepting task 46
106 Worker 2 accepting task 51
106 Worker 4 accepting task 52
106 Worker 1 processing task 43 requiring operations [3]
106 Worker 1 forwarding task 43
106 Worker 3 processing task 48 requiring operations [2]
106 Worker 3 forwarding task 48
106 Worker 0 processing task 45 requiring operations [1, 10]
106 Worker 0 performing operation 1 on task 45
106 Worker 2 processing task 50 requiring operations [7, 5]
106 Worker 2 performing operation 7 on task 50
106 Worker 4 processing task 53 requiring operations [10, 5, 2]
106 Worker 4 forwarding task 53
107 Worker 3 accepting task 43
107 Worker 2 accepting task 48
107 Worker 0 accepting task 45
107 Worker 2 accepting task 50
107 Worker 3 accepting task 53
107 Worker 3 processing task 43 requiring operations [3]
107 Worker 3 forwarding task 43
107 Worker 0 processing task 47 requiring operations [4]
107 Worker 0 forwarding task 47
107 Worker 2 processing task 51 requiring operations [1, 5]
107 Worker 2 performing operation 1 on task 51
107 Worker 4 processing task 52 requiring operations [10, 4]
107 Worker 4 forwarding task 52
108 Generated task 54
108 Worker 1 accepting task 54
108 Worker 1 accepting task 43
108 Worker 2 accepting task 47
108 Worker 2 accepting task 51
108 Worker 0 accepting task 52
108 Worker 3 processing task 53 requiring operations [10, 5, 2]
108 Worker 3 forwarding task 53
108 Worker 0 processing task 46 requiring operations [5]
108 Worker 0 performing operation 5 on task 46
108 Worker 2 processing task 48 requiring operations [2]
108 Worker 2 forwarding task 48
108 Worker 1 processing task 54 requiring operations [3, 4, 2]
108 Worker 1 performing operation 2 on task 54
109 Worker 4 accepting task 53
109 Task 46 completed!
109 Worker 1 accepting task 48
109 Worker 1 accepting task 54
109 Worker 0 processing task 45 requiring operations [10]
109 Worker 0 forwarding task 45
109 Worker 2 processing task 50 requiring operations [5]
109 Worker 2 forwarding task 50
109 Worker 1 processing task 43 requiring operations [3]
109 Worker 1 forwarding task 43
109 Worker 4 processing task 53 requiring operations [10, 5, 2]
109 Worker 4 forwarding task 53
110 Generated task 55
110 Worker 1 accepting task 55
110 Worker 3 accepting task 45
110 Worker 1 accepting task 50
110 Worker 0 accepting task 43
110 Worker 3 accepting task 53
110 Worker 0 processing task 52 requiring operations [10, 4]
110 Worker 0 forwarding task 52
110 Worker 2 processing task 47 requiring operations [4]
110 Worker 2 forwarding task 47
110 Worker 1 processing task 48 requiring operations [2]
110 Worker 1 performing operation 2 on task 48
110 Worker 3 processing task 45 requiring operations [10]
110 Worker 3 forwarding task 45
111 Worker 2 accepting task 52
111 Worker 1 accepting task 47
111 Task 48 completed!
111 Worker 1 accepting task 45
111 Worker 0 processing task 43 requiring operations [3]
111 Worker 0 performing operation 3 on task 43
111 Worker 2 processing task 51 requiring operations [5]
111 Worker 2 forwarding task 51
111 Worker 1 processing task 54 requiring operations [3, 4]
111 Worker 1 forwarding task 54
111 Worker 3 processing task 53 requiring operations [10, 5, 2]
111 Worker 3 forwarding task 53
112 Generated task 56
112 Worker 4 accepting task 56
112 Task 43 completed!
112 Worker 1 accepting task 51
112 Worker 2 accepting task 54
112 Worker 0 accepting task 53
112 Worker 2 processing task 52 requiring operations [10, 4]
112 Worker 2 performing operation 10 on task 52
112 Worker 1 processing task 55 requiring operations [2, 7, 6]
112 Worker 1 performing operation 2 on task 55
112 Worker 4 processing task 56 requiring operations [7, 2, 9]
112 Worker 4 performing operation 7 on task 56
112 Worker 0 processing task 53 requiring operations [10, 5, 2]
112 Worker 0 performing operation 5 on task 53
113 Worker 2 accepting task 52
113 Worker 1 accepting task 55
113 Worker 4 accepting task 56
113 Worker 0 accepting task 53
113 Worker 2 processing task 54 requiring operations [3, 4]
113 Worker 2 forwarding task 54
113 Worker 1 processing task 50 requiring operations [5]
113 Worker 1 forwarding task 50
113 Worker 4 processing task 56 requiring operations [2, 9]
113 Worker 4 forwarding task 56
113 Worker 0 processing task 53 requiring operations [10, 2]
113 Worker 0 forwarding task 53
114 Generated task 57
114 Worker 2 accepting task 57
114 Worker 4 accepting task 54
114 Worker 2 accepting task 50
114 Worker 3 accepting task 56
114 Worker 4 accepting task 53
114 Worker 2 processing task 52 requiring operations [4]
114 Worker 2 forwarding task 52
114 Worker 1 processing task 47 requiring operations [4]
114 Worker 1 forwarding task 47
114 Worker 4 processing task 54 requiring operations [3, 4]
114 Worker 4 forwarding task 54
114 Worker 3 processing task 56 requiring operations [2, 9]
114 Worker 3 forwarding task 56
115 Worker 3 accepting task 52
115 Worker 0 accepting task 47
115 Worker 1 accepting task 54
115 Worker 4 accepting task 56
115 Worker 2 processing task 57 requiring operations [10, 6, 2]
115 Worker 2 performing operation 10 on task 57
115 Worker 1 processing task 45 requiring operations [10]
115 Worker 1 forwarding task 45
115 Worker 4 processing task 53 requiring operations [10, 2]
115 Worker 4 forwarding task 53
115 Worker 3 processing task 52 requiring operations [4]
115 Worker 3 performing operation 4 on task 52
115 Worker 0 processing task 47 requiring operations [4]
115 Worker 0 forwarding task 47
116 Generated task 58
116 Worker 2 accepting task 58
116 Worker 2 accepting task 57
116 Worker 3 accepting task 45
116 Worker 0 accepting task 53
116 Task 52 completed!
116 Worker 3 accepting task 47
116 Worker 2 processing task 50 requiring operations [5]
116 Worker 2 forwarding task 50
116 Worker 1 processing task 51 requiring operations [5]
116 Worker 1 forwarding task 51
116 Worker 4 processing task 56 requiring operations [2, 9]
116 Worker 4 forwarding task 56
116 Worker 3 processing task 45 requiring operations [10]
116 Worker 3 forwarding task 45
116 Worker 0 processing task 53 requiring operations [10, 2]
116 Worker 0 forwarding task 53
117 Worker 0 accepting task 50
117 Worker 0 accepting task 51
117 Worker 3 accepting task 56
117 Worker 4 accepting task 45
117 Worker 2 accepting task 53
117 Worker 2 processing task 58 requiring operations [7, 9, 4]
117 Worker 2 performing operation 7 on task 58
117 Worker 1 processing task 55 requiring operations [7, 6]
117 Worker 1 forwarding task 55
117 Worker 3 processing task 47 requiring operations [4]
117 Worker 3 performing operation 4 on task 47
117 Worker 0 processing task 50 requiring operations [5]
117 Worker 0 performing operation 5 on task 50
117 Worker 4 processing task 45 requiring operations [10]
117 Worker 4 forwarding task 45
118 Generated task 59
118 Worker 2 accepting task 59
118 Worker 2 accepting task 58
118 Worker 4 accepting task 55
118 Task 47 completed!
118 Task 50 completed!
118 Worker 1 accepting task 45
118 Worker 2 processing task 57 requiring operations [6, 2]
118 Worker 2 performing operation 6 on task 57
118 Worker 1 processing task 54 requiring operations [3, 4]
118 Worker 1 forwarding task 54
118 Worker 3 processing task 56 requiring operations [2, 9]
118 Worker 3 forwarding task 56
118 Worker 0 processing task 51 requiring operations [5]
118 Worker 0 performing operation 5 on task 51
118 Worker 4 processing task 55 requiring operations [7, 6]
118 Worker 4 performing operation 7 on task 55
119 Worker 2 accepting task 57
119 Worker 2 accepting task 54
119 Worker 4 accepting task 56
119 Task 51 completed!
119 Worker 4 accepting task 55
119 Worker 2 processing task 53 requiring operations [10, 2]
119 Worker 2 performing operation 10 on task 53
119 Worker 1 processing task 45 requiring operations [10]
119 Worker 1 forwarding task 45
119 Worker 4 processing task 56 requiring operations [2, 9]
119 Worker 4 forwarding task 56
120 Generated task 60
120 Worker 1 accepting task 60
120 Worker 2 accepting task 53
120 Worker 0 accepting task 45
120 Worker 0 accepting task 56
120 Worker 2 processing task 59 requiring operations [5, 7, 9]
120 Worker 2 performing operation 7 on task 59
120 Worker 1 processing task 60 requiring operations [6, 10, 5]
120 Worker 1 forwarding task 60
120 Worker 4 processing task 55 requiring operations [6]
120 Worker 4 forwarding task 55
120 Worker 0 processing task 45 requiring operations [10]
120 Worker 0 forwarding task 45
121 Worker 2 accepting task 59
121 Worker 2 accepting task 60
121 Worker 2 accepting task 55
121 Worker 1 accepting task 45
121 Worker 2 processing task 58 requiring operations [9, 4]
121 Worker 2 forwarding task 58
121 Worker 0 processing task 56 requiring operations [2, 9]
121 Worker 0 forwarding task 56
121 Worker 1 processing task 45 requiring operations [10]
121 Worker 1 forwarding task 45
122 Generated task 61
122 Worker 0 accepting task 61
122 Worker 3 accepting task 58
122 Worker 4 accepting task 56
122 Worker 2 accepting task 45
122 Worker 2 processing task 57 requiring operations [2]
122 Worker 2 forwarding task 57
122 Worker 0 processing task 61 requiring operations [4, 9, 6]
122 Worker 0 forwarding task 61
122 Worker 3 processing task 58 requiring operations [9, 4]
122 Worker 3 performing operation 4 on task 58
122 Worker 4 processing task 56 requiring operations [2, 9]
122 Worker 4 forwarding task 56
123 Worker 4 accepting task 57
123 Worker 4 accepting task 61
123 Worker 3 accepting task 58
123 Worker 1 accepting task 56
123 Worker 2 processing task 54 requiring operations [3, 4]
123 Worker 2 forwarding task 54
123 Worker 3 processing task 58 requiring operations [9]
123 Worker 3 forwarding task 58
123 Worker 4 processing task 57 requiring operations [2]
123 Worker 4 forwarding task 57
123 Worker 1 processing task 56 requiring operations [2, 9]
123 Worker 1 performing operation 9 on task 56
124 Generated task 62
124 Worker 3 accepting task 62
124 Worker 1 accepting task 54
124 Worker 2 accepting task 58
124 Worker 1 accepting task 57
124 Worker 1 accepting task 56
124 Worker 2 processing task 53 requiring operations [2]
124 Worker 2 forwarding task 53
124 Worker 3 processing task 62 requiring operations [2, 4, 3]
124 Worker 3 performing operation 4 on task 62
124 Worker 4 processing task 61 requiring operations [4, 9, 6]
124 Worker 4 forwarding task 61
124 Worker 1 processing task 54 requiring operations [3, 4]
124 Worker 1 forwarding task 54
125 Worker 1 accepting task 53
125 Worker 3 accepting task 62
125 Worker 0 accepting task 61
125 Worker 2 accepting task 54
125 Worker 2 processing task 59 requiring operations [5, 9]
125 Worker 2 forwarding task 59
125 Worker 3 processing task 62 requiring operations [2, 3]
125 Worker 3 forwarding task 62
125 Worker 1 processing task 57 requiring operations [2]
125 Worker 1 performing operation 2 on task 57
125 Worker 0 processing task 61 requiring operations [4, 9, 6]
125 Worker 0 forwarding task 61
126 Generated task 63
126 Worker 3 accepting task 63
126 Worker 1 accepting task 59
126 Worker 0 accepting task 62
126 Task 57 completed!
126 Worker 4 accepting task 61
126 Worker 2 processing task 60 requiring operations [6, 10, 5]
126 Worker 2 performing operation 10 on task 60
126 Worker 3 processing task 63 requiring operations [8, 1, 2]
126 Worker 3 forwarding task 63
126 Worker 1 processing task 56 requiring operations [2]
126 Worker 1 performing operation 2 on task 56
126 Worker 0 processing task 62 requiring operations [2, 3]
126 Worker 0 performing operation 3 on task 62
126 Worker 4 processing task 61 requiring operations [4, 9, 6]
126 Worker 4 forwarding task 61
127 Worker 2 accepting task 60
127 Worker 2 accepting task 63
127 Task 56 completed!
127 Worker 0 accepting task 62
127 Worker 3 accepting task 61
127 Worker 2 processing task 55 requiring operations [6]
127 Worker 2 performing operation 6 on task 55
127 Worker 1 processing task 53 requiring operations [2]
127 Worker 1 performing operation 2 on task 53
127 Worker 0 processing task 62 requiring operations [2]
127 Worker 0 forwarding task 62
127 Worker 3 processing task 61 requiring operations [4, 9, 6]
127 Worker 3 performing operation 6 on task 61
128 Generated task 64
128 Worker 2 accepting task 64
128 Task 55 completed!
128 Task 53 completed!
128 Worker 2 accepting task 62
128 Worker 3 accepting task 61
128 Worker 2 processing task 45 requiring operations [10]
128 Worker 2 performing operation 10 on task 45
128 Worker 1 processing task 59 requiring operations [5, 9]
128 Worker 1 performing operation 9 on task 59
128 Worker 3 processing task 61 requiring operations [4, 9]
128 Worker 3 performing operation 4 on task 61
129 Task 45 completed!
129 Worker 1 accepting task 59
129 Worker 3 accepting task 61
129 Worker 2 processing task 58 requiring operations [9]
129 Worker 2 forwarding task 58
129 Worker 1 processing task 59 requiring operations [5]
129 Worker 1 forwarding task 59
129 Worker 3 processing task 61 requiring operations [9]
129 Worker 3 forwarding task 61
130 Generated task 65
130 Worker 0 accepting task 65
130 Worker 3 accepting task 58
130 Worker 3 accepting task 59
130 Worker 2 accepting task 61
130 Worker 2 processing task 54 requiring operations [3, 4]
130 Worker 2 forwarding task 54
130 Worker 3 processing task 58 requiring operations [9]
130 Worker 3 forwarding task 58
130 Worker 0 processing task 65 requiring operations [9, 6, 3]
130 Worker 0 performing operation 3 on task 65
131 Worker 3 accepting task 54
131 Worker 1 accepting task 58
131 Worker 0 accepting task 65
131 Worker 2 processing task 60 requiring operations [6, 5]
131 Worker 2 performing operation 6 on task 60
131 Worker 3 processing task 59 requiring operations [5]
131 Worker 3 forwarding task 59
131 Worker 0 processing task 65 requiring operations [9, 6]
131 Worker 0 forwarding task 65
131 Worker 1 processing task 58 requiring operations [9]
131 Worker 1 performing operation 9 on task 58
132 Generated task 66
132 Worker 3 accepting task 66
132 Worker 2 accepting task 60
132 Worker 1 accepting task 59
132 Worker 4 accepting task 65
132 Task 58 completed!
132 Worker 2 processing task 63 requiring operations [8, 1, 2]
132 Worker 2 performing operation 8 on task 63
132 Worker 3 processing task 54 requiring operations [3, 4]
132 Worker 3 performing operation 4 on task 54
132 Worker 1 processing task 59 requiring operations [5]
132 Worker 1 forwarding task 59
132 Worker 4 processing task 65 requiring operations [9, 6]
132 Worker 4 forwarding task 65
133 Worker 2 accepting task 63
133 Worker 3 accepting task 54
133 Worker 0 accepting task 59
133 Worker 1 accepting task 65
133 Worker 2 processing task 64 requiring operations [1, 2, 9]
133 Worker 2 performing operation 1 on task 64
133 Worker 3 processing task 66 requiring operations [6, 10, 7]
133 Worker 3 performing operation 6 on task 66
133 Worker 0 processing task 59 requiring operations [5]
133 Worker 0 performing operation 5 on task 59
133 Worker 1 processing task 65 requiring operations [9, 6]
133 Worker 1 performing operation 9 on task 65
134 Generated task 67
134 Worker 4 accepting task 67
134 Worker 2 accepting task 64
134 Worker 3 accepting task 66
134 Task 59 completed!
134 Worker 1 accepting task 65
134 Worker 2 processing task 62 requiring operations [2]
134 Worker 2 forwarding task 62
134 Worker 3 processing task 54 requiring operations [3]
134 Worker 3 forwarding task 54
134 Worker 1 processing task 65 requiring operations [6]
134 Worker 1 forwarding task 65
134 Worker 4 processing task 67 requiring operations [2, 10, 1]
134 Worker 4 forwarding task 67
135 Worker 0 accepting task 62
135 Worker 1 accepting task 54
135 Worker 4 accepting task 65
135 Worker 0 accepting task 67
135 Worker 2 processing task 61 requiring operations [9]
135 Worker 2 forwarding task 61
135 Worker 3 processing task 66 requiring operations [10, 7]
135 Worker 3 forwarding task 66
135 Worker 1 processing task 54 requiring operations [3]
135 Worker 1 forwarding task 54
135 Worker 4 processing task 65 requiring operations [6]
135 Worker 4 forwarding task 65
135 Worker 0 processing task 62 requiring operations [2]
135 Worker 0 forwarding task 62
136 Generated task 68
136 Worker 3 accepting task 68
136 Worker 1 accepting task 61
136 Worker 1 accepting task 66
136 Worker 3 accepting task 54
136 Worker 1 accepting task 65
136 Worker 1 accepting task 62
136 Worker 2 processing task 60 requiring operations [5]
136 Worker 2 forwarding task 60
136 Worker 3 processing task 68 requiring operations [2, 5, 9]
136 Worker 3 forwarding task 68
136 Worker 1 processing task 61 requiring operations [9]
136 Worker 1 performing operation 9 on task 61
136 Worker 0 processing task 67 requiring operations [2, 10, 1]
136 Worker 0 performing operation 1 on task 67
137 Worker 0 accepting task 60
137 Worker 0 accepting task 68
137 Task 61 completed!
137 Worker 0 accepting task 67
137 Worker 2 processing task 63 requiring operations [1, 2]
137 Worker 2 performing operation 1 on task 63
137 Worker 3 processing task 54 requiring operations [3]
137 Worker 3 forwarding task 54
137 Worker 1 processing task 66 requiring operations [10, 7]
137 Worker 1 forwarding task 66
137 Worker 0 processing task 60 requiring operations [5]
137 Worker 0 performing operation 5 on task 60
138 Generated task 69
138 Worker 2 accepting task 69
138 Worker 2 accepting task 63
138 Worker 4 accepting task 54
138 Worker 0 accepting task 66
138 Task 60 completed!
138 Worker 2 processing task 64 requiring operations [2, 9]
138 Worker 2 forwarding task 64
138 Worker 1 processing task 65 requiring operations [6]
138 Worker 1 forwarding task 65
138 Worker 0 processing task 68 requiring operations [2, 5, 9]
138 Worker 0 performing operation 5 on task 68
138 Worker 4 processing task 54 requiring operations [3]
138 Worker 4 forwarding task 54
139 Worker 1 accepting task 64
139 Worker 2 accepting task 65
139 Worker 0 accepting task 68
139 Worker 1 accepting task 54
139 Worker 2 processing task 69 requiring operations [10, 5, 2]
139 Worker 2 performing operation 10 on task 69
139 Worker 1 processing task 62 requiring operations [2]
139 Worker 1 performing operation 2 on task 62
139 Worker 0 processing task 67 requiring operations [2, 10]
139 Worker 0 forwarding task 67
140 Generated task 70
140 Worker 4 accepting task 70
140 Worker 2 accepting task 69
140 Task 62 completed!
140 Worker 2 accepting task 67
140 Worker 2 processing task 63 requiring operations [2]
140 Worker 2 forwarding task 63
140 Worker 1 processing task 64 requiring operations [2, 9]
140 Worker 1 performing operation 9 on task 64
140 Worker 0 processing task 66 requiring operations [10, 7]
140 Worker 0 forwarding task 66
140 Worker 4 processing task 70 requiring operations [8, 4, 5]
140 Worker 4 forwarding task 70
