Worker 0 can perform operations {10, 3}
Worker 1 can perform operations {9, 4}
Worker 2 can perform operations {2, 5, 6}
Worker 3 can perform operations {8, 3, 5}
Worker 4 can perform operations {1, 3, 6, 7}
Building network type full-connect
Worker 0 connecting to worker 1
Worker 0 connecting to worker 2
Worker 0 connecting to worker 3
Worker 0 connecting to worker 4
Worker 1 connecting to worker 0
Worker 1 connecting to worker 2
Worker 1 connecting to worker 3
Worker 1 connecting to worker 4
Worker 2 connecting to worker 0
Worker 2 connecting to worker 1
Worker 2 connecting to worker 3
Worker 2 connecting to worker 4
Worker 3 connecting to worker 0
Worker 3 connecting to worker 1
Worker 3 connecting to worker 2
Worker 3 connecting to worker 4
Worker 4 connecting to worker 0
Worker 4 connecting to worker 1
Worker 4 connecting to worker 2
Worker 4 connecting to worker 3
Entry nodes are [0, 1, 2, 3, 4]
0 Generated task 0
0 Worker 3 accepting task 0
0 Worker 3 processing task 0 requiring operations [3, 10, 1]
0 Worker 3 performing operation 3 on task 0
1 Worker 3 accepting task 0
1 Worker 3 processing task 0 requiring operations [10, 1]
1 Worker 3 forwarding task 0
2 Generated task 1
2 Worker 3 accepting task 1
2 Worker 1 accepting task 0
2 Worker 3 processing task 1 requiring operations [4, 8, 9]
2 Worker 3 performing operation 8 on task 1
2 Worker 1 processing task 0 requiring operations [10, 1]
2 Worker 1 forwarding task 0
3 Worker 3 accepting task 1
3 Worker 3 accepting task 0
3 Worker 3 processing task 1 requiring operations [4, 9]
3 Worker 3 forwarding task 1
4 Generated task 2
4 Worker 1 accepting task 2
4 Worker 0 accepting task 1
4 Worker 3 processing task 0 requiring operations [10, 1]
4 Worker 3 forwarding task 0
4 Worker 1 processing task 2 requiring operations [7, 1, 8]
4 Worker 1 forwarding task 2
4 Worker 0 processing task 1 requiring operations [4, 9]
4 Worker 0 forwarding task 1
5 Worker 0 accepting task 0
5 Worker 2 accepting task 2
5 Worker 2 accepting task 1
5 Worker 0 processing task 0 requiring operations [10, 1]
5 Worker 0 performing operation 10 on task 0
5 Worker 2 processing task 2 requiring operations [7, 1, 8]
5 Worker 2 forwarding task 2
6 Generated task 3
6 Worker 3 accepting task 3
6 Worker 0 accepting task 0
6 Worker 4 accepting task 2
6 Worker 0 processing task 0 requiring operations [1]
6 Worker 0 forwarding task 0
6 Worker 2 processing task 1 requiring operations [4, 9]
6 Worker 2 forwarding task 1
6 Worker 3 processing task 3 requiring operations [3, 7, 2]
6 Worker 3 performing operation 3 on task 3
6 Worker 4 processing task 2 requiring operations [7, 1, 8]
6 Worker 4 performing operation 1 on task 2
7 Worker 2 accepting task 0
7 Worker 4 accepting task 1
7 Worker 3 accepting task 3
7 Worker 4 accepting task 2
7 Worker 2 processing task 0 requiring operations [1]
7 Worker 2 forwarding task 0
7 Worker 3 processing task 3 requiring operations [7, 2]
7 Worker 3 forwarding task 3
7 Worker 4 processing task 1 requiring operations [4, 9]
7 Worker 4 forwarding task 1
8 Generated task 4
8 Worker 1 accepting task 4
8 Worker 4 accepting task 0
8 Worker 4 accepting task 3
8 Worker 0 accepting task 1
8 Worker 4 processing task 2 requiring operations [7, 8]
8 Worker 4 performing operation 7 on task 2
8 Worker 1 processing task 4 requiring operations [5, 8, 6]
8 Worker 1 forwarding task 4
8 Worker 0 processing task 1 requiring operations [4, 9]
8 Worker 0 forwarding task 1
9 Worker 4 accepting task 2
9 Worker 4 accepting task 4
9 Worker 4 accepting task 1
9 Worker 4 processing task 0 requiring operations [1]
9 Worker 4 performing operation 1 on task 0
10 Generated task 5
10 Worker 1 accepting task 5
10 Task 0 completed!
10 Worker 4 processing task 3 requiring operations [7, 2]
10 Worker 4 performing operation 7 on task 3
10 Worker 1 processing task 5 requiring operations [4, 7, 3]
10 Worker 1 performing operation 4 on task 5
11 Worker 4 accepting task 3
11 Worker 1 accepting task 5
11 Worker 4 processing task 2 requiring operations [8]
11 Worker 4 forwarding task 2
11 Worker 1 processing task 5 requiring operations [7, 3]
11 Worker 1 forwarding task 5
12 Generated task 6
12 Worker 2 accepting task 6
12 Worker 2 accepting task 2
12 Worker 2 accepting task 5
12 Worker 4 processing task 4 requiring operations [5, 8, 6]
12 Worker 4 performing operation 6 on task 4
12 Worker 2 processing task 6 requiring operations [10, 6, 1]
12 Worker 2 performing operation 6 on task 6
13 Worker 4 accepting task 4
13 Worker 2 accepting task 6
13 Worker 4 processing task 1 requiring operations [4, 9]
13 Worker 4 forwarding task 1
13 Worker 2 processing task 2 requiring operations [8]
13 Worker 2 forwarding task 2
14 Generated task 7
14 Worker 2 accepting task 7
14 Worker 3 accepting task 1
14 Worker 1 accepting task 2
14 Worker 4 processing task 3 requiring operations [2]
14 Worker 4 forwarding task 3
14 Worker 2 processing task 5 requiring operations [7, 3]
14 Worker 2 forwarding task 5
14 Worker 3 processing task 1 requiring operations [4, 9]
14 Worker 3 forwarding task 1
14 Worker 1 processing task 2 requiring operations [8]
14 Worker 1 forwarding task 2
15 Worker 2 accepting task 3
15 Worker 4 accepting task 5
15 Worker 0 accepting task 1
15 Worker 0 accepting task 2
15 Worker 4 processing task 4 requiring operations [5, 8]
15 Worker 4 forwarding task 4
15 Worker 2 processing task 6 requiring operations [10, 1]
15 Worker 2 forwarding task 6
15 Worker 0 processing task 1 requiring operations [4, 9]
15 Worker 0 forwarding task 1
16 Generated task 8
16 Worker 3 accepting task 8
16 Worker 3 accepting task 4
16 Worker 3 accepting task 6
16 Worker 3 accepting task 1
16 Worker 4 processing task 5 requiring operations [7, 3]
16 Worker 4 performing operation 3 on task 5
16 Worker 2 processing task 7 requiring operations [1, 6, 10]
16 Worker 2 performing operation 6 on task 7
16 Worker 0 processing task 2 requiring operations [8]
16 Worker 0 forwarding task 2
16 Worker 3 processing task 8 requiring operations [4, 1, 8]
16 Worker 3 performing operation 8 on task 8
17 Worker 4 accepting task 5
17 Worker 2 accepting task 7
17 Worker 1 accepting task 2
17 Worker 3 accepting task 8
17 Worker 4 processing task 5 requiring operations [7]
17 Worker 4 performing operation 7 on task 5
17 Worker 2 processing task 3 requiring operations [2]
17 Worker 2 performing operation 2 on task 3
17 Worker 3 processing task 4 requiring operations [5, 8]
17 Worker 3 performing operation 5 on task 4
17 Worker 1 processing task 2 requiring operations [8]
17 Worker 1 forwarding task 2
18 Generated task 9
18 Worker 1 accepting task 9
18 Task 5 completed!
18 Task 3 completed!
18 Worker 3 accepting task 4
18 Worker 2 accepting task 2
18 Worker 2 processing task 7 requiring operations [1, 10]
18 Worker 2 forwarding task 7
18 Worker 3 processing task 6 requiring operations [10, 1]
18 Worker 3 forwarding task 6
18 Worker 1 processing task 9 requiring operations [1, 4, 5]
18 Worker 1 performing operation 4 on task 9
19 Worker 1 accepting task 7
19 Worker 0 accepting task 6
19 Worker 1 accepting task 9
19 Worker 2 processing task 2 requiring operations [8]
19 Worker 2 forwarding task 2
19 Worker 3 processing task 1 requiring operations [4, 9]
19 Worker 3 forwarding task 1
19 Worker 1 processing task 7 requiring operations [1, 10]
19 Worker 1 forwarding task 7
19 Worker 0 processing task 6 requiring operations [10, 1]
19 Worker 0 performing operation 10 on task 6
20 Generated task 10
20 Worker 4 accepting task 10
20 Worker 3 accepting task 2
20 Worker 4 accepting task 1
20 Worker 2 accepting task 7
20 Worker 0 accepting task 6
20 Worker 3 processing task 8 requiring operations [4, 1]
20 Worker 3 forwarding task 8
20 Worker 1 processing task 9 requiring operations [1, 5]
20 Worker 1 forwarding task 9
20 Worker 0 processing task 6 requiring operations [1]
20 Worker 0 forwarding task 6
20 Worker 4 processing task 10 requiring operations [2, 7, 5]
20 Worker 4 performing operation 7 on task 10
20 Worker 2 processing task 7 requiring operations [1, 10]
20 Worker 2 forwarding task 7
21 Worker 1 accepting task 8
21 Worker 2 accepting task 9
21 Worker 1 accepting task 6
21 Worker 4 accepting task 10
21 Worker 4 accepting task 7
21 Worker 3 processing task 4 requiring operations [8]
21 Worker 3 performing operation 8 on task 4
21 Worker 1 processing task 8 requiring operations [4, 1]
21 Worker 1 performing operation 4 on task 8
21 Worker 4 processing task 1 requiring operations [4, 9]
21 Worker 4 forwarding task 1
21 Worker 2 processing task 9 requiring operations [1, 5]
21 Worker 2 performing operation 5 on task 9
22 Generated task 11
22 Worker 0 accepting task 11
22 Task 4 completed!
22 Worker 1 accepting task 8
22 Worker 2 accepting task 1
22 Worker 2 accepting task 9
22 Worker 3 processing task 2 requiring operations [8]
22 Worker 3 performing operation 8 on task 2
22 Worker 1 processing task 6 requiring operations [1]
22 Worker 1 forwarding task 6
22 Worker 4 processing task 10 requiring operations [2, 5]
22 Worker 4 forwarding task 10
22 Worker 2 processing task 1 requiring operations [4, 9]
22 Worker 2 forwarding task 1
22 Worker 0 processing task 11 requiring operations [9, 4, 1]
22 Worker 0 forwarding task 11
23 Task 2 completed!
23 Worker 3 accepting task 6
23 Worker 1 accepting task 10
23 Worker 1 accepting task 1
23 Worker 1 accepting task 11
23 Worker 1 processing task 8 requiring operations [1]
23 Worker 1 forwarding task 8
23 Worker 4 processing task 7 requiring operations [1, 10]
23 Worker 4 performing operation 1 on task 7
23 Worker 2 processing task 9 requiring operations [1]
23 Worker 2 forwarding task 9
23 Worker 3 processing task 6 requiring operations [1]
23 Worker 3 forwarding task 6
24 Generated task 12
24 Worker 4 accepting task 12
24 Worker 0 accepting task 8
24 Worker 4 accepting task 7
24 Worker 4 accepting task 9
24 Worker 1 accepting task 6
24 Worker 1 processing task 10 requiring operations [2, 5]
24 Worker 1 forwarding task 10
24 Worker 4 processing task 12 requiring operations [10, 1, 8]
24 Worker 4 performing operation 1 on task 12
24 Worker 0 processing task 8 requiring operations [1]
24 Worker 0 forwarding task 8
25 Worker 3 accepting task 10
25 Worker 4 accepting task 12
25 Worker 1 accepting task 8
25 Worker 1 processing task 1 requiring operations [4, 9]
25 Worker 1 performing operation 9 on task 1
25 Worker 4 processing task 7 requiring operations [10]
25 Worker 4 forwarding task 7
25 Worker 3 processing task 10 requiring operations [2, 5]
25 Worker 3 performing operation 5 on task 10
26 Generated task 13
26 Worker 3 accepting task 13
26 Worker 1 accepting task 1
26 Worker 1 accepting task 7
26 Worker 3 accepting task 10
26 Worker 1 processing task 11 requiring operations [9, 4, 1]
26 Worker 1 performing operation 9 on task 11
26 Worker 4 processing task 9 requiring operations [1]
26 Worker 4 performing operation 1 on task 9
26 Worker 3 processing task 13 requiring operations [7, 5, 9]
26 Worker 3 performing operation 5 on task 13
27 Worker 1 accepting task 11
27 Task 9 completed!
27 Worker 3 accepting task 13
27 Worker 1 processing task 6 requiring operations [1]
27 Worker 1 forwarding task 6
27 Worker 4 processing task 12 requiring operations [10, 8]
27 Worker 4 forwarding task 12
27 Worker 3 processing task 10 requiring operations [2]
27 Worker 3 forwarding task 10
28 Generated task 14
28 Worker 3 accepting task 14
28 Worker 2 accepting task 6
28 Worker 1 accepting task 12
28 Worker 0 accepting task 10
28 Worker 1 processing task 8 requiring operations [1]
28 Worker 1 forwarding task 8
28 Worker 3 processing task 13 requiring operations [7, 9]
28 Worker 3 forwarding task 13
28 Worker 2 processing task 6 requiring operations [1]
28 Worker 2 forwarding task 6
28 Worker 0 processing task 10 requiring operations [2]
28 Worker 0 forwarding task 10
29 Worker 3 accepting task 8
29 Worker 4 accepting task 13
29 Worker 3 accepting task 6
29 Worker 2 accepting task 10
29 Worker 1 processing task 1 requiring operations [4]
29 Worker 1 performing operation 4 on task 1
29 Worker 3 processing task 14 requiring operations [4, 5, 9]
29 Worker 3 performing operation 5 on task 14
29 Worker 4 processing task 13 requiring operations [7, 9]
29 Worker 4 performing operation 7 on task 13
29 Worker 2 processing task 10 requiring operations [2]
29 Worker 2 performing operation 2 on task 10
30 Generated task 15
30 Worker 1 accepting task 15
30 Task 1 completed!
30 Worker 3 accepting task 14
30 Worker 4 accepting task 13
30 Task 10 completed!
30 Worker 1 processing task 7 requiring operations [10]
30 Worker 1 forwarding task 7
30 Worker 3 processing task 8 requiring operations [1]
30 Worker 3 forwarding task 8
30 Worker 4 processing task 13 requiring operations [9]
30 Worker 4 forwarding task 13
31 Worker 4 accepting task 7
31 Worker 0 accepting task 8
31 Worker 3 accepting task 13
31 Worker 1 processing task 11 requiring operations [4, 1]
31 Worker 1 performing operation 4 on task 11
31 Worker 3 processing task 6 requiring operations [1]
31 Worker 3 forwarding task 6
31 Worker 4 processing task 7 requiring operations [10]
31 Worker 4 forwarding task 7
31 Worker 0 processing task 8 requiring operations [1]
31 Worker 0 forwarding task 8
32 Generated task 16
32 Worker 1 accepting task 16
32 Worker 1 accepting task 11
32 Worker 0 accepting task 6
32 Worker 1 accepting task 7
32 Worker 1 accepting task 8
32 Worker 1 processing task 12 requiring operations [10, 8]
32 Worker 1 forwarding task 12
32 Worker 3 processing task 14 requiring operations [4, 9]
32 Worker 3 forwarding task 14
32 Worker 0 processing task 6 requiring operations [1]
32 Worker 0 forwarding task 6
33 Worker 0 accepting task 12
33 Worker 2 accepting task 14
33 Worker 1 accepting task 6
33 Worker 1 processing task 15 requiring operations [8, 2, 4]
33 Worker 1 performing operation 4 on task 15
33 Worker 3 processing task 13 requiring operations [9]
33 Worker 3 forwarding task 13
33 Worker 0 processing task 12 requiring operations [10, 8]
33 Worker 0 performing operation 10 on task 12
33 Worker 2 processing task 14 requiring operations [4, 9]
33 Worker 2 forwarding task 14
34 Generated task 17
34 Worker 0 accepting task 17
34 Worker 1 accepting task 15
34 Worker 0 accepting task 13
34 Worker 0 accepting task 12
34 Worker 1 accepting task 14
34 Worker 1 processing task 16 requiring operations [9, 1, 10]
34 Worker 1 performing operation 9 on task 16
34 Worker 0 processing task 17 requiring operations [8, 5, 4]
34 Worker 0 forwarding task 17
35 Worker 1 accepting task 16
35 Worker 4 accepting task 17
35 Worker 1 processing task 11 requiring operations [1]
35 Worker 1 forwarding task 11
35 Worker 0 processing task 13 requiring operations [9]
35 Worker 0 forwarding task 13
35 Worker 4 processing task 17 requiring operations [8, 5, 4]
35 Worker 4 forwarding task 17
36 Generated task 18
36 Worker 2 accepting task 18
36 Worker 4 accepting task 11
36 Worker 3 accepting task 13
36 Worker 2 accepting task 17
36 Worker 1 processing task 7 requiring operations [10]
36 Worker 1 forwarding task 7
36 Worker 0 processing task 12 requiring operations [8]
36 Worker 0 forwarding task 12
36 Worker 4 processing task 11 requiring operations [1]
36 Worker 4 performing operation 1 on task 11
36 Worker 2 processing task 18 requiring operations [7, 8, 4]
36 Worker 2 forwarding task 18
36 Worker 3 processing task 13 requiring operations [9]
36 Worker 3 forwarding task 13
37 Worker 4 accepting task 7
37 Worker 1 accepting task 12
37 Task 11 completed!
37 Worker 4 accepting task 18
37 Worker 4 accepting task 13
37 Worker 1 processing task 8 requiring operations [1]
37 Worker 1 forwarding task 8
37 Worker 4 processing task 7 requiring operations [10]
37 Worker 4 forwarding task 7
37 Worker 2 processing task 17 requiring operations [8, 5, 4]
37 Worker 2 performing operation 5 on task 17
38 Generated task 19
38 Worker 3 accepting task 19
38 Worker 4 accepting task 8
38 Worker 3 accepting task 7
38 Worker 2 accepting task 17
38 Worker 1 processing task 6 requiring operations [1]
38 Worker 1 forwarding task 6
38 Worker 4 processing task 18 requiring operations [7, 8, 4]
38 Worker 4 performing operation 7 on task 18
38 Worker 2 processing task 17 requiring operations [8, 4]
38 Worker 2 forwarding task 17
38 Worker 3 processing task 19 requiring operations [3, 8, 1]
38 Worker 3 performing operation 8 on task 19
39 Worker 0 accepting task 6
39 Worker 4 accepting task 18
39 Worker 3 accepting task 17
39 Worker 3 accepting task 19
39 Worker 1 processing task 15 requiring operations [8, 2]
39 Worker 1 forwarding task 15
39 Worker 4 processing task 13 requiring operations [9]
39 Worker 4 forwarding task 13
39 Worker 3 processing task 7 requiring operations [10]
39 Worker 3 forwarding task 7
39 Worker 0 processing task 6 requiring operations [1]
39 Worker 0 forwarding task 6
40 Generated task 20
40 Worker 3 accepting task 20
40 Worker 3 accepting task 15
40 Worker 2 accepting task 13
40 Worker 1 accepting task 7
40 Worker 4 accepting task 6
40 Worker 1 processing task 14 requiring operations [4, 9]
40 Worker 1 performing operation 9 on task 14
40 Worker 4 processing task 8 requiring operations [1]
40 Worker 4 performing operation 1 on task 8
40 Worker 3 processing task 17 requiring operations [8, 4]
40 Worker 3 performing operation 8 on task 17
40 Worker 2 processing task 13 requiring operations [9]
40 Worker 2 forwarding task 13
41 Worker 1 accepting task 14
41 Task 8 completed!
41 Worker 3 accepting task 17
41 Worker 4 accepting task 13
41 Worker 1 processing task 16 requiring operations [1, 10]
41 Worker 1 forwarding task 16
41 Worker 4 processing task 18 requiring operations [8, 4]
41 Worker 4 forwarding task 18
41 Worker 3 processing task 19 requiring operations [3, 1]
41 Worker 3 performing operation 3 on task 19
42 Generated task 21
42 Worker 0 accepting task 21
42 Worker 2 accepting task 16
42 Worker 2 accepting task 18
42 Worker 3 accepting task 19
42 Worker 1 processing task 12 requiring operations [8]
42 Worker 1 forwarding task 12
42 Worker 4 processing task 6 requiring operations [1]
42 Worker 4 performing operation 1 on task 6
42 Worker 3 processing task 20 requiring operations [3, 8, 6]
42 Worker 3 performing operation 3 on task 20
42 Worker 0 processing task 21 requiring operations [2, 8, 1]
42 Worker 0 forwarding task 21
42 Worker 2 processing task 16 requiring operations [1, 10]
42 Worker 2 forwarding task 16
43 Worker 4 accepting task 12
43 Task 6 completed!
43 Worker 3 accepting task 20
43 Worker 1 accepting task 21
43 Worker 0 accepting task 16
43 Worker 1 processing task 7 requiring operations [10]
43 Worker 1 forwarding task 7
43 Worker 4 processing task 13 requiring operations [9]
43 Worker 4 forwarding task 13
43 Worker 3 processing task 15 requiring operations [8, 2]
43 Worker 3 performing operation 8 on task 15
43 Worker 2 processing task 18 requiring operations [8, 4]
43 Worker 2 forwarding task 18
43 Worker 0 processing task 16 requiring operations [1, 10]
43 Worker 0 performing operation 10 on task 16
44 Generated task 22
44 Worker 0 accepting task 22
44 Worker 4 accepting task 7
44 Worker 0 accepting task 13
44 Worker 3 accepting task 15
44 Worker 4 accepting task 18
44 Worker 0 accepting task 16
44 Worker 1 processing task 14 requiring operations [4]
44 Worker 1 performing operation 4 on task 14
44 Worker 4 processing task 12 requiring operations [8]
44 Worker 4 forwarding task 12
44 Worker 3 processing task 17 requiring operations [4]
44 Worker 3 forwarding task 17
44 Worker 0 processing task 22 requiring operations [5, 2, 4]
44 Worker 0 forwarding task 22
45 Task 14 completed!
45 Worker 3 accepting task 12
45 Worker 0 accepting task 17
45 Worker 2 accepting task 22
45 Worker 1 processing task 21 requiring operations [2, 8, 1]
45 Worker 1 forwarding task 21
45 Worker 4 processing task 7 requiring operations [10]
45 Worker 4 forwarding task 7
45 Worker 3 processing task 19 requiring operations [1]
45 Worker 3 forwarding task 19
45 Worker 0 processing task 13 requiring operations [9]
45 Worker 0 forwarding task 13
45 Worker 2 processing task 22 requiring operations [5, 2, 4]
45 Worker 2 performing operation 5 on task 22
46 Generated task 23
46 Worker 4 accepting task 23
46 Worker 2 accepting task 21
46 Worker 2 accepting task 7
46 Worker 1 accepting task 19
46 Worker 2 accepting task 13
46 Worker 2 accepting task 22
46 Worker 4 processing task 18 requiring operations [8, 4]
46 Worker 4 forwarding task 18
46 Worker 3 processing task 20 requiring operations [8, 6]
46 Worker 3 performing operation 8 on task 20
46 Worker 0 processing task 16 requiring operations [1]
46 Worker 0 forwarding task 16
46 Worker 2 processing task 21 requiring operations [2, 8, 1]
46 Worker 2 performing operation 2 on task 21
46 Worker 1 processing task 19 requiring operations [1]
46 Worker 1 forwarding task 19
47 Worker 0 accepting task 18
47 Worker 3 accepting task 20
47 Worker 2 accepting task 16
47 Worker 2 accepting task 21
47 Worker 3 accepting task 19
47 Worker 4 processing task 23 requiring operations [2, 5, 4]
47 Worker 4 forwarding task 23
47 Worker 3 processing task 15 requiring operations [2]
47 Worker 3 forwarding task 15
47 Worker 0 processing task 17 requiring operations [4]
47 Worker 0 forwarding task 17
47 Worker 2 processing task 7 requiring operations [10]
47 Worker 2 forwarding task 7
48 Generated task 24
48 Worker 4 accepting task 24
48 Worker 0 accepting task 23
48 Worker 4 accepting task 15
48 Worker 1 accepting task 17
48 Worker 4 accepting task 7
48 Worker 4 processing task 24 requiring operations [5, 4, 7]
48 Worker 4 performing operation 7 on task 24
48 Worker 3 processing task 12 requiring operations [8]
48 Worker 3 performing operation 8 on task 12
48 Worker 0 processing task 18 requiring operations [8, 4]
48 Worker 0 forwarding task 18
48 Worker 2 processing task 13 requiring operations [9]
48 Worker 2 forwarding task 13
48 Worker 1 processing task 17 requiring operations [4]
48 Worker 1 performing operation 4 on task 17
49 Worker 4 accepting task 24
49 Task 12 completed!
49 Worker 3 accepting task 18
49 Worker 3 accepting task 13
49 Task 17 completed!
49 Worker 4 processing task 15 requiring operations [2]
49 Worker 4 forwarding task 15
49 Worker 3 processing task 20 requiring operations [6]
49 Worker 3 forwarding task 20
49 Worker 0 processing task 23 requiring operations [2, 5, 4]
49 Worker 0 forwarding task 23
49 Worker 2 processing task 22 requiring operations [2, 4]
49 Worker 2 performing operation 2 on task 22
50 Generated task 25
50 Worker 0 accepting task 25
50 Worker 0 accepting task 15
50 Worker 2 accepting task 20
50 Worker 3 accepting task 23
50 Worker 2 accepting task 22
50 Worker 4 processing task 7 requiring operations [10]
50 Worker 4 forwarding task 7
50 Worker 3 processing task 19 requiring operations [1]
50 Worker 3 forwarding task 19
50 Worker 0 processing task 25 requiring operations [9, 8, 4]
50 Worker 0 forwarding task 25
50 Worker 2 processing task 16 requiring operations [1]
50 Worker 2 forwarding task 16
51 Worker 1 accepting task 7
51 Worker 0 accepting task 19
51 Worker 3 accepting task 25
51 Worker 0 accepting task 16
51 Worker 4 processing task 24 requiring operations [5, 4]
51 Worker 4 forwarding task 24
51 Worker 3 processing task 18 requiring operations [8, 4]
51 Worker 3 performing operation 8 on task 18
51 Worker 0 processing task 15 requiring operations [2]
51 Worker 0 forwarding task 15
51 Worker 2 processing task 21 requiring operations [8, 1]
51 Worker 2 forwarding task 21
51 Worker 1 processing task 7 requiring operations [10]
51 Worker 1 forwarding task 7
52 Generated task 26
52 Worker 1 accepting task 26
52 Worker 1 accepting task 24
52 Worker 3 accepting task 18
52 Worker 3 accepting task 15
52 Worker 4 accepting task 21
52 Worker 0 accepting task 7
52 Worker 3 processing task 13 requiring operations [9]
52 Worker 3 forwarding task 13
52 Worker 0 processing task 19 requiring operations [1]
52 Worker 0 forwarding task 19
52 Worker 2 processing task 20 requiring operations [6]
52 Worker 2 performing operation 6 on task 20
52 Worker 1 processing task 26 requiring operations [8, 2, 7]
52 Worker 1 forwarding task 26
52 Worker 4 processing task 21 requiring operations [8, 1]
52 Worker 4 performing operation 1 on task 21
53 Worker 0 accepting task 13
53 Worker 4 accepting task 19
53 Task 20 completed!
53 Worker 2 accepting task 26
53 Worker 4 accepting task 21
53 Worker 3 processing task 23 requiring operations [2, 5, 4]
53 Worker 3 performing operation 5 on task 23
53 Worker 0 processing task 16 requiring operations [1]
53 Worker 0 forwarding task 16
53 Worker 2 processing task 22 requiring operations [4]
53 Worker 2 forwarding task 22
53 Worker 1 processing task 24 requiring operations [5, 4]
53 Worker 1 performing operation 4 on task 24
53 Worker 4 processing task 19 requiring operations [1]
53 Worker 4 performing operation 1 on task 19
54 Generated task 27
54 Worker 3 accepting task 27
54 Worker 3 accepting task 23
54 Worker 3 accepting task 16
54 Worker 3 accepting task 22
54 Worker 1 accepting task 24
54 Task 19 completed!
54 Worker 3 processing task 25 requiring operations [9, 8, 4]
54 Worker 3 performing operation 8 on task 25
54 Worker 0 processing task 7 requiring operations [10]
54 Worker 0 performing operation 10 on task 7
54 Worker 2 processing task 26 requiring operations [8, 2, 7]
54 Worker 2 performing operation 2 on task 26
54 Worker 1 processing task 24 requiring operations [5]
54 Worker 1 forwarding task 24
54 Worker 4 processing task 21 requiring operations [8]
54 Worker 4 forwarding task 21
55 Worker 3 accepting task 25
55 Task 7 completed!
55 Worker 2 accepting task 26
55 Worker 4 accepting task 24
55 Worker 1 accepting task 21
55 Worker 3 processing task 18 requiring operations [4]
55 Worker 3 forwarding task 18
55 Worker 0 processing task 13 requiring operations [9]
55 Worker 0 forwarding task 13
55 Worker 2 processing task 26 requiring operations [8, 7]
55 Worker 2 forwarding task 26
55 Worker 4 processing task 24 requiring operations [5]
55 Worker 4 forwarding task 24
55 Worker 1 processing task 21 requiring operations [8]
55 Worker 1 forwarding task 21
56 Generated task 28
56 Worker 1 accepting task 28
56 Worker 1 accepting task 18
56 Worker 2 accepting task 13
56 Worker 3 accepting task 26
56 Worker 2 accepting task 24
56 Worker 2 accepting task 21
56 Worker 3 processing task 15 requiring operations [2]
56 Worker 3 forwarding task 15
56 Worker 2 processing task 13 requiring operations [9]
56 Worker 2 forwarding task 13
56 Worker 1 processing task 28 requiring operations [7, 10, 1]
56 Worker 1 forwarding task 28
57 Worker 4 accepting task 15
57 Worker 4 accepting task 13
57 Worker 3 accepting task 28
57 Worker 3 processing task 27 requiring operations [3, 10, 7]
57 Worker 3 performing operation 3 on task 27
57 Worker 2 processing task 24 requiring operations [5]
57 Worker 2 performing operation 5 on task 24
57 Worker 1 processing task 18 requiring operations [4]
57 Worker 1 performing operation 4 on task 18
57 Worker 4 processing task 15 requiring operations [2]
57 Worker 4 forwarding task 15
58 Generated task 29
58 Worker 3 accepting task 29
58 Worker 3 accepting task 27
58 Task 24 completed!
58 Task 18 completed!
58 Worker 3 accepting task 15
58 Worker 3 processing task 23 requiring operations [2, 4]
58 Worker 3 forwarding task 23
58 Worker 2 processing task 21 requiring operations [8]
58 Worker 2 forwarding task 21
58 Worker 4 processing task 13 requiring operations [9]
58 Worker 4 forwarding task 13
59 Worker 4 accepting task 23
59 Worker 1 accepting task 21
59 Worker 2 accepting task 13
59 Worker 3 processing task 16 requiring operations [1]
59 Worker 3 forwarding task 16
59 Worker 4 processing task 23 requiring operations [2, 4]
59 Worker 4 forwarding task 23
59 Worker 1 processing task 21 requiring operations [8]
59 Worker 1 forwarding task 21
59 Worker 2 processing task 13 requiring operations [9]
59 Worker 2 forwarding task 13
60 Generated task 30
60 Worker 2 accepting task 30
60 Worker 0 accepting task 16
60 Worker 2 accepting task 23
60 Worker 3 accepting task 21
60 Worker 4 accepting task 13
60 Worker 3 processing task 22 requiring operations [4]
60 Worker 3 forwarding task 22
60 Worker 2 processing task 30 requiring operations [8, 4, 6]
60 Worker 2 performing operation 6 on task 30
60 Worker 0 processing task 16 requiring operations [1]
60 Worker 0 forwarding task 16
60 Worker 4 processing task 13 requiring operations [9]
60 Worker 4 forwarding task 13
61 Worker 1 accepting task 22
61 Worker 2 accepting task 30
61 Worker 1 accepting task 16
61 Worker 3 accepting task 13
61 Worker 3 processing task 25 requiring operations [9, 4]
61 Worker 3 forwarding task 25
61 Worker 2 processing task 23 requiring operations [2, 4]
61 Worker 2 performing operation 2 on task 23
61 Worker 1 processing task 22 requiring operations [4]
61 Worker 1 performing operation 4 on task 22
62 Generated task 31
62 Worker 0 accepting task 31
62 Worker 2 accepting task 25
62 Worker 2 accepting task 23
62 Task 22 completed!
62 Worker 3 processing task 26 requiring operations [8, 7]
62 Worker 3 performing operation 8 on task 26
62 Worker 2 processing task 30 requiring operations [8, 4]
62 Worker 2 forwarding task 30
62 Worker 1 processing task 16 requiring operations [1]
62 Worker 1 forwarding task 16
62 Worker 0 processing task 31 requiring operations [4, 7, 10]
62 Worker 0 performing operation 10 on task 31
63 Worker 3 accepting task 26
63 Worker 1 accepting task 30
63 Worker 4 accepting task 16
63 Worker 0 accepting task 31
63 Worker 3 processing task 28 requiring operations [7, 10, 1]
63 Worker 3 forwarding task 28
63 Worker 2 processing task 25 requiring operations [9, 4]
63 Worker 2 forwarding task 25
63 Worker 1 processing task 30 requiring operations [8, 4]
63 Worker 1 performing operation 4 on task 30
63 Worker 0 processing task 31 requiring operations [4, 7]
63 Worker 0 forwarding task 31
63 Worker 4 processing task 16 requiring operations [1]
63 Worker 4 performing operation 1 on task 16
64 Generated task 32
64 Worker 0 accepting task 32
64 Worker 2 accepting task 28
64 Worker 1 accepting task 25
64 Worker 1 accepting task 30
64 Worker 1 accepting task 31
64 Task 16 completed!
64 Worker 3 processing task 29 requiring operations [5, 9, 4]
64 Worker 3 performing operation 5 on task 29
64 Worker 2 processing task 23 requiring operations [4]
64 Worker 2 forwarding task 23
64 Worker 1 processing task 25 requiring operations [9, 4]
64 Worker 1 performing operation 9 on task 25
64 Worker 0 processing task 32 requiring operations [5, 6, 7]
64 Worker 0 forwarding task 32
65 Worker 3 accepting task 29
65 Worker 4 accepting task 23
65 Worker 1 accepting task 25
65 Worker 1 accepting task 32
65 Worker 3 processing task 27 requiring operations [10, 7]
65 Worker 3 forwarding task 27
65 Worker 2 processing task 28 requiring operations [7, 10, 1]
65 Worker 2 forwarding task 28
65 Worker 1 processing task 30 requiring operations [8]
65 Worker 1 forwarding task 30
65 Worker 4 processing task 23 requiring operations [4]
65 Worker 4 forwarding task 23
66 Generated task 33
66 Worker 1 accepting task 33
66 Worker 1 accepting task 27
66 Worker 4 accepting task 28
66 Worker 2 accepting task 30
66 Worker 0 accepting task 23
66 Worker 3 processing task 15 requiring operations [2]
66 Worker 3 forwarding task 15
66 Worker 1 processing task 31 requiring operations [4, 7]
66 Worker 1 performing operation 4 on task 31
66 Worker 4 processing task 28 requiring operations [7, 10, 1]
66 Worker 4 performing operation 7 on task 28
66 Worker 2 processing task 30 requiring operations [8]
66 Worker 2 forwarding task 30
66 Worker 0 processing task 23 requiring operations [4]
66 Worker 0 forwarding task 23
67 Worker 1 accepting task 15
67 Worker 1 accepting task 31
67 Worker 4 accepting task 28
67 Worker 1 accepting task 30
67 Worker 1 accepting task 23
67 Worker 3 processing task 21 requiring operations [8]
67 Worker 3 performing operation 8 on task 21
67 Worker 1 processing task 25 requiring operations [4]
67 Worker 1 performing operation 4 on task 25
67 Worker 4 processing task 28 requiring operations [10, 1]
67 Worker 4 performing operation 1 on task 28
68 Generated task 34
68 Worker 2 accepting task 34
68 Task 21 completed!
68 Task 25 completed!
68 Worker 4 accepting task 28
68 Worker 3 processing task 13 requiring operations [9]
68 Worker 3 forwarding task 13
68 Worker 1 processing task 32 requiring operations [5, 6, 7]
68 Worker 1 forwarding task 32
68 Worker 4 processing task 28 requiring operations [10]
68 Worker 4 forwarding task 28
68 Worker 2 processing task 34 requiring operations [3, 8, 10]
68 Worker 2 forwarding task 34
69 Worker 1 accepting task 13
69 Worker 3 accepting task 32
69 Worker 0 accepting task 28
69 Worker 0 accepting task 34
69 Worker 3 processing task 26 requiring operations [7]
69 Worker 3 forwarding task 26
69 Worker 1 processing task 33 requiring operations [9, 6, 3]
69 Worker 1 performing operation 9 on task 33
69 Worker 0 processing task 28 requiring operations [10]
69 Worker 0 performing operation 10 on task 28
70 Generated task 35
70 Worker 1 accepting task 35
70 Worker 0 accepting task 26
70 Worker 1 accepting task 33
70 Task 28 completed!
70 Worker 3 processing task 29 requiring operations [9, 4]
70 Worker 3 forwarding task 29
70 Worker 1 processing task 27 requiring operations [10, 7]
70 Worker 1 forwarding task 27
70 Worker 0 processing task 34 requiring operations [3, 8, 10]
70 Worker 0 performing operation 10 on task 34
71 Worker 1 accepting task 29
71 Worker 0 accepting task 27
71 Worker 0 accepting task 34
71 Worker 3 processing task 32 requiring operations [5, 6, 7]
71 Worker 3 performing operation 5 on task 32
71 Worker 1 processing task 15 requiring operations [2]
71 Worker 1 forwarding task 15
71 Worker 0 processing task 26 requiring operations [7]
71 Worker 0 forwarding task 26
72 Generated task 36
72 Worker 4 accepting task 36
72 Worker 3 accepting task 32
72 Worker 2 accepting task 15
72 Worker 2 accepting task 26
72 Worker 3 processing task 32 requiring operations [6, 7]
72 Worker 3 forwarding task 32
72 Worker 1 processing task 31 requiring operations [7]
72 Worker 1 forwarding task 31
72 Worker 0 processing task 27 requiring operations [10, 7]
72 Worker 0 performing operation 10 on task 27
72 Worker 4 processing task 36 requiring operations [2, 6, 8]
72 Worker 4 performing operation 6 on task 36
72 Worker 2 processing task 15 requiring operations [2]
72 Worker 2 performing operation 2 on task 15
73 Worker 0 accepting task 32
73 Worker 3 accepting task 31
73 Worker 0 accepting task 27
73 Worker 4 accepting task 36
73 Task 15 completed!
73 Worker 1 processing task 30 requiring operations [8]
73 Worker 1 forwarding task 30
73 Worker 0 processing task 34 requiring operations [3, 8]
73 Worker 0 performing operation 3 on task 34
73 Worker 4 processing task 36 requiring operations [2, 8]
73 Worker 4 forwarding task 36
73 Worker 2 processing task 26 requiring operations [7]
73 Worker 2 forwarding task 26
73 Worker 3 processing task 31 requiring operations [7]
73 Worker 3 forwarding task 31
74 Generated task 37
74 Worker 2 accepting task 37
74 Worker 3 accepting task 30
74 Worker 0 accepting task 34
74 Worker 0 accepting task 36
74 Worker 0 accepting task 26
74 Worker 2 accepting task 31
74 Worker 1 processing task 23 requiring operations [4]
74 Worker 1 performing operation 4 on task 23
74 Worker 0 processing task 32 requiring operations [6, 7]
74 Worker 0 forwarding task 32
74 Worker 2 processing task 37 requiring operations [9, 2, 10]
74 Worker 2 performing operation 2 on task 37
74 Worker 3 processing task 30 requiring operations [8]
74 Worker 3 performing operation 8 on task 30
75 Task 23 completed!
75 Worker 4 accepting task 32
75 Worker 2 accepting task 37
75 Task 30 completed!
75 Worker 1 processing task 13 requiring operations [9]
75 Worker 1 performing operation 9 on task 13
75 Worker 0 processing task 27 requiring operations [7]
75 Worker 0 forwarding task 27
75 Worker 2 processing task 31 requiring operations [7]
75 Worker 2 forwarding task 31
75 Worker 4 processing task 32 requiring operations [6, 7]
75 Worker 4 performing operation 7 on task 32
76 Generated task 38
76 Worker 3 accepting task 38
76 Task 13 completed!
76 Worker 4 accepting task 27
76 Worker 1 accepting task 31
76 Worker 4 accepting task 32
76 Worker 1 processing task 35 requiring operations [5, 10, 6]
76 Worker 1 forwarding task 35
76 Worker 0 processing task 34 requiring operations [8]
76 Worker 0 forwarding task 34
76 Worker 2 processing task 37 requiring operations [9, 10]
76 Worker 2 forwarding task 37
76 Worker 4 processing task 27 requiring operations [7]
76 Worker 4 performing operation 7 on task 27
76 Worker 3 processing task 38 requiring operations [10, 8, 7]
76 Worker 3 performing operation 8 on task 38
77 Worker 4 accepting task 35
77 Worker 2 accepting task 34
77 Worker 1 accepting task 37
77 Task 27 completed!
77 Worker 3 accepting task 38
77 Worker 1 processing task 33 requiring operations [6, 3]
77 Worker 1 forwarding task 33
77 Worker 0 processing task 36 requiring operations [2, 8]
77 Worker 0 forwarding task 36
77 Worker 2 processing task 34 requiring operations [8]
77 Worker 2 forwarding task 34
77 Worker 4 processing task 32 requiring operations [6]
77 Worker 4 performing operation 6 on task 32
77 Worker 3 processing task 38 requiring operations [10, 7]
77 Worker 3 forwarding task 38
78 Generated task 39
78 Worker 0 accepting task 39
78 Worker 3 accepting task 33
78 Worker 2 accepting task 36
78 Worker 1 accepting task 34
78 Task 32 completed!
78 Worker 1 accepting task 38
78 Worker 1 processing task 29 requiring operations [9, 4]
78 Worker 1 performing operation 9 on task 29
78 Worker 0 processing task 26 requiring operations [7]
78 Worker 0 forwarding task 26
78 Worker 2 processing task 36 requiring operations [2, 8]
78 Worker 2 performing operation 2 on task 36
78 Worker 4 processing task 35 requiring operations [5, 10, 6]
78 Worker 4 performing operation 6 on task 35
78 Worker 3 processing task 33 requiring operations [6, 3]
78 Worker 3 performing operation 3 on task 33
79 Worker 1 accepting task 29
79 Worker 4 accepting task 26
79 Worker 2 accepting task 36
79 Worker 4 accepting task 35
79 Worker 3 accepting task 33
79 Worker 1 processing task 31 requiring operations [7]
79 Worker 1 forwarding task 31
79 Worker 0 processing task 39 requiring operations [6, 7, 9]
79 Worker 0 forwarding task 39
79 Worker 2 processing task 36 requiring operations [8]
79 Worker 2 forwarding task 36
79 Worker 4 processing task 26 requiring operations [7]
79 Worker 4 performing operation 7 on task 26
79 Worker 3 processing task 33 requiring operations [6]
79 Worker 3 forwarding task 33
80 Generated task 40
80 Worker 2 accepting task 40
80 Worker 0 accepting task 31
80 Worker 3 accepting task 39
80 Worker 4 accepting task 36
80 Task 26 completed!
80 Worker 1 accepting task 33
80 Worker 1 processing task 37 requiring operations [9, 10]
80 Worker 1 performing operation 9 on task 37
80 Worker 0 processing task 31 requiring operations [7]
80 Worker 0 forwarding task 31
80 Worker 2 processing task 40 requiring operations [8, 3, 6]
80 Worker 2 performing operation 6 on task 40
80 Worker 4 processing task 35 requiring operations [5, 10]
80 Worker 4 forwarding task 35
80 Worker 3 processing task 39 requiring operations [6, 7, 9]
80 Worker 3 forwarding task 39
81 Worker 1 accepting task 37
81 Worker 4 accepting task 31
81 Worker 2 accepting task 40
81 Worker 3 accepting task 35
81 Worker 2 accepting task 39
81 Worker 1 processing task 34 requiring operations [8]
81 Worker 1 forwarding task 34
81 Worker 2 processing task 40 requiring operations [8, 3]
81 Worker 2 forwarding task 40
81 Worker 4 processing task 36 requiring operations [8]
81 Worker 4 forwarding task 36
81 Worker 3 processing task 35 requiring operations [5, 10]
81 Worker 3 performing operation 5 on task 35
82 Generated task 41
82 Worker 3 accepting task 41
82 Worker 0 accepting task 34
82 Worker 4 accepting task 40
82 Worker 3 accepting task 36
82 Worker 3 accepting task 35
82 Worker 1 processing task 38 requiring operations [10, 7]
82 Worker 1 forwarding task 38
82 Worker 2 processing task 39 requiring operations [6, 7, 9]
82 Worker 2 performing operation 6 on task 39
82 Worker 4 processing task 31 requiring operations [7]
82 Worker 4 performing operation 7 on task 31
82 Worker 3 processing task 41 requiring operations [5, 9, 2]
82 Worker 3 performing operation 5 on task 41
82 Worker 0 processing task 34 requiring operations [8]
82 Worker 0 forwarding task 34
83 Worker 3 accepting task 38
83 Worker 2 accepting task 39
83 Task 31 completed!
83 Worker 3 accepting task 41
83 Worker 2 accepting task 34
83 Worker 1 processing task 29 requiring operations [4]
83 Worker 1 performing operation 4 on task 29
83 Worker 2 processing task 39 requiring operations [7, 9]
83 Worker 2 forwarding task 39
83 Worker 4 processing task 40 requiring operations [8, 3]
83 Worker 4 performing operation 3 on task 40
83 Worker 3 processing task 36 requiring operations [8]
83 Worker 3 performing operation 8 on task 36
84 Generated task 42
84 Worker 3 accepting task 42
84 Task 29 completed!
84 Worker 3 accepting task 39
84 Worker 4 accepting task 40
84 Task 36 completed!
84 Worker 1 processing task 33 requiring operations [6]
84 Worker 1 forwarding task 33
84 Worker 2 processing task 34 requiring operations [8]
84 Worker 2 forwarding task 34
84 Worker 4 processing task 40 requiring operations [8]
84 Worker 4 forwarding task 40
84 Worker 3 processing task 35 requiring operations [10]
84 Worker 3 forwarding task 35
85 Worker 4 accepting task 33
85 Worker 0 accepting task 34
85 Worker 2 accepting task 40
85 Worker 2 accepting task 35
85 Worker 1 processing task 37 requiring operations [10]
85 Worker 1 forwarding task 37
85 Worker 4 processing task 33 requiring operations [6]
85 Worker 4 performing operation 6 on task 33
85 Worker 3 processing task 38 requiring operations [10, 7]
85 Worker 3 forwarding task 38
85 Worker 0 processing task 34 requiring operations [8]
85 Worker 0 forwarding task 34
85 Worker 2 processing task 40 requiring operations [8]
85 Worker 2 forwarding task 40
86 Generated task 43
86 Worker 4 accepting task 43
86 Worker 4 accepting task 37
86 Task 33 completed!
86 Worker 2 accepting task 38
86 Worker 3 accepting task 34
86 Worker 1 accepting task 40
86 Worker 4 processing task 43 requiring operations [9, 1, 10]
86 Worker 4 performing operation 1 on task 43
86 Worker 3 processing task 41 requiring operations [9, 2]
86 Worker 3 forwarding task 41
86 Worker 2 processing task 35 requiring operations [10]
86 Worker 2 forwarding task 35
86 Worker 1 processing task 40 requiring operations [8]
86 Worker 1 forwarding task 40
87 Worker 4 accepting task 43
87 Worker 1 accepting task 41
87 Worker 1 accepting task 35
87 Worker 0 accepting task 40
87 Worker 4 processing task 37 requiring operations [10]
87 Worker 4 forwarding task 37
87 Worker 3 processing task 42 requiring operations [9, 6, 2]
87 Worker 3 forwarding task 42
87 Worker 2 processing task 38 requiring operations [10, 7]
87 Worker 2 forwarding task 38
87 Worker 1 processing task 41 requiring operations [9, 2]
87 Worker 1 performing operation 9 on task 41
87 Worker 0 processing task 40 requiring operations [8]
87 Worker 0 forwarding task 40
88 Generated task 44
88 Worker 4 accepting task 44
88 Worker 1 accepting task 37
88 Worker 2 accepting task 42
88 Worker 4 accepting task 38
88 Worker 1 accepting task 41
88 Worker 3 accepting task 40
88 Worker 4 processing task 43 requiring operations [9, 10]
88 Worker 4 forwarding task 43
88 Worker 3 processing task 39 requiring operations [7, 9]
88 Worker 3 forwarding task 39
88 Worker 2 processing task 42 requiring operations [9, 6, 2]
88 Worker 2 performing operation 6 on task 42
88 Worker 1 processing task 35 requiring operations [10]
88 Worker 1 forwarding task 35
89 Worker 0 accepting task 43
89 Worker 0 accepting task 39
89 Worker 2 accepting task 42
89 Worker 3 accepting task 35
89 Worker 4 processing task 44 requiring operations [3, 5, 9]
89 Worker 4 performing operation 3 on task 44
89 Worker 3 processing task 34 requiring operations [8]
89 Worker 3 performing operation 8 on task 34
89 Worker 2 processing task 42 requiring operations [9, 2]
89 Worker 2 performing operation 2 on task 42
89 Worker 1 processing task 37 requiring operations [10]
89 Worker 1 forwarding task 37
89 Worker 0 processing task 43 requiring operations [9, 10]
89 Worker 0 performing operation 10 on task 43
90 Generated task 45
90 Worker 1 accepting task 45
90 Worker 4 accepting task 44
90 Task 34 completed!
90 Worker 2 accepting task 42
90 Worker 3 accepting task 37
90 Worker 0 accepting task 43
90 Worker 4 processing task 38 requiring operations [10, 7]
90 Worker 4 performing operation 7 on task 38
90 Worker 3 processing task 40 requiring operations [8]
90 Worker 3 performing operation 8 on task 40
90 Worker 2 processing task 42 requiring operations [9]
90 Worker 2 forwarding task 42
90 Worker 1 processing task 41 requiring operations [2]
90 Worker 1 forwarding task 41
90 Worker 0 processing task 39 requiring operations [7, 9]
90 Worker 0 forwarding task 39
91 Worker 4 accepting task 38
91 Task 40 completed!
91 Worker 4 accepting task 42
91 Worker 0 accepting task 41
91 Worker 3 accepting task 39
91 Worker 4 processing task 44 requiring operations [5, 9]
91 Worker 4 forwarding task 44
91 Worker 3 processing task 35 requiring operations [10]
91 Worker 3 forwarding task 35
91 Worker 1 processing task 45 requiring operations [6, 9, 5]
91 Worker 1 performing operation 9 on task 45
91 Worker 0 processing task 43 requiring operations [9]
91 Worker 0 forwarding task 43
92 Generated task 46
92 Worker 2 accepting task 46
92 Worker 1 accepting task 44
92 Worker 2 accepting task 35
92 Worker 1 accepting task 45
92 Worker 2 accepting task 43
92 Worker 4 processing task 38 requiring operations [10]
92 Worker 4 forwarding task 38
92 Worker 3 processing task 37 requiring operations [10]
92 Worker 3 forwarding task 37
92 Worker 1 processing task 44 requiring operations [5, 9]
92 Worker 1 performing operation 9 on task 44
92 Worker 0 processing task 41 requiring operations [2]
92 Worker 0 forwarding task 41
92 Worker 2 processing task 46 requiring operations [10, 9, 7]
92 Worker 2 forwarding task 46
93 Worker 3 accepting task 38
93 Worker 0 accepting task 37
93 Worker 1 accepting task 44
93 Worker 4 accepting task 41
93 Worker 4 accepting task 46
93 Worker 4 processing task 42 requiring operations [9]
93 Worker 4 forwarding task 42
93 Worker 3 processing task 39 requiring operations [7, 9]
93 Worker 3 forwarding task 39
93 Worker 1 processing task 45 requiring operations [6, 5]
93 Worker 1 forwarding task 45
93 Worker 0 processing task 37 requiring operations [10]
93 Worker 0 performing operation 10 on task 37
93 Worker 2 processing task 35 requiring operations [10]
93 Worker 2 forwarding task 35
94 Generated task 47
94 Worker 0 accepting task 47
94 Worker 3 accepting task 42
94 Worker 0 accepting task 39
94 Worker 3 accepting task 45
94 Task 37 completed!
94 Worker 3 accepting task 35
94 Worker 4 processing task 41 requiring operations [2]
94 Worker 4 forwarding task 41
94 Worker 3 processing task 38 requiring operations [10]
94 Worker 3 forwarding task 38
94 Worker 1 processing task 44 requiring operations [5]
94 Worker 1 forwarding task 44
94 Worker 0 processing task 47 requiring operations [2, 4, 8]
94 Worker 0 forwarding task 47
94 Worker 2 processing task 43 requiring operations [9]
94 Worker 2 forwarding task 43
95 Worker 3 accepting task 41
95 Worker 0 accepting task 38
95 Worker 3 accepting task 44
95 Worker 3 accepting task 47
95 Worker 3 accepting task 43
95 Worker 4 processing task 46 requiring operations [10, 9, 7]
95 Worker 4 performing operation 7 on task 46
95 Worker 3 processing task 42 requiring operations [9]
95 Worker 3 forwarding task 42
95 Worker 0 processing task 39 requiring operations [7, 9]
95 Worker 0 forwarding task 39
96 Generated task 48
96 Worker 1 accepting task 48
96 Worker 4 accepting task 46
96 Worker 1 accepting task 42
96 Worker 3 accepting task 39
96 Worker 4 processing task 46 requiring operations [10, 9]
96 Worker 4 forwarding task 46
96 Worker 3 processing task 45 requiring operations [6, 5]
96 Worker 3 performing operation 5 on task 45
96 Worker 0 processing task 38 requiring operations [10]
96 Worker 0 performing operation 10 on task 38
96 Worker 1 processing task 48 requiring operations [9, 6, 8]
96 Worker 1 performing operation 9 on task 48
97 Worker 1 accepting task 46
97 Worker 3 accepting task 45
97 Task 38 completed!
97 Worker 1 accepting task 48
97 Worker 3 processing task 35 requiring operations [10]
97 Worker 3 forwarding task 35
97 Worker 1 processing task 42 requiring operations [9]
97 Worker 1 performing operation 9 on task 42
98 Generated task 49
98 Worker 1 accepting task 49
98 Worker 0 accepting task 35
98 Task 42 completed!
98 Worker 3 processing task 41 requiring operations [2]
98 Worker 3 forwarding task 41
98 Worker 1 processing task 46 requiring operations [10, 9]
98 Worker 1 performing operation 9 on task 46
98 Worker 0 processing task 35 requiring operations [10]
98 Worker 0 performing operation 10 on task 35
99 Worker 0 accepting task 41
99 Worker 1 accepting task 46
99 Task 35 completed!
99 Worker 3 processing task 44 requiring operations [5]
99 Worker 3 performing operation 5 on task 44
99 Worker 1 processing task 48 requiring operations [6, 8]
99 Worker 1 forwarding task 48
99 Worker 0 processing task 41 requiring operations [2]
99 Worker 0 forwarding task 41
100 Generated task 50
100 Worker 1 accepting task 50
100 Task 44 completed!
100 Worker 2 accepting task 48
100 Worker 3 accepting task 41
100 Worker 3 processing task 47 requiring operations [2, 4, 8]
100 Worker 3 performing operation 8 on task 47
100 Worker 1 processing task 49 requiring operations [9, 4, 8]
100 Worker 1 performing operation 4 on task 49
100 Worker 2 processing task 48 requiring operations [6, 8]
100 Worker 2 performing operation 6 on task 48
101 Worker 3 accepting task 47
101 Worker 1 accepting task 49
101 Worker 2 accepting task 48
101 Worker 3 processing task 43 requiring operations [9]
101 Worker 3 forwarding task 43
101 Worker 1 processing task 46 requiring operations [10]
101 Worker 1 forwarding task 46
101 Worker 2 processing task 48 requiring operations [8]
101 Worker 2 forwarding task 48
102 Generated task 51
102 Worker 1 accepting task 51
102 Worker 1 accepting task 43
102 Worker 2 accepting task 46
102 Worker 4 accepting task 48
102 Worker 3 processing task 39 requiring operations [7, 9]
102 Worker 3 forwarding task 39
102 Worker 1 processing task 50 requiring operations [1, 9, 8]
102 Worker 1 performing operation 9 on task 50
102 Worker 2 processing task 46 requiring operations [10]
102 Worker 2 forwarding task 46
102 Worker 4 processing task 48 requiring operations [8]
102 Worker 4 forwarding task 48
103 Worker 4 accepting task 39
103 Worker 1 accepting task 50
103 Worker 4 accepting task 46
103 Worker 0 accepting task 48
103 Worker 3 processing task 45 requiring operations [6]
103 Worker 3 forwarding task 45
103 Worker 1 processing task 49 requiring operations [9, 8]
103 Worker 1 performing operation 9 on task 49
103 Worker 4 processing task 39 requiring operations [7, 9]
103 Worker 4 performing operation 7 on task 39
103 Worker 0 processing task 48 requiring operations [8]
103 Worker 0 forwarding task 48
104 Generated task 52
104 Worker 1 accepting task 52
104 Worker 0 accepting task 45
104 Worker 1 accepting task 49
104 Worker 4 accepting task 39
104 Worker 1 accepting task 48
104 Worker 3 processing task 41 requiring operations [2]
104 Worker 3 forwarding task 41
104 Worker 1 processing task 51 requiring operations [5, 7, 1]
104 Worker 1 forwarding task 51
104 Worker 4 processing task 46 requiring operations [10]
104 Worker 4 forwarding task 46
104 Worker 0 processing task 45 requiring operations [6]
104 Worker 0 forwarding task 45
105 Worker 2 accepting task 41
105 Worker 4 accepting task 51
105 Worker 2 accepting task 46
105 Worker 4 accepting task 45
105 Worker 3 processing task 47 requiring operations [2, 4]
105 Worker 3 forwarding task 47
105 Worker 1 processing task 43 requiring operations [9]
105 Worker 1 performing operation 9 on task 43
105 Worker 4 processing task 39 requiring operations [9]
105 Worker 4 forwarding task 39
105 Worker 2 processing task 41 requiring operations [2]
105 Worker 2 performing operation 2 on task 41
106 Generated task 53
106 Worker 1 accepting task 53
106 Worker 1 accepting task 47
106 Task 43 completed!
106 Worker 3 accepting task 39
106 Task 41 completed!
106 Worker 1 processing task 50 requiring operations [1, 8]
106 Worker 1 forwarding task 50
106 Worker 4 processing task 51 requiring operations [5, 7, 1]
106 Worker 4 performing operation 7 on task 51
106 Worker 2 processing task 46 requiring operations [10]
106 Worker 2 forwarding task 46
106 Worker 3 processing task 39 requiring operations [9]
106 Worker 3 forwarding task 39
107 Worker 4 accepting task 50
107 Worker 4 accepting task 51
107 Worker 3 accepting task 46
107 Worker 1 accepting task 39
107 Worker 1 processing task 52 requiring operations [5, 7, 1]
107 Worker 1 forwarding task 52
107 Worker 4 processing task 45 requiring operations [6]
107 Worker 4 performing operation 6 on task 45
107 Worker 3 processing task 46 requiring operations [10]
107 Worker 3 forwarding task 46
108 Generated task 54
108 Worker 1 accepting task 54
108 Worker 4 accepting task 52
108 Task 45 completed!
108 Worker 4 accepting task 46
108 Worker 1 processing task 49 requiring operations [8]
108 Worker 1 forwarding task 49
108 Worker 4 processing task 50 requiring operations [1, 8]
108 Worker 4 performing operation 1 on task 50
109 Worker 0 accepting task 49
109 Worker 4 accepting task 50
109 Worker 1 processing task 48 requiring operations [8]
109 Worker 1 forwarding task 48
109 Worker 4 processing task 51 requiring operations [5, 1]
109 Worker 4 performing operation 1 on task 51
109 Worker 0 processing task 49 requiring operations [8]
109 Worker 0 forwarding task 49
110 Generated task 55
110 Worker 1 accepting task 55
110 Worker 0 accepting task 48
110 Worker 4 accepting task 51
110 Worker 4 accepting task 49
110 Worker 1 processing task 53 requiring operations [7, 6, 1]
110 Worker 1 forwarding task 53
110 Worker 4 processing task 52 requiring operations [5, 7, 1]
110 Worker 4 performing operation 7 on task 52
110 Worker 0 processing task 48 requiring operations [8]
110 Worker 0 forwarding task 48
111 Worker 2 accepting task 53
111 Worker 4 accepting task 52
111 Worker 2 accepting task 48
111 Worker 1 processing task 47 requiring operations [2, 4]
111 Worker 1 performing operation 4 on task 47
111 Worker 4 processing task 46 requiring operations [10]
111 Worker 4 forwarding task 46
111 Worker 2 processing task 53 requiring operations [7, 6, 1]
111 Worker 2 performing operation 6 on task 53
112 Generated task 56
112 Worker 1 accepting task 56
112 Worker 1 accepting task 47
112 Worker 1 accepting task 46
112 Worker 2 accepting task 53
112 Worker 1 processing task 39 requiring operations [9]
112 Worker 1 performing operation 9 on task 39
112 Worker 4 processing task 50 requiring operations [8]
112 Worker 4 forwarding task 50
112 Worker 2 processing task 48 requiring operations [8]
112 Worker 2 forwarding task 48
113 Task 39 completed!
113 Worker 0 accepting task 50
113 Worker 1 accepting task 48
113 Worker 1 processing task 54 requiring operations [9, 7, 4]
113 Worker 1 performing operation 4 on task 54
113 Worker 4 processing task 51 requiring operations [5]
113 Worker 4 forwarding task 51
113 Worker 2 processing task 53 requiring operations [7, 1]
113 Worker 2 forwarding task 53
113 Worker 0 processing task 50 requiring operations [8]
113 Worker 0 forwarding task 50
114 Generated task 57
114 Worker 2 accepting task 57
114 Worker 1 accepting task 54
114 Worker 1 accepting task 51
114 Worker 1 accepting task 53
114 Worker 4 accepting task 50
114 Worker 1 processing task 55 requiring operations [3, 2, 5]
114 Worker 1 forwarding task 55
114 Worker 4 processing task 49 requiring operations [8]
114 Worker 4 forwarding task 49
114 Worker 2 processing task 57 requiring operations [6, 4, 10]
114 Worker 2 performing operation 6 on task 57
115 Worker 2 accepting task 55
115 Worker 2 accepting task 49
115 Worker 2 accepting task 57
115 Worker 1 processing task 56 requiring operations [1, 3, 6]
115 Worker 1 forwarding task 56
115 Worker 4 processing task 52 requiring operations [5, 1]
115 Worker 4 performing operation 1 on task 52
115 Worker 2 processing task 55 requiring operations [3, 2, 5]
115 Worker 2 performing operation 2 on task 55
116 Generated task 58
116 Worker 4 accepting task 58
116 Worker 4 accepting task 56
116 Worker 4 accepting task 52
116 Worker 2 accepting task 55
116 Worker 1 processing task 47 requiring operations [2]
116 Worker 1 forwarding task 47
116 Worker 4 processing task 50 requiring operations [8]
116 Worker 4 forwarding task 50
116 Worker 2 processing task 49 requiring operations [8]
116 Worker 2 forwarding task 49
117 Worker 4 accepting task 47
117 Worker 2 accepting task 50
117 Worker 1 accepting task 49
117 Worker 1 processing task 46 requiring operations [10]
117 Worker 1 forwarding task 46
117 Worker 4 processing task 58 requiring operations [10, 3, 7]
117 Worker 4 performing operation 7 on task 58
117 Worker 2 processing task 57 requiring operations [4, 10]
117 Worker 2 forwarding task 57
118 Generated task 59
118 Worker 3 accepting task 59
118 Worker 4 accepting task 46
118 Worker 4 accepting task 58
118 Worker 1 accepting task 57
118 Worker 1 processing task 48 requiring operations [8]
118 Worker 1 forwarding task 48
118 Worker 4 processing task 56 requiring operations [1, 3, 6]
118 Worker 4 performing operation 1 on task 56
118 Worker 2 processing task 55 requiring operations [3, 5]
118 Worker 2 performing operation 5 on task 55
118 Worker 3 processing task 59 requiring operations [1, 8, 10]
118 Worker 3 performing operation 8 on task 59
119 Worker 4 accepting task 48
119 Worker 4 accepting task 56
119 Worker 2 accepting task 55
119 Worker 3 accepting task 59
119 Worker 1 processing task 54 requiring operations [9, 7]
119 Worker 1 performing operation 9 on task 54
119 Worker 4 processing task 52 requiring operations [5]
119 Worker 4 forwarding task 52
119 Worker 2 processing task 50 requiring operations [8]
119 Worker 2 forwarding task 50
119 Worker 3 processing task 59 requiring operations [1, 10]
119 Worker 3 forwarding task 59
120 Generated task 60
120 Worker 2 accepting task 60
120 Worker 1 accepting task 54
120 Worker 0 accepting task 52
120 Worker 1 accepting task 50
120 Worker 0 accepting task 59
120 Worker 1 processing task 51 requiring operations [5]
120 Worker 1 forwarding task 51
120 Worker 4 processing task 47 requiring operations [2]
120 Worker 4 forwarding task 47
120 Worker 2 processing task 55 requiring operations [3]
120 Worker 2 forwarding task 55
120 Worker 0 processing task 52 requiring operations [5]
120 Worker 0 forwarding task 52
121 Worker 4 accepting task 51
121 Worker 1 accepting task 47
121 Worker 3 accepting task 55
121 Worker 2 accepting task 52
121 Worker 1 processing task 53 requiring operations [7, 1]
121 Worker 1 forwarding task 53
121 Worker 4 processing task 46 requiring operations [10]
121 Worker 4 forwarding task 46
121 Worker 2 processing task 60 requiring operations [4, 2, 3]
121 Worker 2 performing operation 2 on task 60
121 Worker 0 processing task 59 requiring operations [1, 10]
121 Worker 0 performing operation 10 on task 59
121 Worker 3 processing task 55 requiring operations [3]
121 Worker 3 performing operation 3 on task 55
122 Generated task 61
122 Worker 0 accepting task 61
122 Worker 2 accepting task 53
122 Worker 0 accepting task 46
122 Worker 2 accepting task 60
122 Worker 0 accepting task 59
122 Task 55 completed!
122 Worker 1 processing task 49 requiring operations [8]
122 Worker 1 forwarding task 49
122 Worker 4 processing task 58 requiring operations [10, 3]
122 Worker 4 performing operation 3 on task 58
122 Worker 2 processing task 52 requiring operations [5]
122 Worker 2 performing operation 5 on task 52
122 Worker 0 processing task 61 requiring operations [2, 5, 9]
122 Worker 0 forwarding task 61
123 Worker 3 accepting task 49
123 Worker 4 accepting task 58
123 Task 52 completed!
123 Worker 1 accepting task 61
123 Worker 1 processing task 57 requiring operations [4, 10]
123 Worker 1 performing operation 4 on task 57
123 Worker 4 processing task 48 requiring operations [8]
123 Worker 4 forwarding task 48
123 Worker 2 processing task 53 requiring operations [7, 1]
123 Worker 2 forwarding task 53
123 Worker 0 processing task 46 requiring operations [10]
123 Worker 0 performing operation 10 on task 46
123 Worker 3 processing task 49 requiring operations [8]
123 Worker 3 performing operation 8 on task 49
124 Generated task 62
124 Worker 1 accepting task 62
124 Worker 1 accepting task 57
124 Worker 3 accepting task 48
124 Worker 4 accepting task 53
124 Task 46 completed!
124 Task 49 completed!
124 Worker 1 processing task 54 requiring operations [7]
124 Worker 1 forwarding task 54
124 Worker 4 processing task 56 requiring operations [3, 6]
124 Worker 4 performing operation 6 on task 56
124 Worker 2 processing task 60 requiring operations [4, 3]
124 Worker 2 forwarding task 60
124 Worker 0 processing task 59 requiring operations [1]
124 Worker 0 forwarding task 59
124 Worker 3 processing task 48 requiring operations [8]
124 Worker 3 performing operation 8 on task 48
125 Worker 4 accepting task 54
125 Worker 4 accepting task 56
125 Worker 0 accepting task 60
125 Worker 4 accepting task 59
125 Task 48 completed!
125 Worker 1 processing task 50 requiring operations [8]
125 Worker 1 forwarding task 50
125 Worker 4 processing task 51 requiring operations [5]
125 Worker 4 forwarding task 51
125 Worker 0 processing task 60 requiring operations [4, 3]
125 Worker 0 performing operation 3 on task 60
126 Generated task 63
126 Worker 2 accepting task 63
126 Worker 4 accepting task 50
126 Worker 0 accepting task 51
126 Worker 0 accepting task 60
126 Worker 1 processing task 47 requiring operations [2]
126 Worker 1 forwarding task 47
126 Worker 4 processing task 58 requiring operations [10]
126 Worker 4 forwarding task 58
126 Worker 0 processing task 51 requiring operations [5]
126 Worker 0 forwarding task 51
126 Worker 2 processing task 63 requiring operations [8, 10, 4]
126 Worker 2 forwarding task 63
127 Worker 4 accepting task 47
127 Worker 3 accepting task 58
127 Worker 3 accepting task 51
127 Worker 0 accepting task 63
127 Worker 1 processing task 61 requiring operations [2, 5, 9]
127 Worker 1 performing operation 9 on task 61
127 Worker 4 processing task 53 requiring operations [7, 1]
127 Worker 4 performing operation 1 on task 53
127 Worker 0 processing task 60 requiring operations [4]
127 Worker 0 forwarding task 60
127 Worker 3 processing task 58 requiring operations [10]
127 Worker 3 forwarding task 58
128 Generated task 64
128 Worker 1 accepting task 64
128 Worker 1 accepting task 61
128 Worker 4 accepting task 53
128 Worker 1 accepting task 60
128 Worker 2 accepting task 58
128 Worker 1 processing task 62 requiring operations [10, 6, 4]
128 Worker 1 performing operation 4 on task 62
128 Worker 4 processing task 54 requiring operations [7]
128 Worker 4 performing operation 7 on task 54
128 Worker 0 processing task 63 requiring operations [8, 10, 4]
128 Worker 0 performing operation 10 on task 63
128 Worker 3 processing task 51 requiring operations [5]
128 Worker 3 performing operation 5 on task 51
128 Worker 2 processing task 58 requiring operations [10]
128 Worker 2 forwarding task 58
129 Worker 1 accepting task 62
129 Task 54 completed!
129 Worker 0 accepting task 63
129 Task 51 completed!
129 Worker 3 accepting task 58
129 Worker 1 processing task 57 requiring operations [10]
129 Worker 1 forwarding task 57
129 Worker 4 processing task 56 requiring operations [3]
129 Worker 4 performing operation 3 on task 56
129 Worker 0 processing task 63 requiring operations [8, 4]
129 Worker 0 forwarding task 63
129 Worker 3 processing task 58 requiring operations [10]
129 Worker 3 forwarding task 58
130 Generated task 65
130 Worker 4 accepting task 65
130 Worker 0 accepting task 57
130 Task 56 completed!
130 Worker 4 accepting task 63
130 Worker 2 accepting task 58
130 Worker 1 processing task 64 requiring operations [10, 9, 7]
130 Worker 1 performing operation 9 on task 64
130 Worker 4 processing task 59 requiring operations [1]
130 Worker 4 performing operation 1 on task 59
130 Worker 0 processing task 57 requiring operations [10]
130 Worker 0 performing operation 10 on task 57
130 Worker 2 processing task 58 requiring operations [10]
130 Worker 2 forwarding task 58
131 Worker 1 accepting task 64
131 Task 59 completed!
131 Task 57 completed!
131 Worker 4 accepting task 58
131 Worker 1 processing task 61 requiring operations [2, 5]
131 Worker 1 forwarding task 61
131 Worker 4 processing task 50 requiring operations [8]
131 Worker 4 forwarding task 50
132 Generated task 66
132 Worker 1 accepting task 66
132 Worker 3 accepting task 61
132 Worker 3 accepting task 50
132 Worker 1 processing task 60 requiring operations [4]
132 Worker 1 performing operation 4 on task 60
132 Worker 4 processing task 47 requiring operations [2]
132 Worker 4 forwarding task 47
132 Worker 3 processing task 61 requiring operations [2, 5]
132 Worker 3 performing operation 5 on task 61
133 Task 60 completed!
133 Worker 2 accepting task 47
133 Worker 3 accepting task 61
133 Worker 1 processing task 62 requiring operations [10, 6]
133 Worker 1 forwarding task 62
133 Worker 4 processing task 53 requiring operations [7]
133 Worker 4 performing operation 7 on task 53
133 Worker 3 processing task 50 requiring operations [8]
133 Worker 3 performing operation 8 on task 50
133 Worker 2 processing task 47 requiring operations [2]
133 Worker 2 performing operation 2 on task 47
134 Generated task 67
134 Worker 3 accepting task 67
134 Worker 2 accepting task 62
134 Task 53 completed!
134 Task 50 completed!
134 Task 47 completed!
134 Worker 1 processing task 64 requiring operations [10, 7]
134 Worker 1 forwarding task 64
134 Worker 4 processing task 65 requiring operations [7, 6, 8]
134 Worker 4 performing operation 7 on task 65
134 Worker 3 processing task 61 requiring operations [2]
134 Worker 3 forwarding task 61
134 Worker 2 processing task 62 requiring operations [10, 6]
134 Worker 2 performing operation 6 on task 62
135 Worker 4 accepting task 64
135 Worker 4 accepting task 65
135 Worker 1 accepting task 61
135 Worker 2 accepting task 62
135 Worker 1 processing task 66 requiring operations [9, 3, 4]
135 Worker 1 performing operation 9 on task 66
135 Worker 4 processing task 63 requiring operations [8, 4]
135 Worker 4 forwarding task 63
135 Worker 3 processing task 67 requiring operations [3, 9, 8]
135 Worker 3 performing operation 8 on task 67
135 Worker 2 processing task 62 requiring operations [10]
135 Worker 2 forwarding task 62
136 Generated task 68
136 Worker 3 accepting task 68
136 Worker 1 accepting task 66
136 Worker 1 accepting task 63
136 Worker 3 accepting task 67
136 Worker 3 accepting task 62
136 Worker 1 processing task 61 requiring operations [2]
136 Worker 1 forwarding task 61
136 Worker 4 processing task 58 requiring operations [10]
136 Worker 4 forwarding task 58
136 Worker 3 processing task 68 requiring operations [7, 2, 1]
136 Worker 3 forwarding task 68
137 Worker 4 accepting task 61
137 Worker 1 accepting task 58
137 Worker 2 accepting task 68
137 Worker 1 processing task 66 requiring operations [3, 4]
137 Worker 1 performing operation 4 on task 66
137 Worker 4 processing task 64 requiring operations [10, 7]
137 Worker 4 performing operation 7 on task 64
137 Worker 3 processing task 67 requiring operations [3, 9]
137 Worker 3 performing operation 3 on task 67
137 Worker 2 processing task 68 requiring operations [7, 2, 1]
137 Worker 2 performing operation 2 on task 68
138 Generated task 69
138 Worker 0 accepting task 69
138 Worker 1 accepting task 66
138 Worker 4 accepting task 64
138 Worker 3 accepting task 67
138 Worker 2 accepting task 68
138 Worker 1 processing task 63 requiring operations [8, 4]
138 Worker 1 performing operation 4 on task 63
138 Worker 4 processing task 65 requiring operations [6, 8]
138 Worker 4 performing operation 6 on task 65
138 Worker 3 processing task 62 requiring operations [10]
138 Worker 3 forwarding task 62
138 Worker 2 processing task 68 requiring operations [7, 1]
138 Worker 2 forwarding task 68
138 Worker 0 processing task 69 requiring operations [2, 9, 3]
138 Worker 0 performing operation 3 on task 69
139 Worker 1 accepting task 63
139 Worker 4 accepting task 65
139 Worker 1 accepting task 62
139 Worker 3 accepting task 68
139 Worker 0 accepting task 69
139 Worker 1 processing task 58 requiring operations [10]
139 Worker 1 forwarding task 58
139 Worker 4 processing task 61 requiring operations [2]
139 Worker 4 forwarding task 61
139 Worker 3 processing task 67 requiring operations [9]
139 Worker 3 forwarding task 67
139 Worker 0 processing task 69 requiring operations [2, 9]
139 Worker 0 forwarding task 69
140 Generated task 70
140 Worker 0 accepting task 70
140 Worker 0 accepting task 58
140 Worker 2 accepting task 61
140 Worker 0 accepting task 67
140 Worker 4 accepting task 69
140 Worker 1 processing task 66 requiring operations [3]
140 Worker 1 forwarding task 66
140 Worker 4 processing task 64 requiring operations [10]
140 Worker 4 forwarding task 64
140 Worker 3 processing task 68 requiring operations [7, 1]
140 Worker 3 forwarding task 68
140 Worker 0 processing task 70 requiring operations [4, 9, 10]
140 Worker 0 performing operation 10 on task 70
140 Worker 2 processing task 61 requiring operations [2]
140 Worker 2 performing operation 2 on task 61
