Worker 0 can perform operations {8, 10}
Worker 1 can perform operations {1, 9, 7}
Worker 2 can perform operations {2, 5, 6, 8, 10}
Worker 3 can perform operations {3, 4, 8, 9, 10}
Worker 4 can perform operations {10}
Building network type full-connect
Worker 0 connecting to worker 1
Worker 0 connecting to worker 2
Worker 0 connecting to worker 3
Worker 0 connecting to worker 4
Worker 1 connecting to worker 0
Worker 1 connecting to worker 2
Worker 1 connecting to worker 3
Worker 1 connecting to worker 4
Worker 2 connecting to worker 0
Worker 2 connecting to worker 1
Worker 2 connecting to worker 3
Worker 2 connecting to worker 4
Worker 3 connecting to worker 0
Worker 3 connecting to worker 1
Worker 3 connecting to worker 2
Worker 3 connecting to worker 4
Worker 4 connecting to worker 0
Worker 4 connecting to worker 1
Worker 4 connecting to worker 2
Worker 4 connecting to worker 3
Entry nodes are [0, 1, 2, 3, 4]
0 Generated task 0
0 Worker 1 accepting task 0
0 Worker 1 processing task 0 requiring operations [7, 5, 1]
0 Worker 1 performing operation 7 on task 0
1 Worker 1 accepting task 0
1 Worker 1 processing task 0 requiring operations [5, 1]
1 Worker 1 performing operation 1 on task 0
2 Generated task 1
2 Worker 4 accepting task 1
2 Worker 1 accepting task 0
2 Worker 1 processing task 0 requiring operations [5]
2 Worker 1 forwarding task 0
2 Worker 4 processing task 1 requiring operations [2, 1, 8]
2 Worker 4 forwarding task 1
3 Worker 4 accepting task 0
3 Worker 3 accepting task 1
3 Worker 4 processing task 0 requiring operations [5]
3 Worker 4 forwarding task 0
3 Worker 3 processing task 1 requiring operations [2, 1, 8]
3 Worker 3 performing operation 8 on task 1
4 Generated task 2
4 Worker 4 accepting task 2
4 Worker 0 accepting task 0
4 Worker 3 accepting task 1
4 Worker 4 processing task 2 requiring operations [4, 5, 1]
4 Worker 4 forwarding task 2
4 Worker 3 processing task 1 requiring operations [2, 1]
4 Worker 3 forwarding task 1
4 Worker 0 processing task 0 requiring operations [5]
4 Worker 0 forwarding task 0
5 Worker 2 accepting task 2
5 Worker 0 accepting task 1
5 Worker 3 accepting task 0
5 Worker 0 processing task 1 requiring operations [2, 1]
5 Worker 0 forwarding task 1
5 Worker 2 processing task 2 requiring operations [4, 5, 1]
5 Worker 2 performing operation 5 on task 2
5 Worker 3 processing task 0 requiring operations [5]
5 Worker 3 forwarding task 0
6 Generated task 3
6 Worker 0 accepting task 3
6 Worker 3 accepting task 1
6 Worker 2 accepting task 2
6 Worker 1 accepting task 0
6 Worker 0 processing task 3 requiring operations [4, 10, 8]
6 Worker 0 performing operation 8 on task 3
6 Worker 2 processing task 2 requiring operations [4, 1]
6 Worker 2 forwarding task 2
6 Worker 3 processing task 1 requiring operations [2, 1]
6 Worker 3 forwarding task 1
6 Worker 1 processing task 0 requiring operations [5]
6 Worker 1 forwarding task 0
7 Worker 0 accepting task 3
7 Worker 0 accepting task 2
7 Worker 4 accepting task 1
7 Worker 2 accepting task 0
7 Worker 0 processing task 3 requiring operations [4, 10]
7 Worker 0 performing operation 10 on task 3
7 Worker 4 processing task 1 requiring operations [2, 1]
7 Worker 4 forwarding task 1
7 Worker 2 processing task 0 requiring operations [5]
7 Worker 2 performing operation 5 on task 0
8 Generated task 4
8 Worker 0 accepting task 4
8 Worker 0 accepting task 3
8 Worker 3 accepting task 1
8 Task 0 completed!
8 Worker 0 processing task 2 requiring operations [4, 1]
8 Worker 0 forwarding task 2
8 Worker 3 processing task 1 requiring operations [2, 1]
8 Worker 3 forwarding task 1
9 Worker 2 accepting task 2
9 Worker 1 accepting task 1
9 Worker 0 processing task 4 requiring operations [9, 7, 6]
9 Worker 0 forwarding task 4
9 Worker 2 processing task 2 requiring operations [4, 1]
9 Worker 2 forwarding task 2
9 Worker 1 processing task 1 requiring operations [2, 1]
9 Worker 1 performing operation 1 on task 1
10 Generated task 5
10 Worker 0 accepting task 5
10 Worker 4 accepting task 4
10 Worker 0 accepting task 2
10 Worker 1 accepting task 1
10 Worker 0 processing task 3 requiring operations [4]
10 Worker 0 forwarding task 3
10 Worker 1 processing task 1 requiring operations [2]
10 Worker 1 forwarding task 1
10 Worker 4 processing task 4 requiring operations [9, 7, 6]
10 Worker 4 forwarding task 4
11 Worker 4 accepting task 3
11 Worker 0 accepting task 1
11 Worker 2 accepting task 4
11 Worker 0 processing task 5 requiring operations [5, 6, 7]
11 Worker 0 forwarding task 5
11 Worker 4 processing task 3 requiring operations [4]
11 Worker 4 forwarding task 3
11 Worker 2 processing task 4 requiring operations [9, 7, 6]
11 Worker 2 performing operation 6 on task 4
12 Generated task 6
12 Worker 1 accepting task 6
12 Worker 1 accepting task 5
12 Worker 1 accepting task 3
12 Worker 2 accepting task 4
12 Worker 0 processing task 2 requiring operations [4, 1]
12 Worker 0 forwarding task 2
12 Worker 2 processing task 4 requiring operations [9, 7]
12 Worker 2 forwarding task 4
12 Worker 1 processing task 6 requiring operations [10, 5, 3]
12 Worker 1 forwarding task 6
13 Worker 3 accepting task 2
13 Worker 3 accepting task 4
13 Worker 4 accepting task 6
13 Worker 0 processing task 1 requiring operations [2]
13 Worker 0 forwarding task 1
13 Worker 1 processing task 5 requiring operations [5, 6, 7]
13 Worker 1 performing operation 7 on task 5
13 Worker 3 processing task 2 requiring operations [4, 1]
13 Worker 3 performing operation 4 on task 2
13 Worker 4 processing task 6 requiring operations [10, 5, 3]
13 Worker 4 performing operation 10 on task 6
14 Generated task 7
14 Worker 1 accepting task 7
14 Worker 1 accepting task 1
14 Worker 1 accepting task 5
14 Worker 3 accepting task 2
14 Worker 4 accepting task 6
14 Worker 1 processing task 3 requiring operations [4]
14 Worker 1 forwarding task 3
14 Worker 3 processing task 4 requiring operations [9, 7]
14 Worker 3 performing operation 9 on task 4
14 Worker 4 processing task 6 requiring operations [5, 3]
14 Worker 4 forwarding task 6
15 Worker 4 accepting task 3
15 Worker 3 accepting task 4
15 Worker 1 accepting task 6
15 Worker 1 processing task 7 requiring operations [4, 2, 8]
15 Worker 1 forwarding task 7
15 Worker 3 processing task 2 requiring operations [1]
15 Worker 3 forwarding task 2
15 Worker 4 processing task 3 requiring operations [4]
15 Worker 4 forwarding task 3
16 Generated task 8
16 Worker 0 accepting task 8
16 Worker 3 accepting task 7
16 Worker 1 accepting task 2
16 Worker 0 accepting task 3
16 Worker 1 processing task 1 requiring operations [2]
16 Worker 1 forwarding task 1
16 Worker 3 processing task 4 requiring operations [7]
16 Worker 3 forwarding task 4
16 Worker 0 processing task 8 requiring operations [10, 5, 4]
16 Worker 0 performing operation 10 on task 8
17 Worker 3 accepting task 1
17 Worker 4 accepting task 4
17 Worker 0 accepting task 8
17 Worker 1 processing task 5 requiring operations [5, 6]
17 Worker 1 forwarding task 5
17 Worker 3 processing task 7 requiring operations [4, 2, 8]
17 Worker 3 performing operation 8 on task 7
17 Worker 0 processing task 3 requiring operations [4]
17 Worker 0 forwarding task 3
17 Worker 4 processing task 4 requiring operations [7]
17 Worker 4 forwarding task 4
18 Generated task 9
18 Worker 1 accepting task 9
18 Worker 2 accepting task 5
18 Worker 3 accepting task 7
18 Worker 2 accepting task 3
18 Worker 0 accepting task 4
18 Worker 1 processing task 6 requiring operations [5, 3]
18 Worker 1 forwarding task 6
18 Worker 3 processing task 1 requiring operations [2]
18 Worker 3 forwarding task 1
18 Worker 0 processing task 8 requiring operations [5, 4]
18 Worker 0 forwarding task 8
18 Worker 2 processing task 5 requiring operations [5, 6]
18 Worker 2 performing operation 5 on task 5
19 Worker 2 accepting task 6
19 Worker 4 accepting task 1
19 Worker 1 accepting task 8
19 Worker 2 accepting task 5
19 Worker 1 processing task 2 requiring operations [1]
19 Worker 1 performing operation 1 on task 2
19 Worker 3 processing task 7 requiring operations [4, 2]
19 Worker 3 performing operation 4 on task 7
19 Worker 0 processing task 4 requiring operations [7]
19 Worker 0 forwarding task 4
19 Worker 2 processing task 3 requiring operations [4]
19 Worker 2 forwarding task 3
19 Worker 4 processing task 1 requiring operations [2]
19 Worker 4 forwarding task 1
20 Generated task 10
20 Worker 4 accepting task 10
20 Task 2 completed!
20 Worker 3 accepting task 7
20 Worker 2 accepting task 4
20 Worker 3 accepting task 3
20 Worker 3 accepting task 1
20 Worker 1 processing task 9 requiring operations [2, 7, 3]
20 Worker 1 performing operation 7 on task 9
20 Worker 3 processing task 7 requiring operations [2]
20 Worker 3 forwarding task 7
20 Worker 2 processing task 6 requiring operations [5, 3]
20 Worker 2 performing operation 5 on task 6
20 Worker 4 processing task 10 requiring operations [4, 3, 5]
20 Worker 4 forwarding task 10
21 Worker 1 accepting task 9
21 Worker 2 accepting task 7
21 Worker 2 accepting task 6
21 Worker 3 accepting task 10
21 Worker 1 processing task 8 requiring operations [5, 4]
21 Worker 1 forwarding task 8
21 Worker 3 processing task 3 requiring operations [4]
21 Worker 3 performing operation 4 on task 3
21 Worker 2 processing task 5 requiring operations [6]
21 Worker 2 performing operation 6 on task 5
22 Generated task 11
22 Worker 3 accepting task 11
22 Worker 4 accepting task 8
22 Task 3 completed!
22 Task 5 completed!
22 Worker 1 processing task 9 requiring operations [2, 3]
22 Worker 1 forwarding task 9
22 Worker 3 processing task 1 requiring operations [2]
22 Worker 3 forwarding task 1
22 Worker 2 processing task 4 requiring operations [7]
22 Worker 2 forwarding task 4
22 Worker 4 processing task 8 requiring operations [5, 4]
22 Worker 4 forwarding task 8
23 Worker 3 accepting task 9
23 Worker 4 accepting task 1
23 Worker 0 accepting task 4
23 Worker 0 accepting task 8
23 Worker 3 processing task 10 requiring operations [4, 3, 5]
23 Worker 3 performing operation 4 on task 10
23 Worker 2 processing task 7 requiring operations [2]
23 Worker 2 performing operation 2 on task 7
23 Worker 4 processing task 1 requiring operations [2]
23 Worker 4 forwarding task 1
23 Worker 0 processing task 4 requiring operations [7]
23 Worker 0 forwarding task 4
24 Generated task 12
24 Worker 1 accepting task 12
24 Worker 3 accepting task 10
24 Task 7 completed!
24 Worker 0 accepting task 1
24 Worker 3 accepting task 4
24 Worker 3 processing task 11 requiring operations [1, 7, 5]
24 Worker 3 forwarding task 11
24 Worker 2 processing task 6 requiring operations [3]
24 Worker 2 forwarding task 6
24 Worker 0 processing task 8 requiring operations [5, 4]
24 Worker 0 forwarding task 8
24 Worker 1 processing task 12 requiring operations [6, 9, 7]
24 Worker 1 performing operation 9 on task 12
25 Worker 2 accepting task 11
25 Worker 4 accepting task 6
25 Worker 3 accepting task 8
25 Worker 1 accepting task 12
25 Worker 3 processing task 9 requiring operations [2, 3]
25 Worker 3 performing operation 3 on task 9
25 Worker 2 processing task 11 requiring operations [1, 7, 5]
25 Worker 2 performing operation 5 on task 11
25 Worker 0 processing task 1 requiring operations [2]
25 Worker 0 forwarding task 1
25 Worker 1 processing task 12 requiring operations [6, 7]
25 Worker 1 performing operation 7 on task 12
25 Worker 4 processing task 6 requiring operations [3]
25 Worker 4 forwarding task 6
26 Generated task 13
26 Worker 3 accepting task 13
26 Worker 3 accepting task 9
26 Worker 2 accepting task 11
26 Worker 3 accepting task 1
26 Worker 1 accepting task 12
26 Worker 1 accepting task 6
26 Worker 3 processing task 10 requiring operations [3, 5]
26 Worker 3 performing operation 3 on task 10
26 Worker 2 processing task 11 requiring operations [1, 7]
26 Worker 2 forwarding task 11
26 Worker 1 processing task 12 requiring operations [6]
26 Worker 1 forwarding task 12
27 Worker 3 accepting task 10
27 Worker 4 accepting task 11
27 Worker 3 accepting task 12
27 Worker 3 processing task 4 requiring operations [7]
27 Worker 3 forwarding task 4
27 Worker 1 processing task 6 requiring operations [3]
27 Worker 1 forwarding task 6
27 Worker 4 processing task 11 requiring operations [1, 7]
27 Worker 4 forwarding task 11
28 Generated task 14
28 Worker 4 accepting task 14
28 Worker 1 accepting task 4
28 Worker 3 accepting task 6
28 Worker 0 accepting task 11
28 Worker 3 processing task 8 requiring operations [5, 4]
28 Worker 3 performing operation 4 on task 8
28 Worker 1 processing task 4 requiring operations [7]
28 Worker 1 performing operation 7 on task 4
28 Worker 4 processing task 14 requiring operations [9, 2, 1]
28 Worker 4 forwarding task 14
28 Worker 0 processing task 11 requiring operations [1, 7]
28 Worker 0 forwarding task 11
29 Worker 3 accepting task 8
29 Task 4 completed!
29 Worker 3 accepting task 14
29 Worker 1 accepting task 11
29 Worker 3 processing task 13 requiring operations [8, 1, 7]
29 Worker 3 performing operation 8 on task 13
29 Worker 1 processing task 11 requiring operations [1, 7]
29 Worker 1 performing operation 1 on task 11
30 Generated task 15
30 Worker 4 accepting task 15
30 Worker 3 accepting task 13
30 Worker 1 accepting task 11
30 Worker 3 processing task 9 requiring operations [2]
30 Worker 3 forwarding task 9
30 Worker 1 processing task 11 requiring operations [7]
30 Worker 1 performing operation 7 on task 11
30 Worker 4 processing task 15 requiring operations [1, 3, 7]
30 Worker 4 forwarding task 15
31 Worker 2 accepting task 9
31 Task 11 completed!
31 Worker 0 accepting task 15
31 Worker 3 processing task 1 requiring operations [2]
31 Worker 3 forwarding task 1
31 Worker 2 processing task 9 requiring operations [2]
31 Worker 2 performing operation 2 on task 9
31 Worker 0 processing task 15 requiring operations [1, 3, 7]
31 Worker 0 forwarding task 15
32 Generated task 16
32 Worker 1 accepting task 16
32 Worker 2 accepting task 1
32 Task 9 completed!
32 Worker 2 accepting task 15
32 Worker 3 processing task 10 requiring operations [5]
32 Worker 3 forwarding task 10
32 Worker 2 processing task 1 requiring operations [2]
32 Worker 2 performing operation 2 on task 1
32 Worker 1 processing task 16 requiring operations [1, 2, 8]
32 Worker 1 performing operation 1 on task 16
33 Worker 1 accepting task 10
33 Task 1 completed!
33 Worker 1 accepting task 16
33 Worker 3 processing task 12 requiring operations [6]
33 Worker 3 forwarding task 12
33 Worker 2 processing task 15 requiring operations [1, 3, 7]
33 Worker 2 forwarding task 15
33 Worker 1 processing task 10 requiring operations [5]
33 Worker 1 forwarding task 10
34 Generated task 17
34 Worker 1 accepting task 17
34 Worker 4 accepting task 12
34 Worker 3 accepting task 15
34 Worker 3 accepting task 10
34 Worker 3 processing task 6 requiring operations [3]
34 Worker 3 performing operation 3 on task 6
34 Worker 1 processing task 16 requiring operations [2, 8]
34 Worker 1 forwarding task 16
34 Worker 4 processing task 12 requiring operations [6]
34 Worker 4 forwarding task 12
35 Task 6 completed!
35 Worker 3 accepting task 16
35 Worker 3 accepting task 12
35 Worker 3 processing task 8 requiring operations [5]
35 Worker 3 forwarding task 8
35 Worker 1 processing task 17 requiring operations [5, 8, 4]
35 Worker 1 forwarding task 17
36 Generated task 18
36 Worker 4 accepting task 18
36 Worker 4 accepting task 8
36 Worker 4 accepting task 17
36 Worker 3 processing task 14 requiring operations [9, 2, 1]
36 Worker 3 performing operation 9 on task 14
36 Worker 4 processing task 18 requiring operations [3, 1, 2]
36 Worker 4 forwarding task 18
37 Worker 3 accepting task 14
37 Worker 1 accepting task 18
37 Worker 3 processing task 13 requiring operations [1, 7]
37 Worker 3 forwarding task 13
37 Worker 4 processing task 8 requiring operations [5]
37 Worker 4 forwarding task 8
37 Worker 1 processing task 18 requiring operations [3, 1, 2]
37 Worker 1 performing operation 1 on task 18
38 Generated task 19
38 Worker 0 accepting task 19
38 Worker 4 accepting task 13
38 Worker 0 accepting task 8
38 Worker 1 accepting task 18
38 Worker 3 processing task 15 requiring operations [1, 3, 7]
38 Worker 3 performing operation 3 on task 15
38 Worker 4 processing task 17 requiring operations [5, 8, 4]
38 Worker 4 forwarding task 17
38 Worker 1 processing task 18 requiring operations [3, 2]
38 Worker 1 forwarding task 18
38 Worker 0 processing task 19 requiring operations [7, 9, 10]
38 Worker 0 performing operation 10 on task 19
39 Worker 3 accepting task 15
39 Worker 1 accepting task 17
39 Worker 0 accepting task 18
39 Worker 0 accepting task 19
39 Worker 3 processing task 10 requiring operations [5]
39 Worker 3 forwarding task 10
39 Worker 4 processing task 13 requiring operations [1, 7]
39 Worker 4 forwarding task 13
39 Worker 1 processing task 17 requiring operations [5, 8, 4]
39 Worker 1 forwarding task 17
39 Worker 0 processing task 8 requiring operations [5]
39 Worker 0 forwarding task 8
40 Generated task 20
40 Worker 1 accepting task 20
40 Worker 2 accepting task 10
40 Worker 0 accepting task 13
40 Worker 4 accepting task 17
40 Worker 2 accepting task 8
40 Worker 3 processing task 16 requiring operations [2, 8]
40 Worker 3 performing operation 8 on task 16
40 Worker 1 processing task 20 requiring operations [8, 10, 3]
40 Worker 1 forwarding task 20
40 Worker 0 processing task 18 requiring operations [3, 2]
40 Worker 0 forwarding task 18
40 Worker 2 processing task 10 requiring operations [5]
40 Worker 2 performing operation 5 on task 10
40 Worker 4 processing task 17 requiring operations [5, 8, 4]
40 Worker 4 forwarding task 17
41 Worker 3 accepting task 16
41 Worker 2 accepting task 20
41 Worker 4 accepting task 18
41 Task 10 completed!
41 Worker 0 accepting task 17
41 Worker 3 processing task 12 requiring operations [6]
41 Worker 3 forwarding task 12
41 Worker 0 processing task 19 requiring operations [7, 9]
41 Worker 0 forwarding task 19
41 Worker 2 processing task 8 requiring operations [5]
41 Worker 2 performing operation 5 on task 8
41 Worker 4 processing task 18 requiring operations [3, 2]
41 Worker 4 forwarding task 18
42 Generated task 21
42 Worker 0 accepting task 21
42 Worker 1 accepting task 12
42 Worker 2 accepting task 19
42 Task 8 completed!
42 Worker 0 accepting task 18
42 Worker 3 processing task 14 requiring operations [2, 1]
42 Worker 3 forwarding task 14
42 Worker 0 processing task 13 requiring operations [1, 7]
42 Worker 0 forwarding task 13
42 Worker 2 processing task 20 requiring operations [8, 10, 3]
42 Worker 2 performing operation 10 on task 20
42 Worker 1 processing task 12 requiring operations [6]
42 Worker 1 forwarding task 12
43 Worker 1 accepting task 14
43 Worker 4 accepting task 13
43 Worker 2 accepting task 20
43 Worker 4 accepting task 12
43 Worker 3 processing task 15 requiring operations [1, 7]
43 Worker 3 forwarding task 15
43 Worker 0 processing task 17 requiring operations [5, 8, 4]
43 Worker 0 performing operation 8 on task 17
43 Worker 2 processing task 19 requiring operations [7, 9]
43 Worker 2 forwarding task 19
43 Worker 1 processing task 14 requiring operations [2, 1]
43 Worker 1 performing operation 1 on task 14
43 Worker 4 processing task 13 requiring operations [1, 7]
43 Worker 4 forwarding task 13
44 Generated task 22
44 Worker 4 accepting task 22
44 Worker 1 accepting task 15
44 Worker 0 accepting task 17
44 Worker 4 accepting task 19
44 Worker 1 accepting task 14
44 Worker 2 accepting task 13
44 Worker 3 processing task 16 requiring operations [2]
44 Worker 3 forwarding task 16
44 Worker 0 processing task 21 requiring operations [4, 1, 5]
44 Worker 0 forwarding task 21
44 Worker 2 processing task 20 requiring operations [8, 3]
44 Worker 2 performing operation 8 on task 20
44 Worker 1 processing task 15 requiring operations [1, 7]
44 Worker 1 performing operation 7 on task 15
44 Worker 4 processing task 12 requiring operations [6]
44 Worker 4 forwarding task 12
45 Worker 2 accepting task 16
45 Worker 3 accepting task 21
45 Worker 2 accepting task 20
45 Worker 1 accepting task 15
45 Worker 0 accepting task 12
45 Worker 0 processing task 18 requiring operations [3, 2]
45 Worker 0 forwarding task 18
45 Worker 2 processing task 13 requiring operations [1, 7]
45 Worker 2 forwarding task 13
45 Worker 1 processing task 14 requiring operations [2]
45 Worker 1 forwarding task 14
45 Worker 4 processing task 22 requiring operations [5, 2, 9]
45 Worker 4 forwarding task 22
45 Worker 3 processing task 21 requiring operations [4, 1, 5]
45 Worker 3 performing operation 4 on task 21
46 Generated task 23
46 Worker 4 accepting task 23
46 Worker 2 accepting task 18
46 Worker 1 accepting task 13
46 Worker 2 accepting task 14
46 Worker 3 accepting task 22
46 Worker 3 accepting task 21
46 Worker 0 processing task 17 requiring operations [5, 4]
46 Worker 0 forwarding task 17
46 Worker 2 processing task 16 requiring operations [2]
46 Worker 2 performing operation 2 on task 16
46 Worker 1 processing task 15 requiring operations [1]
46 Worker 1 performing operation 1 on task 15
46 Worker 4 processing task 19 requiring operations [7, 9]
46 Worker 4 forwarding task 19
46 Worker 3 processing task 22 requiring operations [5, 2, 9]
46 Worker 3 performing operation 9 on task 22
47 Worker 2 accepting task 17
47 Task 16 completed!
47 Task 15 completed!
47 Worker 1 accepting task 19
47 Worker 3 accepting task 22
47 Worker 0 processing task 12 requiring operations [6]
47 Worker 0 forwarding task 12
47 Worker 2 processing task 20 requiring operations [3]
47 Worker 2 forwarding task 20
47 Worker 1 processing task 13 requiring operations [1, 7]
47 Worker 1 performing operation 1 on task 13
47 Worker 4 processing task 23 requiring operations [3, 10, 1]
47 Worker 4 performing operation 10 on task 23
47 Worker 3 processing task 21 requiring operations [1, 5]
47 Worker 3 forwarding task 21
48 Generated task 24
48 Worker 3 accepting task 24
48 Worker 4 accepting task 12
48 Worker 4 accepting task 20
48 Worker 1 accepting task 13
48 Worker 4 accepting task 23
48 Worker 0 accepting task 21
48 Worker 2 processing task 18 requiring operations [3, 2]
48 Worker 2 performing operation 2 on task 18
48 Worker 1 processing task 19 requiring operations [7, 9]
48 Worker 1 performing operation 9 on task 19
48 Worker 4 processing task 12 requiring operations [6]
48 Worker 4 forwarding task 12
48 Worker 3 processing task 22 requiring operations [5, 2]
48 Worker 3 forwarding task 22
48 Worker 0 processing task 21 requiring operations [1, 5]
48 Worker 0 forwarding task 21
49 Worker 2 accepting task 18
49 Worker 1 accepting task 19
49 Worker 0 accepting task 12
49 Worker 2 accepting task 22
49 Worker 1 accepting task 21
49 Worker 2 processing task 14 requiring operations [2]
49 Worker 2 performing operation 2 on task 14
49 Worker 1 processing task 13 requiring operations [7]
49 Worker 1 performing operation 7 on task 13
49 Worker 4 processing task 20 requiring operations [3]
49 Worker 4 forwarding task 20
49 Worker 3 processing task 24 requiring operations [3, 5, 10]
49 Worker 3 performing operation 10 on task 24
49 Worker 0 processing task 12 requiring operations [6]
49 Worker 0 forwarding task 12
50 Generated task 25
50 Worker 3 accepting task 25
50 Task 14 completed!
50 Task 13 completed!
50 Worker 3 accepting task 20
50 Worker 3 accepting task 24
50 Worker 3 accepting task 12
50 Worker 2 processing task 17 requiring operations [5, 4]
50 Worker 2 performing operation 5 on task 17
50 Worker 1 processing task 19 requiring operations [7]
50 Worker 1 performing operation 7 on task 19
50 Worker 4 processing task 23 requiring operations [3, 1]
50 Worker 4 forwarding task 23
50 Worker 3 processing task 25 requiring operations [9, 8, 5]
50 Worker 3 performing operation 9 on task 25
51 Worker 2 accepting task 17
51 Task 19 completed!
51 Worker 1 accepting task 23
51 Worker 3 accepting task 25
51 Worker 2 processing task 18 requiring operations [3]
51 Worker 2 forwarding task 18
51 Worker 1 processing task 21 requiring operations [1, 5]
51 Worker 1 performing operation 1 on task 21
51 Worker 3 processing task 20 requiring operations [3]
51 Worker 3 performing operation 3 on task 20
52 Generated task 26
52 Worker 3 accepting task 26
52 Worker 4 accepting task 18
52 Worker 1 accepting task 21
52 Task 20 completed!
52 Worker 2 processing task 22 requiring operations [5, 2]
52 Worker 2 performing operation 5 on task 22
52 Worker 1 processing task 23 requiring operations [3, 1]
52 Worker 1 performing operation 1 on task 23
52 Worker 3 processing task 24 requiring operations [3, 5]
52 Worker 3 performing operation 3 on task 24
52 Worker 4 processing task 18 requiring operations [3]
52 Worker 4 forwarding task 18
53 Worker 2 accepting task 22
53 Worker 1 accepting task 23
53 Worker 3 accepting task 24
53 Worker 1 accepting task 18
53 Worker 2 processing task 17 requiring operations [4]
53 Worker 2 forwarding task 17
53 Worker 1 processing task 21 requiring operations [5]
53 Worker 1 forwarding task 21
53 Worker 3 processing task 12 requiring operations [6]
53 Worker 3 forwarding task 12
54 Generated task 27
54 Worker 2 accepting task 27
54 Worker 1 accepting task 17
54 Worker 0 accepting task 21
54 Worker 0 accepting task 12
54 Worker 2 processing task 22 requiring operations [2]
54 Worker 2 performing operation 2 on task 22
54 Worker 1 processing task 23 requiring operations [3]
54 Worker 1 forwarding task 23
54 Worker 3 processing task 25 requiring operations [8, 5]
54 Worker 3 performing operation 8 on task 25
54 Worker 0 processing task 21 requiring operations [5]
54 Worker 0 forwarding task 21
55 Task 22 completed!
55 Worker 2 accepting task 23
55 Worker 3 accepting task 25
55 Worker 2 accepting task 21
55 Worker 2 processing task 27 requiring operations [8, 10, 5]
55 Worker 2 performing operation 8 on task 27
55 Worker 1 processing task 18 requiring operations [3]
55 Worker 1 forwarding task 18
55 Worker 3 processing task 26 requiring operations [9, 4, 2]
55 Worker 3 performing operation 9 on task 26
55 Worker 0 processing task 12 requiring operations [6]
55 Worker 0 forwarding task 12
56 Generated task 28
56 Worker 2 accepting task 28
56 Worker 2 accepting task 27
56 Worker 4 accepting task 18
56 Worker 3 accepting task 26
56 Worker 2 accepting task 12
56 Worker 2 processing task 23 requiring operations [3]
56 Worker 2 forwarding task 23
56 Worker 1 processing task 17 requiring operations [4]
56 Worker 1 forwarding task 17
56 Worker 3 processing task 24 requiring operations [5]
56 Worker 3 forwarding task 24
56 Worker 4 processing task 18 requiring operations [3]
56 Worker 4 forwarding task 18
57 Worker 4 accepting task 23
57 Worker 3 accepting task 17
57 Worker 0 accepting task 24
57 Worker 2 accepting task 18
57 Worker 2 processing task 21 requiring operations [5]
57 Worker 2 performing operation 5 on task 21
57 Worker 3 processing task 25 requiring operations [5]
57 Worker 3 forwarding task 25
57 Worker 4 processing task 23 requiring operations [3]
57 Worker 4 forwarding task 23
57 Worker 0 processing task 24 requiring operations [5]
57 Worker 0 forwarding task 24
58 Generated task 29
58 Worker 4 accepting task 29
58 Task 21 completed!
58 Worker 0 accepting task 25
58 Worker 3 accepting task 23
58 Worker 4 accepting task 24
58 Worker 2 processing task 28 requiring operations [2, 4, 7]
58 Worker 2 performing operation 2 on task 28
58 Worker 3 processing task 26 requiring operations [4, 2]
58 Worker 3 performing operation 4 on task 26
58 Worker 4 processing task 29 requiring operations [4, 3, 5]
58 Worker 4 forwarding task 29
58 Worker 0 processing task 25 requiring operations [5]
58 Worker 0 forwarding task 25
59 Worker 2 accepting task 28
59 Worker 3 accepting task 26
59 Worker 0 accepting task 29
59 Worker 2 accepting task 25
59 Worker 2 processing task 27 requiring operations [10, 5]
59 Worker 2 performing operation 5 on task 27
59 Worker 3 processing task 17 requiring operations [4]
59 Worker 3 performing operation 4 on task 17
59 Worker 4 processing task 24 requiring operations [5]
59 Worker 4 forwarding task 24
59 Worker 0 processing task 29 requiring operations [4, 3, 5]
59 Worker 0 forwarding task 29
60 Generated task 30
60 Worker 0 accepting task 30
60 Worker 2 accepting task 27
60 Task 17 completed!
60 Worker 3 accepting task 24
60 Worker 3 accepting task 29
60 Worker 2 processing task 12 requiring operations [6]
60 Worker 2 performing operation 6 on task 12
60 Worker 3 processing task 23 requiring operations [3]
60 Worker 3 performing operation 3 on task 23
60 Worker 0 processing task 30 requiring operations [7, 5, 1]
60 Worker 0 forwarding task 30
61 Task 12 completed!
61 Task 23 completed!
61 Worker 2 accepting task 30
61 Worker 2 processing task 18 requiring operations [3]
61 Worker 2 forwarding task 18
61 Worker 3 processing task 26 requiring operations [2]
61 Worker 3 forwarding task 26
62 Generated task 31
62 Worker 4 accepting task 31
62 Worker 3 accepting task 18
62 Worker 2 accepting task 26
62 Worker 2 processing task 28 requiring operations [4, 7]
62 Worker 2 forwarding task 28
62 Worker 3 processing task 24 requiring operations [5]
62 Worker 3 forwarding task 24
62 Worker 4 processing task 31 requiring operations [5, 9, 7]
62 Worker 4 forwarding task 31
63 Worker 1 accepting task 28
63 Worker 2 accepting task 24
63 Worker 1 accepting task 31
63 Worker 2 processing task 25 requiring operations [5]
63 Worker 2 performing operation 5 on task 25
63 Worker 3 processing task 29 requiring operations [4, 3, 5]
63 Worker 3 performing operation 4 on task 29
63 Worker 1 processing task 28 requiring operations [4, 7]
63 Worker 1 performing operation 7 on task 28
64 Generated task 32
64 Worker 3 accepting task 32
64 Task 25 completed!
64 Worker 3 accepting task 29
64 Worker 1 accepting task 28
64 Worker 2 processing task 27 requiring operations [10]
64 Worker 2 performing operation 10 on task 27
64 Worker 3 processing task 18 requiring operations [3]
64 Worker 3 performing operation 3 on task 18
64 Worker 1 processing task 31 requiring operations [5, 9, 7]
64 Worker 1 performing operation 7 on task 31
65 Task 27 completed!
65 Task 18 completed!
65 Worker 1 accepting task 31
65 Worker 2 processing task 30 requiring operations [7, 5, 1]
65 Worker 2 performing operation 5 on task 30
65 Worker 3 processing task 32 requiring operations [9, 10, 6]
65 Worker 3 performing operation 10 on task 32
65 Worker 1 processing task 28 requiring operations [4]
65 Worker 1 forwarding task 28
66 Generated task 33
66 Worker 2 accepting task 33
66 Worker 2 accepting task 30
66 Worker 3 accepting task 32
66 Worker 4 accepting task 28
66 Worker 2 processing task 26 requiring operations [2]
66 Worker 2 performing operation 2 on task 26
66 Worker 3 processing task 29 requiring operations [3, 5]
66 Worker 3 performing operation 3 on task 29
66 Worker 1 processing task 31 requiring operations [5, 9]
66 Worker 1 performing operation 9 on task 31
66 Worker 4 processing task 28 requiring operations [4]
66 Worker 4 forwarding task 28
67 Task 26 completed!
67 Worker 3 accepting task 29
67 Worker 1 accepting task 31
67 Worker 0 accepting task 28
67 Worker 2 processing task 24 requiring operations [5]
67 Worker 2 performing operation 5 on task 24
67 Worker 3 processing task 32 requiring operations [9, 6]
67 Worker 3 performing operation 9 on task 32
67 Worker 1 processing task 31 requiring operations [5]
67 Worker 1 forwarding task 31
67 Worker 0 processing task 28 requiring operations [4]
67 Worker 0 forwarding task 28
68 Generated task 34
68 Worker 4 accepting task 34
68 Task 24 completed!
68 Worker 3 accepting task 32
68 Worker 0 accepting task 31
68 Worker 4 accepting task 28
68 Worker 2 processing task 33 requiring operations [3, 1, 2]
68 Worker 2 performing operation 2 on task 33
68 Worker 3 processing task 29 requiring operations [5]
68 Worker 3 forwarding task 29
68 Worker 0 processing task 31 requiring operations [5]
68 Worker 0 forwarding task 31
68 Worker 4 processing task 34 requiring operations [10, 2, 9]
68 Worker 4 performing operation 10 on task 34
69 Worker 2 accepting task 33
69 Worker 4 accepting task 29
69 Worker 4 accepting task 31
69 Worker 4 accepting task 34
69 Worker 2 processing task 30 requiring operations [7, 1]
69 Worker 2 forwarding task 30
69 Worker 3 processing task 32 requiring operations [6]
69 Worker 3 forwarding task 32
69 Worker 4 processing task 28 requiring operations [4]
69 Worker 4 forwarding task 28
70 Generated task 35
70 Worker 2 accepting task 35
70 Worker 3 accepting task 30
70 Worker 4 accepting task 32
70 Worker 2 accepting task 28
70 Worker 2 processing task 33 requiring operations [3, 1]
70 Worker 2 forwarding task 33
70 Worker 3 processing task 30 requiring operations [7, 1]
70 Worker 3 forwarding task 30
70 Worker 4 processing task 29 requiring operations [5]
70 Worker 4 forwarding task 29
71 Worker 1 accepting task 33
71 Worker 0 accepting task 30
71 Worker 2 accepting task 29
71 Worker 2 processing task 35 requiring operations [8, 10, 2]
71 Worker 2 performing operation 2 on task 35
71 Worker 4 processing task 31 requiring operations [5]
71 Worker 4 forwarding task 31
71 Worker 1 processing task 33 requiring operations [3, 1]
71 Worker 1 performing operation 1 on task 33
71 Worker 0 processing task 30 requiring operations [7, 1]
71 Worker 0 forwarding task 30
72 Generated task 36
72 Worker 2 accepting task 36
72 Worker 2 accepting task 35
72 Worker 2 accepting task 31
72 Worker 1 accepting task 33
72 Worker 1 accepting task 30
72 Worker 2 processing task 28 requiring operations [4]
72 Worker 2 forwarding task 28
72 Worker 4 processing task 34 requiring operations [2, 9]
72 Worker 4 forwarding task 34
72 Worker 1 processing task 33 requiring operations [3]
72 Worker 1 forwarding task 33
73 Worker 3 accepting task 28
73 Worker 3 accepting task 34
73 Worker 2 accepting task 33
73 Worker 2 processing task 29 requiring operations [5]
73 Worker 2 performing operation 5 on task 29
73 Worker 4 processing task 32 requiring operations [6]
73 Worker 4 forwarding task 32
73 Worker 1 processing task 30 requiring operations [7, 1]
73 Worker 1 performing operation 7 on task 30
73 Worker 3 processing task 28 requiring operations [4]
73 Worker 3 performing operation 4 on task 28
74 Generated task 37
74 Worker 4 accepting task 37
74 Task 29 completed!
74 Worker 1 accepting task 32
74 Worker 1 accepting task 30
74 Task 28 completed!
74 Worker 2 processing task 36 requiring operations [10, 8, 6]
74 Worker 2 performing operation 10 on task 36
74 Worker 4 processing task 37 requiring operations [7, 6, 2]
74 Worker 4 forwarding task 37
74 Worker 1 processing task 32 requiring operations [6]
74 Worker 1 forwarding task 32
74 Worker 3 processing task 34 requiring operations [2, 9]
74 Worker 3 performing operation 9 on task 34
75 Worker 2 accepting task 36
75 Worker 0 accepting task 37
75 Worker 0 accepting task 32
75 Worker 3 accepting task 34
75 Worker 2 processing task 35 requiring operations [8, 10]
75 Worker 2 performing operation 8 on task 35
75 Worker 1 processing task 30 requiring operations [1]
75 Worker 1 performing operation 1 on task 30
75 Worker 3 processing task 34 requiring operations [2]
75 Worker 3 forwarding task 34
75 Worker 0 processing task 37 requiring operations [7, 6, 2]
75 Worker 0 forwarding task 37
76 Generated task 38
76 Worker 0 accepting task 38
76 Worker 2 accepting task 35
76 Task 30 completed!
76 Worker 2 accepting task 34
76 Worker 3 accepting task 37
76 Worker 2 processing task 31 requiring operations [5]
76 Worker 2 performing operation 5 on task 31
76 Worker 0 processing task 32 requiring operations [6]
76 Worker 0 forwarding task 32
76 Worker 3 processing task 37 requiring operations [7, 6, 2]
76 Worker 3 forwarding task 37
77 Task 31 completed!
77 Worker 1 accepting task 32
77 Worker 0 accepting task 37
77 Worker 2 processing task 33 requiring operations [3]
77 Worker 2 forwarding task 33
77 Worker 0 processing task 38 requiring operations [2, 3, 5]
77 Worker 0 forwarding task 38
77 Worker 1 processing task 32 requiring operations [6]
77 Worker 1 forwarding task 32
78 Generated task 39
78 Worker 2 accepting task 39
78 Worker 0 accepting task 33
78 Worker 4 accepting task 38
78 Worker 3 accepting task 32
78 Worker 2 processing task 36 requiring operations [8, 6]
78 Worker 2 performing operation 8 on task 36
78 Worker 0 processing task 37 requiring operations [7, 6, 2]
78 Worker 0 forwarding task 37
78 Worker 4 processing task 38 requiring operations [2, 3, 5]
78 Worker 4 forwarding task 38
78 Worker 3 processing task 32 requiring operations [6]
78 Worker 3 forwarding task 32
79 Worker 2 accepting task 36
79 Worker 1 accepting task 37
79 Worker 2 accepting task 38
79 Worker 4 accepting task 32
79 Worker 2 processing task 35 requiring operations [10]
79 Worker 2 performing operation 10 on task 35
79 Worker 0 processing task 33 requiring operations [3]
79 Worker 0 forwarding task 33
79 Worker 1 processing task 37 requiring operations [7, 6, 2]
79 Worker 1 performing operation 7 on task 37
79 Worker 4 processing task 32 requiring operations [6]
79 Worker 4 forwarding task 32
80 Generated task 40
80 Worker 0 accepting task 40
80 Task 35 completed!
80 Worker 3 accepting task 33
80 Worker 1 accepting task 37
80 Worker 2 accepting task 32
80 Worker 2 processing task 34 requiring operations [2]
80 Worker 2 performing operation 2 on task 34
80 Worker 0 processing task 40 requiring operations [5, 6, 7]
80 Worker 0 forwarding task 40
80 Worker 1 processing task 37 requiring operations [6, 2]
80 Worker 1 forwarding task 37
80 Worker 3 processing task 33 requiring operations [3]
80 Worker 3 performing operation 3 on task 33
81 Task 34 completed!
81 Worker 2 accepting task 40
81 Worker 2 accepting task 37
81 Task 33 completed!
81 Worker 2 processing task 39 requiring operations [2, 3, 9]
81 Worker 2 performing operation 2 on task 39
82 Generated task 41
82 Worker 2 accepting task 41
82 Worker 2 accepting task 39
82 Worker 2 processing task 36 requiring operations [6]
82 Worker 2 performing operation 6 on task 36
83 Task 36 completed!
83 Worker 2 processing task 38 requiring operations [2, 3, 5]
83 Worker 2 performing operation 2 on task 38
84 Generated task 42
84 Worker 1 accepting task 42
84 Worker 2 accepting task 38
84 Worker 2 processing task 32 requiring operations [6]
84 Worker 2 performing operation 6 on task 32
84 Worker 1 processing task 42 requiring operations [10, 4, 6]
84 Worker 1 forwarding task 42
85 Task 32 completed!
85 Worker 4 accepting task 42
85 Worker 2 processing task 40 requiring operations [5, 6, 7]
85 Worker 2 performing operation 5 on task 40
85 Worker 4 processing task 42 requiring operations [10, 4, 6]
85 Worker 4 performing operation 10 on task 42
86 Generated task 43
86 Worker 0 accepting task 43
86 Worker 2 accepting task 40
86 Worker 4 accepting task 42
86 Worker 2 processing task 37 requiring operations [6, 2]
86 Worker 2 performing operation 2 on task 37
86 Worker 4 processing task 42 requiring operations [4, 6]
86 Worker 4 forwarding task 42
86 Worker 0 processing task 43 requiring operations [4, 1, 9]
86 Worker 0 forwarding task 43
87 Worker 2 accepting task 37
87 Worker 1 accepting task 42
87 Worker 4 accepting task 43
87 Worker 2 processing task 41 requiring operations [10, 1, 8]
87 Worker 2 performing operation 8 on task 41
87 Worker 1 processing task 42 requiring operations [4, 6]
87 Worker 1 forwarding task 42
87 Worker 4 processing task 43 requiring operations [4, 1, 9]
87 Worker 4 forwarding task 43
88 Generated task 44
88 Worker 2 accepting task 44
88 Worker 2 accepting task 41
88 Worker 4 accepting task 42
88 Worker 2 accepting task 43
88 Worker 2 processing task 39 requiring operations [3, 9]
88 Worker 2 forwarding task 39
88 Worker 4 processing task 42 requiring operations [4, 6]
88 Worker 4 forwarding task 42
89 Worker 1 accepting task 39
89 Worker 3 accepting task 42
89 Worker 2 processing task 38 requiring operations [3, 5]
89 Worker 2 performing operation 5 on task 38
89 Worker 1 processing task 39 requiring operations [3, 9]
89 Worker 1 performing operation 9 on task 39
89 Worker 3 processing task 42 requiring operations [4, 6]
89 Worker 3 performing operation 4 on task 42
90 Generated task 45
90 Worker 0 accepting task 45
90 Worker 2 accepting task 38
90 Worker 1 accepting task 39
90 Worker 3 accepting task 42
90 Worker 2 processing task 40 requiring operations [6, 7]
90 Worker 2 performing operation 6 on task 40
90 Worker 1 processing task 39 requiring operations [3]
90 Worker 1 forwarding task 39
90 Worker 3 processing task 42 requiring operations [6]
90 Worker 3 forwarding task 42
90 Worker 0 processing task 45 requiring operations [9, 6, 3]
90 Worker 0 forwarding task 45
91 Worker 2 accepting task 40
91 Worker 3 accepting task 39
91 Worker 0 accepting task 42
91 Worker 1 accepting task 45
91 Worker 2 processing task 37 requiring operations [6]
91 Worker 2 performing operation 6 on task 37
91 Worker 3 processing task 39 requiring operations [3]
91 Worker 3 performing operation 3 on task 39
91 Worker 0 processing task 42 requiring operations [6]
91 Worker 0 forwarding task 42
91 Worker 1 processing task 45 requiring operations [9, 6, 3]
91 Worker 1 performing operation 9 on task 45
92 Generated task 46
92 Worker 4 accepting task 46
92 Task 37 completed!
92 Task 39 completed!
92 Worker 2 accepting task 42
92 Worker 1 accepting task 45
92 Worker 2 processing task 44 requiring operations [10, 1, 7]
92 Worker 2 performing operation 10 on task 44
92 Worker 1 processing task 45 requiring operations [6, 3]
92 Worker 1 forwarding task 45
92 Worker 4 processing task 46 requiring operations [4, 8, 2]
92 Worker 4 forwarding task 46
93 Worker 2 accepting task 44
93 Worker 2 accepting task 45
93 Worker 2 accepting task 46
93 Worker 2 processing task 41 requiring operations [10, 1]
93 Worker 2 performing operation 10 on task 41
94 Generated task 47
94 Worker 4 accepting task 47
94 Worker 2 accepting task 41
94 Worker 2 processing task 43 requiring operations [4, 1, 9]
94 Worker 2 forwarding task 43
94 Worker 4 processing task 47 requiring operations [2, 6, 8]
94 Worker 4 forwarding task 47
95 Worker 1 accepting task 43
95 Worker 3 accepting task 47
95 Worker 2 processing task 38 requiring operations [3]
95 Worker 2 forwarding task 38
95 Worker 1 processing task 43 requiring operations [4, 1, 9]
95 Worker 1 performing operation 1 on task 43
95 Worker 3 processing task 47 requiring operations [2, 6, 8]
95 Worker 3 performing operation 8 on task 47
96 Generated task 48
96 Worker 3 accepting task 48
96 Worker 0 accepting task 38
96 Worker 1 accepting task 43
96 Worker 3 accepting task 47
96 Worker 2 processing task 40 requiring operations [7]
96 Worker 2 forwarding task 40
96 Worker 1 processing task 43 requiring operations [4, 9]
96 Worker 1 performing operation 9 on task 43
96 Worker 3 processing task 48 requiring operations [4, 10, 1]
96 Worker 3 performing operation 10 on task 48
96 Worker 0 processing task 38 requiring operations [3]
96 Worker 0 forwarding task 38
97 Worker 3 accepting task 40
97 Worker 1 accepting task 43
97 Worker 3 accepting task 48
97 Worker 3 accepting task 38
97 Worker 2 processing task 42 requiring operations [6]
97 Worker 2 performing operation 6 on task 42
97 Worker 1 processing task 43 requiring operations [4]
97 Worker 1 forwarding task 43
97 Worker 3 processing task 47 requiring operations [2, 6]
97 Worker 3 forwarding task 47
98 Generated task 49
98 Worker 4 accepting task 49
98 Task 42 completed!
98 Worker 2 accepting task 43
98 Worker 2 accepting task 47
98 Worker 2 processing task 44 requiring operations [1, 7]
98 Worker 2 forwarding task 44
98 Worker 3 processing task 40 requiring operations [7]
98 Worker 3 forwarding task 40
98 Worker 4 processing task 49 requiring operations [4, 1, 10]
98 Worker 4 performing operation 10 on task 49
99 Worker 0 accepting task 44
99 Worker 2 accepting task 40
99 Worker 4 accepting task 49
99 Worker 2 processing task 45 requiring operations [6, 3]
99 Worker 2 performing operation 6 on task 45
99 Worker 3 processing task 48 requiring operations [4, 1]
99 Worker 3 performing operation 4 on task 48
99 Worker 4 processing task 49 requiring operations [4, 1]
99 Worker 4 forwarding task 49
99 Worker 0 processing task 44 requiring operations [1, 7]
99 Worker 0 forwarding task 44
100 Generated task 50
100 Worker 1 accepting task 50
100 Worker 2 accepting task 45
100 Worker 3 accepting task 48
100 Worker 0 accepting task 49
100 Worker 3 accepting task 44
100 Worker 2 processing task 46 requiring operations [4, 8, 2]
100 Worker 2 performing operation 8 on task 46
100 Worker 3 processing task 38 requiring operations [3]
100 Worker 3 performing operation 3 on task 38
100 Worker 0 processing task 49 requiring operations [4, 1]
100 Worker 0 forwarding task 49
100 Worker 1 processing task 50 requiring operations [6, 7, 1]
100 Worker 1 performing operation 7 on task 50
101 Worker 2 accepting task 46
101 Task 38 completed!
101 Worker 4 accepting task 49
101 Worker 1 accepting task 50
101 Worker 2 processing task 41 requiring operations [1]
101 Worker 2 forwarding task 41
101 Worker 3 processing task 48 requiring operations [1]
101 Worker 3 forwarding task 48
101 Worker 1 processing task 50 requiring operations [6, 1]
101 Worker 1 performing operation 1 on task 50
101 Worker 4 processing task 49 requiring operations [4, 1]
101 Worker 4 forwarding task 49
102 Generated task 51
102 Worker 1 accepting task 51
102 Worker 4 accepting task 41
102 Worker 0 accepting task 48
102 Worker 1 accepting task 50
102 Worker 3 accepting task 49
102 Worker 2 processing task 43 requiring operations [4]
102 Worker 2 forwarding task 43
102 Worker 3 processing task 44 requiring operations [1, 7]
102 Worker 3 forwarding task 44
102 Worker 1 processing task 51 requiring operations [8, 7, 6]
102 Worker 1 performing operation 7 on task 51
102 Worker 4 processing task 41 requiring operations [1]
102 Worker 4 forwarding task 41
102 Worker 0 processing task 48 requiring operations [1]
102 Worker 0 forwarding task 48
103 Worker 1 accepting task 43
103 Worker 0 accepting task 44
103 Worker 1 accepting task 51
103 Worker 2 accepting task 41
103 Worker 2 accepting task 48
103 Worker 2 processing task 47 requiring operations [2, 6]
103 Worker 2 performing operation 6 on task 47
103 Worker 3 processing task 49 requiring operations [4, 1]
103 Worker 3 performing operation 4 on task 49
103 Worker 1 processing task 50 requiring operations [6]
103 Worker 1 forwarding task 50
103 Worker 0 processing task 44 requiring operations [1, 7]
103 Worker 0 forwarding task 44
104 Generated task 52
104 Worker 0 accepting task 52
104 Worker 2 accepting task 47
104 Worker 3 accepting task 49
104 Worker 3 accepting task 50
104 Worker 1 accepting task 44
104 Worker 2 processing task 40 requiring operations [7]
104 Worker 2 forwarding task 40
104 Worker 3 processing task 49 requiring operations [1]
104 Worker 3 forwarding task 49
104 Worker 1 processing task 43 requiring operations [4]
104 Worker 1 forwarding task 43
104 Worker 0 processing task 52 requiring operations [6, 9, 1]
104 Worker 0 forwarding task 52
105 Worker 3 accepting task 40
105 Worker 0 accepting task 49
105 Worker 0 accepting task 43
105 Worker 1 accepting task 52
105 Worker 2 processing task 45 requiring operations [3]
105 Worker 2 forwarding task 45
105 Worker 3 processing task 50 requiring operations [6]
105 Worker 3 forwarding task 50
105 Worker 1 processing task 51 requiring operations [8, 6]
105 Worker 1 forwarding task 51
105 Worker 0 processing task 49 requiring operations [1]
105 Worker 0 forwarding task 49
106 Generated task 53
106 Worker 1 accepting task 53
106 Worker 4 accepting task 45
106 Worker 0 accepting task 50
106 Worker 3 accepting task 51
106 Worker 2 accepting task 49
106 Worker 2 processing task 46 requiring operations [4, 2]
106 Worker 2 performing operation 2 on task 46
106 Worker 3 processing task 40 requiring operations [7]
106 Worker 3 forwarding task 40
106 Worker 1 processing task 44 requiring operations [1, 7]
106 Worker 1 performing operation 1 on task 44
106 Worker 0 processing task 43 requiring operations [4]
106 Worker 0 forwarding task 43
106 Worker 4 processing task 45 requiring operations [3]
106 Worker 4 forwarding task 45
107 Worker 2 accepting task 46
107 Worker 2 accepting task 40
107 Worker 1 accepting task 44
107 Worker 2 accepting task 43
107 Worker 0 accepting task 45
107 Worker 2 processing task 41 requiring operations [1]
107 Worker 2 forwarding task 41
107 Worker 3 processing task 51 requiring operations [8, 6]
107 Worker 3 performing operation 8 on task 51
107 Worker 1 processing task 52 requiring operations [6, 9, 1]
107 Worker 1 performing operation 9 on task 52
107 Worker 0 processing task 50 requiring operations [6]
107 Worker 0 forwarding task 50
108 Generated task 54
108 Worker 1 accepting task 54
108 Worker 0 accepting task 41
108 Worker 3 accepting task 51
108 Worker 1 accepting task 52
108 Worker 2 accepting task 50
108 Worker 2 processing task 48 requiring operations [1]
108 Worker 2 forwarding task 48
108 Worker 3 processing task 51 requiring operations [6]
108 Worker 3 forwarding task 51
108 Worker 1 processing task 53 requiring operations [9, 1, 3]
108 Worker 1 performing operation 9 on task 53
108 Worker 0 processing task 45 requiring operations [3]
108 Worker 0 forwarding task 45
109 Worker 3 accepting task 48
109 Worker 4 accepting task 51
109 Worker 1 accepting task 53
109 Worker 2 accepting task 45
109 Worker 2 processing task 47 requiring operations [2]
109 Worker 2 performing operation 2 on task 47
109 Worker 3 processing task 48 requiring operations [1]
109 Worker 3 forwarding task 48
109 Worker 1 processing task 44 requiring operations [7]
109 Worker 1 performing operation 7 on task 44
109 Worker 0 processing task 41 requiring operations [1]
109 Worker 0 forwarding task 41
109 Worker 4 processing task 51 requiring operations [6]
109 Worker 4 forwarding task 51
110 Generated task 55
110 Worker 2 accepting task 55
110 Task 47 completed!
110 Worker 0 accepting task 48
110 Task 44 completed!
110 Worker 4 accepting task 41
110 Worker 2 accepting task 51
110 Worker 2 processing task 49 requiring operations [1]
110 Worker 2 forwarding task 49
110 Worker 1 processing task 54 requiring operations [10, 9, 2]
110 Worker 1 performing operation 9 on task 54
110 Worker 0 processing task 48 requiring operations [1]
110 Worker 0 forwarding task 48
110 Worker 4 processing task 41 requiring operations [1]
110 Worker 4 forwarding task 41
111 Worker 4 accepting task 49
111 Worker 1 accepting task 54
111 Worker 1 accepting task 48
111 Worker 2 accepting task 41
111 Worker 2 processing task 46 requiring operations [4]
111 Worker 2 forwarding task 46
111 Worker 1 processing task 52 requiring operations [6, 1]
111 Worker 1 performing operation 1 on task 52
111 Worker 4 processing task 49 requiring operations [1]
111 Worker 4 forwarding task 49
112 Generated task 56
112 Worker 2 accepting task 56
112 Worker 1 accepting task 46
112 Worker 1 accepting task 52
112 Worker 1 accepting task 49
112 Worker 2 processing task 40 requiring operations [7]
112 Worker 2 forwarding task 40
112 Worker 1 processing task 53 requiring operations [1, 3]
112 Worker 1 performing operation 1 on task 53
113 Worker 1 accepting task 40
113 Worker 1 accepting task 53
113 Worker 2 processing task 43 requiring operations [4]
113 Worker 2 forwarding task 43
113 Worker 1 processing task 54 requiring operations [10, 2]
113 Worker 1 forwarding task 54
114 Generated task 57
114 Worker 4 accepting task 57
114 Worker 4 accepting task 43
114 Worker 3 accepting task 54
114 Worker 2 processing task 50 requiring operations [6]
114 Worker 2 performing operation 6 on task 50
114 Worker 1 processing task 48 requiring operations [1]
114 Worker 1 performing operation 1 on task 48
114 Worker 4 processing task 57 requiring operations [10, 8, 7]
114 Worker 4 performing operation 10 on task 57
114 Worker 3 processing task 54 requiring operations [10, 2]
114 Worker 3 performing operation 10 on task 54
115 Task 50 completed!
115 Task 48 completed!
115 Worker 4 accepting task 57
115 Worker 3 accepting task 54
115 Worker 2 processing task 45 requiring operations [3]
115 Worker 2 forwarding task 45
115 Worker 1 processing task 46 requiring operations [4]
115 Worker 1 forwarding task 46
115 Worker 4 processing task 43 requiring operations [4]
115 Worker 4 forwarding task 43
115 Worker 3 processing task 54 requiring operations [2]
115 Worker 3 forwarding task 54
116 Generated task 58
116 Worker 2 accepting task 58
116 Worker 4 accepting task 45
116 Worker 0 accepting task 46
116 Worker 3 accepting task 43
116 Worker 4 accepting task 54
116 Worker 2 processing task 55 requiring operations [9, 3, 1]
116 Worker 2 forwarding task 55
116 Worker 1 processing task 52 requiring operations [6]
116 Worker 1 forwarding task 52
116 Worker 4 processing task 57 requiring operations [8, 7]
116 Worker 4 forwarding task 57
116 Worker 3 processing task 43 requiring operations [4]
116 Worker 3 performing operation 4 on task 43
116 Worker 0 processing task 46 requiring operations [4]
116 Worker 0 forwarding task 46
117 Worker 1 accepting task 55
117 Worker 0 accepting task 52
117 Worker 2 accepting task 57
117 Task 43 completed!
117 Worker 1 accepting task 46
117 Worker 2 processing task 51 requiring operations [6]
117 Worker 2 performing operation 6 on task 51
117 Worker 1 processing task 49 requiring operations [1]
117 Worker 1 performing operation 1 on task 49
117 Worker 4 processing task 45 requiring operations [3]
117 Worker 4 forwarding task 45
117 Worker 0 processing task 52 requiring operations [6]
117 Worker 0 forwarding task 52
118 Generated task 59
118 Worker 0 accepting task 59
118 Task 51 completed!
118 Task 49 completed!
118 Worker 1 accepting task 45
118 Worker 1 accepting task 52
118 Worker 2 processing task 41 requiring operations [1]
118 Worker 2 forwarding task 41
118 Worker 1 processing task 40 requiring operations [7]
118 Worker 1 performing operation 7 on task 40
118 Worker 4 processing task 54 requiring operations [2]
118 Worker 4 forwarding task 54
118 Worker 0 processing task 59 requiring operations [6, 3, 1]
118 Worker 0 forwarding task 59
119 Worker 3 accepting task 41
119 Task 40 completed!
119 Worker 2 accepting task 54
119 Worker 4 accepting task 59
119 Worker 2 processing task 56 requiring operations [10, 1, 9]
119 Worker 2 performing operation 10 on task 56
119 Worker 1 processing task 53 requiring operations [3]
119 Worker 1 forwarding task 53
119 Worker 3 processing task 41 requiring operations [1]
119 Worker 3 forwarding task 41
119 Worker 4 processing task 59 requiring operations [6, 3, 1]
119 Worker 4 forwarding task 59
120 Generated task 60
120 Worker 1 accepting task 60
120 Worker 2 accepting task 56
120 Worker 3 accepting task 53
120 Worker 2 accepting task 41
120 Worker 1 accepting task 59
120 Worker 2 processing task 58 requiring operations [5, 4, 2]
120 Worker 2 performing operation 2 on task 58
120 Worker 1 processing task 55 requiring operations [9, 3, 1]
120 Worker 1 performing operation 9 on task 55
120 Worker 3 processing task 53 requiring operations [3]
120 Worker 3 performing operation 3 on task 53
121 Worker 2 accepting task 58
121 Worker 1 accepting task 55
121 Task 53 completed!
121 Worker 2 processing task 57 requiring operations [8, 7]
121 Worker 2 performing operation 8 on task 57
121 Worker 1 processing task 46 requiring operations [4]
121 Worker 1 forwarding task 46
122 Generated task 61
122 Worker 2 accepting task 61
122 Worker 2 accepting task 57
122 Worker 0 accepting task 46
122 Worker 2 processing task 54 requiring operations [2]
122 Worker 2 performing operation 2 on task 54
122 Worker 1 processing task 45 requiring operations [3]
122 Worker 1 forwarding task 45
122 Worker 0 processing task 46 requiring operations [4]
122 Worker 0 forwarding task 46
123 Task 54 completed!
123 Worker 4 accepting task 45
123 Worker 2 accepting task 46
123 Worker 2 processing task 56 requiring operations [1, 9]
123 Worker 2 forwarding task 56
123 Worker 1 processing task 52 requiring operations [6]
123 Worker 1 forwarding task 52
123 Worker 4 processing task 45 requiring operations [3]
123 Worker 4 forwarding task 45
124 Generated task 62
124 Worker 4 accepting task 62
124 Worker 4 accepting task 56
124 Worker 3 accepting task 52
124 Worker 0 accepting task 45
124 Worker 2 processing task 41 requiring operations [1]
124 Worker 2 forwarding task 41
124 Worker 1 processing task 60 requiring operations [2, 10, 3]
124 Worker 1 forwarding task 60
124 Worker 4 processing task 62 requiring operations [8, 2, 10]
124 Worker 4 performing operation 10 on task 62
124 Worker 3 processing task 52 requiring operations [6]
124 Worker 3 forwarding task 52
124 Worker 0 processing task 45 requiring operations [3]
124 Worker 0 forwarding task 45
125 Worker 0 accepting task 41
125 Worker 2 accepting task 60
125 Worker 4 accepting task 62
125 Worker 2 accepting task 52
125 Worker 4 accepting task 45
125 Worker 2 processing task 58 requiring operations [5, 4]
125 Worker 2 performing operation 5 on task 58
125 Worker 1 processing task 59 requiring operations [6, 3, 1]
125 Worker 1 performing operation 1 on task 59
125 Worker 4 processing task 56 requiring operations [1, 9]
125 Worker 4 forwarding task 56
125 Worker 0 processing task 41 requiring operations [1]
125 Worker 0 forwarding task 41
126 Generated task 63
126 Worker 4 accepting task 63
126 Worker 2 accepting task 58
126 Worker 1 accepting task 59
126 Worker 2 accepting task 56
126 Worker 4 accepting task 41
126 Worker 2 processing task 61 requiring operations [3, 6, 2]
126 Worker 2 performing operation 6 on task 61
126 Worker 1 processing task 55 requiring operations [3, 1]
126 Worker 1 performing operation 1 on task 55
126 Worker 4 processing task 62 requiring operations [8, 2]
126 Worker 4 forwarding task 62
127 Worker 2 accepting task 61
127 Worker 1 accepting task 55
127 Worker 2 accepting task 62
127 Worker 2 processing task 57 requiring operations [7]
127 Worker 2 forwarding task 57
127 Worker 1 processing task 59 requiring operations [6, 3]
127 Worker 1 forwarding task 59
127 Worker 4 processing task 45 requiring operations [3]
127 Worker 4 forwarding task 45
128 Generated task 64
128 Worker 3 accepting task 64
128 Worker 0 accepting task 57
128 Worker 4 accepting task 59
128 Worker 1 accepting task 45
128 Worker 2 processing task 46 requiring operations [4]
128 Worker 2 forwarding task 46
128 Worker 1 processing task 55 requiring operations [3]
128 Worker 1 forwarding task 55
128 Worker 4 processing task 63 requiring operations [8, 6, 10]
128 Worker 4 performing operation 10 on task 63
128 Worker 3 processing task 64 requiring operations [3, 10, 7]
128 Worker 3 performing operation 3 on task 64
128 Worker 0 processing task 57 requiring operations [7]
128 Worker 0 forwarding task 57
129 Worker 0 accepting task 46
129 Worker 3 accepting task 55
129 Worker 4 accepting task 63
129 Worker 3 accepting task 64
129 Worker 3 accepting task 57
129 Worker 2 processing task 60 requiring operations [2, 10, 3]
129 Worker 2 performing operation 10 on task 60
129 Worker 1 processing task 45 requiring operations [3]
129 Worker 1 forwarding task 45
129 Worker 4 processing task 41 requiring operations [1]
129 Worker 4 forwarding task 41
129 Worker 3 processing task 55 requiring operations [3]
129 Worker 3 performing operation 3 on task 55
129 Worker 0 processing task 46 requiring operations [4]
129 Worker 0 forwarding task 46
130 Generated task 65
130 Worker 2 accepting task 65
130 Worker 2 accepting task 60
130 Worker 2 accepting task 45
130 Worker 3 accepting task 41
130 Task 55 completed!
130 Worker 1 accepting task 46
130 Worker 2 processing task 52 requiring operations [6]
130 Worker 2 performing operation 6 on task 52
130 Worker 4 processing task 59 requiring operations [6, 3]
130 Worker 4 forwarding task 59
130 Worker 3 processing task 64 requiring operations [10, 7]
130 Worker 3 performing operation 10 on task 64
130 Worker 1 processing task 46 requiring operations [4]
130 Worker 1 forwarding task 46
131 Task 52 completed!
131 Worker 0 accepting task 59
131 Worker 3 accepting task 64
131 Worker 0 accepting task 46
131 Worker 2 processing task 58 requiring operations [4]
131 Worker 2 forwarding task 58
131 Worker 4 processing task 63 requiring operations [8, 6]
131 Worker 4 forwarding task 63
131 Worker 3 processing task 57 requiring operations [7]
131 Worker 3 forwarding task 57
131 Worker 0 processing task 59 requiring operations [6, 3]
131 Worker 0 forwarding task 59
132 Generated task 66
132 Worker 4 accepting task 66
132 Worker 4 accepting task 58
132 Worker 2 accepting task 63
132 Worker 2 accepting task 57
132 Worker 4 accepting task 59
132 Worker 2 processing task 56 requiring operations [1, 9]
132 Worker 2 forwarding task 56
132 Worker 4 processing task 66 requiring operations [8, 10, 6]
132 Worker 4 performing operation 10 on task 66
132 Worker 3 processing task 41 requiring operations [1]
132 Worker 3 forwarding task 41
132 Worker 0 processing task 46 requiring operations [4]
132 Worker 0 forwarding task 46
133 Worker 4 accepting task 56
133 Worker 4 accepting task 66
133 Worker 1 accepting task 41
133 Worker 2 accepting task 46
133 Worker 2 processing task 61 requiring operations [3, 2]
133 Worker 2 performing operation 2 on task 61
133 Worker 4 processing task 58 requiring operations [4]
133 Worker 4 forwarding task 58
133 Worker 3 processing task 64 requiring operations [7]
133 Worker 3 forwarding task 64
133 Worker 1 processing task 41 requiring operations [1]
133 Worker 1 performing operation 1 on task 41
134 Generated task 67
134 Worker 2 accepting task 67
134 Worker 2 accepting task 61
134 Worker 1 accepting task 58
134 Worker 0 accepting task 64
134 Task 41 completed!
134 Worker 2 processing task 62 requiring operations [8, 2]
134 Worker 2 performing operation 2 on task 62
134 Worker 4 processing task 59 requiring operations [6, 3]
134 Worker 4 forwarding task 59
134 Worker 1 processing task 58 requiring operations [4]
134 Worker 1 forwarding task 58
134 Worker 0 processing task 64 requiring operations [7]
134 Worker 0 forwarding task 64
135 Worker 2 accepting task 62
135 Worker 0 accepting task 59
135 Worker 2 accepting task 58
135 Worker 1 accepting task 64
135 Worker 2 processing task 65 requiring operations [7, 2, 10]
135 Worker 2 performing operation 10 on task 65
135 Worker 4 processing task 56 requiring operations [1, 9]
135 Worker 4 forwarding task 56
135 Worker 0 processing task 59 requiring operations [6, 3]
135 Worker 0 forwarding task 59
135 Worker 1 processing task 64 requiring operations [7]
135 Worker 1 performing operation 7 on task 64
136 Generated task 68
136 Worker 0 accepting task 68
136 Worker 2 accepting task 65
136 Worker 3 accepting task 56
136 Worker 2 accepting task 59
136 Task 64 completed!
136 Worker 2 processing task 60 requiring operations [2, 3]
136 Worker 2 performing operation 2 on task 60
136 Worker 4 processing task 66 requiring operations [8, 6]
136 Worker 4 forwarding task 66
136 Worker 0 processing task 68 requiring operations [9, 8, 10]
136 Worker 0 performing operation 10 on task 68
136 Worker 3 processing task 56 requiring operations [1, 9]
136 Worker 3 performing operation 9 on task 56
137 Worker 2 accepting task 60
137 Worker 1 accepting task 66
137 Worker 0 accepting task 68
137 Worker 3 accepting task 56
137 Worker 2 processing task 45 requiring operations [3]
137 Worker 2 forwarding task 45
137 Worker 0 processing task 68 requiring operations [9, 8]
137 Worker 0 performing operation 8 on task 68
137 Worker 3 processing task 56 requiring operations [1]
137 Worker 3 forwarding task 56
137 Worker 1 processing task 66 requiring operations [8, 6]
137 Worker 1 forwarding task 66
138 Generated task 69
138 Worker 3 accepting task 69
138 Worker 1 accepting task 45
138 Worker 0 accepting task 68
138 Worker 1 accepting task 56
138 Worker 3 accepting task 66
138 Worker 2 processing task 63 requiring operations [8, 6]
138 Worker 2 performing operation 8 on task 63
138 Worker 0 processing task 68 requiring operations [9]
138 Worker 0 forwarding task 68
138 Worker 3 processing task 69 requiring operations [5, 7, 8]
138 Worker 3 performing operation 8 on task 69
138 Worker 1 processing task 45 requiring operations [3]
138 Worker 1 forwarding task 45
139 Worker 2 accepting task 63
139 Worker 3 accepting task 68
139 Worker 3 accepting task 69
139 Worker 3 accepting task 45
139 Worker 2 processing task 57 requiring operations [7]
139 Worker 2 forwarding task 57
139 Worker 3 processing task 66 requiring operations [8, 6]
139 Worker 3 performing operation 8 on task 66
139 Worker 1 processing task 56 requiring operations [1]
139 Worker 1 performing operation 1 on task 56
140 Generated task 70
140 Worker 2 accepting task 70
140 Worker 0 accepting task 57
140 Worker 3 accepting task 66
140 Task 56 completed!
140 Worker 2 processing task 46 requiring operations [4]
140 Worker 2 forwarding task 46
140 Worker 3 processing task 68 requiring operations [9]
140 Worker 3 performing operation 9 on task 68
140 Worker 0 processing task 57 requiring operations [7]
140 Worker 0 forwarding task 57
