Worker 0 can perform operations {2, 3, 4, 7, 10}
Worker 1 can perform operations {9, 2}
Worker 2 can perform operations {2, 5, 6, 8, 9, 10}
Worker 3 can perform operations {2, 3}
Worker 4 can perform operations {1, 5}
Building network type full-connect
Worker 0 connecting to worker 1
Worker 0 connecting to worker 2
Worker 0 connecting to worker 3
Worker 0 connecting to worker 4
Worker 1 connecting to worker 0
Worker 1 connecting to worker 2
Worker 1 connecting to worker 3
Worker 1 connecting to worker 4
Worker 2 connecting to worker 0
Worker 2 connecting to worker 1
Worker 2 connecting to worker 3
Worker 2 connecting to worker 4
Worker 3 connecting to worker 0
Worker 3 connecting to worker 1
Worker 3 connecting to worker 2
Worker 3 connecting to worker 4
Worker 4 connecting to worker 0
Worker 4 connecting to worker 1
Worker 4 connecting to worker 2
Worker 4 connecting to worker 3
Entry nodes are [0, 1, 2, 3, 4]
0 Generated task 0
0 Worker 4 accepting task 0
0 Worker 4 processing task 0 requiring operations [10, 7, 9]
0 Worker 4 forwarding task 0
1 Worker 0 accepting task 0
1 Worker 0 processing task 0 requiring operations [10, 7, 9]
1 Worker 0 performing operation 7 on task 0
2 Generated task 1
2 Worker 2 accepting task 1
2 Worker 0 accepting task 0
2 Worker 0 processing task 0 requiring operations [10, 9]
2 Worker 0 performing operation 10 on task 0
2 Worker 2 processing task 1 requiring operations [2, 4, 6]
2 Worker 2 performing operation 2 on task 1
3 Worker 0 accepting task 0
3 Worker 2 accepting task 1
3 Worker 0 processing task 0 requiring operations [9]
3 Worker 0 forwarding task 0
3 Worker 2 processing task 1 requiring operations [4, 6]
3 Worker 2 performing operation 6 on task 1
4 Generated task 2
4 Worker 4 accepting task 2
4 Worker 1 accepting task 0
4 Worker 2 accepting task 1
4 Worker 2 processing task 1 requiring operations [4]
4 Worker 2 forwarding task 1
4 Worker 4 processing task 2 requiring operations [7, 3, 10]
4 Worker 4 forwarding task 2
4 Worker 1 processing task 0 requiring operations [9]
4 Worker 1 performing operation 9 on task 0
5 Worker 3 accepting task 1
5 Worker 1 accepting task 2
5 Task 0 completed!
5 Worker 1 processing task 2 requiring operations [7, 3, 10]
5 Worker 1 forwarding task 2
5 Worker 3 processing task 1 requiring operations [4]
5 Worker 3 forwarding task 1
6 Generated task 3
6 Worker 0 accepting task 3
6 Worker 0 accepting task 2
6 Worker 1 accepting task 1
6 Worker 0 processing task 3 requiring operations [6, 10, 8]
6 Worker 0 performing operation 10 on task 3
6 Worker 1 processing task 1 requiring operations [4]
6 Worker 1 forwarding task 1
7 Worker 0 accepting task 3
7 Worker 3 accepting task 1
7 Worker 0 processing task 2 requiring operations [7, 3, 10]
7 Worker 0 performing operation 10 on task 2
7 Worker 3 processing task 1 requiring operations [4]
7 Worker 3 forwarding task 1
8 Generated task 4
8 Worker 2 accepting task 4
8 Worker 0 accepting task 2
8 Worker 2 accepting task 1
8 Worker 0 processing task 3 requiring operations [6, 8]
8 Worker 0 forwarding task 3
8 Worker 2 processing task 4 requiring operations [6, 10, 4]
8 Worker 2 performing operation 6 on task 4
9 Worker 1 accepting task 3
9 Worker 2 accepting task 4
9 Worker 0 processing task 2 requiring operations [7, 3]
9 Worker 0 performing operation 3 on task 2
9 Worker 2 processing task 1 requiring operations [4]
9 Worker 2 forwarding task 1
9 Worker 1 processing task 3 requiring operations [6, 8]
9 Worker 1 forwarding task 3
10 Generated task 5
10 Worker 4 accepting task 5
10 Worker 0 accepting task 2
10 Worker 0 accepting task 1
10 Worker 4 accepting task 3
10 Worker 0 processing task 2 requiring operations [7]
10 Worker 0 performing operation 7 on task 2
10 Worker 2 processing task 4 requiring operations [10, 4]
10 Worker 2 performing operation 10 on task 4
10 Worker 4 processing task 5 requiring operations [7, 4, 2]
10 Worker 4 forwarding task 5
11 Task 2 completed!
11 Worker 2 accepting task 4
11 Worker 1 accepting task 5
11 Worker 0 processing task 1 requiring operations [4]
11 Worker 0 performing operation 4 on task 1
11 Worker 2 processing task 4 requiring operations [4]
11 Worker 2 forwarding task 4
11 Worker 4 processing task 3 requiring operations [6, 8]
11 Worker 4 forwarding task 3
11 Worker 1 processing task 5 requiring operations [7, 4, 2]
11 Worker 1 performing operation 2 on task 5
12 Generated task 6
12 Worker 2 accepting task 6
12 Task 1 completed!
12 Worker 1 accepting task 4
12 Worker 1 accepting task 3
12 Worker 1 accepting task 5
12 Worker 2 processing task 6 requiring operations [8, 10, 9]
12 Worker 2 performing operation 10 on task 6
12 Worker 1 processing task 4 requiring operations [4]
12 Worker 1 forwarding task 4
13 Worker 2 accepting task 6
13 Worker 3 accepting task 4
13 Worker 2 processing task 6 requiring operations [8, 9]
13 Worker 2 performing operation 9 on task 6
13 Worker 1 processing task 3 requiring operations [6, 8]
13 Worker 1 forwarding task 3
13 Worker 3 processing task 4 requiring operations [4]
13 Worker 3 forwarding task 4
14 Generated task 7
14 Worker 4 accepting task 7
14 Worker 2 accepting task 6
14 Worker 4 accepting task 3
14 Worker 0 accepting task 4
14 Worker 2 processing task 6 requiring operations [8]
14 Worker 2 performing operation 8 on task 6
14 Worker 1 processing task 5 requiring operations [7, 4]
14 Worker 1 forwarding task 5
14 Worker 4 processing task 7 requiring operations [3, 2, 6]
14 Worker 4 forwarding task 7
14 Worker 0 processing task 4 requiring operations [4]
14 Worker 0 performing operation 4 on task 4
15 Task 6 completed!
15 Worker 4 accepting task 5
15 Worker 0 accepting task 7
15 Task 4 completed!
15 Worker 4 processing task 3 requiring operations [6, 8]
15 Worker 4 forwarding task 3
15 Worker 0 processing task 7 requiring operations [3, 2, 6]
15 Worker 0 performing operation 2 on task 7
16 Generated task 8
16 Worker 0 accepting task 8
16 Worker 2 accepting task 3
16 Worker 0 accepting task 7
16 Worker 4 processing task 5 requiring operations [7, 4]
16 Worker 4 forwarding task 5
16 Worker 0 processing task 8 requiring operations [3, 2, 6]
16 Worker 0 performing operation 3 on task 8
16 Worker 2 processing task 3 requiring operations [6, 8]
16 Worker 2 performing operation 8 on task 3
17 Worker 2 accepting task 5
17 Worker 0 accepting task 8
17 Worker 2 accepting task 3
17 Worker 0 processing task 7 requiring operations [3, 6]
17 Worker 0 performing operation 3 on task 7
17 Worker 2 processing task 5 requiring operations [7, 4]
17 Worker 2 forwarding task 5
18 Generated task 9
18 Worker 1 accepting task 9
18 Worker 0 accepting task 7
18 Worker 1 accepting task 5
18 Worker 0 processing task 8 requiring operations [2, 6]
18 Worker 0 performing operation 2 on task 8
18 Worker 2 processing task 3 requiring operations [6]
18 Worker 2 performing operation 6 on task 3
18 Worker 1 processing task 9 requiring operations [7, 10, 3]
18 Worker 1 forwarding task 9
19 Worker 0 accepting task 8
19 Task 3 completed!
19 Worker 4 accepting task 9
19 Worker 0 processing task 7 requiring operations [6]
19 Worker 0 forwarding task 7
19 Worker 1 processing task 5 requiring operations [7, 4]
19 Worker 1 forwarding task 5
19 Worker 4 processing task 9 requiring operations [7, 10, 3]
19 Worker 4 forwarding task 9
20 Generated task 10
20 Worker 4 accepting task 10
20 Worker 1 accepting task 7
20 Worker 0 accepting task 5
20 Worker 1 accepting task 9
20 Worker 0 processing task 8 requiring operations [6]
20 Worker 0 forwarding task 8
20 Worker 1 processing task 7 requiring operations [6]
20 Worker 1 forwarding task 7
20 Worker 4 processing task 10 requiring operations [10, 4, 6]
20 Worker 4 forwarding task 10
21 Worker 2 accepting task 8
21 Worker 0 accepting task 7
21 Worker 2 accepting task 10
21 Worker 0 processing task 5 requiring operations [7, 4]
21 Worker 0 performing operation 4 on task 5
21 Worker 1 processing task 9 requiring operations [7, 10, 3]
21 Worker 1 forwarding task 9
21 Worker 2 processing task 8 requiring operations [6]
21 Worker 2 performing operation 6 on task 8
22 Generated task 11
22 Worker 3 accepting task 11
22 Worker 0 accepting task 5
22 Worker 4 accepting task 9
22 Task 8 completed!
22 Worker 0 processing task 7 requiring operations [6]
22 Worker 0 forwarding task 7
22 Worker 2 processing task 10 requiring operations [10, 4, 6]
22 Worker 2 performing operation 10 on task 10
22 Worker 3 processing task 11 requiring operations [7, 1, 8]
22 Worker 3 forwarding task 11
22 Worker 4 processing task 9 requiring operations [7, 10, 3]
22 Worker 4 forwarding task 9
23 Worker 4 accepting task 7
23 Worker 2 accepting task 10
23 Worker 4 accepting task 11
23 Worker 3 accepting task 9
23 Worker 0 processing task 5 requiring operations [7]
23 Worker 0 performing operation 7 on task 5
23 Worker 2 processing task 10 requiring operations [4, 6]
23 Worker 2 performing operation 6 on task 10
23 Worker 4 processing task 7 requiring operations [6]
23 Worker 4 forwarding task 7
23 Worker 3 processing task 9 requiring operations [7, 10, 3]
23 Worker 3 performing operation 3 on task 9
24 Generated task 12
24 Worker 2 accepting task 12
24 Task 5 completed!
24 Worker 2 accepting task 10
24 Worker 0 accepting task 7
24 Worker 3 accepting task 9
24 Worker 2 processing task 12 requiring operations [2, 3, 8]
24 Worker 2 performing operation 2 on task 12
24 Worker 4 processing task 11 requiring operations [7, 1, 8]
24 Worker 4 performing operation 1 on task 11
24 Worker 3 processing task 9 requiring operations [7, 10]
24 Worker 3 forwarding task 9
24 Worker 0 processing task 7 requiring operations [6]
24 Worker 0 forwarding task 7
25 Worker 2 accepting task 12
25 Worker 4 accepting task 11
25 Worker 2 accepting task 9
25 Worker 2 accepting task 7
25 Worker 2 processing task 10 requiring operations [4]
25 Worker 2 forwarding task 10
25 Worker 4 processing task 11 requiring operations [7, 8]
25 Worker 4 forwarding task 11
26 Generated task 13
26 Worker 0 accepting task 13
26 Worker 1 accepting task 10
26 Worker 3 accepting task 11
26 Worker 2 processing task 12 requiring operations [3, 8]
26 Worker 2 performing operation 8 on task 12
26 Worker 0 processing task 13 requiring operations [4, 1, 3]
26 Worker 0 performing operation 3 on task 13
26 Worker 1 processing task 10 requiring operations [4]
26 Worker 1 forwarding task 10
26 Worker 3 processing task 11 requiring operations [7, 8]
26 Worker 3 forwarding task 11
27 Worker 2 accepting task 12
27 Worker 0 accepting task 13
27 Worker 3 accepting task 10
27 Worker 0 accepting task 11
27 Worker 2 processing task 9 requiring operations [7, 10]
27 Worker 2 performing operation 10 on task 9
27 Worker 0 processing task 13 requiring operations [4, 1]
27 Worker 0 performing operation 4 on task 13
27 Worker 3 processing task 10 requiring operations [4]
27 Worker 3 forwarding task 10
28 Generated task 14
28 Worker 4 accepting task 14
28 Worker 2 accepting task 9
28 Worker 0 accepting task 13
28 Worker 1 accepting task 10
28 Worker 2 processing task 7 requiring operations [6]
28 Worker 2 performing operation 6 on task 7
28 Worker 0 processing task 11 requiring operations [7, 8]
28 Worker 0 performing operation 7 on task 11
28 Worker 4 processing task 14 requiring operations [8, 10, 6]
28 Worker 4 forwarding task 14
28 Worker 1 processing task 10 requiring operations [4]
28 Worker 1 forwarding task 10
29 Task 7 completed!
29 Worker 0 accepting task 11
29 Worker 0 accepting task 14
29 Worker 2 accepting task 10
29 Worker 2 processing task 12 requiring operations [3]
29 Worker 2 forwarding task 12
29 Worker 0 processing task 13 requiring operations [1]
29 Worker 0 forwarding task 13
30 Generated task 15
30 Worker 2 accepting task 15
30 Worker 1 accepting task 12
30 Worker 4 accepting task 13
30 Worker 2 processing task 9 requiring operations [7]
30 Worker 2 forwarding task 9
30 Worker 0 processing task 11 requiring operations [8]
30 Worker 0 forwarding task 11
30 Worker 1 processing task 12 requiring operations [3]
30 Worker 1 forwarding task 12
30 Worker 4 processing task 13 requiring operations [1]
30 Worker 4 performing operation 1 on task 13
31 Worker 3 accepting task 9
31 Worker 2 accepting task 11
31 Worker 0 accepting task 12
31 Task 13 completed!
31 Worker 2 processing task 10 requiring operations [4]
31 Worker 2 forwarding task 10
31 Worker 0 processing task 14 requiring operations [8, 10, 6]
31 Worker 0 performing operation 10 on task 14
31 Worker 3 processing task 9 requiring operations [7]
31 Worker 3 forwarding task 9
32 Generated task 16
32 Worker 0 accepting task 16
32 Worker 1 accepting task 10
32 Worker 0 accepting task 14
32 Worker 4 accepting task 9
32 Worker 2 processing task 15 requiring operations [9, 7, 4]
32 Worker 2 performing operation 9 on task 15
32 Worker 0 processing task 12 requiring operations [3]
32 Worker 0 performing operation 3 on task 12
32 Worker 1 processing task 10 requiring operations [4]
32 Worker 1 forwarding task 10
32 Worker 4 processing task 9 requiring operations [7]
32 Worker 4 forwarding task 9
33 Worker 2 accepting task 15
33 Task 12 completed!
33 Worker 3 accepting task 10
33 Worker 2 accepting task 9
33 Worker 2 processing task 11 requiring operations [8]
33 Worker 2 performing operation 8 on task 11
33 Worker 0 processing task 16 requiring operations [7, 3, 8]
33 Worker 0 performing operation 7 on task 16
33 Worker 3 processing task 10 requiring operations [4]
33 Worker 3 forwarding task 10
34 Generated task 17
34 Worker 4 accepting task 17
34 Task 11 completed!
34 Worker 0 accepting task 16
34 Worker 2 accepting task 10
34 Worker 2 processing task 15 requiring operations [7, 4]
34 Worker 2 forwarding task 15
34 Worker 0 processing task 14 requiring operations [8, 6]
34 Worker 0 forwarding task 14
34 Worker 4 processing task 17 requiring operations [6, 2, 3]
34 Worker 4 forwarding task 17
35 Worker 1 accepting task 15
35 Worker 3 accepting task 14
35 Worker 3 accepting task 17
35 Worker 2 processing task 9 requiring operations [7]
35 Worker 2 forwarding task 9
35 Worker 0 processing task 16 requiring operations [3, 8]
35 Worker 0 performing operation 3 on task 16
35 Worker 1 processing task 15 requiring operations [7, 4]
35 Worker 1 forwarding task 15
35 Worker 3 processing task 14 requiring operations [8, 6]
35 Worker 3 forwarding task 14
36 Generated task 18
36 Worker 1 accepting task 18
36 Worker 0 accepting task 9
36 Worker 0 accepting task 16
36 Worker 2 accepting task 15
36 Worker 0 accepting task 14
36 Worker 2 processing task 10 requiring operations [4]
36 Worker 2 forwarding task 10
36 Worker 0 processing task 9 requiring operations [7]
36 Worker 0 performing operation 7 on task 9
36 Worker 1 processing task 18 requiring operations [10, 2, 3]
36 Worker 1 performing operation 2 on task 18
36 Worker 3 processing task 17 requiring operations [6, 2, 3]
36 Worker 3 performing operation 3 on task 17
37 Worker 0 accepting task 10
37 Task 9 completed!
37 Worker 1 accepting task 18
37 Worker 3 accepting task 17
37 Worker 2 processing task 15 requiring operations [7, 4]
37 Worker 2 forwarding task 15
37 Worker 0 processing task 16 requiring operations [8]
37 Worker 0 forwarding task 16
37 Worker 1 processing task 18 requiring operations [10, 3]
37 Worker 1 forwarding task 18
37 Worker 3 processing task 17 requiring operations [6, 2]
37 Worker 3 performing operation 2 on task 17
38 Generated task 19
38 Worker 2 accepting task 19
38 Worker 0 accepting task 15
38 Worker 1 accepting task 16
38 Worker 2 accepting task 18
38 Worker 3 accepting task 17
38 Worker 2 processing task 19 requiring operations [3, 2, 4]
38 Worker 2 performing operation 2 on task 19
38 Worker 0 processing task 14 requiring operations [8, 6]
38 Worker 0 forwarding task 14
38 Worker 1 processing task 16 requiring operations [8]
38 Worker 1 forwarding task 16
38 Worker 3 processing task 17 requiring operations [6]
38 Worker 3 forwarding task 17
39 Worker 2 accepting task 19
39 Worker 2 accepting task 14
39 Worker 3 accepting task 16
39 Worker 0 accepting task 17
39 Worker 2 processing task 18 requiring operations [10, 3]
39 Worker 2 performing operation 10 on task 18
39 Worker 0 processing task 10 requiring operations [4]
39 Worker 0 performing operation 4 on task 10
39 Worker 3 processing task 16 requiring operations [8]
39 Worker 3 forwarding task 16
40 Generated task 20
40 Worker 4 accepting task 20
40 Worker 2 accepting task 18
40 Task 10 completed!
40 Worker 1 accepting task 16
40 Worker 2 processing task 19 requiring operations [3, 4]
40 Worker 2 forwarding task 19
40 Worker 0 processing task 15 requiring operations [7, 4]
40 Worker 0 performing operation 4 on task 15
40 Worker 4 processing task 20 requiring operations [10, 1, 6]
40 Worker 4 performing operation 1 on task 20
40 Worker 1 processing task 16 requiring operations [8]
40 Worker 1 forwarding task 16
41 Worker 4 accepting task 19
41 Worker 0 accepting task 15
41 Worker 4 accepting task 20
41 Worker 2 accepting task 16
41 Worker 2 processing task 14 requiring operations [8, 6]
41 Worker 2 performing operation 8 on task 14
41 Worker 0 processing task 17 requiring operations [6]
41 Worker 0 forwarding task 17
41 Worker 4 processing task 19 requiring operations [3, 4]
41 Worker 4 forwarding task 19
42 Generated task 21
42 Worker 2 accepting task 21
42 Worker 2 accepting task 14
42 Worker 4 accepting task 17
42 Worker 0 accepting task 19
42 Worker 2 processing task 18 requiring operations [3]
42 Worker 2 forwarding task 18
42 Worker 0 processing task 15 requiring operations [7]
42 Worker 0 performing operation 7 on task 15
42 Worker 4 processing task 20 requiring operations [10, 6]
42 Worker 4 forwarding task 20
43 Worker 1 accepting task 18
43 Task 15 completed!
43 Worker 2 accepting task 20
43 Worker 2 processing task 16 requiring operations [8]
43 Worker 2 performing operation 8 on task 16
43 Worker 0 processing task 19 requiring operations [3, 4]
43 Worker 0 performing operation 3 on task 19
43 Worker 4 processing task 17 requiring operations [6]
43 Worker 4 forwarding task 17
43 Worker 1 processing task 18 requiring operations [3]
43 Worker 1 forwarding task 18
44 Generated task 22
44 Worker 0 accepting task 22
44 Task 16 completed!
44 Worker 0 accepting task 19
44 Worker 2 accepting task 17
44 Worker 3 accepting task 18
44 Worker 2 processing task 21 requiring operations [5, 2, 7]
44 Worker 2 performing operation 5 on task 21
44 Worker 0 processing task 22 requiring operations [5, 7, 2]
44 Worker 0 performing operation 7 on task 22
44 Worker 3 processing task 18 requiring operations [3]
44 Worker 3 performing operation 3 on task 18
45 Worker 2 accepting task 21
45 Worker 0 accepting task 22
45 Task 18 completed!
45 Worker 2 processing task 14 requiring operations [6]
45 Worker 2 performing operation 6 on task 14
45 Worker 0 processing task 19 requiring operations [4]
45 Worker 0 performing operation 4 on task 19
46 Generated task 23
46 Worker 0 accepting task 23
46 Task 14 completed!
46 Task 19 completed!
46 Worker 2 processing task 20 requiring operations [10, 6]
46 Worker 2 performing operation 6 on task 20
46 Worker 0 processing task 22 requiring operations [5, 2]
46 Worker 0 performing operation 2 on task 22
47 Worker 2 accepting task 20
47 Worker 0 accepting task 22
47 Worker 2 processing task 17 requiring operations [6]
47 Worker 2 performing operation 6 on task 17
47 Worker 0 processing task 23 requiring operations [5, 4, 3]
47 Worker 0 performing operation 3 on task 23
48 Generated task 24
48 Worker 3 accepting task 24
48 Task 17 completed!
48 Worker 0 accepting task 23
48 Worker 2 processing task 21 requiring operations [2, 7]
48 Worker 2 performing operation 2 on task 21
48 Worker 0 processing task 22 requiring operations [5]
48 Worker 0 forwarding task 22
48 Worker 3 processing task 24 requiring operations [9, 8, 10]
48 Worker 3 forwarding task 24
49 Worker 2 accepting task 21
49 Worker 3 accepting task 22
49 Worker 1 accepting task 24
49 Worker 2 processing task 20 requiring operations [10]
49 Worker 2 performing operation 10 on task 20
49 Worker 0 processing task 23 requiring operations [5, 4]
49 Worker 0 performing operation 4 on task 23
49 Worker 3 processing task 22 requiring operations [5]
49 Worker 3 forwarding task 22
49 Worker 1 processing task 24 requiring operations [9, 8, 10]
49 Worker 1 performing operation 9 on task 24
50 Generated task 25
50 Worker 0 accepting task 25
50 Task 20 completed!
50 Worker 0 accepting task 23
50 Worker 4 accepting task 22
50 Worker 1 accepting task 24
50 Worker 2 processing task 21 requiring operations [7]
50 Worker 2 forwarding task 21
50 Worker 0 processing task 25 requiring operations [5, 6, 2]
50 Worker 0 performing operation 2 on task 25
50 Worker 1 processing task 24 requiring operations [8, 10]
50 Worker 1 forwarding task 24
50 Worker 4 processing task 22 requiring operations [5]
50 Worker 4 performing operation 5 on task 22
51 Worker 3 accepting task 21
51 Worker 0 accepting task 25
51 Worker 4 accepting task 24
51 Task 22 completed!
51 Worker 0 processing task 23 requiring operations [5]
51 Worker 0 forwarding task 23
51 Worker 4 processing task 24 requiring operations [8, 10]
51 Worker 4 forwarding task 24
51 Worker 3 processing task 21 requiring operations [7]
51 Worker 3 forwarding task 21
52 Generated task 26
52 Worker 3 accepting task 26
52 Worker 3 accepting task 23
52 Worker 2 accepting task 24
52 Worker 2 accepting task 21
52 Worker 0 processing task 25 requiring operations [5, 6]
52 Worker 0 forwarding task 25
52 Worker 3 processing task 26 requiring operations [7, 5, 9]
52 Worker 3 forwarding task 26
52 Worker 2 processing task 24 requiring operations [8, 10]
52 Worker 2 performing operation 8 on task 24
53 Worker 4 accepting task 25
53 Worker 2 accepting task 26
53 Worker 2 accepting task 24
53 Worker 3 processing task 23 requiring operations [5]
53 Worker 3 forwarding task 23
53 Worker 2 processing task 21 requiring operations [7]
53 Worker 2 forwarding task 21
53 Worker 4 processing task 25 requiring operations [5, 6]
53 Worker 4 performing operation 5 on task 25
54 Generated task 27
54 Worker 4 accepting task 27
54 Worker 2 accepting task 23
54 Worker 4 accepting task 21
54 Worker 4 accepting task 25
54 Worker 2 processing task 26 requiring operations [7, 5, 9]
54 Worker 2 performing operation 9 on task 26
54 Worker 4 processing task 27 requiring operations [5, 8, 6]
54 Worker 4 performing operation 5 on task 27
55 Worker 2 accepting task 26
55 Worker 4 accepting task 27
55 Worker 2 processing task 24 requiring operations [10]
55 Worker 2 performing operation 10 on task 24
55 Worker 4 processing task 21 requiring operations [7]
55 Worker 4 forwarding task 21
56 Generated task 28
56 Worker 1 accepting task 28
56 Task 24 completed!
56 Worker 0 accepting task 21
56 Worker 2 processing task 23 requiring operations [5]
56 Worker 2 performing operation 5 on task 23
56 Worker 4 processing task 25 requiring operations [6]
56 Worker 4 forwarding task 25
56 Worker 1 processing task 28 requiring operations [6, 9, 5]
56 Worker 1 performing operation 9 on task 28
56 Worker 0 processing task 21 requiring operations [7]
56 Worker 0 performing operation 7 on task 21
57 Task 23 completed!
57 Worker 3 accepting task 25
57 Worker 1 accepting task 28
57 Task 21 completed!
57 Worker 2 processing task 26 requiring operations [7, 5]
57 Worker 2 performing operation 5 on task 26
57 Worker 4 processing task 27 requiring operations [8, 6]
57 Worker 4 forwarding task 27
57 Worker 1 processing task 28 requiring operations [6, 5]
57 Worker 1 forwarding task 28
57 Worker 3 processing task 25 requiring operations [6]
57 Worker 3 forwarding task 25
58 Generated task 29
58 Worker 1 accepting task 29
58 Worker 2 accepting task 26
58 Worker 0 accepting task 27
58 Worker 0 accepting task 28
58 Worker 4 accepting task 25
58 Worker 2 processing task 26 requiring operations [7]
58 Worker 2 forwarding task 26
58 Worker 1 processing task 29 requiring operations [10, 3, 1]
58 Worker 1 forwarding task 29
58 Worker 0 processing task 27 requiring operations [8, 6]
58 Worker 0 forwarding task 27
58 Worker 4 processing task 25 requiring operations [6]
58 Worker 4 forwarding task 25
59 Worker 1 accepting task 26
59 Worker 2 accepting task 29
59 Worker 2 accepting task 27
59 Worker 1 accepting task 25
59 Worker 1 processing task 26 requiring operations [7]
59 Worker 1 forwarding task 26
59 Worker 0 processing task 28 requiring operations [6, 5]
59 Worker 0 forwarding task 28
59 Worker 2 processing task 29 requiring operations [10, 3, 1]
59 Worker 2 performing operation 10 on task 29
60 Generated task 30
60 Worker 1 accepting task 30
60 Worker 2 accepting task 26
60 Worker 4 accepting task 28
60 Worker 2 accepting task 29
60 Worker 1 processing task 25 requiring operations [6]
60 Worker 1 forwarding task 25
60 Worker 2 processing task 27 requiring operations [8, 6]
60 Worker 2 performing operation 8 on task 27
60 Worker 4 processing task 28 requiring operations [6, 5]
60 Worker 4 performing operation 5 on task 28
61 Worker 0 accepting task 25
61 Worker 2 accepting task 27
61 Worker 4 accepting task 28
61 Worker 1 processing task 30 requiring operations [10, 9, 6]
61 Worker 1 performing operation 9 on task 30
61 Worker 2 processing task 26 requiring operations [7]
61 Worker 2 forwarding task 26
61 Worker 4 processing task 28 requiring operations [6]
61 Worker 4 forwarding task 28
61 Worker 0 processing task 25 requiring operations [6]
61 Worker 0 forwarding task 25
62 Generated task 31
62 Worker 3 accepting task 31
62 Worker 1 accepting task 30
62 Worker 0 accepting task 26
62 Worker 3 accepting task 28
62 Worker 1 accepting task 25
62 Worker 1 processing task 30 requiring operations [10, 6]
62 Worker 1 forwarding task 30
62 Worker 2 processing task 29 requiring operations [3, 1]
62 Worker 2 forwarding task 29
62 Worker 0 processing task 26 requiring operations [7]
62 Worker 0 performing operation 7 on task 26
62 Worker 3 processing task 31 requiring operations [6, 2, 9]
62 Worker 3 performing operation 2 on task 31
63 Worker 3 accepting task 30
63 Worker 1 accepting task 29
63 Task 26 completed!
63 Worker 3 accepting task 31
63 Worker 1 processing task 25 requiring operations [6]
63 Worker 1 forwarding task 25
63 Worker 2 processing task 27 requiring operations [6]
63 Worker 2 performing operation 6 on task 27
63 Worker 3 processing task 28 requiring operations [6]
63 Worker 3 forwarding task 28
64 Generated task 32
64 Worker 3 accepting task 32
64 Worker 3 accepting task 25
64 Task 27 completed!
64 Worker 1 accepting task 28
64 Worker 1 processing task 29 requiring operations [3, 1]
64 Worker 1 forwarding task 29
64 Worker 3 processing task 30 requiring operations [10, 6]
64 Worker 3 forwarding task 30
65 Worker 3 accepting task 29
65 Worker 1 accepting task 30
65 Worker 1 processing task 28 requiring operations [6]
65 Worker 1 forwarding task 28
65 Worker 3 processing task 31 requiring operations [6, 9]
65 Worker 3 forwarding task 31
66 Generated task 33
66 Worker 4 accepting task 33
66 Worker 3 accepting task 28
66 Worker 0 accepting task 31
66 Worker 1 processing task 30 requiring operations [10, 6]
66 Worker 1 forwarding task 30
66 Worker 3 processing task 32 requiring operations [6, 3, 5]
66 Worker 3 performing operation 3 on task 32
66 Worker 4 processing task 33 requiring operations [9, 6, 8]
66 Worker 4 forwarding task 33
66 Worker 0 processing task 31 requiring operations [6, 9]
66 Worker 0 forwarding task 31
67 Worker 2 accepting task 30
67 Worker 3 accepting task 32
67 Worker 2 accepting task 33
67 Worker 1 accepting task 31
67 Worker 3 processing task 25 requiring operations [6]
67 Worker 3 forwarding task 25
67 Worker 2 processing task 30 requiring operations [10, 6]
67 Worker 2 performing operation 10 on task 30
67 Worker 1 processing task 31 requiring operations [6, 9]
67 Worker 1 performing operation 9 on task 31
68 Generated task 34
68 Worker 0 accepting task 34
68 Worker 2 accepting task 25
68 Worker 2 accepting task 30
68 Worker 1 accepting task 31
68 Worker 3 processing task 29 requiring operations [3, 1]
68 Worker 3 performing operation 3 on task 29
68 Worker 2 processing task 33 requiring operations [9, 6, 8]
68 Worker 2 performing operation 6 on task 33
68 Worker 1 processing task 31 requiring operations [6]
68 Worker 1 forwarding task 31
68 Worker 0 processing task 34 requiring operations [6, 3, 10]
68 Worker 0 performing operation 3 on task 34
69 Worker 3 accepting task 29
69 Worker 2 accepting task 33
69 Worker 3 accepting task 31
69 Worker 0 accepting task 34
69 Worker 3 processing task 28 requiring operations [6]
69 Worker 3 forwarding task 28
69 Worker 2 processing task 25 requiring operations [6]
69 Worker 2 performing operation 6 on task 25
69 Worker 0 processing task 34 requiring operations [6, 10]
69 Worker 0 performing operation 10 on task 34
70 Generated task 35
70 Worker 2 accepting task 35
70 Worker 4 accepting task 28
70 Task 25 completed!
70 Worker 0 accepting task 34
70 Worker 3 processing task 32 requiring operations [6, 5]
70 Worker 3 forwarding task 32
70 Worker 2 processing task 30 requiring operations [6]
70 Worker 2 performing operation 6 on task 30
70 Worker 0 processing task 34 requiring operations [6]
70 Worker 0 forwarding task 34
70 Worker 4 processing task 28 requiring operations [6]
70 Worker 4 forwarding task 28
71 Worker 2 accepting task 32
71 Task 30 completed!
71 Worker 4 accepting task 34
71 Worker 2 accepting task 28
71 Worker 3 processing task 29 requiring operations [1]
71 Worker 3 forwarding task 29
71 Worker 2 processing task 33 requiring operations [9, 8]
71 Worker 2 performing operation 8 on task 33
71 Worker 4 processing task 34 requiring operations [6]
71 Worker 4 forwarding task 34
72 Generated task 36
72 Worker 2 accepting task 36
72 Worker 1 accepting task 29
72 Worker 2 accepting task 33
72 Worker 2 accepting task 34
72 Worker 3 processing task 31 requiring operations [6]
72 Worker 3 forwarding task 31
72 Worker 2 processing task 35 requiring operations [10, 4, 5]
72 Worker 2 performing operation 10 on task 35
72 Worker 1 processing task 29 requiring operations [1]
72 Worker 1 forwarding task 29
73 Worker 2 accepting task 31
73 Worker 2 accepting task 35
73 Worker 4 accepting task 29
73 Worker 2 processing task 32 requiring operations [6, 5]
73 Worker 2 performing operation 5 on task 32
73 Worker 4 processing task 29 requiring operations [1]
73 Worker 4 performing operation 1 on task 29
74 Generated task 37
74 Worker 1 accepting task 37
74 Worker 2 accepting task 32
74 Task 29 completed!
74 Worker 2 processing task 28 requiring operations [6]
74 Worker 2 performing operation 6 on task 28
74 Worker 1 processing task 37 requiring operations [3, 5, 1]
74 Worker 1 forwarding task 37
75 Task 28 completed!
75 Worker 0 accepting task 37
75 Worker 2 processing task 36 requiring operations [4, 6, 9]
75 Worker 2 performing operation 6 on task 36
75 Worker 0 processing task 37 requiring operations [3, 5, 1]
75 Worker 0 performing operation 3 on task 37
76 Generated task 38
76 Worker 0 accepting task 38
76 Worker 2 accepting task 36
76 Worker 0 accepting task 37
76 Worker 2 processing task 33 requiring operations [9]
76 Worker 2 performing operation 9 on task 33
76 Worker 0 processing task 38 requiring operations [9, 4, 2]
76 Worker 0 performing operation 4 on task 38
77 Task 33 completed!
77 Worker 0 accepting task 38
77 Worker 2 processing task 34 requiring operations [6]
77 Worker 2 performing operation 6 on task 34
77 Worker 0 processing task 37 requiring operations [5, 1]
77 Worker 0 forwarding task 37
78 Generated task 39
78 Worker 0 accepting task 39
78 Task 34 completed!
78 Worker 2 accepting task 37
78 Worker 2 processing task 31 requiring operations [6]
78 Worker 2 performing operation 6 on task 31
78 Worker 0 processing task 38 requiring operations [9, 2]
78 Worker 0 performing operation 2 on task 38
79 Task 31 completed!
79 Worker 0 accepting task 38
79 Worker 2 processing task 35 requiring operations [4, 5]
79 Worker 2 performing operation 5 on task 35
79 Worker 0 processing task 39 requiring operations [8, 7, 3]
79 Worker 0 performing operation 3 on task 39
80 Generated task 40
80 Worker 3 accepting task 40
80 Worker 2 accepting task 35
80 Worker 0 accepting task 39
80 Worker 2 processing task 32 requiring operations [6]
80 Worker 2 performing operation 6 on task 32
80 Worker 0 processing task 38 requiring operations [9]
80 Worker 0 forwarding task 38
80 Worker 3 processing task 40 requiring operations [1, 6, 2]
80 Worker 3 performing operation 2 on task 40
81 Task 32 completed!
81 Worker 2 accepting task 38
81 Worker 3 accepting task 40
81 Worker 2 processing task 36 requiring operations [4, 9]
81 Worker 2 performing operation 9 on task 36
81 Worker 0 processing task 39 requiring operations [8, 7]
81 Worker 0 performing operation 7 on task 39
81 Worker 3 processing task 40 requiring operations [1, 6]
81 Worker 3 forwarding task 40
82 Generated task 41
82 Worker 4 accepting task 41
82 Worker 2 accepting task 36
82 Worker 0 accepting task 39
82 Worker 0 accepting task 40
82 Worker 2 processing task 37 requiring operations [5, 1]
82 Worker 2 performing operation 5 on task 37
82 Worker 0 processing task 39 requiring operations [8]
82 Worker 0 forwarding task 39
82 Worker 4 processing task 41 requiring operations [1, 4, 5]
82 Worker 4 performing operation 5 on task 41
83 Worker 2 accepting task 37
83 Worker 1 accepting task 39
83 Worker 4 accepting task 41
83 Worker 2 processing task 35 requiring operations [4]
83 Worker 2 forwarding task 35
83 Worker 0 processing task 40 requiring operations [1, 6]
83 Worker 0 forwarding task 40
83 Worker 4 processing task 41 requiring operations [1, 4]
83 Worker 4 performing operation 1 on task 41
83 Worker 1 processing task 39 requiring operations [8]
83 Worker 1 forwarding task 39
84 Generated task 42
84 Worker 2 accepting task 42
84 Worker 4 accepting task 35
84 Worker 4 accepting task 40
84 Worker 4 accepting task 41
84 Worker 0 accepting task 39
84 Worker 2 processing task 38 requiring operations [9]
84 Worker 2 performing operation 9 on task 38
84 Worker 4 processing task 35 requiring operations [4]
84 Worker 4 forwarding task 35
84 Worker 0 processing task 39 requiring operations [8]
84 Worker 0 forwarding task 39
85 Task 38 completed!
85 Worker 1 accepting task 35
85 Worker 1 accepting task 39
85 Worker 2 processing task 36 requiring operations [4]
85 Worker 2 forwarding task 36
85 Worker 4 processing task 40 requiring operations [1, 6]
85 Worker 4 performing operation 1 on task 40
85 Worker 1 processing task 35 requiring operations [4]
85 Worker 1 forwarding task 35
86 Generated task 43
86 Worker 4 accepting task 43
86 Worker 4 accepting task 36
86 Worker 4 accepting task 40
86 Worker 4 accepting task 35
86 Worker 2 processing task 37 requiring operations [1]
86 Worker 2 forwarding task 37
86 Worker 4 processing task 41 requiring operations [4]
86 Worker 4 forwarding task 41
86 Worker 1 processing task 39 requiring operations [8]
86 Worker 1 forwarding task 39
87 Worker 3 accepting task 37
87 Worker 1 accepting task 41
87 Worker 4 accepting task 39
87 Worker 2 processing task 42 requiring operations [2, 7, 1]
87 Worker 2 performing operation 2 on task 42
87 Worker 4 processing task 43 requiring operations [2, 8, 7]
87 Worker 4 forwarding task 43
87 Worker 1 processing task 41 requiring operations [4]
87 Worker 1 forwarding task 41
87 Worker 3 processing task 37 requiring operations [1]
87 Worker 3 forwarding task 37
88 Generated task 44
88 Worker 3 accepting task 44
88 Worker 2 accepting task 42
88 Worker 3 accepting task 43
88 Worker 3 accepting task 41
88 Worker 2 accepting task 37
88 Worker 2 processing task 42 requiring operations [7, 1]
88 Worker 2 forwarding task 42
88 Worker 4 processing task 36 requiring operations [4]
88 Worker 4 forwarding task 36
88 Worker 3 processing task 44 requiring operations [3, 9, 5]
88 Worker 3 performing operation 3 on task 44
89 Worker 0 accepting task 42
89 Worker 3 accepting task 36
89 Worker 3 accepting task 44
89 Worker 2 processing task 37 requiring operations [1]
89 Worker 2 forwarding task 37
89 Worker 4 processing task 40 requiring operations [6]
89 Worker 4 forwarding task 40
89 Worker 3 processing task 43 requiring operations [2, 8, 7]
89 Worker 3 performing operation 2 on task 43
89 Worker 0 processing task 42 requiring operations [7, 1]
89 Worker 0 performing operation 7 on task 42
90 Generated task 45
90 Worker 1 accepting task 45
90 Worker 3 accepting task 37
90 Worker 2 accepting task 40
90 Worker 3 accepting task 43
90 Worker 0 accepting task 42
90 Worker 4 processing task 35 requiring operations [4]
90 Worker 4 forwarding task 35
90 Worker 3 processing task 41 requiring operations [4]
90 Worker 3 forwarding task 41
90 Worker 0 processing task 42 requiring operations [1]
90 Worker 0 forwarding task 42
90 Worker 1 processing task 45 requiring operations [4, 6, 9]
90 Worker 1 performing operation 9 on task 45
90 Worker 2 processing task 40 requiring operations [6]
90 Worker 2 performing operation 6 on task 40
91 Worker 2 accepting task 35
91 Worker 0 accepting task 41
91 Worker 4 accepting task 42
91 Worker 1 accepting task 45
91 Task 40 completed!
91 Worker 4 processing task 39 requiring operations [8]
91 Worker 4 forwarding task 39
91 Worker 3 processing task 36 requiring operations [4]
91 Worker 3 forwarding task 36
91 Worker 0 processing task 41 requiring operations [4]
91 Worker 0 performing operation 4 on task 41
91 Worker 1 processing task 45 requiring operations [4, 6]
91 Worker 1 forwarding task 45
91 Worker 2 processing task 35 requiring operations [4]
91 Worker 2 forwarding task 35
92 Generated task 46
92 Worker 0 accepting task 46
92 Worker 0 accepting task 39
92 Worker 2 accepting task 36
92 Task 41 completed!
92 Worker 0 accepting task 45
92 Worker 1 accepting task 35
92 Worker 4 processing task 42 requiring operations [1]
92 Worker 4 performing operation 1 on task 42
92 Worker 3 processing task 44 requiring operations [9, 5]
92 Worker 3 forwarding task 44
92 Worker 0 processing task 46 requiring operations [10, 2, 5]
92 Worker 0 performing operation 10 on task 46
92 Worker 2 processing task 36 requiring operations [4]
92 Worker 2 forwarding task 36
92 Worker 1 processing task 35 requiring operations [4]
92 Worker 1 forwarding task 35
93 Task 42 completed!
93 Worker 1 accepting task 44
93 Worker 0 accepting task 46
93 Worker 3 accepting task 36
93 Worker 0 accepting task 35
93 Worker 3 processing task 37 requiring operations [1]
93 Worker 3 forwarding task 37
93 Worker 0 processing task 39 requiring operations [8]
93 Worker 0 forwarding task 39
93 Worker 1 processing task 44 requiring operations [9, 5]
93 Worker 1 performing operation 9 on task 44
94 Generated task 47
94 Worker 2 accepting task 47
94 Worker 0 accepting task 37
94 Worker 2 accepting task 39
94 Worker 1 accepting task 44
94 Worker 3 processing task 43 requiring operations [8, 7]
94 Worker 3 forwarding task 43
94 Worker 0 processing task 45 requiring operations [4, 6]
94 Worker 0 performing operation 4 on task 45
94 Worker 1 processing task 44 requiring operations [5]
94 Worker 1 forwarding task 44
94 Worker 2 processing task 47 requiring operations [8, 1, 7]
94 Worker 2 performing operation 8 on task 47
95 Worker 1 accepting task 43
95 Worker 0 accepting task 45
95 Worker 3 accepting task 44
95 Worker 2 accepting task 47
95 Worker 3 processing task 36 requiring operations [4]
95 Worker 3 forwarding task 36
95 Worker 0 processing task 46 requiring operations [2, 5]
95 Worker 0 performing operation 2 on task 46
95 Worker 1 processing task 43 requiring operations [8, 7]
95 Worker 1 forwarding task 43
95 Worker 2 processing task 39 requiring operations [8]
95 Worker 2 performing operation 8 on task 39
96 Generated task 48
96 Worker 4 accepting task 48
96 Worker 0 accepting task 36
96 Worker 0 accepting task 46
96 Worker 3 accepting task 43
96 Task 39 completed!
96 Worker 3 processing task 44 requiring operations [5]
96 Worker 3 forwarding task 44
96 Worker 0 processing task 35 requiring operations [4]
96 Worker 0 performing operation 4 on task 35
96 Worker 2 processing task 47 requiring operations [1, 7]
96 Worker 2 forwarding task 47
96 Worker 4 processing task 48 requiring operations [10, 1, 3]
96 Worker 4 performing operation 1 on task 48
97 Worker 1 accepting task 44
97 Task 35 completed!
97 Worker 4 accepting task 47
97 Worker 4 accepting task 48
97 Worker 3 processing task 43 requiring operations [8, 7]
97 Worker 3 forwarding task 43
97 Worker 0 processing task 37 requiring operations [1]
97 Worker 0 forwarding task 37
97 Worker 4 processing task 47 requiring operations [1, 7]
97 Worker 4 performing operation 1 on task 47
97 Worker 1 processing task 44 requiring operations [5]
97 Worker 1 forwarding task 44
98 Generated task 49
98 Worker 1 accepting task 49
98 Worker 0 accepting task 43
98 Worker 3 accepting task 37
98 Worker 4 accepting task 47
98 Worker 0 accepting task 44
98 Worker 0 processing task 45 requiring operations [6]
98 Worker 0 forwarding task 45
98 Worker 4 processing task 48 requiring operations [10, 3]
98 Worker 4 forwarding task 48
98 Worker 1 processing task 49 requiring operations [5, 1, 4]
98 Worker 1 forwarding task 49
98 Worker 3 processing task 37 requiring operations [1]
98 Worker 3 forwarding task 37
99 Worker 1 accepting task 45
99 Worker 2 accepting task 48
99 Worker 4 accepting task 49
99 Worker 4 accepting task 37
99 Worker 0 processing task 36 requiring operations [4]
99 Worker 0 performing operation 4 on task 36
99 Worker 4 processing task 47 requiring operations [7]
99 Worker 4 forwarding task 47
99 Worker 1 processing task 45 requiring operations [6]
99 Worker 1 forwarding task 45
99 Worker 2 processing task 48 requiring operations [10, 3]
99 Worker 2 performing operation 10 on task 48
100 Generated task 50
100 Worker 4 accepting task 50
100 Task 36 completed!
100 Worker 2 accepting task 47
100 Worker 3 accepting task 45
100 Worker 2 accepting task 48
100 Worker 0 processing task 46 requiring operations [5]
100 Worker 0 forwarding task 46
100 Worker 4 processing task 49 requiring operations [5, 1, 4]
100 Worker 4 performing operation 5 on task 49
100 Worker 2 processing task 47 requiring operations [7]
100 Worker 2 forwarding task 47
100 Worker 3 processing task 45 requiring operations [6]
100 Worker 3 forwarding task 45
101 Worker 1 accepting task 46
101 Worker 4 accepting task 49
101 Worker 3 accepting task 47
101 Worker 0 accepting task 45
101 Worker 0 processing task 43 requiring operations [8, 7]
101 Worker 0 performing operation 7 on task 43
101 Worker 4 processing task 37 requiring operations [1]
101 Worker 4 performing operation 1 on task 37
101 Worker 2 processing task 48 requiring operations [3]
101 Worker 2 forwarding task 48
101 Worker 3 processing task 47 requiring operations [7]
101 Worker 3 forwarding task 47
101 Worker 1 processing task 46 requiring operations [5]
101 Worker 1 forwarding task 46
102 Generated task 51
102 Worker 1 accepting task 51
102 Worker 0 accepting task 43
102 Task 37 completed!
102 Worker 1 accepting task 48
102 Worker 1 accepting task 47
102 Worker 4 accepting task 46
102 Worker 0 processing task 44 requiring operations [5]
102 Worker 0 forwarding task 44
102 Worker 4 processing task 50 requiring operations [4, 8, 1]
102 Worker 4 performing operation 1 on task 50
102 Worker 1 processing task 51 requiring operations [1, 4, 6]
102 Worker 1 forwarding task 51
103 Worker 3 accepting task 44
103 Worker 4 accepting task 50
103 Worker 4 accepting task 51
103 Worker 0 processing task 45 requiring operations [6]
103 Worker 0 forwarding task 45
103 Worker 4 processing task 49 requiring operations [1, 4]
103 Worker 4 performing operation 1 on task 49
103 Worker 1 processing task 48 requiring operations [3]
103 Worker 1 forwarding task 48
103 Worker 3 processing task 44 requiring operations [5]
103 Worker 3 forwarding task 44
104 Generated task 52
104 Worker 0 accepting task 52
104 Worker 3 accepting task 45
104 Worker 4 accepting task 49
104 Worker 0 accepting task 48
104 Worker 2 accepting task 44
104 Worker 0 processing task 43 requiring operations [8]
104 Worker 0 forwarding task 43
104 Worker 4 processing task 46 requiring operations [5]
104 Worker 4 performing operation 5 on task 46
104 Worker 1 processing task 47 requiring operations [7]
104 Worker 1 forwarding task 47
104 Worker 3 processing task 45 requiring operations [6]
104 Worker 3 forwarding task 45
104 Worker 2 processing task 44 requiring operations [5]
104 Worker 2 performing operation 5 on task 44
105 Worker 4 accepting task 43
105 Task 46 completed!
105 Worker 2 accepting task 47
105 Worker 4 accepting task 45
105 Task 44 completed!
105 Worker 0 processing task 52 requiring operations [7, 3, 8]
105 Worker 0 performing operation 7 on task 52
105 Worker 4 processing task 50 requiring operations [4, 8]
105 Worker 4 forwarding task 50
105 Worker 2 processing task 47 requiring operations [7]
105 Worker 2 forwarding task 47
106 Generated task 53
106 Worker 4 accepting task 53
106 Worker 0 accepting task 52
106 Worker 1 accepting task 50
106 Worker 0 accepting task 47
106 Worker 0 processing task 48 requiring operations [3]
106 Worker 0 performing operation 3 on task 48
106 Worker 4 processing task 51 requiring operations [1, 4, 6]
106 Worker 4 performing operation 1 on task 51
106 Worker 1 processing task 50 requiring operations [4, 8]
106 Worker 1 forwarding task 50
107 Task 48 completed!
107 Worker 4 accepting task 51
107 Worker 2 accepting task 50
107 Worker 0 processing task 52 requiring operations [3, 8]
107 Worker 0 performing operation 3 on task 52
107 Worker 4 processing task 49 requiring operations [4]
107 Worker 4 forwarding task 49
107 Worker 2 processing task 50 requiring operations [4, 8]
107 Worker 2 performing operation 8 on task 50
108 Generated task 54
108 Worker 1 accepting task 54
108 Worker 0 accepting task 52
108 Worker 1 accepting task 49
108 Worker 2 accepting task 50
108 Worker 0 processing task 47 requiring operations [7]
108 Worker 0 performing operation 7 on task 47
108 Worker 4 processing task 43 requiring operations [8]
108 Worker 4 forwarding task 43
108 Worker 2 processing task 50 requiring operations [4]
108 Worker 2 forwarding task 50
108 Worker 1 processing task 54 requiring operations [4, 7, 8]
108 Worker 1 forwarding task 54
109 Task 47 completed!
109 Worker 2 accepting task 43
109 Worker 3 accepting task 50
109 Worker 0 accepting task 54
109 Worker 0 processing task 52 requiring operations [8]
109 Worker 0 forwarding task 52
109 Worker 4 processing task 45 requiring operations [6]
109 Worker 4 forwarding task 45
109 Worker 2 processing task 43 requiring operations [8]
109 Worker 2 performing operation 8 on task 43
109 Worker 1 processing task 49 requiring operations [4]
109 Worker 1 forwarding task 49
109 Worker 3 processing task 50 requiring operations [4]
109 Worker 3 forwarding task 50
110 Generated task 55
110 Worker 2 accepting task 55
110 Worker 2 accepting task 52
110 Worker 1 accepting task 45
110 Task 43 completed!
110 Worker 2 accepting task 49
110 Worker 0 accepting task 50
110 Worker 0 processing task 54 requiring operations [4, 7, 8]
110 Worker 0 performing operation 4 on task 54
110 Worker 4 processing task 53 requiring operations [8, 10, 1]
110 Worker 4 performing operation 1 on task 53
110 Worker 2 processing task 55 requiring operations [7, 8, 6]
110 Worker 2 performing operation 6 on task 55
110 Worker 1 processing task 45 requiring operations [6]
110 Worker 1 forwarding task 45
111 Worker 0 accepting task 54
111 Worker 4 accepting task 53
111 Worker 2 accepting task 55
111 Worker 2 accepting task 45
111 Worker 0 processing task 50 requiring operations [4]
111 Worker 0 performing operation 4 on task 50
111 Worker 4 processing task 51 requiring operations [4, 6]
111 Worker 4 forwarding task 51
111 Worker 2 processing task 52 requiring operations [8]
111 Worker 2 performing operation 8 on task 52
112 Generated task 56
112 Worker 1 accepting task 56
112 Task 50 completed!
112 Worker 2 accepting task 51
112 Task 52 completed!
112 Worker 0 processing task 54 requiring operations [7, 8]
112 Worker 0 performing operation 7 on task 54
112 Worker 4 processing task 53 requiring operations [8, 10]
112 Worker 4 forwarding task 53
112 Worker 2 processing task 49 requiring operations [4]
112 Worker 2 forwarding task 49
112 Worker 1 processing task 56 requiring operations [1, 6, 9]
112 Worker 1 performing operation 9 on task 56
113 Worker 0 accepting task 54
113 Worker 1 accepting task 53
113 Worker 3 accepting task 49
113 Worker 1 accepting task 56
113 Worker 0 processing task 54 requiring operations [8]
113 Worker 0 forwarding task 54
113 Worker 2 processing task 55 requiring operations [7, 8]
113 Worker 2 performing operation 8 on task 55
113 Worker 1 processing task 53 requiring operations [8, 10]
113 Worker 1 forwarding task 53
113 Worker 3 processing task 49 requiring operations [4]
113 Worker 3 forwarding task 49
114 Generated task 57
114 Worker 3 accepting task 57
114 Worker 4 accepting task 54
114 Worker 2 accepting task 55
114 Worker 4 accepting task 53
114 Worker 4 accepting task 49
114 Worker 2 processing task 45 requiring operations [6]
114 Worker 2 performing operation 6 on task 45
114 Worker 1 processing task 56 requiring operations [1, 6]
114 Worker 1 forwarding task 56
114 Worker 3 processing task 57 requiring operations [10, 5, 8]
114 Worker 3 forwarding task 57
114 Worker 4 processing task 54 requiring operations [8]
114 Worker 4 forwarding task 54
115 Task 45 completed!
115 Worker 0 accepting task 56
115 Worker 0 accepting task 57
115 Worker 0 accepting task 54
115 Worker 2 processing task 51 requiring operations [4, 6]
115 Worker 2 performing operation 6 on task 51
115 Worker 4 processing task 53 requiring operations [8, 10]
115 Worker 4 forwarding task 53
115 Worker 0 processing task 56 requiring operations [1, 6]
115 Worker 0 forwarding task 56
116 Generated task 58
116 Worker 3 accepting task 58
116 Worker 2 accepting task 51
116 Worker 2 accepting task 53
116 Worker 1 accepting task 56
116 Worker 2 processing task 55 requiring operations [7]
116 Worker 2 forwarding task 55
116 Worker 4 processing task 49 requiring operations [4]
116 Worker 4 forwarding task 49
116 Worker 0 processing task 57 requiring operations [10, 5, 8]
116 Worker 0 performing operation 10 on task 57
116 Worker 3 processing task 58 requiring operations [9, 10, 2]
116 Worker 3 performing operation 2 on task 58
116 Worker 1 processing task 56 requiring operations [1, 6]
116 Worker 1 forwarding task 56
117 Worker 1 accepting task 55
117 Worker 1 accepting task 49
117 Worker 0 accepting task 57
117 Worker 3 accepting task 58
117 Worker 0 accepting task 56
117 Worker 2 processing task 51 requiring operations [4]
117 Worker 2 forwarding task 51
117 Worker 0 processing task 54 requiring operations [8]
117 Worker 0 forwarding task 54
117 Worker 3 processing task 58 requiring operations [9, 10]
117 Worker 3 forwarding task 58
117 Worker 1 processing task 55 requiring operations [7]
117 Worker 1 forwarding task 55
118 Generated task 59
118 Worker 1 accepting task 59
118 Worker 3 accepting task 51
118 Worker 2 accepting task 54
118 Worker 4 accepting task 58
118 Worker 4 accepting task 55
118 Worker 2 processing task 53 requiring operations [8, 10]
118 Worker 2 performing operation 8 on task 53
118 Worker 0 processing task 57 requiring operations [5, 8]
118 Worker 0 forwarding task 57
118 Worker 3 processing task 51 requiring operations [4]
118 Worker 3 forwarding task 51
118 Worker 1 processing task 49 requiring operations [4]
118 Worker 1 forwarding task 49
118 Worker 4 processing task 58 requiring operations [9, 10]
118 Worker 4 forwarding task 58
119 Worker 2 accepting task 53
119 Worker 4 accepting task 57
119 Worker 2 accepting task 51
119 Worker 2 accepting task 49
119 Worker 3 accepting task 58
119 Worker 2 processing task 54 requiring operations [8]
119 Worker 2 performing operation 8 on task 54
119 Worker 0 processing task 56 requiring operations [1, 6]
119 Worker 0 forwarding task 56
119 Worker 1 processing task 59 requiring operations [9, 1, 4]
119 Worker 1 performing operation 9 on task 59
119 Worker 4 processing task 55 requiring operations [7]
119 Worker 4 forwarding task 55
119 Worker 3 processing task 58 requiring operations [9, 10]
119 Worker 3 forwarding task 58
120 Generated task 60
120 Worker 2 accepting task 60
120 Task 54 completed!
120 Worker 1 accepting task 56
120 Worker 1 accepting task 59
120 Worker 1 accepting task 55
120 Worker 1 accepting task 58
120 Worker 2 processing task 53 requiring operations [10]
120 Worker 2 performing operation 10 on task 53
120 Worker 1 processing task 56 requiring operations [1, 6]
120 Worker 1 forwarding task 56
120 Worker 4 processing task 57 requiring operations [5, 8]
120 Worker 4 performing operation 5 on task 57
121 Task 53 completed!
121 Worker 3 accepting task 56
121 Worker 4 accepting task 57
121 Worker 2 processing task 51 requiring operations [4]
121 Worker 2 forwarding task 51
121 Worker 1 processing task 59 requiring operations [1, 4]
121 Worker 1 forwarding task 59
121 Worker 4 processing task 57 requiring operations [8]
121 Worker 4 forwarding task 57
121 Worker 3 processing task 56 requiring operations [1, 6]
121 Worker 3 forwarding task 56
122 Generated task 61
122 Worker 4 accepting task 61
122 Worker 1 accepting task 51
122 Worker 2 accepting task 59
122 Worker 3 accepting task 57
122 Worker 2 accepting task 56
122 Worker 2 processing task 49 requiring operations [4]
122 Worker 2 forwarding task 49
122 Worker 1 processing task 55 requiring operations [7]
122 Worker 1 forwarding task 55
122 Worker 4 processing task 61 requiring operations [3, 5, 10]
122 Worker 4 performing operation 5 on task 61
122 Worker 3 processing task 57 requiring operations [8]
122 Worker 3 forwarding task 57
123 Worker 3 accepting task 49
123 Worker 3 accepting task 55
123 Worker 4 accepting task 61
123 Worker 1 accepting task 57
123 Worker 2 processing task 60 requiring operations [2, 8, 4]
123 Worker 2 performing operation 8 on task 60
123 Worker 1 processing task 58 requiring operations [9, 10]
123 Worker 1 performing operation 9 on task 58
123 Worker 4 processing task 61 requiring operations [3, 10]
123 Worker 4 forwarding task 61
123 Worker 3 processing task 49 requiring operations [4]
123 Worker 3 forwarding task 49
124 Generated task 62
124 Worker 1 accepting task 62
124 Worker 2 accepting task 60
124 Worker 1 accepting task 58
124 Worker 0 accepting task 61
124 Worker 1 accepting task 49
124 Worker 2 processing task 59 requiring operations [1, 4]
124 Worker 2 forwarding task 59
124 Worker 1 processing task 51 requiring operations [4]
124 Worker 1 forwarding task 51
124 Worker 3 processing task 55 requiring operations [7]
124 Worker 3 forwarding task 55
124 Worker 0 processing task 61 requiring operations [3, 10]
124 Worker 0 performing operation 10 on task 61
125 Worker 0 accepting task 59
125 Worker 3 accepting task 51
125 Worker 1 accepting task 55
125 Worker 0 accepting task 61
125 Worker 2 processing task 56 requiring operations [1, 6]
125 Worker 2 performing operation 6 on task 56
125 Worker 1 processing task 57 requiring operations [8]
125 Worker 1 forwarding task 57
125 Worker 3 processing task 51 requiring operations [4]
125 Worker 3 forwarding task 51
125 Worker 0 processing task 59 requiring operations [1, 4]
125 Worker 0 performing operation 4 on task 59
126 Generated task 63
126 Worker 0 accepting task 63
126 Worker 2 accepting task 56
126 Worker 4 accepting task 57
126 Worker 2 accepting task 51
126 Worker 0 accepting task 59
126 Worker 2 processing task 60 requiring operations [2, 4]
126 Worker 2 performing operation 2 on task 60
126 Worker 1 processing task 62 requiring operations [9, 4, 2]
126 Worker 1 performing operation 9 on task 62
126 Worker 0 processing task 61 requiring operations [3]
126 Worker 0 performing operation 3 on task 61
126 Worker 4 processing task 57 requiring operations [8]
126 Worker 4 forwarding task 57
127 Worker 2 accepting task 60
127 Worker 1 accepting task 62
127 Task 61 completed!
127 Worker 0 accepting task 57
127 Worker 2 processing task 56 requiring operations [1]
127 Worker 2 forwarding task 56
127 Worker 1 processing task 58 requiring operations [10]
127 Worker 1 forwarding task 58
127 Worker 0 processing task 63 requiring operations [5, 10, 9]
127 Worker 0 performing operation 10 on task 63
128 Generated task 64
128 Worker 0 accepting task 64
128 Worker 0 accepting task 56
128 Worker 3 accepting task 58
128 Worker 0 accepting task 63
128 Worker 2 processing task 51 requiring operations [4]
128 Worker 2 forwarding task 51
128 Worker 1 processing task 49 requiring operations [4]
128 Worker 1 forwarding task 49
128 Worker 0 processing task 59 requiring operations [1]
128 Worker 0 forwarding task 59
128 Worker 3 processing task 58 requiring operations [10]
128 Worker 3 forwarding task 58
129 Worker 3 accepting task 51
129 Worker 2 accepting task 49
129 Worker 1 accepting task 59
129 Worker 0 accepting task 58
129 Worker 2 processing task 60 requiring operations [4]
129 Worker 2 forwarding task 60
129 Worker 1 processing task 55 requiring operations [7]
129 Worker 1 forwarding task 55
129 Worker 0 processing task 57 requiring operations [8]
129 Worker 0 forwarding task 57
129 Worker 3 processing task 51 requiring operations [4]
129 Worker 3 forwarding task 51
130 Generated task 65
130 Worker 2 accepting task 65
130 Worker 4 accepting task 60
130 Worker 3 accepting task 55
130 Worker 4 accepting task 57
130 Worker 0 accepting task 51
130 Worker 2 processing task 49 requiring operations [4]
130 Worker 2 forwarding task 49
130 Worker 1 processing task 62 requiring operations [4, 2]
130 Worker 1 performing operation 2 on task 62
130 Worker 0 processing task 64 requiring operations [1, 6, 8]
130 Worker 0 forwarding task 64
130 Worker 3 processing task 55 requiring operations [7]
130 Worker 3 forwarding task 55
130 Worker 4 processing task 60 requiring operations [4]
130 Worker 4 forwarding task 60
131 Worker 1 accepting task 49
131 Worker 1 accepting task 62
131 Worker 1 accepting task 64
131 Worker 1 accepting task 55
131 Worker 0 accepting task 60
131 Worker 2 processing task 65 requiring operations [9, 4, 5]
131 Worker 2 performing operation 5 on task 65
131 Worker 1 processing task 59 requiring operations [1]
131 Worker 1 forwarding task 59
131 Worker 0 processing task 56 requiring operations [1]
131 Worker 0 forwarding task 56
131 Worker 4 processing task 57 requiring operations [8]
131 Worker 4 forwarding task 57
132 Generated task 66
132 Worker 2 accepting task 66
132 Worker 2 accepting task 65
132 Worker 3 accepting task 59
132 Worker 4 accepting task 56
132 Worker 3 accepting task 57
132 Worker 2 processing task 66 requiring operations [6, 1, 2]
132 Worker 2 performing operation 2 on task 66
132 Worker 1 processing task 49 requiring operations [4]
132 Worker 1 forwarding task 49
132 Worker 0 processing task 63 requiring operations [5, 9]
132 Worker 0 forwarding task 63
132 Worker 4 processing task 56 requiring operations [1]
132 Worker 4 performing operation 1 on task 56
132 Worker 3 processing task 59 requiring operations [1]
132 Worker 3 forwarding task 59
133 Worker 2 accepting task 66
133 Worker 3 accepting task 49
133 Worker 2 accepting task 63
133 Task 56 completed!
133 Worker 1 accepting task 59
133 Worker 2 processing task 65 requiring operations [9, 4]
133 Worker 2 performing operation 9 on task 65
133 Worker 1 processing task 62 requiring operations [4]
133 Worker 1 forwarding task 62
133 Worker 0 processing task 58 requiring operations [10]
133 Worker 0 performing operation 10 on task 58
133 Worker 3 processing task 57 requiring operations [8]
133 Worker 3 forwarding task 57
134 Generated task 67
134 Worker 1 accepting task 67
134 Worker 2 accepting task 65
134 Worker 3 accepting task 62
134 Task 58 completed!
134 Worker 0 accepting task 57
134 Worker 2 processing task 66 requiring operations [6, 1]
134 Worker 2 performing operation 6 on task 66
134 Worker 1 processing task 64 requiring operations [1, 6, 8]
134 Worker 1 forwarding task 64
134 Worker 0 processing task 51 requiring operations [4]
134 Worker 0 performing operation 4 on task 51
134 Worker 3 processing task 49 requiring operations [4]
134 Worker 3 forwarding task 49
135 Worker 2 accepting task 66
135 Worker 4 accepting task 64
135 Task 51 completed!
135 Worker 1 accepting task 49
135 Worker 2 processing task 63 requiring operations [5, 9]
135 Worker 2 performing operation 5 on task 63
135 Worker 1 processing task 55 requiring operations [7]
135 Worker 1 forwarding task 55
135 Worker 0 processing task 60 requiring operations [4]
135 Worker 0 performing operation 4 on task 60
135 Worker 3 processing task 62 requiring operations [4]
135 Worker 3 forwarding task 62
135 Worker 4 processing task 64 requiring operations [1, 6, 8]
135 Worker 4 performing operation 1 on task 64
136 Generated task 68
136 Worker 4 accepting task 68
136 Worker 2 accepting task 63
136 Worker 0 accepting task 55
136 Task 60 completed!
136 Worker 0 accepting task 62
136 Worker 4 accepting task 64
136 Worker 2 processing task 65 requiring operations [4]
136 Worker 2 forwarding task 65
136 Worker 1 processing task 59 requiring operations [1]
136 Worker 1 forwarding task 59
136 Worker 0 processing task 57 requiring operations [8]
136 Worker 0 forwarding task 57
136 Worker 4 processing task 68 requiring operations [8, 3, 7]
136 Worker 4 forwarding task 68
137 Worker 4 accepting task 65
137 Worker 3 accepting task 59
137 Worker 3 accepting task 57
137 Worker 2 accepting task 68
137 Worker 2 processing task 66 requiring operations [1]
137 Worker 2 forwarding task 66
137 Worker 1 processing task 67 requiring operations [8, 1, 2]
137 Worker 1 performing operation 2 on task 67
137 Worker 0 processing task 55 requiring operations [7]
137 Worker 0 performing operation 7 on task 55
137 Worker 4 processing task 64 requiring operations [6, 8]
137 Worker 4 forwarding task 64
137 Worker 3 processing task 59 requiring operations [1]
137 Worker 3 forwarding task 59
138 Generated task 69
138 Worker 3 accepting task 69
138 Worker 0 accepting task 66
138 Worker 1 accepting task 67
138 Task 55 completed!
138 Worker 1 accepting task 64
138 Worker 0 accepting task 59
138 Worker 2 processing task 63 requiring operations [9]
138 Worker 2 performing operation 9 on task 63
138 Worker 1 processing task 49 requiring operations [4]
138 Worker 1 forwarding task 49
138 Worker 0 processing task 62 requiring operations [4]
138 Worker 0 performing operation 4 on task 62
138 Worker 4 processing task 65 requiring operations [4]
138 Worker 4 forwarding task 65
138 Worker 3 processing task 57 requiring operations [8]
138 Worker 3 forwarding task 57
139 Task 63 completed!
139 Worker 0 accepting task 49
139 Task 62 completed!
139 Worker 2 accepting task 65
139 Worker 4 accepting task 57
139 Worker 2 processing task 68 requiring operations [8, 3, 7]
139 Worker 2 performing operation 8 on task 68
139 Worker 1 processing task 67 requiring operations [8, 1]
139 Worker 1 forwarding task 67
139 Worker 0 processing task 66 requiring operations [1]
139 Worker 0 forwarding task 66
139 Worker 3 processing task 69 requiring operations [1, 2, 4]
139 Worker 3 performing operation 2 on task 69
139 Worker 4 processing task 57 requiring operations [8]
139 Worker 4 forwarding task 57
140 Generated task 70
140 Worker 0 accepting task 70
140 Worker 2 accepting task 68
140 Worker 0 accepting task 67
140 Worker 3 accepting task 66
140 Worker 3 accepting task 69
140 Worker 1 accepting task 57
140 Worker 2 processing task 65 requiring operations [4]
140 Worker 2 forwarding task 65
140 Worker 1 processing task 64 requiring operations [6, 8]
140 Worker 1 forwarding task 64
140 Worker 0 processing task 59 requiring operations [1]
140 Worker 0 forwarding task 59
140 Worker 3 processing task 66 requiring operations [1]
140 Worker 3 forwarding task 66
