Worker 0 can perform operations {8, 1, 3, 4}
Worker 1 can perform operations {9, 10}
Worker 2 can perform operations {9, 4, 6}
Worker 3 can perform operations {2, 5, 6, 7}
Worker 4 can perform operations {9, 3, 4}
Building network type full-connect
Worker 0 connecting to worker 1
Worker 0 connecting to worker 2
Worker 0 connecting to worker 3
Worker 0 connecting to worker 4
Worker 1 connecting to worker 0
Worker 1 connecting to worker 2
Worker 1 connecting to worker 3
Worker 1 connecting to worker 4
Worker 2 connecting to worker 0
Worker 2 connecting to worker 1
Worker 2 connecting to worker 3
Worker 2 connecting to worker 4
Worker 3 connecting to worker 0
Worker 3 connecting to worker 1
Worker 3 connecting to worker 2
Worker 3 connecting to worker 4
Worker 4 connecting to worker 0
Worker 4 connecting to worker 1
Worker 4 connecting to worker 2
Worker 4 connecting to worker 3
Entry nodes are [0, 1, 2, 3, 4]
0 Generated task 0
0 Worker 2 accepting task 0
0 Worker 2 processing task 0 requiring operations [7, 6, 4]
0 Worker 2 performing operation 6 on task 0
1 Worker 2 accepting task 0
1 Worker 2 processing task 0 requiring operations [7, 4]
1 Worker 2 performing operation 4 on task 0
2 Generated task 1
2 Worker 3 accepting task 1
2 Worker 2 accepting task 0
2 Worker 2 processing task 0 requiring operations [7]
2 Worker 2 forwarding task 0
2 Worker 3 processing task 1 requiring operations [8, 1, 6]
2 Worker 3 performing operation 6 on task 1
3 Worker 0 accepting task 0
3 Worker 3 accepting task 1
3 Worker 3 processing task 1 requiring operations [8, 1]
3 Worker 3 forwarding task 1
3 Worker 0 processing task 0 requiring operations [7]
3 Worker 0 forwarding task 0
4 Generated task 2
4 Worker 4 accepting task 2
4 Worker 0 accepting task 1
4 Worker 3 accepting task 0
4 Worker 0 processing task 1 requiring operations [8, 1]
4 Worker 0 performing operation 1 on task 1
4 Worker 4 processing task 2 requiring operations [7, 5, 3]
4 Worker 4 performing operation 3 on task 2
4 Worker 3 processing task 0 requiring operations [7]
4 Worker 3 performing operation 7 on task 0
5 Worker 0 accepting task 1
5 Worker 4 accepting task 2
5 Task 0 completed!
5 Worker 0 processing task 1 requiring operations [8]
5 Worker 0 performing operation 8 on task 1
5 Worker 4 processing task 2 requiring operations [7, 5]
5 Worker 4 forwarding task 2
6 Generated task 3
6 Worker 3 accepting task 3
6 Task 1 completed!
6 Worker 2 accepting task 2
6 Worker 3 processing task 3 requiring operations [3, 10, 1]
6 Worker 3 forwarding task 3
6 Worker 2 processing task 2 requiring operations [7, 5]
6 Worker 2 forwarding task 2
7 Worker 2 accepting task 3
7 Worker 0 accepting task 2
7 Worker 2 processing task 3 requiring operations [3, 10, 1]
7 Worker 2 forwarding task 3
7 Worker 0 processing task 2 requiring operations [7, 5]
7 Worker 0 forwarding task 2
8 Generated task 4
8 Worker 1 accepting task 4
8 Worker 0 accepting task 3
8 Worker 1 accepting task 2
8 Worker 0 processing task 3 requiring operations [3, 10, 1]
8 Worker 0 performing operation 3 on task 3
8 Worker 1 processing task 4 requiring operations [3, 1, 6]
8 Worker 1 forwarding task 4
9 Worker 0 accepting task 3
9 Worker 4 accepting task 4
9 Worker 0 processing task 3 requiring operations [10, 1]
9 Worker 0 performing operation 1 on task 3
9 Worker 1 processing task 2 requiring operations [7, 5]
9 Worker 1 forwarding task 2
9 Worker 4 processing task 4 requiring operations [3, 1, 6]
9 Worker 4 performing operation 3 on task 4
10 Generated task 5
10 Worker 3 accepting task 5
10 Worker 0 accepting task 3
10 Worker 3 accepting task 2
10 Worker 4 accepting task 4
10 Worker 0 processing task 3 requiring operations [10]
10 Worker 0 forwarding task 3
10 Worker 4 processing task 4 requiring operations [1, 6]
10 Worker 4 forwarding task 4
10 Worker 3 processing task 5 requiring operations [4, 6, 7]
10 Worker 3 performing operation 7 on task 5
11 Worker 2 accepting task 3
11 Worker 3 accepting task 4
11 Worker 3 accepting task 5
11 Worker 3 processing task 2 requiring operations [7, 5]
11 Worker 3 performing operation 5 on task 2
11 Worker 2 processing task 3 requiring operations [10]
11 Worker 2 forwarding task 3
12 Generated task 6
12 Worker 1 accepting task 6
12 Worker 3 accepting task 2
12 Worker 1 accepting task 3
12 Worker 3 processing task 4 requiring operations [1, 6]
12 Worker 3 performing operation 6 on task 4
12 Worker 1 processing task 6 requiring operations [1, 8, 2]
12 Worker 1 forwarding task 6
13 Worker 3 accepting task 4
13 Worker 0 accepting task 6
13 Worker 3 processing task 5 requiring operations [4, 6]
13 Worker 3 performing operation 6 on task 5
13 Worker 1 processing task 3 requiring operations [10]
13 Worker 1 performing operation 10 on task 3
13 Worker 0 processing task 6 requiring operations [1, 8, 2]
13 Worker 0 performing operation 1 on task 6
14 Generated task 7
14 Worker 3 accepting task 7
14 Worker 3 accepting task 5
14 Task 3 completed!
14 Worker 0 accepting task 6
14 Worker 3 processing task 2 requiring operations [7]
14 Worker 3 performing operation 7 on task 2
14 Worker 0 processing task 6 requiring operations [8, 2]
14 Worker 0 performing operation 8 on task 6
15 Task 2 completed!
15 Worker 0 accepting task 6
15 Worker 3 processing task 4 requiring operations [1]
15 Worker 3 forwarding task 4
15 Worker 0 processing task 6 requiring operations [2]
15 Worker 0 forwarding task 6
16 Generated task 8
16 Worker 1 accepting task 8
16 Worker 0 accepting task 4
16 Worker 1 accepting task 6
16 Worker 3 processing task 7 requiring operations [3, 9, 5]
16 Worker 3 performing operation 5 on task 7
16 Worker 0 processing task 4 requiring operations [1]
16 Worker 0 performing operation 1 on task 4
16 Worker 1 processing task 8 requiring operations [2, 6, 9]
16 Worker 1 performing operation 9 on task 8
17 Worker 3 accepting task 7
17 Task 4 completed!
17 Worker 1 accepting task 8
17 Worker 3 processing task 5 requiring operations [4]
17 Worker 3 forwarding task 5
17 Worker 1 processing task 6 requiring operations [2]
17 Worker 1 forwarding task 6
18 Generated task 9
18 Worker 0 accepting task 9
18 Worker 4 accepting task 5
18 Worker 4 accepting task 6
18 Worker 3 processing task 7 requiring operations [3, 9]
18 Worker 3 forwarding task 7
18 Worker 1 processing task 8 requiring operations [2, 6]
18 Worker 1 forwarding task 8
18 Worker 0 processing task 9 requiring operations [1, 3, 5]
18 Worker 0 performing operation 1 on task 9
18 Worker 4 processing task 5 requiring operations [4]
18 Worker 4 performing operation 4 on task 5
19 Worker 0 accepting task 7
19 Worker 4 accepting task 8
19 Worker 0 accepting task 9
19 Task 5 completed!
19 Worker 0 processing task 7 requiring operations [3, 9]
19 Worker 0 performing operation 3 on task 7
19 Worker 4 processing task 6 requiring operations [2]
19 Worker 4 forwarding task 6
20 Generated task 10
20 Worker 1 accepting task 10
20 Worker 0 accepting task 7
20 Worker 3 accepting task 6
20 Worker 0 processing task 9 requiring operations [3, 5]
20 Worker 0 performing operation 3 on task 9
20 Worker 4 processing task 8 requiring operations [2, 6]
20 Worker 4 forwarding task 8
20 Worker 1 processing task 10 requiring operations [1, 4, 6]
20 Worker 1 forwarding task 10
20 Worker 3 processing task 6 requiring operations [2]
20 Worker 3 performing operation 2 on task 6
21 Worker 0 accepting task 9
21 Worker 1 accepting task 8
21 Worker 0 accepting task 10
21 Task 6 completed!
21 Worker 0 processing task 7 requiring operations [9]
21 Worker 0 forwarding task 7
21 Worker 1 processing task 8 requiring operations [2, 6]
21 Worker 1 forwarding task 8
22 Generated task 11
22 Worker 2 accepting task 11
22 Worker 2 accepting task 7
22 Worker 4 accepting task 8
22 Worker 0 processing task 9 requiring operations [5]
22 Worker 0 forwarding task 9
22 Worker 2 processing task 11 requiring operations [7, 8, 5]
22 Worker 2 forwarding task 11
22 Worker 4 processing task 8 requiring operations [2, 6]
22 Worker 4 forwarding task 8
23 Worker 3 accepting task 9
23 Worker 4 accepting task 11
23 Worker 1 accepting task 8
23 Worker 0 processing task 10 requiring operations [1, 4, 6]
23 Worker 0 performing operation 1 on task 10
23 Worker 2 processing task 7 requiring operations [9]
23 Worker 2 performing operation 9 on task 7
23 Worker 4 processing task 11 requiring operations [7, 8, 5]
23 Worker 4 forwarding task 11
23 Worker 3 processing task 9 requiring operations [5]
23 Worker 3 performing operation 5 on task 9
23 Worker 1 processing task 8 requiring operations [2, 6]
23 Worker 1 forwarding task 8
24 Generated task 12
24 Worker 0 accepting task 12
24 Worker 0 accepting task 10
24 Task 7 completed!
24 Worker 0 accepting task 11
24 Task 9 completed!
24 Worker 3 accepting task 8
24 Worker 0 processing task 12 requiring operations [2, 8, 1]
24 Worker 0 performing operation 8 on task 12
24 Worker 3 processing task 8 requiring operations [2, 6]
24 Worker 3 performing operation 2 on task 8
25 Worker 0 accepting task 12
25 Worker 3 accepting task 8
25 Worker 0 processing task 10 requiring operations [4, 6]
25 Worker 0 performing operation 4 on task 10
25 Worker 3 processing task 8 requiring operations [6]
25 Worker 3 performing operation 6 on task 8
26 Generated task 13
26 Worker 0 accepting task 13
26 Worker 0 accepting task 10
26 Task 8 completed!
26 Worker 0 processing task 11 requiring operations [7, 8, 5]
26 Worker 0 performing operation 8 on task 11
27 Worker 0 accepting task 11
27 Worker 0 processing task 12 requiring operations [2, 1]
27 Worker 0 performing operation 1 on task 12
28 Generated task 14
28 Worker 1 accepting task 14
28 Worker 0 accepting task 12
28 Worker 0 processing task 13 requiring operations [3, 4, 5]
28 Worker 0 performing operation 3 on task 13
28 Worker 1 processing task 14 requiring operations [3, 1, 8]
28 Worker 1 forwarding task 14
29 Worker 0 accepting task 13
29 Worker 2 accepting task 14
29 Worker 0 processing task 10 requiring operations [6]
29 Worker 0 forwarding task 10
29 Worker 2 processing task 14 requiring operations [3, 1, 8]
29 Worker 2 forwarding task 14
30 Generated task 15
30 Worker 1 accepting task 15
30 Worker 4 accepting task 10
30 Worker 0 accepting task 14
30 Worker 0 processing task 11 requiring operations [7, 5]
30 Worker 0 forwarding task 11
30 Worker 1 processing task 15 requiring operations [1, 7, 3]
30 Worker 1 forwarding task 15
30 Worker 4 processing task 10 requiring operations [6]
30 Worker 4 forwarding task 10
31 Worker 3 accepting task 11
31 Worker 2 accepting task 15
31 Worker 1 accepting task 10
31 Worker 0 processing task 12 requiring operations [2]
31 Worker 0 forwarding task 12
31 Worker 3 processing task 11 requiring operations [7, 5]
31 Worker 3 performing operation 7 on task 11
31 Worker 2 processing task 15 requiring operations [1, 7, 3]
31 Worker 2 forwarding task 15
31 Worker 1 processing task 10 requiring operations [6]
31 Worker 1 forwarding task 10
32 Generated task 16
32 Worker 1 accepting task 16
32 Worker 3 accepting task 12
32 Worker 3 accepting task 11
32 Worker 3 accepting task 15
32 Worker 2 accepting task 10
32 Worker 0 processing task 13 requiring operations [4, 5]
32 Worker 0 performing operation 4 on task 13
32 Worker 3 processing task 12 requiring operations [2]
32 Worker 3 performing operation 2 on task 12
32 Worker 1 processing task 16 requiring operations [8, 9, 2]
32 Worker 1 performing operation 9 on task 16
32 Worker 2 processing task 10 requiring operations [6]
32 Worker 2 performing operation 6 on task 10
33 Worker 0 accepting task 13
33 Task 12 completed!
33 Worker 1 accepting task 16
33 Task 10 completed!
33 Worker 0 processing task 14 requiring operations [3, 1, 8]
33 Worker 0 performing operation 3 on task 14
33 Worker 3 processing task 11 requiring operations [5]
33 Worker 3 performing operation 5 on task 11
33 Worker 1 processing task 16 requiring operations [8, 2]
33 Worker 1 forwarding task 16
34 Generated task 17
34 Worker 4 accepting task 17
34 Worker 0 accepting task 14
34 Task 11 completed!
34 Worker 4 accepting task 16
34 Worker 0 processing task 13 requiring operations [5]
34 Worker 0 forwarding task 13
34 Worker 3 processing task 15 requiring operations [1, 7, 3]
34 Worker 3 performing operation 7 on task 15
34 Worker 4 processing task 17 requiring operations [3, 10, 9]
34 Worker 4 performing operation 3 on task 17
35 Worker 3 accepting task 13
35 Worker 3 accepting task 15
35 Worker 4 accepting task 17
35 Worker 0 processing task 14 requiring operations [1, 8]
35 Worker 0 performing operation 8 on task 14
35 Worker 3 processing task 13 requiring operations [5]
35 Worker 3 performing operation 5 on task 13
35 Worker 4 processing task 16 requiring operations [8, 2]
35 Worker 4 forwarding task 16
36 Generated task 18
36 Worker 1 accepting task 18
36 Worker 0 accepting task 14
36 Task 13 completed!
36 Worker 0 accepting task 16
36 Worker 0 processing task 14 requiring operations [1]
36 Worker 0 performing operation 1 on task 14
36 Worker 3 processing task 15 requiring operations [1, 3]
36 Worker 3 forwarding task 15
36 Worker 4 processing task 17 requiring operations [10, 9]
36 Worker 4 performing operation 9 on task 17
36 Worker 1 processing task 18 requiring operations [4, 6, 8]
36 Worker 1 forwarding task 18
37 Task 14 completed!
37 Worker 0 accepting task 15
37 Worker 4 accepting task 17
37 Worker 2 accepting task 18
37 Worker 0 processing task 16 requiring operations [8, 2]
37 Worker 0 performing operation 8 on task 16
37 Worker 4 processing task 17 requiring operations [10]
37 Worker 4 forwarding task 17
37 Worker 2 processing task 18 requiring operations [4, 6, 8]
37 Worker 2 performing operation 4 on task 18
38 Generated task 19
38 Worker 4 accepting task 19
38 Worker 0 accepting task 16
38 Worker 1 accepting task 17
38 Worker 2 accepting task 18
38 Worker 0 processing task 15 requiring operations [1, 3]
38 Worker 0 performing operation 1 on task 15
38 Worker 4 processing task 19 requiring operations [5, 3, 10]
38 Worker 4 performing operation 3 on task 19
38 Worker 2 processing task 18 requiring operations [6, 8]
38 Worker 2 performing operation 6 on task 18
38 Worker 1 processing task 17 requiring operations [10]
38 Worker 1 performing operation 10 on task 17
39 Worker 0 accepting task 15
39 Worker 4 accepting task 19
39 Worker 2 accepting task 18
39 Task 17 completed!
39 Worker 0 processing task 16 requiring operations [2]
39 Worker 0 forwarding task 16
39 Worker 4 processing task 19 requiring operations [5, 10]
39 Worker 4 forwarding task 19
39 Worker 2 processing task 18 requiring operations [8]
39 Worker 2 forwarding task 18
40 Generated task 20
40 Worker 4 accepting task 20
40 Worker 1 accepting task 16
40 Worker 3 accepting task 19
40 Worker 3 accepting task 18
40 Worker 0 processing task 15 requiring operations [3]
40 Worker 0 performing operation 3 on task 15
40 Worker 4 processing task 20 requiring operations [7, 6, 10]
40 Worker 4 forwarding task 20
40 Worker 1 processing task 16 requiring operations [2]
40 Worker 1 forwarding task 16
40 Worker 3 processing task 19 requiring operations [5, 10]
40 Worker 3 performing operation 5 on task 19
41 Task 15 completed!
41 Worker 0 accepting task 20
41 Worker 2 accepting task 16
41 Worker 3 accepting task 19
41 Worker 3 processing task 18 requiring operations [8]
41 Worker 3 forwarding task 18
41 Worker 0 processing task 20 requiring operations [7, 6, 10]
41 Worker 0 forwarding task 20
41 Worker 2 processing task 16 requiring operations [2]
41 Worker 2 forwarding task 16
42 Generated task 21
42 Worker 1 accepting task 21
42 Worker 0 accepting task 18
42 Worker 4 accepting task 20
42 Worker 3 accepting task 16
42 Worker 3 processing task 19 requiring operations [10]
42 Worker 3 forwarding task 19
42 Worker 0 processing task 18 requiring operations [8]
42 Worker 0 performing operation 8 on task 18
42 Worker 1 processing task 21 requiring operations [5, 6, 7]
42 Worker 1 forwarding task 21
42 Worker 4 processing task 20 requiring operations [7, 6, 10]
42 Worker 4 forwarding task 20
43 Worker 4 accepting task 19
43 Task 18 completed!
43 Worker 4 accepting task 21
43 Worker 2 accepting task 20
43 Worker 3 processing task 16 requiring operations [2]
43 Worker 3 performing operation 2 on task 16
43 Worker 4 processing task 19 requiring operations [10]
43 Worker 4 forwarding task 19
43 Worker 2 processing task 20 requiring operations [7, 6, 10]
43 Worker 2 performing operation 6 on task 20
44 Generated task 22
44 Worker 1 accepting task 22
44 Task 16 completed!
44 Worker 2 accepting task 19
44 Worker 2 accepting task 20
44 Worker 4 processing task 21 requiring operations [5, 6, 7]
44 Worker 4 forwarding task 21
44 Worker 2 processing task 19 requiring operations [10]
44 Worker 2 forwarding task 19
44 Worker 1 processing task 22 requiring operations [4, 10, 1]
44 Worker 1 performing operation 10 on task 22
45 Worker 3 accepting task 21
45 Worker 0 accepting task 19
45 Worker 1 accepting task 22
45 Worker 2 processing task 20 requiring operations [7, 10]
45 Worker 2 forwarding task 20
45 Worker 1 processing task 22 requiring operations [4, 1]
45 Worker 1 forwarding task 22
45 Worker 3 processing task 21 requiring operations [5, 6, 7]
45 Worker 3 performing operation 7 on task 21
45 Worker 0 processing task 19 requiring operations [10]
45 Worker 0 forwarding task 19
46 Generated task 23
46 Worker 1 accepting task 23
46 Worker 3 accepting task 20
46 Worker 3 accepting task 22
46 Worker 3 accepting task 21
46 Worker 4 accepting task 19
46 Worker 1 processing task 23 requiring operations [7, 2, 9]
46 Worker 1 performing operation 9 on task 23
46 Worker 3 processing task 20 requiring operations [7, 10]
46 Worker 3 performing operation 7 on task 20
46 Worker 4 processing task 19 requiring operations [10]
46 Worker 4 forwarding task 19
47 Worker 1 accepting task 23
47 Worker 3 accepting task 20
47 Worker 0 accepting task 19
47 Worker 1 processing task 23 requiring operations [7, 2]
47 Worker 1 forwarding task 23
47 Worker 3 processing task 22 requiring operations [4, 1]
47 Worker 3 forwarding task 22
47 Worker 0 processing task 19 requiring operations [10]
47 Worker 0 forwarding task 19
48 Generated task 24
48 Worker 0 accepting task 24
48 Worker 2 accepting task 23
48 Worker 4 accepting task 22
48 Worker 1 accepting task 19
48 Worker 3 processing task 21 requiring operations [5, 6]
48 Worker 3 performing operation 6 on task 21
48 Worker 0 processing task 24 requiring operations [2, 4, 1]
48 Worker 0 performing operation 4 on task 24
48 Worker 2 processing task 23 requiring operations [7, 2]
48 Worker 2 forwarding task 23
48 Worker 4 processing task 22 requiring operations [4, 1]
48 Worker 4 performing operation 4 on task 22
48 Worker 1 processing task 19 requiring operations [10]
48 Worker 1 performing operation 10 on task 19
49 Worker 3 accepting task 21
49 Worker 0 accepting task 24
49 Worker 4 accepting task 23
49 Worker 4 accepting task 22
49 Task 19 completed!
49 Worker 3 processing task 20 requiring operations [10]
49 Worker 3 forwarding task 20
49 Worker 0 processing task 24 requiring operations [2, 1]
49 Worker 0 performing operation 1 on task 24
49 Worker 4 processing task 23 requiring operations [7, 2]
49 Worker 4 forwarding task 23
50 Generated task 25
50 Worker 3 accepting task 25
50 Worker 1 accepting task 20
50 Worker 0 accepting task 24
50 Worker 2 accepting task 23
50 Worker 3 processing task 21 requiring operations [5]
50 Worker 3 performing operation 5 on task 21
50 Worker 0 processing task 24 requiring operations [2]
50 Worker 0 forwarding task 24
50 Worker 4 processing task 22 requiring operations [1]
50 Worker 4 forwarding task 22
50 Worker 1 processing task 20 requiring operations [10]
50 Worker 1 performing operation 10 on task 20
50 Worker 2 processing task 23 requiring operations [7, 2]
50 Worker 2 forwarding task 23
51 Task 21 completed!
51 Worker 4 accepting task 24
51 Worker 2 accepting task 22
51 Task 20 completed!
51 Worker 3 accepting task 23
51 Worker 3 processing task 25 requiring operations [2, 3, 4]
51 Worker 3 performing operation 2 on task 25
51 Worker 4 processing task 24 requiring operations [2]
51 Worker 4 forwarding task 24
51 Worker 2 processing task 22 requiring operations [1]
51 Worker 2 forwarding task 22
52 Generated task 26
52 Worker 2 accepting task 26
52 Worker 3 accepting task 25
52 Worker 0 accepting task 24
52 Worker 4 accepting task 22
52 Worker 3 processing task 23 requiring operations [7, 2]
52 Worker 3 performing operation 7 on task 23
52 Worker 2 processing task 26 requiring operations [4, 9, 7]
52 Worker 2 performing operation 4 on task 26
52 Worker 0 processing task 24 requiring operations [2]
52 Worker 0 forwarding task 24
52 Worker 4 processing task 22 requiring operations [1]
52 Worker 4 forwarding task 22
53 Worker 3 accepting task 23
53 Worker 2 accepting task 26
53 Worker 1 accepting task 24
53 Worker 1 accepting task 22
53 Worker 3 processing task 25 requiring operations [3, 4]
53 Worker 3 forwarding task 25
53 Worker 2 processing task 26 requiring operations [9, 7]
53 Worker 2 performing operation 9 on task 26
53 Worker 1 processing task 24 requiring operations [2]
53 Worker 1 forwarding task 24
54 Generated task 27
54 Worker 4 accepting task 27
54 Worker 1 accepting task 25
54 Worker 2 accepting task 26
54 Worker 0 accepting task 24
54 Worker 3 processing task 23 requiring operations [2]
54 Worker 3 performing operation 2 on task 23
54 Worker 2 processing task 26 requiring operations [7]
54 Worker 2 forwarding task 26
54 Worker 1 processing task 22 requiring operations [1]
54 Worker 1 forwarding task 22
54 Worker 4 processing task 27 requiring operations [5, 3, 4]
54 Worker 4 performing operation 3 on task 27
54 Worker 0 processing task 24 requiring operations [2]
54 Worker 0 forwarding task 24
55 Task 23 completed!
55 Worker 3 accepting task 26
55 Worker 2 accepting task 22
55 Worker 4 accepting task 27
55 Worker 2 accepting task 24
55 Worker 1 processing task 25 requiring operations [3, 4]
55 Worker 1 forwarding task 25
55 Worker 4 processing task 27 requiring operations [5, 4]
55 Worker 4 performing operation 4 on task 27
55 Worker 3 processing task 26 requiring operations [7]
55 Worker 3 performing operation 7 on task 26
55 Worker 2 processing task 22 requiring operations [1]
55 Worker 2 forwarding task 22
56 Generated task 28
56 Worker 1 accepting task 28
56 Worker 4 accepting task 25
56 Worker 4 accepting task 27
56 Task 26 completed!
56 Worker 1 accepting task 22
56 Worker 1 processing task 28 requiring operations [9, 6, 2]
56 Worker 1 performing operation 9 on task 28
56 Worker 4 processing task 25 requiring operations [3, 4]
56 Worker 4 performing operation 3 on task 25
56 Worker 2 processing task 24 requiring operations [2]
56 Worker 2 forwarding task 24
57 Worker 1 accepting task 28
57 Worker 4 accepting task 25
57 Worker 3 accepting task 24
57 Worker 1 processing task 22 requiring operations [1]
57 Worker 1 forwarding task 22
57 Worker 4 processing task 27 requiring operations [5]
57 Worker 4 forwarding task 27
57 Worker 3 processing task 24 requiring operations [2]
57 Worker 3 performing operation 2 on task 24
58 Generated task 29
58 Worker 0 accepting task 29
58 Worker 0 accepting task 22
58 Worker 3 accepting task 27
58 Task 24 completed!
58 Worker 1 processing task 28 requiring operations [6, 2]
58 Worker 1 forwarding task 28
58 Worker 4 processing task 25 requiring operations [4]
58 Worker 4 performing operation 4 on task 25
58 Worker 3 processing task 27 requiring operations [5]
58 Worker 3 performing operation 5 on task 27
58 Worker 0 processing task 29 requiring operations [8, 9, 3]
58 Worker 0 performing operation 8 on task 29
59 Worker 3 accepting task 28
59 Task 25 completed!
59 Task 27 completed!
59 Worker 0 accepting task 29
59 Worker 3 processing task 28 requiring operations [6, 2]
59 Worker 3 performing operation 2 on task 28
59 Worker 0 processing task 22 requiring operations [1]
59 Worker 0 performing operation 1 on task 22
60 Generated task 30
60 Worker 4 accepting task 30
60 Worker 3 accepting task 28
60 Task 22 completed!
60 Worker 3 processing task 28 requiring operations [6]
60 Worker 3 performing operation 6 on task 28
60 Worker 0 processing task 29 requiring operations [9, 3]
60 Worker 0 performing operation 3 on task 29
60 Worker 4 processing task 30 requiring operations [8, 2, 9]
60 Worker 4 performing operation 9 on task 30
61 Task 28 completed!
61 Worker 0 accepting task 29
61 Worker 4 accepting task 30
61 Worker 0 processing task 29 requiring operations [9]
61 Worker 0 forwarding task 29
61 Worker 4 processing task 30 requiring operations [8, 2]
61 Worker 4 forwarding task 30
62 Generated task 31
62 Worker 4 accepting task 31
62 Worker 2 accepting task 29
62 Worker 2 accepting task 30
62 Worker 4 processing task 31 requiring operations [10, 5, 1]
62 Worker 4 forwarding task 31
62 Worker 2 processing task 29 requiring operations [9]
62 Worker 2 performing operation 9 on task 29
63 Worker 2 accepting task 31
63 Task 29 completed!
63 Worker 2 processing task 30 requiring operations [8, 2]
63 Worker 2 forwarding task 30
64 Generated task 32
64 Worker 4 accepting task 32
64 Worker 3 accepting task 30
64 Worker 2 processing task 31 requiring operations [10, 5, 1]
64 Worker 2 forwarding task 31
64 Worker 4 processing task 32 requiring operations [6, 8, 9]
64 Worker 4 performing operation 9 on task 32
64 Worker 3 processing task 30 requiring operations [8, 2]
64 Worker 3 performing operation 2 on task 30
65 Worker 0 accepting task 31
65 Worker 4 accepting task 32
65 Worker 3 accepting task 30
65 Worker 4 processing task 32 requiring operations [6, 8]
65 Worker 4 forwarding task 32
65 Worker 3 processing task 30 requiring operations [8]
65 Worker 3 forwarding task 30
65 Worker 0 processing task 31 requiring operations [10, 5, 1]
65 Worker 0 performing operation 1 on task 31
66 Generated task 33
66 Worker 3 accepting task 33
66 Worker 2 accepting task 32
66 Worker 1 accepting task 30
66 Worker 0 accepting task 31
66 Worker 3 processing task 33 requiring operations [4, 9, 2]
66 Worker 3 performing operation 2 on task 33
66 Worker 0 processing task 31 requiring operations [10, 5]
66 Worker 0 forwarding task 31
66 Worker 2 processing task 32 requiring operations [6, 8]
66 Worker 2 performing operation 6 on task 32
66 Worker 1 processing task 30 requiring operations [8]
66 Worker 1 forwarding task 30
67 Worker 3 accepting task 33
67 Worker 1 accepting task 31
67 Worker 2 accepting task 32
67 Worker 2 accepting task 30
67 Worker 3 processing task 33 requiring operations [4, 9]
67 Worker 3 forwarding task 33
67 Worker 2 processing task 32 requiring operations [8]
67 Worker 2 forwarding task 32
67 Worker 1 processing task 31 requiring operations [10, 5]
67 Worker 1 performing operation 10 on task 31
68 Generated task 34
68 Worker 2 accepting task 34
68 Worker 1 accepting task 33
68 Worker 1 accepting task 32
68 Worker 1 accepting task 31
68 Worker 2 processing task 30 requiring operations [8]
68 Worker 2 forwarding task 30
68 Worker 1 processing task 33 requiring operations [4, 9]
68 Worker 1 performing operation 9 on task 33
69 Worker 3 accepting task 30
69 Worker 1 accepting task 33
69 Worker 2 processing task 34 requiring operations [6, 10, 5]
69 Worker 2 performing operation 6 on task 34
69 Worker 1 processing task 32 requiring operations [8]
69 Worker 1 forwarding task 32
69 Worker 3 processing task 30 requiring operations [8]
69 Worker 3 forwarding task 30
70 Generated task 35
70 Worker 1 accepting task 35
70 Worker 2 accepting task 34
70 Worker 4 accepting task 32
70 Worker 4 accepting task 30
70 Worker 2 processing task 34 requiring operations [10, 5]
70 Worker 2 forwarding task 34
70 Worker 1 processing task 31 requiring operations [5]
70 Worker 1 forwarding task 31
70 Worker 4 processing task 32 requiring operations [8]
70 Worker 4 forwarding task 32
71 Worker 1 accepting task 34
71 Worker 0 accepting task 31
71 Worker 2 accepting task 32
71 Worker 1 processing task 33 requiring operations [4]
71 Worker 1 forwarding task 33
71 Worker 4 processing task 30 requiring operations [8]
71 Worker 4 forwarding task 30
71 Worker 0 processing task 31 requiring operations [5]
71 Worker 0 forwarding task 31
71 Worker 2 processing task 32 requiring operations [8]
71 Worker 2 forwarding task 32
72 Generated task 36
72 Worker 1 accepting task 36
72 Worker 4 accepting task 33
72 Worker 1 accepting task 30
72 Worker 1 accepting task 31
72 Worker 1 accepting task 32
72 Worker 1 processing task 35 requiring operations [7, 1, 5]
72 Worker 1 forwarding task 35
72 Worker 4 processing task 33 requiring operations [4]
72 Worker 4 performing operation 4 on task 33
73 Worker 3 accepting task 35
73 Task 33 completed!
73 Worker 1 processing task 34 requiring operations [10, 5]
73 Worker 1 performing operation 10 on task 34
73 Worker 3 processing task 35 requiring operations [7, 1, 5]
73 Worker 3 performing operation 7 on task 35
74 Generated task 37
74 Worker 4 accepting task 37
74 Worker 1 accepting task 34
74 Worker 3 accepting task 35
74 Worker 1 processing task 36 requiring operations [5, 6, 7]
74 Worker 1 forwarding task 36
74 Worker 3 processing task 35 requiring operations [1, 5]
74 Worker 3 performing operation 5 on task 35
74 Worker 4 processing task 37 requiring operations [10, 2, 1]
74 Worker 4 forwarding task 37
75 Worker 4 accepting task 36
75 Worker 3 accepting task 35
75 Worker 3 accepting task 37
75 Worker 1 processing task 30 requiring operations [8]
75 Worker 1 forwarding task 30
75 Worker 3 processing task 35 requiring operations [1]
75 Worker 3 forwarding task 35
75 Worker 4 processing task 36 requiring operations [5, 6, 7]
75 Worker 4 forwarding task 36
76 Generated task 38
76 Worker 0 accepting task 38
76 Worker 2 accepting task 30
76 Worker 1 accepting task 35
76 Worker 0 accepting task 36
76 Worker 1 processing task 31 requiring operations [5]
76 Worker 1 forwarding task 31
76 Worker 3 processing task 37 requiring operations [10, 2, 1]
76 Worker 3 performing operation 2 on task 37
76 Worker 0 processing task 38 requiring operations [7, 6, 1]
76 Worker 0 performing operation 1 on task 38
76 Worker 2 processing task 30 requiring operations [8]
76 Worker 2 forwarding task 30
77 Worker 2 accepting task 31
77 Worker 3 accepting task 37
77 Worker 0 accepting task 38
77 Worker 0 accepting task 30
77 Worker 1 processing task 32 requiring operations [8]
77 Worker 1 forwarding task 32
77 Worker 3 processing task 37 requiring operations [10, 1]
77 Worker 3 forwarding task 37
77 Worker 0 processing task 36 requiring operations [5, 6, 7]
77 Worker 0 forwarding task 36
77 Worker 2 processing task 31 requiring operations [5]
77 Worker 2 forwarding task 31
78 Generated task 39
78 Worker 2 accepting task 39
78 Worker 3 accepting task 32
78 Worker 1 accepting task 37
78 Worker 1 accepting task 36
78 Worker 3 accepting task 31
78 Worker 1 processing task 34 requiring operations [5]
78 Worker 1 forwarding task 34
78 Worker 3 processing task 32 requiring operations [8]
78 Worker 3 forwarding task 32
78 Worker 0 processing task 38 requiring operations [7, 6]
78 Worker 0 forwarding task 38
78 Worker 2 processing task 39 requiring operations [3, 10, 6]
78 Worker 2 performing operation 6 on task 39
79 Worker 3 accepting task 34
79 Worker 1 accepting task 32
79 Worker 4 accepting task 38
79 Worker 2 accepting task 39
79 Worker 1 processing task 35 requiring operations [1]
79 Worker 1 forwarding task 35
79 Worker 3 processing task 31 requiring operations [5]
79 Worker 3 performing operation 5 on task 31
79 Worker 0 processing task 30 requiring operations [8]
79 Worker 0 performing operation 8 on task 30
79 Worker 2 processing task 39 requiring operations [3, 10]
79 Worker 2 forwarding task 39
79 Worker 4 processing task 38 requiring operations [7, 6]
79 Worker 4 forwarding task 38
80 Generated task 40
80 Worker 0 accepting task 40
80 Worker 0 accepting task 35
80 Task 31 completed!
80 Task 30 completed!
80 Worker 1 accepting task 39
80 Worker 0 accepting task 38
80 Worker 1 processing task 37 requiring operations [10, 1]
80 Worker 1 performing operation 10 on task 37
80 Worker 3 processing task 34 requiring operations [5]
80 Worker 3 performing operation 5 on task 34
80 Worker 0 processing task 40 requiring operations [5, 8, 3]
80 Worker 0 performing operation 3 on task 40
81 Worker 1 accepting task 37
81 Task 34 completed!
81 Worker 0 accepting task 40
81 Worker 1 processing task 36 requiring operations [5, 6, 7]
81 Worker 1 forwarding task 36
81 Worker 0 processing task 35 requiring operations [1]
81 Worker 0 performing operation 1 on task 35
82 Generated task 41
82 Worker 1 accepting task 41
82 Worker 4 accepting task 36
82 Task 35 completed!
82 Worker 1 processing task 32 requiring operations [8]
82 Worker 1 forwarding task 32
82 Worker 0 processing task 38 requiring operations [7, 6]
82 Worker 0 forwarding task 38
82 Worker 4 processing task 36 requiring operations [5, 6, 7]
82 Worker 4 forwarding task 36
83 Worker 0 accepting task 32
83 Worker 2 accepting task 38
83 Worker 0 accepting task 36
83 Worker 1 processing task 39 requiring operations [3, 10]
83 Worker 1 performing operation 10 on task 39
83 Worker 0 processing task 40 requiring operations [5, 8]
83 Worker 0 performing operation 8 on task 40
83 Worker 2 processing task 38 requiring operations [7, 6]
83 Worker 2 performing operation 6 on task 38
84 Generated task 42
84 Worker 4 accepting task 42
84 Worker 1 accepting task 39
84 Worker 0 accepting task 40
84 Worker 2 accepting task 38
84 Worker 1 processing task 37 requiring operations [1]
84 Worker 1 forwarding task 37
84 Worker 0 processing task 32 requiring operations [8]
84 Worker 0 performing operation 8 on task 32
84 Worker 2 processing task 38 requiring operations [7]
84 Worker 2 forwarding task 38
84 Worker 4 processing task 42 requiring operations [3, 7, 1]
84 Worker 4 performing operation 3 on task 42
85 Worker 4 accepting task 37
85 Task 32 completed!
85 Worker 4 accepting task 38
85 Worker 4 accepting task 42
85 Worker 1 processing task 41 requiring operations [8, 1, 4]
85 Worker 1 forwarding task 41
85 Worker 0 processing task 36 requiring operations [5, 6, 7]
85 Worker 0 forwarding task 36
85 Worker 4 processing task 37 requiring operations [1]
85 Worker 4 forwarding task 37
86 Generated task 43
86 Worker 3 accepting task 43
86 Worker 0 accepting task 41
86 Worker 4 accepting task 36
86 Worker 2 accepting task 37
86 Worker 1 processing task 39 requiring operations [3]
86 Worker 1 forwarding task 39
86 Worker 0 processing task 40 requiring operations [5]
86 Worker 0 forwarding task 40
86 Worker 4 processing task 38 requiring operations [7]
86 Worker 4 forwarding task 38
86 Worker 3 processing task 43 requiring operations [2, 7, 1]
86 Worker 3 performing operation 7 on task 43
86 Worker 2 processing task 37 requiring operations [1]
86 Worker 2 forwarding task 37
87 Worker 2 accepting task 39
87 Worker 2 accepting task 40
87 Worker 2 accepting task 38
87 Worker 3 accepting task 43
87 Worker 1 accepting task 37
87 Worker 0 processing task 41 requiring operations [8, 1, 4]
87 Worker 0 performing operation 8 on task 41
87 Worker 4 processing task 42 requiring operations [7, 1]
87 Worker 4 forwarding task 42
87 Worker 3 processing task 43 requiring operations [2, 1]
87 Worker 3 performing operation 2 on task 43
87 Worker 2 processing task 39 requiring operations [3]
87 Worker 2 forwarding task 39
87 Worker 1 processing task 37 requiring operations [1]
87 Worker 1 forwarding task 37
88 Generated task 44
88 Worker 1 accepting task 44
88 Worker 0 accepting task 41
88 Worker 3 accepting task 42
88 Worker 3 accepting task 43
88 Worker 0 accepting task 39
88 Worker 2 accepting task 37
88 Worker 0 processing task 41 requiring operations [1, 4]
88 Worker 0 performing operation 1 on task 41
88 Worker 4 processing task 36 requiring operations [5, 6, 7]
88 Worker 4 forwarding task 36
88 Worker 3 processing task 42 requiring operations [7, 1]
88 Worker 3 performing operation 7 on task 42
88 Worker 2 processing task 40 requiring operations [5]
88 Worker 2 forwarding task 40
88 Worker 1 processing task 44 requiring operations [4, 5, 1]
88 Worker 1 forwarding task 44
89 Worker 0 accepting task 41
89 Worker 2 accepting task 36
89 Worker 3 accepting task 42
89 Worker 3 accepting task 40
89 Worker 4 accepting task 44
89 Worker 0 processing task 39 requiring operations [3]
89 Worker 0 performing operation 3 on task 39
89 Worker 3 processing task 43 requiring operations [1]
89 Worker 3 forwarding task 43
89 Worker 2 processing task 38 requiring operations [7]
89 Worker 2 forwarding task 38
89 Worker 4 processing task 44 requiring operations [4, 5, 1]
89 Worker 4 performing operation 4 on task 44
90 Generated task 45
90 Worker 2 accepting task 45
90 Task 39 completed!
90 Worker 2 accepting task 43
90 Worker 0 accepting task 38
90 Worker 4 accepting task 44
90 Worker 0 processing task 41 requiring operations [4]
90 Worker 0 performing operation 4 on task 41
90 Worker 3 processing task 42 requiring operations [1]
90 Worker 3 forwarding task 42
90 Worker 2 processing task 37 requiring operations [1]
90 Worker 2 forwarding task 37
90 Worker 4 processing task 44 requiring operations [5, 1]
90 Worker 4 forwarding task 44
91 Task 41 completed!
91 Worker 2 accepting task 42
91 Worker 4 accepting task 37
91 Worker 2 accepting task 44
91 Worker 0 processing task 38 requiring operations [7]
91 Worker 0 forwarding task 38
91 Worker 3 processing task 40 requiring operations [5]
91 Worker 3 performing operation 5 on task 40
91 Worker 2 processing task 36 requiring operations [5, 6, 7]
91 Worker 2 performing operation 6 on task 36
91 Worker 4 processing task 37 requiring operations [1]
91 Worker 4 forwarding task 37
92 Generated task 46
92 Worker 3 accepting task 46
92 Worker 1 accepting task 38
92 Task 40 completed!
92 Worker 2 accepting task 36
92 Worker 0 accepting task 37
92 Worker 3 processing task 46 requiring operations [10, 9, 4]
92 Worker 3 forwarding task 46
92 Worker 2 processing task 45 requiring operations [4, 6, 5]
92 Worker 2 performing operation 6 on task 45
92 Worker 1 processing task 38 requiring operations [7]
92 Worker 1 forwarding task 38
92 Worker 0 processing task 37 requiring operations [1]
92 Worker 0 performing operation 1 on task 37
93 Worker 4 accepting task 46
93 Worker 2 accepting task 45
93 Worker 4 accepting task 38
93 Task 37 completed!
93 Worker 2 processing task 43 requiring operations [1]
93 Worker 2 forwarding task 43
93 Worker 4 processing task 46 requiring operations [10, 9, 4]
93 Worker 4 performing operation 4 on task 46
94 Generated task 47
94 Worker 2 accepting task 47
94 Worker 1 accepting task 43
94 Worker 4 accepting task 46
94 Worker 2 processing task 42 requiring operations [1]
94 Worker 2 forwarding task 42
94 Worker 4 processing task 38 requiring operations [7]
94 Worker 4 forwarding task 38
94 Worker 1 processing task 43 requiring operations [1]
94 Worker 1 forwarding task 43
95 Worker 0 accepting task 42
95 Worker 2 accepting task 38
95 Worker 0 accepting task 43
95 Worker 2 processing task 44 requiring operations [5, 1]
95 Worker 2 forwarding task 44
95 Worker 4 processing task 46 requiring operations [10, 9]
95 Worker 4 performing operation 9 on task 46
95 Worker 0 processing task 42 requiring operations [1]
95 Worker 0 performing operation 1 on task 42
96 Generated task 48
96 Worker 0 accepting task 48
96 Worker 3 accepting task 44
96 Worker 4 accepting task 46
96 Task 42 completed!
96 Worker 2 processing task 36 requiring operations [5, 7]
96 Worker 2 forwarding task 36
96 Worker 4 processing task 46 requiring operations [10]
96 Worker 4 forwarding task 46
96 Worker 0 processing task 43 requiring operations [1]
96 Worker 0 performing operation 1 on task 43
96 Worker 3 processing task 44 requiring operations [5, 1]
96 Worker 3 performing operation 5 on task 44
97 Worker 1 accepting task 36
97 Worker 3 accepting task 46
97 Task 43 completed!
97 Worker 3 accepting task 44
97 Worker 2 processing task 45 requiring operations [4, 5]
97 Worker 2 performing operation 4 on task 45
97 Worker 0 processing task 48 requiring operations [6, 7, 2]
97 Worker 0 forwarding task 48
97 Worker 3 processing task 46 requiring operations [10]
97 Worker 3 forwarding task 46
97 Worker 1 processing task 36 requiring operations [5, 7]
97 Worker 1 forwarding task 36
98 Generated task 49
98 Worker 2 accepting task 49
98 Worker 2 accepting task 45
98 Worker 1 accepting task 48
98 Worker 2 accepting task 46
98 Worker 2 accepting task 36
98 Worker 2 processing task 47 requiring operations [8, 10, 1]
98 Worker 2 forwarding task 47
98 Worker 3 processing task 44 requiring operations [1]
98 Worker 3 forwarding task 44
98 Worker 1 processing task 48 requiring operations [6, 7, 2]
98 Worker 1 forwarding task 48
99 Worker 4 accepting task 47
99 Worker 1 accepting task 44
99 Worker 4 accepting task 48
99 Worker 2 processing task 38 requiring operations [7]
99 Worker 2 forwarding task 38
99 Worker 1 processing task 44 requiring operations [1]
99 Worker 1 forwarding task 44
99 Worker 4 processing task 47 requiring operations [8, 10, 1]
99 Worker 4 forwarding task 47
100 Generated task 50
100 Worker 3 accepting task 50
100 Worker 3 accepting task 38
100 Worker 2 accepting task 44
100 Worker 2 accepting task 47
100 Worker 2 processing task 49 requiring operations [4, 6, 10]
100 Worker 2 performing operation 4 on task 49
100 Worker 4 processing task 48 requiring operations [6, 7, 2]
100 Worker 4 forwarding task 48
100 Worker 3 processing task 50 requiring operations [10, 2, 6]
100 Worker 3 performing operation 6 on task 50
101 Worker 2 accepting task 49
101 Worker 2 accepting task 48
101 Worker 3 accepting task 50
101 Worker 2 processing task 45 requiring operations [5]
101 Worker 2 forwarding task 45
101 Worker 3 processing task 38 requiring operations [7]
101 Worker 3 performing operation 7 on task 38
102 Generated task 51
102 Worker 3 accepting task 51
102 Worker 3 accepting task 45
102 Task 38 completed!
102 Worker 2 processing task 46 requiring operations [10]
102 Worker 2 forwarding task 46
102 Worker 3 processing task 50 requiring operations [10, 2]
102 Worker 3 performing operation 2 on task 50
103 Worker 1 accepting task 46
103 Worker 3 accepting task 50
103 Worker 2 processing task 36 requiring operations [5, 7]
103 Worker 2 forwarding task 36
103 Worker 3 processing task 51 requiring operations [3, 2, 5]
103 Worker 3 performing operation 2 on task 51
103 Worker 1 processing task 46 requiring operations [10]
103 Worker 1 performing operation 10 on task 46
104 Generated task 52
104 Worker 4 accepting task 52
104 Worker 4 accepting task 36
104 Worker 3 accepting task 51
104 Task 46 completed!
104 Worker 2 processing task 44 requiring operations [1]
104 Worker 2 forwarding task 44
104 Worker 3 processing task 45 requiring operations [5]
104 Worker 3 performing operation 5 on task 45
104 Worker 4 processing task 52 requiring operations [5, 2, 7]
104 Worker 4 forwarding task 52
105 Worker 3 accepting task 44
105 Task 45 completed!
105 Worker 0 accepting task 52
105 Worker 2 processing task 47 requiring operations [8, 10, 1]
105 Worker 2 forwarding task 47
105 Worker 3 processing task 50 requiring operations [10]
105 Worker 3 forwarding task 50
105 Worker 4 processing task 36 requiring operations [5, 7]
105 Worker 4 forwarding task 36
105 Worker 0 processing task 52 requiring operations [5, 2, 7]
105 Worker 0 forwarding task 52
106 Generated task 53
106 Worker 3 accepting task 53
106 Worker 4 accepting task 47
106 Worker 4 accepting task 50
106 Worker 3 accepting task 36
106 Worker 3 accepting task 52
106 Worker 2 processing task 49 requiring operations [6, 10]
106 Worker 2 performing operation 6 on task 49
106 Worker 3 processing task 51 requiring operations [3, 5]
106 Worker 3 performing operation 5 on task 51
106 Worker 4 processing task 47 requiring operations [8, 10, 1]
106 Worker 4 forwarding task 47
107 Worker 2 accepting task 49
107 Worker 3 accepting task 51
107 Worker 2 accepting task 47
107 Worker 2 processing task 48 requiring operations [6, 7, 2]
107 Worker 2 performing operation 6 on task 48
107 Worker 3 processing task 44 requiring operations [1]
107 Worker 3 forwarding task 44
107 Worker 4 processing task 50 requiring operations [10]
107 Worker 4 forwarding task 50
108 Generated task 54
108 Worker 2 accepting task 54
108 Worker 2 accepting task 48
108 Worker 4 accepting task 44
108 Worker 3 accepting task 50
108 Worker 2 processing task 49 requiring operations [10]
108 Worker 2 forwarding task 49
108 Worker 3 processing task 53 requiring operations [10, 6, 8]
108 Worker 3 performing operation 6 on task 53
108 Worker 4 processing task 44 requiring operations [1]
108 Worker 4 forwarding task 44
109 Worker 3 accepting task 49
109 Worker 3 accepting task 53
109 Worker 3 accepting task 44
109 Worker 2 processing task 47 requiring operations [8, 10, 1]
109 Worker 2 forwarding task 47
109 Worker 3 processing task 36 requiring operations [5, 7]
109 Worker 3 performing operation 7 on task 36
110 Generated task 55
110 Worker 3 accepting task 55
110 Worker 3 accepting task 47
110 Worker 3 accepting task 36
110 Worker 2 processing task 54 requiring operations [6, 9, 4]
110 Worker 2 performing operation 6 on task 54
110 Worker 3 processing task 52 requiring operations [5, 2, 7]
110 Worker 3 performing operation 5 on task 52
111 Worker 2 accepting task 54
111 Worker 3 accepting task 52
111 Worker 2 processing task 48 requiring operations [7, 2]
111 Worker 2 forwarding task 48
111 Worker 3 processing task 51 requiring operations [3]
111 Worker 3 forwarding task 51
112 Generated task 56
112 Worker 2 accepting task 56
112 Worker 3 accepting task 48
112 Worker 0 accepting task 51
112 Worker 2 processing task 54 requiring operations [9, 4]
112 Worker 2 performing operation 9 on task 54
112 Worker 3 processing task 50 requiring operations [10]
112 Worker 3 forwarding task 50
112 Worker 0 processing task 51 requiring operations [3]
112 Worker 0 performing operation 3 on task 51
113 Worker 2 accepting task 54
113 Worker 2 accepting task 50
113 Task 51 completed!
113 Worker 2 processing task 56 requiring operations [4, 9, 6]
113 Worker 2 performing operation 4 on task 56
113 Worker 3 processing task 49 requiring operations [10]
113 Worker 3 forwarding task 49
114 Generated task 57
114 Worker 0 accepting task 57
114 Worker 2 accepting task 56
114 Worker 4 accepting task 49
114 Worker 2 processing task 54 requiring operations [4]
114 Worker 2 performing operation 4 on task 54
114 Worker 3 processing task 53 requiring operations [10, 8]
114 Worker 3 forwarding task 53
114 Worker 0 processing task 57 requiring operations [4, 8, 7]
114 Worker 0 performing operation 8 on task 57
114 Worker 4 processing task 49 requiring operations [10]
114 Worker 4 forwarding task 49
115 Task 54 completed!
115 Worker 4 accepting task 53
115 Worker 0 accepting task 57
115 Worker 3 accepting task 49
115 Worker 2 processing task 50 requiring operations [10]
115 Worker 2 forwarding task 50
115 Worker 3 processing task 44 requiring operations [1]
115 Worker 3 forwarding task 44
115 Worker 0 processing task 57 requiring operations [4, 7]
115 Worker 0 performing operation 4 on task 57
115 Worker 4 processing task 53 requiring operations [10, 8]
115 Worker 4 forwarding task 53
116 Generated task 58
116 Worker 4 accepting task 58
116 Worker 3 accepting task 50
116 Worker 4 accepting task 44
116 Worker 0 accepting task 57
116 Worker 3 accepting task 53
116 Worker 2 processing task 56 requiring operations [9, 6]
116 Worker 2 performing operation 6 on task 56
116 Worker 3 processing task 55 requiring operations [3, 6, 4]
116 Worker 3 performing operation 6 on task 55
116 Worker 0 processing task 57 requiring operations [7]
116 Worker 0 forwarding task 57
116 Worker 4 processing task 58 requiring operations [3, 8, 6]
116 Worker 4 performing operation 3 on task 58
117 Worker 2 accepting task 56
117 Worker 3 accepting task 55
117 Worker 1 accepting task 57
117 Worker 4 accepting task 58
117 Worker 2 processing task 56 requiring operations [9]
117 Worker 2 performing operation 9 on task 56
117 Worker 3 processing task 47 requiring operations [8, 10, 1]
117 Worker 3 forwarding task 47
117 Worker 4 processing task 44 requiring operations [1]
117 Worker 4 forwarding task 44
117 Worker 1 processing task 57 requiring operations [7]
117 Worker 1 forwarding task 57
118 Generated task 59
118 Worker 0 accepting task 59
118 Task 56 completed!
118 Worker 0 accepting task 47
118 Worker 3 accepting task 44
118 Worker 0 accepting task 57
118 Worker 3 processing task 36 requiring operations [5]
118 Worker 3 performing operation 5 on task 36
118 Worker 4 processing task 58 requiring operations [8, 6]
118 Worker 4 forwarding task 58
118 Worker 0 processing task 59 requiring operations [7, 10, 9]
118 Worker 0 forwarding task 59
119 Task 36 completed!
119 Worker 0 accepting task 58
119 Worker 2 accepting task 59
119 Worker 3 processing task 52 requiring operations [2, 7]
119 Worker 3 performing operation 7 on task 52
119 Worker 0 processing task 47 requiring operations [8, 10, 1]
119 Worker 0 performing operation 1 on task 47
119 Worker 2 processing task 59 requiring operations [7, 10, 9]
119 Worker 2 performing operation 9 on task 59
120 Generated task 60
120 Worker 3 accepting task 60
120 Worker 3 accepting task 52
120 Worker 0 accepting task 47
120 Worker 2 accepting task 59
120 Worker 3 processing task 48 requiring operations [7, 2]
120 Worker 3 performing operation 2 on task 48
120 Worker 0 processing task 57 requiring operations [7]
120 Worker 0 forwarding task 57
120 Worker 2 processing task 59 requiring operations [7, 10]
120 Worker 2 forwarding task 59
121 Worker 3 accepting task 48
121 Worker 2 accepting task 57
121 Worker 1 accepting task 59
121 Worker 3 processing task 49 requiring operations [10]
121 Worker 3 forwarding task 49
121 Worker 0 processing task 58 requiring operations [8, 6]
121 Worker 0 performing operation 8 on task 58
121 Worker 2 processing task 57 requiring operations [7]
121 Worker 2 forwarding task 57
121 Worker 1 processing task 59 requiring operations [7, 10]
121 Worker 1 performing operation 10 on task 59
122 Generated task 61
122 Worker 1 accepting task 61
122 Worker 1 accepting task 49
122 Worker 0 accepting task 58
122 Worker 0 accepting task 57
122 Worker 1 accepting task 59
122 Worker 3 processing task 50 requiring operations [10]
122 Worker 3 forwarding task 50
122 Worker 0 processing task 47 requiring operations [8, 10]
122 Worker 0 performing operation 8 on task 47
122 Worker 1 processing task 61 requiring operations [4, 8, 3]
122 Worker 1 forwarding task 61
123 Worker 2 accepting task 50
123 Worker 0 accepting task 47
123 Worker 3 accepting task 61
123 Worker 3 processing task 53 requiring operations [10, 8]
123 Worker 3 forwarding task 53
123 Worker 0 processing task 58 requiring operations [6]
123 Worker 0 forwarding task 58
123 Worker 1 processing task 49 requiring operations [10]
123 Worker 1 performing operation 10 on task 49
123 Worker 2 processing task 50 requiring operations [10]
123 Worker 2 forwarding task 50
124 Generated task 62
124 Worker 0 accepting task 62
124 Worker 4 accepting task 53
124 Worker 4 accepting task 58
124 Task 49 completed!
124 Worker 3 accepting task 50
124 Worker 3 processing task 55 requiring operations [3, 4]
124 Worker 3 forwarding task 55
124 Worker 0 processing task 57 requiring operations [7]
124 Worker 0 forwarding task 57
124 Worker 1 processing task 59 requiring operations [7]
124 Worker 1 forwarding task 59
124 Worker 4 processing task 53 requiring operations [10, 8]
124 Worker 4 forwarding task 53
125 Worker 4 accepting task 55
125 Worker 1 accepting task 57
125 Worker 0 accepting task 59
125 Worker 0 accepting task 53
125 Worker 3 processing task 44 requiring operations [1]
125 Worker 3 forwarding task 44
125 Worker 0 processing task 47 requiring operations [10]
125 Worker 0 forwarding task 47
125 Worker 1 processing task 57 requiring operations [7]
125 Worker 1 forwarding task 57
125 Worker 4 processing task 58 requiring operations [6]
125 Worker 4 forwarding task 58
126 Generated task 63
126 Worker 3 accepting task 63
126 Worker 4 accepting task 44
126 Worker 4 accepting task 47
126 Worker 0 accepting task 57
126 Worker 2 accepting task 58
126 Worker 3 processing task 60 requiring operations [2, 8, 6]
126 Worker 3 performing operation 6 on task 60
126 Worker 0 processing task 62 requiring operations [10, 1, 7]
126 Worker 0 performing operation 1 on task 62
126 Worker 4 processing task 55 requiring operations [3, 4]
126 Worker 4 performing operation 4 on task 55
126 Worker 2 processing task 58 requiring operations [6]
126 Worker 2 performing operation 6 on task 58
127 Worker 3 accepting task 60
127 Worker 0 accepting task 62
127 Worker 4 accepting task 55
127 Task 58 completed!
127 Worker 3 processing task 52 requiring operations [2]
127 Worker 3 performing operation 2 on task 52
127 Worker 0 processing task 59 requiring operations [7]
127 Worker 0 forwarding task 59
127 Worker 4 processing task 44 requiring operations [1]
127 Worker 4 forwarding task 44
128 Generated task 64
128 Worker 1 accepting task 64
128 Task 52 completed!
128 Worker 1 accepting task 59
128 Worker 1 accepting task 44
128 Worker 3 processing task 48 requiring operations [7]
128 Worker 3 performing operation 7 on task 48
128 Worker 0 processing task 53 requiring operations [10, 8]
128 Worker 0 performing operation 8 on task 53
128 Worker 4 processing task 47 requiring operations [10]
128 Worker 4 forwarding task 47
128 Worker 1 processing task 64 requiring operations [5, 8, 3]
128 Worker 1 forwarding task 64
129 Task 48 completed!
129 Worker 0 accepting task 53
129 Worker 2 accepting task 47
129 Worker 4 accepting task 64
129 Worker 3 processing task 61 requiring operations [4, 8, 3]
129 Worker 3 forwarding task 61
129 Worker 0 processing task 57 requiring operations [7]
129 Worker 0 forwarding task 57
129 Worker 4 processing task 55 requiring operations [3]
129 Worker 4 performing operation 3 on task 55
129 Worker 1 processing task 59 requiring operations [7]
129 Worker 1 forwarding task 59
129 Worker 2 processing task 47 requiring operations [10]
129 Worker 2 forwarding task 47
130 Generated task 65
130 Worker 1 accepting task 65
130 Worker 4 accepting task 61
130 Worker 4 accepting task 57
130 Task 55 completed!
130 Worker 0 accepting task 59
130 Worker 3 accepting task 47
130 Worker 3 processing task 50 requiring operations [10]
130 Worker 3 forwarding task 50
130 Worker 0 processing task 62 requiring operations [10, 7]
130 Worker 0 forwarding task 62
130 Worker 4 processing task 64 requiring operations [5, 8, 3]
130 Worker 4 performing operation 3 on task 64
130 Worker 1 processing task 44 requiring operations [1]
130 Worker 1 forwarding task 44
131 Worker 2 accepting task 50
131 Worker 2 accepting task 62
131 Worker 4 accepting task 64
131 Worker 4 accepting task 44
131 Worker 3 processing task 63 requiring operations [1, 2, 9]
131 Worker 3 performing operation 2 on task 63
131 Worker 0 processing task 53 requiring operations [10]
131 Worker 0 forwarding task 53
131 Worker 4 processing task 61 requiring operations [4, 8, 3]
131 Worker 4 performing operation 3 on task 61
131 Worker 1 processing task 65 requiring operations [7, 2, 9]
131 Worker 1 performing operation 9 on task 65
131 Worker 2 processing task 50 requiring operations [10]
131 Worker 2 forwarding task 50
132 Generated task 66
132 Worker 1 accepting task 66
132 Worker 3 accepting task 63
132 Worker 3 accepting task 53
132 Worker 4 accepting task 61
132 Worker 1 accepting task 65
132 Worker 3 accepting task 50
132 Worker 3 processing task 60 requiring operations [2, 8]
132 Worker 3 performing operation 2 on task 60
132 Worker 0 processing task 59 requiring operations [7]
132 Worker 0 forwarding task 59
132 Worker 4 processing task 57 requiring operations [7]
132 Worker 4 forwarding task 57
132 Worker 1 processing task 66 requiring operations [7, 1, 2]
132 Worker 1 forwarding task 66
132 Worker 2 processing task 62 requiring operations [10, 7]
132 Worker 2 forwarding task 62
133 Worker 3 accepting task 60
133 Worker 2 accepting task 59
133 Worker 2 accepting task 57
133 Worker 0 accepting task 66
133 Worker 0 accepting task 62
133 Worker 3 processing task 47 requiring operations [10]
133 Worker 3 forwarding task 47
133 Worker 4 processing task 64 requiring operations [5, 8]
133 Worker 4 forwarding task 64
133 Worker 1 processing task 65 requiring operations [7, 2]
133 Worker 1 forwarding task 65
133 Worker 2 processing task 59 requiring operations [7]
133 Worker 2 forwarding task 59
133 Worker 0 processing task 66 requiring operations [7, 1, 2]
133 Worker 0 performing operation 1 on task 66
134 Generated task 67
134 Worker 0 accepting task 67
134 Worker 2 accepting task 47
134 Worker 3 accepting task 64
134 Worker 3 accepting task 65
134 Worker 3 accepting task 59
134 Worker 0 accepting task 66
134 Worker 3 processing task 63 requiring operations [1, 9]
134 Worker 3 forwarding task 63
134 Worker 4 processing task 44 requiring operations [1]
134 Worker 4 forwarding task 44
134 Worker 2 processing task 57 requiring operations [7]
134 Worker 2 forwarding task 57
134 Worker 0 processing task 62 requiring operations [10, 7]
134 Worker 0 forwarding task 62
135 Worker 1 accepting task 63
135 Worker 1 accepting task 44
135 Worker 4 accepting task 57
135 Worker 4 accepting task 62
135 Worker 3 processing task 53 requiring operations [10]
135 Worker 3 forwarding task 53
135 Worker 4 processing task 61 requiring operations [4, 8]
135 Worker 4 performing operation 4 on task 61
135 Worker 2 processing task 47 requiring operations [10]
135 Worker 2 forwarding task 47
135 Worker 0 processing task 67 requiring operations [3, 1, 7]
135 Worker 0 performing operation 1 on task 67
135 Worker 1 processing task 63 requiring operations [1, 9]
135 Worker 1 performing operation 9 on task 63
136 Generated task 68
136 Worker 0 accepting task 68
136 Worker 4 accepting task 53
136 Worker 4 accepting task 61
136 Worker 4 accepting task 47
136 Worker 0 accepting task 67
136 Worker 1 accepting task 63
136 Worker 3 processing task 50 requiring operations [10]
136 Worker 3 forwarding task 50
136 Worker 4 processing task 57 requiring operations [7]
136 Worker 4 forwarding task 57
136 Worker 0 processing task 66 requiring operations [7, 2]
136 Worker 0 forwarding task 66
136 Worker 1 processing task 44 requiring operations [1]
136 Worker 1 forwarding task 44
137 Worker 2 accepting task 50
137 Worker 0 accepting task 57
137 Worker 3 accepting task 66
137 Worker 4 accepting task 44
137 Worker 3 processing task 60 requiring operations [8]
137 Worker 3 forwarding task 60
137 Worker 4 processing task 62 requiring operations [10, 7]
137 Worker 4 forwarding task 62
137 Worker 0 processing task 68 requiring operations [7, 4, 2]
137 Worker 0 performing operation 4 on task 68
137 Worker 1 processing task 63 requiring operations [1]
137 Worker 1 forwarding task 63
137 Worker 2 processing task 50 requiring operations [10]
137 Worker 2 forwarding task 50
138 Generated task 69
138 Worker 4 accepting task 69
138 Worker 2 accepting task 60
138 Worker 2 accepting task 62
138 Worker 0 accepting task 68
138 Worker 3 accepting task 63
138 Worker 0 accepting task 50
138 Worker 3 processing task 64 requiring operations [5, 8]
138 Worker 3 performing operation 5 on task 64
138 Worker 4 processing task 53 requiring operations [10]
138 Worker 4 forwarding task 53
138 Worker 0 processing task 67 requiring operations [3, 7]
138 Worker 0 performing operation 3 on task 67
138 Worker 2 processing task 60 requiring operations [8]
138 Worker 2 forwarding task 60
139 Worker 3 accepting task 64
139 Worker 3 accepting task 53
139 Worker 0 accepting task 67
139 Worker 1 accepting task 60
139 Worker 3 processing task 65 requiring operations [7, 2]
139 Worker 3 performing operation 2 on task 65
139 Worker 4 processing task 61 requiring operations [8]
139 Worker 4 forwarding task 61
139 Worker 0 processing task 57 requiring operations [7]
139 Worker 0 forwarding task 57
139 Worker 2 processing task 62 requiring operations [10, 7]
139 Worker 2 forwarding task 62
139 Worker 1 processing task 60 requiring operations [8]
139 Worker 1 forwarding task 60
140 Generated task 70
140 Worker 3 accepting task 70
140 Worker 3 accepting task 65
140 Worker 0 accepting task 61
140 Worker 2 accepting task 57
140 Worker 3 accepting task 62
140 Worker 3 accepting task 60
140 Worker 3 processing task 59 requiring operations [7]
140 Worker 3 performing operation 7 on task 59
140 Worker 4 processing task 47 requiring operations [10]
140 Worker 4 forwarding task 47
140 Worker 0 processing task 68 requiring operations [7, 2]
140 Worker 0 forwarding task 68
140 Worker 2 processing task 57 requiring operations [7]
140 Worker 2 forwarding task 57
