Worker 0 can perform operations {1, 6}
Worker 1 can perform operations {8, 9, 4, 7}
Worker 2 can perform operations {2, 5, 6}
Worker 3 can perform operations {8, 1, 10, 3}
Worker 4 can perform operations {9, 10, 6}
Building network type full-connect
Worker 0 connecting to worker 1
Worker 0 connecting to worker 2
Worker 0 connecting to worker 3
Worker 0 connecting to worker 4
Worker 1 connecting to worker 0
Worker 1 connecting to worker 2
Worker 1 connecting to worker 3
Worker 1 connecting to worker 4
Worker 2 connecting to worker 0
Worker 2 connecting to worker 1
Worker 2 connecting to worker 3
Worker 2 connecting to worker 4
Worker 3 connecting to worker 0
Worker 3 connecting to worker 1
Worker 3 connecting to worker 2
Worker 3 connecting to worker 4
Worker 4 connecting to worker 0
Worker 4 connecting to worker 1
Worker 4 connecting to worker 2
Worker 4 connecting to worker 3
Entry nodes are [0, 1, 2, 3, 4]
0 Generated task 0
0 Worker 1 accepting task 0
0 Worker 1 processing task 0 requiring operations [10, 4, 1]
0 Worker 1 performing operation 4 on task 0
1 Worker 1 accepting task 0
1 Worker 1 processing task 0 requiring operations [10, 1]
1 Worker 1 forwarding task 0
2 Generated task 1
2 Worker 1 accepting task 1
2 Worker 0 accepting task 0
2 Worker 1 processing task 1 requiring operations [2, 6, 3]
2 Worker 1 forwarding task 1
2 Worker 0 processing task 0 requiring operations [10, 1]
2 Worker 0 performing operation 1 on task 0
3 Worker 4 accepting task 1
3 Worker 0 accepting task 0
3 Worker 0 processing task 0 requiring operations [10]
3 Worker 0 forwarding task 0
3 Worker 4 processing task 1 requiring operations [2, 6, 3]
3 Worker 4 performing operation 6 on task 1
4 Generated task 2
4 Worker 4 accepting task 2
4 Worker 3 accepting task 0
4 Worker 4 accepting task 1
4 Worker 4 processing task 2 requiring operations [1, 5, 2]
4 Worker 4 forwarding task 2
4 Worker 3 processing task 0 requiring operations [10]
4 Worker 3 performing operation 10 on task 0
5 Worker 3 accepting task 2
5 Task 0 completed!
5 Worker 4 processing task 1 requiring operations [2, 3]
5 Worker 4 forwarding task 1
5 Worker 3 processing task 2 requiring operations [1, 5, 2]
5 Worker 3 performing operation 1 on task 2
6 Generated task 3
6 Worker 3 accepting task 3
6 Worker 2 accepting task 1
6 Worker 3 accepting task 2
6 Worker 3 processing task 3 requiring operations [5, 9, 10]
6 Worker 3 performing operation 10 on task 3
6 Worker 2 processing task 1 requiring operations [2, 3]
6 Worker 2 performing operation 2 on task 1
7 Worker 3 accepting task 3
7 Worker 2 accepting task 1
7 Worker 3 processing task 2 requiring operations [5, 2]
7 Worker 3 forwarding task 2
7 Worker 2 processing task 1 requiring operations [3]
7 Worker 2 forwarding task 1
8 Generated task 4
8 Worker 4 accepting task 4
8 Worker 2 accepting task 2
8 Worker 4 accepting task 1
8 Worker 3 processing task 3 requiring operations [5, 9]
8 Worker 3 forwarding task 3
8 Worker 2 processing task 2 requiring operations [5, 2]
8 Worker 2 performing operation 2 on task 2
8 Worker 4 processing task 4 requiring operations [10, 5, 6]
8 Worker 4 performing operation 10 on task 4
9 Worker 4 accepting task 3
9 Worker 2 accepting task 2
9 Worker 4 accepting task 4
9 Worker 2 processing task 2 requiring operations [5]
9 Worker 2 performing operation 5 on task 2
9 Worker 4 processing task 1 requiring operations [3]
9 Worker 4 forwarding task 1
10 Generated task 5
10 Worker 2 accepting task 5
10 Task 2 completed!
10 Worker 0 accepting task 1
10 Worker 2 processing task 5 requiring operations [1, 2, 4]
10 Worker 2 performing operation 2 on task 5
10 Worker 4 processing task 3 requiring operations [5, 9]
10 Worker 4 performing operation 9 on task 3
10 Worker 0 processing task 1 requiring operations [3]
10 Worker 0 forwarding task 1
11 Worker 2 accepting task 5
11 Worker 4 accepting task 3
11 Worker 1 accepting task 1
11 Worker 2 processing task 5 requiring operations [1, 4]
11 Worker 2 forwarding task 5
11 Worker 4 processing task 4 requiring operations [5, 6]
11 Worker 4 performing operation 6 on task 4
11 Worker 1 processing task 1 requiring operations [3]
11 Worker 1 forwarding task 1
12 Generated task 6
12 Worker 3 accepting task 6
12 Worker 4 accepting task 5
12 Worker 4 accepting task 4
12 Worker 4 accepting task 1
12 Worker 4 processing task 3 requiring operations [5]
12 Worker 4 forwarding task 3
12 Worker 3 processing task 6 requiring operations [5, 4, 8]
12 Worker 3 performing operation 8 on task 6
13 Worker 3 accepting task 3
13 Worker 3 accepting task 6
13 Worker 4 processing task 5 requiring operations [1, 4]
13 Worker 4 forwarding task 5
13 Worker 3 processing task 3 requiring operations [5]
13 Worker 3 forwarding task 3
14 Generated task 7
14 Worker 4 accepting task 7
14 Worker 3 accepting task 5
14 Worker 4 accepting task 3
14 Worker 4 processing task 4 requiring operations [5]
14 Worker 4 forwarding task 4
14 Worker 3 processing task 6 requiring operations [5, 4]
14 Worker 3 forwarding task 6
15 Worker 0 accepting task 4
15 Worker 0 accepting task 6
15 Worker 4 processing task 1 requiring operations [3]
15 Worker 4 forwarding task 1
15 Worker 3 processing task 5 requiring operations [1, 4]
15 Worker 3 performing operation 1 on task 5
15 Worker 0 processing task 4 requiring operations [5]
15 Worker 0 forwarding task 4
16 Generated task 8
16 Worker 0 accepting task 8
16 Worker 1 accepting task 1
16 Worker 3 accepting task 5
16 Worker 1 accepting task 4
16 Worker 4 processing task 7 requiring operations [5, 6, 7]
16 Worker 4 performing operation 6 on task 7
16 Worker 3 processing task 5 requiring operations [4]
16 Worker 3 forwarding task 5
16 Worker 0 processing task 6 requiring operations [5, 4]
16 Worker 0 forwarding task 6
16 Worker 1 processing task 1 requiring operations [3]
16 Worker 1 forwarding task 1
17 Worker 4 accepting task 7
17 Worker 1 accepting task 5
17 Worker 1 accepting task 6
17 Worker 4 accepting task 1
17 Worker 4 processing task 3 requiring operations [5]
17 Worker 4 forwarding task 3
17 Worker 0 processing task 8 requiring operations [8, 3, 10]
17 Worker 0 forwarding task 8
17 Worker 1 processing task 4 requiring operations [5]
17 Worker 1 forwarding task 4
18 Generated task 9
18 Worker 0 accepting task 9
18 Worker 1 accepting task 3
18 Worker 4 accepting task 8
18 Worker 2 accepting task 4
18 Worker 4 processing task 7 requiring operations [5, 7]
18 Worker 4 forwarding task 7
18 Worker 0 processing task 9 requiring operations [3, 2, 7]
18 Worker 0 forwarding task 9
18 Worker 1 processing task 5 requiring operations [4]
18 Worker 1 performing operation 4 on task 5
18 Worker 2 processing task 4 requiring operations [5]
18 Worker 2 performing operation 5 on task 4
19 Worker 0 accepting task 7
19 Worker 4 accepting task 9
19 Task 5 completed!
19 Task 4 completed!
19 Worker 4 processing task 1 requiring operations [3]
19 Worker 4 forwarding task 1
19 Worker 0 processing task 7 requiring operations [5, 7]
19 Worker 0 forwarding task 7
19 Worker 1 processing task 6 requiring operations [5, 4]
19 Worker 1 performing operation 4 on task 6
20 Generated task 10
20 Worker 1 accepting task 10
20 Worker 2 accepting task 1
20 Worker 3 accepting task 7
20 Worker 1 accepting task 6
20 Worker 4 processing task 8 requiring operations [8, 3, 10]
20 Worker 4 performing operation 10 on task 8
20 Worker 1 processing task 3 requiring operations [5]
20 Worker 1 forwarding task 3
20 Worker 2 processing task 1 requiring operations [3]
20 Worker 2 forwarding task 1
20 Worker 3 processing task 7 requiring operations [5, 7]
20 Worker 3 forwarding task 7
21 Worker 4 accepting task 8
21 Worker 0 accepting task 3
21 Worker 1 accepting task 1
21 Worker 4 accepting task 7
21 Worker 4 processing task 9 requiring operations [3, 2, 7]
21 Worker 4 forwarding task 9
21 Worker 1 processing task 10 requiring operations [2, 4, 8]
21 Worker 1 performing operation 8 on task 10
21 Worker 0 processing task 3 requiring operations [5]
21 Worker 0 forwarding task 3
22 Generated task 11
22 Worker 0 accepting task 11
22 Worker 0 accepting task 9
22 Worker 1 accepting task 10
22 Worker 3 accepting task 3
22 Worker 4 processing task 8 requiring operations [8, 3]
22 Worker 4 forwarding task 8
22 Worker 1 processing task 6 requiring operations [5]
22 Worker 1 forwarding task 6
22 Worker 0 processing task 11 requiring operations [10, 9, 8]
22 Worker 0 forwarding task 11
22 Worker 3 processing task 3 requiring operations [5]
22 Worker 3 forwarding task 3
23 Worker 3 accepting task 8
23 Worker 0 accepting task 6
23 Worker 3 accepting task 11
23 Worker 4 accepting task 3
23 Worker 4 processing task 7 requiring operations [5, 7]
23 Worker 4 forwarding task 7
23 Worker 1 processing task 1 requiring operations [3]
23 Worker 1 forwarding task 1
23 Worker 0 processing task 9 requiring operations [3, 2, 7]
23 Worker 0 forwarding task 9
23 Worker 3 processing task 8 requiring operations [8, 3]
23 Worker 3 performing operation 8 on task 8
24 Generated task 12
24 Worker 3 accepting task 12
24 Worker 2 accepting task 7
24 Worker 2 accepting task 1
24 Worker 1 accepting task 9
24 Worker 3 accepting task 8
24 Worker 4 processing task 3 requiring operations [5]
24 Worker 4 forwarding task 3
24 Worker 1 processing task 10 requiring operations [2, 4]
24 Worker 1 performing operation 4 on task 10
24 Worker 0 processing task 6 requiring operations [5]
24 Worker 0 forwarding task 6
24 Worker 3 processing task 11 requiring operations [10, 9, 8]
24 Worker 3 performing operation 8 on task 11
24 Worker 2 processing task 7 requiring operations [5, 7]
24 Worker 2 performing operation 5 on task 7
25 Worker 2 accepting task 3
25 Worker 1 accepting task 10
25 Worker 4 accepting task 6
25 Worker 3 accepting task 11
25 Worker 2 accepting task 7
25 Worker 1 processing task 9 requiring operations [3, 2, 7]
25 Worker 1 performing operation 7 on task 9
25 Worker 3 processing task 12 requiring operations [3, 9, 10]
25 Worker 3 performing operation 10 on task 12
25 Worker 2 processing task 1 requiring operations [3]
25 Worker 2 forwarding task 1
25 Worker 4 processing task 6 requiring operations [5]
25 Worker 4 forwarding task 6
26 Generated task 13
26 Worker 1 accepting task 13
26 Worker 1 accepting task 9
26 Worker 3 accepting task 12
26 Worker 0 accepting task 1
26 Worker 3 accepting task 6
26 Worker 1 processing task 10 requiring operations [2]
26 Worker 1 forwarding task 10
26 Worker 3 processing task 8 requiring operations [3]
26 Worker 3 performing operation 3 on task 8
26 Worker 2 processing task 3 requiring operations [5]
26 Worker 2 performing operation 5 on task 3
26 Worker 0 processing task 1 requiring operations [3]
26 Worker 0 forwarding task 1
27 Worker 0 accepting task 10
27 Task 8 completed!
27 Task 3 completed!
27 Worker 4 accepting task 1
27 Worker 1 processing task 13 requiring operations [3, 2, 9]
27 Worker 1 performing operation 9 on task 13
27 Worker 3 processing task 11 requiring operations [10, 9]
27 Worker 3 performing operation 10 on task 11
27 Worker 2 processing task 7 requiring operations [7]
27 Worker 2 forwarding task 7
27 Worker 0 processing task 10 requiring operations [2]
27 Worker 0 forwarding task 10
27 Worker 4 processing task 1 requiring operations [3]
27 Worker 4 forwarding task 1
28 Generated task 14
28 Worker 3 accepting task 14
28 Worker 1 accepting task 13
28 Worker 3 accepting task 11
28 Worker 1 accepting task 7
28 Worker 1 accepting task 10
28 Worker 0 accepting task 1
28 Worker 1 processing task 9 requiring operations [3, 2]
28 Worker 1 forwarding task 9
28 Worker 3 processing task 12 requiring operations [3, 9]
28 Worker 3 performing operation 3 on task 12
28 Worker 0 processing task 1 requiring operations [3]
28 Worker 0 forwarding task 1
29 Worker 2 accepting task 9
29 Worker 3 accepting task 12
29 Worker 2 accepting task 1
29 Worker 1 processing task 13 requiring operations [3, 2]
29 Worker 1 forwarding task 13
29 Worker 3 processing task 6 requiring operations [5]
29 Worker 3 forwarding task 6
29 Worker 2 processing task 9 requiring operations [3, 2]
29 Worker 2 performing operation 2 on task 9
30 Generated task 15
30 Worker 3 accepting task 15
30 Worker 2 accepting task 13
30 Worker 0 accepting task 6
30 Worker 2 accepting task 9
30 Worker 1 processing task 7 requiring operations [7]
30 Worker 1 performing operation 7 on task 7
30 Worker 3 processing task 14 requiring operations [3, 8, 2]
30 Worker 3 performing operation 3 on task 14
30 Worker 2 processing task 1 requiring operations [3]
30 Worker 2 forwarding task 1
30 Worker 0 processing task 6 requiring operations [5]
30 Worker 0 forwarding task 6
31 Task 7 completed!
31 Worker 3 accepting task 14
31 Worker 4 accepting task 1
31 Worker 4 accepting task 6
31 Worker 1 processing task 10 requiring operations [2]
31 Worker 1 forwarding task 10
31 Worker 3 processing task 11 requiring operations [9]
31 Worker 3 forwarding task 11
31 Worker 2 processing task 13 requiring operations [3, 2]
31 Worker 2 performing operation 2 on task 13
31 Worker 4 processing task 1 requiring operations [3]
31 Worker 4 forwarding task 1
32 Generated task 16
32 Worker 0 accepting task 16
32 Worker 0 accepting task 10
32 Worker 0 accepting task 11
32 Worker 2 accepting task 13
32 Worker 2 accepting task 1
32 Worker 3 processing task 12 requiring operations [9]
32 Worker 3 forwarding task 12
32 Worker 2 processing task 9 requiring operations [3]
32 Worker 2 forwarding task 9
32 Worker 4 processing task 6 requiring operations [5]
32 Worker 4 forwarding task 6
32 Worker 0 processing task 16 requiring operations [4, 5, 9]
32 Worker 0 forwarding task 16
33 Worker 2 accepting task 12
33 Worker 0 accepting task 9
33 Worker 3 accepting task 6
33 Worker 1 accepting task 16
33 Worker 3 processing task 15 requiring operations [1, 9, 7]
33 Worker 3 performing operation 1 on task 15
33 Worker 2 processing task 13 requiring operations [3]
33 Worker 2 forwarding task 13
33 Worker 0 processing task 10 requiring operations [2]
33 Worker 0 forwarding task 10
33 Worker 1 processing task 16 requiring operations [4, 5, 9]
33 Worker 1 performing operation 9 on task 16
34 Generated task 17
34 Worker 0 accepting task 17
34 Worker 3 accepting task 15
34 Worker 0 accepting task 13
34 Worker 2 accepting task 10
34 Worker 1 accepting task 16
34 Worker 3 processing task 14 requiring operations [8, 2]
34 Worker 3 performing operation 8 on task 14
34 Worker 2 processing task 1 requiring operations [3]
34 Worker 2 forwarding task 1
34 Worker 0 processing task 11 requiring operations [9]
34 Worker 0 forwarding task 11
34 Worker 1 processing task 16 requiring operations [4, 5]
34 Worker 1 performing operation 4 on task 16
35 Worker 3 accepting task 14
35 Worker 0 accepting task 1
35 Worker 4 accepting task 11
35 Worker 1 accepting task 16
35 Worker 3 processing task 6 requiring operations [5]
35 Worker 3 forwarding task 6
35 Worker 2 processing task 12 requiring operations [9]
35 Worker 2 forwarding task 12
35 Worker 0 processing task 9 requiring operations [3]
35 Worker 0 forwarding task 9
35 Worker 1 processing task 16 requiring operations [5]
35 Worker 1 forwarding task 16
35 Worker 4 processing task 11 requiring operations [9]
35 Worker 4 performing operation 9 on task 11
36 Generated task 18
36 Worker 1 accepting task 18
36 Worker 4 accepting task 6
36 Worker 3 accepting task 12
36 Worker 4 accepting task 9
36 Worker 4 accepting task 16
36 Task 11 completed!
36 Worker 3 processing task 15 requiring operations [9, 7]
36 Worker 3 forwarding task 15
36 Worker 2 processing task 10 requiring operations [2]
36 Worker 2 performing operation 2 on task 10
36 Worker 0 processing task 17 requiring operations [1, 8, 10]
36 Worker 0 performing operation 1 on task 17
36 Worker 1 processing task 18 requiring operations [7, 3, 5]
36 Worker 1 performing operation 7 on task 18
36 Worker 4 processing task 6 requiring operations [5]
36 Worker 4 forwarding task 6
37 Worker 1 accepting task 15
37 Task 10 completed!
37 Worker 0 accepting task 17
37 Worker 1 accepting task 18
37 Worker 1 accepting task 6
37 Worker 3 processing task 14 requiring operations [2]
37 Worker 3 forwarding task 14
37 Worker 0 processing task 13 requiring operations [3]
37 Worker 0 forwarding task 13
37 Worker 1 processing task 15 requiring operations [9, 7]
37 Worker 1 performing operation 7 on task 15
37 Worker 4 processing task 9 requiring operations [3]
37 Worker 4 forwarding task 9
38 Generated task 19
38 Worker 2 accepting task 19
38 Worker 1 accepting task 14
38 Worker 3 accepting task 13
38 Worker 1 accepting task 15
38 Worker 3 accepting task 9
38 Worker 3 processing task 12 requiring operations [9]
38 Worker 3 forwarding task 12
38 Worker 0 processing task 1 requiring operations [3]
38 Worker 0 forwarding task 1
38 Worker 1 processing task 18 requiring operations [3, 5]
38 Worker 1 forwarding task 18
38 Worker 4 processing task 16 requiring operations [5]
38 Worker 4 forwarding task 16
38 Worker 2 processing task 19 requiring operations [5, 3, 4]
38 Worker 2 performing operation 5 on task 19
39 Worker 1 accepting task 12
39 Worker 1 accepting task 1
39 Worker 2 accepting task 18
39 Worker 0 accepting task 16
39 Worker 2 accepting task 19
39 Worker 3 processing task 13 requiring operations [3]
39 Worker 3 performing operation 3 on task 13
39 Worker 0 processing task 17 requiring operations [8, 10]
39 Worker 0 forwarding task 17
39 Worker 1 processing task 6 requiring operations [5]
39 Worker 1 forwarding task 6
39 Worker 2 processing task 18 requiring operations [3, 5]
39 Worker 2 performing operation 5 on task 18
40 Generated task 20
40 Worker 0 accepting task 20
40 Task 13 completed!
40 Worker 4 accepting task 17
40 Worker 4 accepting task 6
40 Worker 2 accepting task 18
40 Worker 3 processing task 9 requiring operations [3]
40 Worker 3 performing operation 3 on task 9
40 Worker 0 processing task 16 requiring operations [5]
40 Worker 0 forwarding task 16
40 Worker 1 processing task 14 requiring operations [2]
40 Worker 1 forwarding task 14
40 Worker 2 processing task 19 requiring operations [3, 4]
40 Worker 2 forwarding task 19
40 Worker 4 processing task 17 requiring operations [8, 10]
40 Worker 4 performing operation 10 on task 17
41 Task 9 completed!
41 Worker 3 accepting task 16
41 Worker 2 accepting task 14
41 Worker 0 accepting task 19
41 Worker 4 accepting task 17
41 Worker 0 processing task 20 requiring operations [1, 2, 7]
41 Worker 0 performing operation 1 on task 20
41 Worker 1 processing task 15 requiring operations [9]
41 Worker 1 performing operation 9 on task 15
41 Worker 2 processing task 18 requiring operations [3]
41 Worker 2 forwarding task 18
41 Worker 4 processing task 6 requiring operations [5]
41 Worker 4 forwarding task 6
41 Worker 3 processing task 16 requiring operations [5]
41 Worker 3 forwarding task 16
42 Generated task 21
42 Worker 3 accepting task 21
42 Worker 0 accepting task 20
42 Task 15 completed!
42 Worker 4 accepting task 18
42 Worker 1 accepting task 6
42 Worker 1 accepting task 16
42 Worker 0 processing task 19 requiring operations [3, 4]
42 Worker 0 forwarding task 19
42 Worker 1 processing task 12 requiring operations [9]
42 Worker 1 performing operation 9 on task 12
42 Worker 2 processing task 14 requiring operations [2]
42 Worker 2 performing operation 2 on task 14
42 Worker 4 processing task 17 requiring operations [8]
42 Worker 4 forwarding task 17
42 Worker 3 processing task 21 requiring operations [2, 6, 4]
42 Worker 3 forwarding task 21
43 Worker 1 accepting task 19
43 Task 12 completed!
43 Task 14 completed!
43 Worker 0 accepting task 17
43 Worker 4 accepting task 21
43 Worker 0 processing task 20 requiring operations [2, 7]
43 Worker 0 forwarding task 20
43 Worker 1 processing task 1 requiring operations [3]
43 Worker 1 forwarding task 1
43 Worker 4 processing task 18 requiring operations [3]
43 Worker 4 forwarding task 18
44 Generated task 22
44 Worker 0 accepting task 22
44 Worker 1 accepting task 20
44 Worker 3 accepting task 1
44 Worker 0 accepting task 18
44 Worker 0 processing task 17 requiring operations [8]
44 Worker 0 forwarding task 17
44 Worker 1 processing task 6 requiring operations [5]
44 Worker 1 forwarding task 6
44 Worker 4 processing task 21 requiring operations [2, 6, 4]
44 Worker 4 performing operation 6 on task 21
44 Worker 3 processing task 1 requiring operations [3]
44 Worker 3 performing operation 3 on task 1
45 Worker 4 accepting task 17
45 Worker 3 accepting task 6
45 Worker 4 accepting task 21
45 Task 1 completed!
45 Worker 0 processing task 22 requiring operations [6, 9, 8]
45 Worker 0 performing operation 6 on task 22
45 Worker 1 processing task 16 requiring operations [5]
45 Worker 1 forwarding task 16
45 Worker 4 processing task 17 requiring operations [8]
45 Worker 4 forwarding task 17
45 Worker 3 processing task 6 requiring operations [5]
45 Worker 3 forwarding task 6
46 Generated task 23
46 Worker 1 accepting task 23
46 Worker 0 accepting task 22
46 Worker 4 accepting task 16
46 Worker 3 accepting task 17
46 Worker 2 accepting task 6
46 Worker 0 processing task 18 requiring operations [3]
46 Worker 0 forwarding task 18
46 Worker 1 processing task 19 requiring operations [3, 4]
46 Worker 1 performing operation 4 on task 19
46 Worker 4 processing task 21 requiring operations [2, 4]
46 Worker 4 forwarding task 21
46 Worker 3 processing task 17 requiring operations [8]
46 Worker 3 performing operation 8 on task 17
46 Worker 2 processing task 6 requiring operations [5]
46 Worker 2 performing operation 5 on task 6
47 Worker 2 accepting task 18
47 Worker 1 accepting task 19
47 Worker 2 accepting task 21
47 Task 17 completed!
47 Task 6 completed!
47 Worker 0 processing task 22 requiring operations [9, 8]
47 Worker 0 forwarding task 22
47 Worker 1 processing task 20 requiring operations [2, 7]
47 Worker 1 performing operation 7 on task 20
47 Worker 4 processing task 16 requiring operations [5]
47 Worker 4 forwarding task 16
47 Worker 2 processing task 18 requiring operations [3]
47 Worker 2 forwarding task 18
48 Generated task 24
48 Worker 3 accepting task 24
48 Worker 3 accepting task 22
48 Worker 1 accepting task 20
48 Worker 1 accepting task 16
48 Worker 1 accepting task 18
48 Worker 1 processing task 23 requiring operations [4, 7, 2]
48 Worker 1 performing operation 4 on task 23
48 Worker 2 processing task 21 requiring operations [2, 4]
48 Worker 2 performing operation 2 on task 21
48 Worker 3 processing task 24 requiring operations [1, 9, 5]
48 Worker 3 performing operation 1 on task 24
49 Worker 1 accepting task 23
49 Worker 2 accepting task 21
49 Worker 3 accepting task 24
49 Worker 1 processing task 19 requiring operations [3]
49 Worker 1 forwarding task 19
49 Worker 2 processing task 21 requiring operations [4]
49 Worker 2 forwarding task 21
49 Worker 3 processing task 22 requiring operations [9, 8]
49 Worker 3 performing operation 8 on task 22
50 Generated task 25
50 Worker 4 accepting task 25
50 Worker 0 accepting task 19
50 Worker 1 accepting task 21
50 Worker 3 accepting task 22
50 Worker 1 processing task 20 requiring operations [2]
50 Worker 1 forwarding task 20
50 Worker 3 processing task 24 requiring operations [9, 5]
50 Worker 3 forwarding task 24
50 Worker 4 processing task 25 requiring operations [10, 5, 6]
50 Worker 4 performing operation 6 on task 25
50 Worker 0 processing task 19 requiring operations [3]
50 Worker 0 forwarding task 19
51 Worker 3 accepting task 20
51 Worker 0 accepting task 24
51 Worker 4 accepting task 25
51 Worker 3 accepting task 19
51 Worker 1 processing task 16 requiring operations [5]
51 Worker 1 forwarding task 16
51 Worker 3 processing task 22 requiring operations [9]
51 Worker 3 forwarding task 22
51 Worker 4 processing task 25 requiring operations [10, 5]
51 Worker 4 performing operation 10 on task 25
51 Worker 0 processing task 24 requiring operations [9, 5]
51 Worker 0 forwarding task 24
52 Generated task 26
52 Worker 0 accepting task 26
52 Worker 4 accepting task 16
52 Worker 1 accepting task 22
52 Worker 4 accepting task 25
52 Worker 3 accepting task 24
52 Worker 1 processing task 18 requiring operations [3]
52 Worker 1 forwarding task 18
52 Worker 3 processing task 20 requiring operations [2]
52 Worker 3 forwarding task 20
52 Worker 4 processing task 16 requiring operations [5]
52 Worker 4 forwarding task 16
52 Worker 0 processing task 26 requiring operations [9, 6, 5]
52 Worker 0 performing operation 6 on task 26
53 Worker 4 accepting task 18
53 Worker 0 accepting task 20
53 Worker 0 accepting task 16
53 Worker 0 accepting task 26
53 Worker 1 processing task 23 requiring operations [7, 2]
53 Worker 1 performing operation 7 on task 23
53 Worker 3 processing task 19 requiring operations [3]
53 Worker 3 performing operation 3 on task 19
53 Worker 4 processing task 25 requiring operations [5]
53 Worker 4 forwarding task 25
53 Worker 0 processing task 20 requiring operations [2]
53 Worker 0 forwarding task 20
54 Generated task 27
54 Worker 2 accepting task 27
54 Worker 1 accepting task 23
54 Task 19 completed!
54 Worker 2 accepting task 25
54 Worker 4 accepting task 20
54 Worker 1 processing task 21 requiring operations [4]
54 Worker 1 performing operation 4 on task 21
54 Worker 3 processing task 24 requiring operations [9, 5]
54 Worker 3 forwarding task 24
54 Worker 4 processing task 18 requiring operations [3]
54 Worker 4 forwarding task 18
54 Worker 0 processing task 16 requiring operations [5]
54 Worker 0 forwarding task 16
54 Worker 2 processing task 27 requiring operations [6, 10, 5]
54 Worker 2 performing operation 6 on task 27
55 Task 21 completed!
55 Worker 2 accepting task 24
55 Worker 0 accepting task 18
55 Worker 2 accepting task 16
55 Worker 2 accepting task 27
55 Worker 1 processing task 22 requiring operations [9]
55 Worker 1 performing operation 9 on task 22
55 Worker 4 processing task 20 requiring operations [2]
55 Worker 4 forwarding task 20
55 Worker 0 processing task 26 requiring operations [9, 5]
55 Worker 0 forwarding task 26
55 Worker 2 processing task 25 requiring operations [5]
55 Worker 2 performing operation 5 on task 25
56 Generated task 28
56 Worker 1 accepting task 28
56 Task 22 completed!
56 Worker 0 accepting task 20
56 Worker 2 accepting task 26
56 Task 25 completed!
56 Worker 1 processing task 23 requiring operations [2]
56 Worker 1 forwarding task 23
56 Worker 0 processing task 18 requiring operations [3]
56 Worker 0 forwarding task 18
56 Worker 2 processing task 24 requiring operations [9, 5]
56 Worker 2 performing operation 5 on task 24
57 Worker 0 accepting task 23
57 Worker 2 accepting task 18
57 Worker 2 accepting task 24
57 Worker 1 processing task 28 requiring operations [6, 1, 8]
57 Worker 1 performing operation 8 on task 28
57 Worker 0 processing task 20 requiring operations [2]
57 Worker 0 forwarding task 20
57 Worker 2 processing task 16 requiring operations [5]
57 Worker 2 performing operation 5 on task 16
58 Generated task 29
58 Worker 2 accepting task 29
58 Worker 1 accepting task 28
58 Worker 4 accepting task 20
58 Task 16 completed!
58 Worker 1 processing task 28 requiring operations [6, 1]
58 Worker 1 forwarding task 28
58 Worker 0 processing task 23 requiring operations [2]
58 Worker 0 forwarding task 23
58 Worker 2 processing task 27 requiring operations [10, 5]
58 Worker 2 performing operation 5 on task 27
58 Worker 4 processing task 20 requiring operations [2]
58 Worker 4 forwarding task 20
59 Worker 2 accepting task 28
59 Worker 3 accepting task 23
59 Worker 2 accepting task 27
59 Worker 3 accepting task 20
59 Worker 2 processing task 26 requiring operations [9, 5]
59 Worker 2 performing operation 5 on task 26
59 Worker 3 processing task 23 requiring operations [2]
59 Worker 3 forwarding task 23
60 Generated task 30
60 Worker 0 accepting task 30
60 Worker 2 accepting task 26
60 Worker 0 accepting task 23
60 Worker 2 processing task 18 requiring operations [3]
60 Worker 2 forwarding task 18
60 Worker 3 processing task 20 requiring operations [2]
60 Worker 3 forwarding task 20
60 Worker 0 processing task 30 requiring operations [2, 5, 4]
60 Worker 0 forwarding task 30
61 Worker 3 accepting task 18
61 Worker 4 accepting task 20
61 Worker 4 accepting task 30
61 Worker 2 processing task 24 requiring operations [9]
61 Worker 2 forwarding task 24
61 Worker 3 processing task 18 requiring operations [3]
61 Worker 3 performing operation 3 on task 18
61 Worker 0 processing task 23 requiring operations [2]
61 Worker 0 forwarding task 23
61 Worker 4 processing task 20 requiring operations [2]
61 Worker 4 forwarding task 20
62 Generated task 31
62 Worker 3 accepting task 31
62 Worker 4 accepting task 24
62 Task 18 completed!
62 Worker 1 accepting task 23
62 Worker 0 accepting task 20
62 Worker 2 processing task 29 requiring operations [7, 4, 1]
62 Worker 2 forwarding task 29
62 Worker 3 processing task 31 requiring operations [3, 2, 9]
62 Worker 3 performing operation 3 on task 31
62 Worker 4 processing task 30 requiring operations [2, 5, 4]
62 Worker 4 forwarding task 30
62 Worker 1 processing task 23 requiring operations [2]
62 Worker 1 forwarding task 23
62 Worker 0 processing task 20 requiring operations [2]
62 Worker 0 forwarding task 20
63 Worker 3 accepting task 29
63 Worker 3 accepting task 31
63 Worker 0 accepting task 30
63 Worker 3 accepting task 23
63 Worker 1 accepting task 20
63 Worker 2 processing task 28 requiring operations [6, 1]
63 Worker 2 performing operation 6 on task 28
63 Worker 3 processing task 29 requiring operations [7, 4, 1]
63 Worker 3 performing operation 1 on task 29
63 Worker 4 processing task 24 requiring operations [9]
63 Worker 4 performing operation 9 on task 24
63 Worker 0 processing task 30 requiring operations [2, 5, 4]
63 Worker 0 forwarding task 30
63 Worker 1 processing task 20 requiring operations [2]
63 Worker 1 forwarding task 20
64 Generated task 32
64 Worker 4 accepting task 32
64 Worker 2 accepting task 28
64 Worker 3 accepting task 29
64 Task 24 completed!
64 Worker 1 accepting task 30
64 Worker 2 accepting task 20
64 Worker 2 processing task 27 requiring operations [10]
64 Worker 2 forwarding task 27
64 Worker 3 processing task 31 requiring operations [2, 9]
64 Worker 3 forwarding task 31
64 Worker 4 processing task 32 requiring operations [9, 7, 10]
64 Worker 4 performing operation 9 on task 32
64 Worker 1 processing task 30 requiring operations [2, 5, 4]
64 Worker 1 performing operation 4 on task 30
65 Worker 1 accepting task 27
65 Worker 4 accepting task 31
65 Worker 4 accepting task 32
65 Worker 1 accepting task 30
65 Worker 2 processing task 26 requiring operations [9]
65 Worker 2 forwarding task 26
65 Worker 3 processing task 23 requiring operations [2]
65 Worker 3 forwarding task 23
65 Worker 4 processing task 31 requiring operations [2, 9]
65 Worker 4 performing operation 9 on task 31
65 Worker 1 processing task 27 requiring operations [10]
65 Worker 1 forwarding task 27
66 Generated task 33
66 Worker 0 accepting task 33
66 Worker 4 accepting task 26
66 Worker 2 accepting task 23
66 Worker 4 accepting task 31
66 Worker 0 accepting task 27
66 Worker 2 processing task 28 requiring operations [1]
66 Worker 2 forwarding task 28
66 Worker 3 processing task 29 requiring operations [7, 4]
66 Worker 3 forwarding task 29
66 Worker 4 processing task 32 requiring operations [7, 10]
66 Worker 4 performing operation 10 on task 32
66 Worker 1 processing task 30 requiring operations [2, 5]
66 Worker 1 forwarding task 30
66 Worker 0 processing task 33 requiring operations [8, 2, 7]
66 Worker 0 forwarding task 33
67 Worker 0 accepting task 28
67 Worker 0 accepting task 29
67 Worker 4 accepting task 32
67 Worker 2 accepting task 30
67 Worker 3 accepting task 33
67 Worker 2 processing task 20 requiring operations [2]
67 Worker 2 performing operation 2 on task 20
67 Worker 4 processing task 26 requiring operations [9]
67 Worker 4 performing operation 9 on task 26
67 Worker 0 processing task 27 requiring operations [10]
67 Worker 0 forwarding task 27
67 Worker 3 processing task 33 requiring operations [8, 2, 7]
67 Worker 3 performing operation 8 on task 33
68 Generated task 34
68 Worker 3 accepting task 34
68 Task 20 completed!
68 Task 26 completed!
68 Worker 2 accepting task 27
68 Worker 3 accepting task 33
68 Worker 2 processing task 23 requiring operations [2]
68 Worker 2 performing operation 2 on task 23
68 Worker 4 processing task 31 requiring operations [2]
68 Worker 4 forwarding task 31
68 Worker 0 processing task 28 requiring operations [1]
68 Worker 0 performing operation 1 on task 28
68 Worker 3 processing task 34 requiring operations [2, 9, 7]
68 Worker 3 forwarding task 34
69 Task 23 completed!
69 Worker 2 accepting task 31
69 Task 28 completed!
69 Worker 1 accepting task 34
69 Worker 2 processing task 30 requiring operations [2, 5]
69 Worker 2 performing operation 2 on task 30
69 Worker 4 processing task 32 requiring operations [7]
69 Worker 4 forwarding task 32
69 Worker 0 processing task 29 requiring operations [7, 4]
69 Worker 0 forwarding task 29
69 Worker 3 processing task 33 requiring operations [2, 7]
69 Worker 3 forwarding task 33
69 Worker 1 processing task 34 requiring operations [2, 9, 7]
69 Worker 1 performing operation 7 on task 34
70 Generated task 35
70 Worker 4 accepting task 35
70 Worker 2 accepting task 30
70 Worker 0 accepting task 32
70 Worker 3 accepting task 29
70 Worker 2 accepting task 33
70 Worker 1 accepting task 34
70 Worker 2 processing task 27 requiring operations [10]
70 Worker 2 forwarding task 27
70 Worker 4 processing task 35 requiring operations [8, 6, 10]
70 Worker 4 performing operation 6 on task 35
70 Worker 0 processing task 32 requiring operations [7]
70 Worker 0 forwarding task 32
70 Worker 3 processing task 29 requiring operations [7, 4]
70 Worker 3 forwarding task 29
70 Worker 1 processing task 34 requiring operations [2, 9]
70 Worker 1 performing operation 9 on task 34
71 Worker 0 accepting task 27
71 Worker 4 accepting task 35
71 Worker 4 accepting task 32
71 Worker 0 accepting task 29
71 Worker 1 accepting task 34
71 Worker 2 processing task 31 requiring operations [2]
71 Worker 2 performing operation 2 on task 31
71 Worker 4 processing task 35 requiring operations [8, 10]
71 Worker 4 performing operation 10 on task 35
71 Worker 0 processing task 27 requiring operations [10]
71 Worker 0 forwarding task 27
71 Worker 1 processing task 34 requiring operations [2]
71 Worker 1 forwarding task 34
72 Generated task 36
72 Worker 3 accepting task 36
72 Task 31 completed!
72 Worker 4 accepting task 35
72 Worker 4 accepting task 27
72 Worker 3 accepting task 34
72 Worker 2 processing task 30 requiring operations [5]
72 Worker 2 performing operation 5 on task 30
72 Worker 4 processing task 32 requiring operations [7]
72 Worker 4 forwarding task 32
72 Worker 0 processing task 29 requiring operations [7, 4]
72 Worker 0 forwarding task 29
72 Worker 3 processing task 36 requiring operations [1, 6, 9]
72 Worker 3 performing operation 1 on task 36
73 Task 30 completed!
73 Worker 3 accepting task 32
73 Worker 3 accepting task 29
73 Worker 3 accepting task 36
73 Worker 2 processing task 33 requiring operations [2, 7]
73 Worker 2 performing operation 2 on task 33
73 Worker 4 processing task 35 requiring operations [8]
73 Worker 4 forwarding task 35
73 Worker 3 processing task 34 requiring operations [2]
73 Worker 3 forwarding task 34
74 Generated task 37
74 Worker 4 accepting task 37
74 Worker 2 accepting task 33
74 Worker 1 accepting task 35
74 Worker 0 accepting task 34
74 Worker 2 processing task 33 requiring operations [7]
74 Worker 2 forwarding task 33
74 Worker 4 processing task 27 requiring operations [10]
74 Worker 4 performing operation 10 on task 27
74 Worker 3 processing task 32 requiring operations [7]
74 Worker 3 forwarding task 32
74 Worker 1 processing task 35 requiring operations [8]
74 Worker 1 performing operation 8 on task 35
74 Worker 0 processing task 34 requiring operations [2]
74 Worker 0 forwarding task 34
75 Worker 0 accepting task 33
75 Task 27 completed!
75 Worker 4 accepting task 32
75 Task 35 completed!
75 Worker 2 accepting task 34
75 Worker 4 processing task 37 requiring operations [4, 9, 10]
75 Worker 4 performing operation 10 on task 37
75 Worker 3 processing task 29 requiring operations [7, 4]
75 Worker 3 forwarding task 29
75 Worker 0 processing task 33 requiring operations [7]
75 Worker 0 forwarding task 33
75 Worker 2 processing task 34 requiring operations [2]
75 Worker 2 performing operation 2 on task 34
76 Generated task 38
76 Worker 3 accepting task 38
76 Worker 4 accepting task 37
76 Worker 4 accepting task 29
76 Worker 2 accepting task 33
76 Task 34 completed!
76 Worker 4 processing task 32 requiring operations [7]
76 Worker 4 forwarding task 32
76 Worker 3 processing task 36 requiring operations [6, 9]
76 Worker 3 forwarding task 36
76 Worker 2 processing task 33 requiring operations [7]
76 Worker 2 forwarding task 33
77 Worker 0 accepting task 32
77 Worker 4 accepting task 36
77 Worker 3 accepting task 33
77 Worker 4 processing task 37 requiring operations [4, 9]
77 Worker 4 performing operation 9 on task 37
77 Worker 3 processing task 38 requiring operations [8, 7, 1]
77 Worker 3 performing operation 1 on task 38
77 Worker 0 processing task 32 requiring operations [7]
77 Worker 0 forwarding task 32
78 Generated task 39
78 Worker 0 accepting task 39
78 Worker 4 accepting task 37
78 Worker 3 accepting task 38
78 Worker 1 accepting task 32
78 Worker 4 processing task 29 requiring operations [7, 4]
78 Worker 4 forwarding task 29
78 Worker 3 processing task 33 requiring operations [7]
78 Worker 3 forwarding task 33
78 Worker 0 processing task 39 requiring operations [8, 6, 9]
78 Worker 0 performing operation 6 on task 39
78 Worker 1 processing task 32 requiring operations [7]
78 Worker 1 performing operation 7 on task 32
79 Worker 2 accepting task 29
79 Worker 2 accepting task 33
79 Worker 0 accepting task 39
79 Task 32 completed!
79 Worker 4 processing task 36 requiring operations [6, 9]
79 Worker 4 performing operation 9 on task 36
79 Worker 3 processing task 38 requiring operations [8, 7]
79 Worker 3 performing operation 8 on task 38
79 Worker 0 processing task 39 requiring operations [8, 9]
79 Worker 0 forwarding task 39
79 Worker 2 processing task 29 requiring operations [7, 4]
79 Worker 2 forwarding task 29
80 Generated task 40
80 Worker 0 accepting task 40
80 Worker 4 accepting task 36
80 Worker 3 accepting task 38
80 Worker 4 accepting task 39
80 Worker 0 accepting task 29
80 Worker 4 processing task 37 requiring operations [4]
80 Worker 4 forwarding task 37
80 Worker 3 processing task 38 requiring operations [7]
80 Worker 3 forwarding task 38
80 Worker 0 processing task 40 requiring operations [9, 7, 3]
80 Worker 0 forwarding task 40
80 Worker 2 processing task 33 requiring operations [7]
80 Worker 2 forwarding task 33
81 Worker 1 accepting task 37
81 Worker 4 accepting task 38
81 Worker 4 accepting task 40
81 Worker 4 accepting task 33
81 Worker 4 processing task 36 requiring operations [6]
81 Worker 4 performing operation 6 on task 36
81 Worker 0 processing task 29 requiring operations [7, 4]
81 Worker 0 forwarding task 29
81 Worker 1 processing task 37 requiring operations [4]
81 Worker 1 performing operation 4 on task 37
82 Generated task 41
82 Worker 0 accepting task 41
82 Task 36 completed!
82 Worker 3 accepting task 29
82 Task 37 completed!
82 Worker 4 processing task 39 requiring operations [8, 9]
82 Worker 4 performing operation 9 on task 39
82 Worker 0 processing task 41 requiring operations [5, 7, 10]
82 Worker 0 forwarding task 41
82 Worker 3 processing task 29 requiring operations [7, 4]
82 Worker 3 forwarding task 29
83 Worker 4 accepting task 39
83 Worker 1 accepting task 41
83 Worker 0 accepting task 29
83 Worker 4 processing task 38 requiring operations [7]
83 Worker 4 forwarding task 38
83 Worker 1 processing task 41 requiring operations [5, 7, 10]
83 Worker 1 performing operation 7 on task 41
83 Worker 0 processing task 29 requiring operations [7, 4]
83 Worker 0 forwarding task 29
84 Generated task 42
84 Worker 2 accepting task 42
84 Worker 0 accepting task 38
84 Worker 1 accepting task 41
84 Worker 2 accepting task 29
84 Worker 4 processing task 40 requiring operations [9, 7, 3]
84 Worker 4 performing operation 9 on task 40
84 Worker 1 processing task 41 requiring operations [5, 10]
84 Worker 1 forwarding task 41
84 Worker 0 processing task 38 requiring operations [7]
84 Worker 0 forwarding task 38
84 Worker 2 processing task 42 requiring operations [3, 7, 9]
84 Worker 2 forwarding task 42
85 Worker 4 accepting task 40
85 Worker 4 accepting task 41
85 Worker 3 accepting task 38
85 Worker 3 accepting task 42
85 Worker 4 processing task 33 requiring operations [7]
85 Worker 4 forwarding task 33
85 Worker 2 processing task 29 requiring operations [7, 4]
85 Worker 2 forwarding task 29
85 Worker 3 processing task 38 requiring operations [7]
85 Worker 3 forwarding task 38
86 Generated task 43
86 Worker 2 accepting task 43
86 Worker 2 accepting task 33
86 Worker 4 accepting task 29
86 Worker 2 accepting task 38
86 Worker 4 processing task 39 requiring operations [8]
86 Worker 4 forwarding task 39
86 Worker 2 processing task 43 requiring operations [5, 9, 1]
86 Worker 2 performing operation 5 on task 43
86 Worker 3 processing task 42 requiring operations [3, 7, 9]
86 Worker 3 performing operation 3 on task 42
87 Worker 2 accepting task 39
87 Worker 2 accepting task 43
87 Worker 3 accepting task 42
87 Worker 4 processing task 40 requiring operations [7, 3]
87 Worker 4 forwarding task 40
87 Worker 2 processing task 33 requiring operations [7]
87 Worker 2 forwarding task 33
87 Worker 3 processing task 42 requiring operations [7, 9]
87 Worker 3 forwarding task 42
88 Generated task 44
88 Worker 3 accepting task 44
88 Worker 3 accepting task 40
88 Worker 3 accepting task 33
88 Worker 2 accepting task 42
88 Worker 4 processing task 41 requiring operations [5, 10]
88 Worker 4 performing operation 10 on task 41
88 Worker 2 processing task 38 requiring operations [7]
88 Worker 2 forwarding task 38
88 Worker 3 processing task 44 requiring operations [3, 9, 7]
88 Worker 3 performing operation 3 on task 44
89 Worker 4 accepting task 41
89 Worker 4 accepting task 38
89 Worker 3 accepting task 44
89 Worker 4 processing task 29 requiring operations [7, 4]
89 Worker 4 forwarding task 29
89 Worker 2 processing task 39 requiring operations [8]
89 Worker 2 forwarding task 39
89 Worker 3 processing task 40 requiring operations [7, 3]
89 Worker 3 performing operation 3 on task 40
90 Generated task 45
90 Worker 0 accepting task 45
90 Worker 1 accepting task 29
90 Worker 1 accepting task 39
90 Worker 3 accepting task 40
90 Worker 4 processing task 41 requiring operations [5]
90 Worker 4 forwarding task 41
90 Worker 2 processing task 43 requiring operations [9, 1]
90 Worker 2 forwarding task 43
90 Worker 3 processing task 33 requiring operations [7]
90 Worker 3 forwarding task 33
90 Worker 0 processing task 45 requiring operations [9, 7, 3]
90 Worker 0 forwarding task 45
90 Worker 1 processing task 29 requiring operations [7, 4]
90 Worker 1 performing operation 7 on task 29
91 Worker 1 accepting task 41
91 Worker 4 accepting task 43
91 Worker 0 accepting task 33
91 Worker 3 accepting task 45
91 Worker 1 accepting task 29
91 Worker 4 processing task 38 requiring operations [7]
91 Worker 4 forwarding task 38
91 Worker 2 processing task 42 requiring operations [7, 9]
91 Worker 2 forwarding task 42
91 Worker 3 processing task 44 requiring operations [9, 7]
91 Worker 3 forwarding task 44
91 Worker 0 processing task 33 requiring operations [7]
91 Worker 0 forwarding task 33
91 Worker 1 processing task 39 requiring operations [8]
91 Worker 1 performing operation 8 on task 39
92 Generated task 46
92 Worker 1 accepting task 46
92 Worker 0 accepting task 38
92 Worker 1 accepting task 42
92 Worker 0 accepting task 44
92 Worker 3 accepting task 33
92 Task 39 completed!
92 Worker 4 processing task 43 requiring operations [9, 1]
92 Worker 4 performing operation 9 on task 43
92 Worker 3 processing task 40 requiring operations [7]
92 Worker 3 forwarding task 40
92 Worker 0 processing task 38 requiring operations [7]
92 Worker 0 forwarding task 38
92 Worker 1 processing task 41 requiring operations [5]
92 Worker 1 forwarding task 41
93 Worker 4 accepting task 43
93 Worker 4 accepting task 40
93 Worker 2 accepting task 38
93 Worker 4 accepting task 41
93 Worker 4 processing task 43 requiring operations [1]
93 Worker 4 forwarding task 43
93 Worker 3 processing task 45 requiring operations [9, 7, 3]
93 Worker 3 performing operation 3 on task 45
93 Worker 0 processing task 44 requiring operations [9, 7]
93 Worker 0 forwarding task 44
93 Worker 1 processing task 29 requiring operations [4]
93 Worker 1 performing operation 4 on task 29
93 Worker 2 processing task 38 requiring operations [7]
93 Worker 2 forwarding task 38
94 Generated task 47
94 Worker 1 accepting task 47
94 Worker 3 accepting task 43
94 Worker 3 accepting task 45
94 Worker 3 accepting task 44
94 Task 29 completed!
94 Worker 4 accepting task 38
94 Worker 4 processing task 40 requiring operations [7]
94 Worker 4 forwarding task 40
94 Worker 3 processing task 33 requiring operations [7]
94 Worker 3 forwarding task 33
94 Worker 1 processing task 46 requiring operations [6, 7, 5]
94 Worker 1 performing operation 7 on task 46
95 Worker 1 accepting task 40
95 Worker 4 accepting task 33
95 Worker 1 accepting task 46
95 Worker 4 processing task 41 requiring operations [5]
95 Worker 4 forwarding task 41
95 Worker 3 processing task 43 requiring operations [1]
95 Worker 3 performing operation 1 on task 43
95 Worker 1 processing task 42 requiring operations [7, 9]
95 Worker 1 performing operation 9 on task 42
96 Generated task 48
96 Worker 4 accepting task 48
96 Worker 0 accepting task 41
96 Task 43 completed!
96 Worker 1 accepting task 42
96 Worker 4 processing task 38 requiring operations [7]
96 Worker 4 forwarding task 38
96 Worker 3 processing task 45 requiring operations [9, 7]
96 Worker 3 forwarding task 45
96 Worker 1 processing task 47 requiring operations [5, 8, 2]
96 Worker 1 performing operation 8 on task 47
96 Worker 0 processing task 41 requiring operations [5]
96 Worker 0 forwarding task 41
97 Worker 1 accepting task 38
97 Worker 0 accepting task 45
97 Worker 1 accepting task 47
97 Worker 2 accepting task 41
97 Worker 4 processing task 33 requiring operations [7]
97 Worker 4 forwarding task 33
97 Worker 3 processing task 44 requiring operations [9, 7]
97 Worker 3 forwarding task 44
97 Worker 1 processing task 40 requiring operations [7]
97 Worker 1 performing operation 7 on task 40
97 Worker 0 processing task 45 requiring operations [9, 7]
97 Worker 0 forwarding task 45
97 Worker 2 processing task 41 requiring operations [5]
97 Worker 2 performing operation 5 on task 41
98 Generated task 49
98 Worker 1 accepting task 49
98 Worker 3 accepting task 33
98 Worker 1 accepting task 44
98 Task 40 completed!
98 Worker 3 accepting task 45
98 Task 41 completed!
98 Worker 4 processing task 48 requiring operations [3, 2, 1]
98 Worker 4 forwarding task 48
98 Worker 3 processing task 33 requiring operations [7]
98 Worker 3 forwarding task 33
98 Worker 1 processing task 46 requiring operations [6, 5]
98 Worker 1 forwarding task 46
99 Worker 0 accepting task 48
99 Worker 0 accepting task 33
99 Worker 0 accepting task 46
99 Worker 3 processing task 45 requiring operations [9, 7]
99 Worker 3 forwarding task 45
99 Worker 1 processing task 42 requiring operations [7]
99 Worker 1 performing operation 7 on task 42
99 Worker 0 processing task 48 requiring operations [3, 2, 1]
99 Worker 0 performing operation 1 on task 48
100 Generated task 50
100 Worker 1 accepting task 50
100 Worker 4 accepting task 45
100 Task 42 completed!
100 Worker 0 accepting task 48
100 Worker 1 processing task 38 requiring operations [7]
100 Worker 1 performing operation 7 on task 38
100 Worker 0 processing task 33 requiring operations [7]
100 Worker 0 forwarding task 33
100 Worker 4 processing task 45 requiring operations [9, 7]
100 Worker 4 performing operation 9 on task 45
101 Task 38 completed!
101 Worker 2 accepting task 33
101 Worker 4 accepting task 45
101 Worker 1 processing task 47 requiring operations [5, 2]
101 Worker 1 forwarding task 47
101 Worker 0 processing task 46 requiring operations [6, 5]
101 Worker 0 performing operation 6 on task 46
101 Worker 4 processing task 45 requiring operations [7]
101 Worker 4 forwarding task 45
101 Worker 2 processing task 33 requiring operations [7]
101 Worker 2 forwarding task 33
102 Generated task 51
102 Worker 0 accepting task 51
102 Worker 4 accepting task 47
102 Worker 0 accepting task 46
102 Worker 2 accepting task 45
102 Worker 4 accepting task 33
102 Worker 1 processing task 49 requiring operations [3, 1, 9]
102 Worker 1 performing operation 9 on task 49
102 Worker 0 processing task 48 requiring operations [3, 2]
102 Worker 0 forwarding task 48
102 Worker 4 processing task 47 requiring operations [5, 2]
102 Worker 4 forwarding task 47
102 Worker 2 processing task 45 requiring operations [7]
102 Worker 2 forwarding task 45
103 Worker 1 accepting task 49
103 Worker 4 accepting task 48
103 Worker 0 accepting task 47
103 Worker 1 accepting task 45
103 Worker 1 processing task 44 requiring operations [9, 7]
103 Worker 1 performing operation 7 on task 44
103 Worker 0 processing task 51 requiring operations [2, 5, 10]
103 Worker 0 forwarding task 51
103 Worker 4 processing task 33 requiring operations [7]
103 Worker 4 forwarding task 33
104 Generated task 52
104 Worker 2 accepting task 52
104 Worker 1 accepting task 44
104 Worker 4 accepting task 51
104 Worker 3 accepting task 33
104 Worker 1 processing task 50 requiring operations [8, 4, 3]
104 Worker 1 performing operation 4 on task 50
104 Worker 0 processing task 46 requiring operations [5]
104 Worker 0 forwarding task 46
104 Worker 4 processing task 48 requiring operations [3, 2]
104 Worker 4 forwarding task 48
104 Worker 2 processing task 52 requiring operations [10, 5, 7]
104 Worker 2 performing operation 5 on task 52
104 Worker 3 processing task 33 requiring operations [7]
104 Worker 3 forwarding task 33
105 Worker 1 accepting task 50
105 Worker 4 accepting task 46
105 Worker 0 accepting task 48
105 Worker 2 accepting task 52
105 Worker 0 accepting task 33
105 Worker 1 processing task 49 requiring operations [3, 1]
105 Worker 1 forwarding task 49
105 Worker 0 processing task 47 requiring operations [5, 2]
105 Worker 0 forwarding task 47
105 Worker 4 processing task 51 requiring operations [2, 5, 10]
105 Worker 4 performing operation 10 on task 51
105 Worker 2 processing task 52 requiring operations [10, 7]
105 Worker 2 forwarding task 52
106 Generated task 53
106 Worker 1 accepting task 53
106 Worker 2 accepting task 49
106 Worker 1 accepting task 47
106 Worker 4 accepting task 51
106 Worker 1 accepting task 52
106 Worker 1 processing task 45 requiring operations [7]
106 Worker 1 performing operation 7 on task 45
106 Worker 0 processing task 48 requiring operations [3, 2]
106 Worker 0 forwarding task 48
106 Worker 4 processing task 46 requiring operations [5]
106 Worker 4 forwarding task 46
106 Worker 2 processing task 49 requiring operations [3, 1]
106 Worker 2 forwarding task 49
107 Task 45 completed!
107 Worker 4 accepting task 48
107 Worker 3 accepting task 46
107 Worker 4 accepting task 49
107 Worker 1 processing task 44 requiring operations [9]
107 Worker 1 performing operation 9 on task 44
107 Worker 0 processing task 33 requiring operations [7]
107 Worker 0 forwarding task 33
107 Worker 4 processing task 51 requiring operations [2, 5]
107 Worker 4 forwarding task 51
107 Worker 3 processing task 46 requiring operations [5]
107 Worker 3 forwarding task 46
108 Generated task 54
108 Worker 1 accepting task 54
108 Task 44 completed!
108 Worker 3 accepting task 33
108 Worker 2 accepting task 51
108 Worker 4 accepting task 46
108 Worker 1 processing task 50 requiring operations [8, 3]
108 Worker 1 performing operation 8 on task 50
108 Worker 4 processing task 48 requiring operations [3, 2]
108 Worker 4 forwarding task 48
108 Worker 3 processing task 33 requiring operations [7]
108 Worker 3 forwarding task 33
108 Worker 2 processing task 51 requiring operations [2, 5]
108 Worker 2 performing operation 2 on task 51
109 Worker 1 accepting task 50
109 Worker 2 accepting task 48
109 Worker 4 accepting task 33
109 Worker 2 accepting task 51
109 Worker 1 processing task 53 requiring operations [3, 6, 7]
109 Worker 1 performing operation 7 on task 53
109 Worker 4 processing task 49 requiring operations [3, 1]
109 Worker 4 forwarding task 49
109 Worker 2 processing task 48 requiring operations [3, 2]
109 Worker 2 performing operation 2 on task 48
110 Generated task 55
110 Worker 1 accepting task 55
110 Worker 1 accepting task 53
110 Worker 2 accepting task 49
110 Worker 2 accepting task 48
110 Worker 1 processing task 47 requiring operations [5, 2]
110 Worker 1 forwarding task 47
110 Worker 4 processing task 46 requiring operations [5]
110 Worker 4 forwarding task 46
110 Worker 2 processing task 51 requiring operations [5]
110 Worker 2 performing operation 5 on task 51
111 Worker 3 accepting task 47
111 Worker 1 accepting task 46
111 Task 51 completed!
111 Worker 1 processing task 52 requiring operations [10, 7]
111 Worker 1 performing operation 7 on task 52
111 Worker 4 processing task 33 requiring operations [7]
111 Worker 4 forwarding task 33
111 Worker 2 processing task 49 requiring operations [3, 1]
111 Worker 2 forwarding task 49
111 Worker 3 processing task 47 requiring operations [5, 2]
111 Worker 3 forwarding task 47
112 Generated task 56
112 Worker 1 accepting task 56
112 Worker 1 accepting task 52
112 Worker 3 accepting task 33
112 Worker 4 accepting task 49
112 Worker 0 accepting task 47
112 Worker 1 processing task 54 requiring operations [6, 1, 7]
112 Worker 1 performing operation 7 on task 54
112 Worker 2 processing task 48 requiring operations [3]
112 Worker 2 forwarding task 48
112 Worker 3 processing task 33 requiring operations [7]
112 Worker 3 forwarding task 33
112 Worker 4 processing task 49 requiring operations [3, 1]
112 Worker 4 forwarding task 49
112 Worker 0 processing task 47 requiring operations [5, 2]
112 Worker 0 forwarding task 47
113 Worker 1 accepting task 54
113 Worker 1 accepting task 48
113 Worker 2 accepting task 33
113 Worker 1 accepting task 49
113 Worker 1 accepting task 47
113 Worker 1 processing task 50 requiring operations [3]
113 Worker 1 forwarding task 50
113 Worker 2 processing task 33 requiring operations [7]
113 Worker 2 forwarding task 33
114 Generated task 57
114 Worker 2 accepting task 57
114 Worker 4 accepting task 50
114 Worker 0 accepting task 33
114 Worker 1 processing task 55 requiring operations [4, 1, 7]
114 Worker 1 performing operation 7 on task 55
114 Worker 2 processing task 57 requiring operations [2, 10, 7]
114 Worker 2 performing operation 2 on task 57
114 Worker 4 processing task 50 requiring operations [3]
114 Worker 4 forwarding task 50
114 Worker 0 processing task 33 requiring operations [7]
114 Worker 0 forwarding task 33
115 Worker 1 accepting task 55
115 Worker 2 accepting task 57
115 Worker 2 accepting task 50
115 Worker 4 accepting task 33
115 Worker 1 processing task 53 requiring operations [3, 6]
115 Worker 1 forwarding task 53
115 Worker 2 processing task 57 requiring operations [10, 7]
115 Worker 2 forwarding task 57
115 Worker 4 processing task 33 requiring operations [7]
115 Worker 4 forwarding task 33
116 Generated task 58
116 Worker 3 accepting task 58
116 Worker 3 accepting task 53
116 Worker 1 accepting task 57
116 Worker 2 accepting task 33
116 Worker 1 processing task 46 requiring operations [5]
116 Worker 1 forwarding task 46
116 Worker 2 processing task 50 requiring operations [3]
116 Worker 2 forwarding task 50
116 Worker 3 processing task 58 requiring operations [5, 9, 7]
116 Worker 3 forwarding task 58
117 Worker 4 accepting task 46
117 Worker 1 accepting task 50
117 Worker 0 accepting task 58
117 Worker 1 processing task 56 requiring operations [5, 9, 3]
117 Worker 1 performing operation 9 on task 56
117 Worker 2 processing task 33 requiring operations [7]
117 Worker 2 forwarding task 33
117 Worker 3 processing task 53 requiring operations [3, 6]
117 Worker 3 performing operation 3 on task 53
117 Worker 4 processing task 46 requiring operations [5]
117 Worker 4 forwarding task 46
117 Worker 0 processing task 58 requiring operations [5, 9, 7]
117 Worker 0 forwarding task 58
118 Generated task 59
118 Worker 4 accepting task 59
118 Worker 1 accepting task 56
118 Worker 4 accepting task 33
118 Worker 3 accepting task 53
118 Worker 1 accepting task 46
118 Worker 4 accepting task 58
118 Worker 1 processing task 52 requiring operations [10]
118 Worker 1 forwarding task 52
118 Worker 3 processing task 53 requiring operations [6]
118 Worker 3 forwarding task 53
118 Worker 4 processing task 59 requiring operations [2, 1, 10]
118 Worker 4 performing operation 10 on task 59
119 Worker 4 accepting task 52
119 Worker 0 accepting task 53
119 Worker 4 accepting task 59
119 Worker 1 processing task 54 requiring operations [6, 1]
119 Worker 1 forwarding task 54
119 Worker 4 processing task 33 requiring operations [7]
119 Worker 4 forwarding task 33
119 Worker 0 processing task 53 requiring operations [6]
119 Worker 0 performing operation 6 on task 53
120 Generated task 60
120 Worker 3 accepting task 60
120 Worker 4 accepting task 54
120 Worker 2 accepting task 33
120 Task 53 completed!
120 Worker 1 processing task 48 requiring operations [3]
120 Worker 1 forwarding task 48
120 Worker 4 processing task 58 requiring operations [5, 9, 7]
120 Worker 4 performing operation 9 on task 58
120 Worker 3 processing task 60 requiring operations [6, 7, 5]
120 Worker 3 forwarding task 60
120 Worker 2 processing task 33 requiring operations [7]
120 Worker 2 forwarding task 33
121 Worker 0 accepting task 48
121 Worker 4 accepting task 58
121 Worker 1 accepting task 60
121 Worker 3 accepting task 33
121 Worker 1 processing task 49 requiring operations [3, 1]
121 Worker 1 forwarding task 49
121 Worker 4 processing task 52 requiring operations [10]
121 Worker 4 performing operation 10 on task 52
121 Worker 0 processing task 48 requiring operations [3]
121 Worker 0 forwarding task 48
121 Worker 3 processing task 33 requiring operations [7]
121 Worker 3 forwarding task 33
122 Generated task 61
122 Worker 1 accepting task 61
122 Worker 0 accepting task 49
122 Task 52 completed!
122 Worker 1 accepting task 48
122 Worker 4 accepting task 33
122 Worker 1 processing task 47 requiring operations [5, 2]
122 Worker 1 forwarding task 47
122 Worker 4 processing task 59 requiring operations [2, 1]
122 Worker 4 forwarding task 59
122 Worker 0 processing task 49 requiring operations [3, 1]
122 Worker 0 performing operation 1 on task 49
123 Worker 4 accepting task 47
123 Worker 2 accepting task 59
123 Worker 0 accepting task 49
123 Worker 1 processing task 55 requiring operations [4, 1]
123 Worker 1 performing operation 4 on task 55
123 Worker 4 processing task 54 requiring operations [6, 1]
123 Worker 4 performing operation 6 on task 54
123 Worker 0 processing task 49 requiring operations [3]
123 Worker 0 forwarding task 49
123 Worker 2 processing task 59 requiring operations [2, 1]
123 Worker 2 performing operation 2 on task 59
124 Generated task 62
124 Worker 3 accepting task 62
124 Worker 1 accepting task 55
124 Worker 4 accepting task 54
124 Worker 3 accepting task 49
124 Worker 2 accepting task 59
124 Worker 1 processing task 57 requiring operations [10, 7]
124 Worker 1 performing operation 7 on task 57
124 Worker 4 processing task 58 requiring operations [5, 7]
124 Worker 4 forwarding task 58
124 Worker 2 processing task 59 requiring operations [1]
124 Worker 2 forwarding task 59
124 Worker 3 processing task 62 requiring operations [9, 3, 5]
124 Worker 3 performing operation 3 on task 62
125 Worker 1 accepting task 57
125 Worker 3 accepting task 58
125 Worker 1 accepting task 59
125 Worker 3 accepting task 62
125 Worker 1 processing task 50 requiring operations [3]
125 Worker 1 forwarding task 50
125 Worker 4 processing task 33 requiring operations [7]
125 Worker 4 forwarding task 33
125 Worker 3 processing task 49 requiring operations [3]
125 Worker 3 performing operation 3 on task 49
126 Generated task 63
126 Worker 3 accepting task 63
126 Worker 3 accepting task 50
126 Worker 3 accepting task 33
126 Task 49 completed!
126 Worker 1 processing task 56 requiring operations [5, 3]
126 Worker 1 forwarding task 56
126 Worker 4 processing task 47 requiring operations [5, 2]
126 Worker 4 forwarding task 47
126 Worker 3 processing task 58 requiring operations [5, 7]
126 Worker 3 forwarding task 58
127 Worker 4 accepting task 56
127 Worker 2 accepting task 47
127 Worker 0 accepting task 58
127 Worker 1 processing task 46 requiring operations [5]
127 Worker 1 forwarding task 46
127 Worker 4 processing task 54 requiring operations [1]
127 Worker 4 forwarding task 54
127 Worker 3 processing task 62 requiring operations [9, 5]
127 Worker 3 forwarding task 62
127 Worker 2 processing task 47 requiring operations [5, 2]
127 Worker 2 performing operation 5 on task 47
127 Worker 0 processing task 58 requiring operations [5, 7]
127 Worker 0 forwarding task 58
128 Generated task 64
128 Worker 0 accepting task 64
128 Worker 4 accepting task 46
128 Worker 1 accepting task 54
128 Worker 2 accepting task 62
128 Worker 2 accepting task 47
128 Worker 1 accepting task 58
128 Worker 1 processing task 60 requiring operations [6, 7, 5]
128 Worker 1 performing operation 7 on task 60
128 Worker 4 processing task 56 requiring operations [5, 3]
128 Worker 4 forwarding task 56
128 Worker 3 processing task 63 requiring operations [3, 9, 4]
128 Worker 3 performing operation 3 on task 63
128 Worker 2 processing task 62 requiring operations [9, 5]
128 Worker 2 performing operation 5 on task 62
128 Worker 0 processing task 64 requiring operations [10, 9, 3]
128 Worker 0 forwarding task 64
129 Worker 1 accepting task 60
129 Worker 3 accepting task 56
129 Worker 3 accepting task 63
129 Worker 2 accepting task 62
129 Worker 4 accepting task 64
129 Worker 1 processing task 61 requiring operations [1, 4, 3]
129 Worker 1 performing operation 4 on task 61
129 Worker 4 processing task 46 requiring operations [5]
129 Worker 4 forwarding task 46
129 Worker 3 processing task 50 requiring operations [3]
129 Worker 3 performing operation 3 on task 50
129 Worker 2 processing task 47 requiring operations [2]
129 Worker 2 performing operation 2 on task 47
130 Generated task 65
130 Worker 4 accepting task 65
130 Worker 1 accepting task 61
130 Worker 3 accepting task 46
130 Task 50 completed!
130 Task 47 completed!
130 Worker 1 processing task 48 requiring operations [3]
130 Worker 1 forwarding task 48
130 Worker 4 processing task 64 requiring operations [10, 9, 3]
130 Worker 4 performing operation 9 on task 64
130 Worker 3 processing task 33 requiring operations [7]
130 Worker 3 forwarding task 33
130 Worker 2 processing task 62 requiring operations [9]
130 Worker 2 forwarding task 62
131 Worker 0 accepting task 48
131 Worker 4 accepting task 64
131 Worker 2 accepting task 33
131 Worker 3 accepting task 62
131 Worker 1 processing task 55 requiring operations [1]
131 Worker 1 forwarding task 55
131 Worker 4 processing task 65 requiring operations [3, 2, 4]
131 Worker 4 forwarding task 65
131 Worker 3 processing task 56 requiring operations [5, 3]
131 Worker 3 performing operation 3 on task 56
131 Worker 2 processing task 33 requiring operations [7]
131 Worker 2 forwarding task 33
131 Worker 0 processing task 48 requiring operations [3]
131 Worker 0 forwarding task 48
132 Generated task 66
132 Worker 4 accepting task 66
132 Worker 4 accepting task 55
132 Worker 2 accepting task 65
132 Worker 3 accepting task 56
132 Worker 0 accepting task 33
132 Worker 4 accepting task 48
132 Worker 1 processing task 57 requiring operations [10]
132 Worker 1 forwarding task 57
132 Worker 4 processing task 64 requiring operations [10, 3]
132 Worker 4 performing operation 10 on task 64
132 Worker 3 processing task 63 requiring operations [9, 4]
132 Worker 3 forwarding task 63
132 Worker 2 processing task 65 requiring operations [3, 2, 4]
132 Worker 2 performing operation 2 on task 65
132 Worker 0 processing task 33 requiring operations [7]
132 Worker 0 forwarding task 33
133 Worker 3 accepting task 57
133 Worker 4 accepting task 64
133 Worker 4 accepting task 63
133 Worker 2 accepting task 65
133 Worker 4 accepting task 33
133 Worker 1 processing task 59 requiring operations [1]
133 Worker 1 forwarding task 59
133 Worker 4 processing task 66 requiring operations [6, 1, 5]
133 Worker 4 performing operation 6 on task 66
133 Worker 3 processing task 46 requiring operations [5]
133 Worker 3 forwarding task 46
133 Worker 2 processing task 65 requiring operations [3, 4]
133 Worker 2 forwarding task 65
134 Generated task 67
134 Worker 3 accepting task 67
134 Worker 2 accepting task 59
134 Worker 4 accepting task 66
134 Worker 2 accepting task 46
134 Worker 1 accepting task 65
134 Worker 1 processing task 54 requiring operations [1]
134 Worker 1 forwarding task 54
134 Worker 4 processing task 55 requiring operations [1]
134 Worker 4 forwarding task 55
134 Worker 3 processing task 62 requiring operations [9]
134 Worker 3 forwarding task 62
134 Worker 2 processing task 59 requiring operations [1]
134 Worker 2 forwarding task 59
135 Worker 0 accepting task 54
135 Worker 2 accepting task 55
135 Worker 4 accepting task 62
135 Worker 1 accepting task 59
135 Worker 1 processing task 58 requiring operations [5, 7]
135 Worker 1 performing operation 7 on task 58
135 Worker 4 processing task 48 requiring operations [3]
135 Worker 4 forwarding task 48
135 Worker 3 processing task 56 requiring operations [5]
135 Worker 3 forwarding task 56
135 Worker 2 processing task 46 requiring operations [5]
135 Worker 2 performing operation 5 on task 46
135 Worker 0 processing task 54 requiring operations [1]
135 Worker 0 performing operation 1 on task 54
136 Generated task 68
136 Worker 0 accepting task 68
136 Worker 1 accepting task 58
136 Worker 3 accepting task 48
136 Worker 2 accepting task 56
136 Task 46 completed!
136 Task 54 completed!
136 Worker 1 processing task 60 requiring operations [6, 5]
136 Worker 1 forwarding task 60
136 Worker 4 processing task 64 requiring operations [3]
136 Worker 4 forwarding task 64
136 Worker 3 processing task 57 requiring operations [10]
136 Worker 3 performing operation 10 on task 57
136 Worker 2 processing task 55 requiring operations [1]
136 Worker 2 forwarding task 55
136 Worker 0 processing task 68 requiring operations [1, 7, 5]
136 Worker 0 performing operation 1 on task 68
137 Worker 3 accepting task 60
137 Worker 2 accepting task 64
137 Task 57 completed!
137 Worker 0 accepting task 55
137 Worker 0 accepting task 68
137 Worker 1 processing task 61 requiring operations [1, 3]
137 Worker 1 forwarding task 61
137 Worker 4 processing task 63 requiring operations [9, 4]
137 Worker 4 performing operation 9 on task 63
137 Worker 3 processing task 67 requiring operations [3, 8, 7]
137 Worker 3 performing operation 8 on task 67
137 Worker 2 processing task 56 requiring operations [5]
137 Worker 2 performing operation 5 on task 56
137 Worker 0 processing task 55 requiring operations [1]
137 Worker 0 performing operation 1 on task 55
138 Generated task 69
138 Worker 3 accepting task 69
138 Worker 4 accepting task 61
138 Worker 4 accepting task 63
138 Worker 3 accepting task 67
138 Task 56 completed!
138 Task 55 completed!
138 Worker 1 processing task 65 requiring operations [3, 4]
138 Worker 1 performing operation 4 on task 65
138 Worker 4 processing task 33 requiring operations [7]
138 Worker 4 forwarding task 33
138 Worker 3 processing task 48 requiring operations [3]
138 Worker 3 performing operation 3 on task 48
138 Worker 2 processing task 64 requiring operations [3]
138 Worker 2 forwarding task 64
138 Worker 0 processing task 68 requiring operations [7, 5]
138 Worker 0 forwarding task 68
139 Worker 1 accepting task 65
139 Worker 1 accepting task 33
139 Task 48 completed!
139 Worker 0 accepting task 64
139 Worker 2 accepting task 68
139 Worker 1 processing task 59 requiring operations [1]
139 Worker 1 forwarding task 59
139 Worker 4 processing task 66 requiring operations [1, 5]
139 Worker 4 forwarding task 66
139 Worker 3 processing task 60 requiring operations [6, 5]
139 Worker 3 forwarding task 60
139 Worker 0 processing task 64 requiring operations [3]
139 Worker 0 forwarding task 64
139 Worker 2 processing task 68 requiring operations [7, 5]
139 Worker 2 performing operation 5 on task 68
140 Generated task 70
140 Worker 1 accepting task 70
140 Worker 4 accepting task 59
140 Worker 3 accepting task 66
140 Worker 1 accepting task 60
140 Worker 4 accepting task 64
140 Worker 2 accepting task 68
140 Worker 1 processing task 58 requiring operations [5]
140 Worker 1 forwarding task 58
140 Worker 4 processing task 62 requiring operations [9]
140 Worker 4 performing operation 9 on task 62
140 Worker 3 processing task 69 requiring operations [3, 9, 1]
140 Worker 3 performing operation 1 on task 69
140 Worker 2 processing task 68 requiring operations [7]
140 Worker 2 forwarding task 68
