Worker 0 can perform operations {1, 3, 5}
Worker 1 can perform operations {1, 2, 4, 7, 10}
Worker 2 can perform operations {8}
Worker 3 can perform operations {9, 6, 1}
Worker 4 can perform operations {1, 7}
Building network type full-connect
Worker 0 connecting to worker 1
Worker 0 connecting to worker 2
Worker 0 connecting to worker 3
Worker 0 connecting to worker 4
Worker 1 connecting to worker 0
Worker 1 connecting to worker 2
Worker 1 connecting to worker 3
Worker 1 connecting to worker 4
Worker 2 connecting to worker 0
Worker 2 connecting to worker 1
Worker 2 connecting to worker 3
Worker 2 connecting to worker 4
Worker 3 connecting to worker 0
Worker 3 connecting to worker 1
Worker 3 connecting to worker 2
Worker 3 connecting to worker 4
Worker 4 connecting to worker 0
Worker 4 connecting to worker 1
Worker 4 connecting to worker 2
Worker 4 connecting to worker 3
Entry nodes are [0, 1, 2, 3, 4]
0 Generated task 0
0 Worker 0 accepting task 0
0 Worker 0 processing task 0 requiring operations [6, 1, 2]
0 Worker 0 performing operation 1 on task 0
1 Worker 0 accepting task 0
1 Worker 0 processing task 0 requiring operations [6, 2]
1 Worker 0 forwarding task 0
2 Generated task 1
2 Worker 2 accepting task 1
2 Worker 1 accepting task 0
2 Worker 2 processing task 1 requiring operations [2, 10, 7]
2 Worker 2 forwarding task 1
2 Worker 1 processing task 0 requiring operations [6, 2]
2 Worker 1 performing operation 2 on task 0
3 Worker 4 accepting task 1
3 Worker 1 accepting task 0
3 Worker 1 processing task 0 requiring operations [6]
3 Worker 1 forwarding task 0
3 Worker 4 processing task 1 requiring operations [2, 10, 7]
3 Worker 4 performing operation 7 on task 1
4 Generated task 2
4 Worker 0 accepting task 2
4 Worker 0 accepting task 0
4 Worker 4 accepting task 1
4 Worker 4 processing task 1 requiring operations [2, 10]
4 Worker 4 forwarding task 1
4 Worker 0 processing task 2 requiring operations [8, 1, 9]
4 Worker 0 performing operation 1 on task 2
5 Worker 0 accepting task 1
5 Worker 0 accepting task 2
5 Worker 0 processing task 0 requiring operations [6]
5 Worker 0 forwarding task 0
6 Generated task 3
6 Worker 0 accepting task 3
6 Worker 1 accepting task 0
6 Worker 0 processing task 1 requiring operations [2, 10]
6 Worker 0 forwarding task 1
6 Worker 1 processing task 0 requiring operations [6]
6 Worker 1 forwarding task 0
7 Worker 3 accepting task 1
7 Worker 4 accepting task 0
7 Worker 0 processing task 2 requiring operations [8, 9]
7 Worker 0 forwarding task 2
7 Worker 3 processing task 1 requiring operations [2, 10]
7 Worker 3 forwarding task 1
7 Worker 4 processing task 0 requiring operations [6]
7 Worker 4 forwarding task 0
8 Generated task 4
8 Worker 4 accepting task 4
8 Worker 2 accepting task 2
8 Worker 2 accepting task 1
8 Worker 1 accepting task 0
8 Worker 0 processing task 3 requiring operations [6, 7, 3]
8 Worker 0 performing operation 3 on task 3
8 Worker 4 processing task 4 requiring operations [7, 6, 2]
8 Worker 4 performing operation 7 on task 4
8 Worker 2 processing task 2 requiring operations [8, 9]
8 Worker 2 performing operation 8 on task 2
8 Worker 1 processing task 0 requiring operations [6]
8 Worker 1 forwarding task 0
9 Worker 0 accepting task 3
9 Worker 4 accepting task 4
9 Worker 2 accepting task 2
9 Worker 4 accepting task 0
9 Worker 0 processing task 3 requiring operations [6, 7]
9 Worker 0 forwarding task 3
9 Worker 4 processing task 4 requiring operations [6, 2]
9 Worker 4 forwarding task 4
9 Worker 2 processing task 1 requiring operations [2, 10]
9 Worker 2 forwarding task 1
10 Generated task 5
10 Worker 4 accepting task 5
10 Worker 3 accepting task 3
10 Worker 2 accepting task 4
10 Worker 1 accepting task 1
10 Worker 4 processing task 0 requiring operations [6]
10 Worker 4 forwarding task 0
10 Worker 2 processing task 2 requiring operations [9]
10 Worker 2 forwarding task 2
10 Worker 3 processing task 3 requiring operations [6, 7]
10 Worker 3 performing operation 6 on task 3
10 Worker 1 processing task 1 requiring operations [2, 10]
10 Worker 1 performing operation 10 on task 1
11 Worker 2 accepting task 0
11 Worker 0 accepting task 2
11 Worker 3 accepting task 3
11 Worker 1 accepting task 1
11 Worker 4 processing task 5 requiring operations [1, 3, 4]
11 Worker 4 performing operation 1 on task 5
11 Worker 2 processing task 4 requiring operations [6, 2]
11 Worker 2 forwarding task 4
11 Worker 3 processing task 3 requiring operations [7]
11 Worker 3 forwarding task 3
11 Worker 1 processing task 1 requiring operations [2]
11 Worker 1 performing operation 2 on task 1
11 Worker 0 processing task 2 requiring operations [9]
11 Worker 0 forwarding task 2
12 Generated task 6
12 Worker 2 accepting task 6
12 Worker 4 accepting task 5
12 Worker 0 accepting task 4
12 Worker 1 accepting task 3
12 Task 1 completed!
12 Worker 1 accepting task 2
12 Worker 4 processing task 5 requiring operations [3, 4]
12 Worker 4 forwarding task 5
12 Worker 2 processing task 0 requiring operations [6]
12 Worker 2 forwarding task 0
12 Worker 1 processing task 3 requiring operations [7]
12 Worker 1 performing operation 7 on task 3
12 Worker 0 processing task 4 requiring operations [6, 2]
12 Worker 0 forwarding task 4
13 Worker 3 accepting task 5
13 Worker 4 accepting task 0
13 Task 3 completed!
13 Worker 2 accepting task 4
13 Worker 2 processing task 6 requiring operations [1, 9, 5]
13 Worker 2 forwarding task 6
13 Worker 1 processing task 2 requiring operations [9]
13 Worker 1 forwarding task 2
13 Worker 3 processing task 5 requiring operations [3, 4]
13 Worker 3 forwarding task 5
13 Worker 4 processing task 0 requiring operations [6]
13 Worker 4 forwarding task 0
14 Generated task 7
14 Worker 2 accepting task 7
14 Worker 0 accepting task 6
14 Worker 2 accepting task 2
14 Worker 2 accepting task 5
14 Worker 2 accepting task 0
14 Worker 2 processing task 4 requiring operations [6, 2]
14 Worker 2 forwarding task 4
14 Worker 0 processing task 6 requiring operations [1, 9, 5]
14 Worker 0 performing operation 1 on task 6
15 Worker 3 accepting task 4
15 Worker 0 accepting task 6
15 Worker 2 processing task 7 requiring operations [9, 8, 3]
15 Worker 2 performing operation 8 on task 7
15 Worker 0 processing task 6 requiring operations [9, 5]
15 Worker 0 performing operation 5 on task 6
15 Worker 3 processing task 4 requiring operations [6, 2]
15 Worker 3 performing operation 6 on task 4
16 Generated task 8
16 Worker 0 accepting task 8
16 Worker 2 accepting task 7
16 Worker 0 accepting task 6
16 Worker 3 accepting task 4
16 Worker 2 processing task 2 requiring operations [9]
16 Worker 2 forwarding task 2
16 Worker 0 processing task 8 requiring operations [5, 4, 6]
16 Worker 0 performing operation 5 on task 8
16 Worker 3 processing task 4 requiring operations [2]
16 Worker 3 forwarding task 4
17 Worker 3 accepting task 2
17 Worker 0 accepting task 8
17 Worker 0 accepting task 4
17 Worker 2 processing task 5 requiring operations [3, 4]
17 Worker 2 forwarding task 5
17 Worker 0 processing task 6 requiring operations [9]
17 Worker 0 forwarding task 6
17 Worker 3 processing task 2 requiring operations [9]
17 Worker 3 performing operation 9 on task 2
18 Generated task 9
18 Worker 2 accepting task 9
18 Worker 1 accepting task 5
18 Worker 1 accepting task 6
18 Task 2 completed!
18 Worker 2 processing task 0 requiring operations [6]
18 Worker 2 forwarding task 0
18 Worker 0 processing task 8 requiring operations [4, 6]
18 Worker 0 forwarding task 8
18 Worker 1 processing task 5 requiring operations [3, 4]
18 Worker 1 performing operation 4 on task 5
19 Worker 4 accepting task 0
19 Worker 2 accepting task 8
19 Worker 1 accepting task 5
19 Worker 2 processing task 7 requiring operations [9, 3]
19 Worker 2 forwarding task 7
19 Worker 0 processing task 4 requiring operations [2]
19 Worker 0 forwarding task 4
19 Worker 1 processing task 6 requiring operations [9]
19 Worker 1 forwarding task 6
19 Worker 4 processing task 0 requiring operations [6]
19 Worker 4 forwarding task 0
20 Generated task 10
20 Worker 4 accepting task 10
20 Worker 0 accepting task 7
20 Worker 3 accepting task 4
20 Worker 4 accepting task 6
20 Worker 2 accepting task 0
20 Worker 2 processing task 9 requiring operations [4, 6, 3]
20 Worker 2 forwarding task 9
20 Worker 0 processing task 7 requiring operations [9, 3]
20 Worker 0 performing operation 3 on task 7
20 Worker 1 processing task 5 requiring operations [3]
20 Worker 1 forwarding task 5
20 Worker 4 processing task 10 requiring operations [7, 3, 8]
20 Worker 4 performing operation 7 on task 10
20 Worker 3 processing task 4 requiring operations [2]
20 Worker 3 forwarding task 4
21 Worker 1 accepting task 9
21 Worker 0 accepting task 7
21 Worker 4 accepting task 5
21 Worker 4 accepting task 10
21 Worker 1 accepting task 4
21 Worker 2 processing task 8 requiring operations [4, 6]
21 Worker 2 forwarding task 8
21 Worker 0 processing task 7 requiring operations [9]
21 Worker 0 forwarding task 7
21 Worker 1 processing task 9 requiring operations [4, 6, 3]
21 Worker 1 performing operation 4 on task 9
21 Worker 4 processing task 6 requiring operations [9]
21 Worker 4 forwarding task 6
22 Generated task 11
22 Worker 3 accepting task 11
22 Worker 0 accepting task 8
22 Worker 4 accepting task 7
22 Worker 1 accepting task 9
22 Worker 0 accepting task 6
22 Worker 2 processing task 0 requiring operations [6]
22 Worker 2 forwarding task 0
22 Worker 0 processing task 8 requiring operations [4, 6]
22 Worker 0 forwarding task 8
22 Worker 1 processing task 4 requiring operations [2]
22 Worker 1 performing operation 2 on task 4
22 Worker 4 processing task 5 requiring operations [3]
22 Worker 4 forwarding task 5
22 Worker 3 processing task 11 requiring operations [9, 10, 2]
22 Worker 3 performing operation 9 on task 11
23 Worker 4 accepting task 0
23 Worker 3 accepting task 8
23 Task 4 completed!
23 Worker 2 accepting task 5
23 Worker 3 accepting task 11
23 Worker 0 processing task 6 requiring operations [9]
23 Worker 0 forwarding task 6
23 Worker 1 processing task 9 requiring operations [6, 3]
23 Worker 1 forwarding task 9
23 Worker 4 processing task 10 requiring operations [3, 8]
23 Worker 4 forwarding task 10
23 Worker 3 processing task 8 requiring operations [4, 6]
23 Worker 3 performing operation 6 on task 8
23 Worker 2 processing task 5 requiring operations [3]
23 Worker 2 forwarding task 5
24 Generated task 12
24 Worker 3 accepting task 12
24 Worker 1 accepting task 6
24 Worker 0 accepting task 9
24 Worker 3 accepting task 10
24 Worker 3 accepting task 8
24 Worker 0 accepting task 5
24 Worker 1 processing task 6 requiring operations [9]
24 Worker 1 forwarding task 6
24 Worker 4 processing task 7 requiring operations [9]
24 Worker 4 forwarding task 7
24 Worker 3 processing task 11 requiring operations [10, 2]
24 Worker 3 forwarding task 11
24 Worker 0 processing task 9 requiring operations [6, 3]
24 Worker 0 performing operation 3 on task 9
25 Worker 4 accepting task 6
25 Worker 3 accepting task 7
25 Worker 1 accepting task 11
25 Worker 0 accepting task 9
25 Worker 4 processing task 0 requiring operations [6]
25 Worker 4 forwarding task 0
25 Worker 3 processing task 12 requiring operations [5, 4, 1]
25 Worker 3 performing operation 1 on task 12
25 Worker 0 processing task 5 requiring operations [3]
25 Worker 0 performing operation 3 on task 5
25 Worker 1 processing task 11 requiring operations [10, 2]
25 Worker 1 performing operation 10 on task 11
26 Generated task 13
26 Worker 1 accepting task 13
26 Worker 0 accepting task 0
26 Worker 3 accepting task 12
26 Task 5 completed!
26 Worker 1 accepting task 11
26 Worker 4 processing task 6 requiring operations [9]
26 Worker 4 forwarding task 6
26 Worker 3 processing task 10 requiring operations [3, 8]
26 Worker 3 forwarding task 10
26 Worker 0 processing task 9 requiring operations [6]
26 Worker 0 forwarding task 9
26 Worker 1 processing task 13 requiring operations [6, 9, 7]
26 Worker 1 performing operation 7 on task 13
27 Worker 0 accepting task 6
27 Worker 1 accepting task 10
27 Worker 4 accepting task 9
27 Worker 1 accepting task 13
27 Worker 3 processing task 8 requiring operations [4]
27 Worker 3 forwarding task 8
27 Worker 0 processing task 0 requiring operations [6]
27 Worker 0 forwarding task 0
27 Worker 1 processing task 11 requiring operations [2]
27 Worker 1 performing operation 2 on task 11
27 Worker 4 processing task 9 requiring operations [6]
27 Worker 4 forwarding task 9
28 Generated task 14
28 Worker 0 accepting task 14
28 Worker 4 accepting task 8
28 Worker 3 accepting task 0
28 Task 11 completed!
28 Worker 3 accepting task 9
28 Worker 3 processing task 7 requiring operations [9]
28 Worker 3 performing operation 9 on task 7
28 Worker 0 processing task 6 requiring operations [9]
28 Worker 0 forwarding task 6
28 Worker 1 processing task 10 requiring operations [3, 8]
28 Worker 1 forwarding task 10
28 Worker 4 processing task 8 requiring operations [4]
28 Worker 4 forwarding task 8
29 Task 7 completed!
29 Worker 4 accepting task 6
29 Worker 4 accepting task 10
29 Worker 3 accepting task 8
29 Worker 3 processing task 12 requiring operations [5, 4]
29 Worker 3 forwarding task 12
29 Worker 0 processing task 14 requiring operations [1, 4, 5]
29 Worker 0 performing operation 1 on task 14
29 Worker 1 processing task 13 requiring operations [6, 9]
29 Worker 1 forwarding task 13
29 Worker 4 processing task 6 requiring operations [9]
29 Worker 4 forwarding task 6
30 Generated task 15
30 Worker 2 accepting task 15
30 Worker 2 accepting task 12
30 Worker 0 accepting task 14
30 Worker 2 accepting task 13
30 Worker 2 accepting task 6
30 Worker 3 processing task 0 requiring operations [6]
30 Worker 3 performing operation 6 on task 0
30 Worker 0 processing task 14 requiring operations [4, 5]
30 Worker 0 performing operation 5 on task 14
30 Worker 4 processing task 10 requiring operations [3, 8]
30 Worker 4 forwarding task 10
30 Worker 2 processing task 15 requiring operations [1, 4, 3]
30 Worker 2 forwarding task 15
31 Task 0 completed!
31 Worker 0 accepting task 14
31 Worker 2 accepting task 10
31 Worker 3 accepting task 15
31 Worker 3 processing task 9 requiring operations [6]
31 Worker 3 performing operation 6 on task 9
31 Worker 0 processing task 14 requiring operations [4]
31 Worker 0 forwarding task 14
31 Worker 2 processing task 12 requiring operations [5, 4]
31 Worker 2 forwarding task 12
32 Generated task 16
32 Worker 3 accepting task 16
32 Task 9 completed!
32 Worker 4 accepting task 14
32 Worker 1 accepting task 12
32 Worker 3 processing task 8 requiring operations [4]
32 Worker 3 forwarding task 8
32 Worker 2 processing task 13 requiring operations [6, 9]
32 Worker 2 forwarding task 13
32 Worker 4 processing task 14 requiring operations [4]
32 Worker 4 forwarding task 14
32 Worker 1 processing task 12 requiring operations [5, 4]
32 Worker 1 performing operation 4 on task 12
33 Worker 1 accepting task 8
33 Worker 3 accepting task 13
33 Worker 2 accepting task 14
33 Worker 1 accepting task 12
33 Worker 3 processing task 15 requiring operations [1, 4, 3]
33 Worker 3 performing operation 1 on task 15
33 Worker 2 processing task 6 requiring operations [9]
33 Worker 2 forwarding task 6
33 Worker 1 processing task 8 requiring operations [4]
33 Worker 1 performing operation 4 on task 8
34 Generated task 17
34 Worker 2 accepting task 17
34 Worker 3 accepting task 15
34 Worker 0 accepting task 6
34 Task 8 completed!
34 Worker 3 processing task 16 requiring operations [2, 1, 10]
34 Worker 3 performing operation 1 on task 16
34 Worker 2 processing task 10 requiring operations [3, 8]
34 Worker 2 performing operation 8 on task 10
34 Worker 1 processing task 12 requiring operations [5]
34 Worker 1 forwarding task 12
34 Worker 0 processing task 6 requiring operations [9]
34 Worker 0 forwarding task 6
35 Worker 3 accepting task 16
35 Worker 2 accepting task 10
35 Worker 2 accepting task 12
35 Worker 1 accepting task 6
35 Worker 3 processing task 13 requiring operations [6, 9]
35 Worker 3 performing operation 9 on task 13
35 Worker 2 processing task 14 requiring operations [4]
35 Worker 2 forwarding task 14
35 Worker 1 processing task 6 requiring operations [9]
35 Worker 1 forwarding task 6
36 Generated task 18
36 Worker 4 accepting task 18
36 Worker 3 accepting task 13
36 Worker 4 accepting task 14
36 Worker 0 accepting task 6
36 Worker 3 processing task 15 requiring operations [4, 3]
36 Worker 3 forwarding task 15
36 Worker 2 processing task 17 requiring operations [7, 1, 6]
36 Worker 2 forwarding task 17
36 Worker 4 processing task 18 requiring operations [6, 7, 10]
36 Worker 4 performing operation 7 on task 18
36 Worker 0 processing task 6 requiring operations [9]
36 Worker 0 forwarding task 6
37 Worker 4 accepting task 15
37 Worker 4 accepting task 17
37 Worker 4 accepting task 18
37 Worker 1 accepting task 6
37 Worker 3 processing task 16 requiring operations [2, 10]
37 Worker 3 forwarding task 16
37 Worker 2 processing task 10 requiring operations [3]
37 Worker 2 forwarding task 10
37 Worker 4 processing task 14 requiring operations [4]
37 Worker 4 forwarding task 14
37 Worker 1 processing task 6 requiring operations [9]
37 Worker 1 forwarding task 6
38 Generated task 19
38 Worker 1 accepting task 19
38 Worker 1 accepting task 16
38 Worker 1 accepting task 10
38 Worker 0 accepting task 14
38 Worker 3 accepting task 6
38 Worker 3 processing task 13 requiring operations [6]
38 Worker 3 performing operation 6 on task 13
38 Worker 2 processing task 12 requiring operations [5]
38 Worker 2 forwarding task 12
38 Worker 4 processing task 15 requiring operations [4, 3]
38 Worker 4 forwarding task 15
38 Worker 1 processing task 19 requiring operations [3, 7, 10]
38 Worker 1 performing operation 10 on task 19
38 Worker 0 processing task 14 requiring operations [4]
38 Worker 0 forwarding task 14
39 Task 13 completed!
39 Worker 0 accepting task 12
39 Worker 2 accepting task 15
39 Worker 1 accepting task 19
39 Worker 1 accepting task 14
39 Worker 3 processing task 6 requiring operations [9]
39 Worker 3 performing operation 9 on task 6
39 Worker 4 processing task 17 requiring operations [7, 1, 6]
39 Worker 4 performing operation 1 on task 17
39 Worker 1 processing task 16 requiring operations [2, 10]
39 Worker 1 performing operation 10 on task 16
39 Worker 0 processing task 12 requiring operations [5]
39 Worker 0 performing operation 5 on task 12
39 Worker 2 processing task 15 requiring operations [4, 3]
39 Worker 2 forwarding task 15
40 Generated task 20
40 Worker 1 accepting task 20
40 Task 6 completed!
40 Worker 4 accepting task 17
40 Worker 1 accepting task 16
40 Task 12 completed!
40 Worker 0 accepting task 15
40 Worker 4 processing task 18 requiring operations [6, 10]
40 Worker 4 forwarding task 18
40 Worker 1 processing task 10 requiring operations [3]
40 Worker 1 forwarding task 10
40 Worker 0 processing task 15 requiring operations [4, 3]
40 Worker 0 performing operation 3 on task 15
41 Worker 0 accepting task 18
41 Worker 3 accepting task 10
41 Worker 0 accepting task 15
41 Worker 4 processing task 17 requiring operations [7, 6]
41 Worker 4 performing operation 7 on task 17
41 Worker 1 processing task 19 requiring operations [3, 7]
41 Worker 1 performing operation 7 on task 19
41 Worker 0 processing task 18 requiring operations [6, 10]
41 Worker 0 forwarding task 18
41 Worker 3 processing task 10 requiring operations [3]
41 Worker 3 forwarding task 10
42 Generated task 21
42 Worker 3 accepting task 21
42 Worker 4 accepting task 17
42 Worker 1 accepting task 19
42 Worker 1 accepting task 18
42 Worker 1 accepting task 10
42 Worker 4 processing task 17 requiring operations [6]
42 Worker 4 forwarding task 17
42 Worker 1 processing task 14 requiring operations [4]
42 Worker 1 performing operation 4 on task 14
42 Worker 0 processing task 15 requiring operations [4]
42 Worker 0 forwarding task 15
42 Worker 3 processing task 21 requiring operations [10, 1, 7]
42 Worker 3 performing operation 1 on task 21
43 Worker 1 accepting task 17
43 Task 14 completed!
43 Worker 1 accepting task 15
43 Worker 3 accepting task 21
43 Worker 1 processing task 20 requiring operations [6, 8, 7]
43 Worker 1 performing operation 7 on task 20
43 Worker 3 processing task 21 requiring operations [10, 7]
43 Worker 3 forwarding task 21
44 Generated task 22
44 Worker 4 accepting task 22
44 Worker 1 accepting task 20
44 Worker 4 accepting task 21
44 Worker 1 processing task 16 requiring operations [2]
44 Worker 1 performing operation 2 on task 16
44 Worker 4 processing task 22 requiring operations [7, 10, 3]
44 Worker 4 performing operation 7 on task 22
45 Task 16 completed!
45 Worker 4 accepting task 22
45 Worker 1 processing task 19 requiring operations [3]
45 Worker 1 forwarding task 19
45 Worker 4 processing task 21 requiring operations [10, 7]
45 Worker 4 performing operation 7 on task 21
46 Generated task 23
46 Worker 3 accepting task 23
46 Worker 4 accepting task 19
46 Worker 4 accepting task 21
46 Worker 1 processing task 18 requiring operations [6, 10]
46 Worker 1 performing operation 10 on task 18
46 Worker 4 processing task 22 requiring operations [10, 3]
46 Worker 4 forwarding task 22
46 Worker 3 processing task 23 requiring operations [5, 8, 7]
46 Worker 3 forwarding task 23
47 Worker 1 accepting task 18
47 Worker 1 accepting task 22
47 Worker 1 accepting task 23
47 Worker 1 processing task 10 requiring operations [3]
47 Worker 1 forwarding task 10
47 Worker 4 processing task 19 requiring operations [3]
47 Worker 4 forwarding task 19
48 Generated task 24
48 Worker 0 accepting task 24
48 Worker 4 accepting task 10
48 Worker 3 accepting task 19
48 Worker 1 processing task 17 requiring operations [6]
48 Worker 1 forwarding task 17
48 Worker 4 processing task 21 requiring operations [10]
48 Worker 4 forwarding task 21
48 Worker 0 processing task 24 requiring operations [8, 3, 5]
48 Worker 0 performing operation 3 on task 24
48 Worker 3 processing task 19 requiring operations [3]
48 Worker 3 forwarding task 19
49 Worker 3 accepting task 17
49 Worker 1 accepting task 21
49 Worker 0 accepting task 24
49 Worker 0 accepting task 19
49 Worker 1 processing task 15 requiring operations [4]
49 Worker 1 performing operation 4 on task 15
49 Worker 4 processing task 10 requiring operations [3]
49 Worker 4 forwarding task 10
49 Worker 0 processing task 24 requiring operations [8, 5]
49 Worker 0 performing operation 5 on task 24
49 Worker 3 processing task 17 requiring operations [6]
49 Worker 3 performing operation 6 on task 17
50 Generated task 25
50 Worker 0 accepting task 25
50 Task 15 completed!
50 Worker 2 accepting task 10
50 Worker 0 accepting task 24
50 Task 17 completed!
50 Worker 1 processing task 20 requiring operations [6, 8]
50 Worker 1 forwarding task 20
50 Worker 0 processing task 19 requiring operations [3]
50 Worker 0 performing operation 3 on task 19
50 Worker 2 processing task 10 requiring operations [3]
50 Worker 2 forwarding task 10
51 Worker 0 accepting task 20
51 Task 19 completed!
51 Worker 0 accepting task 10
51 Worker 1 processing task 18 requiring operations [6]
51 Worker 1 forwarding task 18
51 Worker 0 processing task 25 requiring operations [9, 8, 1]
51 Worker 0 performing operation 1 on task 25
52 Generated task 26
52 Worker 3 accepting task 26
52 Worker 3 accepting task 18
52 Worker 0 accepting task 25
52 Worker 1 processing task 22 requiring operations [10, 3]
52 Worker 1 performing operation 10 on task 22
52 Worker 0 processing task 24 requiring operations [8]
52 Worker 0 forwarding task 24
52 Worker 3 processing task 26 requiring operations [5, 8, 9]
52 Worker 3 performing operation 9 on task 26
53 Worker 1 accepting task 22
53 Worker 4 accepting task 24
53 Worker 3 accepting task 26
53 Worker 1 processing task 23 requiring operations [5, 8, 7]
53 Worker 1 performing operation 7 on task 23
53 Worker 0 processing task 20 requiring operations [6, 8]
53 Worker 0 forwarding task 20
53 Worker 3 processing task 18 requiring operations [6]
53 Worker 3 performing operation 6 on task 18
53 Worker 4 processing task 24 requiring operations [8]
53 Worker 4 forwarding task 24
54 Generated task 27
54 Worker 2 accepting task 27
54 Worker 1 accepting task 23
54 Worker 2 accepting task 20
54 Task 18 completed!
54 Worker 0 accepting task 24
54 Worker 1 processing task 21 requiring operations [10]
54 Worker 1 performing operation 10 on task 21
54 Worker 0 processing task 10 requiring operations [3]
54 Worker 0 performing operation 3 on task 10
54 Worker 3 processing task 26 requiring operations [5, 8]
54 Worker 3 forwarding task 26
54 Worker 2 processing task 27 requiring operations [6, 1, 9]
54 Worker 2 forwarding task 27
55 Task 21 completed!
55 Task 10 completed!
55 Worker 1 accepting task 26
55 Worker 3 accepting task 27
55 Worker 1 processing task 22 requiring operations [3]
55 Worker 1 forwarding task 22
55 Worker 0 processing task 25 requiring operations [9, 8]
55 Worker 0 forwarding task 25
55 Worker 2 processing task 20 requiring operations [6, 8]
55 Worker 2 performing operation 8 on task 20
55 Worker 3 processing task 27 requiring operations [6, 1, 9]
55 Worker 3 performing operation 9 on task 27
56 Generated task 28
56 Worker 2 accepting task 28
56 Worker 0 accepting task 22
56 Worker 2 accepting task 25
56 Worker 2 accepting task 20
56 Worker 3 accepting task 27
56 Worker 1 processing task 23 requiring operations [5, 8]
56 Worker 1 forwarding task 23
56 Worker 0 processing task 24 requiring operations [8]
56 Worker 0 forwarding task 24
56 Worker 2 processing task 28 requiring operations [5, 10, 2]
56 Worker 2 forwarding task 28
56 Worker 3 processing task 27 requiring operations [6, 1]
56 Worker 3 performing operation 1 on task 27
57 Worker 4 accepting task 23
57 Worker 2 accepting task 24
57 Worker 3 accepting task 28
57 Worker 3 accepting task 27
57 Worker 1 processing task 26 requiring operations [5, 8]
57 Worker 1 forwarding task 26
57 Worker 0 processing task 22 requiring operations [3]
57 Worker 0 performing operation 3 on task 22
57 Worker 2 processing task 25 requiring operations [9, 8]
57 Worker 2 performing operation 8 on task 25
57 Worker 3 processing task 28 requiring operations [5, 10, 2]
57 Worker 3 forwarding task 28
57 Worker 4 processing task 23 requiring operations [5, 8]
57 Worker 4 forwarding task 23
58 Generated task 29
58 Worker 1 accepting task 29
58 Worker 3 accepting task 26
58 Task 22 completed!
58 Worker 2 accepting task 25
58 Worker 1 accepting task 28
58 Worker 1 accepting task 23
58 Worker 1 processing task 29 requiring operations [5, 8, 2]
58 Worker 1 performing operation 2 on task 29
58 Worker 2 processing task 20 requiring operations [6]
58 Worker 2 forwarding task 20
58 Worker 3 processing task 27 requiring operations [6]
58 Worker 3 performing operation 6 on task 27
59 Worker 1 accepting task 29
59 Worker 3 accepting task 20
59 Task 27 completed!
59 Worker 1 processing task 28 requiring operations [5, 10, 2]
59 Worker 1 performing operation 2 on task 28
59 Worker 2 processing task 24 requiring operations [8]
59 Worker 2 performing operation 8 on task 24
59 Worker 3 processing task 26 requiring operations [5, 8]
59 Worker 3 forwarding task 26
60 Generated task 30
60 Worker 2 accepting task 30
60 Worker 1 accepting task 28
60 Task 24 completed!
60 Worker 2 accepting task 26
60 Worker 1 processing task 23 requiring operations [5, 8]
60 Worker 1 forwarding task 23
60 Worker 2 processing task 25 requiring operations [9]
60 Worker 2 forwarding task 25
60 Worker 3 processing task 20 requiring operations [6]
60 Worker 3 performing operation 6 on task 20
61 Worker 3 accepting task 23
61 Worker 0 accepting task 25
61 Task 20 completed!
61 Worker 1 processing task 29 requiring operations [5, 8]
61 Worker 1 forwarding task 29
61 Worker 2 processing task 30 requiring operations [2, 7, 10]
61 Worker 2 forwarding task 30
61 Worker 3 processing task 23 requiring operations [5, 8]
61 Worker 3 forwarding task 23
61 Worker 0 processing task 25 requiring operations [9]
61 Worker 0 forwarding task 25
62 Generated task 31
62 Worker 0 accepting task 31
62 Worker 2 accepting task 29
62 Worker 3 accepting task 30
62 Worker 0 accepting task 23
62 Worker 1 accepting task 25
62 Worker 1 processing task 28 requiring operations [5, 10]
62 Worker 1 performing operation 10 on task 28
62 Worker 2 processing task 26 requiring operations [5, 8]
62 Worker 2 performing operation 8 on task 26
62 Worker 3 processing task 30 requiring operations [2, 7, 10]
62 Worker 3 forwarding task 30
62 Worker 0 processing task 31 requiring operations [5, 1, 4]
62 Worker 0 performing operation 1 on task 31
63 Worker 1 accepting task 28
63 Worker 2 accepting task 26
63 Worker 1 accepting task 30
63 Worker 0 accepting task 31
63 Worker 1 processing task 25 requiring operations [9]
63 Worker 1 forwarding task 25
63 Worker 2 processing task 29 requiring operations [5, 8]
63 Worker 2 performing operation 8 on task 29
63 Worker 0 processing task 23 requiring operations [5, 8]
63 Worker 0 performing operation 5 on task 23
64 Generated task 32
64 Worker 0 accepting task 32
64 Worker 2 accepting task 25
64 Worker 2 accepting task 29
64 Worker 0 accepting task 23
64 Worker 1 processing task 28 requiring operations [5]
64 Worker 1 forwarding task 28
64 Worker 2 processing task 26 requiring operations [5]
64 Worker 2 forwarding task 26
64 Worker 0 processing task 31 requiring operations [5, 4]
64 Worker 0 performing operation 5 on task 31
65 Worker 0 accepting task 28
65 Worker 3 accepting task 26
65 Worker 0 accepting task 31
65 Worker 1 processing task 30 requiring operations [2, 7, 10]
65 Worker 1 performing operation 10 on task 30
65 Worker 2 processing task 25 requiring operations [9]
65 Worker 2 forwarding task 25
65 Worker 0 processing task 32 requiring operations [3, 9, 5]
65 Worker 0 performing operation 5 on task 32
65 Worker 3 processing task 26 requiring operations [5]
65 Worker 3 forwarding task 26
66 Generated task 33
66 Worker 3 accepting task 33
66 Worker 1 accepting task 30
66 Worker 3 accepting task 25
66 Worker 0 accepting task 32
66 Worker 4 accepting task 26
66 Worker 1 processing task 30 requiring operations [2, 7]
66 Worker 1 performing operation 2 on task 30
66 Worker 2 processing task 29 requiring operations [5]
66 Worker 2 forwarding task 29
66 Worker 0 processing task 23 requiring operations [8]
66 Worker 0 forwarding task 23
66 Worker 3 processing task 33 requiring operations [8, 1, 7]
66 Worker 3 performing operation 1 on task 33
66 Worker 4 processing task 26 requiring operations [5]
66 Worker 4 forwarding task 26
67 Worker 1 accepting task 30
67 Worker 4 accepting task 29
67 Worker 4 accepting task 23
67 Worker 3 accepting task 33
67 Worker 3 accepting task 26
67 Worker 1 processing task 30 requiring operations [7]
67 Worker 1 performing operation 7 on task 30
67 Worker 0 processing task 28 requiring operations [5]
67 Worker 0 performing operation 5 on task 28
67 Worker 3 processing task 25 requiring operations [9]
67 Worker 3 performing operation 9 on task 25
67 Worker 4 processing task 29 requiring operations [5]
67 Worker 4 forwarding task 29
68 Generated task 34
68 Worker 1 accepting task 34
68 Task 30 completed!
68 Task 28 completed!
68 Task 25 completed!
68 Worker 0 accepting task 29
68 Worker 1 processing task 34 requiring operations [4, 10, 8]
68 Worker 1 performing operation 4 on task 34
68 Worker 0 processing task 31 requiring operations [4]
68 Worker 0 forwarding task 31
68 Worker 3 processing task 33 requiring operations [8, 7]
68 Worker 3 forwarding task 33
68 Worker 4 processing task 23 requiring operations [8]
68 Worker 4 forwarding task 23
69 Worker 1 accepting task 34
69 Worker 1 accepting task 31
69 Worker 0 accepting task 33
69 Worker 3 accepting task 23
69 Worker 1 processing task 34 requiring operations [10, 8]
69 Worker 1 performing operation 10 on task 34
69 Worker 0 processing task 32 requiring operations [3, 9]
69 Worker 0 performing operation 3 on task 32
69 Worker 3 processing task 26 requiring operations [5]
69 Worker 3 forwarding task 26
70 Generated task 35
70 Worker 1 accepting task 35
70 Worker 1 accepting task 34
70 Worker 0 accepting task 32
70 Worker 0 accepting task 26
70 Worker 1 processing task 31 requiring operations [4]
70 Worker 1 performing operation 4 on task 31
70 Worker 0 processing task 29 requiring operations [5]
70 Worker 0 performing operation 5 on task 29
70 Worker 3 processing task 23 requiring operations [8]
70 Worker 3 forwarding task 23
71 Task 31 completed!
71 Task 29 completed!
71 Worker 0 accepting task 23
71 Worker 1 processing task 35 requiring operations [7, 9, 5]
71 Worker 1 performing operation 7 on task 35
71 Worker 0 processing task 33 requiring operations [8, 7]
71 Worker 0 forwarding task 33
72 Generated task 36
72 Worker 1 accepting task 36
72 Worker 1 accepting task 35
72 Worker 2 accepting task 33
72 Worker 1 processing task 34 requiring operations [8]
72 Worker 1 forwarding task 34
72 Worker 0 processing task 32 requiring operations [9]
72 Worker 0 forwarding task 32
72 Worker 2 processing task 33 requiring operations [8, 7]
72 Worker 2 performing operation 8 on task 33
73 Worker 2 accepting task 34
73 Worker 2 accepting task 32
73 Worker 2 accepting task 33
73 Worker 1 processing task 36 requiring operations [5, 2, 10]
73 Worker 1 performing operation 10 on task 36
73 Worker 0 processing task 26 requiring operations [5]
73 Worker 0 performing operation 5 on task 26
73 Worker 2 processing task 34 requiring operations [8]
73 Worker 2 performing operation 8 on task 34
74 Generated task 37
74 Worker 0 accepting task 37
74 Worker 1 accepting task 36
74 Task 26 completed!
74 Task 34 completed!
74 Worker 1 processing task 35 requiring operations [9, 5]
74 Worker 1 forwarding task 35
74 Worker 0 processing task 23 requiring operations [8]
74 Worker 0 forwarding task 23
74 Worker 2 processing task 32 requiring operations [9]
74 Worker 2 forwarding task 32
75 Worker 2 accepting task 35
75 Worker 2 accepting task 23
75 Worker 0 accepting task 32
75 Worker 1 processing task 36 requiring operations [5, 2]
75 Worker 1 performing operation 2 on task 36
75 Worker 0 processing task 37 requiring operations [3, 4, 7]
75 Worker 0 performing operation 3 on task 37
75 Worker 2 processing task 33 requiring operations [7]
75 Worker 2 forwarding task 33
76 Generated task 38
76 Worker 2 accepting task 38
76 Worker 1 accepting task 36
76 Worker 0 accepting task 37
76 Worker 3 accepting task 33
76 Worker 1 processing task 36 requiring operations [5]
76 Worker 1 forwarding task 36
76 Worker 0 processing task 32 requiring operations [9]
76 Worker 0 forwarding task 32
76 Worker 2 processing task 35 requiring operations [9, 5]
76 Worker 2 forwarding task 35
76 Worker 3 processing task 33 requiring operations [7]
76 Worker 3 forwarding task 33
77 Worker 3 accepting task 36
77 Worker 4 accepting task 32
77 Worker 3 accepting task 35
77 Worker 0 accepting task 33
77 Worker 0 processing task 37 requiring operations [4, 7]
77 Worker 0 forwarding task 37
77 Worker 2 processing task 23 requiring operations [8]
77 Worker 2 performing operation 8 on task 23
77 Worker 3 processing task 36 requiring operations [5]
77 Worker 3 forwarding task 36
77 Worker 4 processing task 32 requiring operations [9]
77 Worker 4 forwarding task 32
78 Generated task 39
78 Worker 4 accepting task 39
78 Worker 3 accepting task 37
78 Task 23 completed!
78 Worker 4 accepting task 36
78 Worker 1 accepting task 32
78 Worker 0 processing task 33 requiring operations [7]
78 Worker 0 forwarding task 33
78 Worker 2 processing task 38 requiring operations [2, 4, 10]
78 Worker 2 forwarding task 38
78 Worker 3 processing task 35 requiring operations [9, 5]
78 Worker 3 performing operation 9 on task 35
78 Worker 4 processing task 39 requiring operations [1, 2, 8]
78 Worker 4 performing operation 1 on task 39
78 Worker 1 processing task 32 requiring operations [9]
78 Worker 1 forwarding task 32
79 Worker 1 accepting task 33
79 Worker 3 accepting task 38
79 Worker 3 accepting task 35
79 Worker 4 accepting task 39
79 Worker 0 accepting task 32
79 Worker 3 processing task 37 requiring operations [4, 7]
79 Worker 3 forwarding task 37
79 Worker 4 processing task 36 requiring operations [5]
79 Worker 4 forwarding task 36
79 Worker 1 processing task 33 requiring operations [7]
79 Worker 1 performing operation 7 on task 33
79 Worker 0 processing task 32 requiring operations [9]
79 Worker 0 forwarding task 32
80 Generated task 40
80 Worker 2 accepting task 40
80 Worker 2 accepting task 37
80 Worker 3 accepting task 36
80 Task 33 completed!
80 Worker 2 accepting task 32
80 Worker 3 processing task 38 requiring operations [2, 4, 10]
80 Worker 3 forwarding task 38
80 Worker 4 processing task 39 requiring operations [2, 8]
80 Worker 4 forwarding task 39
80 Worker 2 processing task 40 requiring operations [5, 2, 8]
80 Worker 2 performing operation 8 on task 40
81 Worker 0 accepting task 38
81 Worker 3 accepting task 39
81 Worker 2 accepting task 40
81 Worker 3 processing task 35 requiring operations [5]
81 Worker 3 forwarding task 35
81 Worker 2 processing task 37 requiring operations [4, 7]
81 Worker 2 forwarding task 37
81 Worker 0 processing task 38 requiring operations [2, 4, 10]
81 Worker 0 forwarding task 38
82 Generated task 41
82 Worker 0 accepting task 41
82 Worker 1 accepting task 35
82 Worker 1 accepting task 37
82 Worker 3 accepting task 38
82 Worker 3 processing task 36 requiring operations [5]
82 Worker 3 forwarding task 36
82 Worker 2 processing task 32 requiring operations [9]
82 Worker 2 forwarding task 32
82 Worker 0 processing task 41 requiring operations [9, 2, 7]
82 Worker 0 forwarding task 41
82 Worker 1 processing task 35 requiring operations [5]
82 Worker 1 forwarding task 35
83 Worker 2 accepting task 36
83 Worker 0 accepting task 32
83 Worker 1 accepting task 41
83 Worker 2 accepting task 35
83 Worker 3 processing task 39 requiring operations [2, 8]
83 Worker 3 forwarding task 39
83 Worker 2 processing task 40 requiring operations [5, 2]
83 Worker 2 forwarding task 40
83 Worker 0 processing task 32 requiring operations [9]
83 Worker 0 forwarding task 32
83 Worker 1 processing task 37 requiring operations [4, 7]
83 Worker 1 performing operation 4 on task 37
84 Generated task 42
84 Worker 3 accepting task 42
84 Worker 0 accepting task 39
84 Worker 1 accepting task 40
84 Worker 3 accepting task 32
84 Worker 1 accepting task 37
84 Worker 3 processing task 38 requiring operations [2, 4, 10]
84 Worker 3 forwarding task 38
84 Worker 2 processing task 36 requiring operations [5]
84 Worker 2 forwarding task 36
84 Worker 0 processing task 39 requiring operations [2, 8]
84 Worker 0 forwarding task 39
84 Worker 1 processing task 41 requiring operations [9, 2, 7]
84 Worker 1 performing operation 7 on task 41
85 Worker 2 accepting task 38
85 Worker 3 accepting task 36
85 Worker 4 accepting task 39
85 Worker 1 accepting task 41
85 Worker 3 processing task 42 requiring operations [9, 4, 2]
85 Worker 3 performing operation 9 on task 42
85 Worker 2 processing task 35 requiring operations [5]
85 Worker 2 forwarding task 35
85 Worker 1 processing task 40 requiring operations [5, 2]
85 Worker 1 performing operation 2 on task 40
85 Worker 4 processing task 39 requiring operations [2, 8]
85 Worker 4 forwarding task 39
86 Generated task 43
86 Worker 1 accepting task 43
86 Worker 3 accepting task 42
86 Worker 1 accepting task 35
86 Worker 1 accepting task 40
86 Worker 3 accepting task 39
86 Worker 3 processing task 32 requiring operations [9]
86 Worker 3 performing operation 9 on task 32
86 Worker 2 processing task 38 requiring operations [2, 4, 10]
86 Worker 2 forwarding task 38
86 Worker 1 processing task 37 requiring operations [7]
86 Worker 1 performing operation 7 on task 37
87 Task 32 completed!
87 Worker 3 accepting task 38
87 Task 37 completed!
87 Worker 3 processing task 36 requiring operations [5]
87 Worker 3 forwarding task 36
87 Worker 1 processing task 41 requiring operations [9, 2]
87 Worker 1 performing operation 2 on task 41
88 Generated task 44
88 Worker 0 accepting task 44
88 Worker 0 accepting task 36
88 Worker 1 accepting task 41
88 Worker 3 processing task 42 requiring operations [4, 2]
88 Worker 3 forwarding task 42
88 Worker 1 processing task 43 requiring operations [9, 3, 5]
88 Worker 1 forwarding task 43
88 Worker 0 processing task 44 requiring operations [3, 4, 8]
88 Worker 0 performing operation 3 on task 44
89 Worker 1 accepting task 42
89 Worker 3 accepting task 43
89 Worker 0 accepting task 44
89 Worker 3 processing task 39 requiring operations [2, 8]
89 Worker 3 forwarding task 39
89 Worker 1 processing task 35 requiring operations [5]
89 Worker 1 forwarding task 35
89 Worker 0 processing task 36 requiring operations [5]
89 Worker 0 performing operation 5 on task 36
90 Generated task 45
90 Worker 3 accepting task 45
90 Worker 1 accepting task 39
90 Worker 0 accepting task 35
90 Task 36 completed!
90 Worker 3 processing task 38 requiring operations [2, 4, 10]
90 Worker 3 forwarding task 38
90 Worker 1 processing task 40 requiring operations [5]
90 Worker 1 forwarding task 40
90 Worker 0 processing task 44 requiring operations [4, 8]
90 Worker 0 forwarding task 44
91 Worker 1 accepting task 38
91 Worker 3 accepting task 40
91 Worker 3 accepting task 44
91 Worker 3 processing task 43 requiring operations [9, 3, 5]
91 Worker 3 performing operation 9 on task 43
91 Worker 1 processing task 41 requiring operations [9]
91 Worker 1 forwarding task 41
91 Worker 0 processing task 35 requiring operations [5]
91 Worker 0 performing operation 5 on task 35
92 Generated task 46
92 Worker 3 accepting task 46
92 Worker 3 accepting task 43
92 Worker 4 accepting task 41
92 Task 35 completed!
92 Worker 3 processing task 45 requiring operations [10, 2, 7]
92 Worker 3 forwarding task 45
92 Worker 1 processing task 42 requiring operations [4, 2]
92 Worker 1 performing operation 2 on task 42
92 Worker 4 processing task 41 requiring operations [9]
92 Worker 4 forwarding task 41
93 Worker 2 accepting task 45
93 Worker 1 accepting task 42
93 Worker 2 accepting task 41
93 Worker 3 processing task 40 requiring operations [5]
93 Worker 3 forwarding task 40
93 Worker 1 processing task 39 requiring operations [2, 8]
93 Worker 1 performing operation 2 on task 39
93 Worker 2 processing task 45 requiring operations [10, 2, 7]
93 Worker 2 forwarding task 45
94 Generated task 47
94 Worker 0 accepting task 47
94 Worker 4 accepting task 40
94 Worker 1 accepting task 39
94 Worker 0 accepting task 45
94 Worker 3 processing task 44 requiring operations [4, 8]
94 Worker 3 forwarding task 44
94 Worker 1 processing task 38 requiring operations [2, 4, 10]
94 Worker 1 performing operation 4 on task 38
94 Worker 2 processing task 41 requiring operations [9]
94 Worker 2 forwarding task 41
94 Worker 0 processing task 47 requiring operations [4, 6, 3]
94 Worker 0 performing operation 3 on task 47
94 Worker 4 processing task 40 requiring operations [5]
94 Worker 4 forwarding task 40
95 Worker 1 accepting task 44
95 Worker 1 accepting task 38
95 Worker 3 accepting task 41
95 Worker 0 accepting task 47
95 Worker 2 accepting task 40
95 Worker 3 processing task 46 requiring operations [10, 9, 1]
95 Worker 3 performing operation 1 on task 46
95 Worker 1 processing task 42 requiring operations [4]
95 Worker 1 performing operation 4 on task 42
95 Worker 0 processing task 45 requiring operations [10, 2, 7]
95 Worker 0 forwarding task 45
95 Worker 2 processing task 40 requiring operations [5]
95 Worker 2 forwarding task 40
96 Generated task 48
96 Worker 0 accepting task 48
96 Worker 3 accepting task 46
96 Task 42 completed!
96 Worker 1 accepting task 45
96 Worker 1 accepting task 40
96 Worker 3 processing task 43 requiring operations [3, 5]
96 Worker 3 forwarding task 43
96 Worker 1 processing task 39 requiring operations [8]
96 Worker 1 forwarding task 39
96 Worker 0 processing task 47 requiring operations [4, 6]
96 Worker 0 forwarding task 47
97 Worker 0 accepting task 43
97 Worker 4 accepting task 39
97 Worker 4 accepting task 47
97 Worker 3 processing task 41 requiring operations [9]
97 Worker 3 performing operation 9 on task 41
97 Worker 1 processing task 44 requiring operations [4, 8]
97 Worker 1 performing operation 4 on task 44
97 Worker 0 processing task 48 requiring operations [7, 5, 6]
97 Worker 0 performing operation 5 on task 48
97 Worker 4 processing task 39 requiring operations [8]
97 Worker 4 forwarding task 39
98 Generated task 49
98 Worker 0 accepting task 49
98 Task 41 completed!
98 Worker 1 accepting task 44
98 Worker 0 accepting task 48
98 Worker 2 accepting task 39
98 Worker 3 processing task 46 requiring operations [10, 9]
98 Worker 3 performing operation 9 on task 46
98 Worker 1 processing task 38 requiring operations [2, 10]
98 Worker 1 performing operation 2 on task 38
98 Worker 0 processing task 43 requiring operations [3, 5]
98 Worker 0 performing operation 3 on task 43
98 Worker 4 processing task 47 requiring operations [4, 6]
98 Worker 4 forwarding task 47
98 Worker 2 processing task 39 requiring operations [8]
98 Worker 2 performing operation 8 on task 39
99 Worker 3 accepting task 46
99 Worker 1 accepting task 38
99 Worker 0 accepting task 43
99 Worker 1 accepting task 47
99 Task 39 completed!
99 Worker 3 processing task 46 requiring operations [10]
99 Worker 3 forwarding task 46
99 Worker 1 processing task 45 requiring operations [10, 2, 7]
99 Worker 1 performing operation 10 on task 45
99 Worker 0 processing task 49 requiring operations [4, 8, 5]
99 Worker 0 performing operation 5 on task 49
100 Generated task 50
100 Worker 3 accepting task 50
100 Worker 0 accepting task 46
100 Worker 1 accepting task 45
100 Worker 0 accepting task 49
100 Worker 3 processing task 50 requiring operations [6, 1, 2]
100 Worker 3 performing operation 1 on task 50
100 Worker 1 processing task 40 requiring operations [5]
100 Worker 1 forwarding task 40
100 Worker 0 processing task 48 requiring operations [7, 6]
100 Worker 0 forwarding task 48
101 Worker 3 accepting task 50
101 Worker 2 accepting task 40
101 Worker 1 accepting task 48
101 Worker 3 processing task 50 requiring operations [6, 2]
101 Worker 3 performing operation 6 on task 50
101 Worker 1 processing task 44 requiring operations [8]
101 Worker 1 forwarding task 44
101 Worker 0 processing task 43 requiring operations [5]
101 Worker 0 performing operation 5 on task 43
101 Worker 2 processing task 40 requiring operations [5]
101 Worker 2 forwarding task 40
102 Generated task 51
102 Worker 2 accepting task 51
102 Worker 3 accepting task 50
102 Worker 0 accepting task 44
102 Task 43 completed!
102 Worker 4 accepting task 40
102 Worker 3 processing task 50 requiring operations [2]
102 Worker 3 forwarding task 50
102 Worker 1 processing task 38 requiring operations [10]
102 Worker 1 performing operation 10 on task 38
102 Worker 0 processing task 46 requiring operations [10]
102 Worker 0 forwarding task 46
102 Worker 2 processing task 51 requiring operations [5, 10, 2]
102 Worker 2 forwarding task 51
102 Worker 4 processing task 40 requiring operations [5]
102 Worker 4 forwarding task 40
103 Worker 0 accepting task 50
103 Task 38 completed!
103 Worker 4 accepting task 46
103 Worker 1 accepting task 51
103 Worker 0 accepting task 40
103 Worker 1 processing task 47 requiring operations [4, 6]
103 Worker 1 performing operation 4 on task 47
103 Worker 0 processing task 49 requiring operations [4, 8]
103 Worker 0 forwarding task 49
103 Worker 4 processing task 46 requiring operations [10]
103 Worker 4 forwarding task 46
104 Generated task 52
104 Worker 4 accepting task 52
104 Worker 1 accepting task 47
104 Worker 2 accepting task 49
104 Worker 1 accepting task 46
104 Worker 1 processing task 45 requiring operations [2, 7]
104 Worker 1 performing operation 2 on task 45
104 Worker 0 processing task 44 requiring operations [8]
104 Worker 0 forwarding task 44
104 Worker 4 processing task 52 requiring operations [2, 8, 1]
104 Worker 4 performing operation 1 on task 52
104 Worker 2 processing task 49 requiring operations [4, 8]
104 Worker 2 performing operation 8 on task 49
105 Worker 1 accepting task 45
105 Worker 3 accepting task 44
105 Worker 4 accepting task 52
105 Worker 2 accepting task 49
105 Worker 1 processing task 48 requiring operations [7, 6]
105 Worker 1 performing operation 7 on task 48
105 Worker 0 processing task 50 requiring operations [2]
105 Worker 0 forwarding task 50
105 Worker 4 processing task 52 requiring operations [2, 8]
105 Worker 4 forwarding task 52
105 Worker 2 processing task 49 requiring operations [4]
105 Worker 2 forwarding task 49
105 Worker 3 processing task 44 requiring operations [8]
105 Worker 3 forwarding task 44
106 Generated task 53
106 Worker 2 accepting task 53
106 Worker 1 accepting task 48
106 Worker 4 accepting task 50
106 Worker 1 accepting task 52
106 Worker 0 accepting task 49
106 Worker 0 accepting task 44
106 Worker 1 processing task 51 requiring operations [5, 10, 2]
106 Worker 1 performing operation 10 on task 51
106 Worker 0 processing task 40 requiring operations [5]
106 Worker 0 performing operation 5 on task 40
106 Worker 4 processing task 50 requiring operations [2]
106 Worker 4 forwarding task 50
106 Worker 2 processing task 53 requiring operations [2, 1, 10]
106 Worker 2 forwarding task 53
107 Worker 1 accepting task 51
107 Task 40 completed!
107 Worker 2 accepting task 50
107 Worker 0 accepting task 53
107 Worker 1 processing task 47 requiring operations [6]
107 Worker 1 forwarding task 47
107 Worker 0 processing task 49 requiring operations [4]
107 Worker 0 forwarding task 49
107 Worker 2 processing task 50 requiring operations [2]
107 Worker 2 forwarding task 50
108 Generated task 54
108 Worker 2 accepting task 54
108 Worker 3 accepting task 47
108 Worker 1 accepting task 49
108 Worker 0 accepting task 50
108 Worker 1 processing task 46 requiring operations [10]
108 Worker 1 performing operation 10 on task 46
108 Worker 0 processing task 44 requiring operations [8]
108 Worker 0 forwarding task 44
108 Worker 2 processing task 54 requiring operations [3, 10, 2]
108 Worker 2 forwarding task 54
108 Worker 3 processing task 47 requiring operations [6]
108 Worker 3 performing operation 6 on task 47
109 Task 46 completed!
109 Worker 2 accepting task 44
109 Worker 0 accepting task 54
109 Task 47 completed!
109 Worker 1 processing task 45 requiring operations [7]
109 Worker 1 performing operation 7 on task 45
109 Worker 0 processing task 53 requiring operations [2, 1, 10]
109 Worker 0 performing operation 1 on task 53
109 Worker 2 processing task 44 requiring operations [8]
109 Worker 2 performing operation 8 on task 44
110 Generated task 55
110 Worker 1 accepting task 55
110 Task 45 completed!
110 Worker 0 accepting task 53
110 Task 44 completed!
110 Worker 1 processing task 48 requiring operations [6]
110 Worker 1 forwarding task 48
110 Worker 0 processing task 50 requiring operations [2]
110 Worker 0 forwarding task 50
111 Worker 2 accepting task 48
111 Worker 1 accepting task 50
111 Worker 1 processing task 52 requiring operations [2, 8]
111 Worker 1 performing operation 2 on task 52
111 Worker 0 processing task 54 requiring operations [3, 10, 2]
111 Worker 0 performing operation 3 on task 54
111 Worker 2 processing task 48 requiring operations [6]
111 Worker 2 forwarding task 48
112 Generated task 56
112 Worker 3 accepting task 56
112 Worker 1 accepting task 52
112 Worker 0 accepting task 54
112 Worker 3 accepting task 48
112 Worker 1 processing task 51 requiring operations [5, 2]
112 Worker 1 performing operation 2 on task 51
112 Worker 0 processing task 53 requiring operations [2, 10]
112 Worker 0 forwarding task 53
112 Worker 3 processing task 56 requiring operations [6, 10, 2]
112 Worker 3 performing operation 6 on task 56
113 Worker 1 accepting task 51
113 Worker 1 accepting task 53
113 Worker 3 accepting task 56
113 Worker 1 processing task 49 requiring operations [4]
113 Worker 1 performing operation 4 on task 49
113 Worker 0 processing task 54 requiring operations [10, 2]
113 Worker 0 forwarding task 54
113 Worker 3 processing task 48 requiring operations [6]
113 Worker 3 performing operation 6 on task 48
114 Generated task 57
114 Worker 2 accepting task 57
114 Task 49 completed!
114 Worker 3 accepting task 54
114 Task 48 completed!
114 Worker 1 processing task 55 requiring operations [2, 4, 10]
114 Worker 1 performing operation 2 on task 55
114 Worker 3 processing task 56 requiring operations [10, 2]
114 Worker 3 forwarding task 56
114 Worker 2 processing task 57 requiring operations [8, 9, 3]
114 Worker 2 performing operation 8 on task 57
115 Worker 1 accepting task 55
115 Worker 4 accepting task 56
115 Worker 2 accepting task 57
115 Worker 1 processing task 50 requiring operations [2]
115 Worker 1 performing operation 2 on task 50
115 Worker 3 processing task 54 requiring operations [10, 2]
115 Worker 3 forwarding task 54
115 Worker 2 processing task 57 requiring operations [9, 3]
115 Worker 2 forwarding task 57
115 Worker 4 processing task 56 requiring operations [10, 2]
115 Worker 4 forwarding task 56
116 Generated task 58
116 Worker 2 accepting task 58
116 Task 50 completed!
116 Worker 4 accepting task 54
116 Worker 1 accepting task 57
116 Worker 2 accepting task 56
116 Worker 1 processing task 52 requiring operations [8]
116 Worker 1 forwarding task 52
116 Worker 2 processing task 58 requiring operations [7, 10, 2]
116 Worker 2 forwarding task 58
116 Worker 4 processing task 54 requiring operations [10, 2]
116 Worker 4 forwarding task 54
117 Worker 3 accepting task 52
117 Worker 0 accepting task 58
117 Worker 1 accepting task 54
117 Worker 1 processing task 51 requiring operations [5]
117 Worker 1 forwarding task 51
117 Worker 2 processing task 56 requiring operations [10, 2]
117 Worker 2 forwarding task 56
117 Worker 3 processing task 52 requiring operations [8]
117 Worker 3 forwarding task 52
117 Worker 0 processing task 58 requiring operations [7, 10, 2]
117 Worker 0 forwarding task 58
118 Generated task 59
118 Worker 3 accepting task 59
118 Worker 3 accepting task 51
118 Worker 1 accepting task 56
118 Worker 0 accepting task 52
118 Worker 3 accepting task 58
118 Worker 1 processing task 53 requiring operations [2, 10]
118 Worker 1 performing operation 2 on task 53
118 Worker 3 processing task 59 requiring operations [4, 2, 6]
118 Worker 3 performing operation 6 on task 59
118 Worker 0 processing task 52 requiring operations [8]
118 Worker 0 forwarding task 52
119 Worker 1 accepting task 53
119 Worker 3 accepting task 59
119 Worker 1 accepting task 52
119 Worker 1 processing task 55 requiring operations [4, 10]
119 Worker 1 performing operation 10 on task 55
119 Worker 3 processing task 51 requiring operations [5]
119 Worker 3 forwarding task 51
120 Generated task 60
120 Worker 3 accepting task 60
120 Worker 1 accepting task 55
120 Worker 4 accepting task 51
120 Worker 1 processing task 57 requiring operations [9, 3]
120 Worker 1 forwarding task 57
120 Worker 3 processing task 58 requiring operations [7, 10, 2]
120 Worker 3 forwarding task 58
120 Worker 4 processing task 51 requiring operations [5]
120 Worker 4 forwarding task 51
121 Worker 0 accepting task 57
121 Worker 0 accepting task 58
121 Worker 3 accepting task 51
121 Worker 1 processing task 54 requiring operations [10, 2]
121 Worker 1 performing operation 10 on task 54
121 Worker 3 processing task 59 requiring operations [4, 2]
121 Worker 3 forwarding task 59
121 Worker 0 processing task 57 requiring operations [9, 3]
121 Worker 0 performing operation 3 on task 57
122 Generated task 61
122 Worker 3 accepting task 61
122 Worker 1 accepting task 54
122 Worker 2 accepting task 59
122 Worker 0 accepting task 57
122 Worker 1 processing task 56 requiring operations [10, 2]
122 Worker 1 performing operation 2 on task 56
122 Worker 3 processing task 60 requiring operations [9, 4, 6]
122 Worker 3 performing operation 6 on task 60
122 Worker 0 processing task 58 requiring operations [7, 10, 2]
122 Worker 0 forwarding task 58
122 Worker 2 processing task 59 requiring operations [4, 2]
122 Worker 2 forwarding task 59
123 Worker 1 accepting task 56
123 Worker 3 accepting task 60
123 Worker 2 accepting task 58
123 Worker 1 accepting task 59
123 Worker 1 processing task 53 requiring operations [10]
123 Worker 1 performing operation 10 on task 53
123 Worker 3 processing task 51 requiring operations [5]
123 Worker 3 forwarding task 51
123 Worker 0 processing task 57 requiring operations [9]
123 Worker 0 forwarding task 57
123 Worker 2 processing task 58 requiring operations [7, 10, 2]
123 Worker 2 forwarding task 58
124 Generated task 62
124 Worker 1 accepting task 62
124 Task 53 completed!
124 Worker 2 accepting task 51
124 Worker 3 accepting task 57
124 Worker 1 accepting task 58
124 Worker 1 processing task 52 requiring operations [8]
124 Worker 1 forwarding task 52
124 Worker 3 processing task 61 requiring operations [3, 4, 8]
124 Worker 3 forwarding task 61
124 Worker 2 processing task 51 requiring operations [5]
124 Worker 2 forwarding task 51
125 Worker 3 accepting task 52
125 Worker 2 accepting task 61
125 Worker 4 accepting task 51
125 Worker 1 processing task 55 requiring operations [4]
125 Worker 1 performing operation 4 on task 55
125 Worker 3 processing task 60 requiring operations [9, 4]
125 Worker 3 performing operation 9 on task 60
125 Worker 2 processing task 61 requiring operations [3, 4, 8]
125 Worker 2 performing operation 8 on task 61
125 Worker 4 processing task 51 requiring operations [5]
125 Worker 4 forwarding task 51
126 Generated task 63
126 Worker 2 accepting task 63
126 Task 55 completed!
126 Worker 3 accepting task 60
126 Worker 2 accepting task 61
126 Worker 2 accepting task 51
126 Worker 1 processing task 54 requiring operations [2]
126 Worker 1 performing operation 2 on task 54
126 Worker 3 processing task 57 requiring operations [9]
126 Worker 3 performing operation 9 on task 57
126 Worker 2 processing task 63 requiring operations [4, 3, 6]
126 Worker 2 forwarding task 63
127 Task 54 completed!
127 Task 57 completed!
127 Worker 4 accepting task 63
127 Worker 1 processing task 56 requiring operations [10]
127 Worker 1 performing operation 10 on task 56
127 Worker 3 processing task 52 requiring operations [8]
127 Worker 3 forwarding task 52
127 Worker 2 processing task 61 requiring operations [3, 4]
127 Worker 2 forwarding task 61
127 Worker 4 processing task 63 requiring operations [4, 3, 6]
127 Worker 4 forwarding task 63
128 Generated task 64
128 Worker 4 accepting task 64
128 Task 56 completed!
128 Worker 1 accepting task 52
128 Worker 0 accepting task 61
128 Worker 0 accepting task 63
128 Worker 1 processing task 59 requiring operations [4, 2]
128 Worker 1 performing operation 4 on task 59
128 Worker 3 processing task 60 requiring operations [4]
128 Worker 3 forwarding task 60
128 Worker 2 processing task 51 requiring operations [5]
128 Worker 2 forwarding task 51
128 Worker 4 processing task 64 requiring operations [1, 3, 5]
128 Worker 4 performing operation 1 on task 64
128 Worker 0 processing task 61 requiring operations [3, 4]
128 Worker 0 performing operation 3 on task 61
129 Worker 1 accepting task 59
129 Worker 1 accepting task 60
129 Worker 4 accepting task 51
129 Worker 4 accepting task 64
129 Worker 0 accepting task 61
129 Worker 1 processing task 62 requiring operations [3, 6, 2]
129 Worker 1 performing operation 2 on task 62
129 Worker 4 processing task 51 requiring operations [5]
129 Worker 4 forwarding task 51
129 Worker 0 processing task 63 requiring operations [4, 3, 6]
129 Worker 0 performing operation 3 on task 63
130 Generated task 65
130 Worker 3 accepting task 65
130 Worker 1 accepting task 62
130 Worker 3 accepting task 51
130 Worker 0 accepting task 63
130 Worker 1 processing task 58 requiring operations [7, 10, 2]
130 Worker 1 performing operation 2 on task 58
130 Worker 4 processing task 64 requiring operations [3, 5]
130 Worker 4 forwarding task 64
130 Worker 0 processing task 61 requiring operations [4]
130 Worker 0 forwarding task 61
130 Worker 3 processing task 65 requiring operations [3, 2, 5]
130 Worker 3 forwarding task 65
131 Worker 1 accepting task 58
131 Worker 2 accepting task 64
131 Worker 1 accepting task 61
131 Worker 2 accepting task 65
131 Worker 1 processing task 52 requiring operations [8]
131 Worker 1 forwarding task 52
131 Worker 0 processing task 63 requiring operations [4, 6]
131 Worker 0 forwarding task 63
131 Worker 3 processing task 51 requiring operations [5]
131 Worker 3 forwarding task 51
131 Worker 2 processing task 64 requiring operations [3, 5]
131 Worker 2 forwarding task 64
132 Generated task 66
132 Worker 0 accepting task 66
132 Worker 4 accepting task 52
132 Worker 4 accepting task 63
132 Worker 0 accepting task 51
132 Worker 4 accepting task 64
132 Worker 1 processing task 59 requiring operations [2]
132 Worker 1 performing operation 2 on task 59
132 Worker 0 processing task 66 requiring operations [7, 5, 9]
132 Worker 0 performing operation 5 on task 66
132 Worker 2 processing task 65 requiring operations [3, 2, 5]
132 Worker 2 forwarding task 65
132 Worker 4 processing task 52 requiring operations [8]
132 Worker 4 forwarding task 52
133 Task 59 completed!
133 Worker 0 accepting task 66
133 Worker 4 accepting task 65
133 Worker 2 accepting task 52
133 Worker 1 processing task 60 requiring operations [4]
133 Worker 1 performing operation 4 on task 60
133 Worker 0 processing task 51 requiring operations [5]
133 Worker 0 performing operation 5 on task 51
133 Worker 4 processing task 63 requiring operations [4, 6]
133 Worker 4 forwarding task 63
133 Worker 2 processing task 52 requiring operations [8]
133 Worker 2 performing operation 8 on task 52
134 Generated task 67
134 Worker 4 accepting task 67
134 Task 60 completed!
134 Task 51 completed!
134 Worker 2 accepting task 63
134 Task 52 completed!
134 Worker 1 processing task 62 requiring operations [3, 6]
134 Worker 1 forwarding task 62
134 Worker 0 processing task 66 requiring operations [7, 9]
134 Worker 0 forwarding task 66
134 Worker 4 processing task 64 requiring operations [3, 5]
134 Worker 4 forwarding task 64
134 Worker 2 processing task 63 requiring operations [4, 6]
134 Worker 2 forwarding task 63
135 Worker 4 accepting task 62
135 Worker 4 accepting task 66
135 Worker 0 accepting task 64
135 Worker 0 accepting task 63
135 Worker 1 processing task 58 requiring operations [7, 10]
135 Worker 1 performing operation 7 on task 58
135 Worker 4 processing task 65 requiring operations [3, 2, 5]
135 Worker 4 forwarding task 65
135 Worker 0 processing task 64 requiring operations [3, 5]
135 Worker 0 performing operation 3 on task 64
136 Generated task 68
136 Worker 4 accepting task 68
136 Worker 1 accepting task 58
136 Worker 3 accepting task 65
136 Worker 0 accepting task 64
136 Worker 1 processing task 61 requiring operations [4]
136 Worker 1 performing operation 4 on task 61
136 Worker 4 processing task 67 requiring operations [7, 9, 5]
136 Worker 4 performing operation 7 on task 67
136 Worker 0 processing task 63 requiring operations [4, 6]
136 Worker 0 forwarding task 63
136 Worker 3 processing task 65 requiring operations [3, 2, 5]
136 Worker 3 forwarding task 65
137 Task 61 completed!
137 Worker 4 accepting task 67
137 Worker 4 accepting task 63
137 Worker 4 accepting task 65
137 Worker 1 processing task 58 requiring operations [10]
137 Worker 1 performing operation 10 on task 58
137 Worker 4 processing task 62 requiring operations [3, 6]
137 Worker 4 forwarding task 62
137 Worker 0 processing task 64 requiring operations [5]
137 Worker 0 performing operation 5 on task 64
138 Generated task 69
138 Worker 1 accepting task 69
138 Task 58 completed!
138 Worker 1 accepting task 62
138 Task 64 completed!
138 Worker 1 processing task 69 requiring operations [1, 10, 3]
138 Worker 1 performing operation 1 on task 69
138 Worker 4 processing task 66 requiring operations [7, 9]
138 Worker 4 performing operation 7 on task 66
139 Worker 1 accepting task 69
139 Worker 4 accepting task 66
139 Worker 1 processing task 62 requiring operations [3, 6]
139 Worker 1 forwarding task 62
139 Worker 4 processing task 68 requiring operations [5, 8, 1]
139 Worker 4 performing operation 1 on task 68
140 Generated task 70
140 Worker 2 accepting task 70
140 Worker 3 accepting task 62
140 Worker 4 accepting task 68
140 Worker 1 processing task 69 requiring operations [10, 3]
140 Worker 1 performing operation 10 on task 69
140 Worker 4 processing task 67 requiring operations [9, 5]
140 Worker 4 forwarding task 67
140 Worker 2 processing task 70 requiring operations [10, 3, 6]
140 Worker 2 forwarding task 70
140 Worker 3 processing task 62 requiring operations [3, 6]
140 Worker 3 performing operation 6 on task 62
