Worker 0 can perform operations {1}
Worker 1 can perform operations {2, 4, 7, 9, 10}
Worker 2 can perform operations {9, 2}
Worker 3 can perform operations {3, 4, 5, 7, 8}
Worker 4 can perform operations {5, 6}
Building network type full-connect
Worker 0 connecting to worker 1
Worker 0 connecting to worker 2
Worker 0 connecting to worker 3
Worker 0 connecting to worker 4
Worker 1 connecting to worker 0
Worker 1 connecting to worker 2
Worker 1 connecting to worker 3
Worker 1 connecting to worker 4
Worker 2 connecting to worker 0
Worker 2 connecting to worker 1
Worker 2 connecting to worker 3
Worker 2 connecting to worker 4
Worker 3 connecting to worker 0
Worker 3 connecting to worker 1
Worker 3 connecting to worker 2
Worker 3 connecting to worker 4
Worker 4 connecting to worker 0
Worker 4 connecting to worker 1
Worker 4 connecting to worker 2
Worker 4 connecting to worker 3
Entry nodes are [0, 1, 2, 3, 4]
0 Generated task 0
0 Worker 0 accepting task 0
0 Worker 0 processing task 0 requiring operations [2, 5, 8]
0 Worker 0 forwarding task 0
1 Worker 1 accepting task 0
1 Worker 1 processing task 0 requiring operations [2, 5, 8]
1 Worker 1 performing operation 2 on task 0
2 Generated task 1
2 Worker 1 accepting task 1
2 Worker 1 accepting task 0
2 Worker 1 processing task 1 requiring operations [1, 2, 6]
2 Worker 1 performing operation 2 on task 1
3 Worker 1 accepting task 1
3 Worker 1 processing task 0 requiring operations [5, 8]
3 Worker 1 forwarding task 0
4 Generated task 2
4 Worker 4 accepting task 2
4 Worker 4 accepting task 0
4 Worker 1 processing task 1 requiring operations [1, 6]
4 Worker 1 forwarding task 1
4 Worker 4 processing task 2 requiring operations [4, 7, 3]
4 Worker 4 forwarding task 2
5 Worker 0 accepting task 1
5 Worker 1 accepting task 2
5 Worker 4 processing task 0 requiring operations [5, 8]
5 Worker 4 performing operation 5 on task 0
5 Worker 0 processing task 1 requiring operations [1, 6]
5 Worker 0 performing operation 1 on task 1
5 Worker 1 processing task 2 requiring operations [4, 7, 3]
5 Worker 1 performing operation 7 on task 2
6 Generated task 3
6 Worker 4 accepting task 3
6 Worker 4 accepting task 0
6 Worker 0 accepting task 1
6 Worker 1 accepting task 2
6 Worker 4 processing task 3 requiring operations [9, 4, 3]
6 Worker 4 forwarding task 3
6 Worker 0 processing task 1 requiring operations [6]
6 Worker 0 forwarding task 1
6 Worker 1 processing task 2 requiring operations [4, 3]
6 Worker 1 performing operation 4 on task 2
7 Worker 2 accepting task 3
7 Worker 2 accepting task 1
7 Worker 1 accepting task 2
7 Worker 4 processing task 0 requiring operations [8]
7 Worker 4 forwarding task 0
7 Worker 1 processing task 2 requiring operations [3]
7 Worker 1 forwarding task 2
7 Worker 2 processing task 3 requiring operations [9, 4, 3]
7 Worker 2 performing operation 9 on task 3
8 Generated task 4
8 Worker 0 accepting task 4
8 Worker 0 accepting task 0
8 Worker 0 accepting task 2
8 Worker 2 accepting task 3
8 Worker 2 processing task 1 requiring operations [6]
8 Worker 2 forwarding task 1
8 Worker 0 processing task 4 requiring operations [4, 2, 5]
8 Worker 0 forwarding task 4
9 Worker 3 accepting task 1
9 Worker 2 accepting task 4
9 Worker 2 processing task 3 requiring operations [4, 3]
9 Worker 2 forwarding task 3
9 Worker 0 processing task 0 requiring operations [8]
9 Worker 0 forwarding task 0
9 Worker 3 processing task 1 requiring operations [6]
9 Worker 3 forwarding task 1
10 Generated task 5
10 Worker 3 accepting task 5
10 Worker 3 accepting task 3
10 Worker 3 accepting task 0
10 Worker 4 accepting task 1
10 Worker 2 processing task 4 requiring operations [4, 2, 5]
10 Worker 2 performing operation 2 on task 4
10 Worker 0 processing task 2 requiring operations [3]
10 Worker 0 forwarding task 2
10 Worker 3 processing task 5 requiring operations [3, 5, 2]
10 Worker 3 performing operation 3 on task 5
10 Worker 4 processing task 1 requiring operations [6]
10 Worker 4 performing operation 6 on task 1
11 Worker 2 accepting task 4
11 Worker 4 accepting task 2
11 Worker 3 accepting task 5
11 Task 1 completed!
11 Worker 2 processing task 4 requiring operations [4, 5]
11 Worker 2 forwarding task 4
11 Worker 3 processing task 3 requiring operations [4, 3]
11 Worker 3 performing operation 3 on task 3
11 Worker 4 processing task 2 requiring operations [3]
11 Worker 4 forwarding task 2
12 Generated task 6
12 Worker 4 accepting task 6
12 Worker 1 accepting task 4
12 Worker 3 accepting task 3
12 Worker 1 accepting task 2
12 Worker 3 processing task 0 requiring operations [8]
12 Worker 3 performing operation 8 on task 0
12 Worker 4 processing task 6 requiring operations [8, 4, 3]
12 Worker 4 forwarding task 6
12 Worker 1 processing task 4 requiring operations [4, 5]
12 Worker 1 performing operation 4 on task 4
13 Task 0 completed!
13 Worker 2 accepting task 6
13 Worker 1 accepting task 4
13 Worker 3 processing task 5 requiring operations [5, 2]
13 Worker 3 performing operation 5 on task 5
13 Worker 1 processing task 2 requiring operations [3]
13 Worker 1 forwarding task 2
13 Worker 2 processing task 6 requiring operations [8, 4, 3]
13 Worker 2 forwarding task 6
14 Generated task 7
14 Worker 3 accepting task 7
14 Worker 3 accepting task 5
14 Worker 0 accepting task 2
14 Worker 0 accepting task 6
14 Worker 3 processing task 3 requiring operations [4]
14 Worker 3 performing operation 4 on task 3
14 Worker 1 processing task 4 requiring operations [5]
14 Worker 1 forwarding task 4
14 Worker 0 processing task 2 requiring operations [3]
14 Worker 0 forwarding task 2
15 Task 3 completed!
15 Worker 3 accepting task 4
15 Worker 1 accepting task 2
15 Worker 3 processing task 7 requiring operations [9, 6, 1]
15 Worker 3 forwarding task 7
15 Worker 0 processing task 6 requiring operations [8, 4, 3]
15 Worker 0 forwarding task 6
15 Worker 1 processing task 2 requiring operations [3]
15 Worker 1 forwarding task 2
16 Generated task 8
16 Worker 4 accepting task 8
16 Worker 2 accepting task 7
16 Worker 1 accepting task 6
16 Worker 4 accepting task 2
16 Worker 3 processing task 5 requiring operations [2]
16 Worker 3 forwarding task 5
16 Worker 1 processing task 6 requiring operations [8, 4, 3]
16 Worker 1 performing operation 4 on task 6
16 Worker 4 processing task 8 requiring operations [2, 4, 9]
16 Worker 4 forwarding task 8
16 Worker 2 processing task 7 requiring operations [9, 6, 1]
16 Worker 2 performing operation 9 on task 7
17 Worker 4 accepting task 5
17 Worker 1 accepting task 6
17 Worker 1 accepting task 8
17 Worker 2 accepting task 7
17 Worker 3 processing task 4 requiring operations [5]
17 Worker 3 performing operation 5 on task 4
17 Worker 1 processing task 6 requiring operations [8, 3]
17 Worker 1 forwarding task 6
17 Worker 4 processing task 2 requiring operations [3]
17 Worker 4 forwarding task 2
17 Worker 2 processing task 7 requiring operations [6, 1]
17 Worker 2 forwarding task 7
18 Generated task 9
18 Worker 1 accepting task 9
18 Task 4 completed!
18 Worker 4 accepting task 6
18 Worker 2 accepting task 2
18 Worker 1 accepting task 7
18 Worker 1 processing task 8 requiring operations [2, 4, 9]
18 Worker 1 performing operation 9 on task 8
18 Worker 4 processing task 5 requiring operations [2]
18 Worker 4 forwarding task 5
18 Worker 2 processing task 2 requiring operations [3]
18 Worker 2 forwarding task 2
19 Worker 1 accepting task 8
19 Worker 0 accepting task 5
19 Worker 3 accepting task 2
19 Worker 1 processing task 9 requiring operations [1, 9, 2]
19 Worker 1 performing operation 9 on task 9
19 Worker 4 processing task 6 requiring operations [8, 3]
19 Worker 4 forwarding task 6
19 Worker 0 processing task 5 requiring operations [2]
19 Worker 0 forwarding task 5
19 Worker 3 processing task 2 requiring operations [3]
19 Worker 3 performing operation 3 on task 2
20 Generated task 10
20 Worker 4 accepting task 10
20 Worker 1 accepting task 9
20 Worker 0 accepting task 6
20 Worker 3 accepting task 5
20 Task 2 completed!
20 Worker 1 processing task 7 requiring operations [6, 1]
20 Worker 1 forwarding task 7
20 Worker 4 processing task 10 requiring operations [2, 3, 9]
20 Worker 4 forwarding task 10
20 Worker 0 processing task 6 requiring operations [8, 3]
20 Worker 0 forwarding task 6
20 Worker 3 processing task 5 requiring operations [2]
20 Worker 3 forwarding task 5
21 Worker 2 accepting task 7
21 Worker 3 accepting task 10
21 Worker 4 accepting task 6
21 Worker 4 accepting task 5
21 Worker 1 processing task 8 requiring operations [2, 4]
21 Worker 1 performing operation 4 on task 8
21 Worker 3 processing task 10 requiring operations [2, 3, 9]
21 Worker 3 performing operation 3 on task 10
21 Worker 2 processing task 7 requiring operations [6, 1]
21 Worker 2 forwarding task 7
21 Worker 4 processing task 6 requiring operations [8, 3]
21 Worker 4 forwarding task 6
22 Generated task 11
22 Worker 3 accepting task 11
22 Worker 1 accepting task 8
22 Worker 3 accepting task 10
22 Worker 0 accepting task 7
22 Worker 3 accepting task 6
22 Worker 1 processing task 9 requiring operations [1, 2]
22 Worker 1 performing operation 2 on task 9
22 Worker 3 processing task 11 requiring operations [2, 4, 7]
22 Worker 3 performing operation 4 on task 11
22 Worker 4 processing task 5 requiring operations [2]
22 Worker 4 forwarding task 5
22 Worker 0 processing task 7 requiring operations [6, 1]
22 Worker 0 performing operation 1 on task 7
23 Worker 1 accepting task 9
23 Worker 3 accepting task 11
23 Worker 1 accepting task 5
23 Worker 0 accepting task 7
23 Worker 1 processing task 8 requiring operations [2]
23 Worker 1 performing operation 2 on task 8
23 Worker 3 processing task 10 requiring operations [2, 9]
23 Worker 3 forwarding task 10
23 Worker 0 processing task 7 requiring operations [6]
23 Worker 0 forwarding task 7
24 Generated task 12
24 Worker 2 accepting task 12
24 Task 8 completed!
24 Worker 4 accepting task 10
24 Worker 4 accepting task 7
24 Worker 1 processing task 9 requiring operations [1]
24 Worker 1 forwarding task 9
24 Worker 3 processing task 6 requiring operations [8, 3]
24 Worker 3 performing operation 8 on task 6
24 Worker 2 processing task 12 requiring operations [7, 10, 5]
24 Worker 2 forwarding task 12
24 Worker 4 processing task 10 requiring operations [2, 9]
24 Worker 4 forwarding task 10
25 Worker 4 accepting task 9
25 Worker 3 accepting task 6
25 Worker 3 accepting task 12
25 Worker 3 accepting task 10
25 Worker 1 processing task 5 requiring operations [2]
25 Worker 1 performing operation 2 on task 5
25 Worker 3 processing task 11 requiring operations [2, 7]
25 Worker 3 performing operation 7 on task 11
25 Worker 4 processing task 7 requiring operations [6]
25 Worker 4 performing operation 6 on task 7
26 Generated task 13
26 Worker 4 accepting task 13
26 Task 5 completed!
26 Worker 3 accepting task 11
26 Task 7 completed!
26 Worker 3 processing task 6 requiring operations [3]
26 Worker 3 performing operation 3 on task 6
26 Worker 4 processing task 9 requiring operations [1]
26 Worker 4 forwarding task 9
27 Task 6 completed!
27 Worker 1 accepting task 9
27 Worker 3 processing task 12 requiring operations [7, 10, 5]
27 Worker 3 performing operation 5 on task 12
27 Worker 4 processing task 13 requiring operations [10, 9, 7]
27 Worker 4 forwarding task 13
27 Worker 1 processing task 9 requiring operations [1]
27 Worker 1 forwarding task 9
28 Generated task 14
28 Worker 2 accepting task 14
28 Worker 3 accepting task 12
28 Worker 3 accepting task 13
28 Worker 4 accepting task 9
28 Worker 3 processing task 10 requiring operations [2, 9]
28 Worker 3 forwarding task 10
28 Worker 2 processing task 14 requiring operations [10, 4, 9]
28 Worker 2 performing operation 9 on task 14
28 Worker 4 processing task 9 requiring operations [1]
28 Worker 4 forwarding task 9
29 Worker 4 accepting task 10
29 Worker 2 accepting task 14
29 Worker 1 accepting task 9
29 Worker 3 processing task 11 requiring operations [2]
29 Worker 3 forwarding task 11
29 Worker 2 processing task 14 requiring operations [10, 4]
29 Worker 2 forwarding task 14
29 Worker 4 processing task 10 requiring operations [2, 9]
29 Worker 4 forwarding task 10
29 Worker 1 processing task 9 requiring operations [1]
29 Worker 1 forwarding task 9
30 Generated task 15
30 Worker 3 accepting task 15
30 Worker 4 accepting task 11
30 Worker 0 accepting task 14
30 Worker 0 accepting task 10
30 Worker 4 accepting task 9
30 Worker 3 processing task 12 requiring operations [7, 10]
30 Worker 3 performing operation 7 on task 12
30 Worker 4 processing task 11 requiring operations [2]
30 Worker 4 forwarding task 11
30 Worker 0 processing task 14 requiring operations [10, 4]
30 Worker 0 forwarding task 14
31 Worker 3 accepting task 12
31 Worker 2 accepting task 11
31 Worker 3 accepting task 14
31 Worker 3 processing task 13 requiring operations [10, 9, 7]
31 Worker 3 performing operation 7 on task 13
31 Worker 4 processing task 9 requiring operations [1]
31 Worker 4 forwarding task 9
31 Worker 0 processing task 10 requiring operations [2, 9]
31 Worker 0 forwarding task 10
31 Worker 2 processing task 11 requiring operations [2]
31 Worker 2 performing operation 2 on task 11
32 Generated task 16
32 Worker 1 accepting task 16
32 Worker 3 accepting task 13
32 Worker 2 accepting task 9
32 Worker 3 accepting task 10
32 Task 11 completed!
32 Worker 3 processing task 15 requiring operations [2, 1, 5]
32 Worker 3 performing operation 5 on task 15
32 Worker 2 processing task 9 requiring operations [1]
32 Worker 2 forwarding task 9
32 Worker 1 processing task 16 requiring operations [5, 7, 9]
32 Worker 1 performing operation 7 on task 16
33 Worker 3 accepting task 15
33 Worker 3 accepting task 9
33 Worker 1 accepting task 16
33 Worker 3 processing task 12 requiring operations [10]
33 Worker 3 forwarding task 12
33 Worker 1 processing task 16 requiring operations [5, 9]
33 Worker 1 performing operation 9 on task 16
34 Generated task 17
34 Worker 1 accepting task 17
34 Worker 2 accepting task 12
34 Worker 1 accepting task 16
34 Worker 3 processing task 14 requiring operations [10, 4]
34 Worker 3 performing operation 4 on task 14
34 Worker 1 processing task 17 requiring operations [5, 7, 2]
34 Worker 1 performing operation 7 on task 17
34 Worker 2 processing task 12 requiring operations [10]
34 Worker 2 forwarding task 12
35 Worker 3 accepting task 14
35 Worker 1 accepting task 17
35 Worker 1 accepting task 12
35 Worker 3 processing task 13 requiring operations [10, 9]
35 Worker 3 forwarding task 13
35 Worker 1 processing task 16 requiring operations [5]
35 Worker 1 forwarding task 16
36 Generated task 18
36 Worker 2 accepting task 18
36 Worker 1 accepting task 13
36 Worker 0 accepting task 16
36 Worker 3 processing task 10 requiring operations [2, 9]
36 Worker 3 forwarding task 10
36 Worker 1 processing task 17 requiring operations [5, 2]
36 Worker 1 performing operation 2 on task 17
36 Worker 2 processing task 18 requiring operations [3, 9, 5]
36 Worker 2 performing operation 9 on task 18
36 Worker 0 processing task 16 requiring operations [5]
36 Worker 0 forwarding task 16
37 Worker 4 accepting task 10
37 Worker 1 accepting task 17
37 Worker 2 accepting task 18
37 Worker 3 accepting task 16
37 Worker 3 processing task 15 requiring operations [2, 1]
37 Worker 3 forwarding task 15
37 Worker 1 processing task 12 requiring operations [10]
37 Worker 1 performing operation 10 on task 12
37 Worker 2 processing task 18 requiring operations [3, 5]
37 Worker 2 forwarding task 18
37 Worker 4 processing task 10 requiring operations [2, 9]
37 Worker 4 forwarding task 10
38 Generated task 19
38 Worker 1 accepting task 19
38 Worker 4 accepting task 15
38 Task 12 completed!
38 Worker 0 accepting task 18
38 Worker 1 accepting task 10
38 Worker 3 processing task 9 requiring operations [1]
38 Worker 3 forwarding task 9
38 Worker 1 processing task 13 requiring operations [10, 9]
38 Worker 1 performing operation 9 on task 13
38 Worker 4 processing task 15 requiring operations [2, 1]
38 Worker 4 forwarding task 15
38 Worker 0 processing task 18 requiring operations [3, 5]
38 Worker 0 forwarding task 18
39 Worker 2 accepting task 9
39 Worker 1 accepting task 13
39 Worker 0 accepting task 15
39 Worker 4 accepting task 18
39 Worker 3 processing task 14 requiring operations [10]
39 Worker 3 forwarding task 14
39 Worker 1 processing task 17 requiring operations [5]
39 Worker 1 forwarding task 17
39 Worker 0 processing task 15 requiring operations [2, 1]
39 Worker 0 performing operation 1 on task 15
39 Worker 2 processing task 9 requiring operations [1]
39 Worker 2 forwarding task 9
39 Worker 4 processing task 18 requiring operations [3, 5]
39 Worker 4 performing operation 5 on task 18
40 Generated task 20
40 Worker 0 accepting task 20
40 Worker 0 accepting task 14
40 Worker 2 accepting task 17
40 Worker 0 accepting task 15
40 Worker 3 accepting task 9
40 Worker 4 accepting task 18
40 Worker 3 processing task 16 requiring operations [5]
40 Worker 3 performing operation 5 on task 16
40 Worker 1 processing task 19 requiring operations [7, 4, 5]
40 Worker 1 performing operation 4 on task 19
40 Worker 0 processing task 20 requiring operations [2, 9, 5]
40 Worker 0 forwarding task 20
40 Worker 2 processing task 17 requiring operations [5]
40 Worker 2 forwarding task 17
40 Worker 4 processing task 18 requiring operations [3]
40 Worker 4 forwarding task 18
41 Task 16 completed!
41 Worker 1 accepting task 19
41 Worker 1 accepting task 20
41 Worker 3 accepting task 17
41 Worker 2 accepting task 18
41 Worker 3 processing task 9 requiring operations [1]
41 Worker 3 forwarding task 9
41 Worker 1 processing task 10 requiring operations [2, 9]
41 Worker 1 performing operation 9 on task 10
41 Worker 0 processing task 14 requiring operations [10]
41 Worker 0 forwarding task 14
41 Worker 2 processing task 18 requiring operations [3]
41 Worker 2 forwarding task 18
42 Generated task 21
42 Worker 0 accepting task 21
42 Worker 1 accepting task 9
42 Worker 1 accepting task 10
42 Worker 1 accepting task 14
42 Worker 3 accepting task 18
42 Worker 3 processing task 17 requiring operations [5]
42 Worker 3 performing operation 5 on task 17
42 Worker 1 processing task 13 requiring operations [10]
42 Worker 1 performing operation 10 on task 13
42 Worker 0 processing task 15 requiring operations [2]
42 Worker 0 forwarding task 15
43 Task 17 completed!
43 Task 13 completed!
43 Worker 2 accepting task 15
43 Worker 3 processing task 18 requiring operations [3]
43 Worker 3 performing operation 3 on task 18
43 Worker 1 processing task 19 requiring operations [7, 5]
43 Worker 1 performing operation 7 on task 19
43 Worker 0 processing task 21 requiring operations [4, 3, 8]
43 Worker 0 forwarding task 21
43 Worker 2 processing task 15 requiring operations [2]
43 Worker 2 performing operation 2 on task 15
44 Generated task 22
44 Worker 1 accepting task 22
44 Task 18 completed!
44 Worker 1 accepting task 19
44 Worker 1 accepting task 21
44 Task 15 completed!
44 Worker 1 processing task 20 requiring operations [2, 9, 5]
44 Worker 1 performing operation 9 on task 20
45 Worker 1 accepting task 20
45 Worker 1 processing task 9 requiring operations [1]
45 Worker 1 forwarding task 9
46 Generated task 23
46 Worker 4 accepting task 23
46 Worker 2 accepting task 9
46 Worker 1 processing task 10 requiring operations [2]
46 Worker 1 performing operation 2 on task 10
46 Worker 4 processing task 23 requiring operations [7, 8, 10]
46 Worker 4 forwarding task 23
46 Worker 2 processing task 9 requiring operations [1]
46 Worker 2 forwarding task 9
47 Task 10 completed!
47 Worker 2 accepting task 23
47 Worker 3 accepting task 9
47 Worker 1 processing task 14 requiring operations [10]
47 Worker 1 performing operation 10 on task 14
47 Worker 2 processing task 23 requiring operations [7, 8, 10]
47 Worker 2 forwarding task 23
47 Worker 3 processing task 9 requiring operations [1]
47 Worker 3 forwarding task 9
48 Generated task 24
48 Worker 0 accepting task 24
48 Task 14 completed!
48 Worker 4 accepting task 23
48 Worker 1 accepting task 9
48 Worker 1 processing task 22 requiring operations [8, 7, 1]
48 Worker 1 performing operation 7 on task 22
48 Worker 0 processing task 24 requiring operations [5, 1, 4]
48 Worker 0 performing operation 1 on task 24
48 Worker 4 processing task 23 requiring operations [7, 8, 10]
48 Worker 4 forwarding task 23
49 Worker 1 accepting task 22
49 Worker 0 accepting task 24
49 Worker 1 accepting task 23
49 Worker 1 processing task 19 requiring operations [5]
49 Worker 1 forwarding task 19
49 Worker 0 processing task 24 requiring operations [5, 4]
49 Worker 0 forwarding task 24
50 Generated task 25
50 Worker 2 accepting task 25
50 Worker 4 accepting task 19
50 Worker 4 accepting task 24
50 Worker 1 processing task 21 requiring operations [4, 3, 8]
50 Worker 1 performing operation 4 on task 21
50 Worker 2 processing task 25 requiring operations [9, 3, 10]
50 Worker 2 performing operation 9 on task 25
50 Worker 4 processing task 19 requiring operations [5]
50 Worker 4 performing operation 5 on task 19
51 Worker 1 accepting task 21
51 Worker 2 accepting task 25
51 Task 19 completed!
51 Worker 1 processing task 20 requiring operations [2, 5]
51 Worker 1 performing operation 2 on task 20
51 Worker 2 processing task 25 requiring operations [3, 10]
51 Worker 2 forwarding task 25
51 Worker 4 processing task 24 requiring operations [5, 4]
51 Worker 4 performing operation 5 on task 24
52 Generated task 26
52 Worker 0 accepting task 26
52 Worker 1 accepting task 20
52 Worker 1 accepting task 25
52 Worker 4 accepting task 24
52 Worker 1 processing task 9 requiring operations [1]
52 Worker 1 forwarding task 9
52 Worker 4 processing task 24 requiring operations [4]
52 Worker 4 forwarding task 24
52 Worker 0 processing task 26 requiring operations [7, 2, 4]
52 Worker 0 forwarding task 26
53 Worker 4 accepting task 9
53 Worker 1 accepting task 24
53 Worker 1 accepting task 26
53 Worker 1 processing task 22 requiring operations [8, 1]
53 Worker 1 forwarding task 22
53 Worker 4 processing task 9 requiring operations [1]
53 Worker 4 forwarding task 9
54 Generated task 27
54 Worker 2 accepting task 27
54 Worker 2 accepting task 22
54 Worker 2 accepting task 9
54 Worker 1 processing task 23 requiring operations [7, 8, 10]
54 Worker 1 performing operation 7 on task 23
54 Worker 2 processing task 27 requiring operations [5, 8, 7]
54 Worker 2 forwarding task 27
55 Worker 1 accepting task 23
55 Worker 3 accepting task 27
55 Worker 1 processing task 21 requiring operations [3, 8]
55 Worker 1 forwarding task 21
55 Worker 2 processing task 22 requiring operations [8, 1]
55 Worker 2 forwarding task 22
55 Worker 3 processing task 27 requiring operations [5, 8, 7]
55 Worker 3 performing operation 8 on task 27
56 Generated task 28
56 Worker 0 accepting task 28
56 Worker 4 accepting task 21
56 Worker 3 accepting task 22
56 Worker 3 accepting task 27
56 Worker 1 processing task 20 requiring operations [5]
56 Worker 1 forwarding task 20
56 Worker 2 processing task 9 requiring operations [1]
56 Worker 2 forwarding task 9
56 Worker 3 processing task 22 requiring operations [8, 1]
56 Worker 3 performing operation 8 on task 22
56 Worker 0 processing task 28 requiring operations [1, 2, 6]
56 Worker 0 performing operation 1 on task 28
56 Worker 4 processing task 21 requiring operations [3, 8]
56 Worker 4 forwarding task 21
57 Worker 2 accepting task 20
57 Worker 0 accepting task 9
57 Worker 3 accepting task 22
57 Worker 0 accepting task 28
57 Worker 0 accepting task 21
57 Worker 1 processing task 25 requiring operations [3, 10]
57 Worker 1 performing operation 10 on task 25
57 Worker 2 processing task 20 requiring operations [5]
57 Worker 2 forwarding task 20
57 Worker 3 processing task 27 requiring operations [5, 7]
57 Worker 3 performing operation 5 on task 27
57 Worker 0 processing task 9 requiring operations [1]
57 Worker 0 performing operation 1 on task 9
58 Generated task 29
58 Worker 4 accepting task 29
58 Worker 1 accepting task 25
58 Worker 1 accepting task 20
58 Worker 3 accepting task 27
58 Task 9 completed!
58 Worker 1 processing task 24 requiring operations [4]
58 Worker 1 performing operation 4 on task 24
58 Worker 3 processing task 22 requiring operations [1]
58 Worker 3 forwarding task 22
58 Worker 0 processing task 28 requiring operations [2, 6]
58 Worker 0 forwarding task 28
58 Worker 4 processing task 29 requiring operations [6, 3, 7]
58 Worker 4 performing operation 6 on task 29
59 Task 24 completed!
59 Worker 0 accepting task 22
59 Worker 1 accepting task 28
59 Worker 4 accepting task 29
59 Worker 1 processing task 26 requiring operations [7, 2, 4]
59 Worker 1 performing operation 4 on task 26
59 Worker 3 processing task 27 requiring operations [7]
59 Worker 3 performing operation 7 on task 27
59 Worker 0 processing task 21 requiring operations [3, 8]
59 Worker 0 forwarding task 21
59 Worker 4 processing task 29 requiring operations [3, 7]
59 Worker 4 forwarding task 29
60 Generated task 30
60 Worker 3 accepting task 30
60 Worker 1 accepting task 26
60 Task 27 completed!
60 Worker 1 accepting task 21
60 Worker 2 accepting task 29
60 Worker 1 processing task 23 requiring operations [8, 10]
60 Worker 1 performing operation 10 on task 23
60 Worker 3 processing task 30 requiring operations [7, 10, 5]
60 Worker 3 performing operation 7 on task 30
60 Worker 0 processing task 22 requiring operations [1]
60 Worker 0 performing operation 1 on task 22
60 Worker 2 processing task 29 requiring operations [3, 7]
60 Worker 2 forwarding task 29
61 Worker 1 accepting task 23
61 Worker 3 accepting task 30
61 Task 22 completed!
61 Worker 4 accepting task 29
61 Worker 1 processing task 25 requiring operations [3]
61 Worker 1 forwarding task 25
61 Worker 3 processing task 30 requiring operations [10, 5]
61 Worker 3 performing operation 5 on task 30
61 Worker 4 processing task 29 requiring operations [3, 7]
61 Worker 4 forwarding task 29
62 Generated task 31
62 Worker 1 accepting task 31
62 Worker 0 accepting task 25
62 Worker 3 accepting task 30
62 Worker 2 accepting task 29
62 Worker 1 processing task 20 requiring operations [5]
62 Worker 1 forwarding task 20
62 Worker 3 processing task 30 requiring operations [10]
62 Worker 3 forwarding task 30
62 Worker 0 processing task 25 requiring operations [3]
62 Worker 0 forwarding task 25
62 Worker 2 processing task 29 requiring operations [3, 7]
62 Worker 2 forwarding task 29
63 Worker 3 accepting task 20
63 Worker 4 accepting task 30
63 Worker 2 accepting task 25
63 Worker 0 accepting task 29
63 Worker 1 processing task 28 requiring operations [2, 6]
63 Worker 1 performing operation 2 on task 28
63 Worker 3 processing task 20 requiring operations [5]
63 Worker 3 performing operation 5 on task 20
63 Worker 2 processing task 25 requiring operations [3]
63 Worker 2 forwarding task 25
63 Worker 4 processing task 30 requiring operations [10]
63 Worker 4 forwarding task 30
63 Worker 0 processing task 29 requiring operations [3, 7]
63 Worker 0 forwarding task 29
64 Generated task 32
64 Worker 0 accepting task 32
64 Worker 1 accepting task 28
64 Task 20 completed!
64 Worker 0 accepting task 25
64 Worker 2 accepting task 30
64 Worker 2 accepting task 29
64 Worker 1 processing task 26 requiring operations [7, 2]
64 Worker 1 performing operation 2 on task 26
64 Worker 0 processing task 32 requiring operations [10, 6, 1]
64 Worker 0 performing operation 1 on task 32
64 Worker 2 processing task 30 requiring operations [10]
64 Worker 2 forwarding task 30
65 Worker 1 accepting task 26
65 Worker 0 accepting task 32
65 Worker 1 accepting task 30
65 Worker 1 processing task 21 requiring operations [3, 8]
65 Worker 1 forwarding task 21
65 Worker 0 processing task 25 requiring operations [3]
65 Worker 0 forwarding task 25
65 Worker 2 processing task 29 requiring operations [3, 7]
65 Worker 2 forwarding task 29
66 Generated task 33
66 Worker 1 accepting task 33
66 Worker 3 accepting task 21
66 Worker 2 accepting task 25
66 Worker 0 accepting task 29
66 Worker 1 processing task 23 requiring operations [8]
66 Worker 1 forwarding task 23
66 Worker 0 processing task 32 requiring operations [10, 6]
66 Worker 0 forwarding task 32
66 Worker 2 processing task 25 requiring operations [3]
66 Worker 2 forwarding task 25
66 Worker 3 processing task 21 requiring operations [3, 8]
66 Worker 3 performing operation 3 on task 21
67 Worker 0 accepting task 23
67 Worker 1 accepting task 32
67 Worker 0 accepting task 25
67 Worker 3 accepting task 21
67 Worker 1 processing task 31 requiring operations [5, 1, 3]
67 Worker 1 forwarding task 31
67 Worker 0 processing task 29 requiring operations [3, 7]
67 Worker 0 forwarding task 29
67 Worker 3 processing task 21 requiring operations [8]
67 Worker 3 performing operation 8 on task 21
68 Generated task 34
68 Worker 4 accepting task 34
68 Worker 4 accepting task 31
68 Worker 2 accepting task 29
68 Task 21 completed!
68 Worker 1 processing task 28 requiring operations [6]
68 Worker 1 forwarding task 28
68 Worker 0 processing task 23 requiring operations [8]
68 Worker 0 forwarding task 23
68 Worker 4 processing task 34 requiring operations [9, 3, 8]
68 Worker 4 forwarding task 34
68 Worker 2 processing task 29 requiring operations [3, 7]
68 Worker 2 forwarding task 29
69 Worker 4 accepting task 28
69 Worker 1 accepting task 23
69 Worker 0 accepting task 34
69 Worker 4 accepting task 29
69 Worker 1 processing task 26 requiring operations [7]
69 Worker 1 performing operation 7 on task 26
69 Worker 0 processing task 25 requiring operations [3]
69 Worker 0 forwarding task 25
69 Worker 4 processing task 31 requiring operations [5, 1, 3]
69 Worker 4 performing operation 5 on task 31
70 Generated task 35
70 Worker 1 accepting task 35
70 Task 26 completed!
70 Worker 2 accepting task 25
70 Worker 4 accepting task 31
70 Worker 1 processing task 30 requiring operations [10]
70 Worker 1 performing operation 10 on task 30
70 Worker 0 processing task 34 requiring operations [9, 3, 8]
70 Worker 0 forwarding task 34
70 Worker 4 processing task 28 requiring operations [6]
70 Worker 4 performing operation 6 on task 28
70 Worker 2 processing task 25 requiring operations [3]
70 Worker 2 forwarding task 25
71 Task 30 completed!
71 Worker 1 accepting task 34
71 Task 28 completed!
71 Worker 0 accepting task 25
71 Worker 1 processing task 33 requiring operations [3, 4, 10]
71 Worker 1 performing operation 4 on task 33
71 Worker 4 processing task 29 requiring operations [3, 7]
71 Worker 4 forwarding task 29
71 Worker 0 processing task 25 requiring operations [3]
71 Worker 0 forwarding task 25
72 Generated task 36
72 Worker 4 accepting task 36
72 Worker 1 accepting task 33
72 Worker 2 accepting task 29
72 Worker 1 accepting task 25
72 Worker 1 processing task 32 requiring operations [10, 6]
72 Worker 1 performing operation 10 on task 32
72 Worker 4 processing task 31 requiring operations [1, 3]
72 Worker 4 forwarding task 31
72 Worker 2 processing task 29 requiring operations [3, 7]
72 Worker 2 forwarding task 29
73 Worker 1 accepting task 32
73 Worker 0 accepting task 31
73 Worker 1 accepting task 29
73 Worker 1 processing task 23 requiring operations [8]
73 Worker 1 forwarding task 23
73 Worker 4 processing task 36 requiring operations [10, 2, 3]
73 Worker 4 forwarding task 36
73 Worker 0 processing task 31 requiring operations [1, 3]
73 Worker 0 performing operation 1 on task 31
74 Generated task 37
74 Worker 3 accepting task 37
74 Worker 4 accepting task 23
74 Worker 2 accepting task 36
74 Worker 0 accepting task 31
74 Worker 1 processing task 35 requiring operations [4, 6, 1]
74 Worker 1 performing operation 4 on task 35
74 Worker 4 processing task 23 requiring operations [8]
74 Worker 4 forwarding task 23
74 Worker 0 processing task 31 requiring operations [3]
74 Worker 0 forwarding task 31
74 Worker 3 processing task 37 requiring operations [4, 1, 3]
74 Worker 3 performing operation 4 on task 37
74 Worker 2 processing task 36 requiring operations [10, 2, 3]
74 Worker 2 performing operation 2 on task 36
75 Worker 1 accepting task 35
75 Worker 3 accepting task 23
75 Worker 1 accepting task 31
75 Worker 3 accepting task 37
75 Worker 2 accepting task 36
75 Worker 1 processing task 34 requiring operations [9, 3, 8]
75 Worker 1 performing operation 9 on task 34
75 Worker 3 processing task 23 requiring operations [8]
75 Worker 3 performing operation 8 on task 23
75 Worker 2 processing task 36 requiring operations [10, 3]
75 Worker 2 forwarding task 36
76 Generated task 38
76 Worker 0 accepting task 38
76 Worker 1 accepting task 34
76 Task 23 completed!
76 Worker 4 accepting task 36
76 Worker 1 processing task 33 requiring operations [3, 10]
76 Worker 1 performing operation 10 on task 33
76 Worker 3 processing task 37 requiring operations [1, 3]
76 Worker 3 performing operation 3 on task 37
76 Worker 0 processing task 38 requiring operations [9, 7, 1]
76 Worker 0 performing operation 1 on task 38
76 Worker 4 processing task 36 requiring operations [10, 3]
76 Worker 4 forwarding task 36
77 Worker 1 accepting task 33
77 Worker 3 accepting task 37
77 Worker 0 accepting task 38
77 Worker 1 accepting task 36
77 Worker 1 processing task 25 requiring operations [3]
77 Worker 1 forwarding task 25
77 Worker 3 processing task 37 requiring operations [1]
77 Worker 3 forwarding task 37
77 Worker 0 processing task 38 requiring operations [9, 7]
77 Worker 0 forwarding task 38
78 Generated task 39
78 Worker 1 accepting task 39
78 Worker 4 accepting task 25
78 Worker 1 accepting task 37
78 Worker 1 accepting task 38
78 Worker 1 processing task 32 requiring operations [6]
78 Worker 1 forwarding task 32
78 Worker 4 processing task 25 requiring operations [3]
78 Worker 4 forwarding task 25
79 Worker 4 accepting task 32
79 Worker 2 accepting task 25
79 Worker 1 processing task 29 requiring operations [3, 7]
79 Worker 1 performing operation 7 on task 29
79 Worker 4 processing task 32 requiring operations [6]
79 Worker 4 performing operation 6 on task 32
79 Worker 2 processing task 25 requiring operations [3]
79 Worker 2 forwarding task 25
80 Generated task 40
80 Worker 1 accepting task 40
80 Worker 1 accepting task 29
80 Task 32 completed!
80 Worker 0 accepting task 25
80 Worker 1 processing task 35 requiring operations [6, 1]
80 Worker 1 forwarding task 35
80 Worker 0 processing task 25 requiring operations [3]
80 Worker 0 forwarding task 25
81 Worker 4 accepting task 35
81 Worker 3 accepting task 25
81 Worker 1 processing task 31 requiring operations [3]
81 Worker 1 forwarding task 31
81 Worker 4 processing task 35 requiring operations [6, 1]
81 Worker 4 performing operation 6 on task 35
81 Worker 3 processing task 25 requiring operations [3]
81 Worker 3 performing operation 3 on task 25
82 Generated task 41
82 Worker 1 accepting task 41
82 Worker 4 accepting task 31
82 Worker 4 accepting task 35
82 Task 25 completed!
82 Worker 1 processing task 34 requiring operations [3, 8]
82 Worker 1 forwarding task 34
82 Worker 4 processing task 31 requiring operations [3]
82 Worker 4 forwarding task 31
83 Worker 2 accepting task 34
83 Worker 1 accepting task 31
83 Worker 1 processing task 33 requiring operations [3]
83 Worker 1 forwarding task 33
83 Worker 4 processing task 35 requiring operations [1]
83 Worker 4 forwarding task 35
83 Worker 2 processing task 34 requiring operations [3, 8]
83 Worker 2 forwarding task 34
84 Generated task 42
84 Worker 0 accepting task 42
84 Worker 3 accepting task 33
84 Worker 1 accepting task 35
84 Worker 0 accepting task 34
84 Worker 1 processing task 36 requiring operations [10, 3]
84 Worker 1 performing operation 10 on task 36
84 Worker 0 processing task 42 requiring operations [9, 10, 6]
84 Worker 0 forwarding task 42
84 Worker 3 processing task 33 requiring operations [3]
84 Worker 3 performing operation 3 on task 33
85 Worker 1 accepting task 36
85 Worker 3 accepting task 42
85 Task 33 completed!
85 Worker 1 processing task 39 requiring operations [9, 4, 1]
85 Worker 1 performing operation 9 on task 39
85 Worker 0 processing task 34 requiring operations [3, 8]
85 Worker 0 forwarding task 34
85 Worker 3 processing task 42 requiring operations [9, 10, 6]
85 Worker 3 forwarding task 42
86 Generated task 43
86 Worker 2 accepting task 43
86 Worker 1 accepting task 39
86 Worker 3 accepting task 34
86 Worker 4 accepting task 42
86 Worker 1 processing task 37 requiring operations [1]
86 Worker 1 forwarding task 37
86 Worker 3 processing task 34 requiring operations [3, 8]
86 Worker 3 performing operation 3 on task 34
86 Worker 2 processing task 43 requiring operations [5, 6, 3]
86 Worker 2 forwarding task 43
86 Worker 4 processing task 42 requiring operations [9, 10, 6]
86 Worker 4 performing operation 6 on task 42
87 Worker 4 accepting task 37
87 Worker 3 accepting task 34
87 Worker 4 accepting task 43
87 Worker 4 accepting task 42
87 Worker 1 processing task 38 requiring operations [9, 7]
87 Worker 1 performing operation 7 on task 38
87 Worker 3 processing task 34 requiring operations [8]
87 Worker 3 performing operation 8 on task 34
87 Worker 4 processing task 37 requiring operations [1]
87 Worker 4 forwarding task 37
88 Generated task 44
88 Worker 4 accepting task 44
88 Worker 1 accepting task 38
88 Task 34 completed!
88 Worker 0 accepting task 37
88 Worker 1 processing task 40 requiring operations [5, 6, 2]
88 Worker 1 performing operation 2 on task 40
88 Worker 4 processing task 43 requiring operations [5, 6, 3]
88 Worker 4 performing operation 6 on task 43
88 Worker 0 processing task 37 requiring operations [1]
88 Worker 0 performing operation 1 on task 37
89 Worker 1 accepting task 40
89 Worker 4 accepting task 43
89 Task 37 completed!
89 Worker 1 processing task 29 requiring operations [3]
89 Worker 1 forwarding task 29
89 Worker 4 processing task 42 requiring operations [9, 10]
89 Worker 4 forwarding task 42
90 Generated task 45
90 Worker 2 accepting task 45
90 Worker 2 accepting task 29
90 Worker 0 accepting task 42
90 Worker 1 processing task 41 requiring operations [4, 5, 9]
90 Worker 1 performing operation 9 on task 41
90 Worker 4 processing task 44 requiring operations [4, 1, 2]
90 Worker 4 forwarding task 44
90 Worker 2 processing task 45 requiring operations [3, 1, 4]
90 Worker 2 forwarding task 45
90 Worker 0 processing task 42 requiring operations [9, 10]
90 Worker 0 forwarding task 42
91 Worker 1 accepting task 41
91 Worker 0 accepting task 44
91 Worker 3 accepting task 45
91 Worker 4 accepting task 42
91 Worker 1 processing task 31 requiring operations [3]
91 Worker 1 forwarding task 31
91 Worker 4 processing task 43 requiring operations [5, 3]
91 Worker 4 performing operation 5 on task 43
91 Worker 2 processing task 29 requiring operations [3]
91 Worker 2 forwarding task 29
91 Worker 0 processing task 44 requiring operations [4, 1, 2]
91 Worker 0 performing operation 1 on task 44
91 Worker 3 processing task 45 requiring operations [3, 1, 4]
91 Worker 3 performing operation 3 on task 45
92 Generated task 46
92 Worker 1 accepting task 46
92 Worker 4 accepting task 31
92 Worker 4 accepting task 43
92 Worker 0 accepting task 29
92 Worker 0 accepting task 44
92 Worker 3 accepting task 45
92 Worker 1 processing task 35 requiring operations [1]
92 Worker 1 forwarding task 35
92 Worker 4 processing task 42 requiring operations [9, 10]
92 Worker 4 forwarding task 42
92 Worker 0 processing task 29 requiring operations [3]
92 Worker 0 forwarding task 29
92 Worker 3 processing task 45 requiring operations [1, 4]
92 Worker 3 performing operation 4 on task 45
93 Worker 4 accepting task 35
93 Worker 3 accepting task 42
93 Worker 2 accepting task 29
93 Worker 3 accepting task 45
93 Worker 1 processing task 36 requiring operations [3]
93 Worker 1 forwarding task 36
93 Worker 4 processing task 31 requiring operations [3]
93 Worker 4 forwarding task 31
93 Worker 0 processing task 44 requiring operations [4, 2]
93 Worker 0 forwarding task 44
93 Worker 3 processing task 42 requiring operations [9, 10]
93 Worker 3 forwarding task 42
93 Worker 2 processing task 29 requiring operations [3]
93 Worker 2 forwarding task 29
94 Generated task 47
94 Worker 4 accepting task 47
94 Worker 3 accepting task 36
94 Worker 3 accepting task 31
94 Worker 2 accepting task 44
94 Worker 2 accepting task 42
94 Worker 3 accepting task 29
94 Worker 1 processing task 39 requiring operations [4, 1]
94 Worker 1 performing operation 4 on task 39
94 Worker 4 processing task 43 requiring operations [3]
94 Worker 4 forwarding task 43
94 Worker 3 processing task 45 requiring operations [1]
94 Worker 3 forwarding task 45
94 Worker 2 processing task 44 requiring operations [4, 2]
94 Worker 2 performing operation 2 on task 44
95 Worker 1 accepting task 39
95 Worker 2 accepting task 43
95 Worker 1 accepting task 45
95 Worker 2 accepting task 44
95 Worker 1 processing task 38 requiring operations [9]
95 Worker 1 performing operation 9 on task 38
95 Worker 4 processing task 35 requiring operations [1]
95 Worker 4 forwarding task 35
95 Worker 3 processing task 36 requiring operations [3]
95 Worker 3 performing operation 3 on task 36
95 Worker 2 processing task 42 requiring operations [9, 10]
95 Worker 2 performing operation 9 on task 42
96 Generated task 48
96 Worker 2 accepting task 48
96 Task 38 completed!
96 Worker 3 accepting task 35
96 Task 36 completed!
96 Worker 2 accepting task 42
96 Worker 1 processing task 40 requiring operations [5, 6]
96 Worker 1 forwarding task 40
96 Worker 4 processing task 47 requiring operations [9, 10, 1]
96 Worker 4 forwarding task 47
96 Worker 3 processing task 31 requiring operations [3]
96 Worker 3 performing operation 3 on task 31
96 Worker 2 processing task 43 requiring operations [3]
96 Worker 2 forwarding task 43
97 Worker 3 accepting task 40
97 Worker 0 accepting task 47
97 Task 31 completed!
97 Worker 0 accepting task 43
97 Worker 1 processing task 41 requiring operations [4, 5]
97 Worker 1 performing operation 4 on task 41
97 Worker 3 processing task 29 requiring operations [3]
97 Worker 3 performing operation 3 on task 29
97 Worker 2 processing task 44 requiring operations [4]
97 Worker 2 forwarding task 44
97 Worker 0 processing task 47 requiring operations [9, 10, 1]
97 Worker 0 performing operation 1 on task 47
98 Generated task 49
98 Worker 0 accepting task 49
98 Worker 1 accepting task 41
98 Task 29 completed!
98 Worker 1 accepting task 44
98 Worker 0 accepting task 47
98 Worker 1 processing task 46 requiring operations [3, 2, 7]
98 Worker 1 performing operation 7 on task 46
98 Worker 3 processing task 35 requiring operations [1]
98 Worker 3 forwarding task 35
98 Worker 2 processing task 48 requiring operations [6, 10, 8]
98 Worker 2 forwarding task 48
98 Worker 0 processing task 43 requiring operations [3]
98 Worker 0 forwarding task 43
99 Worker 1 accepting task 46
99 Worker 1 accepting task 35
99 Worker 4 accepting task 48
99 Worker 3 accepting task 43
99 Worker 1 processing task 39 requiring operations [1]
99 Worker 1 forwarding task 39
99 Worker 3 processing task 40 requiring operations [5, 6]
99 Worker 3 performing operation 5 on task 40
99 Worker 2 processing task 42 requiring operations [10]
99 Worker 2 forwarding task 42
99 Worker 0 processing task 49 requiring operations [1, 6, 10]
99 Worker 0 performing operation 1 on task 49
99 Worker 4 processing task 48 requiring operations [6, 10, 8]
99 Worker 4 performing operation 6 on task 48
100 Generated task 50
100 Worker 1 accepting task 50
100 Worker 0 accepting task 39
100 Worker 3 accepting task 40
100 Worker 1 accepting task 42
100 Worker 0 accepting task 49
100 Worker 4 accepting task 48
100 Worker 1 processing task 45 requiring operations [1]
100 Worker 1 forwarding task 45
100 Worker 3 processing task 43 requiring operations [3]
100 Worker 3 performing operation 3 on task 43
100 Worker 0 processing task 47 requiring operations [9, 10]
100 Worker 0 forwarding task 47
100 Worker 4 processing task 48 requiring operations [10, 8]
100 Worker 4 forwarding task 48
101 Worker 4 accepting task 45
101 Task 43 completed!
101 Worker 1 accepting task 47
101 Worker 1 accepting task 48
101 Worker 1 processing task 41 requiring operations [5]
101 Worker 1 forwarding task 41
101 Worker 3 processing task 40 requiring operations [6]
101 Worker 3 forwarding task 40
101 Worker 0 processing task 39 requiring operations [1]
101 Worker 0 performing operation 1 on task 39
101 Worker 4 processing task 45 requiring operations [1]
101 Worker 4 forwarding task 45
102 Generated task 51
102 Worker 4 accepting task 51
102 Worker 2 accepting task 41
102 Worker 2 accepting task 40
102 Task 39 completed!
102 Worker 1 accepting task 45
102 Worker 1 processing task 44 requiring operations [4]
102 Worker 1 performing operation 4 on task 44
102 Worker 0 processing task 49 requiring operations [6, 10]
102 Worker 0 forwarding task 49
102 Worker 4 processing task 51 requiring operations [10, 8, 9]
102 Worker 4 forwarding task 51
102 Worker 2 processing task 41 requiring operations [5]
102 Worker 2 forwarding task 41
103 Task 44 completed!
103 Worker 3 accepting task 49
103 Worker 1 accepting task 51
103 Worker 0 accepting task 41
103 Worker 1 processing task 46 requiring operations [3, 2]
103 Worker 1 performing operation 2 on task 46
103 Worker 2 processing task 40 requiring operations [6]
103 Worker 2 forwarding task 40
103 Worker 3 processing task 49 requiring operations [6, 10]
103 Worker 3 forwarding task 49
103 Worker 0 processing task 41 requiring operations [5]
103 Worker 0 forwarding task 41
104 Generated task 52
104 Worker 3 accepting task 52
104 Worker 1 accepting task 46
104 Worker 0 accepting task 40
104 Worker 1 accepting task 49
104 Worker 3 accepting task 41
104 Worker 1 processing task 35 requiring operations [1]
104 Worker 1 forwarding task 35
104 Worker 3 processing task 52 requiring operations [2, 7, 9]
104 Worker 3 performing operation 7 on task 52
104 Worker 0 processing task 40 requiring operations [6]
104 Worker 0 forwarding task 40
105 Worker 3 accepting task 35
105 Worker 3 accepting task 52
105 Worker 1 accepting task 40
105 Worker 1 processing task 50 requiring operations [7, 5, 2]
105 Worker 1 performing operation 7 on task 50
105 Worker 3 processing task 41 requiring operations [5]
105 Worker 3 performing operation 5 on task 41
106 Generated task 53
106 Worker 1 accepting task 53
106 Worker 1 accepting task 50
106 Task 41 completed!
106 Worker 1 processing task 42 requiring operations [10]
106 Worker 1 performing operation 10 on task 42
106 Worker 3 processing task 35 requiring operations [1]
106 Worker 3 forwarding task 35
107 Task 42 completed!
107 Worker 4 accepting task 35
107 Worker 1 processing task 47 requiring operations [9, 10]
107 Worker 1 performing operation 9 on task 47
107 Worker 3 processing task 52 requiring operations [2, 9]
107 Worker 3 forwarding task 52
107 Worker 4 processing task 35 requiring operations [1]
107 Worker 4 forwarding task 35
108 Generated task 54
108 Worker 4 accepting task 54
108 Worker 1 accepting task 47
108 Worker 0 accepting task 52
108 Worker 1 accepting task 35
108 Worker 1 processing task 48 requiring operations [10, 8]
108 Worker 1 performing operation 10 on task 48
108 Worker 4 processing task 54 requiring operations [9, 6, 1]
108 Worker 4 performing operation 6 on task 54
108 Worker 0 processing task 52 requiring operations [2, 9]
108 Worker 0 forwarding task 52
109 Worker 1 accepting task 48
109 Worker 4 accepting task 54
109 Worker 1 accepting task 52
109 Worker 1 processing task 45 requiring operations [1]
109 Worker 1 forwarding task 45
109 Worker 4 processing task 54 requiring operations [9, 1]
109 Worker 4 forwarding task 54
110 Generated task 55
110 Worker 3 accepting task 55
110 Worker 2 accepting task 45
110 Worker 3 accepting task 54
110 Worker 1 processing task 51 requiring operations [10, 8, 9]
110 Worker 1 performing operation 10 on task 51
110 Worker 3 processing task 55 requiring operations [8, 6, 1]
110 Worker 3 performing operation 8 on task 55
110 Worker 2 processing task 45 requiring operations [1]
110 Worker 2 forwarding task 45
111 Worker 1 accepting task 51
111 Worker 3 accepting task 55
111 Worker 4 accepting task 45
111 Worker 1 processing task 46 requiring operations [3]
111 Worker 1 forwarding task 46
111 Worker 3 processing task 54 requiring operations [9, 1]
111 Worker 3 forwarding task 54
111 Worker 4 processing task 45 requiring operations [1]
111 Worker 4 forwarding task 45
112 Generated task 56
112 Worker 0 accepting task 56
112 Worker 3 accepting task 46
112 Worker 1 accepting task 54
112 Worker 1 accepting task 45
112 Worker 1 processing task 49 requiring operations [6, 10]
112 Worker 1 performing operation 10 on task 49
112 Worker 3 processing task 55 requiring operations [6, 1]
112 Worker 3 forwarding task 55
112 Worker 0 processing task 56 requiring operations [1, 7, 2]
112 Worker 0 performing operation 1 on task 56
113 Worker 1 accepting task 49
113 Worker 1 accepting task 55
113 Worker 0 accepting task 56
113 Worker 1 processing task 40 requiring operations [6]
113 Worker 1 forwarding task 40
113 Worker 3 processing task 46 requiring operations [3]
113 Worker 3 performing operation 3 on task 46
113 Worker 0 processing task 56 requiring operations [7, 2]
113 Worker 0 forwarding task 56
114 Generated task 57
114 Worker 3 accepting task 57
114 Worker 2 accepting task 40
114 Task 46 completed!
114 Worker 1 accepting task 56
114 Worker 1 processing task 53 requiring operations [8, 4, 2]
114 Worker 1 performing operation 4 on task 53
114 Worker 3 processing task 57 requiring operations [1, 5, 3]
114 Worker 3 performing operation 5 on task 57
114 Worker 2 processing task 40 requiring operations [6]
114 Worker 2 forwarding task 40
115 Worker 1 accepting task 53
115 Worker 3 accepting task 57
115 Worker 1 accepting task 40
115 Worker 1 processing task 50 requiring operations [5, 2]
115 Worker 1 performing operation 2 on task 50
115 Worker 3 processing task 57 requiring operations [1, 3]
115 Worker 3 performing operation 3 on task 57
116 Generated task 58
116 Worker 2 accepting task 58
116 Worker 1 accepting task 50
116 Worker 3 accepting task 57
116 Worker 1 processing task 47 requiring operations [10]
116 Worker 1 performing operation 10 on task 47
116 Worker 3 processing task 57 requiring operations [1]
116 Worker 3 forwarding task 57
116 Worker 2 processing task 58 requiring operations [5, 1, 9]
116 Worker 2 performing operation 9 on task 58
117 Task 47 completed!
117 Worker 0 accepting task 57
117 Worker 2 accepting task 58
117 Worker 1 processing task 35 requiring operations [1]
117 Worker 1 forwarding task 35
117 Worker 2 processing task 58 requiring operations [5, 1]
117 Worker 2 forwarding task 58
117 Worker 0 processing task 57 requiring operations [1]
117 Worker 0 performing operation 1 on task 57
118 Generated task 59
118 Worker 3 accepting task 59
118 Worker 0 accepting task 35
118 Worker 1 accepting task 58
118 Task 57 completed!
118 Worker 1 processing task 48 requiring operations [8]
118 Worker 1 forwarding task 48
118 Worker 0 processing task 35 requiring operations [1]
118 Worker 0 performing operation 1 on task 35
118 Worker 3 processing task 59 requiring operations [6, 9, 7]
118 Worker 3 performing operation 7 on task 59
119 Worker 3 accepting task 48
119 Task 35 completed!
119 Worker 3 accepting task 59
119 Worker 1 processing task 52 requiring operations [2, 9]
119 Worker 1 performing operation 9 on task 52
119 Worker 3 processing task 48 requiring operations [8]
119 Worker 3 performing operation 8 on task 48
120 Generated task 60
120 Worker 4 accepting task 60
120 Worker 1 accepting task 52
120 Task 48 completed!
120 Worker 1 processing task 51 requiring operations [8, 9]
120 Worker 1 performing operation 9 on task 51
120 Worker 3 processing task 59 requiring operations [6, 9]
120 Worker 3 forwarding task 59
120 Worker 4 processing task 60 requiring operations [5, 3, 8]
120 Worker 4 performing operation 5 on task 60
121 Worker 1 accepting task 51
121 Worker 4 accepting task 59
121 Worker 4 accepting task 60
121 Worker 1 processing task 54 requiring operations [9, 1]
121 Worker 1 performing operation 9 on task 54
121 Worker 4 processing task 59 requiring operations [6, 9]
121 Worker 4 performing operation 6 on task 59
122 Generated task 61
122 Worker 3 accepting task 61
122 Worker 1 accepting task 54
122 Worker 4 accepting task 59
122 Worker 1 processing task 45 requiring operations [1]
122 Worker 1 forwarding task 45
122 Worker 4 processing task 60 requiring operations [3, 8]
122 Worker 4 forwarding task 60
122 Worker 3 processing task 61 requiring operations [1, 5, 8]
122 Worker 3 performing operation 5 on task 61
123 Worker 3 accepting task 45
123 Worker 2 accepting task 60
123 Worker 3 accepting task 61
123 Worker 1 processing task 49 requiring operations [6]
123 Worker 1 forwarding task 49
123 Worker 4 processing task 59 requiring operations [9]
123 Worker 4 forwarding task 59
123 Worker 3 processing task 45 requiring operations [1]
123 Worker 3 forwarding task 45
123 Worker 2 processing task 60 requiring operations [3, 8]
123 Worker 2 forwarding task 60
124 Generated task 62
124 Worker 2 accepting task 62
124 Worker 0 accepting task 49
124 Worker 0 accepting task 59
124 Worker 4 accepting task 45
124 Worker 0 accepting task 60
124 Worker 1 processing task 55 requiring operations [6, 1]
124 Worker 1 forwarding task 55
124 Worker 3 processing task 61 requiring operations [1, 8]
124 Worker 3 performing operation 8 on task 61
124 Worker 2 processing task 62 requiring operations [7, 10, 5]
124 Worker 2 forwarding task 62
124 Worker 0 processing task 49 requiring operations [6]
124 Worker 0 forwarding task 49
124 Worker 4 processing task 45 requiring operations [1]
124 Worker 4 forwarding task 45
125 Worker 0 accepting task 55
125 Worker 3 accepting task 61
125 Worker 3 accepting task 62
125 Worker 2 accepting task 49
125 Worker 3 accepting task 45
125 Worker 1 processing task 56 requiring operations [7, 2]
125 Worker 1 performing operation 7 on task 56
125 Worker 3 processing task 61 requiring operations [1]
125 Worker 3 forwarding task 61
125 Worker 0 processing task 59 requiring operations [9]
125 Worker 0 forwarding task 59
125 Worker 2 processing task 49 requiring operations [6]
125 Worker 2 forwarding task 49
126 Generated task 63
126 Worker 3 accepting task 63
126 Worker 1 accepting task 56
126 Worker 1 accepting task 61
126 Worker 4 accepting task 59
126 Worker 0 accepting task 49
126 Worker 1 processing task 53 requiring operations [8, 2]
126 Worker 1 performing operation 2 on task 53
126 Worker 3 processing task 62 requiring operations [7, 10, 5]
126 Worker 3 performing operation 7 on task 62
126 Worker 0 processing task 60 requiring operations [3, 8]
126 Worker 0 forwarding task 60
126 Worker 4 processing task 59 requiring operations [9]
126 Worker 4 forwarding task 59
127 Worker 1 accepting task 53
127 Worker 3 accepting task 62
127 Worker 2 accepting task 60
127 Worker 0 accepting task 59
127 Worker 1 processing task 40 requiring operations [6]
127 Worker 1 forwarding task 40
127 Worker 3 processing task 45 requiring operations [1]
127 Worker 3 forwarding task 45
127 Worker 0 processing task 55 requiring operations [6, 1]
127 Worker 0 performing operation 1 on task 55
127 Worker 2 processing task 60 requiring operations [3, 8]
127 Worker 2 forwarding task 60
128 Generated task 64
128 Worker 2 accepting task 64
128 Worker 4 accepting task 40
128 Worker 1 accepting task 45
128 Worker 0 accepting task 55
128 Worker 4 accepting task 60
128 Worker 1 processing task 50 requiring operations [5]
128 Worker 1 forwarding task 50
128 Worker 3 processing task 63 requiring operations [10, 2, 8]
128 Worker 3 performing operation 8 on task 63
128 Worker 0 processing task 49 requiring operations [6]
128 Worker 0 forwarding task 49
128 Worker 2 processing task 64 requiring operations [9, 5, 2]
128 Worker 2 performing operation 2 on task 64
128 Worker 4 processing task 40 requiring operations [6]
128 Worker 4 performing operation 6 on task 40
129 Worker 4 accepting task 50
129 Worker 3 accepting task 63
129 Worker 2 accepting task 49
129 Worker 2 accepting task 64
129 Task 40 completed!
129 Worker 1 processing task 58 requiring operations [5, 1]
129 Worker 1 forwarding task 58
129 Worker 3 processing task 62 requiring operations [10, 5]
129 Worker 3 performing operation 5 on task 62
129 Worker 0 processing task 59 requiring operations [9]
129 Worker 0 forwarding task 59
129 Worker 2 processing task 49 requiring operations [6]
129 Worker 2 forwarding task 49
129 Worker 4 processing task 60 requiring operations [3, 8]
129 Worker 4 forwarding task 60
130 Generated task 65
130 Worker 3 accepting task 65
130 Worker 2 accepting task 58
130 Worker 3 accepting task 62
130 Worker 1 accepting task 59
130 Worker 1 accepting task 49
130 Worker 2 accepting task 60
130 Worker 1 processing task 52 requiring operations [2]
130 Worker 1 performing operation 2 on task 52
130 Worker 3 processing task 63 requiring operations [10, 2]
130 Worker 3 forwarding task 63
130 Worker 0 processing task 55 requiring operations [6]
130 Worker 0 forwarding task 55
130 Worker 2 processing task 64 requiring operations [9, 5]
130 Worker 2 performing operation 9 on task 64
130 Worker 4 processing task 50 requiring operations [5]
130 Worker 4 performing operation 5 on task 50
131 Task 52 completed!
131 Worker 1 accepting task 63
131 Worker 4 accepting task 55
131 Worker 2 accepting task 64
131 Task 50 completed!
131 Worker 1 processing task 51 requiring operations [8]
131 Worker 1 forwarding task 51
131 Worker 3 processing task 65 requiring operations [9, 1, 8]
131 Worker 3 performing operation 8 on task 65
131 Worker 2 processing task 58 requiring operations [5, 1]
131 Worker 2 forwarding task 58
131 Worker 4 processing task 55 requiring operations [6]
131 Worker 4 performing operation 6 on task 55
132 Generated task 66
132 Worker 3 accepting task 66
132 Worker 2 accepting task 51
132 Worker 3 accepting task 65
132 Worker 4 accepting task 58
132 Task 55 completed!
132 Worker 1 processing task 54 requiring operations [1]
132 Worker 1 forwarding task 54
132 Worker 3 processing task 62 requiring operations [10]
132 Worker 3 forwarding task 62
132 Worker 2 processing task 60 requiring operations [3, 8]
132 Worker 2 forwarding task 60
132 Worker 4 processing task 58 requiring operations [5, 1]
132 Worker 4 performing operation 5 on task 58
133 Worker 4 accepting task 54
133 Worker 0 accepting task 62
133 Worker 1 accepting task 60
133 Worker 4 accepting task 58
133 Worker 1 processing task 56 requiring operations [2]
133 Worker 1 performing operation 2 on task 56
133 Worker 3 processing task 66 requiring operations [10, 3, 6]
133 Worker 3 performing operation 3 on task 66
133 Worker 2 processing task 64 requiring operations [5]
133 Worker 2 forwarding task 64
133 Worker 4 processing task 54 requiring operations [1]
133 Worker 4 forwarding task 54
133 Worker 0 processing task 62 requiring operations [10]
133 Worker 0 forwarding task 62
134 Generated task 67
134 Worker 4 accepting task 67
134 Task 56 completed!
134 Worker 3 accepting task 66
134 Worker 0 accepting task 64
134 Worker 2 accepting task 54
134 Worker 1 accepting task 62
134 Worker 1 processing task 61 requiring operations [1]
134 Worker 1 forwarding task 61
134 Worker 3 processing task 65 requiring operations [9, 1]
134 Worker 3 forwarding task 65
134 Worker 2 processing task 51 requiring operations [8]
134 Worker 2 forwarding task 51
134 Worker 4 processing task 58 requiring operations [1]
134 Worker 4 forwarding task 58
134 Worker 0 processing task 64 requiring operations [5]
134 Worker 0 forwarding task 64
135 Worker 2 accepting task 61
135 Worker 1 accepting task 65
135 Worker 4 accepting task 51
135 Worker 0 accepting task 58
135 Worker 1 accepting task 64
135 Worker 1 processing task 53 requiring operations [8]
135 Worker 1 forwarding task 53
135 Worker 3 processing task 66 requiring operations [10, 6]
135 Worker 3 forwarding task 66
135 Worker 2 processing task 54 requiring operations [1]
135 Worker 2 forwarding task 54
135 Worker 4 processing task 67 requiring operations [3, 10, 1]
135 Worker 4 forwarding task 67
135 Worker 0 processing task 58 requiring operations [1]
135 Worker 0 performing operation 1 on task 58
136 Generated task 68
136 Worker 1 accepting task 68
136 Worker 0 accepting task 53
136 Worker 4 accepting task 66
136 Worker 0 accepting task 54
136 Worker 0 accepting task 67
136 Task 58 completed!
136 Worker 1 processing task 45 requiring operations [1]
136 Worker 1 forwarding task 45
136 Worker 2 processing task 61 requiring operations [1]
136 Worker 2 forwarding task 61
136 Worker 4 processing task 51 requiring operations [8]
136 Worker 4 forwarding task 51
136 Worker 0 processing task 53 requiring operations [8]
136 Worker 0 forwarding task 53
137 Worker 2 accepting task 45
137 Worker 4 accepting task 61
137 Worker 2 accepting task 51
137 Worker 1 accepting task 53
137 Worker 1 processing task 59 requiring operations [9]
137 Worker 1 performing operation 9 on task 59
137 Worker 2 processing task 45 requiring operations [1]
137 Worker 2 forwarding task 45
137 Worker 4 processing task 66 requiring operations [10, 6]
137 Worker 4 performing operation 6 on task 66
137 Worker 0 processing task 54 requiring operations [1]
137 Worker 0 performing operation 1 on task 54
138 Generated task 69
138 Worker 0 accepting task 69
138 Task 59 completed!
138 Worker 4 accepting task 45
138 Worker 4 accepting task 66
138 Task 54 completed!
138 Worker 1 processing task 49 requiring operations [6]
138 Worker 1 forwarding task 49
138 Worker 2 processing task 51 requiring operations [8]
138 Worker 2 forwarding task 51
138 Worker 4 processing task 61 requiring operations [1]
138 Worker 4 forwarding task 61
138 Worker 0 processing task 67 requiring operations [3, 10, 1]
138 Worker 0 performing operation 1 on task 67
139 Worker 0 accepting task 49
139 Worker 1 accepting task 51
139 Worker 1 accepting task 61
139 Worker 0 accepting task 67
139 Worker 1 processing task 63 requiring operations [10, 2]
139 Worker 1 performing operation 10 on task 63
139 Worker 4 processing task 45 requiring operations [1]
139 Worker 4 forwarding task 45
139 Worker 0 processing task 69 requiring operations [1, 7, 2]
139 Worker 0 performing operation 1 on task 69
140 Generated task 70
140 Worker 0 accepting task 70
140 Worker 1 accepting task 63
140 Worker 1 accepting task 45
140 Worker 0 accepting task 69
140 Worker 1 processing task 60 requiring operations [3, 8]
140 Worker 1 forwarding task 60
140 Worker 4 processing task 66 requiring operations [10]
140 Worker 4 forwarding task 66
140 Worker 0 processing task 49 requiring operations [6]
140 Worker 0 forwarding task 49
