Worker 0 can perform operations {9, 5, 6}
Worker 1 can perform operations {9, 3, 7}
Worker 2 can perform operations {8, 1, 4}
Worker 3 can perform operations {8, 2, 6}
Worker 4 can perform operations {10, 3}
Building network type full-connect
Worker 0 connecting to worker 1
Worker 0 connecting to worker 2
Worker 0 connecting to worker 3
Worker 0 connecting to worker 4
Worker 1 connecting to worker 0
Worker 1 connecting to worker 2
Worker 1 connecting to worker 3
Worker 1 connecting to worker 4
Worker 2 connecting to worker 0
Worker 2 connecting to worker 1
Worker 2 connecting to worker 3
Worker 2 connecting to worker 4
Worker 3 connecting to worker 0
Worker 3 connecting to worker 1
Worker 3 connecting to worker 2
Worker 3 connecting to worker 4
Worker 4 connecting to worker 0
Worker 4 connecting to worker 1
Worker 4 connecting to worker 2
Worker 4 connecting to worker 3
Entry nodes are [0, 1, 2, 3, 4]
0 Generated task 0
0 Worker 1 accepting task 0
0 Worker 1 processing task 0 requiring operations [5, 3, 4]
0 Worker 1 performing operation 3 on task 0
1 Worker 1 accepting task 0
1 Worker 1 processing task 0 requiring operations [5, 4]
1 Worker 1 forwarding task 0
2 Generated task 1
2 Worker 4 accepting task 1
2 Worker 0 accepting task 0
2 Worker 4 processing task 1 requiring operations [6, 5, 10]
2 Worker 4 performing operation 10 on task 1
2 Worker 0 processing task 0 requiring operations [5, 4]
2 Worker 0 performing operation 5 on task 0
3 Worker 4 accepting task 1
3 Worker 0 accepting task 0
3 Worker 4 processing task 1 requiring operations [6, 5]
3 Worker 4 forwarding task 1
3 Worker 0 processing task 0 requiring operations [4]
3 Worker 0 forwarding task 0
4 Generated task 2
4 Worker 3 accepting task 2
4 Worker 2 accepting task 1
4 Worker 2 accepting task 0
4 Worker 3 processing task 2 requiring operations [10, 8, 5]
4 Worker 3 performing operation 8 on task 2
4 Worker 2 processing task 1 requiring operations [6, 5]
4 Worker 2 forwarding task 1
5 Worker 3 accepting task 2
5 Worker 3 accepting task 1
5 Worker 3 processing task 2 requiring operations [10, 5]
5 Worker 3 forwarding task 2
5 Worker 2 processing task 0 requiring operations [4]
5 Worker 2 performing operation 4 on task 0
6 Generated task 3
6 Worker 2 accepting task 3
6 Worker 4 accepting task 2
6 Task 0 completed!
6 Worker 3 processing task 1 requiring operations [6, 5]
6 Worker 3 performing operation 6 on task 1
6 Worker 2 processing task 3 requiring operations [7, 1, 10]
6 Worker 2 performing operation 1 on task 3
6 Worker 4 processing task 2 requiring operations [10, 5]
6 Worker 4 performing operation 10 on task 2
7 Worker 3 accepting task 1
7 Worker 2 accepting task 3
7 Worker 4 accepting task 2
7 Worker 3 processing task 1 requiring operations [5]
7 Worker 3 forwarding task 1
7 Worker 2 processing task 3 requiring operations [7, 10]
7 Worker 2 forwarding task 3
7 Worker 4 processing task 2 requiring operations [5]
7 Worker 4 forwarding task 2
8 Generated task 4
8 Worker 3 accepting task 4
8 Worker 1 accepting task 1
8 Worker 4 accepting task 3
8 Worker 2 accepting task 2
8 Worker 3 processing task 4 requiring operations [1, 3, 4]
8 Worker 3 forwarding task 4
8 Worker 4 processing task 3 requiring operations [7, 10]
8 Worker 4 performing operation 10 on task 3
8 Worker 1 processing task 1 requiring operations [5]
8 Worker 1 forwarding task 1
8 Worker 2 processing task 2 requiring operations [5]
8 Worker 2 forwarding task 2
9 Worker 4 accepting task 4
9 Worker 4 accepting task 3
9 Worker 2 accepting task 1
9 Worker 3 accepting task 2
9 Worker 4 processing task 4 requiring operations [1, 3, 4]
9 Worker 4 performing operation 3 on task 4
9 Worker 2 processing task 1 requiring operations [5]
9 Worker 2 forwarding task 1
9 Worker 3 processing task 2 requiring operations [5]
9 Worker 3 forwarding task 2
10 Generated task 5
10 Worker 1 accepting task 5
10 Worker 4 accepting task 4
10 Worker 3 accepting task 1
10 Worker 4 accepting task 2
10 Worker 4 processing task 3 requiring operations [7]
10 Worker 4 forwarding task 3
10 Worker 3 processing task 1 requiring operations [5]
10 Worker 3 forwarding task 1
10 Worker 1 processing task 5 requiring operations [2, 6, 5]
10 Worker 1 forwarding task 5
11 Worker 2 accepting task 3
11 Worker 0 accepting task 1
11 Worker 4 accepting task 5
11 Worker 4 processing task 4 requiring operations [1, 4]
11 Worker 4 forwarding task 4
11 Worker 2 processing task 3 requiring operations [7]
11 Worker 2 forwarding task 3
11 Worker 0 processing task 1 requiring operations [5]
11 Worker 0 performing operation 5 on task 1
12 Generated task 6
12 Worker 2 accepting task 6
12 Worker 3 accepting task 4
12 Worker 1 accepting task 3
12 Task 1 completed!
12 Worker 4 processing task 2 requiring operations [5]
12 Worker 4 forwarding task 2
12 Worker 2 processing task 6 requiring operations [1, 5, 4]
12 Worker 2 performing operation 1 on task 6
12 Worker 3 processing task 4 requiring operations [1, 4]
12 Worker 3 forwarding task 4
12 Worker 1 processing task 3 requiring operations [7]
12 Worker 1 performing operation 7 on task 3
13 Worker 2 accepting task 2
13 Worker 2 accepting task 6
13 Worker 4 accepting task 4
13 Task 3 completed!
13 Worker 4 processing task 5 requiring operations [2, 6, 5]
13 Worker 4 forwarding task 5
13 Worker 2 processing task 2 requiring operations [5]
13 Worker 2 forwarding task 2
14 Generated task 7
14 Worker 1 accepting task 7
14 Worker 2 accepting task 5
14 Worker 4 accepting task 2
14 Worker 4 processing task 4 requiring operations [1, 4]
14 Worker 4 forwarding task 4
14 Worker 2 processing task 6 requiring operations [5, 4]
14 Worker 2 performing operation 4 on task 6
14 Worker 1 processing task 7 requiring operations [5, 9, 4]
14 Worker 1 performing operation 9 on task 7
15 Worker 3 accepting task 4
15 Worker 2 accepting task 6
15 Worker 1 accepting task 7
15 Worker 4 processing task 2 requiring operations [5]
15 Worker 4 forwarding task 2
15 Worker 2 processing task 5 requiring operations [2, 6, 5]
15 Worker 2 forwarding task 5
15 Worker 1 processing task 7 requiring operations [5, 4]
15 Worker 1 forwarding task 7
15 Worker 3 processing task 4 requiring operations [1, 4]
15 Worker 3 forwarding task 4
16 Generated task 8
16 Worker 0 accepting task 8
16 Worker 3 accepting task 2
16 Worker 3 accepting task 5
16 Worker 4 accepting task 7
16 Worker 2 accepting task 4
16 Worker 2 processing task 6 requiring operations [5]
16 Worker 2 forwarding task 6
16 Worker 3 processing task 2 requiring operations [5]
16 Worker 3 forwarding task 2
16 Worker 0 processing task 8 requiring operations [8, 9, 1]
16 Worker 0 performing operation 9 on task 8
16 Worker 4 processing task 7 requiring operations [5, 4]
16 Worker 4 forwarding task 7
17 Worker 3 accepting task 6
17 Worker 4 accepting task 2
17 Worker 0 accepting task 8
17 Worker 1 accepting task 7
17 Worker 2 processing task 4 requiring operations [1, 4]
17 Worker 2 performing operation 1 on task 4
17 Worker 3 processing task 5 requiring operations [2, 6, 5]
17 Worker 3 performing operation 2 on task 5
17 Worker 0 processing task 8 requiring operations [8, 1]
17 Worker 0 forwarding task 8
17 Worker 4 processing task 2 requiring operations [5]
17 Worker 4 forwarding task 2
17 Worker 1 processing task 7 requiring operations [5, 4]
17 Worker 1 forwarding task 7
18 Generated task 9
18 Worker 0 accepting task 9
18 Worker 2 accepting task 4
18 Worker 3 accepting task 5
18 Worker 1 accepting task 8
18 Worker 0 accepting task 2
18 Worker 3 accepting task 7
18 Worker 2 processing task 4 requiring operations [4]
18 Worker 2 performing operation 4 on task 4
18 Worker 3 processing task 6 requiring operations [5]
18 Worker 3 forwarding task 6
18 Worker 0 processing task 9 requiring operations [3, 2, 8]
18 Worker 0 forwarding task 9
18 Worker 1 processing task 8 requiring operations [8, 1]
18 Worker 1 forwarding task 8
19 Task 4 completed!
19 Worker 0 accepting task 6
19 Worker 1 accepting task 9
19 Worker 0 accepting task 8
19 Worker 3 processing task 5 requiring operations [6, 5]
19 Worker 3 performing operation 6 on task 5
19 Worker 0 processing task 2 requiring operations [5]
19 Worker 0 performing operation 5 on task 2
19 Worker 1 processing task 9 requiring operations [3, 2, 8]
19 Worker 1 performing operation 3 on task 9
20 Generated task 10
20 Worker 4 accepting task 10
20 Worker 3 accepting task 5
20 Task 2 completed!
20 Worker 1 accepting task 9
20 Worker 3 processing task 7 requiring operations [5, 4]
20 Worker 3 forwarding task 7
20 Worker 0 processing task 6 requiring operations [5]
20 Worker 0 performing operation 5 on task 6
20 Worker 1 processing task 9 requiring operations [2, 8]
20 Worker 1 forwarding task 9
20 Worker 4 processing task 10 requiring operations [5, 2, 8]
20 Worker 4 forwarding task 10
21 Worker 1 accepting task 7
21 Task 6 completed!
21 Worker 2 accepting task 9
21 Worker 1 accepting task 10
21 Worker 3 processing task 5 requiring operations [5]
21 Worker 3 forwarding task 5
21 Worker 0 processing task 8 requiring operations [8, 1]
21 Worker 0 forwarding task 8
21 Worker 1 processing task 7 requiring operations [5, 4]
21 Worker 1 forwarding task 7
21 Worker 2 processing task 9 requiring operations [2, 8]
21 Worker 2 performing operation 8 on task 9
22 Generated task 11
22 Worker 1 accepting task 11
22 Worker 4 accepting task 5
22 Worker 3 accepting task 8
22 Worker 2 accepting task 7
22 Worker 2 accepting task 9
22 Worker 1 processing task 10 requiring operations [5, 2, 8]
22 Worker 1 forwarding task 10
22 Worker 2 processing task 7 requiring operations [5, 4]
22 Worker 2 performing operation 4 on task 7
22 Worker 4 processing task 5 requiring operations [5]
22 Worker 4 forwarding task 5
22 Worker 3 processing task 8 requiring operations [8, 1]
22 Worker 3 performing operation 8 on task 8
23 Worker 4 accepting task 10
23 Worker 2 accepting task 7
23 Worker 3 accepting task 5
23 Worker 3 accepting task 8
23 Worker 1 processing task 11 requiring operations [8, 7, 5]
23 Worker 1 performing operation 7 on task 11
23 Worker 2 processing task 9 requiring operations [2]
23 Worker 2 forwarding task 9
23 Worker 4 processing task 10 requiring operations [5, 2, 8]
23 Worker 4 forwarding task 10
23 Worker 3 processing task 5 requiring operations [5]
23 Worker 3 forwarding task 5
24 Generated task 12
24 Worker 1 accepting task 12
24 Worker 1 accepting task 11
24 Worker 4 accepting task 9
24 Worker 3 accepting task 10
24 Worker 0 accepting task 5
24 Worker 1 processing task 12 requiring operations [6, 7, 3]
24 Worker 1 performing operation 7 on task 12
24 Worker 2 processing task 7 requiring operations [5]
24 Worker 2 forwarding task 7
24 Worker 4 processing task 9 requiring operations [2]
24 Worker 4 forwarding task 9
24 Worker 3 processing task 8 requiring operations [1]
24 Worker 3 forwarding task 8
24 Worker 0 processing task 5 requiring operations [5]
24 Worker 0 performing operation 5 on task 5
25 Worker 1 accepting task 12
25 Worker 4 accepting task 7
25 Worker 1 accepting task 9
25 Worker 4 accepting task 8
25 Task 5 completed!
25 Worker 1 processing task 11 requiring operations [8, 5]
25 Worker 1 forwarding task 11
25 Worker 4 processing task 7 requiring operations [5]
25 Worker 4 forwarding task 7
25 Worker 3 processing task 10 requiring operations [5, 2, 8]
25 Worker 3 performing operation 8 on task 10
26 Generated task 13
26 Worker 1 accepting task 13
26 Worker 4 accepting task 11
26 Worker 0 accepting task 7
26 Worker 3 accepting task 10
26 Worker 1 processing task 12 requiring operations [6, 3]
26 Worker 1 performing operation 3 on task 12
26 Worker 4 processing task 8 requiring operations [1]
26 Worker 4 forwarding task 8
26 Worker 3 processing task 10 requiring operations [5, 2]
26 Worker 3 performing operation 2 on task 10
26 Worker 0 processing task 7 requiring operations [5]
26 Worker 0 performing operation 5 on task 7
27 Worker 1 accepting task 12
27 Worker 2 accepting task 8
27 Worker 3 accepting task 10
27 Task 7 completed!
27 Worker 1 processing task 9 requiring operations [2]
27 Worker 1 forwarding task 9
27 Worker 4 processing task 11 requiring operations [8, 5]
27 Worker 4 forwarding task 11
27 Worker 3 processing task 10 requiring operations [5]
27 Worker 3 forwarding task 10
27 Worker 2 processing task 8 requiring operations [1]
27 Worker 2 performing operation 1 on task 8
28 Generated task 14
28 Worker 4 accepting task 14
28 Worker 0 accepting task 9
28 Worker 3 accepting task 11
28 Worker 4 accepting task 10
28 Task 8 completed!
28 Worker 1 processing task 13 requiring operations [2, 4, 9]
28 Worker 1 performing operation 9 on task 13
28 Worker 4 processing task 14 requiring operations [10, 3, 2]
28 Worker 4 performing operation 3 on task 14
28 Worker 3 processing task 11 requiring operations [8, 5]
28 Worker 3 performing operation 8 on task 11
28 Worker 0 processing task 9 requiring operations [2]
28 Worker 0 forwarding task 9
29 Worker 1 accepting task 13
29 Worker 4 accepting task 14
29 Worker 3 accepting task 11
29 Worker 3 accepting task 9
29 Worker 1 processing task 12 requiring operations [6]
29 Worker 1 forwarding task 12
29 Worker 4 processing task 10 requiring operations [5]
29 Worker 4 forwarding task 10
29 Worker 3 processing task 11 requiring operations [5]
29 Worker 3 forwarding task 11
30 Generated task 15
30 Worker 0 accepting task 15
30 Worker 3 accepting task 12
30 Worker 3 accepting task 10
30 Worker 1 accepting task 11
30 Worker 1 processing task 13 requiring operations [2, 4]
30 Worker 1 forwarding task 13
30 Worker 4 processing task 14 requiring operations [10, 2]
30 Worker 4 performing operation 10 on task 14
30 Worker 3 processing task 9 requiring operations [2]
30 Worker 3 performing operation 2 on task 9
30 Worker 0 processing task 15 requiring operations [1, 9, 10]
30 Worker 0 performing operation 9 on task 15
31 Worker 4 accepting task 13
31 Worker 4 accepting task 14
31 Task 9 completed!
31 Worker 0 accepting task 15
31 Worker 1 processing task 11 requiring operations [5]
31 Worker 1 forwarding task 11
31 Worker 4 processing task 13 requiring operations [2, 4]
31 Worker 4 forwarding task 13
31 Worker 3 processing task 12 requiring operations [6]
31 Worker 3 performing operation 6 on task 12
31 Worker 0 processing task 15 requiring operations [1, 10]
31 Worker 0 forwarding task 15
32 Generated task 16
32 Worker 3 accepting task 16
32 Worker 3 accepting task 11
32 Worker 2 accepting task 13
32 Task 12 completed!
32 Worker 3 accepting task 15
32 Worker 4 processing task 14 requiring operations [2]
32 Worker 4 forwarding task 14
32 Worker 3 processing task 10 requiring operations [5]
32 Worker 3 forwarding task 10
32 Worker 2 processing task 13 requiring operations [2, 4]
32 Worker 2 performing operation 4 on task 13
33 Worker 1 accepting task 14
33 Worker 2 accepting task 10
33 Worker 2 accepting task 13
33 Worker 3 processing task 16 requiring operations [4, 10, 7]
33 Worker 3 forwarding task 16
33 Worker 2 processing task 10 requiring operations [5]
33 Worker 2 forwarding task 10
33 Worker 1 processing task 14 requiring operations [2]
33 Worker 1 forwarding task 14
34 Generated task 17
34 Worker 3 accepting task 17
34 Worker 4 accepting task 16
34 Worker 4 accepting task 10
34 Worker 0 accepting task 14
34 Worker 3 processing task 11 requiring operations [5]
34 Worker 3 forwarding task 11
34 Worker 2 processing task 13 requiring operations [2]
34 Worker 2 forwarding task 13
34 Worker 4 processing task 16 requiring operations [4, 10, 7]
34 Worker 4 performing operation 10 on task 16
34 Worker 0 processing task 14 requiring operations [2]
34 Worker 0 forwarding task 14
35 Worker 0 accepting task 11
35 Worker 0 accepting task 13
35 Worker 4 accepting task 16
35 Worker 3 accepting task 14
35 Worker 3 processing task 15 requiring operations [1, 10]
35 Worker 3 forwarding task 15
35 Worker 4 processing task 10 requiring operations [5]
35 Worker 4 forwarding task 10
35 Worker 0 processing task 11 requiring operations [5]
35 Worker 0 performing operation 5 on task 11
36 Generated task 18
36 Worker 4 accepting task 18
36 Worker 1 accepting task 15
36 Worker 0 accepting task 10
36 Task 11 completed!
36 Worker 3 processing task 17 requiring operations [2, 7, 10]
36 Worker 3 performing operation 2 on task 17
36 Worker 4 processing task 16 requiring operations [4, 7]
36 Worker 4 forwarding task 16
36 Worker 0 processing task 13 requiring operations [2]
36 Worker 0 forwarding task 13
36 Worker 1 processing task 15 requiring operations [1, 10]
36 Worker 1 forwarding task 15
37 Worker 3 accepting task 17
37 Worker 2 accepting task 16
37 Worker 1 accepting task 13
37 Worker 4 accepting task 15
37 Worker 3 processing task 14 requiring operations [2]
37 Worker 3 performing operation 2 on task 14
37 Worker 4 processing task 18 requiring operations [6, 1, 10]
37 Worker 4 performing operation 10 on task 18
37 Worker 0 processing task 10 requiring operations [5]
37 Worker 0 performing operation 5 on task 10
37 Worker 1 processing task 13 requiring operations [2]
37 Worker 1 forwarding task 13
37 Worker 2 processing task 16 requiring operations [4, 7]
37 Worker 2 performing operation 4 on task 16
38 Generated task 19
38 Worker 3 accepting task 19
38 Task 14 completed!
38 Worker 4 accepting task 18
38 Task 10 completed!
38 Worker 2 accepting task 13
38 Worker 2 accepting task 16
38 Worker 3 processing task 17 requiring operations [7, 10]
38 Worker 3 forwarding task 17
38 Worker 4 processing task 15 requiring operations [1, 10]
38 Worker 4 performing operation 10 on task 15
38 Worker 2 processing task 13 requiring operations [2]
38 Worker 2 forwarding task 13
39 Worker 4 accepting task 17
39 Worker 4 accepting task 15
39 Worker 4 accepting task 13
39 Worker 3 processing task 19 requiring operations [9, 6, 8]
39 Worker 3 performing operation 8 on task 19
39 Worker 4 processing task 18 requiring operations [6, 1]
39 Worker 4 forwarding task 18
39 Worker 2 processing task 16 requiring operations [7]
39 Worker 2 forwarding task 16
40 Generated task 20
40 Worker 1 accepting task 20
40 Worker 3 accepting task 19
40 Worker 0 accepting task 18
40 Worker 3 accepting task 16
40 Worker 3 processing task 19 requiring operations [9, 6]
40 Worker 3 performing operation 6 on task 19
40 Worker 4 processing task 17 requiring operations [7, 10]
40 Worker 4 performing operation 10 on task 17
40 Worker 1 processing task 20 requiring operations [8, 7, 2]
40 Worker 1 performing operation 7 on task 20
40 Worker 0 processing task 18 requiring operations [6, 1]
40 Worker 0 performing operation 6 on task 18
41 Worker 3 accepting task 19
41 Worker 4 accepting task 17
41 Worker 1 accepting task 20
41 Worker 0 accepting task 18
41 Worker 3 processing task 16 requiring operations [7]
41 Worker 3 forwarding task 16
41 Worker 4 processing task 15 requiring operations [1]
41 Worker 4 forwarding task 15
41 Worker 1 processing task 20 requiring operations [8, 2]
41 Worker 1 forwarding task 20
41 Worker 0 processing task 18 requiring operations [1]
41 Worker 0 forwarding task 18
42 Generated task 21
42 Worker 3 accepting task 21
42 Worker 4 accepting task 16
42 Worker 2 accepting task 15
42 Worker 0 accepting task 20
42 Worker 4 accepting task 18
42 Worker 3 processing task 19 requiring operations [9]
42 Worker 3 forwarding task 19
42 Worker 4 processing task 13 requiring operations [2]
42 Worker 4 forwarding task 13
42 Worker 0 processing task 20 requiring operations [8, 2]
42 Worker 0 forwarding task 20
42 Worker 2 processing task 15 requiring operations [1]
42 Worker 2 performing operation 1 on task 15
43 Worker 1 accepting task 19
43 Worker 2 accepting task 13
43 Worker 3 accepting task 20
43 Task 15 completed!
43 Worker 3 processing task 21 requiring operations [10, 2, 9]
43 Worker 3 performing operation 2 on task 21
43 Worker 4 processing task 17 requiring operations [7]
43 Worker 4 forwarding task 17
43 Worker 2 processing task 13 requiring operations [2]
43 Worker 2 forwarding task 13
43 Worker 1 processing task 19 requiring operations [9]
43 Worker 1 performing operation 9 on task 19
44 Generated task 22
44 Worker 3 accepting task 22
44 Worker 3 accepting task 21
44 Worker 1 accepting task 17
44 Worker 0 accepting task 13
44 Task 19 completed!
44 Worker 3 processing task 20 requiring operations [8, 2]
44 Worker 3 performing operation 8 on task 20
44 Worker 4 processing task 16 requiring operations [7]
44 Worker 4 forwarding task 16
44 Worker 1 processing task 17 requiring operations [7]
44 Worker 1 performing operation 7 on task 17
44 Worker 0 processing task 13 requiring operations [2]
44 Worker 0 forwarding task 13
45 Worker 3 accepting task 20
45 Worker 1 accepting task 16
45 Task 17 completed!
45 Worker 4 accepting task 13
45 Worker 3 processing task 22 requiring operations [8, 10, 1]
45 Worker 3 performing operation 8 on task 22
45 Worker 4 processing task 18 requiring operations [1]
45 Worker 4 forwarding task 18
45 Worker 1 processing task 16 requiring operations [7]
45 Worker 1 performing operation 7 on task 16
46 Generated task 23
46 Worker 1 accepting task 23
46 Worker 3 accepting task 22
46 Worker 1 accepting task 18
46 Task 16 completed!
46 Worker 3 processing task 21 requiring operations [10, 9]
46 Worker 3 forwarding task 21
46 Worker 4 processing task 13 requiring operations [2]
46 Worker 4 forwarding task 13
46 Worker 1 processing task 23 requiring operations [6, 4, 3]
46 Worker 1 performing operation 3 on task 23
47 Worker 4 accepting task 21
47 Worker 1 accepting task 13
47 Worker 1 accepting task 23
47 Worker 3 processing task 20 requiring operations [2]
47 Worker 3 performing operation 2 on task 20
47 Worker 4 processing task 21 requiring operations [10, 9]
47 Worker 4 performing operation 10 on task 21
47 Worker 1 processing task 18 requiring operations [1]
47 Worker 1 forwarding task 18
48 Generated task 24
48 Worker 2 accepting task 24
48 Task 20 completed!
48 Worker 4 accepting task 21
48 Worker 4 accepting task 18
48 Worker 3 processing task 22 requiring operations [10, 1]
48 Worker 3 forwarding task 22
48 Worker 4 processing task 21 requiring operations [9]
48 Worker 4 forwarding task 21
48 Worker 1 processing task 13 requiring operations [2]
48 Worker 1 forwarding task 13
48 Worker 2 processing task 24 requiring operations [3, 7, 2]
48 Worker 2 forwarding task 24
49 Worker 1 accepting task 22
49 Worker 1 accepting task 21
49 Worker 3 accepting task 13
49 Worker 3 accepting task 24
49 Worker 4 processing task 18 requiring operations [1]
49 Worker 4 forwarding task 18
49 Worker 1 processing task 23 requiring operations [6, 4]
49 Worker 1 forwarding task 23
49 Worker 3 processing task 13 requiring operations [2]
49 Worker 3 performing operation 2 on task 13
50 Generated task 25
50 Worker 1 accepting task 25
50 Worker 1 accepting task 18
50 Worker 0 accepting task 23
50 Task 13 completed!
50 Worker 1 processing task 22 requiring operations [10, 1]
50 Worker 1 forwarding task 22
50 Worker 3 processing task 24 requiring operations [3, 7, 2]
50 Worker 3 performing operation 2 on task 24
50 Worker 0 processing task 23 requiring operations [6, 4]
50 Worker 0 performing operation 6 on task 23
51 Worker 0 accepting task 22
51 Worker 3 accepting task 24
51 Worker 0 accepting task 23
51 Worker 1 processing task 21 requiring operations [9]
51 Worker 1 performing operation 9 on task 21
51 Worker 3 processing task 24 requiring operations [3, 7]
51 Worker 3 forwarding task 24
51 Worker 0 processing task 22 requiring operations [10, 1]
51 Worker 0 forwarding task 22
52 Generated task 26
52 Worker 3 accepting task 26
52 Task 21 completed!
52 Worker 2 accepting task 24
52 Worker 2 accepting task 22
52 Worker 1 processing task 25 requiring operations [6, 8, 2]
52 Worker 1 forwarding task 25
52 Worker 3 processing task 26 requiring operations [9, 5, 3]
52 Worker 3 forwarding task 26
52 Worker 0 processing task 23 requiring operations [4]
52 Worker 0 forwarding task 23
52 Worker 2 processing task 24 requiring operations [3, 7]
52 Worker 2 forwarding task 24
53 Worker 0 accepting task 25
53 Worker 4 accepting task 26
53 Worker 2 accepting task 23
53 Worker 4 accepting task 24
53 Worker 1 processing task 18 requiring operations [1]
53 Worker 1 forwarding task 18
53 Worker 0 processing task 25 requiring operations [6, 8, 2]
53 Worker 0 performing operation 6 on task 25
53 Worker 2 processing task 22 requiring operations [10, 1]
53 Worker 2 performing operation 1 on task 22
53 Worker 4 processing task 26 requiring operations [9, 5, 3]
53 Worker 4 performing operation 3 on task 26
54 Generated task 27
54 Worker 1 accepting task 27
54 Worker 2 accepting task 18
54 Worker 0 accepting task 25
54 Worker 2 accepting task 22
54 Worker 4 accepting task 26
54 Worker 1 processing task 27 requiring operations [7, 10, 1]
54 Worker 1 performing operation 7 on task 27
54 Worker 0 processing task 25 requiring operations [8, 2]
54 Worker 0 forwarding task 25
54 Worker 2 processing task 23 requiring operations [4]
54 Worker 2 performing operation 4 on task 23
54 Worker 4 processing task 24 requiring operations [3, 7]
54 Worker 4 performing operation 3 on task 24
55 Worker 1 accepting task 27
55 Worker 2 accepting task 25
55 Task 23 completed!
55 Worker 4 accepting task 24
55 Worker 1 processing task 27 requiring operations [10, 1]
55 Worker 1 forwarding task 27
55 Worker 2 processing task 18 requiring operations [1]
55 Worker 2 performing operation 1 on task 18
55 Worker 4 processing task 26 requiring operations [9, 5]
55 Worker 4 forwarding task 26
56 Generated task 28
56 Worker 3 accepting task 28
56 Worker 2 accepting task 27
56 Task 18 completed!
56 Worker 2 accepting task 26
56 Worker 2 processing task 22 requiring operations [10]
56 Worker 2 forwarding task 22
56 Worker 4 processing task 24 requiring operations [7]
56 Worker 4 forwarding task 24
56 Worker 3 processing task 28 requiring operations [8, 3, 6]
56 Worker 3 performing operation 6 on task 28
57 Worker 1 accepting task 22
57 Worker 0 accepting task 24
57 Worker 3 accepting task 28
57 Worker 2 processing task 25 requiring operations [8, 2]
57 Worker 2 performing operation 8 on task 25
57 Worker 3 processing task 28 requiring operations [8, 3]
57 Worker 3 performing operation 8 on task 28
57 Worker 1 processing task 22 requiring operations [10]
57 Worker 1 forwarding task 22
57 Worker 0 processing task 24 requiring operations [7]
57 Worker 0 forwarding task 24
58 Generated task 29
58 Worker 1 accepting task 29
58 Worker 2 accepting task 25
58 Worker 3 accepting task 28
58 Worker 4 accepting task 22
58 Worker 3 accepting task 24
58 Worker 2 processing task 27 requiring operations [10, 1]
58 Worker 2 performing operation 1 on task 27
58 Worker 3 processing task 28 requiring operations [3]
58 Worker 3 forwarding task 28
58 Worker 1 processing task 29 requiring operations [1, 5, 8]
58 Worker 1 forwarding task 29
58 Worker 4 processing task 22 requiring operations [10]
58 Worker 4 performing operation 10 on task 22
59 Worker 2 accepting task 27
59 Worker 0 accepting task 28
59 Worker 3 accepting task 29
59 Task 22 completed!
59 Worker 2 processing task 26 requiring operations [9, 5]
59 Worker 2 forwarding task 26
59 Worker 3 processing task 24 requiring operations [7]
59 Worker 3 forwarding task 24
59 Worker 0 processing task 28 requiring operations [3]
59 Worker 0 forwarding task 28
60 Generated task 30
60 Worker 2 accepting task 30
60 Worker 0 accepting task 26
60 Worker 1 accepting task 24
60 Worker 3 accepting task 28
60 Worker 2 processing task 25 requiring operations [2]
60 Worker 2 forwarding task 25
60 Worker 3 processing task 29 requiring operations [1, 5, 8]
60 Worker 3 performing operation 8 on task 29
60 Worker 0 processing task 26 requiring operations [9, 5]
60 Worker 0 performing operation 9 on task 26
60 Worker 1 processing task 24 requiring operations [7]
60 Worker 1 performing operation 7 on task 24
61 Worker 1 accepting task 25
61 Worker 3 accepting task 29
61 Worker 0 accepting task 26
61 Task 24 completed!
61 Worker 2 processing task 27 requiring operations [10]
61 Worker 2 forwarding task 27
61 Worker 3 processing task 28 requiring operations [3]
61 Worker 3 forwarding task 28
61 Worker 0 processing task 26 requiring operations [5]
61 Worker 0 performing operation 5 on task 26
61 Worker 1 processing task 25 requiring operations [2]
61 Worker 1 forwarding task 25
62 Generated task 31
62 Worker 3 accepting task 31
62 Worker 4 accepting task 27
62 Worker 4 accepting task 28
62 Task 26 completed!
62 Worker 2 accepting task 25
62 Worker 2 processing task 30 requiring operations [2, 3, 7]
62 Worker 2 forwarding task 30
62 Worker 3 processing task 29 requiring operations [1, 5]
62 Worker 3 forwarding task 29
62 Worker 4 processing task 27 requiring operations [10]
62 Worker 4 performing operation 10 on task 27
63 Worker 1 accepting task 30
63 Worker 2 accepting task 29
63 Task 27 completed!
63 Worker 2 processing task 25 requiring operations [2]
63 Worker 2 forwarding task 25
63 Worker 3 processing task 31 requiring operations [4, 8, 2]
63 Worker 3 performing operation 8 on task 31
63 Worker 4 processing task 28 requiring operations [3]
63 Worker 4 performing operation 3 on task 28
63 Worker 1 processing task 30 requiring operations [2, 3, 7]
63 Worker 1 performing operation 3 on task 30
64 Generated task 32
64 Worker 2 accepting task 32
64 Worker 1 accepting task 25
64 Worker 3 accepting task 31
64 Task 28 completed!
64 Worker 1 accepting task 30
64 Worker 2 processing task 29 requiring operations [1, 5]
64 Worker 2 performing operation 1 on task 29
64 Worker 3 processing task 31 requiring operations [4, 2]
64 Worker 3 performing operation 2 on task 31
64 Worker 1 processing task 25 requiring operations [2]
64 Worker 1 forwarding task 25
65 Worker 2 accepting task 29
65 Worker 3 accepting task 31
65 Worker 2 accepting task 25
65 Worker 2 processing task 32 requiring operations [4, 7, 2]
65 Worker 2 performing operation 4 on task 32
65 Worker 3 processing task 31 requiring operations [4]
65 Worker 3 forwarding task 31
65 Worker 1 processing task 30 requiring operations [2, 7]
65 Worker 1 performing operation 7 on task 30
66 Generated task 33
66 Worker 1 accepting task 33
66 Worker 2 accepting task 32
66 Worker 4 accepting task 31
66 Worker 1 accepting task 30
66 Worker 2 processing task 29 requiring operations [5]
66 Worker 2 forwarding task 29
66 Worker 1 processing task 33 requiring operations [10, 9, 5]
66 Worker 1 performing operation 9 on task 33
66 Worker 4 processing task 31 requiring operations [4]
66 Worker 4 forwarding task 31
67 Worker 4 accepting task 29
67 Worker 1 accepting task 33
67 Worker 0 accepting task 31
67 Worker 2 processing task 25 requiring operations [2]
67 Worker 2 forwarding task 25
67 Worker 1 processing task 30 requiring operations [2]
67 Worker 1 forwarding task 30
67 Worker 4 processing task 29 requiring operations [5]
67 Worker 4 forwarding task 29
67 Worker 0 processing task 31 requiring operations [4]
67 Worker 0 forwarding task 31
68 Generated task 34
68 Worker 0 accepting task 34
68 Worker 1 accepting task 25
68 Worker 4 accepting task 30
68 Worker 0 accepting task 29
68 Worker 3 accepting task 31
68 Worker 2 processing task 32 requiring operations [7, 2]
68 Worker 2 forwarding task 32
68 Worker 1 processing task 33 requiring operations [10, 5]
68 Worker 1 forwarding task 33
68 Worker 4 processing task 30 requiring operations [2]
68 Worker 4 forwarding task 30
68 Worker 0 processing task 34 requiring operations [2, 4, 9]
68 Worker 0 performing operation 9 on task 34
68 Worker 3 processing task 31 requiring operations [4]
68 Worker 3 forwarding task 31
69 Worker 1 accepting task 32
69 Worker 3 accepting task 33
69 Worker 0 accepting task 30
69 Worker 0 accepting task 34
69 Worker 0 accepting task 31
69 Worker 1 processing task 25 requiring operations [2]
69 Worker 1 forwarding task 25
69 Worker 0 processing task 29 requiring operations [5]
69 Worker 0 performing operation 5 on task 29
69 Worker 3 processing task 33 requiring operations [10, 5]
69 Worker 3 forwarding task 33
70 Generated task 35
70 Worker 1 accepting task 35
70 Worker 0 accepting task 25
70 Task 29 completed!
70 Worker 2 accepting task 33
70 Worker 1 processing task 32 requiring operations [7, 2]
70 Worker 1 performing operation 7 on task 32
70 Worker 0 processing task 30 requiring operations [2]
70 Worker 0 forwarding task 30
70 Worker 2 processing task 33 requiring operations [10, 5]
70 Worker 2 forwarding task 33
71 Worker 1 accepting task 32
71 Worker 1 accepting task 30
71 Worker 1 accepting task 33
71 Worker 1 processing task 35 requiring operations [4, 9, 6]
71 Worker 1 performing operation 9 on task 35
71 Worker 0 processing task 34 requiring operations [2, 4]
71 Worker 0 forwarding task 34
72 Generated task 36
72 Worker 3 accepting task 36
72 Worker 1 accepting task 35
72 Worker 4 accepting task 34
72 Worker 1 processing task 32 requiring operations [2]
72 Worker 1 forwarding task 32
72 Worker 0 processing task 31 requiring operations [4]
72 Worker 0 forwarding task 31
72 Worker 3 processing task 36 requiring operations [8, 4, 3]
72 Worker 3 performing operation 8 on task 36
72 Worker 4 processing task 34 requiring operations [2, 4]
72 Worker 4 forwarding task 34
73 Worker 4 accepting task 32
73 Worker 4 accepting task 31
73 Worker 3 accepting task 36
73 Worker 2 accepting task 34
73 Worker 1 processing task 30 requiring operations [2]
73 Worker 1 forwarding task 30
73 Worker 0 processing task 25 requiring operations [2]
73 Worker 0 forwarding task 25
73 Worker 3 processing task 36 requiring operations [4, 3]
73 Worker 3 forwarding task 36
73 Worker 4 processing task 32 requiring operations [2]
73 Worker 4 forwarding task 32
73 Worker 2 processing task 34 requiring operations [2, 4]
73 Worker 2 performing operation 4 on task 34
74 Generated task 37
74 Worker 1 accepting task 37
74 Worker 4 accepting task 30
74 Worker 4 accepting task 25
74 Worker 0 accepting task 36
74 Worker 1 accepting task 32
74 Worker 2 accepting task 34
74 Worker 1 processing task 33 requiring operations [10, 5]
74 Worker 1 forwarding task 33
74 Worker 4 processing task 31 requiring operations [4]
74 Worker 4 forwarding task 31
74 Worker 2 processing task 34 requiring operations [2]
74 Worker 2 forwarding task 34
74 Worker 0 processing task 36 requiring operations [4, 3]
74 Worker 0 forwarding task 36
75 Worker 2 accepting task 33
75 Worker 3 accepting task 31
75 Worker 3 accepting task 34
75 Worker 1 accepting task 36
75 Worker 1 processing task 35 requiring operations [4, 6]
75 Worker 1 forwarding task 35
75 Worker 4 processing task 30 requiring operations [2]
75 Worker 4 forwarding task 30
75 Worker 2 processing task 33 requiring operations [10, 5]
75 Worker 2 forwarding task 33
75 Worker 3 processing task 31 requiring operations [4]
75 Worker 3 forwarding task 31
76 Generated task 38
76 Worker 3 accepting task 38
76 Worker 2 accepting task 35
76 Worker 0 accepting task 30
76 Worker 1 accepting task 33
76 Worker 4 accepting task 31
76 Worker 1 processing task 37 requiring operations [6, 8, 5]
76 Worker 1 forwarding task 37
76 Worker 4 processing task 25 requiring operations [2]
76 Worker 4 forwarding task 25
76 Worker 2 processing task 35 requiring operations [4, 6]
76 Worker 2 performing operation 4 on task 35
76 Worker 3 processing task 34 requiring operations [2]
76 Worker 3 performing operation 2 on task 34
76 Worker 0 processing task 30 requiring operations [2]
76 Worker 0 forwarding task 30
77 Worker 3 accepting task 37
77 Worker 3 accepting task 25
77 Worker 2 accepting task 35
77 Task 34 completed!
77 Worker 1 accepting task 30
77 Worker 1 processing task 32 requiring operations [2]
77 Worker 1 forwarding task 32
77 Worker 4 processing task 31 requiring operations [4]
77 Worker 4 forwarding task 31
77 Worker 2 processing task 35 requiring operations [6]
77 Worker 2 forwarding task 35
77 Worker 3 processing task 38 requiring operations [7, 1, 8]
77 Worker 3 performing operation 8 on task 38
78 Generated task 39
78 Worker 0 accepting task 39
78 Worker 0 accepting task 32
78 Worker 1 accepting task 31
78 Worker 4 accepting task 35
78 Worker 3 accepting task 38
78 Worker 1 processing task 36 requiring operations [4, 3]
78 Worker 1 performing operation 3 on task 36
78 Worker 3 processing task 37 requiring operations [6, 8, 5]
78 Worker 3 performing operation 6 on task 37
78 Worker 0 processing task 39 requiring operations [7, 8, 3]
78 Worker 0 forwarding task 39
78 Worker 4 processing task 35 requiring operations [6]
78 Worker 4 forwarding task 35
79 Worker 1 accepting task 36
79 Worker 3 accepting task 37
79 Worker 2 accepting task 39
79 Worker 1 accepting task 35
79 Worker 1 processing task 33 requiring operations [10, 5]
79 Worker 1 forwarding task 33
79 Worker 3 processing task 25 requiring operations [2]
79 Worker 3 performing operation 2 on task 25
79 Worker 0 processing task 32 requiring operations [2]
79 Worker 0 forwarding task 32
79 Worker 2 processing task 39 requiring operations [7, 8, 3]
79 Worker 2 performing operation 8 on task 39
80 Generated task 40
80 Worker 0 accepting task 40
80 Worker 4 accepting task 33
80 Task 25 completed!
80 Worker 3 accepting task 32
80 Worker 2 accepting task 39
80 Worker 1 processing task 30 requiring operations [2]
80 Worker 1 forwarding task 30
80 Worker 3 processing task 38 requiring operations [7, 1]
80 Worker 3 forwarding task 38
80 Worker 0 processing task 40 requiring operations [1, 2, 10]
80 Worker 0 forwarding task 40
80 Worker 2 processing task 39 requiring operations [7, 3]
80 Worker 2 forwarding task 39
80 Worker 4 processing task 33 requiring operations [10, 5]
80 Worker 4 performing operation 10 on task 33
81 Worker 0 accepting task 30
81 Worker 1 accepting task 38
81 Worker 2 accepting task 40
81 Worker 1 accepting task 39
81 Worker 4 accepting task 33
81 Worker 1 processing task 31 requiring operations [4]
81 Worker 1 forwarding task 31
81 Worker 3 processing task 37 requiring operations [8, 5]
81 Worker 3 performing operation 8 on task 37
81 Worker 0 processing task 30 requiring operations [2]
81 Worker 0 forwarding task 30
81 Worker 2 processing task 40 requiring operations [1, 2, 10]
81 Worker 2 performing operation 1 on task 40
81 Worker 4 processing task 33 requiring operations [5]
81 Worker 4 forwarding task 33
82 Generated task 41
82 Worker 4 accepting task 41
82 Worker 2 accepting task 31
82 Worker 3 accepting task 37
82 Worker 1 accepting task 30
82 Worker 2 accepting task 40
82 Worker 2 accepting task 33
82 Worker 1 processing task 36 requiring operations [4]
82 Worker 1 forwarding task 36
82 Worker 3 processing task 32 requiring operations [2]
82 Worker 3 performing operation 2 on task 32
82 Worker 2 processing task 31 requiring operations [4]
82 Worker 2 performing operation 4 on task 31
82 Worker 4 processing task 41 requiring operations [10, 8, 5]
82 Worker 4 performing operation 10 on task 41
83 Worker 2 accepting task 36
83 Task 32 completed!
83 Task 31 completed!
83 Worker 4 accepting task 41
83 Worker 1 processing task 35 requiring operations [6]
83 Worker 1 forwarding task 35
83 Worker 3 processing task 37 requiring operations [5]
83 Worker 3 forwarding task 37
83 Worker 2 processing task 40 requiring operations [2, 10]
83 Worker 2 forwarding task 40
83 Worker 4 processing task 41 requiring operations [8, 5]
83 Worker 4 forwarding task 41
84 Generated task 42
84 Worker 4 accepting task 42
84 Worker 3 accepting task 35
84 Worker 2 accepting task 37
84 Worker 1 accepting task 40
84 Worker 2 accepting task 41
84 Worker 1 processing task 38 requiring operations [7, 1]
84 Worker 1 performing operation 7 on task 38
84 Worker 3 processing task 35 requiring operations [6]
84 Worker 3 performing operation 6 on task 35
84 Worker 2 processing task 33 requiring operations [5]
84 Worker 2 forwarding task 33
84 Worker 4 processing task 42 requiring operations [1, 7, 9]
84 Worker 4 forwarding task 42
85 Worker 1 accepting task 38
85 Task 35 completed!
85 Worker 1 accepting task 33
85 Worker 3 accepting task 42
85 Worker 1 processing task 39 requiring operations [7, 3]
85 Worker 1 performing operation 7 on task 39
85 Worker 2 processing task 36 requiring operations [4]
85 Worker 2 performing operation 4 on task 36
85 Worker 3 processing task 42 requiring operations [1, 7, 9]
85 Worker 3 forwarding task 42
86 Generated task 43
86 Worker 0 accepting task 43
86 Worker 1 accepting task 39
86 Task 36 completed!
86 Worker 2 accepting task 42
86 Worker 1 processing task 30 requiring operations [2]
86 Worker 1 forwarding task 30
86 Worker 2 processing task 37 requiring operations [5]
86 Worker 2 forwarding task 37
86 Worker 0 processing task 43 requiring operations [10, 3, 9]
86 Worker 0 performing operation 9 on task 43
87 Worker 4 accepting task 30
87 Worker 1 accepting task 37
87 Worker 0 accepting task 43
87 Worker 1 processing task 40 requiring operations [2, 10]
87 Worker 1 forwarding task 40
87 Worker 2 processing task 41 requiring operations [8, 5]
87 Worker 2 performing operation 8 on task 41
87 Worker 0 processing task 43 requiring operations [10, 3]
87 Worker 0 forwarding task 43
87 Worker 4 processing task 30 requiring operations [2]
87 Worker 4 forwarding task 30
88 Generated task 44
88 Worker 4 accepting task 44
88 Worker 2 accepting task 40
88 Worker 2 accepting task 41
88 Worker 3 accepting task 43
88 Worker 1 accepting task 30
88 Worker 1 processing task 38 requiring operations [1]
88 Worker 1 forwarding task 38
88 Worker 2 processing task 42 requiring operations [1, 7, 9]
88 Worker 2 performing operation 1 on task 42
88 Worker 4 processing task 44 requiring operations [8, 10, 7]
88 Worker 4 performing operation 10 on task 44
88 Worker 3 processing task 43 requiring operations [10, 3]
88 Worker 3 forwarding task 43
89 Worker 0 accepting task 38
89 Worker 2 accepting task 42
89 Worker 4 accepting task 44
89 Worker 4 accepting task 43
89 Worker 1 processing task 33 requiring operations [5]
89 Worker 1 forwarding task 33
89 Worker 2 processing task 40 requiring operations [2, 10]
89 Worker 2 forwarding task 40
89 Worker 4 processing task 44 requiring operations [8, 7]
89 Worker 4 forwarding task 44
89 Worker 0 processing task 38 requiring operations [1]
89 Worker 0 forwarding task 38
90 Generated task 45
90 Worker 0 accepting task 45
90 Worker 3 accepting task 33
90 Worker 0 accepting task 40
90 Worker 0 accepting task 44
90 Worker 1 accepting task 38
90 Worker 1 processing task 39 requiring operations [3]
90 Worker 1 performing operation 3 on task 39
90 Worker 2 processing task 41 requiring operations [5]
90 Worker 2 forwarding task 41
90 Worker 4 processing task 43 requiring operations [10, 3]
90 Worker 4 performing operation 10 on task 43
90 Worker 0 processing task 45 requiring operations [2, 4, 10]
90 Worker 0 forwarding task 45
90 Worker 3 processing task 33 requiring operations [5]
90 Worker 3 forwarding task 33
91 Task 39 completed!
91 Worker 0 accepting task 41
91 Worker 4 accepting task 43
91 Worker 2 accepting task 45
91 Worker 1 accepting task 33
91 Worker 1 processing task 37 requiring operations [5]
91 Worker 1 forwarding task 37
91 Worker 2 processing task 42 requiring operations [7, 9]
91 Worker 2 forwarding task 42
91 Worker 4 processing task 43 requiring operations [3]
91 Worker 4 performing operation 3 on task 43
91 Worker 0 processing task 40 requiring operations [2, 10]
91 Worker 0 forwarding task 40
92 Generated task 46
92 Worker 2 accepting task 46
92 Worker 3 accepting task 37
92 Worker 0 accepting task 42
92 Task 43 completed!
92 Worker 3 accepting task 40
92 Worker 1 processing task 30 requiring operations [2]
92 Worker 1 forwarding task 30
92 Worker 2 processing task 45 requiring operations [2, 4, 10]
92 Worker 2 performing operation 4 on task 45
92 Worker 0 processing task 44 requiring operations [8, 7]
92 Worker 0 forwarding task 44
92 Worker 3 processing task 37 requiring operations [5]
92 Worker 3 forwarding task 37
93 Worker 0 accepting task 30
93 Worker 2 accepting task 45
93 Worker 3 accepting task 44
93 Worker 2 accepting task 37
93 Worker 1 processing task 38 requiring operations [1]
93 Worker 1 forwarding task 38
93 Worker 2 processing task 46 requiring operations [9, 6, 3]
93 Worker 2 forwarding task 46
93 Worker 0 processing task 41 requiring operations [5]
93 Worker 0 performing operation 5 on task 41
93 Worker 3 processing task 40 requiring operations [2, 10]
93 Worker 3 performing operation 2 on task 40
94 Generated task 47
94 Worker 3 accepting task 47
94 Worker 0 accepting task 38
94 Worker 3 accepting task 46
94 Task 41 completed!
94 Worker 3 accepting task 40
94 Worker 1 processing task 33 requiring operations [5]
94 Worker 1 forwarding task 33
94 Worker 2 processing task 45 requiring operations [2, 10]
94 Worker 2 forwarding task 45
94 Worker 0 processing task 42 requiring operations [7, 9]
94 Worker 0 performing operation 9 on task 42
94 Worker 3 processing task 44 requiring operations [8, 7]
94 Worker 3 performing operation 8 on task 44
95 Worker 4 accepting task 33
95 Worker 0 accepting task 45
95 Worker 0 accepting task 42
95 Worker 3 accepting task 44
95 Worker 2 processing task 37 requiring operations [5]
95 Worker 2 forwarding task 37
95 Worker 0 processing task 30 requiring operations [2]
95 Worker 0 forwarding task 30
95 Worker 3 processing task 47 requiring operations [4, 8, 7]
95 Worker 3 performing operation 8 on task 47
95 Worker 4 processing task 33 requiring operations [5]
95 Worker 4 forwarding task 33
96 Generated task 48
96 Worker 2 accepting task 48
96 Worker 4 accepting task 37
96 Worker 4 accepting task 30
96 Worker 3 accepting task 47
96 Worker 3 accepting task 33
96 Worker 2 processing task 48 requiring operations [9, 7, 10]
96 Worker 2 forwarding task 48
96 Worker 0 processing task 38 requiring operations [1]
96 Worker 0 forwarding task 38
96 Worker 3 processing task 46 requiring operations [9, 6, 3]
96 Worker 3 performing operation 6 on task 46
96 Worker 4 processing task 37 requiring operations [5]
96 Worker 4 forwarding task 37
97 Worker 1 accepting task 48
97 Worker 2 accepting task 38
97 Worker 3 accepting task 46
97 Worker 1 accepting task 37
97 Worker 0 processing task 45 requiring operations [2, 10]
97 Worker 0 forwarding task 45
97 Worker 3 processing task 40 requiring operations [10]
97 Worker 3 forwarding task 40
97 Worker 4 processing task 30 requiring operations [2]
97 Worker 4 forwarding task 30
97 Worker 1 processing task 48 requiring operations [9, 7, 10]
97 Worker 1 performing operation 9 on task 48
97 Worker 2 processing task 38 requiring operations [1]
97 Worker 2 performing operation 1 on task 38
98 Generated task 49
98 Worker 0 accepting task 49
98 Worker 3 accepting task 45
98 Worker 2 accepting task 40
98 Worker 2 accepting task 30
98 Worker 1 accepting task 48
98 Task 38 completed!
98 Worker 0 processing task 42 requiring operations [7]
98 Worker 0 forwarding task 42
98 Worker 3 processing task 44 requiring operations [7]
98 Worker 3 forwarding task 44
98 Worker 1 processing task 37 requiring operations [5]
98 Worker 1 forwarding task 37
98 Worker 2 processing task 40 requiring operations [10]
98 Worker 2 forwarding task 40
99 Worker 3 accepting task 42
99 Worker 1 accepting task 44
99 Worker 0 accepting task 37
99 Worker 4 accepting task 40
99 Worker 0 processing task 49 requiring operations [5, 10, 7]
99 Worker 0 performing operation 5 on task 49
99 Worker 3 processing task 47 requiring operations [4, 7]
99 Worker 3 forwarding task 47
99 Worker 1 processing task 48 requiring operations [7, 10]
99 Worker 1 performing operation 7 on task 48
99 Worker 2 processing task 30 requiring operations [2]
99 Worker 2 forwarding task 30
99 Worker 4 processing task 40 requiring operations [10]
99 Worker 4 performing operation 10 on task 40
100 Generated task 50
100 Worker 2 accepting task 50
100 Worker 0 accepting task 49
100 Worker 2 accepting task 47
100 Worker 1 accepting task 48
100 Worker 3 accepting task 30
100 Task 40 completed!
100 Worker 0 processing task 37 requiring operations [5]
100 Worker 0 performing operation 5 on task 37
100 Worker 3 processing task 33 requiring operations [5]
100 Worker 3 forwarding task 33
100 Worker 1 processing task 44 requiring operations [7]
100 Worker 1 performing operation 7 on task 44
100 Worker 2 processing task 50 requiring operations [3, 2, 1]
100 Worker 2 performing operation 1 on task 50
101 Task 37 completed!
101 Worker 1 accepting task 33
101 Task 44 completed!
101 Worker 2 accepting task 50
101 Worker 0 processing task 49 requiring operations [10, 7]
101 Worker 0 forwarding task 49
101 Worker 3 processing task 46 requiring operations [9, 3]
101 Worker 3 forwarding task 46
101 Worker 1 processing task 48 requiring operations [10]
101 Worker 1 forwarding task 48
101 Worker 2 processing task 47 requiring operations [4, 7]
101 Worker 2 performing operation 4 on task 47
102 Generated task 51
102 Worker 4 accepting task 51
102 Worker 2 accepting task 49
102 Worker 0 accepting task 46
102 Worker 0 accepting task 48
102 Worker 2 accepting task 47
102 Worker 3 processing task 45 requiring operations [2, 10]
102 Worker 3 performing operation 2 on task 45
102 Worker 1 processing task 33 requiring operations [5]
102 Worker 1 forwarding task 33
102 Worker 2 processing task 50 requiring operations [3, 2]
102 Worker 2 forwarding task 50
102 Worker 4 processing task 51 requiring operations [1, 4, 8]
102 Worker 4 forwarding task 51
102 Worker 0 processing task 46 requiring operations [9, 3]
102 Worker 0 performing operation 9 on task 46
103 Worker 3 accepting task 45
103 Worker 2 accepting task 33
103 Worker 0 accepting task 50
103 Worker 1 accepting task 51
103 Worker 0 accepting task 46
103 Worker 3 processing task 42 requiring operations [7]
103 Worker 3 forwarding task 42
103 Worker 2 processing task 49 requiring operations [10, 7]
103 Worker 2 forwarding task 49
103 Worker 0 processing task 48 requiring operations [10]
103 Worker 0 forwarding task 48
103 Worker 1 processing task 51 requiring operations [1, 4, 8]
103 Worker 1 forwarding task 51
104 Generated task 52
104 Worker 2 accepting task 52
104 Worker 0 accepting task 42
104 Worker 4 accepting task 49
104 Worker 3 accepting task 48
104 Worker 4 accepting task 51
104 Worker 3 processing task 30 requiring operations [2]
104 Worker 3 performing operation 2 on task 30
104 Worker 2 processing task 47 requiring operations [7]
104 Worker 2 forwarding task 47
104 Worker 0 processing task 50 requiring operations [3, 2]
104 Worker 0 forwarding task 50
104 Worker 4 processing task 49 requiring operations [10, 7]
104 Worker 4 performing operation 10 on task 49
105 Task 30 completed!
105 Worker 4 accepting task 47
105 Worker 4 accepting task 50
105 Worker 4 accepting task 49
105 Worker 3 processing task 45 requiring operations [10]
105 Worker 3 forwarding task 45
105 Worker 2 processing task 33 requiring operations [5]
105 Worker 2 forwarding task 33
105 Worker 0 processing task 46 requiring operations [3]
105 Worker 0 forwarding task 46
105 Worker 4 processing task 51 requiring operations [1, 4, 8]
105 Worker 4 forwarding task 51
106 Generated task 53
106 Worker 1 accepting task 53
106 Worker 0 accepting task 45
106 Worker 4 accepting task 33
106 Worker 4 accepting task 46
106 Worker 0 accepting task 51
106 Worker 3 processing task 48 requiring operations [10]
106 Worker 3 forwarding task 48
106 Worker 2 processing task 52 requiring operations [5, 4, 8]
106 Worker 2 performing operation 8 on task 52
106 Worker 0 processing task 42 requiring operations [7]
106 Worker 0 forwarding task 42
106 Worker 4 processing task 47 requiring operations [7]
106 Worker 4 forwarding task 47
106 Worker 1 processing task 53 requiring operations [10, 5, 2]
106 Worker 1 forwarding task 53
107 Worker 2 accepting task 48
107 Worker 2 accepting task 52
107 Worker 2 accepting task 42
107 Worker 3 accepting task 47
107 Worker 4 accepting task 53
107 Worker 2 processing task 48 requiring operations [10]
107 Worker 2 forwarding task 48
107 Worker 0 processing task 45 requiring operations [10]
107 Worker 0 forwarding task 45
107 Worker 4 processing task 50 requiring operations [3, 2]
107 Worker 4 performing operation 3 on task 50
107 Worker 3 processing task 47 requiring operations [7]
107 Worker 3 forwarding task 47
108 Generated task 54
108 Worker 1 accepting task 54
108 Worker 4 accepting task 48
108 Worker 4 accepting task 45
108 Worker 4 accepting task 50
108 Worker 0 accepting task 47
108 Worker 2 processing task 52 requiring operations [5, 4]
108 Worker 2 performing operation 4 on task 52
108 Worker 0 processing task 51 requiring operations [1, 4, 8]
108 Worker 0 forwarding task 51
108 Worker 4 processing task 49 requiring operations [7]
108 Worker 4 forwarding task 49
108 Worker 1 processing task 54 requiring operations [10, 2, 5]
108 Worker 1 forwarding task 54
109 Worker 2 accepting task 52
109 Worker 2 accepting task 51
109 Worker 2 accepting task 49
109 Worker 4 accepting task 54
109 Worker 2 processing task 42 requiring operations [7]
109 Worker 2 forwarding task 42
109 Worker 0 processing task 47 requiring operations [7]
109 Worker 0 forwarding task 47
109 Worker 4 processing task 33 requiring operations [5]
109 Worker 4 forwarding task 33
110 Generated task 55
110 Worker 2 accepting task 55
110 Worker 4 accepting task 42
110 Worker 2 accepting task 47
110 Worker 3 accepting task 33
110 Worker 2 processing task 52 requiring operations [5]
110 Worker 2 forwarding task 52
110 Worker 4 processing task 46 requiring operations [3]
110 Worker 4 performing operation 3 on task 46
110 Worker 3 processing task 33 requiring operations [5]
110 Worker 3 forwarding task 33
111 Worker 3 accepting task 52
111 Task 46 completed!
111 Worker 2 accepting task 33
111 Worker 2 processing task 51 requiring operations [1, 4, 8]
111 Worker 2 performing operation 1 on task 51
111 Worker 4 processing task 53 requiring operations [10, 5, 2]
111 Worker 4 performing operation 10 on task 53
111 Worker 3 processing task 52 requiring operations [5]
111 Worker 3 forwarding task 52
112 Generated task 56
112 Worker 0 accepting task 56
112 Worker 2 accepting task 51
112 Worker 4 accepting task 53
112 Worker 2 accepting task 52
112 Worker 2 processing task 49 requiring operations [7]
112 Worker 2 forwarding task 49
112 Worker 4 processing task 48 requiring operations [10]
112 Worker 4 performing operation 10 on task 48
112 Worker 0 processing task 56 requiring operations [8, 4, 3]
112 Worker 0 forwarding task 56
113 Worker 1 accepting task 49
113 Task 48 completed!
113 Worker 4 accepting task 56
113 Worker 2 processing task 55 requiring operations [10, 9, 3]
113 Worker 2 forwarding task 55
113 Worker 4 processing task 45 requiring operations [10]
113 Worker 4 performing operation 10 on task 45
113 Worker 1 processing task 49 requiring operations [7]
113 Worker 1 performing operation 7 on task 49
114 Generated task 57
114 Worker 1 accepting task 57
114 Worker 0 accepting task 55
114 Task 45 completed!
114 Task 49 completed!
114 Worker 2 processing task 47 requiring operations [7]
114 Worker 2 forwarding task 47
114 Worker 4 processing task 50 requiring operations [2]
114 Worker 4 forwarding task 50
114 Worker 1 processing task 57 requiring operations [4, 2, 10]
114 Worker 1 forwarding task 57
114 Worker 0 processing task 55 requiring operations [10, 9, 3]
114 Worker 0 performing operation 9 on task 55
115 Worker 4 accepting task 47
115 Worker 3 accepting task 50
115 Worker 0 accepting task 57
115 Worker 0 accepting task 55
115 Worker 2 processing task 33 requiring operations [5]
115 Worker 2 forwarding task 33
115 Worker 4 processing task 54 requiring operations [10, 2, 5]
115 Worker 4 performing operation 10 on task 54
115 Worker 0 processing task 57 requiring operations [4, 2, 10]
115 Worker 0 forwarding task 57
115 Worker 3 processing task 50 requiring operations [2]
115 Worker 3 performing operation 2 on task 50
116 Generated task 58
116 Worker 2 accepting task 58
116 Worker 4 accepting task 33
116 Worker 4 accepting task 54
116 Worker 1 accepting task 57
116 Task 50 completed!
116 Worker 2 processing task 51 requiring operations [4, 8]
116 Worker 2 performing operation 8 on task 51
116 Worker 4 processing task 42 requiring operations [7]
116 Worker 4 forwarding task 42
116 Worker 0 processing task 55 requiring operations [10, 3]
116 Worker 0 forwarding task 55
116 Worker 1 processing task 57 requiring operations [4, 2, 10]
116 Worker 1 forwarding task 57
117 Worker 2 accepting task 51
117 Worker 3 accepting task 42
117 Worker 2 accepting task 55
117 Worker 2 accepting task 57
117 Worker 2 processing task 52 requiring operations [5]
117 Worker 2 forwarding task 52
117 Worker 4 processing task 53 requiring operations [5, 2]
117 Worker 4 forwarding task 53
117 Worker 3 processing task 42 requiring operations [7]
117 Worker 3 forwarding task 42
118 Generated task 59
118 Worker 4 accepting task 59
118 Worker 1 accepting task 52
118 Worker 1 accepting task 53
118 Worker 2 accepting task 42
118 Worker 2 processing task 58 requiring operations [1, 9, 2]
118 Worker 2 performing operation 1 on task 58
118 Worker 4 processing task 56 requiring operations [8, 4, 3]
118 Worker 4 performing operation 3 on task 56
118 Worker 1 processing task 52 requiring operations [5]
118 Worker 1 forwarding task 52
119 Worker 2 accepting task 58
119 Worker 4 accepting task 56
119 Worker 4 accepting task 52
119 Worker 2 processing task 51 requiring operations [4]
119 Worker 2 performing operation 4 on task 51
119 Worker 4 processing task 47 requiring operations [7]
119 Worker 4 forwarding task 47
119 Worker 1 processing task 53 requiring operations [5, 2]
119 Worker 1 forwarding task 53
120 Generated task 60
120 Worker 4 accepting task 60
120 Task 51 completed!
120 Worker 3 accepting task 47
120 Worker 3 accepting task 53
120 Worker 2 processing task 55 requiring operations [10, 3]
120 Worker 2 forwarding task 55
120 Worker 4 processing task 33 requiring operations [5]
120 Worker 4 forwarding task 33
120 Worker 3 processing task 47 requiring operations [7]
120 Worker 3 forwarding task 47
121 Worker 3 accepting task 55
121 Worker 1 accepting task 33
121 Worker 4 accepting task 47
121 Worker 2 processing task 57 requiring operations [4, 2, 10]
121 Worker 2 performing operation 4 on task 57
121 Worker 4 processing task 54 requiring operations [2, 5]
121 Worker 4 forwarding task 54
121 Worker 3 processing task 53 requiring operations [5, 2]
121 Worker 3 performing operation 2 on task 53
121 Worker 1 processing task 33 requiring operations [5]
121 Worker 1 forwarding task 33
122 Generated task 61
122 Worker 3 accepting task 61
122 Worker 2 accepting task 57
122 Worker 1 accepting task 54
122 Worker 3 accepting task 53
122 Worker 3 accepting task 33
122 Worker 2 processing task 42 requiring operations [7]
122 Worker 2 forwarding task 42
122 Worker 4 processing task 59 requiring operations [7, 3, 10]
122 Worker 4 performing operation 10 on task 59
122 Worker 3 processing task 55 requiring operations [10, 3]
122 Worker 3 forwarding task 55
122 Worker 1 processing task 54 requiring operations [2, 5]
122 Worker 1 forwarding task 54
123 Worker 4 accepting task 42
123 Worker 4 accepting task 59
123 Worker 4 accepting task 55
123 Worker 3 accepting task 54
123 Worker 2 processing task 58 requiring operations [9, 2]
123 Worker 2 forwarding task 58
123 Worker 4 processing task 56 requiring operations [8, 4]
123 Worker 4 forwarding task 56
123 Worker 3 processing task 61 requiring operations [9, 5, 8]
123 Worker 3 performing operation 8 on task 61
124 Generated task 62
124 Worker 4 accepting task 62
124 Worker 4 accepting task 58
124 Worker 1 accepting task 56
124 Worker 3 accepting task 61
124 Worker 2 processing task 57 requiring operations [2, 10]
124 Worker 2 forwarding task 57
124 Worker 4 processing task 52 requiring operations [5]
124 Worker 4 forwarding task 52
124 Worker 3 processing task 53 requiring operations [5]
124 Worker 3 forwarding task 53
124 Worker 1 processing task 56 requiring operations [8, 4]
124 Worker 1 forwarding task 56
125 Worker 1 accepting task 57
125 Worker 1 accepting task 52
125 Worker 1 accepting task 53
125 Worker 0 accepting task 56
125 Worker 4 processing task 60 requiring operations [3, 9, 8]
125 Worker 4 performing operation 3 on task 60
125 Worker 3 processing task 33 requiring operations [5]
125 Worker 3 forwarding task 33
125 Worker 1 processing task 57 requiring operations [2, 10]
125 Worker 1 forwarding task 57
125 Worker 0 processing task 56 requiring operations [8, 4]
125 Worker 0 forwarding task 56
126 Generated task 63
126 Worker 1 accepting task 63
126 Worker 4 accepting task 60
126 Worker 2 accepting task 33
126 Worker 3 accepting task 57
126 Worker 1 accepting task 56
126 Worker 4 processing task 47 requiring operations [7]
126 Worker 4 forwarding task 47
126 Worker 3 processing task 54 requiring operations [2, 5]
126 Worker 3 performing operation 2 on task 54
126 Worker 1 processing task 52 requiring operations [5]
126 Worker 1 forwarding task 52
126 Worker 2 processing task 33 requiring operations [5]
126 Worker 2 forwarding task 33
127 Worker 3 accepting task 47
127 Worker 3 accepting task 54
127 Worker 2 accepting task 52
127 Worker 0 accepting task 33
127 Worker 4 processing task 42 requiring operations [7]
127 Worker 4 forwarding task 42
127 Worker 3 processing task 61 requiring operations [9, 5]
127 Worker 3 forwarding task 61
127 Worker 1 processing task 53 requiring operations [5]
127 Worker 1 forwarding task 53
127 Worker 2 processing task 52 requiring operations [5]
127 Worker 2 forwarding task 52
127 Worker 0 processing task 33 requiring operations [5]
127 Worker 0 performing operation 5 on task 33
128 Generated task 64
128 Worker 1 accepting task 64
128 Worker 0 accepting task 42
128 Worker 0 accepting task 61
128 Worker 2 accepting task 53
128 Worker 1 accepting task 52
128 Task 33 completed!
128 Worker 4 processing task 59 requiring operations [7, 3]
128 Worker 4 performing operation 3 on task 59
128 Worker 3 processing task 57 requiring operations [2, 10]
128 Worker 3 performing operation 2 on task 57
128 Worker 1 processing task 63 requiring operations [10, 2, 6]
128 Worker 1 forwarding task 63
128 Worker 2 processing task 53 requiring operations [5]
128 Worker 2 forwarding task 53
128 Worker 0 processing task 42 requiring operations [7]
128 Worker 0 forwarding task 42
129 Worker 4 accepting task 59
129 Worker 3 accepting task 57
129 Worker 4 accepting task 63
129 Worker 0 accepting task 53
129 Worker 4 accepting task 42
129 Worker 4 processing task 55 requiring operations [10, 3]
129 Worker 4 performing operation 10 on task 55
129 Worker 3 processing task 47 requiring operations [7]
129 Worker 3 forwarding task 47
129 Worker 1 processing task 56 requiring operations [8, 4]
129 Worker 1 forwarding task 56
129 Worker 0 processing task 61 requiring operations [9, 5]
129 Worker 0 performing operation 5 on task 61
130 Generated task 65
130 Worker 0 accepting task 65
130 Worker 4 accepting task 55
130 Worker 1 accepting task 47
130 Worker 0 accepting task 56
130 Worker 0 accepting task 61
130 Worker 4 processing task 62 requiring operations [6, 7, 3]
130 Worker 4 performing operation 3 on task 62
130 Worker 3 processing task 54 requiring operations [5]
130 Worker 3 forwarding task 54
130 Worker 1 processing task 64 requiring operations [10, 7, 3]
130 Worker 1 performing operation 3 on task 64
130 Worker 0 processing task 53 requiring operations [5]
130 Worker 0 performing operation 5 on task 53
131 Worker 4 accepting task 62
131 Worker 0 accepting task 54
131 Worker 1 accepting task 64
131 Task 53 completed!
131 Worker 4 processing task 58 requiring operations [9, 2]
131 Worker 4 forwarding task 58
131 Worker 3 processing task 57 requiring operations [10]
131 Worker 3 forwarding task 57
131 Worker 1 processing task 52 requiring operations [5]
131 Worker 1 forwarding task 52
131 Worker 0 processing task 65 requiring operations [3, 9, 10]
131 Worker 0 performing operation 9 on task 65
132 Generated task 66
132 Worker 1 accepting task 66
132 Worker 3 accepting task 58
132 Worker 1 accepting task 57
132 Worker 3 accepting task 52
132 Worker 0 accepting task 65
132 Worker 4 processing task 60 requiring operations [9, 8]
132 Worker 4 forwarding task 60
132 Worker 3 processing task 58 requiring operations [9, 2]
132 Worker 3 performing operation 2 on task 58
132 Worker 1 processing task 47 requiring operations [7]
132 Worker 1 performing operation 7 on task 47
132 Worker 0 processing task 56 requiring operations [8, 4]
132 Worker 0 forwarding task 56
133 Worker 1 accepting task 60
133 Worker 3 accepting task 58
133 Task 47 completed!
133 Worker 3 accepting task 56
133 Worker 4 processing task 59 requiring operations [7]
133 Worker 4 forwarding task 59
133 Worker 3 processing task 52 requiring operations [5]
133 Worker 3 forwarding task 52
133 Worker 1 processing task 64 requiring operations [10, 7]
133 Worker 1 performing operation 7 on task 64
133 Worker 0 processing task 61 requiring operations [9]
133 Worker 0 performing operation 9 on task 61
134 Generated task 67
134 Worker 2 accepting task 67
134 Worker 1 accepting task 59
134 Worker 0 accepting task 52
134 Worker 1 accepting task 64
134 Task 61 completed!
134 Worker 4 processing task 63 requiring operations [10, 2, 6]
134 Worker 4 performing operation 10 on task 63
134 Worker 3 processing task 58 requiring operations [9]
134 Worker 3 forwarding task 58
134 Worker 1 processing task 66 requiring operations [6, 1, 8]
134 Worker 1 forwarding task 66
134 Worker 0 processing task 54 requiring operations [5]
134 Worker 0 performing operation 5 on task 54
134 Worker 2 processing task 67 requiring operations [5, 7, 9]
134 Worker 2 forwarding task 67
135 Worker 4 accepting task 63
135 Worker 0 accepting task 58
135 Worker 2 accepting task 66
135 Task 54 completed!
135 Worker 0 accepting task 67
135 Worker 4 processing task 42 requiring operations [7]
135 Worker 4 forwarding task 42
135 Worker 3 processing task 56 requiring operations [8, 4]
135 Worker 3 performing operation 8 on task 56
135 Worker 1 processing task 57 requiring operations [10]
135 Worker 1 forwarding task 57
135 Worker 0 processing task 65 requiring operations [3, 10]
135 Worker 0 forwarding task 65
135 Worker 2 processing task 66 requiring operations [6, 1, 8]
135 Worker 2 performing operation 8 on task 66
136 Generated task 68
136 Worker 0 accepting task 68
136 Worker 3 accepting task 42
136 Worker 3 accepting task 56
136 Worker 0 accepting task 57
136 Worker 2 accepting task 65
136 Worker 2 accepting task 66
136 Worker 4 processing task 55 requiring operations [3]
136 Worker 4 performing operation 3 on task 55
136 Worker 3 processing task 42 requiring operations [7]
136 Worker 3 forwarding task 42
136 Worker 1 processing task 60 requiring operations [9, 8]
136 Worker 1 performing operation 9 on task 60
136 Worker 0 processing task 52 requiring operations [5]
136 Worker 0 performing operation 5 on task 52
136 Worker 2 processing task 65 requiring operations [3, 10]
136 Worker 2 forwarding task 65
137 Task 55 completed!
137 Worker 0 accepting task 42
137 Worker 1 accepting task 60
137 Task 52 completed!
137 Worker 3 accepting task 65
137 Worker 4 processing task 62 requiring operations [6, 7]
137 Worker 4 forwarding task 62
137 Worker 3 processing task 56 requiring operations [4]
137 Worker 3 forwarding task 56
137 Worker 1 processing task 59 requiring operations [7]
137 Worker 1 performing operation 7 on task 59
137 Worker 0 processing task 58 requiring operations [9]
137 Worker 0 performing operation 9 on task 58
137 Worker 2 processing task 66 requiring operations [6, 1]
137 Worker 2 performing operation 1 on task 66
138 Generated task 69
138 Worker 0 accepting task 69
138 Worker 2 accepting task 62
138 Worker 2 accepting task 56
138 Task 59 completed!
138 Task 58 completed!
138 Worker 2 accepting task 66
138 Worker 4 processing task 63 requiring operations [2, 6]
138 Worker 4 forwarding task 63
138 Worker 3 processing task 65 requiring operations [3, 10]
138 Worker 3 forwarding task 65
138 Worker 1 processing task 64 requiring operations [10]
138 Worker 1 forwarding task 64
138 Worker 0 processing task 67 requiring operations [5, 7, 9]
138 Worker 0 performing operation 5 on task 67
138 Worker 2 processing task 62 requiring operations [6, 7]
138 Worker 2 forwarding task 62
139 Worker 0 accepting task 63
139 Worker 1 accepting task 65
139 Worker 4 accepting task 64
139 Worker 0 accepting task 67
139 Worker 1 accepting task 62
139 Worker 1 processing task 60 requiring operations [8]
139 Worker 1 forwarding task 60
139 Worker 0 processing task 68 requiring operations [2, 8, 7]
139 Worker 0 forwarding task 68
139 Worker 2 processing task 56 requiring operations [4]
139 Worker 2 performing operation 4 on task 56
139 Worker 4 processing task 64 requiring operations [10]
139 Worker 4 performing operation 10 on task 64
140 Generated task 70
140 Worker 4 accepting task 70
140 Worker 3 accepting task 60
140 Worker 4 accepting task 68
140 Task 56 completed!
140 Task 64 completed!
140 Worker 1 processing task 65 requiring operations [3, 10]
140 Worker 1 performing operation 3 on task 65
140 Worker 0 processing task 57 requiring operations [10]
140 Worker 0 forwarding task 57
140 Worker 2 processing task 66 requiring operations [6]
140 Worker 2 forwarding task 66
140 Worker 4 processing task 70 requiring operations [1, 4, 6]
140 Worker 4 forwarding task 70
140 Worker 3 processing task 60 requiring operations [8]
140 Worker 3 performing operation 8 on task 60
