Worker 0 can perform operations {9}
Worker 1 can perform operations {2, 6}
Worker 2 can perform operations {1, 6, 7, 8, 10}
Worker 3 can perform operations {4}
Worker 4 can perform operations {1, 3, 4, 5}
Building network type full-connect
Worker 0 connecting to worker 1
Worker 0 connecting to worker 2
Worker 0 connecting to worker 3
Worker 0 connecting to worker 4
Worker 1 connecting to worker 0
Worker 1 connecting to worker 2
Worker 1 connecting to worker 3
Worker 1 connecting to worker 4
Worker 2 connecting to worker 0
Worker 2 connecting to worker 1
Worker 2 connecting to worker 3
Worker 2 connecting to worker 4
Worker 3 connecting to worker 0
Worker 3 connecting to worker 1
Worker 3 connecting to worker 2
Worker 3 connecting to worker 4
Worker 4 connecting to worker 0
Worker 4 connecting to worker 1
Worker 4 connecting to worker 2
Worker 4 connecting to worker 3
Entry nodes are [0, 1, 2, 3, 4]
0 Generated task 0
0 Worker 3 accepting task 0
0 Worker 3 processing task 0 requiring operations [8, 5, 3]
0 Worker 3 forwarding task 0
1 Worker 0 accepting task 0
1 Worker 0 processing task 0 requiring operations [8, 5, 3]
1 Worker 0 forwarding task 0
2 Generated task 1
2 Worker 3 accepting task 1
2 Worker 2 accepting task 0
2 Worker 3 processing task 1 requiring operations [2, 9, 7]
2 Worker 3 forwarding task 1
2 Worker 2 processing task 0 requiring operations [8, 5, 3]
2 Worker 2 performing operation 8 on task 0
3 Worker 1 accepting task 1
3 Worker 2 accepting task 0
3 Worker 2 processing task 0 requiring operations [5, 3]
3 Worker 2 forwarding task 0
3 Worker 1 processing task 1 requiring operations [2, 9, 7]
3 Worker 1 performing operation 2 on task 1
4 Generated task 2
4 Worker 2 accepting task 2
4 Worker 1 accepting task 0
4 Worker 1 accepting task 1
4 Worker 2 processing task 2 requiring operations [1, 10, 8]
4 Worker 2 performing operation 1 on task 2
4 Worker 1 processing task 0 requiring operations [5, 3]
4 Worker 1 forwarding task 0
5 Worker 2 accepting task 2
5 Worker 0 accepting task 0
5 Worker 2 processing task 2 requiring operations [10, 8]
5 Worker 2 performing operation 10 on task 2
5 Worker 1 processing task 1 requiring operations [9, 7]
5 Worker 1 forwarding task 1
5 Worker 0 processing task 0 requiring operations [5, 3]
5 Worker 0 forwarding task 0
6 Generated task 3
6 Worker 3 accepting task 3
6 Worker 2 accepting task 2
6 Worker 0 accepting task 1
6 Worker 2 accepting task 0
6 Worker 2 processing task 2 requiring operations [8]
6 Worker 2 performing operation 8 on task 2
6 Worker 0 processing task 1 requiring operations [9, 7]
6 Worker 0 performing operation 9 on task 1
6 Worker 3 processing task 3 requiring operations [8, 4, 10]
6 Worker 3 performing operation 4 on task 3
7 Task 2 completed!
7 Worker 0 accepting task 1
7 Worker 3 accepting task 3
7 Worker 2 processing task 0 requiring operations [5, 3]
7 Worker 2 forwarding task 0
7 Worker 0 processing task 1 requiring operations [7]
7 Worker 0 forwarding task 1
7 Worker 3 processing task 3 requiring operations [8, 10]
7 Worker 3 forwarding task 3
8 Generated task 4
8 Worker 3 accepting task 4
8 Worker 4 accepting task 0
8 Worker 2 accepting task 1
8 Worker 0 accepting task 3
8 Worker 3 processing task 4 requiring operations [9, 1, 3]
8 Worker 3 forwarding task 4
8 Worker 4 processing task 0 requiring operations [5, 3]
8 Worker 4 performing operation 5 on task 0
8 Worker 2 processing task 1 requiring operations [7]
8 Worker 2 performing operation 7 on task 1
8 Worker 0 processing task 3 requiring operations [8, 10]
8 Worker 0 forwarding task 3
9 Worker 0 accepting task 4
9 Worker 4 accepting task 0
9 Task 1 completed!
9 Worker 1 accepting task 3
9 Worker 4 processing task 0 requiring operations [3]
9 Worker 4 performing operation 3 on task 0
9 Worker 0 processing task 4 requiring operations [9, 1, 3]
9 Worker 0 performing operation 9 on task 4
9 Worker 1 processing task 3 requiring operations [8, 10]
9 Worker 1 forwarding task 3
10 Generated task 5
10 Worker 4 accepting task 5
10 Task 0 completed!
10 Worker 0 accepting task 4
10 Worker 0 accepting task 3
10 Worker 4 processing task 5 requiring operations [8, 10, 1]
10 Worker 4 performing operation 1 on task 5
10 Worker 0 processing task 4 requiring operations [1, 3]
10 Worker 0 forwarding task 4
11 Worker 4 accepting task 5
11 Worker 3 accepting task 4
11 Worker 4 processing task 5 requiring operations [8, 10]
11 Worker 4 forwarding task 5
11 Worker 0 processing task 3 requiring operations [8, 10]
11 Worker 0 forwarding task 3
11 Worker 3 processing task 4 requiring operations [1, 3]
11 Worker 3 forwarding task 4
12 Generated task 6
12 Worker 3 accepting task 6
12 Worker 2 accepting task 5
12 Worker 4 accepting task 3
12 Worker 0 accepting task 4
12 Worker 3 processing task 6 requiring operations [3, 2, 10]
12 Worker 3 forwarding task 6
12 Worker 2 processing task 5 requiring operations [8, 10]
12 Worker 2 performing operation 8 on task 5
12 Worker 4 processing task 3 requiring operations [8, 10]
12 Worker 4 forwarding task 3
12 Worker 0 processing task 4 requiring operations [1, 3]
12 Worker 0 forwarding task 4
13 Worker 1 accepting task 6
13 Worker 2 accepting task 5
13 Worker 1 accepting task 3
13 Worker 1 accepting task 4
13 Worker 2 processing task 5 requiring operations [10]
13 Worker 2 performing operation 10 on task 5
13 Worker 1 processing task 6 requiring operations [3, 2, 10]
13 Worker 1 performing operation 2 on task 6
14 Generated task 7
14 Worker 3 accepting task 7
14 Task 5 completed!
14 Worker 1 accepting task 6
14 Worker 1 processing task 3 requiring operations [8, 10]
14 Worker 1 forwarding task 3
14 Worker 3 processing task 7 requiring operations [7, 3, 8]
14 Worker 3 forwarding task 7
15 Worker 4 accepting task 3
15 Worker 1 accepting task 7
15 Worker 1 processing task 4 requiring operations [1, 3]
15 Worker 1 forwarding task 4
15 Worker 4 processing task 3 requiring operations [8, 10]
15 Worker 4 forwarding task 3
16 Generated task 8
16 Worker 2 accepting task 8
16 Worker 3 accepting task 4
16 Worker 0 accepting task 3
16 Worker 1 processing task 6 requiring operations [3, 10]
16 Worker 1 forwarding task 6
16 Worker 2 processing task 8 requiring operations [3, 7, 2]
16 Worker 2 performing operation 7 on task 8
16 Worker 3 processing task 4 requiring operations [1, 3]
16 Worker 3 forwarding task 4
16 Worker 0 processing task 3 requiring operations [8, 10]
16 Worker 0 forwarding task 3
17 Worker 3 accepting task 6
17 Worker 2 accepting task 8
17 Worker 1 accepting task 4
17 Worker 1 accepting task 3
17 Worker 1 processing task 7 requiring operations [7, 3, 8]
17 Worker 1 forwarding task 7
17 Worker 2 processing task 8 requiring operations [3, 2]
17 Worker 2 forwarding task 8
17 Worker 3 processing task 6 requiring operations [3, 10]
17 Worker 3 forwarding task 6
18 Generated task 9
18 Worker 0 accepting task 9
18 Worker 2 accepting task 7
18 Worker 1 accepting task 8
18 Worker 0 accepting task 6
18 Worker 1 processing task 4 requiring operations [1, 3]
18 Worker 1 forwarding task 4
18 Worker 2 processing task 7 requiring operations [7, 3, 8]
18 Worker 2 performing operation 7 on task 7
18 Worker 0 processing task 9 requiring operations [9, 3, 6]
18 Worker 0 performing operation 9 on task 9
19 Worker 3 accepting task 4
19 Worker 2 accepting task 7
19 Worker 0 accepting task 9
19 Worker 1 processing task 3 requiring operations [8, 10]
19 Worker 1 forwarding task 3
19 Worker 2 processing task 7 requiring operations [3, 8]
19 Worker 2 performing operation 8 on task 7
19 Worker 0 processing task 6 requiring operations [3, 10]
19 Worker 0 forwarding task 6
19 Worker 3 processing task 4 requiring operations [1, 3]
19 Worker 3 forwarding task 4
20 Generated task 10
20 Worker 3 accepting task 10
20 Worker 2 accepting task 3
20 Worker 2 accepting task 7
20 Worker 2 accepting task 6
20 Worker 1 accepting task 4
20 Worker 1 processing task 8 requiring operations [3, 2]
20 Worker 1 performing operation 2 on task 8
20 Worker 2 processing task 3 requiring operations [8, 10]
20 Worker 2 performing operation 8 on task 3
20 Worker 0 processing task 9 requiring operations [3, 6]
20 Worker 0 forwarding task 9
20 Worker 3 processing task 10 requiring operations [4, 3, 5]
20 Worker 3 performing operation 4 on task 10
21 Worker 1 accepting task 8
21 Worker 2 accepting task 3
21 Worker 3 accepting task 9
21 Worker 3 accepting task 10
21 Worker 1 processing task 4 requiring operations [1, 3]
21 Worker 1 forwarding task 4
21 Worker 2 processing task 7 requiring operations [3]
21 Worker 2 forwarding task 7
21 Worker 3 processing task 9 requiring operations [3, 6]
21 Worker 3 forwarding task 9
22 Generated task 11
22 Worker 2 accepting task 11
22 Worker 3 accepting task 4
22 Worker 0 accepting task 7
22 Worker 2 accepting task 9
22 Worker 1 processing task 8 requiring operations [3]
22 Worker 1 forwarding task 8
22 Worker 2 processing task 6 requiring operations [3, 10]
22 Worker 2 performing operation 10 on task 6
22 Worker 3 processing task 10 requiring operations [3, 5]
22 Worker 3 forwarding task 10
22 Worker 0 processing task 7 requiring operations [3]
22 Worker 0 forwarding task 7
23 Worker 0 accepting task 8
23 Worker 2 accepting task 6
23 Worker 0 accepting task 10
23 Worker 2 accepting task 7
23 Worker 2 processing task 3 requiring operations [10]
23 Worker 2 performing operation 10 on task 3
23 Worker 3 processing task 4 requiring operations [1, 3]
23 Worker 3 forwarding task 4
23 Worker 0 processing task 8 requiring operations [3]
23 Worker 0 forwarding task 8
24 Generated task 12
24 Worker 0 accepting task 12
24 Task 3 completed!
24 Worker 4 accepting task 4
24 Worker 4 accepting task 8
24 Worker 2 processing task 11 requiring operations [8, 5, 10]
24 Worker 2 performing operation 8 on task 11
24 Worker 0 processing task 10 requiring operations [3, 5]
24 Worker 0 forwarding task 10
24 Worker 4 processing task 4 requiring operations [1, 3]
24 Worker 4 performing operation 1 on task 4
25 Worker 2 accepting task 11
25 Worker 1 accepting task 10
25 Worker 4 accepting task 4
25 Worker 2 processing task 9 requiring operations [3, 6]
25 Worker 2 performing operation 6 on task 9
25 Worker 0 processing task 12 requiring operations [9, 1, 8]
25 Worker 0 performing operation 9 on task 12
25 Worker 4 processing task 8 requiring operations [3]
25 Worker 4 performing operation 3 on task 8
25 Worker 1 processing task 10 requiring operations [3, 5]
25 Worker 1 forwarding task 10
26 Generated task 13
26 Worker 3 accepting task 13
26 Worker 2 accepting task 9
26 Worker 0 accepting task 12
26 Task 8 completed!
26 Worker 2 accepting task 10
26 Worker 2 processing task 6 requiring operations [3]
26 Worker 2 forwarding task 6
26 Worker 0 processing task 12 requiring operations [1, 8]
26 Worker 0 forwarding task 12
26 Worker 4 processing task 4 requiring operations [3]
26 Worker 4 performing operation 3 on task 4
26 Worker 3 processing task 13 requiring operations [3, 1, 2]
26 Worker 3 forwarding task 13
27 Worker 0 accepting task 6
27 Worker 2 accepting task 12
27 Task 4 completed!
27 Worker 2 accepting task 13
27 Worker 2 processing task 7 requiring operations [3]
27 Worker 2 forwarding task 7
27 Worker 0 processing task 6 requiring operations [3]
27 Worker 0 forwarding task 6
28 Generated task 14
28 Worker 0 accepting task 14
28 Worker 0 accepting task 7
28 Worker 1 accepting task 6
28 Worker 2 processing task 11 requiring operations [5, 10]
28 Worker 2 performing operation 10 on task 11
28 Worker 0 processing task 14 requiring operations [5, 8, 9]
28 Worker 0 performing operation 9 on task 14
28 Worker 1 processing task 6 requiring operations [3]
28 Worker 1 forwarding task 6
29 Worker 2 accepting task 11
29 Worker 0 accepting task 14
29 Worker 4 accepting task 6
29 Worker 2 processing task 9 requiring operations [3]
29 Worker 2 forwarding task 9
29 Worker 0 processing task 7 requiring operations [3]
29 Worker 0 forwarding task 7
29 Worker 4 processing task 6 requiring operations [3]
29 Worker 4 performing operation 3 on task 6
30 Generated task 15
30 Worker 4 accepting task 15
30 Worker 3 accepting task 9
30 Worker 1 accepting task 7
30 Task 6 completed!
30 Worker 2 processing task 10 requiring operations [3, 5]
30 Worker 2 forwarding task 10
30 Worker 0 processing task 14 requiring operations [5, 8]
30 Worker 0 forwarding task 14
30 Worker 4 processing task 15 requiring operations [2, 8, 9]
30 Worker 4 forwarding task 15
30 Worker 3 processing task 9 requiring operations [3]
30 Worker 3 forwarding task 9
30 Worker 1 processing task 7 requiring operations [3]
30 Worker 1 forwarding task 7
31 Worker 3 accepting task 10
31 Worker 3 accepting task 14
31 Worker 2 accepting task 15
31 Worker 4 accepting task 9
31 Worker 4 accepting task 7
31 Worker 2 processing task 12 requiring operations [1, 8]
31 Worker 2 performing operation 1 on task 12
31 Worker 3 processing task 10 requiring operations [3, 5]
31 Worker 3 forwarding task 10
31 Worker 4 processing task 9 requiring operations [3]
31 Worker 4 performing operation 3 on task 9
32 Generated task 16
32 Worker 2 accepting task 16
32 Worker 2 accepting task 12
32 Worker 0 accepting task 10
32 Task 9 completed!
32 Worker 2 processing task 13 requiring operations [3, 1, 2]
32 Worker 2 performing operation 1 on task 13
32 Worker 3 processing task 14 requiring operations [5, 8]
32 Worker 3 forwarding task 14
32 Worker 4 processing task 7 requiring operations [3]
32 Worker 4 performing operation 3 on task 7
32 Worker 0 processing task 10 requiring operations [3, 5]
32 Worker 0 forwarding task 10
33 Worker 2 accepting task 13
33 Worker 2 accepting task 14
33 Task 7 completed!
33 Worker 2 accepting task 10
33 Worker 2 processing task 11 requiring operations [5]
33 Worker 2 forwarding task 11
34 Generated task 17
34 Worker 4 accepting task 17
34 Worker 0 accepting task 11
34 Worker 2 processing task 15 requiring operations [2, 8, 9]
34 Worker 2 performing operation 8 on task 15
34 Worker 4 processing task 17 requiring operations [2, 5, 7]
34 Worker 4 performing operation 5 on task 17
34 Worker 0 processing task 11 requiring operations [5]
34 Worker 0 forwarding task 11
35 Worker 2 accepting task 15
35 Worker 4 accepting task 17
35 Worker 1 accepting task 11
35 Worker 2 processing task 16 requiring operations [5, 2, 9]
35 Worker 2 forwarding task 16
35 Worker 4 processing task 17 requiring operations [2, 7]
35 Worker 4 forwarding task 17
35 Worker 1 processing task 11 requiring operations [5]
35 Worker 1 forwarding task 11
36 Generated task 18
36 Worker 4 accepting task 18
36 Worker 1 accepting task 16
36 Worker 2 accepting task 17
36 Worker 0 accepting task 11
36 Worker 2 processing task 12 requiring operations [8]
36 Worker 2 performing operation 8 on task 12
36 Worker 4 processing task 18 requiring operations [3, 8, 9]
36 Worker 4 performing operation 3 on task 18
36 Worker 1 processing task 16 requiring operations [5, 2, 9]
36 Worker 1 performing operation 2 on task 16
36 Worker 0 processing task 11 requiring operations [5]
36 Worker 0 forwarding task 11
37 Task 12 completed!
37 Worker 4 accepting task 18
37 Worker 1 accepting task 16
37 Worker 3 accepting task 11
37 Worker 2 processing task 13 requiring operations [3, 2]
37 Worker 2 forwarding task 13
37 Worker 4 processing task 18 requiring operations [8, 9]
37 Worker 4 forwarding task 18
37 Worker 1 processing task 16 requiring operations [5, 9]
37 Worker 1 forwarding task 16
37 Worker 3 processing task 11 requiring operations [5]
37 Worker 3 forwarding task 11
38 Generated task 19
38 Worker 1 accepting task 19
38 Worker 0 accepting task 13
38 Worker 3 accepting task 18
38 Worker 0 accepting task 16
38 Worker 1 accepting task 11
38 Worker 2 processing task 14 requiring operations [5, 8]
38 Worker 2 performing operation 8 on task 14
38 Worker 1 processing task 19 requiring operations [4, 9, 7]
38 Worker 1 forwarding task 19
38 Worker 3 processing task 18 requiring operations [8, 9]
38 Worker 3 forwarding task 18
38 Worker 0 processing task 13 requiring operations [3, 2]
38 Worker 0 forwarding task 13
39 Worker 2 accepting task 14
39 Worker 3 accepting task 19
39 Worker 0 accepting task 18
39 Worker 4 accepting task 13
39 Worker 2 processing task 10 requiring operations [3, 5]
39 Worker 2 forwarding task 10
39 Worker 1 processing task 11 requiring operations [5]
39 Worker 1 forwarding task 11
39 Worker 3 processing task 19 requiring operations [4, 9, 7]
39 Worker 3 performing operation 4 on task 19
39 Worker 0 processing task 16 requiring operations [5, 9]
39 Worker 0 performing operation 9 on task 16
39 Worker 4 processing task 13 requiring operations [3, 2]
39 Worker 4 performing operation 3 on task 13
40 Generated task 20
40 Worker 4 accepting task 20
40 Worker 0 accepting task 10
40 Worker 4 accepting task 11
40 Worker 3 accepting task 19
40 Worker 0 accepting task 16
40 Worker 4 accepting task 13
40 Worker 2 processing task 15 requiring operations [2, 9]
40 Worker 2 forwarding task 15
40 Worker 3 processing task 19 requiring operations [9, 7]
40 Worker 3 forwarding task 19
40 Worker 0 processing task 18 requiring operations [8, 9]
40 Worker 0 performing operation 9 on task 18
40 Worker 4 processing task 20 requiring operations [9, 7, 2]
40 Worker 4 forwarding task 20
41 Worker 0 accepting task 15
41 Worker 0 accepting task 19
41 Worker 0 accepting task 18
41 Worker 0 accepting task 20
41 Worker 2 processing task 17 requiring operations [2, 7]
41 Worker 2 performing operation 7 on task 17
41 Worker 0 processing task 10 requiring operations [3, 5]
41 Worker 0 forwarding task 10
41 Worker 4 processing task 11 requiring operations [5]
41 Worker 4 performing operation 5 on task 11
42 Generated task 21
42 Worker 0 accepting task 21
42 Worker 2 accepting task 17
42 Worker 2 accepting task 10
42 Task 11 completed!
42 Worker 2 processing task 14 requiring operations [5]
42 Worker 2 forwarding task 14
42 Worker 0 processing task 16 requiring operations [5]
42 Worker 0 forwarding task 16
42 Worker 4 processing task 13 requiring operations [2]
42 Worker 4 forwarding task 13
43 Worker 0 accepting task 14
43 Worker 3 accepting task 16
43 Worker 0 accepting task 13
43 Worker 2 processing task 17 requiring operations [2]
43 Worker 2 forwarding task 17
43 Worker 0 processing task 15 requiring operations [2, 9]
43 Worker 0 performing operation 9 on task 15
43 Worker 3 processing task 16 requiring operations [5]
43 Worker 3 forwarding task 16
44 Generated task 22
44 Worker 0 accepting task 22
44 Worker 0 accepting task 17
44 Worker 0 accepting task 15
44 Worker 2 accepting task 16
44 Worker 2 processing task 10 requiring operations [3, 5]
44 Worker 2 forwarding task 10
44 Worker 0 processing task 19 requiring operations [9, 7]
44 Worker 0 performing operation 9 on task 19
45 Worker 1 accepting task 10
45 Worker 0 accepting task 19
45 Worker 2 processing task 16 requiring operations [5]
45 Worker 2 forwarding task 16
45 Worker 0 processing task 18 requiring operations [8]
45 Worker 0 forwarding task 18
45 Worker 1 processing task 10 requiring operations [3, 5]
45 Worker 1 forwarding task 10
46 Generated task 23
46 Worker 3 accepting task 23
46 Worker 0 accepting task 16
46 Worker 1 accepting task 18
46 Worker 0 accepting task 10
46 Worker 0 processing task 20 requiring operations [9, 7, 2]
46 Worker 0 performing operation 9 on task 20
46 Worker 1 processing task 18 requiring operations [8]
46 Worker 1 forwarding task 18
46 Worker 3 processing task 23 requiring operations [8, 3, 1]
46 Worker 3 forwarding task 23
47 Worker 0 accepting task 20
47 Worker 4 accepting task 18
47 Worker 2 accepting task 23
47 Worker 0 processing task 21 requiring operations [1, 7, 9]
47 Worker 0 performing operation 9 on task 21
47 Worker 4 processing task 18 requiring operations [8]
47 Worker 4 forwarding task 18
47 Worker 2 processing task 23 requiring operations [8, 3, 1]
47 Worker 2 performing operation 8 on task 23
48 Generated task 24
48 Worker 3 accepting task 24
48 Worker 0 accepting task 21
48 Worker 2 accepting task 18
48 Worker 2 accepting task 23
48 Worker 0 processing task 14 requiring operations [5]
48 Worker 0 forwarding task 14
48 Worker 2 processing task 18 requiring operations [8]
48 Worker 2 performing operation 8 on task 18
48 Worker 3 processing task 24 requiring operations [4, 8, 7]
48 Worker 3 performing operation 4 on task 24
49 Worker 1 accepting task 14
49 Task 18 completed!
49 Worker 3 accepting task 24
49 Worker 0 processing task 13 requiring operations [2]
49 Worker 0 forwarding task 13
49 Worker 2 processing task 23 requiring operations [3, 1]
49 Worker 2 performing operation 1 on task 23
49 Worker 3 processing task 24 requiring operations [8, 7]
49 Worker 3 forwarding task 24
49 Worker 1 processing task 14 requiring operations [5]
49 Worker 1 forwarding task 14
50 Generated task 25
50 Worker 1 accepting task 25
50 Worker 1 accepting task 13
50 Worker 2 accepting task 23
50 Worker 1 accepting task 24
50 Worker 4 accepting task 14
50 Worker 0 processing task 22 requiring operations [2, 8, 6]
50 Worker 0 forwarding task 22
50 Worker 2 processing task 23 requiring operations [3]
50 Worker 2 forwarding task 23
50 Worker 1 processing task 25 requiring operations [1, 2, 6]
50 Worker 1 performing operation 6 on task 25
50 Worker 4 processing task 14 requiring operations [5]
50 Worker 4 performing operation 5 on task 14
51 Worker 2 accepting task 22
51 Worker 1 accepting task 23
51 Worker 1 accepting task 25
51 Task 14 completed!
51 Worker 0 processing task 17 requiring operations [2]
51 Worker 0 forwarding task 17
51 Worker 2 processing task 22 requiring operations [2, 8, 6]
51 Worker 2 performing operation 6 on task 22
51 Worker 1 processing task 13 requiring operations [2]
51 Worker 1 performing operation 2 on task 13
52 Generated task 26
52 Worker 2 accepting task 26
52 Worker 2 accepting task 17
52 Worker 2 accepting task 22
52 Task 13 completed!
52 Worker 0 processing task 15 requiring operations [2]
52 Worker 0 forwarding task 15
52 Worker 2 processing task 26 requiring operations [1, 9, 7]
52 Worker 2 performing operation 1 on task 26
52 Worker 1 processing task 24 requiring operations [8, 7]
52 Worker 1 forwarding task 24
53 Worker 3 accepting task 15
53 Worker 2 accepting task 26
53 Worker 2 accepting task 24
53 Worker 0 processing task 19 requiring operations [7]
53 Worker 0 forwarding task 19
53 Worker 2 processing task 17 requiring operations [2]
53 Worker 2 forwarding task 17
53 Worker 1 processing task 23 requiring operations [3]
53 Worker 1 forwarding task 23
53 Worker 3 processing task 15 requiring operations [2]
53 Worker 3 forwarding task 15
54 Generated task 27
54 Worker 0 accepting task 27
54 Worker 1 accepting task 19
54 Worker 4 accepting task 17
54 Worker 0 accepting task 23
54 Worker 0 accepting task 15
54 Worker 0 processing task 16 requiring operations [5]
54 Worker 0 forwarding task 16
54 Worker 2 processing task 22 requiring operations [2, 8]
54 Worker 2 performing operation 8 on task 22
54 Worker 1 processing task 25 requiring operations [1, 2]
54 Worker 1 performing operation 2 on task 25
54 Worker 4 processing task 17 requiring operations [2]
54 Worker 4 forwarding task 17
55 Worker 2 accepting task 16
55 Worker 2 accepting task 22
55 Worker 1 accepting task 25
55 Worker 0 accepting task 17
55 Worker 0 processing task 10 requiring operations [3, 5]
55 Worker 0 forwarding task 10
55 Worker 2 processing task 26 requiring operations [9, 7]
55 Worker 2 performing operation 7 on task 26
55 Worker 1 processing task 19 requiring operations [7]
55 Worker 1 forwarding task 19
56 Generated task 28
56 Worker 4 accepting task 28
56 Worker 3 accepting task 10
56 Worker 2 accepting task 26
56 Worker 4 accepting task 19
56 Worker 0 processing task 20 requiring operations [7, 2]
56 Worker 0 forwarding task 20
56 Worker 2 processing task 24 requiring operations [8, 7]
56 Worker 2 performing operation 7 on task 24
56 Worker 1 processing task 25 requiring operations [1]
56 Worker 1 forwarding task 25
56 Worker 4 processing task 28 requiring operations [5, 10, 4]
56 Worker 4 performing operation 5 on task 28
56 Worker 3 processing task 10 requiring operations [3, 5]
56 Worker 3 forwarding task 10
57 Worker 2 accepting task 20
57 Worker 2 accepting task 24
57 Worker 4 accepting task 25
57 Worker 4 accepting task 28
57 Worker 0 accepting task 10
57 Worker 0 processing task 21 requiring operations [1, 7]
57 Worker 0 forwarding task 21
57 Worker 2 processing task 16 requiring operations [5]
57 Worker 2 forwarding task 16
57 Worker 4 processing task 19 requiring operations [7]
57 Worker 4 forwarding task 19
58 Generated task 29
58 Worker 3 accepting task 29
58 Worker 3 accepting task 21
58 Worker 1 accepting task 16
58 Worker 3 accepting task 19
58 Worker 0 processing task 27 requiring operations [9, 1, 4]
58 Worker 0 performing operation 9 on task 27
58 Worker 2 processing task 22 requiring operations [2]
58 Worker 2 forwarding task 22
58 Worker 4 processing task 25 requiring operations [1]
58 Worker 4 performing operation 1 on task 25
58 Worker 3 processing task 29 requiring operations [1, 10, 6]
58 Worker 3 forwarding task 29
58 Worker 1 processing task 16 requiring operations [5]
58 Worker 1 forwarding task 16
59 Worker 0 accepting task 27
59 Worker 4 accepting task 22
59 Task 25 completed!
59 Worker 2 accepting task 29
59 Worker 2 accepting task 16
59 Worker 0 processing task 23 requiring operations [3]
59 Worker 0 forwarding task 23
59 Worker 2 processing task 26 requiring operations [9]
59 Worker 2 forwarding task 26
59 Worker 4 processing task 28 requiring operations [10, 4]
59 Worker 4 performing operation 4 on task 28
59 Worker 3 processing task 21 requiring operations [1, 7]
59 Worker 3 forwarding task 21
60 Generated task 30
60 Worker 4 accepting task 30
60 Worker 2 accepting task 23
60 Worker 4 accepting task 26
60 Worker 4 accepting task 28
60 Worker 2 accepting task 21
60 Worker 0 processing task 15 requiring operations [2]
60 Worker 0 forwarding task 15
60 Worker 2 processing task 20 requiring operations [7, 2]
60 Worker 2 performing operation 7 on task 20
60 Worker 4 processing task 22 requiring operations [2]
60 Worker 4 forwarding task 22
60 Worker 3 processing task 19 requiring operations [7]
60 Worker 3 forwarding task 19
61 Worker 1 accepting task 15
61 Worker 2 accepting task 20
61 Worker 2 accepting task 22
61 Worker 4 accepting task 19
61 Worker 0 processing task 17 requiring operations [2]
61 Worker 0 forwarding task 17
61 Worker 2 processing task 24 requiring operations [8]
61 Worker 2 performing operation 8 on task 24
61 Worker 4 processing task 30 requiring operations [1, 7, 3]
61 Worker 4 performing operation 3 on task 30
61 Worker 1 processing task 15 requiring operations [2]
61 Worker 1 performing operation 2 on task 15
62 Generated task 31
62 Worker 4 accepting task 31
62 Worker 1 accepting task 17
62 Task 24 completed!
62 Worker 4 accepting task 30
62 Task 15 completed!
62 Worker 0 processing task 10 requiring operations [3, 5]
62 Worker 0 forwarding task 10
62 Worker 2 processing task 29 requiring operations [1, 10, 6]
62 Worker 2 performing operation 6 on task 29
62 Worker 4 processing task 26 requiring operations [9]
62 Worker 4 forwarding task 26
62 Worker 1 processing task 17 requiring operations [2]
62 Worker 1 performing operation 2 on task 17
63 Worker 3 accepting task 10
63 Worker 2 accepting task 29
63 Worker 0 accepting task 26
63 Task 17 completed!
63 Worker 0 processing task 27 requiring operations [1, 4]
63 Worker 0 forwarding task 27
63 Worker 2 processing task 16 requiring operations [5]
63 Worker 2 forwarding task 16
63 Worker 4 processing task 28 requiring operations [10]
63 Worker 4 forwarding task 28
63 Worker 3 processing task 10 requiring operations [3, 5]
63 Worker 3 forwarding task 10
64 Generated task 32
64 Worker 2 accepting task 32
64 Worker 3 accepting task 27
64 Worker 0 accepting task 16
64 Worker 2 accepting task 28
64 Worker 2 accepting task 10
64 Worker 0 processing task 26 requiring operations [9]
64 Worker 0 performing operation 9 on task 26
64 Worker 2 processing task 23 requiring operations [3]
64 Worker 2 forwarding task 23
64 Worker 4 processing task 19 requiring operations [7]
64 Worker 4 forwarding task 19
64 Worker 3 processing task 27 requiring operations [1, 4]
64 Worker 3 performing operation 4 on task 27
65 Task 26 completed!
65 Worker 4 accepting task 23
65 Worker 2 accepting task 19
65 Worker 3 accepting task 27
65 Worker 0 processing task 16 requiring operations [5]
65 Worker 0 forwarding task 16
65 Worker 2 processing task 21 requiring operations [1, 7]
65 Worker 2 performing operation 7 on task 21
65 Worker 4 processing task 31 requiring operations [8, 1, 2]
65 Worker 4 performing operation 1 on task 31
65 Worker 3 processing task 27 requiring operations [1]
65 Worker 3 forwarding task 27
66 Generated task 33
66 Worker 4 accepting task 33
66 Worker 1 accepting task 16
66 Worker 2 accepting task 21
66 Worker 4 accepting task 31
66 Worker 1 accepting task 27
66 Worker 2 processing task 20 requiring operations [2]
66 Worker 2 forwarding task 20
66 Worker 4 processing task 30 requiring operations [1, 7]
66 Worker 4 performing operation 1 on task 30
66 Worker 1 processing task 16 requiring operations [5]
66 Worker 1 forwarding task 16
67 Worker 4 accepting task 20
67 Worker 4 accepting task 30
67 Worker 3 accepting task 16
67 Worker 2 processing task 22 requiring operations [2]
67 Worker 2 forwarding task 22
67 Worker 4 processing task 23 requiring operations [3]
67 Worker 4 performing operation 3 on task 23
67 Worker 1 processing task 27 requiring operations [1]
67 Worker 1 forwarding task 27
67 Worker 3 processing task 16 requiring operations [5]
67 Worker 3 forwarding task 16
68 Generated task 34
68 Worker 3 accepting task 34
68 Worker 4 accepting task 22
68 Task 23 completed!
68 Worker 2 accepting task 27
68 Worker 4 accepting task 16
68 Worker 2 processing task 29 requiring operations [1, 10]
68 Worker 2 performing operation 1 on task 29
68 Worker 4 processing task 33 requiring operations [1, 3, 10]
68 Worker 4 performing operation 1 on task 33
68 Worker 3 processing task 34 requiring operations [4, 3, 5]
68 Worker 3 performing operation 4 on task 34
69 Worker 2 accepting task 29
69 Worker 4 accepting task 33
69 Worker 3 accepting task 34
69 Worker 2 processing task 32 requiring operations [1, 10, 9]
69 Worker 2 performing operation 10 on task 32
69 Worker 4 processing task 31 requiring operations [8, 2]
69 Worker 4 forwarding task 31
69 Worker 3 processing task 34 requiring operations [3, 5]
69 Worker 3 forwarding task 34
70 Generated task 35
70 Worker 0 accepting task 35
70 Worker 2 accepting task 32
70 Worker 3 accepting task 31
70 Worker 2 accepting task 34
70 Worker 2 processing task 28 requiring operations [10]
70 Worker 2 performing operation 10 on task 28
70 Worker 4 processing task 20 requiring operations [2]
70 Worker 4 forwarding task 20
70 Worker 3 processing task 31 requiring operations [8, 2]
70 Worker 3 forwarding task 31
70 Worker 0 processing task 35 requiring operations [3, 7, 4]
70 Worker 0 forwarding task 35
71 Task 28 completed!
71 Worker 1 accepting task 20
71 Worker 2 accepting task 31
71 Worker 3 accepting task 35
71 Worker 2 processing task 10 requiring operations [3, 5]
71 Worker 2 forwarding task 10
71 Worker 4 processing task 30 requiring operations [7]
71 Worker 4 forwarding task 30
71 Worker 1 processing task 20 requiring operations [2]
71 Worker 1 performing operation 2 on task 20
71 Worker 3 processing task 35 requiring operations [3, 7, 4]
71 Worker 3 performing operation 4 on task 35
72 Generated task 36
72 Worker 1 accepting task 36
72 Worker 3 accepting task 10
72 Worker 1 accepting task 30
72 Task 20 completed!
72 Worker 3 accepting task 35
72 Worker 2 processing task 19 requiring operations [7]
72 Worker 2 performing operation 7 on task 19
72 Worker 4 processing task 22 requiring operations [2]
72 Worker 4 forwarding task 22
72 Worker 1 processing task 36 requiring operations [8, 3, 4]
72 Worker 1 forwarding task 36
72 Worker 3 processing task 10 requiring operations [3, 5]
72 Worker 3 forwarding task 10
73 Task 19 completed!
73 Worker 2 accepting task 22
73 Worker 2 accepting task 36
73 Worker 2 accepting task 10
73 Worker 2 processing task 21 requiring operations [1]
73 Worker 2 performing operation 1 on task 21
73 Worker 4 processing task 16 requiring operations [5]
73 Worker 4 performing operation 5 on task 16
73 Worker 1 processing task 30 requiring operations [7]
73 Worker 1 forwarding task 30
73 Worker 3 processing task 35 requiring operations [3, 7]
73 Worker 3 forwarding task 35
74 Generated task 37
74 Worker 0 accepting task 37
74 Task 21 completed!
74 Task 16 completed!
74 Worker 3 accepting task 30
74 Worker 4 accepting task 35
74 Worker 2 processing task 27 requiring operations [1]
74 Worker 2 performing operation 1 on task 27
74 Worker 4 processing task 33 requiring operations [3, 10]
74 Worker 4 performing operation 3 on task 33
74 Worker 3 processing task 30 requiring operations [7]
74 Worker 3 forwarding task 30
74 Worker 0 processing task 37 requiring operations [3, 1, 7]
74 Worker 0 forwarding task 37
75 Task 27 completed!
75 Worker 4 accepting task 33
75 Worker 4 accepting task 30
75 Worker 1 accepting task 37
75 Worker 2 processing task 29 requiring operations [10]
75 Worker 2 performing operation 10 on task 29
75 Worker 4 processing task 35 requiring operations [3, 7]
75 Worker 4 performing operation 3 on task 35
75 Worker 1 processing task 37 requiring operations [3, 1, 7]
75 Worker 1 forwarding task 37
76 Generated task 38
76 Worker 1 accepting task 38
76 Task 29 completed!
76 Worker 4 accepting task 35
76 Worker 0 accepting task 37
76 Worker 2 processing task 32 requiring operations [1, 9]
76 Worker 2 performing operation 1 on task 32
76 Worker 4 processing task 33 requiring operations [10]
76 Worker 4 forwarding task 33
76 Worker 1 processing task 38 requiring operations [9, 1, 3]
76 Worker 1 forwarding task 38
76 Worker 0 processing task 37 requiring operations [3, 1, 7]
76 Worker 0 forwarding task 37
77 Worker 2 accepting task 32
77 Worker 1 accepting task 33
77 Worker 3 accepting task 38
77 Worker 3 accepting task 37
77 Worker 2 processing task 34 requiring operations [3, 5]
77 Worker 2 forwarding task 34
77 Worker 4 processing task 30 requiring operations [7]
77 Worker 4 forwarding task 30
77 Worker 1 processing task 33 requiring operations [10]
77 Worker 1 forwarding task 33
77 Worker 3 processing task 38 requiring operations [9, 1, 3]
77 Worker 3 forwarding task 38
78 Generated task 39
78 Worker 3 accepting task 39
78 Worker 1 accepting task 34
78 Worker 3 accepting task 30
78 Worker 0 accepting task 33
78 Worker 4 accepting task 38
78 Worker 2 processing task 31 requiring operations [8, 2]
78 Worker 2 performing operation 8 on task 31
78 Worker 4 processing task 35 requiring operations [7]
78 Worker 4 forwarding task 35
78 Worker 1 processing task 34 requiring operations [3, 5]
78 Worker 1 forwarding task 34
78 Worker 3 processing task 37 requiring operations [3, 1, 7]
78 Worker 3 forwarding task 37
78 Worker 0 processing task 33 requiring operations [10]
78 Worker 0 forwarding task 33
79 Worker 2 accepting task 31
79 Worker 0 accepting task 35
79 Worker 2 accepting task 34
79 Worker 2 accepting task 37
79 Worker 2 accepting task 33
79 Worker 2 processing task 22 requiring operations [2]
79 Worker 2 forwarding task 22
79 Worker 4 processing task 38 requiring operations [9, 1, 3]
79 Worker 4 performing operation 3 on task 38
79 Worker 3 processing task 39 requiring operations [10, 2, 9]
79 Worker 3 forwarding task 39
79 Worker 0 processing task 35 requiring operations [7]
79 Worker 0 forwarding task 35
80 Generated task 40
80 Worker 0 accepting task 40
80 Worker 4 accepting task 22
80 Worker 4 accepting task 38
80 Worker 4 accepting task 39
80 Worker 2 accepting task 35
80 Worker 2 processing task 36 requiring operations [8, 3, 4]
80 Worker 2 performing operation 8 on task 36
80 Worker 4 processing task 22 requiring operations [2]
80 Worker 4 forwarding task 22
80 Worker 3 processing task 30 requiring operations [7]
80 Worker 3 forwarding task 30
80 Worker 0 processing task 40 requiring operations [9, 5, 8]
80 Worker 0 performing operation 9 on task 40
81 Worker 2 accepting task 36
81 Worker 1 accepting task 22
81 Worker 1 accepting task 30
81 Worker 0 accepting task 40
81 Worker 2 processing task 10 requiring operations [3, 5]
81 Worker 2 forwarding task 10
81 Worker 4 processing task 38 requiring operations [9, 1]
81 Worker 4 performing operation 1 on task 38
81 Worker 0 processing task 40 requiring operations [5, 8]
81 Worker 0 forwarding task 40
81 Worker 1 processing task 22 requiring operations [2]
81 Worker 1 performing operation 2 on task 22
82 Generated task 41
82 Worker 2 accepting task 41
82 Worker 1 accepting task 10
82 Worker 4 accepting task 38
82 Worker 4 accepting task 40
82 Task 22 completed!
82 Worker 2 processing task 32 requiring operations [9]
82 Worker 2 forwarding task 32
82 Worker 4 processing task 39 requiring operations [10, 2, 9]
82 Worker 4 forwarding task 39
82 Worker 1 processing task 30 requiring operations [7]
82 Worker 1 forwarding task 30
83 Worker 3 accepting task 32
83 Worker 2 accepting task 39
83 Worker 2 accepting task 30
83 Worker 2 processing task 31 requiring operations [2]
83 Worker 2 forwarding task 31
83 Worker 4 processing task 38 requiring operations [9]
83 Worker 4 forwarding task 38
83 Worker 1 processing task 10 requiring operations [3, 5]
83 Worker 1 forwarding task 10
83 Worker 3 processing task 32 requiring operations [9]
83 Worker 3 forwarding task 32
84 Generated task 42
84 Worker 0 accepting task 42
84 Worker 0 accepting task 31
84 Worker 1 accepting task 38
84 Worker 2 accepting task 10
84 Worker 1 accepting task 32
84 Worker 2 processing task 34 requiring operations [3, 5]
84 Worker 2 forwarding task 34
84 Worker 4 processing task 40 requiring operations [5, 8]
84 Worker 4 performing operation 5 on task 40
84 Worker 1 processing task 38 requiring operations [9]
84 Worker 1 forwarding task 38
84 Worker 0 processing task 42 requiring operations [9, 7, 6]
84 Worker 0 performing operation 9 on task 42
85 Worker 3 accepting task 34
85 Worker 4 accepting task 40
85 Worker 2 accepting task 38
85 Worker 0 accepting task 42
85 Worker 2 processing task 37 requiring operations [3, 1, 7]
85 Worker 2 performing operation 1 on task 37
85 Worker 4 processing task 40 requiring operations [8]
85 Worker 4 forwarding task 40
85 Worker 1 processing task 32 requiring operations [9]
85 Worker 1 forwarding task 32
85 Worker 0 processing task 31 requiring operations [2]
85 Worker 0 forwarding task 31
85 Worker 3 processing task 34 requiring operations [3, 5]
85 Worker 3 forwarding task 34
86 Generated task 43
86 Worker 1 accepting task 43
86 Worker 2 accepting task 37
86 Worker 3 accepting task 40
86 Worker 4 accepting task 32
86 Worker 4 accepting task 31
86 Worker 4 accepting task 34
86 Worker 2 processing task 33 requiring operations [10]
86 Worker 2 performing operation 10 on task 33
86 Worker 1 processing task 43 requiring operations [3, 4, 1]
86 Worker 1 forwarding task 43
86 Worker 0 processing task 42 requiring operations [7, 6]
86 Worker 0 forwarding task 42
86 Worker 3 processing task 40 requiring operations [8]
86 Worker 3 forwarding task 40
86 Worker 4 processing task 32 requiring operations [9]
86 Worker 4 forwarding task 32
87 Task 33 completed!
87 Worker 3 accepting task 43
87 Worker 4 accepting task 42
87 Worker 2 accepting task 40
87 Worker 1 accepting task 32
87 Worker 2 processing task 35 requiring operations [7]
87 Worker 2 performing operation 7 on task 35
87 Worker 3 processing task 43 requiring operations [3, 4, 1]
87 Worker 3 performing operation 4 on task 43
87 Worker 4 processing task 31 requiring operations [2]
87 Worker 4 forwarding task 31
87 Worker 1 processing task 32 requiring operations [9]
87 Worker 1 forwarding task 32
88 Generated task 44
88 Worker 2 accepting task 44
88 Task 35 completed!
88 Worker 3 accepting task 43
88 Worker 2 accepting task 31
88 Worker 0 accepting task 32
88 Worker 2 processing task 36 requiring operations [3, 4]
88 Worker 2 forwarding task 36
88 Worker 3 processing task 43 requiring operations [3, 1]
88 Worker 3 forwarding task 43
88 Worker 4 processing task 34 requiring operations [3, 5]
88 Worker 4 performing operation 5 on task 34
88 Worker 0 processing task 32 requiring operations [9]
88 Worker 0 performing operation 9 on task 32
89 Worker 1 accepting task 36
89 Worker 4 accepting task 43
89 Worker 4 accepting task 34
89 Task 32 completed!
89 Worker 2 processing task 41 requiring operations [2, 1, 6]
89 Worker 2 performing operation 1 on task 41
89 Worker 4 processing task 42 requiring operations [7, 6]
89 Worker 4 forwarding task 42
89 Worker 1 processing task 36 requiring operations [3, 4]
89 Worker 1 forwarding task 36
90 Generated task 45
90 Worker 4 accepting task 45
90 Worker 2 accepting task 41
90 Worker 1 accepting task 42
90 Worker 3 accepting task 36
90 Worker 2 processing task 39 requiring operations [10, 2, 9]
90 Worker 2 performing operation 10 on task 39
90 Worker 4 processing task 43 requiring operations [3, 1]
90 Worker 4 performing operation 1 on task 43
90 Worker 1 processing task 42 requiring operations [7, 6]
90 Worker 1 performing operation 6 on task 42
90 Worker 3 processing task 36 requiring operations [3, 4]
90 Worker 3 performing operation 4 on task 36
91 Worker 2 accepting task 39
91 Worker 4 accepting task 43
91 Worker 1 accepting task 42
91 Worker 3 accepting task 36
91 Worker 2 processing task 30 requiring operations [7]
91 Worker 2 performing operation 7 on task 30
91 Worker 4 processing task 34 requiring operations [3]
91 Worker 4 performing operation 3 on task 34
91 Worker 1 processing task 42 requiring operations [7]
91 Worker 1 forwarding task 42
91 Worker 3 processing task 36 requiring operations [3]
91 Worker 3 forwarding task 36
92 Generated task 46
92 Worker 4 accepting task 46
92 Task 30 completed!
92 Task 34 completed!
92 Worker 4 accepting task 42
92 Worker 1 accepting task 36
92 Worker 2 processing task 10 requiring operations [3, 5]
92 Worker 2 forwarding task 10
92 Worker 4 processing task 45 requiring operations [5, 10, 6]
92 Worker 4 performing operation 5 on task 45
92 Worker 1 processing task 36 requiring operations [3]
92 Worker 1 forwarding task 36
93 Worker 4 accepting task 10
93 Worker 4 accepting task 45
93 Worker 3 accepting task 36
93 Worker 2 processing task 38 requiring operations [9]
93 Worker 2 forwarding task 38
93 Worker 4 processing task 43 requiring operations [3]
93 Worker 4 performing operation 3 on task 43
93 Worker 3 processing task 36 requiring operations [3]
93 Worker 3 forwarding task 36
94 Generated task 47
94 Worker 3 accepting task 47
94 Worker 3 accepting task 38
94 Task 43 completed!
94 Worker 2 accepting task 36
94 Worker 2 processing task 37 requiring operations [3, 7]
94 Worker 2 performing operation 7 on task 37
94 Worker 4 processing task 46 requiring operations [7, 8, 10]
94 Worker 4 forwarding task 46
94 Worker 3 processing task 47 requiring operations [8, 5, 2]
94 Worker 3 forwarding task 47
95 Worker 2 accepting task 37
95 Worker 2 accepting task 46
95 Worker 4 accepting task 47
95 Worker 2 processing task 40 requiring operations [8]
95 Worker 2 performing operation 8 on task 40
95 Worker 4 processing task 42 requiring operations [7]
95 Worker 4 forwarding task 42
95 Worker 3 processing task 38 requiring operations [9]
95 Worker 3 forwarding task 38
96 Generated task 48
96 Worker 4 accepting task 48
96 Task 40 completed!
96 Worker 0 accepting task 42
96 Worker 0 accepting task 38
96 Worker 2 processing task 44 requiring operations [8, 6, 3]
96 Worker 2 performing operation 8 on task 44
96 Worker 4 processing task 10 requiring operations [3, 5]
96 Worker 4 performing operation 5 on task 10
96 Worker 0 processing task 42 requiring operations [7]
96 Worker 0 forwarding task 42
97 Worker 2 accepting task 44
97 Worker 4 accepting task 10
97 Worker 2 accepting task 42
97 Worker 2 processing task 31 requiring operations [2]
97 Worker 2 forwarding task 31
97 Worker 4 processing task 45 requiring operations [10, 6]
97 Worker 4 forwarding task 45
97 Worker 0 processing task 38 requiring operations [9]
97 Worker 0 performing operation 9 on task 38
98 Generated task 49
98 Worker 2 accepting task 49
98 Worker 1 accepting task 31
98 Worker 2 accepting task 45
98 Task 38 completed!
98 Worker 2 processing task 41 requiring operations [2, 6]
98 Worker 2 performing operation 6 on task 41
98 Worker 4 processing task 47 requiring operations [8, 5, 2]
98 Worker 4 performing operation 5 on task 47
98 Worker 1 processing task 31 requiring operations [2]
98 Worker 1 performing operation 2 on task 31
99 Worker 2 accepting task 41
99 Worker 4 accepting task 47
99 Task 31 completed!
99 Worker 2 processing task 39 requiring operations [2, 9]
99 Worker 2 forwarding task 39
99 Worker 4 processing task 48 requiring operations [3, 8, 10]
99 Worker 4 performing operation 3 on task 48
100 Generated task 50
100 Worker 0 accepting task 50
100 Worker 0 accepting task 39
100 Worker 4 accepting task 48
100 Worker 2 processing task 36 requiring operations [3]
100 Worker 2 forwarding task 36
100 Worker 4 processing task 10 requiring operations [3]
100 Worker 4 performing operation 3 on task 10
100 Worker 0 processing task 50 requiring operations [9, 10, 1]
100 Worker 0 performing operation 9 on task 50
101 Worker 4 accepting task 36
101 Task 10 completed!
101 Worker 0 accepting task 50
101 Worker 2 processing task 37 requiring operations [3]
101 Worker 2 forwarding task 37
101 Worker 4 processing task 47 requiring operations [8, 2]
101 Worker 4 forwarding task 47
101 Worker 0 processing task 39 requiring operations [2, 9]
101 Worker 0 performing operation 9 on task 39
102 Generated task 51
102 Worker 2 accepting task 51
102 Worker 0 accepting task 37
102 Worker 0 accepting task 47
102 Worker 0 accepting task 39
102 Worker 2 processing task 46 requiring operations [7, 8, 10]
102 Worker 2 performing operation 10 on task 46
102 Worker 4 processing task 48 requiring operations [8, 10]
102 Worker 4 forwarding task 48
102 Worker 0 processing task 50 requiring operations [10, 1]
102 Worker 0 forwarding task 50
103 Worker 2 accepting task 46
103 Worker 2 accepting task 48
103 Worker 4 accepting task 50
103 Worker 2 processing task 44 requiring operations [6, 3]
103 Worker 2 performing operation 6 on task 44
103 Worker 4 processing task 36 requiring operations [3]
103 Worker 4 performing operation 3 on task 36
103 Worker 0 processing task 37 requiring operations [3]
103 Worker 0 forwarding task 37
104 Generated task 52
104 Worker 0 accepting task 52
104 Worker 2 accepting task 44
104 Task 36 completed!
104 Worker 1 accepting task 37
104 Worker 2 processing task 42 requiring operations [7]
104 Worker 2 performing operation 7 on task 42
104 Worker 4 processing task 50 requiring operations [10, 1]
104 Worker 4 performing operation 1 on task 50
104 Worker 0 processing task 47 requiring operations [8, 2]
104 Worker 0 forwarding task 47
104 Worker 1 processing task 37 requiring operations [3]
104 Worker 1 forwarding task 37
105 Task 42 completed!
105 Worker 4 accepting task 50
105 Worker 4 accepting task 47
105 Worker 0 accepting task 37
105 Worker 2 processing task 49 requiring operations [4, 2, 7]
105 Worker 2 performing operation 7 on task 49
105 Worker 4 processing task 50 requiring operations [10]
105 Worker 4 forwarding task 50
105 Worker 0 processing task 39 requiring operations [2]
105 Worker 0 forwarding task 39
106 Generated task 53
106 Worker 1 accepting task 53
106 Worker 2 accepting task 49
106 Worker 0 accepting task 50
106 Worker 4 accepting task 39
106 Worker 2 processing task 45 requiring operations [10, 6]
106 Worker 2 performing operation 10 on task 45
106 Worker 4 processing task 47 requiring operations [8, 2]
106 Worker 4 forwarding task 47
106 Worker 0 processing task 52 requiring operations [6, 2, 8]
106 Worker 0 forwarding task 52
106 Worker 1 processing task 53 requiring operations [2, 4, 7]
106 Worker 1 performing operation 2 on task 53
107 Worker 2 accepting task 45
107 Worker 2 accepting task 47
107 Worker 2 accepting task 52
107 Worker 1 accepting task 53
107 Worker 2 processing task 41 requiring operations [2]
107 Worker 2 forwarding task 41
107 Worker 4 processing task 39 requiring operations [2]
107 Worker 4 forwarding task 39
107 Worker 0 processing task 37 requiring operations [3]
107 Worker 0 forwarding task 37
107 Worker 1 processing task 53 requiring operations [4, 7]
107 Worker 1 forwarding task 53
108 Generated task 54
108 Worker 1 accepting task 54
108 Worker 3 accepting task 41
108 Worker 0 accepting task 39
108 Worker 2 accepting task 37
108 Worker 3 accepting task 53
108 Worker 2 processing task 51 requiring operations [4, 9, 8]
108 Worker 2 performing operation 8 on task 51
108 Worker 0 processing task 50 requiring operations [10]
108 Worker 0 forwarding task 50
108 Worker 1 processing task 54 requiring operations [8, 2, 1]
108 Worker 1 performing operation 2 on task 54
108 Worker 3 processing task 41 requiring operations [2]
108 Worker 3 forwarding task 41
109 Worker 2 accepting task 51
109 Worker 2 accepting task 50
109 Worker 1 accepting task 54
109 Worker 1 accepting task 41
109 Worker 2 processing task 46 requiring operations [7, 8]
109 Worker 2 performing operation 8 on task 46
109 Worker 0 processing task 39 requiring operations [2]
109 Worker 0 forwarding task 39
109 Worker 1 processing task 54 requiring operations [8, 1]
109 Worker 1 forwarding task 54
109 Worker 3 processing task 53 requiring operations [4, 7]
109 Worker 3 performing operation 4 on task 53
110 Generated task 55
110 Worker 3 accepting task 55
110 Worker 2 accepting task 46
110 Worker 2 accepting task 39
110 Worker 3 accepting task 54
110 Worker 3 accepting task 53
110 Worker 2 processing task 48 requiring operations [8, 10]
110 Worker 2 performing operation 8 on task 48
110 Worker 1 processing task 41 requiring operations [2]
110 Worker 1 performing operation 2 on task 41
110 Worker 3 processing task 55 requiring operations [2, 10, 1]
110 Worker 3 forwarding task 55
111 Worker 2 accepting task 48
111 Task 41 completed!
111 Worker 4 accepting task 55
111 Worker 2 processing task 44 requiring operations [3]
111 Worker 2 forwarding task 44
111 Worker 3 processing task 54 requiring operations [8, 1]
111 Worker 3 forwarding task 54
111 Worker 4 processing task 55 requiring operations [2, 10, 1]
111 Worker 4 performing operation 1 on task 55
112 Generated task 56
112 Worker 2 accepting task 56
112 Worker 3 accepting task 44
112 Worker 1 accepting task 54
112 Worker 4 accepting task 55
112 Worker 2 processing task 49 requiring operations [4, 2]
112 Worker 2 forwarding task 49
112 Worker 3 processing task 53 requiring operations [7]
112 Worker 3 forwarding task 53
112 Worker 4 processing task 55 requiring operations [2, 10]
112 Worker 4 forwarding task 55
112 Worker 1 processing task 54 requiring operations [8, 1]
112 Worker 1 forwarding task 54
113 Worker 4 accepting task 49
113 Worker 0 accepting task 53
113 Worker 3 accepting task 55
113 Worker 4 accepting task 54
113 Worker 2 processing task 45 requiring operations [6]
113 Worker 2 performing operation 6 on task 45
113 Worker 3 processing task 44 requiring operations [3]
113 Worker 3 forwarding task 44
113 Worker 4 processing task 49 requiring operations [4, 2]
113 Worker 4 performing operation 4 on task 49
113 Worker 0 processing task 53 requiring operations [7]
113 Worker 0 forwarding task 53
114 Generated task 57
114 Worker 1 accepting task 57
114 Task 45 completed!
114 Worker 1 accepting task 44
114 Worker 4 accepting task 49
114 Worker 1 accepting task 53
114 Worker 2 processing task 47 requiring operations [8, 2]
114 Worker 2 performing operation 8 on task 47
114 Worker 3 processing task 55 requiring operations [2, 10]
114 Worker 3 forwarding task 55
114 Worker 4 processing task 54 requiring operations [8, 1]
114 Worker 4 performing operation 1 on task 54
114 Worker 1 processing task 57 requiring operations [9, 8, 3]
114 Worker 1 forwarding task 57
115 Worker 2 accepting task 47
115 Worker 0 accepting task 55
115 Worker 4 accepting task 54
115 Worker 4 accepting task 57
115 Worker 2 processing task 52 requiring operations [6, 2, 8]
115 Worker 2 performing operation 6 on task 52
115 Worker 4 processing task 49 requiring operations [2]
115 Worker 4 forwarding task 49
115 Worker 1 processing task 44 requiring operations [3]
115 Worker 1 forwarding task 44
115 Worker 0 processing task 55 requiring operations [2, 10]
115 Worker 0 forwarding task 55
116 Generated task 58
116 Worker 2 accepting task 58
116 Worker 2 accepting task 52
116 Worker 1 accepting task 49
116 Worker 4 accepting task 44
116 Worker 2 accepting task 55
116 Worker 2 processing task 37 requiring operations [3]
116 Worker 2 forwarding task 37
116 Worker 4 processing task 54 requiring operations [8]
116 Worker 4 forwarding task 54
116 Worker 1 processing task 53 requiring operations [7]
116 Worker 1 forwarding task 53
117 Worker 1 accepting task 37
117 Worker 0 accepting task 54
117 Worker 0 accepting task 53
117 Worker 2 processing task 51 requiring operations [4, 9]
117 Worker 2 forwarding task 51
117 Worker 4 processing task 57 requiring operations [9, 8, 3]
117 Worker 4 performing operation 3 on task 57
117 Worker 1 processing task 49 requiring operations [2]
117 Worker 1 performing operation 2 on task 49
117 Worker 0 processing task 54 requiring operations [8]
117 Worker 0 forwarding task 54
118 Generated task 59
118 Worker 3 accepting task 59
118 Worker 3 accepting task 51
118 Worker 4 accepting task 57
118 Task 49 completed!
118 Worker 3 accepting task 54
118 Worker 2 processing task 50 requiring operations [10]
118 Worker 2 performing operation 10 on task 50
118 Worker 4 processing task 44 requiring operations [3]
118 Worker 4 performing operation 3 on task 44
118 Worker 1 processing task 37 requiring operations [3]
118 Worker 1 forwarding task 37
118 Worker 0 processing task 53 requiring operations [7]
118 Worker 0 forwarding task 53
118 Worker 3 processing task 59 requiring operations [2, 5, 4]
118 Worker 3 performing operation 4 on task 59
119 Task 50 completed!
119 Task 44 completed!
119 Worker 0 accepting task 37
119 Worker 4 accepting task 53
119 Worker 3 accepting task 59
119 Worker 2 processing task 46 requiring operations [7]
119 Worker 2 performing operation 7 on task 46
119 Worker 4 processing task 57 requiring operations [9, 8]
119 Worker 4 forwarding task 57
119 Worker 0 processing task 37 requiring operations [3]
119 Worker 0 forwarding task 37
119 Worker 3 processing task 51 requiring operations [4, 9]
119 Worker 3 performing operation 4 on task 51
120 Generated task 60
120 Worker 1 accepting task 60
120 Task 46 completed!
120 Worker 0 accepting task 57
120 Worker 3 accepting task 37
120 Worker 3 accepting task 51
120 Worker 2 processing task 39 requiring operations [2]
120 Worker 2 forwarding task 39
120 Worker 4 processing task 53 requiring operations [7]
120 Worker 4 forwarding task 53
120 Worker 0 processing task 57 requiring operations [9, 8]
120 Worker 0 performing operation 9 on task 57
120 Worker 3 processing task 54 requiring operations [8]
120 Worker 3 forwarding task 54
120 Worker 1 processing task 60 requiring operations [6, 1, 4]
120 Worker 1 performing operation 6 on task 60
121 Worker 1 accepting task 39
121 Worker 1 accepting task 53
121 Worker 0 accepting task 57
121 Worker 4 accepting task 54
121 Worker 1 accepting task 60
121 Worker 2 processing task 48 requiring operations [10]
121 Worker 2 performing operation 10 on task 48
121 Worker 0 processing task 57 requiring operations [8]
121 Worker 0 forwarding task 57
121 Worker 3 processing task 59 requiring operations [2, 5]
121 Worker 3 forwarding task 59
121 Worker 1 processing task 39 requiring operations [2]
121 Worker 1 performing operation 2 on task 39
121 Worker 4 processing task 54 requiring operations [8]
121 Worker 4 forwarding task 54
122 Generated task 61
122 Worker 2 accepting task 61
122 Task 48 completed!
122 Worker 4 accepting task 57
122 Worker 0 accepting task 59
122 Task 39 completed!
122 Worker 0 accepting task 54
122 Worker 2 processing task 56 requiring operations [4, 6, 8]
122 Worker 2 performing operation 6 on task 56
122 Worker 3 processing task 37 requiring operations [3]
122 Worker 3 forwarding task 37
122 Worker 1 processing task 53 requiring operations [7]
122 Worker 1 forwarding task 53
122 Worker 4 processing task 57 requiring operations [8]
122 Worker 4 forwarding task 57
122 Worker 0 processing task 59 requiring operations [2, 5]
122 Worker 0 forwarding task 59
123 Worker 2 accepting task 56
123 Worker 4 accepting task 37
123 Worker 2 accepting task 53
123 Worker 1 accepting task 57
123 Worker 3 accepting task 59
123 Worker 2 processing task 47 requiring operations [2]
123 Worker 2 forwarding task 47
123 Worker 3 processing task 51 requiring operations [9]
123 Worker 3 forwarding task 51
123 Worker 1 processing task 60 requiring operations [1, 4]
123 Worker 1 forwarding task 60
123 Worker 4 processing task 37 requiring operations [3]
123 Worker 4 performing operation 3 on task 37
123 Worker 0 processing task 54 requiring operations [8]
123 Worker 0 forwarding task 54
124 Generated task 62
124 Worker 2 accepting task 62
124 Worker 4 accepting task 47
124 Worker 1 accepting task 51
124 Worker 0 accepting task 60
124 Task 37 completed!
124 Worker 3 accepting task 54
124 Worker 2 processing task 58 requiring operations [3, 6, 1]
124 Worker 2 performing operation 6 on task 58
124 Worker 3 processing task 59 requiring operations [2, 5]
124 Worker 3 forwarding task 59
124 Worker 1 processing task 57 requiring operations [8]
124 Worker 1 forwarding task 57
124 Worker 4 processing task 47 requiring operations [2]
124 Worker 4 forwarding task 47
124 Worker 0 processing task 60 requiring operations [1, 4]
124 Worker 0 forwarding task 60
125 Worker 2 accepting task 58
125 Worker 4 accepting task 59
125 Worker 2 accepting task 57
125 Worker 1 accepting task 47
125 Worker 2 accepting task 60
125 Worker 2 processing task 52 requiring operations [2, 8]
125 Worker 2 performing operation 8 on task 52
125 Worker 3 processing task 54 requiring operations [8]
125 Worker 3 forwarding task 54
125 Worker 1 processing task 51 requiring operations [9]
125 Worker 1 forwarding task 51
125 Worker 4 processing task 59 requiring operations [2, 5]
125 Worker 4 performing operation 5 on task 59
126 Generated task 63
126 Worker 3 accepting task 63
126 Worker 2 accepting task 52
126 Worker 4 accepting task 54
126 Worker 4 accepting task 51
126 Worker 4 accepting task 59
126 Worker 2 processing task 55 requiring operations [2, 10]
126 Worker 2 performing operation 10 on task 55
126 Worker 3 processing task 63 requiring operations [2, 7, 4]
126 Worker 3 performing operation 4 on task 63
126 Worker 1 processing task 47 requiring operations [2]
126 Worker 1 performing operation 2 on task 47
126 Worker 4 processing task 54 requiring operations [8]
126 Worker 4 forwarding task 54
127 Worker 2 accepting task 55
127 Worker 3 accepting task 63
127 Task 47 completed!
127 Worker 3 accepting task 54
127 Worker 2 processing task 61 requiring operations [4, 7, 10]
127 Worker 2 performing operation 7 on task 61
127 Worker 3 processing task 63 requiring operations [2, 7]
127 Worker 3 forwarding task 63
127 Worker 4 processing task 51 requiring operations [9]
127 Worker 4 forwarding task 51
128 Generated task 64
128 Worker 4 accepting task 64
128 Worker 2 accepting task 61
128 Worker 1 accepting task 63
128 Worker 2 accepting task 51
128 Worker 2 processing task 56 requiring operations [4, 8]
128 Worker 2 performing operation 8 on task 56
128 Worker 3 processing task 54 requiring operations [8]
128 Worker 3 forwarding task 54
128 Worker 4 processing task 59 requiring operations [2]
128 Worker 4 forwarding task 59
128 Worker 1 processing task 63 requiring operations [2, 7]
128 Worker 1 performing operation 2 on task 63
129 Worker 2 accepting task 56
129 Worker 4 accepting task 54
129 Worker 0 accepting task 59
129 Worker 1 accepting task 63
129 Worker 2 processing task 53 requiring operations [7]
129 Worker 2 performing operation 7 on task 53
129 Worker 4 processing task 64 requiring operations [7, 3, 1]
129 Worker 4 performing operation 3 on task 64
129 Worker 1 processing task 63 requiring operations [7]
129 Worker 1 forwarding task 63
129 Worker 0 processing task 59 requiring operations [2]
129 Worker 0 forwarding task 59
130 Generated task 65
130 Worker 0 accepting task 65
130 Task 53 completed!
130 Worker 4 accepting task 64
130 Worker 2 accepting task 63
130 Worker 3 accepting task 59
130 Worker 2 processing task 62 requiring operations [9, 7, 10]
130 Worker 2 performing operation 10 on task 62
130 Worker 4 processing task 54 requiring operations [8]
130 Worker 4 forwarding task 54
130 Worker 0 processing task 65 requiring operations [10, 4, 5]
130 Worker 0 forwarding task 65
130 Worker 3 processing task 59 requiring operations [2]
130 Worker 3 forwarding task 59
131 Worker 2 accepting task 62
131 Worker 1 accepting task 54
131 Worker 4 accepting task 65
131 Worker 4 accepting task 59
131 Worker 2 processing task 58 requiring operations [3, 1]
131 Worker 2 performing operation 1 on task 58
131 Worker 4 processing task 64 requiring operations [7, 1]
131 Worker 4 performing operation 1 on task 64
131 Worker 1 processing task 54 requiring operations [8]
131 Worker 1 forwarding task 54
132 Generated task 66
132 Worker 1 accepting task 66
132 Worker 2 accepting task 58
132 Worker 4 accepting task 64
132 Worker 0 accepting task 54
132 Worker 2 processing task 57 requiring operations [8]
132 Worker 2 performing operation 8 on task 57
132 Worker 4 processing task 65 requiring operations [10, 4, 5]
132 Worker 4 performing operation 5 on task 65
132 Worker 1 processing task 66 requiring operations [6, 7, 4]
132 Worker 1 performing operation 6 on task 66
132 Worker 0 processing task 54 requiring operations [8]
132 Worker 0 forwarding task 54
133 Task 57 completed!
133 Worker 4 accepting task 65
133 Worker 1 accepting task 66
133 Worker 1 accepting task 54
133 Worker 2 processing task 60 requiring operations [1, 4]
133 Worker 2 performing operation 1 on task 60
133 Worker 4 processing task 59 requiring operations [2]
133 Worker 4 forwarding task 59
133 Worker 1 processing task 66 requiring operations [7, 4]
133 Worker 1 forwarding task 66
134 Generated task 67
134 Worker 1 accepting task 67
134 Worker 2 accepting task 60
134 Worker 0 accepting task 59
134 Worker 3 accepting task 66
134 Worker 2 processing task 52 requiring operations [2]
134 Worker 2 forwarding task 52
134 Worker 4 processing task 64 requiring operations [7]
134 Worker 4 forwarding task 64
134 Worker 1 processing task 54 requiring operations [8]
134 Worker 1 forwarding task 54
134 Worker 0 processing task 59 requiring operations [2]
134 Worker 0 forwarding task 59
134 Worker 3 processing task 66 requiring operations [7, 4]
134 Worker 3 performing operation 4 on task 66
135 Worker 0 accepting task 52
135 Worker 0 accepting task 64
135 Worker 2 accepting task 54
135 Worker 2 accepting task 59
135 Worker 3 accepting task 66
135 Worker 2 processing task 55 requiring operations [2]
135 Worker 2 forwarding task 55
135 Worker 4 processing task 65 requiring operations [10, 4]
135 Worker 4 performing operation 4 on task 65
135 Worker 1 processing task 67 requiring operations [6, 2, 1]
135 Worker 1 performing operation 6 on task 67
135 Worker 0 processing task 52 requiring operations [2]
135 Worker 0 forwarding task 52
135 Worker 3 processing task 66 requiring operations [7]
135 Worker 3 forwarding task 66
136 Generated task 68
136 Worker 0 accepting task 68
136 Worker 4 accepting task 55
136 Worker 4 accepting task 65
136 Worker 1 accepting task 67
136 Worker 3 accepting task 52
136 Worker 4 accepting task 66
136 Worker 2 processing task 61 requiring operations [4, 10]
136 Worker 2 performing operation 10 on task 61
136 Worker 4 processing task 55 requiring operations [2]
136 Worker 4 forwarding task 55
136 Worker 1 processing task 67 requiring operations [2, 1]
136 Worker 1 performing operation 2 on task 67
136 Worker 0 processing task 64 requiring operations [7]
136 Worker 0 forwarding task 64
136 Worker 3 processing task 52 requiring operations [2]
136 Worker 3 forwarding task 52
137 Worker 2 accepting task 61
137 Worker 3 accepting task 55
137 Worker 1 accepting task 67
137 Worker 2 accepting task 64
137 Worker 0 accepting task 52
137 Worker 2 processing task 51 requiring operations [9]
137 Worker 2 forwarding task 51
137 Worker 4 processing task 65 requiring operations [10]
137 Worker 4 forwarding task 65
137 Worker 1 processing task 67 requiring operations [1]
137 Worker 1 forwarding task 67
137 Worker 0 processing task 68 requiring operations [3, 10, 9]
137 Worker 0 performing operation 9 on task 68
137 Worker 3 processing task 55 requiring operations [2]
137 Worker 3 forwarding task 55
138 Generated task 69
138 Worker 1 accepting task 69
138 Worker 0 accepting task 51
138 Worker 3 accepting task 65
138 Worker 0 accepting task 67
138 Worker 0 accepting task 68
138 Worker 1 accepting task 55
138 Worker 2 processing task 56 requiring operations [4]
138 Worker 2 forwarding task 56
138 Worker 4 processing task 66 requiring operations [7]
138 Worker 4 forwarding task 66
138 Worker 1 processing task 69 requiring operations [8, 5, 2]
138 Worker 1 performing operation 2 on task 69
138 Worker 0 processing task 52 requiring operations [2]
138 Worker 0 forwarding task 52
138 Worker 3 processing task 65 requiring operations [10]
138 Worker 3 forwarding task 65
139 Worker 4 accepting task 56
139 Worker 3 accepting task 66
139 Worker 1 accepting task 69
139 Worker 3 accepting task 52
139 Worker 0 accepting task 65
139 Worker 2 processing task 63 requiring operations [7]
139 Worker 2 performing operation 7 on task 63
139 Worker 4 processing task 56 requiring operations [4]
139 Worker 4 performing operation 4 on task 56
139 Worker 1 processing task 55 requiring operations [2]
139 Worker 1 performing operation 2 on task 55
139 Worker 0 processing task 51 requiring operations [9]
139 Worker 0 performing operation 9 on task 51
139 Worker 3 processing task 66 requiring operations [7]
139 Worker 3 forwarding task 66
140 Generated task 70
140 Worker 3 accepting task 70
140 Task 63 completed!
140 Task 56 completed!
140 Task 55 completed!
140 Task 51 completed!
140 Worker 0 accepting task 66
140 Worker 2 processing task 62 requiring operations [9, 7]
140 Worker 2 performing operation 7 on task 62
140 Worker 1 processing task 69 requiring operations [8, 5]
140 Worker 1 forwarding task 69
140 Worker 0 processing task 67 requiring operations [1]
140 Worker 0 forwarding task 67
140 Worker 3 processing task 52 requiring operations [2]
140 Worker 3 forwarding task 52
