Worker 0 can perform operations {10, 2, 4}
Worker 1 can perform operations {8}
Worker 2 can perform operations {8, 9, 2, 3}
Worker 3 can perform operations {10, 5, 7}
Worker 4 can perform operations {1, 2, 4, 6, 8}
Building network type full-connect
Worker 0 connecting to worker 1
Worker 0 connecting to worker 2
Worker 0 connecting to worker 3
Worker 0 connecting to worker 4
Worker 1 connecting to worker 0
Worker 1 connecting to worker 2
Worker 1 connecting to worker 3
Worker 1 connecting to worker 4
Worker 2 connecting to worker 0
Worker 2 connecting to worker 1
Worker 2 connecting to worker 3
Worker 2 connecting to worker 4
Worker 3 connecting to worker 0
Worker 3 connecting to worker 1
Worker 3 connecting to worker 2
Worker 3 connecting to worker 4
Worker 4 connecting to worker 0
Worker 4 connecting to worker 1
Worker 4 connecting to worker 2
Worker 4 connecting to worker 3
Entry nodes are [0, 1, 2, 3, 4]
0 Generated task 0
0 Worker 3 accepting task 0
0 Worker 3 processing task 0 requiring operations [4, 1, 5]
0 Worker 3 performing operation 5 on task 0
1 Worker 3 accepting task 0
1 Worker 3 processing task 0 requiring operations [4, 1]
1 Worker 3 forwarding task 0
2 Generated task 1
2 Worker 1 accepting task 1
2 Worker 2 accepting task 0
2 Worker 1 processing task 1 requiring operations [5, 9, 6]
2 Worker 1 forwarding task 1
2 Worker 2 processing task 0 requiring operations [4, 1]
2 Worker 2 forwarding task 0
3 Worker 0 accepting task 1
3 Worker 3 accepting task 0
3 Worker 0 processing task 1 requiring operations [5, 9, 6]
3 Worker 0 forwarding task 1
3 Worker 3 processing task 0 requiring operations [4, 1]
3 Worker 3 forwarding task 0
4 Generated task 2
4 Worker 1 accepting task 2
4 Worker 4 accepting task 1
4 Worker 4 accepting task 0
4 Worker 1 processing task 2 requiring operations [10, 4, 3]
4 Worker 1 forwarding task 2
4 Worker 4 processing task 1 requiring operations [5, 9, 6]
4 Worker 4 performing operation 6 on task 1
5 Worker 0 accepting task 2
5 Worker 4 accepting task 1
5 Worker 4 processing task 0 requiring operations [4, 1]
5 Worker 4 performing operation 4 on task 0
5 Worker 0 processing task 2 requiring operations [10, 4, 3]
5 Worker 0 performing operation 4 on task 2
6 Generated task 3
6 Worker 1 accepting task 3
6 Worker 4 accepting task 0
6 Worker 0 accepting task 2
6 Worker 4 processing task 1 requiring operations [5, 9]
6 Worker 4 forwarding task 1
6 Worker 0 processing task 2 requiring operations [10, 3]
6 Worker 0 performing operation 10 on task 2
6 Worker 1 processing task 3 requiring operations [7, 9, 2]
6 Worker 1 forwarding task 3
7 Worker 1 accepting task 1
7 Worker 0 accepting task 2
7 Worker 4 accepting task 3
7 Worker 4 processing task 0 requiring operations [1]
7 Worker 4 performing operation 1 on task 0
7 Worker 0 processing task 2 requiring operations [3]
7 Worker 0 forwarding task 2
7 Worker 1 processing task 1 requiring operations [5, 9]
7 Worker 1 forwarding task 1
8 Generated task 4
8 Worker 4 accepting task 4
8 Task 0 completed!
8 Worker 1 accepting task 2
8 Worker 2 accepting task 1
8 Worker 4 processing task 3 requiring operations [7, 9, 2]
8 Worker 4 performing operation 2 on task 3
8 Worker 1 processing task 2 requiring operations [3]
8 Worker 1 forwarding task 2
8 Worker 2 processing task 1 requiring operations [5, 9]
8 Worker 2 performing operation 9 on task 1
9 Worker 4 accepting task 3
9 Worker 4 accepting task 2
9 Worker 2 accepting task 1
9 Worker 4 processing task 4 requiring operations [9, 8, 6]
9 Worker 4 performing operation 6 on task 4
9 Worker 2 processing task 1 requiring operations [5]
9 Worker 2 forwarding task 1
10 Generated task 5
10 Worker 1 accepting task 5
10 Worker 4 accepting task 4
10 Worker 4 accepting task 1
10 Worker 4 processing task 3 requiring operations [7, 9]
10 Worker 4 forwarding task 3
10 Worker 1 processing task 5 requiring operations [6, 2, 4]
10 Worker 1 forwarding task 5
11 Worker 0 accepting task 3
11 Worker 3 accepting task 5
11 Worker 4 processing task 2 requiring operations [3]
11 Worker 4 forwarding task 2
11 Worker 0 processing task 3 requiring operations [7, 9]
11 Worker 0 forwarding task 3
11 Worker 3 processing task 5 requiring operations [6, 2, 4]
11 Worker 3 forwarding task 5
12 Generated task 6
12 Worker 4 accepting task 6
12 Worker 2 accepting task 2
12 Worker 1 accepting task 3
12 Worker 1 accepting task 5
12 Worker 4 processing task 4 requiring operations [9, 8]
12 Worker 4 performing operation 8 on task 4
12 Worker 2 processing task 2 requiring operations [3]
12 Worker 2 performing operation 3 on task 2
12 Worker 1 processing task 3 requiring operations [7, 9]
12 Worker 1 forwarding task 3
13 Worker 4 accepting task 4
13 Task 2 completed!
13 Worker 2 accepting task 3
13 Worker 4 processing task 1 requiring operations [5]
13 Worker 4 forwarding task 1
13 Worker 1 processing task 5 requiring operations [6, 2, 4]
13 Worker 1 forwarding task 5
13 Worker 2 processing task 3 requiring operations [7, 9]
13 Worker 2 performing operation 9 on task 3
14 Generated task 7
14 Worker 1 accepting task 7
14 Worker 1 accepting task 1
14 Worker 0 accepting task 5
14 Worker 2 accepting task 3
14 Worker 4 processing task 6 requiring operations [2, 7, 4]
14 Worker 4 performing operation 2 on task 6
14 Worker 1 processing task 7 requiring operations [5, 8, 10]
14 Worker 1 performing operation 8 on task 7
14 Worker 2 processing task 3 requiring operations [7]
14 Worker 2 forwarding task 3
14 Worker 0 processing task 5 requiring operations [6, 2, 4]
14 Worker 0 performing operation 2 on task 5
15 Worker 4 accepting task 6
15 Worker 1 accepting task 7
15 Worker 1 accepting task 3
15 Worker 0 accepting task 5
15 Worker 4 processing task 4 requiring operations [9]
15 Worker 4 forwarding task 4
15 Worker 1 processing task 1 requiring operations [5]
15 Worker 1 forwarding task 1
15 Worker 0 processing task 5 requiring operations [6, 4]
15 Worker 0 performing operation 4 on task 5
16 Generated task 8
16 Worker 1 accepting task 8
16 Worker 3 accepting task 4
16 Worker 4 accepting task 1
16 Worker 0 accepting task 5
16 Worker 4 processing task 6 requiring operations [7, 4]
16 Worker 4 performing operation 4 on task 6
16 Worker 1 processing task 7 requiring operations [5, 10]
16 Worker 1 forwarding task 7
16 Worker 0 processing task 5 requiring operations [6]
16 Worker 0 forwarding task 5
16 Worker 3 processing task 4 requiring operations [9]
16 Worker 3 forwarding task 4
17 Worker 4 accepting task 6
17 Worker 0 accepting task 7
17 Worker 3 accepting task 5
17 Worker 4 accepting task 4
17 Worker 4 processing task 1 requiring operations [5]
17 Worker 4 forwarding task 1
17 Worker 1 processing task 3 requiring operations [7]
17 Worker 1 forwarding task 3
17 Worker 0 processing task 7 requiring operations [5, 10]
17 Worker 0 performing operation 10 on task 7
17 Worker 3 processing task 5 requiring operations [6]
17 Worker 3 forwarding task 5
18 Generated task 9
18 Worker 1 accepting task 9
18 Worker 0 accepting task 1
18 Worker 3 accepting task 3
18 Worker 0 accepting task 7
18 Worker 0 accepting task 5
18 Worker 4 processing task 6 requiring operations [7]
18 Worker 4 forwarding task 6
18 Worker 1 processing task 8 requiring operations [6, 7, 10]
18 Worker 1 forwarding task 8
18 Worker 0 processing task 1 requiring operations [5]
18 Worker 0 forwarding task 1
18 Worker 3 processing task 3 requiring operations [7]
18 Worker 3 performing operation 7 on task 3
19 Worker 3 accepting task 6
19 Worker 0 accepting task 8
19 Worker 4 accepting task 1
19 Task 3 completed!
19 Worker 4 processing task 4 requiring operations [9]
19 Worker 4 forwarding task 4
19 Worker 1 processing task 9 requiring operations [6, 1, 4]
19 Worker 1 forwarding task 9
19 Worker 0 processing task 7 requiring operations [5]
19 Worker 0 forwarding task 7
19 Worker 3 processing task 6 requiring operations [7]
19 Worker 3 performing operation 7 on task 6
20 Generated task 10
20 Worker 2 accepting task 10
20 Worker 0 accepting task 4
20 Worker 2 accepting task 9
20 Worker 1 accepting task 7
20 Task 6 completed!
20 Worker 4 processing task 1 requiring operations [5]
20 Worker 4 forwarding task 1
20 Worker 0 processing task 5 requiring operations [6]
20 Worker 0 forwarding task 5
20 Worker 2 processing task 10 requiring operations [9, 6, 1]
20 Worker 2 performing operation 9 on task 10
20 Worker 1 processing task 7 requiring operations [5]
20 Worker 1 forwarding task 7
21 Worker 3 accepting task 1
21 Worker 4 accepting task 5
21 Worker 2 accepting task 10
21 Worker 3 accepting task 7
21 Worker 0 processing task 8 requiring operations [6, 7, 10]
21 Worker 0 performing operation 10 on task 8
21 Worker 2 processing task 9 requiring operations [6, 1, 4]
21 Worker 2 forwarding task 9
21 Worker 3 processing task 1 requiring operations [5]
21 Worker 3 performing operation 5 on task 1
21 Worker 4 processing task 5 requiring operations [6]
21 Worker 4 performing operation 6 on task 5
22 Generated task 11
22 Worker 3 accepting task 11
22 Worker 0 accepting task 8
22 Worker 0 accepting task 9
22 Task 1 completed!
22 Task 5 completed!
22 Worker 0 processing task 4 requiring operations [9]
22 Worker 0 forwarding task 4
22 Worker 2 processing task 10 requiring operations [6, 1]
22 Worker 2 forwarding task 10
22 Worker 3 processing task 7 requiring operations [5]
22 Worker 3 performing operation 5 on task 7
23 Worker 3 accepting task 4
23 Worker 4 accepting task 10
23 Task 7 completed!
23 Worker 0 processing task 8 requiring operations [6, 7]
23 Worker 0 forwarding task 8
23 Worker 3 processing task 11 requiring operations [10, 6, 8]
23 Worker 3 performing operation 10 on task 11
23 Worker 4 processing task 10 requiring operations [6, 1]
23 Worker 4 performing operation 6 on task 10
24 Generated task 12
24 Worker 2 accepting task 12
24 Worker 3 accepting task 8
24 Worker 3 accepting task 11
24 Worker 4 accepting task 10
24 Worker 0 processing task 9 requiring operations [6, 1, 4]
24 Worker 0 performing operation 4 on task 9
24 Worker 3 processing task 4 requiring operations [9]
24 Worker 3 forwarding task 4
24 Worker 4 processing task 10 requiring operations [1]
24 Worker 4 performing operation 1 on task 10
24 Worker 2 processing task 12 requiring operations [3, 6, 1]
24 Worker 2 performing operation 3 on task 12
25 Worker 0 accepting task 9
25 Worker 2 accepting task 4
25 Task 10 completed!
25 Worker 2 accepting task 12
25 Worker 0 processing task 9 requiring operations [6, 1]
25 Worker 0 forwarding task 9
25 Worker 3 processing task 8 requiring operations [6, 7]
25 Worker 3 performing operation 7 on task 8
25 Worker 2 processing task 4 requiring operations [9]
25 Worker 2 performing operation 9 on task 4
26 Generated task 13
26 Worker 1 accepting task 13
26 Worker 3 accepting task 9
26 Worker 3 accepting task 8
26 Task 4 completed!
26 Worker 3 processing task 11 requiring operations [6, 8]
26 Worker 3 forwarding task 11
26 Worker 2 processing task 12 requiring operations [6, 1]
26 Worker 2 forwarding task 12
26 Worker 1 processing task 13 requiring operations [1, 3, 5]
26 Worker 1 forwarding task 13
27 Worker 2 accepting task 11
27 Worker 0 accepting task 12
27 Worker 2 accepting task 13
27 Worker 3 processing task 9 requiring operations [6, 1]
27 Worker 3 forwarding task 9
27 Worker 2 processing task 11 requiring operations [6, 8]
27 Worker 2 performing operation 8 on task 11
27 Worker 0 processing task 12 requiring operations [6, 1]
27 Worker 0 forwarding task 12
28 Generated task 14
28 Worker 2 accepting task 14
28 Worker 2 accepting task 9
28 Worker 2 accepting task 11
28 Worker 3 accepting task 12
28 Worker 3 processing task 8 requiring operations [6]
28 Worker 3 forwarding task 8
28 Worker 2 processing task 13 requiring operations [1, 3, 5]
28 Worker 2 performing operation 3 on task 13
29 Worker 4 accepting task 8
29 Worker 2 accepting task 13
29 Worker 3 processing task 12 requiring operations [6, 1]
29 Worker 3 forwarding task 12
29 Worker 2 processing task 14 requiring operations [7, 8, 6]
29 Worker 2 performing operation 8 on task 14
29 Worker 4 processing task 8 requiring operations [6]
29 Worker 4 performing operation 6 on task 8
30 Generated task 15
30 Worker 3 accepting task 15
30 Worker 2 accepting task 12
30 Worker 2 accepting task 14
30 Task 8 completed!
30 Worker 3 processing task 15 requiring operations [4, 8, 5]
30 Worker 3 performing operation 5 on task 15
30 Worker 2 processing task 9 requiring operations [6, 1]
30 Worker 2 forwarding task 9
31 Worker 3 accepting task 15
31 Worker 3 accepting task 9
31 Worker 3 processing task 15 requiring operations [4, 8]
31 Worker 3 forwarding task 15
31 Worker 2 processing task 11 requiring operations [6]
31 Worker 2 forwarding task 11
32 Generated task 16
32 Worker 2 accepting task 16
32 Worker 2 accepting task 15
32 Worker 4 accepting task 11
32 Worker 3 processing task 9 requiring operations [6, 1]
32 Worker 3 forwarding task 9
32 Worker 2 processing task 13 requiring operations [1, 5]
32 Worker 2 forwarding task 13
32 Worker 4 processing task 11 requiring operations [6]
32 Worker 4 performing operation 6 on task 11
33 Worker 4 accepting task 9
33 Worker 4 accepting task 13
33 Task 11 completed!
33 Worker 2 processing task 12 requiring operations [6, 1]
33 Worker 2 forwarding task 12
33 Worker 4 processing task 9 requiring operations [6, 1]
33 Worker 4 performing operation 6 on task 9
34 Generated task 17
34 Worker 2 accepting task 17
34 Worker 0 accepting task 12
34 Worker 4 accepting task 9
34 Worker 2 processing task 14 requiring operations [7, 6]
34 Worker 2 forwarding task 14
34 Worker 4 processing task 13 requiring operations [1, 5]
34 Worker 4 performing operation 1 on task 13
34 Worker 0 processing task 12 requiring operations [6, 1]
34 Worker 0 forwarding task 12
35 Worker 1 accepting task 14
35 Worker 4 accepting task 13
35 Worker 2 accepting task 12
35 Worker 2 processing task 16 requiring operations [6, 3, 8]
35 Worker 2 performing operation 8 on task 16
35 Worker 4 processing task 9 requiring operations [1]
35 Worker 4 performing operation 1 on task 9
35 Worker 1 processing task 14 requiring operations [7, 6]
35 Worker 1 forwarding task 14
36 Generated task 18
36 Worker 2 accepting task 18
36 Worker 2 accepting task 16
36 Task 9 completed!
36 Worker 3 accepting task 14
36 Worker 2 processing task 15 requiring operations [4, 8]
36 Worker 2 performing operation 8 on task 15
36 Worker 4 processing task 13 requiring operations [5]
36 Worker 4 forwarding task 13
36 Worker 3 processing task 14 requiring operations [7, 6]
36 Worker 3 performing operation 7 on task 14
37 Worker 2 accepting task 15
37 Worker 0 accepting task 13
37 Worker 3 accepting task 14
37 Worker 2 processing task 17 requiring operations [9, 6, 10]
37 Worker 2 performing operation 9 on task 17
37 Worker 3 processing task 14 requiring operations [6]
37 Worker 3 forwarding task 14
37 Worker 0 processing task 13 requiring operations [5]
37 Worker 0 forwarding task 13
38 Generated task 19
38 Worker 4 accepting task 19
38 Worker 2 accepting task 17
38 Worker 2 accepting task 14
38 Worker 4 accepting task 13
38 Worker 2 processing task 12 requiring operations [6, 1]
38 Worker 2 forwarding task 12
38 Worker 4 processing task 19 requiring operations [8, 3, 5]
38 Worker 4 performing operation 8 on task 19
39 Worker 1 accepting task 12
39 Worker 4 accepting task 19
39 Worker 2 processing task 18 requiring operations [10, 1, 9]
39 Worker 2 performing operation 9 on task 18
39 Worker 4 processing task 13 requiring operations [5]
39 Worker 4 forwarding task 13
39 Worker 1 processing task 12 requiring operations [6, 1]
39 Worker 1 forwarding task 12
40 Generated task 20
40 Worker 2 accepting task 20
40 Worker 2 accepting task 18
40 Worker 2 accepting task 13
40 Worker 2 accepting task 12
40 Worker 2 processing task 16 requiring operations [6, 3]
40 Worker 2 performing operation 3 on task 16
40 Worker 4 processing task 19 requiring operations [3, 5]
40 Worker 4 forwarding task 19
41 Worker 2 accepting task 16
41 Worker 3 accepting task 19
41 Worker 2 processing task 15 requiring operations [4]
41 Worker 2 forwarding task 15
41 Worker 3 processing task 19 requiring operations [3, 5]
41 Worker 3 performing operation 5 on task 19
42 Generated task 21
42 Worker 1 accepting task 21
42 Worker 1 accepting task 15
42 Worker 3 accepting task 19
42 Worker 2 processing task 17 requiring operations [6, 10]
42 Worker 2 forwarding task 17
42 Worker 3 processing task 19 requiring operations [3]
42 Worker 3 forwarding task 19
42 Worker 1 processing task 21 requiring operations [4, 5, 7]
42 Worker 1 forwarding task 21
43 Worker 0 accepting task 17
43 Worker 2 accepting task 19
43 Worker 0 accepting task 21
43 Worker 2 processing task 14 requiring operations [6]
43 Worker 2 forwarding task 14
43 Worker 1 processing task 15 requiring operations [4]
43 Worker 1 forwarding task 15
43 Worker 0 processing task 17 requiring operations [6, 10]
43 Worker 0 performing operation 10 on task 17
44 Generated task 22
44 Worker 4 accepting task 22
44 Worker 1 accepting task 14
44 Worker 2 accepting task 15
44 Worker 0 accepting task 17
44 Worker 2 processing task 20 requiring operations [1, 5, 9]
44 Worker 2 performing operation 9 on task 20
44 Worker 1 processing task 14 requiring operations [6]
44 Worker 1 forwarding task 14
44 Worker 0 processing task 21 requiring operations [4, 5, 7]
44 Worker 0 performing operation 4 on task 21
44 Worker 4 processing task 22 requiring operations [1, 2, 4]
44 Worker 4 performing operation 2 on task 22
45 Worker 2 accepting task 20
45 Worker 3 accepting task 14
45 Worker 0 accepting task 21
45 Worker 4 accepting task 22
45 Worker 2 processing task 18 requiring operations [10, 1]
45 Worker 2 forwarding task 18
45 Worker 0 processing task 17 requiring operations [6]
45 Worker 0 forwarding task 17
45 Worker 4 processing task 22 requiring operations [1, 4]
45 Worker 4 performing operation 4 on task 22
45 Worker 3 processing task 14 requiring operations [6]
45 Worker 3 forwarding task 14
46 Generated task 23
46 Worker 1 accepting task 23
46 Worker 4 accepting task 18
46 Worker 3 accepting task 17
46 Worker 4 accepting task 22
46 Worker 2 accepting task 14
46 Worker 2 processing task 13 requiring operations [5]
46 Worker 2 forwarding task 13
46 Worker 0 processing task 21 requiring operations [5, 7]
46 Worker 0 forwarding task 21
46 Worker 4 processing task 18 requiring operations [10, 1]
46 Worker 4 performing operation 1 on task 18
46 Worker 3 processing task 17 requiring operations [6]
46 Worker 3 forwarding task 17
46 Worker 1 processing task 23 requiring operations [9, 1, 8]
46 Worker 1 performing operation 8 on task 23
47 Worker 1 accepting task 13
47 Worker 4 accepting task 21
47 Worker 4 accepting task 18
47 Worker 0 accepting task 17
47 Worker 1 accepting task 23
47 Worker 2 processing task 12 requiring operations [6, 1]
47 Worker 2 forwarding task 12
47 Worker 4 processing task 22 requiring operations [1]
47 Worker 4 performing operation 1 on task 22
47 Worker 1 processing task 13 requiring operations [5]
47 Worker 1 forwarding task 13
47 Worker 0 processing task 17 requiring operations [6]
47 Worker 0 forwarding task 17
48 Generated task 24
48 Worker 3 accepting task 24
48 Worker 1 accepting task 12
48 Task 22 completed!
48 Worker 0 accepting task 13
48 Worker 1 accepting task 17
48 Worker 2 processing task 16 requiring operations [6]
48 Worker 2 forwarding task 16
48 Worker 4 processing task 21 requiring operations [5, 7]
48 Worker 4 forwarding task 21
48 Worker 1 processing task 23 requiring operations [9, 1]
48 Worker 1 forwarding task 23
48 Worker 0 processing task 13 requiring operations [5]
48 Worker 0 forwarding task 13
48 Worker 3 processing task 24 requiring operations [6, 5, 4]
48 Worker 3 performing operation 5 on task 24
49 Worker 4 accepting task 16
49 Worker 1 accepting task 21
49 Worker 2 accepting task 23
49 Worker 3 accepting task 13
49 Worker 3 accepting task 24
49 Worker 2 processing task 19 requiring operations [3]
49 Worker 2 performing operation 3 on task 19
49 Worker 4 processing task 18 requiring operations [10]
49 Worker 4 forwarding task 18
49 Worker 1 processing task 12 requiring operations [6, 1]
49 Worker 1 forwarding task 12
49 Worker 3 processing task 13 requiring operations [5]
49 Worker 3 performing operation 5 on task 13
50 Generated task 25
50 Worker 2 accepting task 25
50 Task 19 completed!
50 Worker 3 accepting task 18
50 Worker 4 accepting task 12
50 Task 13 completed!
50 Worker 2 processing task 15 requiring operations [4]
50 Worker 2 forwarding task 15
50 Worker 4 processing task 16 requiring operations [6]
50 Worker 4 performing operation 6 on task 16
50 Worker 1 processing task 17 requiring operations [6]
50 Worker 1 forwarding task 17
50 Worker 3 processing task 24 requiring operations [6, 4]
50 Worker 3 forwarding task 24
51 Worker 0 accepting task 15
51 Task 16 completed!
51 Worker 0 accepting task 17
51 Worker 4 accepting task 24
51 Worker 2 processing task 20 requiring operations [1, 5]
51 Worker 2 forwarding task 20
51 Worker 4 processing task 12 requiring operations [6, 1]
51 Worker 4 performing operation 6 on task 12
51 Worker 1 processing task 21 requiring operations [5, 7]
51 Worker 1 forwarding task 21
51 Worker 3 processing task 18 requiring operations [10]
51 Worker 3 performing operation 10 on task 18
51 Worker 0 processing task 15 requiring operations [4]
51 Worker 0 performing operation 4 on task 15
52 Generated task 26
52 Worker 2 accepting task 26
52 Worker 3 accepting task 20
52 Worker 4 accepting task 12
52 Worker 4 accepting task 21
52 Task 18 completed!
52 Task 15 completed!
52 Worker 2 processing task 14 requiring operations [6]
52 Worker 2 forwarding task 14
52 Worker 4 processing task 24 requiring operations [6, 4]
52 Worker 4 performing operation 6 on task 24
52 Worker 3 processing task 20 requiring operations [1, 5]
52 Worker 3 performing operation 5 on task 20
52 Worker 0 processing task 17 requiring operations [6]
52 Worker 0 forwarding task 17
53 Worker 0 accepting task 14
53 Worker 4 accepting task 24
53 Worker 3 accepting task 20
53 Worker 1 accepting task 17
53 Worker 2 processing task 23 requiring operations [9, 1]
53 Worker 2 performing operation 9 on task 23
53 Worker 4 processing task 12 requiring operations [1]
53 Worker 4 performing operation 1 on task 12
53 Worker 3 processing task 20 requiring operations [1]
53 Worker 3 forwarding task 20
53 Worker 0 processing task 14 requiring operations [6]
53 Worker 0 forwarding task 14
53 Worker 1 processing task 17 requiring operations [6]
53 Worker 1 forwarding task 17
54 Generated task 27
54 Worker 1 accepting task 27
54 Worker 2 accepting task 23
54 Task 12 completed!
54 Worker 1 accepting task 20
54 Worker 1 accepting task 14
54 Worker 0 accepting task 17
54 Worker 2 processing task 25 requiring operations [3, 5, 6]
54 Worker 2 performing operation 3 on task 25
54 Worker 4 processing task 21 requiring operations [5, 7]
54 Worker 4 forwarding task 21
54 Worker 1 processing task 27 requiring operations [8, 5, 7]
54 Worker 1 performing operation 8 on task 27
54 Worker 0 processing task 17 requiring operations [6]
54 Worker 0 forwarding task 17
55 Worker 2 accepting task 25
55 Worker 3 accepting task 21
55 Worker 1 accepting task 27
55 Worker 2 accepting task 17
55 Worker 2 processing task 26 requiring operations [4, 10, 7]
55 Worker 2 forwarding task 26
55 Worker 4 processing task 24 requiring operations [4]
55 Worker 4 performing operation 4 on task 24
55 Worker 1 processing task 20 requiring operations [1]
55 Worker 1 forwarding task 20
55 Worker 3 processing task 21 requiring operations [5, 7]
55 Worker 3 performing operation 5 on task 21
56 Generated task 28
56 Worker 0 accepting task 28
56 Worker 3 accepting task 26
56 Task 24 completed!
56 Worker 3 accepting task 20
56 Worker 3 accepting task 21
56 Worker 2 processing task 23 requiring operations [1]
56 Worker 2 forwarding task 23
56 Worker 1 processing task 14 requiring operations [6]
56 Worker 1 forwarding task 14
56 Worker 3 processing task 26 requiring operations [4, 10, 7]
56 Worker 3 performing operation 7 on task 26
56 Worker 0 processing task 28 requiring operations [2, 10, 1]
56 Worker 0 performing operation 2 on task 28
57 Worker 4 accepting task 23
57 Worker 4 accepting task 14
57 Worker 3 accepting task 26
57 Worker 0 accepting task 28
57 Worker 2 processing task 25 requiring operations [5, 6]
57 Worker 2 forwarding task 25
57 Worker 1 processing task 27 requiring operations [5, 7]
57 Worker 1 forwarding task 27
57 Worker 3 processing task 20 requiring operations [1]
57 Worker 3 forwarding task 20
57 Worker 0 processing task 28 requiring operations [10, 1]
57 Worker 0 performing operation 10 on task 28
57 Worker 4 processing task 23 requiring operations [1]
57 Worker 4 performing operation 1 on task 23
58 Generated task 29
58 Worker 2 accepting task 29
58 Worker 1 accepting task 25
58 Worker 3 accepting task 27
58 Worker 0 accepting task 20
58 Worker 0 accepting task 28
58 Task 23 completed!
58 Worker 2 processing task 17 requiring operations [6]
58 Worker 2 forwarding task 17
58 Worker 1 processing task 25 requiring operations [5, 6]
58 Worker 1 forwarding task 25
58 Worker 3 processing task 21 requiring operations [7]
58 Worker 3 performing operation 7 on task 21
58 Worker 0 processing task 20 requiring operations [1]
58 Worker 0 forwarding task 20
58 Worker 4 processing task 14 requiring operations [6]
58 Worker 4 performing operation 6 on task 14
59 Worker 1 accepting task 17
59 Worker 4 accepting task 25
59 Task 21 completed!
59 Worker 4 accepting task 20
59 Task 14 completed!
59 Worker 2 processing task 29 requiring operations [6, 7, 4]
59 Worker 2 forwarding task 29
59 Worker 1 processing task 17 requiring operations [6]
59 Worker 1 forwarding task 17
59 Worker 3 processing task 26 requiring operations [4, 10]
59 Worker 3 performing operation 10 on task 26
59 Worker 0 processing task 28 requiring operations [1]
59 Worker 0 forwarding task 28
59 Worker 4 processing task 25 requiring operations [5, 6]
59 Worker 4 performing operation 6 on task 25
60 Generated task 30
60 Worker 1 accepting task 30
60 Worker 0 accepting task 29
60 Worker 2 accepting task 17
60 Worker 3 accepting task 26
60 Worker 3 accepting task 28
60 Worker 4 accepting task 25
60 Worker 1 processing task 30 requiring operations [7, 2, 4]
60 Worker 1 forwarding task 30
60 Worker 3 processing task 27 requiring operations [5, 7]
60 Worker 3 performing operation 7 on task 27
60 Worker 0 processing task 29 requiring operations [6, 7, 4]
60 Worker 0 performing operation 4 on task 29
60 Worker 4 processing task 20 requiring operations [1]
60 Worker 4 performing operation 1 on task 20
60 Worker 2 processing task 17 requiring operations [6]
60 Worker 2 forwarding task 17
61 Worker 2 accepting task 30
61 Worker 3 accepting task 27
61 Worker 0 accepting task 29
61 Task 20 completed!
61 Worker 1 accepting task 17
61 Worker 3 processing task 26 requiring operations [4]
61 Worker 3 forwarding task 26
61 Worker 0 processing task 29 requiring operations [6, 7]
61 Worker 0 forwarding task 29
61 Worker 4 processing task 25 requiring operations [5]
61 Worker 4 forwarding task 25
61 Worker 2 processing task 30 requiring operations [7, 2, 4]
61 Worker 2 performing operation 2 on task 30
61 Worker 1 processing task 17 requiring operations [6]
61 Worker 1 forwarding task 17
62 Generated task 31
62 Worker 1 accepting task 31
62 Worker 4 accepting task 26
62 Worker 2 accepting task 29
62 Worker 0 accepting task 25
62 Worker 2 accepting task 30
62 Worker 4 accepting task 17
62 Worker 3 processing task 28 requiring operations [1]
62 Worker 3 forwarding task 28
62 Worker 4 processing task 26 requiring operations [4]
62 Worker 4 performing operation 4 on task 26
62 Worker 2 processing task 29 requiring operations [6, 7]
62 Worker 2 forwarding task 29
62 Worker 1 processing task 31 requiring operations [1, 5, 10]
62 Worker 1 forwarding task 31
62 Worker 0 processing task 25 requiring operations [5]
62 Worker 0 forwarding task 25
63 Worker 1 accepting task 28
63 Task 26 completed!
63 Worker 4 accepting task 29
63 Worker 2 accepting task 31
63 Worker 1 accepting task 25
63 Worker 3 processing task 27 requiring operations [5]
63 Worker 3 performing operation 5 on task 27
63 Worker 4 processing task 17 requiring operations [6]
63 Worker 4 performing operation 6 on task 17
63 Worker 2 processing task 30 requiring operations [7, 4]
63 Worker 2 forwarding task 30
63 Worker 1 processing task 28 requiring operations [1]
63 Worker 1 forwarding task 28
64 Generated task 32
64 Worker 1 accepting task 32
64 Task 27 completed!
64 Task 17 completed!
64 Worker 0 accepting task 30
64 Worker 3 accepting task 28
64 Worker 4 processing task 29 requiring operations [6, 7]
64 Worker 4 performing operation 6 on task 29
64 Worker 2 processing task 31 requiring operations [1, 5, 10]
64 Worker 2 forwarding task 31
64 Worker 1 processing task 25 requiring operations [5]
64 Worker 1 forwarding task 25
64 Worker 0 processing task 30 requiring operations [7, 4]
64 Worker 0 performing operation 4 on task 30
64 Worker 3 processing task 28 requiring operations [1]
64 Worker 3 forwarding task 28
65 Worker 4 accepting task 29
65 Worker 0 accepting task 31
65 Worker 4 accepting task 25
65 Worker 0 accepting task 30
65 Worker 0 accepting task 28
65 Worker 4 processing task 29 requiring operations [7]
65 Worker 4 forwarding task 29
65 Worker 1 processing task 32 requiring operations [8, 1, 6]
65 Worker 1 performing operation 8 on task 32
65 Worker 0 processing task 31 requiring operations [1, 5, 10]
65 Worker 0 performing operation 10 on task 31
66 Generated task 33
66 Worker 3 accepting task 33
66 Worker 3 accepting task 29
66 Worker 1 accepting task 32
66 Worker 0 accepting task 31
66 Worker 4 processing task 25 requiring operations [5]
66 Worker 4 forwarding task 25
66 Worker 1 processing task 32 requiring operations [1, 6]
66 Worker 1 forwarding task 32
66 Worker 0 processing task 30 requiring operations [7]
66 Worker 0 forwarding task 30
66 Worker 3 processing task 33 requiring operations [4, 8, 1]
66 Worker 3 forwarding task 33
67 Worker 0 accepting task 25
67 Worker 3 accepting task 32
67 Worker 3 accepting task 30
67 Worker 4 accepting task 33
67 Worker 0 processing task 28 requiring operations [1]
67 Worker 0 forwarding task 28
67 Worker 3 processing task 29 requiring operations [7]
67 Worker 3 performing operation 7 on task 29
67 Worker 4 processing task 33 requiring operations [4, 8, 1]
67 Worker 4 performing operation 1 on task 33
68 Generated task 34
68 Worker 0 accepting task 34
68 Worker 1 accepting task 28
68 Task 29 completed!
68 Worker 4 accepting task 33
68 Worker 0 processing task 31 requiring operations [1, 5]
68 Worker 0 forwarding task 31
68 Worker 3 processing task 32 requiring operations [1, 6]
68 Worker 3 forwarding task 32
68 Worker 4 processing task 33 requiring operations [4, 8]
68 Worker 4 performing operation 8 on task 33
68 Worker 1 processing task 28 requiring operations [1]
68 Worker 1 forwarding task 28
69 Worker 1 accepting task 31
69 Worker 4 accepting task 32
69 Worker 4 accepting task 33
69 Worker 4 accepting task 28
69 Worker 0 processing task 25 requiring operations [5]
69 Worker 0 forwarding task 25
69 Worker 3 processing task 30 requiring operations [7]
69 Worker 3 performing operation 7 on task 30
69 Worker 4 processing task 32 requiring operations [1, 6]
69 Worker 4 performing operation 1 on task 32
69 Worker 1 processing task 31 requiring operations [1, 5]
69 Worker 1 forwarding task 31
70 Generated task 35
70 Worker 2 accepting task 35
70 Worker 2 accepting task 25
70 Task 30 completed!
70 Worker 4 accepting task 32
70 Worker 0 accepting task 31
70 Worker 0 processing task 34 requiring operations [10, 9, 6]
70 Worker 0 performing operation 10 on task 34
70 Worker 4 processing task 33 requiring operations [4]
70 Worker 4 performing operation 4 on task 33
70 Worker 2 processing task 35 requiring operations [6, 7, 3]
70 Worker 2 performing operation 3 on task 35
71 Worker 0 accepting task 34
71 Task 33 completed!
71 Worker 2 accepting task 35
71 Worker 0 processing task 31 requiring operations [1, 5]
71 Worker 0 forwarding task 31
71 Worker 4 processing task 28 requiring operations [1]
71 Worker 4 performing operation 1 on task 28
71 Worker 2 processing task 25 requiring operations [5]
71 Worker 2 forwarding task 25
72 Generated task 36
72 Worker 3 accepting task 36
72 Worker 3 accepting task 31
72 Task 28 completed!
72 Worker 1 accepting task 25
72 Worker 0 processing task 34 requiring operations [9, 6]
72 Worker 0 forwarding task 34
72 Worker 4 processing task 32 requiring operations [6]
72 Worker 4 performing operation 6 on task 32
72 Worker 2 processing task 35 requiring operations [6, 7]
72 Worker 2 forwarding task 35
72 Worker 3 processing task 36 requiring operations [10, 3, 9]
72 Worker 3 performing operation 10 on task 36
72 Worker 1 processing task 25 requiring operations [5]
72 Worker 1 forwarding task 25
73 Worker 1 accepting task 34
73 Task 32 completed!
73 Worker 4 accepting task 35
73 Worker 3 accepting task 36
73 Worker 0 accepting task 25
73 Worker 3 processing task 31 requiring operations [1, 5]
73 Worker 3 performing operation 5 on task 31
73 Worker 1 processing task 34 requiring operations [9, 6]
73 Worker 1 forwarding task 34
73 Worker 4 processing task 35 requiring operations [6, 7]
73 Worker 4 performing operation 6 on task 35
73 Worker 0 processing task 25 requiring operations [5]
73 Worker 0 forwarding task 25
74 Generated task 37
74 Worker 1 accepting task 37
74 Worker 3 accepting task 31
74 Worker 3 accepting task 34
74 Worker 4 accepting task 35
74 Worker 3 accepting task 25
74 Worker 3 processing task 36 requiring operations [3, 9]
74 Worker 3 forwarding task 36
74 Worker 1 processing task 37 requiring operations [1, 9, 7]
74 Worker 1 forwarding task 37
74 Worker 4 processing task 35 requiring operations [7]
74 Worker 4 forwarding task 35
75 Worker 1 accepting task 36
75 Worker 4 accepting task 37
75 Worker 2 accepting task 35
75 Worker 3 processing task 31 requiring operations [1]
75 Worker 3 forwarding task 31
75 Worker 1 processing task 36 requiring operations [3, 9]
75 Worker 1 forwarding task 36
75 Worker 4 processing task 37 requiring operations [1, 9, 7]
75 Worker 4 performing operation 1 on task 37
75 Worker 2 processing task 35 requiring operations [7]
75 Worker 2 forwarding task 35
76 Generated task 38
76 Worker 3 accepting task 38
76 Worker 0 accepting task 31
76 Worker 2 accepting task 36
76 Worker 4 accepting task 37
76 Worker 3 accepting task 35
76 Worker 3 processing task 34 requiring operations [9, 6]
76 Worker 3 forwarding task 34
76 Worker 4 processing task 37 requiring operations [9, 7]
76 Worker 4 forwarding task 37
76 Worker 2 processing task 36 requiring operations [3, 9]
76 Worker 2 performing operation 9 on task 36
76 Worker 0 processing task 31 requiring operations [1]
76 Worker 0 forwarding task 31
77 Worker 1 accepting task 34
77 Worker 0 accepting task 37
77 Worker 2 accepting task 36
77 Worker 2 accepting task 31
77 Worker 3 processing task 25 requiring operations [5]
77 Worker 3 performing operation 5 on task 25
77 Worker 2 processing task 36 requiring operations [3]
77 Worker 2 performing operation 3 on task 36
77 Worker 0 processing task 37 requiring operations [9, 7]
77 Worker 0 forwarding task 37
77 Worker 1 processing task 34 requiring operations [9, 6]
77 Worker 1 forwarding task 34
78 Generated task 39
78 Worker 0 accepting task 39
78 Task 25 completed!
78 Task 36 completed!
78 Worker 4 accepting task 37
78 Worker 0 accepting task 34
78 Worker 3 processing task 38 requiring operations [5, 7, 8]
78 Worker 3 performing operation 7 on task 38
78 Worker 2 processing task 31 requiring operations [1]
78 Worker 2 forwarding task 31
78 Worker 0 processing task 39 requiring operations [4, 2, 6]
78 Worker 0 performing operation 4 on task 39
78 Worker 4 processing task 37 requiring operations [9, 7]
78 Worker 4 forwarding task 37
79 Worker 3 accepting task 38
79 Worker 1 accepting task 31
79 Worker 0 accepting task 39
79 Worker 0 accepting task 37
79 Worker 3 processing task 35 requiring operations [7]
79 Worker 3 performing operation 7 on task 35
79 Worker 0 processing task 34 requiring operations [9, 6]
79 Worker 0 forwarding task 34
79 Worker 1 processing task 31 requiring operations [1]
79 Worker 1 forwarding task 31
80 Generated task 40
80 Worker 3 accepting task 40
80 Task 35 completed!
80 Worker 1 accepting task 34
80 Worker 4 accepting task 31
80 Worker 3 processing task 38 requiring operations [5, 8]
80 Worker 3 performing operation 5 on task 38
80 Worker 0 processing task 39 requiring operations [2, 6]
80 Worker 0 performing operation 2 on task 39
80 Worker 1 processing task 34 requiring operations [9, 6]
80 Worker 1 forwarding task 34
80 Worker 4 processing task 31 requiring operations [1]
80 Worker 4 performing operation 1 on task 31
81 Worker 3 accepting task 38
81 Worker 0 accepting task 39
81 Worker 0 accepting task 34
81 Task 31 completed!
81 Worker 3 processing task 40 requiring operations [8, 9, 4]
81 Worker 3 forwarding task 40
81 Worker 0 processing task 37 requiring operations [9, 7]
81 Worker 0 forwarding task 37
82 Generated task 41
82 Worker 1 accepting task 41
82 Worker 2 accepting task 40
82 Worker 4 accepting task 37
82 Worker 3 processing task 38 requiring operations [8]
82 Worker 3 forwarding task 38
82 Worker 0 processing task 39 requiring operations [6]
82 Worker 0 forwarding task 39
82 Worker 1 processing task 41 requiring operations [6, 10, 2]
82 Worker 1 forwarding task 41
82 Worker 2 processing task 40 requiring operations [8, 9, 4]
82 Worker 2 performing operation 8 on task 40
82 Worker 4 processing task 37 requiring operations [9, 7]
82 Worker 4 forwarding task 37
83 Worker 2 accepting task 38
83 Worker 4 accepting task 39
83 Worker 3 accepting task 41
83 Worker 2 accepting task 40
83 Worker 0 accepting task 37
83 Worker 0 processing task 34 requiring operations [9, 6]
83 Worker 0 forwarding task 34
83 Worker 2 processing task 38 requiring operations [8]
83 Worker 2 performing operation 8 on task 38
83 Worker 4 processing task 39 requiring operations [6]
83 Worker 4 performing operation 6 on task 39
83 Worker 3 processing task 41 requiring operations [6, 10, 2]
83 Worker 3 performing operation 10 on task 41
84 Generated task 42
84 Worker 3 accepting task 42
84 Worker 1 accepting task 34
84 Task 38 completed!
84 Task 39 completed!
84 Worker 3 accepting task 41
84 Worker 0 processing task 37 requiring operations [9, 7]
84 Worker 0 forwarding task 37
84 Worker 2 processing task 40 requiring operations [9, 4]
84 Worker 2 performing operation 9 on task 40
84 Worker 3 processing task 42 requiring operations [9, 5, 6]
84 Worker 3 performing operation 5 on task 42
84 Worker 1 processing task 34 requiring operations [9, 6]
84 Worker 1 forwarding task 34
85 Worker 1 accepting task 37
85 Worker 2 accepting task 40
85 Worker 3 accepting task 42
85 Worker 0 accepting task 34
85 Worker 2 processing task 40 requiring operations [4]
85 Worker 2 forwarding task 40
85 Worker 3 processing task 41 requiring operations [6, 2]
85 Worker 3 forwarding task 41
85 Worker 1 processing task 37 requiring operations [9, 7]
85 Worker 1 forwarding task 37
85 Worker 0 processing task 34 requiring operations [9, 6]
85 Worker 0 forwarding task 34
86 Generated task 43
86 Worker 1 accepting task 43
86 Worker 1 accepting task 40
86 Worker 4 accepting task 41
86 Worker 4 accepting task 37
86 Worker 2 accepting task 34
86 Worker 3 processing task 42 requiring operations [9, 6]
86 Worker 3 forwarding task 42
86 Worker 1 processing task 43 requiring operations [9, 10, 7]
86 Worker 1 forwarding task 43
86 Worker 4 processing task 41 requiring operations [6, 2]
86 Worker 4 performing operation 6 on task 41
86 Worker 2 processing task 34 requiring operations [9, 6]
86 Worker 2 performing operation 9 on task 34
87 Worker 0 accepting task 42
87 Worker 0 accepting task 43
87 Worker 4 accepting task 41
87 Worker 2 accepting task 34
87 Worker 1 processing task 40 requiring operations [4]
87 Worker 1 forwarding task 40
87 Worker 4 processing task 37 requiring operations [9, 7]
87 Worker 4 forwarding task 37
87 Worker 2 processing task 34 requiring operations [6]
87 Worker 2 forwarding task 34
87 Worker 0 processing task 42 requiring operations [9, 6]
87 Worker 0 forwarding task 42
88 Generated task 44
88 Worker 0 accepting task 44
88 Worker 2 accepting task 40
88 Worker 0 accepting task 37
88 Worker 4 accepting task 34
88 Worker 3 accepting task 42
88 Worker 4 processing task 41 requiring operations [2]
88 Worker 4 performing operation 2 on task 41
88 Worker 2 processing task 40 requiring operations [4]
88 Worker 2 forwarding task 40
88 Worker 0 processing task 43 requiring operations [9, 10, 7]
88 Worker 0 performing operation 10 on task 43
88 Worker 3 processing task 42 requiring operations [9, 6]
88 Worker 3 forwarding task 42
89 Task 41 completed!
89 Worker 4 accepting task 40
89 Worker 0 accepting task 43
89 Worker 4 accepting task 42
89 Worker 4 processing task 34 requiring operations [6]
89 Worker 4 performing operation 6 on task 34
89 Worker 0 processing task 44 requiring operations [8, 9, 4]
89 Worker 0 performing operation 4 on task 44
90 Generated task 45
90 Worker 3 accepting task 45
90 Task 34 completed!
90 Worker 0 accepting task 44
90 Worker 4 processing task 40 requiring operations [4]
90 Worker 4 performing operation 4 on task 40
90 Worker 0 processing task 37 requiring operations [9, 7]
90 Worker 0 forwarding task 37
90 Worker 3 processing task 45 requiring operations [5, 10, 9]
90 Worker 3 performing operation 10 on task 45
91 Task 40 completed!
91 Worker 2 accepting task 37
91 Worker 3 accepting task 45
91 Worker 4 processing task 42 requiring operations [9, 6]
91 Worker 4 performing operation 6 on task 42
91 Worker 0 processing task 43 requiring operations [9, 7]
91 Worker 0 forwarding task 43
91 Worker 3 processing task 45 requiring operations [5, 9]
91 Worker 3 performing operation 5 on task 45
91 Worker 2 processing task 37 requiring operations [9, 7]
91 Worker 2 performing operation 9 on task 37
92 Generated task 46
92 Worker 1 accepting task 46
92 Worker 4 accepting task 42
92 Worker 1 accepting task 43
92 Worker 3 accepting task 45
92 Worker 2 accepting task 37
92 Worker 4 processing task 42 requiring operations [9]
92 Worker 4 forwarding task 42
92 Worker 0 processing task 44 requiring operations [8, 9]
92 Worker 0 forwarding task 44
92 Worker 3 processing task 45 requiring operations [9]
92 Worker 3 forwarding task 45
92 Worker 2 processing task 37 requiring operations [7]
92 Worker 2 forwarding task 37
92 Worker 1 processing task 46 requiring operations [5, 6, 10]
92 Worker 1 forwarding task 46
93 Worker 1 accepting task 42
93 Worker 4 accepting task 44
93 Worker 2 accepting task 45
93 Worker 1 accepting task 37
93 Worker 0 accepting task 46
93 Worker 2 processing task 45 requiring operations [9]
93 Worker 2 performing operation 9 on task 45
93 Worker 1 processing task 43 requiring operations [9, 7]
93 Worker 1 forwarding task 43
93 Worker 4 processing task 44 requiring operations [8, 9]
93 Worker 4 performing operation 8 on task 44
93 Worker 0 processing task 46 requiring operations [5, 6, 10]
93 Worker 0 performing operation 10 on task 46
94 Generated task 47
94 Worker 2 accepting task 47
94 Task 45 completed!
94 Worker 2 accepting task 43
94 Worker 4 accepting task 44
94 Worker 0 accepting task 46
94 Worker 2 processing task 47 requiring operations [3, 7, 9]
94 Worker 2 performing operation 9 on task 47
94 Worker 1 processing task 42 requiring operations [9]
94 Worker 1 forwarding task 42
94 Worker 4 processing task 44 requiring operations [9]
94 Worker 4 forwarding task 44
94 Worker 0 processing task 46 requiring operations [5, 6]
94 Worker 0 forwarding task 46
95 Worker 2 accepting task 47
95 Worker 4 accepting task 42
95 Worker 2 accepting task 44
95 Worker 4 accepting task 46
95 Worker 2 processing task 43 requiring operations [9, 7]
95 Worker 2 performing operation 9 on task 43
95 Worker 1 processing task 37 requiring operations [7]
95 Worker 1 forwarding task 37
95 Worker 4 processing task 42 requiring operations [9]
95 Worker 4 forwarding task 42
96 Generated task 48
96 Worker 3 accepting task 48
96 Worker 2 accepting task 43
96 Worker 2 accepting task 37
96 Worker 2 accepting task 42
96 Worker 2 processing task 47 requiring operations [3, 7]
96 Worker 2 performing operation 3 on task 47
96 Worker 4 processing task 46 requiring operations [5, 6]
96 Worker 4 performing operation 6 on task 46
96 Worker 3 processing task 48 requiring operations [1, 8, 10]
96 Worker 3 performing operation 10 on task 48
97 Worker 2 accepting task 47
97 Worker 4 accepting task 46
97 Worker 3 accepting task 48
97 Worker 2 processing task 44 requiring operations [9]
97 Worker 2 performing operation 9 on task 44
97 Worker 4 processing task 46 requiring operations [5]
97 Worker 4 forwarding task 46
97 Worker 3 processing task 48 requiring operations [1, 8]
97 Worker 3 forwarding task 48
98 Generated task 49
98 Worker 4 accepting task 49
98 Task 44 completed!
98 Worker 2 accepting task 46
98 Worker 4 accepting task 48
98 Worker 2 processing task 43 requiring operations [7]
98 Worker 2 forwarding task 43
98 Worker 4 processing task 49 requiring operations [6, 4, 5]
98 Worker 4 performing operation 6 on task 49
99 Worker 3 accepting task 43
99 Worker 4 accepting task 49
99 Worker 2 processing task 37 requiring operations [7]
99 Worker 2 forwarding task 37
99 Worker 4 processing task 48 requiring operations [1, 8]
99 Worker 4 performing operation 1 on task 48
99 Worker 3 processing task 43 requiring operations [7]
99 Worker 3 performing operation 7 on task 43
100 Generated task 50
100 Worker 3 accepting task 50
100 Worker 0 accepting task 37
100 Worker 4 accepting task 48
100 Task 43 completed!
100 Worker 2 processing task 42 requiring operations [9]
100 Worker 2 performing operation 9 on task 42
100 Worker 4 processing task 49 requiring operations [4, 5]
100 Worker 4 performing operation 4 on task 49
100 Worker 3 processing task 50 requiring operations [5, 10, 2]
100 Worker 3 performing operation 10 on task 50
100 Worker 0 processing task 37 requiring operations [7]
100 Worker 0 forwarding task 37
101 Task 42 completed!
101 Worker 4 accepting task 49
101 Worker 3 accepting task 50
101 Worker 3 accepting task 37
101 Worker 2 processing task 47 requiring operations [7]
101 Worker 2 forwarding task 47
101 Worker 4 processing task 48 requiring operations [8]
101 Worker 4 performing operation 8 on task 48
101 Worker 3 processing task 50 requiring operations [5, 2]
101 Worker 3 performing operation 5 on task 50
102 Generated task 51
102 Worker 0 accepting task 51
102 Worker 3 accepting task 47
102 Task 48 completed!
102 Worker 3 accepting task 50
102 Worker 2 processing task 46 requiring operations [5]
102 Worker 2 forwarding task 46
102 Worker 4 processing task 49 requiring operations [5]
102 Worker 4 forwarding task 49
102 Worker 3 processing task 37 requiring operations [7]
102 Worker 3 performing operation 7 on task 37
102 Worker 0 processing task 51 requiring operations [7, 8, 4]
102 Worker 0 performing operation 4 on task 51
103 Worker 0 accepting task 46
103 Worker 0 accepting task 49
103 Task 37 completed!
103 Worker 0 accepting task 51
103 Worker 3 processing task 47 requiring operations [7]
103 Worker 3 performing operation 7 on task 47
103 Worker 0 processing task 46 requiring operations [5]
103 Worker 0 forwarding task 46
104 Generated task 52
104 Worker 0 accepting task 52
104 Task 47 completed!
104 Worker 4 accepting task 46
104 Worker 3 processing task 50 requiring operations [2]
104 Worker 3 forwarding task 50
104 Worker 0 processing task 49 requiring operations [5]
104 Worker 0 forwarding task 49
104 Worker 4 processing task 46 requiring operations [5]
104 Worker 4 forwarding task 46
105 Worker 4 accepting task 50
105 Worker 1 accepting task 49
105 Worker 2 accepting task 46
105 Worker 0 processing task 51 requiring operations [7, 8]
105 Worker 0 forwarding task 51
105 Worker 4 processing task 50 requiring operations [2]
105 Worker 4 performing operation 2 on task 50
105 Worker 1 processing task 49 requiring operations [5]
105 Worker 1 forwarding task 49
105 Worker 2 processing task 46 requiring operations [5]
105 Worker 2 forwarding task 46
106 Generated task 53
106 Worker 2 accepting task 53
106 Worker 4 accepting task 51
106 Task 50 completed!
106 Worker 3 accepting task 49
106 Worker 4 accepting task 46
106 Worker 0 processing task 52 requiring operations [8, 6, 3]
106 Worker 0 forwarding task 52
106 Worker 4 processing task 51 requiring operations [7, 8]
106 Worker 4 performing operation 8 on task 51
106 Worker 2 processing task 53 requiring operations [10, 3, 2]
106 Worker 2 performing operation 2 on task 53
106 Worker 3 processing task 49 requiring operations [5]
106 Worker 3 performing operation 5 on task 49
107 Worker 1 accepting task 52
107 Worker 4 accepting task 51
107 Worker 2 accepting task 53
107 Task 49 completed!
107 Worker 4 processing task 46 requiring operations [5]
107 Worker 4 forwarding task 46
107 Worker 2 processing task 53 requiring operations [10, 3]
107 Worker 2 performing operation 3 on task 53
107 Worker 1 processing task 52 requiring operations [8, 6, 3]
107 Worker 1 performing operation 8 on task 52
108 Generated task 54
108 Worker 3 accepting task 54
108 Worker 2 accepting task 46
108 Worker 2 accepting task 53
108 Worker 1 accepting task 52
108 Worker 4 processing task 51 requiring operations [7]
108 Worker 4 forwarding task 51
108 Worker 2 processing task 46 requiring operations [5]
108 Worker 2 forwarding task 46
108 Worker 1 processing task 52 requiring operations [6, 3]
108 Worker 1 forwarding task 52
108 Worker 3 processing task 54 requiring operations [8, 4, 6]
108 Worker 3 forwarding task 54
109 Worker 3 accepting task 51
109 Worker 4 accepting task 46
109 Worker 3 accepting task 52
109 Worker 2 accepting task 54
109 Worker 2 processing task 53 requiring operations [10]
109 Worker 2 forwarding task 53
109 Worker 3 processing task 51 requiring operations [7]
109 Worker 3 performing operation 7 on task 51
109 Worker 4 processing task 46 requiring operations [5]
109 Worker 4 forwarding task 46
110 Generated task 55
110 Worker 3 accepting task 55
110 Worker 3 accepting task 53
110 Task 51 completed!
110 Worker 1 accepting task 46
110 Worker 2 processing task 54 requiring operations [8, 4, 6]
110 Worker 2 performing operation 8 on task 54
110 Worker 3 processing task 52 requiring operations [6, 3]
110 Worker 3 forwarding task 52
110 Worker 1 processing task 46 requiring operations [5]
110 Worker 1 forwarding task 46
111 Worker 2 accepting task 54
111 Worker 4 accepting task 52
111 Worker 3 accepting task 46
111 Worker 2 processing task 54 requiring operations [4, 6]
111 Worker 2 forwarding task 54
111 Worker 3 processing task 55 requiring operations [6, 9, 2]
111 Worker 3 forwarding task 55
111 Worker 4 processing task 52 requiring operations [6, 3]
111 Worker 4 performing operation 6 on task 52
112 Generated task 56
112 Worker 0 accepting task 56
112 Worker 3 accepting task 54
112 Worker 2 accepting task 55
112 Worker 4 accepting task 52
112 Worker 3 processing task 53 requiring operations [10]
112 Worker 3 performing operation 10 on task 53
112 Worker 4 processing task 52 requiring operations [3]
112 Worker 4 forwarding task 52
112 Worker 0 processing task 56 requiring operations [2, 3, 7]
112 Worker 0 performing operation 2 on task 56
112 Worker 2 processing task 55 requiring operations [6, 9, 2]
112 Worker 2 performing operation 2 on task 55
113 Task 53 completed!
113 Worker 3 accepting task 52
113 Worker 0 accepting task 56
113 Worker 2 accepting task 55
113 Worker 3 processing task 46 requiring operations [5]
113 Worker 3 performing operation 5 on task 46
113 Worker 0 processing task 56 requiring operations [3, 7]
113 Worker 0 forwarding task 56
113 Worker 2 processing task 55 requiring operations [6, 9]
113 Worker 2 performing operation 9 on task 55
114 Generated task 57
114 Worker 4 accepting task 57
114 Task 46 completed!
114 Worker 3 accepting task 56
114 Worker 2 accepting task 55
114 Worker 3 processing task 54 requiring operations [4, 6]
114 Worker 3 forwarding task 54
114 Worker 2 processing task 55 requiring operations [6]
114 Worker 2 forwarding task 55
114 Worker 4 processing task 57 requiring operations [6, 10, 5]
114 Worker 4 performing operation 6 on task 57
115 Worker 4 accepting task 54
115 Worker 4 accepting task 55
115 Worker 4 accepting task 57
115 Worker 3 processing task 52 requiring operations [3]
115 Worker 3 forwarding task 52
115 Worker 4 processing task 54 requiring operations [4, 6]
115 Worker 4 performing operation 4 on task 54
116 Generated task 58
116 Worker 2 accepting task 58
116 Worker 4 accepting task 52
116 Worker 4 accepting task 54
116 Worker 3 processing task 56 requiring operations [3, 7]
116 Worker 3 performing operation 7 on task 56
116 Worker 4 processing task 55 requiring operations [6]
116 Worker 4 performing operation 6 on task 55
116 Worker 2 processing task 58 requiring operations [10, 2, 1]
116 Worker 2 performing operation 2 on task 58
117 Worker 3 accepting task 56
117 Task 55 completed!
117 Worker 2 accepting task 58
117 Worker 3 processing task 56 requiring operations [3]
117 Worker 3 forwarding task 56
117 Worker 4 processing task 57 requiring operations [10, 5]
117 Worker 4 forwarding task 57
117 Worker 2 processing task 58 requiring operations [10, 1]
117 Worker 2 forwarding task 58
118 Generated task 59
118 Worker 3 accepting task 59
118 Worker 2 accepting task 56
118 Worker 2 accepting task 57
118 Worker 1 accepting task 58
118 Worker 3 processing task 59 requiring operations [10, 9, 5]
118 Worker 3 performing operation 5 on task 59
118 Worker 4 processing task 52 requiring operations [3]
118 Worker 4 forwarding task 52
118 Worker 2 processing task 56 requiring operations [3]
118 Worker 2 performing operation 3 on task 56
118 Worker 1 processing task 58 requiring operations [10, 1]
118 Worker 1 forwarding task 58
119 Worker 3 accepting task 59
119 Worker 3 accepting task 52
119 Task 56 completed!
119 Worker 0 accepting task 58
119 Worker 3 processing task 59 requiring operations [10, 9]
119 Worker 3 performing operation 10 on task 59
119 Worker 4 processing task 54 requiring operations [6]
119 Worker 4 performing operation 6 on task 54
119 Worker 2 processing task 57 requiring operations [10, 5]
119 Worker 2 forwarding task 57
119 Worker 0 processing task 58 requiring operations [10, 1]
119 Worker 0 performing operation 10 on task 58
120 Generated task 60
120 Worker 3 accepting task 60
120 Worker 3 accepting task 59
120 Task 54 completed!
120 Worker 3 accepting task 57
120 Worker 0 accepting task 58
120 Worker 3 processing task 52 requiring operations [3]
120 Worker 3 forwarding task 52
120 Worker 0 processing task 58 requiring operations [1]
120 Worker 0 forwarding task 58
121 Worker 0 accepting task 52
121 Worker 4 accepting task 58
121 Worker 3 processing task 60 requiring operations [6, 10, 8]
121 Worker 3 performing operation 10 on task 60
121 Worker 0 processing task 52 requiring operations [3]
121 Worker 0 forwarding task 52
121 Worker 4 processing task 58 requiring operations [1]
121 Worker 4 performing operation 1 on task 58
122 Generated task 61
122 Worker 0 accepting task 61
122 Worker 3 accepting task 60
122 Worker 3 accepting task 52
122 Task 58 completed!
122 Worker 3 processing task 59 requiring operations [9]
122 Worker 3 forwarding task 59
122 Worker 0 processing task 61 requiring operations [5, 3, 1]
122 Worker 0 forwarding task 61
123 Worker 0 accepting task 59
123 Worker 2 accepting task 61
123 Worker 3 processing task 57 requiring operations [10, 5]
123 Worker 3 performing operation 10 on task 57
123 Worker 0 processing task 59 requiring operations [9]
123 Worker 0 forwarding task 59
123 Worker 2 processing task 61 requiring operations [5, 3, 1]
123 Worker 2 performing operation 3 on task 61
124 Generated task 62
124 Worker 0 accepting task 62
124 Worker 3 accepting task 57
124 Worker 2 accepting task 59
124 Worker 2 accepting task 61
124 Worker 3 processing task 60 requiring operations [6, 8]
124 Worker 3 forwarding task 60
124 Worker 0 processing task 62 requiring operations [6, 7, 9]
124 Worker 0 forwarding task 62
124 Worker 2 processing task 59 requiring operations [9]
124 Worker 2 performing operation 9 on task 59
125 Worker 0 accepting task 60
125 Worker 3 accepting task 62
125 Task 59 completed!
125 Worker 3 processing task 52 requiring operations [3]
125 Worker 3 forwarding task 52
125 Worker 0 processing task 60 requiring operations [6, 8]
125 Worker 0 forwarding task 60
125 Worker 2 processing task 61 requiring operations [5, 1]
125 Worker 2 forwarding task 61
126 Generated task 63
126 Worker 1 accepting task 63
126 Worker 2 accepting task 52
126 Worker 1 accepting task 60
126 Worker 4 accepting task 61
126 Worker 3 processing task 57 requiring operations [5]
126 Worker 3 performing operation 5 on task 57
126 Worker 2 processing task 52 requiring operations [3]
126 Worker 2 performing operation 3 on task 52
126 Worker 1 processing task 63 requiring operations [10, 9, 3]
126 Worker 1 forwarding task 63
126 Worker 4 processing task 61 requiring operations [5, 1]
126 Worker 4 performing operation 1 on task 61
127 Task 57 completed!
127 Task 52 completed!
127 Worker 0 accepting task 63
127 Worker 4 accepting task 61
127 Worker 3 processing task 62 requiring operations [6, 7, 9]
127 Worker 3 performing operation 7 on task 62
127 Worker 1 processing task 60 requiring operations [6, 8]
127 Worker 1 performing operation 8 on task 60
127 Worker 4 processing task 61 requiring operations [5]
127 Worker 4 forwarding task 61
127 Worker 0 processing task 63 requiring operations [10, 9, 3]
127 Worker 0 performing operation 10 on task 63
128 Generated task 64
128 Worker 3 accepting task 64
128 Worker 3 accepting task 62
128 Worker 1 accepting task 60
128 Worker 3 accepting task 61
128 Worker 0 accepting task 63
128 Worker 3 processing task 64 requiring operations [8, 4, 10]
128 Worker 3 performing operation 10 on task 64
128 Worker 1 processing task 60 requiring operations [6]
128 Worker 1 forwarding task 60
128 Worker 0 processing task 63 requiring operations [9, 3]
128 Worker 0 forwarding task 63
129 Worker 3 accepting task 64
129 Worker 4 accepting task 60
129 Worker 3 accepting task 63
129 Worker 3 processing task 62 requiring operations [6, 9]
129 Worker 3 forwarding task 62
129 Worker 4 processing task 60 requiring operations [6]
129 Worker 4 performing operation 6 on task 60
130 Generated task 65
130 Worker 3 accepting task 65
130 Worker 0 accepting task 62
130 Task 60 completed!
130 Worker 3 processing task 61 requiring operations [5]
130 Worker 3 performing operation 5 on task 61
130 Worker 0 processing task 62 requiring operations [6, 9]
130 Worker 0 forwarding task 62
131 Task 61 completed!
131 Worker 3 accepting task 62
131 Worker 3 processing task 64 requiring operations [8, 4]
131 Worker 3 forwarding task 64
132 Generated task 66
132 Worker 0 accepting task 66
132 Worker 0 accepting task 64
132 Worker 3 processing task 63 requiring operations [9, 3]
132 Worker 3 forwarding task 63
132 Worker 0 processing task 66 requiring operations [4, 7, 1]
132 Worker 0 performing operation 4 on task 66
133 Worker 1 accepting task 63
133 Worker 0 accepting task 66
133 Worker 3 processing task 65 requiring operations [8, 5, 3]
133 Worker 3 performing operation 5 on task 65
133 Worker 0 processing task 64 requiring operations [8, 4]
133 Worker 0 performing operation 4 on task 64
133 Worker 1 processing task 63 requiring operations [9, 3]
133 Worker 1 forwarding task 63
134 Generated task 67
134 Worker 1 accepting task 67
134 Worker 3 accepting task 65
134 Worker 0 accepting task 64
134 Worker 2 accepting task 63
134 Worker 3 processing task 62 requiring operations [6, 9]
134 Worker 3 forwarding task 62
134 Worker 0 processing task 66 requiring operations [7, 1]
134 Worker 0 forwarding task 66
134 Worker 1 processing task 67 requiring operations [9, 3, 8]
134 Worker 1 performing operation 8 on task 67
134 Worker 2 processing task 63 requiring operations [9, 3]
134 Worker 2 performing operation 3 on task 63
135 Worker 4 accepting task 62
135 Worker 3 accepting task 66
135 Worker 1 accepting task 67
135 Worker 2 accepting task 63
135 Worker 3 processing task 65 requiring operations [8, 3]
135 Worker 3 forwarding task 65
135 Worker 0 processing task 64 requiring operations [8]
135 Worker 0 forwarding task 64
135 Worker 1 processing task 67 requiring operations [9, 3]
135 Worker 1 forwarding task 67
135 Worker 2 processing task 63 requiring operations [9]
135 Worker 2 performing operation 9 on task 63
135 Worker 4 processing task 62 requiring operations [6, 9]
135 Worker 4 performing operation 6 on task 62
136 Generated task 68
136 Worker 3 accepting task 68
136 Worker 1 accepting task 65
136 Worker 3 accepting task 64
136 Worker 3 accepting task 67
136 Task 63 completed!
136 Worker 4 accepting task 62
136 Worker 3 processing task 66 requiring operations [7, 1]
136 Worker 3 performing operation 7 on task 66
136 Worker 1 processing task 65 requiring operations [8, 3]
136 Worker 1 performing operation 8 on task 65
136 Worker 4 processing task 62 requiring operations [9]
136 Worker 4 forwarding task 62
137 Worker 3 accepting task 66
137 Worker 1 accepting task 65
137 Worker 2 accepting task 62
137 Worker 3 processing task 68 requiring operations [6, 2, 8]
137 Worker 3 forwarding task 68
137 Worker 1 processing task 65 requiring operations [3]
137 Worker 1 forwarding task 65
137 Worker 2 processing task 62 requiring operations [9]
137 Worker 2 performing operation 9 on task 62
138 Generated task 69
138 Worker 0 accepting task 69
138 Worker 4 accepting task 68
138 Worker 4 accepting task 65
138 Task 62 completed!
138 Worker 3 processing task 64 requiring operations [8]
138 Worker 3 forwarding task 64
138 Worker 0 processing task 69 requiring operations [4, 9, 7]
138 Worker 0 performing operation 4 on task 69
138 Worker 4 processing task 68 requiring operations [6, 2, 8]
138 Worker 4 performing operation 6 on task 68
139 Worker 2 accepting task 64
139 Worker 0 accepting task 69
139 Worker 4 accepting task 68
139 Worker 3 processing task 67 requiring operations [9, 3]
139 Worker 3 forwarding task 67
139 Worker 0 processing task 69 requiring operations [9, 7]
139 Worker 0 forwarding task 69
139 Worker 4 processing task 65 requiring operations [3]
139 Worker 4 forwarding task 65
139 Worker 2 processing task 64 requiring operations [8]
139 Worker 2 performing operation 8 on task 64
140 Generated task 70
140 Worker 0 accepting task 70
140 Worker 0 accepting task 67
140 Worker 4 accepting task 69
140 Worker 1 accepting task 65
140 Task 64 completed!
140 Worker 3 processing task 66 requiring operations [1]
140 Worker 3 forwarding task 66
140 Worker 0 processing task 70 requiring operations [5, 6, 3]
140 Worker 0 forwarding task 70
140 Worker 4 processing task 68 requiring operations [2, 8]
140 Worker 4 performing operation 2 on task 68
140 Worker 1 processing task 65 requiring operations [3]
140 Worker 1 forwarding task 65
