Worker 0 can perform operations {8, 3, 6}
Worker 1 can perform operations {1, 2, 4, 7, 9}
Worker 2 can perform operations {5}
Worker 3 can perform operations {8, 9, 10, 1}
Worker 4 can perform operations {9}
Building network type full-connect
Worker 0 connecting to worker 1
Worker 0 connecting to worker 2
Worker 0 connecting to worker 3
Worker 0 connecting to worker 4
Worker 1 connecting to worker 0
Worker 1 connecting to worker 2
Worker 1 connecting to worker 3
Worker 1 connecting to worker 4
Worker 2 connecting to worker 0
Worker 2 connecting to worker 1
Worker 2 connecting to worker 3
Worker 2 connecting to worker 4
Worker 3 connecting to worker 0
Worker 3 connecting to worker 1
Worker 3 connecting to worker 2
Worker 3 connecting to worker 4
Worker 4 connecting to worker 0
Worker 4 connecting to worker 1
Worker 4 connecting to worker 2
Worker 4 connecting to worker 3
Entry nodes are [0, 1, 2, 3, 4]
0 Generated task 0
0 Worker 0 accepting task 0
0 Worker 0 processing task 0 requiring operations [6, 9, 8]
0 Worker 0 performing operation 8 on task 0
1 Worker 0 accepting task 0
1 Worker 0 processing task 0 requiring operations [6, 9]
1 Worker 0 performing operation 6 on task 0
2 Generated task 1
2 Worker 4 accepting task 1
2 Worker 0 accepting task 0
2 Worker 0 processing task 0 requiring operations [9]
2 Worker 0 forwarding task 0
2 Worker 4 processing task 1 requiring operations [8, 9, 2]
2 Worker 4 performing operation 9 on task 1
3 Worker 3 accepting task 0
3 Worker 4 accepting task 1
3 Worker 4 processing task 1 requiring operations [8, 2]
3 Worker 4 forwarding task 1
3 Worker 3 processing task 0 requiring operations [9]
3 Worker 3 performing operation 9 on task 0
4 Generated task 2
4 Worker 0 accepting task 2
4 Worker 0 accepting task 1
4 Task 0 completed!
4 Worker 0 processing task 2 requiring operations [3, 6, 1]
4 Worker 0 performing operation 6 on task 2
5 Worker 0 accepting task 2
5 Worker 0 processing task 1 requiring operations [8, 2]
5 Worker 0 performing operation 8 on task 1
6 Generated task 3
6 Worker 3 accepting task 3
6 Worker 0 accepting task 1
6 Worker 0 processing task 2 requiring operations [3, 1]
6 Worker 0 performing operation 3 on task 2
6 Worker 3 processing task 3 requiring operations [9, 10, 2]
6 Worker 3 performing operation 10 on task 3
7 Worker 0 accepting task 2
7 Worker 3 accepting task 3
7 Worker 0 processing task 1 requiring operations [2]
7 Worker 0 forwarding task 1
7 Worker 3 processing task 3 requiring operations [9, 2]
7 Worker 3 performing operation 9 on task 3
8 Generated task 4
8 Worker 4 accepting task 4
8 Worker 4 accepting task 1
8 Worker 3 accepting task 3
8 Worker 0 processing task 2 requiring operations [1]
8 Worker 0 forwarding task 2
8 Worker 3 processing task 3 requiring operations [2]
8 Worker 3 forwarding task 3
8 Worker 4 processing task 4 requiring operations [6, 9, 5]
8 Worker 4 performing operation 9 on task 4
9 Worker 1 accepting task 2
9 Worker 4 accepting task 3
9 Worker 4 accepting task 4
9 Worker 4 processing task 1 requiring operations [2]
9 Worker 4 forwarding task 1
9 Worker 1 processing task 2 requiring operations [1]
9 Worker 1 performing operation 1 on task 2
10 Generated task 5
10 Worker 1 accepting task 5
10 Worker 2 accepting task 1
10 Task 2 completed!
10 Worker 4 processing task 3 requiring operations [2]
10 Worker 4 forwarding task 3
10 Worker 1 processing task 5 requiring operations [4, 3, 1]
10 Worker 1 performing operation 1 on task 5
10 Worker 2 processing task 1 requiring operations [2]
10 Worker 2 forwarding task 1
11 Worker 1 accepting task 3
11 Worker 1 accepting task 5
11 Worker 3 accepting task 1
11 Worker 4 processing task 4 requiring operations [6, 5]
11 Worker 4 forwarding task 4
11 Worker 1 processing task 3 requiring operations [2]
11 Worker 1 performing operation 2 on task 3
11 Worker 3 processing task 1 requiring operations [2]
11 Worker 3 forwarding task 1
12 Generated task 6
12 Worker 1 accepting task 6
12 Worker 0 accepting task 4
12 Task 3 completed!
12 Worker 4 accepting task 1
12 Worker 1 processing task 5 requiring operations [4, 3]
12 Worker 1 performing operation 4 on task 5
12 Worker 0 processing task 4 requiring operations [6, 5]
12 Worker 0 performing operation 6 on task 4
12 Worker 4 processing task 1 requiring operations [2]
12 Worker 4 forwarding task 1
13 Worker 1 accepting task 5
13 Worker 0 accepting task 4
13 Worker 3 accepting task 1
13 Worker 1 processing task 6 requiring operations [5, 6, 2]
13 Worker 1 performing operation 2 on task 6
13 Worker 0 processing task 4 requiring operations [5]
13 Worker 0 forwarding task 4
13 Worker 3 processing task 1 requiring operations [2]
13 Worker 3 forwarding task 1
14 Generated task 7
14 Worker 4 accepting task 7
14 Worker 1 accepting task 6
14 Worker 1 accepting task 4
14 Worker 0 accepting task 1
14 Worker 1 processing task 5 requiring operations [3]
14 Worker 1 forwarding task 5
14 Worker 4 processing task 7 requiring operations [7, 9, 6]
14 Worker 4 performing operation 9 on task 7
14 Worker 0 processing task 1 requiring operations [2]
14 Worker 0 forwarding task 1
15 Worker 2 accepting task 5
15 Worker 4 accepting task 7
15 Worker 3 accepting task 1
15 Worker 1 processing task 6 requiring operations [5, 6]
15 Worker 1 forwarding task 6
15 Worker 4 processing task 7 requiring operations [7, 6]
15 Worker 4 forwarding task 7
15 Worker 2 processing task 5 requiring operations [3]
15 Worker 2 forwarding task 5
15 Worker 3 processing task 1 requiring operations [2]
15 Worker 3 forwarding task 1
16 Generated task 8
16 Worker 2 accepting task 8
16 Worker 4 accepting task 6
16 Worker 2 accepting task 7
16 Worker 4 accepting task 5
16 Worker 4 accepting task 1
16 Worker 1 processing task 4 requiring operations [5]
16 Worker 1 forwarding task 4
16 Worker 4 processing task 6 requiring operations [5, 6]
16 Worker 4 forwarding task 6
16 Worker 2 processing task 8 requiring operations [8, 2, 3]
16 Worker 2 forwarding task 8
17 Worker 4 accepting task 4
17 Worker 3 accepting task 6
17 Worker 4 accepting task 8
17 Worker 4 processing task 5 requiring operations [3]
17 Worker 4 forwarding task 5
17 Worker 2 processing task 7 requiring operations [7, 6]
17 Worker 2 forwarding task 7
17 Worker 3 processing task 6 requiring operations [5, 6]
17 Worker 3 forwarding task 6
18 Generated task 9
18 Worker 1 accepting task 9
18 Worker 0 accepting task 5
18 Worker 0 accepting task 7
18 Worker 0 accepting task 6
18 Worker 4 processing task 1 requiring operations [2]
18 Worker 4 forwarding task 1
18 Worker 1 processing task 9 requiring operations [10, 9, 1]
18 Worker 1 performing operation 1 on task 9
18 Worker 0 processing task 5 requiring operations [3]
18 Worker 0 performing operation 3 on task 5
19 Worker 2 accepting task 1
19 Worker 1 accepting task 9
19 Task 5 completed!
19 Worker 4 processing task 4 requiring operations [5]
19 Worker 4 forwarding task 4
19 Worker 1 processing task 9 requiring operations [10, 9]
19 Worker 1 performing operation 9 on task 9
19 Worker 0 processing task 7 requiring operations [7, 6]
19 Worker 0 performing operation 6 on task 7
19 Worker 2 processing task 1 requiring operations [2]
19 Worker 2 forwarding task 1
20 Generated task 10
20 Worker 2 accepting task 10
20 Worker 2 accepting task 4
20 Worker 1 accepting task 9
20 Worker 0 accepting task 7
20 Worker 1 accepting task 1
20 Worker 4 processing task 8 requiring operations [8, 2, 3]
20 Worker 4 forwarding task 8
20 Worker 1 processing task 9 requiring operations [10]
20 Worker 1 forwarding task 9
20 Worker 0 processing task 6 requiring operations [5, 6]
20 Worker 0 performing operation 6 on task 6
20 Worker 2 processing task 10 requiring operations [8, 6, 4]
20 Worker 2 forwarding task 10
21 Worker 1 accepting task 8
21 Worker 0 accepting task 9
21 Worker 0 accepting task 6
21 Worker 4 accepting task 10
21 Worker 1 processing task 1 requiring operations [2]
21 Worker 1 performing operation 2 on task 1
21 Worker 0 processing task 7 requiring operations [7]
21 Worker 0 forwarding task 7
21 Worker 2 processing task 4 requiring operations [5]
21 Worker 2 performing operation 5 on task 4
21 Worker 4 processing task 10 requiring operations [8, 6, 4]
21 Worker 4 forwarding task 10
22 Generated task 11
22 Worker 1 accepting task 11
22 Task 1 completed!
22 Worker 3 accepting task 7
22 Task 4 completed!
22 Worker 3 accepting task 10
22 Worker 1 processing task 8 requiring operations [8, 2, 3]
22 Worker 1 performing operation 2 on task 8
22 Worker 0 processing task 9 requiring operations [10]
22 Worker 0 forwarding task 9
22 Worker 3 processing task 7 requiring operations [7]
22 Worker 3 forwarding task 7
23 Worker 1 accepting task 8
23 Worker 2 accepting task 9
23 Worker 2 accepting task 7
23 Worker 1 processing task 11 requiring operations [3, 10, 7]
23 Worker 1 performing operation 7 on task 11
23 Worker 0 processing task 6 requiring operations [5]
23 Worker 0 forwarding task 6
23 Worker 3 processing task 10 requiring operations [8, 6, 4]
23 Worker 3 performing operation 8 on task 10
23 Worker 2 processing task 9 requiring operations [10]
23 Worker 2 forwarding task 9
24 Generated task 12
24 Worker 3 accepting task 12
24 Worker 1 accepting task 11
24 Worker 1 accepting task 6
24 Worker 3 accepting task 10
24 Worker 1 accepting task 9
24 Worker 1 processing task 8 requiring operations [8, 3]
24 Worker 1 forwarding task 8
24 Worker 3 processing task 12 requiring operations [6, 1, 2]
24 Worker 3 performing operation 1 on task 12
24 Worker 2 processing task 7 requiring operations [7]
24 Worker 2 forwarding task 7
25 Worker 2 accepting task 8
25 Worker 3 accepting task 12
25 Worker 3 accepting task 7
25 Worker 1 processing task 11 requiring operations [3, 10]
25 Worker 1 forwarding task 11
25 Worker 3 processing task 10 requiring operations [6, 4]
25 Worker 3 forwarding task 10
25 Worker 2 processing task 8 requiring operations [8, 3]
25 Worker 2 forwarding task 8
26 Generated task 13
26 Worker 1 accepting task 13
26 Worker 3 accepting task 11
26 Worker 1 accepting task 10
26 Worker 0 accepting task 8
26 Worker 1 processing task 6 requiring operations [5]
26 Worker 1 forwarding task 6
26 Worker 3 processing task 12 requiring operations [6, 2]
26 Worker 3 forwarding task 12
26 Worker 0 processing task 8 requiring operations [8, 3]
26 Worker 0 performing operation 8 on task 8
27 Worker 3 accepting task 6
27 Worker 4 accepting task 12
27 Worker 0 accepting task 8
27 Worker 1 processing task 9 requiring operations [10]
27 Worker 1 forwarding task 9
27 Worker 3 processing task 7 requiring operations [7]
27 Worker 3 forwarding task 7
27 Worker 0 processing task 8 requiring operations [3]
27 Worker 0 performing operation 3 on task 8
27 Worker 4 processing task 12 requiring operations [6, 2]
27 Worker 4 forwarding task 12
28 Generated task 14
28 Worker 2 accepting task 14
28 Worker 4 accepting task 9
28 Worker 2 accepting task 7
28 Task 8 completed!
28 Worker 2 accepting task 12
28 Worker 1 processing task 13 requiring operations [10, 9, 7]
28 Worker 1 performing operation 9 on task 13
28 Worker 3 processing task 11 requiring operations [3, 10]
28 Worker 3 performing operation 10 on task 11
28 Worker 4 processing task 9 requiring operations [10]
28 Worker 4 forwarding task 9
28 Worker 2 processing task 14 requiring operations [6, 10, 1]
28 Worker 2 forwarding task 14
29 Worker 1 accepting task 13
29 Worker 3 accepting task 11
29 Worker 3 accepting task 9
29 Worker 4 accepting task 14
29 Worker 1 processing task 10 requiring operations [6, 4]
29 Worker 1 performing operation 4 on task 10
29 Worker 3 processing task 6 requiring operations [5]
29 Worker 3 forwarding task 6
29 Worker 2 processing task 7 requiring operations [7]
29 Worker 2 forwarding task 7
29 Worker 4 processing task 14 requiring operations [6, 10, 1]
29 Worker 4 forwarding task 14
30 Generated task 15
30 Worker 2 accepting task 15
30 Worker 1 accepting task 10
30 Worker 1 accepting task 6
30 Worker 1 accepting task 7
30 Worker 1 accepting task 14
30 Worker 1 processing task 13 requiring operations [10, 7]
30 Worker 1 performing operation 7 on task 13
30 Worker 3 processing task 11 requiring operations [3]
30 Worker 3 forwarding task 11
30 Worker 2 processing task 12 requiring operations [6, 2]
30 Worker 2 forwarding task 12
31 Worker 1 accepting task 13
31 Worker 0 accepting task 11
31 Worker 4 accepting task 12
31 Worker 1 processing task 10 requiring operations [6]
31 Worker 1 forwarding task 10
31 Worker 3 processing task 9 requiring operations [10]
31 Worker 3 performing operation 10 on task 9
31 Worker 2 processing task 15 requiring operations [6, 9, 1]
31 Worker 2 forwarding task 15
31 Worker 0 processing task 11 requiring operations [3]
31 Worker 0 performing operation 3 on task 11
31 Worker 4 processing task 12 requiring operations [6, 2]
31 Worker 4 forwarding task 12
32 Generated task 16
32 Worker 0 accepting task 16
32 Worker 2 accepting task 10
32 Task 9 completed!
32 Worker 0 accepting task 15
32 Task 11 completed!
32 Worker 1 accepting task 12
32 Worker 1 processing task 6 requiring operations [5]
32 Worker 1 forwarding task 6
32 Worker 2 processing task 10 requiring operations [6]
32 Worker 2 forwarding task 10
32 Worker 0 processing task 16 requiring operations [1, 3, 2]
32 Worker 0 performing operation 3 on task 16
33 Worker 4 accepting task 6
33 Worker 1 accepting task 10
33 Worker 0 accepting task 16
33 Worker 1 processing task 7 requiring operations [7]
33 Worker 1 performing operation 7 on task 7
33 Worker 0 processing task 15 requiring operations [6, 9, 1]
33 Worker 0 performing operation 6 on task 15
33 Worker 4 processing task 6 requiring operations [5]
33 Worker 4 forwarding task 6
34 Generated task 17
34 Worker 4 accepting task 17
34 Task 7 completed!
34 Worker 0 accepting task 15
34 Worker 0 accepting task 6
34 Worker 1 processing task 14 requiring operations [6, 10, 1]
34 Worker 1 performing operation 1 on task 14
34 Worker 0 processing task 16 requiring operations [1, 2]
34 Worker 0 forwarding task 16
34 Worker 4 processing task 17 requiring operations [1, 3, 10]
34 Worker 4 forwarding task 17
35 Worker 1 accepting task 14
35 Worker 4 accepting task 16
35 Worker 0 accepting task 17
35 Worker 1 processing task 13 requiring operations [10]
35 Worker 1 forwarding task 13
35 Worker 0 processing task 15 requiring operations [9, 1]
35 Worker 0 forwarding task 15
35 Worker 4 processing task 16 requiring operations [1, 2]
35 Worker 4 forwarding task 16
36 Generated task 18
36 Worker 1 accepting task 18
36 Worker 3 accepting task 13
36 Worker 4 accepting task 15
36 Worker 0 accepting task 16
36 Worker 1 processing task 12 requiring operations [6, 2]
36 Worker 1 performing operation 2 on task 12
36 Worker 0 processing task 6 requiring operations [5]
36 Worker 0 forwarding task 6
36 Worker 4 processing task 15 requiring operations [9, 1]
36 Worker 4 performing operation 9 on task 15
36 Worker 3 processing task 13 requiring operations [10]
36 Worker 3 performing operation 10 on task 13
37 Worker 1 accepting task 12
37 Worker 2 accepting task 6
37 Worker 4 accepting task 15
37 Task 13 completed!
37 Worker 1 processing task 10 requiring operations [6]
37 Worker 1 forwarding task 10
37 Worker 0 processing task 17 requiring operations [1, 3, 10]
37 Worker 0 performing operation 3 on task 17
37 Worker 4 processing task 15 requiring operations [1]
37 Worker 4 forwarding task 15
37 Worker 2 processing task 6 requiring operations [5]
37 Worker 2 performing operation 5 on task 6
38 Generated task 19
38 Worker 1 accepting task 19
38 Worker 4 accepting task 10
38 Worker 0 accepting task 17
38 Worker 2 accepting task 15
38 Task 6 completed!
38 Worker 1 processing task 14 requiring operations [6, 10]
38 Worker 1 forwarding task 14
38 Worker 0 processing task 16 requiring operations [1, 2]
38 Worker 0 forwarding task 16
38 Worker 4 processing task 10 requiring operations [6]
38 Worker 4 forwarding task 10
38 Worker 2 processing task 15 requiring operations [1]
38 Worker 2 forwarding task 15
39 Worker 3 accepting task 14
39 Worker 2 accepting task 16
39 Worker 1 accepting task 10
39 Worker 4 accepting task 15
39 Worker 1 processing task 18 requiring operations [3, 10, 8]
39 Worker 1 forwarding task 18
39 Worker 0 processing task 17 requiring operations [1, 10]
39 Worker 0 forwarding task 17
39 Worker 2 processing task 16 requiring operations [1, 2]
39 Worker 2 forwarding task 16
39 Worker 3 processing task 14 requiring operations [6, 10]
39 Worker 3 performing operation 10 on task 14
39 Worker 4 processing task 15 requiring operations [1]
39 Worker 4 forwarding task 15
40 Generated task 20
40 Worker 4 accepting task 20
40 Worker 2 accepting task 18
40 Worker 3 accepting task 17
40 Worker 3 accepting task 16
40 Worker 3 accepting task 14
40 Worker 3 accepting task 15
40 Worker 1 processing task 12 requiring operations [6]
40 Worker 1 forwarding task 12
40 Worker 2 processing task 18 requiring operations [3, 10, 8]
40 Worker 2 forwarding task 18
40 Worker 3 processing task 17 requiring operations [1, 10]
40 Worker 3 performing operation 10 on task 17
40 Worker 4 processing task 20 requiring operations [10, 3, 9]
40 Worker 4 performing operation 9 on task 20
41 Worker 3 accepting task 12
41 Worker 1 accepting task 18
41 Worker 3 accepting task 17
41 Worker 4 accepting task 20
41 Worker 1 processing task 19 requiring operations [7, 6, 3]
41 Worker 1 performing operation 7 on task 19
41 Worker 3 processing task 16 requiring operations [1, 2]
41 Worker 3 performing operation 1 on task 16
41 Worker 4 processing task 20 requiring operations [10, 3]
41 Worker 4 forwarding task 20
42 Generated task 21
42 Worker 1 accepting task 21
42 Worker 1 accepting task 19
42 Worker 3 accepting task 16
42 Worker 2 accepting task 20
42 Worker 1 processing task 10 requiring operations [6]
42 Worker 1 forwarding task 10
42 Worker 3 processing task 14 requiring operations [6]
42 Worker 3 forwarding task 14
42 Worker 2 processing task 20 requiring operations [10, 3]
42 Worker 2 forwarding task 20
43 Worker 3 accepting task 10
43 Worker 2 accepting task 14
43 Worker 3 accepting task 20
43 Worker 1 processing task 18 requiring operations [3, 10, 8]
43 Worker 1 forwarding task 18
43 Worker 3 processing task 15 requiring operations [1]
43 Worker 3 performing operation 1 on task 15
43 Worker 2 processing task 14 requiring operations [6]
43 Worker 2 forwarding task 14
44 Generated task 22
44 Worker 3 accepting task 22
44 Worker 3 accepting task 18
44 Task 15 completed!
44 Worker 0 accepting task 14
44 Worker 1 processing task 21 requiring operations [10, 2, 3]
44 Worker 1 performing operation 2 on task 21
44 Worker 3 processing task 12 requiring operations [6]
44 Worker 3 forwarding task 12
44 Worker 0 processing task 14 requiring operations [6]
44 Worker 0 performing operation 6 on task 14
45 Worker 1 accepting task 21
45 Worker 0 accepting task 12
45 Task 14 completed!
45 Worker 1 processing task 19 requiring operations [6, 3]
45 Worker 1 forwarding task 19
45 Worker 3 processing task 17 requiring operations [1]
45 Worker 3 performing operation 1 on task 17
45 Worker 0 processing task 12 requiring operations [6]
45 Worker 0 performing operation 6 on task 12
46 Generated task 23
46 Worker 1 accepting task 23
46 Worker 2 accepting task 19
46 Task 17 completed!
46 Task 12 completed!
46 Worker 1 processing task 21 requiring operations [10, 3]
46 Worker 1 forwarding task 21
46 Worker 3 processing task 16 requiring operations [2]
46 Worker 3 forwarding task 16
46 Worker 2 processing task 19 requiring operations [6, 3]
46 Worker 2 forwarding task 19
47 Worker 4 accepting task 21
47 Worker 2 accepting task 16
47 Worker 4 accepting task 19
47 Worker 1 processing task 23 requiring operations [4, 1, 8]
47 Worker 1 performing operation 1 on task 23
47 Worker 3 processing task 10 requiring operations [6]
47 Worker 3 forwarding task 10
47 Worker 2 processing task 16 requiring operations [2]
47 Worker 2 forwarding task 16
47 Worker 4 processing task 21 requiring operations [10, 3]
47 Worker 4 forwarding task 21
48 Generated task 24
48 Worker 3 accepting task 24
48 Worker 1 accepting task 23
48 Worker 1 accepting task 10
48 Worker 3 accepting task 16
48 Worker 3 accepting task 21
48 Worker 1 processing task 23 requiring operations [4, 8]
48 Worker 1 performing operation 4 on task 23
48 Worker 3 processing task 20 requiring operations [10, 3]
48 Worker 3 performing operation 10 on task 20
48 Worker 4 processing task 19 requiring operations [6, 3]
48 Worker 4 forwarding task 19
49 Worker 1 accepting task 23
49 Worker 3 accepting task 20
49 Worker 2 accepting task 19
49 Worker 1 processing task 10 requiring operations [6]
49 Worker 1 forwarding task 10
49 Worker 3 processing task 22 requiring operations [1, 10, 7]
49 Worker 3 performing operation 1 on task 22
49 Worker 2 processing task 19 requiring operations [6, 3]
49 Worker 2 forwarding task 19
50 Generated task 25
50 Worker 2 accepting task 25
50 Worker 2 accepting task 10
50 Worker 3 accepting task 22
50 Worker 3 accepting task 19
50 Worker 1 processing task 23 requiring operations [8]
50 Worker 1 forwarding task 23
50 Worker 3 processing task 18 requiring operations [3, 10, 8]
50 Worker 3 performing operation 8 on task 18
50 Worker 2 processing task 25 requiring operations [10, 3, 8]
50 Worker 2 forwarding task 25
51 Worker 0 accepting task 23
51 Worker 3 accepting task 18
51 Worker 0 accepting task 25
51 Worker 3 processing task 24 requiring operations [4, 2, 10]
51 Worker 3 performing operation 10 on task 24
51 Worker 2 processing task 10 requiring operations [6]
51 Worker 2 forwarding task 10
51 Worker 0 processing task 23 requiring operations [8]
51 Worker 0 performing operation 8 on task 23
52 Generated task 26
52 Worker 0 accepting task 26
52 Worker 3 accepting task 24
52 Worker 4 accepting task 10
52 Task 23 completed!
52 Worker 3 processing task 16 requiring operations [2]
52 Worker 3 forwarding task 16
52 Worker 0 processing task 25 requiring operations [10, 3, 8]
52 Worker 0 performing operation 8 on task 25
52 Worker 4 processing task 10 requiring operations [6]
52 Worker 4 forwarding task 10
53 Worker 4 accepting task 16
53 Worker 0 accepting task 25
53 Worker 1 accepting task 10
53 Worker 3 processing task 21 requiring operations [10, 3]
53 Worker 3 performing operation 10 on task 21
53 Worker 0 processing task 26 requiring operations [2, 1, 5]
53 Worker 0 forwarding task 26
53 Worker 4 processing task 16 requiring operations [2]
53 Worker 4 forwarding task 16
53 Worker 1 processing task 10 requiring operations [6]
53 Worker 1 forwarding task 10
54 Generated task 27
54 Worker 3 accepting task 27
54 Worker 3 accepting task 21
54 Worker 4 accepting task 26
54 Worker 2 accepting task 16
54 Worker 4 accepting task 10
54 Worker 3 processing task 20 requiring operations [3]
54 Worker 3 forwarding task 20
54 Worker 0 processing task 25 requiring operations [10, 3]
54 Worker 0 performing operation 3 on task 25
54 Worker 4 processing task 26 requiring operations [2, 1, 5]
54 Worker 4 forwarding task 26
54 Worker 2 processing task 16 requiring operations [2]
54 Worker 2 forwarding task 16
55 Worker 2 accepting task 20
55 Worker 0 accepting task 25
55 Worker 1 accepting task 26
55 Worker 3 accepting task 16
55 Worker 3 processing task 22 requiring operations [10, 7]
55 Worker 3 performing operation 10 on task 22
55 Worker 0 processing task 25 requiring operations [10]
55 Worker 0 forwarding task 25
55 Worker 4 processing task 10 requiring operations [6]
55 Worker 4 forwarding task 10
55 Worker 2 processing task 20 requiring operations [3]
55 Worker 2 forwarding task 20
55 Worker 1 processing task 26 requiring operations [2, 1, 5]
55 Worker 1 performing operation 2 on task 26
56 Generated task 28
56 Worker 1 accepting task 28
56 Worker 3 accepting task 22
56 Worker 4 accepting task 25
56 Worker 1 accepting task 10
56 Worker 4 accepting task 20
56 Worker 1 accepting task 26
56 Worker 3 processing task 19 requiring operations [6, 3]
56 Worker 3 forwarding task 19
56 Worker 4 processing task 25 requiring operations [10]
56 Worker 4 forwarding task 25
56 Worker 1 processing task 28 requiring operations [1, 8, 4]
56 Worker 1 performing operation 4 on task 28
57 Worker 1 accepting task 19
57 Worker 3 accepting task 25
57 Worker 1 accepting task 28
57 Worker 3 processing task 18 requiring operations [3, 10]
57 Worker 3 performing operation 10 on task 18
57 Worker 4 processing task 20 requiring operations [3]
57 Worker 4 forwarding task 20
57 Worker 1 processing task 10 requiring operations [6]
57 Worker 1 forwarding task 10
58 Generated task 29
58 Worker 0 accepting task 29
58 Worker 3 accepting task 18
58 Worker 3 accepting task 20
58 Worker 4 accepting task 10
58 Worker 3 processing task 24 requiring operations [4, 2]
58 Worker 3 forwarding task 24
58 Worker 1 processing task 26 requiring operations [1, 5]
58 Worker 1 performing operation 1 on task 26
58 Worker 0 processing task 29 requiring operations [2, 6, 10]
58 Worker 0 performing operation 6 on task 29
58 Worker 4 processing task 10 requiring operations [6]
58 Worker 4 forwarding task 10
59 Worker 1 accepting task 24
59 Worker 1 accepting task 26
59 Worker 0 accepting task 29
59 Worker 3 accepting task 10
59 Worker 3 processing task 27 requiring operations [2, 9, 6]
59 Worker 3 performing operation 9 on task 27
59 Worker 1 processing task 19 requiring operations [6, 3]
59 Worker 1 forwarding task 19
59 Worker 0 processing task 29 requiring operations [2, 10]
59 Worker 0 forwarding task 29
60 Generated task 30
60 Worker 4 accepting task 30
60 Worker 3 accepting task 27
60 Worker 2 accepting task 19
60 Worker 2 accepting task 29
60 Worker 3 processing task 21 requiring operations [3]
60 Worker 3 forwarding task 21
60 Worker 1 processing task 28 requiring operations [1, 8]
60 Worker 1 performing operation 1 on task 28
60 Worker 4 processing task 30 requiring operations [5, 4, 9]
60 Worker 4 performing operation 9 on task 30
60 Worker 2 processing task 19 requiring operations [6, 3]
60 Worker 2 forwarding task 19
61 Worker 4 accepting task 21
61 Worker 1 accepting task 28
61 Worker 4 accepting task 30
61 Worker 1 accepting task 19
61 Worker 3 processing task 16 requiring operations [2]
61 Worker 3 forwarding task 16
61 Worker 1 processing task 24 requiring operations [4, 2]
61 Worker 1 performing operation 2 on task 24
61 Worker 4 processing task 21 requiring operations [3]
61 Worker 4 forwarding task 21
61 Worker 2 processing task 29 requiring operations [2, 10]
61 Worker 2 forwarding task 29
62 Generated task 31
62 Worker 4 accepting task 31
62 Worker 2 accepting task 16
62 Worker 1 accepting task 24
62 Worker 3 accepting task 21
62 Worker 1 accepting task 29
62 Worker 3 processing task 22 requiring operations [7]
62 Worker 3 forwarding task 22
62 Worker 1 processing task 26 requiring operations [5]
62 Worker 1 forwarding task 26
62 Worker 4 processing task 30 requiring operations [5, 4]
62 Worker 4 forwarding task 30
62 Worker 2 processing task 16 requiring operations [2]
62 Worker 2 forwarding task 16
63 Worker 2 accepting task 22
63 Worker 0 accepting task 26
63 Worker 1 accepting task 30
63 Worker 3 accepting task 16
63 Worker 3 processing task 25 requiring operations [10]
63 Worker 3 performing operation 10 on task 25
63 Worker 1 processing task 28 requiring operations [8]
63 Worker 1 forwarding task 28
63 Worker 4 processing task 31 requiring operations [8, 6, 1]
63 Worker 4 forwarding task 31
63 Worker 2 processing task 22 requiring operations [7]
63 Worker 2 forwarding task 22
63 Worker 0 processing task 26 requiring operations [5]
63 Worker 0 forwarding task 26
64 Generated task 32
64 Worker 0 accepting task 32
64 Task 25 completed!
64 Worker 3 accepting task 28
64 Worker 1 accepting task 31
64 Worker 3 accepting task 22
64 Worker 4 accepting task 26
64 Worker 3 processing task 18 requiring operations [3]
64 Worker 3 forwarding task 18
64 Worker 1 processing task 19 requiring operations [6, 3]
64 Worker 1 forwarding task 19
64 Worker 0 processing task 32 requiring operations [6, 8, 9]
64 Worker 0 performing operation 8 on task 32
64 Worker 4 processing task 26 requiring operations [5]
64 Worker 4 forwarding task 26
65 Worker 0 accepting task 18
65 Worker 2 accepting task 19
65 Worker 0 accepting task 32
65 Worker 0 accepting task 26
65 Worker 3 processing task 20 requiring operations [3]
65 Worker 3 forwarding task 20
65 Worker 1 processing task 24 requiring operations [4]
65 Worker 1 performing operation 4 on task 24
65 Worker 0 processing task 18 requiring operations [3]
65 Worker 0 performing operation 3 on task 18
65 Worker 2 processing task 19 requiring operations [6, 3]
65 Worker 2 forwarding task 19
66 Generated task 33
66 Worker 0 accepting task 33
66 Worker 4 accepting task 20
66 Task 24 completed!
66 Task 18 completed!
66 Worker 4 accepting task 19
66 Worker 3 processing task 10 requiring operations [6]
66 Worker 3 forwarding task 10
66 Worker 1 processing task 29 requiring operations [2, 10]
66 Worker 1 performing operation 2 on task 29
66 Worker 0 processing task 32 requiring operations [6, 9]
66 Worker 0 performing operation 6 on task 32
66 Worker 4 processing task 20 requiring operations [3]
66 Worker 4 forwarding task 20
67 Worker 0 accepting task 10
67 Worker 1 accepting task 29
67 Worker 0 accepting task 32
67 Worker 0 accepting task 20
67 Worker 3 processing task 27 requiring operations [2, 6]
67 Worker 3 forwarding task 27
67 Worker 1 processing task 30 requiring operations [5, 4]
67 Worker 1 performing operation 4 on task 30
67 Worker 0 processing task 26 requiring operations [5]
67 Worker 0 forwarding task 26
67 Worker 4 processing task 19 requiring operations [6, 3]
67 Worker 4 forwarding task 19
68 Generated task 34
68 Worker 3 accepting task 34
68 Worker 0 accepting task 27
68 Worker 1 accepting task 30
68 Worker 1 accepting task 26
68 Worker 2 accepting task 19
68 Worker 3 processing task 21 requiring operations [3]
68 Worker 3 forwarding task 21
68 Worker 1 processing task 31 requiring operations [8, 6, 1]
68 Worker 1 performing operation 1 on task 31
68 Worker 0 processing task 33 requiring operations [8, 2, 4]
68 Worker 0 performing operation 8 on task 33
68 Worker 2 processing task 19 requiring operations [6, 3]
68 Worker 2 forwarding task 19
69 Worker 1 accepting task 21
69 Worker 1 accepting task 31
69 Worker 0 accepting task 33
69 Worker 1 accepting task 19
69 Worker 3 processing task 16 requiring operations [2]
69 Worker 3 forwarding task 16
69 Worker 1 processing task 29 requiring operations [10]
69 Worker 1 forwarding task 29
69 Worker 0 processing task 10 requiring operations [6]
69 Worker 0 performing operation 6 on task 10
70 Generated task 35
70 Worker 1 accepting task 35
70 Worker 1 accepting task 16
70 Worker 2 accepting task 29
70 Task 10 completed!
70 Worker 3 processing task 28 requiring operations [8]
70 Worker 3 performing operation 8 on task 28
70 Worker 1 processing task 30 requiring operations [5]
70 Worker 1 forwarding task 30
70 Worker 0 processing task 32 requiring operations [9]
70 Worker 0 forwarding task 32
70 Worker 2 processing task 29 requiring operations [10]
70 Worker 2 forwarding task 29
71 Task 28 completed!
71 Worker 0 accepting task 30
71 Worker 4 accepting task 32
71 Worker 4 accepting task 29
71 Worker 3 processing task 22 requiring operations [7]
71 Worker 3 forwarding task 22
71 Worker 1 processing task 26 requiring operations [5]
71 Worker 1 forwarding task 26
71 Worker 0 processing task 20 requiring operations [3]
71 Worker 0 performing operation 3 on task 20
71 Worker 4 processing task 32 requiring operations [9]
71 Worker 4 performing operation 9 on task 32
72 Generated task 36
72 Worker 3 accepting task 36
72 Worker 1 accepting task 22
72 Worker 3 accepting task 26
72 Task 20 completed!
72 Task 32 completed!
72 Worker 3 processing task 34 requiring operations [1, 6, 2]
72 Worker 3 performing operation 1 on task 34
72 Worker 1 processing task 21 requiring operations [3]
72 Worker 1 forwarding task 21
72 Worker 0 processing task 27 requiring operations [2, 6]
72 Worker 0 performing operation 6 on task 27
72 Worker 4 processing task 29 requiring operations [10]
72 Worker 4 forwarding task 29
73 Worker 3 accepting task 34
73 Worker 3 accepting task 21
73 Worker 0 accepting task 27
73 Worker 2 accepting task 29
73 Worker 3 processing task 36 requiring operations [1, 4, 5]
73 Worker 3 performing operation 1 on task 36
73 Worker 1 processing task 31 requiring operations [8, 6]
73 Worker 1 forwarding task 31
73 Worker 0 processing task 33 requiring operations [2, 4]
73 Worker 0 forwarding task 33
73 Worker 2 processing task 29 requiring operations [10]
73 Worker 2 forwarding task 29
74 Generated task 37
74 Worker 2 accepting task 37
74 Worker 3 accepting task 36
74 Worker 2 accepting task 31
74 Worker 3 accepting task 33
74 Worker 3 accepting task 29
74 Worker 3 processing task 26 requiring operations [5]
74 Worker 3 forwarding task 26
74 Worker 1 processing task 19 requiring operations [6, 3]
74 Worker 1 forwarding task 19
74 Worker 0 processing task 30 requiring operations [5]
74 Worker 0 forwarding task 30
74 Worker 2 processing task 37 requiring operations [10, 5, 3]
74 Worker 2 performing operation 5 on task 37
75 Worker 4 accepting task 26
75 Worker 0 accepting task 19
75 Worker 2 accepting task 30
75 Worker 2 accepting task 37
75 Worker 3 processing task 34 requiring operations [6, 2]
75 Worker 3 forwarding task 34
75 Worker 1 processing task 35 requiring operations [5, 2, 3]
75 Worker 1 performing operation 2 on task 35
75 Worker 0 processing task 27 requiring operations [2]
75 Worker 0 forwarding task 27
75 Worker 2 processing task 31 requiring operations [8, 6]
75 Worker 2 forwarding task 31
75 Worker 4 processing task 26 requiring operations [5]
75 Worker 4 forwarding task 26
76 Generated task 38
76 Worker 2 accepting task 38
76 Worker 4 accepting task 34
76 Worker 1 accepting task 35
76 Worker 4 accepting task 27
76 Worker 3 accepting task 31
76 Worker 2 accepting task 26
76 Worker 3 processing task 21 requiring operations [3]
76 Worker 3 forwarding task 21
76 Worker 1 processing task 16 requiring operations [2]
76 Worker 1 performing operation 2 on task 16
76 Worker 0 processing task 19 requiring operations [6, 3]
76 Worker 0 performing operation 3 on task 19
76 Worker 2 processing task 30 requiring operations [5]
76 Worker 2 performing operation 5 on task 30
76 Worker 4 processing task 34 requiring operations [6, 2]
76 Worker 4 forwarding task 34
77 Worker 1 accepting task 21
77 Task 16 completed!
77 Worker 0 accepting task 19
77 Task 30 completed!
77 Worker 1 accepting task 34
77 Worker 3 processing task 36 requiring operations [4, 5]
77 Worker 3 forwarding task 36
77 Worker 1 processing task 22 requiring operations [7]
77 Worker 1 performing operation 7 on task 22
77 Worker 0 processing task 19 requiring operations [6]
77 Worker 0 performing operation 6 on task 19
77 Worker 2 processing task 37 requiring operations [10, 3]
77 Worker 2 forwarding task 37
77 Worker 4 processing task 27 requiring operations [2]
77 Worker 4 forwarding task 27
78 Generated task 39
78 Worker 1 accepting task 39
78 Worker 4 accepting task 36
78 Task 22 completed!
78 Task 19 completed!
78 Worker 4 accepting task 37
78 Worker 3 accepting task 27
78 Worker 3 processing task 33 requiring operations [2, 4]
78 Worker 3 forwarding task 33
78 Worker 1 processing task 35 requiring operations [5, 3]
78 Worker 1 forwarding task 35
78 Worker 2 processing task 38 requiring operations [1, 7, 5]
78 Worker 2 performing operation 5 on task 38
78 Worker 4 processing task 36 requiring operations [4, 5]
78 Worker 4 forwarding task 36
79 Worker 4 accepting task 33
79 Worker 2 accepting task 35
79 Worker 2 accepting task 38
79 Worker 1 accepting task 36
79 Worker 3 processing task 29 requiring operations [10]
79 Worker 3 performing operation 10 on task 29
79 Worker 1 processing task 21 requiring operations [3]
79 Worker 1 forwarding task 21
79 Worker 2 processing task 26 requiring operations [5]
79 Worker 2 performing operation 5 on task 26
79 Worker 4 processing task 37 requiring operations [10, 3]
79 Worker 4 forwarding task 37
80 Generated task 40
80 Worker 1 accepting task 40
80 Task 29 completed!
80 Worker 3 accepting task 21
80 Task 26 completed!
80 Worker 3 accepting task 37
80 Worker 3 processing task 31 requiring operations [8, 6]
80 Worker 3 performing operation 8 on task 31
80 Worker 1 processing task 34 requiring operations [6, 2]
80 Worker 1 performing operation 2 on task 34
80 Worker 2 processing task 35 requiring operations [5, 3]
80 Worker 2 performing operation 5 on task 35
80 Worker 4 processing task 33 requiring operations [2, 4]
80 Worker 4 forwarding task 33
81 Worker 3 accepting task 31
81 Worker 1 accepting task 34
81 Worker 2 accepting task 35
81 Worker 2 accepting task 33
81 Worker 3 processing task 27 requiring operations [2]
81 Worker 3 forwarding task 27
81 Worker 1 processing task 39 requiring operations [6, 10, 7]
81 Worker 1 performing operation 7 on task 39
81 Worker 2 processing task 38 requiring operations [1, 7]
81 Worker 2 forwarding task 38
82 Generated task 41
82 Worker 1 accepting task 41
82 Worker 4 accepting task 27
82 Worker 1 accepting task 39
82 Worker 1 accepting task 38
82 Worker 3 processing task 21 requiring operations [3]
82 Worker 3 forwarding task 21
82 Worker 1 processing task 36 requiring operations [4, 5]
82 Worker 1 performing operation 4 on task 36
82 Worker 2 processing task 35 requiring operations [3]
82 Worker 2 forwarding task 35
82 Worker 4 processing task 27 requiring operations [2]
82 Worker 4 forwarding task 27
83 Worker 1 accepting task 21
83 Worker 1 accepting task 36
83 Worker 0 accepting task 35
83 Worker 0 accepting task 27
83 Worker 3 processing task 37 requiring operations [10, 3]
83 Worker 3 performing operation 10 on task 37
83 Worker 1 processing task 40 requiring operations [7, 4, 8]
83 Worker 1 performing operation 4 on task 40
83 Worker 2 processing task 33 requiring operations [2, 4]
83 Worker 2 forwarding task 33
83 Worker 0 processing task 35 requiring operations [3]
83 Worker 0 performing operation 3 on task 35
84 Generated task 42
84 Worker 2 accepting task 42
84 Worker 3 accepting task 37
84 Worker 1 accepting task 40
84 Worker 1 accepting task 33
84 Task 35 completed!
84 Worker 3 processing task 31 requiring operations [6]
84 Worker 3 forwarding task 31
84 Worker 1 processing task 34 requiring operations [6]
84 Worker 1 forwarding task 34
84 Worker 2 processing task 42 requiring operations [6, 3, 4]
84 Worker 2 forwarding task 42
84 Worker 0 processing task 27 requiring operations [2]
84 Worker 0 forwarding task 27
85 Worker 0 accepting task 31
85 Worker 2 accepting task 34
85 Worker 3 accepting task 42
85 Worker 2 accepting task 27
85 Worker 3 processing task 37 requiring operations [3]
85 Worker 3 forwarding task 37
85 Worker 1 processing task 41 requiring operations [3, 10, 4]
85 Worker 1 performing operation 4 on task 41
85 Worker 2 processing task 34 requiring operations [6]
85 Worker 2 forwarding task 34
85 Worker 0 processing task 31 requiring operations [6]
85 Worker 0 performing operation 6 on task 31
86 Generated task 43
86 Worker 1 accepting task 43
86 Worker 0 accepting task 37
86 Worker 1 accepting task 41
86 Worker 3 accepting task 34
86 Task 31 completed!
86 Worker 3 processing task 42 requiring operations [6, 3, 4]
86 Worker 3 forwarding task 42
86 Worker 1 processing task 39 requiring operations [6, 10]
86 Worker 1 forwarding task 39
86 Worker 2 processing task 27 requiring operations [2]
86 Worker 2 forwarding task 27
86 Worker 0 processing task 37 requiring operations [3]
86 Worker 0 performing operation 3 on task 37
87 Worker 1 accepting task 42
87 Worker 0 accepting task 39
87 Worker 4 accepting task 27
87 Task 37 completed!
87 Worker 3 processing task 34 requiring operations [6]
87 Worker 3 forwarding task 34
87 Worker 1 processing task 38 requiring operations [1, 7]
87 Worker 1 performing operation 7 on task 38
87 Worker 0 processing task 39 requiring operations [6, 10]
87 Worker 0 performing operation 6 on task 39
87 Worker 4 processing task 27 requiring operations [2]
87 Worker 4 forwarding task 27
88 Generated task 44
88 Worker 3 accepting task 44
88 Worker 1 accepting task 34
88 Worker 1 accepting task 38
88 Worker 0 accepting task 39
88 Worker 3 accepting task 27
88 Worker 3 processing task 44 requiring operations [2, 5, 4]
88 Worker 3 forwarding task 44
88 Worker 1 processing task 21 requiring operations [3]
88 Worker 1 forwarding task 21
88 Worker 0 processing task 39 requiring operations [10]
88 Worker 0 forwarding task 39
89 Worker 2 accepting task 44
89 Worker 2 accepting task 21
89 Worker 2 accepting task 39
89 Worker 3 processing task 27 requiring operations [2]
89 Worker 3 forwarding task 27
89 Worker 1 processing task 36 requiring operations [5]
89 Worker 1 forwarding task 36
89 Worker 2 processing task 44 requiring operations [2, 5, 4]
89 Worker 2 performing operation 5 on task 44
90 Generated task 45
90 Worker 1 accepting task 45
90 Worker 1 accepting task 27
90 Worker 0 accepting task 36
90 Worker 2 accepting task 44
90 Worker 1 processing task 40 requiring operations [7, 8]
90 Worker 1 performing operation 7 on task 40
90 Worker 2 processing task 21 requiring operations [3]
90 Worker 2 forwarding task 21
90 Worker 0 processing task 36 requiring operations [5]
90 Worker 0 forwarding task 36
91 Worker 1 accepting task 40
91 Worker 0 accepting task 21
91 Worker 2 accepting task 36
91 Worker 1 processing task 33 requiring operations [2, 4]
91 Worker 1 performing operation 2 on task 33
91 Worker 2 processing task 39 requiring operations [10]
91 Worker 2 forwarding task 39
91 Worker 0 processing task 21 requiring operations [3]
91 Worker 0 performing operation 3 on task 21
92 Generated task 46
92 Worker 1 accepting task 46
92 Worker 1 accepting task 33
92 Worker 1 accepting task 39
92 Task 21 completed!
92 Worker 1 processing task 43 requiring operations [6, 2, 8]
92 Worker 1 performing operation 2 on task 43
92 Worker 2 processing task 44 requiring operations [2, 4]
92 Worker 2 forwarding task 44
93 Worker 1 accepting task 43
93 Worker 0 accepting task 44
93 Worker 1 processing task 41 requiring operations [3, 10]
93 Worker 1 forwarding task 41
93 Worker 2 processing task 36 requiring operations [5]
93 Worker 2 performing operation 5 on task 36
93 Worker 0 processing task 44 requiring operations [2, 4]
93 Worker 0 forwarding task 44
94 Generated task 47
94 Worker 0 accepting task 47
94 Worker 2 accepting task 41
94 Task 36 completed!
94 Worker 3 accepting task 44
94 Worker 1 processing task 42 requiring operations [6, 3, 4]
94 Worker 1 performing operation 4 on task 42
94 Worker 2 processing task 41 requiring operations [3, 10]
94 Worker 2 forwarding task 41
94 Worker 0 processing task 47 requiring operations [5, 8, 3]
94 Worker 0 performing operation 3 on task 47
94 Worker 3 processing task 44 requiring operations [2, 4]
94 Worker 3 forwarding task 44
95 Worker 1 accepting task 42
95 Worker 3 accepting task 41
95 Worker 0 accepting task 47
95 Worker 4 accepting task 44
95 Worker 1 processing task 34 requiring operations [6]
95 Worker 1 forwarding task 34
95 Worker 0 processing task 47 requiring operations [5, 8]
95 Worker 0 performing operation 8 on task 47
95 Worker 3 processing task 41 requiring operations [3, 10]
95 Worker 3 performing operation 10 on task 41
95 Worker 4 processing task 44 requiring operations [2, 4]
95 Worker 4 forwarding task 44
96 Generated task 48
96 Worker 4 accepting task 48
96 Worker 2 accepting task 34
96 Worker 0 accepting task 47
96 Worker 3 accepting task 41
96 Worker 2 accepting task 44
96 Worker 1 processing task 38 requiring operations [1]
96 Worker 1 performing operation 1 on task 38
96 Worker 0 processing task 47 requiring operations [5]
96 Worker 0 forwarding task 47
96 Worker 3 processing task 41 requiring operations [3]
96 Worker 3 forwarding task 41
96 Worker 4 processing task 48 requiring operations [2, 8, 4]
96 Worker 4 forwarding task 48
96 Worker 2 processing task 34 requiring operations [6]
96 Worker 2 forwarding task 34
97 Task 38 completed!
97 Worker 4 accepting task 47
97 Worker 2 accepting task 41
97 Worker 2 accepting task 48
97 Worker 1 accepting task 34
97 Worker 1 processing task 45 requiring operations [10, 2, 1]
97 Worker 1 performing operation 1 on task 45
97 Worker 4 processing task 47 requiring operations [5]
97 Worker 4 forwarding task 47
97 Worker 2 processing task 44 requiring operations [2, 4]
97 Worker 2 forwarding task 44
98 Generated task 49
98 Worker 2 accepting task 49
98 Worker 1 accepting task 45
98 Worker 3 accepting task 47
98 Worker 0 accepting task 44
98 Worker 1 processing task 27 requiring operations [2]
98 Worker 1 performing operation 2 on task 27
98 Worker 2 processing task 41 requiring operations [3]
98 Worker 2 forwarding task 41
98 Worker 3 processing task 47 requiring operations [5]
98 Worker 3 forwarding task 47
98 Worker 0 processing task 44 requiring operations [2, 4]
98 Worker 0 forwarding task 44
99 Task 27 completed!
99 Worker 0 accepting task 41
99 Worker 4 accepting task 47
99 Worker 4 accepting task 44
99 Worker 1 processing task 40 requiring operations [8]
99 Worker 1 forwarding task 40
99 Worker 2 processing task 48 requiring operations [2, 8, 4]
99 Worker 2 forwarding task 48
99 Worker 0 processing task 41 requiring operations [3]
99 Worker 0 performing operation 3 on task 41
99 Worker 4 processing task 47 requiring operations [5]
99 Worker 4 forwarding task 47
100 Generated task 50
100 Worker 0 accepting task 50
100 Worker 0 accepting task 40
100 Worker 0 accepting task 48
100 Task 41 completed!
100 Worker 0 accepting task 47
100 Worker 1 processing task 46 requiring operations [5, 8, 2]
100 Worker 1 performing operation 2 on task 46
100 Worker 2 processing task 49 requiring operations [6, 3, 7]
100 Worker 2 forwarding task 49
100 Worker 0 processing task 50 requiring operations [8, 9, 6]
100 Worker 0 performing operation 8 on task 50
100 Worker 4 processing task 44 requiring operations [2, 4]
100 Worker 4 forwarding task 44
101 Worker 1 accepting task 46
101 Worker 4 accepting task 49
101 Worker 0 accepting task 50
101 Worker 0 accepting task 44
101 Worker 1 processing task 33 requiring operations [4]
101 Worker 1 performing operation 4 on task 33
101 Worker 0 processing task 40 requiring operations [8]
101 Worker 0 performing operation 8 on task 40
101 Worker 4 processing task 49 requiring operations [6, 3, 7]
101 Worker 4 forwarding task 49
102 Generated task 51
102 Worker 2 accepting task 51
102 Task 33 completed!
102 Task 40 completed!
102 Worker 3 accepting task 49
102 Worker 1 processing task 39 requiring operations [10]
102 Worker 1 forwarding task 39
102 Worker 0 processing task 48 requiring operations [2, 8, 4]
102 Worker 0 performing operation 8 on task 48
102 Worker 2 processing task 51 requiring operations [5, 8, 6]
102 Worker 2 performing operation 5 on task 51
102 Worker 3 processing task 49 requiring operations [6, 3, 7]
102 Worker 3 forwarding task 49
103 Worker 3 accepting task 39
103 Worker 0 accepting task 48
103 Worker 2 accepting task 51
103 Worker 1 accepting task 49
103 Worker 1 processing task 43 requiring operations [6, 8]
103 Worker 1 forwarding task 43
103 Worker 0 processing task 47 requiring operations [5]
103 Worker 0 forwarding task 47
103 Worker 2 processing task 51 requiring operations [8, 6]
103 Worker 2 forwarding task 51
103 Worker 3 processing task 39 requiring operations [10]
103 Worker 3 performing operation 10 on task 39
104 Generated task 52
104 Worker 2 accepting task 52
104 Worker 4 accepting task 43
104 Worker 4 accepting task 47
104 Worker 1 accepting task 51
104 Task 39 completed!
104 Worker 1 processing task 42 requiring operations [6, 3]
104 Worker 1 forwarding task 42
104 Worker 0 processing task 50 requiring operations [9, 6]
104 Worker 0 performing operation 6 on task 50
104 Worker 2 processing task 52 requiring operations [3, 7, 10]
104 Worker 2 forwarding task 52
104 Worker 4 processing task 43 requiring operations [6, 8]
104 Worker 4 forwarding task 43
105 Worker 4 accepting task 42
105 Worker 0 accepting task 50
105 Worker 0 accepting task 52
105 Worker 1 accepting task 43
105 Worker 1 processing task 34 requiring operations [6]
105 Worker 1 forwarding task 34
105 Worker 0 processing task 44 requiring operations [2, 4]
105 Worker 0 forwarding task 44
105 Worker 4 processing task 47 requiring operations [5]
105 Worker 4 forwarding task 47
106 Generated task 53
106 Worker 4 accepting task 53
106 Worker 2 accepting task 34
106 Worker 2 accepting task 44
106 Worker 3 accepting task 47
106 Worker 1 processing task 45 requiring operations [10, 2]
106 Worker 1 performing operation 2 on task 45
106 Worker 0 processing task 48 requiring operations [2, 4]
106 Worker 0 forwarding task 48
106 Worker 4 processing task 42 requiring operations [6, 3]
106 Worker 4 forwarding task 42
106 Worker 2 processing task 34 requiring operations [6]
106 Worker 2 forwarding task 34
106 Worker 3 processing task 47 requiring operations [5]
106 Worker 3 forwarding task 47
107 Worker 1 accepting task 45
107 Worker 2 accepting task 48
107 Worker 3 accepting task 42
107 Worker 0 accepting task 34
107 Worker 2 accepting task 47
107 Worker 1 processing task 46 requiring operations [5, 8]
107 Worker 1 forwarding task 46
107 Worker 0 processing task 50 requiring operations [9]
107 Worker 0 forwarding task 50
107 Worker 4 processing task 53 requiring operations [6, 1, 10]
107 Worker 4 forwarding task 53
107 Worker 2 processing task 44 requiring operations [2, 4]
107 Worker 2 forwarding task 44
107 Worker 3 processing task 42 requiring operations [6, 3]
107 Worker 3 forwarding task 42
108 Generated task 54
108 Worker 0 accepting task 54
108 Worker 0 accepting task 46
108 Worker 3 accepting task 50
108 Worker 2 accepting task 53
108 Worker 3 accepting task 44
108 Worker 4 accepting task 42
108 Worker 1 processing task 49 requiring operations [6, 3, 7]
108 Worker 1 performing operation 7 on task 49
108 Worker 0 processing task 52 requiring operations [3, 7, 10]
108 Worker 0 performing operation 3 on task 52
108 Worker 2 processing task 48 requiring operations [2, 4]
108 Worker 2 forwarding task 48
108 Worker 3 processing task 50 requiring operations [9]
108 Worker 3 performing operation 9 on task 50
108 Worker 4 processing task 42 requiring operations [6, 3]
108 Worker 4 forwarding task 42
109 Worker 1 accepting task 49
109 Worker 0 accepting task 52
109 Worker 0 accepting task 48
109 Task 50 completed!
109 Worker 3 accepting task 42
109 Worker 1 processing task 51 requiring operations [8, 6]
109 Worker 1 forwarding task 51
109 Worker 0 processing task 34 requiring operations [6]
109 Worker 0 performing operation 6 on task 34
109 Worker 2 processing task 47 requiring operations [5]
109 Worker 2 performing operation 5 on task 47
109 Worker 3 processing task 44 requiring operations [2, 4]
109 Worker 3 forwarding task 44
110 Generated task 55
110 Worker 3 accepting task 55
110 Worker 3 accepting task 51
110 Task 34 completed!
110 Task 47 completed!
110 Worker 1 accepting task 44
110 Worker 1 processing task 43 requiring operations [6, 8]
110 Worker 1 forwarding task 43
110 Worker 0 processing task 54 requiring operations [1, 9, 4]
110 Worker 0 forwarding task 54
110 Worker 2 processing task 53 requiring operations [6, 1, 10]
110 Worker 2 forwarding task 53
110 Worker 3 processing task 42 requiring operations [6, 3]
110 Worker 3 forwarding task 42
111 Worker 0 accepting task 43
111 Worker 1 accepting task 54
111 Worker 0 accepting task 53
111 Worker 2 accepting task 42
111 Worker 1 processing task 45 requiring operations [10]
111 Worker 1 forwarding task 45
111 Worker 0 processing task 46 requiring operations [5, 8]
111 Worker 0 performing operation 8 on task 46
111 Worker 3 processing task 55 requiring operations [8, 3, 9]
111 Worker 3 performing operation 9 on task 55
111 Worker 2 processing task 42 requiring operations [6, 3]
111 Worker 2 forwarding task 42
112 Generated task 56
112 Worker 3 accepting task 56
112 Worker 2 accepting task 45
112 Worker 0 accepting task 46
112 Worker 3 accepting task 55
112 Worker 1 accepting task 42
112 Worker 1 processing task 49 requiring operations [6, 3]
112 Worker 1 forwarding task 49
112 Worker 0 processing task 52 requiring operations [7, 10]
112 Worker 0 forwarding task 52
112 Worker 3 processing task 51 requiring operations [8, 6]
112 Worker 3 performing operation 8 on task 51
112 Worker 2 processing task 45 requiring operations [10]
112 Worker 2 forwarding task 45
113 Worker 0 accepting task 49
113 Worker 2 accepting task 52
113 Worker 3 accepting task 51
113 Worker 1 accepting task 45
113 Worker 1 processing task 44 requiring operations [2, 4]
113 Worker 1 performing operation 4 on task 44
113 Worker 0 processing task 48 requiring operations [2, 4]
113 Worker 0 forwarding task 48
113 Worker 3 processing task 56 requiring operations [6, 9, 3]
113 Worker 3 performing operation 9 on task 56
113 Worker 2 processing task 52 requiring operations [7, 10]
113 Worker 2 forwarding task 52
114 Generated task 57
114 Worker 2 accepting task 57
114 Worker 1 accepting task 44
114 Worker 3 accepting task 48
114 Worker 3 accepting task 56
114 Worker 3 accepting task 52
114 Worker 1 processing task 54 requiring operations [1, 9, 4]
114 Worker 1 performing operation 1 on task 54
114 Worker 0 processing task 43 requiring operations [6, 8]
114 Worker 0 performing operation 6 on task 43
114 Worker 3 processing task 55 requiring operations [8, 3]
114 Worker 3 performing operation 8 on task 55
114 Worker 2 processing task 57 requiring operations [7, 2, 5]
114 Worker 2 performing operation 5 on task 57
115 Worker 1 accepting task 54
115 Worker 0 accepting task 43
115 Worker 3 accepting task 55
115 Worker 2 accepting task 57
115 Worker 1 processing task 42 requiring operations [6, 3]
115 Worker 1 forwarding task 42
115 Worker 0 processing task 53 requiring operations [6, 1, 10]
115 Worker 0 performing operation 6 on task 53
115 Worker 3 processing task 51 requiring operations [6]
115 Worker 3 forwarding task 51
115 Worker 2 processing task 57 requiring operations [7, 2]
115 Worker 2 forwarding task 57
116 Generated task 58
116 Worker 4 accepting task 58
116 Worker 0 accepting task 42
116 Worker 0 accepting task 53
116 Worker 1 accepting task 51
116 Worker 0 accepting task 57
116 Worker 1 processing task 45 requiring operations [10]
116 Worker 1 forwarding task 45
116 Worker 0 processing task 46 requiring operations [5]
116 Worker 0 forwarding task 46
116 Worker 3 processing task 48 requiring operations [2, 4]
116 Worker 3 forwarding task 48
116 Worker 4 processing task 58 requiring operations [9, 7, 8]
116 Worker 4 performing operation 9 on task 58
117 Worker 0 accepting task 45
117 Worker 1 accepting task 46
117 Worker 2 accepting task 48
117 Worker 4 accepting task 58
117 Worker 1 processing task 44 requiring operations [2]
117 Worker 1 performing operation 2 on task 44
117 Worker 0 processing task 49 requiring operations [6, 3]
117 Worker 0 performing operation 6 on task 49
117 Worker 3 processing task 56 requiring operations [6, 3]
117 Worker 3 forwarding task 56
117 Worker 4 processing task 58 requiring operations [7, 8]
117 Worker 4 forwarding task 58
117 Worker 2 processing task 48 requiring operations [2, 4]
117 Worker 2 forwarding task 48
118 Generated task 59
118 Worker 3 accepting task 59
118 Task 44 completed!
118 Worker 0 accepting task 49
118 Worker 2 accepting task 56
118 Worker 3 accepting task 58
118 Worker 1 accepting task 48
118 Worker 1 processing task 54 requiring operations [9, 4]
118 Worker 1 performing operation 9 on task 54
118 Worker 0 processing task 43 requiring operations [8]
118 Worker 0 performing operation 8 on task 43
118 Worker 3 processing task 52 requiring operations [7, 10]
118 Worker 3 performing operation 10 on task 52
118 Worker 2 processing task 56 requiring operations [6, 3]
118 Worker 2 forwarding task 56
119 Worker 1 accepting task 54
119 Task 43 completed!
119 Worker 3 accepting task 52
119 Worker 1 accepting task 56
119 Worker 1 processing task 51 requiring operations [6]
119 Worker 1 forwarding task 51
119 Worker 0 processing task 42 requiring operations [6, 3]
119 Worker 0 performing operation 6 on task 42
119 Worker 3 processing task 55 requiring operations [3]
119 Worker 3 forwarding task 55
120 Generated task 60
120 Worker 4 accepting task 60
120 Worker 0 accepting task 51
120 Worker 0 accepting task 42
120 Worker 0 accepting task 55
120 Worker 1 processing task 46 requiring operations [5]
120 Worker 1 forwarding task 46
120 Worker 0 processing task 53 requiring operations [1, 10]
120 Worker 0 forwarding task 53
120 Worker 3 processing task 59 requiring operations [5, 8, 7]
120 Worker 3 performing operation 8 on task 59
120 Worker 4 processing task 60 requiring operations [7, 10, 9]
120 Worker 4 performing operation 9 on task 60
121 Worker 0 accepting task 46
121 Worker 3 accepting task 53
121 Worker 3 accepting task 59
121 Worker 4 accepting task 60
121 Worker 1 processing task 48 requiring operations [2, 4]
121 Worker 1 performing operation 2 on task 48
121 Worker 0 processing task 57 requiring operations [7, 2]
121 Worker 0 forwarding task 57
121 Worker 3 processing task 58 requiring operations [7, 8]
121 Worker 3 performing operation 8 on task 58
121 Worker 4 processing task 60 requiring operations [7, 10]
121 Worker 4 forwarding task 60
122 Generated task 61
122 Worker 0 accepting task 61
122 Worker 1 accepting task 48
122 Worker 1 accepting task 57
122 Worker 3 accepting task 58
122 Worker 0 accepting task 60
122 Worker 1 processing task 54 requiring operations [4]
122 Worker 1 performing operation 4 on task 54
122 Worker 0 processing task 45 requiring operations [10]
122 Worker 0 forwarding task 45
122 Worker 3 processing task 52 requiring operations [7]
122 Worker 3 forwarding task 52
123 Task 54 completed!
123 Worker 3 accepting task 45
123 Worker 1 accepting task 52
123 Worker 1 processing task 56 requiring operations [6, 3]
123 Worker 1 forwarding task 56
123 Worker 0 processing task 49 requiring operations [3]
123 Worker 0 performing operation 3 on task 49
123 Worker 3 processing task 53 requiring operations [1, 10]
123 Worker 3 performing operation 1 on task 53
124 Generated task 62
124 Worker 2 accepting task 62
124 Worker 4 accepting task 56
124 Task 49 completed!
124 Worker 3 accepting task 53
124 Worker 1 processing task 48 requiring operations [4]
124 Worker 1 performing operation 4 on task 48
124 Worker 0 processing task 51 requiring operations [6]
124 Worker 0 performing operation 6 on task 51
124 Worker 3 processing task 59 requiring operations [5, 7]
124 Worker 3 forwarding task 59
124 Worker 2 processing task 62 requiring operations [1, 8, 5]
124 Worker 2 performing operation 5 on task 62
124 Worker 4 processing task 56 requiring operations [6, 3]
124 Worker 4 forwarding task 56
125 Task 48 completed!
125 Task 51 completed!
125 Worker 2 accepting task 59
125 Worker 2 accepting task 62
125 Worker 0 accepting task 56
125 Worker 1 processing task 57 requiring operations [7, 2]
125 Worker 1 performing operation 7 on task 57
125 Worker 0 processing task 42 requiring operations [3]
125 Worker 0 performing operation 3 on task 42
125 Worker 3 processing task 58 requiring operations [7]
125 Worker 3 forwarding task 58
125 Worker 2 processing task 59 requiring operations [5, 7]
125 Worker 2 performing operation 5 on task 59
126 Generated task 63
126 Worker 2 accepting task 63
126 Worker 1 accepting task 57
126 Task 42 completed!
126 Worker 1 accepting task 58
126 Worker 2 accepting task 59
126 Worker 1 processing task 52 requiring operations [7]
126 Worker 1 performing operation 7 on task 52
126 Worker 0 processing task 55 requiring operations [3]
126 Worker 0 performing operation 3 on task 55
126 Worker 3 processing task 45 requiring operations [10]
126 Worker 3 performing operation 10 on task 45
126 Worker 2 processing task 62 requiring operations [1, 8]
126 Worker 2 forwarding task 62
127 Task 52 completed!
127 Task 55 completed!
127 Task 45 completed!
127 Worker 4 accepting task 62
127 Worker 1 processing task 57 requiring operations [2]
127 Worker 1 performing operation 2 on task 57
127 Worker 0 processing task 46 requiring operations [5]
127 Worker 0 forwarding task 46
127 Worker 3 processing task 53 requiring operations [10]
127 Worker 3 performing operation 10 on task 53
127 Worker 2 processing task 63 requiring operations [3, 4, 10]
127 Worker 2 forwarding task 63
127 Worker 4 processing task 62 requiring operations [1, 8]
127 Worker 4 forwarding task 62
128 Generated task 64
128 Worker 4 accepting task 64
128 Task 57 completed!
128 Worker 4 accepting task 46
128 Task 53 completed!
128 Worker 0 accepting task 63
128 Worker 2 accepting task 62
128 Worker 1 processing task 58 requiring operations [7]
128 Worker 1 performing operation 7 on task 58
128 Worker 0 processing task 61 requiring operations [5, 8, 7]
128 Worker 0 performing operation 8 on task 61
128 Worker 2 processing task 59 requiring operations [7]
128 Worker 2 forwarding task 59
128 Worker 4 processing task 64 requiring operations [1, 4, 9]
128 Worker 4 performing operation 9 on task 64
129 Task 58 completed!
129 Worker 0 accepting task 61
129 Worker 1 accepting task 59
129 Worker 4 accepting task 64
129 Worker 0 processing task 60 requiring operations [7, 10]
129 Worker 0 forwarding task 60
129 Worker 2 processing task 62 requiring operations [1, 8]
129 Worker 2 forwarding task 62
129 Worker 4 processing task 46 requiring operations [5]
129 Worker 4 forwarding task 46
129 Worker 1 processing task 59 requiring operations [7]
129 Worker 1 performing operation 7 on task 59
130 Generated task 65
130 Worker 1 accepting task 65
130 Worker 4 accepting task 60
130 Worker 3 accepting task 62
130 Worker 2 accepting task 46
130 Task 59 completed!
130 Worker 0 processing task 56 requiring operations [6, 3]
130 Worker 0 performing operation 6 on task 56
130 Worker 4 processing task 64 requiring operations [1, 4]
130 Worker 4 forwarding task 64
130 Worker 1 processing task 65 requiring operations [1, 6, 4]
130 Worker 1 performing operation 4 on task 65
130 Worker 3 processing task 62 requiring operations [1, 8]
130 Worker 3 performing operation 8 on task 62
130 Worker 2 processing task 46 requiring operations [5]
130 Worker 2 performing operation 5 on task 46
131 Worker 0 accepting task 56
131 Worker 0 accepting task 64
131 Worker 1 accepting task 65
131 Worker 3 accepting task 62
131 Task 46 completed!
131 Worker 0 processing task 63 requiring operations [3, 4, 10]
131 Worker 0 performing operation 3 on task 63
131 Worker 4 processing task 60 requiring operations [7, 10]
131 Worker 4 forwarding task 60
131 Worker 1 processing task 65 requiring operations [1, 6]
131 Worker 1 performing operation 1 on task 65
131 Worker 3 processing task 62 requiring operations [1]
131 Worker 3 performing operation 1 on task 62
132 Generated task 66
132 Worker 3 accepting task 66
132 Worker 0 accepting task 63
132 Worker 1 accepting task 60
132 Worker 1 accepting task 65
132 Task 62 completed!
132 Worker 0 processing task 61 requiring operations [5, 7]
132 Worker 0 forwarding task 61
132 Worker 1 processing task 60 requiring operations [7, 10]
132 Worker 1 performing operation 7 on task 60
132 Worker 3 processing task 66 requiring operations [2, 3, 1]
132 Worker 3 performing operation 1 on task 66
133 Worker 2 accepting task 61
133 Worker 1 accepting task 60
133 Worker 3 accepting task 66
133 Worker 0 processing task 56 requiring operations [3]
133 Worker 0 performing operation 3 on task 56
133 Worker 1 processing task 65 requiring operations [6]
133 Worker 1 forwarding task 65
133 Worker 3 processing task 66 requiring operations [2, 3]
133 Worker 3 forwarding task 66
133 Worker 2 processing task 61 requiring operations [5, 7]
133 Worker 2 performing operation 5 on task 61
134 Generated task 67
134 Worker 4 accepting task 67
134 Task 56 completed!
134 Worker 0 accepting task 65
134 Worker 4 accepting task 66
134 Worker 2 accepting task 61
134 Worker 0 processing task 64 requiring operations [1, 4]
134 Worker 0 forwarding task 64
134 Worker 1 processing task 60 requiring operations [10]
134 Worker 1 forwarding task 60
134 Worker 2 processing task 61 requiring operations [7]
134 Worker 2 forwarding task 61
134 Worker 4 processing task 67 requiring operations [7, 1, 4]
134 Worker 4 forwarding task 67
135 Worker 3 accepting task 64
135 Worker 4 accepting task 60
135 Worker 4 accepting task 61
135 Worker 2 accepting task 67
135 Worker 0 processing task 63 requiring operations [4, 10]
135 Worker 0 forwarding task 63
135 Worker 4 processing task 66 requiring operations [2, 3]
135 Worker 4 forwarding task 66
135 Worker 3 processing task 64 requiring operations [1, 4]
135 Worker 3 performing operation 1 on task 64
135 Worker 2 processing task 67 requiring operations [7, 1, 4]
135 Worker 2 forwarding task 67
136 Generated task 68
136 Worker 2 accepting task 68
136 Worker 3 accepting task 63
136 Worker 1 accepting task 66
136 Worker 3 accepting task 64
136 Worker 3 accepting task 67
136 Worker 0 processing task 65 requiring operations [6]
136 Worker 0 performing operation 6 on task 65
136 Worker 4 processing task 60 requiring operations [10]
136 Worker 4 forwarding task 60
136 Worker 3 processing task 63 requiring operations [4, 10]
136 Worker 3 performing operation 10 on task 63
136 Worker 2 processing task 68 requiring operations [4, 1, 5]
136 Worker 2 performing operation 5 on task 68
136 Worker 1 processing task 66 requiring operations [2, 3]
136 Worker 1 performing operation 2 on task 66
137 Task 65 completed!
137 Worker 1 accepting task 60
137 Worker 3 accepting task 63
137 Worker 2 accepting task 68
137 Worker 1 accepting task 66
137 Worker 4 processing task 61 requiring operations [7]
137 Worker 4 forwarding task 61
137 Worker 3 processing task 64 requiring operations [4]
137 Worker 3 forwarding task 64
137 Worker 2 processing task 68 requiring operations [4, 1]
137 Worker 2 forwarding task 68
137 Worker 1 processing task 60 requiring operations [10]
137 Worker 1 forwarding task 60
138 Generated task 69
138 Worker 2 accepting task 69
138 Worker 2 accepting task 61
138 Worker 2 accepting task 64
138 Worker 4 accepting task 68
138 Worker 3 accepting task 60
138 Worker 3 processing task 67 requiring operations [7, 1, 4]
138 Worker 3 performing operation 1 on task 67
138 Worker 2 processing task 69 requiring operations [7, 2, 4]
138 Worker 2 forwarding task 69
138 Worker 1 processing task 66 requiring operations [3]
138 Worker 1 forwarding task 66
138 Worker 4 processing task 68 requiring operations [4, 1]
138 Worker 4 forwarding task 68
139 Worker 3 accepting task 67
139 Worker 4 accepting task 69
139 Worker 2 accepting task 66
139 Worker 1 accepting task 68
139 Worker 3 processing task 63 requiring operations [4]
139 Worker 3 forwarding task 63
139 Worker 2 processing task 61 requiring operations [7]
139 Worker 2 forwarding task 61
139 Worker 4 processing task 69 requiring operations [7, 2, 4]
139 Worker 4 forwarding task 69
139 Worker 1 processing task 68 requiring operations [4, 1]
139 Worker 1 performing operation 4 on task 68
140 Generated task 70
140 Worker 4 accepting task 70
140 Worker 2 accepting task 63
140 Worker 3 accepting task 61
140 Worker 0 accepting task 69
140 Worker 1 accepting task 68
140 Worker 3 processing task 60 requiring operations [10]
140 Worker 3 performing operation 10 on task 60
140 Worker 2 processing task 64 requiring operations [4]
140 Worker 2 forwarding task 64
140 Worker 4 processing task 70 requiring operations [3, 7, 6]
140 Worker 4 forwarding task 70
140 Worker 1 processing task 68 requiring operations [1]
140 Worker 1 performing operation 1 on task 68
140 Worker 0 processing task 69 requiring operations [7, 2, 4]
140 Worker 0 forwarding task 69
