Worker 0 can perform operations {3, 4, 5, 7}
Worker 1 can perform operations {9, 10, 7}
Worker 2 can perform operations {8, 10, 2, 5}
Worker 3 can perform operations {6}
Worker 4 can perform operations {1, 2, 9, 7}
Building network type random
Worker 0 connecting to worker 1
Worker 1 connecting to worker 0
Worker 0 connecting to worker 4
Worker 4 connecting to worker 0
Worker 1 connecting to worker 2
Worker 2 connecting to worker 1
Worker 2 connecting to worker 4
Worker 4 connecting to worker 2
Worker 3 connecting to worker 1
Worker 1 connecting to worker 3
Worker 3 connecting to worker 4
Worker 4 connecting to worker 3
Entry nodes are [0, 1, 2, 3, 4]
0 Generated task 0 with complexity 3 requiring operations [2, 6, 7]
0 Worker 3 accepting task 0
0 Worker 3 processing task 0 requiring operations [2, 6, 7]
0 Worker 3 performing operation 6 on task 0
1 Worker 3 accepting task 0
1 Worker 3 processing task 0 requiring operations [2, 7]
1 Worker 3 forwarding task 0
2 Generated task 1 with complexity 3 requiring operations [10, 6, 9]
2 Worker 4 accepting task 1
2 Worker 4 accepting task 0
2 Worker 4 processing task 1 requiring operations [10, 6, 9]
2 Worker 4 performing operation 9 on task 1
3 Worker 4 accepting task 1
3 Worker 4 processing task 0 requiring operations [2, 7]
3 Worker 4 performing operation 7 on task 0
4 Generated task 2 with complexity 3 requiring operations [6, 1, 9]
4 Worker 0 accepting task 2
4 Worker 4 accepting task 0
4 Worker 4 processing task 1 requiring operations [10, 6]
4 Worker 4 forwarding task 1
4 Worker 0 processing task 2 requiring operations [6, 1, 9]
4 Worker 0 forwarding task 2
5 Worker 2 accepting task 1
5 Worker 1 accepting task 2
5 Worker 4 processing task 0 requiring operations [2]
5 Worker 4 performing operation 2 on task 0
5 Worker 2 processing task 1 requiring operations [10, 6]
5 Worker 2 performing operation 10 on task 1
5 Worker 1 processing task 2 requiring operations [6, 1, 9]
5 Worker 1 performing operation 9 on task 2
6 Generated task 3 with complexity 3 requiring operations [2, 3, 4]
6 Worker 1 accepting task 3
6 Task 0 completed!
6 Worker 2 accepting task 1
6 Worker 1 accepting task 2
6 Worker 2 processing task 1 requiring operations [6]
6 Worker 2 forwarding task 1
6 Worker 1 processing task 3 requiring operations [2, 3, 4]
6 Worker 1 forwarding task 3
7 Worker 4 accepting task 1
7 Worker 2 accepting task 3
7 Worker 1 processing task 2 requiring operations [6, 1]
7 Worker 1 forwarding task 2
7 Worker 4 processing task 1 requiring operations [6]
7 Worker 4 forwarding task 1
7 Worker 2 processing task 3 requiring operations [2, 3, 4]
7 Worker 2 performing operation 2 on task 3
8 Generated task 4 with complexity 3 requiring operations [6, 8, 1]
8 Worker 1 accepting task 4
8 Worker 3 accepting task 2
8 Worker 3 accepting task 1
8 Worker 2 accepting task 3
8 Worker 1 processing task 4 requiring operations [6, 8, 1]
8 Worker 1 forwarding task 4
8 Worker 2 processing task 3 requiring operations [3, 4]
8 Worker 2 forwarding task 3
8 Worker 3 processing task 2 requiring operations [6, 1]
8 Worker 3 performing operation 6 on task 2
9 Worker 3 accepting task 4
9 Worker 1 accepting task 3
9 Worker 3 accepting task 2
9 Worker 3 processing task 1 requiring operations [6]
9 Worker 3 performing operation 6 on task 1
9 Worker 1 processing task 3 requiring operations [3, 4]
9 Worker 1 forwarding task 3
10 Generated task 5 with complexity 3 requiring operations [1, 9, 8]
10 Worker 0 accepting task 5
10 Task 1 completed!
10 Worker 0 accepting task 3
10 Worker 3 processing task 4 requiring operations [6, 8, 1]
10 Worker 3 performing operation 6 on task 4
10 Worker 0 processing task 5 requiring operations [1, 9, 8]
10 Worker 0 forwarding task 5
11 Worker 3 accepting task 4
11 Worker 1 accepting task 5
11 Worker 3 processing task 2 requiring operations [1]
11 Worker 3 forwarding task 2
11 Worker 0 processing task 3 requiring operations [3, 4]
11 Worker 0 performing operation 4 on task 3
11 Worker 1 processing task 5 requiring operations [1, 9, 8]
11 Worker 1 performing operation 9 on task 5
12 Generated task 6 with complexity 3 requiring operations [3, 5, 4]
12 Worker 3 accepting task 6
12 Worker 1 accepting task 2
12 Worker 0 accepting task 3
12 Worker 1 accepting task 5
12 Worker 3 processing task 4 requiring operations [8, 1]
12 Worker 3 forwarding task 4
12 Worker 0 processing task 3 requiring operations [3]
12 Worker 0 performing operation 3 on task 3
12 Worker 1 processing task 2 requiring operations [1]
12 Worker 1 forwarding task 2
13 Worker 4 accepting task 4
13 Task 3 completed!
13 Worker 2 accepting task 2
13 Worker 3 processing task 6 requiring operations [3, 5, 4]
13 Worker 3 forwarding task 6
13 Worker 1 processing task 5 requiring operations [1, 8]
13 Worker 1 forwarding task 5
13 Worker 4 processing task 4 requiring operations [8, 1]
13 Worker 4 performing operation 1 on task 4
13 Worker 2 processing task 2 requiring operations [1]
13 Worker 2 forwarding task 2
14 Generated task 7 with complexity 3 requiring operations [7, 4, 9]
14 Worker 1 accepting task 7
14 Worker 1 accepting task 6
14 Worker 3 accepting task 5
14 Worker 4 accepting task 4
14 Worker 4 accepting task 2
14 Worker 1 processing task 7 requiring operations [7, 4, 9]
14 Worker 1 performing operation 9 on task 7
14 Worker 4 processing task 4 requiring operations [8]
14 Worker 4 forwarding task 4
14 Worker 3 processing task 5 requiring operations [1, 8]
14 Worker 3 forwarding task 5
15 Worker 1 accepting task 7
15 Worker 3 accepting task 4
15 Worker 1 accepting task 5
15 Worker 1 processing task 6 requiring operations [3, 5, 4]
15 Worker 1 forwarding task 6
15 Worker 4 processing task 2 requiring operations [1]
15 Worker 4 performing operation 1 on task 2
15 Worker 3 processing task 4 requiring operations [8]
15 Worker 3 forwarding task 4
16 Generated task 8 with complexity 3 requiring operations [7, 6, 10]
16 Worker 0 accepting task 8
16 Worker 2 accepting task 6
16 Task 2 completed!
16 Worker 4 accepting task 4
16 Worker 1 processing task 7 requiring operations [7, 4]
16 Worker 1 performing operation 7 on task 7
16 Worker 0 processing task 8 requiring operations [7, 6, 10]
16 Worker 0 performing operation 7 on task 8
16 Worker 2 processing task 6 requiring operations [3, 5, 4]
16 Worker 2 performing operation 5 on task 6
16 Worker 4 processing task 4 requiring operations [8]
16 Worker 4 forwarding task 4
17 Worker 1 accepting task 7
17 Worker 0 accepting task 8
17 Worker 2 accepting task 6
17 Worker 0 accepting task 4
17 Worker 1 processing task 5 requiring operations [1, 8]
17 Worker 1 forwarding task 5
17 Worker 0 processing task 8 requiring operations [6, 10]
17 Worker 0 forwarding task 8
17 Worker 2 processing task 6 requiring operations [3, 4]
17 Worker 2 forwarding task 6
18 Generated task 9 with complexity 3 requiring operations [2, 7, 3]
18 Worker 1 accepting task 9
18 Worker 2 accepting task 5
18 Worker 4 accepting task 8
18 Worker 4 accepting task 6
18 Worker 1 processing task 7 requiring operations [4]
18 Worker 1 forwarding task 7
18 Worker 0 processing task 4 requiring operations [8]
18 Worker 0 forwarding task 4
18 Worker 2 processing task 5 requiring operations [1, 8]
18 Worker 2 performing operation 8 on task 5
18 Worker 4 processing task 8 requiring operations [6, 10]
18 Worker 4 forwarding task 8
19 Worker 2 accepting task 7
19 Worker 4 accepting task 4
19 Worker 2 accepting task 5
19 Worker 0 accepting task 8
19 Worker 1 processing task 9 requiring operations [2, 7, 3]
19 Worker 1 performing operation 7 on task 9
19 Worker 2 processing task 7 requiring operations [4]
19 Worker 2 forwarding task 7
19 Worker 4 processing task 6 requiring operations [3, 4]
19 Worker 4 forwarding task 6
19 Worker 0 processing task 8 requiring operations [6, 10]
19 Worker 0 forwarding task 8
20 Generated task 10 with complexity 3 requiring operations [3, 6, 10]
20 Worker 1 accepting task 10
20 Worker 1 accepting task 9
20 Worker 1 accepting task 7
20 Worker 3 accepting task 6
20 Worker 1 accepting task 8
20 Worker 1 processing task 10 requiring operations [3, 6, 10]
20 Worker 1 performing operation 10 on task 10
20 Worker 2 processing task 5 requiring operations [1]
20 Worker 2 forwarding task 5
20 Worker 4 processing task 4 requiring operations [8]
20 Worker 4 forwarding task 4
20 Worker 3 processing task 6 requiring operations [3, 4]
20 Worker 3 forwarding task 6
21 Worker 1 accepting task 10
21 Worker 1 accepting task 5
21 Worker 3 accepting task 4
21 Worker 4 accepting task 6
21 Worker 1 processing task 9 requiring operations [2, 3]
21 Worker 1 forwarding task 9
21 Worker 3 processing task 4 requiring operations [8]
21 Worker 3 forwarding task 4
21 Worker 4 processing task 6 requiring operations [3, 4]
21 Worker 4 forwarding task 6
22 Generated task 11 with complexity 3 requiring operations [2, 1, 10]
22 Worker 1 accepting task 11
22 Worker 3 accepting task 9
22 Worker 1 accepting task 4
22 Worker 0 accepting task 6
22 Worker 1 processing task 7 requiring operations [4]
22 Worker 1 forwarding task 7
22 Worker 3 processing task 9 requiring operations [2, 3]
22 Worker 3 forwarding task 9
22 Worker 0 processing task 6 requiring operations [3, 4]
22 Worker 0 performing operation 3 on task 6
23 Worker 3 accepting task 7
23 Worker 4 accepting task 9
23 Worker 0 accepting task 6
23 Worker 1 processing task 8 requiring operations [6, 10]
23 Worker 1 performing operation 10 on task 8
23 Worker 3 processing task 7 requiring operations [4]
23 Worker 3 forwarding task 7
23 Worker 0 processing task 6 requiring operations [4]
23 Worker 0 performing operation 4 on task 6
23 Worker 4 processing task 9 requiring operations [2, 3]
23 Worker 4 performing operation 2 on task 9
24 Generated task 12 with complexity 3 requiring operations [2, 9, 5]
24 Worker 3 accepting task 12
24 Worker 1 accepting task 8
24 Worker 1 accepting task 7
24 Task 6 completed!
24 Worker 4 accepting task 9
24 Worker 1 processing task 10 requiring operations [3, 6]
24 Worker 1 forwarding task 10
24 Worker 3 processing task 12 requiring operations [2, 9, 5]
24 Worker 3 forwarding task 12
24 Worker 4 processing task 9 requiring operations [3]
24 Worker 4 forwarding task 9
25 Worker 0 accepting task 10
25 Worker 1 accepting task 12
25 Worker 3 accepting task 9
25 Worker 1 processing task 5 requiring operations [1]
25 Worker 1 forwarding task 5
25 Worker 0 processing task 10 requiring operations [3, 6]
25 Worker 0 performing operation 3 on task 10
25 Worker 3 processing task 9 requiring operations [3]
25 Worker 3 forwarding task 9
26 Generated task 13 with complexity 3 requiring operations [1, 8, 7]
26 Worker 3 accepting task 13
26 Worker 3 accepting task 5
26 Worker 0 accepting task 10
26 Worker 1 accepting task 9
26 Worker 1 processing task 11 requiring operations [2, 1, 10]
26 Worker 1 performing operation 10 on task 11
26 Worker 0 processing task 10 requiring operations [6]
26 Worker 0 forwarding task 10
26 Worker 3 processing task 13 requiring operations [1, 8, 7]
26 Worker 3 forwarding task 13
27 Worker 1 accepting task 11
27 Worker 4 accepting task 10
27 Worker 1 accepting task 13
27 Worker 1 processing task 4 requiring operations [8]
27 Worker 1 forwarding task 4
27 Worker 3 processing task 5 requiring operations [1]
27 Worker 3 forwarding task 5
27 Worker 4 processing task 10 requiring operations [6]
27 Worker 4 forwarding task 10
28 Generated task 14 with complexity 3 requiring operations [7, 10, 5]
28 Worker 3 accepting task 14
28 Worker 3 accepting task 4
28 Worker 4 accepting task 5
28 Worker 3 accepting task 10
28 Worker 1 processing task 8 requiring operations [6]
28 Worker 1 forwarding task 8
28 Worker 3 processing task 14 requiring operations [7, 10, 5]
28 Worker 3 forwarding task 14
28 Worker 4 processing task 5 requiring operations [1]
28 Worker 4 performing operation 1 on task 5
29 Worker 3 accepting task 8
29 Worker 1 accepting task 14
29 Task 5 completed!
29 Worker 1 processing task 7 requiring operations [4]
29 Worker 1 forwarding task 7
29 Worker 3 processing task 4 requiring operations [8]
29 Worker 3 forwarding task 4
30 Generated task 15 with complexity 3 requiring operations [7, 6, 9]
30 Worker 4 accepting task 15
30 Worker 3 accepting task 7
30 Worker 4 accepting task 4
30 Worker 1 processing task 12 requiring operations [2, 9, 5]
30 Worker 1 performing operation 9 on task 12
30 Worker 3 processing task 10 requiring operations [6]
30 Worker 3 performing operation 6 on task 10
30 Worker 4 processing task 15 requiring operations [7, 6, 9]
30 Worker 4 performing operation 9 on task 15
31 Worker 1 accepting task 12
31 Task 10 completed!
31 Worker 4 accepting task 15
31 Worker 1 processing task 9 requiring operations [3]
31 Worker 1 forwarding task 9
31 Worker 3 processing task 8 requiring operations [6]
31 Worker 3 performing operation 6 on task 8
31 Worker 4 processing task 4 requiring operations [8]
31 Worker 4 forwarding task 4
32 Generated task 16 with complexity 3 requiring operations [2, 1, 4]
32 Worker 0 accepting task 16
32 Worker 0 accepting task 9
32 Task 8 completed!
32 Worker 0 accepting task 4
32 Worker 1 processing task 11 requiring operations [2, 1]
32 Worker 1 forwarding task 11
32 Worker 3 processing task 7 requiring operations [4]
32 Worker 3 forwarding task 7
32 Worker 4 processing task 15 requiring operations [7, 6]
32 Worker 4 performing operation 7 on task 15
32 Worker 0 processing task 16 requiring operations [2, 1, 4]
32 Worker 0 performing operation 4 on task 16
33 Worker 3 accepting task 11
33 Worker 4 accepting task 7
33 Worker 4 accepting task 15
33 Worker 0 accepting task 16
33 Worker 1 processing task 13 requiring operations [1, 8, 7]
33 Worker 1 performing operation 7 on task 13
33 Worker 3 processing task 11 requiring operations [2, 1]
33 Worker 3 forwarding task 11
33 Worker 4 processing task 7 requiring operations [4]
33 Worker 4 forwarding task 7
33 Worker 0 processing task 9 requiring operations [3]
33 Worker 0 performing operation 3 on task 9
34 Generated task 17 with complexity 3 requiring operations [3, 5, 8]
34 Worker 3 accepting task 17
34 Worker 1 accepting task 13
34 Worker 4 accepting task 11
34 Worker 0 accepting task 7
34 Task 9 completed!
34 Worker 1 processing task 14 requiring operations [7, 10, 5]
34 Worker 1 performing operation 7 on task 14
34 Worker 3 processing task 17 requiring operations [3, 5, 8]
34 Worker 3 forwarding task 17
34 Worker 4 processing task 15 requiring operations [6]
34 Worker 4 forwarding task 15
34 Worker 0 processing task 4 requiring operations [8]
34 Worker 0 forwarding task 4
35 Worker 1 accepting task 14
35 Worker 4 accepting task 17
35 Worker 3 accepting task 15
35 Worker 1 accepting task 4
35 Worker 1 processing task 12 requiring operations [2, 5]
35 Worker 1 forwarding task 12
35 Worker 4 processing task 11 requiring operations [2, 1]
35 Worker 4 performing operation 1 on task 11
35 Worker 0 processing task 16 requiring operations [2, 1]
35 Worker 0 forwarding task 16
35 Worker 3 processing task 15 requiring operations [6]
35 Worker 3 performing operation 6 on task 15
36 Generated task 18 with complexity 3 requiring operations [1, 10, 9]
36 Worker 1 accepting task 18
36 Worker 2 accepting task 12
36 Worker 4 accepting task 11
36 Worker 4 accepting task 16
36 Task 15 completed!
36 Worker 1 processing task 13 requiring operations [1, 8]
36 Worker 1 forwarding task 13
36 Worker 4 processing task 17 requiring operations [3, 5, 8]
36 Worker 4 forwarding task 17
36 Worker 0 processing task 7 requiring operations [4]
36 Worker 0 performing operation 4 on task 7
36 Worker 2 processing task 12 requiring operations [2, 5]
36 Worker 2 performing operation 2 on task 12
37 Worker 2 accepting task 13
37 Worker 2 accepting task 17
37 Task 7 completed!
37 Worker 2 accepting task 12
37 Worker 1 processing task 14 requiring operations [10, 5]
37 Worker 1 performing operation 10 on task 14
37 Worker 4 processing task 11 requiring operations [2]
37 Worker 4 performing operation 2 on task 11
37 Worker 2 processing task 13 requiring operations [1, 8]
37 Worker 2 performing operation 8 on task 13
38 Generated task 19 with complexity 3 requiring operations [8, 3, 9]
38 Worker 4 accepting task 19
38 Worker 1 accepting task 14
38 Task 11 completed!
38 Worker 2 accepting task 13
38 Worker 1 processing task 4 requiring operations [8]
38 Worker 1 forwarding task 4
38 Worker 4 processing task 16 requiring operations [2, 1]
38 Worker 4 performing operation 2 on task 16
38 Worker 2 processing task 17 requiring operations [3, 5, 8]
38 Worker 2 performing operation 8 on task 17
39 Worker 3 accepting task 4
39 Worker 4 accepting task 16
39 Worker 2 accepting task 17
39 Worker 1 processing task 18 requiring operations [1, 10, 9]
39 Worker 1 performing operation 10 on task 18
39 Worker 4 processing task 19 requiring operations [8, 3, 9]
39 Worker 4 performing operation 9 on task 19
39 Worker 2 processing task 12 requiring operations [5]
39 Worker 2 performing operation 5 on task 12
39 Worker 3 processing task 4 requiring operations [8]
39 Worker 3 forwarding task 4
40 Generated task 20 with complexity 3 requiring operations [5, 2, 4]
40 Worker 2 accepting task 20
40 Worker 1 accepting task 18
40 Worker 4 accepting task 19
40 Task 12 completed!
40 Worker 4 accepting task 4
40 Worker 1 processing task 14 requiring operations [5]
40 Worker 1 forwarding task 14
40 Worker 4 processing task 16 requiring operations [1]
40 Worker 4 performing operation 1 on task 16
40 Worker 2 processing task 13 requiring operations [1]
40 Worker 2 forwarding task 13
41 Worker 0 accepting task 14
41 Task 16 completed!
41 Worker 4 accepting task 13
41 Worker 1 processing task 18 requiring operations [1, 9]
41 Worker 1 performing operation 9 on task 18
41 Worker 4 processing task 19 requiring operations [8, 3]
41 Worker 4 forwarding task 19
41 Worker 2 processing task 17 requiring operations [3, 5]
41 Worker 2 performing operation 5 on task 17
41 Worker 0 processing task 14 requiring operations [5]
41 Worker 0 performing operation 5 on task 14
42 Generated task 21 with complexity 3 requiring operations [9, 10, 2]
42 Worker 4 accepting task 21
42 Worker 1 accepting task 18
42 Worker 0 accepting task 19
42 Worker 2 accepting task 17
42 Task 14 completed!
42 Worker 1 processing task 18 requiring operations [1]
42 Worker 1 forwarding task 18
42 Worker 4 processing task 4 requiring operations [8]
42 Worker 4 forwarding task 4
42 Worker 2 processing task 20 requiring operations [5, 2, 4]
42 Worker 2 performing operation 2 on task 20
42 Worker 0 processing task 19 requiring operations [8, 3]
42 Worker 0 performing operation 3 on task 19
43 Worker 3 accepting task 18
43 Worker 3 accepting task 4
43 Worker 2 accepting task 20
43 Worker 0 accepting task 19
43 Worker 4 processing task 13 requiring operations [1]
43 Worker 4 performing operation 1 on task 13
43 Worker 2 processing task 17 requiring operations [3]
43 Worker 2 forwarding task 17
43 Worker 0 processing task 19 requiring operations [8]
43 Worker 0 forwarding task 19
43 Worker 3 processing task 18 requiring operations [1]
43 Worker 3 forwarding task 18
44 Generated task 22 with complexity 3 requiring operations [5, 10, 8]
44 Worker 2 accepting task 22
44 Task 13 completed!
44 Worker 4 accepting task 17
44 Worker 1 accepting task 19
44 Worker 1 accepting task 18
44 Worker 4 processing task 21 requiring operations [9, 10, 2]
44 Worker 4 performing operation 9 on task 21
44 Worker 2 processing task 20 requiring operations [5, 4]
44 Worker 2 performing operation 5 on task 20
44 Worker 3 processing task 4 requiring operations [8]
44 Worker 3 forwarding task 4
44 Worker 1 processing task 19 requiring operations [8]
44 Worker 1 forwarding task 19
45 Worker 4 accepting task 21
45 Worker 2 accepting task 20
45 Worker 4 accepting task 4
45 Worker 0 accepting task 19
45 Worker 4 processing task 17 requiring operations [3]
45 Worker 4 forwarding task 17
45 Worker 2 processing task 22 requiring operations [5, 10, 8]
45 Worker 2 performing operation 10 on task 22
45 Worker 1 processing task 18 requiring operations [1]
45 Worker 1 forwarding task 18
45 Worker 0 processing task 19 requiring operations [8]
45 Worker 0 forwarding task 19
46 Generated task 23 with complexity 3 requiring operations [3, 5, 8]
46 Worker 4 accepting task 23
46 Worker 2 accepting task 17
46 Worker 2 accepting task 22
46 Worker 2 accepting task 18
46 Worker 1 accepting task 19
46 Worker 4 processing task 21 requiring operations [10, 2]
46 Worker 4 performing operation 2 on task 21
46 Worker 2 processing task 20 requiring operations [4]
46 Worker 2 forwarding task 20
46 Worker 1 processing task 19 requiring operations [8]
46 Worker 1 forwarding task 19
47 Worker 4 accepting task 21
47 Worker 1 accepting task 20
47 Worker 0 accepting task 19
47 Worker 4 processing task 4 requiring operations [8]
47 Worker 4 forwarding task 4
47 Worker 2 processing task 17 requiring operations [3]
47 Worker 2 forwarding task 17
47 Worker 1 processing task 20 requiring operations [4]
47 Worker 1 forwarding task 20
47 Worker 0 processing task 19 requiring operations [8]
47 Worker 0 forwarding task 19
48 Generated task 24 with complexity 3 requiring operations [6, 2, 3]
48 Worker 1 accepting task 24
48 Worker 2 accepting task 4
48 Worker 1 accepting task 17
48 Worker 0 accepting task 20
48 Worker 1 accepting task 19
48 Worker 4 processing task 23 requiring operations [3, 5, 8]
48 Worker 4 forwarding task 23
48 Worker 2 processing task 22 requiring operations [5, 8]
48 Worker 2 performing operation 5 on task 22
48 Worker 1 processing task 24 requiring operations [6, 2, 3]
48 Worker 1 forwarding task 24
48 Worker 0 processing task 20 requiring operations [4]
48 Worker 0 performing operation 4 on task 20
49 Worker 2 accepting task 23
49 Worker 2 accepting task 22
49 Worker 3 accepting task 24
49 Task 20 completed!
49 Worker 4 processing task 21 requiring operations [10]
49 Worker 4 forwarding task 21
49 Worker 2 processing task 18 requiring operations [1]
49 Worker 2 forwarding task 18
49 Worker 1 processing task 17 requiring operations [3]
49 Worker 1 forwarding task 17
49 Worker 3 processing task 24 requiring operations [6, 2, 3]
49 Worker 3 performing operation 6 on task 24
50 Generated task 25 with complexity 3 requiring operations [1, 10, 6]
50 Worker 1 accepting task 25
50 Worker 2 accepting task 21
50 Worker 4 accepting task 18
50 Worker 2 accepting task 17
50 Worker 3 accepting task 24
50 Worker 2 processing task 4 requiring operations [8]
50 Worker 2 performing operation 8 on task 4
50 Worker 1 processing task 19 requiring operations [8]
50 Worker 1 forwarding task 19
50 Worker 3 processing task 24 requiring operations [2, 3]
50 Worker 3 forwarding task 24
50 Worker 4 processing task 18 requiring operations [1]
50 Worker 4 performing operation 1 on task 18
51 Task 4 completed!
51 Worker 0 accepting task 19
51 Worker 1 accepting task 24
51 Task 18 completed!
51 Worker 2 processing task 23 requiring operations [3, 5, 8]
51 Worker 2 performing operation 8 on task 23
51 Worker 1 processing task 25 requiring operations [1, 10, 6]
51 Worker 1 performing operation 10 on task 25
51 Worker 0 processing task 19 requiring operations [8]
51 Worker 0 forwarding task 19
52 Generated task 26 with complexity 3 requiring operations [9, 1, 5]
52 Worker 2 accepting task 26
52 Worker 2 accepting task 23
52 Worker 1 accepting task 25
52 Worker 1 accepting task 19
52 Worker 2 processing task 22 requiring operations [8]
52 Worker 2 performing operation 8 on task 22
52 Worker 1 processing task 24 requiring operations [2, 3]
52 Worker 1 forwarding task 24
53 Task 22 completed!
53 Worker 2 accepting task 24
53 Worker 2 processing task 21 requiring operations [10]
53 Worker 2 performing operation 10 on task 21
53 Worker 1 processing task 25 requiring operations [1, 6]
53 Worker 1 forwarding task 25
54 Generated task 27 with complexity 3 requiring operations [8, 7, 10]
54 Worker 4 accepting task 27
54 Task 21 completed!
54 Worker 0 accepting task 25
54 Worker 2 processing task 17 requiring operations [3]
54 Worker 2 forwarding task 17
54 Worker 1 processing task 19 requiring operations [8]
54 Worker 1 forwarding task 19
54 Worker 4 processing task 27 requiring operations [8, 7, 10]
54 Worker 4 performing operation 7 on task 27
54 Worker 0 processing task 25 requiring operations [1, 6]
54 Worker 0 forwarding task 25
55 Worker 1 accepting task 17
55 Worker 2 accepting task 19
55 Worker 4 accepting task 27
55 Worker 4 accepting task 25
55 Worker 2 processing task 26 requiring operations [9, 1, 5]
55 Worker 2 performing operation 5 on task 26
55 Worker 1 processing task 17 requiring operations [3]
55 Worker 1 forwarding task 17
55 Worker 4 processing task 27 requiring operations [8, 10]
55 Worker 4 forwarding task 27
56 Generated task 28 with complexity 3 requiring operations [7, 9, 2]
56 Worker 2 accepting task 28
56 Worker 2 accepting task 26
56 Worker 2 accepting task 17
56 Worker 2 accepting task 27
56 Worker 2 processing task 23 requiring operations [3, 5]
56 Worker 2 performing operation 5 on task 23
56 Worker 4 processing task 25 requiring operations [1, 6]
56 Worker 4 performing operation 1 on task 25
57 Worker 2 accepting task 23
57 Worker 4 accepting task 25
57 Worker 2 processing task 24 requiring operations [2, 3]
57 Worker 2 performing operation 2 on task 24
57 Worker 4 processing task 25 requiring operations [6]
57 Worker 4 forwarding task 25
58 Generated task 29 with complexity 3 requiring operations [10, 9, 5]
58 Worker 0 accepting task 29
58 Worker 2 accepting task 24
58 Worker 3 accepting task 25
58 Worker 2 processing task 19 requiring operations [8]
58 Worker 2 performing operation 8 on task 19
58 Worker 0 processing task 29 requiring operations [10, 9, 5]
58 Worker 0 performing operation 5 on task 29
58 Worker 3 processing task 25 requiring operations [6]
58 Worker 3 performing operation 6 on task 25
59 Task 19 completed!
59 Worker 0 accepting task 29
59 Task 25 completed!
59 Worker 2 processing task 28 requiring operations [7, 9, 2]
59 Worker 2 performing operation 2 on task 28
59 Worker 0 processing task 29 requiring operations [10, 9]
59 Worker 0 forwarding task 29
60 Generated task 30 with complexity 3 requiring operations [4, 9, 5]
60 Worker 2 accepting task 30
60 Worker 2 accepting task 28
60 Worker 1 accepting task 29
60 Worker 2 processing task 26 requiring operations [9, 1]
60 Worker 2 forwarding task 26
60 Worker 1 processing task 29 requiring operations [10, 9]
60 Worker 1 performing operation 9 on task 29
61 Worker 4 accepting task 26
61 Worker 1 accepting task 29
61 Worker 2 processing task 17 requiring operations [3]
61 Worker 2 forwarding task 17
61 Worker 1 processing task 29 requiring operations [10]
61 Worker 1 performing operation 10 on task 29
61 Worker 4 processing task 26 requiring operations [9, 1]
61 Worker 4 performing operation 9 on task 26
62 Generated task 31 with complexity 3 requiring operations [9, 8, 1]
62 Worker 3 accepting task 31
62 Worker 4 accepting task 17
62 Task 29 completed!
62 Worker 4 accepting task 26
62 Worker 2 processing task 27 requiring operations [8, 10]
62 Worker 2 performing operation 8 on task 27
62 Worker 4 processing task 17 requiring operations [3]
62 Worker 4 forwarding task 17
62 Worker 3 processing task 31 requiring operations [9, 8, 1]
62 Worker 3 forwarding task 31
63 Worker 2 accepting task 27
63 Worker 0 accepting task 17
63 Worker 4 accepting task 31
63 Worker 2 processing task 23 requiring operations [3]
63 Worker 2 forwarding task 23
63 Worker 4 processing task 26 requiring operations [1]
63 Worker 4 performing operation 1 on task 26
63 Worker 0 processing task 17 requiring operations [3]
63 Worker 0 performing operation 3 on task 17
64 Generated task 32 with complexity 3 requiring operations [7, 6, 4]
64 Worker 4 accepting task 32
64 Worker 1 accepting task 23
64 Task 26 completed!
64 Task 17 completed!
64 Worker 2 processing task 24 requiring operations [3]
64 Worker 2 forwarding task 24
64 Worker 4 processing task 31 requiring operations [9, 8, 1]
64 Worker 4 performing operation 9 on task 31
64 Worker 1 processing task 23 requiring operations [3]
64 Worker 1 forwarding task 23
65 Worker 4 accepting task 24
65 Worker 4 accepting task 31
65 Worker 3 accepting task 23
65 Worker 2 processing task 30 requiring operations [4, 9, 5]
65 Worker 2 performing operation 5 on task 30
65 Worker 4 processing task 32 requiring operations [7, 6, 4]
65 Worker 4 performing operation 7 on task 32
65 Worker 3 processing task 23 requiring operations [3]
65 Worker 3 forwarding task 23
66 Generated task 33 with complexity 3 requiring operations [5, 1, 3]
66 Worker 0 accepting task 33
66 Worker 2 accepting task 30
66 Worker 4 accepting task 32
66 Worker 4 accepting task 23
66 Worker 2 processing task 28 requiring operations [7, 9]
66 Worker 2 forwarding task 28
66 Worker 4 processing task 24 requiring operations [3]
66 Worker 4 forwarding task 24
66 Worker 0 processing task 33 requiring operations [5, 1, 3]
66 Worker 0 performing operation 5 on task 33
67 Worker 4 accepting task 28
67 Worker 0 accepting task 24
67 Worker 0 accepting task 33
67 Worker 2 processing task 27 requiring operations [10]
67 Worker 2 performing operation 10 on task 27
67 Worker 4 processing task 31 requiring operations [8, 1]
67 Worker 4 performing operation 1 on task 31
67 Worker 0 processing task 24 requiring operations [3]
67 Worker 0 performing operation 3 on task 24
68 Generated task 34 with complexity 3 requiring operations [7, 5, 2]
68 Worker 0 accepting task 34
68 Task 27 completed!
68 Worker 4 accepting task 31
68 Task 24 completed!
68 Worker 2 processing task 30 requiring operations [4, 9]
68 Worker 2 forwarding task 30
68 Worker 4 processing task 32 requiring operations [6, 4]
68 Worker 4 forwarding task 32
68 Worker 0 processing task 33 requiring operations [1, 3]
68 Worker 0 performing operation 3 on task 33
69 Worker 4 accepting task 30
69 Worker 0 accepting task 32
69 Worker 0 accepting task 33
69 Worker 4 processing task 23 requiring operations [3]
69 Worker 4 forwarding task 23
69 Worker 0 processing task 34 requiring operations [7, 5, 2]
69 Worker 0 performing operation 7 on task 34
70 Generated task 35 with complexity 3 requiring operations [6, 2, 9]
70 Worker 3 accepting task 35
70 Worker 3 accepting task 23
70 Worker 0 accepting task 34
70 Worker 4 processing task 28 requiring operations [7, 9]
70 Worker 4 performing operation 7 on task 28
70 Worker 0 processing task 32 requiring operations [6, 4]
70 Worker 0 performing operation 4 on task 32
70 Worker 3 processing task 35 requiring operations [6, 2, 9]
70 Worker 3 performing operation 6 on task 35
71 Worker 4 accepting task 28
71 Worker 0 accepting task 32
71 Worker 3 accepting task 35
71 Worker 4 processing task 31 requiring operations [8]
71 Worker 4 forwarding task 31
71 Worker 0 processing task 33 requiring operations [1]
71 Worker 0 forwarding task 33
71 Worker 3 processing task 23 requiring operations [3]
71 Worker 3 forwarding task 23
72 Generated task 36 with complexity 3 requiring operations [5, 8, 1]
72 Worker 1 accepting task 36
72 Worker 0 accepting task 31
72 Worker 4 accepting task 33
72 Worker 1 accepting task 23
72 Worker 4 processing task 30 requiring operations [4, 9]
72 Worker 4 performing operation 9 on task 30
72 Worker 0 processing task 34 requiring operations [5, 2]
72 Worker 0 performing operation 5 on task 34
72 Worker 3 processing task 35 requiring operations [2, 9]
72 Worker 3 forwarding task 35
72 Worker 1 processing task 36 requiring operations [5, 8, 1]
72 Worker 1 forwarding task 36
73 Worker 4 accepting task 30
73 Worker 0 accepting task 34
73 Worker 4 accepting task 35
73 Worker 3 accepting task 36
73 Worker 4 processing task 28 requiring operations [9]
73 Worker 4 performing operation 9 on task 28
73 Worker 0 processing task 32 requiring operations [6]
73 Worker 0 forwarding task 32
73 Worker 1 processing task 23 requiring operations [3]
73 Worker 1 forwarding task 23
73 Worker 3 processing task 36 requiring operations [5, 8, 1]
73 Worker 3 forwarding task 36
74 Generated task 37 with complexity 3 requiring operations [9, 4, 5]
74 Worker 3 accepting task 37
74 Task 28 completed!
74 Worker 1 accepting task 32
74 Worker 0 accepting task 23
74 Worker 1 accepting task 36
74 Worker 4 processing task 33 requiring operations [1]
74 Worker 4 performing operation 1 on task 33
74 Worker 0 processing task 31 requiring operations [8]
74 Worker 0 forwarding task 31
74 Worker 1 processing task 32 requiring operations [6]
74 Worker 1 forwarding task 32
74 Worker 3 processing task 37 requiring operations [9, 4, 5]
74 Worker 3 forwarding task 37
75 Task 33 completed!
75 Worker 4 accepting task 31
75 Worker 2 accepting task 32
75 Worker 4 accepting task 37
75 Worker 4 processing task 30 requiring operations [4]
75 Worker 4 forwarding task 30
75 Worker 0 processing task 34 requiring operations [2]
75 Worker 0 forwarding task 34
75 Worker 1 processing task 36 requiring operations [5, 8, 1]
75 Worker 1 forwarding task 36
75 Worker 2 processing task 32 requiring operations [6]
75 Worker 2 forwarding task 32
76 Generated task 38 with complexity 3 requiring operations [6, 7, 9]
76 Worker 3 accepting task 38
76 Worker 3 accepting task 30
76 Worker 4 accepting task 34
76 Worker 0 accepting task 36
76 Worker 4 accepting task 32
76 Worker 4 processing task 35 requiring operations [2, 9]
76 Worker 4 performing operation 2 on task 35
76 Worker 0 processing task 23 requiring operations [3]
76 Worker 0 performing operation 3 on task 23
76 Worker 3 processing task 38 requiring operations [6, 7, 9]
76 Worker 3 performing operation 6 on task 38
77 Worker 4 accepting task 35
77 Task 23 completed!
77 Worker 3 accepting task 38
77 Worker 4 processing task 31 requiring operations [8]
77 Worker 4 forwarding task 31
77 Worker 0 processing task 36 requiring operations [5, 8, 1]
77 Worker 0 performing operation 5 on task 36
77 Worker 3 processing task 30 requiring operations [4]
77 Worker 3 forwarding task 30
78 Generated task 39 with complexity 3 requiring operations [6, 5, 3]
78 Worker 2 accepting task 39
78 Worker 3 accepting task 31
78 Worker 0 accepting task 36
78 Worker 1 accepting task 30
78 Worker 4 processing task 37 requiring operations [9, 4, 5]
78 Worker 4 performing operation 9 on task 37
78 Worker 0 processing task 36 requiring operations [8, 1]
78 Worker 0 forwarding task 36
78 Worker 3 processing task 38 requiring operations [7, 9]
78 Worker 3 forwarding task 38
78 Worker 2 processing task 39 requiring operations [6, 5, 3]
78 Worker 2 performing operation 5 on task 39
78 Worker 1 processing task 30 requiring operations [4]
78 Worker 1 forwarding task 30
79 Worker 4 accepting task 37
79 Worker 1 accepting task 36
79 Worker 4 accepting task 38
79 Worker 2 accepting task 39
79 Worker 2 accepting task 30
79 Worker 4 processing task 34 requiring operations [2]
79 Worker 4 performing operation 2 on task 34
79 Worker 3 processing task 31 requiring operations [8]
79 Worker 3 forwarding task 31
79 Worker 2 processing task 39 requiring operations [6, 3]
79 Worker 2 forwarding task 39
79 Worker 1 processing task 36 requiring operations [8, 1]
79 Worker 1 forwarding task 36
80 Generated task 40 with complexity 3 requiring operations [3, 7, 4]
80 Worker 4 accepting task 40
80 Task 34 completed!
80 Worker 1 accepting task 31
80 Worker 1 accepting task 39
80 Worker 3 accepting task 36
80 Worker 4 processing task 32 requiring operations [6]
80 Worker 4 forwarding task 32
80 Worker 2 processing task 30 requiring operations [4]
80 Worker 2 forwarding task 30
80 Worker 1 processing task 31 requiring operations [8]
80 Worker 1 forwarding task 31
80 Worker 3 processing task 36 requiring operations [8, 1]
80 Worker 3 forwarding task 36
81 Worker 2 accepting task 32
81 Worker 1 accepting task 30
81 Worker 0 accepting task 31
81 Worker 1 accepting task 36
81 Worker 4 processing task 35 requiring operations [9]
81 Worker 4 performing operation 9 on task 35
81 Worker 2 processing task 32 requiring operations [6]
81 Worker 2 forwarding task 32
81 Worker 1 processing task 39 requiring operations [6, 3]
81 Worker 1 forwarding task 39
81 Worker 0 processing task 31 requiring operations [8]
81 Worker 0 forwarding task 31
82 Generated task 41 with complexity 3 requiring operations [3, 9, 7]
82 Worker 0 accepting task 41
82 Task 35 completed!
82 Worker 1 accepting task 32
82 Worker 3 accepting task 39
82 Worker 1 accepting task 31
82 Worker 4 processing task 37 requiring operations [4, 5]
82 Worker 4 forwarding task 37
82 Worker 1 processing task 30 requiring operations [4]
82 Worker 1 forwarding task 30
82 Worker 0 processing task 41 requiring operations [3, 9, 7]
82 Worker 0 performing operation 7 on task 41
82 Worker 3 processing task 39 requiring operations [6, 3]
82 Worker 3 performing operation 6 on task 39
83 Worker 2 accepting task 37
83 Worker 3 accepting task 30
83 Worker 0 accepting task 41
83 Worker 3 accepting task 39
83 Worker 4 processing task 38 requiring operations [7, 9]
83 Worker 4 performing operation 9 on task 38
83 Worker 1 processing task 36 requiring operations [8, 1]
83 Worker 1 forwarding task 36
83 Worker 0 processing task 41 requiring operations [3, 9]
83 Worker 0 performing operation 3 on task 41
83 Worker 3 processing task 30 requiring operations [4]
83 Worker 3 forwarding task 30
83 Worker 2 processing task 37 requiring operations [4, 5]
83 Worker 2 performing operation 5 on task 37
84 Generated task 42 with complexity 3 requiring operations [5, 7, 10]
84 Worker 2 accepting task 42
84 Worker 4 accepting task 38
84 Worker 2 accepting task 36
84 Worker 0 accepting task 41
84 Worker 1 accepting task 30
84 Worker 2 accepting task 37
84 Worker 4 processing task 40 requiring operations [3, 7, 4]
84 Worker 4 performing operation 7 on task 40
84 Worker 1 processing task 32 requiring operations [6]
84 Worker 1 forwarding task 32
84 Worker 0 processing task 41 requiring operations [9]
84 Worker 0 forwarding task 41
84 Worker 3 processing task 39 requiring operations [3]
84 Worker 3 forwarding task 39
84 Worker 2 processing task 42 requiring operations [5, 7, 10]
84 Worker 2 performing operation 5 on task 42
85 Worker 4 accepting task 40
85 Worker 0 accepting task 32
85 Worker 4 accepting task 41
85 Worker 1 accepting task 39
85 Worker 2 accepting task 42
85 Worker 4 processing task 38 requiring operations [7]
85 Worker 4 performing operation 7 on task 38
85 Worker 1 processing task 31 requiring operations [8]
85 Worker 1 forwarding task 31
85 Worker 0 processing task 32 requiring operations [6]
85 Worker 0 forwarding task 32
85 Worker 2 processing task 36 requiring operations [8, 1]
85 Worker 2 performing operation 8 on task 36
86 Generated task 43 with complexity 3 requiring operations [7, 10, 5]
86 Worker 4 accepting task 43
86 Task 38 completed!
86 Worker 3 accepting task 31
86 Worker 4 accepting task 32
86 Worker 2 accepting task 36
86 Worker 4 processing task 40 requiring operations [3, 4]
86 Worker 4 forwarding task 40
86 Worker 1 processing task 30 requiring operations [4]
86 Worker 1 forwarding task 30
86 Worker 2 processing task 37 requiring operations [4]
86 Worker 2 forwarding task 37
86 Worker 3 processing task 31 requiring operations [8]
86 Worker 3 forwarding task 31
87 Worker 2 accepting task 40
87 Worker 0 accepting task 30
87 Worker 1 accepting task 37
87 Worker 4 accepting task 31
87 Worker 4 processing task 41 requiring operations [9]
87 Worker 4 performing operation 9 on task 41
87 Worker 1 processing task 39 requiring operations [3]
87 Worker 1 forwarding task 39
87 Worker 2 processing task 42 requiring operations [7, 10]
87 Worker 2 performing operation 10 on task 42
87 Worker 0 processing task 30 requiring operations [4]
87 Worker 0 performing operation 4 on task 30
88 Generated task 44 with complexity 3 requiring operations [7, 1, 5]
88 Worker 0 accepting task 44
88 Task 41 completed!
88 Worker 0 accepting task 39
88 Worker 2 accepting task 42
88 Task 30 completed!
88 Worker 4 processing task 43 requiring operations [7, 10, 5]
88 Worker 4 performing operation 7 on task 43
88 Worker 1 processing task 37 requiring operations [4]
88 Worker 1 forwarding task 37
88 Worker 2 processing task 36 requiring operations [1]
88 Worker 2 forwarding task 36
88 Worker 0 processing task 44 requiring operations [7, 1, 5]
88 Worker 0 performing operation 7 on task 44
89 Worker 4 accepting task 43
89 Worker 3 accepting task 37
89 Worker 1 accepting task 36
89 Worker 0 accepting task 44
89 Worker 4 processing task 32 requiring operations [6]
89 Worker 4 forwarding task 32
89 Worker 2 processing task 40 requiring operations [3, 4]
89 Worker 2 forwarding task 40
89 Worker 0 processing task 39 requiring operations [3]
89 Worker 0 performing operation 3 on task 39
89 Worker 3 processing task 37 requiring operations [4]
89 Worker 3 forwarding task 37
89 Worker 1 processing task 36 requiring operations [1]
89 Worker 1 forwarding task 36
90 Generated task 45 with complexity 3 requiring operations [6, 1, 3]
90 Worker 1 accepting task 45
90 Worker 2 accepting task 32
90 Worker 4 accepting task 40
90 Task 39 completed!
90 Worker 1 accepting task 37
90 Worker 2 accepting task 36
90 Worker 4 processing task 31 requiring operations [8]
90 Worker 4 forwarding task 31
90 Worker 2 processing task 42 requiring operations [7]
90 Worker 2 forwarding task 42
90 Worker 0 processing task 44 requiring operations [1, 5]
90 Worker 0 performing operation 5 on task 44
90 Worker 1 processing task 45 requiring operations [6, 1, 3]
90 Worker 1 forwarding task 45
91 Worker 2 accepting task 31
91 Worker 4 accepting task 42
91 Worker 0 accepting task 44
91 Worker 0 accepting task 45
91 Worker 4 processing task 43 requiring operations [10, 5]
91 Worker 4 forwarding task 43
91 Worker 2 processing task 32 requiring operations [6]
91 Worker 2 forwarding task 32
91 Worker 0 processing task 44 requiring operations [1]
91 Worker 0 forwarding task 44
91 Worker 1 processing task 37 requiring operations [4]
91 Worker 1 forwarding task 37
92 Generated task 46 with complexity 3 requiring operations [6, 3, 7]
92 Worker 0 accepting task 46
92 Worker 2 accepting task 43
92 Worker 1 accepting task 32
92 Worker 4 accepting task 44
92 Worker 3 accepting task 37
92 Worker 4 processing task 40 requiring operations [3, 4]
92 Worker 4 forwarding task 40
92 Worker 2 processing task 36 requiring operations [1]
92 Worker 2 forwarding task 36
92 Worker 0 processing task 45 requiring operations [6, 1, 3]
92 Worker 0 performing operation 3 on task 45
92 Worker 1 processing task 32 requiring operations [6]
92 Worker 1 forwarding task 32
92 Worker 3 processing task 37 requiring operations [4]
92 Worker 3 forwarding task 37
93 Worker 2 accepting task 40
93 Worker 1 accepting task 36
93 Worker 0 accepting task 45
93 Worker 2 accepting task 32
93 Worker 1 accepting task 37
93 Worker 4 processing task 42 requiring operations [7]
93 Worker 4 performing operation 7 on task 42
93 Worker 2 processing task 31 requiring operations [8]
93 Worker 2 performing operation 8 on task 31
93 Worker 0 processing task 46 requiring operations [6, 3, 7]
93 Worker 0 performing operation 7 on task 46
93 Worker 1 processing task 36 requiring operations [1]
93 Worker 1 forwarding task 36
94 Generated task 47 with complexity 3 requiring operations [5, 4, 7]
94 Worker 2 accepting task 47
94 Task 42 completed!
94 Task 31 completed!
94 Worker 0 accepting task 46
94 Worker 0 accepting task 36
94 Worker 4 processing task 44 requiring operations [1]
94 Worker 4 performing operation 1 on task 44
94 Worker 2 processing task 43 requiring operations [10, 5]
94 Worker 2 performing operation 5 on task 43
94 Worker 0 processing task 45 requiring operations [6, 1]
94 Worker 0 forwarding task 45
94 Worker 1 processing task 37 requiring operations [4]
94 Worker 1 forwarding task 37
95 Task 44 completed!
95 Worker 2 accepting task 43
95 Worker 1 accepting task 45
95 Worker 2 accepting task 37
95 Worker 2 processing task 40 requiring operations [3, 4]
95 Worker 2 forwarding task 40
95 Worker 0 processing task 46 requiring operations [6, 3]
95 Worker 0 performing operation 3 on task 46
95 Worker 1 processing task 45 requiring operations [6, 1]
95 Worker 1 forwarding task 45
96 Generated task 48 with complexity 3 requiring operations [4, 2, 5]
96 Worker 3 accepting task 48
96 Worker 4 accepting task 40
96 Worker 0 accepting task 46
96 Worker 0 accepting task 45
96 Worker 2 processing task 32 requiring operations [6]
96 Worker 2 forwarding task 32
96 Worker 0 processing task 36 requiring operations [1]
96 Worker 0 forwarding task 36
96 Worker 3 processing task 48 requiring operations [4, 2, 5]
96 Worker 3 forwarding task 48
96 Worker 4 processing task 40 requiring operations [3, 4]
96 Worker 4 forwarding task 40
97 Worker 1 accepting task 32
97 Worker 1 accepting task 36
97 Worker 4 accepting task 48
97 Worker 2 accepting task 40
97 Worker 2 processing task 47 requiring operations [5, 4, 7]
97 Worker 2 performing operation 5 on task 47
97 Worker 0 processing task 46 requiring operations [6]
97 Worker 0 forwarding task 46
97 Worker 4 processing task 48 requiring operations [4, 2, 5]
97 Worker 4 performing operation 2 on task 48
97 Worker 1 processing task 32 requiring operations [6]
97 Worker 1 forwarding task 32
98 Generated task 49 with complexity 3 requiring operations [7, 9, 6]
98 Worker 1 accepting task 49
98 Worker 2 accepting task 47
98 Worker 4 accepting task 46
98 Worker 4 accepting task 48
98 Worker 0 accepting task 32
98 Worker 2 processing task 43 requiring operations [10]
98 Worker 2 performing operation 10 on task 43
98 Worker 0 processing task 45 requiring operations [6, 1]
98 Worker 0 forwarding task 45
98 Worker 4 processing task 46 requiring operations [6]
98 Worker 4 forwarding task 46
98 Worker 1 processing task 36 requiring operations [1]
98 Worker 1 forwarding task 36
99 Task 43 completed!
99 Worker 4 accepting task 45
99 Worker 2 accepting task 46
99 Worker 0 accepting task 36
99 Worker 2 processing task 37 requiring operations [4]
99 Worker 2 forwarding task 37
99 Worker 0 processing task 32 requiring operations [6]
99 Worker 0 forwarding task 32
99 Worker 4 processing task 48 requiring operations [4, 5]
99 Worker 4 forwarding task 48
99 Worker 1 processing task 49 requiring operations [7, 9, 6]
99 Worker 1 performing operation 7 on task 49
100 Generated task 50 with complexity 3 requiring operations [7, 9, 4]
100 Worker 3 accepting task 50
100 Worker 1 accepting task 37
100 Worker 1 accepting task 32
100 Worker 2 accepting task 48
100 Worker 1 accepting task 49
100 Worker 2 processing task 40 requiring operations [3, 4]
100 Worker 2 forwarding task 40
100 Worker 0 processing task 36 requiring operations [1]
100 Worker 0 forwarding task 36
100 Worker 4 processing task 45 requiring operations [6, 1]
100 Worker 4 performing operation 1 on task 45
100 Worker 1 processing task 37 requiring operations [4]
100 Worker 1 forwarding task 37
100 Worker 3 processing task 50 requiring operations [7, 9, 4]
100 Worker 3 forwarding task 50
101 Worker 1 accepting task 40
101 Worker 4 accepting task 36
101 Worker 4 accepting task 45
101 Worker 2 accepting task 37
101 Worker 1 accepting task 50
101 Worker 2 processing task 47 requiring operations [4, 7]
101 Worker 2 forwarding task 47
101 Worker 4 processing task 36 requiring operations [1]
101 Worker 4 performing operation 1 on task 36
101 Worker 1 processing task 32 requiring operations [6]
101 Worker 1 forwarding task 32
102 Generated task 51 with complexity 3 requiring operations [3, 9, 1]
102 Worker 0 accepting task 51
102 Worker 1 accepting task 47
102 Task 36 completed!
102 Worker 3 accepting task 32
102 Worker 2 processing task 46 requiring operations [6]
102 Worker 2 forwarding task 46
102 Worker 4 processing task 45 requiring operations [6]
102 Worker 4 forwarding task 45
102 Worker 1 processing task 49 requiring operations [9, 6]
102 Worker 1 performing operation 9 on task 49
102 Worker 0 processing task 51 requiring operations [3, 9, 1]
102 Worker 0 performing operation 3 on task 51
102 Worker 3 processing task 32 requiring operations [6]
102 Worker 3 performing operation 6 on task 32
103 Worker 4 accepting task 46
103 Worker 3 accepting task 45
103 Worker 1 accepting task 49
103 Worker 0 accepting task 51
103 Task 32 completed!
103 Worker 2 processing task 48 requiring operations [4, 5]
103 Worker 2 performing operation 5 on task 48
103 Worker 4 processing task 46 requiring operations [6]
103 Worker 4 forwarding task 46
103 Worker 1 processing task 40 requiring operations [3, 4]
103 Worker 1 forwarding task 40
103 Worker 0 processing task 51 requiring operations [9, 1]
103 Worker 0 forwarding task 51
103 Worker 3 processing task 45 requiring operations [6]
103 Worker 3 performing operation 6 on task 45
104 Generated task 52 with complexity 3 requiring operations [2, 3, 4]
104 Worker 3 accepting task 52
104 Worker 2 accepting task 48
104 Worker 0 accepting task 46
104 Worker 2 accepting task 40
104 Worker 1 accepting task 51
104 Task 45 completed!
104 Worker 2 processing task 37 requiring operations [4]
104 Worker 2 forwarding task 37
104 Worker 1 processing task 50 requiring operations [7, 9, 4]
104 Worker 1 performing operation 9 on task 50
104 Worker 0 processing task 46 requiring operations [6]
104 Worker 0 forwarding task 46
104 Worker 3 processing task 52 requiring operations [2, 3, 4]
104 Worker 3 forwarding task 52
105 Worker 4 accepting task 37
105 Worker 1 accepting task 50
105 Worker 4 accepting task 46
105 Worker 4 accepting task 52
105 Worker 2 processing task 48 requiring operations [4]
105 Worker 2 forwarding task 48
105 Worker 1 processing task 47 requiring operations [4, 7]
105 Worker 1 performing operation 7 on task 47
105 Worker 4 processing task 37 requiring operations [4]
105 Worker 4 forwarding task 37
106 Generated task 53 with complexity 3 requiring operations [2, 6, 9]
106 Worker 3 accepting task 53
106 Worker 1 accepting task 48
106 Worker 1 accepting task 47
106 Worker 2 accepting task 37
106 Worker 2 processing task 40 requiring operations [3, 4]
106 Worker 2 forwarding task 40
106 Worker 1 processing task 49 requiring operations [6]
106 Worker 1 forwarding task 49
106 Worker 4 processing task 46 requiring operations [6]
106 Worker 4 forwarding task 46
106 Worker 3 processing task 53 requiring operations [2, 6, 9]
106 Worker 3 performing operation 6 on task 53
107 Worker 4 accepting task 40
107 Worker 2 accepting task 49
107 Worker 3 accepting task 46
107 Worker 3 accepting task 53
107 Worker 2 processing task 37 requiring operations [4]
107 Worker 2 forwarding task 37
107 Worker 1 processing task 51 requiring operations [9, 1]
107 Worker 1 performing operation 9 on task 51
107 Worker 4 processing task 52 requiring operations [2, 3, 4]
107 Worker 4 performing operation 2 on task 52
107 Worker 3 processing task 46 requiring operations [6]
107 Worker 3 performing operation 6 on task 46
108 Generated task 54 with complexity 3 requiring operations [2, 5, 9]
108 Worker 2 accepting task 54
108 Worker 4 accepting task 37
108 Worker 1 accepting task 51
108 Worker 4 accepting task 52
108 Task 46 completed!
108 Worker 2 processing task 49 requiring operations [6]
108 Worker 2 forwarding task 49
108 Worker 1 processing task 50 requiring operations [7, 4]
108 Worker 1 performing operation 7 on task 50
108 Worker 4 processing task 40 requiring operations [3, 4]
108 Worker 4 forwarding task 40
108 Worker 3 processing task 53 requiring operations [2, 9]
108 Worker 3 forwarding task 53
109 Worker 4 accepting task 49
109 Worker 1 accepting task 50
109 Worker 2 accepting task 40
109 Worker 4 accepting task 53
109 Worker 2 processing task 54 requiring operations [2, 5, 9]
109 Worker 2 performing operation 2 on task 54
109 Worker 1 processing task 48 requiring operations [4]
109 Worker 1 forwarding task 48
109 Worker 4 processing task 37 requiring operations [4]
109 Worker 4 forwarding task 37
110 Generated task 55 with complexity 3 requiring operations [2, 1, 10]
110 Worker 4 accepting task 55
110 Worker 2 accepting task 54
110 Worker 2 accepting task 48
110 Worker 0 accepting task 37
110 Worker 2 processing task 40 requiring operations [3, 4]
110 Worker 2 forwarding task 40
110 Worker 1 processing task 47 requiring operations [4]
110 Worker 1 forwarding task 47
110 Worker 4 processing task 52 requiring operations [3, 4]
110 Worker 4 forwarding task 52
110 Worker 0 processing task 37 requiring operations [4]
110 Worker 0 performing operation 4 on task 37
111 Worker 4 accepting task 40
111 Worker 3 accepting task 47
111 Worker 2 accepting task 52
111 Task 37 completed!
111 Worker 2 processing task 54 requiring operations [5, 9]
111 Worker 2 performing operation 5 on task 54
111 Worker 1 processing task 51 requiring operations [1]
111 Worker 1 forwarding task 51
111 Worker 4 processing task 49 requiring operations [6]
111 Worker 4 forwarding task 49
111 Worker 3 processing task 47 requiring operations [4]
111 Worker 3 forwarding task 47
112 Generated task 56 with complexity 3 requiring operations [9, 6, 1]
112 Worker 2 accepting task 56
112 Worker 2 accepting task 54
112 Worker 3 accepting task 51
112 Worker 2 accepting task 49
112 Worker 4 accepting task 47
112 Worker 2 processing task 48 requiring operations [4]
112 Worker 2 forwarding task 48
112 Worker 1 processing task 50 requiring operations [4]
112 Worker 1 forwarding task 50
112 Worker 4 processing task 53 requiring operations [2, 9]
112 Worker 4 performing operation 2 on task 53
112 Worker 3 processing task 51 requiring operations [1]
112 Worker 3 forwarding task 51
113 Worker 1 accepting task 48
113 Worker 0 accepting task 50
113 Worker 4 accepting task 53
113 Worker 4 accepting task 51
113 Worker 2 processing task 52 requiring operations [3, 4]
113 Worker 2 forwarding task 52
113 Worker 1 processing task 48 requiring operations [4]
113 Worker 1 forwarding task 48
113 Worker 4 processing task 55 requiring operations [2, 1, 10]
113 Worker 4 performing operation 1 on task 55
113 Worker 0 processing task 50 requiring operations [4]
113 Worker 0 performing operation 4 on task 50
114 Generated task 57 with complexity 3 requiring operations [10, 4, 3]
114 Worker 4 accepting task 57
114 Worker 1 accepting task 52
114 Worker 2 accepting task 48
114 Worker 4 accepting task 55
114 Task 50 completed!
114 Worker 2 processing task 56 requiring operations [9, 6, 1]
114 Worker 2 forwarding task 56
114 Worker 1 processing task 52 requiring operations [3, 4]
114 Worker 1 forwarding task 52
114 Worker 4 processing task 40 requiring operations [3, 4]
114 Worker 4 forwarding task 40
115 Worker 1 accepting task 56
115 Worker 3 accepting task 52
115 Worker 2 accepting task 40
115 Worker 2 processing task 54 requiring operations [9]
115 Worker 2 forwarding task 54
115 Worker 1 processing task 56 requiring operations [9, 6, 1]
115 Worker 1 performing operation 9 on task 56
115 Worker 4 processing task 47 requiring operations [4]
115 Worker 4 forwarding task 47
115 Worker 3 processing task 52 requiring operations [3, 4]
115 Worker 3 forwarding task 52
116 Generated task 58 with complexity 3 requiring operations [9, 1, 3]
116 Worker 0 accepting task 58
116 Worker 1 accepting task 54
116 Worker 1 accepting task 56
116 Worker 0 accepting task 47
116 Worker 4 accepting task 52
116 Worker 2 processing task 49 requiring operations [6]
116 Worker 2 forwarding task 49
116 Worker 1 processing task 54 requiring operations [9]
116 Worker 1 performing operation 9 on task 54
116 Worker 4 processing task 53 requiring operations [9]
116 Worker 4 performing operation 9 on task 53
116 Worker 0 processing task 58 requiring operations [9, 1, 3]
116 Worker 0 performing operation 3 on task 58
117 Worker 1 accepting task 49
117 Task 54 completed!
117 Task 53 completed!
117 Worker 0 accepting task 58
117 Worker 2 processing task 48 requiring operations [4]
117 Worker 2 forwarding task 48
117 Worker 1 processing task 56 requiring operations [6, 1]
117 Worker 1 forwarding task 56
117 Worker 4 processing task 51 requiring operations [1]
117 Worker 4 performing operation 1 on task 51
117 Worker 0 processing task 47 requiring operations [4]
117 Worker 0 performing operation 4 on task 47
118 Generated task 59 with complexity 3 requiring operations [7, 8, 5]
118 Worker 4 accepting task 59
118 Worker 4 accepting task 48
118 Worker 3 accepting task 56
118 Task 51 completed!
118 Task 47 completed!
118 Worker 2 processing task 40 requiring operations [3, 4]
118 Worker 2 forwarding task 40
118 Worker 1 processing task 49 requiring operations [6]
118 Worker 1 forwarding task 49
118 Worker 4 processing task 57 requiring operations [10, 4, 3]
118 Worker 4 forwarding task 57
118 Worker 0 processing task 58 requiring operations [9, 1]
118 Worker 0 forwarding task 58
118 Worker 3 processing task 56 requiring operations [6, 1]
118 Worker 3 performing operation 6 on task 56
119 Worker 1 accepting task 40
119 Worker 2 accepting task 49
119 Worker 0 accepting task 57
119 Worker 4 accepting task 58
119 Worker 3 accepting task 56
119 Worker 1 processing task 40 requiring operations [3, 4]
119 Worker 1 forwarding task 40
119 Worker 4 processing task 55 requiring operations [2, 10]
119 Worker 4 performing operation 2 on task 55
119 Worker 0 processing task 57 requiring operations [10, 4, 3]
119 Worker 0 performing operation 3 on task 57
119 Worker 3 processing task 56 requiring operations [1]
119 Worker 3 forwarding task 56
119 Worker 2 processing task 49 requiring operations [6]
119 Worker 2 forwarding task 49
120 Generated task 60 with complexity 3 requiring operations [10, 8, 5]
120 Worker 2 accepting task 60
120 Worker 2 accepting task 40
120 Worker 4 accepting task 55
120 Worker 0 accepting task 57
120 Worker 1 accepting task 56
120 Worker 4 accepting task 49
120 Worker 4 processing task 52 requiring operations [3, 4]
120 Worker 4 forwarding task 52
120 Worker 0 processing task 57 requiring operations [10, 4]
120 Worker 0 performing operation 4 on task 57
120 Worker 2 processing task 60 requiring operations [10, 8, 5]
120 Worker 2 performing operation 10 on task 60
120 Worker 1 processing task 56 requiring operations [1]
120 Worker 1 forwarding task 56
121 Worker 0 accepting task 52
121 Worker 0 accepting task 57
121 Worker 2 accepting task 60
121 Worker 0 accepting task 56
121 Worker 4 processing task 59 requiring operations [7, 8, 5]
121 Worker 4 performing operation 7 on task 59
121 Worker 0 processing task 52 requiring operations [3, 4]
121 Worker 0 performing operation 3 on task 52
121 Worker 2 processing task 40 requiring operations [3, 4]
121 Worker 2 forwarding task 40
122 Generated task 61 with complexity 3 requiring operations [6, 4, 2]
122 Worker 2 accepting task 61
122 Worker 4 accepting task 59
122 Worker 0 accepting task 52
122 Worker 4 accepting task 40
122 Worker 4 processing task 48 requiring operations [4]
122 Worker 4 forwarding task 48
122 Worker 0 processing task 57 requiring operations [10]
122 Worker 0 forwarding task 57
122 Worker 2 processing task 60 requiring operations [8, 5]
122 Worker 2 performing operation 8 on task 60
123 Worker 2 accepting task 48
123 Worker 4 accepting task 57
123 Worker 2 accepting task 60
123 Worker 4 processing task 58 requiring operations [9, 1]
123 Worker 4 performing operation 9 on task 58
123 Worker 0 processing task 56 requiring operations [1]
123 Worker 0 forwarding task 56
123 Worker 2 processing task 61 requiring operations [6, 4, 2]
123 Worker 2 performing operation 2 on task 61
124 Generated task 62 with complexity 3 requiring operations [10, 1, 3]
124 Worker 2 accepting task 62
124 Worker 4 accepting task 58
124 Worker 4 accepting task 56
124 Worker 2 accepting task 61
124 Worker 4 processing task 55 requiring operations [10]
124 Worker 4 forwarding task 55
124 Worker 0 processing task 52 requiring operations [4]
124 Worker 0 performing operation 4 on task 52
124 Worker 2 processing task 48 requiring operations [4]
124 Worker 2 forwarding task 48
125 Worker 2 accepting task 55
125 Task 52 completed!
125 Worker 4 accepting task 48
125 Worker 4 processing task 49 requiring operations [6]
125 Worker 4 forwarding task 49
125 Worker 2 processing task 60 requiring operations [5]
125 Worker 2 performing operation 5 on task 60
126 Generated task 63 with complexity 3 requiring operations [6, 5, 7]
126 Worker 2 accepting task 63
126 Worker 2 accepting task 49
126 Task 60 completed!
126 Worker 4 processing task 59 requiring operations [8, 5]
126 Worker 4 forwarding task 59
126 Worker 2 processing task 62 requiring operations [10, 1, 3]
126 Worker 2 performing operation 10 on task 62
127 Worker 3 accepting task 59
127 Worker 2 accepting task 62
127 Worker 4 processing task 40 requiring operations [3, 4]
127 Worker 4 forwarding task 40
127 Worker 2 processing task 61 requiring operations [6, 4]
127 Worker 2 forwarding task 61
127 Worker 3 processing task 59 requiring operations [8, 5]
127 Worker 3 forwarding task 59
128 Generated task 64 with complexity 3 requiring operations [4, 5, 6]
128 Worker 2 accepting task 64
128 Worker 3 accepting task 40
128 Worker 1 accepting task 61
128 Worker 4 accepting task 59
128 Worker 4 processing task 57 requiring operations [10]
128 Worker 4 forwarding task 57
128 Worker 2 processing task 55 requiring operations [10]
128 Worker 2 performing operation 10 on task 55
128 Worker 3 processing task 40 requiring operations [3, 4]
128 Worker 3 forwarding task 40
128 Worker 1 processing task 61 requiring operations [6, 4]
128 Worker 1 forwarding task 61
129 Worker 3 accepting task 57
129 Task 55 completed!
129 Worker 4 accepting task 40
129 Worker 0 accepting task 61
129 Worker 4 processing task 58 requiring operations [1]
129 Worker 4 performing operation 1 on task 58
129 Worker 2 processing task 63 requiring operations [6, 5, 7]
129 Worker 2 performing operation 5 on task 63
129 Worker 3 processing task 57 requiring operations [10]
129 Worker 3 forwarding task 57
129 Worker 0 processing task 61 requiring operations [6, 4]
129 Worker 0 performing operation 4 on task 61
130 Generated task 65 with complexity 3 requiring operations [9, 6, 3]
130 Worker 0 accepting task 65
130 Task 58 completed!
130 Worker 2 accepting task 63
130 Worker 1 accepting task 57
130 Worker 0 accepting task 61
130 Worker 4 processing task 56 requiring operations [1]
130 Worker 4 performing operation 1 on task 56
130 Worker 2 processing task 49 requiring operations [6]
130 Worker 2 forwarding task 49
130 Worker 0 processing task 65 requiring operations [9, 6, 3]
130 Worker 0 performing operation 3 on task 65
130 Worker 1 processing task 57 requiring operations [10]
130 Worker 1 performing operation 10 on task 57
131 Task 56 completed!
131 Worker 4 accepting task 49
131 Worker 0 accepting task 65
131 Task 57 completed!
131 Worker 4 processing task 48 requiring operations [4]
131 Worker 4 forwarding task 48
131 Worker 2 processing task 62 requiring operations [1, 3]
131 Worker 2 forwarding task 62
131 Worker 0 processing task 61 requiring operations [6]
131 Worker 0 forwarding task 61
132 Generated task 66 with complexity 3 requiring operations [5, 4, 7]
132 Worker 1 accepting task 66
132 Worker 0 accepting task 48
132 Worker 4 accepting task 62
132 Worker 1 accepting task 61
132 Worker 4 processing task 59 requiring operations [8, 5]
132 Worker 4 forwarding task 59
132 Worker 2 processing task 64 requiring operations [4, 5, 6]
132 Worker 2 performing operation 5 on task 64
132 Worker 0 processing task 65 requiring operations [9, 6]
132 Worker 0 forwarding task 65
132 Worker 1 processing task 66 requiring operations [5, 4, 7]
132 Worker 1 performing operation 7 on task 66
133 Worker 3 accepting task 59
133 Worker 2 accepting task 64
133 Worker 4 accepting task 65
133 Worker 1 accepting task 66
133 Worker 4 processing task 40 requiring operations [3, 4]
133 Worker 4 forwarding task 40
133 Worker 2 processing task 63 requiring operations [6, 7]
133 Worker 2 forwarding task 63
133 Worker 0 processing task 48 requiring operations [4]
133 Worker 0 performing operation 4 on task 48
133 Worker 1 processing task 61 requiring operations [6]
133 Worker 1 forwarding task 61
133 Worker 3 processing task 59 requiring operations [8, 5]
133 Worker 3 forwarding task 59
134 Generated task 67 with complexity 3 requiring operations [3, 2, 10]
134 Worker 3 accepting task 67
134 Worker 0 accepting task 40
134 Worker 1 accepting task 63
134 Task 48 completed!
134 Worker 0 accepting task 61
134 Worker 1 accepting task 59
134 Worker 4 processing task 49 requiring operations [6]
134 Worker 4 forwarding task 49
134 Worker 2 processing task 64 requiring operations [4, 6]
134 Worker 2 forwarding task 64
134 Worker 0 processing task 40 requiring operations [3, 4]
134 Worker 0 performing operation 4 on task 40
134 Worker 1 processing task 66 requiring operations [5, 4]
134 Worker 1 forwarding task 66
134 Worker 3 processing task 67 requiring operations [3, 2, 10]
134 Worker 3 forwarding task 67
135 Worker 3 accepting task 49
135 Worker 1 accepting task 64
135 Worker 0 accepting task 40
135 Worker 2 accepting task 66
135 Worker 4 accepting task 67
135 Worker 4 processing task 62 requiring operations [1, 3]
135 Worker 4 performing operation 1 on task 62
135 Worker 0 processing task 61 requiring operations [6]
135 Worker 0 forwarding task 61
135 Worker 1 processing task 63 requiring operations [6, 7]
135 Worker 1 performing operation 7 on task 63
135 Worker 3 processing task 49 requiring operations [6]
135 Worker 3 performing operation 6 on task 49
135 Worker 2 processing task 66 requiring operations [5, 4]
135 Worker 2 performing operation 5 on task 66
136 Generated task 68 with complexity 3 requiring operations [9, 3, 6]
136 Worker 2 accepting task 68
136 Worker 4 accepting task 62
136 Worker 1 accepting task 61
136 Worker 1 accepting task 63
136 Task 49 completed!
136 Worker 2 accepting task 66
136 Worker 4 processing task 65 requiring operations [9, 6]
136 Worker 4 performing operation 9 on task 65
136 Worker 0 processing task 40 requiring operations [3]
136 Worker 0 performing operation 3 on task 40
136 Worker 1 processing task 59 requiring operations [8, 5]
136 Worker 1 forwarding task 59
136 Worker 2 processing task 68 requiring operations [9, 3, 6]
136 Worker 2 forwarding task 68
137 Worker 4 accepting task 65
137 Task 40 completed!
137 Worker 0 accepting task 59
137 Worker 4 accepting task 68
137 Worker 4 processing task 67 requiring operations [3, 2, 10]
137 Worker 4 performing operation 2 on task 67
137 Worker 1 processing task 64 requiring operations [4, 6]
137 Worker 1 forwarding task 64
137 Worker 2 processing task 66 requiring operations [4]
137 Worker 2 forwarding task 66
137 Worker 0 processing task 59 requiring operations [8, 5]
137 Worker 0 performing operation 5 on task 59
138 Generated task 69 with complexity 3 requiring operations [5, 9, 6]
138 Worker 1 accepting task 69
138 Worker 4 accepting task 67
138 Worker 3 accepting task 64
138 Worker 1 accepting task 66
138 Worker 0 accepting task 59
138 Worker 4 processing task 62 requiring operations [3]
138 Worker 4 forwarding task 62
138 Worker 1 processing task 61 requiring operations [6]
138 Worker 1 forwarding task 61
138 Worker 0 processing task 59 requiring operations [8]
138 Worker 0 forwarding task 59
138 Worker 3 processing task 64 requiring operations [4, 6]
138 Worker 3 performing operation 6 on task 64
139 Worker 0 accepting task 62
139 Worker 0 accepting task 61
139 Worker 1 accepting task 59
139 Worker 3 accepting task 64
139 Worker 4 processing task 65 requiring operations [6]
139 Worker 4 forwarding task 65
139 Worker 1 processing task 63 requiring operations [6]
139 Worker 1 forwarding task 63
139 Worker 0 processing task 62 requiring operations [3]
139 Worker 0 performing operation 3 on task 62
139 Worker 3 processing task 64 requiring operations [4]
139 Worker 3 forwarding task 64
140 Generated task 70 with complexity 3 requiring operations [1, 7, 8]
140 Worker 1 accepting task 70
140 Worker 0 accepting task 65
140 Worker 0 accepting task 63
140 Task 62 completed!
140 Worker 1 accepting task 64
140 Worker 4 processing task 68 requiring operations [9, 3, 6]
140 Worker 4 performing operation 9 on task 68
140 Worker 1 processing task 69 requiring operations [5, 9, 6]
140 Worker 1 performing operation 9 on task 69
140 Worker 0 processing task 61 requiring operations [6]
140 Worker 0 forwarding task 61
