Worker 0 can perform operations {10, 4}
Worker 1 can perform operations {1, 2, 4, 5, 7}
Worker 2 can perform operations {4, 6}
Worker 3 can perform operations {8, 9, 3, 1}
Worker 4 can perform operations {8}
Building network type random
Worker 0 connecting to worker 3
Worker 3 connecting to worker 0
Worker 0 connecting to worker 4
Worker 4 connecting to worker 0
Worker 1 connecting to worker 4
Worker 4 connecting to worker 1
Worker 1 connecting to worker 2
Worker 2 connecting to worker 1
Worker 2 connecting to worker 3
Worker 3 connecting to worker 2
Entry nodes are [0, 1, 2, 3, 4]
0 Generated task 0 with complexity 3 requiring operations [6, 2, 8]
0 Worker 2 accepting task 0
0 Worker 2 processing task 0 requiring operations [6, 2, 8]
0 Worker 2 performing operation 6 on task 0
1 Worker 2 accepting task 0
1 Worker 2 processing task 0 requiring operations [2, 8]
1 Worker 2 forwarding task 0
2 Generated task 1 with complexity 3 requiring operations [7, 8, 10]
2 Worker 2 accepting task 1
2 Worker 1 accepting task 0
2 Worker 2 processing task 1 requiring operations [7, 8, 10]
2 Worker 2 forwarding task 1
2 Worker 1 processing task 0 requiring operations [2, 8]
2 Worker 1 performing operation 2 on task 0
3 Worker 3 accepting task 1
3 Worker 1 accepting task 0
3 Worker 1 processing task 0 requiring operations [8]
3 Worker 1 forwarding task 0
3 Worker 3 processing task 1 requiring operations [7, 8, 10]
3 Worker 3 performing operation 8 on task 1
4 Generated task 2 with complexity 3 requiring operations [5, 8, 6]
4 Worker 4 accepting task 2
4 Worker 4 accepting task 0
4 Worker 3 accepting task 1
4 Worker 3 processing task 1 requiring operations [7, 10]
4 Worker 3 forwarding task 1
4 Worker 4 processing task 2 requiring operations [5, 8, 6]
4 Worker 4 performing operation 8 on task 2
5 Worker 0 accepting task 1
5 Worker 4 accepting task 2
5 Worker 4 processing task 0 requiring operations [8]
5 Worker 4 performing operation 8 on task 0
5 Worker 0 processing task 1 requiring operations [7, 10]
5 Worker 0 performing operation 10 on task 1
6 Generated task 3 with complexity 3 requiring operations [7, 8, 10]
6 Worker 4 accepting task 3
6 Task 0 completed!
6 Worker 0 accepting task 1
6 Worker 4 processing task 2 requiring operations [5, 6]
6 Worker 4 forwarding task 2
6 Worker 0 processing task 1 requiring operations [7]
6 Worker 0 forwarding task 1
7 Worker 1 accepting task 2
7 Worker 3 accepting task 1
7 Worker 4 processing task 3 requiring operations [7, 8, 10]
7 Worker 4 performing operation 8 on task 3
7 Worker 1 processing task 2 requiring operations [5, 6]
7 Worker 1 performing operation 5 on task 2
7 Worker 3 processing task 1 requiring operations [7]
7 Worker 3 forwarding task 1
8 Generated task 4 with complexity 3 requiring operations [4, 3, 1]
8 Worker 2 accepting task 4
8 Worker 4 accepting task 3
8 Worker 1 accepting task 2
8 Worker 2 accepting task 1
8 Worker 4 processing task 3 requiring operations [7, 10]
8 Worker 4 forwarding task 3
8 Worker 1 processing task 2 requiring operations [6]
8 Worker 1 forwarding task 2
8 Worker 2 processing task 4 requiring operations [4, 3, 1]
8 Worker 2 performing operation 4 on task 4
9 Worker 1 accepting task 3
9 Worker 4 accepting task 2
9 Worker 2 accepting task 4
9 Worker 1 processing task 3 requiring operations [7, 10]
9 Worker 1 performing operation 7 on task 3
9 Worker 2 processing task 1 requiring operations [7]
9 Worker 2 forwarding task 1
9 Worker 4 processing task 2 requiring operations [6]
9 Worker 4 forwarding task 2
10 Generated task 5 with complexity 3 requiring operations [3, 7, 4]
10 Worker 1 accepting task 5
10 Worker 1 accepting task 3
10 Worker 3 accepting task 1
10 Worker 0 accepting task 2
10 Worker 1 processing task 5 requiring operations [3, 7, 4]
10 Worker 1 performing operation 7 on task 5
10 Worker 2 processing task 4 requiring operations [3, 1]
10 Worker 2 forwarding task 4
10 Worker 3 processing task 1 requiring operations [7]
10 Worker 3 forwarding task 1
10 Worker 0 processing task 2 requiring operations [6]
10 Worker 0 forwarding task 2
11 Worker 1 accepting task 5
11 Worker 3 accepting task 4
11 Worker 2 accepting task 1
11 Worker 4 accepting task 2
11 Worker 1 processing task 3 requiring operations [10]
11 Worker 1 forwarding task 3
11 Worker 3 processing task 4 requiring operations [3, 1]
11 Worker 3 performing operation 1 on task 4
11 Worker 2 processing task 1 requiring operations [7]
11 Worker 2 forwarding task 1
11 Worker 4 processing task 2 requiring operations [6]
11 Worker 4 forwarding task 2
12 Generated task 6 with complexity 3 requiring operations [7, 10, 4]
12 Worker 3 accepting task 6
12 Worker 2 accepting task 3
12 Worker 3 accepting task 4
12 Worker 3 accepting task 1
12 Worker 0 accepting task 2
12 Worker 1 processing task 5 requiring operations [3, 4]
12 Worker 1 performing operation 4 on task 5
12 Worker 3 processing task 6 requiring operations [7, 10, 4]
12 Worker 3 forwarding task 6
12 Worker 2 processing task 3 requiring operations [10]
12 Worker 2 forwarding task 3
12 Worker 0 processing task 2 requiring operations [6]
12 Worker 0 forwarding task 2
13 Worker 1 accepting task 5
13 Worker 2 accepting task 6
13 Worker 1 accepting task 3
13 Worker 4 accepting task 2
13 Worker 1 processing task 5 requiring operations [3]
13 Worker 1 forwarding task 5
13 Worker 3 processing task 4 requiring operations [3]
13 Worker 3 performing operation 3 on task 4
13 Worker 2 processing task 6 requiring operations [7, 10, 4]
13 Worker 2 performing operation 4 on task 6
13 Worker 4 processing task 2 requiring operations [6]
13 Worker 4 forwarding task 2
14 Generated task 7 with complexity 3 requiring operations [9, 10, 1]
14 Worker 1 accepting task 7
14 Worker 2 accepting task 5
14 Task 4 completed!
14 Worker 2 accepting task 6
14 Worker 0 accepting task 2
14 Worker 1 processing task 3 requiring operations [10]
14 Worker 1 forwarding task 3
14 Worker 3 processing task 1 requiring operations [7]
14 Worker 3 forwarding task 1
14 Worker 2 processing task 5 requiring operations [3]
14 Worker 2 forwarding task 5
14 Worker 0 processing task 2 requiring operations [6]
14 Worker 0 forwarding task 2
15 Worker 2 accepting task 3
15 Worker 0 accepting task 1
15 Worker 3 accepting task 5
15 Worker 4 accepting task 2
15 Worker 1 processing task 7 requiring operations [9, 10, 1]
15 Worker 1 performing operation 1 on task 7
15 Worker 2 processing task 6 requiring operations [7, 10]
15 Worker 2 forwarding task 6
15 Worker 0 processing task 1 requiring operations [7]
15 Worker 0 forwarding task 1
15 Worker 3 processing task 5 requiring operations [3]
15 Worker 3 performing operation 3 on task 5
15 Worker 4 processing task 2 requiring operations [6]
15 Worker 4 forwarding task 2
16 Generated task 8 with complexity 3 requiring operations [7, 2, 8]
16 Worker 4 accepting task 8
16 Worker 1 accepting task 7
16 Worker 1 accepting task 6
16 Worker 3 accepting task 1
16 Task 5 completed!
16 Worker 0 accepting task 2
16 Worker 1 processing task 7 requiring operations [9, 10]
16 Worker 1 forwarding task 7
16 Worker 2 processing task 3 requiring operations [10]
16 Worker 2 forwarding task 3
16 Worker 3 processing task 1 requiring operations [7]
16 Worker 3 forwarding task 1
16 Worker 4 processing task 8 requiring operations [7, 2, 8]
16 Worker 4 performing operation 8 on task 8
16 Worker 0 processing task 2 requiring operations [6]
16 Worker 0 forwarding task 2
17 Worker 2 accepting task 7
17 Worker 3 accepting task 3
17 Worker 0 accepting task 1
17 Worker 4 accepting task 8
17 Worker 3 accepting task 2
17 Worker 1 processing task 6 requiring operations [7, 10]
17 Worker 1 performing operation 7 on task 6
17 Worker 2 processing task 7 requiring operations [9, 10]
17 Worker 2 forwarding task 7
17 Worker 3 processing task 3 requiring operations [10]
17 Worker 3 forwarding task 3
17 Worker 4 processing task 8 requiring operations [7, 2]
17 Worker 4 forwarding task 8
17 Worker 0 processing task 1 requiring operations [7]
17 Worker 0 forwarding task 1
18 Generated task 9 with complexity 3 requiring operations [3, 6, 8]
18 Worker 0 accepting task 9
18 Worker 1 accepting task 6
18 Worker 3 accepting task 7
18 Worker 2 accepting task 3
18 Worker 0 accepting task 8
18 Worker 4 accepting task 1
18 Worker 1 processing task 6 requiring operations [10]
18 Worker 1 forwarding task 6
18 Worker 3 processing task 2 requiring operations [6]
18 Worker 3 forwarding task 2
18 Worker 0 processing task 9 requiring operations [3, 6, 8]
18 Worker 0 forwarding task 9
18 Worker 2 processing task 3 requiring operations [10]
18 Worker 2 forwarding task 3
18 Worker 4 processing task 1 requiring operations [7]
18 Worker 4 forwarding task 1
19 Worker 2 accepting task 6
19 Worker 0 accepting task 2
19 Worker 4 accepting task 9
19 Worker 1 accepting task 3
19 Worker 1 accepting task 1
19 Worker 3 processing task 7 requiring operations [9, 10]
19 Worker 3 performing operation 9 on task 7
19 Worker 0 processing task 8 requiring operations [7, 2]
19 Worker 0 forwarding task 8
19 Worker 2 processing task 6 requiring operations [10]
19 Worker 2 forwarding task 6
19 Worker 4 processing task 9 requiring operations [3, 6, 8]
19 Worker 4 performing operation 8 on task 9
19 Worker 1 processing task 3 requiring operations [10]
19 Worker 1 forwarding task 3
20 Generated task 10 with complexity 3 requiring operations [10, 3, 4]
20 Worker 2 accepting task 10
20 Worker 3 accepting task 7
20 Worker 3 accepting task 8
20 Worker 3 accepting task 6
20 Worker 4 accepting task 9
20 Worker 4 accepting task 3
20 Worker 3 processing task 7 requiring operations [10]
20 Worker 3 forwarding task 7
20 Worker 0 processing task 2 requiring operations [6]
20 Worker 0 forwarding task 2
20 Worker 2 processing task 10 requiring operations [10, 3, 4]
20 Worker 2 performing operation 4 on task 10
20 Worker 4 processing task 9 requiring operations [3, 6]
20 Worker 4 forwarding task 9
20 Worker 1 processing task 1 requiring operations [7]
20 Worker 1 performing operation 7 on task 1
21 Worker 2 accepting task 7
21 Worker 3 accepting task 2
21 Worker 2 accepting task 10
21 Worker 1 accepting task 9
21 Task 1 completed!
21 Worker 3 processing task 8 requiring operations [7, 2]
21 Worker 3 forwarding task 8
21 Worker 2 processing task 7 requiring operations [10]
21 Worker 2 forwarding task 7
21 Worker 4 processing task 3 requiring operations [10]
21 Worker 4 forwarding task 3
21 Worker 1 processing task 9 requiring operations [3, 6]
21 Worker 1 forwarding task 9
22 Generated task 11 with complexity 3 requiring operations [2, 6, 8]
22 Worker 0 accepting task 11
22 Worker 0 accepting task 8
22 Worker 3 accepting task 7
22 Worker 1 accepting task 3
22 Worker 2 accepting task 9
22 Worker 3 processing task 6 requiring operations [10]
22 Worker 3 forwarding task 6
22 Worker 2 processing task 10 requiring operations [10, 3]
22 Worker 2 forwarding task 10
22 Worker 1 processing task 3 requiring operations [10]
22 Worker 1 forwarding task 3
22 Worker 0 processing task 11 requiring operations [2, 6, 8]
22 Worker 0 forwarding task 11
23 Worker 2 accepting task 6
23 Worker 3 accepting task 10
23 Worker 2 accepting task 3
23 Worker 4 accepting task 11
23 Worker 3 processing task 2 requiring operations [6]
23 Worker 3 forwarding task 2
23 Worker 2 processing task 9 requiring operations [3, 6]
23 Worker 2 performing operation 6 on task 9
23 Worker 0 processing task 8 requiring operations [7, 2]
23 Worker 0 forwarding task 8
23 Worker 4 processing task 11 requiring operations [2, 6, 8]
23 Worker 4 performing operation 8 on task 11
24 Generated task 12 with complexity 3 requiring operations [1, 2, 10]
24 Worker 4 accepting task 12
24 Worker 2 accepting task 2
24 Worker 2 accepting task 9
24 Worker 4 accepting task 8
24 Worker 4 accepting task 11
24 Worker 3 processing task 7 requiring operations [10]
24 Worker 3 forwarding task 7
24 Worker 2 processing task 6 requiring operations [10]
24 Worker 2 forwarding task 6
24 Worker 4 processing task 12 requiring operations [1, 2, 10]
24 Worker 4 forwarding task 12
25 Worker 2 accepting task 7
25 Worker 1 accepting task 6
25 Worker 1 accepting task 12
25 Worker 3 processing task 10 requiring operations [10, 3]
25 Worker 3 performing operation 3 on task 10
25 Worker 2 processing task 3 requiring operations [10]
25 Worker 2 forwarding task 3
25 Worker 4 processing task 8 requiring operations [7, 2]
25 Worker 4 forwarding task 8
25 Worker 1 processing task 6 requiring operations [10]
25 Worker 1 forwarding task 6
26 Generated task 13 with complexity 3 requiring operations [4, 10, 1]
26 Worker 4 accepting task 13
26 Worker 3 accepting task 10
26 Worker 1 accepting task 3
26 Worker 0 accepting task 8
26 Worker 2 accepting task 6
26 Worker 3 processing task 10 requiring operations [10]
26 Worker 3 forwarding task 10
26 Worker 2 processing task 2 requiring operations [6]
26 Worker 2 performing operation 6 on task 2
26 Worker 4 processing task 11 requiring operations [2, 6]
26 Worker 4 forwarding task 11
26 Worker 1 processing task 12 requiring operations [1, 2, 10]
26 Worker 1 performing operation 1 on task 12
26 Worker 0 processing task 8 requiring operations [7, 2]
26 Worker 0 forwarding task 8
27 Worker 2 accepting task 10
27 Task 2 completed!
27 Worker 1 accepting task 11
27 Worker 1 accepting task 12
27 Worker 4 accepting task 8
27 Worker 2 processing task 9 requiring operations [3]
27 Worker 2 forwarding task 9
27 Worker 4 processing task 13 requiring operations [4, 10, 1]
27 Worker 4 forwarding task 13
27 Worker 1 processing task 3 requiring operations [10]
27 Worker 1 forwarding task 3
28 Generated task 14 with complexity 3 requiring operations [6, 7, 10]
28 Worker 1 accepting task 14
28 Worker 1 accepting task 9
28 Worker 1 accepting task 13
28 Worker 2 accepting task 3
28 Worker 2 processing task 7 requiring operations [10]
28 Worker 2 forwarding task 7
28 Worker 4 processing task 8 requiring operations [7, 2]
28 Worker 4 forwarding task 8
28 Worker 1 processing task 11 requiring operations [2, 6]
28 Worker 1 performing operation 2 on task 11
29 Worker 3 accepting task 7
29 Worker 0 accepting task 8
29 Worker 1 accepting task 11
29 Worker 2 processing task 6 requiring operations [10]
29 Worker 2 forwarding task 6
29 Worker 1 processing task 12 requiring operations [2, 10]
29 Worker 1 performing operation 2 on task 12
29 Worker 3 processing task 7 requiring operations [10]
29 Worker 3 forwarding task 7
29 Worker 0 processing task 8 requiring operations [7, 2]
29 Worker 0 forwarding task 8
30 Generated task 15 with complexity 3 requiring operations [8, 1, 5]
30 Worker 1 accepting task 15
30 Worker 3 accepting task 6
30 Worker 1 accepting task 12
30 Worker 2 accepting task 7
30 Worker 4 accepting task 8
30 Worker 2 processing task 10 requiring operations [10]
30 Worker 2 forwarding task 10
30 Worker 1 processing task 14 requiring operations [6, 7, 10]
30 Worker 1 performing operation 7 on task 14
30 Worker 3 processing task 6 requiring operations [10]
30 Worker 3 forwarding task 6
30 Worker 4 processing task 8 requiring operations [7, 2]
30 Worker 4 forwarding task 8
31 Worker 3 accepting task 10
31 Worker 1 accepting task 14
31 Worker 2 accepting task 6
31 Worker 1 accepting task 8
31 Worker 2 processing task 3 requiring operations [10]
31 Worker 2 forwarding task 3
31 Worker 1 processing task 9 requiring operations [3]
31 Worker 1 forwarding task 9
31 Worker 3 processing task 10 requiring operations [10]
31 Worker 3 forwarding task 10
32 Generated task 16 with complexity 3 requiring operations [1, 3, 4]
32 Worker 4 accepting task 16
32 Worker 1 accepting task 3
32 Worker 4 accepting task 9
32 Worker 0 accepting task 10
32 Worker 2 processing task 7 requiring operations [10]
32 Worker 2 forwarding task 7
32 Worker 1 processing task 13 requiring operations [4, 10, 1]
32 Worker 1 performing operation 1 on task 13
32 Worker 4 processing task 16 requiring operations [1, 3, 4]
32 Worker 4 forwarding task 16
32 Worker 0 processing task 10 requiring operations [10]
32 Worker 0 performing operation 10 on task 10
33 Worker 3 accepting task 7
33 Worker 1 accepting task 13
33 Worker 1 accepting task 16
33 Task 10 completed!
33 Worker 2 processing task 6 requiring operations [10]
33 Worker 2 forwarding task 6
33 Worker 1 processing task 11 requiring operations [6]
33 Worker 1 forwarding task 11
33 Worker 4 processing task 9 requiring operations [3]
33 Worker 4 forwarding task 9
33 Worker 3 processing task 7 requiring operations [10]
33 Worker 3 forwarding task 7
34 Generated task 17 with complexity 3 requiring operations [1, 6, 4]
34 Worker 3 accepting task 17
34 Worker 1 accepting task 6
34 Worker 2 accepting task 11
34 Worker 1 accepting task 9
34 Worker 0 accepting task 7
34 Worker 1 processing task 15 requiring operations [8, 1, 5]
34 Worker 1 performing operation 5 on task 15
34 Worker 3 processing task 17 requiring operations [1, 6, 4]
34 Worker 3 performing operation 1 on task 17
34 Worker 2 processing task 11 requiring operations [6]
34 Worker 2 performing operation 6 on task 11
34 Worker 0 processing task 7 requiring operations [10]
34 Worker 0 performing operation 10 on task 7
35 Worker 1 accepting task 15
35 Worker 3 accepting task 17
35 Task 11 completed!
35 Task 7 completed!
35 Worker 1 processing task 12 requiring operations [10]
35 Worker 1 forwarding task 12
35 Worker 3 processing task 17 requiring operations [6, 4]
35 Worker 3 forwarding task 17
36 Generated task 18 with complexity 3 requiring operations [4, 7, 8]
36 Worker 4 accepting task 18
36 Worker 4 accepting task 12
36 Worker 0 accepting task 17
36 Worker 1 processing task 14 requiring operations [6, 10]
36 Worker 1 forwarding task 14
36 Worker 4 processing task 18 requiring operations [4, 7, 8]
36 Worker 4 performing operation 8 on task 18
36 Worker 0 processing task 17 requiring operations [6, 4]
36 Worker 0 performing operation 4 on task 17
37 Worker 2 accepting task 14
37 Worker 4 accepting task 18
37 Worker 0 accepting task 17
37 Worker 1 processing task 8 requiring operations [7, 2]
37 Worker 1 performing operation 7 on task 8
37 Worker 4 processing task 12 requiring operations [10]
37 Worker 4 forwarding task 12
37 Worker 0 processing task 17 requiring operations [6]
37 Worker 0 forwarding task 17
37 Worker 2 processing task 14 requiring operations [6, 10]
37 Worker 2 performing operation 6 on task 14
38 Generated task 19 with complexity 3 requiring operations [2, 6, 9]
38 Worker 2 accepting task 19
38 Worker 1 accepting task 8
38 Worker 1 accepting task 12
38 Worker 4 accepting task 17
38 Worker 2 accepting task 14
38 Worker 1 processing task 3 requiring operations [10]
38 Worker 1 forwarding task 3
38 Worker 4 processing task 18 requiring operations [4, 7]
38 Worker 4 forwarding task 18
38 Worker 2 processing task 19 requiring operations [2, 6, 9]
38 Worker 2 performing operation 6 on task 19
39 Worker 4 accepting task 3
39 Worker 1 accepting task 18
39 Worker 2 accepting task 19
39 Worker 1 processing task 13 requiring operations [4, 10]
39 Worker 1 performing operation 4 on task 13
39 Worker 4 processing task 17 requiring operations [6]
39 Worker 4 forwarding task 17
39 Worker 2 processing task 14 requiring operations [10]
39 Worker 2 forwarding task 14
40 Generated task 20 with complexity 3 requiring operations [6, 7, 4]
40 Worker 1 accepting task 20
40 Worker 1 accepting task 13
40 Worker 1 accepting task 17
40 Worker 3 accepting task 14
40 Worker 1 processing task 16 requiring operations [1, 3, 4]
40 Worker 1 performing operation 4 on task 16
40 Worker 4 processing task 3 requiring operations [10]
40 Worker 4 forwarding task 3
40 Worker 2 processing task 19 requiring operations [2, 9]
40 Worker 2 forwarding task 19
40 Worker 3 processing task 14 requiring operations [10]
40 Worker 3 forwarding task 14
41 Worker 1 accepting task 16
41 Worker 0 accepting task 3
41 Worker 1 accepting task 19
41 Worker 0 accepting task 14
41 Worker 1 processing task 6 requiring operations [10]
41 Worker 1 forwarding task 6
41 Worker 0 processing task 3 requiring operations [10]
41 Worker 0 performing operation 10 on task 3
42 Generated task 21 with complexity 3 requiring operations [8, 4, 3]
42 Worker 3 accepting task 21
42 Worker 4 accepting task 6
42 Task 3 completed!
42 Worker 1 processing task 9 requiring operations [3]
42 Worker 1 forwarding task 9
42 Worker 0 processing task 14 requiring operations [10]
42 Worker 0 performing operation 10 on task 14
42 Worker 3 processing task 21 requiring operations [8, 4, 3]
42 Worker 3 performing operation 8 on task 21
42 Worker 4 processing task 6 requiring operations [10]
42 Worker 4 forwarding task 6
43 Worker 2 accepting task 9
43 Task 14 completed!
43 Worker 3 accepting task 21
43 Worker 0 accepting task 6
43 Worker 1 processing task 15 requiring operations [8, 1]
43 Worker 1 performing operation 1 on task 15
43 Worker 3 processing task 21 requiring operations [4, 3]
43 Worker 3 performing operation 3 on task 21
43 Worker 2 processing task 9 requiring operations [3]
43 Worker 2 forwarding task 9
43 Worker 0 processing task 6 requiring operations [10]
43 Worker 0 performing operation 10 on task 6
44 Generated task 22 with complexity 3 requiring operations [8, 9, 6]
44 Worker 4 accepting task 22
44 Worker 1 accepting task 15
44 Worker 3 accepting task 21
44 Worker 1 accepting task 9
44 Task 6 completed!
44 Worker 1 processing task 8 requiring operations [2]
44 Worker 1 performing operation 2 on task 8
44 Worker 3 processing task 21 requiring operations [4]
44 Worker 3 forwarding task 21
44 Worker 4 processing task 22 requiring operations [8, 9, 6]
44 Worker 4 performing operation 8 on task 22
45 Task 8 completed!
45 Worker 0 accepting task 21
45 Worker 4 accepting task 22
45 Worker 1 processing task 12 requiring operations [10]
45 Worker 1 forwarding task 12
45 Worker 4 processing task 22 requiring operations [9, 6]
45 Worker 4 forwarding task 22
45 Worker 0 processing task 21 requiring operations [4]
45 Worker 0 performing operation 4 on task 21
46 Generated task 23 with complexity 3 requiring operations [3, 4, 7]
46 Worker 0 accepting task 23
46 Worker 2 accepting task 12
46 Worker 1 accepting task 22
46 Task 21 completed!
46 Worker 1 processing task 18 requiring operations [4, 7]
46 Worker 1 performing operation 7 on task 18
46 Worker 0 processing task 23 requiring operations [3, 4, 7]
46 Worker 0 performing operation 4 on task 23
46 Worker 2 processing task 12 requiring operations [10]
46 Worker 2 forwarding task 12
47 Worker 1 accepting task 18
47 Worker 0 accepting task 23
47 Worker 1 accepting task 12
47 Worker 1 processing task 20 requiring operations [6, 7, 4]
47 Worker 1 performing operation 7 on task 20
47 Worker 0 processing task 23 requiring operations [3, 7]
47 Worker 0 forwarding task 23
48 Generated task 24 with complexity 3 requiring operations [5, 2, 6]
48 Worker 4 accepting task 24
48 Worker 1 accepting task 20
48 Worker 3 accepting task 23
48 Worker 1 processing task 13 requiring operations [10]
48 Worker 1 forwarding task 13
48 Worker 4 processing task 24 requiring operations [5, 2, 6]
48 Worker 4 forwarding task 24
48 Worker 3 processing task 23 requiring operations [3, 7]
48 Worker 3 performing operation 3 on task 23
49 Worker 2 accepting task 13
49 Worker 0 accepting task 24
49 Worker 3 accepting task 23
49 Worker 1 processing task 17 requiring operations [6]
49 Worker 1 forwarding task 17
49 Worker 3 processing task 23 requiring operations [7]
49 Worker 3 forwarding task 23
49 Worker 2 processing task 13 requiring operations [10]
49 Worker 2 forwarding task 13
49 Worker 0 processing task 24 requiring operations [5, 2, 6]
49 Worker 0 forwarding task 24
50 Generated task 25 with complexity 3 requiring operations [3, 7, 2]
50 Worker 4 accepting task 25
50 Worker 4 accepting task 17
50 Worker 2 accepting task 23
50 Worker 3 accepting task 13
50 Worker 3 accepting task 24
50 Worker 1 processing task 16 requiring operations [1, 3]
50 Worker 1 performing operation 1 on task 16
50 Worker 2 processing task 23 requiring operations [7]
50 Worker 2 forwarding task 23
50 Worker 4 processing task 25 requiring operations [3, 7, 2]
50 Worker 4 forwarding task 25
50 Worker 3 processing task 13 requiring operations [10]
50 Worker 3 forwarding task 13
51 Worker 1 accepting task 16
51 Worker 1 accepting task 23
51 Worker 1 accepting task 25
51 Worker 0 accepting task 13
51 Worker 1 processing task 19 requiring operations [2, 9]
51 Worker 1 performing operation 2 on task 19
51 Worker 4 processing task 17 requiring operations [6]
51 Worker 4 forwarding task 17
51 Worker 3 processing task 24 requiring operations [5, 2, 6]
51 Worker 3 forwarding task 24
51 Worker 0 processing task 13 requiring operations [10]
51 Worker 0 performing operation 10 on task 13
52 Generated task 26 with complexity 3 requiring operations [10, 4, 2]
52 Worker 3 accepting task 26
52 Worker 1 accepting task 19
52 Worker 1 accepting task 17
52 Worker 0 accepting task 24
52 Task 13 completed!
52 Worker 1 processing task 15 requiring operations [8]
52 Worker 1 forwarding task 15
52 Worker 3 processing task 26 requiring operations [10, 4, 2]
52 Worker 3 forwarding task 26
52 Worker 0 processing task 24 requiring operations [5, 2, 6]
52 Worker 0 forwarding task 24
53 Worker 2 accepting task 15
53 Worker 0 accepting task 26
53 Worker 3 accepting task 24
53 Worker 1 processing task 9 requiring operations [3]
53 Worker 1 forwarding task 9
53 Worker 0 processing task 26 requiring operations [10, 4, 2]
53 Worker 0 performing operation 4 on task 26
53 Worker 2 processing task 15 requiring operations [8]
53 Worker 2 forwarding task 15
53 Worker 3 processing task 24 requiring operations [5, 2, 6]
53 Worker 3 forwarding task 24
54 Generated task 27 with complexity 3 requiring operations [4, 1, 9]
54 Worker 0 accepting task 27
54 Worker 4 accepting task 9
54 Worker 0 accepting task 26
54 Worker 3 accepting task 15
54 Worker 2 accepting task 24
54 Worker 1 processing task 22 requiring operations [9, 6]
54 Worker 1 forwarding task 22
54 Worker 0 processing task 27 requiring operations [4, 1, 9]
54 Worker 0 performing operation 4 on task 27
54 Worker 3 processing task 15 requiring operations [8]
54 Worker 3 performing operation 8 on task 15
54 Worker 4 processing task 9 requiring operations [3]
54 Worker 4 forwarding task 9
54 Worker 2 processing task 24 requiring operations [5, 2, 6]
54 Worker 2 performing operation 6 on task 24
55 Worker 4 accepting task 22
55 Worker 0 accepting task 27
55 Task 15 completed!
55 Worker 0 accepting task 9
55 Worker 2 accepting task 24
55 Worker 1 processing task 18 requiring operations [4]
55 Worker 1 performing operation 4 on task 18
55 Worker 0 processing task 26 requiring operations [10, 2]
55 Worker 0 performing operation 10 on task 26
55 Worker 4 processing task 22 requiring operations [9, 6]
55 Worker 4 forwarding task 22
55 Worker 2 processing task 24 requiring operations [5, 2]
55 Worker 2 forwarding task 24
56 Generated task 28 with complexity 3 requiring operations [3, 10, 2]
56 Worker 1 accepting task 28
56 Task 18 completed!
56 Worker 0 accepting task 26
56 Worker 0 accepting task 22
56 Worker 1 accepting task 24
56 Worker 1 processing task 12 requiring operations [10]
56 Worker 1 forwarding task 12
56 Worker 0 processing task 27 requiring operations [1, 9]
56 Worker 0 forwarding task 27
57 Worker 4 accepting task 12
57 Worker 3 accepting task 27
57 Worker 1 processing task 20 requiring operations [6, 4]
57 Worker 1 performing operation 4 on task 20
57 Worker 0 processing task 9 requiring operations [3]
57 Worker 0 forwarding task 9
57 Worker 4 processing task 12 requiring operations [10]
57 Worker 4 forwarding task 12
57 Worker 3 processing task 27 requiring operations [1, 9]
57 Worker 3 performing operation 1 on task 27
58 Generated task 29 with complexity 3 requiring operations [9, 5, 6]
58 Worker 3 accepting task 29
58 Worker 1 accepting task 20
58 Worker 4 accepting task 9
58 Worker 1 accepting task 12
58 Worker 3 accepting task 27
58 Worker 1 processing task 16 requiring operations [3]
58 Worker 1 forwarding task 16
58 Worker 0 processing task 26 requiring operations [2]
58 Worker 0 forwarding task 26
58 Worker 4 processing task 9 requiring operations [3]
58 Worker 4 forwarding task 9
58 Worker 3 processing task 29 requiring operations [9, 5, 6]
58 Worker 3 performing operation 9 on task 29
59 Worker 4 accepting task 16
59 Worker 4 accepting task 26
59 Worker 0 accepting task 9
59 Worker 3 accepting task 29
59 Worker 1 processing task 23 requiring operations [7]
59 Worker 1 performing operation 7 on task 23
59 Worker 0 processing task 22 requiring operations [9, 6]
59 Worker 0 forwarding task 22
59 Worker 4 processing task 16 requiring operations [3]
59 Worker 4 forwarding task 16
59 Worker 3 processing task 27 requiring operations [9]
59 Worker 3 performing operation 9 on task 27
60 Generated task 30 with complexity 3 requiring operations [7, 6, 4]
60 Worker 0 accepting task 30
60 Task 23 completed!
60 Worker 3 accepting task 22
60 Worker 1 accepting task 16
60 Task 27 completed!
60 Worker 1 processing task 25 requiring operations [3, 7, 2]
60 Worker 1 performing operation 7 on task 25
60 Worker 0 processing task 9 requiring operations [3]
60 Worker 0 forwarding task 9
60 Worker 4 processing task 26 requiring operations [2]
60 Worker 4 forwarding task 26
60 Worker 3 processing task 29 requiring operations [5, 6]
60 Worker 3 forwarding task 29
61 Worker 1 accepting task 25
61 Worker 3 accepting task 9
61 Worker 1 accepting task 26
61 Worker 0 accepting task 29
61 Worker 1 processing task 19 requiring operations [9]
61 Worker 1 forwarding task 19
61 Worker 0 processing task 30 requiring operations [7, 6, 4]
61 Worker 0 performing operation 4 on task 30
61 Worker 3 processing task 22 requiring operations [9, 6]
61 Worker 3 performing operation 9 on task 22
62 Generated task 31 with complexity 3 requiring operations [8, 9, 2]
62 Worker 4 accepting task 31
62 Worker 2 accepting task 19
62 Worker 0 accepting task 30
62 Worker 3 accepting task 22
62 Worker 1 processing task 17 requiring operations [6]
62 Worker 1 forwarding task 17
62 Worker 0 processing task 29 requiring operations [5, 6]
62 Worker 0 forwarding task 29
62 Worker 3 processing task 9 requiring operations [3]
62 Worker 3 performing operation 3 on task 9
62 Worker 4 processing task 31 requiring operations [8, 9, 2]
62 Worker 4 performing operation 8 on task 31
62 Worker 2 processing task 19 requiring operations [9]
62 Worker 2 forwarding task 19
63 Worker 2 accepting task 17
63 Worker 3 accepting task 29
63 Task 9 completed!
63 Worker 4 accepting task 31
63 Worker 3 accepting task 19
63 Worker 1 processing task 28 requiring operations [3, 10, 2]
63 Worker 1 performing operation 2 on task 28
63 Worker 0 processing task 30 requiring operations [7, 6]
63 Worker 0 forwarding task 30
63 Worker 3 processing task 22 requiring operations [6]
63 Worker 3 forwarding task 22
63 Worker 4 processing task 31 requiring operations [9, 2]
63 Worker 4 forwarding task 31
63 Worker 2 processing task 17 requiring operations [6]
63 Worker 2 performing operation 6 on task 17
64 Generated task 32 with complexity 3 requiring operations [10, 5, 9]
64 Worker 2 accepting task 32
64 Worker 1 accepting task 28
64 Worker 3 accepting task 30
64 Worker 0 accepting task 22
64 Worker 1 accepting task 31
64 Task 17 completed!
64 Worker 1 processing task 24 requiring operations [5, 2]
64 Worker 1 performing operation 2 on task 24
64 Worker 3 processing task 29 requiring operations [5, 6]
64 Worker 3 forwarding task 29
64 Worker 2 processing task 32 requiring operations [10, 5, 9]
64 Worker 2 forwarding task 32
64 Worker 0 processing task 22 requiring operations [6]
64 Worker 0 forwarding task 22
65 Worker 1 accepting task 24
65 Worker 0 accepting task 29
65 Worker 1 accepting task 32
65 Worker 3 accepting task 22
65 Worker 1 processing task 20 requiring operations [6]
65 Worker 1 forwarding task 20
65 Worker 3 processing task 19 requiring operations [9]
65 Worker 3 performing operation 9 on task 19
65 Worker 0 processing task 29 requiring operations [5, 6]
65 Worker 0 forwarding task 29
66 Generated task 33 with complexity 3 requiring operations [6, 10, 4]
66 Worker 1 accepting task 33
66 Worker 4 accepting task 20
66 Task 19 completed!
66 Worker 4 accepting task 29
66 Worker 1 processing task 12 requiring operations [10]
66 Worker 1 forwarding task 12
66 Worker 3 processing task 30 requiring operations [7, 6]
66 Worker 3 forwarding task 30
66 Worker 4 processing task 20 requiring operations [6]
66 Worker 4 forwarding task 20
67 Worker 2 accepting task 12
67 Worker 0 accepting task 30
67 Worker 1 accepting task 20
67 Worker 1 processing task 16 requiring operations [3]
67 Worker 1 forwarding task 16
67 Worker 3 processing task 22 requiring operations [6]
67 Worker 3 forwarding task 22
67 Worker 4 processing task 29 requiring operations [5, 6]
67 Worker 4 forwarding task 29
67 Worker 2 processing task 12 requiring operations [10]
67 Worker 2 forwarding task 12
67 Worker 0 processing task 30 requiring operations [7, 6]
67 Worker 0 forwarding task 30
68 Generated task 34 with complexity 3 requiring operations [10, 1, 6]
68 Worker 0 accepting task 34
68 Worker 2 accepting task 16
68 Worker 2 accepting task 22
68 Worker 1 accepting task 29
68 Worker 1 accepting task 12
68 Worker 4 accepting task 30
68 Worker 1 processing task 25 requiring operations [3, 2]
68 Worker 1 performing operation 2 on task 25
68 Worker 2 processing task 16 requiring operations [3]
68 Worker 2 forwarding task 16
68 Worker 0 processing task 34 requiring operations [10, 1, 6]
68 Worker 0 performing operation 10 on task 34
68 Worker 4 processing task 30 requiring operations [7, 6]
68 Worker 4 forwarding task 30
69 Worker 1 accepting task 25
69 Worker 3 accepting task 16
69 Worker 0 accepting task 34
69 Worker 0 accepting task 30
69 Worker 1 processing task 26 requiring operations [2]
69 Worker 1 performing operation 2 on task 26
69 Worker 2 processing task 22 requiring operations [6]
69 Worker 2 performing operation 6 on task 22
69 Worker 0 processing task 34 requiring operations [1, 6]
69 Worker 0 forwarding task 34
69 Worker 3 processing task 16 requiring operations [3]
69 Worker 3 performing operation 3 on task 16
70 Generated task 35 with complexity 3 requiring operations [2, 1, 9]
70 Worker 4 accepting task 35
70 Task 26 completed!
70 Task 22 completed!
70 Worker 4 accepting task 34
70 Task 16 completed!
70 Worker 1 processing task 28 requiring operations [3, 10]
70 Worker 1 forwarding task 28
70 Worker 0 processing task 30 requiring operations [7, 6]
70 Worker 0 forwarding task 30
70 Worker 4 processing task 35 requiring operations [2, 1, 9]
70 Worker 4 forwarding task 35
71 Worker 4 accepting task 28
71 Worker 4 accepting task 30
71 Worker 0 accepting task 35
71 Worker 1 processing task 31 requiring operations [9, 2]
71 Worker 1 performing operation 2 on task 31
71 Worker 4 processing task 34 requiring operations [1, 6]
71 Worker 4 forwarding task 34
71 Worker 0 processing task 35 requiring operations [2, 1, 9]
71 Worker 0 forwarding task 35
72 Generated task 36 with complexity 3 requiring operations [4, 10, 3]
72 Worker 3 accepting task 36
72 Worker 1 accepting task 31
72 Worker 0 accepting task 34
72 Worker 4 accepting task 35
72 Worker 1 processing task 24 requiring operations [5]
72 Worker 1 performing operation 5 on task 24
72 Worker 4 processing task 28 requiring operations [3, 10]
72 Worker 4 forwarding task 28
72 Worker 0 processing task 34 requiring operations [1, 6]
72 Worker 0 forwarding task 34
72 Worker 3 processing task 36 requiring operations [4, 10, 3]
72 Worker 3 performing operation 3 on task 36
73 Task 24 completed!
73 Worker 1 accepting task 28
73 Worker 4 accepting task 34
73 Worker 3 accepting task 36
73 Worker 1 processing task 32 requiring operations [10, 5, 9]
73 Worker 1 performing operation 5 on task 32
73 Worker 4 processing task 30 requiring operations [7, 6]
73 Worker 4 forwarding task 30
73 Worker 3 processing task 36 requiring operations [4, 10]
73 Worker 3 forwarding task 36
74 Generated task 37 with complexity 3 requiring operations [5, 4, 7]
74 Worker 0 accepting task 37
74 Worker 1 accepting task 32
74 Worker 1 accepting task 30
74 Worker 0 accepting task 36
74 Worker 1 processing task 33 requiring operations [6, 10, 4]
74 Worker 1 performing operation 4 on task 33
74 Worker 4 processing task 35 requiring operations [2, 1, 9]
74 Worker 4 forwarding task 35
74 Worker 0 processing task 37 requiring operations [5, 4, 7]
74 Worker 0 performing operation 4 on task 37
75 Worker 1 accepting task 33
75 Worker 1 accepting task 35
75 Worker 0 accepting task 37
75 Worker 1 processing task 20 requiring operations [6]
75 Worker 1 forwarding task 20
75 Worker 4 processing task 34 requiring operations [1, 6]
75 Worker 4 forwarding task 34
75 Worker 0 processing task 36 requiring operations [4, 10]
75 Worker 0 performing operation 4 on task 36
76 Generated task 38 with complexity 3 requiring operations [8, 9, 2]
76 Worker 0 accepting task 38
76 Worker 2 accepting task 20
76 Worker 1 accepting task 34
76 Worker 0 accepting task 36
76 Worker 1 processing task 29 requiring operations [5, 6]
76 Worker 1 performing operation 5 on task 29
76 Worker 0 processing task 37 requiring operations [5, 7]
76 Worker 0 forwarding task 37
76 Worker 2 processing task 20 requiring operations [6]
76 Worker 2 performing operation 6 on task 20
77 Worker 1 accepting task 29
77 Worker 4 accepting task 37
77 Task 20 completed!
77 Worker 1 processing task 12 requiring operations [10]
77 Worker 1 forwarding task 12
77 Worker 0 processing task 38 requiring operations [8, 9, 2]
77 Worker 0 forwarding task 38
77 Worker 4 processing task 37 requiring operations [5, 7]
77 Worker 4 forwarding task 37
78 Generated task 39 with complexity 3 requiring operations [2, 5, 1]
78 Worker 0 accepting task 39
78 Worker 2 accepting task 12
78 Worker 4 accepting task 38
78 Worker 1 accepting task 37
78 Worker 1 processing task 25 requiring operations [3]
78 Worker 1 forwarding task 25
78 Worker 0 processing task 36 requiring operations [10]
78 Worker 0 performing operation 10 on task 36
78 Worker 4 processing task 38 requiring operations [8, 9, 2]
78 Worker 4 performing operation 8 on task 38
78 Worker 2 processing task 12 requiring operations [10]
78 Worker 2 forwarding task 12
79 Worker 2 accepting task 25
79 Task 36 completed!
79 Worker 4 accepting task 38
79 Worker 1 accepting task 12
79 Worker 1 processing task 31 requiring operations [9]
79 Worker 1 forwarding task 31
79 Worker 0 processing task 39 requiring operations [2, 5, 1]
79 Worker 0 forwarding task 39
79 Worker 4 processing task 38 requiring operations [9, 2]
79 Worker 4 forwarding task 38
79 Worker 2 processing task 25 requiring operations [3]
79 Worker 2 forwarding task 25
80 Generated task 40 with complexity 3 requiring operations [2, 4, 8]
80 Worker 4 accepting task 40
80 Worker 4 accepting task 31
80 Worker 4 accepting task 39
80 Worker 1 accepting task 38
80 Worker 3 accepting task 25
80 Worker 1 processing task 28 requiring operations [3, 10]
80 Worker 1 forwarding task 28
80 Worker 4 processing task 40 requiring operations [2, 4, 8]
80 Worker 4 performing operation 8 on task 40
80 Worker 3 processing task 25 requiring operations [3]
80 Worker 3 performing operation 3 on task 25
81 Worker 2 accepting task 28
81 Worker 4 accepting task 40
81 Task 25 completed!
81 Worker 1 processing task 32 requiring operations [10, 9]
81 Worker 1 forwarding task 32
81 Worker 4 processing task 31 requiring operations [9]
81 Worker 4 forwarding task 31
81 Worker 2 processing task 28 requiring operations [3, 10]
81 Worker 2 forwarding task 28
82 Generated task 41 with complexity 3 requiring operations [1, 3, 2]
82 Worker 3 accepting task 41
82 Worker 2 accepting task 32
82 Worker 0 accepting task 31
82 Worker 1 accepting task 28
82 Worker 1 processing task 30 requiring operations [7, 6]
82 Worker 1 performing operation 7 on task 30
82 Worker 4 processing task 39 requiring operations [2, 5, 1]
82 Worker 4 forwarding task 39
82 Worker 2 processing task 32 requiring operations [10, 9]
82 Worker 2 forwarding task 32
82 Worker 3 processing task 41 requiring operations [1, 3, 2]
82 Worker 3 performing operation 3 on task 41
82 Worker 0 processing task 31 requiring operations [9]
82 Worker 0 forwarding task 31
83 Worker 1 accepting task 30
83 Worker 0 accepting task 39
83 Worker 3 accepting task 32
83 Worker 3 accepting task 41
83 Worker 3 accepting task 31
83 Worker 1 processing task 33 requiring operations [6, 10]
83 Worker 1 forwarding task 33
83 Worker 4 processing task 40 requiring operations [2, 4]
83 Worker 4 forwarding task 40
83 Worker 3 processing task 32 requiring operations [10, 9]
83 Worker 3 performing operation 9 on task 32
83 Worker 0 processing task 39 requiring operations [2, 5, 1]
83 Worker 0 forwarding task 39
84 Generated task 42 with complexity 3 requiring operations [7, 2, 5]
84 Worker 3 accepting task 42
84 Worker 4 accepting task 33
84 Worker 1 accepting task 40
84 Worker 3 accepting task 32
84 Worker 3 accepting task 39
84 Worker 1 processing task 35 requiring operations [2, 1, 9]
84 Worker 1 performing operation 2 on task 35
84 Worker 4 processing task 33 requiring operations [6, 10]
84 Worker 4 forwarding task 33
84 Worker 3 processing task 41 requiring operations [1, 2]
84 Worker 3 performing operation 1 on task 41
85 Worker 1 accepting task 35
85 Worker 1 accepting task 33
85 Worker 3 accepting task 41
85 Worker 1 processing task 34 requiring operations [1, 6]
85 Worker 1 performing operation 1 on task 34
85 Worker 3 processing task 31 requiring operations [9]
85 Worker 3 performing operation 9 on task 31
86 Generated task 43 with complexity 3 requiring operations [5, 3, 2]
86 Worker 2 accepting task 43
86 Worker 1 accepting task 34
86 Task 31 completed!
86 Worker 1 processing task 29 requiring operations [6]
86 Worker 1 forwarding task 29
86 Worker 3 processing task 42 requiring operations [7, 2, 5]
86 Worker 3 forwarding task 42
86 Worker 2 processing task 43 requiring operations [5, 3, 2]
86 Worker 2 forwarding task 43
87 Worker 4 accepting task 29
87 Worker 2 accepting task 42
87 Worker 3 accepting task 43
87 Worker 1 processing task 37 requiring operations [5, 7]
87 Worker 1 performing operation 5 on task 37
87 Worker 3 processing task 32 requiring operations [10]
87 Worker 3 forwarding task 32
87 Worker 2 processing task 42 requiring operations [7, 2, 5]
87 Worker 2 forwarding task 42
87 Worker 4 processing task 29 requiring operations [6]
87 Worker 4 forwarding task 29
88 Generated task 44 with complexity 3 requiring operations [1, 4, 3]
88 Worker 0 accepting task 44
88 Worker 1 accepting task 37
88 Worker 2 accepting task 32
88 Worker 3 accepting task 42
88 Worker 1 accepting task 29
88 Worker 1 processing task 12 requiring operations [10]
88 Worker 1 forwarding task 12
88 Worker 3 processing task 39 requiring operations [2, 5, 1]
88 Worker 3 performing operation 1 on task 39
88 Worker 2 processing task 32 requiring operations [10]
88 Worker 2 forwarding task 32
88 Worker 0 processing task 44 requiring operations [1, 4, 3]
88 Worker 0 performing operation 4 on task 44
89 Worker 2 accepting task 12
89 Worker 3 accepting task 39
89 Worker 1 accepting task 32
89 Worker 0 accepting task 44
89 Worker 1 processing task 38 requiring operations [9, 2]
89 Worker 1 performing operation 2 on task 38
89 Worker 3 processing task 41 requiring operations [2]
89 Worker 3 forwarding task 41
89 Worker 2 processing task 12 requiring operations [10]
89 Worker 2 forwarding task 12
89 Worker 0 processing task 44 requiring operations [1, 3]
89 Worker 0 forwarding task 44
90 Generated task 45 with complexity 3 requiring operations [6, 7, 4]
90 Worker 3 accepting task 45
90 Worker 1 accepting task 38
90 Worker 0 accepting task 41
90 Worker 3 accepting task 12
90 Worker 4 accepting task 44
90 Worker 1 processing task 28 requiring operations [3, 10]
90 Worker 1 forwarding task 28
90 Worker 3 processing task 43 requiring operations [5, 3, 2]
90 Worker 3 performing operation 3 on task 43
90 Worker 0 processing task 41 requiring operations [2]
90 Worker 0 forwarding task 41
90 Worker 4 processing task 44 requiring operations [1, 3]
90 Worker 4 forwarding task 44
91 Worker 4 accepting task 28
91 Worker 3 accepting task 43
91 Worker 3 accepting task 41
91 Worker 1 accepting task 44
91 Worker 1 processing task 30 requiring operations [6]
91 Worker 1 forwarding task 30
91 Worker 3 processing task 42 requiring operations [7, 2, 5]
91 Worker 3 forwarding task 42
91 Worker 4 processing task 28 requiring operations [3, 10]
91 Worker 4 forwarding task 28
92 Generated task 46 with complexity 3 requiring operations [2, 4, 1]
92 Worker 2 accepting task 46
92 Worker 4 accepting task 30
92 Worker 2 accepting task 42
92 Worker 1 accepting task 28
92 Worker 1 processing task 40 requiring operations [2, 4]
92 Worker 1 performing operation 4 on task 40
92 Worker 3 processing task 39 requiring operations [2, 5]
92 Worker 3 forwarding task 39
92 Worker 4 processing task 30 requiring operations [6]
92 Worker 4 forwarding task 30
92 Worker 2 processing task 46 requiring operations [2, 4, 1]
92 Worker 2 performing operation 4 on task 46
93 Worker 1 accepting task 40
93 Worker 2 accepting task 39
93 Worker 1 accepting task 30
93 Worker 2 accepting task 46
93 Worker 1 processing task 35 requiring operations [1, 9]
93 Worker 1 performing operation 1 on task 35
93 Worker 3 processing task 45 requiring operations [6, 7, 4]
93 Worker 3 forwarding task 45
93 Worker 2 processing task 42 requiring operations [7, 2, 5]
93 Worker 2 forwarding task 42
94 Generated task 47 with complexity 3 requiring operations [1, 5, 10]
94 Worker 2 accepting task 47
94 Worker 1 accepting task 35
94 Worker 2 accepting task 45
94 Worker 3 accepting task 42
94 Worker 1 processing task 33 requiring operations [6, 10]
94 Worker 1 forwarding task 33
94 Worker 3 processing task 12 requiring operations [10]
94 Worker 3 forwarding task 12
94 Worker 2 processing task 39 requiring operations [2, 5]
94 Worker 2 forwarding task 39
95 Worker 2 accepting task 33
95 Worker 2 accepting task 12
95 Worker 1 accepting task 39
95 Worker 1 processing task 34 requiring operations [6]
95 Worker 1 forwarding task 34
95 Worker 3 processing task 43 requiring operations [5, 2]
95 Worker 3 forwarding task 43
95 Worker 2 processing task 46 requiring operations [2, 1]
95 Worker 2 forwarding task 46
96 Generated task 48 with complexity 3 requiring operations [9, 1, 7]
96 Worker 1 accepting task 48
96 Worker 4 accepting task 34
96 Worker 2 accepting task 43
96 Worker 1 accepting task 46
96 Worker 1 processing task 37 requiring operations [7]
96 Worker 1 performing operation 7 on task 37
96 Worker 3 processing task 41 requiring operations [2]
96 Worker 3 forwarding task 41
96 Worker 2 processing task 47 requiring operations [1, 5, 10]
96 Worker 2 forwarding task 47
96 Worker 4 processing task 34 requiring operations [6]
96 Worker 4 forwarding task 34
97 Task 37 completed!
97 Worker 2 accepting task 41
97 Worker 1 accepting task 47
97 Worker 0 accepting task 34
97 Worker 1 processing task 29 requiring operations [6]
97 Worker 1 forwarding task 29
97 Worker 3 processing task 42 requiring operations [7, 2, 5]
97 Worker 3 forwarding task 42
97 Worker 2 processing task 45 requiring operations [6, 7, 4]
97 Worker 2 performing operation 6 on task 45
97 Worker 0 processing task 34 requiring operations [6]
97 Worker 0 forwarding task 34
98 Generated task 49 with complexity 3 requiring operations [4, 5, 2]
98 Worker 0 accepting task 49
98 Worker 2 accepting task 29
98 Worker 2 accepting task 42
98 Worker 2 accepting task 45
98 Worker 4 accepting task 34
98 Worker 1 processing task 32 requiring operations [10]
98 Worker 1 forwarding task 32
98 Worker 2 processing task 33 requiring operations [6, 10]
98 Worker 2 performing operation 6 on task 33
98 Worker 0 processing task 49 requiring operations [4, 5, 2]
98 Worker 0 performing operation 4 on task 49
98 Worker 4 processing task 34 requiring operations [6]
98 Worker 4 forwarding task 34
99 Worker 4 accepting task 32
99 Worker 2 accepting task 33
99 Worker 0 accepting task 49
99 Worker 1 accepting task 34
99 Worker 1 processing task 38 requiring operations [9]
99 Worker 1 forwarding task 38
99 Worker 2 processing task 12 requiring operations [10]
99 Worker 2 forwarding task 12
99 Worker 0 processing task 49 requiring operations [5, 2]
99 Worker 0 forwarding task 49
99 Worker 4 processing task 32 requiring operations [10]
99 Worker 4 forwarding task 32
100 Generated task 50 with complexity 3 requiring operations [3, 9, 4]
100 Worker 1 accepting task 50
100 Worker 4 accepting task 38
100 Worker 3 accepting task 12
100 Worker 3 accepting task 49
100 Worker 0 accepting task 32
100 Worker 1 processing task 44 requiring operations [1, 3]
100 Worker 1 performing operation 1 on task 44
100 Worker 2 processing task 43 requiring operations [5, 2]
100 Worker 2 forwarding task 43
100 Worker 4 processing task 38 requiring operations [9]
100 Worker 4 forwarding task 38
100 Worker 3 processing task 12 requiring operations [10]
100 Worker 3 forwarding task 12
100 Worker 0 processing task 32 requiring operations [10]
100 Worker 0 performing operation 10 on task 32
101 Worker 1 accepting task 44
101 Worker 3 accepting task 43
101 Worker 0 accepting task 38
101 Worker 2 accepting task 12
101 Task 32 completed!
101 Worker 1 processing task 28 requiring operations [3, 10]
101 Worker 1 forwarding task 28
101 Worker 2 processing task 41 requiring operations [2]
101 Worker 2 forwarding task 41
101 Worker 3 processing task 49 requiring operations [5, 2]
101 Worker 3 forwarding task 49
101 Worker 0 processing task 38 requiring operations [9]
101 Worker 0 forwarding task 38
102 Generated task 51 with complexity 3 requiring operations [3, 4, 8]
102 Worker 4 accepting task 51
102 Worker 4 accepting task 28
102 Worker 1 accepting task 41
102 Worker 2 accepting task 49
102 Worker 3 accepting task 38
102 Worker 1 processing task 40 requiring operations [2]
102 Worker 1 performing operation 2 on task 40
102 Worker 2 processing task 29 requiring operations [6]
102 Worker 2 performing operation 6 on task 29
102 Worker 3 processing task 43 requiring operations [5, 2]
102 Worker 3 forwarding task 43
102 Worker 4 processing task 51 requiring operations [3, 4, 8]
102 Worker 4 performing operation 8 on task 51
103 Task 40 completed!
103 Task 29 completed!
103 Worker 0 accepting task 43
103 Worker 4 accepting task 51
103 Worker 1 processing task 30 requiring operations [6]
103 Worker 1 forwarding task 30
103 Worker 2 processing task 42 requiring operations [7, 2, 5]
103 Worker 2 forwarding task 42
103 Worker 3 processing task 38 requiring operations [9]
103 Worker 3 performing operation 9 on task 38
103 Worker 4 processing task 28 requiring operations [3, 10]
103 Worker 4 forwarding task 28
103 Worker 0 processing task 43 requiring operations [5, 2]
103 Worker 0 forwarding task 43
104 Generated task 52 with complexity 3 requiring operations [2, 3, 5]
104 Worker 1 accepting task 52
104 Worker 2 accepting task 30
104 Worker 1 accepting task 42
104 Task 38 completed!
104 Worker 0 accepting task 28
104 Worker 4 accepting task 43
104 Worker 1 processing task 35 requiring operations [9]
104 Worker 1 forwarding task 35
104 Worker 2 processing task 45 requiring operations [7, 4]
104 Worker 2 performing operation 4 on task 45
104 Worker 4 processing task 51 requiring operations [3, 4]
104 Worker 4 forwarding task 51
104 Worker 0 processing task 28 requiring operations [3, 10]
104 Worker 0 performing operation 10 on task 28
105 Worker 4 accepting task 35
105 Worker 2 accepting task 45
105 Worker 1 accepting task 51
105 Worker 0 accepting task 28
105 Worker 1 processing task 39 requiring operations [2, 5]
105 Worker 1 performing operation 5 on task 39
105 Worker 2 processing task 33 requiring operations [10]
105 Worker 2 forwarding task 33
105 Worker 4 processing task 43 requiring operations [5, 2]
105 Worker 4 forwarding task 43
105 Worker 0 processing task 28 requiring operations [3]
105 Worker 0 forwarding task 28
106 Generated task 53 with complexity 3 requiring operations [10, 7, 2]
106 Worker 1 accepting task 53
106 Worker 1 accepting task 39
106 Worker 3 accepting task 33
106 Worker 1 accepting task 43
106 Worker 4 accepting task 28
106 Worker 1 processing task 48 requiring operations [9, 1, 7]
106 Worker 1 performing operation 7 on task 48
106 Worker 2 processing task 12 requiring operations [10]
106 Worker 2 forwarding task 12
106 Worker 4 processing task 35 requiring operations [9]
106 Worker 4 forwarding task 35
106 Worker 3 processing task 33 requiring operations [10]
106 Worker 3 forwarding task 33
107 Worker 1 accepting task 48
107 Worker 3 accepting task 12
107 Worker 1 accepting task 35
107 Worker 2 accepting task 33
107 Worker 1 processing task 46 requiring operations [2, 1]
107 Worker 1 performing operation 2 on task 46
107 Worker 2 processing task 49 requiring operations [5, 2]
107 Worker 2 forwarding task 49
107 Worker 4 processing task 28 requiring operations [3]
107 Worker 4 forwarding task 28
107 Worker 3 processing task 12 requiring operations [10]
107 Worker 3 forwarding task 12
108 Generated task 54 with complexity 3 requiring operations [8, 5, 1]
108 Worker 2 accepting task 54
108 Worker 1 accepting task 46
108 Worker 1 accepting task 49
108 Worker 0 accepting task 28
108 Worker 2 accepting task 12
108 Worker 1 processing task 47 requiring operations [1, 5, 10]
108 Worker 1 performing operation 1 on task 47
108 Worker 2 processing task 30 requiring operations [6]
108 Worker 2 performing operation 6 on task 30
108 Worker 0 processing task 28 requiring operations [3]
108 Worker 0 forwarding task 28
109 Worker 1 accepting task 47
109 Task 30 completed!
109 Worker 3 accepting task 28
109 Worker 1 processing task 34 requiring operations [6]
109 Worker 1 forwarding task 34
109 Worker 2 processing task 45 requiring operations [7]
109 Worker 2 forwarding task 45
109 Worker 3 processing task 28 requiring operations [3]
109 Worker 3 performing operation 3 on task 28
110 Generated task 55 with complexity 3 requiring operations [5, 6, 8]
110 Worker 4 accepting task 55
110 Worker 2 accepting task 34
110 Worker 1 accepting task 45
110 Task 28 completed!
110 Worker 1 processing task 50 requiring operations [3, 9, 4]
110 Worker 1 performing operation 4 on task 50
110 Worker 2 processing task 33 requiring operations [10]
110 Worker 2 forwarding task 33
110 Worker 4 processing task 55 requiring operations [5, 6, 8]
110 Worker 4 performing operation 8 on task 55
111 Worker 1 accepting task 50
111 Worker 3 accepting task 33
111 Worker 4 accepting task 55
111 Worker 1 processing task 44 requiring operations [3]
111 Worker 1 forwarding task 44
111 Worker 2 processing task 54 requiring operations [8, 5, 1]
111 Worker 2 forwarding task 54
111 Worker 4 processing task 55 requiring operations [5, 6]
111 Worker 4 forwarding task 55
111 Worker 3 processing task 33 requiring operations [10]
111 Worker 3 forwarding task 33
112 Generated task 56 with complexity 3 requiring operations [9, 5, 7]
112 Worker 3 accepting task 56
112 Worker 4 accepting task 44
112 Worker 1 accepting task 54
112 Worker 1 accepting task 55
112 Worker 2 accepting task 33
112 Worker 1 processing task 41 requiring operations [2]
112 Worker 1 performing operation 2 on task 41
112 Worker 2 processing task 12 requiring operations [10]
112 Worker 2 forwarding task 12
112 Worker 4 processing task 44 requiring operations [3]
112 Worker 4 forwarding task 44
112 Worker 3 processing task 56 requiring operations [9, 5, 7]
112 Worker 3 performing operation 9 on task 56
113 Task 41 completed!
113 Worker 1 accepting task 12
113 Worker 1 accepting task 44
113 Worker 3 accepting task 56
113 Worker 1 processing task 52 requiring operations [2, 3, 5]
113 Worker 1 performing operation 2 on task 52
113 Worker 2 processing task 34 requiring operations [6]
113 Worker 2 performing operation 6 on task 34
113 Worker 3 processing task 56 requiring operations [5, 7]
113 Worker 3 forwarding task 56
114 Generated task 57 with complexity 3 requiring operations [2, 1, 9]
114 Worker 0 accepting task 57
114 Worker 1 accepting task 52
114 Task 34 completed!
114 Worker 2 accepting task 56
114 Worker 1 processing task 42 requiring operations [7, 2, 5]
114 Worker 1 performing operation 7 on task 42
114 Worker 2 processing task 33 requiring operations [10]
114 Worker 2 forwarding task 33
114 Worker 0 processing task 57 requiring operations [2, 1, 9]
114 Worker 0 forwarding task 57
115 Worker 1 accepting task 42
115 Worker 1 accepting task 33
115 Worker 4 accepting task 57
115 Worker 1 processing task 51 requiring operations [3, 4]
115 Worker 1 performing operation 4 on task 51
115 Worker 2 processing task 56 requiring operations [5, 7]
115 Worker 2 forwarding task 56
115 Worker 4 processing task 57 requiring operations [2, 1, 9]
115 Worker 4 forwarding task 57
116 Generated task 58 with complexity 3 requiring operations [2, 6, 10]
116 Worker 0 accepting task 58
116 Worker 1 accepting task 51
116 Worker 1 accepting task 56
116 Worker 1 accepting task 57
116 Worker 1 processing task 53 requiring operations [10, 7, 2]
116 Worker 1 performing operation 2 on task 53
116 Worker 0 processing task 58 requiring operations [2, 6, 10]
116 Worker 0 performing operation 10 on task 58
117 Worker 1 accepting task 53
117 Worker 0 accepting task 58
117 Worker 1 processing task 39 requiring operations [2]
117 Worker 1 performing operation 2 on task 39
117 Worker 0 processing task 58 requiring operations [2, 6]
117 Worker 0 forwarding task 58
118 Generated task 59 with complexity 3 requiring operations [2, 8, 9]
118 Worker 3 accepting task 59
118 Task 39 completed!
118 Worker 4 accepting task 58
118 Worker 1 processing task 43 requiring operations [5, 2]
118 Worker 1 performing operation 5 on task 43
118 Worker 3 processing task 59 requiring operations [2, 8, 9]
118 Worker 3 performing operation 8 on task 59
118 Worker 4 processing task 58 requiring operations [2, 6]
118 Worker 4 forwarding task 58
119 Worker 1 accepting task 43
119 Worker 3 accepting task 59
119 Worker 1 accepting task 58
119 Worker 1 processing task 48 requiring operations [9, 1]
119 Worker 1 performing operation 1 on task 48
119 Worker 3 processing task 59 requiring operations [2, 9]
119 Worker 3 performing operation 9 on task 59
120 Generated task 60 with complexity 3 requiring operations [10, 3, 6]
120 Worker 2 accepting task 60
120 Worker 1 accepting task 48
120 Worker 3 accepting task 59
120 Worker 1 processing task 35 requiring operations [9]
120 Worker 1 forwarding task 35
120 Worker 3 processing task 59 requiring operations [2]
120 Worker 3 forwarding task 59
120 Worker 2 processing task 60 requiring operations [10, 3, 6]
120 Worker 2 performing operation 6 on task 60
121 Worker 4 accepting task 35
121 Worker 0 accepting task 59
121 Worker 2 accepting task 60
121 Worker 1 processing task 46 requiring operations [1]
121 Worker 1 performing operation 1 on task 46
121 Worker 2 processing task 60 requiring operations [10, 3]
121 Worker 2 forwarding task 60
121 Worker 4 processing task 35 requiring operations [9]
121 Worker 4 forwarding task 35
121 Worker 0 processing task 59 requiring operations [2]
121 Worker 0 forwarding task 59
122 Generated task 61 with complexity 3 requiring operations [9, 2, 6]
122 Worker 2 accepting task 61
122 Task 46 completed!
122 Worker 3 accepting task 60
122 Worker 0 accepting task 35
122 Worker 3 accepting task 59
122 Worker 1 processing task 49 requiring operations [5, 2]
122 Worker 1 performing operation 2 on task 49
122 Worker 2 processing task 61 requiring operations [9, 2, 6]
122 Worker 2 performing operation 6 on task 61
122 Worker 0 processing task 35 requiring operations [9]
122 Worker 0 forwarding task 35
122 Worker 3 processing task 60 requiring operations [10, 3]
122 Worker 3 performing operation 3 on task 60
123 Worker 1 accepting task 49
123 Worker 2 accepting task 61
123 Worker 3 accepting task 35
123 Worker 3 accepting task 60
123 Worker 1 processing task 47 requiring operations [5, 10]
123 Worker 1 performing operation 5 on task 47
123 Worker 2 processing task 61 requiring operations [9, 2]
123 Worker 2 forwarding task 61
123 Worker 3 processing task 59 requiring operations [2]
123 Worker 3 forwarding task 59
124 Generated task 62 with complexity 3 requiring operations [7, 3, 8]
124 Worker 2 accepting task 62
124 Worker 1 accepting task 47
124 Worker 1 accepting task 61
124 Worker 0 accepting task 59
124 Worker 1 processing task 45 requiring operations [7]
124 Worker 1 performing operation 7 on task 45
124 Worker 2 processing task 62 requiring operations [7, 3, 8]
124 Worker 2 forwarding task 62
124 Worker 3 processing task 35 requiring operations [9]
124 Worker 3 performing operation 9 on task 35
124 Worker 0 processing task 59 requiring operations [2]
124 Worker 0 forwarding task 59
125 Task 45 completed!
125 Worker 3 accepting task 62
125 Task 35 completed!
125 Worker 4 accepting task 59
125 Worker 1 processing task 50 requiring operations [3, 9]
125 Worker 1 forwarding task 50
125 Worker 3 processing task 60 requiring operations [10]
125 Worker 3 forwarding task 60
125 Worker 4 processing task 59 requiring operations [2]
125 Worker 4 forwarding task 59
126 Generated task 63 with complexity 3 requiring operations [5, 7, 9]
126 Worker 1 accepting task 63
126 Worker 4 accepting task 50
126 Worker 0 accepting task 60
126 Worker 1 accepting task 59
126 Worker 1 processing task 54 requiring operations [8, 5, 1]
126 Worker 1 performing operation 5 on task 54
126 Worker 3 processing task 62 requiring operations [7, 3, 8]
126 Worker 3 performing operation 3 on task 62
126 Worker 4 processing task 50 requiring operations [3, 9]
126 Worker 4 forwarding task 50
126 Worker 0 processing task 60 requiring operations [10]
126 Worker 0 performing operation 10 on task 60
127 Worker 1 accepting task 54
127 Worker 3 accepting task 62
127 Worker 1 accepting task 50
127 Task 60 completed!
127 Worker 1 processing task 55 requiring operations [5, 6]
127 Worker 1 performing operation 5 on task 55
127 Worker 3 processing task 62 requiring operations [7, 8]
127 Worker 3 performing operation 8 on task 62
128 Generated task 64 with complexity 3 requiring operations [9, 8, 6]
128 Worker 2 accepting task 64
128 Worker 1 accepting task 55
128 Worker 3 accepting task 62
128 Worker 1 processing task 12 requiring operations [10]
128 Worker 1 forwarding task 12
128 Worker 3 processing task 62 requiring operations [7]
128 Worker 3 forwarding task 62
128 Worker 2 processing task 64 requiring operations [9, 8, 6]
128 Worker 2 performing operation 6 on task 64
129 Worker 2 accepting task 12
129 Worker 0 accepting task 62
129 Worker 2 accepting task 64
129 Worker 1 processing task 44 requiring operations [3]
129 Worker 1 forwarding task 44
129 Worker 2 processing task 12 requiring operations [10]
129 Worker 2 forwarding task 12
129 Worker 0 processing task 62 requiring operations [7]
129 Worker 0 forwarding task 62
130 Generated task 65 with complexity 3 requiring operations [8, 7, 1]
130 Worker 4 accepting task 65
130 Worker 4 accepting task 44
130 Worker 3 accepting task 12
130 Worker 4 accepting task 62
130 Worker 1 processing task 52 requiring operations [3, 5]
130 Worker 1 performing operation 5 on task 52
130 Worker 2 processing task 64 requiring operations [9, 8]
130 Worker 2 forwarding task 64
130 Worker 4 processing task 65 requiring operations [8, 7, 1]
130 Worker 4 performing operation 8 on task 65
130 Worker 3 processing task 12 requiring operations [10]
130 Worker 3 forwarding task 12
131 Worker 1 accepting task 52
131 Worker 3 accepting task 64
131 Worker 4 accepting task 65
131 Worker 0 accepting task 12
131 Worker 1 processing task 42 requiring operations [2, 5]
131 Worker 1 performing operation 2 on task 42
131 Worker 4 processing task 44 requiring operations [3]
131 Worker 4 forwarding task 44
131 Worker 3 processing task 64 requiring operations [9, 8]
131 Worker 3 performing operation 9 on task 64
131 Worker 0 processing task 12 requiring operations [10]
131 Worker 0 performing operation 10 on task 12
132 Generated task 66 with complexity 3 requiring operations [7, 10, 3]
132 Worker 4 accepting task 66
132 Worker 1 accepting task 42
132 Worker 0 accepting task 44
132 Worker 3 accepting task 64
132 Task 12 completed!
132 Worker 1 processing task 33 requiring operations [10]
132 Worker 1 forwarding task 33
132 Worker 4 processing task 62 requiring operations [7]
132 Worker 4 forwarding task 62
132 Worker 3 processing task 64 requiring operations [8]
132 Worker 3 performing operation 8 on task 64
132 Worker 0 processing task 44 requiring operations [3]
132 Worker 0 forwarding task 44
133 Worker 4 accepting task 33
133 Worker 1 accepting task 62
133 Task 64 completed!
133 Worker 3 accepting task 44
133 Worker 1 processing task 51 requiring operations [3]
133 Worker 1 forwarding task 51
133 Worker 4 processing task 65 requiring operations [7, 1]
133 Worker 4 forwarding task 65
133 Worker 3 processing task 44 requiring operations [3]
133 Worker 3 performing operation 3 on task 44
134 Generated task 67 with complexity 3 requiring operations [2, 10, 6]
134 Worker 0 accepting task 67
134 Worker 4 accepting task 51
134 Worker 0 accepting task 65
134 Task 44 completed!
134 Worker 1 processing task 56 requiring operations [5, 7]
134 Worker 1 performing operation 5 on task 56
134 Worker 4 processing task 66 requiring operations [7, 10, 3]
134 Worker 4 forwarding task 66
134 Worker 0 processing task 67 requiring operations [2, 10, 6]
134 Worker 0 performing operation 10 on task 67
135 Worker 1 accepting task 56
135 Worker 1 accepting task 66
135 Worker 0 accepting task 67
135 Worker 1 processing task 57 requiring operations [2, 1, 9]
135 Worker 1 performing operation 1 on task 57
135 Worker 4 processing task 33 requiring operations [10]
135 Worker 4 forwarding task 33
135 Worker 0 processing task 65 requiring operations [7, 1]
135 Worker 0 forwarding task 65
136 Generated task 68 with complexity 3 requiring operations [1, 3, 9]
136 Worker 0 accepting task 68
136 Worker 1 accepting task 57
136 Worker 0 accepting task 33
136 Worker 3 accepting task 65
136 Worker 1 processing task 53 requiring operations [10, 7]
136 Worker 1 performing operation 7 on task 53
136 Worker 4 processing task 51 requiring operations [3]
136 Worker 4 forwarding task 51
136 Worker 0 processing task 67 requiring operations [2, 6]
136 Worker 0 forwarding task 67
136 Worker 3 processing task 65 requiring operations [7, 1]
136 Worker 3 performing operation 1 on task 65
137 Worker 1 accepting task 53
137 Worker 0 accepting task 51
137 Worker 4 accepting task 67
137 Worker 3 accepting task 65
137 Worker 1 processing task 43 requiring operations [2]
137 Worker 1 performing operation 2 on task 43
137 Worker 0 processing task 68 requiring operations [1, 3, 9]
137 Worker 0 forwarding task 68
137 Worker 3 processing task 65 requiring operations [7]
137 Worker 3 forwarding task 65
137 Worker 4 processing task 67 requiring operations [2, 6]
137 Worker 4 forwarding task 67
138 Generated task 69 with complexity 3 requiring operations [3, 10, 7]
138 Worker 4 accepting task 69
138 Task 43 completed!
138 Worker 4 accepting task 68
138 Worker 0 accepting task 65
138 Worker 0 accepting task 67
138 Worker 1 processing task 58 requiring operations [2, 6]
138 Worker 1 performing operation 2 on task 58
138 Worker 0 processing task 33 requiring operations [10]
138 Worker 0 performing operation 10 on task 33
138 Worker 4 processing task 69 requiring operations [3, 10, 7]
138 Worker 4 forwarding task 69
139 Worker 1 accepting task 58
139 Task 33 completed!
139 Worker 0 accepting task 69
139 Worker 1 processing task 48 requiring operations [9]
139 Worker 1 forwarding task 48
139 Worker 0 processing task 51 requiring operations [3]
139 Worker 0 forwarding task 51
139 Worker 4 processing task 68 requiring operations [1, 3, 9]
139 Worker 4 forwarding task 68
140 Generated task 70 with complexity 3 requiring operations [6, 9, 1]
140 Worker 0 accepting task 70
140 Worker 4 accepting task 48
140 Worker 4 accepting task 51
140 Worker 0 accepting task 68
140 Worker 1 processing task 49 requiring operations [5]
140 Worker 1 performing operation 5 on task 49
140 Worker 0 processing task 65 requiring operations [7]
140 Worker 0 forwarding task 65
140 Worker 4 processing task 48 requiring operations [9]
140 Worker 4 forwarding task 48
