Worker 0 can perform operations {10, 3, 6}
Worker 1 can perform operations {9, 5, 7}
Worker 2 can perform operations {1, 10}
Worker 3 can perform operations {8, 6}
Worker 4 can perform operations {2, 4}
Building network type random
Worker 0 connecting to worker 2
Worker 2 connecting to worker 0
Worker 0 connecting to worker 1
Worker 1 connecting to worker 0
Worker 1 connecting to worker 4
Worker 4 connecting to worker 1
Worker 2 connecting to worker 1
Worker 1 connecting to worker 2
Worker 3 connecting to worker 2
Worker 2 connecting to worker 3
Worker 3 connecting to worker 0
Worker 0 connecting to worker 3
Worker 4 connecting to worker 3
Worker 3 connecting to worker 4
Entry nodes are [0, 1, 2, 3, 4]
0 Generated task 0
0 Worker 0 accepting task 0
0 Worker 0 processing task 0 requiring operations [6, 7, 9]
0 Worker 0 performing operation 6 on task 0
1 Worker 0 accepting task 0
1 Worker 0 processing task 0 requiring operations [7, 9]
1 Worker 0 forwarding task 0
2 Generated task 1
2 Worker 0 accepting task 1
2 Worker 3 accepting task 0
2 Worker 0 processing task 1 requiring operations [8, 10, 1]
2 Worker 0 performing operation 10 on task 1
2 Worker 3 processing task 0 requiring operations [7, 9]
2 Worker 3 forwarding task 0
3 Worker 0 accepting task 1
3 Worker 4 accepting task 0
3 Worker 0 processing task 1 requiring operations [8, 1]
3 Worker 0 forwarding task 1
3 Worker 4 processing task 0 requiring operations [7, 9]
3 Worker 4 forwarding task 0
4 Generated task 2
4 Worker 3 accepting task 2
4 Worker 3 accepting task 1
4 Worker 1 accepting task 0
4 Worker 3 processing task 2 requiring operations [7, 1, 5]
4 Worker 3 forwarding task 2
4 Worker 1 processing task 0 requiring operations [7, 9]
4 Worker 1 performing operation 9 on task 0
5 Worker 2 accepting task 2
5 Worker 1 accepting task 0
5 Worker 3 processing task 1 requiring operations [8, 1]
5 Worker 3 performing operation 8 on task 1
5 Worker 1 processing task 0 requiring operations [7]
5 Worker 1 performing operation 7 on task 0
5 Worker 2 processing task 2 requiring operations [7, 1, 5]
5 Worker 2 performing operation 1 on task 2
6 Generated task 3
6 Worker 0 accepting task 3
6 Worker 3 accepting task 1
6 Task 0 completed!
6 Worker 2 accepting task 2
6 Worker 3 processing task 1 requiring operations [1]
6 Worker 3 forwarding task 1
6 Worker 2 processing task 2 requiring operations [7, 5]
6 Worker 2 forwarding task 2
6 Worker 0 processing task 3 requiring operations [2, 10, 9]
6 Worker 0 performing operation 10 on task 3
7 Worker 2 accepting task 1
7 Worker 3 accepting task 2
7 Worker 0 accepting task 3
7 Worker 2 processing task 1 requiring operations [1]
7 Worker 2 performing operation 1 on task 1
7 Worker 0 processing task 3 requiring operations [2, 9]
7 Worker 0 forwarding task 3
7 Worker 3 processing task 2 requiring operations [7, 5]
7 Worker 3 forwarding task 2
8 Generated task 4
8 Worker 4 accepting task 4
8 Task 1 completed!
8 Worker 2 accepting task 3
8 Worker 2 accepting task 2
8 Worker 4 processing task 4 requiring operations [3, 8, 5]
8 Worker 4 forwarding task 4
8 Worker 2 processing task 3 requiring operations [2, 9]
8 Worker 2 forwarding task 3
9 Worker 1 accepting task 4
9 Worker 3 accepting task 3
9 Worker 2 processing task 2 requiring operations [7, 5]
9 Worker 2 forwarding task 2
9 Worker 1 processing task 4 requiring operations [3, 8, 5]
9 Worker 1 performing operation 5 on task 4
9 Worker 3 processing task 3 requiring operations [2, 9]
9 Worker 3 forwarding task 3
10 Generated task 5
10 Worker 3 accepting task 5
10 Worker 3 accepting task 2
10 Worker 1 accepting task 4
10 Worker 0 accepting task 3
10 Worker 1 processing task 4 requiring operations [3, 8]
10 Worker 1 forwarding task 4
10 Worker 3 processing task 5 requiring operations [3, 5, 9]
10 Worker 3 forwarding task 5
10 Worker 0 processing task 3 requiring operations [2, 9]
10 Worker 0 forwarding task 3
11 Worker 4 accepting task 4
11 Worker 4 accepting task 5
11 Worker 1 accepting task 3
11 Worker 3 processing task 2 requiring operations [7, 5]
11 Worker 3 forwarding task 2
11 Worker 4 processing task 4 requiring operations [3, 8]
11 Worker 4 forwarding task 4
11 Worker 1 processing task 3 requiring operations [2, 9]
11 Worker 1 performing operation 9 on task 3
12 Generated task 6
12 Worker 0 accepting task 6
12 Worker 4 accepting task 2
12 Worker 3 accepting task 4
12 Worker 1 accepting task 3
12 Worker 4 processing task 5 requiring operations [3, 5, 9]
12 Worker 4 forwarding task 5
12 Worker 1 processing task 3 requiring operations [2]
12 Worker 1 forwarding task 3
12 Worker 0 processing task 6 requiring operations [7, 5, 8]
12 Worker 0 forwarding task 6
12 Worker 3 processing task 4 requiring operations [3, 8]
12 Worker 3 performing operation 8 on task 4
13 Worker 3 accepting task 5
13 Worker 2 accepting task 3
13 Worker 2 accepting task 6
13 Worker 3 accepting task 4
13 Worker 4 processing task 2 requiring operations [7, 5]
13 Worker 4 forwarding task 2
13 Worker 3 processing task 5 requiring operations [3, 5, 9]
13 Worker 3 forwarding task 5
13 Worker 2 processing task 3 requiring operations [2]
13 Worker 2 forwarding task 3
14 Generated task 7
14 Worker 2 accepting task 7
14 Worker 1 accepting task 2
14 Worker 2 accepting task 5
14 Worker 1 accepting task 3
14 Worker 3 processing task 4 requiring operations [3]
14 Worker 3 forwarding task 4
14 Worker 2 processing task 6 requiring operations [7, 5, 8]
14 Worker 2 forwarding task 6
14 Worker 1 processing task 2 requiring operations [7, 5]
14 Worker 1 performing operation 5 on task 2
15 Worker 2 accepting task 4
15 Worker 0 accepting task 6
15 Worker 1 accepting task 2
15 Worker 2 processing task 7 requiring operations [4, 7, 8]
15 Worker 2 forwarding task 7
15 Worker 1 processing task 3 requiring operations [2]
15 Worker 1 forwarding task 3
15 Worker 0 processing task 6 requiring operations [7, 5, 8]
15 Worker 0 forwarding task 6
16 Generated task 8
16 Worker 2 accepting task 8
16 Worker 3 accepting task 7
16 Worker 0 accepting task 3
16 Worker 2 accepting task 6
16 Worker 2 processing task 5 requiring operations [3, 5, 9]
16 Worker 2 forwarding task 5
16 Worker 1 processing task 2 requiring operations [7]
16 Worker 1 performing operation 7 on task 2
16 Worker 0 processing task 3 requiring operations [2]
16 Worker 0 forwarding task 3
16 Worker 3 processing task 7 requiring operations [4, 7, 8]
16 Worker 3 performing operation 8 on task 7
17 Worker 3 accepting task 5
17 Task 2 completed!
17 Worker 1 accepting task 3
17 Worker 3 accepting task 7
17 Worker 2 processing task 4 requiring operations [3]
17 Worker 2 forwarding task 4
17 Worker 3 processing task 5 requiring operations [3, 5, 9]
17 Worker 3 forwarding task 5
17 Worker 1 processing task 3 requiring operations [2]
17 Worker 1 forwarding task 3
18 Generated task 9
18 Worker 1 accepting task 9
18 Worker 1 accepting task 4
18 Worker 4 accepting task 5
18 Worker 0 accepting task 3
18 Worker 2 processing task 8 requiring operations [9, 2, 3]
18 Worker 2 forwarding task 8
18 Worker 3 processing task 7 requiring operations [4, 7]
18 Worker 3 forwarding task 7
18 Worker 1 processing task 9 requiring operations [6, 3, 10]
18 Worker 1 forwarding task 9
18 Worker 4 processing task 5 requiring operations [3, 5, 9]
18 Worker 4 forwarding task 5
18 Worker 0 processing task 3 requiring operations [2]
18 Worker 0 forwarding task 3
19 Worker 1 accepting task 8
19 Worker 2 accepting task 7
19 Worker 2 accepting task 9
19 Worker 3 accepting task 5
19 Worker 1 accepting task 3
19 Worker 2 processing task 6 requiring operations [7, 5, 8]
19 Worker 2 forwarding task 6
19 Worker 1 processing task 4 requiring operations [3]
19 Worker 1 forwarding task 4
19 Worker 3 processing task 5 requiring operations [3, 5, 9]
19 Worker 3 forwarding task 5
20 Generated task 10
20 Worker 3 accepting task 10
20 Worker 1 accepting task 6
20 Worker 2 accepting task 4
20 Worker 0 accepting task 5
20 Worker 2 processing task 7 requiring operations [4, 7]
20 Worker 2 forwarding task 7
20 Worker 1 processing task 8 requiring operations [9, 2, 3]
20 Worker 1 performing operation 9 on task 8
20 Worker 3 processing task 10 requiring operations [4, 10, 2]
20 Worker 3 forwarding task 10
20 Worker 0 processing task 5 requiring operations [3, 5, 9]
20 Worker 0 performing operation 3 on task 5
21 Worker 0 accepting task 7
21 Worker 1 accepting task 8
21 Worker 2 accepting task 10
21 Worker 0 accepting task 5
21 Worker 2 processing task 9 requiring operations [6, 3, 10]
21 Worker 2 performing operation 10 on task 9
21 Worker 1 processing task 3 requiring operations [2]
21 Worker 1 forwarding task 3
21 Worker 0 processing task 7 requiring operations [4, 7]
21 Worker 0 forwarding task 7
22 Generated task 11
22 Worker 4 accepting task 11
22 Worker 2 accepting task 9
22 Worker 4 accepting task 3
22 Worker 2 accepting task 7
22 Worker 2 processing task 4 requiring operations [3]
22 Worker 2 forwarding task 4
22 Worker 1 processing task 6 requiring operations [7, 5, 8]
22 Worker 1 performing operation 5 on task 6
22 Worker 0 processing task 5 requiring operations [5, 9]
22 Worker 0 forwarding task 5
22 Worker 4 processing task 11 requiring operations [3, 7, 8]
22 Worker 4 forwarding task 11
23 Worker 0 accepting task 4
23 Worker 1 accepting task 6
23 Worker 2 accepting task 5
23 Worker 1 accepting task 11
23 Worker 2 processing task 10 requiring operations [4, 10, 2]
23 Worker 2 performing operation 10 on task 10
23 Worker 1 processing task 8 requiring operations [2, 3]
23 Worker 1 forwarding task 8
23 Worker 0 processing task 4 requiring operations [3]
23 Worker 0 performing operation 3 on task 4
23 Worker 4 processing task 3 requiring operations [2]
23 Worker 4 performing operation 2 on task 3
24 Generated task 12
24 Worker 1 accepting task 12
24 Worker 2 accepting task 10
24 Worker 2 accepting task 8
24 Task 4 completed!
24 Task 3 completed!
24 Worker 2 processing task 9 requiring operations [6, 3]
24 Worker 2 forwarding task 9
24 Worker 1 processing task 6 requiring operations [7, 8]
24 Worker 1 performing operation 7 on task 6
25 Worker 1 accepting task 9
25 Worker 1 accepting task 6
25 Worker 2 processing task 7 requiring operations [4, 7]
25 Worker 2 forwarding task 7
25 Worker 1 processing task 11 requiring operations [3, 7, 8]
25 Worker 1 performing operation 7 on task 11
26 Generated task 13
26 Worker 0 accepting task 13
26 Worker 1 accepting task 7
26 Worker 1 accepting task 11
26 Worker 2 processing task 5 requiring operations [5, 9]
26 Worker 2 forwarding task 5
26 Worker 1 processing task 12 requiring operations [10, 5, 8]
26 Worker 1 performing operation 5 on task 12
26 Worker 0 processing task 13 requiring operations [10, 1, 8]
26 Worker 0 performing operation 10 on task 13
27 Worker 0 accepting task 5
27 Worker 1 accepting task 12
27 Worker 0 accepting task 13
27 Worker 2 processing task 10 requiring operations [4, 2]
27 Worker 2 forwarding task 10
27 Worker 1 processing task 9 requiring operations [6, 3]
27 Worker 1 forwarding task 9
27 Worker 0 processing task 5 requiring operations [5, 9]
27 Worker 0 forwarding task 5
28 Generated task 14
28 Worker 2 accepting task 14
28 Worker 0 accepting task 10
28 Worker 2 accepting task 9
28 Worker 1 accepting task 5
28 Worker 2 processing task 8 requiring operations [2, 3]
28 Worker 2 forwarding task 8
28 Worker 1 processing task 6 requiring operations [8]
28 Worker 1 forwarding task 6
28 Worker 0 processing task 13 requiring operations [1, 8]
28 Worker 0 forwarding task 13
29 Worker 0 accepting task 8
29 Worker 2 accepting task 6
29 Worker 3 accepting task 13
29 Worker 2 processing task 14 requiring operations [5, 9, 7]
29 Worker 2 forwarding task 14
29 Worker 1 processing task 7 requiring operations [4, 7]
29 Worker 1 performing operation 7 on task 7
29 Worker 0 processing task 10 requiring operations [4, 2]
29 Worker 0 forwarding task 10
29 Worker 3 processing task 13 requiring operations [1, 8]
29 Worker 3 performing operation 8 on task 13
30 Generated task 15
30 Worker 0 accepting task 15
30 Worker 0 accepting task 14
30 Worker 1 accepting task 7
30 Worker 3 accepting task 10
30 Worker 3 accepting task 13
30 Worker 2 processing task 9 requiring operations [6, 3]
30 Worker 2 forwarding task 9
30 Worker 1 processing task 11 requiring operations [3, 8]
30 Worker 1 forwarding task 11
30 Worker 0 processing task 8 requiring operations [2, 3]
30 Worker 0 performing operation 3 on task 8
30 Worker 3 processing task 10 requiring operations [4, 2]
30 Worker 3 forwarding task 10
31 Worker 1 accepting task 9
31 Worker 2 accepting task 11
31 Worker 0 accepting task 8
31 Worker 2 accepting task 10
31 Worker 2 processing task 6 requiring operations [8]
31 Worker 2 forwarding task 6
31 Worker 1 processing task 12 requiring operations [10, 8]
31 Worker 1 forwarding task 12
31 Worker 0 processing task 15 requiring operations [9, 3, 6]
31 Worker 0 performing operation 6 on task 15
31 Worker 3 processing task 13 requiring operations [1]
31 Worker 3 forwarding task 13
32 Generated task 16
32 Worker 2 accepting task 16
32 Worker 3 accepting task 6
32 Worker 0 accepting task 12
32 Worker 0 accepting task 15
32 Worker 2 accepting task 13
32 Worker 2 processing task 11 requiring operations [3, 8]
32 Worker 2 forwarding task 11
32 Worker 1 processing task 5 requiring operations [5, 9]
32 Worker 1 performing operation 9 on task 5
32 Worker 0 processing task 14 requiring operations [5, 9, 7]
32 Worker 0 forwarding task 14
32 Worker 3 processing task 6 requiring operations [8]
32 Worker 3 performing operation 8 on task 6
33 Worker 1 accepting task 11
33 Worker 1 accepting task 5
33 Worker 2 accepting task 14
33 Task 6 completed!
33 Worker 2 processing task 10 requiring operations [4, 2]
33 Worker 2 forwarding task 10
33 Worker 1 processing task 7 requiring operations [4]
33 Worker 1 forwarding task 7
33 Worker 0 processing task 8 requiring operations [2]
33 Worker 0 forwarding task 8
34 Generated task 17
34 Worker 1 accepting task 17
34 Worker 1 accepting task 10
34 Worker 0 accepting task 7
34 Worker 1 accepting task 8
34 Worker 2 processing task 16 requiring operations [7, 1, 2]
34 Worker 2 performing operation 1 on task 16
34 Worker 1 processing task 9 requiring operations [6, 3]
34 Worker 1 forwarding task 9
34 Worker 0 processing task 12 requiring operations [10, 8]
34 Worker 0 performing operation 10 on task 12
35 Worker 2 accepting task 16
35 Worker 2 accepting task 9
35 Worker 0 accepting task 12
35 Worker 2 processing task 13 requiring operations [1]
35 Worker 2 performing operation 1 on task 13
35 Worker 1 processing task 11 requiring operations [3, 8]
35 Worker 1 forwarding task 11
35 Worker 0 processing task 15 requiring operations [9, 3]
35 Worker 0 performing operation 3 on task 15
36 Generated task 18
36 Worker 3 accepting task 18
36 Task 13 completed!
36 Worker 2 accepting task 11
36 Worker 0 accepting task 15
36 Worker 2 processing task 14 requiring operations [5, 9, 7]
36 Worker 2 forwarding task 14
36 Worker 1 processing task 5 requiring operations [5]
36 Worker 1 performing operation 5 on task 5
36 Worker 0 processing task 7 requiring operations [4]
36 Worker 0 forwarding task 7
36 Worker 3 processing task 18 requiring operations [5, 7, 4]
36 Worker 3 forwarding task 18
37 Worker 1 accepting task 14
37 Task 5 completed!
37 Worker 2 accepting task 7
37 Worker 2 accepting task 18
37 Worker 2 processing task 16 requiring operations [7, 2]
37 Worker 2 forwarding task 16
37 Worker 1 processing task 17 requiring operations [10, 4, 1]
37 Worker 1 forwarding task 17
37 Worker 0 processing task 12 requiring operations [8]
37 Worker 0 forwarding task 12
38 Generated task 19
38 Worker 2 accepting task 19
38 Worker 3 accepting task 16
38 Worker 4 accepting task 17
38 Worker 2 accepting task 12
38 Worker 2 processing task 9 requiring operations [6, 3]
38 Worker 2 forwarding task 9
38 Worker 1 processing task 10 requiring operations [4, 2]
38 Worker 1 forwarding task 10
38 Worker 0 processing task 15 requiring operations [9]
38 Worker 0 forwarding task 15
38 Worker 3 processing task 16 requiring operations [7, 2]
38 Worker 3 forwarding task 16
38 Worker 4 processing task 17 requiring operations [10, 4, 1]
38 Worker 4 performing operation 4 on task 17
39 Worker 3 accepting task 9
39 Worker 4 accepting task 10
39 Worker 2 accepting task 15
39 Worker 4 accepting task 16
39 Worker 4 accepting task 17
39 Worker 2 processing task 11 requiring operations [3, 8]
39 Worker 2 forwarding task 11
39 Worker 1 processing task 8 requiring operations [2]
39 Worker 1 forwarding task 8
39 Worker 3 processing task 9 requiring operations [6, 3]
39 Worker 3 performing operation 6 on task 9
39 Worker 4 processing task 10 requiring operations [4, 2]
39 Worker 4 performing operation 2 on task 10
40 Generated task 20
40 Worker 1 accepting task 20
40 Worker 1 accepting task 11
40 Worker 4 accepting task 8
40 Worker 3 accepting task 9
40 Worker 4 accepting task 10
40 Worker 2 processing task 7 requiring operations [4]
40 Worker 2 forwarding task 7
40 Worker 1 processing task 14 requiring operations [5, 9, 7]
40 Worker 1 performing operation 7 on task 14
40 Worker 3 processing task 9 requiring operations [3]
40 Worker 3 forwarding task 9
40 Worker 4 processing task 16 requiring operations [7, 2]
40 Worker 4 performing operation 2 on task 16
41 Worker 3 accepting task 7
41 Worker 1 accepting task 14
41 Worker 0 accepting task 9
41 Worker 4 accepting task 16
41 Worker 2 processing task 18 requiring operations [5, 7, 4]
41 Worker 2 forwarding task 18
41 Worker 1 processing task 20 requiring operations [9, 5, 1]
41 Worker 1 performing operation 5 on task 20
41 Worker 3 processing task 7 requiring operations [4]
41 Worker 3 forwarding task 7
41 Worker 4 processing task 17 requiring operations [10, 1]
41 Worker 4 forwarding task 17
41 Worker 0 processing task 9 requiring operations [3]
41 Worker 0 performing operation 3 on task 9
42 Generated task 21
42 Worker 4 accepting task 21
42 Worker 1 accepting task 18
42 Worker 1 accepting task 20
42 Worker 4 accepting task 7
42 Worker 1 accepting task 17
42 Task 9 completed!
42 Worker 2 processing task 19 requiring operations [9, 5, 10]
42 Worker 2 performing operation 10 on task 19
42 Worker 1 processing task 11 requiring operations [3, 8]
42 Worker 1 forwarding task 11
42 Worker 4 processing task 8 requiring operations [2]
42 Worker 4 performing operation 2 on task 8
43 Worker 2 accepting task 19
43 Worker 4 accepting task 11
43 Task 8 completed!
43 Worker 2 processing task 12 requiring operations [8]
43 Worker 2 forwarding task 12
43 Worker 1 processing task 14 requiring operations [5, 9]
43 Worker 1 performing operation 9 on task 14
43 Worker 4 processing task 10 requiring operations [4]
43 Worker 4 performing operation 4 on task 10
44 Generated task 22
44 Worker 3 accepting task 22
44 Worker 1 accepting task 12
44 Worker 1 accepting task 14
44 Task 10 completed!
44 Worker 2 processing task 15 requiring operations [9]
44 Worker 2 forwarding task 15
44 Worker 1 processing task 18 requiring operations [5, 7, 4]
44 Worker 1 performing operation 5 on task 18
44 Worker 4 processing task 16 requiring operations [7]
44 Worker 4 forwarding task 16
44 Worker 3 processing task 22 requiring operations [7, 2, 9]
44 Worker 3 forwarding task 22
45 Worker 3 accepting task 15
45 Worker 1 accepting task 18
45 Worker 3 accepting task 16
45 Worker 2 accepting task 22
45 Worker 2 processing task 19 requiring operations [9, 5]
45 Worker 2 forwarding task 19
45 Worker 1 processing task 20 requiring operations [9, 1]
45 Worker 1 performing operation 9 on task 20
45 Worker 4 processing task 21 requiring operations [7, 9, 1]
45 Worker 4 forwarding task 21
45 Worker 3 processing task 15 requiring operations [9]
45 Worker 3 forwarding task 15
46 Generated task 23
46 Worker 4 accepting task 23
46 Worker 3 accepting task 19
46 Worker 1 accepting task 20
46 Worker 3 accepting task 21
46 Worker 0 accepting task 15
46 Worker 2 processing task 22 requiring operations [7, 2, 9]
46 Worker 2 forwarding task 22
46 Worker 1 processing task 17 requiring operations [10, 1]
46 Worker 1 forwarding task 17
46 Worker 4 processing task 7 requiring operations [4]
46 Worker 4 performing operation 4 on task 7
46 Worker 3 processing task 16 requiring operations [7]
46 Worker 3 forwarding task 16
46 Worker 0 processing task 15 requiring operations [9]
46 Worker 0 forwarding task 15
47 Worker 3 accepting task 22
47 Worker 4 accepting task 17
47 Task 7 completed!
47 Worker 0 accepting task 16
47 Worker 3 accepting task 15
47 Worker 1 processing task 12 requiring operations [8]
47 Worker 1 forwarding task 12
47 Worker 4 processing task 11 requiring operations [3, 8]
47 Worker 4 forwarding task 11
47 Worker 3 processing task 19 requiring operations [9, 5]
47 Worker 3 forwarding task 19
47 Worker 0 processing task 16 requiring operations [7]
47 Worker 0 forwarding task 16
48 Generated task 24
48 Worker 0 accepting task 24
48 Worker 4 accepting task 12
48 Worker 1 accepting task 11
48 Worker 2 accepting task 19
48 Worker 3 accepting task 16
48 Worker 1 processing task 14 requiring operations [5]
48 Worker 1 performing operation 5 on task 14
48 Worker 4 processing task 23 requiring operations [9, 1, 7]
48 Worker 4 forwarding task 23
48 Worker 3 processing task 21 requiring operations [7, 9, 1]
48 Worker 3 forwarding task 21
48 Worker 0 processing task 24 requiring operations [9, 1, 3]
48 Worker 0 performing operation 3 on task 24
48 Worker 2 processing task 19 requiring operations [9, 5]
48 Worker 2 forwarding task 19
49 Task 14 completed!
49 Worker 3 accepting task 23
49 Worker 0 accepting task 21
49 Worker 0 accepting task 24
49 Worker 3 accepting task 19
49 Worker 1 processing task 18 requiring operations [7, 4]
49 Worker 1 performing operation 7 on task 18
49 Worker 4 processing task 17 requiring operations [10, 1]
49 Worker 4 forwarding task 17
49 Worker 3 processing task 22 requiring operations [7, 2, 9]
49 Worker 3 forwarding task 22
49 Worker 0 processing task 21 requiring operations [7, 9, 1]
49 Worker 0 forwarding task 21
50 Generated task 25
50 Worker 0 accepting task 25
50 Worker 1 accepting task 18
50 Worker 1 accepting task 17
50 Worker 0 accepting task 22
50 Worker 3 accepting task 21
50 Worker 1 processing task 20 requiring operations [1]
50 Worker 1 forwarding task 20
50 Worker 4 processing task 12 requiring operations [8]
50 Worker 4 forwarding task 12
50 Worker 3 processing task 15 requiring operations [9]
50 Worker 3 forwarding task 15
50 Worker 0 processing task 24 requiring operations [9, 1]
50 Worker 0 forwarding task 24
51 Worker 0 accepting task 20
51 Worker 1 accepting task 12
51 Worker 0 accepting task 15
51 Worker 2 accepting task 24
51 Worker 1 processing task 11 requiring operations [3, 8]
51 Worker 1 forwarding task 11
51 Worker 3 processing task 16 requiring operations [7]
51 Worker 3 forwarding task 16
51 Worker 0 processing task 25 requiring operations [2, 6, 8]
51 Worker 0 performing operation 6 on task 25
51 Worker 2 processing task 24 requiring operations [9, 1]
51 Worker 2 performing operation 1 on task 24
52 Generated task 26
52 Worker 0 accepting task 26
52 Worker 4 accepting task 11
52 Worker 4 accepting task 16
52 Worker 0 accepting task 25
52 Worker 2 accepting task 24
52 Worker 1 processing task 18 requiring operations [4]
52 Worker 1 forwarding task 18
52 Worker 3 processing task 23 requiring operations [9, 1, 7]
52 Worker 3 forwarding task 23
52 Worker 0 processing task 22 requiring operations [7, 2, 9]
52 Worker 0 forwarding task 22
52 Worker 2 processing task 24 requiring operations [9]
52 Worker 2 forwarding task 24
52 Worker 4 processing task 11 requiring operations [3, 8]
52 Worker 4 forwarding task 11
53 Worker 2 accepting task 18
53 Worker 0 accepting task 23
53 Worker 2 accepting task 22
53 Worker 0 accepting task 24
53 Worker 1 accepting task 11
53 Worker 1 processing task 17 requiring operations [10, 1]
53 Worker 1 forwarding task 17
53 Worker 3 processing task 19 requiring operations [9, 5]
53 Worker 3 forwarding task 19
53 Worker 0 processing task 20 requiring operations [1]
53 Worker 0 forwarding task 20
53 Worker 2 processing task 18 requiring operations [4]
53 Worker 2 forwarding task 18
53 Worker 4 processing task 16 requiring operations [7]
53 Worker 4 forwarding task 16
54 Generated task 27
54 Worker 2 accepting task 27
54 Worker 0 accepting task 17
54 Worker 0 accepting task 19
54 Worker 3 accepting task 20
54 Worker 0 accepting task 18
54 Worker 3 accepting task 16
54 Worker 1 processing task 12 requiring operations [8]
54 Worker 1 forwarding task 12
54 Worker 3 processing task 21 requiring operations [7, 9, 1]
54 Worker 3 forwarding task 21
54 Worker 0 processing task 15 requiring operations [9]
54 Worker 0 forwarding task 15
54 Worker 2 processing task 22 requiring operations [7, 2, 9]
54 Worker 2 forwarding task 22
55 Worker 0 accepting task 12
55 Worker 0 accepting task 21
55 Worker 3 accepting task 15
55 Worker 0 accepting task 22
55 Worker 1 processing task 11 requiring operations [3, 8]
55 Worker 1 forwarding task 11
55 Worker 3 processing task 20 requiring operations [1]
55 Worker 3 forwarding task 20
55 Worker 0 processing task 26 requiring operations [6, 4, 2]
55 Worker 0 performing operation 6 on task 26
55 Worker 2 processing task 27 requiring operations [6, 7, 9]
55 Worker 2 forwarding task 27
56 Generated task 28
56 Worker 4 accepting task 28
56 Worker 4 accepting task 11
56 Worker 2 accepting task 20
56 Worker 0 accepting task 26
56 Worker 1 accepting task 27
56 Worker 3 processing task 16 requiring operations [7]
56 Worker 3 forwarding task 16
56 Worker 0 processing task 25 requiring operations [2, 8]
56 Worker 0 forwarding task 25
56 Worker 2 processing task 20 requiring operations [1]
56 Worker 2 performing operation 1 on task 20
56 Worker 4 processing task 28 requiring operations [7, 2, 1]
56 Worker 4 performing operation 2 on task 28
56 Worker 1 processing task 27 requiring operations [6, 7, 9]
56 Worker 1 performing operation 7 on task 27
57 Worker 2 accepting task 16
57 Worker 2 accepting task 25
57 Task 20 completed!
57 Worker 4 accepting task 28
57 Worker 1 accepting task 27
57 Worker 3 processing task 15 requiring operations [9]
57 Worker 3 forwarding task 15
57 Worker 0 processing task 23 requiring operations [9, 1, 7]
57 Worker 0 forwarding task 23
57 Worker 2 processing task 16 requiring operations [7]
57 Worker 2 forwarding task 16
57 Worker 4 processing task 11 requiring operations [3, 8]
57 Worker 4 forwarding task 11
57 Worker 1 processing task 27 requiring operations [6, 9]
57 Worker 1 performing operation 9 on task 27
58 Generated task 29
58 Worker 2 accepting task 29
58 Worker 2 accepting task 15
58 Worker 3 accepting task 23
58 Worker 0 accepting task 16
58 Worker 3 accepting task 11
58 Worker 1 accepting task 27
58 Worker 0 processing task 24 requiring operations [9]
58 Worker 0 forwarding task 24
58 Worker 2 processing task 25 requiring operations [2, 8]
58 Worker 2 forwarding task 25
58 Worker 4 processing task 28 requiring operations [7, 1]
58 Worker 4 forwarding task 28
58 Worker 1 processing task 27 requiring operations [6]
58 Worker 1 forwarding task 27
58 Worker 3 processing task 23 requiring operations [9, 1, 7]
58 Worker 3 forwarding task 23
59 Worker 1 accepting task 24
59 Worker 1 accepting task 25
59 Worker 1 accepting task 28
59 Worker 4 accepting task 27
59 Worker 0 accepting task 23
59 Worker 0 processing task 17 requiring operations [10, 1]
59 Worker 0 performing operation 10 on task 17
59 Worker 2 processing task 29 requiring operations [8, 1, 5]
59 Worker 2 performing operation 1 on task 29
59 Worker 1 processing task 24 requiring operations [9]
59 Worker 1 performing operation 9 on task 24
59 Worker 3 processing task 11 requiring operations [3, 8]
59 Worker 3 performing operation 8 on task 11
59 Worker 4 processing task 27 requiring operations [6]
59 Worker 4 forwarding task 27
60 Generated task 30
60 Worker 0 accepting task 30
60 Worker 0 accepting task 17
60 Worker 2 accepting task 29
60 Task 24 completed!
60 Worker 3 accepting task 11
60 Worker 1 accepting task 27
60 Worker 0 processing task 19 requiring operations [9, 5]
60 Worker 0 forwarding task 19
60 Worker 2 processing task 15 requiring operations [9]
60 Worker 2 forwarding task 15
60 Worker 1 processing task 25 requiring operations [2, 8]
60 Worker 1 forwarding task 25
60 Worker 3 processing task 11 requiring operations [3]
60 Worker 3 forwarding task 11
61 Worker 1 accepting task 19
61 Worker 3 accepting task 15
61 Worker 0 accepting task 25
61 Worker 4 accepting task 11
61 Worker 0 processing task 18 requiring operations [4]
61 Worker 0 forwarding task 18
61 Worker 2 processing task 29 requiring operations [8, 5]
61 Worker 2 forwarding task 29
61 Worker 1 processing task 28 requiring operations [7, 1]
61 Worker 1 performing operation 7 on task 28
61 Worker 3 processing task 15 requiring operations [9]
61 Worker 3 forwarding task 15
61 Worker 4 processing task 11 requiring operations [3]
61 Worker 4 forwarding task 11
62 Generated task 31
62 Worker 1 accepting task 31
62 Worker 1 accepting task 18
62 Worker 0 accepting task 29
62 Worker 1 accepting task 28
62 Worker 2 accepting task 15
62 Worker 1 accepting task 11
62 Worker 0 processing task 12 requiring operations [8]
62 Worker 0 forwarding task 12
62 Worker 1 processing task 27 requiring operations [6]
62 Worker 1 forwarding task 27
62 Worker 2 processing task 15 requiring operations [9]
62 Worker 2 forwarding task 15
63 Worker 1 accepting task 12
63 Worker 4 accepting task 27
63 Worker 0 accepting task 15
63 Worker 0 processing task 21 requiring operations [7, 9, 1]
63 Worker 0 forwarding task 21
63 Worker 1 processing task 19 requiring operations [9, 5]
63 Worker 1 performing operation 9 on task 19
63 Worker 4 processing task 27 requiring operations [6]
63 Worker 4 forwarding task 27
64 Generated task 32
64 Worker 3 accepting task 32
64 Worker 2 accepting task 21
64 Worker 1 accepting task 19
64 Worker 1 accepting task 27
64 Worker 0 processing task 22 requiring operations [7, 2, 9]
64 Worker 0 forwarding task 22
64 Worker 1 processing task 31 requiring operations [8, 9, 7]
64 Worker 1 performing operation 7 on task 31
64 Worker 3 processing task 32 requiring operations [8, 3, 10]
64 Worker 3 performing operation 8 on task 32
64 Worker 2 processing task 21 requiring operations [7, 9, 1]
64 Worker 2 performing operation 1 on task 21
65 Worker 1 accepting task 22
65 Worker 1 accepting task 31
65 Worker 3 accepting task 32
65 Worker 2 accepting task 21
65 Worker 0 processing task 26 requiring operations [4, 2]
65 Worker 0 forwarding task 26
65 Worker 1 processing task 18 requiring operations [4]
65 Worker 1 forwarding task 18
65 Worker 3 processing task 32 requiring operations [3, 10]
65 Worker 3 forwarding task 32
65 Worker 2 processing task 21 requiring operations [7, 9]
65 Worker 2 forwarding task 21
66 Generated task 33
66 Worker 3 accepting task 33
66 Worker 2 accepting task 26
66 Worker 2 accepting task 18
66 Worker 2 accepting task 32
66 Worker 0 accepting task 21
66 Worker 0 processing task 16 requiring operations [7]
66 Worker 0 forwarding task 16
66 Worker 1 processing task 28 requiring operations [1]
66 Worker 1 forwarding task 28
66 Worker 3 processing task 33 requiring operations [4, 6, 10]
66 Worker 3 performing operation 6 on task 33
66 Worker 2 processing task 26 requiring operations [4, 2]
66 Worker 2 forwarding task 26
67 Worker 2 accepting task 16
67 Worker 0 accepting task 28
67 Worker 3 accepting task 33
67 Worker 3 accepting task 26
67 Worker 0 processing task 23 requiring operations [9, 1, 7]
67 Worker 0 forwarding task 23
67 Worker 1 processing task 11 requiring operations [3]
67 Worker 1 forwarding task 11
67 Worker 3 processing task 33 requiring operations [4, 10]
67 Worker 3 forwarding task 33
67 Worker 2 processing task 18 requiring operations [4]
67 Worker 2 forwarding task 18
68 Generated task 34
68 Worker 1 accepting task 34
68 Worker 2 accepting task 23
68 Worker 2 accepting task 11
68 Worker 2 accepting task 33
68 Worker 3 accepting task 18
68 Worker 0 processing task 30 requiring operations [5, 1, 10]
68 Worker 0 performing operation 10 on task 30
68 Worker 1 processing task 12 requiring operations [8]
68 Worker 1 forwarding task 12
68 Worker 3 processing task 26 requiring operations [4, 2]
68 Worker 3 forwarding task 26
68 Worker 2 processing task 32 requiring operations [3, 10]
68 Worker 2 performing operation 10 on task 32
69 Worker 0 accepting task 30
69 Worker 2 accepting task 12
69 Worker 0 accepting task 26
69 Worker 2 accepting task 32
69 Worker 0 processing task 17 requiring operations [1]
69 Worker 0 forwarding task 17
69 Worker 1 processing task 19 requiring operations [5]
69 Worker 1 performing operation 5 on task 19
69 Worker 3 processing task 18 requiring operations [4]
69 Worker 3 forwarding task 18
69 Worker 2 processing task 16 requiring operations [7]
69 Worker 2 forwarding task 16
70 Generated task 35
70 Worker 3 accepting task 35
70 Worker 1 accepting task 17
70 Task 19 completed!
70 Worker 4 accepting task 18
70 Worker 3 accepting task 16
70 Worker 0 processing task 25 requiring operations [2, 8]
70 Worker 0 forwarding task 25
70 Worker 1 processing task 27 requiring operations [6]
70 Worker 1 forwarding task 27
70 Worker 3 processing task 35 requiring operations [7, 10, 9]
70 Worker 3 forwarding task 35
70 Worker 2 processing task 23 requiring operations [9, 1, 7]
70 Worker 2 performing operation 1 on task 23
70 Worker 4 processing task 18 requiring operations [4]
70 Worker 4 performing operation 4 on task 18
71 Worker 2 accepting task 25
71 Worker 4 accepting task 27
71 Worker 0 accepting task 35
71 Worker 2 accepting task 23
71 Task 18 completed!
71 Worker 0 processing task 29 requiring operations [8, 5]
71 Worker 0 forwarding task 29
71 Worker 1 processing task 22 requiring operations [7, 2, 9]
71 Worker 1 performing operation 7 on task 22
71 Worker 3 processing task 16 requiring operations [7]
71 Worker 3 forwarding task 16
71 Worker 2 processing task 11 requiring operations [3]
71 Worker 2 forwarding task 11
71 Worker 4 processing task 27 requiring operations [6]
71 Worker 4 forwarding task 27
72 Generated task 36
72 Worker 1 accepting task 36
72 Worker 2 accepting task 29
72 Worker 1 accepting task 22
72 Worker 2 accepting task 16
72 Worker 0 accepting task 11
72 Worker 1 accepting task 27
72 Worker 0 processing task 15 requiring operations [9]
72 Worker 0 forwarding task 15
72 Worker 1 processing task 31 requiring operations [8, 9]
72 Worker 1 performing operation 9 on task 31
72 Worker 2 processing task 33 requiring operations [4, 10]
72 Worker 2 performing operation 10 on task 33
73 Worker 2 accepting task 15
73 Worker 1 accepting task 31
73 Worker 2 accepting task 33
73 Worker 0 processing task 21 requiring operations [7, 9]
73 Worker 0 forwarding task 21
73 Worker 1 processing task 34 requiring operations [4, 10, 8]
73 Worker 1 forwarding task 34
73 Worker 2 processing task 12 requiring operations [8]
73 Worker 2 forwarding task 12
74 Generated task 37
74 Worker 4 accepting task 37
74 Worker 1 accepting task 21
74 Worker 0 accepting task 34
74 Worker 1 accepting task 12
74 Worker 0 processing task 28 requiring operations [1]
74 Worker 0 forwarding task 28
74 Worker 1 processing task 17 requiring operations [1]
74 Worker 1 forwarding task 17
74 Worker 2 processing task 32 requiring operations [3]
74 Worker 2 forwarding task 32
74 Worker 4 processing task 37 requiring operations [8, 5, 4]
74 Worker 4 performing operation 4 on task 37
75 Worker 2 accepting task 28
75 Worker 2 accepting task 17
75 Worker 1 accepting task 32
75 Worker 4 accepting task 37
75 Worker 0 processing task 30 requiring operations [5, 1]
75 Worker 0 forwarding task 30
75 Worker 1 processing task 36 requiring operations [1, 8, 2]
75 Worker 1 forwarding task 36
75 Worker 2 processing task 25 requiring operations [2, 8]
75 Worker 2 forwarding task 25
75 Worker 4 processing task 37 requiring operations [8, 5]
75 Worker 4 forwarding task 37
76 Generated task 38
76 Worker 1 accepting task 38
76 Worker 3 accepting task 30
76 Worker 2 accepting task 36
76 Worker 3 accepting task 25
76 Worker 3 accepting task 37
76 Worker 0 processing task 26 requiring operations [4, 2]
76 Worker 0 forwarding task 26
76 Worker 1 processing task 22 requiring operations [2, 9]
76 Worker 1 performing operation 9 on task 22
76 Worker 2 processing task 23 requiring operations [9, 7]
76 Worker 2 forwarding task 23
76 Worker 3 processing task 30 requiring operations [5, 1]
76 Worker 3 forwarding task 30
77 Worker 3 accepting task 26
77 Worker 1 accepting task 22
77 Worker 0 accepting task 23
77 Worker 4 accepting task 30
77 Worker 0 processing task 35 requiring operations [7, 10, 9]
77 Worker 0 performing operation 10 on task 35
77 Worker 1 processing task 27 requiring operations [6]
77 Worker 1 forwarding task 27
77 Worker 2 processing task 29 requiring operations [8, 5]
77 Worker 2 forwarding task 29
77 Worker 3 processing task 25 requiring operations [2, 8]
77 Worker 3 performing operation 8 on task 25
77 Worker 4 processing task 30 requiring operations [5, 1]
77 Worker 4 forwarding task 30
78 Generated task 39
78 Worker 0 accepting task 39
78 Worker 0 accepting task 35
78 Worker 4 accepting task 27
78 Worker 3 accepting task 29
78 Worker 3 accepting task 25
78 Worker 3 accepting task 30
78 Worker 0 processing task 11 requiring operations [3]
78 Worker 0 performing operation 3 on task 11
78 Worker 1 processing task 31 requiring operations [8]
78 Worker 1 forwarding task 31
78 Worker 2 processing task 16 requiring operations [7]
78 Worker 2 forwarding task 16
78 Worker 3 processing task 37 requiring operations [8, 5]
78 Worker 3 performing operation 8 on task 37
78 Worker 4 processing task 27 requiring operations [6]
78 Worker 4 forwarding task 27
79 Task 11 completed!
79 Worker 0 accepting task 31
79 Worker 1 accepting task 16
79 Worker 3 accepting task 37
79 Worker 3 accepting task 27
79 Worker 0 processing task 34 requiring operations [4, 10, 8]
79 Worker 0 performing operation 10 on task 34
79 Worker 1 processing task 21 requiring operations [7, 9]
79 Worker 1 performing operation 7 on task 21
79 Worker 2 processing task 15 requiring operations [9]
79 Worker 2 forwarding task 15
79 Worker 3 processing task 26 requiring operations [4, 2]
79 Worker 3 forwarding task 26
80 Generated task 40
80 Worker 1 accepting task 40
80 Worker 0 accepting task 34
80 Worker 1 accepting task 21
80 Worker 0 accepting task 15
80 Worker 2 accepting task 26
80 Worker 0 processing task 23 requiring operations [9, 7]
80 Worker 0 forwarding task 23
80 Worker 1 processing task 12 requiring operations [8]
80 Worker 1 forwarding task 12
80 Worker 2 processing task 33 requiring operations [4]
80 Worker 2 forwarding task 33
80 Worker 3 processing task 29 requiring operations [8, 5]
80 Worker 3 performing operation 8 on task 29
81 Worker 1 accepting task 23
81 Worker 2 accepting task 12
81 Worker 3 accepting task 33
81 Worker 3 accepting task 29
81 Worker 0 processing task 39 requiring operations [9, 8, 10]
81 Worker 0 performing operation 10 on task 39
81 Worker 1 processing task 32 requiring operations [3]
81 Worker 1 forwarding task 32
81 Worker 2 processing task 28 requiring operations [1]
81 Worker 2 performing operation 1 on task 28
81 Worker 3 processing task 25 requiring operations [2]
81 Worker 3 forwarding task 25
82 Generated task 41
82 Worker 1 accepting task 41
82 Worker 0 accepting task 39
82 Worker 0 accepting task 32
82 Task 28 completed!
82 Worker 2 accepting task 25
82 Worker 0 processing task 35 requiring operations [7, 9]
82 Worker 0 forwarding task 35
82 Worker 1 processing task 38 requiring operations [7, 9, 3]
82 Worker 1 performing operation 9 on task 38
82 Worker 2 processing task 17 requiring operations [1]
82 Worker 2 performing operation 1 on task 17
82 Worker 3 processing task 30 requiring operations [5, 1]
82 Worker 3 forwarding task 30
83 Worker 1 accepting task 35
83 Worker 1 accepting task 38
83 Task 17 completed!
83 Worker 4 accepting task 30
83 Worker 0 processing task 31 requiring operations [8]
83 Worker 0 forwarding task 31
83 Worker 1 processing task 22 requiring operations [2]
83 Worker 1 forwarding task 22
83 Worker 2 processing task 36 requiring operations [1, 8, 2]
83 Worker 2 performing operation 1 on task 36
83 Worker 3 processing task 37 requiring operations [5]
83 Worker 3 forwarding task 37
83 Worker 4 processing task 30 requiring operations [5, 1]
83 Worker 4 forwarding task 30
84 Generated task 42
84 Worker 2 accepting task 42
84 Worker 1 accepting task 31
84 Worker 2 accepting task 22
84 Worker 2 accepting task 36
84 Worker 0 accepting task 37
84 Worker 3 accepting task 30
84 Worker 0 processing task 34 requiring operations [4, 8]
84 Worker 0 forwarding task 34
84 Worker 1 processing task 16 requiring operations [7]
84 Worker 1 performing operation 7 on task 16
84 Worker 2 processing task 26 requiring operations [4, 2]
84 Worker 2 forwarding task 26
84 Worker 3 processing task 27 requiring operations [6]
84 Worker 3 performing operation 6 on task 27
85 Worker 3 accepting task 34
85 Task 16 completed!
85 Worker 0 accepting task 26
85 Task 27 completed!
85 Worker 0 processing task 15 requiring operations [9]
85 Worker 0 forwarding task 15
85 Worker 1 processing task 40 requiring operations [6, 2, 3]
85 Worker 1 forwarding task 40
85 Worker 2 processing task 12 requiring operations [8]
85 Worker 2 forwarding task 12
85 Worker 3 processing task 33 requiring operations [4]
85 Worker 3 forwarding task 33
86 Generated task 43
86 Worker 0 accepting task 43
86 Worker 3 accepting task 15
86 Worker 0 accepting task 40
86 Worker 1 accepting task 12
86 Worker 2 accepting task 33
86 Worker 0 processing task 39 requiring operations [9, 8]
86 Worker 0 forwarding task 39
86 Worker 1 processing task 21 requiring operations [9]
86 Worker 1 performing operation 9 on task 21
86 Worker 2 processing task 25 requiring operations [2]
86 Worker 2 forwarding task 25
86 Worker 3 processing task 29 requiring operations [5]
86 Worker 3 forwarding task 29
87 Worker 2 accepting task 39
87 Task 21 completed!
87 Worker 3 accepting task 25
87 Worker 0 accepting task 29
87 Worker 0 processing task 32 requiring operations [3]
87 Worker 0 performing operation 3 on task 32
87 Worker 1 processing task 23 requiring operations [9, 7]
87 Worker 1 performing operation 7 on task 23
87 Worker 2 processing task 42 requiring operations [1, 10, 6]
87 Worker 2 performing operation 1 on task 42
87 Worker 3 processing task 30 requiring operations [5, 1]
87 Worker 3 forwarding task 30
88 Generated task 44
88 Worker 3 accepting task 44
88 Task 32 completed!
88 Worker 1 accepting task 23
88 Worker 2 accepting task 42
88 Worker 2 accepting task 30
88 Worker 0 processing task 37 requiring operations [5]
88 Worker 0 forwarding task 37
88 Worker 1 processing task 41 requiring operations [1, 10, 6]
88 Worker 1 forwarding task 41
88 Worker 2 processing task 22 requiring operations [2]
88 Worker 2 forwarding task 22
88 Worker 3 processing task 34 requiring operations [4, 8]
88 Worker 3 performing operation 8 on task 34
89 Worker 1 accepting task 37
89 Worker 0 accepting task 41
89 Worker 3 accepting task 22
89 Worker 3 accepting task 34
89 Worker 0 processing task 26 requiring operations [4, 2]
89 Worker 0 forwarding task 26
89 Worker 1 processing task 35 requiring operations [7, 9]
89 Worker 1 performing operation 7 on task 35
89 Worker 2 processing task 36 requiring operations [8, 2]
89 Worker 2 forwarding task 36
89 Worker 3 processing task 15 requiring operations [9]
89 Worker 3 forwarding task 15
90 Generated task 45
90 Worker 1 accepting task 45
90 Worker 3 accepting task 26
90 Worker 1 accepting task 35
90 Worker 3 accepting task 36
90 Worker 0 accepting task 15
90 Worker 0 processing task 43 requiring operations [7, 5, 10]
90 Worker 0 performing operation 10 on task 43
90 Worker 1 processing task 38 requiring operations [7, 3]
90 Worker 1 performing operation 7 on task 38
90 Worker 2 processing task 33 requiring operations [4]
90 Worker 2 forwarding task 33
90 Worker 3 processing task 25 requiring operations [2]
90 Worker 3 forwarding task 25
91 Worker 0 accepting task 43
91 Worker 1 accepting task 38
91 Worker 1 accepting task 33
91 Worker 0 accepting task 25
91 Worker 0 processing task 40 requiring operations [6, 2, 3]
91 Worker 0 performing operation 6 on task 40
91 Worker 1 processing task 31 requiring operations [8]
91 Worker 1 forwarding task 31
91 Worker 2 processing task 39 requiring operations [9, 8]
91 Worker 2 forwarding task 39
91 Worker 3 processing task 44 requiring operations [1, 5, 2]
91 Worker 3 forwarding task 44
92 Generated task 46
92 Worker 3 accepting task 46
92 Worker 0 accepting task 40
92 Worker 2 accepting task 31
92 Worker 1 accepting task 39
92 Worker 4 accepting task 44
92 Worker 0 processing task 29 requiring operations [5]
92 Worker 0 forwarding task 29
92 Worker 1 processing task 12 requiring operations [8]
92 Worker 1 forwarding task 12
92 Worker 2 processing task 42 requiring operations [10, 6]
92 Worker 2 performing operation 10 on task 42
92 Worker 3 processing task 22 requiring operations [2]
92 Worker 3 forwarding task 22
92 Worker 4 processing task 44 requiring operations [1, 5, 2]
92 Worker 4 performing operation 2 on task 44
93 Worker 3 accepting task 29
93 Worker 4 accepting task 12
93 Worker 2 accepting task 42
93 Worker 4 accepting task 22
93 Worker 4 accepting task 44
93 Worker 0 processing task 41 requiring operations [1, 10, 6]
93 Worker 0 performing operation 10 on task 41
93 Worker 1 processing task 23 requiring operations [9]
93 Worker 1 performing operation 9 on task 23
93 Worker 2 processing task 30 requiring operations [5, 1]
93 Worker 2 performing operation 1 on task 30
93 Worker 3 processing task 34 requiring operations [4]
93 Worker 3 forwarding task 34
93 Worker 4 processing task 12 requiring operations [8]
93 Worker 4 forwarding task 12
94 Generated task 47
94 Worker 3 accepting task 47
94 Worker 0 accepting task 41
94 Task 23 completed!
94 Worker 2 accepting task 30
94 Worker 2 accepting task 34
94 Worker 1 accepting task 12
94 Worker 0 processing task 15 requiring operations [9]
94 Worker 0 forwarding task 15
94 Worker 1 processing task 37 requiring operations [5]
94 Worker 1 performing operation 5 on task 37
94 Worker 2 processing task 31 requiring operations [8]
94 Worker 2 forwarding task 31
94 Worker 3 processing task 26 requiring operations [4, 2]
94 Worker 3 forwarding task 26
94 Worker 4 processing task 22 requiring operations [2]
94 Worker 4 performing operation 2 on task 22
95 Worker 1 accepting task 15
95 Task 37 completed!
95 Worker 0 accepting task 31
95 Worker 0 accepting task 26
95 Task 22 completed!
95 Worker 0 processing task 43 requiring operations [7, 5]
95 Worker 0 forwarding task 43
95 Worker 1 processing task 45 requiring operations [1, 7, 9]
95 Worker 1 performing operation 9 on task 45
95 Worker 2 processing task 42 requiring operations [6]
95 Worker 2 forwarding task 42
95 Worker 3 processing task 36 requiring operations [8, 2]
95 Worker 3 performing operation 8 on task 36
95 Worker 4 processing task 44 requiring operations [1, 5]
95 Worker 4 forwarding task 44
96 Generated task 48
96 Worker 1 accepting task 48
96 Worker 2 accepting task 43
96 Worker 1 accepting task 45
96 Worker 0 accepting task 42
96 Worker 3 accepting task 36
96 Worker 1 accepting task 44
96 Worker 0 processing task 25 requiring operations [2]
96 Worker 0 forwarding task 25
96 Worker 1 processing task 35 requiring operations [9]
96 Worker 1 performing operation 9 on task 35
96 Worker 2 processing task 30 requiring operations [5]
96 Worker 2 forwarding task 30
96 Worker 3 processing task 46 requiring operations [4, 7, 2]
96 Worker 3 forwarding task 46
97 Worker 3 accepting task 25
97 Task 35 completed!
97 Worker 0 accepting task 30
97 Worker 4 accepting task 46
97 Worker 0 processing task 40 requiring operations [2, 3]
97 Worker 0 performing operation 3 on task 40
97 Worker 1 processing task 38 requiring operations [3]
97 Worker 1 forwarding task 38
97 Worker 2 processing task 34 requiring operations [4]
97 Worker 2 forwarding task 34
97 Worker 3 processing task 29 requiring operations [5]
97 Worker 3 forwarding task 29
97 Worker 4 processing task 46 requiring operations [4, 7, 2]
97 Worker 4 performing operation 4 on task 46
98 Generated task 49
98 Worker 4 accepting task 49
98 Worker 0 accepting task 40
98 Worker 0 accepting task 38
98 Worker 1 accepting task 34
98 Worker 2 accepting task 29
98 Worker 4 accepting task 46
98 Worker 0 processing task 41 requiring operations [1, 6]
98 Worker 0 performing operation 6 on task 41
98 Worker 1 processing task 33 requiring operations [4]
98 Worker 1 forwarding task 33
98 Worker 2 processing task 43 requiring operations [7, 5]
98 Worker 2 forwarding task 43
98 Worker 3 processing task 47 requiring operations [6, 1, 8]
98 Worker 3 performing operation 6 on task 47
98 Worker 4 processing task 49 requiring operations [4, 10, 2]
98 Worker 4 performing operation 2 on task 49
99 Worker 0 accepting task 41
99 Worker 4 accepting task 33
99 Worker 1 accepting task 43
99 Worker 3 accepting task 47
99 Worker 4 accepting task 49
99 Worker 0 processing task 31 requiring operations [8]
99 Worker 0 forwarding task 31
99 Worker 1 processing task 39 requiring operations [9, 8]
99 Worker 1 performing operation 9 on task 39
99 Worker 2 processing task 29 requiring operations [5]
99 Worker 2 forwarding task 29
99 Worker 3 processing task 36 requiring operations [2]
99 Worker 3 forwarding task 36
99 Worker 4 processing task 46 requiring operations [7, 2]
99 Worker 4 performing operation 2 on task 46
100 Generated task 50
100 Worker 1 accepting task 50
100 Worker 2 accepting task 31
100 Worker 1 accepting task 39
100 Worker 1 accepting task 29
100 Worker 2 accepting task 36
100 Worker 4 accepting task 46
100 Worker 0 processing task 26 requiring operations [4, 2]
100 Worker 0 forwarding task 26
100 Worker 1 processing task 12 requiring operations [8]
100 Worker 1 forwarding task 12
100 Worker 2 processing task 31 requiring operations [8]
100 Worker 2 forwarding task 31
100 Worker 3 processing task 25 requiring operations [2]
100 Worker 3 forwarding task 25
100 Worker 4 processing task 33 requiring operations [4]
100 Worker 4 performing operation 4 on task 33
101 Worker 3 accepting task 26
101 Worker 4 accepting task 12
101 Worker 0 accepting task 31
101 Worker 2 accepting task 25
101 Task 33 completed!
101 Worker 0 processing task 42 requiring operations [6]
101 Worker 0 performing operation 6 on task 42
101 Worker 1 processing task 15 requiring operations [9]
101 Worker 1 performing operation 9 on task 15
101 Worker 2 processing task 36 requiring operations [2]
101 Worker 2 forwarding task 36
101 Worker 3 processing task 47 requiring operations [1, 8]
101 Worker 3 performing operation 8 on task 47
101 Worker 4 processing task 49 requiring operations [4, 10]
101 Worker 4 performing operation 4 on task 49
102 Generated task 51
102 Worker 3 accepting task 51
102 Task 42 completed!
102 Task 15 completed!
102 Worker 0 accepting task 36
102 Worker 3 accepting task 47
102 Worker 4 accepting task 49
102 Worker 0 processing task 30 requiring operations [5]
102 Worker 0 forwarding task 30
102 Worker 1 processing task 48 requiring operations [2, 3, 8]
102 Worker 1 forwarding task 48
102 Worker 2 processing task 25 requiring operations [2]
102 Worker 2 forwarding task 25
102 Worker 3 processing task 26 requiring operations [4, 2]
102 Worker 3 forwarding task 26
102 Worker 4 processing task 46 requiring operations [7]
102 Worker 4 forwarding task 46
103 Worker 2 accepting task 30
103 Worker 2 accepting task 48
103 Worker 1 accepting task 25
103 Worker 2 accepting task 26
103 Worker 1 accepting task 46
103 Worker 0 processing task 40 requiring operations [2]
103 Worker 0 forwarding task 40
103 Worker 1 processing task 45 requiring operations [1, 7]
103 Worker 1 performing operation 7 on task 45
103 Worker 2 processing task 30 requiring operations [5]
103 Worker 2 forwarding task 30
103 Worker 3 processing task 51 requiring operations [7, 8, 9]
103 Worker 3 performing operation 8 on task 51
103 Worker 4 processing task 12 requiring operations [8]
103 Worker 4 forwarding task 12
104 Generated task 52
104 Worker 2 accepting task 52
104 Worker 3 accepting task 40
104 Worker 1 accepting task 45
104 Worker 0 accepting task 30
104 Worker 3 accepting task 51
104 Worker 3 accepting task 12
104 Worker 0 processing task 38 requiring operations [3]
104 Worker 0 performing operation 3 on task 38
104 Worker 1 processing task 44 requiring operations [1, 5]
104 Worker 1 performing operation 5 on task 44
104 Worker 2 processing task 48 requiring operations [2, 3, 8]
104 Worker 2 forwarding task 48
104 Worker 3 processing task 47 requiring operations [1]
104 Worker 3 forwarding task 47
104 Worker 4 processing task 49 requiring operations [10]
104 Worker 4 forwarding task 49
105 Task 38 completed!
105 Worker 1 accepting task 44
105 Worker 3 accepting task 48
105 Worker 4 accepting task 47
105 Worker 3 accepting task 49
105 Worker 0 processing task 41 requiring operations [1]
105 Worker 0 forwarding task 41
105 Worker 1 processing task 34 requiring operations [4]
105 Worker 1 forwarding task 34
105 Worker 2 processing task 26 requiring operations [4, 2]
105 Worker 2 forwarding task 26
105 Worker 3 processing task 40 requiring operations [2]
105 Worker 3 forwarding task 40
105 Worker 4 processing task 47 requiring operations [1]
105 Worker 4 forwarding task 47
106 Generated task 53
106 Worker 4 accepting task 53
106 Worker 3 accepting task 41
106 Worker 0 accepting task 34
106 Worker 0 accepting task 26
106 Worker 2 accepting task 40
106 Worker 3 accepting task 47
106 Worker 0 processing task 31 requiring operations [8]
106 Worker 0 forwarding task 31
106 Worker 1 processing task 43 requiring operations [7, 5]
106 Worker 1 performing operation 7 on task 43
106 Worker 2 processing task 52 requiring operations [4, 3, 7]
106 Worker 2 forwarding task 52
106 Worker 3 processing task 51 requiring operations [7, 9]
106 Worker 3 forwarding task 51
106 Worker 4 processing task 53 requiring operations [8, 9, 2]
106 Worker 4 performing operation 2 on task 53
107 Worker 2 accepting task 31
107 Worker 1 accepting task 43
107 Worker 0 accepting task 52
107 Worker 2 accepting task 51
107 Worker 4 accepting task 53
107 Worker 0 processing task 36 requiring operations [2]
107 Worker 0 forwarding task 36
107 Worker 1 processing task 50 requiring operations [1, 9, 4]
107 Worker 1 performing operation 9 on task 50
107 Worker 2 processing task 40 requiring operations [2]
107 Worker 2 forwarding task 40
107 Worker 3 processing task 12 requiring operations [8]
107 Worker 3 performing operation 8 on task 12
107 Worker 4 processing task 53 requiring operations [8, 9]
107 Worker 4 forwarding task 53
108 Generated task 54
108 Worker 0 accepting task 54
108 Worker 3 accepting task 36
108 Worker 1 accepting task 50
108 Worker 0 accepting task 40
108 Task 12 completed!
108 Worker 1 accepting task 53
108 Worker 0 processing task 30 requiring operations [5]
108 Worker 0 forwarding task 30
108 Worker 1 processing task 39 requiring operations [8]
108 Worker 1 forwarding task 39
108 Worker 2 processing task 31 requiring operations [8]
108 Worker 2 forwarding task 31
108 Worker 3 processing task 48 requiring operations [2, 3, 8]
108 Worker 3 performing operation 8 on task 48
109 Worker 3 accepting task 30
109 Worker 2 accepting task 39
109 Worker 3 accepting task 31
109 Worker 3 accepting task 48
109 Worker 0 processing task 34 requiring operations [4]
109 Worker 0 forwarding task 34
109 Worker 1 processing task 29 requiring operations [5]
109 Worker 1 performing operation 5 on task 29
109 Worker 2 processing task 51 requiring operations [7, 9]
109 Worker 2 forwarding task 51
109 Worker 3 processing task 49 requiring operations [10]
109 Worker 3 forwarding task 49
110 Generated task 55
110 Worker 1 accepting task 55
110 Worker 3 accepting task 34
110 Task 29 completed!
110 Worker 0 accepting task 51
110 Worker 0 accepting task 49
110 Worker 0 processing task 26 requiring operations [4, 2]
110 Worker 0 forwarding task 26
110 Worker 1 processing task 25 requiring operations [2]
110 Worker 1 forwarding task 25
110 Worker 2 processing task 39 requiring operations [8]
110 Worker 2 forwarding task 39
110 Worker 3 processing task 41 requiring operations [1]
110 Worker 3 forwarding task 41
111 Worker 3 accepting task 26
111 Worker 0 accepting task 25
111 Worker 3 accepting task 39
111 Worker 4 accepting task 41
111 Worker 0 processing task 52 requiring operations [4, 3, 7]
111 Worker 0 performing operation 3 on task 52
111 Worker 1 processing task 46 requiring operations [7]
111 Worker 1 performing operation 7 on task 46
111 Worker 3 processing task 47 requiring operations [1]
111 Worker 3 forwarding task 47
111 Worker 4 processing task 41 requiring operations [1]
111 Worker 4 forwarding task 41
112 Generated task 56
112 Worker 4 accepting task 56
112 Worker 0 accepting task 52
112 Task 46 completed!
112 Worker 0 accepting task 47
112 Worker 1 accepting task 41
112 Worker 0 processing task 54 requiring operations [3, 9, 4]
112 Worker 0 performing operation 3 on task 54
112 Worker 1 processing task 45 requiring operations [1]
112 Worker 1 forwarding task 45
112 Worker 3 processing task 36 requiring operations [2]
112 Worker 3 forwarding task 36
112 Worker 4 processing task 56 requiring operations [8, 5, 1]
112 Worker 4 forwarding task 56
113 Worker 0 accepting task 54
113 Worker 0 accepting task 45
113 Worker 0 accepting task 36
113 Worker 1 accepting task 56
113 Worker 0 processing task 40 requiring operations [2]
113 Worker 0 forwarding task 40
113 Worker 1 processing task 44 requiring operations [1]
113 Worker 1 forwarding task 44
113 Worker 3 processing task 30 requiring operations [5]
113 Worker 3 forwarding task 30
114 Generated task 57
114 Worker 2 accepting task 57
114 Worker 2 accepting task 40
114 Worker 2 accepting task 44
114 Worker 4 accepting task 30
114 Worker 0 processing task 51 requiring operations [7, 9]
114 Worker 0 forwarding task 51
114 Worker 1 processing task 43 requiring operations [5]
114 Worker 1 performing operation 5 on task 43
114 Worker 3 processing task 31 requiring operations [8]
114 Worker 3 performing operation 8 on task 31
114 Worker 2 processing task 57 requiring operations [2, 3, 1]
114 Worker 2 performing operation 1 on task 57
114 Worker 4 processing task 30 requiring operations [5]
114 Worker 4 forwarding task 30
115 Worker 2 accepting task 51
115 Task 43 completed!
115 Task 31 completed!
115 Worker 2 accepting task 57
115 Worker 1 accepting task 30
115 Worker 0 processing task 49 requiring operations [10]
115 Worker 0 performing operation 10 on task 49
115 Worker 1 processing task 50 requiring operations [1, 4]
115 Worker 1 forwarding task 50
115 Worker 3 processing task 48 requiring operations [2, 3]
115 Worker 3 forwarding task 48
115 Worker 2 processing task 40 requiring operations [2]
115 Worker 2 forwarding task 40
116 Generated task 58
116 Worker 3 accepting task 58
116 Task 49 completed!
116 Worker 4 accepting task 50
116 Worker 2 accepting task 48
116 Worker 1 accepting task 40
116 Worker 0 processing task 25 requiring operations [2]
116 Worker 0 forwarding task 25
116 Worker 1 processing task 53 requiring operations [8, 9]
116 Worker 1 performing operation 9 on task 53
116 Worker 3 processing task 34 requiring operations [4]
116 Worker 3 forwarding task 34
116 Worker 2 processing task 44 requiring operations [1]
116 Worker 2 performing operation 1 on task 44
116 Worker 4 processing task 50 requiring operations [1, 4]
116 Worker 4 performing operation 4 on task 50
117 Worker 3 accepting task 25
117 Worker 1 accepting task 53
117 Worker 4 accepting task 34
117 Task 44 completed!
117 Worker 4 accepting task 50
117 Worker 0 processing task 52 requiring operations [4, 7]
117 Worker 0 forwarding task 52
117 Worker 1 processing task 55 requiring operations [5, 1, 3]
117 Worker 1 performing operation 5 on task 55
117 Worker 3 processing task 26 requiring operations [4, 2]
117 Worker 3 forwarding task 26
117 Worker 2 processing task 51 requiring operations [7, 9]
117 Worker 2 forwarding task 51
117 Worker 4 processing task 34 requiring operations [4]
117 Worker 4 performing operation 4 on task 34
118 Generated task 59
118 Worker 0 accepting task 59
118 Worker 1 accepting task 52
118 Worker 1 accepting task 55
118 Worker 4 accepting task 26
118 Worker 0 accepting task 51
118 Task 34 completed!
118 Worker 0 processing task 47 requiring operations [1]
118 Worker 0 forwarding task 47
118 Worker 1 processing task 41 requiring operations [1]
118 Worker 1 forwarding task 41
118 Worker 3 processing task 39 requiring operations [8]
118 Worker 3 performing operation 8 on task 39
118 Worker 2 processing task 57 requiring operations [2, 3]
118 Worker 2 forwarding task 57
118 Worker 4 processing task 50 requiring operations [1]
118 Worker 4 forwarding task 50
119 Worker 1 accepting task 47
119 Worker 0 accepting task 41
119 Task 39 completed!
119 Worker 0 accepting task 57
119 Worker 3 accepting task 50
119 Worker 0 processing task 54 requiring operations [9, 4]
119 Worker 0 forwarding task 54
119 Worker 1 processing task 56 requiring operations [8, 5, 1]
119 Worker 1 performing operation 5 on task 56
119 Worker 3 processing task 58 requiring operations [7, 3, 10]
119 Worker 3 forwarding task 58
119 Worker 2 processing task 48 requiring operations [2, 3]
119 Worker 2 forwarding task 48
119 Worker 4 processing task 26 requiring operations [4, 2]
119 Worker 4 performing operation 4 on task 26
120 Generated task 60
120 Worker 1 accepting task 60
120 Worker 2 accepting task 54
120 Worker 1 accepting task 56
120 Worker 2 accepting task 58
120 Worker 0 accepting task 48
120 Worker 4 accepting task 26
120 Worker 0 processing task 45 requiring operations [1]
120 Worker 0 forwarding task 45
120 Worker 1 processing task 30 requiring operations [5]
120 Worker 1 performing operation 5 on task 30
120 Worker 3 processing task 25 requiring operations [2]
120 Worker 3 forwarding task 25
120 Worker 2 processing task 54 requiring operations [9, 4]
120 Worker 2 forwarding task 54
120 Worker 4 processing task 26 requiring operations [2]
120 Worker 4 performing operation 2 on task 26
121 Worker 1 accepting task 45
121 Task 30 completed!
121 Worker 2 accepting task 25
121 Worker 3 accepting task 54
121 Task 26 completed!
121 Worker 0 processing task 36 requiring operations [2]
121 Worker 0 forwarding task 36
121 Worker 1 processing task 40 requiring operations [2]
121 Worker 1 forwarding task 40
121 Worker 3 processing task 50 requiring operations [1]
121 Worker 3 forwarding task 50
121 Worker 2 processing task 58 requiring operations [7, 3, 10]
121 Worker 2 performing operation 10 on task 58
122 Generated task 61
122 Worker 2 accepting task 61
122 Worker 3 accepting task 36
122 Worker 4 accepting task 40
122 Worker 2 accepting task 50
122 Worker 2 accepting task 58
122 Worker 0 processing task 59 requiring operations [10, 3, 1]
122 Worker 0 performing operation 3 on task 59
122 Worker 1 processing task 53 requiring operations [8]
122 Worker 1 forwarding task 53
122 Worker 3 processing task 54 requiring operations [9, 4]
122 Worker 3 forwarding task 54
122 Worker 2 processing task 25 requiring operations [2]
122 Worker 2 forwarding task 25
122 Worker 4 processing task 40 requiring operations [2]
122 Worker 4 performing operation 2 on task 40
123 Worker 0 accepting task 59
123 Worker 2 accepting task 53
123 Worker 4 accepting task 54
123 Worker 3 accepting task 25
123 Task 40 completed!
123 Worker 0 processing task 51 requiring operations [7, 9]
123 Worker 0 forwarding task 51
123 Worker 1 processing task 52 requiring operations [4, 7]
123 Worker 1 performing operation 7 on task 52
123 Worker 3 processing task 36 requiring operations [2]
123 Worker 3 forwarding task 36
123 Worker 2 processing task 61 requiring operations [1, 7, 8]
123 Worker 2 performing operation 1 on task 61
123 Worker 4 processing task 54 requiring operations [9, 4]
123 Worker 4 performing operation 4 on task 54
124 Generated task 62
124 Worker 4 accepting task 62
124 Worker 2 accepting task 51
124 Worker 1 accepting task 52
124 Worker 4 accepting task 36
124 Worker 2 accepting task 61
124 Worker 4 accepting task 54
124 Worker 0 processing task 41 requiring operations [1]
124 Worker 0 forwarding task 41
124 Worker 1 processing task 55 requiring operations [1, 3]
124 Worker 1 forwarding task 55
124 Worker 3 processing task 25 requiring operations [2]
124 Worker 3 forwarding task 25
124 Worker 2 processing task 50 requiring operations [1]
124 Worker 2 performing operation 1 on task 50
124 Worker 4 processing task 62 requiring operations [1, 3, 8]
124 Worker 4 forwarding task 62
125 Worker 1 accepting task 41
125 Worker 0 accepting task 55
125 Worker 2 accepting task 25
125 Task 50 completed!
125 Worker 3 accepting task 62
125 Worker 0 processing task 57 requiring operations [2, 3]
125 Worker 0 performing operation 3 on task 57
125 Worker 1 processing task 47 requiring operations [1]
125 Worker 1 forwarding task 47
125 Worker 2 processing task 58 requiring operations [7, 3]
125 Worker 2 forwarding task 58
125 Worker 4 processing task 36 requiring operations [2]
125 Worker 4 performing operation 2 on task 36
125 Worker 3 processing task 62 requiring operations [1, 3, 8]
125 Worker 3 performing operation 8 on task 62
126 Generated task 63
126 Worker 4 accepting task 63
126 Worker 0 accepting task 57
126 Worker 2 accepting task 47
126 Worker 1 accepting task 58
126 Task 36 completed!
126 Worker 3 accepting task 62
126 Worker 0 processing task 48 requiring operations [2, 3]
126 Worker 0 performing operation 3 on task 48
126 Worker 1 processing task 60 requiring operations [2, 8, 4]
126 Worker 1 forwarding task 60
126 Worker 2 processing task 53 requiring operations [8]
126 Worker 2 forwarding task 53
126 Worker 4 processing task 54 requiring operations [9]
126 Worker 4 forwarding task 54
126 Worker 3 processing task 62 requiring operations [1, 3]
126 Worker 3 forwarding task 62
127 Worker 0 accepting task 48
127 Worker 0 accepting task 60
127 Worker 0 accepting task 53
127 Worker 3 accepting task 54
127 Worker 4 accepting task 62
127 Worker 0 processing task 59 requiring operations [10, 1]
127 Worker 0 performing operation 10 on task 59
127 Worker 1 processing task 56 requiring operations [8, 1]
127 Worker 1 forwarding task 56
127 Worker 2 processing task 51 requiring operations [7, 9]
127 Worker 2 forwarding task 51
127 Worker 4 processing task 63 requiring operations [1, 8, 5]
127 Worker 4 forwarding task 63
127 Worker 3 processing task 54 requiring operations [9]
127 Worker 3 forwarding task 54
128 Generated task 64
128 Worker 1 accepting task 64
128 Worker 0 accepting task 59
128 Worker 4 accepting task 56
128 Worker 1 accepting task 51
128 Worker 3 accepting task 63
128 Worker 2 accepting task 54
128 Worker 0 processing task 55 requiring operations [1, 3]
128 Worker 0 performing operation 3 on task 55
128 Worker 1 processing task 45 requiring operations [1]
128 Worker 1 forwarding task 45
128 Worker 2 processing task 61 requiring operations [7, 8]
128 Worker 2 forwarding task 61
128 Worker 4 processing task 62 requiring operations [1, 3]
128 Worker 4 forwarding task 62
128 Worker 3 processing task 63 requiring operations [1, 8, 5]
128 Worker 3 performing operation 8 on task 63
129 Worker 0 accepting task 55
129 Worker 4 accepting task 45
129 Worker 3 accepting task 61
129 Worker 1 accepting task 62
129 Worker 3 accepting task 63
129 Worker 0 processing task 57 requiring operations [2]
129 Worker 0 forwarding task 57
129 Worker 1 processing task 52 requiring operations [4]
129 Worker 1 forwarding task 52
129 Worker 2 processing task 25 requiring operations [2]
129 Worker 2 forwarding task 25
129 Worker 4 processing task 56 requiring operations [8, 1]
129 Worker 4 forwarding task 56
129 Worker 3 processing task 61 requiring operations [7, 8]
129 Worker 3 performing operation 8 on task 61
130 Generated task 65
130 Worker 2 accepting task 65
130 Worker 2 accepting task 57
130 Worker 2 accepting task 52
130 Worker 3 accepting task 25
130 Worker 3 accepting task 56
130 Worker 3 accepting task 61
130 Worker 0 processing task 48 requiring operations [2]
130 Worker 0 forwarding task 48
130 Worker 1 processing task 41 requiring operations [1]
130 Worker 1 forwarding task 41
130 Worker 2 processing task 47 requiring operations [1]
130 Worker 2 performing operation 1 on task 47
130 Worker 4 processing task 45 requiring operations [1]
130 Worker 4 forwarding task 45
130 Worker 3 processing task 63 requiring operations [1, 5]
130 Worker 3 forwarding task 63
131 Worker 1 accepting task 48
131 Worker 2 accepting task 41
131 Task 47 completed!
131 Worker 3 accepting task 45
131 Worker 4 accepting task 63
131 Worker 0 processing task 60 requiring operations [2, 8, 4]
131 Worker 0 forwarding task 60
131 Worker 1 processing task 58 requiring operations [7, 3]
131 Worker 1 performing operation 7 on task 58
131 Worker 2 processing task 54 requiring operations [9]
131 Worker 2 forwarding task 54
131 Worker 3 processing task 25 requiring operations [2]
131 Worker 3 forwarding task 25
131 Worker 4 processing task 63 requiring operations [1, 5]
131 Worker 4 forwarding task 63
132 Generated task 66
132 Worker 4 accepting task 66
132 Worker 1 accepting task 60
132 Worker 1 accepting task 58
132 Worker 1 accepting task 54
132 Worker 0 accepting task 25
132 Worker 3 accepting task 63
132 Worker 0 processing task 53 requiring operations [8]
132 Worker 0 forwarding task 53
132 Worker 1 processing task 64 requiring operations [6, 8, 5]
132 Worker 1 performing operation 5 on task 64
132 Worker 2 processing task 65 requiring operations [1, 4, 8]
132 Worker 2 performing operation 1 on task 65
132 Worker 3 processing task 56 requiring operations [8, 1]
132 Worker 3 performing operation 8 on task 56
132 Worker 4 processing task 66 requiring operations [2, 7, 8]
132 Worker 4 performing operation 2 on task 66
133 Worker 2 accepting task 53
133 Worker 1 accepting task 64
133 Worker 2 accepting task 65
133 Worker 3 accepting task 56
133 Worker 4 accepting task 66
133 Worker 0 processing task 59 requiring operations [1]
133 Worker 0 forwarding task 59
133 Worker 1 processing task 51 requiring operations [7, 9]
133 Worker 1 performing operation 9 on task 51
133 Worker 2 processing task 57 requiring operations [2]
133 Worker 2 forwarding task 57
133 Worker 3 processing task 61 requiring operations [7]
133 Worker 3 forwarding task 61
133 Worker 4 processing task 66 requiring operations [7, 8]
133 Worker 4 forwarding task 66
134 Generated task 67
134 Worker 3 accepting task 67
134 Worker 3 accepting task 59
134 Worker 1 accepting task 51
134 Worker 1 accepting task 57
134 Worker 0 accepting task 61
134 Worker 1 accepting task 66
134 Worker 0 processing task 55 requiring operations [1]
134 Worker 0 forwarding task 55
134 Worker 1 processing task 62 requiring operations [1, 3]
134 Worker 1 forwarding task 62
134 Worker 2 processing task 52 requiring operations [4]
134 Worker 2 forwarding task 52
134 Worker 3 processing task 45 requiring operations [1]
134 Worker 3 forwarding task 45
135 Worker 2 accepting task 55
135 Worker 0 accepting task 62
135 Worker 0 accepting task 52
135 Worker 2 accepting task 45
135 Worker 0 processing task 25 requiring operations [2]
135 Worker 0 forwarding task 25
135 Worker 1 processing task 48 requiring operations [2]
135 Worker 1 forwarding task 48
135 Worker 2 processing task 41 requiring operations [1]
135 Worker 2 performing operation 1 on task 41
135 Worker 3 processing task 63 requiring operations [1, 5]
135 Worker 3 forwarding task 63
136 Generated task 68
136 Worker 0 accepting task 68
136 Worker 2 accepting task 25
136 Worker 4 accepting task 48
136 Task 41 completed!
136 Worker 0 accepting task 63
136 Worker 0 processing task 61 requiring operations [7]
136 Worker 0 forwarding task 61
136 Worker 1 processing task 60 requiring operations [2, 8, 4]
136 Worker 1 forwarding task 60
136 Worker 2 processing task 53 requiring operations [8]
136 Worker 2 forwarding task 53
136 Worker 3 processing task 56 requiring operations [1]
136 Worker 3 forwarding task 56
136 Worker 4 processing task 48 requiring operations [2]
136 Worker 4 performing operation 2 on task 48
137 Worker 1 accepting task 61
137 Worker 2 accepting task 60
137 Worker 0 accepting task 53
137 Worker 4 accepting task 56
137 Task 48 completed!
137 Worker 0 processing task 62 requiring operations [1, 3]
137 Worker 0 performing operation 3 on task 62
137 Worker 1 processing task 58 requiring operations [3]
137 Worker 1 forwarding task 58
137 Worker 2 processing task 65 requiring operations [4, 8]
137 Worker 2 forwarding task 65
137 Worker 3 processing task 67 requiring operations [1, 7, 10]
137 Worker 3 forwarding task 67
137 Worker 4 processing task 56 requiring operations [1]
137 Worker 4 forwarding task 56
138 Generated task 69
138 Worker 4 accepting task 69
138 Worker 0 accepting task 62
138 Worker 2 accepting task 58
138 Worker 1 accepting task 65
138 Worker 4 accepting task 67
138 Worker 3 accepting task 56
138 Worker 0 processing task 52 requiring operations [4]
138 Worker 0 forwarding task 52
138 Worker 1 processing task 54 requiring operations [9]
138 Worker 1 performing operation 9 on task 54
138 Worker 2 processing task 55 requiring operations [1]
138 Worker 2 performing operation 1 on task 55
138 Worker 3 processing task 59 requiring operations [1]
138 Worker 3 forwarding task 59
138 Worker 4 processing task 69 requiring operations [9, 6, 2]
138 Worker 4 performing operation 2 on task 69
139 Worker 3 accepting task 52
139 Task 54 completed!
139 Task 55 completed!
139 Worker 0 accepting task 59
139 Worker 4 accepting task 69
139 Worker 0 processing task 68 requiring operations [2, 5, 1]
139 Worker 0 forwarding task 68
139 Worker 1 processing task 64 requiring operations [6, 8]
139 Worker 1 forwarding task 64
139 Worker 2 processing task 45 requiring operations [1]
139 Worker 2 performing operation 1 on task 45
139 Worker 3 processing task 56 requiring operations [1]
139 Worker 3 forwarding task 56
139 Worker 4 processing task 67 requiring operations [1, 7, 10]
139 Worker 4 forwarding task 67
140 Generated task 70
140 Worker 0 accepting task 70
140 Worker 1 accepting task 68
140 Worker 4 accepting task 64
140 Task 45 completed!
140 Worker 4 accepting task 56
140 Worker 3 accepting task 67
140 Worker 0 processing task 63 requiring operations [1, 5]
140 Worker 0 forwarding task 63
140 Worker 1 processing task 51 requiring operations [7]
140 Worker 1 performing operation 7 on task 51
140 Worker 2 processing task 25 requiring operations [2]
140 Worker 2 forwarding task 25
140 Worker 3 processing task 52 requiring operations [4]
140 Worker 3 forwarding task 52
140 Worker 4 processing task 69 requiring operations [9, 6]
140 Worker 4 forwarding task 69
