Worker 0 can perform operations {10, 6}
Worker 1 can perform operations {3, 6, 7, 8, 9}
Worker 2 can perform operations {5, 7}
Worker 3 can perform operations {3, 4}
Worker 4 can perform operations {1, 2, 5}
Building network type random
Worker 0 connecting to worker 4
Worker 4 connecting to worker 0
Worker 0 connecting to worker 1
Worker 1 connecting to worker 0
Worker 1 connecting to worker 2
Worker 2 connecting to worker 1
Worker 2 connecting to worker 4
Worker 4 connecting to worker 2
Worker 3 connecting to worker 2
Worker 2 connecting to worker 3
Worker 3 connecting to worker 1
Worker 1 connecting to worker 3
Entry nodes are [0, 1, 2, 3, 4]
0 Generated task 0
0 Worker 0 accepting task 0
0 Worker 0 processing task 0 requiring operations [4, 6, 2]
0 Worker 0 performing operation 6 on task 0
1 Worker 0 accepting task 0
1 Worker 0 processing task 0 requiring operations [4, 2]
1 Worker 0 forwarding task 0
2 Generated task 1
2 Worker 4 accepting task 1
2 Worker 1 accepting task 0
2 Worker 4 processing task 1 requiring operations [8, 9, 1]
2 Worker 4 performing operation 1 on task 1
2 Worker 1 processing task 0 requiring operations [4, 2]
2 Worker 1 forwarding task 0
3 Worker 4 accepting task 1
3 Worker 2 accepting task 0
3 Worker 4 processing task 1 requiring operations [8, 9]
3 Worker 4 forwarding task 1
3 Worker 2 processing task 0 requiring operations [4, 2]
3 Worker 2 forwarding task 0
4 Generated task 2
4 Worker 4 accepting task 2
4 Worker 2 accepting task 1
4 Worker 3 accepting task 0
4 Worker 4 processing task 2 requiring operations [2, 8, 9]
4 Worker 4 performing operation 2 on task 2
4 Worker 2 processing task 1 requiring operations [8, 9]
4 Worker 2 forwarding task 1
4 Worker 3 processing task 0 requiring operations [4, 2]
4 Worker 3 performing operation 4 on task 0
5 Worker 4 accepting task 2
5 Worker 4 accepting task 1
5 Worker 3 accepting task 0
5 Worker 4 processing task 2 requiring operations [8, 9]
5 Worker 4 forwarding task 2
5 Worker 3 processing task 0 requiring operations [2]
5 Worker 3 forwarding task 0
6 Generated task 3
6 Worker 1 accepting task 3
6 Worker 2 accepting task 2
6 Worker 1 accepting task 0
6 Worker 4 processing task 1 requiring operations [8, 9]
6 Worker 4 forwarding task 1
6 Worker 1 processing task 3 requiring operations [7, 6, 3]
6 Worker 1 performing operation 7 on task 3
6 Worker 2 processing task 2 requiring operations [8, 9]
6 Worker 2 forwarding task 2
7 Worker 0 accepting task 1
7 Worker 1 accepting task 3
7 Worker 3 accepting task 2
7 Worker 1 processing task 0 requiring operations [2]
7 Worker 1 forwarding task 0
7 Worker 0 processing task 1 requiring operations [8, 9]
7 Worker 0 forwarding task 1
7 Worker 3 processing task 2 requiring operations [8, 9]
7 Worker 3 forwarding task 2
8 Generated task 4
8 Worker 1 accepting task 4
8 Worker 3 accepting task 0
8 Worker 4 accepting task 1
8 Worker 1 accepting task 2
8 Worker 1 processing task 3 requiring operations [6, 3]
8 Worker 1 performing operation 6 on task 3
8 Worker 3 processing task 0 requiring operations [2]
8 Worker 3 forwarding task 0
8 Worker 4 processing task 1 requiring operations [8, 9]
8 Worker 4 forwarding task 1
9 Worker 1 accepting task 3
9 Worker 2 accepting task 0
9 Worker 2 accepting task 1
9 Worker 1 processing task 4 requiring operations [1, 3, 4]
9 Worker 1 performing operation 3 on task 4
9 Worker 2 processing task 0 requiring operations [2]
9 Worker 2 forwarding task 0
10 Generated task 5
10 Worker 4 accepting task 5
10 Worker 1 accepting task 4
10 Worker 4 accepting task 0
10 Worker 1 processing task 2 requiring operations [8, 9]
10 Worker 1 performing operation 8 on task 2
10 Worker 2 processing task 1 requiring operations [8, 9]
10 Worker 2 forwarding task 1
10 Worker 4 processing task 5 requiring operations [10, 5, 6]
10 Worker 4 performing operation 5 on task 5
11 Worker 1 accepting task 2
11 Worker 4 accepting task 1
11 Worker 4 accepting task 5
11 Worker 1 processing task 3 requiring operations [3]
11 Worker 1 performing operation 3 on task 3
11 Worker 4 processing task 0 requiring operations [2]
11 Worker 4 performing operation 2 on task 0
12 Generated task 6
12 Worker 3 accepting task 6
12 Task 3 completed!
12 Task 0 completed!
12 Worker 1 processing task 4 requiring operations [1, 4]
12 Worker 1 forwarding task 4
12 Worker 4 processing task 1 requiring operations [8, 9]
12 Worker 4 forwarding task 1
12 Worker 3 processing task 6 requiring operations [7, 3, 5]
12 Worker 3 performing operation 3 on task 6
13 Worker 0 accepting task 4
13 Worker 2 accepting task 1
13 Worker 3 accepting task 6
13 Worker 1 processing task 2 requiring operations [9]
13 Worker 1 performing operation 9 on task 2
13 Worker 4 processing task 5 requiring operations [10, 6]
13 Worker 4 forwarding task 5
13 Worker 3 processing task 6 requiring operations [7, 5]
13 Worker 3 forwarding task 6
13 Worker 0 processing task 4 requiring operations [1, 4]
13 Worker 0 forwarding task 4
13 Worker 2 processing task 1 requiring operations [8, 9]
13 Worker 2 forwarding task 1
14 Generated task 7
14 Worker 1 accepting task 7
14 Task 2 completed!
14 Worker 0 accepting task 5
14 Worker 2 accepting task 6
14 Worker 1 accepting task 4
14 Worker 1 accepting task 1
14 Worker 1 processing task 7 requiring operations [6, 10, 8]
14 Worker 1 performing operation 8 on task 7
14 Worker 0 processing task 5 requiring operations [10, 6]
14 Worker 0 performing operation 10 on task 5
14 Worker 2 processing task 6 requiring operations [7, 5]
14 Worker 2 performing operation 7 on task 6
15 Worker 1 accepting task 7
15 Worker 0 accepting task 5
15 Worker 2 accepting task 6
15 Worker 1 processing task 4 requiring operations [1, 4]
15 Worker 1 forwarding task 4
15 Worker 0 processing task 5 requiring operations [6]
15 Worker 0 performing operation 6 on task 5
15 Worker 2 processing task 6 requiring operations [5]
15 Worker 2 performing operation 5 on task 6
16 Generated task 8
16 Worker 0 accepting task 8
16 Worker 2 accepting task 4
16 Task 5 completed!
16 Task 6 completed!
16 Worker 1 processing task 1 requiring operations [8, 9]
16 Worker 1 performing operation 9 on task 1
16 Worker 0 processing task 8 requiring operations [9, 3, 6]
16 Worker 0 performing operation 6 on task 8
16 Worker 2 processing task 4 requiring operations [1, 4]
16 Worker 2 forwarding task 4
17 Worker 1 accepting task 1
17 Worker 0 accepting task 8
17 Worker 3 accepting task 4
17 Worker 1 processing task 7 requiring operations [6, 10]
17 Worker 1 performing operation 6 on task 7
17 Worker 0 processing task 8 requiring operations [9, 3]
17 Worker 0 forwarding task 8
17 Worker 3 processing task 4 requiring operations [1, 4]
17 Worker 3 performing operation 4 on task 4
18 Generated task 9
18 Worker 3 accepting task 9
18 Worker 1 accepting task 7
18 Worker 1 accepting task 8
18 Worker 3 accepting task 4
18 Worker 1 processing task 1 requiring operations [8]
18 Worker 1 performing operation 8 on task 1
18 Worker 3 processing task 9 requiring operations [7, 6, 9]
18 Worker 3 forwarding task 9
19 Task 1 completed!
19 Worker 1 accepting task 9
19 Worker 1 processing task 7 requiring operations [10]
19 Worker 1 forwarding task 7
19 Worker 3 processing task 4 requiring operations [1]
19 Worker 3 forwarding task 4
20 Generated task 10
20 Worker 3 accepting task 10
20 Worker 3 accepting task 7
20 Worker 2 accepting task 4
20 Worker 1 processing task 8 requiring operations [9, 3]
20 Worker 1 performing operation 9 on task 8
20 Worker 3 processing task 10 requiring operations [4, 2, 3]
20 Worker 3 performing operation 4 on task 10
20 Worker 2 processing task 4 requiring operations [1]
20 Worker 2 forwarding task 4
21 Worker 1 accepting task 8
21 Worker 3 accepting task 10
21 Worker 3 accepting task 4
21 Worker 1 processing task 9 requiring operations [7, 6, 9]
21 Worker 1 performing operation 6 on task 9
21 Worker 3 processing task 7 requiring operations [10]
21 Worker 3 forwarding task 7
22 Generated task 11
22 Worker 4 accepting task 11
22 Worker 1 accepting task 9
22 Worker 1 accepting task 7
22 Worker 1 processing task 8 requiring operations [3]
22 Worker 1 performing operation 3 on task 8
22 Worker 3 processing task 10 requiring operations [2, 3]
22 Worker 3 performing operation 3 on task 10
22 Worker 4 processing task 11 requiring operations [10, 8, 3]
22 Worker 4 forwarding task 11
23 Task 8 completed!
23 Worker 3 accepting task 10
23 Worker 0 accepting task 11
23 Worker 1 processing task 9 requiring operations [7, 9]
23 Worker 1 performing operation 7 on task 9
23 Worker 3 processing task 4 requiring operations [1]
23 Worker 3 forwarding task 4
23 Worker 0 processing task 11 requiring operations [10, 8, 3]
23 Worker 0 performing operation 10 on task 11
24 Generated task 12
24 Worker 1 accepting task 12
24 Worker 1 accepting task 9
24 Worker 2 accepting task 4
24 Worker 0 accepting task 11
24 Worker 1 processing task 7 requiring operations [10]
24 Worker 1 forwarding task 7
24 Worker 3 processing task 10 requiring operations [2]
24 Worker 3 forwarding task 10
24 Worker 0 processing task 11 requiring operations [8, 3]
24 Worker 0 forwarding task 11
24 Worker 2 processing task 4 requiring operations [1]
24 Worker 2 forwarding task 4
25 Worker 3 accepting task 7
25 Worker 2 accepting task 10
25 Worker 4 accepting task 11
25 Worker 1 accepting task 4
25 Worker 1 processing task 12 requiring operations [8, 2, 9]
25 Worker 1 performing operation 8 on task 12
25 Worker 3 processing task 7 requiring operations [10]
25 Worker 3 forwarding task 7
25 Worker 2 processing task 10 requiring operations [2]
25 Worker 2 forwarding task 10
25 Worker 4 processing task 11 requiring operations [8, 3]
25 Worker 4 forwarding task 11
26 Generated task 13
26 Worker 0 accepting task 13
26 Worker 1 accepting task 12
26 Worker 1 accepting task 7
26 Worker 1 accepting task 10
26 Worker 0 accepting task 11
26 Worker 1 processing task 9 requiring operations [9]
26 Worker 1 performing operation 9 on task 9
26 Worker 0 processing task 13 requiring operations [5, 10, 1]
26 Worker 0 performing operation 10 on task 13
27 Task 9 completed!
27 Worker 0 accepting task 13
27 Worker 1 processing task 4 requiring operations [1]
27 Worker 1 forwarding task 4
27 Worker 0 processing task 11 requiring operations [8, 3]
27 Worker 0 forwarding task 11
28 Generated task 14
28 Worker 4 accepting task 14
28 Worker 2 accepting task 4
28 Worker 4 accepting task 11
28 Worker 1 processing task 12 requiring operations [2, 9]
28 Worker 1 performing operation 9 on task 12
28 Worker 0 processing task 13 requiring operations [5, 1]
28 Worker 0 forwarding task 13
28 Worker 4 processing task 14 requiring operations [10, 5, 8]
28 Worker 4 performing operation 5 on task 14
28 Worker 2 processing task 4 requiring operations [1]
28 Worker 2 forwarding task 4
29 Worker 1 accepting task 12
29 Worker 1 accepting task 13
29 Worker 4 accepting task 14
29 Worker 3 accepting task 4
29 Worker 1 processing task 7 requiring operations [10]
29 Worker 1 forwarding task 7
29 Worker 4 processing task 11 requiring operations [8, 3]
29 Worker 4 forwarding task 11
29 Worker 3 processing task 4 requiring operations [1]
29 Worker 3 forwarding task 4
30 Generated task 15
30 Worker 0 accepting task 15
30 Worker 2 accepting task 7
30 Worker 0 accepting task 11
30 Worker 1 accepting task 4
30 Worker 1 processing task 10 requiring operations [2]
30 Worker 1 forwarding task 10
30 Worker 4 processing task 14 requiring operations [10, 8]
30 Worker 4 forwarding task 14
30 Worker 0 processing task 15 requiring operations [10, 1, 4]
30 Worker 0 performing operation 10 on task 15
30 Worker 2 processing task 7 requiring operations [10]
30 Worker 2 forwarding task 7
31 Worker 3 accepting task 10
31 Worker 0 accepting task 14
31 Worker 0 accepting task 15
31 Worker 3 accepting task 7
31 Worker 1 processing task 12 requiring operations [2]
31 Worker 1 forwarding task 12
31 Worker 0 processing task 11 requiring operations [8, 3]
31 Worker 0 forwarding task 11
31 Worker 3 processing task 10 requiring operations [2]
31 Worker 3 forwarding task 10
32 Generated task 16
32 Worker 0 accepting task 16
32 Worker 3 accepting task 12
32 Worker 4 accepting task 11
32 Worker 2 accepting task 10
32 Worker 1 processing task 13 requiring operations [5, 1]
32 Worker 1 forwarding task 13
32 Worker 0 processing task 14 requiring operations [10, 8]
32 Worker 0 performing operation 10 on task 14
32 Worker 3 processing task 7 requiring operations [10]
32 Worker 3 forwarding task 7
32 Worker 4 processing task 11 requiring operations [8, 3]
32 Worker 4 forwarding task 11
32 Worker 2 processing task 10 requiring operations [2]
32 Worker 2 forwarding task 10
33 Worker 2 accepting task 13
33 Worker 0 accepting task 14
33 Worker 1 accepting task 7
33 Worker 0 accepting task 11
33 Worker 4 accepting task 10
33 Worker 1 processing task 4 requiring operations [1]
33 Worker 1 forwarding task 4
33 Worker 0 processing task 15 requiring operations [1, 4]
33 Worker 0 forwarding task 15
33 Worker 3 processing task 12 requiring operations [2]
33 Worker 3 forwarding task 12
33 Worker 2 processing task 13 requiring operations [5, 1]
33 Worker 2 performing operation 5 on task 13
33 Worker 4 processing task 10 requiring operations [2]
33 Worker 4 performing operation 2 on task 10
34 Generated task 17
34 Worker 3 accepting task 17
34 Worker 2 accepting task 4
34 Worker 1 accepting task 15
34 Worker 1 accepting task 12
34 Worker 2 accepting task 13
34 Task 10 completed!
34 Worker 1 processing task 7 requiring operations [10]
34 Worker 1 forwarding task 7
34 Worker 0 processing task 16 requiring operations [1, 10, 4]
34 Worker 0 performing operation 10 on task 16
34 Worker 3 processing task 17 requiring operations [6, 8, 2]
34 Worker 3 forwarding task 17
34 Worker 2 processing task 4 requiring operations [1]
34 Worker 2 forwarding task 4
35 Worker 0 accepting task 7
35 Worker 0 accepting task 16
35 Worker 1 accepting task 17
35 Worker 4 accepting task 4
35 Worker 1 processing task 15 requiring operations [1, 4]
35 Worker 1 forwarding task 15
35 Worker 0 processing task 14 requiring operations [8]
35 Worker 0 forwarding task 14
35 Worker 2 processing task 13 requiring operations [1]
35 Worker 2 forwarding task 13
35 Worker 4 processing task 4 requiring operations [1]
35 Worker 4 performing operation 1 on task 4
36 Generated task 18
36 Worker 0 accepting task 18
36 Worker 0 accepting task 15
36 Worker 4 accepting task 14
36 Worker 1 accepting task 13
36 Task 4 completed!
36 Worker 1 processing task 12 requiring operations [2]
36 Worker 1 forwarding task 12
36 Worker 0 processing task 11 requiring operations [8, 3]
36 Worker 0 forwarding task 11
36 Worker 4 processing task 14 requiring operations [8]
36 Worker 4 forwarding task 14
37 Worker 0 accepting task 12
37 Worker 1 accepting task 11
37 Worker 0 accepting task 14
37 Worker 1 processing task 17 requiring operations [6, 8, 2]
37 Worker 1 performing operation 6 on task 17
37 Worker 0 processing task 7 requiring operations [10]
37 Worker 0 performing operation 10 on task 7
38 Generated task 19
38 Worker 0 accepting task 19
38 Worker 1 accepting task 17
38 Task 7 completed!
38 Worker 1 processing task 13 requiring operations [1]
38 Worker 1 forwarding task 13
38 Worker 0 processing task 16 requiring operations [1, 4]
38 Worker 0 forwarding task 16
39 Worker 2 accepting task 13
39 Worker 4 accepting task 16
39 Worker 1 processing task 11 requiring operations [8, 3]
39 Worker 1 performing operation 3 on task 11
39 Worker 0 processing task 18 requiring operations [1, 5, 4]
39 Worker 0 forwarding task 18
39 Worker 2 processing task 13 requiring operations [1]
39 Worker 2 forwarding task 13
39 Worker 4 processing task 16 requiring operations [1, 4]
39 Worker 4 performing operation 1 on task 16
40 Generated task 20
40 Worker 3 accepting task 20
40 Worker 1 accepting task 11
40 Worker 1 accepting task 18
40 Worker 4 accepting task 13
40 Worker 4 accepting task 16
40 Worker 1 processing task 17 requiring operations [8, 2]
40 Worker 1 performing operation 8 on task 17
40 Worker 0 processing task 15 requiring operations [1, 4]
40 Worker 0 forwarding task 15
40 Worker 4 processing task 13 requiring operations [1]
40 Worker 4 performing operation 1 on task 13
40 Worker 3 processing task 20 requiring operations [8, 3, 5]
40 Worker 3 performing operation 3 on task 20
41 Worker 1 accepting task 17
41 Worker 4 accepting task 15
41 Task 13 completed!
41 Worker 3 accepting task 20
41 Worker 1 processing task 11 requiring operations [8]
41 Worker 1 performing operation 8 on task 11
41 Worker 0 processing task 12 requiring operations [2]
41 Worker 0 forwarding task 12
41 Worker 4 processing task 16 requiring operations [4]
41 Worker 4 forwarding task 16
41 Worker 3 processing task 20 requiring operations [8, 5]
41 Worker 3 forwarding task 20
42 Generated task 21
42 Worker 1 accepting task 21
42 Task 11 completed!
42 Worker 4 accepting task 12
42 Worker 2 accepting task 16
42 Worker 1 accepting task 20
42 Worker 1 processing task 18 requiring operations [1, 5, 4]
42 Worker 1 forwarding task 18
42 Worker 0 processing task 14 requiring operations [8]
42 Worker 0 forwarding task 14
42 Worker 4 processing task 15 requiring operations [1, 4]
42 Worker 4 performing operation 1 on task 15
42 Worker 2 processing task 16 requiring operations [4]
42 Worker 2 forwarding task 16
43 Worker 2 accepting task 18
43 Worker 1 accepting task 14
43 Worker 4 accepting task 15
43 Worker 1 accepting task 16
43 Worker 1 processing task 17 requiring operations [2]
43 Worker 1 forwarding task 17
43 Worker 0 processing task 19 requiring operations [5, 4, 1]
43 Worker 0 forwarding task 19
43 Worker 4 processing task 12 requiring operations [2]
43 Worker 4 performing operation 2 on task 12
43 Worker 2 processing task 18 requiring operations [1, 5, 4]
43 Worker 2 performing operation 5 on task 18
44 Generated task 22
44 Worker 3 accepting task 22
44 Worker 2 accepting task 17
44 Worker 4 accepting task 19
44 Task 12 completed!
44 Worker 2 accepting task 18
44 Worker 1 processing task 21 requiring operations [2, 9, 1]
44 Worker 1 performing operation 9 on task 21
44 Worker 4 processing task 15 requiring operations [4]
44 Worker 4 forwarding task 15
44 Worker 2 processing task 17 requiring operations [2]
44 Worker 2 forwarding task 17
44 Worker 3 processing task 22 requiring operations [7, 6, 5]
44 Worker 3 forwarding task 22
45 Worker 1 accepting task 21
45 Worker 2 accepting task 15
45 Worker 4 accepting task 17
45 Worker 2 accepting task 22
45 Worker 1 processing task 20 requiring operations [8, 5]
45 Worker 1 performing operation 8 on task 20
45 Worker 4 processing task 19 requiring operations [5, 4, 1]
45 Worker 4 performing operation 1 on task 19
45 Worker 2 processing task 18 requiring operations [1, 4]
45 Worker 2 forwarding task 18
46 Generated task 23
46 Worker 0 accepting task 23
46 Worker 1 accepting task 20
46 Worker 4 accepting task 19
46 Worker 1 accepting task 18
46 Worker 1 processing task 14 requiring operations [8]
46 Worker 1 performing operation 8 on task 14
46 Worker 4 processing task 17 requiring operations [2]
46 Worker 4 performing operation 2 on task 17
46 Worker 2 processing task 15 requiring operations [4]
46 Worker 2 forwarding task 15
46 Worker 0 processing task 23 requiring operations [9, 2, 4]
46 Worker 0 forwarding task 23
47 Task 14 completed!
47 Task 17 completed!
47 Worker 1 accepting task 15
47 Worker 1 accepting task 23
47 Worker 1 processing task 16 requiring operations [4]
47 Worker 1 forwarding task 16
47 Worker 4 processing task 19 requiring operations [5, 4]
47 Worker 4 performing operation 5 on task 19
47 Worker 2 processing task 22 requiring operations [7, 6, 5]
47 Worker 2 performing operation 5 on task 22
48 Generated task 24
48 Worker 1 accepting task 24
48 Worker 0 accepting task 16
48 Worker 4 accepting task 19
48 Worker 2 accepting task 22
48 Worker 1 processing task 21 requiring operations [2, 1]
48 Worker 1 forwarding task 21
48 Worker 4 processing task 19 requiring operations [4]
48 Worker 4 forwarding task 19
48 Worker 2 processing task 22 requiring operations [7, 6]
48 Worker 2 performing operation 7 on task 22
48 Worker 0 processing task 16 requiring operations [4]
48 Worker 0 forwarding task 16
49 Worker 2 accepting task 21
49 Worker 0 accepting task 19
49 Worker 2 accepting task 22
49 Worker 4 accepting task 16
49 Worker 1 processing task 20 requiring operations [5]
49 Worker 1 forwarding task 20
49 Worker 2 processing task 21 requiring operations [2, 1]
49 Worker 2 forwarding task 21
49 Worker 0 processing task 19 requiring operations [4]
49 Worker 0 forwarding task 19
49 Worker 4 processing task 16 requiring operations [4]
49 Worker 4 forwarding task 16
50 Generated task 25
50 Worker 2 accepting task 25
50 Worker 0 accepting task 20
50 Worker 1 accepting task 21
50 Worker 4 accepting task 19
50 Worker 0 accepting task 16
50 Worker 1 processing task 18 requiring operations [1, 4]
50 Worker 1 forwarding task 18
50 Worker 2 processing task 22 requiring operations [6]
50 Worker 2 forwarding task 22
50 Worker 0 processing task 20 requiring operations [5]
50 Worker 0 forwarding task 20
50 Worker 4 processing task 19 requiring operations [4]
50 Worker 4 forwarding task 19
51 Worker 2 accepting task 18
51 Worker 1 accepting task 22
51 Worker 4 accepting task 20
51 Worker 0 accepting task 19
51 Worker 1 processing task 15 requiring operations [4]
51 Worker 1 forwarding task 15
51 Worker 2 processing task 25 requiring operations [10, 2, 3]
51 Worker 2 forwarding task 25
51 Worker 0 processing task 16 requiring operations [4]
51 Worker 0 forwarding task 16
51 Worker 4 processing task 20 requiring operations [5]
51 Worker 4 performing operation 5 on task 20
52 Generated task 26
52 Worker 4 accepting task 26
52 Worker 2 accepting task 15
52 Worker 4 accepting task 25
52 Worker 1 accepting task 16
52 Task 20 completed!
52 Worker 1 processing task 23 requiring operations [9, 2, 4]
52 Worker 1 performing operation 9 on task 23
52 Worker 2 processing task 18 requiring operations [1, 4]
52 Worker 2 forwarding task 18
52 Worker 0 processing task 19 requiring operations [4]
52 Worker 0 forwarding task 19
52 Worker 4 processing task 26 requiring operations [7, 9, 1]
52 Worker 4 performing operation 1 on task 26
53 Worker 1 accepting task 23
53 Worker 1 accepting task 18
53 Worker 4 accepting task 19
53 Worker 4 accepting task 26
53 Worker 1 processing task 24 requiring operations [10, 8, 9]
53 Worker 1 performing operation 8 on task 24
53 Worker 2 processing task 15 requiring operations [4]
53 Worker 2 forwarding task 15
53 Worker 4 processing task 25 requiring operations [10, 2, 3]
53 Worker 4 performing operation 2 on task 25
54 Generated task 27
54 Worker 1 accepting task 27
54 Worker 1 accepting task 24
54 Worker 1 accepting task 15
54 Worker 4 accepting task 25
54 Worker 1 processing task 21 requiring operations [2, 1]
54 Worker 1 forwarding task 21
54 Worker 4 processing task 19 requiring operations [4]
54 Worker 4 forwarding task 19
55 Worker 2 accepting task 21
55 Worker 2 accepting task 19
55 Worker 1 processing task 22 requiring operations [6]
55 Worker 1 performing operation 6 on task 22
55 Worker 4 processing task 26 requiring operations [7, 9]
55 Worker 4 forwarding task 26
55 Worker 2 processing task 21 requiring operations [2, 1]
55 Worker 2 forwarding task 21
56 Generated task 28
56 Worker 4 accepting task 28
56 Task 22 completed!
56 Worker 2 accepting task 26
56 Worker 3 accepting task 21
56 Worker 1 processing task 16 requiring operations [4]
56 Worker 1 forwarding task 16
56 Worker 4 processing task 25 requiring operations [10, 3]
56 Worker 4 forwarding task 25
56 Worker 2 processing task 19 requiring operations [4]
56 Worker 2 forwarding task 19
56 Worker 3 processing task 21 requiring operations [2, 1]
56 Worker 3 forwarding task 21
57 Worker 3 accepting task 16
57 Worker 2 accepting task 25
57 Worker 4 accepting task 19
57 Worker 2 accepting task 21
57 Worker 1 processing task 23 requiring operations [2, 4]
57 Worker 1 forwarding task 23
57 Worker 4 processing task 28 requiring operations [2, 5, 3]
57 Worker 4 performing operation 2 on task 28
57 Worker 2 processing task 26 requiring operations [7, 9]
57 Worker 2 performing operation 7 on task 26
57 Worker 3 processing task 16 requiring operations [4]
57 Worker 3 performing operation 4 on task 16
58 Generated task 29
58 Worker 1 accepting task 29
58 Worker 3 accepting task 23
58 Worker 4 accepting task 28
58 Worker 2 accepting task 26
58 Task 16 completed!
58 Worker 1 processing task 18 requiring operations [1, 4]
58 Worker 1 forwarding task 18
58 Worker 4 processing task 19 requiring operations [4]
58 Worker 4 forwarding task 19
58 Worker 2 processing task 25 requiring operations [10, 3]
58 Worker 2 forwarding task 25
58 Worker 3 processing task 23 requiring operations [2, 4]
58 Worker 3 performing operation 4 on task 23
59 Worker 2 accepting task 18
59 Worker 0 accepting task 19
59 Worker 1 accepting task 25
59 Worker 3 accepting task 23
59 Worker 1 processing task 27 requiring operations [2, 5, 3]
59 Worker 1 performing operation 3 on task 27
59 Worker 4 processing task 28 requiring operations [5, 3]
59 Worker 4 performing operation 5 on task 28
59 Worker 2 processing task 21 requiring operations [2, 1]
59 Worker 2 forwarding task 21
59 Worker 3 processing task 23 requiring operations [2]
59 Worker 3 forwarding task 23
59 Worker 0 processing task 19 requiring operations [4]
59 Worker 0 forwarding task 19
60 Generated task 30
60 Worker 0 accepting task 30
60 Worker 1 accepting task 27
60 Worker 4 accepting task 28
60 Worker 4 accepting task 21
60 Worker 1 accepting task 23
60 Worker 4 accepting task 19
60 Worker 1 processing task 24 requiring operations [10, 9]
60 Worker 1 performing operation 9 on task 24
60 Worker 4 processing task 28 requiring operations [3]
60 Worker 4 forwarding task 28
60 Worker 2 processing task 26 requiring operations [9]
60 Worker 2 forwarding task 26
60 Worker 0 processing task 30 requiring operations [10, 7, 6]
60 Worker 0 performing operation 10 on task 30
61 Worker 1 accepting task 24
61 Worker 2 accepting task 28
61 Worker 1 accepting task 26
61 Worker 0 accepting task 30
61 Worker 1 processing task 15 requiring operations [4]
61 Worker 1 forwarding task 15
61 Worker 4 processing task 21 requiring operations [2, 1]
61 Worker 4 performing operation 1 on task 21
61 Worker 2 processing task 18 requiring operations [1, 4]
61 Worker 2 forwarding task 18
61 Worker 0 processing task 30 requiring operations [7, 6]
61 Worker 0 performing operation 6 on task 30
62 Generated task 31
62 Worker 1 accepting task 31
62 Worker 0 accepting task 15
62 Worker 4 accepting task 21
62 Worker 1 accepting task 18
62 Worker 0 accepting task 30
62 Worker 1 processing task 29 requiring operations [2, 9, 6]
62 Worker 1 performing operation 9 on task 29
62 Worker 4 processing task 19 requiring operations [4]
62 Worker 4 forwarding task 19
62 Worker 2 processing task 28 requiring operations [3]
62 Worker 2 forwarding task 28
62 Worker 0 processing task 15 requiring operations [4]
62 Worker 0 forwarding task 15
63 Worker 1 accepting task 29
63 Worker 0 accepting task 19
63 Worker 3 accepting task 28
63 Worker 4 accepting task 15
63 Worker 1 processing task 25 requiring operations [10, 3]
63 Worker 1 performing operation 3 on task 25
63 Worker 4 processing task 21 requiring operations [2]
63 Worker 4 performing operation 2 on task 21
63 Worker 0 processing task 30 requiring operations [7]
63 Worker 0 forwarding task 30
63 Worker 3 processing task 28 requiring operations [3]
63 Worker 3 performing operation 3 on task 28
64 Generated task 32
64 Worker 0 accepting task 32
64 Worker 1 accepting task 25
64 Task 21 completed!
64 Worker 4 accepting task 30
64 Task 28 completed!
64 Worker 1 processing task 27 requiring operations [2, 5]
64 Worker 1 forwarding task 27
64 Worker 4 processing task 15 requiring operations [4]
64 Worker 4 forwarding task 15
64 Worker 0 processing task 19 requiring operations [4]
64 Worker 0 forwarding task 19
65 Worker 2 accepting task 27
65 Worker 2 accepting task 15
65 Worker 4 accepting task 19
65 Worker 1 processing task 23 requiring operations [2]
65 Worker 1 forwarding task 23
65 Worker 4 processing task 30 requiring operations [7]
65 Worker 4 forwarding task 30
65 Worker 0 processing task 32 requiring operations [2, 7, 1]
65 Worker 0 forwarding task 32
65 Worker 2 processing task 27 requiring operations [2, 5]
65 Worker 2 performing operation 5 on task 27
66 Generated task 33
66 Worker 2 accepting task 33
66 Worker 0 accepting task 23
66 Worker 2 accepting task 30
66 Worker 1 accepting task 32
66 Worker 2 accepting task 27
66 Worker 1 processing task 24 requiring operations [10]
66 Worker 1 forwarding task 24
66 Worker 4 processing task 19 requiring operations [4]
66 Worker 4 forwarding task 19
66 Worker 0 processing task 23 requiring operations [2]
66 Worker 0 forwarding task 23
66 Worker 2 processing task 15 requiring operations [4]
66 Worker 2 forwarding task 15
67 Worker 2 accepting task 24
67 Worker 0 accepting task 19
67 Worker 4 accepting task 23
67 Worker 3 accepting task 15
67 Worker 1 processing task 26 requiring operations [9]
67 Worker 1 performing operation 9 on task 26
67 Worker 0 processing task 19 requiring operations [4]
67 Worker 0 forwarding task 19
67 Worker 2 processing task 33 requiring operations [2, 9, 6]
67 Worker 2 forwarding task 33
67 Worker 4 processing task 23 requiring operations [2]
67 Worker 4 performing operation 2 on task 23
67 Worker 3 processing task 15 requiring operations [4]
67 Worker 3 performing operation 4 on task 15
68 Generated task 34
68 Worker 1 accepting task 34
68 Task 26 completed!
68 Worker 4 accepting task 19
68 Worker 1 accepting task 33
68 Task 23 completed!
68 Task 15 completed!
68 Worker 1 processing task 31 requiring operations [6, 1, 2]
68 Worker 1 performing operation 6 on task 31
68 Worker 2 processing task 30 requiring operations [7]
68 Worker 2 performing operation 7 on task 30
68 Worker 4 processing task 19 requiring operations [4]
68 Worker 4 forwarding task 19
69 Worker 1 accepting task 31
69 Task 30 completed!
69 Worker 2 accepting task 19
69 Worker 1 processing task 18 requiring operations [1, 4]
69 Worker 1 forwarding task 18
69 Worker 2 processing task 27 requiring operations [2]
69 Worker 2 forwarding task 27
70 Generated task 35
70 Worker 3 accepting task 35
70 Worker 0 accepting task 18
70 Worker 4 accepting task 27
70 Worker 1 processing task 29 requiring operations [2, 6]
70 Worker 1 performing operation 6 on task 29
70 Worker 2 processing task 24 requiring operations [10]
70 Worker 2 forwarding task 24
70 Worker 3 processing task 35 requiring operations [8, 1, 10]
70 Worker 3 forwarding task 35
70 Worker 0 processing task 18 requiring operations [1, 4]
70 Worker 0 forwarding task 18
70 Worker 4 processing task 27 requiring operations [2]
70 Worker 4 performing operation 2 on task 27
71 Worker 1 accepting task 29
71 Worker 4 accepting task 24
71 Worker 2 accepting task 35
71 Worker 1 accepting task 18
71 Task 27 completed!
71 Worker 1 processing task 25 requiring operations [10]
71 Worker 1 forwarding task 25
71 Worker 2 processing task 19 requiring operations [4]
71 Worker 2 forwarding task 19
71 Worker 4 processing task 24 requiring operations [10]
71 Worker 4 forwarding task 24
72 Generated task 36
72 Worker 2 accepting task 36
72 Worker 2 accepting task 25
72 Worker 1 accepting task 19
72 Worker 2 accepting task 24
72 Worker 1 processing task 32 requiring operations [2, 7, 1]
72 Worker 1 performing operation 7 on task 32
72 Worker 2 processing task 35 requiring operations [8, 1, 10]
72 Worker 2 forwarding task 35
73 Worker 1 accepting task 32
73 Worker 3 accepting task 35
73 Worker 1 processing task 34 requiring operations [9, 7, 8]
73 Worker 1 performing operation 8 on task 34
73 Worker 2 processing task 36 requiring operations [6, 2, 1]
73 Worker 2 forwarding task 36
73 Worker 3 processing task 35 requiring operations [8, 1, 10]
73 Worker 3 forwarding task 35
74 Generated task 37
74 Worker 4 accepting task 37
74 Worker 1 accepting task 34
74 Worker 1 accepting task 36
74 Worker 1 accepting task 35
74 Worker 1 processing task 33 requiring operations [2, 9, 6]
74 Worker 1 performing operation 9 on task 33
74 Worker 2 processing task 25 requiring operations [10]
74 Worker 2 forwarding task 25
74 Worker 4 processing task 37 requiring operations [4, 2, 3]
74 Worker 4 performing operation 2 on task 37
75 Worker 1 accepting task 33
75 Worker 4 accepting task 25
75 Worker 4 accepting task 37
75 Worker 1 processing task 31 requiring operations [1, 2]
75 Worker 1 forwarding task 31
75 Worker 2 processing task 24 requiring operations [10]
75 Worker 2 forwarding task 24
75 Worker 4 processing task 25 requiring operations [10]
75 Worker 4 forwarding task 25
76 Generated task 38
76 Worker 2 accepting task 38
76 Worker 0 accepting task 31
76 Worker 1 accepting task 24
76 Worker 0 accepting task 25
76 Worker 1 processing task 29 requiring operations [2]
76 Worker 1 forwarding task 29
76 Worker 2 processing task 38 requiring operations [7, 6, 2]
76 Worker 2 performing operation 7 on task 38
76 Worker 4 processing task 37 requiring operations [4, 3]
76 Worker 4 forwarding task 37
76 Worker 0 processing task 31 requiring operations [1, 2]
76 Worker 0 forwarding task 31
77 Worker 0 accepting task 29
77 Worker 2 accepting task 38
77 Worker 2 accepting task 37
77 Worker 4 accepting task 31
77 Worker 1 processing task 18 requiring operations [1, 4]
77 Worker 1 forwarding task 18
77 Worker 2 processing task 38 requiring operations [6, 2]
77 Worker 2 forwarding task 38
77 Worker 0 processing task 25 requiring operations [10]
77 Worker 0 performing operation 10 on task 25
77 Worker 4 processing task 31 requiring operations [1, 2]
77 Worker 4 performing operation 1 on task 31
78 Generated task 39
78 Worker 1 accepting task 39
78 Worker 3 accepting task 18
78 Worker 4 accepting task 38
78 Task 25 completed!
78 Worker 4 accepting task 31
78 Worker 1 processing task 19 requiring operations [4]
78 Worker 1 forwarding task 19
78 Worker 2 processing task 37 requiring operations [4, 3]
78 Worker 2 forwarding task 37
78 Worker 0 processing task 29 requiring operations [2]
78 Worker 0 forwarding task 29
78 Worker 4 processing task 38 requiring operations [6, 2]
78 Worker 4 performing operation 2 on task 38
78 Worker 3 processing task 18 requiring operations [1, 4]
78 Worker 3 performing operation 4 on task 18
79 Worker 0 accepting task 19
79 Worker 3 accepting task 37
79 Worker 1 accepting task 29
79 Worker 4 accepting task 38
79 Worker 3 accepting task 18
79 Worker 1 processing task 32 requiring operations [2, 1]
79 Worker 1 forwarding task 32
79 Worker 0 processing task 19 requiring operations [4]
79 Worker 0 forwarding task 19
79 Worker 4 processing task 31 requiring operations [2]
79 Worker 4 performing operation 2 on task 31
79 Worker 3 processing task 37 requiring operations [4, 3]
79 Worker 3 performing operation 3 on task 37
80 Generated task 40
80 Worker 2 accepting task 40
80 Worker 2 accepting task 32
80 Worker 1 accepting task 19
80 Task 31 completed!
80 Worker 3 accepting task 37
80 Worker 1 processing task 34 requiring operations [9, 7]
80 Worker 1 performing operation 9 on task 34
80 Worker 4 processing task 38 requiring operations [6]
80 Worker 4 forwarding task 38
80 Worker 3 processing task 18 requiring operations [1]
80 Worker 3 forwarding task 18
80 Worker 2 processing task 40 requiring operations [7, 6, 5]
80 Worker 2 performing operation 7 on task 40
81 Worker 1 accepting task 34
81 Worker 2 accepting task 38
81 Worker 2 accepting task 18
81 Worker 2 accepting task 40
81 Worker 1 processing task 36 requiring operations [6, 2, 1]
81 Worker 1 performing operation 6 on task 36
81 Worker 3 processing task 37 requiring operations [4]
81 Worker 3 performing operation 4 on task 37
81 Worker 2 processing task 32 requiring operations [2, 1]
81 Worker 2 forwarding task 32
82 Generated task 41
82 Worker 0 accepting task 41
82 Worker 1 accepting task 36
82 Task 37 completed!
82 Worker 3 accepting task 32
82 Worker 1 processing task 35 requiring operations [8, 1, 10]
82 Worker 1 performing operation 8 on task 35
82 Worker 2 processing task 38 requiring operations [6]
82 Worker 2 forwarding task 38
82 Worker 0 processing task 41 requiring operations [4, 8, 1]
82 Worker 0 forwarding task 41
82 Worker 3 processing task 32 requiring operations [2, 1]
82 Worker 3 forwarding task 32
83 Worker 1 accepting task 35
83 Worker 3 accepting task 38
83 Worker 4 accepting task 41
83 Worker 2 accepting task 32
83 Worker 1 processing task 33 requiring operations [2, 6]
83 Worker 1 performing operation 6 on task 33
83 Worker 2 processing task 18 requiring operations [1]
83 Worker 2 forwarding task 18
83 Worker 3 processing task 38 requiring operations [6]
83 Worker 3 forwarding task 38
83 Worker 4 processing task 41 requiring operations [4, 8, 1]
83 Worker 4 performing operation 1 on task 41
84 Generated task 42
84 Worker 3 accepting task 42
84 Worker 1 accepting task 33
84 Worker 3 accepting task 18
84 Worker 2 accepting task 38
84 Worker 4 accepting task 41
84 Worker 1 processing task 24 requiring operations [10]
84 Worker 1 forwarding task 24
84 Worker 2 processing task 40 requiring operations [6, 5]
84 Worker 2 performing operation 5 on task 40
84 Worker 3 processing task 42 requiring operations [10, 1, 8]
84 Worker 3 forwarding task 42
84 Worker 4 processing task 41 requiring operations [4, 8]
84 Worker 4 forwarding task 41
85 Worker 3 accepting task 24
85 Worker 2 accepting task 40
85 Worker 2 accepting task 42
85 Worker 2 accepting task 41
85 Worker 1 processing task 39 requiring operations [2, 10, 6]
85 Worker 1 performing operation 6 on task 39
85 Worker 2 processing task 32 requiring operations [2, 1]
85 Worker 2 forwarding task 32
85 Worker 3 processing task 18 requiring operations [1]
85 Worker 3 forwarding task 18
86 Generated task 43
86 Worker 2 accepting task 43
86 Worker 1 accepting task 39
86 Worker 3 accepting task 32
86 Worker 2 accepting task 18
86 Worker 1 processing task 29 requiring operations [2]
86 Worker 1 forwarding task 29
86 Worker 2 processing task 38 requiring operations [6]
86 Worker 2 forwarding task 38
86 Worker 3 processing task 24 requiring operations [10]
86 Worker 3 forwarding task 24
87 Worker 3 accepting task 29
87 Worker 3 accepting task 38
87 Worker 2 accepting task 24
87 Worker 1 processing task 19 requiring operations [4]
87 Worker 1 forwarding task 19
87 Worker 2 processing task 40 requiring operations [6]
87 Worker 2 forwarding task 40
87 Worker 3 processing task 32 requiring operations [2, 1]
87 Worker 3 forwarding task 32
88 Generated task 44
88 Worker 4 accepting task 44
88 Worker 3 accepting task 19
88 Worker 1 accepting task 40
88 Worker 2 accepting task 32
88 Worker 1 processing task 34 requiring operations [7]
88 Worker 1 performing operation 7 on task 34
88 Worker 2 processing task 42 requiring operations [10, 1, 8]
88 Worker 2 forwarding task 42
88 Worker 3 processing task 29 requiring operations [2]
88 Worker 3 forwarding task 29
88 Worker 4 processing task 44 requiring operations [3, 2, 10]
88 Worker 4 performing operation 2 on task 44
89 Task 34 completed!
89 Worker 1 accepting task 42
89 Worker 1 accepting task 29
89 Worker 4 accepting task 44
89 Worker 1 processing task 36 requiring operations [2, 1]
89 Worker 1 forwarding task 36
89 Worker 2 processing task 41 requiring operations [4, 8]
89 Worker 2 forwarding task 41
89 Worker 3 processing task 38 requiring operations [6]
89 Worker 3 forwarding task 38
89 Worker 4 processing task 44 requiring operations [3, 10]
89 Worker 4 forwarding task 44
90 Generated task 45
90 Worker 3 accepting task 45
90 Worker 0 accepting task 36
90 Worker 4 accepting task 41
90 Worker 1 accepting task 38
90 Worker 2 accepting task 44
90 Worker 1 processing task 35 requiring operations [1, 10]
90 Worker 1 forwarding task 35
90 Worker 2 processing task 43 requiring operations [6, 2, 5]
90 Worker 2 performing operation 5 on task 43
90 Worker 3 processing task 19 requiring operations [4]
90 Worker 3 performing operation 4 on task 19
90 Worker 4 processing task 41 requiring operations [4, 8]
90 Worker 4 forwarding task 41
90 Worker 0 processing task 36 requiring operations [2, 1]
90 Worker 0 forwarding task 36
91 Worker 2 accepting task 35
91 Worker 2 accepting task 43
91 Task 19 completed!
91 Worker 0 accepting task 41
91 Worker 4 accepting task 36
91 Worker 1 processing task 33 requiring operations [2]
91 Worker 1 forwarding task 33
91 Worker 2 processing task 18 requiring operations [1]
91 Worker 2 forwarding task 18
91 Worker 3 processing task 45 requiring operations [9, 7, 5]
91 Worker 3 forwarding task 45
91 Worker 0 processing task 41 requiring operations [4, 8]
91 Worker 0 forwarding task 41
91 Worker 4 processing task 36 requiring operations [2, 1]
91 Worker 4 performing operation 2 on task 36
92 Generated task 46
92 Worker 0 accepting task 46
92 Worker 3 accepting task 33
92 Worker 1 accepting task 18
92 Worker 2 accepting task 45
92 Worker 1 accepting task 41
92 Worker 4 accepting task 36
92 Worker 1 processing task 39 requiring operations [2, 10]
92 Worker 1 forwarding task 39
92 Worker 2 processing task 24 requiring operations [10]
92 Worker 2 forwarding task 24
92 Worker 3 processing task 33 requiring operations [2]
92 Worker 3 forwarding task 33
92 Worker 0 processing task 46 requiring operations [8, 7, 2]
92 Worker 0 forwarding task 46
92 Worker 4 processing task 36 requiring operations [1]
92 Worker 4 performing operation 1 on task 36
93 Worker 3 accepting task 39
93 Worker 3 accepting task 24
93 Worker 1 accepting task 33
93 Worker 1 accepting task 46
93 Task 36 completed!
93 Worker 1 processing task 40 requiring operations [6]
93 Worker 1 performing operation 6 on task 40
93 Worker 2 processing task 32 requiring operations [2, 1]
93 Worker 2 forwarding task 32
93 Worker 3 processing task 39 requiring operations [2, 10]
93 Worker 3 forwarding task 39
94 Generated task 47
94 Worker 2 accepting task 47
94 Task 40 completed!
94 Worker 3 accepting task 32
94 Worker 1 accepting task 39
94 Worker 1 processing task 42 requiring operations [10, 1, 8]
94 Worker 1 performing operation 8 on task 42
94 Worker 2 processing task 44 requiring operations [3, 10]
94 Worker 2 forwarding task 44
94 Worker 3 processing task 24 requiring operations [10]
94 Worker 3 forwarding task 24
95 Worker 1 accepting task 42
95 Worker 1 accepting task 44
95 Worker 2 accepting task 24
95 Worker 1 processing task 29 requiring operations [2]
95 Worker 1 forwarding task 29
95 Worker 2 processing task 35 requiring operations [1, 10]
95 Worker 2 forwarding task 35
95 Worker 3 processing task 32 requiring operations [2, 1]
95 Worker 3 forwarding task 32
96 Generated task 48
96 Worker 4 accepting task 48
96 Worker 3 accepting task 29
96 Worker 3 accepting task 35
96 Worker 2 accepting task 32
96 Worker 1 processing task 38 requiring operations [6]
96 Worker 1 performing operation 6 on task 38
96 Worker 2 processing task 43 requiring operations [6, 2]
96 Worker 2 forwarding task 43
96 Worker 3 processing task 29 requiring operations [2]
96 Worker 3 forwarding task 29
96 Worker 4 processing task 48 requiring operations [3, 2, 7]
96 Worker 4 performing operation 2 on task 48
97 Task 38 completed!
97 Worker 3 accepting task 43
97 Worker 2 accepting task 29
97 Worker 4 accepting task 48
97 Worker 1 processing task 18 requiring operations [1]
97 Worker 1 forwarding task 18
97 Worker 2 processing task 45 requiring operations [9, 7, 5]
97 Worker 2 performing operation 5 on task 45
97 Worker 3 processing task 35 requiring operations [1, 10]
97 Worker 3 forwarding task 35
97 Worker 4 processing task 48 requiring operations [3, 7]
97 Worker 4 forwarding task 48
98 Generated task 49
98 Worker 0 accepting task 49
98 Worker 3 accepting task 18
98 Worker 2 accepting task 45
98 Worker 2 accepting task 35
98 Worker 2 accepting task 48
98 Worker 1 processing task 41 requiring operations [4, 8]
98 Worker 1 performing operation 8 on task 41
98 Worker 2 processing task 47 requiring operations [10, 6, 1]
98 Worker 2 forwarding task 47
98 Worker 3 processing task 43 requiring operations [6, 2]
98 Worker 3 forwarding task 43
98 Worker 0 processing task 49 requiring operations [1, 2, 6]
98 Worker 0 performing operation 6 on task 49
99 Worker 1 accepting task 41
99 Worker 4 accepting task 47
99 Worker 1 accepting task 43
99 Worker 0 accepting task 49
99 Worker 1 processing task 33 requiring operations [2]
99 Worker 1 forwarding task 33
99 Worker 2 processing task 24 requiring operations [10]
99 Worker 2 forwarding task 24
99 Worker 3 processing task 18 requiring operations [1]
99 Worker 3 forwarding task 18
99 Worker 0 processing task 49 requiring operations [1, 2]
99 Worker 0 forwarding task 49
99 Worker 4 processing task 47 requiring operations [10, 6, 1]
99 Worker 4 performing operation 1 on task 47
100 Generated task 50
100 Worker 4 accepting task 50
100 Worker 3 accepting task 33
100 Worker 3 accepting task 24
100 Worker 2 accepting task 18
100 Worker 4 accepting task 49
100 Worker 4 accepting task 47
100 Worker 1 processing task 46 requiring operations [8, 7, 2]
100 Worker 1 performing operation 7 on task 46
100 Worker 2 processing task 32 requiring operations [2, 1]
100 Worker 2 forwarding task 32
100 Worker 3 processing task 33 requiring operations [2]
100 Worker 3 forwarding task 33
100 Worker 4 processing task 50 requiring operations [9, 6, 5]
100 Worker 4 performing operation 5 on task 50
101 Worker 1 accepting task 46
101 Worker 1 accepting task 32
101 Worker 2 accepting task 33
101 Worker 4 accepting task 50
101 Worker 1 processing task 39 requiring operations [2, 10]
101 Worker 1 forwarding task 39
101 Worker 2 processing task 29 requiring operations [2]
101 Worker 2 forwarding task 29
101 Worker 3 processing task 24 requiring operations [10]
101 Worker 3 forwarding task 24
101 Worker 4 processing task 49 requiring operations [1, 2]
101 Worker 4 performing operation 2 on task 49
102 Generated task 51
102 Worker 2 accepting task 51
102 Worker 2 accepting task 39
102 Worker 1 accepting task 29
102 Worker 1 accepting task 24
102 Worker 4 accepting task 49
102 Worker 1 processing task 42 requiring operations [10, 1]
102 Worker 1 forwarding task 42
102 Worker 2 processing task 45 requiring operations [9, 7]
102 Worker 2 performing operation 7 on task 45
102 Worker 4 processing task 47 requiring operations [10, 6]
102 Worker 4 forwarding task 47
103 Worker 0 accepting task 42
103 Worker 2 accepting task 45
103 Worker 0 accepting task 47
103 Worker 1 processing task 44 requiring operations [3, 10]
103 Worker 1 performing operation 3 on task 44
103 Worker 2 processing task 35 requiring operations [1, 10]
103 Worker 2 forwarding task 35
103 Worker 4 processing task 50 requiring operations [9, 6]
103 Worker 4 forwarding task 50
103 Worker 0 processing task 42 requiring operations [10, 1]
103 Worker 0 performing operation 10 on task 42
104 Generated task 52
104 Worker 3 accepting task 52
104 Worker 1 accepting task 44
104 Worker 1 accepting task 35
104 Worker 0 accepting task 50
104 Worker 0 accepting task 42
104 Worker 1 processing task 41 requiring operations [4]
104 Worker 1 forwarding task 41
104 Worker 2 processing task 48 requiring operations [3, 7]
104 Worker 2 performing operation 7 on task 48
104 Worker 4 processing task 49 requiring operations [1]
104 Worker 4 performing operation 1 on task 49
104 Worker 0 processing task 47 requiring operations [10, 6]
104 Worker 0 performing operation 10 on task 47
104 Worker 3 processing task 52 requiring operations [6, 3, 9]
104 Worker 3 performing operation 3 on task 52
105 Worker 2 accepting task 41
105 Worker 2 accepting task 48
105 Task 49 completed!
105 Worker 0 accepting task 47
105 Worker 3 accepting task 52
105 Worker 1 processing task 43 requiring operations [6, 2]
105 Worker 1 performing operation 6 on task 43
105 Worker 2 processing task 18 requiring operations [1]
105 Worker 2 forwarding task 18
105 Worker 0 processing task 50 requiring operations [9, 6]
105 Worker 0 performing operation 6 on task 50
105 Worker 3 processing task 52 requiring operations [6, 9]
105 Worker 3 forwarding task 52
106 Generated task 53
106 Worker 3 accepting task 53
106 Worker 1 accepting task 43
106 Worker 4 accepting task 18
106 Worker 0 accepting task 50
106 Worker 1 accepting task 52
106 Worker 1 processing task 46 requiring operations [8, 2]
106 Worker 1 performing operation 8 on task 46
106 Worker 2 processing task 33 requiring operations [2]
106 Worker 2 forwarding task 33
106 Worker 0 processing task 42 requiring operations [1]
106 Worker 0 forwarding task 42
106 Worker 3 processing task 53 requiring operations [8, 10, 4]
106 Worker 3 performing operation 4 on task 53
106 Worker 4 processing task 18 requiring operations [1]
106 Worker 4 performing operation 1 on task 18
107 Worker 1 accepting task 46
107 Worker 1 accepting task 33
107 Worker 1 accepting task 42
107 Worker 3 accepting task 53
107 Task 18 completed!
107 Worker 1 processing task 32 requiring operations [2, 1]
107 Worker 1 forwarding task 32
107 Worker 2 processing task 51 requiring operations [5, 1, 4]
107 Worker 2 performing operation 5 on task 51
107 Worker 0 processing task 47 requiring operations [6]
107 Worker 0 performing operation 6 on task 47
107 Worker 3 processing task 53 requiring operations [8, 10]
107 Worker 3 forwarding task 53
108 Generated task 54
108 Worker 3 accepting task 54
108 Worker 2 accepting task 32
108 Worker 2 accepting task 51
108 Task 47 completed!
108 Worker 1 accepting task 53
108 Worker 1 processing task 29 requiring operations [2]
108 Worker 1 forwarding task 29
108 Worker 2 processing task 39 requiring operations [2, 10]
108 Worker 2 forwarding task 39
108 Worker 0 processing task 50 requiring operations [9]
108 Worker 0 forwarding task 50
108 Worker 3 processing task 54 requiring operations [10, 1, 8]
108 Worker 3 forwarding task 54
109 Worker 0 accepting task 29
109 Worker 1 accepting task 39
109 Worker 4 accepting task 50
109 Worker 2 accepting task 54
109 Worker 1 processing task 24 requiring operations [10]
109 Worker 1 forwarding task 24
109 Worker 2 processing task 45 requiring operations [9]
109 Worker 2 forwarding task 45
109 Worker 0 processing task 29 requiring operations [2]
109 Worker 0 forwarding task 29
109 Worker 4 processing task 50 requiring operations [9]
109 Worker 4 forwarding task 50
110 Generated task 55
110 Worker 1 accepting task 55
110 Worker 0 accepting task 24
110 Worker 3 accepting task 45
110 Worker 1 accepting task 29
110 Worker 0 accepting task 50
110 Worker 1 processing task 44 requiring operations [10]
110 Worker 1 forwarding task 44
110 Worker 2 processing task 41 requiring operations [4]
110 Worker 2 forwarding task 41
110 Worker 0 processing task 24 requiring operations [10]
110 Worker 0 performing operation 10 on task 24
110 Worker 3 processing task 45 requiring operations [9]
110 Worker 3 forwarding task 45
111 Worker 0 accepting task 44
111 Worker 4 accepting task 41
111 Task 24 completed!
111 Worker 1 accepting task 45
111 Worker 1 processing task 35 requiring operations [1, 10]
111 Worker 1 forwarding task 35
111 Worker 2 processing task 48 requiring operations [3]
111 Worker 2 forwarding task 48
111 Worker 0 processing task 50 requiring operations [9]
111 Worker 0 forwarding task 50
111 Worker 4 processing task 41 requiring operations [4]
111 Worker 4 forwarding task 41
112 Generated task 56
112 Worker 2 accepting task 56
112 Worker 2 accepting task 35
112 Worker 4 accepting task 48
112 Worker 1 accepting task 50
112 Worker 0 accepting task 41
112 Worker 1 processing task 43 requiring operations [2]
112 Worker 1 forwarding task 43
112 Worker 2 processing task 32 requiring operations [2, 1]
112 Worker 2 forwarding task 32
112 Worker 0 processing task 44 requiring operations [10]
112 Worker 0 performing operation 10 on task 44
112 Worker 4 processing task 48 requiring operations [3]
112 Worker 4 forwarding task 48
113 Worker 2 accepting task 43
113 Worker 4 accepting task 32
113 Task 44 completed!
113 Worker 0 accepting task 48
113 Worker 1 processing task 52 requiring operations [6, 9]
113 Worker 1 performing operation 6 on task 52
113 Worker 2 processing task 51 requiring operations [1, 4]
113 Worker 2 forwarding task 51
113 Worker 0 processing task 41 requiring operations [4]
113 Worker 0 forwarding task 41
113 Worker 4 processing task 32 requiring operations [2, 1]
113 Worker 4 performing operation 1 on task 32
114 Generated task 57
114 Worker 2 accepting task 57
114 Worker 1 accepting task 52
114 Worker 4 accepting task 51
114 Worker 1 accepting task 41
114 Worker 4 accepting task 32
114 Worker 1 processing task 46 requiring operations [2]
114 Worker 1 forwarding task 46
114 Worker 2 processing task 54 requiring operations [10, 1, 8]
114 Worker 2 forwarding task 54
114 Worker 0 processing task 48 requiring operations [3]
114 Worker 0 forwarding task 48
114 Worker 4 processing task 51 requiring operations [1, 4]
114 Worker 4 performing operation 1 on task 51
115 Worker 3 accepting task 46
115 Worker 3 accepting task 54
115 Worker 1 accepting task 48
115 Worker 4 accepting task 51
115 Worker 1 processing task 33 requiring operations [2]
115 Worker 1 forwarding task 33
115 Worker 2 processing task 56 requiring operations [5, 9, 2]
115 Worker 2 performing operation 5 on task 56
115 Worker 4 processing task 32 requiring operations [2]
115 Worker 4 performing operation 2 on task 32
115 Worker 3 processing task 46 requiring operations [2]
115 Worker 3 forwarding task 46
116 Generated task 58
116 Worker 4 accepting task 58
116 Worker 3 accepting task 33
116 Worker 2 accepting task 56
116 Task 32 completed!
116 Worker 2 accepting task 46
116 Worker 1 processing task 42 requiring operations [1]
116 Worker 1 forwarding task 42
116 Worker 2 processing task 35 requiring operations [1, 10]
116 Worker 2 forwarding task 35
116 Worker 4 processing task 51 requiring operations [4]
116 Worker 4 forwarding task 51
116 Worker 3 processing task 54 requiring operations [10, 1, 8]
116 Worker 3 forwarding task 54
117 Worker 0 accepting task 42
117 Worker 3 accepting task 35
117 Worker 0 accepting task 51
117 Worker 1 accepting task 54
117 Worker 1 processing task 53 requiring operations [8, 10]
117 Worker 1 performing operation 8 on task 53
117 Worker 2 processing task 43 requiring operations [2]
117 Worker 2 forwarding task 43
117 Worker 4 processing task 58 requiring operations [5, 2, 3]
117 Worker 4 performing operation 5 on task 58
117 Worker 3 processing task 33 requiring operations [2]
117 Worker 3 forwarding task 33
117 Worker 0 processing task 42 requiring operations [1]
117 Worker 0 forwarding task 42
118 Generated task 59
118 Worker 1 accepting task 59
118 Worker 1 accepting task 53
118 Worker 1 accepting task 43
118 Worker 4 accepting task 58
118 Worker 2 accepting task 33
118 Worker 1 accepting task 42
118 Worker 1 processing task 39 requiring operations [2, 10]
118 Worker 1 forwarding task 39
118 Worker 2 processing task 57 requiring operations [1, 7, 5]
118 Worker 2 performing operation 5 on task 57
118 Worker 4 processing task 58 requiring operations [2, 3]
118 Worker 4 performing operation 2 on task 58
118 Worker 3 processing task 35 requiring operations [1, 10]
118 Worker 3 forwarding task 35
118 Worker 0 processing task 51 requiring operations [4]
118 Worker 0 forwarding task 51
119 Worker 0 accepting task 39
119 Worker 2 accepting task 57
119 Worker 4 accepting task 58
119 Worker 1 accepting task 35
119 Worker 4 accepting task 51
119 Worker 1 processing task 55 requiring operations [10, 7, 6]
119 Worker 1 performing operation 7 on task 55
119 Worker 2 processing task 56 requiring operations [9, 2]
119 Worker 2 forwarding task 56
119 Worker 4 processing task 58 requiring operations [3]
119 Worker 4 forwarding task 58
119 Worker 0 processing task 39 requiring operations [2, 10]
119 Worker 0 performing operation 10 on task 39
120 Generated task 60
120 Worker 0 accepting task 60
120 Worker 1 accepting task 55
120 Worker 3 accepting task 56
120 Worker 0 accepting task 58
120 Worker 0 accepting task 39
120 Worker 1 processing task 29 requiring operations [2]
120 Worker 1 forwarding task 29
120 Worker 2 processing task 46 requiring operations [2]
120 Worker 2 forwarding task 46
120 Worker 4 processing task 51 requiring operations [4]
120 Worker 4 forwarding task 51
120 Worker 0 processing task 60 requiring operations [7, 6, 3]
120 Worker 0 performing operation 6 on task 60
120 Worker 3 processing task 56 requiring operations [9, 2]
120 Worker 3 forwarding task 56
121 Worker 0 accepting task 29
121 Worker 4 accepting task 46
121 Worker 2 accepting task 51
121 Worker 0 accepting task 60
121 Worker 2 accepting task 56
121 Worker 1 processing task 45 requiring operations [9]
121 Worker 1 performing operation 9 on task 45
121 Worker 2 processing task 33 requiring operations [2]
121 Worker 2 forwarding task 33
121 Worker 4 processing task 46 requiring operations [2]
121 Worker 4 performing operation 2 on task 46
121 Worker 0 processing task 58 requiring operations [3]
121 Worker 0 forwarding task 58
122 Generated task 61
122 Worker 1 accepting task 61
122 Task 45 completed!
122 Worker 1 accepting task 33
122 Task 46 completed!
122 Worker 4 accepting task 58
122 Worker 1 processing task 50 requiring operations [9]
122 Worker 1 performing operation 9 on task 50
122 Worker 2 processing task 57 requiring operations [1, 7]
122 Worker 2 performing operation 7 on task 57
122 Worker 0 processing task 39 requiring operations [2]
122 Worker 0 forwarding task 39
122 Worker 4 processing task 58 requiring operations [3]
122 Worker 4 forwarding task 58
123 Task 50 completed!
123 Worker 2 accepting task 57
123 Worker 4 accepting task 39
123 Worker 2 accepting task 58
123 Worker 1 processing task 52 requiring operations [9]
123 Worker 1 performing operation 9 on task 52
123 Worker 2 processing task 51 requiring operations [4]
123 Worker 2 forwarding task 51
123 Worker 0 processing task 29 requiring operations [2]
123 Worker 0 forwarding task 29
123 Worker 4 processing task 39 requiring operations [2]
123 Worker 4 performing operation 2 on task 39
124 Generated task 62
124 Worker 3 accepting task 62
124 Task 52 completed!
124 Worker 1 accepting task 51
124 Worker 4 accepting task 29
124 Task 39 completed!
124 Worker 1 processing task 41 requiring operations [4]
124 Worker 1 forwarding task 41
124 Worker 2 processing task 56 requiring operations [9, 2]
124 Worker 2 forwarding task 56
124 Worker 0 processing task 60 requiring operations [7, 3]
124 Worker 0 forwarding task 60
124 Worker 4 processing task 29 requiring operations [2]
124 Worker 4 performing operation 2 on task 29
124 Worker 3 processing task 62 requiring operations [8, 9, 2]
124 Worker 3 forwarding task 62
125 Worker 2 accepting task 41
125 Worker 1 accepting task 56
125 Worker 1 accepting task 60
125 Task 29 completed!
125 Worker 1 accepting task 62
125 Worker 1 processing task 48 requiring operations [3]
125 Worker 1 performing operation 3 on task 48
125 Worker 2 processing task 57 requiring operations [1]
125 Worker 2 forwarding task 57
126 Generated task 63
126 Worker 1 accepting task 63
126 Task 48 completed!
126 Worker 1 accepting task 57
126 Worker 1 processing task 54 requiring operations [10, 1, 8]
126 Worker 1 performing operation 8 on task 54
126 Worker 2 processing task 58 requiring operations [3]
126 Worker 2 forwarding task 58
127 Worker 1 accepting task 54
127 Worker 1 accepting task 58
127 Worker 1 processing task 59 requiring operations [2, 4, 6]
127 Worker 1 performing operation 6 on task 59
127 Worker 2 processing task 41 requiring operations [4]
127 Worker 2 forwarding task 41
128 Generated task 64
128 Worker 2 accepting task 64
128 Worker 1 accepting task 59
128 Worker 3 accepting task 41
128 Worker 1 processing task 53 requiring operations [10]
128 Worker 1 forwarding task 53
128 Worker 2 processing task 64 requiring operations [6, 9, 2]
128 Worker 2 forwarding task 64
128 Worker 3 processing task 41 requiring operations [4]
128 Worker 3 performing operation 4 on task 41
129 Worker 0 accepting task 53
129 Worker 4 accepting task 64
129 Task 41 completed!
129 Worker 1 processing task 43 requiring operations [2]
129 Worker 1 forwarding task 43
129 Worker 0 processing task 53 requiring operations [10]
129 Worker 0 performing operation 10 on task 53
129 Worker 4 processing task 64 requiring operations [6, 9, 2]
129 Worker 4 performing operation 2 on task 64
130 Generated task 65
130 Worker 4 accepting task 65
130 Worker 3 accepting task 43
130 Task 53 completed!
130 Worker 4 accepting task 64
130 Worker 1 processing task 42 requiring operations [1]
130 Worker 1 forwarding task 42
130 Worker 4 processing task 65 requiring operations [5, 2, 4]
130 Worker 4 performing operation 5 on task 65
130 Worker 3 processing task 43 requiring operations [2]
130 Worker 3 forwarding task 43
131 Worker 2 accepting task 42
131 Worker 4 accepting task 65
131 Worker 1 accepting task 43
131 Worker 1 processing task 35 requiring operations [1, 10]
131 Worker 1 forwarding task 35
131 Worker 4 processing task 64 requiring operations [6, 9]
131 Worker 4 forwarding task 64
131 Worker 2 processing task 42 requiring operations [1]
131 Worker 2 forwarding task 42
132 Generated task 66
132 Worker 3 accepting task 66
132 Worker 0 accepting task 35
132 Worker 0 accepting task 64
132 Worker 1 accepting task 42
132 Worker 1 processing task 55 requiring operations [10, 6]
132 Worker 1 performing operation 6 on task 55
132 Worker 4 processing task 65 requiring operations [2, 4]
132 Worker 4 performing operation 2 on task 65
132 Worker 3 processing task 66 requiring operations [1, 10, 5]
132 Worker 3 forwarding task 66
132 Worker 0 processing task 35 requiring operations [1, 10]
132 Worker 0 performing operation 10 on task 35
133 Worker 1 accepting task 55
133 Worker 4 accepting task 65
133 Worker 1 accepting task 66
133 Worker 0 accepting task 35
133 Worker 1 processing task 61 requiring operations [4, 6, 9]
133 Worker 1 performing operation 6 on task 61
133 Worker 4 processing task 65 requiring operations [4]
133 Worker 4 forwarding task 65
133 Worker 0 processing task 64 requiring operations [6, 9]
133 Worker 0 performing operation 6 on task 64
134 Generated task 67
134 Worker 1 accepting task 67
134 Worker 1 accepting task 61
134 Worker 2 accepting task 65
134 Worker 0 accepting task 64
134 Worker 1 processing task 33 requiring operations [2]
134 Worker 1 forwarding task 33
134 Worker 0 processing task 35 requiring operations [1]
134 Worker 0 forwarding task 35
134 Worker 2 processing task 65 requiring operations [4]
134 Worker 2 forwarding task 65
135 Worker 3 accepting task 33
135 Worker 4 accepting task 35
135 Worker 3 accepting task 65
135 Worker 1 processing task 51 requiring operations [4]
135 Worker 1 forwarding task 51
135 Worker 0 processing task 64 requiring operations [9]
135 Worker 0 forwarding task 64
135 Worker 3 processing task 33 requiring operations [2]
135 Worker 3 forwarding task 33
135 Worker 4 processing task 35 requiring operations [1]
135 Worker 4 performing operation 1 on task 35
136 Generated task 68
136 Worker 4 accepting task 68
136 Worker 2 accepting task 51
136 Worker 4 accepting task 64
136 Worker 1 accepting task 33
136 Task 35 completed!
136 Worker 1 processing task 56 requiring operations [9, 2]
136 Worker 1 performing operation 9 on task 56
136 Worker 3 processing task 65 requiring operations [4]
136 Worker 3 performing operation 4 on task 65
136 Worker 4 processing task 68 requiring operations [3, 2, 6]
136 Worker 4 performing operation 2 on task 68
136 Worker 2 processing task 51 requiring operations [4]
136 Worker 2 forwarding task 51
137 Worker 1 accepting task 56
137 Task 65 completed!
137 Worker 4 accepting task 68
137 Worker 1 accepting task 51
137 Worker 1 processing task 60 requiring operations [7, 3]
137 Worker 1 performing operation 3 on task 60
137 Worker 4 processing task 64 requiring operations [9]
137 Worker 4 forwarding task 64
138 Generated task 69
138 Worker 4 accepting task 69
138 Worker 1 accepting task 60
138 Worker 0 accepting task 64
138 Worker 1 processing task 62 requiring operations [8, 9, 2]
138 Worker 1 performing operation 8 on task 62
138 Worker 4 processing task 68 requiring operations [3, 6]
138 Worker 4 forwarding task 68
138 Worker 0 processing task 64 requiring operations [9]
138 Worker 0 forwarding task 64
139 Worker 1 accepting task 62
139 Worker 0 accepting task 68
139 Worker 1 accepting task 64
139 Worker 1 processing task 63 requiring operations [1, 8, 9]
139 Worker 1 performing operation 9 on task 63
139 Worker 4 processing task 69 requiring operations [10, 6, 8]
139 Worker 4 forwarding task 69
139 Worker 0 processing task 68 requiring operations [3, 6]
139 Worker 0 performing operation 6 on task 68
140 Generated task 70
140 Worker 2 accepting task 70
140 Worker 1 accepting task 63
140 Worker 2 accepting task 69
140 Worker 0 accepting task 68
140 Worker 1 processing task 57 requiring operations [1]
140 Worker 1 forwarding task 57
140 Worker 0 processing task 68 requiring operations [3]
140 Worker 0 forwarding task 68
140 Worker 2 processing task 70 requiring operations [5, 10, 2]
140 Worker 2 performing operation 5 on task 70
