Worker 0 can perform operations {2, 5}
Worker 1 can perform operations {10, 3}
Worker 2 can perform operations {1, 2, 4, 6, 8, 9}
Worker 3 can perform operations {10}
Worker 4 can perform operations {10, 7}
Building network type random
Worker 0 connecting to worker 1
Worker 1 connecting to worker 0
Worker 0 connecting to worker 2
Worker 2 connecting to worker 0
Worker 1 connecting to worker 4
Worker 4 connecting to worker 1
Worker 2 connecting to worker 1
Worker 1 connecting to worker 2
Worker 3 connecting to worker 1
Worker 1 connecting to worker 3
Worker 3 connecting to worker 0
Worker 0 connecting to worker 3
Worker 4 connecting to worker 0
Worker 0 connecting to worker 4
Entry nodes are [0, 1, 2, 3, 4]
0 Generated task 0
0 Worker 1 accepting task 0
0 Worker 1 processing task 0 requiring operations [4, 3, 5]
0 Worker 1 performing operation 3 on task 0
1 Worker 1 accepting task 0
1 Worker 1 processing task 0 requiring operations [4, 5]
1 Worker 1 forwarding task 0
2 Generated task 1
2 Worker 3 accepting task 1
2 Worker 3 accepting task 0
2 Worker 3 processing task 1 requiring operations [3, 2, 4]
2 Worker 3 forwarding task 1
3 Worker 0 accepting task 1
3 Worker 3 processing task 0 requiring operations [4, 5]
3 Worker 3 forwarding task 0
3 Worker 0 processing task 1 requiring operations [3, 2, 4]
3 Worker 0 performing operation 2 on task 1
4 Generated task 2
4 Worker 3 accepting task 2
4 Worker 1 accepting task 0
4 Worker 0 accepting task 1
4 Worker 3 processing task 2 requiring operations [1, 5, 9]
4 Worker 3 forwarding task 2
4 Worker 0 processing task 1 requiring operations [3, 4]
4 Worker 0 forwarding task 1
4 Worker 1 processing task 0 requiring operations [4, 5]
4 Worker 1 forwarding task 0
5 Worker 1 accepting task 2
5 Worker 4 accepting task 1
5 Worker 3 accepting task 0
5 Worker 1 processing task 2 requiring operations [1, 5, 9]
5 Worker 1 forwarding task 2
5 Worker 4 processing task 1 requiring operations [3, 4]
5 Worker 4 forwarding task 1
5 Worker 3 processing task 0 requiring operations [4, 5]
5 Worker 3 forwarding task 0
6 Generated task 3
6 Worker 2 accepting task 3
6 Worker 4 accepting task 2
6 Worker 0 accepting task 1
6 Worker 0 accepting task 0
6 Worker 4 processing task 2 requiring operations [1, 5, 9]
6 Worker 4 forwarding task 2
6 Worker 2 processing task 3 requiring operations [1, 9, 3]
6 Worker 2 performing operation 1 on task 3
6 Worker 0 processing task 1 requiring operations [3, 4]
6 Worker 0 forwarding task 1
7 Worker 1 accepting task 2
7 Worker 2 accepting task 3
7 Worker 4 accepting task 1
7 Worker 2 processing task 3 requiring operations [9, 3]
7 Worker 2 performing operation 9 on task 3
7 Worker 0 processing task 0 requiring operations [4, 5]
7 Worker 0 performing operation 5 on task 0
7 Worker 1 processing task 2 requiring operations [1, 5, 9]
7 Worker 1 forwarding task 2
7 Worker 4 processing task 1 requiring operations [3, 4]
7 Worker 4 forwarding task 1
8 Generated task 4
8 Worker 0 accepting task 4
8 Worker 2 accepting task 3
8 Worker 0 accepting task 0
8 Worker 4 accepting task 2
8 Worker 1 accepting task 1
8 Worker 2 processing task 3 requiring operations [3]
8 Worker 2 forwarding task 3
8 Worker 0 processing task 4 requiring operations [6, 2, 7]
8 Worker 0 performing operation 2 on task 4
8 Worker 4 processing task 2 requiring operations [1, 5, 9]
8 Worker 4 forwarding task 2
8 Worker 1 processing task 1 requiring operations [3, 4]
8 Worker 1 performing operation 3 on task 1
9 Worker 0 accepting task 3
9 Worker 0 accepting task 4
9 Worker 0 accepting task 2
9 Worker 1 accepting task 1
9 Worker 0 processing task 0 requiring operations [4]
9 Worker 0 forwarding task 0
9 Worker 1 processing task 1 requiring operations [4]
9 Worker 1 forwarding task 1
10 Generated task 5
10 Worker 0 accepting task 5
10 Worker 3 accepting task 0
10 Worker 3 accepting task 1
10 Worker 0 processing task 3 requiring operations [3]
10 Worker 0 forwarding task 3
10 Worker 3 processing task 0 requiring operations [4]
10 Worker 3 forwarding task 0
11 Worker 1 accepting task 3
11 Worker 0 accepting task 0
11 Worker 0 processing task 4 requiring operations [6, 7]
11 Worker 0 forwarding task 4
11 Worker 3 processing task 1 requiring operations [4]
11 Worker 3 forwarding task 1
11 Worker 1 processing task 3 requiring operations [3]
11 Worker 1 performing operation 3 on task 3
12 Generated task 6
12 Worker 4 accepting task 6
12 Worker 3 accepting task 4
12 Worker 1 accepting task 1
12 Task 3 completed!
12 Worker 0 processing task 2 requiring operations [1, 5, 9]
12 Worker 0 performing operation 5 on task 2
12 Worker 3 processing task 4 requiring operations [6, 7]
12 Worker 3 forwarding task 4
12 Worker 1 processing task 1 requiring operations [4]
12 Worker 1 forwarding task 1
12 Worker 4 processing task 6 requiring operations [2, 5, 4]
12 Worker 4 forwarding task 6
13 Worker 0 accepting task 2
13 Worker 0 accepting task 4
13 Worker 3 accepting task 1
13 Worker 0 accepting task 6
13 Worker 0 processing task 5 requiring operations [1, 7, 10]
13 Worker 0 forwarding task 5
13 Worker 3 processing task 1 requiring operations [4]
13 Worker 3 forwarding task 1
14 Generated task 7
14 Worker 2 accepting task 7
14 Worker 2 accepting task 5
14 Worker 0 accepting task 1
14 Worker 0 processing task 0 requiring operations [4]
14 Worker 0 forwarding task 0
14 Worker 2 processing task 7 requiring operations [9, 10, 6]
14 Worker 2 performing operation 9 on task 7
15 Worker 3 accepting task 0
15 Worker 2 accepting task 7
15 Worker 0 processing task 2 requiring operations [1, 9]
15 Worker 0 forwarding task 2
15 Worker 2 processing task 5 requiring operations [1, 7, 10]
15 Worker 2 performing operation 1 on task 5
15 Worker 3 processing task 0 requiring operations [4]
15 Worker 3 forwarding task 0
16 Generated task 8
16 Worker 4 accepting task 8
16 Worker 1 accepting task 2
16 Worker 2 accepting task 5
16 Worker 0 accepting task 0
16 Worker 0 processing task 4 requiring operations [6, 7]
16 Worker 0 forwarding task 4
16 Worker 2 processing task 7 requiring operations [10, 6]
16 Worker 2 performing operation 6 on task 7
16 Worker 4 processing task 8 requiring operations [8, 4, 2]
16 Worker 4 forwarding task 8
16 Worker 1 processing task 2 requiring operations [1, 9]
16 Worker 1 forwarding task 2
17 Worker 1 accepting task 4
17 Worker 2 accepting task 7
17 Worker 0 accepting task 8
17 Worker 4 accepting task 2
17 Worker 0 processing task 6 requiring operations [2, 5, 4]
17 Worker 0 performing operation 5 on task 6
17 Worker 2 processing task 5 requiring operations [7, 10]
17 Worker 2 forwarding task 5
17 Worker 1 processing task 4 requiring operations [6, 7]
17 Worker 1 forwarding task 4
17 Worker 4 processing task 2 requiring operations [1, 9]
17 Worker 4 forwarding task 2
18 Generated task 9
18 Worker 2 accepting task 9
18 Worker 0 accepting task 6
18 Worker 0 accepting task 5
18 Worker 4 accepting task 4
18 Worker 1 accepting task 2
18 Worker 0 processing task 1 requiring operations [4]
18 Worker 0 forwarding task 1
18 Worker 2 processing task 7 requiring operations [10]
18 Worker 2 forwarding task 7
18 Worker 4 processing task 4 requiring operations [6, 7]
18 Worker 4 performing operation 7 on task 4
18 Worker 1 processing task 2 requiring operations [1, 9]
18 Worker 1 forwarding task 2
19 Worker 1 accepting task 1
19 Worker 1 accepting task 7
19 Worker 4 accepting task 4
19 Worker 4 accepting task 2
19 Worker 0 processing task 0 requiring operations [4]
19 Worker 0 forwarding task 0
19 Worker 2 processing task 9 requiring operations [7, 4, 9]
19 Worker 2 performing operation 9 on task 9
19 Worker 4 processing task 4 requiring operations [6]
19 Worker 4 forwarding task 4
19 Worker 1 processing task 1 requiring operations [4]
19 Worker 1 forwarding task 1
20 Generated task 10
20 Worker 4 accepting task 10
20 Worker 3 accepting task 0
20 Worker 2 accepting task 9
20 Worker 0 accepting task 4
20 Worker 4 accepting task 1
20 Worker 0 processing task 8 requiring operations [8, 4, 2]
20 Worker 0 performing operation 2 on task 8
20 Worker 2 processing task 9 requiring operations [7, 4]
20 Worker 2 performing operation 4 on task 9
20 Worker 4 processing task 2 requiring operations [1, 9]
20 Worker 4 forwarding task 2
20 Worker 1 processing task 7 requiring operations [10]
20 Worker 1 performing operation 10 on task 7
20 Worker 3 processing task 0 requiring operations [4]
20 Worker 3 forwarding task 0
21 Worker 0 accepting task 8
21 Worker 2 accepting task 9
21 Worker 0 accepting task 2
21 Task 7 completed!
21 Worker 1 accepting task 0
21 Worker 0 processing task 6 requiring operations [2, 4]
21 Worker 0 performing operation 2 on task 6
21 Worker 2 processing task 9 requiring operations [7]
21 Worker 2 forwarding task 9
21 Worker 4 processing task 10 requiring operations [3, 8, 9]
21 Worker 4 forwarding task 10
21 Worker 1 processing task 0 requiring operations [4]
21 Worker 1 forwarding task 0
22 Generated task 11
22 Worker 2 accepting task 11
22 Worker 0 accepting task 6
22 Worker 0 accepting task 9
22 Worker 1 accepting task 10
22 Worker 0 accepting task 0
22 Worker 0 processing task 5 requiring operations [7, 10]
22 Worker 0 forwarding task 5
22 Worker 2 processing task 11 requiring operations [1, 9, 7]
22 Worker 2 performing operation 9 on task 11
22 Worker 4 processing task 1 requiring operations [4]
22 Worker 4 forwarding task 1
22 Worker 1 processing task 10 requiring operations [3, 8, 9]
22 Worker 1 performing operation 3 on task 10
23 Worker 4 accepting task 5
23 Worker 2 accepting task 11
23 Worker 0 accepting task 1
23 Worker 1 accepting task 10
23 Worker 0 processing task 4 requiring operations [6]
23 Worker 0 forwarding task 4
23 Worker 2 processing task 11 requiring operations [1, 7]
23 Worker 2 performing operation 1 on task 11
23 Worker 4 processing task 5 requiring operations [7, 10]
23 Worker 4 performing operation 7 on task 5
23 Worker 1 processing task 10 requiring operations [8, 9]
23 Worker 1 forwarding task 10
24 Generated task 12
24 Worker 2 accepting task 12
24 Worker 1 accepting task 4
24 Worker 2 accepting task 11
24 Worker 4 accepting task 5
24 Worker 0 accepting task 10
24 Worker 0 processing task 8 requiring operations [8, 4]
24 Worker 0 forwarding task 8
24 Worker 2 processing task 12 requiring operations [5, 7, 1]
24 Worker 2 performing operation 1 on task 12
24 Worker 4 processing task 5 requiring operations [10]
24 Worker 4 performing operation 10 on task 5
24 Worker 1 processing task 4 requiring operations [6]
24 Worker 1 forwarding task 4
25 Worker 3 accepting task 8
25 Worker 2 accepting task 12
25 Task 5 completed!
25 Worker 2 accepting task 4
25 Worker 0 processing task 2 requiring operations [1, 9]
25 Worker 0 forwarding task 2
25 Worker 2 processing task 11 requiring operations [7]
25 Worker 2 forwarding task 11
25 Worker 3 processing task 8 requiring operations [8, 4]
25 Worker 3 forwarding task 8
26 Generated task 13
26 Worker 4 accepting task 13
26 Worker 2 accepting task 2
26 Worker 0 accepting task 11
26 Worker 1 accepting task 8
26 Worker 0 processing task 6 requiring operations [4]
26 Worker 0 forwarding task 6
26 Worker 2 processing task 12 requiring operations [5, 7]
26 Worker 2 forwarding task 12
26 Worker 4 processing task 13 requiring operations [4, 5, 6]
26 Worker 4 forwarding task 13
26 Worker 1 processing task 8 requiring operations [8, 4]
26 Worker 1 forwarding task 8
27 Worker 3 accepting task 6
27 Worker 1 accepting task 12
27 Worker 1 accepting task 13
27 Worker 4 accepting task 8
27 Worker 0 processing task 9 requiring operations [7]
27 Worker 0 forwarding task 9
27 Worker 2 processing task 4 requiring operations [6]
27 Worker 2 performing operation 6 on task 4
27 Worker 1 processing task 12 requiring operations [5, 7]
27 Worker 1 forwarding task 12
27 Worker 3 processing task 6 requiring operations [4]
27 Worker 3 forwarding task 6
27 Worker 4 processing task 8 requiring operations [8, 4]
27 Worker 4 forwarding task 8
28 Generated task 14
28 Worker 4 accepting task 14
28 Worker 1 accepting task 9
28 Task 4 completed!
28 Worker 2 accepting task 12
28 Worker 0 accepting task 6
28 Worker 1 accepting task 8
28 Worker 0 processing task 0 requiring operations [4]
28 Worker 0 forwarding task 0
28 Worker 2 processing task 2 requiring operations [1, 9]
28 Worker 2 performing operation 1 on task 2
28 Worker 1 processing task 13 requiring operations [4, 5, 6]
28 Worker 1 forwarding task 13
28 Worker 4 processing task 14 requiring operations [2, 9, 8]
28 Worker 4 forwarding task 14
29 Worker 4 accepting task 0
29 Worker 2 accepting task 2
29 Worker 3 accepting task 13
29 Worker 1 accepting task 14
29 Worker 0 processing task 1 requiring operations [4]
29 Worker 0 forwarding task 1
29 Worker 2 processing task 12 requiring operations [5, 7]
29 Worker 2 forwarding task 12
29 Worker 1 processing task 9 requiring operations [7]
29 Worker 1 forwarding task 9
29 Worker 4 processing task 0 requiring operations [4]
29 Worker 4 forwarding task 0
29 Worker 3 processing task 13 requiring operations [4, 5, 6]
29 Worker 3 forwarding task 13
30 Generated task 15
30 Worker 2 accepting task 15
30 Worker 4 accepting task 1
30 Worker 1 accepting task 12
30 Worker 3 accepting task 9
30 Worker 1 accepting task 0
30 Worker 0 accepting task 13
30 Worker 0 processing task 10 requiring operations [8, 9]
30 Worker 0 forwarding task 10
30 Worker 2 processing task 2 requiring operations [9]
30 Worker 2 performing operation 9 on task 2
30 Worker 1 processing task 8 requiring operations [8, 4]
30 Worker 1 forwarding task 8
30 Worker 4 processing task 1 requiring operations [4]
30 Worker 4 forwarding task 1
30 Worker 3 processing task 9 requiring operations [7]
30 Worker 3 forwarding task 9
31 Worker 2 accepting task 10
31 Task 2 completed!
31 Worker 3 accepting task 8
31 Worker 1 accepting task 1
31 Worker 1 accepting task 9
31 Worker 0 processing task 11 requiring operations [7]
31 Worker 0 forwarding task 11
31 Worker 2 processing task 15 requiring operations [6, 2, 10]
31 Worker 2 performing operation 6 on task 15
31 Worker 1 processing task 14 requiring operations [2, 9, 8]
31 Worker 1 forwarding task 14
31 Worker 3 processing task 8 requiring operations [8, 4]
31 Worker 3 forwarding task 8
32 Generated task 16
32 Worker 1 accepting task 16
32 Worker 1 accepting task 11
32 Worker 2 accepting task 15
32 Worker 2 accepting task 14
32 Worker 0 accepting task 8
32 Worker 0 processing task 6 requiring operations [4]
32 Worker 0 forwarding task 6
32 Worker 2 processing task 10 requiring operations [8, 9]
32 Worker 2 performing operation 8 on task 10
32 Worker 1 processing task 12 requiring operations [5, 7]
32 Worker 1 forwarding task 12
33 Worker 3 accepting task 6
33 Worker 2 accepting task 10
33 Worker 2 accepting task 12
33 Worker 0 processing task 13 requiring operations [4, 5, 6]
33 Worker 0 performing operation 5 on task 13
33 Worker 2 processing task 15 requiring operations [2, 10]
33 Worker 2 performing operation 2 on task 15
33 Worker 1 processing task 0 requiring operations [4]
33 Worker 1 forwarding task 0
33 Worker 3 processing task 6 requiring operations [4]
33 Worker 3 forwarding task 6
34 Generated task 17
34 Worker 0 accepting task 17
34 Worker 0 accepting task 13
34 Worker 2 accepting task 15
34 Worker 4 accepting task 0
34 Worker 0 accepting task 6
34 Worker 0 processing task 8 requiring operations [8, 4]
34 Worker 0 forwarding task 8
34 Worker 2 processing task 14 requiring operations [2, 9, 8]
34 Worker 2 performing operation 8 on task 14
34 Worker 1 processing task 1 requiring operations [4]
34 Worker 1 forwarding task 1
34 Worker 4 processing task 0 requiring operations [4]
34 Worker 4 forwarding task 0
35 Worker 1 accepting task 8
35 Worker 2 accepting task 14
35 Worker 0 accepting task 1
35 Worker 1 accepting task 0
35 Worker 0 processing task 17 requiring operations [4, 9, 1]
35 Worker 0 forwarding task 17
35 Worker 2 processing task 10 requiring operations [9]
35 Worker 2 performing operation 9 on task 10
35 Worker 1 processing task 9 requiring operations [7]
35 Worker 1 forwarding task 9
36 Generated task 18
36 Worker 1 accepting task 18
36 Worker 4 accepting task 17
36 Task 10 completed!
36 Worker 4 accepting task 9
36 Worker 0 processing task 13 requiring operations [4, 6]
36 Worker 0 forwarding task 13
36 Worker 2 processing task 12 requiring operations [5, 7]
36 Worker 2 forwarding task 12
36 Worker 1 processing task 16 requiring operations [7, 10, 2]
36 Worker 1 performing operation 10 on task 16
36 Worker 4 processing task 17 requiring operations [4, 9, 1]
36 Worker 4 forwarding task 17
37 Worker 4 accepting task 13
37 Worker 0 accepting task 12
37 Worker 1 accepting task 16
37 Worker 0 accepting task 17
37 Worker 0 processing task 6 requiring operations [4]
37 Worker 0 forwarding task 6
37 Worker 2 processing task 15 requiring operations [10]
37 Worker 2 forwarding task 15
37 Worker 1 processing task 11 requiring operations [7]
37 Worker 1 forwarding task 11
37 Worker 4 processing task 9 requiring operations [7]
37 Worker 4 performing operation 7 on task 9
38 Generated task 19
38 Worker 2 accepting task 19
38 Worker 1 accepting task 6
38 Worker 1 accepting task 15
38 Worker 0 accepting task 11
38 Task 9 completed!
38 Worker 0 processing task 1 requiring operations [4]
38 Worker 0 forwarding task 1
38 Worker 2 processing task 14 requiring operations [2, 9]
38 Worker 2 performing operation 9 on task 14
38 Worker 1 processing task 8 requiring operations [8, 4]
38 Worker 1 forwarding task 8
38 Worker 4 processing task 13 requiring operations [4, 6]
38 Worker 4 forwarding task 13
39 Worker 1 accepting task 1
39 Worker 2 accepting task 14
39 Worker 4 accepting task 8
39 Worker 1 accepting task 13
39 Worker 0 processing task 12 requiring operations [5, 7]
39 Worker 0 performing operation 5 on task 12
39 Worker 2 processing task 19 requiring operations [10, 6, 2]
39 Worker 2 performing operation 6 on task 19
39 Worker 1 processing task 0 requiring operations [4]
39 Worker 1 forwarding task 0
39 Worker 4 processing task 8 requiring operations [8, 4]
39 Worker 4 forwarding task 8
40 Generated task 20
40 Worker 0 accepting task 20
40 Worker 0 accepting task 12
40 Worker 2 accepting task 19
40 Worker 2 accepting task 0
40 Worker 1 accepting task 8
40 Worker 0 processing task 17 requiring operations [4, 9, 1]
40 Worker 0 forwarding task 17
40 Worker 2 processing task 14 requiring operations [2]
40 Worker 2 performing operation 2 on task 14
40 Worker 1 processing task 18 requiring operations [1, 4, 10]
40 Worker 1 performing operation 10 on task 18
41 Worker 1 accepting task 17
41 Task 14 completed!
41 Worker 1 accepting task 18
41 Worker 0 processing task 11 requiring operations [7]
41 Worker 0 forwarding task 11
41 Worker 2 processing task 19 requiring operations [10, 2]
41 Worker 2 performing operation 2 on task 19
41 Worker 1 processing task 16 requiring operations [7, 2]
41 Worker 1 forwarding task 16
42 Generated task 21
42 Worker 2 accepting task 21
42 Worker 3 accepting task 11
42 Worker 2 accepting task 19
42 Worker 2 accepting task 16
42 Worker 0 processing task 20 requiring operations [1, 4, 10]
42 Worker 0 forwarding task 20
42 Worker 2 processing task 0 requiring operations [4]
42 Worker 2 performing operation 4 on task 0
42 Worker 1 processing task 6 requiring operations [4]
42 Worker 1 forwarding task 6
42 Worker 3 processing task 11 requiring operations [7]
42 Worker 3 forwarding task 11
43 Worker 1 accepting task 20
43 Task 0 completed!
43 Worker 0 accepting task 6
43 Worker 0 accepting task 11
43 Worker 0 processing task 12 requiring operations [7]
43 Worker 0 forwarding task 12
43 Worker 2 processing task 21 requiring operations [2, 5, 6]
43 Worker 2 performing operation 6 on task 21
43 Worker 1 processing task 15 requiring operations [10]
43 Worker 1 performing operation 10 on task 15
44 Generated task 22
44 Worker 0 accepting task 22
44 Worker 3 accepting task 12
44 Worker 2 accepting task 21
44 Task 15 completed!
44 Worker 0 processing task 6 requiring operations [4]
44 Worker 0 forwarding task 6
44 Worker 2 processing task 19 requiring operations [10]
44 Worker 2 forwarding task 19
44 Worker 1 processing task 1 requiring operations [4]
44 Worker 1 forwarding task 1
44 Worker 3 processing task 12 requiring operations [7]
44 Worker 3 forwarding task 12
45 Worker 3 accepting task 6
45 Worker 0 accepting task 19
45 Worker 2 accepting task 1
45 Worker 0 accepting task 12
45 Worker 0 processing task 11 requiring operations [7]
45 Worker 0 forwarding task 11
45 Worker 2 processing task 16 requiring operations [7, 2]
45 Worker 2 performing operation 2 on task 16
45 Worker 1 processing task 13 requiring operations [4, 6]
45 Worker 1 forwarding task 13
45 Worker 3 processing task 6 requiring operations [4]
45 Worker 3 forwarding task 6
46 Generated task 23
46 Worker 4 accepting task 23
46 Worker 1 accepting task 11
46 Worker 2 accepting task 16
46 Worker 4 accepting task 13
46 Worker 1 accepting task 6
46 Worker 0 processing task 22 requiring operations [8, 1, 5]
46 Worker 0 performing operation 5 on task 22
46 Worker 2 processing task 21 requiring operations [2, 5]
46 Worker 2 performing operation 2 on task 21
46 Worker 1 processing task 8 requiring operations [8, 4]
46 Worker 1 forwarding task 8
46 Worker 4 processing task 23 requiring operations [5, 2, 1]
46 Worker 4 forwarding task 23
47 Worker 0 accepting task 22
47 Worker 2 accepting task 21
47 Worker 3 accepting task 8
47 Worker 0 accepting task 23
47 Worker 0 processing task 19 requiring operations [10]
47 Worker 0 forwarding task 19
47 Worker 2 processing task 1 requiring operations [4]
47 Worker 2 performing operation 4 on task 1
47 Worker 1 processing task 17 requiring operations [4, 9, 1]
47 Worker 1 forwarding task 17
47 Worker 4 processing task 13 requiring operations [4, 6]
47 Worker 4 forwarding task 13
47 Worker 3 processing task 8 requiring operations [8, 4]
47 Worker 3 forwarding task 8
48 Generated task 24
48 Worker 4 accepting task 24
48 Worker 4 accepting task 19
48 Task 1 completed!
48 Worker 0 accepting task 17
48 Worker 0 accepting task 13
48 Worker 1 accepting task 8
48 Worker 0 processing task 12 requiring operations [7]
48 Worker 0 forwarding task 12
48 Worker 2 processing task 16 requiring operations [7]
48 Worker 2 forwarding task 16
48 Worker 1 processing task 18 requiring operations [1, 4]
48 Worker 1 forwarding task 18
48 Worker 4 processing task 24 requiring operations [1, 6, 9]
48 Worker 4 forwarding task 24
49 Worker 1 accepting task 12
49 Worker 0 accepting task 16
49 Worker 3 accepting task 18
49 Worker 1 accepting task 24
49 Worker 0 processing task 22 requiring operations [8, 1]
49 Worker 0 forwarding task 22
49 Worker 2 processing task 21 requiring operations [5]
49 Worker 2 forwarding task 21
49 Worker 1 processing task 20 requiring operations [1, 4, 10]
49 Worker 1 performing operation 10 on task 20
49 Worker 4 processing task 19 requiring operations [10]
49 Worker 4 performing operation 10 on task 19
49 Worker 3 processing task 18 requiring operations [1, 4]
49 Worker 3 forwarding task 18
50 Generated task 25
50 Worker 3 accepting task 25
50 Worker 2 accepting task 22
50 Worker 1 accepting task 21
50 Worker 1 accepting task 20
50 Task 19 completed!
50 Worker 0 accepting task 18
50 Worker 0 processing task 23 requiring operations [5, 2, 1]
50 Worker 0 performing operation 2 on task 23
50 Worker 2 processing task 22 requiring operations [8, 1]
50 Worker 2 performing operation 1 on task 22
50 Worker 1 processing task 11 requiring operations [7]
50 Worker 1 forwarding task 11
50 Worker 3 processing task 25 requiring operations [6, 3, 7]
50 Worker 3 forwarding task 25
51 Worker 0 accepting task 23
51 Worker 2 accepting task 22
51 Worker 2 accepting task 11
51 Worker 0 accepting task 25
51 Worker 0 processing task 17 requiring operations [4, 9, 1]
51 Worker 0 forwarding task 17
51 Worker 2 processing task 22 requiring operations [8]
51 Worker 2 performing operation 8 on task 22
51 Worker 1 processing task 6 requiring operations [4]
51 Worker 1 forwarding task 6
52 Generated task 26
52 Worker 4 accepting task 26
52 Worker 3 accepting task 17
52 Task 22 completed!
52 Worker 4 accepting task 6
52 Worker 0 processing task 13 requiring operations [4, 6]
52 Worker 0 forwarding task 13
52 Worker 2 processing task 11 requiring operations [7]
52 Worker 2 forwarding task 11
52 Worker 1 processing task 8 requiring operations [8, 4]
52 Worker 1 forwarding task 8
52 Worker 4 processing task 26 requiring operations [2, 7, 8]
52 Worker 4 performing operation 7 on task 26
52 Worker 3 processing task 17 requiring operations [4, 9, 1]
52 Worker 3 forwarding task 17
53 Worker 3 accepting task 13
53 Worker 1 accepting task 11
53 Worker 3 accepting task 8
53 Worker 4 accepting task 26
53 Worker 0 accepting task 17
53 Worker 0 processing task 16 requiring operations [7]
53 Worker 0 forwarding task 16
53 Worker 1 processing task 12 requiring operations [7]
53 Worker 1 forwarding task 12
53 Worker 4 processing task 6 requiring operations [4]
53 Worker 4 forwarding task 6
53 Worker 3 processing task 13 requiring operations [4, 6]
53 Worker 3 forwarding task 13
54 Generated task 27
54 Worker 2 accepting task 27
54 Worker 4 accepting task 16
54 Worker 2 accepting task 12
54 Worker 1 accepting task 6
54 Worker 0 accepting task 13
54 Worker 0 processing task 18 requiring operations [1, 4]
54 Worker 0 forwarding task 18
54 Worker 1 processing task 24 requiring operations [1, 6, 9]
54 Worker 1 forwarding task 24
54 Worker 4 processing task 26 requiring operations [2, 8]
54 Worker 4 forwarding task 26
54 Worker 3 processing task 8 requiring operations [8, 4]
54 Worker 3 forwarding task 8
54 Worker 2 processing task 27 requiring operations [1, 8, 10]
54 Worker 2 performing operation 8 on task 27
55 Worker 1 accepting task 18
55 Worker 4 accepting task 24
55 Worker 0 accepting task 26
55 Worker 0 accepting task 8
55 Worker 2 accepting task 27
55 Worker 0 processing task 23 requiring operations [5, 1]
55 Worker 0 performing operation 5 on task 23
55 Worker 1 processing task 21 requiring operations [5]
55 Worker 1 forwarding task 21
55 Worker 4 processing task 16 requiring operations [7]
55 Worker 4 performing operation 7 on task 16
55 Worker 2 processing task 12 requiring operations [7]
55 Worker 2 forwarding task 12
56 Generated task 28
56 Worker 0 accepting task 28
56 Worker 0 accepting task 23
56 Worker 2 accepting task 21
56 Task 16 completed!
56 Worker 1 accepting task 12
56 Worker 0 processing task 25 requiring operations [6, 3, 7]
56 Worker 0 forwarding task 25
56 Worker 1 processing task 20 requiring operations [1, 4]
56 Worker 1 forwarding task 20
56 Worker 4 processing task 24 requiring operations [1, 6, 9]
56 Worker 4 forwarding task 24
56 Worker 2 processing task 27 requiring operations [1, 10]
56 Worker 2 performing operation 1 on task 27
57 Worker 2 accepting task 25
57 Worker 0 accepting task 20
57 Worker 1 accepting task 24
57 Worker 2 accepting task 27
57 Worker 0 processing task 17 requiring operations [4, 9, 1]
57 Worker 0 forwarding task 17
57 Worker 1 processing task 11 requiring operations [7]
57 Worker 1 forwarding task 11
57 Worker 2 processing task 21 requiring operations [5]
57 Worker 2 forwarding task 21
58 Generated task 29
58 Worker 2 accepting task 29
58 Worker 1 accepting task 17
58 Worker 4 accepting task 11
58 Worker 0 accepting task 21
58 Worker 0 processing task 13 requiring operations [4, 6]
58 Worker 0 forwarding task 13
58 Worker 1 processing task 6 requiring operations [4]
58 Worker 1 forwarding task 6
58 Worker 2 processing task 25 requiring operations [6, 3, 7]
58 Worker 2 performing operation 6 on task 25
58 Worker 4 processing task 11 requiring operations [7]
58 Worker 4 performing operation 7 on task 11
59 Worker 3 accepting task 13
59 Worker 3 accepting task 6
59 Worker 2 accepting task 25
59 Task 11 completed!
59 Worker 0 processing task 26 requiring operations [2, 8]
59 Worker 0 performing operation 2 on task 26
59 Worker 1 processing task 18 requiring operations [1, 4]
59 Worker 1 forwarding task 18
59 Worker 2 processing task 27 requiring operations [10]
59 Worker 2 forwarding task 27
59 Worker 3 processing task 13 requiring operations [4, 6]
59 Worker 3 forwarding task 13
60 Generated task 30
60 Worker 2 accepting task 30
60 Worker 0 accepting task 26
60 Worker 4 accepting task 18
60 Worker 1 accepting task 27
60 Worker 1 accepting task 13
60 Worker 0 processing task 8 requiring operations [8, 4]
60 Worker 0 forwarding task 8
60 Worker 1 processing task 12 requiring operations [7]
60 Worker 1 forwarding task 12
60 Worker 2 processing task 29 requiring operations [5, 9, 10]
60 Worker 2 performing operation 9 on task 29
60 Worker 3 processing task 6 requiring operations [4]
60 Worker 3 forwarding task 6
60 Worker 4 processing task 18 requiring operations [1, 4]
60 Worker 4 forwarding task 18
61 Worker 1 accepting task 8
61 Worker 3 accepting task 12
61 Worker 2 accepting task 29
61 Worker 0 accepting task 6
61 Worker 0 accepting task 18
61 Worker 0 processing task 28 requiring operations [5, 2, 10]
61 Worker 0 performing operation 5 on task 28
61 Worker 1 processing task 24 requiring operations [1, 6, 9]
61 Worker 1 forwarding task 24
61 Worker 2 processing task 25 requiring operations [3, 7]
61 Worker 2 forwarding task 25
61 Worker 3 processing task 12 requiring operations [7]
61 Worker 3 forwarding task 12
62 Generated task 31
62 Worker 3 accepting task 31
62 Worker 0 accepting task 28
62 Worker 0 accepting task 24
62 Worker 0 accepting task 25
62 Worker 1 accepting task 12
62 Worker 0 processing task 23 requiring operations [1]
62 Worker 0 forwarding task 23
62 Worker 1 processing task 17 requiring operations [4, 9, 1]
62 Worker 1 forwarding task 17
62 Worker 2 processing task 30 requiring operations [2, 5, 10]
62 Worker 2 performing operation 2 on task 30
62 Worker 3 processing task 31 requiring operations [10, 4, 2]
62 Worker 3 performing operation 10 on task 31
63 Worker 3 accepting task 23
63 Worker 4 accepting task 17
63 Worker 2 accepting task 30
63 Worker 3 accepting task 31
63 Worker 0 processing task 20 requiring operations [1, 4]
63 Worker 0 forwarding task 20
63 Worker 1 processing task 27 requiring operations [10]
63 Worker 1 performing operation 10 on task 27
63 Worker 2 processing task 29 requiring operations [5, 10]
63 Worker 2 forwarding task 29
63 Worker 3 processing task 23 requiring operations [1]
63 Worker 3 forwarding task 23
63 Worker 4 processing task 17 requiring operations [4, 9, 1]
63 Worker 4 forwarding task 17
64 Generated task 32
64 Worker 0 accepting task 32
64 Worker 4 accepting task 20
64 Task 27 completed!
64 Worker 0 accepting task 29
64 Worker 1 accepting task 23
64 Worker 1 accepting task 17
64 Worker 0 processing task 21 requiring operations [5]
64 Worker 0 performing operation 5 on task 21
64 Worker 1 processing task 13 requiring operations [4, 6]
64 Worker 1 forwarding task 13
64 Worker 2 processing task 30 requiring operations [5, 10]
64 Worker 2 forwarding task 30
64 Worker 3 processing task 31 requiring operations [4, 2]
64 Worker 3 forwarding task 31
64 Worker 4 processing task 20 requiring operations [1, 4]
64 Worker 4 forwarding task 20
65 Task 21 completed!
65 Worker 2 accepting task 13
65 Worker 0 accepting task 30
65 Worker 1 accepting task 31
65 Worker 1 accepting task 20
65 Worker 0 processing task 26 requiring operations [8]
65 Worker 0 forwarding task 26
65 Worker 1 processing task 8 requiring operations [8, 4]
65 Worker 1 forwarding task 8
65 Worker 2 processing task 13 requiring operations [4, 6]
65 Worker 2 performing operation 4 on task 13
66 Generated task 33
66 Worker 4 accepting task 33
66 Worker 1 accepting task 26
66 Worker 0 accepting task 8
66 Worker 2 accepting task 13
66 Worker 0 processing task 6 requiring operations [4]
66 Worker 0 forwarding task 6
66 Worker 1 processing task 12 requiring operations [7]
66 Worker 1 forwarding task 12
66 Worker 2 processing task 13 requiring operations [6]
66 Worker 2 performing operation 6 on task 13
66 Worker 4 processing task 33 requiring operations [4, 10, 5]
66 Worker 4 performing operation 10 on task 33
67 Worker 1 accepting task 6
67 Worker 0 accepting task 12
67 Task 13 completed!
67 Worker 4 accepting task 33
67 Worker 0 processing task 18 requiring operations [1, 4]
67 Worker 0 forwarding task 18
67 Worker 1 processing task 23 requiring operations [1]
67 Worker 1 forwarding task 23
67 Worker 4 processing task 33 requiring operations [4, 5]
67 Worker 4 forwarding task 33
68 Generated task 34
68 Worker 0 accepting task 34
68 Worker 4 accepting task 18
68 Worker 2 accepting task 23
68 Worker 0 accepting task 33
68 Worker 0 processing task 28 requiring operations [2, 10]
68 Worker 0 performing operation 2 on task 28
68 Worker 1 processing task 17 requiring operations [4, 9, 1]
68 Worker 1 forwarding task 17
68 Worker 4 processing task 18 requiring operations [1, 4]
68 Worker 4 forwarding task 18
68 Worker 2 processing task 23 requiring operations [1]
68 Worker 2 performing operation 1 on task 23
69 Worker 0 accepting task 28
69 Worker 0 accepting task 17
69 Worker 1 accepting task 18
69 Task 23 completed!
69 Worker 0 processing task 24 requiring operations [1, 6, 9]
69 Worker 0 forwarding task 24
69 Worker 1 processing task 31 requiring operations [4, 2]
69 Worker 1 forwarding task 31
70 Generated task 35
70 Worker 4 accepting task 35
70 Worker 4 accepting task 24
70 Worker 3 accepting task 31
70 Worker 0 processing task 25 requiring operations [3, 7]
70 Worker 0 forwarding task 25
70 Worker 1 processing task 20 requiring operations [1, 4]
70 Worker 1 forwarding task 20
70 Worker 4 processing task 35 requiring operations [3, 7, 2]
70 Worker 4 performing operation 7 on task 35
70 Worker 3 processing task 31 requiring operations [4, 2]
70 Worker 3 forwarding task 31
71 Worker 3 accepting task 25
71 Worker 2 accepting task 20
71 Worker 4 accepting task 35
71 Worker 0 accepting task 31
71 Worker 0 processing task 32 requiring operations [5, 7, 3]
71 Worker 0 performing operation 5 on task 32
71 Worker 1 processing task 26 requiring operations [8]
71 Worker 1 forwarding task 26
71 Worker 4 processing task 24 requiring operations [1, 6, 9]
71 Worker 4 forwarding task 24
71 Worker 3 processing task 25 requiring operations [3, 7]
71 Worker 3 forwarding task 25
71 Worker 2 processing task 20 requiring operations [1, 4]
71 Worker 2 performing operation 4 on task 20
72 Generated task 36
72 Worker 2 accepting task 36
72 Worker 0 accepting task 32
72 Worker 4 accepting task 26
72 Worker 0 accepting task 24
72 Worker 0 accepting task 25
72 Worker 2 accepting task 20
72 Worker 0 processing task 29 requiring operations [5, 10]
72 Worker 0 performing operation 5 on task 29
72 Worker 1 processing task 6 requiring operations [4]
72 Worker 1 forwarding task 6
72 Worker 4 processing task 35 requiring operations [3, 2]
72 Worker 4 forwarding task 35
72 Worker 2 processing task 36 requiring operations [1, 7, 5]
72 Worker 2 performing operation 1 on task 36
73 Worker 0 accepting task 29
73 Worker 3 accepting task 6
73 Worker 1 accepting task 35
73 Worker 2 accepting task 36
73 Worker 0 processing task 30 requiring operations [5, 10]
73 Worker 0 performing operation 5 on task 30
73 Worker 1 processing task 18 requiring operations [1, 4]
73 Worker 1 forwarding task 18
73 Worker 4 processing task 26 requiring operations [8]
73 Worker 4 forwarding task 26
73 Worker 2 processing task 20 requiring operations [1]
73 Worker 2 performing operation 1 on task 20
73 Worker 3 processing task 6 requiring operations [4]
73 Worker 3 forwarding task 6
74 Generated task 37
74 Worker 1 accepting task 37
74 Worker 0 accepting task 30
74 Worker 3 accepting task 18
74 Worker 0 accepting task 26
74 Task 20 completed!
74 Worker 0 accepting task 6
74 Worker 0 processing task 8 requiring operations [8, 4]
74 Worker 0 forwarding task 8
74 Worker 1 processing task 35 requiring operations [3, 2]
74 Worker 1 performing operation 3 on task 35
74 Worker 2 processing task 36 requiring operations [7, 5]
74 Worker 2 forwarding task 36
74 Worker 3 processing task 18 requiring operations [1, 4]
74 Worker 3 forwarding task 18
75 Worker 3 accepting task 8
75 Worker 1 accepting task 35
75 Worker 1 accepting task 36
75 Worker 1 accepting task 18
75 Worker 0 processing task 12 requiring operations [7]
75 Worker 0 forwarding task 12
75 Worker 1 processing task 37 requiring operations [7, 4, 6]
75 Worker 1 forwarding task 37
75 Worker 3 processing task 8 requiring operations [8, 4]
75 Worker 3 forwarding task 8
76 Generated task 38
76 Worker 1 accepting task 38
76 Worker 4 accepting task 12
76 Worker 2 accepting task 37
76 Worker 0 accepting task 8
76 Worker 0 processing task 34 requiring operations [1, 3, 6]
76 Worker 0 forwarding task 34
76 Worker 1 processing task 35 requiring operations [2]
76 Worker 1 forwarding task 35
76 Worker 4 processing task 12 requiring operations [7]
76 Worker 4 performing operation 7 on task 12
76 Worker 2 processing task 37 requiring operations [7, 4, 6]
76 Worker 2 performing operation 6 on task 37
77 Worker 1 accepting task 34
77 Worker 2 accepting task 35
77 Task 12 completed!
77 Worker 2 accepting task 37
77 Worker 0 processing task 33 requiring operations [4, 5]
77 Worker 0 performing operation 5 on task 33
77 Worker 1 processing task 36 requiring operations [7, 5]
77 Worker 1 forwarding task 36
77 Worker 2 processing task 35 requiring operations [2]
77 Worker 2 performing operation 2 on task 35
78 Generated task 39
78 Worker 1 accepting task 39
78 Worker 0 accepting task 33
78 Worker 2 accepting task 36
78 Task 35 completed!
78 Worker 0 processing task 28 requiring operations [10]
78 Worker 0 forwarding task 28
78 Worker 1 processing task 18 requiring operations [1, 4]
78 Worker 1 forwarding task 18
78 Worker 2 processing task 37 requiring operations [7, 4]
78 Worker 2 performing operation 4 on task 37
79 Worker 4 accepting task 28
79 Worker 4 accepting task 18
79 Worker 2 accepting task 37
79 Worker 0 processing task 17 requiring operations [4, 9, 1]
79 Worker 0 forwarding task 17
79 Worker 1 processing task 38 requiring operations [8, 5, 1]
79 Worker 1 forwarding task 38
79 Worker 2 processing task 36 requiring operations [7, 5]
79 Worker 2 forwarding task 36
79 Worker 4 processing task 28 requiring operations [10]
79 Worker 4 performing operation 10 on task 28
80 Generated task 40
80 Worker 2 accepting task 40
80 Worker 4 accepting task 17
80 Worker 3 accepting task 38
80 Worker 1 accepting task 36
80 Task 28 completed!
80 Worker 0 processing task 31 requiring operations [4, 2]
80 Worker 0 performing operation 2 on task 31
80 Worker 1 processing task 34 requiring operations [1, 3, 6]
80 Worker 1 performing operation 3 on task 34
80 Worker 2 processing task 37 requiring operations [7]
80 Worker 2 forwarding task 37
80 Worker 4 processing task 18 requiring operations [1, 4]
80 Worker 4 forwarding task 18
80 Worker 3 processing task 38 requiring operations [8, 5, 1]
80 Worker 3 forwarding task 38
81 Worker 0 accepting task 31
81 Worker 1 accepting task 34
81 Worker 0 accepting task 37
81 Worker 1 accepting task 18
81 Worker 0 accepting task 38
81 Worker 0 processing task 32 requiring operations [7, 3]
81 Worker 0 forwarding task 32
81 Worker 1 processing task 39 requiring operations [4, 9, 3]
81 Worker 1 performing operation 3 on task 39
81 Worker 2 processing task 40 requiring operations [7, 4, 5]
81 Worker 2 performing operation 4 on task 40
81 Worker 4 processing task 17 requiring operations [4, 9, 1]
81 Worker 4 forwarding task 17
82 Generated task 41
82 Worker 4 accepting task 41
82 Worker 4 accepting task 32
82 Worker 1 accepting task 39
82 Worker 2 accepting task 40
82 Worker 1 accepting task 17
82 Worker 0 processing task 24 requiring operations [1, 6, 9]
82 Worker 0 forwarding task 24
82 Worker 1 processing task 36 requiring operations [7, 5]
82 Worker 1 forwarding task 36
82 Worker 2 processing task 40 requiring operations [7, 5]
82 Worker 2 forwarding task 40
82 Worker 4 processing task 41 requiring operations [9, 10, 6]
82 Worker 4 performing operation 10 on task 41
83 Worker 1 accepting task 24
83 Worker 2 accepting task 36
83 Worker 0 accepting task 40
83 Worker 4 accepting task 41
83 Worker 0 processing task 25 requiring operations [3, 7]
83 Worker 0 forwarding task 25
83 Worker 1 processing task 34 requiring operations [1, 6]
83 Worker 1 forwarding task 34
83 Worker 2 processing task 36 requiring operations [7, 5]
83 Worker 2 forwarding task 36
83 Worker 4 processing task 32 requiring operations [7, 3]
83 Worker 4 performing operation 7 on task 32
84 Generated task 42
84 Worker 2 accepting task 42
84 Worker 4 accepting task 25
84 Worker 4 accepting task 34
84 Worker 0 accepting task 36
84 Worker 4 accepting task 32
84 Worker 0 processing task 29 requiring operations [10]
84 Worker 0 forwarding task 29
84 Worker 1 processing task 18 requiring operations [1, 4]
84 Worker 1 forwarding task 18
84 Worker 2 processing task 42 requiring operations [2, 8, 6]
84 Worker 2 performing operation 6 on task 42
84 Worker 4 processing task 41 requiring operations [9, 6]
84 Worker 4 forwarding task 41
85 Worker 1 accepting task 29
85 Worker 4 accepting task 18
85 Worker 2 accepting task 42
85 Worker 0 accepting task 41
85 Worker 0 processing task 30 requiring operations [10]
85 Worker 0 forwarding task 30
85 Worker 1 processing task 39 requiring operations [4, 9]
85 Worker 1 forwarding task 39
85 Worker 2 processing task 42 requiring operations [2, 8]
85 Worker 2 performing operation 2 on task 42
85 Worker 4 processing task 25 requiring operations [3, 7]
85 Worker 4 performing operation 7 on task 25
86 Generated task 43
86 Worker 4 accepting task 43
86 Worker 4 accepting task 30
86 Worker 2 accepting task 39
86 Worker 2 accepting task 42
86 Worker 4 accepting task 25
86 Worker 0 processing task 26 requiring operations [8]
86 Worker 0 forwarding task 26
86 Worker 1 processing task 17 requiring operations [4, 9, 1]
86 Worker 1 forwarding task 17
86 Worker 2 processing task 39 requiring operations [4, 9]
86 Worker 2 performing operation 4 on task 39
86 Worker 4 processing task 34 requiring operations [1, 6]
86 Worker 4 forwarding task 34
87 Worker 1 accepting task 26
87 Worker 0 accepting task 17
87 Worker 2 accepting task 39
87 Worker 0 accepting task 34
87 Worker 0 processing task 6 requiring operations [4]
87 Worker 0 forwarding task 6
87 Worker 1 processing task 24 requiring operations [1, 6, 9]
87 Worker 1 forwarding task 24
87 Worker 2 processing task 42 requiring operations [8]
87 Worker 2 performing operation 8 on task 42
87 Worker 4 processing task 32 requiring operations [3]
87 Worker 4 forwarding task 32
88 Generated task 44
88 Worker 1 accepting task 44
88 Worker 2 accepting task 6
88 Worker 0 accepting task 24
88 Task 42 completed!
88 Worker 1 accepting task 32
88 Worker 0 processing task 8 requiring operations [8, 4]
88 Worker 0 forwarding task 8
88 Worker 1 processing task 29 requiring operations [10]
88 Worker 1 performing operation 10 on task 29
88 Worker 2 processing task 39 requiring operations [9]
88 Worker 2 performing operation 9 on task 39
88 Worker 4 processing task 18 requiring operations [1, 4]
88 Worker 4 forwarding task 18
89 Worker 3 accepting task 8
89 Task 29 completed!
89 Task 39 completed!
89 Worker 1 accepting task 18
89 Worker 0 processing task 33 requiring operations [4]
89 Worker 0 forwarding task 33
89 Worker 1 processing task 26 requiring operations [8]
89 Worker 1 forwarding task 26
89 Worker 2 processing task 6 requiring operations [4]
89 Worker 2 performing operation 4 on task 6
89 Worker 4 processing task 43 requiring operations [1, 5, 4]
89 Worker 4 forwarding task 43
89 Worker 3 processing task 8 requiring operations [8, 4]
89 Worker 3 forwarding task 8
90 Generated task 45
90 Worker 2 accepting task 45
90 Worker 4 accepting task 33
90 Worker 0 accepting task 26
90 Task 6 completed!
90 Worker 0 accepting task 43
90 Worker 1 accepting task 8
90 Worker 0 processing task 31 requiring operations [4]
90 Worker 0 forwarding task 31
90 Worker 1 processing task 44 requiring operations [10, 7, 9]
90 Worker 1 performing operation 10 on task 44
90 Worker 2 processing task 45 requiring operations [2, 1, 10]
90 Worker 2 performing operation 1 on task 45
90 Worker 4 processing task 30 requiring operations [10]
90 Worker 4 performing operation 10 on task 30
91 Worker 4 accepting task 31
91 Worker 1 accepting task 44
91 Worker 2 accepting task 45
91 Task 30 completed!
91 Worker 0 processing task 37 requiring operations [7]
91 Worker 0 forwarding task 37
91 Worker 1 processing task 32 requiring operations [3]
91 Worker 1 performing operation 3 on task 32
91 Worker 2 processing task 45 requiring operations [2, 10]
91 Worker 2 performing operation 2 on task 45
91 Worker 4 processing task 25 requiring operations [3]
91 Worker 4 forwarding task 25
92 Generated task 46
92 Worker 0 accepting task 46
92 Worker 4 accepting task 37
92 Task 32 completed!
92 Worker 2 accepting task 45
92 Worker 1 accepting task 25
92 Worker 0 processing task 38 requiring operations [8, 5, 1]
92 Worker 0 performing operation 5 on task 38
92 Worker 1 processing task 18 requiring operations [1, 4]
92 Worker 1 forwarding task 18
92 Worker 2 processing task 45 requiring operations [10]
92 Worker 2 forwarding task 45
92 Worker 4 processing task 33 requiring operations [4]
92 Worker 4 forwarding task 33
93 Worker 0 accepting task 38
93 Worker 3 accepting task 18
93 Worker 0 accepting task 45
93 Worker 1 accepting task 33
93 Worker 0 processing task 40 requiring operations [7, 5]
93 Worker 0 performing operation 5 on task 40
93 Worker 1 processing task 8 requiring operations [8, 4]
93 Worker 1 forwarding task 8
93 Worker 4 processing task 31 requiring operations [4]
93 Worker 4 forwarding task 31
93 Worker 3 processing task 18 requiring operations [1, 4]
93 Worker 3 forwarding task 18
94 Generated task 47
94 Worker 1 accepting task 47
94 Worker 0 accepting task 40
94 Worker 4 accepting task 8
94 Worker 1 accepting task 31
94 Worker 1 accepting task 18
94 Worker 0 processing task 36 requiring operations [7, 5]
94 Worker 0 performing operation 5 on task 36
94 Worker 1 processing task 44 requiring operations [7, 9]
94 Worker 1 forwarding task 44
94 Worker 4 processing task 37 requiring operations [7]
94 Worker 4 performing operation 7 on task 37
95 Worker 0 accepting task 36
95 Worker 0 accepting task 44
95 Task 37 completed!
95 Worker 0 processing task 41 requiring operations [9, 6]
95 Worker 0 forwarding task 41
95 Worker 1 processing task 25 requiring operations [3]
95 Worker 1 performing operation 3 on task 25
95 Worker 4 processing task 8 requiring operations [8, 4]
95 Worker 4 forwarding task 8
96 Generated task 48
96 Worker 2 accepting task 48
96 Worker 1 accepting task 41
96 Task 25 completed!
96 Worker 1 accepting task 8
96 Worker 0 processing task 17 requiring operations [4, 9, 1]
96 Worker 0 forwarding task 17
96 Worker 1 processing task 33 requiring operations [4]
96 Worker 1 forwarding task 33
96 Worker 2 processing task 48 requiring operations [2, 10, 1]
96 Worker 2 performing operation 1 on task 48
97 Worker 4 accepting task 17
97 Worker 4 accepting task 33
97 Worker 2 accepting task 48
97 Worker 0 processing task 34 requiring operations [1, 6]
97 Worker 0 forwarding task 34
97 Worker 1 processing task 47 requiring operations [9, 2, 6]
97 Worker 1 forwarding task 47
97 Worker 2 processing task 48 requiring operations [2, 10]
97 Worker 2 performing operation 2 on task 48
97 Worker 4 processing task 17 requiring operations [4, 9, 1]
97 Worker 4 forwarding task 17
98 Generated task 49
98 Worker 3 accepting task 49
98 Worker 1 accepting task 34
98 Worker 2 accepting task 47
98 Worker 2 accepting task 48
98 Worker 0 accepting task 17
98 Worker 0 processing task 24 requiring operations [1, 6, 9]
98 Worker 0 forwarding task 24
98 Worker 1 processing task 31 requiring operations [4]
98 Worker 1 forwarding task 31
98 Worker 2 processing task 47 requiring operations [9, 2, 6]
98 Worker 2 performing operation 6 on task 47
98 Worker 4 processing task 33 requiring operations [4]
98 Worker 4 forwarding task 33
98 Worker 3 processing task 49 requiring operations [1, 7, 3]
98 Worker 3 forwarding task 49
99 Worker 1 accepting task 24
99 Worker 3 accepting task 31
99 Worker 2 accepting task 47
99 Worker 1 accepting task 33
99 Worker 1 accepting task 49
99 Worker 0 processing task 26 requiring operations [8]
99 Worker 0 forwarding task 26
99 Worker 1 processing task 18 requiring operations [1, 4]
99 Worker 1 forwarding task 18
99 Worker 2 processing task 48 requiring operations [10]
99 Worker 2 forwarding task 48
99 Worker 3 processing task 31 requiring operations [4]
99 Worker 3 forwarding task 31
100 Generated task 50
100 Worker 4 accepting task 50
100 Worker 1 accepting task 26
100 Worker 3 accepting task 18
100 Worker 1 accepting task 48
100 Worker 1 accepting task 31
100 Worker 0 processing task 43 requiring operations [1, 5, 4]
100 Worker 0 performing operation 5 on task 43
100 Worker 1 processing task 41 requiring operations [9, 6]
100 Worker 1 forwarding task 41
100 Worker 2 processing task 47 requiring operations [9, 2]
100 Worker 2 performing operation 9 on task 47
100 Worker 3 processing task 18 requiring operations [1, 4]
100 Worker 3 forwarding task 18
100 Worker 4 processing task 50 requiring operations [5, 7, 4]
100 Worker 4 performing operation 7 on task 50
101 Worker 0 accepting task 43
101 Worker 4 accepting task 41
101 Worker 2 accepting task 47
101 Worker 1 accepting task 18
101 Worker 4 accepting task 50
101 Worker 0 processing task 46 requiring operations [7, 2, 3]
101 Worker 0 performing operation 2 on task 46
101 Worker 1 processing task 8 requiring operations [8, 4]
101 Worker 1 forwarding task 8
101 Worker 2 processing task 47 requiring operations [2]
101 Worker 2 performing operation 2 on task 47
101 Worker 4 processing task 41 requiring operations [9, 6]
101 Worker 4 forwarding task 41
102 Generated task 51
102 Worker 4 accepting task 51
102 Worker 0 accepting task 46
102 Worker 4 accepting task 8
102 Task 47 completed!
102 Worker 1 accepting task 41
102 Worker 0 processing task 38 requiring operations [8, 1]
102 Worker 0 forwarding task 38
102 Worker 1 processing task 34 requiring operations [1, 6]
102 Worker 1 forwarding task 34
102 Worker 4 processing task 50 requiring operations [5, 4]
102 Worker 4 forwarding task 50
103 Worker 3 accepting task 38
103 Worker 2 accepting task 34
103 Worker 1 accepting task 50
103 Worker 0 processing task 45 requiring operations [10]
103 Worker 0 forwarding task 45
103 Worker 1 processing task 24 requiring operations [1, 6, 9]
103 Worker 1 forwarding task 24
103 Worker 4 processing task 51 requiring operations [5, 2, 3]
103 Worker 4 forwarding task 51
103 Worker 3 processing task 38 requiring operations [8, 1]
103 Worker 3 forwarding task 38
103 Worker 2 processing task 34 requiring operations [1, 6]
103 Worker 2 performing operation 1 on task 34
104 Generated task 52
104 Worker 1 accepting task 52
104 Worker 3 accepting task 45
104 Worker 3 accepting task 24
104 Worker 1 accepting task 51
104 Worker 0 accepting task 38
104 Worker 2 accepting task 34
104 Worker 0 processing task 40 requiring operations [7]
104 Worker 0 forwarding task 40
104 Worker 1 processing task 33 requiring operations [4]
104 Worker 1 forwarding task 33
104 Worker 4 processing task 8 requiring operations [8, 4]
104 Worker 4 forwarding task 8
104 Worker 3 processing task 45 requiring operations [10]
104 Worker 3 performing operation 10 on task 45
104 Worker 2 processing task 34 requiring operations [6]
104 Worker 2 performing operation 6 on task 34
105 Worker 1 accepting task 40
105 Worker 0 accepting task 33
105 Worker 0 accepting task 8
105 Task 45 completed!
105 Task 34 completed!
105 Worker 0 processing task 36 requiring operations [7]
105 Worker 0 forwarding task 36
105 Worker 1 processing task 49 requiring operations [1, 7, 3]
105 Worker 1 performing operation 3 on task 49
105 Worker 3 processing task 24 requiring operations [1, 6, 9]
105 Worker 3 forwarding task 24
106 Generated task 53
106 Worker 3 accepting task 53
106 Worker 2 accepting task 36
106 Worker 1 accepting task 49
106 Worker 0 accepting task 24
106 Worker 0 processing task 44 requiring operations [7, 9]
106 Worker 0 forwarding task 44
106 Worker 1 processing task 26 requiring operations [8]
106 Worker 1 forwarding task 26
106 Worker 3 processing task 53 requiring operations [2, 3, 5]
106 Worker 3 forwarding task 53
106 Worker 2 processing task 36 requiring operations [7]
106 Worker 2 forwarding task 36
107 Worker 2 accepting task 44
107 Worker 0 accepting task 26
107 Worker 1 accepting task 53
107 Worker 0 accepting task 36
107 Worker 0 processing task 17 requiring operations [4, 9, 1]
107 Worker 0 forwarding task 17
107 Worker 1 processing task 48 requiring operations [10]
107 Worker 1 performing operation 10 on task 48
107 Worker 2 processing task 44 requiring operations [7, 9]
107 Worker 2 performing operation 9 on task 44
108 Generated task 54
108 Worker 3 accepting task 54
108 Worker 3 accepting task 17
108 Task 48 completed!
108 Worker 2 accepting task 44
108 Worker 0 processing task 43 requiring operations [1, 4]
108 Worker 0 forwarding task 43
108 Worker 1 processing task 31 requiring operations [4]
108 Worker 1 forwarding task 31
108 Worker 2 processing task 44 requiring operations [7]
108 Worker 2 forwarding task 44
108 Worker 3 processing task 54 requiring operations [5, 8, 2]
108 Worker 3 forwarding task 54
109 Worker 3 accepting task 43
109 Worker 3 accepting task 31
109 Worker 0 accepting task 44
109 Worker 0 accepting task 54
109 Worker 0 processing task 46 requiring operations [7, 3]
109 Worker 0 forwarding task 46
109 Worker 1 processing task 18 requiring operations [1, 4]
109 Worker 1 forwarding task 18
109 Worker 3 processing task 17 requiring operations [4, 9, 1]
109 Worker 3 forwarding task 17
110 Generated task 55
110 Worker 0 accepting task 55
110 Worker 1 accepting task 46
110 Worker 2 accepting task 18
110 Worker 1 accepting task 17
110 Worker 0 processing task 38 requiring operations [8, 1]
110 Worker 0 forwarding task 38
110 Worker 1 processing task 41 requiring operations [9, 6]
110 Worker 1 forwarding task 41
110 Worker 3 processing task 43 requiring operations [1, 4]
110 Worker 3 forwarding task 43
110 Worker 2 processing task 18 requiring operations [1, 4]
110 Worker 2 performing operation 1 on task 18
111 Worker 1 accepting task 38
111 Worker 0 accepting task 41
111 Worker 0 accepting task 43
111 Worker 2 accepting task 18
111 Worker 0 processing task 33 requiring operations [4]
111 Worker 0 forwarding task 33
111 Worker 1 processing task 50 requiring operations [5, 4]
111 Worker 1 forwarding task 50
111 Worker 3 processing task 31 requiring operations [4]
111 Worker 3 forwarding task 31
111 Worker 2 processing task 18 requiring operations [4]
111 Worker 2 performing operation 4 on task 18
112 Generated task 56
112 Worker 3 accepting task 56
112 Worker 1 accepting task 33
112 Worker 2 accepting task 50
112 Worker 1 accepting task 31
112 Task 18 completed!
112 Worker 0 processing task 8 requiring operations [8, 4]
112 Worker 0 forwarding task 8
112 Worker 1 processing task 52 requiring operations [8, 9, 2]
112 Worker 1 forwarding task 52
112 Worker 3 processing task 56 requiring operations [9, 2, 4]
112 Worker 3 forwarding task 56
112 Worker 2 processing task 50 requiring operations [5, 4]
112 Worker 2 performing operation 4 on task 50
113 Worker 3 accepting task 8
113 Worker 3 accepting task 52
113 Worker 1 accepting task 56
113 Worker 2 accepting task 50
113 Worker 0 processing task 24 requiring operations [1, 6, 9]
113 Worker 0 forwarding task 24
113 Worker 1 processing task 51 requiring operations [5, 2, 3]
113 Worker 1 performing operation 3 on task 51
113 Worker 3 processing task 8 requiring operations [8, 4]
113 Worker 3 forwarding task 8
113 Worker 2 processing task 50 requiring operations [5]
113 Worker 2 forwarding task 50
114 Generated task 57
114 Worker 2 accepting task 57
114 Worker 4 accepting task 24
114 Worker 1 accepting task 51
114 Worker 1 accepting task 8
114 Worker 0 accepting task 50
114 Worker 0 processing task 26 requiring operations [8]
114 Worker 0 forwarding task 26
114 Worker 1 processing task 40 requiring operations [7]
114 Worker 1 forwarding task 40
114 Worker 3 processing task 52 requiring operations [8, 9, 2]
114 Worker 3 forwarding task 52
114 Worker 2 processing task 57 requiring operations [2, 4, 5]
114 Worker 2 performing operation 4 on task 57
114 Worker 4 processing task 24 requiring operations [1, 6, 9]
114 Worker 4 forwarding task 24
115 Worker 3 accepting task 26
115 Worker 4 accepting task 40
115 Worker 1 accepting task 52
115 Worker 2 accepting task 57
115 Worker 1 accepting task 24
115 Worker 0 processing task 36 requiring operations [7]
115 Worker 0 forwarding task 36
115 Worker 1 processing task 49 requiring operations [1, 7]
115 Worker 1 forwarding task 49
115 Worker 3 processing task 26 requiring operations [8]
115 Worker 3 forwarding task 26
115 Worker 2 processing task 57 requiring operations [2, 5]
115 Worker 2 performing operation 2 on task 57
115 Worker 4 processing task 40 requiring operations [7]
115 Worker 4 performing operation 7 on task 40
116 Generated task 58
116 Worker 0 accepting task 58
116 Worker 1 accepting task 36
116 Worker 0 accepting task 49
116 Worker 0 accepting task 26
116 Worker 2 accepting task 57
116 Task 40 completed!
116 Worker 0 processing task 44 requiring operations [7]
116 Worker 0 forwarding task 44
116 Worker 1 processing task 53 requiring operations [2, 3, 5]
116 Worker 1 performing operation 3 on task 53
116 Worker 2 processing task 57 requiring operations [5]
116 Worker 2 forwarding task 57
117 Worker 4 accepting task 44
117 Worker 1 accepting task 53
117 Worker 0 accepting task 57
117 Worker 0 processing task 54 requiring operations [5, 8, 2]
117 Worker 0 performing operation 5 on task 54
117 Worker 1 processing task 46 requiring operations [7, 3]
117 Worker 1 performing operation 3 on task 46
117 Worker 4 processing task 44 requiring operations [7]
117 Worker 4 performing operation 7 on task 44
118 Generated task 59
118 Worker 4 accepting task 59
118 Worker 0 accepting task 54
118 Worker 1 accepting task 46
118 Task 44 completed!
118 Worker 0 processing task 55 requiring operations [2, 9, 5]
118 Worker 0 performing operation 2 on task 55
118 Worker 1 processing task 17 requiring operations [4, 9, 1]
118 Worker 1 forwarding task 17
118 Worker 4 processing task 59 requiring operations [3, 8, 10]
118 Worker 4 performing operation 10 on task 59
119 Worker 0 accepting task 55
119 Worker 0 accepting task 17
119 Worker 4 accepting task 59
119 Worker 0 processing task 41 requiring operations [9, 6]
119 Worker 0 forwarding task 41
119 Worker 1 processing task 38 requiring operations [8, 1]
119 Worker 1 forwarding task 38
119 Worker 4 processing task 59 requiring operations [3, 8]
119 Worker 4 forwarding task 59
120 Generated task 60
120 Worker 0 accepting task 60
120 Worker 4 accepting task 41
120 Worker 0 accepting task 38
120 Worker 1 accepting task 59
120 Worker 0 processing task 43 requiring operations [1, 4]
120 Worker 0 forwarding task 43
120 Worker 1 processing task 33 requiring operations [4]
120 Worker 1 forwarding task 33
120 Worker 4 processing task 41 requiring operations [9, 6]
120 Worker 4 forwarding task 41
121 Worker 4 accepting task 43
121 Worker 2 accepting task 33
121 Worker 1 accepting task 41
121 Worker 0 processing task 50 requiring operations [5]
121 Worker 0 performing operation 5 on task 50
121 Worker 1 processing task 31 requiring operations [4]
121 Worker 1 forwarding task 31
121 Worker 4 processing task 43 requiring operations [1, 4]
121 Worker 4 forwarding task 43
121 Worker 2 processing task 33 requiring operations [4]
121 Worker 2 performing operation 4 on task 33
122 Generated task 61
122 Worker 3 accepting task 61
122 Task 50 completed!
122 Worker 2 accepting task 31
122 Worker 0 accepting task 43
122 Task 33 completed!
122 Worker 0 processing task 58 requiring operations [1, 7, 6]
122 Worker 0 forwarding task 58
122 Worker 1 processing task 56 requiring operations [9, 2, 4]
122 Worker 1 forwarding task 56
122 Worker 2 processing task 31 requiring operations [4]
122 Worker 2 performing operation 4 on task 31
122 Worker 3 processing task 61 requiring operations [2, 6, 5]
122 Worker 3 forwarding task 61
123 Worker 4 accepting task 58
123 Worker 4 accepting task 56
123 Task 31 completed!
123 Worker 0 accepting task 61
123 Worker 0 processing task 49 requiring operations [1, 7]
123 Worker 0 forwarding task 49
123 Worker 1 processing task 51 requiring operations [5, 2]
123 Worker 1 forwarding task 51
123 Worker 4 processing task 58 requiring operations [1, 7, 6]
123 Worker 4 performing operation 7 on task 58
124 Generated task 62
124 Worker 1 accepting task 62
124 Worker 3 accepting task 49
124 Worker 2 accepting task 51
124 Worker 4 accepting task 58
124 Worker 0 processing task 26 requiring operations [8]
124 Worker 0 forwarding task 26
124 Worker 1 processing task 8 requiring operations [8, 4]
124 Worker 1 forwarding task 8
124 Worker 4 processing task 56 requiring operations [9, 2, 4]
124 Worker 4 forwarding task 56
124 Worker 3 processing task 49 requiring operations [1, 7]
124 Worker 3 forwarding task 49
124 Worker 2 processing task 51 requiring operations [5, 2]
124 Worker 2 performing operation 2 on task 51
125 Worker 4 accepting task 26
125 Worker 0 accepting task 8
125 Worker 1 accepting task 56
125 Worker 1 accepting task 49
125 Worker 2 accepting task 51
125 Worker 0 processing task 57 requiring operations [5]
125 Worker 0 performing operation 5 on task 57
125 Worker 1 processing task 52 requiring operations [8, 9, 2]
125 Worker 1 forwarding task 52
125 Worker 4 processing task 58 requiring operations [1, 6]
125 Worker 4 forwarding task 58
125 Worker 2 processing task 51 requiring operations [5]
125 Worker 2 forwarding task 51
126 Generated task 63
126 Worker 1 accepting task 63
126 Task 57 completed!
126 Worker 0 accepting task 52
126 Worker 1 accepting task 58
126 Worker 1 accepting task 51
126 Worker 0 processing task 54 requiring operations [8, 2]
126 Worker 0 performing operation 2 on task 54
126 Worker 1 processing task 24 requiring operations [1, 6, 9]
126 Worker 1 forwarding task 24
126 Worker 4 processing task 26 requiring operations [8]
126 Worker 4 forwarding task 26
127 Worker 0 accepting task 54
127 Worker 0 accepting task 24
127 Worker 1 accepting task 26
127 Worker 0 processing task 55 requiring operations [9, 5]
127 Worker 0 performing operation 5 on task 55
127 Worker 1 processing task 36 requiring operations [7]
127 Worker 1 forwarding task 36
128 Generated task 64
128 Worker 2 accepting task 64
128 Worker 0 accepting task 55
128 Worker 2 accepting task 36
128 Worker 0 processing task 17 requiring operations [4, 9, 1]
128 Worker 0 forwarding task 17
128 Worker 1 processing task 53 requiring operations [2, 5]
128 Worker 1 forwarding task 53
128 Worker 2 processing task 64 requiring operations [7, 10, 1]
128 Worker 2 performing operation 1 on task 64
129 Worker 2 accepting task 17
129 Worker 3 accepting task 53
129 Worker 2 accepting task 64
129 Worker 0 processing task 60 requiring operations [1, 3, 10]
129 Worker 0 forwarding task 60
129 Worker 1 processing task 46 requiring operations [7]
129 Worker 1 forwarding task 46
129 Worker 2 processing task 36 requiring operations [7]
129 Worker 2 forwarding task 36
129 Worker 3 processing task 53 requiring operations [2, 5]
129 Worker 3 forwarding task 53
130 Generated task 65
130 Worker 4 accepting task 65
130 Worker 3 accepting task 60
130 Worker 3 accepting task 46
130 Worker 1 accepting task 36
130 Worker 1 accepting task 53
130 Worker 0 processing task 38 requiring operations [8, 1]
130 Worker 0 forwarding task 38
130 Worker 1 processing task 59 requiring operations [3, 8]
130 Worker 1 performing operation 3 on task 59
130 Worker 2 processing task 17 requiring operations [4, 9, 1]
130 Worker 2 performing operation 1 on task 17
130 Worker 3 processing task 60 requiring operations [1, 3, 10]
130 Worker 3 performing operation 10 on task 60
130 Worker 4 processing task 65 requiring operations [5, 3, 9]
130 Worker 4 forwarding task 65
131 Worker 2 accepting task 38
131 Worker 1 accepting task 59
131 Worker 2 accepting task 17
131 Worker 3 accepting task 60
131 Worker 1 accepting task 65
131 Worker 0 processing task 43 requiring operations [1, 4]
131 Worker 0 forwarding task 43
131 Worker 1 processing task 41 requiring operations [9, 6]
131 Worker 1 forwarding task 41
131 Worker 2 processing task 64 requiring operations [7, 10]
131 Worker 2 forwarding task 64
131 Worker 3 processing task 46 requiring operations [7]
131 Worker 3 forwarding task 46
132 Generated task 66
132 Worker 2 accepting task 66
132 Worker 4 accepting task 43
132 Worker 2 accepting task 41
132 Worker 1 accepting task 64
132 Worker 0 accepting task 46
132 Worker 0 processing task 61 requiring operations [2, 6, 5]
132 Worker 0 performing operation 2 on task 61
132 Worker 1 processing task 62 requiring operations [2, 5, 4]
132 Worker 1 forwarding task 62
132 Worker 2 processing task 38 requiring operations [8, 1]
132 Worker 2 performing operation 1 on task 38
132 Worker 3 processing task 60 requiring operations [1, 3]
132 Worker 3 forwarding task 60
132 Worker 4 processing task 43 requiring operations [1, 4]
132 Worker 4 forwarding task 43
133 Worker 0 accepting task 61
133 Worker 0 accepting task 62
133 Worker 2 accepting task 38
133 Worker 1 accepting task 60
133 Worker 1 accepting task 43
133 Worker 0 processing task 8 requiring operations [8, 4]
133 Worker 0 forwarding task 8
133 Worker 1 processing task 56 requiring operations [9, 2, 4]
133 Worker 1 forwarding task 56
133 Worker 2 processing task 17 requiring operations [4, 9]
133 Worker 2 performing operation 4 on task 17
134 Generated task 67
134 Worker 0 accepting task 67
134 Worker 2 accepting task 8
134 Worker 3 accepting task 56
134 Worker 2 accepting task 17
134 Worker 0 processing task 52 requiring operations [8, 9, 2]
134 Worker 0 performing operation 2 on task 52
134 Worker 1 processing task 49 requiring operations [1, 7]
134 Worker 1 forwarding task 49
134 Worker 2 processing task 66 requiring operations [10, 5, 3]
134 Worker 2 forwarding task 66
134 Worker 3 processing task 56 requiring operations [9, 2, 4]
134 Worker 3 forwarding task 56
135 Worker 0 accepting task 52
135 Worker 3 accepting task 49
135 Worker 1 accepting task 66
135 Worker 1 accepting task 56
135 Worker 0 processing task 54 requiring operations [8]
135 Worker 0 forwarding task 54
135 Worker 1 processing task 63 requiring operations [6, 3, 2]
135 Worker 1 performing operation 3 on task 63
135 Worker 2 processing task 41 requiring operations [9, 6]
135 Worker 2 performing operation 9 on task 41
135 Worker 3 processing task 49 requiring operations [1, 7]
135 Worker 3 forwarding task 49
136 Generated task 68
136 Worker 1 accepting task 68
136 Worker 2 accepting task 54
136 Worker 1 accepting task 63
136 Worker 2 accepting task 41
136 Worker 1 accepting task 49
136 Worker 0 processing task 24 requiring operations [1, 6, 9]
136 Worker 0 forwarding task 24
136 Worker 1 processing task 58 requiring operations [1, 6]
136 Worker 1 forwarding task 58
136 Worker 2 processing task 38 requiring operations [8]
136 Worker 2 performing operation 8 on task 38
137 Worker 3 accepting task 24
137 Worker 4 accepting task 58
137 Task 38 completed!
137 Worker 0 processing task 55 requiring operations [9]
137 Worker 0 forwarding task 55
137 Worker 1 processing task 51 requiring operations [5]
137 Worker 1 forwarding task 51
137 Worker 2 processing task 8 requiring operations [8, 4]
137 Worker 2 performing operation 4 on task 8
137 Worker 3 processing task 24 requiring operations [1, 6, 9]
137 Worker 3 forwarding task 24
137 Worker 4 processing task 58 requiring operations [1, 6]
137 Worker 4 forwarding task 58
138 Generated task 69
138 Worker 2 accepting task 69
138 Worker 4 accepting task 55
138 Worker 2 accepting task 51
138 Worker 2 accepting task 8
138 Worker 0 accepting task 24
138 Worker 0 accepting task 58
138 Worker 0 processing task 46 requiring operations [7]
138 Worker 0 forwarding task 46
138 Worker 1 processing task 26 requiring operations [8]
138 Worker 1 forwarding task 26
138 Worker 2 processing task 17 requiring operations [9]
138 Worker 2 performing operation 9 on task 17
138 Worker 4 processing task 55 requiring operations [9]
138 Worker 4 forwarding task 55
139 Worker 4 accepting task 46
139 Worker 3 accepting task 26
139 Task 17 completed!
139 Worker 1 accepting task 55
139 Worker 0 processing task 61 requiring operations [6, 5]
139 Worker 0 performing operation 5 on task 61
139 Worker 1 processing task 36 requiring operations [7]
139 Worker 1 forwarding task 36
139 Worker 2 processing task 54 requiring operations [8]
139 Worker 2 performing operation 8 on task 54
139 Worker 4 processing task 46 requiring operations [7]
139 Worker 4 performing operation 7 on task 46
139 Worker 3 processing task 26 requiring operations [8]
139 Worker 3 forwarding task 26
140 Generated task 70
140 Worker 3 accepting task 70
140 Worker 0 accepting task 61
140 Worker 2 accepting task 36
140 Task 54 completed!
140 Task 46 completed!
140 Worker 1 accepting task 26
140 Worker 0 processing task 62 requiring operations [2, 5, 4]
140 Worker 0 performing operation 5 on task 62
140 Worker 1 processing task 53 requiring operations [2, 5]
140 Worker 1 forwarding task 53
140 Worker 2 processing task 41 requiring operations [6]
140 Worker 2 performing operation 6 on task 41
140 Worker 3 processing task 70 requiring operations [6, 1, 4]
140 Worker 3 forwarding task 70
