Worker 0 can perform operations {2, 10}
Worker 1 can perform operations {6}
Worker 2 can perform operations {8, 9, 10, 4}
Worker 3 can perform operations {9, 5}
Worker 4 can perform operations {1, 3, 5, 7, 9}
Building network type random
Worker 0 connecting to worker 1
Worker 1 connecting to worker 0
Worker 0 connecting to worker 3
Worker 3 connecting to worker 0
Worker 1 connecting to worker 2
Worker 2 connecting to worker 1
Worker 2 connecting to worker 4
Worker 4 connecting to worker 2
Worker 3 connecting to worker 4
Worker 4 connecting to worker 3
Entry nodes are [0, 1, 2, 3, 4]
0 Generated task 0
0 Worker 4 accepting task 0
0 Worker 4 processing task 0 requiring operations [8, 5, 1]
0 Worker 4 performing operation 5 on task 0
1 Worker 4 accepting task 0
1 Worker 4 processing task 0 requiring operations [8, 1]
1 Worker 4 performing operation 1 on task 0
2 Generated task 1
2 Worker 0 accepting task 1
2 Worker 4 accepting task 0
2 Worker 4 processing task 0 requiring operations [8]
2 Worker 4 forwarding task 0
2 Worker 0 processing task 1 requiring operations [7, 2, 8]
2 Worker 0 performing operation 2 on task 1
3 Worker 2 accepting task 0
3 Worker 0 accepting task 1
3 Worker 0 processing task 1 requiring operations [7, 8]
3 Worker 0 forwarding task 1
3 Worker 2 processing task 0 requiring operations [8]
3 Worker 2 performing operation 8 on task 0
4 Generated task 2
4 Worker 3 accepting task 2
4 Worker 1 accepting task 1
4 Task 0 completed!
4 Worker 3 processing task 2 requiring operations [9, 4, 1]
4 Worker 3 performing operation 9 on task 2
4 Worker 1 processing task 1 requiring operations [7, 8]
4 Worker 1 forwarding task 1
5 Worker 3 accepting task 2
5 Worker 0 accepting task 1
5 Worker 3 processing task 2 requiring operations [4, 1]
5 Worker 3 forwarding task 2
5 Worker 0 processing task 1 requiring operations [7, 8]
5 Worker 0 forwarding task 1
6 Generated task 3
6 Worker 2 accepting task 3
6 Worker 4 accepting task 2
6 Worker 3 accepting task 1
6 Worker 2 processing task 3 requiring operations [6, 7, 5]
6 Worker 2 forwarding task 3
6 Worker 4 processing task 2 requiring operations [4, 1]
6 Worker 4 performing operation 1 on task 2
6 Worker 3 processing task 1 requiring operations [7, 8]
6 Worker 3 forwarding task 1
7 Worker 1 accepting task 3
7 Worker 4 accepting task 2
7 Worker 0 accepting task 1
7 Worker 4 processing task 2 requiring operations [4]
7 Worker 4 forwarding task 2
7 Worker 1 processing task 3 requiring operations [6, 7, 5]
7 Worker 1 performing operation 6 on task 3
7 Worker 0 processing task 1 requiring operations [7, 8]
7 Worker 0 forwarding task 1
8 Generated task 4
8 Worker 0 accepting task 4
8 Worker 2 accepting task 2
8 Worker 1 accepting task 3
8 Worker 1 accepting task 1
8 Worker 1 processing task 3 requiring operations [7, 5]
8 Worker 1 forwarding task 3
8 Worker 0 processing task 4 requiring operations [5, 4, 8]
8 Worker 0 forwarding task 4
8 Worker 2 processing task 2 requiring operations [4]
8 Worker 2 performing operation 4 on task 2
9 Worker 0 accepting task 3
9 Worker 1 accepting task 4
9 Task 2 completed!
9 Worker 1 processing task 1 requiring operations [7, 8]
9 Worker 1 forwarding task 1
9 Worker 0 processing task 3 requiring operations [7, 5]
9 Worker 0 forwarding task 3
10 Generated task 5
10 Worker 2 accepting task 5
10 Worker 2 accepting task 1
10 Worker 3 accepting task 3
10 Worker 1 processing task 4 requiring operations [5, 4, 8]
10 Worker 1 forwarding task 4
10 Worker 2 processing task 5 requiring operations [1, 10, 3]
10 Worker 2 performing operation 10 on task 5
10 Worker 3 processing task 3 requiring operations [7, 5]
10 Worker 3 performing operation 5 on task 3
11 Worker 2 accepting task 4
11 Worker 2 accepting task 5
11 Worker 3 accepting task 3
11 Worker 2 processing task 1 requiring operations [7, 8]
11 Worker 2 performing operation 8 on task 1
11 Worker 3 processing task 3 requiring operations [7]
11 Worker 3 forwarding task 3
12 Generated task 6
12 Worker 1 accepting task 6
12 Worker 2 accepting task 1
12 Worker 0 accepting task 3
12 Worker 2 processing task 4 requiring operations [5, 4, 8]
12 Worker 2 performing operation 8 on task 4
12 Worker 1 processing task 6 requiring operations [6, 1, 5]
12 Worker 1 performing operation 6 on task 6
12 Worker 0 processing task 3 requiring operations [7]
12 Worker 0 forwarding task 3
13 Worker 2 accepting task 4
13 Worker 1 accepting task 6
13 Worker 3 accepting task 3
13 Worker 2 processing task 5 requiring operations [1, 3]
13 Worker 2 forwarding task 5
13 Worker 1 processing task 6 requiring operations [1, 5]
13 Worker 1 forwarding task 6
13 Worker 3 processing task 3 requiring operations [7]
13 Worker 3 forwarding task 3
14 Generated task 7
14 Worker 4 accepting task 7
14 Worker 4 accepting task 5
14 Worker 2 accepting task 6
14 Worker 4 accepting task 3
14 Worker 2 processing task 1 requiring operations [7]
14 Worker 2 forwarding task 1
14 Worker 4 processing task 7 requiring operations [5, 2, 7]
14 Worker 4 performing operation 7 on task 7
15 Worker 1 accepting task 1
15 Worker 4 accepting task 7
15 Worker 2 processing task 4 requiring operations [5, 4]
15 Worker 2 performing operation 4 on task 4
15 Worker 4 processing task 5 requiring operations [1, 3]
15 Worker 4 performing operation 1 on task 5
15 Worker 1 processing task 1 requiring operations [7]
15 Worker 1 forwarding task 1
16 Generated task 8
16 Worker 0 accepting task 8
16 Worker 2 accepting task 4
16 Worker 4 accepting task 5
16 Worker 2 accepting task 1
16 Worker 2 processing task 6 requiring operations [1, 5]
16 Worker 2 forwarding task 6
16 Worker 4 processing task 3 requiring operations [7]
16 Worker 4 performing operation 7 on task 3
16 Worker 0 processing task 8 requiring operations [10, 9, 2]
16 Worker 0 performing operation 10 on task 8
17 Worker 1 accepting task 6
17 Task 3 completed!
17 Worker 0 accepting task 8
17 Worker 2 processing task 4 requiring operations [5]
17 Worker 2 forwarding task 4
17 Worker 4 processing task 7 requiring operations [5, 2]
17 Worker 4 performing operation 5 on task 7
17 Worker 0 processing task 8 requiring operations [9, 2]
17 Worker 0 performing operation 2 on task 8
17 Worker 1 processing task 6 requiring operations [1, 5]
17 Worker 1 forwarding task 6
18 Generated task 9
18 Worker 1 accepting task 9
18 Worker 4 accepting task 4
18 Worker 4 accepting task 7
18 Worker 0 accepting task 8
18 Worker 2 accepting task 6
18 Worker 2 processing task 1 requiring operations [7]
18 Worker 2 forwarding task 1
18 Worker 4 processing task 5 requiring operations [3]
18 Worker 4 performing operation 3 on task 5
18 Worker 0 processing task 8 requiring operations [9]
18 Worker 0 forwarding task 8
18 Worker 1 processing task 9 requiring operations [6, 2, 7]
18 Worker 1 performing operation 6 on task 9
19 Worker 1 accepting task 1
19 Task 5 completed!
19 Worker 1 accepting task 8
19 Worker 1 accepting task 9
19 Worker 2 processing task 6 requiring operations [1, 5]
19 Worker 2 forwarding task 6
19 Worker 4 processing task 4 requiring operations [5]
19 Worker 4 performing operation 5 on task 4
19 Worker 1 processing task 1 requiring operations [7]
19 Worker 1 forwarding task 1
20 Generated task 10
20 Worker 1 accepting task 10
20 Worker 4 accepting task 6
20 Task 4 completed!
20 Worker 2 accepting task 1
20 Worker 4 processing task 7 requiring operations [2]
20 Worker 4 forwarding task 7
20 Worker 1 processing task 8 requiring operations [9]
20 Worker 1 forwarding task 8
20 Worker 2 processing task 1 requiring operations [7]
20 Worker 2 forwarding task 1
21 Worker 3 accepting task 7
21 Worker 2 accepting task 8
21 Worker 1 accepting task 1
21 Worker 4 processing task 6 requiring operations [1, 5]
21 Worker 4 performing operation 5 on task 6
21 Worker 1 processing task 9 requiring operations [2, 7]
21 Worker 1 forwarding task 9
21 Worker 2 processing task 8 requiring operations [9]
21 Worker 2 performing operation 9 on task 8
21 Worker 3 processing task 7 requiring operations [2]
21 Worker 3 forwarding task 7
22 Generated task 11
22 Worker 4 accepting task 11
22 Worker 4 accepting task 6
22 Worker 0 accepting task 9
22 Task 8 completed!
22 Worker 4 accepting task 7
22 Worker 4 processing task 11 requiring operations [1, 10, 4]
22 Worker 4 performing operation 1 on task 11
22 Worker 1 processing task 10 requiring operations [2, 10, 5]
22 Worker 1 forwarding task 10
22 Worker 0 processing task 9 requiring operations [2, 7]
22 Worker 0 performing operation 2 on task 9
23 Worker 4 accepting task 11
23 Worker 2 accepting task 10
23 Worker 0 accepting task 9
23 Worker 4 processing task 6 requiring operations [1]
23 Worker 4 performing operation 1 on task 6
23 Worker 1 processing task 1 requiring operations [7]
23 Worker 1 forwarding task 1
23 Worker 0 processing task 9 requiring operations [7]
23 Worker 0 forwarding task 9
23 Worker 2 processing task 10 requiring operations [2, 10, 5]
23 Worker 2 performing operation 10 on task 10
24 Generated task 12
24 Worker 3 accepting task 12
24 Task 6 completed!
24 Worker 0 accepting task 1
24 Worker 1 accepting task 9
24 Worker 2 accepting task 10
24 Worker 4 processing task 7 requiring operations [2]
24 Worker 4 forwarding task 7
24 Worker 0 processing task 1 requiring operations [7]
24 Worker 0 forwarding task 1
24 Worker 2 processing task 10 requiring operations [2, 5]
24 Worker 2 forwarding task 10
24 Worker 3 processing task 12 requiring operations [2, 10, 1]
24 Worker 3 forwarding task 12
24 Worker 1 processing task 9 requiring operations [7]
24 Worker 1 forwarding task 9
25 Worker 2 accepting task 7
25 Worker 1 accepting task 1
25 Worker 1 accepting task 10
25 Worker 4 accepting task 12
25 Worker 0 accepting task 9
25 Worker 4 processing task 11 requiring operations [10, 4]
25 Worker 4 forwarding task 11
25 Worker 2 processing task 7 requiring operations [2]
25 Worker 2 forwarding task 7
25 Worker 1 processing task 1 requiring operations [7]
25 Worker 1 forwarding task 1
25 Worker 0 processing task 9 requiring operations [7]
25 Worker 0 forwarding task 9
26 Generated task 13
26 Worker 4 accepting task 13
26 Worker 3 accepting task 11
26 Worker 1 accepting task 7
26 Worker 2 accepting task 1
26 Worker 3 accepting task 9
26 Worker 4 processing task 12 requiring operations [2, 10, 1]
26 Worker 4 performing operation 1 on task 12
26 Worker 1 processing task 10 requiring operations [2, 5]
26 Worker 1 forwarding task 10
26 Worker 3 processing task 11 requiring operations [10, 4]
26 Worker 3 forwarding task 11
26 Worker 2 processing task 1 requiring operations [7]
26 Worker 2 forwarding task 1
27 Worker 4 accepting task 12
27 Worker 2 accepting task 10
27 Worker 4 accepting task 11
27 Worker 4 accepting task 1
27 Worker 4 processing task 13 requiring operations [3, 6, 8]
27 Worker 4 performing operation 3 on task 13
27 Worker 1 processing task 7 requiring operations [2]
27 Worker 1 forwarding task 7
27 Worker 3 processing task 9 requiring operations [7]
27 Worker 3 forwarding task 9
27 Worker 2 processing task 10 requiring operations [2, 5]
27 Worker 2 forwarding task 10
28 Generated task 14
28 Worker 4 accepting task 14
28 Worker 4 accepting task 13
28 Worker 0 accepting task 7
28 Worker 0 accepting task 9
28 Worker 4 accepting task 10
28 Worker 4 processing task 12 requiring operations [2, 10]
28 Worker 4 forwarding task 12
28 Worker 0 processing task 7 requiring operations [2]
28 Worker 0 performing operation 2 on task 7
29 Worker 2 accepting task 12
29 Task 7 completed!
29 Worker 4 processing task 11 requiring operations [10, 4]
29 Worker 4 forwarding task 11
29 Worker 0 processing task 9 requiring operations [7]
29 Worker 0 forwarding task 9
29 Worker 2 processing task 12 requiring operations [2, 10]
29 Worker 2 performing operation 10 on task 12
30 Generated task 15
30 Worker 1 accepting task 15
30 Worker 2 accepting task 11
30 Worker 1 accepting task 9
30 Worker 2 accepting task 12
30 Worker 4 processing task 1 requiring operations [7]
30 Worker 4 performing operation 7 on task 1
30 Worker 2 processing task 11 requiring operations [10, 4]
30 Worker 2 performing operation 10 on task 11
30 Worker 1 processing task 15 requiring operations [10, 5, 2]
30 Worker 1 forwarding task 15
31 Task 1 completed!
31 Worker 2 accepting task 11
31 Worker 2 accepting task 15
31 Worker 4 processing task 14 requiring operations [1, 8, 5]
31 Worker 4 performing operation 5 on task 14
31 Worker 2 processing task 12 requiring operations [2]
31 Worker 2 forwarding task 12
31 Worker 1 processing task 9 requiring operations [7]
31 Worker 1 forwarding task 9
32 Generated task 16
32 Worker 3 accepting task 16
32 Worker 4 accepting task 14
32 Worker 1 accepting task 12
32 Worker 2 accepting task 9
32 Worker 4 processing task 13 requiring operations [6, 8]
32 Worker 4 forwarding task 13
32 Worker 2 processing task 11 requiring operations [4]
32 Worker 2 performing operation 4 on task 11
32 Worker 1 processing task 12 requiring operations [2]
32 Worker 1 forwarding task 12
32 Worker 3 processing task 16 requiring operations [5, 4, 7]
32 Worker 3 performing operation 5 on task 16
33 Worker 2 accepting task 13
33 Task 11 completed!
33 Worker 0 accepting task 12
33 Worker 3 accepting task 16
33 Worker 4 processing task 10 requiring operations [2, 5]
33 Worker 4 performing operation 5 on task 10
33 Worker 2 processing task 15 requiring operations [10, 5, 2]
33 Worker 2 performing operation 10 on task 15
33 Worker 3 processing task 16 requiring operations [4, 7]
33 Worker 3 forwarding task 16
33 Worker 0 processing task 12 requiring operations [2]
33 Worker 0 performing operation 2 on task 12
34 Generated task 17
34 Worker 4 accepting task 17
34 Worker 4 accepting task 10
34 Worker 2 accepting task 15
34 Worker 4 accepting task 16
34 Task 12 completed!
34 Worker 4 processing task 14 requiring operations [1, 8]
34 Worker 4 performing operation 1 on task 14
34 Worker 2 processing task 9 requiring operations [7]
34 Worker 2 forwarding task 9
35 Worker 4 accepting task 14
35 Worker 1 accepting task 9
35 Worker 4 processing task 17 requiring operations [7, 5, 1]
35 Worker 4 performing operation 5 on task 17
35 Worker 2 processing task 13 requiring operations [6, 8]
35 Worker 2 performing operation 8 on task 13
35 Worker 1 processing task 9 requiring operations [7]
35 Worker 1 forwarding task 9
36 Generated task 18
36 Worker 0 accepting task 18
36 Worker 4 accepting task 17
36 Worker 2 accepting task 13
36 Worker 2 accepting task 9
36 Worker 4 processing task 10 requiring operations [2]
36 Worker 4 forwarding task 10
36 Worker 2 processing task 15 requiring operations [5, 2]
36 Worker 2 forwarding task 15
36 Worker 0 processing task 18 requiring operations [7, 5, 8]
36 Worker 0 forwarding task 18
37 Worker 3 accepting task 10
37 Worker 1 accepting task 15
37 Worker 3 accepting task 18
37 Worker 4 processing task 16 requiring operations [4, 7]
37 Worker 4 performing operation 7 on task 16
37 Worker 2 processing task 13 requiring operations [6]
37 Worker 2 forwarding task 13
37 Worker 3 processing task 10 requiring operations [2]
37 Worker 3 forwarding task 10
37 Worker 1 processing task 15 requiring operations [5, 2]
37 Worker 1 forwarding task 15
38 Generated task 19
38 Worker 3 accepting task 19
38 Worker 4 accepting task 16
38 Worker 4 accepting task 13
38 Worker 4 accepting task 10
38 Worker 2 accepting task 15
38 Worker 4 processing task 14 requiring operations [8]
38 Worker 4 forwarding task 14
38 Worker 2 processing task 9 requiring operations [7]
38 Worker 2 forwarding task 9
38 Worker 3 processing task 18 requiring operations [7, 5, 8]
38 Worker 3 performing operation 5 on task 18
39 Worker 2 accepting task 14
39 Worker 1 accepting task 9
39 Worker 3 accepting task 18
39 Worker 4 processing task 17 requiring operations [7, 1]
39 Worker 4 performing operation 1 on task 17
39 Worker 2 processing task 15 requiring operations [5, 2]
39 Worker 2 forwarding task 15
39 Worker 3 processing task 19 requiring operations [6, 4, 3]
39 Worker 3 forwarding task 19
39 Worker 1 processing task 9 requiring operations [7]
39 Worker 1 forwarding task 9
40 Generated task 20
40 Worker 0 accepting task 20
40 Worker 4 accepting task 17
40 Worker 1 accepting task 15
40 Worker 4 accepting task 19
40 Worker 0 accepting task 9
40 Worker 4 processing task 16 requiring operations [4]
40 Worker 4 forwarding task 16
40 Worker 2 processing task 14 requiring operations [8]
40 Worker 2 performing operation 8 on task 14
40 Worker 3 processing task 18 requiring operations [7, 8]
40 Worker 3 forwarding task 18
40 Worker 1 processing task 15 requiring operations [5, 2]
40 Worker 1 forwarding task 15
40 Worker 0 processing task 20 requiring operations [6, 1, 8]
40 Worker 0 forwarding task 20
41 Worker 2 accepting task 16
41 Task 14 completed!
41 Worker 4 accepting task 18
41 Worker 0 accepting task 15
41 Worker 3 accepting task 20
41 Worker 4 processing task 13 requiring operations [6]
41 Worker 4 forwarding task 13
41 Worker 2 processing task 16 requiring operations [4]
41 Worker 2 performing operation 4 on task 16
41 Worker 0 processing task 9 requiring operations [7]
41 Worker 0 forwarding task 9
41 Worker 3 processing task 20 requiring operations [6, 1, 8]
41 Worker 3 forwarding task 20
42 Generated task 21
42 Worker 4 accepting task 21
42 Worker 3 accepting task 13
42 Task 16 completed!
42 Worker 1 accepting task 9
42 Worker 4 accepting task 20
42 Worker 4 processing task 10 requiring operations [2]
42 Worker 4 forwarding task 10
42 Worker 0 processing task 15 requiring operations [5, 2]
42 Worker 0 performing operation 2 on task 15
42 Worker 3 processing task 13 requiring operations [6]
42 Worker 3 forwarding task 13
42 Worker 1 processing task 9 requiring operations [7]
42 Worker 1 forwarding task 9
43 Worker 3 accepting task 10
43 Worker 0 accepting task 15
43 Worker 4 accepting task 13
43 Worker 0 accepting task 9
43 Worker 4 processing task 17 requiring operations [7]
43 Worker 4 performing operation 7 on task 17
43 Worker 0 processing task 15 requiring operations [5]
43 Worker 0 forwarding task 15
43 Worker 3 processing task 10 requiring operations [2]
43 Worker 3 forwarding task 10
44 Generated task 22
44 Worker 1 accepting task 22
44 Task 17 completed!
44 Worker 3 accepting task 15
44 Worker 4 accepting task 10
44 Worker 4 processing task 19 requiring operations [6, 4, 3]
44 Worker 4 performing operation 3 on task 19
44 Worker 0 processing task 9 requiring operations [7]
44 Worker 0 forwarding task 9
44 Worker 3 processing task 15 requiring operations [5]
44 Worker 3 performing operation 5 on task 15
44 Worker 1 processing task 22 requiring operations [1, 7, 4]
44 Worker 1 forwarding task 22
45 Worker 4 accepting task 19
45 Worker 3 accepting task 9
45 Task 15 completed!
45 Worker 2 accepting task 22
45 Worker 4 processing task 18 requiring operations [7, 8]
45 Worker 4 performing operation 7 on task 18
45 Worker 3 processing task 9 requiring operations [7]
45 Worker 3 forwarding task 9
45 Worker 2 processing task 22 requiring operations [1, 7, 4]
45 Worker 2 performing operation 4 on task 22
46 Generated task 23
46 Worker 0 accepting task 23
46 Worker 4 accepting task 18
46 Worker 4 accepting task 9
46 Worker 2 accepting task 22
46 Worker 4 processing task 21 requiring operations [10, 5, 2]
46 Worker 4 performing operation 5 on task 21
46 Worker 2 processing task 22 requiring operations [1, 7]
46 Worker 2 forwarding task 22
46 Worker 0 processing task 23 requiring operations [2, 5, 10]
46 Worker 0 performing operation 10 on task 23
47 Worker 4 accepting task 21
47 Worker 4 accepting task 22
47 Worker 0 accepting task 23
47 Worker 4 processing task 20 requiring operations [6, 1, 8]
47 Worker 4 performing operation 1 on task 20
47 Worker 0 processing task 23 requiring operations [2, 5]
47 Worker 0 performing operation 2 on task 23
48 Generated task 24
48 Worker 3 accepting task 24
48 Worker 4 accepting task 20
48 Worker 0 accepting task 23
48 Worker 4 processing task 13 requiring operations [6]
48 Worker 4 forwarding task 13
48 Worker 0 processing task 23 requiring operations [5]
48 Worker 0 forwarding task 23
48 Worker 3 processing task 24 requiring operations [2, 7, 1]
48 Worker 3 forwarding task 24
49 Worker 3 accepting task 13
49 Worker 1 accepting task 23
49 Worker 4 accepting task 24
49 Worker 4 processing task 10 requiring operations [2]
49 Worker 4 forwarding task 10
49 Worker 3 processing task 13 requiring operations [6]
49 Worker 3 forwarding task 13
49 Worker 1 processing task 23 requiring operations [5]
49 Worker 1 forwarding task 23
50 Generated task 25
50 Worker 2 accepting task 25
50 Worker 2 accepting task 10
50 Worker 4 accepting task 13
50 Worker 0 accepting task 23
50 Worker 4 processing task 19 requiring operations [6, 4]
50 Worker 4 forwarding task 19
50 Worker 2 processing task 25 requiring operations [1, 6, 8]
50 Worker 2 performing operation 8 on task 25
50 Worker 0 processing task 23 requiring operations [5]
50 Worker 0 forwarding task 23
51 Worker 3 accepting task 19
51 Worker 2 accepting task 25
51 Worker 3 accepting task 23
51 Worker 4 processing task 18 requiring operations [8]
51 Worker 4 forwarding task 18
51 Worker 2 processing task 10 requiring operations [2]
51 Worker 2 forwarding task 10
51 Worker 3 processing task 19 requiring operations [6, 4]
51 Worker 3 forwarding task 19
52 Generated task 26
52 Worker 0 accepting task 26
52 Worker 3 accepting task 18
52 Worker 1 accepting task 10
52 Worker 0 accepting task 19
52 Worker 4 processing task 9 requiring operations [7]
52 Worker 4 performing operation 7 on task 9
52 Worker 2 processing task 25 requiring operations [1, 6]
52 Worker 2 forwarding task 25
52 Worker 3 processing task 23 requiring operations [5]
52 Worker 3 performing operation 5 on task 23
52 Worker 0 processing task 26 requiring operations [4, 5, 7]
52 Worker 0 forwarding task 26
52 Worker 1 processing task 10 requiring operations [2]
52 Worker 1 forwarding task 10
53 Task 9 completed!
53 Worker 4 accepting task 25
53 Task 23 completed!
53 Worker 3 accepting task 26
53 Worker 2 accepting task 10
53 Worker 4 processing task 21 requiring operations [10, 2]
53 Worker 4 forwarding task 21
53 Worker 3 processing task 18 requiring operations [8]
53 Worker 3 forwarding task 18
53 Worker 0 processing task 19 requiring operations [6, 4]
53 Worker 0 forwarding task 19
53 Worker 2 processing task 10 requiring operations [2]
53 Worker 2 forwarding task 10
54 Generated task 27
54 Worker 4 accepting task 27
54 Worker 2 accepting task 21
54 Worker 4 accepting task 18
54 Worker 3 accepting task 19
54 Worker 1 accepting task 10
54 Worker 4 processing task 22 requiring operations [1, 7]
54 Worker 4 performing operation 1 on task 22
54 Worker 3 processing task 26 requiring operations [4, 5, 7]
54 Worker 3 performing operation 5 on task 26
54 Worker 2 processing task 21 requiring operations [10, 2]
54 Worker 2 performing operation 10 on task 21
54 Worker 1 processing task 10 requiring operations [2]
54 Worker 1 forwarding task 10
55 Worker 4 accepting task 22
55 Worker 3 accepting task 26
55 Worker 2 accepting task 21
55 Worker 2 accepting task 10
55 Worker 4 processing task 20 requiring operations [6, 8]
55 Worker 4 forwarding task 20
55 Worker 3 processing task 19 requiring operations [6, 4]
55 Worker 3 forwarding task 19
55 Worker 2 processing task 21 requiring operations [2]
55 Worker 2 forwarding task 21
56 Generated task 28
56 Worker 3 accepting task 28
56 Worker 3 accepting task 20
56 Worker 4 accepting task 19
56 Worker 1 accepting task 21
56 Worker 4 processing task 24 requiring operations [2, 7, 1]
56 Worker 4 performing operation 1 on task 24
56 Worker 3 processing task 26 requiring operations [4, 7]
56 Worker 3 forwarding task 26
56 Worker 2 processing task 10 requiring operations [2]
56 Worker 2 forwarding task 10
56 Worker 1 processing task 21 requiring operations [2]
56 Worker 1 forwarding task 21
57 Worker 4 accepting task 24
57 Worker 4 accepting task 26
57 Worker 4 accepting task 10
57 Worker 2 accepting task 21
57 Worker 4 processing task 13 requiring operations [6]
57 Worker 4 forwarding task 13
57 Worker 3 processing task 28 requiring operations [2, 8, 1]
57 Worker 3 forwarding task 28
57 Worker 2 processing task 21 requiring operations [2]
57 Worker 2 forwarding task 21
58 Generated task 29
58 Worker 0 accepting task 29
58 Worker 2 accepting task 13
58 Worker 4 accepting task 28
58 Worker 4 accepting task 21
58 Worker 4 processing task 25 requiring operations [1, 6]
58 Worker 4 performing operation 1 on task 25
58 Worker 3 processing task 20 requiring operations [6, 8]
58 Worker 3 forwarding task 20
58 Worker 2 processing task 13 requiring operations [6]
58 Worker 2 forwarding task 13
58 Worker 0 processing task 29 requiring operations [4, 9, 6]
58 Worker 0 forwarding task 29
59 Worker 4 accepting task 25
59 Worker 4 accepting task 20
59 Worker 1 accepting task 13
59 Worker 1 accepting task 29
59 Worker 4 processing task 27 requiring operations [4, 2, 1]
59 Worker 4 performing operation 1 on task 27
59 Worker 1 processing task 13 requiring operations [6]
59 Worker 1 performing operation 6 on task 13
60 Generated task 30
60 Worker 1 accepting task 30
60 Worker 4 accepting task 27
60 Task 13 completed!
60 Worker 4 processing task 18 requiring operations [8]
60 Worker 4 forwarding task 18
60 Worker 1 processing task 29 requiring operations [4, 9, 6]
60 Worker 1 performing operation 6 on task 29
61 Worker 2 accepting task 18
61 Worker 1 accepting task 29
61 Worker 4 processing task 22 requiring operations [7]
61 Worker 4 performing operation 7 on task 22
61 Worker 1 processing task 30 requiring operations [4, 1, 2]
61 Worker 1 forwarding task 30
61 Worker 2 processing task 18 requiring operations [8]
61 Worker 2 performing operation 8 on task 18
62 Generated task 31
62 Worker 1 accepting task 31
62 Task 22 completed!
62 Worker 0 accepting task 30
62 Task 18 completed!
62 Worker 4 processing task 19 requiring operations [6, 4]
62 Worker 4 forwarding task 19
62 Worker 1 processing task 29 requiring operations [4, 9]
62 Worker 1 forwarding task 29
62 Worker 0 processing task 30 requiring operations [4, 1, 2]
62 Worker 0 performing operation 2 on task 30
63 Worker 3 accepting task 19
63 Worker 0 accepting task 29
63 Worker 0 accepting task 30
63 Worker 4 processing task 24 requiring operations [2, 7]
63 Worker 4 performing operation 7 on task 24
63 Worker 1 processing task 31 requiring operations [6, 3, 7]
63 Worker 1 performing operation 6 on task 31
63 Worker 0 processing task 29 requiring operations [4, 9]
63 Worker 0 forwarding task 29
63 Worker 3 processing task 19 requiring operations [6, 4]
63 Worker 3 forwarding task 19
64 Generated task 32
64 Worker 3 accepting task 32
64 Worker 4 accepting task 24
64 Worker 1 accepting task 31
64 Worker 3 accepting task 29
64 Worker 0 accepting task 19
64 Worker 4 processing task 26 requiring operations [4, 7]
64 Worker 4 performing operation 7 on task 26
64 Worker 1 processing task 31 requiring operations [3, 7]
64 Worker 1 forwarding task 31
64 Worker 0 processing task 30 requiring operations [4, 1]
64 Worker 0 forwarding task 30
64 Worker 3 processing task 32 requiring operations [1, 2, 10]
64 Worker 3 forwarding task 32
65 Worker 4 accepting task 26
65 Worker 0 accepting task 31
65 Worker 3 accepting task 30
65 Worker 0 accepting task 32
65 Worker 4 processing task 10 requiring operations [2]
65 Worker 4 forwarding task 10
65 Worker 0 processing task 19 requiring operations [6, 4]
65 Worker 0 forwarding task 19
65 Worker 3 processing task 29 requiring operations [4, 9]
65 Worker 3 performing operation 9 on task 29
66 Generated task 33
66 Worker 2 accepting task 33
66 Worker 3 accepting task 10
66 Worker 3 accepting task 19
66 Worker 3 accepting task 29
66 Worker 4 processing task 28 requiring operations [2, 8, 1]
66 Worker 4 performing operation 1 on task 28
66 Worker 0 processing task 31 requiring operations [3, 7]
66 Worker 0 forwarding task 31
66 Worker 3 processing task 30 requiring operations [4, 1]
66 Worker 3 forwarding task 30
66 Worker 2 processing task 33 requiring operations [8, 10, 7]
66 Worker 2 performing operation 10 on task 33
67 Worker 4 accepting task 28
67 Worker 1 accepting task 31
67 Worker 4 accepting task 30
67 Worker 2 accepting task 33
67 Worker 4 processing task 21 requiring operations [2]
67 Worker 4 forwarding task 21
67 Worker 0 processing task 32 requiring operations [1, 2, 10]
67 Worker 0 performing operation 10 on task 32
67 Worker 3 processing task 10 requiring operations [2]
67 Worker 3 forwarding task 10
67 Worker 2 processing task 33 requiring operations [8, 7]
67 Worker 2 performing operation 8 on task 33
67 Worker 1 processing task 31 requiring operations [3, 7]
67 Worker 1 forwarding task 31
68 Generated task 34
68 Worker 3 accepting task 34
68 Worker 3 accepting task 21
68 Worker 0 accepting task 32
68 Worker 4 accepting task 10
68 Worker 2 accepting task 33
68 Worker 0 accepting task 31
68 Worker 4 processing task 25 requiring operations [6]
68 Worker 4 forwarding task 25
68 Worker 0 processing task 32 requiring operations [1, 2]
68 Worker 0 performing operation 2 on task 32
68 Worker 3 processing task 19 requiring operations [6, 4]
68 Worker 3 forwarding task 19
68 Worker 2 processing task 33 requiring operations [7]
68 Worker 2 forwarding task 33
69 Worker 2 accepting task 25
69 Worker 0 accepting task 32
69 Worker 4 accepting task 19
69 Worker 1 accepting task 33
69 Worker 4 processing task 20 requiring operations [6, 8]
69 Worker 4 forwarding task 20
69 Worker 0 processing task 31 requiring operations [3, 7]
69 Worker 0 forwarding task 31
69 Worker 3 processing task 29 requiring operations [4]
69 Worker 3 forwarding task 29
69 Worker 2 processing task 25 requiring operations [6]
69 Worker 2 forwarding task 25
69 Worker 1 processing task 33 requiring operations [7]
69 Worker 1 forwarding task 33
70 Generated task 35
70 Worker 2 accepting task 35
70 Worker 3 accepting task 20
70 Worker 3 accepting task 31
70 Worker 4 accepting task 29
70 Worker 4 accepting task 25
70 Worker 2 accepting task 33
70 Worker 4 processing task 27 requiring operations [4, 2]
70 Worker 4 forwarding task 27
70 Worker 0 processing task 32 requiring operations [1]
70 Worker 0 forwarding task 32
70 Worker 3 processing task 34 requiring operations [5, 8, 3]
70 Worker 3 performing operation 5 on task 34
70 Worker 2 processing task 35 requiring operations [7, 9, 2]
70 Worker 2 performing operation 9 on task 35
71 Worker 3 accepting task 27
71 Worker 1 accepting task 32
71 Worker 3 accepting task 34
71 Worker 2 accepting task 35
71 Worker 4 processing task 24 requiring operations [2]
71 Worker 4 forwarding task 24
71 Worker 3 processing task 21 requiring operations [2]
71 Worker 3 forwarding task 21
71 Worker 2 processing task 33 requiring operations [7]
71 Worker 2 forwarding task 33
71 Worker 1 processing task 32 requiring operations [1]
71 Worker 1 forwarding task 32
72 Generated task 36
72 Worker 1 accepting task 36
72 Worker 3 accepting task 24
72 Worker 4 accepting task 21
72 Worker 1 accepting task 33
72 Worker 0 accepting task 32
72 Worker 4 processing task 26 requiring operations [4]
72 Worker 4 forwarding task 26
72 Worker 3 processing task 20 requiring operations [6, 8]
72 Worker 3 forwarding task 20
72 Worker 2 processing task 35 requiring operations [7, 2]
72 Worker 2 forwarding task 35
72 Worker 1 processing task 36 requiring operations [3, 4, 1]
72 Worker 1 forwarding task 36
72 Worker 0 processing task 32 requiring operations [1]
72 Worker 0 forwarding task 32
73 Worker 2 accepting task 26
73 Worker 4 accepting task 20
73 Worker 4 accepting task 35
73 Worker 0 accepting task 36
73 Worker 3 accepting task 32
73 Worker 4 processing task 28 requiring operations [2, 8]
73 Worker 4 forwarding task 28
73 Worker 3 processing task 31 requiring operations [3, 7]
73 Worker 3 forwarding task 31
73 Worker 2 processing task 26 requiring operations [4]
73 Worker 2 performing operation 4 on task 26
73 Worker 1 processing task 33 requiring operations [7]
73 Worker 1 forwarding task 33
73 Worker 0 processing task 36 requiring operations [3, 4, 1]
73 Worker 0 forwarding task 36
74 Generated task 37
74 Worker 0 accepting task 37
74 Worker 2 accepting task 28
74 Worker 0 accepting task 31
74 Task 26 completed!
74 Worker 0 accepting task 33
74 Worker 1 accepting task 36
74 Worker 4 processing task 30 requiring operations [4, 1]
74 Worker 4 performing operation 1 on task 30
74 Worker 3 processing task 27 requiring operations [4, 2]
74 Worker 3 forwarding task 27
74 Worker 2 processing task 28 requiring operations [2, 8]
74 Worker 2 performing operation 8 on task 28
74 Worker 0 processing task 37 requiring operations [9, 4, 8]
74 Worker 0 forwarding task 37
74 Worker 1 processing task 36 requiring operations [3, 4, 1]
74 Worker 1 forwarding task 36
75 Worker 4 accepting task 30
75 Worker 4 accepting task 27
75 Worker 2 accepting task 28
75 Worker 3 accepting task 37
75 Worker 2 accepting task 36
75 Worker 4 processing task 10 requiring operations [2]
75 Worker 4 forwarding task 10
75 Worker 3 processing task 34 requiring operations [8, 3]
75 Worker 3 forwarding task 34
75 Worker 2 processing task 28 requiring operations [2]
75 Worker 2 forwarding task 28
75 Worker 0 processing task 31 requiring operations [3, 7]
75 Worker 0 forwarding task 31
76 Generated task 38
76 Worker 3 accepting task 38
76 Worker 2 accepting task 10
76 Worker 4 accepting task 34
76 Worker 1 accepting task 28
76 Worker 1 accepting task 31
76 Worker 4 processing task 19 requiring operations [6, 4]
76 Worker 4 forwarding task 19
76 Worker 3 processing task 24 requiring operations [2]
76 Worker 3 forwarding task 24
76 Worker 2 processing task 36 requiring operations [3, 4, 1]
76 Worker 2 performing operation 4 on task 36
76 Worker 0 processing task 33 requiring operations [7]
76 Worker 0 forwarding task 33
76 Worker 1 processing task 28 requiring operations [2]
76 Worker 1 forwarding task 28
77 Worker 2 accepting task 19
77 Worker 0 accepting task 24
77 Worker 2 accepting task 36
77 Worker 1 accepting task 33
77 Worker 2 accepting task 28
77 Worker 4 processing task 29 requiring operations [4]
77 Worker 4 forwarding task 29
77 Worker 3 processing task 32 requiring operations [1]
77 Worker 3 forwarding task 32
77 Worker 2 processing task 10 requiring operations [2]
77 Worker 2 forwarding task 10
77 Worker 0 processing task 24 requiring operations [2]
77 Worker 0 performing operation 2 on task 24
77 Worker 1 processing task 31 requiring operations [3, 7]
77 Worker 1 forwarding task 31
78 Generated task 39
78 Worker 3 accepting task 39
78 Worker 2 accepting task 29
78 Worker 4 accepting task 32
78 Worker 4 accepting task 10
78 Task 24 completed!
78 Worker 2 accepting task 31
78 Worker 4 processing task 25 requiring operations [6]
78 Worker 4 forwarding task 25
78 Worker 3 processing task 37 requiring operations [9, 4, 8]
78 Worker 3 performing operation 9 on task 37
78 Worker 2 processing task 19 requiring operations [6, 4]
78 Worker 2 performing operation 4 on task 19
78 Worker 1 processing task 33 requiring operations [7]
78 Worker 1 forwarding task 33
79 Worker 3 accepting task 25
79 Worker 3 accepting task 37
79 Worker 2 accepting task 19
79 Worker 0 accepting task 33
79 Worker 4 processing task 21 requiring operations [2]
79 Worker 4 forwarding task 21
79 Worker 3 processing task 38 requiring operations [9, 4, 2]
79 Worker 3 performing operation 9 on task 38
79 Worker 2 processing task 36 requiring operations [3, 1]
79 Worker 2 forwarding task 36
79 Worker 0 processing task 33 requiring operations [7]
79 Worker 0 forwarding task 33
80 Generated task 40
80 Worker 4 accepting task 40
80 Worker 2 accepting task 21
80 Worker 3 accepting task 38
80 Worker 1 accepting task 36
80 Worker 3 accepting task 33
80 Worker 4 processing task 20 requiring operations [6, 8]
80 Worker 4 forwarding task 20
80 Worker 3 processing task 39 requiring operations [9, 3, 8]
80 Worker 3 performing operation 9 on task 39
80 Worker 2 processing task 28 requiring operations [2]
80 Worker 2 forwarding task 28
80 Worker 1 processing task 36 requiring operations [3, 1]
80 Worker 1 forwarding task 36
81 Worker 2 accepting task 20
81 Worker 3 accepting task 39
81 Worker 4 accepting task 28
81 Worker 2 accepting task 36
81 Worker 4 processing task 35 requiring operations [7, 2]
81 Worker 4 performing operation 7 on task 35
81 Worker 3 processing task 25 requiring operations [6]
81 Worker 3 forwarding task 25
81 Worker 2 processing task 29 requiring operations [4]
81 Worker 2 performing operation 4 on task 29
82 Generated task 41
82 Worker 1 accepting task 41
82 Worker 4 accepting task 35
82 Worker 4 accepting task 25
82 Task 29 completed!
82 Worker 4 processing task 30 requiring operations [4]
82 Worker 4 forwarding task 30
82 Worker 3 processing task 37 requiring operations [4, 8]
82 Worker 3 forwarding task 37
82 Worker 2 processing task 31 requiring operations [3, 7]
82 Worker 2 forwarding task 31
82 Worker 1 processing task 41 requiring operations [5, 8, 9]
82 Worker 1 forwarding task 41
83 Worker 2 accepting task 30
83 Worker 0 accepting task 37
83 Worker 4 accepting task 31
83 Worker 0 accepting task 41
83 Worker 4 processing task 27 requiring operations [4, 2]
83 Worker 4 forwarding task 27
83 Worker 3 processing task 38 requiring operations [4, 2]
83 Worker 3 forwarding task 38
83 Worker 2 processing task 19 requiring operations [6]
83 Worker 2 forwarding task 19
83 Worker 0 processing task 37 requiring operations [4, 8]
83 Worker 0 forwarding task 37
84 Generated task 42
84 Worker 4 accepting task 42
84 Worker 2 accepting task 27
84 Worker 4 accepting task 38
84 Worker 4 accepting task 19
84 Worker 1 accepting task 37
84 Worker 4 processing task 34 requiring operations [8, 3]
84 Worker 4 performing operation 3 on task 34
84 Worker 3 processing task 33 requiring operations [7]
84 Worker 3 forwarding task 33
84 Worker 2 processing task 21 requiring operations [2]
84 Worker 2 forwarding task 21
84 Worker 0 processing task 41 requiring operations [5, 8, 9]
84 Worker 0 forwarding task 41
84 Worker 1 processing task 37 requiring operations [4, 8]
84 Worker 1 forwarding task 37
85 Worker 4 accepting task 34
85 Worker 0 accepting task 33
85 Worker 1 accepting task 21
85 Worker 3 accepting task 41
85 Worker 0 accepting task 37
85 Worker 4 processing task 32 requiring operations [1]
85 Worker 4 performing operation 1 on task 32
85 Worker 3 processing task 39 requiring operations [3, 8]
85 Worker 3 forwarding task 39
85 Worker 2 processing task 20 requiring operations [6, 8]
85 Worker 2 performing operation 8 on task 20
85 Worker 0 processing task 33 requiring operations [7]
85 Worker 0 forwarding task 33
85 Worker 1 processing task 21 requiring operations [2]
85 Worker 1 forwarding task 21
86 Generated task 43
86 Worker 1 accepting task 43
86 Task 32 completed!
86 Worker 4 accepting task 39
86 Worker 2 accepting task 20
86 Worker 1 accepting task 33
86 Worker 2 accepting task 21
86 Worker 4 processing task 10 requiring operations [2]
86 Worker 4 forwarding task 10
86 Worker 3 processing task 41 requiring operations [5, 8, 9]
86 Worker 3 performing operation 9 on task 41
86 Worker 2 processing task 36 requiring operations [3, 1]
86 Worker 2 forwarding task 36
86 Worker 0 processing task 37 requiring operations [4, 8]
86 Worker 0 forwarding task 37
86 Worker 1 processing task 43 requiring operations [1, 4, 9]
86 Worker 1 forwarding task 43
87 Worker 3 accepting task 10
87 Worker 3 accepting task 41
87 Worker 1 accepting task 36
87 Worker 3 accepting task 37
87 Worker 0 accepting task 43
87 Worker 4 processing task 40 requiring operations [1, 8, 9]
87 Worker 4 performing operation 1 on task 40
87 Worker 3 processing task 10 requiring operations [2]
87 Worker 3 forwarding task 10
87 Worker 2 processing task 30 requiring operations [4]
87 Worker 2 performing operation 4 on task 30
87 Worker 1 processing task 33 requiring operations [7]
87 Worker 1 forwarding task 33
87 Worker 0 processing task 43 requiring operations [1, 4, 9]
87 Worker 0 forwarding task 43
88 Generated task 44
88 Worker 3 accepting task 44
88 Worker 4 accepting task 40
88 Worker 4 accepting task 10
88 Task 30 completed!
88 Worker 0 accepting task 33
88 Worker 3 accepting task 43
88 Worker 4 processing task 28 requiring operations [2]
88 Worker 4 forwarding task 28
88 Worker 3 processing task 41 requiring operations [5, 8]
88 Worker 3 performing operation 5 on task 41
88 Worker 2 processing task 27 requiring operations [4, 2]
88 Worker 2 performing operation 4 on task 27
88 Worker 1 processing task 36 requiring operations [3, 1]
88 Worker 1 forwarding task 36
88 Worker 0 processing task 33 requiring operations [7]
88 Worker 0 forwarding task 33
89 Worker 3 accepting task 28
89 Worker 3 accepting task 41
89 Worker 2 accepting task 27
89 Worker 0 accepting task 36
89 Worker 3 accepting task 33
89 Worker 4 processing task 35 requiring operations [2]
89 Worker 4 forwarding task 35
89 Worker 3 processing task 37 requiring operations [4, 8]
89 Worker 3 forwarding task 37
89 Worker 2 processing task 20 requiring operations [6]
89 Worker 2 forwarding task 20
89 Worker 0 processing task 36 requiring operations [3, 1]
89 Worker 0 forwarding task 36
90 Generated task 45
90 Worker 1 accepting task 45
90 Worker 3 accepting task 35
90 Worker 4 accepting task 37
90 Worker 4 accepting task 20
90 Worker 3 accepting task 36
90 Worker 4 processing task 25 requiring operations [6]
90 Worker 4 forwarding task 25
90 Worker 3 processing task 44 requiring operations [4, 3, 6]
90 Worker 3 forwarding task 44
90 Worker 2 processing task 21 requiring operations [2]
90 Worker 2 forwarding task 21
90 Worker 1 processing task 45 requiring operations [3, 2, 6]
90 Worker 1 performing operation 6 on task 45
91 Worker 3 accepting task 25
91 Worker 0 accepting task 44
91 Worker 1 accepting task 21
91 Worker 1 accepting task 45
91 Worker 4 processing task 31 requiring operations [3, 7]
91 Worker 4 performing operation 7 on task 31
91 Worker 3 processing task 43 requiring operations [1, 4, 9]
91 Worker 3 performing operation 9 on task 43
91 Worker 2 processing task 27 requiring operations [2]
91 Worker 2 forwarding task 27
91 Worker 1 processing task 21 requiring operations [2]
91 Worker 1 forwarding task 21
91 Worker 0 processing task 44 requiring operations [4, 3, 6]
91 Worker 0 forwarding task 44
92 Generated task 46
92 Worker 4 accepting task 46
92 Worker 4 accepting task 31
92 Worker 3 accepting task 43
92 Worker 1 accepting task 27
92 Worker 0 accepting task 21
92 Worker 1 accepting task 44
92 Worker 4 processing task 42 requiring operations [3, 1, 9]
92 Worker 4 performing operation 9 on task 42
92 Worker 3 processing task 28 requiring operations [2]
92 Worker 3 forwarding task 28
92 Worker 1 processing task 45 requiring operations [3, 2]
92 Worker 1 forwarding task 45
92 Worker 0 processing task 21 requiring operations [2]
92 Worker 0 performing operation 2 on task 21
93 Worker 4 accepting task 42
93 Worker 4 accepting task 28
93 Worker 2 accepting task 45
93 Task 21 completed!
93 Worker 4 processing task 38 requiring operations [4, 2]
93 Worker 4 forwarding task 38
93 Worker 3 processing task 41 requiring operations [8]
93 Worker 3 forwarding task 41
93 Worker 1 processing task 27 requiring operations [2]
93 Worker 1 forwarding task 27
93 Worker 2 processing task 45 requiring operations [3, 2]
93 Worker 2 forwarding task 45
94 Generated task 47
94 Worker 4 accepting task 47
94 Worker 3 accepting task 38
94 Worker 4 accepting task 41
94 Worker 0 accepting task 27
94 Worker 4 accepting task 45
94 Worker 4 processing task 19 requiring operations [6]
94 Worker 4 forwarding task 19
94 Worker 3 processing task 33 requiring operations [7]
94 Worker 3 forwarding task 33
94 Worker 1 processing task 44 requiring operations [4, 3, 6]
94 Worker 1 performing operation 6 on task 44
94 Worker 0 processing task 27 requiring operations [2]
94 Worker 0 performing operation 2 on task 27
95 Worker 2 accepting task 19
95 Worker 0 accepting task 33
95 Worker 1 accepting task 44
95 Task 27 completed!
95 Worker 4 processing task 34 requiring operations [8]
95 Worker 4 forwarding task 34
95 Worker 3 processing task 35 requiring operations [2]
95 Worker 3 forwarding task 35
95 Worker 1 processing task 44 requiring operations [4, 3]
95 Worker 1 forwarding task 44
95 Worker 0 processing task 33 requiring operations [7]
95 Worker 0 forwarding task 33
95 Worker 2 processing task 19 requiring operations [6]
95 Worker 2 forwarding task 19
96 Generated task 48
96 Worker 2 accepting task 48
96 Worker 2 accepting task 34
96 Worker 4 accepting task 35
96 Worker 2 accepting task 44
96 Worker 3 accepting task 33
96 Worker 1 accepting task 19
96 Worker 4 processing task 39 requiring operations [3, 8]
96 Worker 4 performing operation 3 on task 39
96 Worker 3 processing task 36 requiring operations [3, 1]
96 Worker 3 forwarding task 36
96 Worker 2 processing task 48 requiring operations [10, 8, 3]
96 Worker 2 performing operation 10 on task 48
96 Worker 1 processing task 19 requiring operations [6]
96 Worker 1 performing operation 6 on task 19
97 Worker 4 accepting task 39
97 Worker 0 accepting task 36
97 Worker 2 accepting task 48
97 Task 19 completed!
97 Worker 4 processing task 40 requiring operations [8, 9]
97 Worker 4 performing operation 9 on task 40
97 Worker 3 processing task 25 requiring operations [6]
97 Worker 3 forwarding task 25
97 Worker 2 processing task 34 requiring operations [8]
97 Worker 2 performing operation 8 on task 34
97 Worker 0 processing task 36 requiring operations [3, 1]
97 Worker 0 forwarding task 36
98 Generated task 49
98 Worker 1 accepting task 49
98 Worker 4 accepting task 40
98 Worker 0 accepting task 25
98 Task 34 completed!
98 Worker 1 accepting task 36
98 Worker 4 processing task 10 requiring operations [2]
98 Worker 4 forwarding task 10
98 Worker 3 processing task 43 requiring operations [1, 4]
98 Worker 3 forwarding task 43
98 Worker 2 processing task 44 requiring operations [4, 3]
98 Worker 2 performing operation 4 on task 44
98 Worker 0 processing task 25 requiring operations [6]
98 Worker 0 forwarding task 25
98 Worker 1 processing task 49 requiring operations [3, 6, 7]
98 Worker 1 performing operation 6 on task 49
99 Worker 2 accepting task 10
99 Worker 4 accepting task 43
99 Worker 2 accepting task 44
99 Worker 3 accepting task 25
99 Worker 1 accepting task 49
99 Worker 4 processing task 37 requiring operations [4, 8]
99 Worker 4 forwarding task 37
99 Worker 3 processing task 38 requiring operations [4, 2]
99 Worker 3 forwarding task 38
99 Worker 2 processing task 48 requiring operations [8, 3]
99 Worker 2 performing operation 8 on task 48
99 Worker 1 processing task 36 requiring operations [3, 1]
99 Worker 1 forwarding task 36
100 Generated task 50
100 Worker 1 accepting task 50
100 Worker 2 accepting task 37
100 Worker 0 accepting task 38
100 Worker 2 accepting task 48
100 Worker 0 accepting task 36
100 Worker 4 processing task 20 requiring operations [6]
100 Worker 4 forwarding task 20
100 Worker 3 processing task 33 requiring operations [7]
100 Worker 3 forwarding task 33
100 Worker 2 processing task 10 requiring operations [2]
100 Worker 2 forwarding task 10
100 Worker 1 processing task 49 requiring operations [3, 7]
100 Worker 1 forwarding task 49
100 Worker 0 processing task 38 requiring operations [4, 2]
100 Worker 0 performing operation 2 on task 38
101 Worker 2 accepting task 20
101 Worker 4 accepting task 33
101 Worker 4 accepting task 10
101 Worker 0 accepting task 49
101 Worker 0 accepting task 38
101 Worker 4 processing task 46 requiring operations [3, 10, 9]
101 Worker 4 performing operation 9 on task 46
101 Worker 3 processing task 25 requiring operations [6]
101 Worker 3 forwarding task 25
101 Worker 2 processing task 44 requiring operations [3]
101 Worker 2 forwarding task 44
101 Worker 1 processing task 50 requiring operations [5, 8, 4]
101 Worker 1 forwarding task 50
101 Worker 0 processing task 36 requiring operations [3, 1]
101 Worker 0 forwarding task 36
102 Generated task 51
102 Worker 3 accepting task 51
102 Worker 4 accepting task 46
102 Worker 4 accepting task 25
102 Worker 4 accepting task 44
102 Worker 2 accepting task 50
102 Worker 1 accepting task 36
102 Worker 4 processing task 31 requiring operations [3]
102 Worker 4 performing operation 3 on task 31
102 Worker 3 processing task 51 requiring operations [10, 5, 9]
102 Worker 3 performing operation 9 on task 51
102 Worker 2 processing task 37 requiring operations [4, 8]
102 Worker 2 performing operation 4 on task 37
102 Worker 0 processing task 49 requiring operations [3, 7]
102 Worker 0 forwarding task 49
102 Worker 1 processing task 36 requiring operations [3, 1]
102 Worker 1 forwarding task 36
103 Task 31 completed!
103 Worker 3 accepting task 51
103 Worker 2 accepting task 37
103 Worker 3 accepting task 49
103 Worker 2 accepting task 36
103 Worker 4 processing task 42 requiring operations [3, 1]
103 Worker 4 performing operation 1 on task 42
103 Worker 3 processing task 51 requiring operations [10, 5]
103 Worker 3 performing operation 5 on task 51
103 Worker 2 processing task 48 requiring operations [3]
103 Worker 2 forwarding task 48
103 Worker 0 processing task 38 requiring operations [4]
103 Worker 0 forwarding task 38
104 Generated task 52
104 Worker 4 accepting task 52
104 Worker 4 accepting task 42
104 Worker 3 accepting task 51
104 Worker 4 accepting task 48
104 Worker 3 accepting task 38
104 Worker 4 processing task 28 requiring operations [2]
104 Worker 4 forwarding task 28
104 Worker 3 processing task 49 requiring operations [3, 7]
104 Worker 3 forwarding task 49
104 Worker 2 processing task 20 requiring operations [6]
104 Worker 2 forwarding task 20
105 Worker 3 accepting task 28
105 Worker 4 accepting task 49
105 Worker 4 accepting task 20
105 Worker 4 processing task 47 requiring operations [7, 3, 6]
105 Worker 4 performing operation 3 on task 47
105 Worker 3 processing task 51 requiring operations [10]
105 Worker 3 forwarding task 51
105 Worker 2 processing task 50 requiring operations [5, 8, 4]
105 Worker 2 performing operation 4 on task 50
106 Generated task 53
106 Worker 3 accepting task 53
106 Worker 4 accepting task 47
106 Worker 4 accepting task 51
106 Worker 2 accepting task 50
106 Worker 4 processing task 41 requiring operations [8]
106 Worker 4 forwarding task 41
106 Worker 3 processing task 38 requiring operations [4]
106 Worker 3 forwarding task 38
106 Worker 2 processing task 37 requiring operations [8]
106 Worker 2 performing operation 8 on task 37
107 Worker 2 accepting task 41
107 Worker 0 accepting task 38
107 Task 37 completed!
107 Worker 4 processing task 45 requiring operations [3, 2]
107 Worker 4 performing operation 3 on task 45
107 Worker 3 processing task 28 requiring operations [2]
107 Worker 3 forwarding task 28
107 Worker 2 processing task 36 requiring operations [3, 1]
107 Worker 2 forwarding task 36
107 Worker 0 processing task 38 requiring operations [4]
107 Worker 0 forwarding task 38
108 Generated task 54
108 Worker 0 accepting task 54
108 Worker 4 accepting task 45
108 Worker 0 accepting task 28
108 Worker 4 accepting task 36
108 Worker 1 accepting task 38
108 Worker 4 processing task 35 requiring operations [2]
108 Worker 4 forwarding task 35
108 Worker 3 processing task 53 requiring operations [9, 7, 4]
108 Worker 3 performing operation 9 on task 53
108 Worker 2 processing task 50 requiring operations [5, 8]
108 Worker 2 performing operation 8 on task 50
108 Worker 0 processing task 54 requiring operations [10, 8, 6]
108 Worker 0 performing operation 10 on task 54
108 Worker 1 processing task 38 requiring operations [4]
108 Worker 1 forwarding task 38
109 Worker 3 accepting task 35
109 Worker 3 accepting task 53
109 Worker 2 accepting task 50
109 Worker 0 accepting task 54
109 Worker 0 accepting task 38
109 Worker 4 processing task 39 requiring operations [8]
109 Worker 4 forwarding task 39
109 Worker 3 processing task 35 requiring operations [2]
109 Worker 3 forwarding task 35
109 Worker 2 processing task 41 requiring operations [8]
109 Worker 2 performing operation 8 on task 41
109 Worker 0 processing task 28 requiring operations [2]
109 Worker 0 performing operation 2 on task 28
110 Generated task 55
110 Worker 3 accepting task 55
110 Worker 2 accepting task 39
110 Worker 4 accepting task 35
110 Task 41 completed!
110 Task 28 completed!
110 Worker 4 processing task 40 requiring operations [8]
110 Worker 4 forwarding task 40
110 Worker 3 processing task 53 requiring operations [7, 4]
110 Worker 3 forwarding task 53
110 Worker 2 processing task 50 requiring operations [5]
110 Worker 2 forwarding task 50
110 Worker 0 processing task 54 requiring operations [8, 6]
110 Worker 0 forwarding task 54
111 Worker 3 accepting task 40
111 Worker 0 accepting task 53
111 Worker 4 accepting task 50
111 Worker 1 accepting task 54
111 Worker 4 processing task 43 requiring operations [1, 4]
111 Worker 4 performing operation 1 on task 43
111 Worker 3 processing task 55 requiring operations [9, 2, 5]
111 Worker 3 performing operation 9 on task 55
111 Worker 2 processing task 39 requiring operations [8]
111 Worker 2 performing operation 8 on task 39
111 Worker 0 processing task 38 requiring operations [4]
111 Worker 0 forwarding task 38
111 Worker 1 processing task 54 requiring operations [8, 6]
111 Worker 1 performing operation 6 on task 54
112 Generated task 56
112 Worker 0 accepting task 56
112 Worker 4 accepting task 43
112 Worker 3 accepting task 55
112 Task 39 completed!
112 Worker 3 accepting task 38
112 Worker 1 accepting task 54
112 Worker 4 processing task 33 requiring operations [7]
112 Worker 4 performing operation 7 on task 33
112 Worker 3 processing task 40 requiring operations [8]
112 Worker 3 forwarding task 40
112 Worker 0 processing task 53 requiring operations [7, 4]
112 Worker 0 forwarding task 53
112 Worker 1 processing task 54 requiring operations [8]
112 Worker 1 forwarding task 54
113 Task 33 completed!
113 Worker 4 accepting task 40
113 Worker 1 accepting task 53
113 Worker 0 accepting task 54
113 Worker 4 processing task 10 requiring operations [2]
113 Worker 4 forwarding task 10
113 Worker 3 processing task 55 requiring operations [2, 5]
113 Worker 3 performing operation 5 on task 55
113 Worker 0 processing task 56 requiring operations [7, 4, 2]
113 Worker 0 performing operation 2 on task 56
113 Worker 1 processing task 53 requiring operations [7, 4]
113 Worker 1 forwarding task 53
114 Generated task 57
114 Worker 3 accepting task 57
114 Worker 2 accepting task 10
114 Worker 3 accepting task 55
114 Worker 0 accepting task 56
114 Worker 2 accepting task 53
114 Worker 4 processing task 46 requiring operations [3, 10]
114 Worker 4 performing operation 3 on task 46
114 Worker 3 processing task 38 requiring operations [4]
114 Worker 3 forwarding task 38
114 Worker 0 processing task 54 requiring operations [8]
114 Worker 0 forwarding task 54
114 Worker 2 processing task 10 requiring operations [2]
114 Worker 2 forwarding task 10
115 Worker 4 accepting task 46
115 Worker 4 accepting task 38
115 Worker 3 accepting task 54
115 Worker 4 accepting task 10
115 Worker 4 processing task 25 requiring operations [6]
115 Worker 4 forwarding task 25
115 Worker 3 processing task 57 requiring operations [8, 3, 6]
115 Worker 3 forwarding task 57
115 Worker 0 processing task 56 requiring operations [7, 4]
115 Worker 0 forwarding task 56
115 Worker 2 processing task 53 requiring operations [7, 4]
115 Worker 2 performing operation 4 on task 53
116 Generated task 58
116 Worker 2 accepting task 58
116 Worker 2 accepting task 25
116 Worker 0 accepting task 57
116 Worker 1 accepting task 56
116 Worker 2 accepting task 53
116 Worker 4 processing task 44 requiring operations [3]
116 Worker 4 performing operation 3 on task 44
116 Worker 3 processing task 55 requiring operations [2]
116 Worker 3 forwarding task 55
116 Worker 0 processing task 57 requiring operations [8, 3, 6]
116 Worker 0 forwarding task 57
116 Worker 2 processing task 58 requiring operations [8, 1, 9]
116 Worker 2 performing operation 8 on task 58
116 Worker 1 processing task 56 requiring operations [7, 4]
116 Worker 1 forwarding task 56
117 Task 44 completed!
117 Worker 4 accepting task 55
117 Worker 3 accepting task 57
117 Worker 2 accepting task 58
117 Worker 0 accepting task 56
117 Worker 4 processing task 52 requiring operations [5, 9, 7]
117 Worker 4 performing operation 9 on task 52
117 Worker 3 processing task 54 requiring operations [8]
117 Worker 3 forwarding task 54
117 Worker 2 processing task 25 requiring operations [6]
117 Worker 2 forwarding task 25
117 Worker 0 processing task 56 requiring operations [7, 4]
117 Worker 0 forwarding task 56
118 Generated task 59
118 Worker 3 accepting task 59
118 Worker 4 accepting task 52
118 Worker 4 accepting task 54
118 Worker 1 accepting task 25
118 Worker 3 accepting task 56
118 Worker 4 processing task 42 requiring operations [3]
118 Worker 4 performing operation 3 on task 42
118 Worker 3 processing task 57 requiring operations [8, 3, 6]
118 Worker 3 forwarding task 57
118 Worker 2 processing task 53 requiring operations [7]
118 Worker 2 forwarding task 53
118 Worker 1 processing task 25 requiring operations [6]
118 Worker 1 performing operation 6 on task 25
119 Task 42 completed!
119 Worker 0 accepting task 57
119 Worker 4 accepting task 53
119 Task 25 completed!
119 Worker 4 processing task 48 requiring operations [3]
119 Worker 4 performing operation 3 on task 48
119 Worker 3 processing task 59 requiring operations [8, 3, 4]
119 Worker 3 forwarding task 59
119 Worker 2 processing task 58 requiring operations [1, 9]
119 Worker 2 performing operation 9 on task 58
119 Worker 0 processing task 57 requiring operations [8, 3, 6]
119 Worker 0 forwarding task 57
120 Generated task 60
120 Worker 0 accepting task 60
120 Task 48 completed!
120 Worker 0 accepting task 59
120 Worker 2 accepting task 58
120 Worker 1 accepting task 57
120 Worker 4 processing task 49 requiring operations [3, 7]
120 Worker 4 performing operation 7 on task 49
120 Worker 3 processing task 56 requiring operations [7, 4]
120 Worker 3 forwarding task 56
120 Worker 2 processing task 58 requiring operations [1]
120 Worker 2 forwarding task 58
120 Worker 0 processing task 60 requiring operations [5, 2, 8]
120 Worker 0 performing operation 2 on task 60
120 Worker 1 processing task 57 requiring operations [8, 3, 6]
120 Worker 1 performing operation 6 on task 57
121 Worker 4 accepting task 49
121 Worker 4 accepting task 56
121 Worker 1 accepting task 58
121 Worker 0 accepting task 60
121 Worker 1 accepting task 57
121 Worker 4 processing task 20 requiring operations [6]
121 Worker 4 forwarding task 20
121 Worker 0 processing task 59 requiring operations [8, 3, 4]
121 Worker 0 forwarding task 59
121 Worker 1 processing task 58 requiring operations [1]
121 Worker 1 forwarding task 58
122 Generated task 61
122 Worker 4 accepting task 61
122 Worker 3 accepting task 20
122 Worker 3 accepting task 59
122 Worker 2 accepting task 58
122 Worker 4 processing task 47 requiring operations [7, 6]
122 Worker 4 performing operation 7 on task 47
122 Worker 0 processing task 60 requiring operations [5, 8]
122 Worker 0 forwarding task 60
122 Worker 1 processing task 57 requiring operations [8, 3]
122 Worker 1 forwarding task 57
122 Worker 3 processing task 20 requiring operations [6]
122 Worker 3 forwarding task 20
122 Worker 2 processing task 58 requiring operations [1]
122 Worker 2 forwarding task 58
123 Worker 4 accepting task 47
123 Worker 3 accepting task 60
123 Worker 2 accepting task 57
123 Worker 0 accepting task 20
123 Worker 1 accepting task 58
123 Worker 4 processing task 51 requiring operations [10]
123 Worker 4 forwarding task 51
123 Worker 3 processing task 59 requiring operations [8, 3, 4]
123 Worker 3 forwarding task 59
123 Worker 2 processing task 57 requiring operations [8, 3]
123 Worker 2 performing operation 8 on task 57
123 Worker 0 processing task 20 requiring operations [6]
123 Worker 0 forwarding task 20
123 Worker 1 processing task 58 requiring operations [1]
123 Worker 1 forwarding task 58
124 Generated task 62
124 Worker 0 accepting task 62
124 Worker 2 accepting task 51
124 Worker 0 accepting task 59
124 Worker 2 accepting task 57
124 Worker 3 accepting task 20
124 Worker 2 accepting task 58
124 Worker 4 processing task 45 requiring operations [2]
124 Worker 4 forwarding task 45
124 Worker 3 processing task 60 requiring operations [5, 8]
124 Worker 3 performing operation 5 on task 60
124 Worker 2 processing task 51 requiring operations [10]
124 Worker 2 performing operation 10 on task 51
124 Worker 0 processing task 62 requiring operations [3, 1, 10]
124 Worker 0 performing operation 10 on task 62
125 Worker 3 accepting task 45
125 Worker 3 accepting task 60
125 Task 51 completed!
125 Worker 0 accepting task 62
125 Worker 4 processing task 36 requiring operations [3, 1]
125 Worker 4 performing operation 3 on task 36
125 Worker 3 processing task 20 requiring operations [6]
125 Worker 3 forwarding task 20
125 Worker 2 processing task 57 requiring operations [3]
125 Worker 2 forwarding task 57
125 Worker 0 processing task 59 requiring operations [8, 3, 4]
125 Worker 0 forwarding task 59
126 Generated task 63
126 Worker 0 accepting task 63
126 Worker 4 accepting task 36
126 Worker 4 accepting task 20
126 Worker 1 accepting task 57
126 Worker 3 accepting task 59
126 Worker 4 processing task 35 requiring operations [2]
126 Worker 4 forwarding task 35
126 Worker 3 processing task 45 requiring operations [2]
126 Worker 3 forwarding task 45
126 Worker 2 processing task 58 requiring operations [1]
126 Worker 2 forwarding task 58
126 Worker 0 processing task 62 requiring operations [3, 1]
126 Worker 0 forwarding task 62
126 Worker 1 processing task 57 requiring operations [3]
126 Worker 1 forwarding task 57
127 Worker 2 accepting task 35
127 Worker 0 accepting task 45
127 Worker 4 accepting task 58
127 Worker 1 accepting task 62
127 Worker 2 accepting task 57
127 Worker 4 processing task 50 requiring operations [5]
127 Worker 4 performing operation 5 on task 50
127 Worker 3 processing task 60 requiring operations [8]
127 Worker 3 forwarding task 60
127 Worker 2 processing task 35 requiring operations [2]
127 Worker 2 forwarding task 35
127 Worker 0 processing task 63 requiring operations [5, 10, 2]
127 Worker 0 performing operation 2 on task 63
127 Worker 1 processing task 62 requiring operations [3, 1]
127 Worker 1 forwarding task 62
128 Generated task 64
128 Worker 2 accepting task 64
128 Task 50 completed!
128 Worker 0 accepting task 60
128 Worker 1 accepting task 35
128 Worker 0 accepting task 63
128 Worker 2 accepting task 62
128 Worker 4 processing task 43 requiring operations [4]
128 Worker 4 forwarding task 43
128 Worker 3 processing task 59 requiring operations [8, 3, 4]
128 Worker 3 forwarding task 59
128 Worker 2 processing task 57 requiring operations [3]
128 Worker 2 forwarding task 57
128 Worker 0 processing task 45 requiring operations [2]
128 Worker 0 performing operation 2 on task 45
128 Worker 1 processing task 35 requiring operations [2]
128 Worker 1 forwarding task 35
129 Worker 3 accepting task 43
129 Worker 4 accepting task 59
129 Worker 4 accepting task 57
129 Task 45 completed!
129 Worker 2 accepting task 35
129 Worker 4 processing task 40 requiring operations [8]
129 Worker 4 forwarding task 40
129 Worker 3 processing task 43 requiring operations [4]
129 Worker 3 forwarding task 43
129 Worker 2 processing task 64 requiring operations [2, 4, 6]
129 Worker 2 performing operation 4 on task 64
129 Worker 0 processing task 60 requiring operations [8]
129 Worker 0 forwarding task 60
130 Generated task 65
130 Worker 2 accepting task 65
130 Worker 3 accepting task 40
130 Worker 4 accepting task 43
130 Worker 2 accepting task 64
130 Worker 3 accepting task 60
130 Worker 4 processing task 46 requiring operations [10]
130 Worker 4 forwarding task 46
130 Worker 3 processing task 40 requiring operations [8]
130 Worker 3 forwarding task 40
130 Worker 2 processing task 62 requiring operations [3, 1]
130 Worker 2 forwarding task 62
130 Worker 0 processing task 63 requiring operations [5, 10]
130 Worker 0 performing operation 10 on task 63
131 Worker 2 accepting task 46
131 Worker 0 accepting task 40
131 Worker 4 accepting task 62
131 Worker 0 accepting task 63
131 Worker 4 processing task 38 requiring operations [4]
131 Worker 4 forwarding task 38
131 Worker 3 processing task 60 requiring operations [8]
131 Worker 3 forwarding task 60
131 Worker 2 processing task 35 requiring operations [2]
131 Worker 2 forwarding task 35
131 Worker 0 processing task 40 requiring operations [8]
131 Worker 0 forwarding task 40
132 Generated task 66
132 Worker 2 accepting task 66
132 Worker 2 accepting task 38
132 Worker 4 accepting task 60
132 Worker 1 accepting task 35
132 Worker 1 accepting task 40
132 Worker 4 processing task 10 requiring operations [2]
132 Worker 4 forwarding task 10
132 Worker 2 processing task 65 requiring operations [4, 7, 1]
132 Worker 2 performing operation 4 on task 65
132 Worker 0 processing task 63 requiring operations [5]
132 Worker 0 forwarding task 63
132 Worker 1 processing task 35 requiring operations [2]
132 Worker 1 forwarding task 35
133 Worker 3 accepting task 10
133 Worker 2 accepting task 65
133 Worker 1 accepting task 63
133 Worker 2 accepting task 35
133 Worker 4 processing task 55 requiring operations [2]
133 Worker 4 forwarding task 55
133 Worker 2 processing task 64 requiring operations [2, 6]
133 Worker 2 forwarding task 64
133 Worker 1 processing task 40 requiring operations [8]
133 Worker 1 forwarding task 40
133 Worker 3 processing task 10 requiring operations [2]
133 Worker 3 forwarding task 10
134 Generated task 67
134 Worker 1 accepting task 67
134 Worker 3 accepting task 55
134 Worker 1 accepting task 64
134 Worker 2 accepting task 40
134 Worker 4 accepting task 10
134 Worker 4 processing task 52 requiring operations [5, 7]
134 Worker 4 performing operation 7 on task 52
134 Worker 2 processing task 46 requiring operations [10]
134 Worker 2 performing operation 10 on task 46
134 Worker 1 processing task 63 requiring operations [5]
134 Worker 1 forwarding task 63
134 Worker 3 processing task 55 requiring operations [2]
134 Worker 3 forwarding task 55
135 Worker 4 accepting task 52
135 Task 46 completed!
135 Worker 2 accepting task 63
135 Worker 0 accepting task 55
135 Worker 4 processing task 54 requiring operations [8]
135 Worker 4 forwarding task 54
135 Worker 2 processing task 66 requiring operations [8, 9, 2]
135 Worker 2 performing operation 8 on task 66
135 Worker 1 processing task 67 requiring operations [2, 7, 5]
135 Worker 1 forwarding task 67
135 Worker 0 processing task 55 requiring operations [2]
135 Worker 0 performing operation 2 on task 55
136 Generated task 68
136 Worker 2 accepting task 68
136 Worker 3 accepting task 54
136 Worker 2 accepting task 66
136 Worker 2 accepting task 67
136 Task 55 completed!
136 Worker 4 processing task 53 requiring operations [7]
136 Worker 4 performing operation 7 on task 53
136 Worker 2 processing task 38 requiring operations [4]
136 Worker 2 performing operation 4 on task 38
136 Worker 1 processing task 64 requiring operations [2, 6]
136 Worker 1 performing operation 6 on task 64
136 Worker 3 processing task 54 requiring operations [8]
136 Worker 3 forwarding task 54
137 Task 53 completed!
137 Task 38 completed!
137 Worker 1 accepting task 64
137 Worker 4 accepting task 54
137 Worker 4 processing task 49 requiring operations [3]
137 Worker 4 performing operation 3 on task 49
137 Worker 2 processing task 65 requiring operations [7, 1]
137 Worker 2 forwarding task 65
137 Worker 1 processing task 64 requiring operations [2]
137 Worker 1 forwarding task 64
138 Generated task 69
138 Worker 0 accepting task 69
138 Task 49 completed!
138 Worker 4 accepting task 65
138 Worker 0 accepting task 64
138 Worker 4 processing task 56 requiring operations [7, 4]
138 Worker 4 performing operation 7 on task 56
138 Worker 2 processing task 35 requiring operations [2]
138 Worker 2 forwarding task 35
138 Worker 0 processing task 69 requiring operations [6, 7, 5]
138 Worker 0 forwarding task 69
139 Worker 4 accepting task 56
139 Worker 1 accepting task 35
139 Worker 3 accepting task 69
139 Worker 4 processing task 61 requiring operations [9, 2, 3]
139 Worker 4 performing operation 9 on task 61
139 Worker 2 processing task 40 requiring operations [8]
139 Worker 2 performing operation 8 on task 40
139 Worker 0 processing task 64 requiring operations [2]
139 Worker 0 performing operation 2 on task 64
139 Worker 1 processing task 35 requiring operations [2]
139 Worker 1 forwarding task 35
139 Worker 3 processing task 69 requiring operations [6, 7, 5]
139 Worker 3 performing operation 5 on task 69
140 Generated task 70
140 Worker 4 accepting task 70
140 Worker 4 accepting task 61
140 Task 40 completed!
140 Task 64 completed!
140 Worker 2 accepting task 35
140 Worker 3 accepting task 69
140 Worker 4 processing task 47 requiring operations [6]
140 Worker 4 forwarding task 47
140 Worker 2 processing task 63 requiring operations [5]
140 Worker 2 forwarding task 63
140 Worker 3 processing task 69 requiring operations [6, 7]
140 Worker 3 forwarding task 69
