Worker 0 can perform operations {10, 7}
Worker 1 can perform operations {9, 3, 4, 7}
Worker 2 can perform operations {2}
Worker 3 can perform operations {2, 3, 5, 6, 8, 9}
Worker 4 can perform operations {1, 10}
Building network type random
Worker 0 connecting to worker 4
Worker 4 connecting to worker 0
Worker 0 connecting to worker 3
Worker 3 connecting to worker 0
Worker 1 connecting to worker 2
Worker 2 connecting to worker 1
Worker 1 connecting to worker 4
Worker 4 connecting to worker 1
Worker 2 connecting to worker 0
Worker 0 connecting to worker 2
Worker 3 connecting to worker 2
Worker 2 connecting to worker 3
Entry nodes are [0, 1, 2, 3, 4]
0 Generated task 0
0 Worker 4 accepting task 0
0 Worker 4 processing task 0 requiring operations [10, 2, 8]
0 Worker 4 performing operation 10 on task 0
1 Worker 4 accepting task 0
1 Worker 4 processing task 0 requiring operations [2, 8]
1 Worker 4 forwarding task 0
2 Generated task 1
2 Worker 1 accepting task 1
2 Worker 0 accepting task 0
2 Worker 1 processing task 1 requiring operations [9, 7, 2]
2 Worker 1 performing operation 7 on task 1
2 Worker 0 processing task 0 requiring operations [2, 8]
2 Worker 0 forwarding task 0
3 Worker 1 accepting task 1
3 Worker 2 accepting task 0
3 Worker 1 processing task 1 requiring operations [9, 2]
3 Worker 1 performing operation 9 on task 1
3 Worker 2 processing task 0 requiring operations [2, 8]
3 Worker 2 performing operation 2 on task 0
4 Generated task 2
4 Worker 4 accepting task 2
4 Worker 1 accepting task 1
4 Worker 2 accepting task 0
4 Worker 1 processing task 1 requiring operations [2]
4 Worker 1 forwarding task 1
4 Worker 2 processing task 0 requiring operations [8]
4 Worker 2 forwarding task 0
4 Worker 4 processing task 2 requiring operations [9, 3, 2]
4 Worker 4 forwarding task 2
5 Worker 2 accepting task 1
5 Worker 1 accepting task 0
5 Worker 0 accepting task 2
5 Worker 2 processing task 1 requiring operations [2]
5 Worker 2 performing operation 2 on task 1
5 Worker 1 processing task 0 requiring operations [8]
5 Worker 1 forwarding task 0
5 Worker 0 processing task 2 requiring operations [9, 3, 2]
5 Worker 0 forwarding task 2
6 Generated task 3
6 Worker 0 accepting task 3
6 Task 1 completed!
6 Worker 4 accepting task 0
6 Worker 4 accepting task 2
6 Worker 0 processing task 3 requiring operations [10, 1, 5]
6 Worker 0 performing operation 10 on task 3
6 Worker 4 processing task 0 requiring operations [8]
6 Worker 4 forwarding task 0
7 Worker 0 accepting task 3
7 Worker 1 accepting task 0
7 Worker 0 processing task 3 requiring operations [1, 5]
7 Worker 0 forwarding task 3
7 Worker 4 processing task 2 requiring operations [9, 3, 2]
7 Worker 4 forwarding task 2
7 Worker 1 processing task 0 requiring operations [8]
7 Worker 1 forwarding task 0
8 Generated task 4
8 Worker 4 accepting task 4
8 Worker 3 accepting task 3
8 Worker 1 accepting task 2
8 Worker 4 accepting task 0
8 Worker 4 processing task 4 requiring operations [1, 6, 5]
8 Worker 4 performing operation 1 on task 4
8 Worker 1 processing task 2 requiring operations [9, 3, 2]
8 Worker 1 performing operation 3 on task 2
8 Worker 3 processing task 3 requiring operations [1, 5]
8 Worker 3 performing operation 5 on task 3
9 Worker 4 accepting task 4
9 Worker 1 accepting task 2
9 Worker 3 accepting task 3
9 Worker 4 processing task 0 requiring operations [8]
9 Worker 4 forwarding task 0
9 Worker 1 processing task 2 requiring operations [9, 2]
9 Worker 1 performing operation 9 on task 2
9 Worker 3 processing task 3 requiring operations [1]
9 Worker 3 forwarding task 3
10 Generated task 5
10 Worker 3 accepting task 5
10 Worker 0 accepting task 0
10 Worker 1 accepting task 2
10 Worker 0 accepting task 3
10 Worker 4 processing task 4 requiring operations [6, 5]
10 Worker 4 forwarding task 4
10 Worker 1 processing task 2 requiring operations [2]
10 Worker 1 forwarding task 2
10 Worker 3 processing task 5 requiring operations [8, 5, 10]
10 Worker 3 performing operation 5 on task 5
10 Worker 0 processing task 0 requiring operations [8]
10 Worker 0 forwarding task 0
11 Worker 0 accepting task 4
11 Worker 2 accepting task 2
11 Worker 3 accepting task 5
11 Worker 3 accepting task 0
11 Worker 3 processing task 5 requiring operations [8, 10]
11 Worker 3 performing operation 8 on task 5
11 Worker 0 processing task 3 requiring operations [1]
11 Worker 0 forwarding task 3
11 Worker 2 processing task 2 requiring operations [2]
11 Worker 2 performing operation 2 on task 2
12 Generated task 6
12 Worker 2 accepting task 6
12 Worker 3 accepting task 5
12 Worker 4 accepting task 3
12 Task 2 completed!
12 Worker 3 processing task 0 requiring operations [8]
12 Worker 3 performing operation 8 on task 0
12 Worker 0 processing task 4 requiring operations [6, 5]
12 Worker 0 forwarding task 4
12 Worker 2 processing task 6 requiring operations [5, 9, 6]
12 Worker 2 forwarding task 6
12 Worker 4 processing task 3 requiring operations [1]
12 Worker 4 performing operation 1 on task 3
13 Task 0 completed!
13 Worker 4 accepting task 4
13 Worker 0 accepting task 6
13 Task 3 completed!
13 Worker 3 processing task 5 requiring operations [10]
13 Worker 3 forwarding task 5
13 Worker 4 processing task 4 requiring operations [6, 5]
13 Worker 4 forwarding task 4
13 Worker 0 processing task 6 requiring operations [5, 9, 6]
13 Worker 0 forwarding task 6
14 Generated task 7
14 Worker 4 accepting task 7
14 Worker 2 accepting task 5
14 Worker 1 accepting task 4
14 Worker 4 accepting task 6
14 Worker 4 processing task 7 requiring operations [2, 8, 1]
14 Worker 4 performing operation 1 on task 7
14 Worker 2 processing task 5 requiring operations [10]
14 Worker 2 forwarding task 5
14 Worker 1 processing task 4 requiring operations [6, 5]
14 Worker 1 forwarding task 4
15 Worker 4 accepting task 7
15 Worker 0 accepting task 5
15 Worker 4 accepting task 4
15 Worker 4 processing task 6 requiring operations [5, 9, 6]
15 Worker 4 forwarding task 6
15 Worker 0 processing task 5 requiring operations [10]
15 Worker 0 performing operation 10 on task 5
16 Generated task 8
16 Worker 4 accepting task 8
16 Worker 0 accepting task 6
16 Task 5 completed!
16 Worker 4 processing task 7 requiring operations [2, 8]
16 Worker 4 forwarding task 7
16 Worker 0 processing task 6 requiring operations [5, 9, 6]
16 Worker 0 forwarding task 6
17 Worker 1 accepting task 7
17 Worker 4 accepting task 6
17 Worker 4 processing task 4 requiring operations [6, 5]
17 Worker 4 forwarding task 4
17 Worker 1 processing task 7 requiring operations [2, 8]
17 Worker 1 forwarding task 7
18 Generated task 9
18 Worker 2 accepting task 9
18 Worker 1 accepting task 4
18 Worker 4 accepting task 7
18 Worker 4 processing task 8 requiring operations [7, 1, 5]
18 Worker 4 performing operation 1 on task 8
18 Worker 1 processing task 4 requiring operations [6, 5]
18 Worker 1 forwarding task 4
18 Worker 2 processing task 9 requiring operations [9, 5, 7]
18 Worker 2 forwarding task 9
19 Worker 4 accepting task 8
19 Worker 4 accepting task 4
19 Worker 1 accepting task 9
19 Worker 4 processing task 6 requiring operations [5, 9, 6]
19 Worker 4 forwarding task 6
19 Worker 1 processing task 9 requiring operations [9, 5, 7]
19 Worker 1 performing operation 9 on task 9
20 Generated task 10
20 Worker 1 accepting task 10
20 Worker 0 accepting task 6
20 Worker 1 accepting task 9
20 Worker 4 processing task 7 requiring operations [2, 8]
20 Worker 4 forwarding task 7
20 Worker 1 processing task 10 requiring operations [6, 4, 8]
20 Worker 1 performing operation 4 on task 10
20 Worker 0 processing task 6 requiring operations [5, 9, 6]
20 Worker 0 forwarding task 6
21 Worker 1 accepting task 7
21 Worker 1 accepting task 10
21 Worker 2 accepting task 6
21 Worker 4 processing task 8 requiring operations [7, 5]
21 Worker 4 forwarding task 8
21 Worker 1 processing task 9 requiring operations [5, 7]
21 Worker 1 performing operation 7 on task 9
21 Worker 2 processing task 6 requiring operations [5, 9, 6]
21 Worker 2 forwarding task 6
22 Generated task 11
22 Worker 4 accepting task 11
22 Worker 0 accepting task 8
22 Worker 1 accepting task 9
22 Worker 0 accepting task 6
22 Worker 4 processing task 4 requiring operations [6, 5]
22 Worker 4 forwarding task 4
22 Worker 1 processing task 7 requiring operations [2, 8]
22 Worker 1 forwarding task 7
22 Worker 0 processing task 8 requiring operations [7, 5]
22 Worker 0 performing operation 7 on task 8
23 Worker 0 accepting task 4
23 Worker 4 accepting task 7
23 Worker 0 accepting task 8
23 Worker 4 processing task 11 requiring operations [4, 6, 2]
23 Worker 4 forwarding task 11
23 Worker 1 processing task 10 requiring operations [6, 8]
23 Worker 1 forwarding task 10
23 Worker 0 processing task 6 requiring operations [5, 9, 6]
23 Worker 0 forwarding task 6
24 Generated task 12
24 Worker 1 accepting task 12
24 Worker 0 accepting task 11
24 Worker 4 accepting task 10
24 Worker 4 accepting task 6
24 Worker 4 processing task 7 requiring operations [2, 8]
24 Worker 4 forwarding task 7
24 Worker 1 processing task 9 requiring operations [5]
24 Worker 1 forwarding task 9
24 Worker 0 processing task 4 requiring operations [6, 5]
24 Worker 0 forwarding task 4
25 Worker 0 accepting task 7
25 Worker 2 accepting task 9
25 Worker 2 accepting task 4
25 Worker 4 processing task 10 requiring operations [6, 8]
25 Worker 4 forwarding task 10
25 Worker 1 processing task 12 requiring operations [10, 5, 8]
25 Worker 1 forwarding task 12
25 Worker 0 processing task 8 requiring operations [5]
25 Worker 0 forwarding task 8
25 Worker 2 processing task 9 requiring operations [5]
25 Worker 2 forwarding task 9
26 Generated task 13
26 Worker 4 accepting task 13
26 Worker 0 accepting task 10
26 Worker 2 accepting task 12
26 Worker 3 accepting task 8
26 Worker 3 accepting task 9
26 Worker 4 processing task 6 requiring operations [5, 9, 6]
26 Worker 4 forwarding task 6
26 Worker 0 processing task 11 requiring operations [4, 6, 2]
26 Worker 0 forwarding task 11
26 Worker 2 processing task 4 requiring operations [6, 5]
26 Worker 2 forwarding task 4
26 Worker 3 processing task 8 requiring operations [5]
26 Worker 3 performing operation 5 on task 8
27 Worker 0 accepting task 6
27 Worker 4 accepting task 11
27 Worker 0 accepting task 4
27 Task 8 completed!
27 Worker 4 processing task 13 requiring operations [4, 6, 9]
27 Worker 4 forwarding task 13
27 Worker 0 processing task 7 requiring operations [2, 8]
27 Worker 0 forwarding task 7
27 Worker 2 processing task 12 requiring operations [10, 5, 8]
27 Worker 2 forwarding task 12
27 Worker 3 processing task 9 requiring operations [5]
27 Worker 3 performing operation 5 on task 9
28 Generated task 14
28 Worker 4 accepting task 14
28 Worker 1 accepting task 13
28 Worker 2 accepting task 7
28 Worker 3 accepting task 12
28 Task 9 completed!
28 Worker 4 processing task 11 requiring operations [4, 6, 2]
28 Worker 4 forwarding task 11
28 Worker 0 processing task 10 requiring operations [6, 8]
28 Worker 0 forwarding task 10
28 Worker 2 processing task 7 requiring operations [2, 8]
28 Worker 2 performing operation 2 on task 7
28 Worker 3 processing task 12 requiring operations [10, 5, 8]
28 Worker 3 performing operation 8 on task 12
28 Worker 1 processing task 13 requiring operations [4, 6, 9]
28 Worker 1 performing operation 4 on task 13
29 Worker 1 accepting task 11
29 Worker 4 accepting task 10
29 Worker 2 accepting task 7
29 Worker 3 accepting task 12
29 Worker 1 accepting task 13
29 Worker 4 processing task 14 requiring operations [6, 1, 7]
29 Worker 4 performing operation 1 on task 14
29 Worker 0 processing task 6 requiring operations [5, 9, 6]
29 Worker 0 forwarding task 6
29 Worker 2 processing task 7 requiring operations [8]
29 Worker 2 forwarding task 7
29 Worker 3 processing task 12 requiring operations [10, 5]
29 Worker 3 performing operation 5 on task 12
29 Worker 1 processing task 11 requiring operations [4, 6, 2]
29 Worker 1 performing operation 4 on task 11
30 Generated task 15
30 Worker 2 accepting task 15
30 Worker 4 accepting task 14
30 Worker 4 accepting task 6
30 Worker 1 accepting task 7
30 Worker 3 accepting task 12
30 Worker 1 accepting task 11
30 Worker 4 processing task 10 requiring operations [6, 8]
30 Worker 4 forwarding task 10
30 Worker 0 processing task 4 requiring operations [6, 5]
30 Worker 0 forwarding task 4
30 Worker 2 processing task 15 requiring operations [3, 8, 4]
30 Worker 2 forwarding task 15
30 Worker 3 processing task 12 requiring operations [10]
30 Worker 3 forwarding task 12
30 Worker 1 processing task 13 requiring operations [6, 9]
30 Worker 1 performing operation 9 on task 13
31 Worker 0 accepting task 10
31 Worker 2 accepting task 4
31 Worker 1 accepting task 15
31 Worker 2 accepting task 12
31 Worker 1 accepting task 13
31 Worker 4 processing task 14 requiring operations [6, 7]
31 Worker 4 forwarding task 14
31 Worker 0 processing task 10 requiring operations [6, 8]
31 Worker 0 forwarding task 10
31 Worker 2 processing task 4 requiring operations [6, 5]
31 Worker 2 forwarding task 4
31 Worker 1 processing task 7 requiring operations [8]
31 Worker 1 forwarding task 7
32 Generated task 16
32 Worker 2 accepting task 16
32 Worker 0 accepting task 14
32 Worker 4 accepting task 10
32 Worker 0 accepting task 4
32 Worker 2 accepting task 7
32 Worker 4 processing task 6 requiring operations [5, 9, 6]
32 Worker 4 forwarding task 6
32 Worker 0 processing task 14 requiring operations [6, 7]
32 Worker 0 performing operation 7 on task 14
32 Worker 2 processing task 12 requiring operations [10]
32 Worker 2 forwarding task 12
32 Worker 1 processing task 11 requiring operations [6, 2]
32 Worker 1 forwarding task 11
33 Worker 0 accepting task 6
33 Worker 0 accepting task 14
33 Worker 0 accepting task 12
33 Worker 2 accepting task 11
33 Worker 4 processing task 10 requiring operations [6, 8]
33 Worker 4 forwarding task 10
33 Worker 0 processing task 4 requiring operations [6, 5]
33 Worker 0 forwarding task 4
33 Worker 2 processing task 16 requiring operations [3, 4, 10]
33 Worker 2 forwarding task 16
33 Worker 1 processing task 15 requiring operations [3, 8, 4]
33 Worker 1 performing operation 4 on task 15
34 Generated task 17
34 Worker 3 accepting task 17
34 Worker 0 accepting task 10
34 Worker 3 accepting task 4
34 Worker 1 accepting task 16
34 Worker 1 accepting task 15
34 Worker 0 processing task 6 requiring operations [5, 9, 6]
34 Worker 0 forwarding task 6
34 Worker 2 processing task 7 requiring operations [8]
34 Worker 2 forwarding task 7
34 Worker 1 processing task 13 requiring operations [6]
34 Worker 1 forwarding task 13
34 Worker 3 processing task 17 requiring operations [5, 9, 3]
34 Worker 3 performing operation 9 on task 17
35 Worker 2 accepting task 6
35 Worker 3 accepting task 7
35 Worker 4 accepting task 13
35 Worker 3 accepting task 17
35 Worker 0 processing task 14 requiring operations [6]
35 Worker 0 forwarding task 14
35 Worker 2 processing task 11 requiring operations [6, 2]
35 Worker 2 performing operation 2 on task 11
35 Worker 1 processing task 16 requiring operations [3, 4, 10]
35 Worker 1 performing operation 3 on task 16
35 Worker 3 processing task 4 requiring operations [6, 5]
35 Worker 3 performing operation 5 on task 4
35 Worker 4 processing task 13 requiring operations [6]
35 Worker 4 forwarding task 13
36 Generated task 18
36 Worker 3 accepting task 18
36 Worker 4 accepting task 14
36 Worker 2 accepting task 11
36 Worker 1 accepting task 16
36 Worker 3 accepting task 4
36 Worker 1 accepting task 13
36 Worker 0 processing task 12 requiring operations [10]
36 Worker 0 performing operation 10 on task 12
36 Worker 2 processing task 6 requiring operations [5, 9, 6]
36 Worker 2 forwarding task 6
36 Worker 1 processing task 15 requiring operations [3, 8]
36 Worker 1 performing operation 3 on task 15
36 Worker 3 processing task 7 requiring operations [8]
36 Worker 3 performing operation 8 on task 7
36 Worker 4 processing task 14 requiring operations [6]
36 Worker 4 forwarding task 14
37 Task 12 completed!
37 Worker 0 accepting task 6
37 Worker 1 accepting task 15
37 Task 7 completed!
37 Worker 0 accepting task 14
37 Worker 0 processing task 10 requiring operations [6, 8]
37 Worker 0 forwarding task 10
37 Worker 2 processing task 11 requiring operations [6]
37 Worker 2 forwarding task 11
37 Worker 1 processing task 16 requiring operations [4, 10]
37 Worker 1 performing operation 4 on task 16
37 Worker 3 processing task 17 requiring operations [5, 3]
37 Worker 3 performing operation 5 on task 17
38 Generated task 19
38 Worker 2 accepting task 19
38 Worker 4 accepting task 10
38 Worker 0 accepting task 11
38 Worker 1 accepting task 16
38 Worker 3 accepting task 17
38 Worker 0 processing task 6 requiring operations [5, 9, 6]
38 Worker 0 forwarding task 6
38 Worker 2 processing task 19 requiring operations [9, 8, 3]
38 Worker 2 forwarding task 19
38 Worker 1 processing task 13 requiring operations [6]
38 Worker 1 forwarding task 13
38 Worker 3 processing task 18 requiring operations [4, 8, 7]
38 Worker 3 performing operation 8 on task 18
38 Worker 4 processing task 10 requiring operations [6, 8]
38 Worker 4 forwarding task 10
39 Worker 4 accepting task 6
39 Worker 3 accepting task 19
39 Worker 4 accepting task 13
39 Worker 3 accepting task 18
39 Worker 1 accepting task 10
39 Worker 0 processing task 14 requiring operations [6]
39 Worker 0 forwarding task 14
39 Worker 1 processing task 15 requiring operations [8]
39 Worker 1 forwarding task 15
39 Worker 3 processing task 4 requiring operations [6]
39 Worker 3 performing operation 6 on task 4
39 Worker 4 processing task 6 requiring operations [5, 9, 6]
39 Worker 4 forwarding task 6
40 Generated task 20
40 Worker 3 accepting task 20
40 Worker 3 accepting task 14
40 Worker 2 accepting task 15
40 Task 4 completed!
40 Worker 1 accepting task 6
40 Worker 0 processing task 11 requiring operations [6]
40 Worker 0 forwarding task 11
40 Worker 1 processing task 16 requiring operations [10]
40 Worker 1 forwarding task 16
40 Worker 3 processing task 17 requiring operations [3]
40 Worker 3 performing operation 3 on task 17
40 Worker 4 processing task 13 requiring operations [6]
40 Worker 4 forwarding task 13
40 Worker 2 processing task 15 requiring operations [8]
40 Worker 2 forwarding task 15
41 Worker 4 accepting task 11
41 Worker 2 accepting task 16
41 Task 17 completed!
41 Worker 0 accepting task 13
41 Worker 3 accepting task 15
41 Worker 1 processing task 10 requiring operations [6, 8]
41 Worker 1 forwarding task 10
41 Worker 3 processing task 19 requiring operations [9, 8, 3]
41 Worker 3 performing operation 8 on task 19
41 Worker 4 processing task 11 requiring operations [6]
41 Worker 4 forwarding task 11
41 Worker 2 processing task 16 requiring operations [10]
41 Worker 2 forwarding task 16
41 Worker 0 processing task 13 requiring operations [6]
41 Worker 0 forwarding task 13
42 Generated task 21
42 Worker 2 accepting task 21
42 Worker 4 accepting task 10
42 Worker 3 accepting task 19
42 Worker 0 accepting task 11
42 Worker 3 accepting task 16
42 Worker 3 accepting task 13
42 Worker 1 processing task 6 requiring operations [5, 9, 6]
42 Worker 1 performing operation 9 on task 6
42 Worker 3 processing task 18 requiring operations [4, 7]
42 Worker 3 forwarding task 18
42 Worker 4 processing task 10 requiring operations [6, 8]
42 Worker 4 forwarding task 10
42 Worker 2 processing task 21 requiring operations [7, 6, 4]
42 Worker 2 forwarding task 21
42 Worker 0 processing task 11 requiring operations [6]
42 Worker 0 forwarding task 11
43 Worker 1 accepting task 6
43 Worker 0 accepting task 18
43 Worker 0 accepting task 10
43 Worker 3 accepting task 21
43 Worker 4 accepting task 11
43 Worker 1 processing task 6 requiring operations [5, 6]
43 Worker 1 forwarding task 6
43 Worker 3 processing task 20 requiring operations [6, 7, 4]
43 Worker 3 performing operation 6 on task 20
43 Worker 0 processing task 18 requiring operations [4, 7]
43 Worker 0 performing operation 7 on task 18
43 Worker 4 processing task 11 requiring operations [6]
43 Worker 4 forwarding task 11
44 Generated task 22
44 Worker 3 accepting task 22
44 Worker 4 accepting task 6
44 Worker 3 accepting task 20
44 Worker 0 accepting task 18
44 Worker 1 accepting task 11
44 Worker 3 processing task 14 requiring operations [6]
44 Worker 3 performing operation 6 on task 14
44 Worker 0 processing task 10 requiring operations [6, 8]
44 Worker 0 forwarding task 10
44 Worker 4 processing task 6 requiring operations [5, 6]
44 Worker 4 forwarding task 6
44 Worker 1 processing task 11 requiring operations [6]
44 Worker 1 forwarding task 11
45 Task 14 completed!
45 Worker 2 accepting task 10
45 Worker 1 accepting task 6
45 Worker 4 accepting task 11
45 Worker 3 processing task 15 requiring operations [8]
45 Worker 3 performing operation 8 on task 15
45 Worker 0 processing task 18 requiring operations [4]
45 Worker 0 forwarding task 18
45 Worker 1 processing task 6 requiring operations [5, 6]
45 Worker 1 forwarding task 6
45 Worker 2 processing task 10 requiring operations [6, 8]
45 Worker 2 forwarding task 10
45 Worker 4 processing task 11 requiring operations [6]
45 Worker 4 forwarding task 11
46 Generated task 23
46 Worker 0 accepting task 23
46 Task 15 completed!
46 Worker 3 accepting task 18
46 Worker 4 accepting task 6
46 Worker 1 accepting task 10
46 Worker 0 accepting task 11
46 Worker 3 processing task 19 requiring operations [9, 3]
46 Worker 3 performing operation 3 on task 19
46 Worker 0 processing task 23 requiring operations [5, 1, 7]
46 Worker 0 performing operation 7 on task 23
46 Worker 4 processing task 6 requiring operations [5, 6]
46 Worker 4 forwarding task 6
46 Worker 1 processing task 10 requiring operations [6, 8]
46 Worker 1 forwarding task 10
47 Worker 3 accepting task 19
47 Worker 0 accepting task 23
47 Worker 0 accepting task 6
47 Worker 4 accepting task 10
47 Worker 3 processing task 16 requiring operations [10]
47 Worker 3 forwarding task 16
47 Worker 0 processing task 11 requiring operations [6]
47 Worker 0 forwarding task 11
47 Worker 4 processing task 10 requiring operations [6, 8]
47 Worker 4 forwarding task 10
48 Generated task 24
48 Worker 4 accepting task 24
48 Worker 2 accepting task 16
48 Worker 4 accepting task 11
48 Worker 1 accepting task 10
48 Worker 3 processing task 13 requiring operations [6]
48 Worker 3 performing operation 6 on task 13
48 Worker 0 processing task 23 requiring operations [5, 1]
48 Worker 0 forwarding task 23
48 Worker 4 processing task 24 requiring operations [2, 1, 9]
48 Worker 4 performing operation 1 on task 24
48 Worker 2 processing task 16 requiring operations [10]
48 Worker 2 forwarding task 16
48 Worker 1 processing task 10 requiring operations [6, 8]
48 Worker 1 forwarding task 10
49 Task 13 completed!
49 Worker 4 accepting task 23
49 Worker 4 accepting task 24
49 Worker 3 accepting task 16
49 Worker 4 accepting task 10
49 Worker 3 processing task 21 requiring operations [7, 6, 4]
49 Worker 3 performing operation 6 on task 21
49 Worker 0 processing task 6 requiring operations [5, 6]
49 Worker 0 forwarding task 6
49 Worker 4 processing task 11 requiring operations [6]
49 Worker 4 forwarding task 11
50 Generated task 25
50 Worker 1 accepting task 25
50 Worker 3 accepting task 21
50 Worker 4 accepting task 6
50 Worker 0 accepting task 11
50 Worker 3 processing task 22 requiring operations [10, 5, 4]
50 Worker 3 performing operation 5 on task 22
50 Worker 4 processing task 23 requiring operations [5, 1]
50 Worker 4 performing operation 1 on task 23
50 Worker 1 processing task 25 requiring operations [8, 5, 3]
50 Worker 1 performing operation 3 on task 25
50 Worker 0 processing task 11 requiring operations [6]
50 Worker 0 forwarding task 11
51 Worker 3 accepting task 22
51 Worker 4 accepting task 23
51 Worker 1 accepting task 25
51 Worker 4 accepting task 11
51 Worker 3 processing task 20 requiring operations [7, 4]
51 Worker 3 forwarding task 20
51 Worker 4 processing task 24 requiring operations [2, 9]
51 Worker 4 forwarding task 24
51 Worker 1 processing task 25 requiring operations [8, 5]
51 Worker 1 forwarding task 25
52 Generated task 26
52 Worker 2 accepting task 26
52 Worker 2 accepting task 20
52 Worker 0 accepting task 24
52 Worker 2 accepting task 25
52 Worker 3 processing task 18 requiring operations [4]
52 Worker 3 forwarding task 18
52 Worker 4 processing task 10 requiring operations [6, 8]
52 Worker 4 forwarding task 10
52 Worker 2 processing task 26 requiring operations [9, 5, 6]
52 Worker 2 forwarding task 26
52 Worker 0 processing task 24 requiring operations [2, 9]
52 Worker 0 forwarding task 24
53 Worker 0 accepting task 18
53 Worker 0 accepting task 10
53 Worker 3 accepting task 26
53 Worker 3 accepting task 24
53 Worker 3 processing task 19 requiring operations [9]
53 Worker 3 performing operation 9 on task 19
53 Worker 4 processing task 6 requiring operations [5, 6]
53 Worker 4 forwarding task 6
53 Worker 2 processing task 20 requiring operations [7, 4]
53 Worker 2 forwarding task 20
53 Worker 0 processing task 18 requiring operations [4]
53 Worker 0 forwarding task 18
54 Generated task 27
54 Worker 0 accepting task 27
54 Task 19 completed!
54 Worker 1 accepting task 6
54 Worker 0 accepting task 20
54 Worker 4 accepting task 18
54 Worker 3 processing task 16 requiring operations [10]
54 Worker 3 forwarding task 16
54 Worker 4 processing task 23 requiring operations [5]
54 Worker 4 forwarding task 23
54 Worker 2 processing task 25 requiring operations [8, 5]
54 Worker 2 forwarding task 25
54 Worker 0 processing task 10 requiring operations [6, 8]
54 Worker 0 forwarding task 10
54 Worker 1 processing task 6 requiring operations [5, 6]
54 Worker 1 forwarding task 6
55 Worker 2 accepting task 16
55 Worker 0 accepting task 23
55 Worker 1 accepting task 25
55 Worker 4 accepting task 10
55 Worker 2 accepting task 6
55 Worker 3 processing task 21 requiring operations [7, 4]
55 Worker 3 forwarding task 21
55 Worker 4 processing task 11 requiring operations [6]
55 Worker 4 forwarding task 11
55 Worker 2 processing task 16 requiring operations [10]
55 Worker 2 forwarding task 16
55 Worker 0 processing task 27 requiring operations [4, 2, 6]
55 Worker 0 forwarding task 27
55 Worker 1 processing task 25 requiring operations [8, 5]
55 Worker 1 forwarding task 25
56 Generated task 28
56 Worker 4 accepting task 28
56 Worker 2 accepting task 21
56 Worker 0 accepting task 11
56 Worker 0 accepting task 16
56 Worker 4 accepting task 27
56 Worker 4 accepting task 25
56 Worker 3 processing task 22 requiring operations [10, 4]
56 Worker 3 forwarding task 22
56 Worker 4 processing task 18 requiring operations [4]
56 Worker 4 forwarding task 18
56 Worker 2 processing task 6 requiring operations [5, 6]
56 Worker 2 forwarding task 6
56 Worker 0 processing task 20 requiring operations [7, 4]
56 Worker 0 performing operation 7 on task 20
57 Worker 0 accepting task 22
57 Worker 0 accepting task 18
57 Worker 0 accepting task 6
57 Worker 0 accepting task 20
57 Worker 3 processing task 26 requiring operations [9, 5, 6]
57 Worker 3 performing operation 9 on task 26
57 Worker 4 processing task 10 requiring operations [6, 8]
57 Worker 4 forwarding task 10
57 Worker 2 processing task 21 requiring operations [7, 4]
57 Worker 2 forwarding task 21
57 Worker 0 processing task 23 requiring operations [5]
57 Worker 0 forwarding task 23
58 Generated task 29
58 Worker 3 accepting task 29
58 Worker 3 accepting task 26
58 Worker 0 accepting task 10
58 Worker 0 accepting task 21
58 Worker 3 accepting task 23
58 Worker 3 processing task 24 requiring operations [2, 9]
58 Worker 3 performing operation 2 on task 24
58 Worker 4 processing task 28 requiring operations [3, 2, 8]
58 Worker 4 forwarding task 28
58 Worker 0 processing task 11 requiring operations [6]
58 Worker 0 forwarding task 11
59 Worker 3 accepting task 24
59 Worker 1 accepting task 28
59 Worker 2 accepting task 11
59 Worker 3 processing task 29 requiring operations [8, 5, 10]
59 Worker 3 performing operation 5 on task 29
59 Worker 4 processing task 27 requiring operations [4, 2, 6]
59 Worker 4 forwarding task 27
59 Worker 0 processing task 16 requiring operations [10]
59 Worker 0 performing operation 10 on task 16
59 Worker 1 processing task 28 requiring operations [3, 2, 8]
59 Worker 1 performing operation 3 on task 28
59 Worker 2 processing task 11 requiring operations [6]
59 Worker 2 forwarding task 11
60 Generated task 30
60 Worker 0 accepting task 30
60 Worker 3 accepting task 29
60 Worker 0 accepting task 27
60 Task 16 completed!
60 Worker 1 accepting task 28
60 Worker 3 accepting task 11
60 Worker 3 processing task 26 requiring operations [5, 6]
60 Worker 3 performing operation 6 on task 26
60 Worker 4 processing task 25 requiring operations [8, 5]
60 Worker 4 forwarding task 25
60 Worker 0 processing task 22 requiring operations [10, 4]
60 Worker 0 performing operation 10 on task 22
60 Worker 1 processing task 28 requiring operations [2, 8]
60 Worker 1 forwarding task 28
61 Worker 3 accepting task 26
61 Worker 0 accepting task 25
61 Worker 0 accepting task 22
61 Worker 2 accepting task 28
61 Worker 3 processing task 23 requiring operations [5]
61 Worker 3 performing operation 5 on task 23
61 Worker 0 processing task 18 requiring operations [4]
61 Worker 0 forwarding task 18
61 Worker 2 processing task 28 requiring operations [2, 8]
61 Worker 2 performing operation 2 on task 28
62 Generated task 31
62 Worker 1 accepting task 31
62 Task 23 completed!
62 Worker 4 accepting task 18
62 Worker 2 accepting task 28
62 Worker 3 processing task 24 requiring operations [9]
62 Worker 3 performing operation 9 on task 24
62 Worker 0 processing task 6 requiring operations [5, 6]
62 Worker 0 forwarding task 6
62 Worker 2 processing task 28 requiring operations [8]
62 Worker 2 forwarding task 28
62 Worker 1 processing task 31 requiring operations [1, 7, 6]
62 Worker 1 performing operation 7 on task 31
62 Worker 4 processing task 18 requiring operations [4]
62 Worker 4 forwarding task 18
63 Task 24 completed!
63 Worker 2 accepting task 6
63 Worker 3 accepting task 28
63 Worker 1 accepting task 31
63 Worker 0 accepting task 18
63 Worker 3 processing task 29 requiring operations [8, 10]
63 Worker 3 performing operation 8 on task 29
63 Worker 0 processing task 20 requiring operations [4]
63 Worker 0 forwarding task 20
63 Worker 2 processing task 6 requiring operations [5, 6]
63 Worker 2 forwarding task 6
63 Worker 1 processing task 31 requiring operations [1, 6]
63 Worker 1 forwarding task 31
64 Generated task 32
64 Worker 1 accepting task 32
64 Worker 3 accepting task 29
64 Worker 4 accepting task 20
64 Worker 0 accepting task 6
64 Worker 4 accepting task 31
64 Worker 3 processing task 11 requiring operations [6]
64 Worker 3 performing operation 6 on task 11
64 Worker 0 processing task 10 requiring operations [6, 8]
64 Worker 0 forwarding task 10
64 Worker 1 processing task 32 requiring operations [8, 6, 1]
64 Worker 1 forwarding task 32
64 Worker 4 processing task 20 requiring operations [4]
64 Worker 4 forwarding task 20
65 Task 11 completed!
65 Worker 4 accepting task 10
65 Worker 2 accepting task 32
65 Worker 0 accepting task 20
65 Worker 3 processing task 26 requiring operations [5]
65 Worker 3 performing operation 5 on task 26
65 Worker 0 processing task 21 requiring operations [7, 4]
65 Worker 0 performing operation 7 on task 21
65 Worker 4 processing task 31 requiring operations [1, 6]
65 Worker 4 performing operation 1 on task 31
65 Worker 2 processing task 32 requiring operations [8, 6, 1]
65 Worker 2 forwarding task 32
66 Generated task 33
66 Worker 4 accepting task 33
66 Task 26 completed!
66 Worker 0 accepting task 21
66 Worker 4 accepting task 31
66 Worker 1 accepting task 32
66 Worker 3 processing task 28 requiring operations [8]
66 Worker 3 performing operation 8 on task 28
66 Worker 0 processing task 30 requiring operations [3, 10, 8]
66 Worker 0 performing operation 10 on task 30
66 Worker 4 processing task 10 requiring operations [6, 8]
66 Worker 4 forwarding task 10
66 Worker 1 processing task 32 requiring operations [8, 6, 1]
66 Worker 1 forwarding task 32
67 Task 28 completed!
67 Worker 0 accepting task 30
67 Worker 0 accepting task 10
67 Worker 2 accepting task 32
67 Worker 3 processing task 29 requiring operations [10]
67 Worker 3 forwarding task 29
67 Worker 0 processing task 27 requiring operations [4, 2, 6]
67 Worker 0 forwarding task 27
67 Worker 4 processing task 33 requiring operations [9, 4, 8]
67 Worker 4 forwarding task 33
67 Worker 2 processing task 32 requiring operations [8, 6, 1]
67 Worker 2 forwarding task 32
68 Generated task 34
68 Worker 1 accepting task 34
68 Worker 0 accepting task 29
68 Worker 3 accepting task 27
68 Worker 0 accepting task 33
68 Worker 3 accepting task 32
68 Worker 0 processing task 25 requiring operations [8, 5]
68 Worker 0 forwarding task 25
68 Worker 4 processing task 31 requiring operations [6]
68 Worker 4 forwarding task 31
68 Worker 1 processing task 34 requiring operations [3, 6, 8]
68 Worker 1 performing operation 3 on task 34
68 Worker 3 processing task 27 requiring operations [4, 2, 6]
68 Worker 3 performing operation 6 on task 27
69 Worker 2 accepting task 25
69 Worker 0 accepting task 31
69 Worker 1 accepting task 34
69 Worker 3 accepting task 27
69 Worker 0 processing task 22 requiring operations [4]
69 Worker 0 forwarding task 22
69 Worker 1 processing task 34 requiring operations [6, 8]
69 Worker 1 forwarding task 34
69 Worker 3 processing task 32 requiring operations [8, 6, 1]
69 Worker 3 performing operation 8 on task 32
69 Worker 2 processing task 25 requiring operations [8, 5]
69 Worker 2 forwarding task 25
70 Generated task 35
70 Worker 1 accepting task 35
70 Worker 3 accepting task 22
70 Worker 2 accepting task 34
70 Worker 3 accepting task 32
70 Worker 3 accepting task 25
70 Worker 0 processing task 18 requiring operations [4]
70 Worker 0 forwarding task 18
70 Worker 1 processing task 35 requiring operations [4, 2, 7]
70 Worker 1 performing operation 7 on task 35
70 Worker 3 processing task 27 requiring operations [4, 2]
70 Worker 3 performing operation 2 on task 27
70 Worker 2 processing task 34 requiring operations [6, 8]
70 Worker 2 forwarding task 34
71 Worker 3 accepting task 18
71 Worker 1 accepting task 35
71 Worker 3 accepting task 27
71 Worker 3 accepting task 34
71 Worker 0 processing task 6 requiring operations [5, 6]
71 Worker 0 forwarding task 6
71 Worker 1 processing task 35 requiring operations [4, 2]
71 Worker 1 performing operation 4 on task 35
71 Worker 3 processing task 22 requiring operations [4]
71 Worker 3 forwarding task 22
72 Generated task 36
72 Worker 1 accepting task 36
72 Worker 4 accepting task 6
72 Worker 1 accepting task 35
72 Worker 0 accepting task 22
72 Worker 0 processing task 20 requiring operations [4]
72 Worker 0 forwarding task 20
72 Worker 1 processing task 36 requiring operations [5, 3, 10]
72 Worker 1 performing operation 3 on task 36
72 Worker 3 processing task 32 requiring operations [6, 1]
72 Worker 3 performing operation 6 on task 32
72 Worker 4 processing task 6 requiring operations [5, 6]
72 Worker 4 forwarding task 6
73 Worker 4 accepting task 20
73 Worker 1 accepting task 36
73 Worker 3 accepting task 32
73 Worker 0 accepting task 6
73 Worker 0 processing task 21 requiring operations [4]
73 Worker 0 forwarding task 21
73 Worker 1 processing task 35 requiring operations [2]
73 Worker 1 forwarding task 35
73 Worker 3 processing task 25 requiring operations [8, 5]
73 Worker 3 performing operation 5 on task 25
73 Worker 4 processing task 20 requiring operations [4]
73 Worker 4 forwarding task 20
74 Generated task 37
74 Worker 1 accepting task 37
74 Worker 2 accepting task 21
74 Worker 4 accepting task 35
74 Worker 3 accepting task 25
74 Worker 1 accepting task 20
74 Worker 0 processing task 30 requiring operations [3, 8]
74 Worker 0 forwarding task 30
74 Worker 1 processing task 36 requiring operations [5, 10]
74 Worker 1 forwarding task 36
74 Worker 3 processing task 18 requiring operations [4]
74 Worker 3 forwarding task 18
74 Worker 4 processing task 35 requiring operations [2]
74 Worker 4 forwarding task 35
74 Worker 2 processing task 21 requiring operations [4]
74 Worker 2 forwarding task 21
75 Worker 2 accepting task 30
75 Worker 2 accepting task 36
75 Worker 2 accepting task 18
75 Worker 1 accepting task 35
75 Worker 1 accepting task 21
75 Worker 0 processing task 10 requiring operations [6, 8]
75 Worker 0 forwarding task 10
75 Worker 1 processing task 37 requiring operations [5, 1, 3]
75 Worker 1 performing operation 3 on task 37
75 Worker 3 processing task 27 requiring operations [4]
75 Worker 3 forwarding task 27
75 Worker 2 processing task 30 requiring operations [3, 8]
75 Worker 2 forwarding task 30
76 Generated task 38
76 Worker 4 accepting task 38
76 Worker 4 accepting task 10
76 Worker 1 accepting task 37
76 Worker 0 accepting task 27
76 Worker 0 accepting task 30
76 Worker 0 processing task 29 requiring operations [10]
76 Worker 0 performing operation 10 on task 29
76 Worker 1 processing task 20 requiring operations [4]
76 Worker 1 performing operation 4 on task 20
76 Worker 3 processing task 34 requiring operations [6, 8]
76 Worker 3 performing operation 6 on task 34
76 Worker 2 processing task 36 requiring operations [5, 10]
76 Worker 2 forwarding task 36
76 Worker 4 processing task 38 requiring operations [7, 5, 6]
76 Worker 4 forwarding task 38
77 Task 29 completed!
77 Task 20 completed!
77 Worker 3 accepting task 34
77 Worker 1 accepting task 36
77 Worker 1 accepting task 38
77 Worker 0 processing task 33 requiring operations [9, 4, 8]
77 Worker 0 forwarding task 33
77 Worker 1 processing task 35 requiring operations [2]
77 Worker 1 forwarding task 35
77 Worker 3 processing task 32 requiring operations [1]
77 Worker 3 forwarding task 32
77 Worker 2 processing task 18 requiring operations [4]
77 Worker 2 forwarding task 18
77 Worker 4 processing task 10 requiring operations [6, 8]
77 Worker 4 forwarding task 10
78 Generated task 39
78 Worker 1 accepting task 39
78 Worker 4 accepting task 33
78 Worker 4 accepting task 35
78 Worker 0 accepting task 32
78 Worker 3 accepting task 18
78 Worker 0 accepting task 10
78 Worker 0 processing task 31 requiring operations [6]
78 Worker 0 forwarding task 31
78 Worker 1 processing task 21 requiring operations [4]
78 Worker 1 performing operation 4 on task 21
78 Worker 3 processing task 25 requiring operations [8]
78 Worker 3 performing operation 8 on task 25
78 Worker 4 processing task 33 requiring operations [9, 4, 8]
78 Worker 4 forwarding task 33
79 Worker 4 accepting task 31
79 Task 21 completed!
79 Task 25 completed!
79 Worker 1 accepting task 33
79 Worker 0 processing task 22 requiring operations [4]
79 Worker 0 forwarding task 22
79 Worker 1 processing task 37 requiring operations [5, 1]
79 Worker 1 forwarding task 37
79 Worker 3 processing task 34 requiring operations [8]
79 Worker 3 performing operation 8 on task 34
79 Worker 4 processing task 35 requiring operations [2]
79 Worker 4 forwarding task 35
80 Generated task 40
80 Worker 4 accepting task 40
80 Worker 2 accepting task 22
80 Worker 2 accepting task 37
80 Task 34 completed!
80 Worker 1 accepting task 35
80 Worker 0 processing task 6 requiring operations [5, 6]
80 Worker 0 forwarding task 6
80 Worker 1 processing task 36 requiring operations [5, 10]
80 Worker 1 forwarding task 36
80 Worker 3 processing task 18 requiring operations [4]
80 Worker 3 forwarding task 18
80 Worker 4 processing task 31 requiring operations [6]
80 Worker 4 forwarding task 31
80 Worker 2 processing task 22 requiring operations [4]
80 Worker 2 forwarding task 22
81 Worker 4 accepting task 6
81 Worker 2 accepting task 36
81 Worker 2 accepting task 18
81 Worker 0 accepting task 31
81 Worker 1 accepting task 22
81 Worker 0 processing task 27 requiring operations [4]
81 Worker 0 forwarding task 27
81 Worker 1 processing task 38 requiring operations [7, 5, 6]
81 Worker 1 performing operation 7 on task 38
81 Worker 4 processing task 40 requiring operations [9, 1, 2]
81 Worker 4 performing operation 1 on task 40
81 Worker 2 processing task 37 requiring operations [5, 1]
81 Worker 2 forwarding task 37
82 Generated task 41
82 Worker 0 accepting task 41
82 Worker 2 accepting task 27
82 Worker 1 accepting task 38
82 Worker 4 accepting task 40
82 Worker 0 accepting task 37
82 Worker 0 processing task 30 requiring operations [3, 8]
82 Worker 0 forwarding task 30
82 Worker 1 processing task 39 requiring operations [5, 10, 6]
82 Worker 1 forwarding task 39
82 Worker 4 processing task 6 requiring operations [5, 6]
82 Worker 4 forwarding task 6
82 Worker 2 processing task 36 requiring operations [5, 10]
82 Worker 2 forwarding task 36
83 Worker 2 accepting task 30
83 Worker 2 accepting task 39
83 Worker 0 accepting task 6
83 Worker 3 accepting task 36
83 Worker 0 processing task 32 requiring operations [1]
83 Worker 0 forwarding task 32
83 Worker 1 processing task 33 requiring operations [9, 4, 8]
83 Worker 1 performing operation 4 on task 33
83 Worker 4 processing task 40 requiring operations [9, 2]
83 Worker 4 forwarding task 40
83 Worker 2 processing task 18 requiring operations [4]
83 Worker 2 forwarding task 18
83 Worker 3 processing task 36 requiring operations [5, 10]
83 Worker 3 performing operation 5 on task 36
84 Generated task 42
84 Worker 1 accepting task 42
84 Worker 3 accepting task 32
84 Worker 1 accepting task 33
84 Worker 1 accepting task 40
84 Worker 3 accepting task 18
84 Worker 3 accepting task 36
84 Worker 0 processing task 10 requiring operations [6, 8]
84 Worker 0 forwarding task 10
84 Worker 1 processing task 35 requiring operations [2]
84 Worker 1 forwarding task 35
84 Worker 2 processing task 27 requiring operations [4]
84 Worker 2 forwarding task 27
84 Worker 3 processing task 32 requiring operations [1]
84 Worker 3 forwarding task 32
85 Worker 2 accepting task 10
85 Worker 2 accepting task 35
85 Worker 1 accepting task 27
85 Worker 0 accepting task 32
85 Worker 0 processing task 31 requiring operations [6]
85 Worker 0 forwarding task 31
85 Worker 1 processing task 22 requiring operations [4]
85 Worker 1 performing operation 4 on task 22
85 Worker 2 processing task 30 requiring operations [3, 8]
85 Worker 2 forwarding task 30
85 Worker 3 processing task 18 requiring operations [4]
85 Worker 3 forwarding task 18
86 Generated task 43
86 Worker 0 accepting task 43
86 Worker 3 accepting task 31
86 Task 22 completed!
86 Worker 0 accepting task 30
86 Worker 2 accepting task 18
86 Worker 0 processing task 41 requiring operations [1, 10, 2]
86 Worker 0 performing operation 10 on task 41
86 Worker 1 processing task 38 requiring operations [5, 6]
86 Worker 1 forwarding task 38
86 Worker 2 processing task 39 requiring operations [5, 10, 6]
86 Worker 2 forwarding task 39
86 Worker 3 processing task 36 requiring operations [10]
86 Worker 3 forwarding task 36
87 Worker 0 accepting task 41
87 Worker 4 accepting task 38
87 Worker 1 accepting task 39
87 Worker 0 accepting task 36
87 Worker 0 processing task 37 requiring operations [5, 1]
87 Worker 0 forwarding task 37
87 Worker 1 processing task 42 requiring operations [5, 2, 7]
87 Worker 1 performing operation 7 on task 42
87 Worker 2 processing task 10 requiring operations [6, 8]
87 Worker 2 forwarding task 10
87 Worker 3 processing task 31 requiring operations [6]
87 Worker 3 performing operation 6 on task 31
87 Worker 4 processing task 38 requiring operations [5, 6]
87 Worker 4 forwarding task 38
88 Generated task 44
88 Worker 2 accepting task 44
88 Worker 2 accepting task 37
88 Worker 1 accepting task 42
88 Worker 1 accepting task 10
88 Task 31 completed!
88 Worker 0 accepting task 38
88 Worker 0 processing task 6 requiring operations [5, 6]
88 Worker 0 forwarding task 6
88 Worker 1 processing task 33 requiring operations [9, 8]
88 Worker 1 performing operation 9 on task 33
88 Worker 2 processing task 35 requiring operations [2]
88 Worker 2 performing operation 2 on task 35
89 Worker 2 accepting task 6
89 Worker 1 accepting task 33
89 Task 35 completed!
89 Worker 0 processing task 32 requiring operations [1]
89 Worker 0 forwarding task 32
89 Worker 1 processing task 40 requiring operations [9, 2]
89 Worker 1 performing operation 9 on task 40
89 Worker 2 processing task 18 requiring operations [4]
89 Worker 2 forwarding task 18
90 Generated task 45
90 Worker 3 accepting task 45
90 Worker 4 accepting task 32
90 Worker 1 accepting task 40
90 Worker 3 accepting task 18
90 Worker 0 processing task 43 requiring operations [3, 10, 4]
90 Worker 0 performing operation 10 on task 43
90 Worker 1 processing task 27 requiring operations [4]
90 Worker 1 performing operation 4 on task 27
90 Worker 2 processing task 44 requiring operations [7, 5, 9]
90 Worker 2 forwarding task 44
90 Worker 3 processing task 45 requiring operations [7, 5, 4]
90 Worker 3 performing operation 5 on task 45
90 Worker 4 processing task 32 requiring operations [1]
90 Worker 4 performing operation 1 on task 32
91 Worker 0 accepting task 43
91 Task 27 completed!
91 Worker 3 accepting task 44
91 Worker 3 accepting task 45
91 Task 32 completed!
91 Worker 0 processing task 30 requiring operations [3, 8]
91 Worker 0 forwarding task 30
91 Worker 1 processing task 39 requiring operations [5, 10, 6]
91 Worker 1 forwarding task 39
91 Worker 2 processing task 37 requiring operations [5, 1]
91 Worker 2 forwarding task 37
91 Worker 3 processing task 18 requiring operations [4]
91 Worker 3 forwarding task 18
92 Generated task 46
92 Worker 2 accepting task 46
92 Worker 4 accepting task 30
92 Worker 2 accepting task 39
92 Worker 0 accepting task 37
92 Worker 2 accepting task 18
92 Worker 0 processing task 41 requiring operations [1, 2]
92 Worker 0 forwarding task 41
92 Worker 1 processing task 42 requiring operations [5, 2]
92 Worker 1 forwarding task 42
92 Worker 2 processing task 6 requiring operations [5, 6]
92 Worker 2 forwarding task 6
92 Worker 3 processing task 44 requiring operations [7, 5, 9]
92 Worker 3 performing operation 9 on task 44
92 Worker 4 processing task 30 requiring operations [3, 8]
92 Worker 4 forwarding task 30
93 Worker 2 accepting task 41
93 Worker 2 accepting task 42
93 Worker 0 accepting task 6
93 Worker 3 accepting task 44
93 Worker 1 accepting task 30
93 Worker 0 processing task 36 requiring operations [10]
93 Worker 0 performing operation 10 on task 36
93 Worker 1 processing task 10 requiring operations [6, 8]
93 Worker 1 forwarding task 10
93 Worker 2 processing task 46 requiring operations [9, 10, 6]
93 Worker 2 forwarding task 46
93 Worker 3 processing task 45 requiring operations [7, 4]
93 Worker 3 forwarding task 45
94 Generated task 47
94 Worker 2 accepting task 47
94 Task 36 completed!
94 Worker 4 accepting task 10
94 Worker 0 accepting task 46
94 Worker 0 accepting task 45
94 Worker 0 processing task 38 requiring operations [5, 6]
94 Worker 0 forwarding task 38
94 Worker 1 processing task 33 requiring operations [8]
94 Worker 1 forwarding task 33
94 Worker 2 processing task 39 requiring operations [5, 10, 6]
94 Worker 2 forwarding task 39
94 Worker 3 processing task 44 requiring operations [7, 5]
94 Worker 3 performing operation 5 on task 44
94 Worker 4 processing task 10 requiring operations [6, 8]
94 Worker 4 forwarding task 10
95 Worker 4 accepting task 38
95 Worker 4 accepting task 33
95 Worker 3 accepting task 39
95 Worker 3 accepting task 44
95 Worker 1 accepting task 10
95 Worker 0 processing task 43 requiring operations [3, 4]
95 Worker 0 forwarding task 43
95 Worker 1 processing task 40 requiring operations [2]
95 Worker 1 forwarding task 40
95 Worker 2 processing task 18 requiring operations [4]
95 Worker 2 forwarding task 18
95 Worker 3 processing task 39 requiring operations [5, 10, 6]
95 Worker 3 performing operation 5 on task 39
95 Worker 4 processing task 38 requiring operations [5, 6]
95 Worker 4 forwarding task 38
96 Generated task 48
96 Worker 4 accepting task 48
96 Worker 3 accepting task 43
96 Worker 2 accepting task 40
96 Worker 0 accepting task 18
96 Worker 3 accepting task 39
96 Worker 1 accepting task 38
96 Worker 0 processing task 37 requiring operations [5, 1]
96 Worker 0 forwarding task 37
96 Worker 1 processing task 30 requiring operations [3, 8]
96 Worker 1 performing operation 3 on task 30
96 Worker 2 processing task 41 requiring operations [1, 2]
96 Worker 2 performing operation 2 on task 41
96 Worker 3 processing task 44 requiring operations [7]
96 Worker 3 forwarding task 44
96 Worker 4 processing task 33 requiring operations [8]
96 Worker 4 forwarding task 33
97 Worker 3 accepting task 37
97 Worker 1 accepting task 30
97 Worker 2 accepting task 41
97 Worker 0 accepting task 44
97 Worker 0 accepting task 33
97 Worker 0 processing task 6 requiring operations [5, 6]
97 Worker 0 forwarding task 6
97 Worker 1 processing task 10 requiring operations [6, 8]
97 Worker 1 forwarding task 10
97 Worker 2 processing task 42 requiring operations [5, 2]
97 Worker 2 performing operation 2 on task 42
97 Worker 3 processing task 43 requiring operations [3, 4]
97 Worker 3 performing operation 3 on task 43
97 Worker 4 processing task 48 requiring operations [4, 5, 10]
97 Worker 4 performing operation 10 on task 48
98 Generated task 49
98 Worker 0 accepting task 49
98 Worker 4 accepting task 6
98 Worker 2 accepting task 10
98 Worker 2 accepting task 42
98 Worker 3 accepting task 43
98 Worker 4 accepting task 48
98 Worker 0 processing task 46 requiring operations [9, 10, 6]
98 Worker 0 performing operation 10 on task 46
98 Worker 1 processing task 38 requiring operations [5, 6]
98 Worker 1 forwarding task 38
98 Worker 2 processing task 47 requiring operations [10, 9, 4]
98 Worker 2 forwarding task 47
98 Worker 3 processing task 39 requiring operations [10, 6]
98 Worker 3 performing operation 6 on task 39
98 Worker 4 processing task 6 requiring operations [5, 6]
98 Worker 4 forwarding task 6
99 Worker 0 accepting task 46
99 Worker 4 accepting task 38
99 Worker 0 accepting task 47
99 Worker 3 accepting task 39
99 Worker 0 accepting task 6
99 Worker 0 processing task 45 requiring operations [7, 4]
99 Worker 0 performing operation 7 on task 45
99 Worker 1 processing task 30 requiring operations [8]
99 Worker 1 forwarding task 30
99 Worker 2 processing task 40 requiring operations [2]
99 Worker 2 performing operation 2 on task 40
99 Worker 3 processing task 37 requiring operations [5, 1]
99 Worker 3 performing operation 5 on task 37
99 Worker 4 processing task 48 requiring operations [4, 5]
99 Worker 4 forwarding task 48
100 Generated task 50
100 Worker 1 accepting task 50
100 Worker 0 accepting task 45
100 Worker 2 accepting task 30
100 Task 40 completed!
100 Worker 3 accepting task 37
100 Worker 0 accepting task 48
100 Worker 0 processing task 18 requiring operations [4]
100 Worker 0 forwarding task 18
100 Worker 1 processing task 50 requiring operations [1, 2, 8]
100 Worker 1 forwarding task 50
100 Worker 2 processing task 41 requiring operations [1]
100 Worker 2 forwarding task 41
100 Worker 3 processing task 43 requiring operations [4]
100 Worker 3 forwarding task 43
100 Worker 4 processing task 38 requiring operations [5, 6]
100 Worker 4 forwarding task 38
101 Worker 4 accepting task 18
101 Worker 2 accepting task 50
101 Worker 0 accepting task 41
101 Worker 2 accepting task 43
101 Worker 1 accepting task 38
101 Worker 0 processing task 44 requiring operations [7]
101 Worker 0 performing operation 7 on task 44
101 Worker 2 processing task 10 requiring operations [6, 8]
101 Worker 2 forwarding task 10
101 Worker 3 processing task 39 requiring operations [10]
101 Worker 3 forwarding task 39
101 Worker 4 processing task 18 requiring operations [4]
101 Worker 4 forwarding task 18
101 Worker 1 processing task 38 requiring operations [5, 6]
101 Worker 1 forwarding task 38
102 Generated task 51
102 Worker 0 accepting task 51
102 Task 44 completed!
102 Worker 1 accepting task 10
102 Worker 0 accepting task 39
102 Worker 0 accepting task 18
102 Worker 2 accepting task 38
102 Worker 0 processing task 33 requiring operations [8]
102 Worker 0 forwarding task 33
102 Worker 2 processing task 42 requiring operations [5]
102 Worker 2 forwarding task 42
102 Worker 3 processing task 37 requiring operations [1]
102 Worker 3 forwarding task 37
102 Worker 1 processing task 10 requiring operations [6, 8]
102 Worker 1 forwarding task 10
103 Worker 4 accepting task 33
103 Worker 1 accepting task 42
103 Worker 0 accepting task 37
103 Worker 2 accepting task 10
103 Worker 0 processing task 49 requiring operations [1, 3, 8]
103 Worker 0 forwarding task 49
103 Worker 2 processing task 30 requiring operations [8]
103 Worker 2 forwarding task 30
103 Worker 1 processing task 42 requiring operations [5]
103 Worker 1 forwarding task 42
103 Worker 4 processing task 33 requiring operations [8]
103 Worker 4 forwarding task 33
104 Generated task 52
104 Worker 4 accepting task 52
104 Worker 2 accepting task 49
104 Worker 3 accepting task 30
104 Worker 2 accepting task 42
104 Worker 0 accepting task 33
104 Worker 0 processing task 46 requiring operations [9, 6]
104 Worker 0 forwarding task 46
104 Worker 2 processing task 50 requiring operations [1, 2, 8]
104 Worker 2 performing operation 2 on task 50
104 Worker 4 processing task 52 requiring operations [7, 2, 3]
104 Worker 4 forwarding task 52
104 Worker 3 processing task 30 requiring operations [8]
104 Worker 3 performing operation 8 on task 30
105 Worker 4 accepting task 46
105 Worker 2 accepting task 50
105 Worker 0 accepting task 52
105 Task 30 completed!
105 Worker 0 processing task 47 requiring operations [10, 9, 4]
105 Worker 0 performing operation 10 on task 47
105 Worker 2 processing task 43 requiring operations [4]
105 Worker 2 forwarding task 43
105 Worker 4 processing task 46 requiring operations [9, 6]
105 Worker 4 forwarding task 46
106 Generated task 53
106 Worker 0 accepting task 53
106 Worker 0 accepting task 47
106 Worker 0 accepting task 43
106 Worker 0 accepting task 46
106 Worker 0 processing task 6 requiring operations [5, 6]
106 Worker 0 forwarding task 6
106 Worker 2 processing task 38 requiring operations [5, 6]
106 Worker 2 forwarding task 38
107 Worker 3 accepting task 6
107 Worker 3 accepting task 38
107 Worker 0 processing task 45 requiring operations [4]
107 Worker 0 forwarding task 45
107 Worker 2 processing task 10 requiring operations [6, 8]
107 Worker 2 forwarding task 10
107 Worker 3 processing task 6 requiring operations [5, 6]
107 Worker 3 performing operation 5 on task 6
108 Generated task 54
108 Worker 1 accepting task 54
108 Worker 4 accepting task 45
108 Worker 0 accepting task 10
108 Worker 3 accepting task 6
108 Worker 0 processing task 48 requiring operations [4, 5]
108 Worker 0 forwarding task 48
108 Worker 2 processing task 49 requiring operations [1, 3, 8]
108 Worker 2 forwarding task 49
108 Worker 3 processing task 38 requiring operations [5, 6]
108 Worker 3 performing operation 6 on task 38
108 Worker 1 processing task 54 requiring operations [1, 7, 6]
108 Worker 1 performing operation 7 on task 54
108 Worker 4 processing task 45 requiring operations [4]
108 Worker 4 forwarding task 45
109 Worker 2 accepting task 48
109 Worker 3 accepting task 49
109 Worker 3 accepting task 38
109 Worker 1 accepting task 54
109 Worker 0 accepting task 45
109 Worker 0 processing task 41 requiring operations [1]
109 Worker 0 forwarding task 41
109 Worker 2 processing task 42 requiring operations [5]
109 Worker 2 forwarding task 42
109 Worker 3 processing task 6 requiring operations [6]
109 Worker 3 performing operation 6 on task 6
109 Worker 1 processing task 54 requiring operations [1, 6]
109 Worker 1 forwarding task 54
110 Generated task 55
110 Worker 4 accepting task 55
110 Worker 3 accepting task 41
110 Worker 0 accepting task 42
110 Task 6 completed!
110 Worker 4 accepting task 54
110 Worker 0 processing task 51 requiring operations [9, 5, 10]
110 Worker 0 performing operation 10 on task 51
110 Worker 2 processing task 50 requiring operations [1, 8]
110 Worker 2 forwarding task 50
110 Worker 3 processing task 49 requiring operations [1, 3, 8]
110 Worker 3 performing operation 8 on task 49
110 Worker 4 processing task 55 requiring operations [3, 1, 10]
110 Worker 4 performing operation 1 on task 55
111 Worker 0 accepting task 51
111 Worker 1 accepting task 50
111 Worker 3 accepting task 49
111 Worker 4 accepting task 55
111 Worker 0 processing task 39 requiring operations [10]
111 Worker 0 performing operation 10 on task 39
111 Worker 2 processing task 48 requiring operations [4, 5]
111 Worker 2 forwarding task 48
111 Worker 3 processing task 38 requiring operations [5]
111 Worker 3 performing operation 5 on task 38
111 Worker 4 processing task 54 requiring operations [1, 6]
111 Worker 4 performing operation 1 on task 54
111 Worker 1 processing task 50 requiring operations [1, 8]
111 Worker 1 forwarding task 50
112 Generated task 56
112 Worker 4 accepting task 56
112 Task 39 completed!
112 Worker 0 accepting task 48
112 Task 38 completed!
112 Worker 4 accepting task 54
112 Worker 2 accepting task 50
112 Worker 0 processing task 18 requiring operations [4]
112 Worker 0 forwarding task 18
112 Worker 3 processing task 41 requiring operations [1]
112 Worker 3 forwarding task 41
112 Worker 4 processing task 55 requiring operations [3, 10]
112 Worker 4 performing operation 10 on task 55
112 Worker 2 processing task 50 requiring operations [1, 8]
112 Worker 2 forwarding task 50
113 Worker 3 accepting task 18
113 Worker 2 accepting task 41
113 Worker 4 accepting task 55
113 Worker 3 accepting task 50
113 Worker 0 processing task 37 requiring operations [1]
113 Worker 0 forwarding task 37
113 Worker 3 processing task 49 requiring operations [1, 3]
113 Worker 3 performing operation 3 on task 49
113 Worker 4 processing task 56 requiring operations [5, 3, 2]
113 Worker 4 forwarding task 56
113 Worker 2 processing task 41 requiring operations [1]
113 Worker 2 forwarding task 41
114 Generated task 57
114 Worker 1 accepting task 57
114 Worker 2 accepting task 37
114 Worker 3 accepting task 49
114 Worker 0 accepting task 56
114 Worker 1 accepting task 41
114 Worker 0 processing task 33 requiring operations [8]
114 Worker 0 forwarding task 33
114 Worker 3 processing task 18 requiring operations [4]
114 Worker 3 forwarding task 18
114 Worker 4 processing task 54 requiring operations [6]
114 Worker 4 forwarding task 54
114 Worker 2 processing task 37 requiring operations [1]
114 Worker 2 forwarding task 37
114 Worker 1 processing task 57 requiring operations [7, 6, 10]
114 Worker 1 performing operation 7 on task 57
115 Worker 2 accepting task 33
115 Worker 0 accepting task 18
115 Worker 0 accepting task 54
115 Worker 0 accepting task 37
115 Worker 1 accepting task 57
115 Worker 0 processing task 52 requiring operations [7, 2, 3]
115 Worker 0 performing operation 7 on task 52
115 Worker 3 processing task 50 requiring operations [1, 8]
115 Worker 3 performing operation 8 on task 50
115 Worker 4 processing task 55 requiring operations [3]
115 Worker 4 forwarding task 55
115 Worker 2 processing task 33 requiring operations [8]
115 Worker 2 forwarding task 33
115 Worker 1 processing task 41 requiring operations [1]
115 Worker 1 forwarding task 41
116 Generated task 58
116 Worker 0 accepting task 58
116 Worker 0 accepting task 52
116 Worker 3 accepting task 50
116 Worker 1 accepting task 55
116 Worker 0 accepting task 33
116 Worker 2 accepting task 41
116 Worker 0 processing task 53 requiring operations [3, 8, 7]
116 Worker 0 performing operation 7 on task 53
116 Worker 3 processing task 49 requiring operations [1]
116 Worker 3 forwarding task 49
116 Worker 1 processing task 57 requiring operations [6, 10]
116 Worker 1 forwarding task 57
116 Worker 2 processing task 41 requiring operations [1]
116 Worker 2 forwarding task 41
117 Worker 0 accepting task 53
117 Worker 2 accepting task 49
117 Worker 4 accepting task 57
117 Worker 1 accepting task 41
117 Worker 0 processing task 47 requiring operations [9, 4]
117 Worker 0 forwarding task 47
117 Worker 3 processing task 50 requiring operations [1]
117 Worker 3 forwarding task 50
117 Worker 1 processing task 55 requiring operations [3]
117 Worker 1 performing operation 3 on task 55
117 Worker 2 processing task 49 requiring operations [1]
117 Worker 2 forwarding task 49
117 Worker 4 processing task 57 requiring operations [6, 10]
117 Worker 4 performing operation 10 on task 57
118 Generated task 59
118 Worker 3 accepting task 59
118 Worker 4 accepting task 47
118 Worker 2 accepting task 50
118 Task 55 completed!
118 Worker 0 accepting task 49
118 Worker 4 accepting task 57
118 Worker 0 processing task 43 requiring operations [4]
118 Worker 0 forwarding task 43
118 Worker 3 processing task 59 requiring operations [3, 1, 7]
118 Worker 3 performing operation 3 on task 59
118 Worker 1 processing task 41 requiring operations [1]
118 Worker 1 forwarding task 41
118 Worker 2 processing task 50 requiring operations [1]
118 Worker 2 forwarding task 50
118 Worker 4 processing task 47 requiring operations [9, 4]
118 Worker 4 forwarding task 47
119 Worker 3 accepting task 43
119 Worker 3 accepting task 59
119 Worker 2 accepting task 41
119 Worker 3 accepting task 50
119 Worker 0 accepting task 47
119 Worker 0 processing task 46 requiring operations [9, 6]
119 Worker 0 forwarding task 46
119 Worker 3 processing task 43 requiring operations [4]
119 Worker 3 forwarding task 43
119 Worker 2 processing task 41 requiring operations [1]
119 Worker 2 forwarding task 41
119 Worker 4 processing task 57 requiring operations [6]
119 Worker 4 forwarding task 57
120 Generated task 60
120 Worker 2 accepting task 60
120 Worker 3 accepting task 46
120 Worker 2 accepting task 43
120 Worker 0 accepting task 41
120 Worker 0 accepting task 57
120 Worker 0 processing task 10 requiring operations [6, 8]
120 Worker 0 forwarding task 10
120 Worker 3 processing task 59 requiring operations [1, 7]
120 Worker 3 forwarding task 59
120 Worker 2 processing task 60 requiring operations [5, 10, 1]
120 Worker 2 forwarding task 60
121 Worker 2 accepting task 10
121 Worker 0 accepting task 59
121 Worker 3 accepting task 60
121 Worker 0 processing task 45 requiring operations [4]
121 Worker 0 forwarding task 45
121 Worker 3 processing task 50 requiring operations [1]
121 Worker 3 forwarding task 50
121 Worker 2 processing task 43 requiring operations [4]
121 Worker 2 forwarding task 43
122 Generated task 61
122 Worker 3 accepting task 61
122 Worker 4 accepting task 45
122 Worker 0 accepting task 50
122 Worker 0 accepting task 43
122 Worker 0 processing task 42 requiring operations [5]
122 Worker 0 forwarding task 42
122 Worker 3 processing task 46 requiring operations [9, 6]
122 Worker 3 performing operation 9 on task 46
122 Worker 2 processing task 10 requiring operations [6, 8]
122 Worker 2 forwarding task 10
122 Worker 4 processing task 45 requiring operations [4]
122 Worker 4 forwarding task 45
123 Worker 2 accepting task 42
123 Worker 3 accepting task 46
123 Worker 3 accepting task 10
123 Worker 1 accepting task 45
123 Worker 0 processing task 51 requiring operations [9, 5]
123 Worker 0 forwarding task 51
123 Worker 3 processing task 60 requiring operations [5, 10, 1]
123 Worker 3 performing operation 5 on task 60
123 Worker 2 processing task 42 requiring operations [5]
123 Worker 2 forwarding task 42
123 Worker 1 processing task 45 requiring operations [4]
123 Worker 1 performing operation 4 on task 45
124 Generated task 62
124 Worker 4 accepting task 62
124 Worker 4 accepting task 51
124 Worker 3 accepting task 60
124 Worker 0 accepting task 42
124 Task 45 completed!
124 Worker 0 processing task 48 requiring operations [4, 5]
124 Worker 0 forwarding task 48
124 Worker 3 processing task 61 requiring operations [7, 1, 4]
124 Worker 3 forwarding task 61
124 Worker 4 processing task 62 requiring operations [7, 4, 3]
124 Worker 4 forwarding task 62
125 Worker 4 accepting task 48
125 Worker 0 accepting task 61
125 Worker 0 accepting task 62
125 Worker 0 processing task 56 requiring operations [5, 3, 2]
125 Worker 0 forwarding task 56
125 Worker 3 processing task 46 requiring operations [6]
125 Worker 3 performing operation 6 on task 46
125 Worker 4 processing task 51 requiring operations [9, 5]
125 Worker 4 forwarding task 51
126 Generated task 63
126 Worker 4 accepting task 63
126 Worker 3 accepting task 56
126 Task 46 completed!
126 Worker 1 accepting task 51
126 Worker 0 processing task 18 requiring operations [4]
126 Worker 0 forwarding task 18
126 Worker 3 processing task 10 requiring operations [6, 8]
126 Worker 3 performing operation 6 on task 10
126 Worker 4 processing task 48 requiring operations [4, 5]
126 Worker 4 forwarding task 48
126 Worker 1 processing task 51 requiring operations [9, 5]
126 Worker 1 performing operation 9 on task 51
127 Worker 3 accepting task 18
127 Worker 3 accepting task 10
127 Worker 0 accepting task 48
127 Worker 1 accepting task 51
127 Worker 0 processing task 54 requiring operations [6]
127 Worker 0 forwarding task 54
127 Worker 3 processing task 60 requiring operations [10, 1]
127 Worker 3 forwarding task 60
127 Worker 4 processing task 63 requiring operations [2, 5, 9]
127 Worker 4 forwarding task 63
127 Worker 1 processing task 51 requiring operations [5]
127 Worker 1 forwarding task 51
128 Generated task 64
128 Worker 0 accepting task 64
128 Worker 4 accepting task 54
128 Worker 2 accepting task 60
128 Worker 1 accepting task 63
128 Worker 2 accepting task 51
128 Worker 0 processing task 37 requiring operations [1]
128 Worker 0 forwarding task 37
128 Worker 3 processing task 56 requiring operations [5, 3, 2]
128 Worker 3 performing operation 3 on task 56
128 Worker 4 processing task 54 requiring operations [6]
128 Worker 4 forwarding task 54
128 Worker 1 processing task 63 requiring operations [2, 5, 9]
128 Worker 1 performing operation 9 on task 63
128 Worker 2 processing task 60 requiring operations [10, 1]
128 Worker 2 forwarding task 60
129 Worker 2 accepting task 37
129 Worker 3 accepting task 56
129 Worker 1 accepting task 54
129 Worker 1 accepting task 63
129 Worker 3 accepting task 60
129 Worker 0 processing task 58 requiring operations [8, 10, 7]
129 Worker 0 performing operation 10 on task 58
129 Worker 3 processing task 18 requiring operations [4]
129 Worker 3 forwarding task 18
129 Worker 1 processing task 54 requiring operations [6]
129 Worker 1 forwarding task 54
129 Worker 2 processing task 51 requiring operations [5]
129 Worker 2 forwarding task 51
130 Generated task 65
130 Worker 3 accepting task 65
130 Worker 0 accepting task 58
130 Worker 0 accepting task 18
130 Worker 2 accepting task 54
130 Worker 3 accepting task 51
130 Worker 0 processing task 52 requiring operations [2, 3]
130 Worker 0 forwarding task 52
130 Worker 3 processing task 10 requiring operations [8]
130 Worker 3 performing operation 8 on task 10
130 Worker 1 processing task 63 requiring operations [2, 5]
130 Worker 1 forwarding task 63
130 Worker 2 processing task 37 requiring operations [1]
130 Worker 2 forwarding task 37
131 Worker 3 accepting task 52
131 Task 10 completed!
131 Worker 4 accepting task 63
131 Worker 3 accepting task 37
131 Worker 0 processing task 33 requiring operations [8]
131 Worker 0 forwarding task 33
131 Worker 3 processing task 56 requiring operations [5, 2]
131 Worker 3 performing operation 2 on task 56
131 Worker 2 processing task 54 requiring operations [6]
131 Worker 2 forwarding task 54
131 Worker 4 processing task 63 requiring operations [2, 5]
131 Worker 4 forwarding task 63
132 Generated task 66
132 Worker 4 accepting task 66
132 Worker 3 accepting task 33
132 Worker 3 accepting task 56
132 Worker 0 accepting task 54
132 Worker 1 accepting task 63
132 Worker 0 processing task 53 requiring operations [3, 8]
132 Worker 0 forwarding task 53
132 Worker 3 processing task 60 requiring operations [10, 1]
132 Worker 3 forwarding task 60
132 Worker 4 processing task 66 requiring operations [2, 1, 9]
132 Worker 4 performing operation 1 on task 66
132 Worker 1 processing task 63 requiring operations [2, 5]
132 Worker 1 forwarding task 63
133 Worker 3 accepting task 53
133 Worker 2 accepting task 60
133 Worker 4 accepting task 66
133 Worker 2 accepting task 63
133 Worker 0 processing task 49 requiring operations [1]
133 Worker 0 forwarding task 49
133 Worker 3 processing task 65 requiring operations [2, 1, 9]
133 Worker 3 performing operation 9 on task 65
133 Worker 4 processing task 66 requiring operations [2, 9]
133 Worker 4 forwarding task 66
133 Worker 2 processing task 60 requiring operations [10, 1]
133 Worker 2 forwarding task 60
134 Generated task 67
134 Worker 0 accepting task 67
134 Worker 3 accepting task 49
134 Worker 3 accepting task 65
134 Worker 0 accepting task 66
134 Worker 3 accepting task 60
134 Worker 0 processing task 47 requiring operations [9, 4]
134 Worker 0 forwarding task 47
134 Worker 3 processing task 51 requiring operations [5]
134 Worker 3 performing operation 5 on task 51
134 Worker 2 processing task 63 requiring operations [2, 5]
134 Worker 2 performing operation 2 on task 63
135 Worker 2 accepting task 47
135 Task 51 completed!
135 Worker 2 accepting task 63
135 Worker 0 processing task 41 requiring operations [1]
135 Worker 0 forwarding task 41
135 Worker 3 processing task 52 requiring operations [2, 3]
135 Worker 3 performing operation 3 on task 52
135 Worker 2 processing task 47 requiring operations [9, 4]
135 Worker 2 forwarding task 47
136 Generated task 68
136 Worker 3 accepting task 68
136 Worker 2 accepting task 41
136 Worker 3 accepting task 52
136 Worker 1 accepting task 47
136 Worker 0 processing task 57 requiring operations [6]
136 Worker 0 forwarding task 57
136 Worker 3 processing task 37 requiring operations [1]
136 Worker 3 forwarding task 37
136 Worker 2 processing task 63 requiring operations [5]
136 Worker 2 forwarding task 63
136 Worker 1 processing task 47 requiring operations [9, 4]
136 Worker 1 performing operation 4 on task 47
137 Worker 4 accepting task 57
137 Worker 2 accepting task 37
137 Worker 0 accepting task 63
137 Worker 1 accepting task 47
137 Worker 0 processing task 59 requiring operations [1, 7]
137 Worker 0 performing operation 7 on task 59
137 Worker 3 processing task 33 requiring operations [8]
137 Worker 3 performing operation 8 on task 33
137 Worker 2 processing task 41 requiring operations [1]
137 Worker 2 forwarding task 41
137 Worker 1 processing task 47 requiring operations [9]
137 Worker 1 performing operation 9 on task 47
137 Worker 4 processing task 57 requiring operations [6]
137 Worker 4 forwarding task 57
138 Generated task 69
138 Worker 1 accepting task 69
138 Worker 0 accepting task 59
138 Task 33 completed!
138 Worker 1 accepting task 41
138 Task 47 completed!
138 Worker 0 accepting task 57
138 Worker 0 processing task 50 requiring operations [1]
138 Worker 0 forwarding task 50
138 Worker 3 processing task 56 requiring operations [5]
138 Worker 3 performing operation 5 on task 56
138 Worker 2 processing task 37 requiring operations [1]
138 Worker 2 forwarding task 37
138 Worker 1 processing task 69 requiring operations [7, 8, 3]
138 Worker 1 performing operation 7 on task 69
139 Worker 3 accepting task 50
139 Task 56 completed!
139 Worker 1 accepting task 37
139 Worker 1 accepting task 69
139 Worker 0 processing task 43 requiring operations [4]
139 Worker 0 forwarding task 43
139 Worker 3 processing task 53 requiring operations [3, 8]
139 Worker 3 performing operation 3 on task 53
139 Worker 1 processing task 41 requiring operations [1]
139 Worker 1 forwarding task 41
140 Generated task 70
140 Worker 3 accepting task 70
140 Worker 2 accepting task 43
140 Worker 3 accepting task 53
140 Worker 2 accepting task 41
140 Worker 0 processing task 42 requiring operations [5]
140 Worker 0 forwarding task 42
140 Worker 3 processing task 49 requiring operations [1]
140 Worker 3 forwarding task 49
140 Worker 1 processing task 37 requiring operations [1]
140 Worker 1 forwarding task 37
140 Worker 2 processing task 43 requiring operations [4]
140 Worker 2 forwarding task 43
