Worker 0 can perform operations {10, 3}
Worker 1 can perform operations {9, 2}
Worker 2 can perform operations {8, 1, 6}
Worker 3 can perform operations {10, 4, 5}
Worker 4 can perform operations {8, 1, 7}
Building network type random
Worker 0 connecting to worker 1
Worker 1 connecting to worker 0
Worker 0 connecting to worker 4
Worker 4 connecting to worker 0
Worker 1 connecting to worker 3
Worker 3 connecting to worker 1
Worker 2 connecting to worker 1
Worker 1 connecting to worker 2
Worker 2 connecting to worker 0
Worker 0 connecting to worker 2
Worker 3 connecting to worker 2
Worker 2 connecting to worker 3
Worker 4 connecting to worker 2
Worker 2 connecting to worker 4
Entry nodes are [0, 1, 2, 3, 4]
0 Generated task 0
0 Worker 2 accepting task 0
0 Worker 2 processing task 0 requiring operations [4, 2, 1]
0 Worker 2 performing operation 1 on task 0
1 Worker 2 accepting task 0
1 Worker 2 processing task 0 requiring operations [4, 2]
1 Worker 2 forwarding task 0
2 Generated task 1
2 Worker 2 accepting task 1
2 Worker 3 accepting task 0
2 Worker 2 processing task 1 requiring operations [3, 7, 2]
2 Worker 2 forwarding task 1
2 Worker 3 processing task 0 requiring operations [4, 2]
2 Worker 3 performing operation 4 on task 0
3 Worker 1 accepting task 1
3 Worker 3 accepting task 0
3 Worker 3 processing task 0 requiring operations [2]
3 Worker 3 forwarding task 0
3 Worker 1 processing task 1 requiring operations [3, 7, 2]
3 Worker 1 performing operation 2 on task 1
4 Generated task 2
4 Worker 4 accepting task 2
4 Worker 2 accepting task 0
4 Worker 1 accepting task 1
4 Worker 1 processing task 1 requiring operations [3, 7]
4 Worker 1 forwarding task 1
4 Worker 4 processing task 2 requiring operations [10, 3, 7]
4 Worker 4 performing operation 7 on task 2
4 Worker 2 processing task 0 requiring operations [2]
4 Worker 2 forwarding task 0
5 Worker 2 accepting task 1
5 Worker 4 accepting task 2
5 Worker 4 accepting task 0
5 Worker 4 processing task 2 requiring operations [10, 3]
5 Worker 4 forwarding task 2
5 Worker 2 processing task 1 requiring operations [3, 7]
5 Worker 2 forwarding task 1
6 Generated task 3
6 Worker 1 accepting task 3
6 Worker 0 accepting task 2
6 Worker 0 accepting task 1
6 Worker 4 processing task 0 requiring operations [2]
6 Worker 4 forwarding task 0
6 Worker 1 processing task 3 requiring operations [9, 4, 7]
6 Worker 1 performing operation 9 on task 3
6 Worker 0 processing task 2 requiring operations [10, 3]
6 Worker 0 performing operation 3 on task 2
7 Worker 2 accepting task 0
7 Worker 1 accepting task 3
7 Worker 0 accepting task 2
7 Worker 1 processing task 3 requiring operations [4, 7]
7 Worker 1 forwarding task 3
7 Worker 0 processing task 1 requiring operations [3, 7]
7 Worker 0 performing operation 3 on task 1
7 Worker 2 processing task 0 requiring operations [2]
7 Worker 2 forwarding task 0
8 Generated task 4
8 Worker 4 accepting task 4
8 Worker 2 accepting task 3
8 Worker 0 accepting task 1
8 Worker 0 accepting task 0
8 Worker 0 processing task 2 requiring operations [10]
8 Worker 0 performing operation 10 on task 2
8 Worker 2 processing task 3 requiring operations [4, 7]
8 Worker 2 forwarding task 3
8 Worker 4 processing task 4 requiring operations [1, 4, 3]
8 Worker 4 performing operation 1 on task 4
9 Task 2 completed!
9 Worker 1 accepting task 3
9 Worker 4 accepting task 4
9 Worker 0 processing task 1 requiring operations [7]
9 Worker 0 forwarding task 1
9 Worker 4 processing task 4 requiring operations [4, 3]
9 Worker 4 forwarding task 4
9 Worker 1 processing task 3 requiring operations [4, 7]
9 Worker 1 forwarding task 3
10 Generated task 5
10 Worker 2 accepting task 5
10 Worker 4 accepting task 1
10 Worker 2 accepting task 4
10 Worker 0 accepting task 3
10 Worker 0 processing task 0 requiring operations [2]
10 Worker 0 forwarding task 0
10 Worker 4 processing task 1 requiring operations [7]
10 Worker 4 performing operation 7 on task 1
10 Worker 2 processing task 5 requiring operations [7, 9, 4]
10 Worker 2 forwarding task 5
11 Worker 1 accepting task 0
11 Task 1 completed!
11 Worker 4 accepting task 5
11 Worker 0 processing task 3 requiring operations [4, 7]
11 Worker 0 forwarding task 3
11 Worker 2 processing task 4 requiring operations [4, 3]
11 Worker 2 forwarding task 4
11 Worker 1 processing task 0 requiring operations [2]
11 Worker 1 performing operation 2 on task 0
11 Worker 4 processing task 5 requiring operations [7, 9, 4]
11 Worker 4 performing operation 7 on task 5
12 Generated task 6
12 Worker 1 accepting task 6
12 Worker 2 accepting task 3
12 Worker 3 accepting task 4
12 Task 0 completed!
12 Worker 4 accepting task 5
12 Worker 2 processing task 3 requiring operations [4, 7]
12 Worker 2 forwarding task 3
12 Worker 1 processing task 6 requiring operations [8, 5, 6]
12 Worker 1 forwarding task 6
12 Worker 4 processing task 5 requiring operations [9, 4]
12 Worker 4 forwarding task 5
12 Worker 3 processing task 4 requiring operations [4, 3]
12 Worker 3 performing operation 4 on task 4
13 Worker 4 accepting task 3
13 Worker 0 accepting task 6
13 Worker 2 accepting task 5
13 Worker 3 accepting task 4
13 Worker 4 processing task 3 requiring operations [4, 7]
13 Worker 4 performing operation 7 on task 3
13 Worker 3 processing task 4 requiring operations [3]
13 Worker 3 forwarding task 4
13 Worker 0 processing task 6 requiring operations [8, 5, 6]
13 Worker 0 forwarding task 6
13 Worker 2 processing task 5 requiring operations [9, 4]
13 Worker 2 forwarding task 5
14 Generated task 7
14 Worker 3 accepting task 7
14 Worker 4 accepting task 3
14 Worker 2 accepting task 4
14 Worker 1 accepting task 6
14 Worker 4 accepting task 5
14 Worker 4 processing task 3 requiring operations [4]
14 Worker 4 forwarding task 3
14 Worker 3 processing task 7 requiring operations [5, 6, 2]
14 Worker 3 performing operation 5 on task 7
14 Worker 2 processing task 4 requiring operations [3]
14 Worker 2 forwarding task 4
14 Worker 1 processing task 6 requiring operations [8, 5, 6]
14 Worker 1 forwarding task 6
15 Worker 2 accepting task 3
15 Worker 3 accepting task 7
15 Worker 4 accepting task 4
15 Worker 0 accepting task 6
15 Worker 4 processing task 5 requiring operations [9, 4]
15 Worker 4 forwarding task 5
15 Worker 3 processing task 7 requiring operations [6, 2]
15 Worker 3 forwarding task 7
15 Worker 2 processing task 3 requiring operations [4]
15 Worker 2 forwarding task 3
15 Worker 0 processing task 6 requiring operations [8, 5, 6]
15 Worker 0 forwarding task 6
16 Generated task 8
16 Worker 3 accepting task 8
16 Worker 2 accepting task 5
16 Worker 2 accepting task 7
16 Worker 3 accepting task 3
16 Worker 2 accepting task 6
16 Worker 4 processing task 4 requiring operations [3]
16 Worker 4 forwarding task 4
16 Worker 3 processing task 8 requiring operations [5, 8, 1]
16 Worker 3 performing operation 5 on task 8
16 Worker 2 processing task 5 requiring operations [9, 4]
16 Worker 2 forwarding task 5
17 Worker 0 accepting task 4
17 Worker 3 accepting task 8
17 Worker 4 accepting task 5
17 Worker 3 processing task 3 requiring operations [4]
17 Worker 3 performing operation 4 on task 3
17 Worker 2 processing task 7 requiring operations [6, 2]
17 Worker 2 performing operation 6 on task 7
17 Worker 0 processing task 4 requiring operations [3]
17 Worker 0 performing operation 3 on task 4
17 Worker 4 processing task 5 requiring operations [9, 4]
17 Worker 4 forwarding task 5
18 Generated task 9
18 Worker 0 accepting task 9
18 Task 3 completed!
18 Worker 2 accepting task 7
18 Task 4 completed!
18 Worker 0 accepting task 5
18 Worker 3 processing task 8 requiring operations [8, 1]
18 Worker 3 forwarding task 8
18 Worker 2 processing task 6 requiring operations [8, 5, 6]
18 Worker 2 performing operation 6 on task 6
18 Worker 0 processing task 9 requiring operations [7, 2, 9]
18 Worker 0 forwarding task 9
19 Worker 1 accepting task 8
19 Worker 2 accepting task 6
19 Worker 4 accepting task 9
19 Worker 2 processing task 7 requiring operations [2]
19 Worker 2 forwarding task 7
19 Worker 0 processing task 5 requiring operations [9, 4]
19 Worker 0 forwarding task 5
19 Worker 1 processing task 8 requiring operations [8, 1]
19 Worker 1 forwarding task 8
19 Worker 4 processing task 9 requiring operations [7, 2, 9]
19 Worker 4 performing operation 7 on task 9
20 Generated task 10
20 Worker 0 accepting task 10
20 Worker 1 accepting task 7
20 Worker 1 accepting task 5
20 Worker 3 accepting task 8
20 Worker 4 accepting task 9
20 Worker 2 processing task 6 requiring operations [8, 5]
20 Worker 2 performing operation 8 on task 6
20 Worker 0 processing task 10 requiring operations [10, 4, 7]
20 Worker 0 performing operation 10 on task 10
20 Worker 1 processing task 7 requiring operations [2]
20 Worker 1 performing operation 2 on task 7
20 Worker 4 processing task 9 requiring operations [2, 9]
20 Worker 4 forwarding task 9
20 Worker 3 processing task 8 requiring operations [8, 1]
20 Worker 3 forwarding task 8
21 Worker 2 accepting task 6
21 Worker 0 accepting task 10
21 Task 7 completed!
21 Worker 2 accepting task 9
21 Worker 2 accepting task 8
21 Worker 2 processing task 6 requiring operations [5]
21 Worker 2 forwarding task 6
21 Worker 0 processing task 10 requiring operations [4, 7]
21 Worker 0 forwarding task 10
21 Worker 1 processing task 5 requiring operations [9, 4]
21 Worker 1 performing operation 9 on task 5
22 Generated task 11
22 Worker 3 accepting task 11
22 Worker 0 accepting task 6
22 Worker 4 accepting task 10
22 Worker 1 accepting task 5
22 Worker 2 processing task 9 requiring operations [2, 9]
22 Worker 2 forwarding task 9
22 Worker 0 processing task 6 requiring operations [5]
22 Worker 0 forwarding task 6
22 Worker 1 processing task 5 requiring operations [4]
22 Worker 1 forwarding task 5
22 Worker 3 processing task 11 requiring operations [5, 7, 9]
22 Worker 3 performing operation 5 on task 11
22 Worker 4 processing task 10 requiring operations [4, 7]
22 Worker 4 performing operation 7 on task 10
23 Worker 0 accepting task 9
23 Worker 4 accepting task 6
23 Worker 3 accepting task 5
23 Worker 3 accepting task 11
23 Worker 4 accepting task 10
23 Worker 2 processing task 8 requiring operations [8, 1]
23 Worker 2 performing operation 1 on task 8
23 Worker 0 processing task 9 requiring operations [2, 9]
23 Worker 0 forwarding task 9
23 Worker 3 processing task 5 requiring operations [4]
23 Worker 3 performing operation 4 on task 5
23 Worker 4 processing task 6 requiring operations [5]
23 Worker 4 forwarding task 6
24 Generated task 12
24 Worker 0 accepting task 12
24 Worker 2 accepting task 8
24 Worker 1 accepting task 9
24 Task 5 completed!
24 Worker 0 accepting task 6
24 Worker 2 processing task 8 requiring operations [8]
24 Worker 2 performing operation 8 on task 8
24 Worker 0 processing task 12 requiring operations [5, 10, 9]
24 Worker 0 performing operation 10 on task 12
24 Worker 3 processing task 11 requiring operations [7, 9]
24 Worker 3 forwarding task 11
24 Worker 4 processing task 10 requiring operations [4]
24 Worker 4 forwarding task 10
24 Worker 1 processing task 9 requiring operations [2, 9]
24 Worker 1 performing operation 9 on task 9
25 Task 8 completed!
25 Worker 0 accepting task 12
25 Worker 2 accepting task 11
25 Worker 0 accepting task 10
25 Worker 1 accepting task 9
25 Worker 0 processing task 6 requiring operations [5]
25 Worker 0 forwarding task 6
25 Worker 1 processing task 9 requiring operations [2]
25 Worker 1 performing operation 2 on task 9
25 Worker 2 processing task 11 requiring operations [7, 9]
25 Worker 2 forwarding task 11
26 Generated task 13
26 Worker 0 accepting task 13
26 Worker 4 accepting task 6
26 Task 9 completed!
26 Worker 3 accepting task 11
26 Worker 0 processing task 12 requiring operations [5, 9]
26 Worker 0 forwarding task 12
26 Worker 4 processing task 6 requiring operations [5]
26 Worker 4 forwarding task 6
26 Worker 3 processing task 11 requiring operations [7, 9]
26 Worker 3 forwarding task 11
27 Worker 1 accepting task 12
27 Worker 0 accepting task 6
27 Worker 1 accepting task 11
27 Worker 0 processing task 10 requiring operations [4]
27 Worker 0 forwarding task 10
27 Worker 1 processing task 12 requiring operations [5, 9]
27 Worker 1 performing operation 9 on task 12
28 Generated task 14
28 Worker 4 accepting task 14
28 Worker 1 accepting task 10
28 Worker 1 accepting task 12
28 Worker 0 processing task 13 requiring operations [1, 3, 4]
28 Worker 0 performing operation 3 on task 13
28 Worker 1 processing task 11 requiring operations [7, 9]
28 Worker 1 performing operation 9 on task 11
28 Worker 4 processing task 14 requiring operations [1, 6, 3]
28 Worker 4 performing operation 1 on task 14
29 Worker 0 accepting task 13
29 Worker 1 accepting task 11
29 Worker 4 accepting task 14
29 Worker 0 processing task 6 requiring operations [5]
29 Worker 0 forwarding task 6
29 Worker 1 processing task 10 requiring operations [4]
29 Worker 1 forwarding task 10
29 Worker 4 processing task 14 requiring operations [6, 3]
29 Worker 4 forwarding task 14
30 Generated task 15
30 Worker 1 accepting task 15
30 Worker 2 accepting task 6
30 Worker 2 accepting task 10
30 Worker 2 accepting task 14
30 Worker 0 processing task 13 requiring operations [1, 4]
30 Worker 0 forwarding task 13
30 Worker 1 processing task 12 requiring operations [5]
30 Worker 1 forwarding task 12
30 Worker 2 processing task 6 requiring operations [5]
30 Worker 2 forwarding task 6
31 Worker 2 accepting task 13
31 Worker 2 accepting task 12
31 Worker 0 accepting task 6
31 Worker 1 processing task 11 requiring operations [7]
31 Worker 1 forwarding task 11
31 Worker 2 processing task 10 requiring operations [4]
31 Worker 2 forwarding task 10
31 Worker 0 processing task 6 requiring operations [5]
31 Worker 0 forwarding task 6
32 Generated task 16
32 Worker 1 accepting task 16
32 Worker 2 accepting task 11
32 Worker 1 accepting task 10
32 Worker 1 accepting task 6
32 Worker 1 processing task 15 requiring operations [2, 9, 1]
32 Worker 1 performing operation 2 on task 15
32 Worker 2 processing task 14 requiring operations [6, 3]
32 Worker 2 performing operation 6 on task 14
33 Worker 1 accepting task 15
33 Worker 2 accepting task 14
33 Worker 1 processing task 16 requiring operations [2, 10, 5]
33 Worker 1 performing operation 2 on task 16
33 Worker 2 processing task 13 requiring operations [1, 4]
33 Worker 2 performing operation 1 on task 13
34 Generated task 17
34 Worker 3 accepting task 17
34 Worker 1 accepting task 16
34 Worker 2 accepting task 13
34 Worker 1 processing task 10 requiring operations [4]
34 Worker 1 forwarding task 10
34 Worker 2 processing task 12 requiring operations [5]
34 Worker 2 forwarding task 12
34 Worker 3 processing task 17 requiring operations [4, 10, 7]
34 Worker 3 performing operation 4 on task 17
35 Worker 3 accepting task 10
35 Worker 4 accepting task 12
35 Worker 3 accepting task 17
35 Worker 1 processing task 6 requiring operations [5]
35 Worker 1 forwarding task 6
35 Worker 2 processing task 11 requiring operations [7]
35 Worker 2 forwarding task 11
35 Worker 3 processing task 10 requiring operations [4]
35 Worker 3 performing operation 4 on task 10
35 Worker 4 processing task 12 requiring operations [5]
35 Worker 4 forwarding task 12
36 Generated task 18
36 Worker 2 accepting task 18
36 Worker 3 accepting task 6
36 Worker 3 accepting task 11
36 Task 10 completed!
36 Worker 2 accepting task 12
36 Worker 1 processing task 15 requiring operations [9, 1]
36 Worker 1 performing operation 9 on task 15
36 Worker 2 processing task 14 requiring operations [3]
36 Worker 2 forwarding task 14
36 Worker 3 processing task 17 requiring operations [10, 7]
36 Worker 3 performing operation 10 on task 17
37 Worker 1 accepting task 15
37 Worker 4 accepting task 14
37 Worker 3 accepting task 17
37 Worker 1 processing task 16 requiring operations [10, 5]
37 Worker 1 forwarding task 16
37 Worker 2 processing task 13 requiring operations [4]
37 Worker 2 forwarding task 13
37 Worker 3 processing task 6 requiring operations [5]
37 Worker 3 performing operation 5 on task 6
37 Worker 4 processing task 14 requiring operations [3]
37 Worker 4 forwarding task 14
38 Generated task 19
38 Worker 0 accepting task 19
38 Worker 3 accepting task 16
38 Worker 1 accepting task 13
38 Task 6 completed!
38 Worker 2 accepting task 14
38 Worker 1 processing task 15 requiring operations [1]
38 Worker 1 forwarding task 15
38 Worker 2 processing task 18 requiring operations [5, 3, 4]
38 Worker 2 forwarding task 18
38 Worker 3 processing task 11 requiring operations [7]
38 Worker 3 forwarding task 11
38 Worker 0 processing task 19 requiring operations [9, 8, 4]
38 Worker 0 forwarding task 19
39 Worker 0 accepting task 15
39 Worker 0 accepting task 18
39 Worker 2 accepting task 11
39 Worker 2 accepting task 19
39 Worker 1 processing task 13 requiring operations [4]
39 Worker 1 forwarding task 13
39 Worker 2 processing task 12 requiring operations [5]
39 Worker 2 forwarding task 12
39 Worker 3 processing task 17 requiring operations [7]
39 Worker 3 forwarding task 17
39 Worker 0 processing task 15 requiring operations [1]
39 Worker 0 forwarding task 15
40 Generated task 20
40 Worker 3 accepting task 20
40 Worker 2 accepting task 13
40 Worker 3 accepting task 12
40 Worker 1 accepting task 17
40 Worker 4 accepting task 15
40 Worker 2 processing task 14 requiring operations [3]
40 Worker 2 forwarding task 14
40 Worker 3 processing task 16 requiring operations [10, 5]
40 Worker 3 performing operation 5 on task 16
40 Worker 0 processing task 18 requiring operations [5, 3, 4]
40 Worker 0 performing operation 3 on task 18
40 Worker 1 processing task 17 requiring operations [7]
40 Worker 1 forwarding task 17
40 Worker 4 processing task 15 requiring operations [1]
40 Worker 4 performing operation 1 on task 15
41 Worker 0 accepting task 14
41 Worker 3 accepting task 16
41 Worker 0 accepting task 18
41 Worker 2 accepting task 17
41 Task 15 completed!
41 Worker 2 processing task 11 requiring operations [7]
41 Worker 2 forwarding task 11
41 Worker 3 processing task 20 requiring operations [10, 8, 2]
41 Worker 3 performing operation 10 on task 20
41 Worker 0 processing task 14 requiring operations [3]
41 Worker 0 performing operation 3 on task 14
42 Generated task 21
42 Worker 1 accepting task 21
42 Worker 0 accepting task 11
42 Worker 3 accepting task 20
42 Task 14 completed!
42 Worker 2 processing task 19 requiring operations [9, 8, 4]
42 Worker 2 performing operation 8 on task 19
42 Worker 3 processing task 12 requiring operations [5]
42 Worker 3 performing operation 5 on task 12
42 Worker 0 processing task 18 requiring operations [5, 4]
42 Worker 0 forwarding task 18
42 Worker 1 processing task 21 requiring operations [8, 3, 5]
42 Worker 1 forwarding task 21
43 Worker 2 accepting task 19
43 Task 12 completed!
43 Worker 2 accepting task 18
43 Worker 0 accepting task 21
43 Worker 2 processing task 13 requiring operations [4]
43 Worker 2 forwarding task 13
43 Worker 3 processing task 16 requiring operations [10]
43 Worker 3 performing operation 10 on task 16
43 Worker 0 processing task 11 requiring operations [7]
43 Worker 0 forwarding task 11
44 Generated task 22
44 Worker 0 accepting task 22
44 Worker 1 accepting task 13
44 Task 16 completed!
44 Worker 4 accepting task 11
44 Worker 2 processing task 17 requiring operations [7]
44 Worker 2 forwarding task 17
44 Worker 3 processing task 20 requiring operations [8, 2]
44 Worker 3 forwarding task 20
44 Worker 0 processing task 21 requiring operations [8, 3, 5]
44 Worker 0 performing operation 3 on task 21
44 Worker 1 processing task 13 requiring operations [4]
44 Worker 1 forwarding task 13
44 Worker 4 processing task 11 requiring operations [7]
44 Worker 4 performing operation 7 on task 11
45 Worker 3 accepting task 17
45 Worker 2 accepting task 20
45 Worker 0 accepting task 21
45 Worker 2 accepting task 13
45 Task 11 completed!
45 Worker 2 processing task 19 requiring operations [9, 4]
45 Worker 2 forwarding task 19
45 Worker 3 processing task 17 requiring operations [7]
45 Worker 3 forwarding task 17
45 Worker 0 processing task 22 requiring operations [1, 5, 10]
45 Worker 0 performing operation 10 on task 22
46 Generated task 23
46 Worker 4 accepting task 23
46 Worker 3 accepting task 19
46 Worker 2 accepting task 17
46 Worker 0 accepting task 22
46 Worker 2 processing task 18 requiring operations [5, 4]
46 Worker 2 forwarding task 18
46 Worker 3 processing task 19 requiring operations [9, 4]
46 Worker 3 performing operation 4 on task 19
46 Worker 0 processing task 21 requiring operations [8, 5]
46 Worker 0 forwarding task 21
46 Worker 4 processing task 23 requiring operations [7, 9, 4]
46 Worker 4 performing operation 7 on task 23
47 Worker 1 accepting task 18
47 Worker 3 accepting task 19
47 Worker 4 accepting task 21
47 Worker 4 accepting task 23
47 Worker 2 processing task 20 requiring operations [8, 2]
47 Worker 2 performing operation 8 on task 20
47 Worker 3 processing task 19 requiring operations [9]
47 Worker 3 forwarding task 19
47 Worker 0 processing task 22 requiring operations [1, 5]
47 Worker 0 forwarding task 22
47 Worker 4 processing task 21 requiring operations [8, 5]
47 Worker 4 performing operation 8 on task 21
47 Worker 1 processing task 18 requiring operations [5, 4]
47 Worker 1 forwarding task 18
48 Generated task 24
48 Worker 4 accepting task 24
48 Worker 2 accepting task 20
48 Worker 1 accepting task 19
48 Worker 1 accepting task 22
48 Worker 4 accepting task 21
48 Worker 3 accepting task 18
48 Worker 2 processing task 13 requiring operations [4]
48 Worker 2 forwarding task 13
48 Worker 4 processing task 23 requiring operations [9, 4]
48 Worker 4 forwarding task 23
48 Worker 1 processing task 19 requiring operations [9]
48 Worker 1 performing operation 9 on task 19
48 Worker 3 processing task 18 requiring operations [5, 4]
48 Worker 3 performing operation 4 on task 18
49 Worker 0 accepting task 13
49 Worker 0 accepting task 23
49 Task 19 completed!
49 Worker 3 accepting task 18
49 Worker 2 processing task 17 requiring operations [7]
49 Worker 2 forwarding task 17
49 Worker 4 processing task 24 requiring operations [2, 8, 4]
49 Worker 4 performing operation 8 on task 24
49 Worker 1 processing task 22 requiring operations [1, 5]
49 Worker 1 forwarding task 22
49 Worker 3 processing task 18 requiring operations [5]
49 Worker 3 performing operation 5 on task 18
49 Worker 0 processing task 13 requiring operations [4]
49 Worker 0 forwarding task 13
50 Generated task 25
50 Worker 1 accepting task 25
50 Worker 3 accepting task 17
50 Worker 4 accepting task 24
50 Worker 2 accepting task 22
50 Task 18 completed!
50 Worker 1 accepting task 13
50 Worker 2 processing task 20 requiring operations [2]
50 Worker 2 forwarding task 20
50 Worker 4 processing task 21 requiring operations [5]
50 Worker 4 forwarding task 21
50 Worker 1 processing task 25 requiring operations [5, 9, 1]
50 Worker 1 performing operation 9 on task 25
50 Worker 3 processing task 17 requiring operations [7]
50 Worker 3 forwarding task 17
50 Worker 0 processing task 23 requiring operations [9, 4]
50 Worker 0 forwarding task 23
51 Worker 4 accepting task 20
51 Worker 0 accepting task 21
51 Worker 1 accepting task 25
51 Worker 2 accepting task 17
51 Worker 1 accepting task 23
51 Worker 2 processing task 22 requiring operations [1, 5]
51 Worker 2 performing operation 1 on task 22
51 Worker 4 processing task 24 requiring operations [2, 4]
51 Worker 4 forwarding task 24
51 Worker 1 processing task 13 requiring operations [4]
51 Worker 1 forwarding task 13
51 Worker 0 processing task 21 requiring operations [5]
51 Worker 0 forwarding task 21
52 Generated task 26
52 Worker 0 accepting task 26
52 Worker 2 accepting task 22
52 Worker 0 accepting task 24
52 Worker 0 accepting task 13
52 Worker 4 accepting task 21
52 Worker 2 processing task 17 requiring operations [7]
52 Worker 2 forwarding task 17
52 Worker 4 processing task 20 requiring operations [2]
52 Worker 4 forwarding task 20
52 Worker 1 processing task 25 requiring operations [5, 1]
52 Worker 1 forwarding task 25
52 Worker 0 processing task 26 requiring operations [8, 2, 10]
52 Worker 0 performing operation 10 on task 26
53 Worker 1 accepting task 17
53 Worker 0 accepting task 20
53 Worker 3 accepting task 25
53 Worker 0 accepting task 26
53 Worker 2 processing task 22 requiring operations [5]
53 Worker 2 forwarding task 22
53 Worker 4 processing task 21 requiring operations [5]
53 Worker 4 forwarding task 21
53 Worker 1 processing task 23 requiring operations [9, 4]
53 Worker 1 performing operation 9 on task 23
53 Worker 0 processing task 24 requiring operations [2, 4]
53 Worker 0 forwarding task 24
53 Worker 3 processing task 25 requiring operations [5, 1]
53 Worker 3 performing operation 5 on task 25
54 Generated task 27
54 Worker 1 accepting task 27
54 Worker 1 accepting task 22
54 Worker 0 accepting task 21
54 Worker 1 accepting task 23
54 Worker 2 accepting task 24
54 Worker 3 accepting task 25
54 Worker 1 processing task 17 requiring operations [7]
54 Worker 1 forwarding task 17
54 Worker 0 processing task 13 requiring operations [4]
54 Worker 0 forwarding task 13
54 Worker 3 processing task 25 requiring operations [1]
54 Worker 3 forwarding task 25
54 Worker 2 processing task 24 requiring operations [2, 4]
54 Worker 2 forwarding task 24
55 Worker 3 accepting task 17
55 Worker 4 accepting task 13
55 Worker 1 accepting task 25
55 Worker 4 accepting task 24
55 Worker 1 processing task 27 requiring operations [10, 4, 1]
55 Worker 1 forwarding task 27
55 Worker 0 processing task 20 requiring operations [2]
55 Worker 0 forwarding task 20
55 Worker 3 processing task 17 requiring operations [7]
55 Worker 3 forwarding task 17
55 Worker 4 processing task 13 requiring operations [4]
55 Worker 4 forwarding task 13
56 Generated task 28
56 Worker 3 accepting task 28
56 Worker 2 accepting task 27
56 Worker 1 accepting task 20
56 Worker 2 accepting task 17
56 Worker 2 accepting task 13
56 Worker 1 processing task 22 requiring operations [5]
56 Worker 1 forwarding task 22
56 Worker 0 processing task 26 requiring operations [8, 2]
56 Worker 0 forwarding task 26
56 Worker 3 processing task 28 requiring operations [5, 8, 2]
56 Worker 3 performing operation 5 on task 28
56 Worker 4 processing task 24 requiring operations [2, 4]
56 Worker 4 forwarding task 24
56 Worker 2 processing task 27 requiring operations [10, 4, 1]
56 Worker 2 performing operation 1 on task 27
57 Worker 3 accepting task 22
57 Worker 1 accepting task 26
57 Worker 3 accepting task 28
57 Worker 0 accepting task 24
57 Worker 2 accepting task 27
57 Worker 1 processing task 23 requiring operations [4]
57 Worker 1 forwarding task 23
57 Worker 0 processing task 21 requiring operations [5]
57 Worker 0 forwarding task 21
57 Worker 3 processing task 22 requiring operations [5]
57 Worker 3 performing operation 5 on task 22
57 Worker 2 processing task 17 requiring operations [7]
57 Worker 2 forwarding task 17
58 Generated task 29
58 Worker 1 accepting task 29
58 Worker 3 accepting task 23
58 Worker 4 accepting task 21
58 Task 22 completed!
58 Worker 4 accepting task 17
58 Worker 1 processing task 25 requiring operations [1]
58 Worker 1 forwarding task 25
58 Worker 0 processing task 24 requiring operations [2, 4]
58 Worker 0 forwarding task 24
58 Worker 3 processing task 28 requiring operations [8, 2]
58 Worker 3 forwarding task 28
58 Worker 2 processing task 13 requiring operations [4]
58 Worker 2 forwarding task 13
58 Worker 4 processing task 21 requiring operations [5]
58 Worker 4 forwarding task 21
59 Worker 3 accepting task 25
59 Worker 4 accepting task 24
59 Worker 2 accepting task 28
59 Worker 4 accepting task 13
59 Worker 2 accepting task 21
59 Worker 1 processing task 20 requiring operations [2]
59 Worker 1 performing operation 2 on task 20
59 Worker 3 processing task 23 requiring operations [4]
59 Worker 3 performing operation 4 on task 23
59 Worker 2 processing task 27 requiring operations [10, 4]
59 Worker 2 forwarding task 27
59 Worker 4 processing task 17 requiring operations [7]
59 Worker 4 performing operation 7 on task 17
60 Generated task 30
60 Worker 3 accepting task 30
60 Task 20 completed!
60 Task 23 completed!
60 Worker 0 accepting task 27
60 Task 17 completed!
60 Worker 1 processing task 26 requiring operations [8, 2]
60 Worker 1 performing operation 2 on task 26
60 Worker 3 processing task 25 requiring operations [1]
60 Worker 3 forwarding task 25
60 Worker 2 processing task 28 requiring operations [8, 2]
60 Worker 2 performing operation 8 on task 28
60 Worker 4 processing task 24 requiring operations [2, 4]
60 Worker 4 forwarding task 24
60 Worker 0 processing task 27 requiring operations [10, 4]
60 Worker 0 performing operation 10 on task 27
61 Worker 1 accepting task 26
61 Worker 2 accepting task 25
61 Worker 2 accepting task 28
61 Worker 2 accepting task 24
61 Worker 0 accepting task 27
61 Worker 1 processing task 29 requiring operations [8, 5, 3]
61 Worker 1 forwarding task 29
61 Worker 3 processing task 30 requiring operations [3, 7, 6]
61 Worker 3 forwarding task 30
61 Worker 2 processing task 21 requiring operations [5]
61 Worker 2 forwarding task 21
61 Worker 4 processing task 13 requiring operations [4]
61 Worker 4 forwarding task 13
61 Worker 0 processing task 27 requiring operations [4]
61 Worker 0 forwarding task 27
62 Generated task 31
62 Worker 2 accepting task 31
62 Worker 2 accepting task 29
62 Worker 1 accepting task 30
62 Worker 1 accepting task 21
62 Worker 2 accepting task 13
62 Worker 1 accepting task 27
62 Worker 1 processing task 26 requiring operations [8]
62 Worker 1 forwarding task 26
62 Worker 2 processing task 25 requiring operations [1]
62 Worker 2 performing operation 1 on task 25
63 Worker 0 accepting task 26
63 Task 25 completed!
63 Worker 1 processing task 30 requiring operations [3, 7, 6]
63 Worker 1 forwarding task 30
63 Worker 2 processing task 28 requiring operations [2]
63 Worker 2 forwarding task 28
63 Worker 0 processing task 26 requiring operations [8]
63 Worker 0 forwarding task 26
64 Generated task 32
64 Worker 4 accepting task 32
64 Worker 2 accepting task 30
64 Worker 0 accepting task 28
64 Worker 2 accepting task 26
64 Worker 1 processing task 21 requiring operations [5]
64 Worker 1 forwarding task 21
64 Worker 2 processing task 24 requiring operations [2, 4]
64 Worker 2 forwarding task 24
64 Worker 0 processing task 28 requiring operations [2]
64 Worker 0 forwarding task 28
64 Worker 4 processing task 32 requiring operations [2, 1, 7]
64 Worker 4 performing operation 7 on task 32
65 Worker 2 accepting task 21
65 Worker 0 accepting task 24
65 Worker 1 accepting task 28
65 Worker 4 accepting task 32
65 Worker 1 processing task 27 requiring operations [4]
65 Worker 1 forwarding task 27
65 Worker 2 processing task 31 requiring operations [4, 1, 9]
65 Worker 2 performing operation 1 on task 31
65 Worker 0 processing task 24 requiring operations [2, 4]
65 Worker 0 forwarding task 24
65 Worker 4 processing task 32 requiring operations [2, 1]
65 Worker 4 performing operation 1 on task 32
66 Generated task 33
66 Worker 1 accepting task 33
66 Worker 2 accepting task 27
66 Worker 2 accepting task 31
66 Worker 1 accepting task 24
66 Worker 4 accepting task 32
66 Worker 1 processing task 28 requiring operations [2]
66 Worker 1 performing operation 2 on task 28
66 Worker 2 processing task 29 requiring operations [8, 5, 3]
66 Worker 2 performing operation 8 on task 29
66 Worker 4 processing task 32 requiring operations [2]
66 Worker 4 forwarding task 32
67 Task 28 completed!
67 Worker 2 accepting task 29
67 Worker 2 accepting task 32
67 Worker 1 processing task 33 requiring operations [5, 3, 4]
67 Worker 1 forwarding task 33
67 Worker 2 processing task 13 requiring operations [4]
67 Worker 2 forwarding task 13
68 Generated task 34
68 Worker 4 accepting task 34
68 Worker 2 accepting task 33
68 Worker 0 accepting task 13
68 Worker 1 processing task 24 requiring operations [2, 4]
68 Worker 1 performing operation 2 on task 24
68 Worker 2 processing task 30 requiring operations [3, 7, 6]
68 Worker 2 performing operation 6 on task 30
68 Worker 4 processing task 34 requiring operations [5, 4, 2]
68 Worker 4 forwarding task 34
68 Worker 0 processing task 13 requiring operations [4]
68 Worker 0 forwarding task 13
69 Worker 1 accepting task 24
69 Worker 2 accepting task 30
69 Worker 2 accepting task 34
69 Worker 2 accepting task 13
69 Worker 1 processing task 24 requiring operations [4]
69 Worker 1 forwarding task 24
69 Worker 2 processing task 26 requiring operations [8]
69 Worker 2 performing operation 8 on task 26
70 Generated task 35
70 Worker 0 accepting task 35
70 Worker 0 accepting task 24
70 Task 26 completed!
70 Worker 2 processing task 21 requiring operations [5]
70 Worker 2 forwarding task 21
70 Worker 0 processing task 35 requiring operations [9, 1, 7]
70 Worker 0 forwarding task 35
71 Worker 1 accepting task 21
71 Worker 1 accepting task 35
71 Worker 2 processing task 27 requiring operations [4]
71 Worker 2 forwarding task 27
71 Worker 0 processing task 24 requiring operations [4]
71 Worker 0 forwarding task 24
71 Worker 1 processing task 21 requiring operations [5]
71 Worker 1 forwarding task 21
72 Generated task 36
72 Worker 0 accepting task 36
72 Worker 4 accepting task 27
72 Worker 2 accepting task 24
72 Worker 0 accepting task 21
72 Worker 2 processing task 31 requiring operations [4, 9]
72 Worker 2 forwarding task 31
72 Worker 0 processing task 36 requiring operations [7, 4, 6]
72 Worker 0 forwarding task 36
72 Worker 1 processing task 35 requiring operations [9, 1, 7]
72 Worker 1 performing operation 9 on task 35
72 Worker 4 processing task 27 requiring operations [4]
72 Worker 4 forwarding task 27
73 Worker 4 accepting task 31
73 Worker 4 accepting task 36
73 Worker 1 accepting task 35
73 Worker 0 accepting task 27
73 Worker 2 processing task 29 requiring operations [5, 3]
73 Worker 2 forwarding task 29
73 Worker 0 processing task 21 requiring operations [5]
73 Worker 0 forwarding task 21
73 Worker 1 processing task 35 requiring operations [1, 7]
73 Worker 1 forwarding task 35
73 Worker 4 processing task 31 requiring operations [4, 9]
73 Worker 4 forwarding task 31
74 Generated task 37
74 Worker 0 accepting task 37
74 Worker 0 accepting task 29
74 Worker 2 accepting task 21
74 Worker 0 accepting task 35
74 Worker 2 accepting task 31
74 Worker 2 processing task 32 requiring operations [2]
74 Worker 2 forwarding task 32
74 Worker 0 processing task 27 requiring operations [4]
74 Worker 0 forwarding task 27
74 Worker 4 processing task 36 requiring operations [7, 4, 6]
74 Worker 4 performing operation 7 on task 36
75 Worker 3 accepting task 32
75 Worker 1 accepting task 27
75 Worker 4 accepting task 36
75 Worker 2 processing task 33 requiring operations [5, 3, 4]
75 Worker 2 forwarding task 33
75 Worker 0 processing task 37 requiring operations [5, 9, 10]
75 Worker 0 performing operation 10 on task 37
75 Worker 4 processing task 36 requiring operations [4, 6]
75 Worker 4 forwarding task 36
75 Worker 3 processing task 32 requiring operations [2]
75 Worker 3 forwarding task 32
75 Worker 1 processing task 27 requiring operations [4]
75 Worker 1 forwarding task 27
76 Generated task 38
76 Worker 4 accepting task 38
76 Worker 3 accepting task 33
76 Worker 0 accepting task 37
76 Worker 2 accepting task 36
76 Worker 1 accepting task 32
76 Worker 2 accepting task 27
76 Worker 2 processing task 30 requiring operations [3, 7]
76 Worker 2 forwarding task 30
76 Worker 0 processing task 29 requiring operations [5, 3]
76 Worker 0 performing operation 3 on task 29
76 Worker 4 processing task 38 requiring operations [7, 1, 6]
76 Worker 4 performing operation 7 on task 38
76 Worker 3 processing task 33 requiring operations [5, 3, 4]
76 Worker 3 performing operation 4 on task 33
76 Worker 1 processing task 32 requiring operations [2]
76 Worker 1 performing operation 2 on task 32
77 Worker 1 accepting task 30
77 Worker 0 accepting task 29
77 Worker 4 accepting task 38
77 Worker 3 accepting task 33
77 Task 32 completed!
77 Worker 2 processing task 34 requiring operations [5, 4, 2]
77 Worker 2 forwarding task 34
77 Worker 0 processing task 35 requiring operations [1, 7]
77 Worker 0 forwarding task 35
77 Worker 4 processing task 38 requiring operations [1, 6]
77 Worker 4 performing operation 1 on task 38
77 Worker 3 processing task 33 requiring operations [5, 3]
77 Worker 3 performing operation 5 on task 33
77 Worker 1 processing task 30 requiring operations [3, 7]
77 Worker 1 forwarding task 30
78 Generated task 39
78 Worker 2 accepting task 39
78 Worker 1 accepting task 34
78 Worker 2 accepting task 35
78 Worker 4 accepting task 38
78 Worker 3 accepting task 33
78 Worker 2 accepting task 30
78 Worker 2 processing task 13 requiring operations [4]
78 Worker 2 forwarding task 13
78 Worker 0 processing task 37 requiring operations [5, 9]
78 Worker 0 forwarding task 37
78 Worker 4 processing task 38 requiring operations [6]
78 Worker 4 forwarding task 38
78 Worker 3 processing task 33 requiring operations [3]
78 Worker 3 forwarding task 33
78 Worker 1 processing task 34 requiring operations [5, 4, 2]
78 Worker 1 performing operation 2 on task 34
79 Worker 3 accepting task 13
79 Worker 2 accepting task 37
79 Worker 0 accepting task 38
79 Worker 1 accepting task 33
79 Worker 1 accepting task 34
79 Worker 2 processing task 24 requiring operations [4]
79 Worker 2 forwarding task 24
79 Worker 0 processing task 29 requiring operations [5]
79 Worker 0 forwarding task 29
79 Worker 3 processing task 13 requiring operations [4]
79 Worker 3 performing operation 4 on task 13
79 Worker 1 processing task 33 requiring operations [3]
79 Worker 1 forwarding task 33
80 Generated task 40
80 Worker 2 accepting task 40
80 Worker 4 accepting task 24
80 Worker 4 accepting task 29
80 Task 13 completed!
80 Worker 0 accepting task 33
80 Worker 2 processing task 21 requiring operations [5]
80 Worker 2 forwarding task 21
80 Worker 0 processing task 38 requiring operations [6]
80 Worker 0 forwarding task 38
80 Worker 1 processing task 34 requiring operations [5, 4]
80 Worker 1 forwarding task 34
80 Worker 4 processing task 24 requiring operations [4]
80 Worker 4 forwarding task 24
81 Worker 4 accepting task 21
81 Worker 1 accepting task 38
81 Worker 0 accepting task 34
81 Worker 2 accepting task 24
81 Worker 2 processing task 31 requiring operations [4, 9]
81 Worker 2 forwarding task 31
81 Worker 0 processing task 33 requiring operations [3]
81 Worker 0 performing operation 3 on task 33
81 Worker 1 processing task 38 requiring operations [6]
81 Worker 1 forwarding task 38
81 Worker 4 processing task 29 requiring operations [5]
81 Worker 4 forwarding task 29
82 Generated task 41
82 Worker 4 accepting task 41
82 Worker 4 accepting task 31
82 Task 33 completed!
82 Worker 2 accepting task 38
82 Worker 2 accepting task 29
82 Worker 2 processing task 36 requiring operations [4, 6]
82 Worker 2 performing operation 6 on task 36
82 Worker 0 processing task 34 requiring operations [5, 4]
82 Worker 0 forwarding task 34
82 Worker 4 processing task 21 requiring operations [5]
82 Worker 4 forwarding task 21
83 Worker 2 accepting task 36
83 Worker 1 accepting task 34
83 Worker 0 accepting task 21
83 Worker 2 processing task 27 requiring operations [4]
83 Worker 2 forwarding task 27
83 Worker 4 processing task 41 requiring operations [5, 10, 8]
83 Worker 4 performing operation 8 on task 41
83 Worker 1 processing task 34 requiring operations [5, 4]
83 Worker 1 forwarding task 34
83 Worker 0 processing task 21 requiring operations [5]
83 Worker 0 forwarding task 21
84 Generated task 42
84 Worker 0 accepting task 42
84 Worker 3 accepting task 27
84 Worker 4 accepting task 41
84 Worker 3 accepting task 34
84 Worker 2 accepting task 21
84 Worker 2 processing task 39 requiring operations [2, 1, 5]
84 Worker 2 performing operation 1 on task 39
84 Worker 4 processing task 31 requiring operations [4, 9]
84 Worker 4 forwarding task 31
84 Worker 0 processing task 42 requiring operations [8, 9, 10]
84 Worker 0 performing operation 10 on task 42
84 Worker 3 processing task 27 requiring operations [4]
84 Worker 3 performing operation 4 on task 27
85 Worker 2 accepting task 39
85 Worker 2 accepting task 31
85 Worker 0 accepting task 42
85 Task 27 completed!
85 Worker 2 processing task 35 requiring operations [1, 7]
85 Worker 2 performing operation 1 on task 35
85 Worker 4 processing task 41 requiring operations [5, 10]
85 Worker 4 forwarding task 41
85 Worker 0 processing task 42 requiring operations [8, 9]
85 Worker 0 forwarding task 42
85 Worker 3 processing task 34 requiring operations [5, 4]
85 Worker 3 performing operation 4 on task 34
86 Generated task 43
86 Worker 1 accepting task 43
86 Worker 2 accepting task 35
86 Worker 2 accepting task 41
86 Worker 2 accepting task 42
86 Worker 3 accepting task 34
86 Worker 2 processing task 30 requiring operations [3, 7]
86 Worker 2 forwarding task 30
86 Worker 3 processing task 34 requiring operations [5]
86 Worker 3 performing operation 5 on task 34
86 Worker 1 processing task 43 requiring operations [10, 5, 9]
86 Worker 1 performing operation 9 on task 43
87 Worker 0 accepting task 30
87 Task 34 completed!
87 Worker 1 accepting task 43
87 Worker 2 processing task 37 requiring operations [5, 9]
87 Worker 2 forwarding task 37
87 Worker 1 processing task 43 requiring operations [10, 5]
87 Worker 1 forwarding task 43
87 Worker 0 processing task 30 requiring operations [3, 7]
87 Worker 0 performing operation 3 on task 30
88 Generated task 44
88 Worker 2 accepting task 44
88 Worker 4 accepting task 37
88 Worker 2 accepting task 43
88 Worker 0 accepting task 30
88 Worker 2 processing task 40 requiring operations [10, 5, 1]
88 Worker 2 performing operation 1 on task 40
88 Worker 0 processing task 30 requiring operations [7]
88 Worker 0 forwarding task 30
88 Worker 4 processing task 37 requiring operations [5, 9]
88 Worker 4 forwarding task 37
89 Worker 2 accepting task 40
89 Worker 2 accepting task 30
89 Worker 2 accepting task 37
89 Worker 2 processing task 24 requiring operations [4]
89 Worker 2 forwarding task 24
90 Generated task 45
90 Worker 3 accepting task 45
90 Worker 4 accepting task 24
90 Worker 2 processing task 38 requiring operations [6]
90 Worker 2 performing operation 6 on task 38
90 Worker 3 processing task 45 requiring operations [4, 3, 2]
90 Worker 3 performing operation 4 on task 45
90 Worker 4 processing task 24 requiring operations [4]
90 Worker 4 forwarding task 24
91 Task 38 completed!
91 Worker 3 accepting task 45
91 Worker 2 accepting task 24
91 Worker 2 processing task 29 requiring operations [5]
91 Worker 2 forwarding task 29
91 Worker 3 processing task 45 requiring operations [3, 2]
91 Worker 3 forwarding task 45
92 Generated task 46
92 Worker 2 accepting task 46
92 Worker 1 accepting task 29
92 Worker 1 accepting task 45
92 Worker 2 processing task 36 requiring operations [4]
92 Worker 2 forwarding task 36
92 Worker 1 processing task 29 requiring operations [5]
92 Worker 1 forwarding task 29
93 Worker 1 accepting task 36
93 Worker 0 accepting task 29
93 Worker 2 processing task 21 requiring operations [5]
93 Worker 2 forwarding task 21
93 Worker 1 processing task 45 requiring operations [3, 2]
93 Worker 1 performing operation 2 on task 45
93 Worker 0 processing task 29 requiring operations [5]
93 Worker 0 forwarding task 29
94 Generated task 47
94 Worker 3 accepting task 47
94 Worker 3 accepting task 21
94 Worker 1 accepting task 45
94 Worker 4 accepting task 29
94 Worker 2 processing task 39 requiring operations [2, 5]
94 Worker 2 forwarding task 39
94 Worker 1 processing task 36 requiring operations [4]
94 Worker 1 forwarding task 36
94 Worker 3 processing task 47 requiring operations [7, 4, 6]
94 Worker 3 performing operation 4 on task 47
94 Worker 4 processing task 29 requiring operations [5]
94 Worker 4 forwarding task 29
95 Worker 3 accepting task 39
95 Worker 0 accepting task 36
95 Worker 3 accepting task 47
95 Worker 2 accepting task 29
95 Worker 2 processing task 31 requiring operations [4, 9]
95 Worker 2 forwarding task 31
95 Worker 1 processing task 45 requiring operations [3]
95 Worker 1 forwarding task 45
95 Worker 3 processing task 21 requiring operations [5]
95 Worker 3 performing operation 5 on task 21
95 Worker 0 processing task 36 requiring operations [4]
95 Worker 0 forwarding task 36
96 Generated task 48
96 Worker 0 accepting task 48
96 Worker 3 accepting task 31
96 Worker 0 accepting task 45
96 Task 21 completed!
96 Worker 4 accepting task 36
96 Worker 2 processing task 35 requiring operations [7]
96 Worker 2 forwarding task 35
96 Worker 3 processing task 39 requiring operations [2, 5]
96 Worker 3 performing operation 5 on task 39
96 Worker 0 processing task 48 requiring operations [1, 4, 9]
96 Worker 0 forwarding task 48
96 Worker 4 processing task 36 requiring operations [4]
96 Worker 4 forwarding task 36
97 Worker 1 accepting task 35
97 Worker 3 accepting task 39
97 Worker 1 accepting task 48
97 Worker 0 accepting task 36
97 Worker 2 processing task 41 requiring operations [5, 10]
97 Worker 2 forwarding task 41
97 Worker 3 processing task 47 requiring operations [7, 6]
97 Worker 3 forwarding task 47
97 Worker 0 processing task 45 requiring operations [3]
97 Worker 0 performing operation 3 on task 45
97 Worker 1 processing task 35 requiring operations [7]
97 Worker 1 forwarding task 35
98 Generated task 49
98 Worker 2 accepting task 49
98 Worker 0 accepting task 41
98 Worker 2 accepting task 47
98 Task 45 completed!
98 Worker 0 accepting task 35
98 Worker 2 processing task 42 requiring operations [8, 9]
98 Worker 2 performing operation 8 on task 42
98 Worker 3 processing task 31 requiring operations [4, 9]
98 Worker 3 performing operation 4 on task 31
98 Worker 0 processing task 36 requiring operations [4]
98 Worker 0 forwarding task 36
98 Worker 1 processing task 48 requiring operations [1, 4, 9]
98 Worker 1 performing operation 9 on task 48
99 Worker 2 accepting task 42
99 Worker 3 accepting task 31
99 Worker 4 accepting task 36
99 Worker 1 accepting task 48
99 Worker 2 processing task 44 requiring operations [10, 4, 8]
99 Worker 2 performing operation 8 on task 44
99 Worker 3 processing task 39 requiring operations [2]
99 Worker 3 forwarding task 39
99 Worker 0 processing task 41 requiring operations [5, 10]
99 Worker 0 performing operation 10 on task 41
99 Worker 1 processing task 48 requiring operations [1, 4]
99 Worker 1 forwarding task 48
99 Worker 4 processing task 36 requiring operations [4]
99 Worker 4 forwarding task 36
100 Generated task 50
100 Worker 4 accepting task 50
100 Worker 2 accepting task 44
100 Worker 1 accepting task 39
100 Worker 0 accepting task 41
100 Worker 2 accepting task 48
100 Worker 2 accepting task 36
100 Worker 2 processing task 43 requiring operations [10, 5]
100 Worker 2 forwarding task 43
100 Worker 3 processing task 31 requiring operations [9]
100 Worker 3 forwarding task 31
100 Worker 0 processing task 35 requiring operations [7]
100 Worker 0 forwarding task 35
100 Worker 1 processing task 39 requiring operations [2]
100 Worker 1 performing operation 2 on task 39
100 Worker 4 processing task 50 requiring operations [4, 3, 9]
100 Worker 4 forwarding task 50
101 Worker 3 accepting task 43
101 Worker 2 accepting task 31
101 Worker 4 accepting task 35
101 Task 39 completed!
101 Worker 0 accepting task 50
101 Worker 2 processing task 40 requiring operations [10, 5]
101 Worker 2 forwarding task 40
101 Worker 3 processing task 43 requiring operations [10, 5]
101 Worker 3 performing operation 5 on task 43
101 Worker 0 processing task 41 requiring operations [5]
101 Worker 0 forwarding task 41
101 Worker 4 processing task 35 requiring operations [7]
101 Worker 4 performing operation 7 on task 35
102 Generated task 51
102 Worker 3 accepting task 51
102 Worker 0 accepting task 40
102 Worker 3 accepting task 43
102 Worker 2 accepting task 41
102 Task 35 completed!
102 Worker 2 processing task 30 requiring operations [7]
102 Worker 2 forwarding task 30
102 Worker 3 processing task 51 requiring operations [6, 9, 5]
102 Worker 3 performing operation 5 on task 51
102 Worker 0 processing task 50 requiring operations [4, 3, 9]
102 Worker 0 performing operation 3 on task 50
103 Worker 3 accepting task 30
103 Worker 3 accepting task 51
103 Worker 0 accepting task 50
103 Worker 2 processing task 37 requiring operations [5, 9]
103 Worker 2 forwarding task 37
103 Worker 3 processing task 43 requiring operations [10]
103 Worker 3 performing operation 10 on task 43
103 Worker 0 processing task 40 requiring operations [10, 5]
103 Worker 0 performing operation 10 on task 40
104 Generated task 52
104 Worker 0 accepting task 52
104 Worker 1 accepting task 37
104 Task 43 completed!
104 Worker 0 accepting task 40
104 Worker 2 processing task 24 requiring operations [4]
104 Worker 2 forwarding task 24
104 Worker 3 processing task 30 requiring operations [7]
104 Worker 3 forwarding task 30
104 Worker 0 processing task 50 requiring operations [4, 9]
104 Worker 0 forwarding task 50
104 Worker 1 processing task 37 requiring operations [5, 9]
104 Worker 1 performing operation 9 on task 37
105 Worker 3 accepting task 24
105 Worker 1 accepting task 30
105 Worker 2 accepting task 50
105 Worker 1 accepting task 37
105 Worker 2 processing task 46 requiring operations [8, 10, 2]
105 Worker 2 performing operation 8 on task 46
105 Worker 3 processing task 51 requiring operations [6, 9]
105 Worker 3 forwarding task 51
105 Worker 0 processing task 52 requiring operations [7, 6, 8]
105 Worker 0 forwarding task 52
105 Worker 1 processing task 30 requiring operations [7]
105 Worker 1 forwarding task 30
106 Generated task 53
106 Worker 0 accepting task 53
106 Worker 2 accepting task 46
106 Worker 2 accepting task 51
106 Worker 2 accepting task 52
106 Worker 0 accepting task 30
106 Worker 2 processing task 29 requiring operations [5]
106 Worker 2 forwarding task 29
106 Worker 3 processing task 24 requiring operations [4]
106 Worker 3 performing operation 4 on task 24
106 Worker 0 processing task 40 requiring operations [5]
106 Worker 0 forwarding task 40
106 Worker 1 processing task 37 requiring operations [5]
106 Worker 1 forwarding task 37
107 Worker 0 accepting task 29
107 Task 24 completed!
107 Worker 4 accepting task 40
107 Worker 0 accepting task 37
107 Worker 2 processing task 49 requiring operations [2, 8, 3]
107 Worker 2 performing operation 8 on task 49
107 Worker 0 processing task 53 requiring operations [9, 6, 1]
107 Worker 0 forwarding task 53
107 Worker 4 processing task 40 requiring operations [5]
107 Worker 4 forwarding task 40
108 Generated task 54
108 Worker 3 accepting task 54
108 Worker 2 accepting task 49
108 Worker 2 accepting task 53
108 Worker 0 accepting task 40
108 Worker 2 processing task 47 requiring operations [7, 6]
108 Worker 2 performing operation 6 on task 47
108 Worker 0 processing task 30 requiring operations [7]
108 Worker 0 forwarding task 30
108 Worker 3 processing task 54 requiring operations [7, 2, 4]
108 Worker 3 performing operation 4 on task 54
109 Worker 2 accepting task 47
109 Worker 2 accepting task 30
109 Worker 3 accepting task 54
109 Worker 2 processing task 42 requiring operations [9]
109 Worker 2 forwarding task 42
109 Worker 0 processing task 29 requiring operations [5]
109 Worker 0 forwarding task 29
109 Worker 3 processing task 54 requiring operations [7, 2]
109 Worker 3 forwarding task 54
110 Generated task 55
110 Worker 0 accepting task 55
110 Worker 1 accepting task 42
110 Worker 4 accepting task 29
110 Worker 2 accepting task 54
110 Worker 2 processing task 44 requiring operations [10, 4]
110 Worker 2 forwarding task 44
110 Worker 0 processing task 37 requiring operations [5]
110 Worker 0 forwarding task 37
110 Worker 1 processing task 42 requiring operations [9]
110 Worker 1 performing operation 9 on task 42
110 Worker 4 processing task 29 requiring operations [5]
110 Worker 4 forwarding task 29
111 Worker 3 accepting task 44
111 Worker 4 accepting task 37
111 Task 42 completed!
111 Worker 0 accepting task 29
111 Worker 2 processing task 48 requiring operations [1, 4]
111 Worker 2 performing operation 1 on task 48
111 Worker 0 processing task 40 requiring operations [5]
111 Worker 0 forwarding task 40
111 Worker 4 processing task 37 requiring operations [5]
111 Worker 4 forwarding task 37
111 Worker 3 processing task 44 requiring operations [10, 4]
111 Worker 3 performing operation 10 on task 44
112 Generated task 56
112 Worker 4 accepting task 56
112 Worker 2 accepting task 48
112 Worker 4 accepting task 40
112 Worker 0 accepting task 37
112 Worker 3 accepting task 44
112 Worker 2 processing task 36 requiring operations [4]
112 Worker 2 forwarding task 36
112 Worker 0 processing task 55 requiring operations [4, 10, 1]
112 Worker 0 performing operation 10 on task 55
112 Worker 4 processing task 56 requiring operations [10, 6, 9]
112 Worker 4 forwarding task 56
112 Worker 3 processing task 44 requiring operations [4]
112 Worker 3 performing operation 4 on task 44
113 Worker 0 accepting task 36
113 Worker 0 accepting task 55
113 Worker 0 accepting task 56
113 Task 44 completed!
113 Worker 2 processing task 31 requiring operations [9]
113 Worker 2 forwarding task 31
113 Worker 0 processing task 29 requiring operations [5]
113 Worker 0 forwarding task 29
113 Worker 4 processing task 40 requiring operations [5]
113 Worker 4 forwarding task 40
114 Generated task 57
114 Worker 4 accepting task 57
114 Worker 4 accepting task 31
114 Worker 4 accepting task 29
114 Worker 0 accepting task 40
114 Worker 2 processing task 41 requiring operations [5]
114 Worker 2 forwarding task 41
114 Worker 0 processing task 37 requiring operations [5]
114 Worker 0 forwarding task 37
114 Worker 4 processing task 57 requiring operations [6, 3, 4]
114 Worker 4 forwarding task 57
115 Worker 4 accepting task 41
115 Worker 4 accepting task 37
115 Worker 2 accepting task 57
115 Worker 2 processing task 50 requiring operations [4, 9]
115 Worker 2 forwarding task 50
115 Worker 0 processing task 36 requiring operations [4]
115 Worker 0 forwarding task 36
115 Worker 4 processing task 31 requiring operations [9]
115 Worker 4 forwarding task 31
116 Generated task 58
116 Worker 2 accepting task 58
116 Worker 4 accepting task 50
116 Worker 1 accepting task 36
116 Worker 2 accepting task 31
116 Worker 2 processing task 46 requiring operations [10, 2]
116 Worker 2 forwarding task 46
116 Worker 0 processing task 55 requiring operations [4, 1]
116 Worker 0 forwarding task 55
116 Worker 4 processing task 29 requiring operations [5]
116 Worker 4 forwarding task 29
116 Worker 1 processing task 36 requiring operations [4]
116 Worker 1 forwarding task 36
117 Worker 0 accepting task 46
117 Worker 2 accepting task 55
117 Worker 2 accepting task 29
117 Worker 2 accepting task 36
117 Worker 2 processing task 51 requiring operations [6, 9]
117 Worker 2 performing operation 6 on task 51
117 Worker 0 processing task 56 requiring operations [10, 6, 9]
117 Worker 0 performing operation 10 on task 56
117 Worker 4 processing task 41 requiring operations [5]
117 Worker 4 forwarding task 41
118 Generated task 59
118 Worker 3 accepting task 59
118 Worker 2 accepting task 51
118 Worker 0 accepting task 56
118 Worker 0 accepting task 41
118 Worker 2 processing task 52 requiring operations [7, 6, 8]
118 Worker 2 performing operation 8 on task 52
118 Worker 0 processing task 40 requiring operations [5]
118 Worker 0 forwarding task 40
118 Worker 4 processing task 37 requiring operations [5]
118 Worker 4 forwarding task 37
118 Worker 3 processing task 59 requiring operations [10, 5, 7]
118 Worker 3 performing operation 5 on task 59
119 Worker 2 accepting task 52
119 Worker 1 accepting task 40
119 Worker 2 accepting task 37
119 Worker 3 accepting task 59
119 Worker 2 processing task 49 requiring operations [2, 3]
119 Worker 2 forwarding task 49
119 Worker 0 processing task 46 requiring operations [10, 2]
119 Worker 0 performing operation 10 on task 46
119 Worker 4 processing task 50 requiring operations [4, 9]
119 Worker 4 forwarding task 50
119 Worker 3 processing task 59 requiring operations [10, 7]
119 Worker 3 performing operation 10 on task 59
119 Worker 1 processing task 40 requiring operations [5]
119 Worker 1 forwarding task 40
120 Generated task 60
120 Worker 2 accepting task 60
120 Worker 0 accepting task 49
120 Worker 0 accepting task 46
120 Worker 0 accepting task 50
120 Worker 3 accepting task 59
120 Worker 0 accepting task 40
120 Worker 2 processing task 53 requiring operations [9, 6, 1]
120 Worker 2 performing operation 1 on task 53
120 Worker 0 processing task 56 requiring operations [6, 9]
120 Worker 0 forwarding task 56
120 Worker 3 processing task 59 requiring operations [7]
120 Worker 3 forwarding task 59
121 Worker 2 accepting task 53
121 Worker 2 accepting task 56
121 Worker 2 accepting task 59
121 Worker 2 processing task 47 requiring operations [7]
121 Worker 2 forwarding task 47
121 Worker 0 processing task 41 requiring operations [5]
121 Worker 0 forwarding task 41
122 Generated task 61
122 Worker 3 accepting task 61
122 Worker 1 accepting task 47
122 Worker 1 accepting task 41
122 Worker 2 processing task 30 requiring operations [7]
122 Worker 2 forwarding task 30
122 Worker 0 processing task 49 requiring operations [2, 3]
122 Worker 0 performing operation 3 on task 49
122 Worker 3 processing task 61 requiring operations [3, 6, 7]
122 Worker 3 forwarding task 61
122 Worker 1 processing task 47 requiring operations [7]
122 Worker 1 forwarding task 47
123 Worker 0 accepting task 30
123 Worker 0 accepting task 49
123 Worker 1 accepting task 61
123 Worker 2 accepting task 47
123 Worker 2 processing task 54 requiring operations [7, 2]
123 Worker 2 forwarding task 54
123 Worker 0 processing task 46 requiring operations [2]
123 Worker 0 forwarding task 46
123 Worker 1 processing task 41 requiring operations [5]
123 Worker 1 forwarding task 41
124 Generated task 62
124 Worker 3 accepting task 62
124 Worker 3 accepting task 54
124 Worker 2 accepting task 46
124 Worker 0 accepting task 41
124 Worker 2 processing task 48 requiring operations [4]
124 Worker 2 forwarding task 48
124 Worker 0 processing task 50 requiring operations [4, 9]
124 Worker 0 forwarding task 50
124 Worker 1 processing task 61 requiring operations [3, 6, 7]
124 Worker 1 forwarding task 61
124 Worker 3 processing task 62 requiring operations [2, 7, 8]
124 Worker 3 forwarding task 62
125 Worker 0 accepting task 48
125 Worker 4 accepting task 50
125 Worker 2 accepting task 61
125 Worker 1 accepting task 62
125 Worker 2 processing task 57 requiring operations [6, 3, 4]
125 Worker 2 performing operation 6 on task 57
125 Worker 0 processing task 40 requiring operations [5]
125 Worker 0 forwarding task 40
125 Worker 3 processing task 54 requiring operations [7, 2]
125 Worker 3 forwarding task 54
125 Worker 4 processing task 50 requiring operations [4, 9]
125 Worker 4 forwarding task 50
125 Worker 1 processing task 62 requiring operations [2, 7, 8]
125 Worker 1 performing operation 2 on task 62
126 Generated task 63
126 Worker 1 accepting task 63
126 Worker 2 accepting task 57
126 Worker 1 accepting task 40
126 Worker 1 accepting task 54
126 Worker 0 accepting task 50
126 Worker 1 accepting task 62
126 Worker 2 processing task 58 requiring operations [10, 4, 9]
126 Worker 2 forwarding task 58
126 Worker 0 processing task 30 requiring operations [7]
126 Worker 0 forwarding task 30
126 Worker 1 processing task 63 requiring operations [8, 5, 9]
126 Worker 1 performing operation 9 on task 63
127 Worker 4 accepting task 58
127 Worker 1 accepting task 30
127 Worker 1 accepting task 63
127 Worker 2 processing task 31 requiring operations [9]
127 Worker 2 forwarding task 31
127 Worker 0 processing task 49 requiring operations [2]
127 Worker 0 forwarding task 49
127 Worker 1 processing task 40 requiring operations [5]
127 Worker 1 forwarding task 40
127 Worker 4 processing task 58 requiring operations [10, 4, 9]
127 Worker 4 forwarding task 58
128 Generated task 64
128 Worker 3 accepting task 64
128 Worker 0 accepting task 31
128 Worker 4 accepting task 49
128 Worker 2 accepting task 40
128 Worker 2 accepting task 58
128 Worker 2 processing task 55 requiring operations [4, 1]
128 Worker 2 performing operation 1 on task 55
128 Worker 0 processing task 41 requiring operations [5]
128 Worker 0 forwarding task 41
128 Worker 1 processing task 54 requiring operations [7, 2]
128 Worker 1 performing operation 2 on task 54
128 Worker 4 processing task 49 requiring operations [2]
128 Worker 4 forwarding task 49
128 Worker 3 processing task 64 requiring operations [7, 9, 3]
128 Worker 3 forwarding task 64
129 Worker 2 accepting task 55
129 Worker 2 accepting task 41
129 Worker 1 accepting task 54
129 Worker 0 accepting task 49
129 Worker 1 accepting task 64
129 Worker 2 processing task 29 requiring operations [5]
129 Worker 2 forwarding task 29
129 Worker 0 processing task 48 requiring operations [4]
129 Worker 0 forwarding task 48
129 Worker 1 processing task 62 requiring operations [7, 8]
129 Worker 1 forwarding task 62
130 Generated task 65
130 Worker 2 accepting task 65
130 Worker 3 accepting task 29
130 Worker 4 accepting task 48
130 Worker 3 accepting task 62
130 Worker 2 processing task 36 requiring operations [4]
130 Worker 2 forwarding task 36
130 Worker 0 processing task 50 requiring operations [4, 9]
130 Worker 0 forwarding task 50
130 Worker 1 processing task 30 requiring operations [7]
130 Worker 1 forwarding task 30
130 Worker 3 processing task 29 requiring operations [5]
130 Worker 3 performing operation 5 on task 29
130 Worker 4 processing task 48 requiring operations [4]
130 Worker 4 forwarding task 48
131 Worker 4 accepting task 36
131 Worker 1 accepting task 50
131 Worker 3 accepting task 30
131 Task 29 completed!
131 Worker 2 accepting task 48
131 Worker 2 processing task 51 requiring operations [9]
131 Worker 2 forwarding task 51
131 Worker 0 processing task 31 requiring operations [9]
131 Worker 0 forwarding task 31
131 Worker 1 processing task 63 requiring operations [8, 5]
131 Worker 1 forwarding task 63
131 Worker 3 processing task 62 requiring operations [7, 8]
131 Worker 3 forwarding task 62
131 Worker 4 processing task 36 requiring operations [4]
131 Worker 4 forwarding task 36
132 Generated task 66
132 Worker 3 accepting task 66
132 Worker 1 accepting task 51
132 Worker 1 accepting task 31
132 Worker 2 accepting task 63
132 Worker 1 accepting task 62
132 Worker 0 accepting task 36
132 Worker 2 processing task 52 requiring operations [7, 6]
132 Worker 2 performing operation 6 on task 52
132 Worker 0 processing task 49 requiring operations [2]
132 Worker 0 forwarding task 49
132 Worker 1 processing task 54 requiring operations [7]
132 Worker 1 forwarding task 54
132 Worker 3 processing task 30 requiring operations [7]
132 Worker 3 forwarding task 30
133 Worker 2 accepting task 52
133 Worker 1 accepting task 49
133 Worker 2 accepting task 54
133 Worker 1 accepting task 30
133 Worker 2 processing task 37 requiring operations [5]
133 Worker 2 forwarding task 37
133 Worker 0 processing task 36 requiring operations [4]
133 Worker 0 forwarding task 36
133 Worker 1 processing task 64 requiring operations [7, 9, 3]
133 Worker 1 performing operation 9 on task 64
133 Worker 3 processing task 66 requiring operations [1, 10, 9]
133 Worker 3 performing operation 10 on task 66
134 Generated task 67
134 Worker 4 accepting task 67
134 Worker 4 accepting task 37
134 Worker 4 accepting task 36
134 Worker 1 accepting task 64
134 Worker 3 accepting task 66
134 Worker 2 processing task 60 requiring operations [8, 4, 6]
134 Worker 2 performing operation 8 on task 60
134 Worker 1 processing task 50 requiring operations [4, 9]
134 Worker 1 performing operation 9 on task 50
134 Worker 3 processing task 66 requiring operations [1, 9]
134 Worker 3 forwarding task 66
134 Worker 4 processing task 67 requiring operations [5, 2, 1]
134 Worker 4 performing operation 1 on task 67
135 Worker 2 accepting task 60
135 Worker 1 accepting task 50
135 Worker 1 accepting task 66
135 Worker 4 accepting task 67
135 Worker 2 processing task 53 requiring operations [9, 6]
135 Worker 2 performing operation 6 on task 53
135 Worker 1 processing task 51 requiring operations [9]
135 Worker 1 performing operation 9 on task 51
135 Worker 4 processing task 37 requiring operations [5]
135 Worker 4 forwarding task 37
136 Generated task 68
136 Worker 0 accepting task 68
136 Worker 2 accepting task 53
136 Task 51 completed!
136 Worker 2 accepting task 37
136 Worker 2 processing task 56 requiring operations [6, 9]
136 Worker 2 performing operation 6 on task 56
136 Worker 1 processing task 31 requiring operations [9]
136 Worker 1 performing operation 9 on task 31
136 Worker 4 processing task 36 requiring operations [4]
136 Worker 4 forwarding task 36
136 Worker 0 processing task 68 requiring operations [9, 4, 10]
136 Worker 0 performing operation 10 on task 68
137 Worker 2 accepting task 56
137 Task 31 completed!
137 Worker 0 accepting task 36
137 Worker 0 accepting task 68
137 Worker 2 processing task 59 requiring operations [7]
137 Worker 2 forwarding task 59
137 Worker 1 processing task 62 requiring operations [7, 8]
137 Worker 1 forwarding task 62
137 Worker 4 processing task 67 requiring operations [5, 2]
137 Worker 4 forwarding task 67
137 Worker 0 processing task 36 requiring operations [4]
137 Worker 0 forwarding task 36
138 Generated task 69
138 Worker 3 accepting task 69
138 Worker 1 accepting task 59
138 Worker 2 accepting task 62
138 Worker 0 accepting task 67
138 Worker 1 accepting task 36
138 Worker 2 processing task 47 requiring operations [7]
138 Worker 2 forwarding task 47
138 Worker 1 processing task 49 requiring operations [2]
138 Worker 1 performing operation 2 on task 49
138 Worker 0 processing task 68 requiring operations [9, 4]
138 Worker 0 forwarding task 68
138 Worker 3 processing task 69 requiring operations [8, 7, 10]
138 Worker 3 performing operation 10 on task 69
139 Worker 0 accepting task 47
139 Task 49 completed!
139 Worker 1 accepting task 68
139 Worker 3 accepting task 69
139 Worker 2 processing task 46 requiring operations [2]
139 Worker 2 forwarding task 46
139 Worker 1 processing task 30 requiring operations [7]
139 Worker 1 forwarding task 30
139 Worker 0 processing task 67 requiring operations [5, 2]
139 Worker 0 forwarding task 67
139 Worker 3 processing task 69 requiring operations [8, 7]
139 Worker 3 forwarding task 69
140 Generated task 70
140 Worker 2 accepting task 70
140 Worker 3 accepting task 46
140 Worker 3 accepting task 30
140 Worker 4 accepting task 67
140 Worker 2 accepting task 69
140 Worker 2 processing task 61 requiring operations [3, 6, 7]
140 Worker 2 performing operation 6 on task 61
140 Worker 1 processing task 64 requiring operations [7, 3]
140 Worker 1 forwarding task 64
140 Worker 0 processing task 47 requiring operations [7]
140 Worker 0 forwarding task 47
140 Worker 3 processing task 46 requiring operations [2]
140 Worker 3 forwarding task 46
140 Worker 4 processing task 67 requiring operations [5, 2]
140 Worker 4 forwarding task 67
