Worker 0 can perform operations {1, 2, 4}
Worker 1 can perform operations {4, 7}
Worker 2 can perform operations {3, 6, 7, 8, 9}
Worker 3 can perform operations {9, 5}
Worker 4 can perform operations {10}
Building network type random
Worker 0 connecting to worker 1
Worker 1 connecting to worker 0
Worker 0 connecting to worker 2
Worker 2 connecting to worker 0
Worker 1 connecting to worker 4
Worker 4 connecting to worker 1
Worker 2 connecting to worker 4
Worker 4 connecting to worker 2
Worker 3 connecting to worker 2
Worker 2 connecting to worker 3
Worker 3 connecting to worker 1
Worker 1 connecting to worker 3
Entry nodes are [0, 1, 2, 3, 4]
0 Generated task 0
0 Worker 4 accepting task 0
0 Worker 4 processing task 0 requiring operations [4, 8, 3]
0 Worker 4 forwarding task 0
1 Worker 1 accepting task 0
1 Worker 1 processing task 0 requiring operations [4, 8, 3]
1 Worker 1 performing operation 4 on task 0
2 Generated task 1
2 Worker 1 accepting task 1
2 Worker 1 accepting task 0
2 Worker 1 processing task 1 requiring operations [2, 1, 9]
2 Worker 1 forwarding task 1
3 Worker 3 accepting task 1
3 Worker 1 processing task 0 requiring operations [8, 3]
3 Worker 1 forwarding task 0
3 Worker 3 processing task 1 requiring operations [2, 1, 9]
3 Worker 3 performing operation 9 on task 1
4 Generated task 2
4 Worker 0 accepting task 2
4 Worker 4 accepting task 0
4 Worker 3 accepting task 1
4 Worker 3 processing task 1 requiring operations [2, 1]
4 Worker 3 forwarding task 1
4 Worker 0 processing task 2 requiring operations [6, 1, 8]
4 Worker 0 performing operation 1 on task 2
4 Worker 4 processing task 0 requiring operations [8, 3]
4 Worker 4 forwarding task 0
5 Worker 2 accepting task 1
5 Worker 0 accepting task 2
5 Worker 1 accepting task 0
5 Worker 0 processing task 2 requiring operations [6, 8]
5 Worker 0 forwarding task 2
5 Worker 2 processing task 1 requiring operations [2, 1]
5 Worker 2 forwarding task 1
5 Worker 1 processing task 0 requiring operations [8, 3]
5 Worker 1 forwarding task 0
6 Generated task 3
6 Worker 4 accepting task 3
6 Worker 2 accepting task 2
6 Worker 0 accepting task 1
6 Worker 0 accepting task 0
6 Worker 2 processing task 2 requiring operations [6, 8]
6 Worker 2 performing operation 6 on task 2
6 Worker 4 processing task 3 requiring operations [9, 8, 10]
6 Worker 4 performing operation 10 on task 3
6 Worker 0 processing task 1 requiring operations [2, 1]
6 Worker 0 performing operation 1 on task 1
7 Worker 2 accepting task 2
7 Worker 4 accepting task 3
7 Worker 0 accepting task 1
7 Worker 2 processing task 2 requiring operations [8]
7 Worker 2 performing operation 8 on task 2
7 Worker 4 processing task 3 requiring operations [9, 8]
7 Worker 4 forwarding task 3
7 Worker 0 processing task 0 requiring operations [8, 3]
7 Worker 0 forwarding task 0
8 Generated task 4
8 Worker 4 accepting task 4
8 Task 2 completed!
8 Worker 1 accepting task 3
8 Worker 2 accepting task 0
8 Worker 4 processing task 4 requiring operations [10, 2, 7]
8 Worker 4 performing operation 10 on task 4
8 Worker 0 processing task 1 requiring operations [2]
8 Worker 0 performing operation 2 on task 1
8 Worker 1 processing task 3 requiring operations [9, 8]
8 Worker 1 forwarding task 3
8 Worker 2 processing task 0 requiring operations [8, 3]
8 Worker 2 performing operation 3 on task 0
9 Worker 4 accepting task 4
9 Task 1 completed!
9 Worker 4 accepting task 3
9 Worker 2 accepting task 0
9 Worker 4 processing task 4 requiring operations [2, 7]
9 Worker 4 forwarding task 4
9 Worker 2 processing task 0 requiring operations [8]
9 Worker 2 performing operation 8 on task 0
10 Generated task 5
10 Worker 4 accepting task 5
10 Worker 1 accepting task 4
10 Task 0 completed!
10 Worker 4 processing task 3 requiring operations [9, 8]
10 Worker 4 forwarding task 3
10 Worker 1 processing task 4 requiring operations [2, 7]
10 Worker 1 performing operation 7 on task 4
11 Worker 2 accepting task 3
11 Worker 1 accepting task 4
11 Worker 4 processing task 5 requiring operations [10, 1, 5]
11 Worker 4 performing operation 10 on task 5
11 Worker 1 processing task 4 requiring operations [2]
11 Worker 1 forwarding task 4
11 Worker 2 processing task 3 requiring operations [9, 8]
11 Worker 2 performing operation 8 on task 3
12 Generated task 6
12 Worker 0 accepting task 6
12 Worker 4 accepting task 5
12 Worker 0 accepting task 4
12 Worker 2 accepting task 3
12 Worker 4 processing task 5 requiring operations [1, 5]
12 Worker 4 forwarding task 5
12 Worker 2 processing task 3 requiring operations [9]
12 Worker 2 performing operation 9 on task 3
12 Worker 0 processing task 6 requiring operations [3, 7, 10]
12 Worker 0 forwarding task 6
13 Worker 2 accepting task 5
13 Task 3 completed!
13 Worker 1 accepting task 6
13 Worker 2 processing task 5 requiring operations [1, 5]
13 Worker 2 forwarding task 5
13 Worker 0 processing task 4 requiring operations [2]
13 Worker 0 performing operation 2 on task 4
13 Worker 1 processing task 6 requiring operations [3, 7, 10]
13 Worker 1 performing operation 7 on task 6
14 Generated task 7
14 Worker 2 accepting task 7
14 Worker 4 accepting task 5
14 Task 4 completed!
14 Worker 1 accepting task 6
14 Worker 2 processing task 7 requiring operations [4, 7, 8]
14 Worker 2 performing operation 8 on task 7
14 Worker 1 processing task 6 requiring operations [3, 10]
14 Worker 1 forwarding task 6
14 Worker 4 processing task 5 requiring operations [1, 5]
14 Worker 4 forwarding task 5
15 Worker 2 accepting task 7
15 Worker 0 accepting task 6
15 Worker 1 accepting task 5
15 Worker 2 processing task 7 requiring operations [4, 7]
15 Worker 2 performing operation 7 on task 7
15 Worker 0 processing task 6 requiring operations [3, 10]
15 Worker 0 forwarding task 6
15 Worker 1 processing task 5 requiring operations [1, 5]
15 Worker 1 forwarding task 5
16 Generated task 8
16 Worker 0 accepting task 8
16 Worker 2 accepting task 7
16 Worker 1 accepting task 6
16 Worker 0 accepting task 5
16 Worker 2 processing task 7 requiring operations [4]
16 Worker 2 forwarding task 7
16 Worker 0 processing task 8 requiring operations [8, 1, 9]
16 Worker 0 performing operation 1 on task 8
16 Worker 1 processing task 6 requiring operations [3, 10]
16 Worker 1 forwarding task 6
17 Worker 0 accepting task 7
17 Worker 0 accepting task 8
17 Worker 0 accepting task 6
17 Worker 0 processing task 5 requiring operations [1, 5]
17 Worker 0 performing operation 1 on task 5
18 Generated task 9
18 Worker 4 accepting task 9
18 Worker 0 accepting task 5
18 Worker 0 processing task 7 requiring operations [4]
18 Worker 0 performing operation 4 on task 7
18 Worker 4 processing task 9 requiring operations [1, 7, 2]
18 Worker 4 forwarding task 9
19 Task 7 completed!
19 Worker 2 accepting task 9
19 Worker 0 processing task 8 requiring operations [8, 9]
19 Worker 0 forwarding task 8
19 Worker 2 processing task 9 requiring operations [1, 7, 2]
19 Worker 2 performing operation 7 on task 9
20 Generated task 10
20 Worker 0 accepting task 10
20 Worker 1 accepting task 8
20 Worker 2 accepting task 9
20 Worker 0 processing task 6 requiring operations [3, 10]
20 Worker 0 forwarding task 6
20 Worker 2 processing task 9 requiring operations [1, 2]
20 Worker 2 forwarding task 9
20 Worker 1 processing task 8 requiring operations [8, 9]
20 Worker 1 forwarding task 8
21 Worker 1 accepting task 6
21 Worker 3 accepting task 9
21 Worker 0 accepting task 8
21 Worker 0 processing task 5 requiring operations [5]
21 Worker 0 forwarding task 5
21 Worker 1 processing task 6 requiring operations [3, 10]
21 Worker 1 forwarding task 6
21 Worker 3 processing task 9 requiring operations [1, 2]
21 Worker 3 forwarding task 9
22 Generated task 11
22 Worker 0 accepting task 11
22 Worker 2 accepting task 5
22 Worker 4 accepting task 6
22 Worker 1 accepting task 9
22 Worker 0 processing task 10 requiring operations [6, 2, 1]
22 Worker 0 performing operation 2 on task 10
22 Worker 2 processing task 5 requiring operations [5]
22 Worker 2 forwarding task 5
22 Worker 4 processing task 6 requiring operations [3, 10]
22 Worker 4 performing operation 10 on task 6
22 Worker 1 processing task 9 requiring operations [1, 2]
22 Worker 1 forwarding task 9
23 Worker 0 accepting task 10
23 Worker 4 accepting task 5
23 Worker 4 accepting task 6
23 Worker 0 accepting task 9
23 Worker 0 processing task 8 requiring operations [8, 9]
23 Worker 0 forwarding task 8
23 Worker 4 processing task 5 requiring operations [5]
23 Worker 4 forwarding task 5
24 Generated task 12
24 Worker 2 accepting task 12
24 Worker 2 accepting task 8
24 Worker 1 accepting task 5
24 Worker 0 processing task 11 requiring operations [8, 10, 3]
24 Worker 0 forwarding task 11
24 Worker 4 processing task 6 requiring operations [3]
24 Worker 4 forwarding task 6
24 Worker 2 processing task 12 requiring operations [10, 5, 9]
24 Worker 2 performing operation 9 on task 12
24 Worker 1 processing task 5 requiring operations [5]
24 Worker 1 forwarding task 5
25 Worker 1 accepting task 11
25 Worker 1 accepting task 6
25 Worker 2 accepting task 12
25 Worker 0 accepting task 5
25 Worker 0 processing task 10 requiring operations [6, 1]
25 Worker 0 performing operation 1 on task 10
25 Worker 2 processing task 8 requiring operations [8, 9]
25 Worker 2 performing operation 8 on task 8
25 Worker 1 processing task 11 requiring operations [8, 10, 3]
25 Worker 1 forwarding task 11
26 Generated task 13
26 Worker 4 accepting task 13
26 Worker 0 accepting task 10
26 Worker 2 accepting task 8
26 Worker 3 accepting task 11
26 Worker 0 processing task 9 requiring operations [1, 2]
26 Worker 0 performing operation 1 on task 9
26 Worker 2 processing task 12 requiring operations [10, 5]
26 Worker 2 forwarding task 12
26 Worker 1 processing task 6 requiring operations [3]
26 Worker 1 forwarding task 6
26 Worker 4 processing task 13 requiring operations [1, 2, 7]
26 Worker 4 forwarding task 13
26 Worker 3 processing task 11 requiring operations [8, 10, 3]
26 Worker 3 forwarding task 11
27 Worker 0 accepting task 9
27 Worker 3 accepting task 12
27 Worker 0 accepting task 6
27 Worker 1 accepting task 13
27 Worker 2 accepting task 11
27 Worker 0 processing task 5 requiring operations [5]
27 Worker 0 forwarding task 5
27 Worker 2 processing task 8 requiring operations [9]
27 Worker 2 performing operation 9 on task 8
27 Worker 3 processing task 12 requiring operations [10, 5]
27 Worker 3 performing operation 5 on task 12
27 Worker 1 processing task 13 requiring operations [1, 2, 7]
27 Worker 1 performing operation 7 on task 13
28 Generated task 14
28 Worker 3 accepting task 14
28 Worker 2 accepting task 5
28 Task 8 completed!
28 Worker 3 accepting task 12
28 Worker 1 accepting task 13
28 Worker 0 processing task 10 requiring operations [6]
28 Worker 0 forwarding task 10
28 Worker 2 processing task 11 requiring operations [8, 10, 3]
28 Worker 2 performing operation 3 on task 11
28 Worker 3 processing task 14 requiring operations [6, 9, 8]
28 Worker 3 performing operation 9 on task 14
28 Worker 1 processing task 13 requiring operations [1, 2]
28 Worker 1 forwarding task 13
29 Worker 1 accepting task 10
29 Worker 2 accepting task 11
29 Worker 3 accepting task 14
29 Worker 4 accepting task 13
29 Worker 0 processing task 9 requiring operations [2]
29 Worker 0 performing operation 2 on task 9
29 Worker 2 processing task 5 requiring operations [5]
29 Worker 2 forwarding task 5
29 Worker 3 processing task 12 requiring operations [10]
29 Worker 3 forwarding task 12
29 Worker 1 processing task 10 requiring operations [6]
29 Worker 1 forwarding task 10
29 Worker 4 processing task 13 requiring operations [1, 2]
29 Worker 4 forwarding task 13
30 Generated task 15
30 Worker 4 accepting task 15
30 Task 9 completed!
30 Worker 4 accepting task 5
30 Worker 2 accepting task 12
30 Worker 0 accepting task 10
30 Worker 2 accepting task 13
30 Worker 0 processing task 6 requiring operations [3]
30 Worker 0 forwarding task 6
30 Worker 2 processing task 11 requiring operations [8, 10]
30 Worker 2 performing operation 8 on task 11
30 Worker 3 processing task 14 requiring operations [6, 8]
30 Worker 3 forwarding task 14
30 Worker 4 processing task 15 requiring operations [2, 9, 3]
30 Worker 4 forwarding task 15
31 Worker 1 accepting task 6
31 Worker 2 accepting task 11
31 Worker 2 accepting task 14
31 Worker 2 accepting task 15
31 Worker 0 processing task 10 requiring operations [6]
31 Worker 0 forwarding task 10
31 Worker 2 processing task 12 requiring operations [10]
31 Worker 2 forwarding task 12
31 Worker 4 processing task 5 requiring operations [5]
31 Worker 4 forwarding task 5
31 Worker 1 processing task 6 requiring operations [3]
31 Worker 1 forwarding task 6
32 Generated task 16
32 Worker 4 accepting task 16
32 Worker 2 accepting task 10
32 Worker 3 accepting task 12
32 Worker 2 accepting task 5
32 Worker 3 accepting task 6
32 Worker 2 processing task 13 requiring operations [1, 2]
32 Worker 2 forwarding task 13
32 Worker 4 processing task 16 requiring operations [4, 3, 10]
32 Worker 4 performing operation 10 on task 16
32 Worker 3 processing task 12 requiring operations [10]
32 Worker 3 forwarding task 12
33 Worker 3 accepting task 13
33 Worker 4 accepting task 16
33 Worker 1 accepting task 12
33 Worker 2 processing task 11 requiring operations [10]
33 Worker 2 forwarding task 11
33 Worker 4 processing task 16 requiring operations [4, 3]
33 Worker 4 forwarding task 16
33 Worker 3 processing task 6 requiring operations [3]
33 Worker 3 forwarding task 6
33 Worker 1 processing task 12 requiring operations [10]
33 Worker 1 forwarding task 12
34 Generated task 17
34 Worker 0 accepting task 17
34 Worker 0 accepting task 11
34 Worker 1 accepting task 16
34 Worker 2 accepting task 6
34 Worker 3 accepting task 12
34 Worker 2 processing task 14 requiring operations [6, 8]
34 Worker 2 performing operation 8 on task 14
34 Worker 3 processing task 13 requiring operations [1, 2]
34 Worker 3 forwarding task 13
34 Worker 1 processing task 16 requiring operations [4, 3]
34 Worker 1 performing operation 4 on task 16
34 Worker 0 processing task 17 requiring operations [4, 6, 10]
34 Worker 0 performing operation 4 on task 17
35 Worker 2 accepting task 14
35 Worker 1 accepting task 13
35 Worker 1 accepting task 16
35 Worker 0 accepting task 17
35 Worker 2 processing task 15 requiring operations [2, 9, 3]
35 Worker 2 performing operation 9 on task 15
35 Worker 3 processing task 12 requiring operations [10]
35 Worker 3 forwarding task 12
35 Worker 1 processing task 13 requiring operations [1, 2]
35 Worker 1 forwarding task 13
35 Worker 0 processing task 11 requiring operations [10]
35 Worker 0 forwarding task 11
36 Generated task 18
36 Worker 3 accepting task 18
36 Worker 2 accepting task 15
36 Worker 1 accepting task 12
36 Worker 4 accepting task 13
36 Worker 2 accepting task 11
36 Worker 2 processing task 10 requiring operations [6]
36 Worker 2 performing operation 6 on task 10
36 Worker 3 processing task 18 requiring operations [1, 2, 9]
36 Worker 3 performing operation 9 on task 18
36 Worker 1 processing task 16 requiring operations [3]
36 Worker 1 forwarding task 16
36 Worker 0 processing task 17 requiring operations [6, 10]
36 Worker 0 forwarding task 17
36 Worker 4 processing task 13 requiring operations [1, 2]
36 Worker 4 forwarding task 13
37 Task 10 completed!
37 Worker 3 accepting task 18
37 Worker 3 accepting task 16
37 Worker 1 accepting task 17
37 Worker 1 accepting task 13
37 Worker 2 processing task 5 requiring operations [5]
37 Worker 2 forwarding task 5
37 Worker 3 processing task 18 requiring operations [1, 2]
37 Worker 3 forwarding task 18
37 Worker 1 processing task 12 requiring operations [10]
37 Worker 1 forwarding task 12
38 Generated task 19
38 Worker 3 accepting task 19
38 Worker 3 accepting task 5
38 Worker 2 accepting task 18
38 Worker 0 accepting task 12
38 Worker 2 processing task 6 requiring operations [3]
38 Worker 2 performing operation 3 on task 6
38 Worker 3 processing task 16 requiring operations [3]
38 Worker 3 forwarding task 16
38 Worker 1 processing task 17 requiring operations [6, 10]
38 Worker 1 forwarding task 17
38 Worker 0 processing task 12 requiring operations [10]
38 Worker 0 forwarding task 12
39 Task 6 completed!
39 Worker 2 accepting task 16
39 Worker 0 accepting task 17
39 Worker 1 accepting task 12
39 Worker 2 processing task 14 requiring operations [6]
39 Worker 2 performing operation 6 on task 14
39 Worker 3 processing task 19 requiring operations [3, 9, 5]
39 Worker 3 performing operation 5 on task 19
39 Worker 1 processing task 13 requiring operations [1, 2]
39 Worker 1 forwarding task 13
39 Worker 0 processing task 17 requiring operations [6, 10]
39 Worker 0 forwarding task 17
40 Generated task 20
40 Worker 0 accepting task 20
40 Task 14 completed!
40 Worker 3 accepting task 19
40 Worker 3 accepting task 13
40 Worker 2 accepting task 17
40 Worker 2 processing task 15 requiring operations [2, 3]
40 Worker 2 performing operation 3 on task 15
40 Worker 3 processing task 5 requiring operations [5]
40 Worker 3 performing operation 5 on task 5
40 Worker 1 processing task 12 requiring operations [10]
40 Worker 1 forwarding task 12
40 Worker 0 processing task 20 requiring operations [4, 1, 5]
40 Worker 0 performing operation 4 on task 20
41 Worker 2 accepting task 15
41 Task 5 completed!
41 Worker 0 accepting task 12
41 Worker 0 accepting task 20
41 Worker 2 processing task 11 requiring operations [10]
41 Worker 2 forwarding task 11
41 Worker 3 processing task 19 requiring operations [3, 9]
41 Worker 3 performing operation 9 on task 19
41 Worker 0 processing task 12 requiring operations [10]
41 Worker 0 forwarding task 12
42 Generated task 21
42 Worker 1 accepting task 21
42 Worker 0 accepting task 11
42 Worker 3 accepting task 19
42 Worker 1 accepting task 12
42 Worker 2 processing task 18 requiring operations [1, 2]
42 Worker 2 forwarding task 18
42 Worker 3 processing task 13 requiring operations [1, 2]
42 Worker 3 forwarding task 13
42 Worker 0 processing task 20 requiring operations [1, 5]
42 Worker 0 performing operation 1 on task 20
42 Worker 1 processing task 21 requiring operations [4, 5, 2]
42 Worker 1 performing operation 4 on task 21
43 Worker 4 accepting task 18
43 Worker 2 accepting task 13
43 Worker 0 accepting task 20
43 Worker 1 accepting task 21
43 Worker 2 processing task 16 requiring operations [3]
43 Worker 2 performing operation 3 on task 16
43 Worker 3 processing task 19 requiring operations [3]
43 Worker 3 forwarding task 19
43 Worker 0 processing task 11 requiring operations [10]
43 Worker 0 forwarding task 11
43 Worker 1 processing task 12 requiring operations [10]
43 Worker 1 forwarding task 12
43 Worker 4 processing task 18 requiring operations [1, 2]
43 Worker 4 forwarding task 18
44 Generated task 22
44 Worker 4 accepting task 22
44 Task 16 completed!
44 Worker 1 accepting task 19
44 Worker 2 accepting task 11
44 Worker 4 accepting task 12
44 Worker 2 accepting task 18
44 Worker 2 processing task 17 requiring operations [6, 10]
44 Worker 2 performing operation 6 on task 17
44 Worker 0 processing task 20 requiring operations [5]
44 Worker 0 forwarding task 20
44 Worker 1 processing task 21 requiring operations [5, 2]
44 Worker 1 forwarding task 21
44 Worker 4 processing task 22 requiring operations [4, 2, 7]
44 Worker 4 forwarding task 22
45 Worker 2 accepting task 17
45 Worker 2 accepting task 20
45 Worker 4 accepting task 21
45 Worker 1 accepting task 22
45 Worker 2 processing task 15 requiring operations [2]
45 Worker 2 forwarding task 15
45 Worker 1 processing task 19 requiring operations [3]
45 Worker 1 forwarding task 19
45 Worker 4 processing task 12 requiring operations [10]
45 Worker 4 performing operation 10 on task 12
46 Generated task 23
46 Worker 4 accepting task 23
46 Worker 3 accepting task 15
46 Worker 4 accepting task 19
46 Task 12 completed!
46 Worker 2 processing task 13 requiring operations [1, 2]
46 Worker 2 forwarding task 13
46 Worker 1 processing task 22 requiring operations [4, 2, 7]
46 Worker 1 performing operation 4 on task 22
46 Worker 4 processing task 21 requiring operations [5, 2]
46 Worker 4 forwarding task 21
46 Worker 3 processing task 15 requiring operations [2]
46 Worker 3 forwarding task 15
47 Worker 4 accepting task 13
47 Worker 1 accepting task 22
47 Worker 1 accepting task 21
47 Worker 1 accepting task 15
47 Worker 2 processing task 11 requiring operations [10]
47 Worker 2 forwarding task 11
47 Worker 1 processing task 22 requiring operations [2, 7]
47 Worker 1 performing operation 7 on task 22
47 Worker 4 processing task 23 requiring operations [2, 4, 7]
47 Worker 4 forwarding task 23
48 Generated task 24
48 Worker 4 accepting task 24
48 Worker 3 accepting task 11
48 Worker 1 accepting task 22
48 Worker 1 accepting task 23
48 Worker 2 processing task 18 requiring operations [1, 2]
48 Worker 2 forwarding task 18
48 Worker 1 processing task 21 requiring operations [5, 2]
48 Worker 1 forwarding task 21
48 Worker 4 processing task 19 requiring operations [3]
48 Worker 4 forwarding task 19
48 Worker 3 processing task 11 requiring operations [10]
48 Worker 3 forwarding task 11
49 Worker 3 accepting task 18
49 Worker 4 accepting task 21
49 Worker 2 accepting task 19
49 Worker 2 accepting task 11
49 Worker 2 processing task 17 requiring operations [10]
49 Worker 2 forwarding task 17
49 Worker 1 processing task 15 requiring operations [2]
49 Worker 1 forwarding task 15
49 Worker 4 processing task 13 requiring operations [1, 2]
49 Worker 4 forwarding task 13
49 Worker 3 processing task 18 requiring operations [1, 2]
49 Worker 3 forwarding task 18
50 Generated task 25
50 Worker 1 accepting task 25
50 Worker 0 accepting task 17
50 Worker 0 accepting task 15
50 Worker 2 accepting task 13
50 Worker 2 accepting task 18
50 Worker 2 processing task 20 requiring operations [5]
50 Worker 2 forwarding task 20
50 Worker 1 processing task 22 requiring operations [2]
50 Worker 1 forwarding task 22
50 Worker 4 processing task 24 requiring operations [7, 3, 4]
50 Worker 4 forwarding task 24
50 Worker 0 processing task 17 requiring operations [10]
50 Worker 0 forwarding task 17
51 Worker 3 accepting task 20
51 Worker 4 accepting task 22
51 Worker 2 accepting task 24
51 Worker 1 accepting task 17
51 Worker 2 processing task 19 requiring operations [3]
51 Worker 2 performing operation 3 on task 19
51 Worker 1 processing task 23 requiring operations [2, 4, 7]
51 Worker 1 performing operation 4 on task 23
51 Worker 4 processing task 21 requiring operations [5, 2]
51 Worker 4 forwarding task 21
51 Worker 0 processing task 15 requiring operations [2]
51 Worker 0 performing operation 2 on task 15
51 Worker 3 processing task 20 requiring operations [5]
51 Worker 3 performing operation 5 on task 20
52 Generated task 26
52 Worker 0 accepting task 26
52 Task 19 completed!
52 Worker 1 accepting task 23
52 Worker 1 accepting task 21
52 Task 15 completed!
52 Task 20 completed!
52 Worker 2 processing task 11 requiring operations [10]
52 Worker 2 forwarding task 11
52 Worker 1 processing task 25 requiring operations [7, 4, 6]
52 Worker 1 performing operation 4 on task 25
52 Worker 4 processing task 22 requiring operations [2]
52 Worker 4 forwarding task 22
52 Worker 0 processing task 26 requiring operations [8, 4, 7]
52 Worker 0 performing operation 4 on task 26
53 Worker 4 accepting task 11
53 Worker 1 accepting task 25
53 Worker 2 accepting task 22
53 Worker 0 accepting task 26
53 Worker 2 processing task 13 requiring operations [1, 2]
53 Worker 2 forwarding task 13
53 Worker 1 processing task 17 requiring operations [10]
53 Worker 1 forwarding task 17
53 Worker 4 processing task 11 requiring operations [10]
53 Worker 4 performing operation 10 on task 11
53 Worker 0 processing task 26 requiring operations [8, 7]
53 Worker 0 forwarding task 26
54 Generated task 27
54 Worker 4 accepting task 27
54 Worker 3 accepting task 13
54 Worker 3 accepting task 17
54 Task 11 completed!
54 Worker 1 accepting task 26
54 Worker 2 processing task 18 requiring operations [1, 2]
54 Worker 2 forwarding task 18
54 Worker 1 processing task 23 requiring operations [2, 7]
54 Worker 1 performing operation 7 on task 23
54 Worker 4 processing task 27 requiring operations [1, 7, 2]
54 Worker 4 forwarding task 27
54 Worker 3 processing task 13 requiring operations [1, 2]
54 Worker 3 forwarding task 13
55 Worker 0 accepting task 18
55 Worker 1 accepting task 23
55 Worker 1 accepting task 27
55 Worker 1 accepting task 13
55 Worker 2 processing task 24 requiring operations [7, 3, 4]
55 Worker 2 performing operation 7 on task 24
55 Worker 1 processing task 21 requiring operations [5, 2]
55 Worker 1 forwarding task 21
55 Worker 3 processing task 17 requiring operations [10]
55 Worker 3 forwarding task 17
55 Worker 0 processing task 18 requiring operations [1, 2]
55 Worker 0 performing operation 1 on task 18
56 Generated task 28
56 Worker 0 accepting task 28
56 Worker 2 accepting task 24
56 Worker 3 accepting task 21
56 Worker 1 accepting task 17
56 Worker 0 accepting task 18
56 Worker 2 processing task 22 requiring operations [2]
56 Worker 2 forwarding task 22
56 Worker 1 processing task 25 requiring operations [7, 6]
56 Worker 1 performing operation 7 on task 25
56 Worker 3 processing task 21 requiring operations [5, 2]
56 Worker 3 performing operation 5 on task 21
56 Worker 0 processing task 28 requiring operations [7, 9, 4]
56 Worker 0 performing operation 4 on task 28
57 Worker 3 accepting task 22
57 Worker 1 accepting task 25
57 Worker 3 accepting task 21
57 Worker 0 accepting task 28
57 Worker 2 processing task 24 requiring operations [3, 4]
57 Worker 2 performing operation 3 on task 24
57 Worker 1 processing task 26 requiring operations [8, 7]
57 Worker 1 performing operation 7 on task 26
57 Worker 3 processing task 22 requiring operations [2]
57 Worker 3 forwarding task 22
57 Worker 0 processing task 18 requiring operations [2]
57 Worker 0 performing operation 2 on task 18
58 Generated task 29
58 Worker 1 accepting task 29
58 Worker 2 accepting task 24
58 Worker 1 accepting task 26
58 Worker 1 accepting task 22
58 Task 18 completed!
58 Worker 2 processing task 24 requiring operations [4]
58 Worker 2 forwarding task 24
58 Worker 1 processing task 23 requiring operations [2]
58 Worker 1 forwarding task 23
58 Worker 3 processing task 21 requiring operations [2]
58 Worker 3 forwarding task 21
58 Worker 0 processing task 28 requiring operations [7, 9]
58 Worker 0 forwarding task 28
59 Worker 0 accepting task 24
59 Worker 4 accepting task 23
59 Worker 1 accepting task 21
59 Worker 2 accepting task 28
59 Worker 1 processing task 27 requiring operations [1, 7, 2]
59 Worker 1 performing operation 7 on task 27
59 Worker 0 processing task 24 requiring operations [4]
59 Worker 0 performing operation 4 on task 24
59 Worker 4 processing task 23 requiring operations [2]
59 Worker 4 forwarding task 23
59 Worker 2 processing task 28 requiring operations [7, 9]
59 Worker 2 performing operation 9 on task 28
60 Generated task 30
60 Worker 4 accepting task 30
60 Worker 1 accepting task 27
60 Task 24 completed!
60 Worker 1 accepting task 23
60 Worker 2 accepting task 28
60 Worker 1 processing task 13 requiring operations [1, 2]
60 Worker 1 forwarding task 13
60 Worker 4 processing task 30 requiring operations [5, 2, 8]
60 Worker 4 forwarding task 30
60 Worker 2 processing task 28 requiring operations [7]
60 Worker 2 performing operation 7 on task 28
61 Worker 0 accepting task 13
61 Worker 1 accepting task 30
61 Task 28 completed!
61 Worker 1 processing task 17 requiring operations [10]
61 Worker 1 forwarding task 17
61 Worker 0 processing task 13 requiring operations [1, 2]
61 Worker 0 performing operation 1 on task 13
62 Generated task 31
62 Worker 4 accepting task 31
62 Worker 0 accepting task 17
62 Worker 0 accepting task 13
62 Worker 1 processing task 25 requiring operations [6]
62 Worker 1 forwarding task 25
62 Worker 0 processing task 17 requiring operations [10]
62 Worker 0 forwarding task 17
62 Worker 4 processing task 31 requiring operations [3, 8, 4]
62 Worker 4 forwarding task 31
63 Worker 3 accepting task 25
63 Worker 2 accepting task 17
63 Worker 1 accepting task 31
63 Worker 1 processing task 29 requiring operations [2, 4, 10]
63 Worker 1 performing operation 4 on task 29
63 Worker 0 processing task 13 requiring operations [2]
63 Worker 0 performing operation 2 on task 13
63 Worker 3 processing task 25 requiring operations [6]
63 Worker 3 forwarding task 25
63 Worker 2 processing task 17 requiring operations [10]
63 Worker 2 forwarding task 17
64 Generated task 32
64 Worker 1 accepting task 32
64 Worker 1 accepting task 29
64 Task 13 completed!
64 Worker 2 accepting task 25
64 Worker 3 accepting task 17
64 Worker 1 processing task 26 requiring operations [8]
64 Worker 1 forwarding task 26
64 Worker 2 processing task 25 requiring operations [6]
64 Worker 2 performing operation 6 on task 25
64 Worker 3 processing task 17 requiring operations [10]
64 Worker 3 forwarding task 17
65 Worker 4 accepting task 26
65 Task 25 completed!
65 Worker 2 accepting task 17
65 Worker 1 processing task 22 requiring operations [2]
65 Worker 1 forwarding task 22
65 Worker 4 processing task 26 requiring operations [8]
65 Worker 4 forwarding task 26
65 Worker 2 processing task 17 requiring operations [10]
65 Worker 2 forwarding task 17
66 Generated task 33
66 Worker 4 accepting task 33
66 Worker 0 accepting task 22
66 Worker 1 accepting task 26
66 Worker 4 accepting task 17
66 Worker 1 processing task 21 requiring operations [2]
66 Worker 1 forwarding task 21
66 Worker 4 processing task 33 requiring operations [9, 2, 7]
66 Worker 4 forwarding task 33
66 Worker 0 processing task 22 requiring operations [2]
66 Worker 0 performing operation 2 on task 22
67 Worker 0 accepting task 21
67 Worker 1 accepting task 33
67 Task 22 completed!
67 Worker 1 processing task 27 requiring operations [1, 2]
67 Worker 1 forwarding task 27
67 Worker 4 processing task 17 requiring operations [10]
67 Worker 4 performing operation 10 on task 17
67 Worker 0 processing task 21 requiring operations [2]
67 Worker 0 performing operation 2 on task 21
68 Generated task 34
68 Worker 3 accepting task 34
68 Worker 4 accepting task 27
68 Task 17 completed!
68 Task 21 completed!
68 Worker 1 processing task 23 requiring operations [2]
68 Worker 1 forwarding task 23
68 Worker 4 processing task 27 requiring operations [1, 2]
68 Worker 4 forwarding task 27
68 Worker 3 processing task 34 requiring operations [5, 10, 1]
68 Worker 3 performing operation 5 on task 34
69 Worker 0 accepting task 23
69 Worker 2 accepting task 27
69 Worker 3 accepting task 34
69 Worker 1 processing task 30 requiring operations [5, 2, 8]
69 Worker 1 forwarding task 30
69 Worker 3 processing task 34 requiring operations [10, 1]
69 Worker 3 forwarding task 34
69 Worker 0 processing task 23 requiring operations [2]
69 Worker 0 performing operation 2 on task 23
69 Worker 2 processing task 27 requiring operations [1, 2]
69 Worker 2 forwarding task 27
70 Generated task 35
70 Worker 1 accepting task 35
70 Worker 0 accepting task 30
70 Worker 1 accepting task 34
70 Task 23 completed!
70 Worker 0 accepting task 27
70 Worker 1 processing task 31 requiring operations [3, 8, 4]
70 Worker 1 performing operation 4 on task 31
70 Worker 0 processing task 30 requiring operations [5, 2, 8]
70 Worker 0 performing operation 2 on task 30
71 Worker 1 accepting task 31
71 Worker 0 accepting task 30
71 Worker 1 processing task 32 requiring operations [10, 6, 7]
71 Worker 1 performing operation 7 on task 32
71 Worker 0 processing task 27 requiring operations [1, 2]
71 Worker 0 performing operation 1 on task 27
72 Generated task 36
72 Worker 4 accepting task 36
72 Worker 1 accepting task 32
72 Worker 0 accepting task 27
72 Worker 1 processing task 29 requiring operations [2, 10]
72 Worker 1 forwarding task 29
72 Worker 0 processing task 30 requiring operations [5, 8]
72 Worker 0 forwarding task 30
72 Worker 4 processing task 36 requiring operations [5, 7, 2]
72 Worker 4 forwarding task 36
73 Worker 0 accepting task 29
73 Worker 1 accepting task 30
73 Worker 1 accepting task 36
73 Worker 1 processing task 26 requiring operations [8]
73 Worker 1 forwarding task 26
73 Worker 0 processing task 27 requiring operations [2]
73 Worker 0 performing operation 2 on task 27
74 Generated task 37
74 Worker 4 accepting task 37
74 Worker 0 accepting task 26
74 Task 27 completed!
74 Worker 1 processing task 33 requiring operations [9, 2, 7]
74 Worker 1 performing operation 7 on task 33
74 Worker 0 processing task 29 requiring operations [2, 10]
74 Worker 0 performing operation 2 on task 29
74 Worker 4 processing task 37 requiring operations [4, 2, 1]
74 Worker 4 forwarding task 37
75 Worker 1 accepting task 33
75 Worker 0 accepting task 29
75 Worker 2 accepting task 37
75 Worker 1 processing task 35 requiring operations [8, 7, 2]
75 Worker 1 performing operation 7 on task 35
75 Worker 0 processing task 26 requiring operations [8]
75 Worker 0 forwarding task 26
75 Worker 2 processing task 37 requiring operations [4, 2, 1]
75 Worker 2 forwarding task 37
76 Generated task 38
76 Worker 4 accepting task 38
76 Worker 1 accepting task 35
76 Worker 2 accepting task 26
76 Worker 3 accepting task 37
76 Worker 1 processing task 34 requiring operations [10, 1]
76 Worker 1 forwarding task 34
76 Worker 0 processing task 29 requiring operations [10]
76 Worker 0 forwarding task 29
76 Worker 2 processing task 26 requiring operations [8]
76 Worker 2 performing operation 8 on task 26
76 Worker 4 processing task 38 requiring operations [6, 10, 1]
76 Worker 4 performing operation 10 on task 38
76 Worker 3 processing task 37 requiring operations [4, 2, 1]
76 Worker 3 forwarding task 37
77 Worker 0 accepting task 34
77 Worker 2 accepting task 29
77 Task 26 completed!
77 Worker 4 accepting task 38
77 Worker 2 accepting task 37
77 Worker 1 processing task 31 requiring operations [3, 8]
77 Worker 1 forwarding task 31
77 Worker 0 processing task 34 requiring operations [10, 1]
77 Worker 0 performing operation 1 on task 34
77 Worker 2 processing task 29 requiring operations [10]
77 Worker 2 forwarding task 29
77 Worker 4 processing task 38 requiring operations [6, 1]
77 Worker 4 forwarding task 38
78 Generated task 39
78 Worker 4 accepting task 39
78 Worker 3 accepting task 31
78 Worker 0 accepting task 34
78 Worker 4 accepting task 29
78 Worker 1 accepting task 38
78 Worker 1 processing task 32 requiring operations [10, 6]
78 Worker 1 forwarding task 32
78 Worker 0 processing task 34 requiring operations [10]
78 Worker 0 forwarding task 34
78 Worker 2 processing task 37 requiring operations [4, 2, 1]
78 Worker 2 forwarding task 37
78 Worker 4 processing task 39 requiring operations [4, 10, 2]
78 Worker 4 performing operation 10 on task 39
78 Worker 3 processing task 31 requiring operations [3, 8]
78 Worker 3 forwarding task 31
79 Worker 0 accepting task 32
79 Worker 2 accepting task 34
79 Worker 0 accepting task 37
79 Worker 4 accepting task 39
79 Worker 2 accepting task 31
79 Worker 1 processing task 30 requiring operations [5, 8]
79 Worker 1 forwarding task 30
79 Worker 0 processing task 32 requiring operations [10, 6]
79 Worker 0 forwarding task 32
79 Worker 2 processing task 34 requiring operations [10]
79 Worker 2 forwarding task 34
79 Worker 4 processing task 29 requiring operations [10]
79 Worker 4 performing operation 10 on task 29
80 Generated task 40
80 Worker 4 accepting task 40
80 Worker 0 accepting task 30
80 Worker 1 accepting task 32
80 Worker 0 accepting task 34
80 Task 29 completed!
80 Worker 1 processing task 36 requiring operations [5, 7, 2]
80 Worker 1 performing operation 7 on task 36
80 Worker 0 processing task 37 requiring operations [4, 2, 1]
80 Worker 0 performing operation 4 on task 37
80 Worker 2 processing task 31 requiring operations [3, 8]
80 Worker 2 performing operation 8 on task 31
80 Worker 4 processing task 39 requiring operations [4, 2]
80 Worker 4 forwarding task 39
81 Worker 1 accepting task 36
81 Worker 0 accepting task 37
81 Worker 2 accepting task 31
81 Worker 1 accepting task 39
81 Worker 1 processing task 33 requiring operations [9, 2]
81 Worker 1 forwarding task 33
81 Worker 0 processing task 30 requiring operations [5, 8]
81 Worker 0 forwarding task 30
81 Worker 2 processing task 31 requiring operations [3]
81 Worker 2 performing operation 3 on task 31
81 Worker 4 processing task 40 requiring operations [10, 7, 9]
81 Worker 4 performing operation 10 on task 40
82 Generated task 41
82 Worker 4 accepting task 41
82 Worker 0 accepting task 33
82 Worker 1 accepting task 30
82 Task 31 completed!
82 Worker 4 accepting task 40
82 Worker 1 processing task 35 requiring operations [8, 2]
82 Worker 1 forwarding task 35
82 Worker 0 processing task 34 requiring operations [10]
82 Worker 0 forwarding task 34
82 Worker 4 processing task 41 requiring operations [7, 2, 10]
82 Worker 4 performing operation 10 on task 41
83 Worker 0 accepting task 35
83 Worker 1 accepting task 34
83 Worker 4 accepting task 41
83 Worker 1 processing task 38 requiring operations [6, 1]
83 Worker 1 forwarding task 38
83 Worker 0 processing task 37 requiring operations [2, 1]
83 Worker 0 performing operation 2 on task 37
83 Worker 4 processing task 40 requiring operations [7, 9]
83 Worker 4 forwarding task 40
84 Generated task 42
84 Worker 1 accepting task 42
84 Worker 3 accepting task 38
84 Worker 0 accepting task 37
84 Worker 2 accepting task 40
84 Worker 1 processing task 32 requiring operations [10, 6]
84 Worker 1 forwarding task 32
84 Worker 0 processing task 33 requiring operations [9, 2]
84 Worker 0 performing operation 2 on task 33
84 Worker 4 processing task 41 requiring operations [7, 2]
84 Worker 4 forwarding task 41
84 Worker 3 processing task 38 requiring operations [6, 1]
84 Worker 3 forwarding task 38
84 Worker 2 processing task 40 requiring operations [7, 9]
84 Worker 2 performing operation 7 on task 40
85 Worker 0 accepting task 32
85 Worker 0 accepting task 33
85 Worker 1 accepting task 41
85 Worker 2 accepting task 38
85 Worker 2 accepting task 40
85 Worker 1 processing task 36 requiring operations [5, 2]
85 Worker 1 forwarding task 36
85 Worker 0 processing task 35 requiring operations [8, 2]
85 Worker 0 performing operation 2 on task 35
85 Worker 2 processing task 38 requiring operations [6, 1]
85 Worker 2 performing operation 6 on task 38
86 Generated task 43
86 Worker 3 accepting task 43
86 Worker 0 accepting task 36
86 Worker 0 accepting task 35
86 Worker 2 accepting task 38
86 Worker 1 processing task 39 requiring operations [4, 2]
86 Worker 1 performing operation 4 on task 39
86 Worker 0 processing task 37 requiring operations [1]
86 Worker 0 performing operation 1 on task 37
86 Worker 2 processing task 40 requiring operations [9]
86 Worker 2 performing operation 9 on task 40
86 Worker 3 processing task 43 requiring operations [6, 3, 5]
86 Worker 3 performing operation 5 on task 43
87 Worker 1 accepting task 39
87 Task 37 completed!
87 Task 40 completed!
87 Worker 3 accepting task 43
87 Worker 1 processing task 30 requiring operations [5, 8]
87 Worker 1 forwarding task 30
87 Worker 0 processing task 32 requiring operations [10, 6]
87 Worker 0 forwarding task 32
87 Worker 2 processing task 38 requiring operations [1]
87 Worker 2 forwarding task 38
87 Worker 3 processing task 43 requiring operations [6, 3]
87 Worker 3 forwarding task 43
88 Generated task 44
88 Worker 1 accepting task 44
88 Worker 3 accepting task 30
88 Worker 2 accepting task 32
88 Worker 4 accepting task 38
88 Worker 2 accepting task 43
88 Worker 1 processing task 34 requiring operations [10]
88 Worker 1 forwarding task 34
88 Worker 0 processing task 33 requiring operations [9]
88 Worker 0 forwarding task 33
88 Worker 2 processing task 32 requiring operations [10, 6]
88 Worker 2 performing operation 6 on task 32
88 Worker 3 processing task 30 requiring operations [5, 8]
88 Worker 3 performing operation 5 on task 30
88 Worker 4 processing task 38 requiring operations [1]
88 Worker 4 forwarding task 38
89 Worker 0 accepting task 34
89 Worker 1 accepting task 33
89 Worker 2 accepting task 32
89 Worker 3 accepting task 30
89 Worker 2 accepting task 38
89 Worker 1 processing task 42 requiring operations [2, 10, 7]
89 Worker 1 performing operation 7 on task 42
89 Worker 0 processing task 36 requiring operations [5, 2]
89 Worker 0 performing operation 2 on task 36
89 Worker 2 processing task 43 requiring operations [6, 3]
89 Worker 2 performing operation 6 on task 43
89 Worker 3 processing task 30 requiring operations [8]
89 Worker 3 forwarding task 30
90 Generated task 45
90 Worker 2 accepting task 45
90 Worker 1 accepting task 42
90 Worker 0 accepting task 36
90 Worker 2 accepting task 43
90 Worker 1 accepting task 30
90 Worker 1 processing task 41 requiring operations [7, 2]
90 Worker 1 performing operation 7 on task 41
90 Worker 0 processing task 35 requiring operations [8]
90 Worker 0 forwarding task 35
90 Worker 2 processing task 32 requiring operations [10]
90 Worker 2 forwarding task 32
91 Worker 1 accepting task 41
91 Worker 2 accepting task 35
91 Worker 0 accepting task 32
91 Worker 1 processing task 39 requiring operations [2]
91 Worker 1 forwarding task 39
91 Worker 0 processing task 34 requiring operations [10]
91 Worker 0 forwarding task 34
91 Worker 2 processing task 38 requiring operations [1]
91 Worker 2 forwarding task 38
92 Generated task 46
92 Worker 2 accepting task 46
92 Worker 0 accepting task 39
92 Worker 1 accepting task 34
92 Worker 4 accepting task 38
92 Worker 1 processing task 44 requiring operations [9, 10, 2]
92 Worker 1 forwarding task 44
92 Worker 0 processing task 36 requiring operations [5]
92 Worker 0 forwarding task 36
92 Worker 2 processing task 45 requiring operations [7, 4, 1]
92 Worker 2 performing operation 7 on task 45
92 Worker 4 processing task 38 requiring operations [1]
92 Worker 4 forwarding task 38
93 Worker 0 accepting task 44
93 Worker 2 accepting task 36
93 Worker 2 accepting task 45
93 Worker 1 accepting task 38
93 Worker 1 processing task 33 requiring operations [9]
93 Worker 1 forwarding task 33
93 Worker 0 processing task 32 requiring operations [10]
93 Worker 0 forwarding task 32
93 Worker 2 processing task 43 requiring operations [3]
93 Worker 2 performing operation 3 on task 43
94 Generated task 47
94 Worker 4 accepting task 47
94 Worker 3 accepting task 33
94 Worker 1 accepting task 32
94 Task 43 completed!
94 Worker 1 processing task 42 requiring operations [2, 10]
94 Worker 1 forwarding task 42
94 Worker 0 processing task 39 requiring operations [2]
94 Worker 0 performing operation 2 on task 39
94 Worker 2 processing task 35 requiring operations [8]
94 Worker 2 performing operation 8 on task 35
94 Worker 4 processing task 47 requiring operations [1, 10, 6]
94 Worker 4 performing operation 10 on task 47
94 Worker 3 processing task 33 requiring operations [9]
94 Worker 3 performing operation 9 on task 33
95 Worker 0 accepting task 42
95 Task 39 completed!
95 Task 35 completed!
95 Worker 4 accepting task 47
95 Task 33 completed!
95 Worker 1 processing task 30 requiring operations [8]
95 Worker 1 forwarding task 30
95 Worker 0 processing task 44 requiring operations [9, 10, 2]
95 Worker 0 performing operation 2 on task 44
95 Worker 2 processing task 46 requiring operations [8, 2, 7]
95 Worker 2 performing operation 7 on task 46
95 Worker 4 processing task 47 requiring operations [1, 6]
95 Worker 4 forwarding task 47
96 Generated task 48
96 Worker 3 accepting task 48
96 Worker 0 accepting task 30
96 Worker 0 accepting task 44
96 Worker 2 accepting task 46
96 Worker 1 accepting task 47
96 Worker 1 processing task 41 requiring operations [2]
96 Worker 1 forwarding task 41
96 Worker 0 processing task 42 requiring operations [2, 10]
96 Worker 0 performing operation 2 on task 42
96 Worker 2 processing task 36 requiring operations [5]
96 Worker 2 forwarding task 36
96 Worker 3 processing task 48 requiring operations [10, 3, 2]
96 Worker 3 forwarding task 48
97 Worker 0 accepting task 41
97 Worker 0 accepting task 42
97 Worker 3 accepting task 36
97 Worker 2 accepting task 48
97 Worker 1 processing task 34 requiring operations [10]
97 Worker 1 forwarding task 34
97 Worker 0 processing task 30 requiring operations [8]
97 Worker 0 forwarding task 30
97 Worker 2 processing task 45 requiring operations [4, 1]
97 Worker 2 forwarding task 45
97 Worker 3 processing task 36 requiring operations [5]
97 Worker 3 performing operation 5 on task 36
98 Generated task 49
98 Worker 4 accepting task 49
98 Worker 3 accepting task 34
98 Worker 1 accepting task 30
98 Worker 3 accepting task 45
98 Task 36 completed!
98 Worker 1 processing task 38 requiring operations [1]
98 Worker 1 forwarding task 38
98 Worker 0 processing task 44 requiring operations [9, 10]
98 Worker 0 forwarding task 44
98 Worker 2 processing task 46 requiring operations [8, 2]
98 Worker 2 performing operation 8 on task 46
98 Worker 3 processing task 34 requiring operations [10]
98 Worker 3 forwarding task 34
98 Worker 4 processing task 49 requiring operations [3, 7, 9]
98 Worker 4 forwarding task 49
99 Worker 4 accepting task 38
99 Worker 2 accepting task 44
99 Worker 2 accepting task 46
99 Worker 1 accepting task 34
99 Worker 1 accepting task 49
99 Worker 1 processing task 32 requiring operations [10]
99 Worker 1 forwarding task 32
99 Worker 0 processing task 41 requiring operations [2]
99 Worker 0 performing operation 2 on task 41
99 Worker 2 processing task 48 requiring operations [10, 3, 2]
99 Worker 2 performing operation 3 on task 48
99 Worker 3 processing task 45 requiring operations [4, 1]
99 Worker 3 forwarding task 45
99 Worker 4 processing task 38 requiring operations [1]
99 Worker 4 forwarding task 38
100 Generated task 50
100 Worker 3 accepting task 50
100 Worker 4 accepting task 32
100 Task 41 completed!
100 Worker 2 accepting task 48
100 Worker 2 accepting task 45
100 Worker 1 accepting task 38
100 Worker 1 processing task 47 requiring operations [1, 6]
100 Worker 1 forwarding task 47
100 Worker 0 processing task 42 requiring operations [10]
100 Worker 0 forwarding task 42
100 Worker 2 processing task 44 requiring operations [9, 10]
100 Worker 2 performing operation 9 on task 44
100 Worker 3 processing task 50 requiring operations [8, 6, 2]
100 Worker 3 forwarding task 50
100 Worker 4 processing task 32 requiring operations [10]
100 Worker 4 performing operation 10 on task 32
101 Worker 0 accepting task 47
101 Worker 1 accepting task 42
101 Worker 2 accepting task 44
101 Worker 2 accepting task 50
101 Task 32 completed!
101 Worker 1 processing task 30 requiring operations [8]
101 Worker 1 forwarding task 30
101 Worker 0 processing task 47 requiring operations [1, 6]
101 Worker 0 performing operation 1 on task 47
101 Worker 2 processing task 46 requiring operations [2]
101 Worker 2 forwarding task 46
102 Generated task 51
102 Worker 3 accepting task 51
102 Worker 3 accepting task 30
102 Worker 0 accepting task 47
102 Worker 0 accepting task 46
102 Worker 1 processing task 34 requiring operations [10]
102 Worker 1 forwarding task 34
102 Worker 0 processing task 47 requiring operations [6]
102 Worker 0 forwarding task 47
102 Worker 2 processing task 48 requiring operations [10, 2]
102 Worker 2 forwarding task 48
102 Worker 3 processing task 51 requiring operations [5, 10, 1]
102 Worker 3 performing operation 5 on task 51
103 Worker 3 accepting task 34
103 Worker 2 accepting task 47
103 Worker 4 accepting task 48
103 Worker 3 accepting task 51
103 Worker 1 processing task 49 requiring operations [3, 7, 9]
103 Worker 1 performing operation 7 on task 49
103 Worker 0 processing task 46 requiring operations [2]
103 Worker 0 performing operation 2 on task 46
103 Worker 2 processing task 45 requiring operations [4, 1]
103 Worker 2 forwarding task 45
103 Worker 3 processing task 30 requiring operations [8]
103 Worker 3 forwarding task 30
103 Worker 4 processing task 48 requiring operations [10, 2]
103 Worker 4 performing operation 10 on task 48
104 Generated task 52
104 Worker 1 accepting task 52
104 Worker 1 accepting task 49
104 Task 46 completed!
104 Worker 3 accepting task 45
104 Worker 2 accepting task 30
104 Worker 4 accepting task 48
104 Worker 1 processing task 38 requiring operations [1]
104 Worker 1 forwarding task 38
104 Worker 2 processing task 44 requiring operations [10]
104 Worker 2 forwarding task 44
104 Worker 3 processing task 34 requiring operations [10]
104 Worker 3 forwarding task 34
104 Worker 4 processing task 48 requiring operations [2]
104 Worker 4 forwarding task 48
105 Worker 3 accepting task 38
105 Worker 4 accepting task 44
105 Worker 2 accepting task 34
105 Worker 1 accepting task 48
105 Worker 1 processing task 42 requiring operations [10]
105 Worker 1 forwarding task 42
105 Worker 2 processing task 50 requiring operations [8, 6, 2]
105 Worker 2 performing operation 6 on task 50
105 Worker 3 processing task 51 requiring operations [10, 1]
105 Worker 3 forwarding task 51
105 Worker 4 processing task 44 requiring operations [10]
105 Worker 4 performing operation 10 on task 44
106 Generated task 53
106 Worker 0 accepting task 53
106 Worker 3 accepting task 42
106 Worker 2 accepting task 50
106 Worker 1 accepting task 51
106 Task 44 completed!
106 Worker 1 processing task 52 requiring operations [8, 1, 3]
106 Worker 1 forwarding task 52
106 Worker 2 processing task 47 requiring operations [6]
106 Worker 2 performing operation 6 on task 47
106 Worker 3 processing task 45 requiring operations [4, 1]
106 Worker 3 forwarding task 45
106 Worker 0 processing task 53 requiring operations [6, 1, 3]
106 Worker 0 performing operation 1 on task 53
107 Worker 0 accepting task 52
107 Task 47 completed!
107 Worker 2 accepting task 45
107 Worker 0 accepting task 53
107 Worker 1 processing task 49 requiring operations [3, 9]
107 Worker 1 forwarding task 49
107 Worker 2 processing task 30 requiring operations [8]
107 Worker 2 performing operation 8 on task 30
107 Worker 3 processing task 38 requiring operations [1]
107 Worker 3 forwarding task 38
107 Worker 0 processing task 52 requiring operations [8, 1, 3]
107 Worker 0 performing operation 1 on task 52
108 Generated task 54
108 Worker 4 accepting task 54
108 Worker 4 accepting task 49
108 Task 30 completed!
108 Worker 1 accepting task 38
108 Worker 0 accepting task 52
108 Worker 1 processing task 48 requiring operations [2]
108 Worker 1 forwarding task 48
108 Worker 2 processing task 34 requiring operations [10]
108 Worker 2 forwarding task 34
108 Worker 3 processing task 42 requiring operations [10]
108 Worker 3 forwarding task 42
108 Worker 0 processing task 53 requiring operations [6, 3]
108 Worker 0 forwarding task 53
108 Worker 4 processing task 54 requiring operations [6, 2, 8]
108 Worker 4 forwarding task 54
109 Worker 0 accepting task 48
109 Worker 0 accepting task 34
109 Worker 2 accepting task 42
109 Worker 1 accepting task 53
109 Worker 2 accepting task 54
109 Worker 1 processing task 51 requiring operations [10, 1]
109 Worker 1 forwarding task 51
109 Worker 2 processing task 50 requiring operations [8, 2]
109 Worker 2 performing operation 8 on task 50
109 Worker 0 processing task 52 requiring operations [8, 3]
109 Worker 0 forwarding task 52
109 Worker 4 processing task 49 requiring operations [3, 9]
109 Worker 4 forwarding task 49
110 Generated task 55
110 Worker 1 accepting task 55
110 Worker 4 accepting task 51
110 Worker 2 accepting task 50
110 Worker 1 accepting task 52
110 Worker 1 accepting task 49
110 Worker 1 processing task 38 requiring operations [1]
110 Worker 1 forwarding task 38
110 Worker 2 processing task 45 requiring operations [4, 1]
110 Worker 2 forwarding task 45
110 Worker 0 processing task 48 requiring operations [2]
110 Worker 0 performing operation 2 on task 48
110 Worker 4 processing task 51 requiring operations [10, 1]
110 Worker 4 performing operation 10 on task 51
111 Worker 4 accepting task 38
111 Worker 3 accepting task 45
111 Task 48 completed!
111 Worker 4 accepting task 51
111 Worker 1 processing task 53 requiring operations [6, 3]
111 Worker 1 forwarding task 53
111 Worker 2 processing task 42 requiring operations [10]
111 Worker 2 forwarding task 42
111 Worker 0 processing task 34 requiring operations [10]
111 Worker 0 forwarding task 34
111 Worker 4 processing task 38 requiring operations [1]
111 Worker 4 forwarding task 38
111 Worker 3 processing task 45 requiring operations [4, 1]
111 Worker 3 forwarding task 45
112 Generated task 56
112 Worker 2 accepting task 56
112 Worker 3 accepting task 53
112 Worker 4 accepting task 42
112 Worker 2 accepting task 34
112 Worker 1 accepting task 38
112 Worker 2 accepting task 45
112 Worker 1 processing task 55 requiring operations [10, 3, 8]
112 Worker 1 forwarding task 55
112 Worker 2 processing task 54 requiring operations [6, 2, 8]
112 Worker 2 performing operation 8 on task 54
112 Worker 4 processing task 51 requiring operations [1]
112 Worker 4 forwarding task 51
112 Worker 3 processing task 53 requiring operations [6, 3]
112 Worker 3 forwarding task 53
113 Worker 3 accepting task 55
113 Worker 2 accepting task 54
113 Worker 1 accepting task 51
113 Worker 1 accepting task 53
113 Worker 1 processing task 52 requiring operations [8, 3]
113 Worker 1 forwarding task 52
113 Worker 2 processing task 50 requiring operations [2]
113 Worker 2 forwarding task 50
113 Worker 4 processing task 42 requiring operations [10]
113 Worker 4 performing operation 10 on task 42
113 Worker 3 processing task 55 requiring operations [10, 3, 8]
113 Worker 3 forwarding task 55
114 Generated task 57
114 Worker 1 accepting task 57
114 Worker 3 accepting task 52
114 Worker 0 accepting task 50
114 Task 42 completed!
114 Worker 1 accepting task 55
114 Worker 1 processing task 49 requiring operations [3, 9]
114 Worker 1 forwarding task 49
114 Worker 2 processing task 56 requiring operations [8, 4, 10]
114 Worker 2 performing operation 8 on task 56
114 Worker 3 processing task 52 requiring operations [8, 3]
114 Worker 3 forwarding task 52
114 Worker 0 processing task 50 requiring operations [2]
114 Worker 0 performing operation 2 on task 50
115 Worker 3 accepting task 49
115 Worker 2 accepting task 56
115 Worker 2 accepting task 52
115 Task 50 completed!
115 Worker 1 processing task 38 requiring operations [1]
115 Worker 1 forwarding task 38
115 Worker 2 processing task 34 requiring operations [10]
115 Worker 2 forwarding task 34
115 Worker 3 processing task 49 requiring operations [3, 9]
115 Worker 3 performing operation 9 on task 49
116 Generated task 58
116 Worker 3 accepting task 58
116 Worker 4 accepting task 38
116 Worker 0 accepting task 34
116 Worker 3 accepting task 49
116 Worker 1 processing task 51 requiring operations [1]
116 Worker 1 forwarding task 51
116 Worker 2 processing task 45 requiring operations [4, 1]
116 Worker 2 forwarding task 45
116 Worker 3 processing task 58 requiring operations [1, 2, 3]
116 Worker 3 forwarding task 58
116 Worker 4 processing task 38 requiring operations [1]
116 Worker 4 forwarding task 38
116 Worker 0 processing task 34 requiring operations [10]
116 Worker 0 forwarding task 34
117 Worker 4 accepting task 51
117 Worker 0 accepting task 45
117 Worker 1 accepting task 58
117 Worker 2 accepting task 38
117 Worker 2 accepting task 34
117 Worker 1 processing task 53 requiring operations [6, 3]
117 Worker 1 forwarding task 53
117 Worker 2 processing task 54 requiring operations [6, 2]
117 Worker 2 performing operation 6 on task 54
117 Worker 3 processing task 49 requiring operations [3]
117 Worker 3 forwarding task 49
117 Worker 4 processing task 51 requiring operations [1]
117 Worker 4 forwarding task 51
117 Worker 0 processing task 45 requiring operations [4, 1]
117 Worker 0 performing operation 1 on task 45
118 Generated task 59
118 Worker 1 accepting task 59
118 Worker 3 accepting task 53
118 Worker 2 accepting task 54
118 Worker 1 accepting task 49
118 Worker 1 accepting task 51
118 Worker 0 accepting task 45
118 Worker 1 processing task 57 requiring operations [1, 9, 5]
118 Worker 1 forwarding task 57
118 Worker 2 processing task 56 requiring operations [4, 10]
118 Worker 2 forwarding task 56
118 Worker 3 processing task 53 requiring operations [6, 3]
118 Worker 3 forwarding task 53
118 Worker 0 processing task 45 requiring operations [4]
118 Worker 0 performing operation 4 on task 45
119 Worker 4 accepting task 57
119 Worker 3 accepting task 56
119 Worker 2 accepting task 53
119 Task 45 completed!
119 Worker 1 processing task 55 requiring operations [10, 3, 8]
119 Worker 1 forwarding task 55
119 Worker 2 processing task 52 requiring operations [8, 3]
119 Worker 2 performing operation 3 on task 52
119 Worker 3 processing task 56 requiring operations [4, 10]
119 Worker 3 forwarding task 56
119 Worker 4 processing task 57 requiring operations [1, 9, 5]
119 Worker 4 forwarding task 57
120 Generated task 60
120 Worker 3 accepting task 60
120 Worker 4 accepting task 55
120 Worker 2 accepting task 52
120 Worker 1 accepting task 56
120 Worker 1 accepting task 57
120 Worker 1 processing task 58 requiring operations [1, 2, 3]
120 Worker 1 forwarding task 58
120 Worker 2 processing task 38 requiring operations [1]
120 Worker 2 forwarding task 38
120 Worker 3 processing task 60 requiring operations [5, 10, 4]
120 Worker 3 performing operation 5 on task 60
120 Worker 4 processing task 55 requiring operations [10, 3, 8]
120 Worker 4 performing operation 10 on task 55
121 Worker 4 accepting task 58
121 Worker 4 accepting task 38
121 Worker 3 accepting task 60
121 Worker 4 accepting task 55
121 Worker 1 processing task 59 requiring operations [3, 4, 1]
121 Worker 1 performing operation 4 on task 59
121 Worker 2 processing task 34 requiring operations [10]
121 Worker 2 forwarding task 34
121 Worker 3 processing task 60 requiring operations [10, 4]
121 Worker 3 forwarding task 60
121 Worker 4 processing task 58 requiring operations [1, 2, 3]
121 Worker 4 forwarding task 58
122 Generated task 61
122 Worker 3 accepting task 61
122 Worker 1 accepting task 59
122 Worker 4 accepting task 34
122 Worker 1 accepting task 60
122 Worker 1 accepting task 58
122 Worker 1 processing task 49 requiring operations [3]
122 Worker 1 forwarding task 49
122 Worker 2 processing task 54 requiring operations [2]
122 Worker 2 forwarding task 54
122 Worker 3 processing task 61 requiring operations [2, 10, 1]
122 Worker 3 forwarding task 61
122 Worker 4 processing task 38 requiring operations [1]
122 Worker 4 forwarding task 38
123 Worker 4 accepting task 49
123 Worker 0 accepting task 54
123 Worker 2 accepting task 61
123 Worker 2 accepting task 38
123 Worker 1 processing task 51 requiring operations [1]
123 Worker 1 forwarding task 51
123 Worker 2 processing task 53 requiring operations [6, 3]
123 Worker 2 performing operation 3 on task 53
123 Worker 4 processing task 55 requiring operations [3, 8]
123 Worker 4 forwarding task 55
123 Worker 0 processing task 54 requiring operations [2]
123 Worker 0 performing operation 2 on task 54
124 Generated task 62
124 Worker 4 accepting task 62
124 Worker 3 accepting task 51
124 Worker 2 accepting task 53
124 Worker 1 accepting task 55
124 Task 54 completed!
124 Worker 1 processing task 56 requiring operations [4, 10]
124 Worker 1 performing operation 4 on task 56
124 Worker 2 processing task 52 requiring operations [8]
124 Worker 2 performing operation 8 on task 52
124 Worker 4 processing task 34 requiring operations [10]
124 Worker 4 performing operation 10 on task 34
124 Worker 3 processing task 51 requiring operations [1]
124 Worker 3 forwarding task 51
125 Worker 1 accepting task 56
125 Task 52 completed!
125 Task 34 completed!
125 Worker 1 accepting task 51
125 Worker 1 processing task 57 requiring operations [1, 9, 5]
125 Worker 1 forwarding task 57
125 Worker 2 processing task 61 requiring operations [2, 10, 1]
125 Worker 2 forwarding task 61
125 Worker 4 processing task 49 requiring operations [3]
125 Worker 4 forwarding task 49
126 Generated task 63
126 Worker 0 accepting task 63
126 Worker 3 accepting task 57
126 Worker 4 accepting task 61
126 Worker 1 accepting task 49
126 Worker 1 processing task 59 requiring operations [3, 1]
126 Worker 1 forwarding task 59
126 Worker 2 processing task 38 requiring operations [1]
126 Worker 2 forwarding task 38
126 Worker 4 processing task 62 requiring operations [2, 6, 3]
126 Worker 4 forwarding task 62
126 Worker 0 processing task 63 requiring operations [5, 1, 8]
126 Worker 0 performing operation 1 on task 63
126 Worker 3 processing task 57 requiring operations [1, 9, 5]
126 Worker 3 performing operation 9 on task 57
127 Worker 3 accepting task 59
127 Worker 3 accepting task 38
127 Worker 2 accepting task 62
127 Worker 0 accepting task 63
127 Worker 3 accepting task 57
127 Worker 1 processing task 60 requiring operations [10, 4]
127 Worker 1 performing operation 4 on task 60
127 Worker 2 processing task 53 requiring operations [6]
127 Worker 2 performing operation 6 on task 53
127 Worker 4 processing task 61 requiring operations [2, 10, 1]
127 Worker 4 performing operation 10 on task 61
127 Worker 0 processing task 63 requiring operations [5, 8]
127 Worker 0 forwarding task 63
127 Worker 3 processing task 59 requiring operations [3, 1]
127 Worker 3 forwarding task 59
128 Generated task 64
128 Worker 3 accepting task 64
128 Worker 1 accepting task 60
128 Task 53 completed!
128 Worker 4 accepting task 61
128 Worker 1 accepting task 63
128 Worker 2 accepting task 59
128 Worker 1 processing task 58 requiring operations [1, 2, 3]
128 Worker 1 forwarding task 58
128 Worker 2 processing task 62 requiring operations [2, 6, 3]
128 Worker 2 performing operation 6 on task 62
128 Worker 4 processing task 61 requiring operations [2, 1]
128 Worker 4 forwarding task 61
128 Worker 3 processing task 38 requiring operations [1]
128 Worker 3 forwarding task 38
129 Worker 3 accepting task 58
129 Worker 2 accepting task 62
129 Worker 2 accepting task 61
129 Worker 2 accepting task 38
129 Worker 1 processing task 55 requiring operations [3, 8]
129 Worker 1 forwarding task 55
129 Worker 2 processing task 59 requiring operations [3, 1]
129 Worker 2 performing operation 3 on task 59
129 Worker 3 processing task 57 requiring operations [1, 5]
129 Worker 3 performing operation 5 on task 57
130 Generated task 65
130 Worker 4 accepting task 65
130 Worker 0 accepting task 55
130 Worker 2 accepting task 59
130 Worker 3 accepting task 57
130 Worker 1 processing task 56 requiring operations [10]
130 Worker 1 forwarding task 56
130 Worker 2 processing task 62 requiring operations [2, 3]
130 Worker 2 performing operation 3 on task 62
130 Worker 3 processing task 64 requiring operations [1, 7, 5]
130 Worker 3 performing operation 5 on task 64
130 Worker 4 processing task 65 requiring operations [10, 8, 1]
130 Worker 4 performing operation 10 on task 65
130 Worker 0 processing task 55 requiring operations [3, 8]
130 Worker 0 forwarding task 55
131 Worker 0 accepting task 56
131 Worker 2 accepting task 62
131 Worker 3 accepting task 64
131 Worker 4 accepting task 65
131 Worker 2 accepting task 55
131 Worker 1 processing task 51 requiring operations [1]
131 Worker 1 forwarding task 51
131 Worker 2 processing task 61 requiring operations [2, 1]
131 Worker 2 forwarding task 61
131 Worker 3 processing task 58 requiring operations [1, 2, 3]
131 Worker 3 forwarding task 58
131 Worker 4 processing task 65 requiring operations [8, 1]
131 Worker 4 forwarding task 65
131 Worker 0 processing task 56 requiring operations [10]
131 Worker 0 forwarding task 56
132 Generated task 66
132 Worker 3 accepting task 66
132 Worker 4 accepting task 51
132 Worker 0 accepting task 61
132 Worker 1 accepting task 58
132 Worker 1 accepting task 65
132 Worker 1 accepting task 56
132 Worker 1 processing task 49 requiring operations [3]
132 Worker 1 forwarding task 49
132 Worker 2 processing task 38 requiring operations [1]
132 Worker 2 forwarding task 38
132 Worker 3 processing task 57 requiring operations [1]
132 Worker 3 forwarding task 57
132 Worker 4 processing task 51 requiring operations [1]
132 Worker 4 forwarding task 51
132 Worker 0 processing task 61 requiring operations [2, 1]
132 Worker 0 performing operation 2 on task 61
133 Worker 4 accepting task 49
133 Worker 4 accepting task 38
133 Worker 1 accepting task 57
133 Worker 2 accepting task 51
133 Worker 0 accepting task 61
133 Worker 1 processing task 60 requiring operations [10]
133 Worker 1 forwarding task 60
133 Worker 2 processing task 59 requiring operations [1]
133 Worker 2 forwarding task 59
133 Worker 3 processing task 64 requiring operations [1, 7]
133 Worker 3 forwarding task 64
133 Worker 4 processing task 49 requiring operations [3]
133 Worker 4 forwarding task 49
133 Worker 0 processing task 61 requiring operations [1]
133 Worker 0 performing operation 1 on task 61
134 Generated task 67
134 Worker 1 accepting task 67
134 Worker 0 accepting task 60
134 Worker 0 accepting task 59
134 Worker 1 accepting task 64
134 Worker 2 accepting task 49
134 Task 61 completed!
134 Worker 1 processing task 63 requiring operations [5, 8]
134 Worker 1 forwarding task 63
134 Worker 2 processing task 62 requiring operations [2]
134 Worker 2 forwarding task 62
134 Worker 3 processing task 66 requiring operations [9, 7, 4]
134 Worker 3 performing operation 9 on task 66
134 Worker 4 processing task 38 requiring operations [1]
134 Worker 4 forwarding task 38
134 Worker 0 processing task 60 requiring operations [10]
134 Worker 0 forwarding task 60
135 Worker 0 accepting task 63
135 Worker 3 accepting task 62
135 Worker 3 accepting task 66
135 Worker 1 accepting task 38
135 Worker 2 accepting task 60
135 Worker 1 processing task 58 requiring operations [1, 2, 3]
135 Worker 1 forwarding task 58
135 Worker 2 processing task 55 requiring operations [3, 8]
135 Worker 2 performing operation 8 on task 55
135 Worker 3 processing task 62 requiring operations [2]
135 Worker 3 forwarding task 62
135 Worker 0 processing task 59 requiring operations [1]
135 Worker 0 performing operation 1 on task 59
136 Generated task 68
136 Worker 1 accepting task 68
136 Worker 3 accepting task 58
136 Worker 2 accepting task 55
136 Worker 1 accepting task 62
136 Task 59 completed!
136 Worker 1 processing task 65 requiring operations [8, 1]
136 Worker 1 forwarding task 65
136 Worker 2 processing task 51 requiring operations [1]
136 Worker 2 forwarding task 51
136 Worker 3 processing task 66 requiring operations [7, 4]
136 Worker 3 forwarding task 66
136 Worker 0 processing task 63 requiring operations [5, 8]
136 Worker 0 forwarding task 63
137 Worker 4 accepting task 65
137 Worker 0 accepting task 51
137 Worker 1 accepting task 66
137 Worker 2 accepting task 63
137 Worker 1 processing task 56 requiring operations [10]
137 Worker 1 forwarding task 56
137 Worker 2 processing task 49 requiring operations [3]
137 Worker 2 performing operation 3 on task 49
137 Worker 3 processing task 58 requiring operations [1, 2, 3]
137 Worker 3 forwarding task 58
137 Worker 0 processing task 51 requiring operations [1]
137 Worker 0 performing operation 1 on task 51
137 Worker 4 processing task 65 requiring operations [8, 1]
137 Worker 4 forwarding task 65
138 Generated task 69
138 Worker 2 accepting task 69
138 Worker 4 accepting task 56
138 Task 49 completed!
138 Worker 1 accepting task 58
138 Task 51 completed!
138 Worker 2 accepting task 65
138 Worker 1 processing task 57 requiring operations [1]
138 Worker 1 forwarding task 57
138 Worker 2 processing task 60 requiring operations [10]
138 Worker 2 forwarding task 60
138 Worker 4 processing task 56 requiring operations [10]
138 Worker 4 performing operation 10 on task 56
139 Worker 4 accepting task 57
139 Worker 4 accepting task 60
139 Task 56 completed!
139 Worker 1 processing task 67 requiring operations [9, 1, 2]
139 Worker 1 forwarding task 67
139 Worker 2 processing task 55 requiring operations [3]
139 Worker 2 performing operation 3 on task 55
139 Worker 4 processing task 57 requiring operations [1]
139 Worker 4 forwarding task 57
140 Generated task 70
140 Worker 1 accepting task 70
140 Worker 0 accepting task 67
140 Task 55 completed!
140 Worker 1 accepting task 57
140 Worker 1 processing task 64 requiring operations [1, 7]
140 Worker 1 performing operation 7 on task 64
140 Worker 2 processing task 63 requiring operations [5, 8]
140 Worker 2 performing operation 8 on task 63
140 Worker 4 processing task 60 requiring operations [10]
140 Worker 4 performing operation 10 on task 60
140 Worker 0 processing task 67 requiring operations [9, 1, 2]
140 Worker 0 performing operation 2 on task 67
