Worker 0 can perform operations {2, 6, 7, 9, 10}
Worker 1 can perform operations {1, 2, 4, 9, 10}
Worker 2 can perform operations {3}
Worker 3 can perform operations {8}
Worker 4 can perform operations {5, 6}
Building network type random
Worker 0 connecting to worker 2
Worker 2 connecting to worker 0
Worker 0 connecting to worker 1
Worker 1 connecting to worker 0
Worker 1 connecting to worker 4
Worker 4 connecting to worker 1
Worker 2 connecting to worker 3
Worker 3 connecting to worker 2
Worker 3 connecting to worker 1
Worker 1 connecting to worker 3
Worker 4 connecting to worker 0
Worker 0 connecting to worker 4
Entry nodes are [0, 1, 2, 3, 4]
0 Generated task 0
0 Worker 3 accepting task 0
0 Worker 3 processing task 0 requiring operations [10, 9, 5]
0 Worker 3 forwarding task 0
1 Worker 1 accepting task 0
1 Worker 1 processing task 0 requiring operations [10, 9, 5]
1 Worker 1 performing operation 9 on task 0
2 Generated task 1
2 Worker 4 accepting task 1
2 Worker 1 accepting task 0
2 Worker 1 processing task 0 requiring operations [10, 5]
2 Worker 1 performing operation 10 on task 0
2 Worker 4 processing task 1 requiring operations [4, 5, 3]
2 Worker 4 performing operation 5 on task 1
3 Worker 1 accepting task 0
3 Worker 4 accepting task 1
3 Worker 1 processing task 0 requiring operations [5]
3 Worker 1 forwarding task 0
3 Worker 4 processing task 1 requiring operations [4, 3]
3 Worker 4 forwarding task 1
4 Generated task 2
4 Worker 2 accepting task 2
4 Worker 3 accepting task 0
4 Worker 1 accepting task 1
4 Worker 2 processing task 2 requiring operations [8, 7, 2]
4 Worker 2 forwarding task 2
4 Worker 3 processing task 0 requiring operations [5]
4 Worker 3 forwarding task 0
4 Worker 1 processing task 1 requiring operations [4, 3]
4 Worker 1 performing operation 4 on task 1
5 Worker 3 accepting task 2
5 Worker 2 accepting task 0
5 Worker 1 accepting task 1
5 Worker 3 processing task 2 requiring operations [8, 7, 2]
5 Worker 3 performing operation 8 on task 2
5 Worker 1 processing task 1 requiring operations [3]
5 Worker 1 forwarding task 1
5 Worker 2 processing task 0 requiring operations [5]
5 Worker 2 forwarding task 0
6 Generated task 3
6 Worker 2 accepting task 3
6 Worker 3 accepting task 2
6 Worker 4 accepting task 1
6 Worker 0 accepting task 0
6 Worker 3 processing task 2 requiring operations [7, 2]
6 Worker 3 forwarding task 2
6 Worker 2 processing task 3 requiring operations [7, 1, 3]
6 Worker 2 performing operation 3 on task 3
6 Worker 4 processing task 1 requiring operations [3]
6 Worker 4 forwarding task 1
6 Worker 0 processing task 0 requiring operations [5]
6 Worker 0 forwarding task 0
7 Worker 2 accepting task 2
7 Worker 2 accepting task 3
7 Worker 0 accepting task 1
7 Worker 2 accepting task 0
7 Worker 2 processing task 2 requiring operations [7, 2]
7 Worker 2 forwarding task 2
7 Worker 0 processing task 1 requiring operations [3]
7 Worker 0 forwarding task 1
8 Generated task 4
8 Worker 0 accepting task 4
8 Worker 3 accepting task 2
8 Worker 1 accepting task 1
8 Worker 2 processing task 3 requiring operations [7, 1]
8 Worker 2 forwarding task 3
8 Worker 0 processing task 4 requiring operations [6, 3, 10]
8 Worker 0 performing operation 10 on task 4
8 Worker 3 processing task 2 requiring operations [7, 2]
8 Worker 3 forwarding task 2
8 Worker 1 processing task 1 requiring operations [3]
8 Worker 1 forwarding task 1
9 Worker 3 accepting task 3
9 Worker 0 accepting task 4
9 Worker 1 accepting task 2
9 Worker 3 accepting task 1
9 Worker 2 processing task 0 requiring operations [5]
9 Worker 2 forwarding task 0
9 Worker 0 processing task 4 requiring operations [6, 3]
9 Worker 0 performing operation 6 on task 4
9 Worker 3 processing task 3 requiring operations [7, 1]
9 Worker 3 forwarding task 3
9 Worker 1 processing task 2 requiring operations [7, 2]
9 Worker 1 performing operation 2 on task 2
10 Generated task 5
10 Worker 3 accepting task 5
10 Worker 3 accepting task 0
10 Worker 0 accepting task 4
10 Worker 1 accepting task 3
10 Worker 1 accepting task 2
10 Worker 0 processing task 4 requiring operations [3]
10 Worker 0 forwarding task 4
10 Worker 3 processing task 1 requiring operations [3]
10 Worker 3 forwarding task 1
10 Worker 1 processing task 3 requiring operations [7, 1]
10 Worker 1 performing operation 1 on task 3
11 Worker 4 accepting task 4
11 Worker 1 accepting task 1
11 Worker 1 accepting task 3
11 Worker 3 processing task 5 requiring operations [7, 6, 1]
11 Worker 3 forwarding task 5
11 Worker 1 processing task 2 requiring operations [7]
11 Worker 1 forwarding task 2
11 Worker 4 processing task 4 requiring operations [3]
11 Worker 4 forwarding task 4
12 Generated task 6
12 Worker 2 accepting task 6
12 Worker 2 accepting task 5
12 Worker 0 accepting task 2
12 Worker 1 accepting task 4
12 Worker 3 processing task 0 requiring operations [5]
12 Worker 3 forwarding task 0
12 Worker 1 processing task 1 requiring operations [3]
12 Worker 1 forwarding task 1
12 Worker 2 processing task 6 requiring operations [3, 2, 8]
12 Worker 2 performing operation 3 on task 6
12 Worker 0 processing task 2 requiring operations [7]
12 Worker 0 performing operation 7 on task 2
13 Worker 1 accepting task 0
13 Worker 0 accepting task 1
13 Worker 2 accepting task 6
13 Task 2 completed!
13 Worker 1 processing task 3 requiring operations [7]
13 Worker 1 forwarding task 3
13 Worker 2 processing task 5 requiring operations [7, 6, 1]
13 Worker 2 forwarding task 5
13 Worker 0 processing task 1 requiring operations [3]
13 Worker 0 forwarding task 1
14 Generated task 7
14 Worker 2 accepting task 7
14 Worker 4 accepting task 3
14 Worker 3 accepting task 5
14 Worker 1 accepting task 1
14 Worker 1 processing task 4 requiring operations [3]
14 Worker 1 forwarding task 4
14 Worker 2 processing task 6 requiring operations [2, 8]
14 Worker 2 forwarding task 6
14 Worker 4 processing task 3 requiring operations [7]
14 Worker 4 forwarding task 3
14 Worker 3 processing task 5 requiring operations [7, 6, 1]
14 Worker 3 forwarding task 5
15 Worker 0 accepting task 4
15 Worker 0 accepting task 6
15 Worker 0 accepting task 3
15 Worker 1 accepting task 5
15 Worker 1 processing task 0 requiring operations [5]
15 Worker 1 forwarding task 0
15 Worker 2 processing task 7 requiring operations [5, 7, 9]
15 Worker 2 forwarding task 7
15 Worker 0 processing task 4 requiring operations [3]
15 Worker 0 forwarding task 4
16 Generated task 8
16 Worker 4 accepting task 8
16 Worker 0 accepting task 0
16 Worker 0 accepting task 7
16 Worker 2 accepting task 4
16 Worker 1 processing task 1 requiring operations [3]
16 Worker 1 forwarding task 1
16 Worker 0 processing task 6 requiring operations [2, 8]
16 Worker 0 performing operation 2 on task 6
16 Worker 4 processing task 8 requiring operations [1, 2, 7]
16 Worker 4 forwarding task 8
16 Worker 2 processing task 4 requiring operations [3]
16 Worker 2 performing operation 3 on task 4
17 Worker 4 accepting task 1
17 Worker 0 accepting task 6
17 Worker 0 accepting task 8
17 Task 4 completed!
17 Worker 1 processing task 5 requiring operations [7, 6, 1]
17 Worker 1 performing operation 1 on task 5
17 Worker 0 processing task 3 requiring operations [7]
17 Worker 0 performing operation 7 on task 3
17 Worker 4 processing task 1 requiring operations [3]
17 Worker 4 forwarding task 1
18 Generated task 9
18 Worker 2 accepting task 9
18 Worker 1 accepting task 5
18 Task 3 completed!
18 Worker 1 accepting task 1
18 Worker 1 processing task 5 requiring operations [7, 6]
18 Worker 1 forwarding task 5
18 Worker 0 processing task 0 requiring operations [5]
18 Worker 0 forwarding task 0
18 Worker 2 processing task 9 requiring operations [7, 9, 5]
18 Worker 2 forwarding task 9
19 Worker 4 accepting task 5
19 Worker 4 accepting task 0
19 Worker 0 accepting task 9
19 Worker 1 processing task 1 requiring operations [3]
19 Worker 1 forwarding task 1
19 Worker 0 processing task 7 requiring operations [5, 7, 9]
19 Worker 0 performing operation 9 on task 7
19 Worker 4 processing task 5 requiring operations [7, 6]
19 Worker 4 performing operation 6 on task 5
20 Generated task 10
20 Worker 2 accepting task 10
20 Worker 3 accepting task 1
20 Worker 0 accepting task 7
20 Worker 4 accepting task 5
20 Worker 0 processing task 6 requiring operations [8]
20 Worker 0 forwarding task 6
20 Worker 4 processing task 0 requiring operations [5]
20 Worker 4 performing operation 5 on task 0
20 Worker 2 processing task 10 requiring operations [10, 9, 2]
20 Worker 2 forwarding task 10
20 Worker 3 processing task 1 requiring operations [3]
20 Worker 3 forwarding task 1
21 Worker 1 accepting task 6
21 Task 0 completed!
21 Worker 3 accepting task 10
21 Worker 2 accepting task 1
21 Worker 0 processing task 8 requiring operations [1, 2, 7]
21 Worker 0 performing operation 2 on task 8
21 Worker 4 processing task 5 requiring operations [7]
21 Worker 4 forwarding task 5
21 Worker 3 processing task 10 requiring operations [10, 9, 2]
21 Worker 3 forwarding task 10
21 Worker 1 processing task 6 requiring operations [8]
21 Worker 1 forwarding task 6
21 Worker 2 processing task 1 requiring operations [3]
21 Worker 2 performing operation 3 on task 1
22 Generated task 11
22 Worker 2 accepting task 11
22 Worker 0 accepting task 8
22 Worker 0 accepting task 5
22 Worker 2 accepting task 10
22 Worker 4 accepting task 6
22 Task 1 completed!
22 Worker 0 processing task 9 requiring operations [7, 9, 5]
22 Worker 0 performing operation 9 on task 9
22 Worker 2 processing task 11 requiring operations [5, 7, 2]
22 Worker 2 forwarding task 11
22 Worker 4 processing task 6 requiring operations [8]
22 Worker 4 forwarding task 6
23 Worker 0 accepting task 9
23 Worker 0 accepting task 11
23 Worker 1 accepting task 6
23 Worker 0 processing task 7 requiring operations [5, 7]
23 Worker 0 performing operation 7 on task 7
23 Worker 2 processing task 10 requiring operations [10, 9, 2]
23 Worker 2 forwarding task 10
23 Worker 1 processing task 6 requiring operations [8]
23 Worker 1 forwarding task 6
24 Generated task 12
24 Worker 0 accepting task 12
24 Worker 0 accepting task 7
24 Worker 3 accepting task 10
24 Worker 4 accepting task 6
24 Worker 0 processing task 8 requiring operations [1, 7]
24 Worker 0 performing operation 7 on task 8
24 Worker 3 processing task 10 requiring operations [10, 9, 2]
24 Worker 3 forwarding task 10
24 Worker 4 processing task 6 requiring operations [8]
24 Worker 4 forwarding task 6
25 Worker 0 accepting task 8
25 Worker 2 accepting task 10
25 Worker 0 accepting task 6
25 Worker 0 processing task 5 requiring operations [7]
25 Worker 0 performing operation 7 on task 5
25 Worker 2 processing task 10 requiring operations [10, 9, 2]
25 Worker 2 forwarding task 10
26 Generated task 13
26 Worker 4 accepting task 13
26 Task 5 completed!
26 Worker 0 accepting task 10
26 Worker 0 processing task 9 requiring operations [7, 5]
26 Worker 0 performing operation 7 on task 9
26 Worker 4 processing task 13 requiring operations [3, 1, 10]
26 Worker 4 forwarding task 13
27 Worker 0 accepting task 9
27 Worker 1 accepting task 13
27 Worker 0 processing task 11 requiring operations [5, 7, 2]
27 Worker 0 performing operation 2 on task 11
27 Worker 1 processing task 13 requiring operations [3, 1, 10]
27 Worker 1 performing operation 10 on task 13
28 Generated task 14
28 Worker 1 accepting task 14
28 Worker 0 accepting task 11
28 Worker 1 accepting task 13
28 Worker 0 processing task 12 requiring operations [4, 1, 9]
28 Worker 0 performing operation 9 on task 12
28 Worker 1 processing task 14 requiring operations [9, 7, 8]
28 Worker 1 performing operation 9 on task 14
29 Worker 0 accepting task 12
29 Worker 1 accepting task 14
29 Worker 0 processing task 7 requiring operations [5]
29 Worker 0 forwarding task 7
29 Worker 1 processing task 13 requiring operations [3, 1]
29 Worker 1 performing operation 1 on task 13
30 Generated task 15
30 Worker 4 accepting task 15
30 Worker 1 accepting task 7
30 Worker 1 accepting task 13
30 Worker 0 processing task 8 requiring operations [1]
30 Worker 0 forwarding task 8
30 Worker 1 processing task 14 requiring operations [7, 8]
30 Worker 1 forwarding task 14
30 Worker 4 processing task 15 requiring operations [9, 8, 1]
30 Worker 4 forwarding task 15
31 Worker 1 accepting task 8
31 Worker 3 accepting task 14
31 Worker 1 accepting task 15
31 Worker 0 processing task 6 requiring operations [8]
31 Worker 0 forwarding task 6
31 Worker 1 processing task 7 requiring operations [5]
31 Worker 1 forwarding task 7
31 Worker 3 processing task 14 requiring operations [7, 8]
31 Worker 3 performing operation 8 on task 14
32 Generated task 16
32 Worker 4 accepting task 16
32 Worker 2 accepting task 6
32 Worker 0 accepting task 7
32 Worker 3 accepting task 14
32 Worker 0 processing task 10 requiring operations [10, 9, 2]
32 Worker 0 performing operation 9 on task 10
32 Worker 1 processing task 13 requiring operations [3]
32 Worker 1 forwarding task 13
32 Worker 3 processing task 14 requiring operations [7]
32 Worker 3 forwarding task 14
32 Worker 4 processing task 16 requiring operations [5, 6, 2]
32 Worker 4 performing operation 6 on task 16
32 Worker 2 processing task 6 requiring operations [8]
32 Worker 2 forwarding task 6
33 Worker 0 accepting task 10
33 Worker 4 accepting task 13
33 Worker 1 accepting task 14
33 Worker 4 accepting task 16
33 Worker 3 accepting task 6
33 Worker 0 processing task 9 requiring operations [5]
33 Worker 0 forwarding task 9
33 Worker 1 processing task 8 requiring operations [1]
33 Worker 1 performing operation 1 on task 8
33 Worker 4 processing task 13 requiring operations [3]
33 Worker 4 forwarding task 13
33 Worker 3 processing task 6 requiring operations [8]
33 Worker 3 performing operation 8 on task 6
34 Generated task 17
34 Worker 4 accepting task 17
34 Worker 1 accepting task 9
34 Task 8 completed!
34 Worker 0 accepting task 13
34 Task 6 completed!
34 Worker 0 processing task 11 requiring operations [5, 7]
34 Worker 0 performing operation 7 on task 11
34 Worker 1 processing task 15 requiring operations [9, 8, 1]
34 Worker 1 performing operation 9 on task 15
34 Worker 4 processing task 16 requiring operations [5, 2]
34 Worker 4 performing operation 5 on task 16
35 Worker 0 accepting task 11
35 Worker 1 accepting task 15
35 Worker 4 accepting task 16
35 Worker 0 processing task 12 requiring operations [4, 1]
35 Worker 0 forwarding task 12
35 Worker 1 processing task 14 requiring operations [7]
35 Worker 1 forwarding task 14
35 Worker 4 processing task 17 requiring operations [4, 3, 5]
35 Worker 4 performing operation 5 on task 17
36 Generated task 18
36 Worker 2 accepting task 18
36 Worker 1 accepting task 12
36 Worker 4 accepting task 14
36 Worker 4 accepting task 17
36 Worker 0 processing task 7 requiring operations [5]
36 Worker 0 forwarding task 7
36 Worker 1 processing task 9 requiring operations [5]
36 Worker 1 forwarding task 9
36 Worker 4 processing task 16 requiring operations [2]
36 Worker 4 forwarding task 16
36 Worker 2 processing task 18 requiring operations [7, 5, 2]
36 Worker 2 forwarding task 18
37 Worker 2 accepting task 7
37 Worker 0 accepting task 9
37 Worker 0 accepting task 16
37 Worker 3 accepting task 18
37 Worker 0 processing task 10 requiring operations [10, 2]
37 Worker 0 performing operation 10 on task 10
37 Worker 1 processing task 15 requiring operations [8, 1]
37 Worker 1 performing operation 1 on task 15
37 Worker 4 processing task 14 requiring operations [7]
37 Worker 4 forwarding task 14
37 Worker 2 processing task 7 requiring operations [5]
37 Worker 2 forwarding task 7
37 Worker 3 processing task 18 requiring operations [7, 5, 2]
37 Worker 3 forwarding task 18
38 Generated task 19
38 Worker 4 accepting task 19
38 Worker 0 accepting task 10
38 Worker 1 accepting task 15
38 Worker 0 accepting task 14
38 Worker 3 accepting task 7
38 Worker 2 accepting task 18
38 Worker 0 processing task 13 requiring operations [3]
38 Worker 0 forwarding task 13
38 Worker 1 processing task 12 requiring operations [4, 1]
38 Worker 1 performing operation 4 on task 12
38 Worker 4 processing task 17 requiring operations [4, 3]
38 Worker 4 forwarding task 17
38 Worker 3 processing task 7 requiring operations [5]
38 Worker 3 forwarding task 7
38 Worker 2 processing task 18 requiring operations [7, 5, 2]
38 Worker 2 forwarding task 18
39 Worker 4 accepting task 13
39 Worker 1 accepting task 12
39 Worker 1 accepting task 17
39 Worker 1 accepting task 7
39 Worker 0 accepting task 18
39 Worker 0 processing task 11 requiring operations [5]
39 Worker 0 forwarding task 11
39 Worker 1 processing task 15 requiring operations [8]
39 Worker 1 forwarding task 15
39 Worker 4 processing task 19 requiring operations [8, 9, 4]
39 Worker 4 forwarding task 19
40 Generated task 20
40 Worker 0 accepting task 20
40 Worker 2 accepting task 11
40 Worker 0 accepting task 15
40 Worker 1 accepting task 19
40 Worker 0 processing task 9 requiring operations [5]
40 Worker 0 forwarding task 9
40 Worker 1 processing task 12 requiring operations [1]
40 Worker 1 performing operation 1 on task 12
40 Worker 4 processing task 13 requiring operations [3]
40 Worker 4 forwarding task 13
40 Worker 2 processing task 11 requiring operations [5]
40 Worker 2 forwarding task 11
41 Worker 2 accepting task 9
41 Task 12 completed!
41 Worker 1 accepting task 13
41 Worker 3 accepting task 11
41 Worker 0 processing task 16 requiring operations [2]
41 Worker 0 performing operation 2 on task 16
41 Worker 1 processing task 17 requiring operations [4, 3]
41 Worker 1 performing operation 4 on task 17
41 Worker 2 processing task 9 requiring operations [5]
41 Worker 2 forwarding task 9
41 Worker 3 processing task 11 requiring operations [5]
41 Worker 3 forwarding task 11
42 Generated task 21
42 Worker 0 accepting task 21
42 Task 16 completed!
42 Worker 1 accepting task 17
42 Worker 3 accepting task 9
42 Worker 2 accepting task 11
42 Worker 0 processing task 10 requiring operations [2]
42 Worker 0 performing operation 2 on task 10
42 Worker 1 processing task 7 requiring operations [5]
42 Worker 1 forwarding task 7
42 Worker 3 processing task 9 requiring operations [5]
42 Worker 3 forwarding task 9
42 Worker 2 processing task 11 requiring operations [5]
42 Worker 2 forwarding task 11
43 Task 10 completed!
43 Worker 3 accepting task 7
43 Worker 2 accepting task 9
43 Worker 0 accepting task 11
43 Worker 0 processing task 14 requiring operations [7]
43 Worker 0 performing operation 7 on task 14
43 Worker 1 processing task 19 requiring operations [8, 9, 4]
43 Worker 1 performing operation 4 on task 19
43 Worker 3 processing task 7 requiring operations [5]
43 Worker 3 forwarding task 7
43 Worker 2 processing task 9 requiring operations [5]
43 Worker 2 forwarding task 9
44 Generated task 22
44 Worker 3 accepting task 22
44 Task 14 completed!
44 Worker 1 accepting task 19
44 Worker 2 accepting task 7
44 Worker 3 accepting task 9
44 Worker 0 processing task 18 requiring operations [7, 5, 2]
44 Worker 0 performing operation 7 on task 18
44 Worker 1 processing task 13 requiring operations [3]
44 Worker 1 forwarding task 13
44 Worker 3 processing task 22 requiring operations [4, 1, 6]
44 Worker 3 forwarding task 22
44 Worker 2 processing task 7 requiring operations [5]
44 Worker 2 forwarding task 7
45 Worker 0 accepting task 18
45 Worker 3 accepting task 13
45 Worker 2 accepting task 22
45 Worker 0 accepting task 7
45 Worker 0 processing task 20 requiring operations [3, 1, 7]
45 Worker 0 performing operation 7 on task 20
45 Worker 1 processing task 17 requiring operations [3]
45 Worker 1 forwarding task 17
45 Worker 3 processing task 9 requiring operations [5]
45 Worker 3 forwarding task 9
45 Worker 2 processing task 22 requiring operations [4, 1, 6]
45 Worker 2 forwarding task 22
46 Generated task 23
46 Worker 0 accepting task 23
46 Worker 0 accepting task 20
46 Worker 4 accepting task 17
46 Worker 1 accepting task 9
46 Worker 0 accepting task 22
46 Worker 0 processing task 15 requiring operations [8]
46 Worker 0 forwarding task 15
46 Worker 1 processing task 19 requiring operations [8, 9]
46 Worker 1 performing operation 9 on task 19
46 Worker 3 processing task 13 requiring operations [3]
46 Worker 3 forwarding task 13
46 Worker 4 processing task 17 requiring operations [3]
46 Worker 4 forwarding task 17
47 Worker 4 accepting task 15
47 Worker 1 accepting task 19
47 Worker 2 accepting task 13
47 Worker 1 accepting task 17
47 Worker 0 processing task 21 requiring operations [1, 4, 7]
47 Worker 0 performing operation 7 on task 21
47 Worker 1 processing task 9 requiring operations [5]
47 Worker 1 forwarding task 9
47 Worker 4 processing task 15 requiring operations [8]
47 Worker 4 forwarding task 15
47 Worker 2 processing task 13 requiring operations [3]
47 Worker 2 performing operation 3 on task 13
48 Generated task 24
48 Worker 0 accepting task 24
48 Worker 0 accepting task 21
48 Worker 0 accepting task 9
48 Worker 1 accepting task 15
48 Task 13 completed!
48 Worker 0 processing task 11 requiring operations [5]
48 Worker 0 forwarding task 11
48 Worker 1 processing task 19 requiring operations [8]
48 Worker 1 forwarding task 19
49 Worker 1 accepting task 11
49 Worker 3 accepting task 19
49 Worker 0 processing task 18 requiring operations [5, 2]
49 Worker 0 performing operation 2 on task 18
49 Worker 1 processing task 17 requiring operations [3]
49 Worker 1 forwarding task 17
49 Worker 3 processing task 19 requiring operations [8]
49 Worker 3 performing operation 8 on task 19
50 Generated task 25
50 Worker 1 accepting task 25
50 Worker 0 accepting task 18
50 Worker 4 accepting task 17
50 Task 19 completed!
50 Worker 0 processing task 7 requiring operations [5]
50 Worker 0 forwarding task 7
50 Worker 1 processing task 15 requiring operations [8]
50 Worker 1 forwarding task 15
50 Worker 4 processing task 17 requiring operations [3]
50 Worker 4 forwarding task 17
51 Worker 2 accepting task 7
51 Worker 3 accepting task 15
51 Worker 1 accepting task 17
51 Worker 0 processing task 23 requiring operations [2, 3, 7]
51 Worker 0 performing operation 2 on task 23
51 Worker 1 processing task 11 requiring operations [5]
51 Worker 1 forwarding task 11
51 Worker 2 processing task 7 requiring operations [5]
51 Worker 2 forwarding task 7
51 Worker 3 processing task 15 requiring operations [8]
51 Worker 3 performing operation 8 on task 15
52 Generated task 26
52 Worker 0 accepting task 26
52 Worker 0 accepting task 23
52 Worker 4 accepting task 11
52 Worker 3 accepting task 7
52 Task 15 completed!
52 Worker 0 processing task 20 requiring operations [3, 1]
52 Worker 0 forwarding task 20
52 Worker 1 processing task 25 requiring operations [8, 9, 10]
52 Worker 1 performing operation 10 on task 25
52 Worker 3 processing task 7 requiring operations [5]
52 Worker 3 forwarding task 7
52 Worker 4 processing task 11 requiring operations [5]
52 Worker 4 performing operation 5 on task 11
53 Worker 2 accepting task 20
53 Worker 1 accepting task 25
53 Worker 1 accepting task 7
53 Task 11 completed!
53 Worker 0 processing task 22 requiring operations [4, 1, 6]
53 Worker 0 performing operation 6 on task 22
53 Worker 1 processing task 17 requiring operations [3]
53 Worker 1 forwarding task 17
53 Worker 2 processing task 20 requiring operations [3, 1]
53 Worker 2 performing operation 3 on task 20
54 Generated task 27
54 Worker 2 accepting task 27
54 Worker 0 accepting task 22
54 Worker 3 accepting task 17
54 Worker 2 accepting task 20
54 Worker 0 processing task 24 requiring operations [8, 4, 6]
54 Worker 0 performing operation 6 on task 24
54 Worker 1 processing task 25 requiring operations [8, 9]
54 Worker 1 performing operation 9 on task 25
54 Worker 2 processing task 27 requiring operations [1, 7, 8]
54 Worker 2 forwarding task 27
54 Worker 3 processing task 17 requiring operations [3]
54 Worker 3 forwarding task 17
55 Worker 0 accepting task 24
55 Worker 1 accepting task 25
55 Worker 0 accepting task 27
55 Worker 1 accepting task 17
55 Worker 0 processing task 21 requiring operations [1, 4]
55 Worker 0 forwarding task 21
55 Worker 1 processing task 7 requiring operations [5]
55 Worker 1 forwarding task 7
55 Worker 2 processing task 20 requiring operations [1]
55 Worker 2 forwarding task 20
56 Generated task 28
56 Worker 0 accepting task 28
56 Worker 2 accepting task 21
56 Worker 4 accepting task 7
56 Worker 3 accepting task 20
56 Worker 0 processing task 9 requiring operations [5]
56 Worker 0 forwarding task 9
56 Worker 1 processing task 25 requiring operations [8]
56 Worker 1 forwarding task 25
56 Worker 2 processing task 21 requiring operations [1, 4]
56 Worker 2 forwarding task 21
56 Worker 4 processing task 7 requiring operations [5]
56 Worker 4 performing operation 5 on task 7
56 Worker 3 processing task 20 requiring operations [1]
56 Worker 3 forwarding task 20
57 Worker 4 accepting task 9
57 Worker 0 accepting task 25
57 Worker 3 accepting task 21
57 Task 7 completed!
57 Worker 2 accepting task 20
57 Worker 0 processing task 18 requiring operations [5]
57 Worker 0 forwarding task 18
57 Worker 1 processing task 17 requiring operations [3]
57 Worker 1 forwarding task 17
57 Worker 4 processing task 9 requiring operations [5]
57 Worker 4 performing operation 5 on task 9
57 Worker 3 processing task 21 requiring operations [1, 4]
57 Worker 3 forwarding task 21
57 Worker 2 processing task 20 requiring operations [1]
57 Worker 2 forwarding task 20
58 Generated task 29
58 Worker 4 accepting task 29
58 Worker 2 accepting task 18
58 Worker 3 accepting task 17
58 Task 9 completed!
58 Worker 1 accepting task 21
58 Worker 0 accepting task 20
58 Worker 0 processing task 26 requiring operations [5, 9, 8]
58 Worker 0 performing operation 9 on task 26
58 Worker 4 processing task 29 requiring operations [2, 7, 8]
58 Worker 4 forwarding task 29
58 Worker 3 processing task 17 requiring operations [3]
58 Worker 3 forwarding task 17
58 Worker 2 processing task 18 requiring operations [5]
58 Worker 2 forwarding task 18
58 Worker 1 processing task 21 requiring operations [1, 4]
58 Worker 1 performing operation 1 on task 21
59 Worker 0 accepting task 26
59 Worker 0 accepting task 29
59 Worker 1 accepting task 17
59 Worker 3 accepting task 18
59 Worker 1 accepting task 21
59 Worker 0 processing task 23 requiring operations [3, 7]
59 Worker 0 performing operation 7 on task 23
59 Worker 1 processing task 17 requiring operations [3]
59 Worker 1 forwarding task 17
59 Worker 3 processing task 18 requiring operations [5]
59 Worker 3 forwarding task 18
60 Generated task 30
60 Worker 4 accepting task 30
60 Worker 0 accepting task 23
60 Worker 4 accepting task 17
60 Worker 1 accepting task 18
60 Worker 0 processing task 22 requiring operations [4, 1]
60 Worker 0 forwarding task 22
60 Worker 1 processing task 21 requiring operations [4]
60 Worker 1 performing operation 4 on task 21
60 Worker 4 processing task 30 requiring operations [4, 5, 9]
60 Worker 4 performing operation 5 on task 30
61 Worker 1 accepting task 22
61 Task 21 completed!
61 Worker 4 accepting task 30
61 Worker 0 processing task 24 requiring operations [8, 4]
61 Worker 0 forwarding task 24
61 Worker 1 processing task 18 requiring operations [5]
61 Worker 1 forwarding task 18
61 Worker 4 processing task 17 requiring operations [3]
61 Worker 4 forwarding task 17
62 Generated task 31
62 Worker 4 accepting task 31
62 Worker 4 accepting task 24
62 Worker 0 accepting task 18
62 Worker 1 accepting task 17
62 Worker 0 processing task 27 requiring operations [1, 7, 8]
62 Worker 0 performing operation 7 on task 27
62 Worker 1 processing task 22 requiring operations [4, 1]
62 Worker 1 performing operation 1 on task 22
62 Worker 4 processing task 30 requiring operations [4, 9]
62 Worker 4 forwarding task 30
63 Worker 0 accepting task 27
63 Worker 1 accepting task 22
63 Worker 1 accepting task 30
63 Worker 0 processing task 28 requiring operations [1, 6, 10]
63 Worker 0 performing operation 6 on task 28
63 Worker 1 processing task 17 requiring operations [3]
63 Worker 1 forwarding task 17
63 Worker 4 processing task 31 requiring operations [6, 5, 1]
63 Worker 4 performing operation 6 on task 31
64 Generated task 32
64 Worker 1 accepting task 32
64 Worker 0 accepting task 28
64 Worker 0 accepting task 17
64 Worker 4 accepting task 31
64 Worker 0 processing task 25 requiring operations [8]
64 Worker 0 forwarding task 25
64 Worker 1 processing task 22 requiring operations [4]
64 Worker 1 performing operation 4 on task 22
64 Worker 4 processing task 24 requiring operations [8, 4]
64 Worker 4 forwarding task 24
65 Worker 4 accepting task 25
65 Task 22 completed!
65 Worker 0 accepting task 24
65 Worker 0 processing task 20 requiring operations [1]
65 Worker 0 forwarding task 20
65 Worker 1 processing task 30 requiring operations [4, 9]
65 Worker 1 performing operation 4 on task 30
65 Worker 4 processing task 31 requiring operations [5, 1]
65 Worker 4 performing operation 5 on task 31
66 Generated task 33
66 Worker 3 accepting task 33
66 Worker 4 accepting task 20
66 Worker 1 accepting task 30
66 Worker 4 accepting task 31
66 Worker 0 processing task 26 requiring operations [5, 8]
66 Worker 0 forwarding task 26
66 Worker 1 processing task 32 requiring operations [2, 1, 6]
66 Worker 1 performing operation 2 on task 32
66 Worker 4 processing task 25 requiring operations [8]
66 Worker 4 forwarding task 25
66 Worker 3 processing task 33 requiring operations [3, 1, 8]
66 Worker 3 performing operation 8 on task 33
67 Worker 1 accepting task 26
67 Worker 1 accepting task 32
67 Worker 1 accepting task 25
67 Worker 3 accepting task 33
67 Worker 0 processing task 29 requiring operations [2, 7, 8]
67 Worker 0 performing operation 2 on task 29
67 Worker 1 processing task 30 requiring operations [9]
67 Worker 1 performing operation 9 on task 30
67 Worker 4 processing task 20 requiring operations [1]
67 Worker 4 forwarding task 20
67 Worker 3 processing task 33 requiring operations [3, 1]
67 Worker 3 forwarding task 33
68 Generated task 34
68 Worker 2 accepting task 34
68 Worker 0 accepting task 29
68 Task 30 completed!
68 Worker 0 accepting task 20
68 Worker 1 accepting task 33
68 Worker 0 processing task 23 requiring operations [3]
68 Worker 0 forwarding task 23
68 Worker 1 processing task 26 requiring operations [5, 8]
68 Worker 1 forwarding task 26
68 Worker 4 processing task 31 requiring operations [1]
68 Worker 4 forwarding task 31
68 Worker 2 processing task 34 requiring operations [3, 5, 6]
68 Worker 2 performing operation 3 on task 34
69 Worker 1 accepting task 23
69 Worker 0 accepting task 26
69 Worker 0 accepting task 31
69 Worker 2 accepting task 34
69 Worker 0 processing task 18 requiring operations [5]
69 Worker 0 forwarding task 18
69 Worker 1 processing task 32 requiring operations [1, 6]
69 Worker 1 performing operation 1 on task 32
69 Worker 2 processing task 34 requiring operations [5, 6]
69 Worker 2 forwarding task 34
70 Generated task 35
70 Worker 0 accepting task 35
70 Worker 4 accepting task 18
70 Worker 1 accepting task 32
70 Worker 0 accepting task 34
70 Worker 0 processing task 27 requiring operations [1, 8]
70 Worker 0 forwarding task 27
70 Worker 1 processing task 25 requiring operations [8]
70 Worker 1 forwarding task 25
70 Worker 4 processing task 18 requiring operations [5]
70 Worker 4 performing operation 5 on task 18
71 Worker 1 accepting task 27
71 Worker 0 accepting task 25
71 Task 18 completed!
71 Worker 0 processing task 28 requiring operations [1, 10]
71 Worker 0 performing operation 10 on task 28
71 Worker 1 processing task 33 requiring operations [3, 1]
71 Worker 1 performing operation 1 on task 33
72 Generated task 36
72 Worker 0 accepting task 36
72 Worker 0 accepting task 28
72 Worker 1 accepting task 33
72 Worker 0 processing task 17 requiring operations [3]
72 Worker 0 forwarding task 17
72 Worker 1 processing task 23 requiring operations [3]
72 Worker 1 forwarding task 23
73 Worker 1 accepting task 17
73 Worker 0 accepting task 23
73 Worker 0 processing task 24 requiring operations [8, 4]
73 Worker 0 forwarding task 24
73 Worker 1 processing task 32 requiring operations [6]
73 Worker 1 forwarding task 32
74 Generated task 37
74 Worker 2 accepting task 37
74 Worker 4 accepting task 24
74 Worker 3 accepting task 32
74 Worker 0 processing task 29 requiring operations [7, 8]
74 Worker 0 performing operation 7 on task 29
74 Worker 1 processing task 27 requiring operations [1, 8]
74 Worker 1 performing operation 1 on task 27
74 Worker 2 processing task 37 requiring operations [7, 3, 8]
74 Worker 2 performing operation 3 on task 37
74 Worker 4 processing task 24 requiring operations [8, 4]
74 Worker 4 forwarding task 24
74 Worker 3 processing task 32 requiring operations [6]
74 Worker 3 forwarding task 32
75 Worker 0 accepting task 29
75 Worker 1 accepting task 27
75 Worker 2 accepting task 37
75 Worker 0 accepting task 24
75 Worker 1 accepting task 32
75 Worker 0 processing task 20 requiring operations [1]
75 Worker 0 forwarding task 20
75 Worker 1 processing task 33 requiring operations [3]
75 Worker 1 forwarding task 33
75 Worker 2 processing task 37 requiring operations [7, 8]
75 Worker 2 forwarding task 37
76 Generated task 38
76 Worker 3 accepting task 38
76 Worker 4 accepting task 20
76 Worker 3 accepting task 33
76 Worker 0 accepting task 37
76 Worker 0 processing task 26 requiring operations [5, 8]
76 Worker 0 forwarding task 26
76 Worker 1 processing task 17 requiring operations [3]
76 Worker 1 forwarding task 17
76 Worker 3 processing task 38 requiring operations [5, 10, 2]
76 Worker 3 forwarding task 38
76 Worker 4 processing task 20 requiring operations [1]
76 Worker 4 forwarding task 20
77 Worker 2 accepting task 26
77 Worker 0 accepting task 17
77 Worker 2 accepting task 38
77 Worker 1 accepting task 20
77 Worker 0 processing task 31 requiring operations [1]
77 Worker 0 forwarding task 31
77 Worker 1 processing task 27 requiring operations [8]
77 Worker 1 forwarding task 27
77 Worker 3 processing task 33 requiring operations [3]
77 Worker 3 forwarding task 33
77 Worker 2 processing task 26 requiring operations [5, 8]
77 Worker 2 forwarding task 26
78 Generated task 39
78 Worker 1 accepting task 39
78 Worker 2 accepting task 31
78 Worker 3 accepting task 27
78 Worker 2 accepting task 33
78 Worker 3 accepting task 26
78 Worker 0 processing task 35 requiring operations [8, 4, 5]
78 Worker 0 forwarding task 35
78 Worker 1 processing task 32 requiring operations [6]
78 Worker 1 forwarding task 32
78 Worker 3 processing task 27 requiring operations [8]
78 Worker 3 performing operation 8 on task 27
78 Worker 2 processing task 38 requiring operations [5, 10, 2]
78 Worker 2 forwarding task 38
79 Worker 1 accepting task 35
79 Worker 3 accepting task 32
79 Task 27 completed!
79 Worker 3 accepting task 38
79 Worker 0 processing task 34 requiring operations [5, 6]
79 Worker 0 performing operation 6 on task 34
79 Worker 1 processing task 20 requiring operations [1]
79 Worker 1 performing operation 1 on task 20
79 Worker 3 processing task 26 requiring operations [5, 8]
79 Worker 3 performing operation 8 on task 26
79 Worker 2 processing task 31 requiring operations [1]
79 Worker 2 forwarding task 31
80 Generated task 40
80 Worker 1 accepting task 40
80 Worker 0 accepting task 34
80 Task 20 completed!
80 Worker 3 accepting task 26
80 Worker 3 accepting task 31
80 Worker 0 processing task 25 requiring operations [8]
80 Worker 0 forwarding task 25
80 Worker 1 processing task 39 requiring operations [10, 8, 1]
80 Worker 1 performing operation 1 on task 39
80 Worker 3 processing task 32 requiring operations [6]
80 Worker 3 forwarding task 32
80 Worker 2 processing task 33 requiring operations [3]
80 Worker 2 performing operation 3 on task 33
81 Worker 2 accepting task 25
81 Worker 1 accepting task 39
81 Worker 1 accepting task 32
81 Task 33 completed!
81 Worker 0 processing task 36 requiring operations [4, 1, 7]
81 Worker 0 performing operation 7 on task 36
81 Worker 1 processing task 35 requiring operations [8, 4, 5]
81 Worker 1 performing operation 4 on task 35
81 Worker 3 processing task 38 requiring operations [5, 10, 2]
81 Worker 3 forwarding task 38
81 Worker 2 processing task 25 requiring operations [8]
81 Worker 2 forwarding task 25
82 Generated task 41
82 Worker 2 accepting task 41
82 Worker 0 accepting task 36
82 Worker 1 accepting task 35
82 Worker 2 accepting task 38
82 Worker 0 accepting task 25
82 Worker 0 processing task 28 requiring operations [1]
82 Worker 0 forwarding task 28
82 Worker 1 processing task 40 requiring operations [1, 4, 8]
82 Worker 1 performing operation 1 on task 40
82 Worker 3 processing task 26 requiring operations [5]
82 Worker 3 forwarding task 26
82 Worker 2 processing task 41 requiring operations [5, 9, 7]
82 Worker 2 forwarding task 41
83 Worker 4 accepting task 28
83 Worker 1 accepting task 40
83 Worker 1 accepting task 26
83 Worker 0 accepting task 41
83 Worker 0 processing task 23 requiring operations [3]
83 Worker 0 forwarding task 23
83 Worker 1 processing task 39 requiring operations [10, 8]
83 Worker 1 performing operation 10 on task 39
83 Worker 3 processing task 31 requiring operations [1]
83 Worker 3 forwarding task 31
83 Worker 2 processing task 38 requiring operations [5, 10, 2]
83 Worker 2 forwarding task 38
83 Worker 4 processing task 28 requiring operations [1]
83 Worker 4 forwarding task 28
84 Generated task 42
84 Worker 1 accepting task 42
84 Worker 4 accepting task 23
84 Worker 1 accepting task 39
84 Worker 1 accepting task 31
84 Worker 3 accepting task 38
84 Worker 0 accepting task 28
84 Worker 0 processing task 29 requiring operations [8]
84 Worker 0 forwarding task 29
84 Worker 1 processing task 32 requiring operations [6]
84 Worker 1 forwarding task 32
84 Worker 4 processing task 23 requiring operations [3]
84 Worker 4 forwarding task 23
84 Worker 3 processing task 38 requiring operations [5, 10, 2]
84 Worker 3 forwarding task 38
85 Worker 2 accepting task 29
85 Worker 3 accepting task 32
85 Worker 1 accepting task 23
85 Worker 2 accepting task 38
85 Worker 0 processing task 24 requiring operations [8, 4]
85 Worker 0 forwarding task 24
85 Worker 1 processing task 35 requiring operations [8, 5]
85 Worker 1 forwarding task 35
85 Worker 3 processing task 32 requiring operations [6]
85 Worker 3 forwarding task 32
85 Worker 2 processing task 29 requiring operations [8]
85 Worker 2 forwarding task 29
86 Generated task 43
86 Worker 3 accepting task 43
86 Worker 4 accepting task 24
86 Worker 4 accepting task 35
86 Worker 2 accepting task 32
86 Worker 3 accepting task 29
86 Worker 0 processing task 37 requiring operations [7, 8]
86 Worker 0 performing operation 7 on task 37
86 Worker 1 processing task 40 requiring operations [4, 8]
86 Worker 1 performing operation 4 on task 40
86 Worker 3 processing task 43 requiring operations [4, 10, 7]
86 Worker 3 forwarding task 43
86 Worker 2 processing task 38 requiring operations [5, 10, 2]
86 Worker 2 forwarding task 38
86 Worker 4 processing task 24 requiring operations [8, 4]
86 Worker 4 forwarding task 24
87 Worker 0 accepting task 37
87 Worker 1 accepting task 40
87 Worker 2 accepting task 43
87 Worker 3 accepting task 38
87 Worker 0 accepting task 24
87 Worker 0 processing task 17 requiring operations [3]
87 Worker 0 forwarding task 17
87 Worker 1 processing task 26 requiring operations [5]
87 Worker 1 forwarding task 26
87 Worker 3 processing task 29 requiring operations [8]
87 Worker 3 performing operation 8 on task 29
87 Worker 2 processing task 32 requiring operations [6]
87 Worker 2 forwarding task 32
87 Worker 4 processing task 35 requiring operations [8, 5]
87 Worker 4 performing operation 5 on task 35
88 Generated task 44
88 Worker 4 accepting task 44
88 Worker 2 accepting task 17
88 Worker 3 accepting task 26
88 Task 29 completed!
88 Worker 0 accepting task 32
88 Worker 4 accepting task 35
88 Worker 0 processing task 34 requiring operations [5]
88 Worker 0 forwarding task 34
88 Worker 1 processing task 42 requiring operations [9, 4, 5]
88 Worker 1 performing operation 9 on task 42
88 Worker 3 processing task 38 requiring operations [5, 10, 2]
88 Worker 3 forwarding task 38
88 Worker 2 processing task 43 requiring operations [4, 10, 7]
88 Worker 2 forwarding task 43
88 Worker 4 processing task 44 requiring operations [4, 5, 3]
88 Worker 4 performing operation 5 on task 44
89 Worker 4 accepting task 34
89 Worker 1 accepting task 42
89 Worker 1 accepting task 38
89 Worker 0 accepting task 43
89 Worker 4 accepting task 44
89 Worker 0 processing task 36 requiring operations [4, 1]
89 Worker 0 forwarding task 36
89 Worker 1 processing task 39 requiring operations [8]
89 Worker 1 forwarding task 39
89 Worker 3 processing task 26 requiring operations [5]
89 Worker 3 forwarding task 26
89 Worker 2 processing task 17 requiring operations [3]
89 Worker 2 performing operation 3 on task 17
89 Worker 4 processing task 35 requiring operations [8]
89 Worker 4 forwarding task 35
90 Generated task 45
90 Worker 4 accepting task 45
90 Worker 1 accepting task 36
90 Worker 3 accepting task 39
90 Worker 1 accepting task 26
90 Task 17 completed!
90 Worker 0 accepting task 35
90 Worker 0 processing task 25 requiring operations [8]
90 Worker 0 forwarding task 25
90 Worker 1 processing task 31 requiring operations [1]
90 Worker 1 performing operation 1 on task 31
90 Worker 3 processing task 39 requiring operations [8]
90 Worker 3 performing operation 8 on task 39
90 Worker 4 processing task 34 requiring operations [5]
90 Worker 4 performing operation 5 on task 34
91 Worker 2 accepting task 25
91 Task 31 completed!
91 Task 39 completed!
91 Task 34 completed!
91 Worker 0 processing task 41 requiring operations [5, 9, 7]
91 Worker 0 performing operation 7 on task 41
91 Worker 1 processing task 23 requiring operations [3]
91 Worker 1 forwarding task 23
91 Worker 4 processing task 44 requiring operations [4, 3]
91 Worker 4 forwarding task 44
91 Worker 2 processing task 25 requiring operations [8]
91 Worker 2 forwarding task 25
92 Generated task 46
92 Worker 4 accepting task 46
92 Worker 0 accepting task 41
92 Worker 0 accepting task 23
92 Worker 0 accepting task 44
92 Worker 0 accepting task 25
92 Worker 0 processing task 28 requiring operations [1]
92 Worker 0 forwarding task 28
92 Worker 1 processing task 40 requiring operations [8]
92 Worker 1 forwarding task 40
92 Worker 4 processing task 45 requiring operations [3, 4, 6]
92 Worker 4 performing operation 6 on task 45
93 Worker 2 accepting task 28
93 Worker 4 accepting task 40
93 Worker 4 accepting task 45
93 Worker 0 processing task 37 requiring operations [8]
93 Worker 0 forwarding task 37
93 Worker 1 processing task 42 requiring operations [4, 5]
93 Worker 1 performing operation 4 on task 42
93 Worker 4 processing task 46 requiring operations [10, 3, 5]
93 Worker 4 performing operation 5 on task 46
93 Worker 2 processing task 28 requiring operations [1]
93 Worker 2 forwarding task 28
94 Generated task 47
94 Worker 3 accepting task 47
94 Worker 4 accepting task 37
94 Worker 1 accepting task 42
94 Worker 4 accepting task 46
94 Worker 0 accepting task 28
94 Worker 0 processing task 24 requiring operations [8, 4]
94 Worker 0 forwarding task 24
94 Worker 1 processing task 38 requiring operations [5, 10, 2]
94 Worker 1 performing operation 10 on task 38
94 Worker 4 processing task 40 requiring operations [8]
94 Worker 4 forwarding task 40
94 Worker 3 processing task 47 requiring operations [10, 9, 5]
94 Worker 3 forwarding task 47
95 Worker 4 accepting task 24
95 Worker 1 accepting task 38
95 Worker 1 accepting task 40
95 Worker 2 accepting task 47
95 Worker 0 processing task 32 requiring operations [6]
95 Worker 0 performing operation 6 on task 32
95 Worker 1 processing task 36 requiring operations [4, 1]
95 Worker 1 performing operation 1 on task 36
95 Worker 4 processing task 45 requiring operations [3, 4]
95 Worker 4 forwarding task 45
95 Worker 2 processing task 47 requiring operations [10, 9, 5]
95 Worker 2 forwarding task 47
96 Generated task 48
96 Worker 4 accepting task 48
96 Task 32 completed!
96 Worker 1 accepting task 36
96 Worker 0 accepting task 45
96 Worker 0 accepting task 47
96 Worker 0 processing task 43 requiring operations [4, 10, 7]
96 Worker 0 performing operation 10 on task 43
96 Worker 1 processing task 26 requiring operations [5]
96 Worker 1 forwarding task 26
96 Worker 4 processing task 37 requiring operations [8]
96 Worker 4 forwarding task 37
97 Worker 0 accepting task 43
97 Worker 3 accepting task 26
97 Worker 0 accepting task 37
97 Worker 0 processing task 35 requiring operations [8]
97 Worker 0 forwarding task 35
97 Worker 1 processing task 42 requiring operations [5]
97 Worker 1 forwarding task 42
97 Worker 4 processing task 46 requiring operations [10, 3]
97 Worker 4 forwarding task 46
97 Worker 3 processing task 26 requiring operations [5]
97 Worker 3 forwarding task 26
98 Generated task 49
98 Worker 3 accepting task 49
98 Worker 2 accepting task 35
98 Worker 3 accepting task 42
98 Worker 1 accepting task 46
98 Worker 1 accepting task 26
98 Worker 0 processing task 41 requiring operations [5, 9]
98 Worker 0 performing operation 9 on task 41
98 Worker 1 processing task 38 requiring operations [5, 2]
98 Worker 1 performing operation 2 on task 38
98 Worker 4 processing task 24 requiring operations [8, 4]
98 Worker 4 forwarding task 24
98 Worker 3 processing task 49 requiring operations [5, 10, 8]
98 Worker 3 performing operation 8 on task 49
98 Worker 2 processing task 35 requiring operations [8]
98 Worker 2 forwarding task 35
99 Worker 0 accepting task 41
99 Worker 1 accepting task 38
99 Worker 1 accepting task 24
99 Worker 3 accepting task 49
99 Worker 0 accepting task 35
99 Worker 0 processing task 23 requiring operations [3]
99 Worker 0 forwarding task 23
99 Worker 1 processing task 40 requiring operations [8]
99 Worker 1 forwarding task 40
99 Worker 4 processing task 48 requiring operations [3, 10, 5]
99 Worker 4 performing operation 5 on task 48
99 Worker 3 processing task 42 requiring operations [5]
99 Worker 3 forwarding task 42
100 Generated task 50
100 Worker 2 accepting task 50
100 Worker 2 accepting task 23
100 Worker 4 accepting task 40
100 Worker 4 accepting task 48
100 Worker 2 accepting task 42
100 Worker 0 processing task 44 requiring operations [4, 3]
100 Worker 0 forwarding task 44
100 Worker 1 processing task 36 requiring operations [4]
100 Worker 1 performing operation 4 on task 36
100 Worker 4 processing task 40 requiring operations [8]
100 Worker 4 forwarding task 40
100 Worker 3 processing task 49 requiring operations [5, 10]
100 Worker 3 forwarding task 49
100 Worker 2 processing task 50 requiring operations [2, 5, 9]
100 Worker 2 forwarding task 50
101 Worker 1 accepting task 44
101 Task 36 completed!
101 Worker 1 accepting task 40
101 Worker 2 accepting task 49
101 Worker 3 accepting task 50
101 Worker 0 processing task 25 requiring operations [8]
101 Worker 0 forwarding task 25
101 Worker 1 processing task 46 requiring operations [10, 3]
101 Worker 1 performing operation 10 on task 46
101 Worker 4 processing task 48 requiring operations [3, 10]
101 Worker 4 forwarding task 48
101 Worker 2 processing task 23 requiring operations [3]
101 Worker 2 performing operation 3 on task 23
101 Worker 3 processing task 50 requiring operations [2, 5, 9]
101 Worker 3 forwarding task 50
102 Generated task 51
102 Worker 1 accepting task 51
102 Worker 4 accepting task 25
102 Worker 1 accepting task 46
102 Worker 0 accepting task 48
102 Task 23 completed!
102 Worker 1 accepting task 50
102 Worker 0 processing task 28 requiring operations [1]
102 Worker 0 forwarding task 28
102 Worker 1 processing task 26 requiring operations [5]
102 Worker 1 forwarding task 26
102 Worker 4 processing task 25 requiring operations [8]
102 Worker 4 forwarding task 25
102 Worker 2 processing task 42 requiring operations [5]
102 Worker 2 forwarding task 42
103 Worker 4 accepting task 28
103 Worker 3 accepting task 26
103 Worker 0 accepting task 25
103 Worker 0 accepting task 42
103 Worker 0 processing task 45 requiring operations [3, 4]
103 Worker 0 forwarding task 45
103 Worker 1 processing task 38 requiring operations [5]
103 Worker 1 forwarding task 38
103 Worker 4 processing task 28 requiring operations [1]
103 Worker 4 forwarding task 28
103 Worker 2 processing task 49 requiring operations [5, 10]
103 Worker 2 forwarding task 49
103 Worker 3 processing task 26 requiring operations [5]
103 Worker 3 forwarding task 26
104 Generated task 52
104 Worker 3 accepting task 52
104 Worker 2 accepting task 45
104 Worker 3 accepting task 38
104 Worker 1 accepting task 28
104 Worker 0 accepting task 49
104 Worker 2 accepting task 26
104 Worker 0 processing task 47 requiring operations [10, 9, 5]
104 Worker 0 performing operation 9 on task 47
104 Worker 1 processing task 24 requiring operations [8, 4]
104 Worker 1 performing operation 4 on task 24
104 Worker 2 processing task 45 requiring operations [3, 4]
104 Worker 2 performing operation 3 on task 45
104 Worker 3 processing task 52 requiring operations [10, 9, 3]
104 Worker 3 forwarding task 52
105 Worker 0 accepting task 47
105 Worker 1 accepting task 24
105 Worker 2 accepting task 45
105 Worker 1 accepting task 52
105 Worker 0 processing task 43 requiring operations [4, 7]
105 Worker 0 performing operation 7 on task 43
105 Worker 1 processing task 44 requiring operations [4, 3]
105 Worker 1 performing operation 4 on task 44
105 Worker 2 processing task 26 requiring operations [5]
105 Worker 2 forwarding task 26
105 Worker 3 processing task 38 requiring operations [5]
105 Worker 3 forwarding task 38
106 Generated task 53
106 Worker 0 accepting task 53
106 Worker 0 accepting task 43
106 Worker 1 accepting task 44
106 Worker 0 accepting task 26
106 Worker 1 accepting task 38
106 Worker 0 processing task 37 requiring operations [8]
106 Worker 0 forwarding task 37
106 Worker 1 processing task 40 requiring operations [8]
106 Worker 1 forwarding task 40
106 Worker 2 processing task 45 requiring operations [4]
106 Worker 2 forwarding task 45
107 Worker 4 accepting task 37
107 Worker 0 accepting task 40
107 Worker 0 accepting task 45
107 Worker 0 processing task 41 requiring operations [5]
107 Worker 0 forwarding task 41
107 Worker 1 processing task 51 requiring operations [2, 4, 8]
107 Worker 1 performing operation 2 on task 51
107 Worker 4 processing task 37 requiring operations [8]
107 Worker 4 forwarding task 37
108 Generated task 54
108 Worker 2 accepting task 54
108 Worker 4 accepting task 41
108 Worker 1 accepting task 51
108 Worker 0 accepting task 37
108 Worker 0 processing task 35 requiring operations [8]
108 Worker 0 forwarding task 35
108 Worker 1 processing task 46 requiring operations [3]
108 Worker 1 forwarding task 46
108 Worker 4 processing task 41 requiring operations [5]
108 Worker 4 performing operation 5 on task 41
108 Worker 2 processing task 54 requiring operations [1, 6, 7]
108 Worker 2 forwarding task 54
109 Worker 4 accepting task 35
109 Worker 4 accepting task 46
109 Task 41 completed!
109 Worker 0 accepting task 54
109 Worker 0 processing task 48 requiring operations [3, 10]
109 Worker 0 performing operation 10 on task 48
109 Worker 1 processing task 50 requiring operations [2, 5, 9]
109 Worker 1 performing operation 2 on task 50
109 Worker 4 processing task 35 requiring operations [8]
109 Worker 4 forwarding task 35
110 Generated task 55
110 Worker 4 accepting task 55
110 Worker 0 accepting task 48
110 Worker 1 accepting task 50
110 Worker 0 accepting task 35
110 Worker 0 processing task 25 requiring operations [8]
110 Worker 0 forwarding task 25
110 Worker 1 processing task 28 requiring operations [1]
110 Worker 1 performing operation 1 on task 28
110 Worker 4 processing task 46 requiring operations [3]
110 Worker 4 forwarding task 46
111 Worker 2 accepting task 25
111 Task 28 completed!
111 Worker 0 accepting task 46
111 Worker 0 processing task 42 requiring operations [5]
111 Worker 0 forwarding task 42
111 Worker 1 processing task 24 requiring operations [8]
111 Worker 1 forwarding task 24
111 Worker 4 processing task 55 requiring operations [4, 8, 7]
111 Worker 4 forwarding task 55
111 Worker 2 processing task 25 requiring operations [8]
111 Worker 2 forwarding task 25
112 Generated task 56
112 Worker 0 accepting task 56
112 Worker 1 accepting task 42
112 Worker 0 accepting task 24
112 Worker 1 accepting task 55
112 Worker 3 accepting task 25
112 Worker 0 processing task 49 requiring operations [5, 10]
112 Worker 0 performing operation 10 on task 49
112 Worker 1 processing task 52 requiring operations [10, 9, 3]
112 Worker 1 performing operation 9 on task 52
112 Worker 3 processing task 25 requiring operations [8]
112 Worker 3 performing operation 8 on task 25
113 Worker 0 accepting task 49
113 Worker 1 accepting task 52
113 Task 25 completed!
113 Worker 0 processing task 47 requiring operations [10, 5]
113 Worker 0 performing operation 10 on task 47
113 Worker 1 processing task 44 requiring operations [3]
113 Worker 1 forwarding task 44
114 Generated task 57
114 Worker 0 accepting task 57
114 Worker 0 accepting task 47
114 Worker 3 accepting task 44
114 Worker 0 processing task 53 requiring operations [6, 4, 9]
114 Worker 0 performing operation 6 on task 53
114 Worker 1 processing task 38 requiring operations [5]
114 Worker 1 forwarding task 38
114 Worker 3 processing task 44 requiring operations [3]
114 Worker 3 forwarding task 44
115 Worker 0 accepting task 53
115 Worker 3 accepting task 38
115 Worker 2 accepting task 44
115 Worker 0 processing task 43 requiring operations [4]
115 Worker 0 forwarding task 43
115 Worker 1 processing task 51 requiring operations [4, 8]
115 Worker 1 performing operation 4 on task 51
115 Worker 3 processing task 38 requiring operations [5]
115 Worker 3 forwarding task 38
115 Worker 2 processing task 44 requiring operations [3]
115 Worker 2 performing operation 3 on task 44
116 Generated task 58
116 Worker 1 accepting task 58
116 Worker 1 accepting task 43
116 Worker 1 accepting task 51
116 Worker 2 accepting task 38
116 Task 44 completed!
116 Worker 0 processing task 26 requiring operations [5]
116 Worker 0 forwarding task 26
116 Worker 1 processing task 50 requiring operations [5, 9]
116 Worker 1 performing operation 9 on task 50
116 Worker 2 processing task 38 requiring operations [5]
116 Worker 2 forwarding task 38
117 Worker 4 accepting task 26
117 Worker 1 accepting task 50
117 Worker 3 accepting task 38
117 Worker 0 processing task 40 requiring operations [8]
117 Worker 0 forwarding task 40
117 Worker 1 processing task 42 requiring operations [5]
117 Worker 1 forwarding task 42
117 Worker 4 processing task 26 requiring operations [5]
117 Worker 4 performing operation 5 on task 26
117 Worker 3 processing task 38 requiring operations [5]
117 Worker 3 forwarding task 38
118 Generated task 59
118 Worker 1 accepting task 59
118 Worker 2 accepting task 40
118 Worker 0 accepting task 42
118 Task 26 completed!
118 Worker 2 accepting task 38
118 Worker 0 processing task 45 requiring operations [4]
118 Worker 0 forwarding task 45
118 Worker 1 processing task 55 requiring operations [4, 8, 7]
118 Worker 1 performing operation 4 on task 55
118 Worker 2 processing task 40 requiring operations [8]
118 Worker 2 forwarding task 40
119 Worker 4 accepting task 45
119 Worker 1 accepting task 55
119 Worker 3 accepting task 40
119 Worker 0 processing task 37 requiring operations [8]
119 Worker 0 forwarding task 37
119 Worker 1 processing task 52 requiring operations [10, 3]
119 Worker 1 performing operation 10 on task 52
119 Worker 2 processing task 38 requiring operations [5]
119 Worker 2 forwarding task 38
119 Worker 4 processing task 45 requiring operations [4]
119 Worker 4 forwarding task 45
119 Worker 3 processing task 40 requiring operations [8]
119 Worker 3 performing operation 8 on task 40
120 Generated task 60
120 Worker 1 accepting task 60
120 Worker 2 accepting task 37
120 Worker 1 accepting task 52
120 Worker 0 accepting task 38
120 Worker 0 accepting task 45
120 Task 40 completed!
120 Worker 0 processing task 54 requiring operations [1, 6, 7]
120 Worker 0 performing operation 7 on task 54
120 Worker 1 processing task 58 requiring operations [3, 5, 9]
120 Worker 1 performing operation 9 on task 58
120 Worker 2 processing task 37 requiring operations [8]
120 Worker 2 forwarding task 37
121 Worker 0 accepting task 54
121 Worker 1 accepting task 58
121 Worker 0 accepting task 37
121 Worker 0 processing task 48 requiring operations [3]
121 Worker 0 forwarding task 48
121 Worker 1 processing task 43 requiring operations [4]
121 Worker 1 performing operation 4 on task 43
122 Generated task 61
122 Worker 0 accepting task 61
122 Worker 4 accepting task 48
122 Task 43 completed!
122 Worker 0 processing task 35 requiring operations [8]
122 Worker 0 forwarding task 35
122 Worker 1 processing task 51 requiring operations [8]
122 Worker 1 forwarding task 51
122 Worker 4 processing task 48 requiring operations [3]
122 Worker 4 forwarding task 48
123 Worker 4 accepting task 35
123 Worker 3 accepting task 51
123 Worker 0 accepting task 48
123 Worker 0 processing task 46 requiring operations [3]
123 Worker 0 forwarding task 46
123 Worker 1 processing task 50 requiring operations [5]
123 Worker 1 forwarding task 50
123 Worker 4 processing task 35 requiring operations [8]
123 Worker 4 forwarding task 35
123 Worker 3 processing task 51 requiring operations [8]
123 Worker 3 performing operation 8 on task 51
124 Generated task 62
124 Worker 3 accepting task 62
124 Worker 2 accepting task 46
124 Worker 3 accepting task 50
124 Worker 1 accepting task 35
124 Task 51 completed!
124 Worker 0 processing task 56 requiring operations [5, 3, 9]
124 Worker 0 performing operation 9 on task 56
124 Worker 1 processing task 59 requiring operations [3, 5, 2]
124 Worker 1 performing operation 2 on task 59
124 Worker 3 processing task 62 requiring operations [1, 5, 8]
124 Worker 3 performing operation 8 on task 62
124 Worker 2 processing task 46 requiring operations [3]
124 Worker 2 performing operation 3 on task 46
125 Worker 0 accepting task 56
125 Worker 1 accepting task 59
125 Worker 3 accepting task 62
125 Task 46 completed!
125 Worker 0 processing task 24 requiring operations [8]
125 Worker 0 forwarding task 24
125 Worker 1 processing task 55 requiring operations [8, 7]
125 Worker 1 forwarding task 55
125 Worker 3 processing task 50 requiring operations [5]
125 Worker 3 forwarding task 50
126 Generated task 63
126 Worker 3 accepting task 63
126 Worker 4 accepting task 24
126 Worker 4 accepting task 55
126 Worker 2 accepting task 50
126 Worker 0 processing task 49 requiring operations [5]
126 Worker 0 forwarding task 49
126 Worker 1 processing task 60 requiring operations [4, 8, 6]
126 Worker 1 performing operation 4 on task 60
126 Worker 3 processing task 62 requiring operations [1, 5]
126 Worker 3 forwarding task 62
126 Worker 4 processing task 24 requiring operations [8]
126 Worker 4 forwarding task 24
126 Worker 2 processing task 50 requiring operations [5]
126 Worker 2 forwarding task 50
127 Worker 4 accepting task 49
127 Worker 1 accepting task 60
127 Worker 1 accepting task 62
127 Worker 1 accepting task 24
127 Worker 3 accepting task 50
127 Worker 0 processing task 57 requiring operations [1, 9, 6]
127 Worker 0 performing operation 9 on task 57
127 Worker 1 processing task 52 requiring operations [3]
127 Worker 1 forwarding task 52
127 Worker 3 processing task 63 requiring operations [9, 8, 5]
127 Worker 3 performing operation 8 on task 63
127 Worker 4 processing task 55 requiring operations [8, 7]
127 Worker 4 forwarding task 55
128 Generated task 64
128 Worker 2 accepting task 64
128 Worker 0 accepting task 57
128 Worker 4 accepting task 52
128 Worker 3 accepting task 63
128 Worker 1 accepting task 55
128 Worker 0 processing task 47 requiring operations [5]
128 Worker 0 forwarding task 47
128 Worker 1 processing task 58 requiring operations [3, 5]
128 Worker 1 forwarding task 58
128 Worker 3 processing task 50 requiring operations [5]
128 Worker 3 forwarding task 50
128 Worker 4 processing task 49 requiring operations [5]
128 Worker 4 performing operation 5 on task 49
128 Worker 2 processing task 64 requiring operations [7, 9, 10]
128 Worker 2 forwarding task 64
129 Worker 4 accepting task 47
129 Worker 0 accepting task 58
129 Worker 1 accepting task 50
129 Task 49 completed!
129 Worker 0 accepting task 64
129 Worker 0 processing task 53 requiring operations [4, 9]
129 Worker 0 performing operation 9 on task 53
129 Worker 1 processing task 35 requiring operations [8]
129 Worker 1 forwarding task 35
129 Worker 3 processing task 63 requiring operations [9, 5]
129 Worker 3 forwarding task 63
129 Worker 4 processing task 52 requiring operations [3]
129 Worker 4 forwarding task 52
130 Generated task 65
130 Worker 1 accepting task 65
130 Worker 0 accepting task 53
130 Worker 3 accepting task 35
130 Worker 1 accepting task 63
130 Worker 0 accepting task 52
130 Worker 0 processing task 42 requiring operations [5]
130 Worker 0 forwarding task 42
130 Worker 1 processing task 59 requiring operations [3, 5]
130 Worker 1 forwarding task 59
130 Worker 3 processing task 35 requiring operations [8]
130 Worker 3 performing operation 8 on task 35
130 Worker 4 processing task 47 requiring operations [5]
130 Worker 4 performing operation 5 on task 47
131 Worker 4 accepting task 42
131 Worker 4 accepting task 59
131 Task 35 completed!
131 Task 47 completed!
131 Worker 0 processing task 38 requiring operations [5]
131 Worker 0 forwarding task 38
131 Worker 1 processing task 60 requiring operations [8, 6]
131 Worker 1 forwarding task 60
131 Worker 4 processing task 42 requiring operations [5]
131 Worker 4 performing operation 5 on task 42
132 Generated task 66
132 Worker 0 accepting task 66
132 Worker 4 accepting task 38
132 Worker 0 accepting task 60
132 Task 42 completed!
132 Worker 0 processing task 45 requiring operations [4]
132 Worker 0 forwarding task 45
132 Worker 1 processing task 62 requiring operations [1, 5]
132 Worker 1 performing operation 1 on task 62
132 Worker 4 processing task 59 requiring operations [3, 5]
132 Worker 4 performing operation 5 on task 59
133 Worker 1 accepting task 45
133 Worker 1 accepting task 62
133 Worker 4 accepting task 59
133 Worker 0 processing task 54 requiring operations [1, 6]
133 Worker 0 performing operation 6 on task 54
133 Worker 1 processing task 24 requiring operations [8]
133 Worker 1 forwarding task 24
133 Worker 4 processing task 38 requiring operations [5]
133 Worker 4 performing operation 5 on task 38
134 Generated task 67
134 Worker 0 accepting task 67
134 Worker 0 accepting task 54
134 Worker 0 accepting task 24
134 Task 38 completed!
134 Worker 0 processing task 37 requiring operations [8]
134 Worker 0 forwarding task 37
134 Worker 1 processing task 55 requiring operations [8, 7]
134 Worker 1 forwarding task 55
134 Worker 4 processing task 59 requiring operations [3]
134 Worker 4 forwarding task 59
135 Worker 2 accepting task 37
135 Worker 3 accepting task 55
135 Worker 1 accepting task 59
135 Worker 0 processing task 61 requiring operations [6, 4, 3]
135 Worker 0 performing operation 6 on task 61
135 Worker 1 processing task 50 requiring operations [5]
135 Worker 1 forwarding task 50
135 Worker 2 processing task 37 requiring operations [8]
135 Worker 2 forwarding task 37
135 Worker 3 processing task 55 requiring operations [8, 7]
135 Worker 3 performing operation 8 on task 55
136 Generated task 68
136 Worker 3 accepting task 68
136 Worker 0 accepting task 61
136 Worker 0 accepting task 50
136 Worker 0 accepting task 37
136 Worker 3 accepting task 55
136 Worker 0 processing task 48 requiring operations [3]
136 Worker 0 forwarding task 48
136 Worker 1 processing task 65 requiring operations [8, 5, 3]
136 Worker 1 forwarding task 65
136 Worker 3 processing task 68 requiring operations [5, 6, 4]
136 Worker 3 forwarding task 68
137 Worker 2 accepting task 48
137 Worker 4 accepting task 65
137 Worker 2 accepting task 68
137 Worker 0 processing task 56 requiring operations [5, 3]
137 Worker 0 forwarding task 56
137 Worker 1 processing task 63 requiring operations [9, 5]
137 Worker 1 performing operation 9 on task 63
137 Worker 3 processing task 55 requiring operations [7]
137 Worker 3 forwarding task 55
137 Worker 2 processing task 48 requiring operations [3]
137 Worker 2 performing operation 3 on task 48
137 Worker 4 processing task 65 requiring operations [8, 5, 3]
137 Worker 4 performing operation 5 on task 65
138 Generated task 69
138 Worker 3 accepting task 69
138 Worker 1 accepting task 56
138 Worker 1 accepting task 63
138 Worker 1 accepting task 55
138 Task 48 completed!
138 Worker 4 accepting task 65
138 Worker 0 processing task 57 requiring operations [1, 6]
138 Worker 0 performing operation 6 on task 57
138 Worker 1 processing task 45 requiring operations [4]
138 Worker 1 performing operation 4 on task 45
138 Worker 3 processing task 69 requiring operations [7, 5, 9]
138 Worker 3 forwarding task 69
138 Worker 2 processing task 68 requiring operations [5, 6, 4]
138 Worker 2 forwarding task 68
138 Worker 4 processing task 65 requiring operations [8, 3]
138 Worker 4 forwarding task 65
139 Worker 0 accepting task 57
139 Task 45 completed!
139 Worker 2 accepting task 69
139 Worker 3 accepting task 68
139 Worker 1 accepting task 65
139 Worker 0 processing task 58 requiring operations [3, 5]
139 Worker 0 forwarding task 58
139 Worker 1 processing task 62 requiring operations [5]
139 Worker 1 forwarding task 62
139 Worker 2 processing task 69 requiring operations [7, 5, 9]
139 Worker 2 forwarding task 69
139 Worker 3 processing task 68 requiring operations [5, 6, 4]
139 Worker 3 forwarding task 68
140 Generated task 70
140 Worker 0 accepting task 70
140 Worker 1 accepting task 58
140 Worker 4 accepting task 62
140 Worker 3 accepting task 69
140 Worker 2 accepting task 68
140 Worker 0 processing task 64 requiring operations [7, 9, 10]
140 Worker 0 performing operation 9 on task 64
140 Worker 1 processing task 59 requiring operations [3]
140 Worker 1 forwarding task 59
140 Worker 3 processing task 69 requiring operations [7, 5, 9]
140 Worker 3 forwarding task 69
140 Worker 4 processing task 62 requiring operations [5]
140 Worker 4 performing operation 5 on task 62
140 Worker 2 processing task 68 requiring operations [5, 6, 4]
140 Worker 2 forwarding task 68
