Worker 0 can perform operations {3, 4, 5}
Worker 1 can perform operations {2, 5, 6, 7}
Worker 2 can perform operations {8, 9, 10}
Worker 3 can perform operations {9, 6}
Worker 4 can perform operations {1}
Building network type random
Worker 0 connecting to worker 4
Worker 4 connecting to worker 0
Worker 0 connecting to worker 2
Worker 2 connecting to worker 0
Worker 1 connecting to worker 2
Worker 2 connecting to worker 1
Worker 1 connecting to worker 3
Worker 3 connecting to worker 1
Worker 3 connecting to worker 0
Worker 0 connecting to worker 3
Worker 4 connecting to worker 3
Worker 3 connecting to worker 4
Entry nodes are [0, 1, 2, 3, 4]
0 Generated task 0
0 Worker 0 accepting task 0
0 Worker 0 processing task 0 requiring operations [7, 2, 10]
0 Worker 0 forwarding task 0
1 Worker 4 accepting task 0
1 Worker 4 processing task 0 requiring operations [7, 2, 10]
1 Worker 4 forwarding task 0
2 Generated task 1
2 Worker 4 accepting task 1
2 Worker 3 accepting task 0
2 Worker 4 processing task 1 requiring operations [3, 1, 6]
2 Worker 4 performing operation 1 on task 1
2 Worker 3 processing task 0 requiring operations [7, 2, 10]
2 Worker 3 forwarding task 0
3 Worker 4 accepting task 1
3 Worker 4 accepting task 0
3 Worker 4 processing task 1 requiring operations [3, 6]
3 Worker 4 forwarding task 1
4 Generated task 2
4 Worker 3 accepting task 2
4 Worker 0 accepting task 1
4 Worker 4 processing task 0 requiring operations [7, 2, 10]
4 Worker 4 forwarding task 0
4 Worker 3 processing task 2 requiring operations [1, 5, 3]
4 Worker 3 forwarding task 2
4 Worker 0 processing task 1 requiring operations [3, 6]
4 Worker 0 performing operation 3 on task 1
5 Worker 3 accepting task 0
5 Worker 0 accepting task 2
5 Worker 0 accepting task 1
5 Worker 3 processing task 0 requiring operations [7, 2, 10]
5 Worker 3 forwarding task 0
5 Worker 0 processing task 2 requiring operations [1, 5, 3]
5 Worker 0 performing operation 3 on task 2
6 Generated task 3
6 Worker 4 accepting task 3
6 Worker 0 accepting task 0
6 Worker 0 accepting task 2
6 Worker 0 processing task 1 requiring operations [6]
6 Worker 0 forwarding task 1
6 Worker 4 processing task 3 requiring operations [2, 3, 9]
6 Worker 4 forwarding task 3
7 Worker 3 accepting task 1
7 Worker 3 accepting task 3
7 Worker 0 processing task 0 requiring operations [7, 2, 10]
7 Worker 0 forwarding task 0
7 Worker 3 processing task 1 requiring operations [6]
7 Worker 3 performing operation 6 on task 1
8 Generated task 4
8 Worker 0 accepting task 4
8 Worker 2 accepting task 0
8 Task 1 completed!
8 Worker 0 processing task 2 requiring operations [1, 5]
8 Worker 0 performing operation 5 on task 2
8 Worker 3 processing task 3 requiring operations [2, 3, 9]
8 Worker 3 performing operation 9 on task 3
8 Worker 2 processing task 0 requiring operations [7, 2, 10]
8 Worker 2 performing operation 10 on task 0
9 Worker 0 accepting task 2
9 Worker 3 accepting task 3
9 Worker 2 accepting task 0
9 Worker 0 processing task 4 requiring operations [1, 4, 10]
9 Worker 0 performing operation 4 on task 4
9 Worker 3 processing task 3 requiring operations [2, 3]
9 Worker 3 forwarding task 3
9 Worker 2 processing task 0 requiring operations [7, 2]
9 Worker 2 forwarding task 0
10 Generated task 5
10 Worker 1 accepting task 5
10 Worker 0 accepting task 4
10 Worker 4 accepting task 3
10 Worker 0 accepting task 0
10 Worker 0 processing task 2 requiring operations [1]
10 Worker 0 forwarding task 2
10 Worker 1 processing task 5 requiring operations [5, 3, 10]
10 Worker 1 performing operation 5 on task 5
10 Worker 4 processing task 3 requiring operations [2, 3]
10 Worker 4 forwarding task 3
11 Worker 2 accepting task 2
11 Worker 1 accepting task 5
11 Worker 3 accepting task 3
11 Worker 0 processing task 4 requiring operations [1, 10]
11 Worker 0 forwarding task 4
11 Worker 1 processing task 5 requiring operations [3, 10]
11 Worker 1 forwarding task 5
11 Worker 2 processing task 2 requiring operations [1]
11 Worker 2 forwarding task 2
11 Worker 3 processing task 3 requiring operations [2, 3]
11 Worker 3 forwarding task 3
12 Generated task 6
12 Worker 4 accepting task 6
12 Worker 3 accepting task 4
12 Worker 2 accepting task 5
12 Worker 1 accepting task 2
12 Worker 4 accepting task 3
12 Worker 0 processing task 0 requiring operations [7, 2]
12 Worker 0 forwarding task 0
12 Worker 2 processing task 5 requiring operations [3, 10]
12 Worker 2 performing operation 10 on task 5
12 Worker 3 processing task 4 requiring operations [1, 10]
12 Worker 3 forwarding task 4
12 Worker 4 processing task 6 requiring operations [1, 6, 8]
12 Worker 4 performing operation 1 on task 6
12 Worker 1 processing task 2 requiring operations [1]
12 Worker 1 forwarding task 2
13 Worker 3 accepting task 0
13 Worker 2 accepting task 5
13 Worker 0 accepting task 4
13 Worker 4 accepting task 6
13 Worker 3 accepting task 2
13 Worker 2 processing task 5 requiring operations [3]
13 Worker 2 forwarding task 5
13 Worker 3 processing task 0 requiring operations [7, 2]
13 Worker 3 forwarding task 0
13 Worker 4 processing task 3 requiring operations [2, 3]
13 Worker 4 forwarding task 3
13 Worker 0 processing task 4 requiring operations [1, 10]
13 Worker 0 forwarding task 4
14 Generated task 7
14 Worker 2 accepting task 7
14 Worker 0 accepting task 5
14 Worker 0 accepting task 0
14 Worker 0 accepting task 3
14 Worker 2 accepting task 4
14 Worker 2 processing task 7 requiring operations [5, 9, 2]
14 Worker 2 performing operation 9 on task 7
14 Worker 3 processing task 2 requiring operations [1]
14 Worker 3 forwarding task 2
14 Worker 4 processing task 6 requiring operations [6, 8]
14 Worker 4 forwarding task 6
14 Worker 0 processing task 5 requiring operations [3]
14 Worker 0 performing operation 3 on task 5
15 Worker 2 accepting task 7
15 Worker 4 accepting task 2
15 Worker 0 accepting task 6
15 Task 5 completed!
15 Worker 2 processing task 4 requiring operations [1, 10]
15 Worker 2 performing operation 10 on task 4
15 Worker 4 processing task 2 requiring operations [1]
15 Worker 4 performing operation 1 on task 2
15 Worker 0 processing task 0 requiring operations [7, 2]
15 Worker 0 forwarding task 0
16 Generated task 8
16 Worker 2 accepting task 8
16 Worker 2 accepting task 4
16 Task 2 completed!
16 Worker 3 accepting task 0
16 Worker 2 processing task 7 requiring operations [5, 2]
16 Worker 2 forwarding task 7
16 Worker 0 processing task 3 requiring operations [2, 3]
16 Worker 0 performing operation 3 on task 3
16 Worker 3 processing task 0 requiring operations [7, 2]
16 Worker 3 forwarding task 0
17 Worker 0 accepting task 7
17 Worker 0 accepting task 3
17 Worker 0 accepting task 0
17 Worker 2 processing task 8 requiring operations [4, 3, 6]
17 Worker 2 forwarding task 8
17 Worker 0 processing task 6 requiring operations [6, 8]
17 Worker 0 forwarding task 6
18 Generated task 9
18 Worker 3 accepting task 9
18 Worker 0 accepting task 8
18 Worker 4 accepting task 6
18 Worker 2 processing task 4 requiring operations [1]
18 Worker 2 forwarding task 4
18 Worker 0 processing task 7 requiring operations [5, 2]
18 Worker 0 performing operation 5 on task 7
18 Worker 3 processing task 9 requiring operations [5, 7, 4]
18 Worker 3 forwarding task 9
18 Worker 4 processing task 6 requiring operations [6, 8]
18 Worker 4 forwarding task 6
19 Worker 1 accepting task 4
19 Worker 0 accepting task 7
19 Worker 0 accepting task 9
19 Worker 0 accepting task 6
19 Worker 0 processing task 3 requiring operations [2]
19 Worker 0 forwarding task 3
19 Worker 1 processing task 4 requiring operations [1]
19 Worker 1 forwarding task 4
20 Generated task 10
20 Worker 3 accepting task 10
20 Worker 2 accepting task 3
20 Worker 3 accepting task 4
20 Worker 0 processing task 0 requiring operations [7, 2]
20 Worker 0 forwarding task 0
20 Worker 3 processing task 10 requiring operations [8, 1, 7]
20 Worker 3 forwarding task 10
20 Worker 2 processing task 3 requiring operations [2]
20 Worker 2 forwarding task 3
21 Worker 2 accepting task 0
21 Worker 1 accepting task 10
21 Worker 0 accepting task 3
21 Worker 0 processing task 8 requiring operations [4, 3, 6]
21 Worker 0 performing operation 3 on task 8
21 Worker 3 processing task 4 requiring operations [1]
21 Worker 3 forwarding task 4
21 Worker 2 processing task 0 requiring operations [7, 2]
21 Worker 2 forwarding task 0
21 Worker 1 processing task 10 requiring operations [8, 1, 7]
21 Worker 1 performing operation 7 on task 10
22 Generated task 11
22 Worker 0 accepting task 11
22 Worker 0 accepting task 8
22 Worker 1 accepting task 4
22 Worker 1 accepting task 0
22 Worker 1 accepting task 10
22 Worker 0 processing task 7 requiring operations [2]
22 Worker 0 forwarding task 7
22 Worker 1 processing task 4 requiring operations [1]
22 Worker 1 forwarding task 4
23 Worker 2 accepting task 7
23 Worker 2 accepting task 4
23 Worker 0 processing task 9 requiring operations [5, 7, 4]
23 Worker 0 performing operation 5 on task 9
23 Worker 1 processing task 0 requiring operations [7, 2]
23 Worker 1 performing operation 2 on task 0
23 Worker 2 processing task 7 requiring operations [2]
23 Worker 2 forwarding task 7
24 Generated task 12
24 Worker 3 accepting task 12
24 Worker 0 accepting task 9
24 Worker 1 accepting task 0
24 Worker 1 accepting task 7
24 Worker 0 processing task 6 requiring operations [6, 8]
24 Worker 0 forwarding task 6
24 Worker 1 processing task 10 requiring operations [8, 1]
24 Worker 1 forwarding task 10
24 Worker 2 processing task 4 requiring operations [1]
24 Worker 2 forwarding task 4
24 Worker 3 processing task 12 requiring operations [5, 7, 8]
24 Worker 3 forwarding task 12
25 Worker 2 accepting task 6
25 Worker 3 accepting task 10
25 Worker 1 accepting task 4
25 Worker 1 accepting task 12
25 Worker 0 processing task 3 requiring operations [2]
25 Worker 0 forwarding task 3
25 Worker 1 processing task 0 requiring operations [7]
25 Worker 1 performing operation 7 on task 0
25 Worker 2 processing task 6 requiring operations [6, 8]
25 Worker 2 performing operation 8 on task 6
25 Worker 3 processing task 10 requiring operations [8, 1]
25 Worker 3 forwarding task 10
26 Generated task 13
26 Worker 3 accepting task 13
26 Worker 3 accepting task 3
26 Task 0 completed!
26 Worker 2 accepting task 6
26 Worker 1 accepting task 10
26 Worker 0 processing task 11 requiring operations [2, 5, 7]
26 Worker 0 performing operation 5 on task 11
26 Worker 1 processing task 7 requiring operations [2]
26 Worker 1 performing operation 2 on task 7
26 Worker 2 processing task 6 requiring operations [6]
26 Worker 2 forwarding task 6
26 Worker 3 processing task 13 requiring operations [7, 9, 2]
26 Worker 3 performing operation 9 on task 13
27 Worker 0 accepting task 11
27 Task 7 completed!
27 Worker 1 accepting task 6
27 Worker 3 accepting task 13
27 Worker 0 processing task 8 requiring operations [4, 6]
27 Worker 0 performing operation 4 on task 8
27 Worker 1 processing task 4 requiring operations [1]
27 Worker 1 forwarding task 4
27 Worker 3 processing task 3 requiring operations [2]
27 Worker 3 forwarding task 3
28 Generated task 14
28 Worker 1 accepting task 14
28 Worker 0 accepting task 8
28 Worker 2 accepting task 4
28 Worker 4 accepting task 3
28 Worker 0 processing task 9 requiring operations [7, 4]
28 Worker 0 performing operation 4 on task 9
28 Worker 1 processing task 12 requiring operations [5, 7, 8]
28 Worker 1 performing operation 5 on task 12
28 Worker 3 processing task 13 requiring operations [7, 2]
28 Worker 3 forwarding task 13
28 Worker 2 processing task 4 requiring operations [1]
28 Worker 2 forwarding task 4
28 Worker 4 processing task 3 requiring operations [2]
28 Worker 4 forwarding task 3
29 Worker 0 accepting task 9
29 Worker 1 accepting task 12
29 Worker 1 accepting task 13
29 Worker 0 accepting task 4
29 Worker 3 accepting task 3
29 Worker 0 processing task 11 requiring operations [2, 7]
29 Worker 0 forwarding task 11
29 Worker 1 processing task 10 requiring operations [8, 1]
29 Worker 1 forwarding task 10
29 Worker 3 processing task 3 requiring operations [2]
29 Worker 3 forwarding task 3
30 Generated task 15
30 Worker 3 accepting task 15
30 Worker 4 accepting task 11
30 Worker 3 accepting task 10
30 Worker 4 accepting task 3
30 Worker 0 processing task 8 requiring operations [6]
30 Worker 0 forwarding task 8
30 Worker 1 processing task 6 requiring operations [6]
30 Worker 1 performing operation 6 on task 6
30 Worker 3 processing task 15 requiring operations [3, 1, 7]
30 Worker 3 forwarding task 15
30 Worker 4 processing task 11 requiring operations [2, 7]
30 Worker 4 forwarding task 11
31 Worker 3 accepting task 8
31 Task 6 completed!
31 Worker 0 accepting task 15
31 Worker 3 accepting task 11
31 Worker 0 processing task 9 requiring operations [7]
31 Worker 0 forwarding task 9
31 Worker 1 processing task 14 requiring operations [4, 8, 5]
31 Worker 1 performing operation 5 on task 14
31 Worker 3 processing task 10 requiring operations [8, 1]
31 Worker 3 forwarding task 10
31 Worker 4 processing task 3 requiring operations [2]
31 Worker 4 forwarding task 3
32 Generated task 16
32 Worker 3 accepting task 16
32 Worker 4 accepting task 9
32 Worker 1 accepting task 14
32 Worker 1 accepting task 10
32 Worker 0 accepting task 3
32 Worker 0 processing task 4 requiring operations [1]
32 Worker 0 forwarding task 4
32 Worker 1 processing task 12 requiring operations [7, 8]
32 Worker 1 performing operation 7 on task 12
32 Worker 3 processing task 8 requiring operations [6]
32 Worker 3 performing operation 6 on task 8
32 Worker 4 processing task 9 requiring operations [7]
32 Worker 4 forwarding task 9
33 Worker 4 accepting task 4
33 Worker 1 accepting task 12
33 Task 8 completed!
33 Worker 0 accepting task 9
33 Worker 0 processing task 15 requiring operations [3, 1, 7]
33 Worker 0 performing operation 3 on task 15
33 Worker 1 processing task 13 requiring operations [7, 2]
33 Worker 1 performing operation 7 on task 13
33 Worker 3 processing task 11 requiring operations [2, 7]
33 Worker 3 forwarding task 11
33 Worker 4 processing task 4 requiring operations [1]
33 Worker 4 performing operation 1 on task 4
34 Generated task 17
34 Worker 4 accepting task 17
34 Worker 0 accepting task 15
34 Worker 1 accepting task 13
34 Worker 1 accepting task 11
34 Task 4 completed!
34 Worker 0 processing task 3 requiring operations [2]
34 Worker 0 forwarding task 3
34 Worker 1 processing task 14 requiring operations [4, 8]
34 Worker 1 forwarding task 14
34 Worker 3 processing task 16 requiring operations [3, 6, 8]
34 Worker 3 performing operation 6 on task 16
34 Worker 4 processing task 17 requiring operations [6, 7, 8]
34 Worker 4 forwarding task 17
35 Worker 2 accepting task 3
35 Worker 2 accepting task 14
35 Worker 3 accepting task 16
35 Worker 3 accepting task 17
35 Worker 0 processing task 9 requiring operations [7]
35 Worker 0 forwarding task 9
35 Worker 1 processing task 10 requiring operations [8, 1]
35 Worker 1 forwarding task 10
35 Worker 3 processing task 16 requiring operations [3, 8]
35 Worker 3 forwarding task 16
35 Worker 2 processing task 3 requiring operations [2]
35 Worker 2 forwarding task 3
36 Generated task 18
36 Worker 3 accepting task 18
36 Worker 3 accepting task 9
36 Worker 2 accepting task 10
36 Worker 0 accepting task 16
36 Worker 0 accepting task 3
36 Worker 0 processing task 15 requiring operations [1, 7]
36 Worker 0 forwarding task 15
36 Worker 1 processing task 12 requiring operations [8]
36 Worker 1 forwarding task 12
36 Worker 3 processing task 17 requiring operations [6, 7, 8]
36 Worker 3 performing operation 6 on task 17
36 Worker 2 processing task 14 requiring operations [4, 8]
36 Worker 2 performing operation 8 on task 14
37 Worker 2 accepting task 15
37 Worker 3 accepting task 12
37 Worker 3 accepting task 17
37 Worker 2 accepting task 14
37 Worker 0 processing task 16 requiring operations [3, 8]
37 Worker 0 performing operation 3 on task 16
37 Worker 1 processing task 13 requiring operations [2]
37 Worker 1 performing operation 2 on task 13
37 Worker 3 processing task 18 requiring operations [8, 5, 9]
37 Worker 3 performing operation 9 on task 18
37 Worker 2 processing task 10 requiring operations [8, 1]
37 Worker 2 performing operation 8 on task 10
38 Generated task 19
38 Worker 1 accepting task 19
38 Worker 0 accepting task 16
38 Task 13 completed!
38 Worker 3 accepting task 18
38 Worker 2 accepting task 10
38 Worker 0 processing task 3 requiring operations [2]
38 Worker 0 forwarding task 3
38 Worker 1 processing task 11 requiring operations [2, 7]
38 Worker 1 performing operation 2 on task 11
38 Worker 3 processing task 9 requiring operations [7]
38 Worker 3 forwarding task 9
38 Worker 2 processing task 15 requiring operations [1, 7]
38 Worker 2 forwarding task 15
39 Worker 4 accepting task 3
39 Worker 1 accepting task 11
39 Worker 4 accepting task 9
39 Worker 0 accepting task 15
39 Worker 0 processing task 16 requiring operations [8]
39 Worker 0 forwarding task 16
39 Worker 1 processing task 19 requiring operations [8, 7, 6]
39 Worker 1 performing operation 7 on task 19
39 Worker 3 processing task 12 requiring operations [8]
39 Worker 3 forwarding task 12
39 Worker 2 processing task 14 requiring operations [4]
39 Worker 2 forwarding task 14
39 Worker 4 processing task 3 requiring operations [2]
39 Worker 4 forwarding task 3
40 Generated task 20
40 Worker 4 accepting task 20
40 Worker 2 accepting task 16
40 Worker 1 accepting task 19
40 Worker 4 accepting task 12
40 Worker 0 accepting task 14
40 Worker 0 accepting task 3
40 Worker 0 processing task 15 requiring operations [1, 7]
40 Worker 0 forwarding task 15
40 Worker 1 processing task 11 requiring operations [7]
40 Worker 1 performing operation 7 on task 11
40 Worker 3 processing task 17 requiring operations [7, 8]
40 Worker 3 forwarding task 17
40 Worker 2 processing task 10 requiring operations [1]
40 Worker 2 forwarding task 10
40 Worker 4 processing task 9 requiring operations [7]
40 Worker 4 forwarding task 9
41 Worker 4 accepting task 15
41 Task 11 completed!
41 Worker 0 accepting task 17
41 Worker 1 accepting task 10
41 Worker 0 accepting task 9
41 Worker 0 processing task 14 requiring operations [4]
41 Worker 0 performing operation 4 on task 14
41 Worker 1 processing task 19 requiring operations [8, 6]
41 Worker 1 performing operation 6 on task 19
41 Worker 3 processing task 18 requiring operations [8, 5]
41 Worker 3 forwarding task 18
41 Worker 2 processing task 16 requiring operations [8]
41 Worker 2 performing operation 8 on task 16
41 Worker 4 processing task 20 requiring operations [1, 5, 8]
41 Worker 4 performing operation 1 on task 20
42 Generated task 21
42 Worker 4 accepting task 21
42 Task 14 completed!
42 Worker 1 accepting task 19
42 Worker 4 accepting task 18
42 Task 16 completed!
42 Worker 4 accepting task 20
42 Worker 0 processing task 3 requiring operations [2]
42 Worker 0 forwarding task 3
42 Worker 1 processing task 10 requiring operations [1]
42 Worker 1 forwarding task 10
42 Worker 4 processing task 12 requiring operations [8]
42 Worker 4 forwarding task 12
43 Worker 4 accepting task 3
43 Worker 3 accepting task 10
43 Worker 0 accepting task 12
43 Worker 0 processing task 17 requiring operations [7, 8]
43 Worker 0 forwarding task 17
43 Worker 1 processing task 19 requiring operations [8]
43 Worker 1 forwarding task 19
43 Worker 4 processing task 15 requiring operations [1, 7]
43 Worker 4 performing operation 1 on task 15
43 Worker 3 processing task 10 requiring operations [1]
43 Worker 3 forwarding task 10
44 Generated task 22
44 Worker 1 accepting task 22
44 Worker 2 accepting task 17
44 Worker 3 accepting task 19
44 Worker 4 accepting task 15
44 Worker 1 accepting task 10
44 Worker 0 processing task 9 requiring operations [7]
44 Worker 0 forwarding task 9
44 Worker 1 processing task 22 requiring operations [9, 6, 3]
44 Worker 1 performing operation 6 on task 22
44 Worker 4 processing task 21 requiring operations [10, 4, 2]
44 Worker 4 forwarding task 21
44 Worker 3 processing task 19 requiring operations [8]
44 Worker 3 forwarding task 19
44 Worker 2 processing task 17 requiring operations [7, 8]
44 Worker 2 performing operation 8 on task 17
45 Worker 2 accepting task 9
45 Worker 1 accepting task 22
45 Worker 3 accepting task 21
45 Worker 1 accepting task 19
45 Worker 2 accepting task 17
45 Worker 0 processing task 12 requiring operations [8]
45 Worker 0 forwarding task 12
45 Worker 1 processing task 10 requiring operations [1]
45 Worker 1 forwarding task 10
45 Worker 4 processing task 18 requiring operations [8, 5]
45 Worker 4 forwarding task 18
45 Worker 3 processing task 21 requiring operations [10, 4, 2]
45 Worker 3 forwarding task 21
45 Worker 2 processing task 9 requiring operations [7]
45 Worker 2 forwarding task 9
46 Generated task 23
46 Worker 4 accepting task 23
46 Worker 2 accepting task 12
46 Worker 3 accepting task 10
46 Worker 3 accepting task 18
46 Worker 0 accepting task 21
46 Worker 1 accepting task 9
46 Worker 1 processing task 22 requiring operations [9, 3]
46 Worker 1 forwarding task 22
46 Worker 4 processing task 20 requiring operations [5, 8]
46 Worker 4 forwarding task 20
46 Worker 3 processing task 10 requiring operations [1]
46 Worker 3 forwarding task 10
46 Worker 2 processing task 17 requiring operations [7]
46 Worker 2 forwarding task 17
46 Worker 0 processing task 21 requiring operations [10, 4, 2]
46 Worker 0 performing operation 4 on task 21
47 Worker 2 accepting task 22
47 Worker 0 accepting task 20
47 Worker 0 accepting task 10
47 Worker 0 accepting task 17
47 Worker 0 accepting task 21
47 Worker 1 processing task 19 requiring operations [8]
47 Worker 1 forwarding task 19
47 Worker 4 processing task 3 requiring operations [2]
47 Worker 4 forwarding task 3
47 Worker 3 processing task 18 requiring operations [8, 5]
47 Worker 3 forwarding task 18
47 Worker 2 processing task 12 requiring operations [8]
47 Worker 2 performing operation 8 on task 12
47 Worker 0 processing task 20 requiring operations [5, 8]
47 Worker 0 performing operation 5 on task 20
48 Generated task 24
48 Worker 4 accepting task 24
48 Worker 3 accepting task 19
48 Worker 3 accepting task 3
48 Worker 4 accepting task 18
48 Task 12 completed!
48 Worker 0 accepting task 20
48 Worker 1 processing task 9 requiring operations [7]
48 Worker 1 performing operation 7 on task 9
48 Worker 4 processing task 15 requiring operations [7]
48 Worker 4 forwarding task 15
48 Worker 3 processing task 19 requiring operations [8]
48 Worker 3 forwarding task 19
48 Worker 2 processing task 22 requiring operations [9, 3]
48 Worker 2 performing operation 9 on task 22
48 Worker 0 processing task 10 requiring operations [1]
48 Worker 0 forwarding task 10
49 Task 9 completed!
49 Worker 3 accepting task 15
49 Worker 1 accepting task 19
49 Worker 2 accepting task 22
49 Worker 3 accepting task 10
49 Worker 4 processing task 23 requiring operations [4, 3, 8]
49 Worker 4 forwarding task 23
49 Worker 3 processing task 3 requiring operations [2]
49 Worker 3 forwarding task 3
49 Worker 2 processing task 22 requiring operations [3]
49 Worker 2 forwarding task 22
49 Worker 0 processing task 17 requiring operations [7]
49 Worker 0 forwarding task 17
49 Worker 1 processing task 19 requiring operations [8]
49 Worker 1 forwarding task 19
50 Generated task 25
50 Worker 3 accepting task 25
50 Worker 3 accepting task 23
50 Worker 1 accepting task 3
50 Worker 1 accepting task 22
50 Worker 3 accepting task 17
50 Worker 2 accepting task 19
50 Worker 4 processing task 24 requiring operations [8, 7, 5]
50 Worker 4 forwarding task 24
50 Worker 3 processing task 15 requiring operations [7]
50 Worker 3 forwarding task 15
50 Worker 0 processing task 21 requiring operations [10, 2]
50 Worker 0 forwarding task 21
50 Worker 1 processing task 3 requiring operations [2]
50 Worker 1 performing operation 2 on task 3
50 Worker 2 processing task 19 requiring operations [8]
50 Worker 2 performing operation 8 on task 19
51 Worker 0 accepting task 24
51 Worker 1 accepting task 15
51 Worker 2 accepting task 21
51 Task 3 completed!
51 Task 19 completed!
51 Worker 4 processing task 18 requiring operations [8, 5]
51 Worker 4 forwarding task 18
51 Worker 3 processing task 10 requiring operations [1]
51 Worker 3 forwarding task 10
51 Worker 0 processing task 20 requiring operations [8]
51 Worker 0 forwarding task 20
51 Worker 1 processing task 22 requiring operations [3]
51 Worker 1 forwarding task 22
51 Worker 2 processing task 21 requiring operations [10, 2]
51 Worker 2 performing operation 10 on task 21
52 Generated task 26
52 Worker 4 accepting task 26
52 Worker 0 accepting task 18
52 Worker 0 accepting task 10
52 Worker 3 accepting task 20
52 Worker 3 accepting task 22
52 Worker 2 accepting task 21
52 Worker 4 processing task 26 requiring operations [7, 6, 10]
52 Worker 4 forwarding task 26
52 Worker 3 processing task 25 requiring operations [8, 9, 5]
52 Worker 3 performing operation 9 on task 25
52 Worker 0 processing task 24 requiring operations [8, 7, 5]
52 Worker 0 performing operation 5 on task 24
52 Worker 1 processing task 15 requiring operations [7]
52 Worker 1 performing operation 7 on task 15
52 Worker 2 processing task 21 requiring operations [2]
52 Worker 2 forwarding task 21
53 Worker 3 accepting task 26
53 Worker 3 accepting task 25
53 Worker 0 accepting task 24
53 Task 15 completed!
53 Worker 0 accepting task 21
53 Worker 3 processing task 23 requiring operations [4, 3, 8]
53 Worker 3 forwarding task 23
53 Worker 0 processing task 18 requiring operations [8, 5]
53 Worker 0 performing operation 5 on task 18
54 Generated task 27
54 Worker 3 accepting task 27
54 Worker 0 accepting task 23
54 Worker 0 accepting task 18
54 Worker 3 processing task 17 requiring operations [7]
54 Worker 3 forwarding task 17
54 Worker 0 processing task 10 requiring operations [1]
54 Worker 0 forwarding task 10
55 Worker 4 accepting task 17
55 Worker 3 accepting task 10
55 Worker 3 processing task 20 requiring operations [8]
55 Worker 3 forwarding task 20
55 Worker 0 processing task 24 requiring operations [8, 7]
55 Worker 0 forwarding task 24
55 Worker 4 processing task 17 requiring operations [7]
55 Worker 4 forwarding task 17
56 Generated task 28
56 Worker 0 accepting task 28
56 Worker 4 accepting task 20
56 Worker 3 accepting task 24
56 Worker 3 accepting task 17
56 Worker 3 processing task 22 requiring operations [3]
56 Worker 3 forwarding task 22
56 Worker 0 processing task 21 requiring operations [2]
56 Worker 0 forwarding task 21
56 Worker 4 processing task 20 requiring operations [8]
56 Worker 4 forwarding task 20
57 Worker 1 accepting task 22
57 Worker 4 accepting task 21
57 Worker 3 accepting task 20
57 Worker 3 processing task 26 requiring operations [7, 6, 10]
57 Worker 3 performing operation 6 on task 26
57 Worker 0 processing task 23 requiring operations [4, 3, 8]
57 Worker 0 performing operation 4 on task 23
57 Worker 4 processing task 21 requiring operations [2]
57 Worker 4 forwarding task 21
57 Worker 1 processing task 22 requiring operations [3]
57 Worker 1 forwarding task 22
58 Generated task 29
58 Worker 4 accepting task 29
58 Worker 3 accepting task 26
58 Worker 0 accepting task 23
58 Worker 3 accepting task 21
58 Worker 3 accepting task 22
58 Worker 3 processing task 25 requiring operations [8, 5]
58 Worker 3 forwarding task 25
58 Worker 0 processing task 18 requiring operations [8]
58 Worker 0 forwarding task 18
58 Worker 4 processing task 29 requiring operations [4, 8, 1]
58 Worker 4 performing operation 1 on task 29
59 Worker 0 accepting task 25
59 Worker 3 accepting task 18
59 Worker 4 accepting task 29
59 Worker 3 processing task 27 requiring operations [9, 3, 8]
59 Worker 3 performing operation 9 on task 27
59 Worker 0 processing task 28 requiring operations [4, 7, 5]
59 Worker 0 performing operation 5 on task 28
59 Worker 4 processing task 29 requiring operations [4, 8]
59 Worker 4 forwarding task 29
60 Generated task 30
60 Worker 1 accepting task 30
60 Worker 3 accepting task 27
60 Worker 0 accepting task 28
60 Worker 0 accepting task 29
60 Worker 3 processing task 10 requiring operations [1]
60 Worker 3 forwarding task 10
60 Worker 0 processing task 23 requiring operations [3, 8]
60 Worker 0 performing operation 3 on task 23
60 Worker 1 processing task 30 requiring operations [8, 3, 2]
60 Worker 1 performing operation 2 on task 30
61 Worker 4 accepting task 10
61 Worker 0 accepting task 23
61 Worker 1 accepting task 30
61 Worker 3 processing task 24 requiring operations [8, 7]
61 Worker 3 forwarding task 24
61 Worker 0 processing task 25 requiring operations [8, 5]
61 Worker 0 performing operation 5 on task 25
61 Worker 1 processing task 30 requiring operations [8, 3]
61 Worker 1 forwarding task 30
61 Worker 4 processing task 10 requiring operations [1]
61 Worker 4 performing operation 1 on task 10
62 Generated task 31
62 Worker 4 accepting task 31
62 Worker 4 accepting task 24
62 Worker 0 accepting task 25
62 Worker 3 accepting task 30
62 Task 10 completed!
62 Worker 3 processing task 17 requiring operations [7]
62 Worker 3 forwarding task 17
62 Worker 0 processing task 28 requiring operations [4, 7]
62 Worker 0 performing operation 4 on task 28
62 Worker 4 processing task 31 requiring operations [6, 4, 7]
62 Worker 4 forwarding task 31
63 Worker 0 accepting task 17
63 Worker 0 accepting task 28
63 Worker 0 accepting task 31
63 Worker 3 processing task 20 requiring operations [8]
63 Worker 3 forwarding task 20
63 Worker 0 processing task 29 requiring operations [4, 8]
63 Worker 0 performing operation 4 on task 29
63 Worker 4 processing task 24 requiring operations [8, 7]
63 Worker 4 forwarding task 24
64 Generated task 32
64 Worker 3 accepting task 32
64 Worker 0 accepting task 20
64 Worker 0 accepting task 29
64 Worker 0 accepting task 24
64 Worker 3 processing task 26 requiring operations [7, 10]
64 Worker 3 forwarding task 26
64 Worker 0 processing task 23 requiring operations [8]
64 Worker 0 forwarding task 23
65 Worker 0 accepting task 26
65 Worker 2 accepting task 23
65 Worker 3 processing task 21 requiring operations [2]
65 Worker 3 forwarding task 21
65 Worker 0 processing task 25 requiring operations [8]
65 Worker 0 forwarding task 25
65 Worker 2 processing task 23 requiring operations [8]
65 Worker 2 performing operation 8 on task 23
66 Generated task 33
66 Worker 4 accepting task 33
66 Worker 1 accepting task 21
66 Worker 2 accepting task 25
66 Task 23 completed!
66 Worker 3 processing task 22 requiring operations [3]
66 Worker 3 forwarding task 22
66 Worker 0 processing task 17 requiring operations [7]
66 Worker 0 forwarding task 17
66 Worker 2 processing task 25 requiring operations [8]
66 Worker 2 performing operation 8 on task 25
66 Worker 4 processing task 33 requiring operations [3, 6, 5]
66 Worker 4 forwarding task 33
66 Worker 1 processing task 21 requiring operations [2]
66 Worker 1 performing operation 2 on task 21
67 Worker 1 accepting task 22
67 Worker 3 accepting task 17
67 Task 25 completed!
67 Worker 0 accepting task 33
67 Task 21 completed!
67 Worker 3 processing task 18 requiring operations [8]
67 Worker 3 forwarding task 18
67 Worker 0 processing task 28 requiring operations [7]
67 Worker 0 forwarding task 28
67 Worker 1 processing task 22 requiring operations [3]
67 Worker 1 forwarding task 22
68 Generated task 34
68 Worker 0 accepting task 34
68 Worker 0 accepting task 18
68 Worker 3 accepting task 28
68 Worker 2 accepting task 22
68 Worker 3 processing task 27 requiring operations [3, 8]
68 Worker 3 forwarding task 27
68 Worker 0 processing task 31 requiring operations [6, 4, 7]
68 Worker 0 performing operation 4 on task 31
68 Worker 2 processing task 22 requiring operations [3]
68 Worker 2 forwarding task 22
69 Worker 1 accepting task 27
69 Worker 0 accepting task 31
69 Worker 0 accepting task 22
69 Worker 3 processing task 30 requiring operations [8, 3]
69 Worker 3 forwarding task 30
69 Worker 0 processing task 20 requiring operations [8]
69 Worker 0 forwarding task 20
69 Worker 1 processing task 27 requiring operations [3, 8]
69 Worker 1 forwarding task 27
70 Generated task 35
70 Worker 4 accepting task 35
70 Worker 0 accepting task 30
70 Worker 3 accepting task 20
70 Worker 2 accepting task 27
70 Worker 3 processing task 32 requiring operations [5, 1, 8]
70 Worker 3 forwarding task 32
70 Worker 0 processing task 29 requiring operations [8]
70 Worker 0 forwarding task 29
70 Worker 4 processing task 35 requiring operations [2, 6, 4]
70 Worker 4 forwarding task 35
70 Worker 2 processing task 27 requiring operations [3, 8]
70 Worker 2 performing operation 8 on task 27
71 Worker 4 accepting task 32
71 Worker 3 accepting task 29
71 Worker 0 accepting task 35
71 Worker 2 accepting task 27
71 Worker 3 processing task 17 requiring operations [7]
71 Worker 3 forwarding task 17
71 Worker 0 processing task 24 requiring operations [8, 7]
71 Worker 0 forwarding task 24
71 Worker 4 processing task 32 requiring operations [5, 1, 8]
71 Worker 4 performing operation 1 on task 32
71 Worker 2 processing task 27 requiring operations [3]
71 Worker 2 forwarding task 27
72 Generated task 36
72 Worker 4 accepting task 36
72 Worker 0 accepting task 17
72 Worker 3 accepting task 24
72 Worker 4 accepting task 32
72 Worker 0 accepting task 27
72 Worker 3 processing task 28 requiring operations [7]
72 Worker 3 forwarding task 28
72 Worker 0 processing task 26 requiring operations [7, 10]
72 Worker 0 forwarding task 26
72 Worker 4 processing task 36 requiring operations [9, 7, 2]
72 Worker 4 forwarding task 36
73 Worker 4 accepting task 28
73 Worker 2 accepting task 26
73 Worker 0 accepting task 36
73 Worker 3 processing task 20 requiring operations [8]
73 Worker 3 forwarding task 20
73 Worker 0 processing task 33 requiring operations [3, 6, 5]
73 Worker 0 performing operation 3 on task 33
73 Worker 4 processing task 32 requiring operations [5, 8]
73 Worker 4 forwarding task 32
73 Worker 2 processing task 26 requiring operations [7, 10]
73 Worker 2 performing operation 10 on task 26
74 Generated task 37
74 Worker 0 accepting task 37
74 Worker 1 accepting task 20
74 Worker 0 accepting task 33
74 Worker 3 accepting task 32
74 Worker 2 accepting task 26
74 Worker 3 processing task 29 requiring operations [8]
74 Worker 3 forwarding task 29
74 Worker 0 processing task 34 requiring operations [9, 5, 1]
74 Worker 0 performing operation 5 on task 34
74 Worker 4 processing task 28 requiring operations [7]
74 Worker 4 forwarding task 28
74 Worker 2 processing task 26 requiring operations [7]
74 Worker 2 forwarding task 26
74 Worker 1 processing task 20 requiring operations [8]
74 Worker 1 forwarding task 20
75 Worker 0 accepting task 29
75 Worker 0 accepting task 34
75 Worker 0 accepting task 28
75 Worker 0 accepting task 26
75 Worker 2 accepting task 20
75 Worker 3 processing task 24 requiring operations [8, 7]
75 Worker 3 forwarding task 24
75 Worker 0 processing task 18 requiring operations [8]
75 Worker 0 forwarding task 18
75 Worker 2 processing task 20 requiring operations [8]
75 Worker 2 performing operation 8 on task 20
76 Generated task 38
76 Worker 1 accepting task 38
76 Worker 1 accepting task 24
76 Worker 4 accepting task 18
76 Task 20 completed!
76 Worker 3 processing task 32 requiring operations [5, 8]
76 Worker 3 forwarding task 32
76 Worker 0 processing task 31 requiring operations [6, 7]
76 Worker 0 forwarding task 31
76 Worker 1 processing task 38 requiring operations [6, 9, 10]
76 Worker 1 performing operation 6 on task 38
76 Worker 4 processing task 18 requiring operations [8]
76 Worker 4 forwarding task 18
77 Worker 1 accepting task 32
77 Worker 2 accepting task 31
77 Worker 1 accepting task 38
77 Worker 0 accepting task 18
77 Worker 0 processing task 22 requiring operations [3]
77 Worker 0 performing operation 3 on task 22
77 Worker 1 processing task 24 requiring operations [8, 7]
77 Worker 1 performing operation 7 on task 24
77 Worker 2 processing task 31 requiring operations [6, 7]
77 Worker 2 forwarding task 31
78 Generated task 39
78 Worker 2 accepting task 39
78 Task 22 completed!
78 Worker 1 accepting task 24
78 Worker 1 accepting task 31
78 Worker 0 processing task 30 requiring operations [8, 3]
78 Worker 0 performing operation 3 on task 30
78 Worker 1 processing task 32 requiring operations [5, 8]
78 Worker 1 performing operation 5 on task 32
78 Worker 2 processing task 39 requiring operations [3, 5, 8]
78 Worker 2 performing operation 8 on task 39
79 Worker 0 accepting task 30
79 Worker 1 accepting task 32
79 Worker 2 accepting task 39
79 Worker 0 processing task 35 requiring operations [2, 6, 4]
79 Worker 0 performing operation 4 on task 35
79 Worker 1 processing task 38 requiring operations [9, 10]
79 Worker 1 forwarding task 38
79 Worker 2 processing task 39 requiring operations [3, 5]
79 Worker 2 forwarding task 39
80 Generated task 40
80 Worker 4 accepting task 40
80 Worker 0 accepting task 35
80 Worker 3 accepting task 38
80 Worker 1 accepting task 39
80 Worker 0 processing task 17 requiring operations [7]
80 Worker 0 forwarding task 17
80 Worker 1 processing task 24 requiring operations [8]
80 Worker 1 forwarding task 24
80 Worker 4 processing task 40 requiring operations [1, 4, 3]
80 Worker 4 performing operation 1 on task 40
80 Worker 3 processing task 38 requiring operations [9, 10]
80 Worker 3 performing operation 9 on task 38
81 Worker 3 accepting task 17
81 Worker 2 accepting task 24
81 Worker 4 accepting task 40
81 Worker 3 accepting task 38
81 Worker 0 processing task 27 requiring operations [3]
81 Worker 0 performing operation 3 on task 27
81 Worker 1 processing task 31 requiring operations [6, 7]
81 Worker 1 performing operation 7 on task 31
81 Worker 4 processing task 40 requiring operations [4, 3]
81 Worker 4 forwarding task 40
81 Worker 3 processing task 17 requiring operations [7]
81 Worker 3 forwarding task 17
81 Worker 2 processing task 24 requiring operations [8]
81 Worker 2 performing operation 8 on task 24
82 Generated task 41
82 Worker 3 accepting task 41
82 Task 27 completed!
82 Worker 1 accepting task 31
82 Worker 3 accepting task 40
82 Worker 1 accepting task 17
82 Task 24 completed!
82 Worker 0 processing task 36 requiring operations [9, 7, 2]
82 Worker 0 forwarding task 36
82 Worker 1 processing task 32 requiring operations [8]
82 Worker 1 forwarding task 32
82 Worker 3 processing task 38 requiring operations [10]
82 Worker 3 forwarding task 38
83 Worker 3 accepting task 36
83 Worker 2 accepting task 32
83 Worker 0 accepting task 38
83 Worker 0 processing task 37 requiring operations [8, 5, 2]
83 Worker 0 performing operation 5 on task 37
83 Worker 1 processing task 39 requiring operations [3, 5]
83 Worker 1 performing operation 5 on task 39
83 Worker 3 processing task 41 requiring operations [2, 1, 8]
83 Worker 3 forwarding task 41
83 Worker 2 processing task 32 requiring operations [8]
83 Worker 2 performing operation 8 on task 32
84 Generated task 42
84 Worker 3 accepting task 42
84 Worker 0 accepting task 37
84 Worker 1 accepting task 39
84 Worker 1 accepting task 41
84 Task 32 completed!
84 Worker 0 processing task 33 requiring operations [6, 5]
84 Worker 0 performing operation 5 on task 33
84 Worker 1 processing task 31 requiring operations [6]
84 Worker 1 performing operation 6 on task 31
84 Worker 3 processing task 40 requiring operations [4, 3]
84 Worker 3 forwarding task 40
85 Worker 0 accepting task 33
85 Task 31 completed!
85 Worker 1 accepting task 40
85 Worker 0 processing task 29 requiring operations [8]
85 Worker 0 forwarding task 29
85 Worker 1 processing task 17 requiring operations [7]
85 Worker 1 performing operation 7 on task 17
85 Worker 3 processing task 36 requiring operations [9, 7, 2]
85 Worker 3 performing operation 9 on task 36
86 Generated task 43
86 Worker 3 accepting task 43
86 Worker 4 accepting task 29
86 Task 17 completed!
86 Worker 3 accepting task 36
86 Worker 0 processing task 34 requiring operations [9, 1]
86 Worker 0 forwarding task 34
86 Worker 1 processing task 39 requiring operations [3]
86 Worker 1 forwarding task 39
86 Worker 3 processing task 42 requiring operations [2, 6, 8]
86 Worker 3 performing operation 6 on task 42
86 Worker 4 processing task 29 requiring operations [8]
86 Worker 4 forwarding task 29
87 Worker 4 accepting task 34
87 Worker 3 accepting task 39
87 Worker 3 accepting task 42
87 Worker 3 accepting task 29
87 Worker 0 processing task 28 requiring operations [7]
87 Worker 0 forwarding task 28
87 Worker 1 processing task 41 requiring operations [2, 1, 8]
87 Worker 1 performing operation 2 on task 41
87 Worker 3 processing task 43 requiring operations [3, 9, 8]
87 Worker 3 performing operation 9 on task 43
87 Worker 4 processing task 34 requiring operations [9, 1]
87 Worker 4 performing operation 1 on task 34
88 Generated task 44
88 Worker 0 accepting task 44
88 Worker 4 accepting task 28
88 Worker 1 accepting task 41
88 Worker 3 accepting task 43
88 Worker 4 accepting task 34
88 Worker 0 processing task 26 requiring operations [7]
88 Worker 0 forwarding task 26
88 Worker 1 processing task 40 requiring operations [4, 3]
88 Worker 1 forwarding task 40
88 Worker 3 processing task 36 requiring operations [7, 2]
88 Worker 3 forwarding task 36
88 Worker 4 processing task 28 requiring operations [7]
88 Worker 4 forwarding task 28
89 Worker 3 accepting task 26
89 Worker 3 accepting task 40
89 Worker 0 accepting task 36
89 Worker 3 accepting task 28
89 Worker 0 processing task 18 requiring operations [8]
89 Worker 0 forwarding task 18
89 Worker 1 processing task 41 requiring operations [1, 8]
89 Worker 1 forwarding task 41
89 Worker 3 processing task 39 requiring operations [3]
89 Worker 3 forwarding task 39
89 Worker 4 processing task 34 requiring operations [9]
89 Worker 4 forwarding task 34
90 Generated task 45
90 Worker 2 accepting task 45
90 Worker 4 accepting task 18
90 Worker 2 accepting task 41
90 Worker 0 accepting task 39
90 Worker 0 accepting task 34
90 Worker 0 processing task 30 requiring operations [8]
90 Worker 0 forwarding task 30
90 Worker 3 processing task 42 requiring operations [2, 8]
90 Worker 3 forwarding task 42
90 Worker 4 processing task 18 requiring operations [8]
90 Worker 4 forwarding task 18
90 Worker 2 processing task 45 requiring operations [5, 8, 2]
90 Worker 2 performing operation 8 on task 45
91 Worker 3 accepting task 30
91 Worker 4 accepting task 42
91 Worker 0 accepting task 18
91 Worker 2 accepting task 45
91 Worker 0 processing task 35 requiring operations [2, 6]
91 Worker 0 forwarding task 35
91 Worker 3 processing task 29 requiring operations [8]
91 Worker 3 forwarding task 29
91 Worker 4 processing task 42 requiring operations [2, 8]
91 Worker 4 forwarding task 42
91 Worker 2 processing task 41 requiring operations [1, 8]
91 Worker 2 performing operation 8 on task 41
92 Generated task 46
92 Worker 2 accepting task 46
92 Worker 3 accepting task 35
92 Worker 1 accepting task 29
92 Worker 3 accepting task 42
92 Worker 2 accepting task 41
92 Worker 0 processing task 38 requiring operations [10]
92 Worker 0 forwarding task 38
92 Worker 3 processing task 43 requiring operations [3, 8]
92 Worker 3 forwarding task 43
92 Worker 2 processing task 45 requiring operations [5, 2]
92 Worker 2 forwarding task 45
92 Worker 1 processing task 29 requiring operations [8]
92 Worker 1 forwarding task 29
93 Worker 4 accepting task 38
93 Worker 4 accepting task 43
93 Worker 0 accepting task 45
93 Worker 2 accepting task 29
93 Worker 0 processing task 37 requiring operations [8, 2]
93 Worker 0 forwarding task 37
93 Worker 3 processing task 26 requiring operations [7]
93 Worker 3 forwarding task 26
93 Worker 2 processing task 46 requiring operations [5, 10, 4]
93 Worker 2 performing operation 10 on task 46
93 Worker 4 processing task 38 requiring operations [10]
93 Worker 4 forwarding task 38
94 Generated task 47
94 Worker 0 accepting task 47
94 Worker 3 accepting task 37
94 Worker 4 accepting task 26
94 Worker 2 accepting task 46
94 Worker 3 accepting task 38
94 Worker 0 processing task 33 requiring operations [6]
94 Worker 0 forwarding task 33
94 Worker 3 processing task 40 requiring operations [4, 3]
94 Worker 3 forwarding task 40
94 Worker 2 processing task 41 requiring operations [1]
94 Worker 2 forwarding task 41
94 Worker 4 processing task 43 requiring operations [3, 8]
94 Worker 4 forwarding task 43
95 Worker 2 accepting task 33
95 Worker 1 accepting task 40
95 Worker 1 accepting task 41
95 Worker 3 accepting task 43
95 Worker 0 processing task 44 requiring operations [8, 7, 4]
95 Worker 0 performing operation 4 on task 44
95 Worker 3 processing task 28 requiring operations [7]
95 Worker 3 forwarding task 28
95 Worker 2 processing task 29 requiring operations [8]
95 Worker 2 performing operation 8 on task 29
95 Worker 4 processing task 26 requiring operations [7]
95 Worker 4 forwarding task 26
95 Worker 1 processing task 40 requiring operations [4, 3]
95 Worker 1 forwarding task 40
96 Generated task 48
96 Worker 4 accepting task 48
96 Worker 0 accepting task 44
96 Worker 0 accepting task 28
96 Task 29 completed!
96 Worker 0 accepting task 26
96 Worker 2 accepting task 40
96 Worker 0 processing task 36 requiring operations [7, 2]
96 Worker 0 forwarding task 36
96 Worker 3 processing task 30 requiring operations [8]
96 Worker 3 forwarding task 30
96 Worker 2 processing task 46 requiring operations [5, 4]
96 Worker 2 forwarding task 46
96 Worker 4 processing task 48 requiring operations [1, 5, 3]
96 Worker 4 performing operation 1 on task 48
96 Worker 1 processing task 41 requiring operations [1]
96 Worker 1 forwarding task 41
97 Worker 2 accepting task 36
97 Worker 4 accepting task 30
97 Worker 1 accepting task 46
97 Worker 4 accepting task 48
97 Worker 2 accepting task 41
97 Worker 0 processing task 39 requiring operations [3]
97 Worker 0 performing operation 3 on task 39
97 Worker 3 processing task 35 requiring operations [2, 6]
97 Worker 3 performing operation 6 on task 35
97 Worker 2 processing task 33 requiring operations [6]
97 Worker 2 forwarding task 33
97 Worker 4 processing task 30 requiring operations [8]
97 Worker 4 forwarding task 30
97 Worker 1 processing task 46 requiring operations [5, 4]
97 Worker 1 performing operation 5 on task 46
98 Generated task 49
98 Worker 0 accepting task 49
98 Task 39 completed!
98 Worker 3 accepting task 35
98 Worker 1 accepting task 33
98 Worker 3 accepting task 30
98 Worker 1 accepting task 46
98 Worker 0 processing task 34 requiring operations [9]
98 Worker 0 forwarding task 34
98 Worker 3 processing task 42 requiring operations [2, 8]
98 Worker 3 forwarding task 42
98 Worker 2 processing task 40 requiring operations [4, 3]
98 Worker 2 forwarding task 40
98 Worker 4 processing task 48 requiring operations [5, 3]
98 Worker 4 forwarding task 48
98 Worker 1 processing task 33 requiring operations [6]
98 Worker 1 performing operation 6 on task 33
99 Worker 4 accepting task 34
99 Worker 0 accepting task 42
99 Worker 0 accepting task 40
99 Worker 0 accepting task 48
99 Task 33 completed!
99 Worker 0 processing task 18 requiring operations [8]
99 Worker 0 forwarding task 18
99 Worker 3 processing task 37 requiring operations [8, 2]
99 Worker 3 forwarding task 37
99 Worker 2 processing task 36 requiring operations [7, 2]
99 Worker 2 forwarding task 36
99 Worker 4 processing task 34 requiring operations [9]
99 Worker 4 forwarding task 34
99 Worker 1 processing task 46 requiring operations [4]
99 Worker 1 forwarding task 46
100 Generated task 50
100 Worker 2 accepting task 50
100 Worker 2 accepting task 18
100 Worker 0 accepting task 37
100 Worker 0 accepting task 36
100 Worker 3 accepting task 34
100 Worker 2 accepting task 46
100 Worker 0 processing task 45 requiring operations [5, 2]
100 Worker 0 performing operation 5 on task 45
100 Worker 3 processing task 38 requiring operations [10]
100 Worker 3 forwarding task 38
100 Worker 2 processing task 41 requiring operations [1]
100 Worker 2 forwarding task 41
101 Worker 0 accepting task 45
101 Worker 0 accepting task 38
101 Worker 1 accepting task 41
101 Worker 0 processing task 47 requiring operations [4, 9, 8]
101 Worker 0 performing operation 4 on task 47
101 Worker 3 processing task 43 requiring operations [3, 8]
101 Worker 3 forwarding task 43
101 Worker 2 processing task 50 requiring operations [1, 6, 10]
101 Worker 2 performing operation 10 on task 50
101 Worker 1 processing task 41 requiring operations [1]
101 Worker 1 forwarding task 41
102 Generated task 51
102 Worker 0 accepting task 51
102 Worker 0 accepting task 47
102 Worker 1 accepting task 43
102 Worker 2 accepting task 50
102 Worker 2 accepting task 41
102 Worker 0 processing task 44 requiring operations [8, 7]
102 Worker 0 forwarding task 44
102 Worker 3 processing task 35 requiring operations [2]
102 Worker 3 forwarding task 35
102 Worker 2 processing task 18 requiring operations [8]
102 Worker 2 performing operation 8 on task 18
102 Worker 1 processing task 43 requiring operations [3, 8]
102 Worker 1 forwarding task 43
103 Worker 2 accepting task 44
103 Worker 0 accepting task 35
103 Task 18 completed!
103 Worker 2 accepting task 43
103 Worker 0 processing task 28 requiring operations [7]
103 Worker 0 forwarding task 28
103 Worker 3 processing task 30 requiring operations [8]
103 Worker 3 forwarding task 30
103 Worker 2 processing task 46 requiring operations [4]
103 Worker 2 forwarding task 46
104 Generated task 52
104 Worker 2 accepting task 52
104 Worker 3 accepting task 28
104 Worker 1 accepting task 30
104 Worker 0 accepting task 46
104 Worker 0 processing task 26 requiring operations [7]
104 Worker 0 forwarding task 26
104 Worker 3 processing task 34 requiring operations [9]
104 Worker 3 performing operation 9 on task 34
104 Worker 2 processing task 50 requiring operations [1, 6]
104 Worker 2 forwarding task 50
104 Worker 1 processing task 30 requiring operations [8]
104 Worker 1 forwarding task 30
105 Worker 3 accepting task 26
105 Task 34 completed!
105 Worker 0 accepting task 50
105 Worker 2 accepting task 30
105 Worker 0 processing task 49 requiring operations [10, 4, 6]
105 Worker 0 performing operation 4 on task 49
105 Worker 3 processing task 28 requiring operations [7]
105 Worker 3 forwarding task 28
105 Worker 2 processing task 41 requiring operations [1]
105 Worker 2 forwarding task 41
106 Generated task 53
106 Worker 4 accepting task 53
106 Worker 0 accepting task 49
106 Worker 0 accepting task 28
106 Worker 1 accepting task 41
106 Worker 0 processing task 42 requiring operations [2, 8]
106 Worker 0 forwarding task 42
106 Worker 3 processing task 26 requiring operations [7]
106 Worker 3 forwarding task 26
106 Worker 2 processing task 44 requiring operations [8, 7]
106 Worker 2 performing operation 8 on task 44
106 Worker 4 processing task 53 requiring operations [9, 7, 5]
106 Worker 4 forwarding task 53
106 Worker 1 processing task 41 requiring operations [1]
106 Worker 1 forwarding task 41
107 Worker 2 accepting task 42
107 Worker 4 accepting task 26
107 Worker 2 accepting task 44
107 Worker 0 accepting task 53
107 Worker 2 accepting task 41
107 Worker 0 processing task 40 requiring operations [4, 3]
107 Worker 0 performing operation 3 on task 40
107 Worker 2 processing task 43 requiring operations [3, 8]
107 Worker 2 performing operation 8 on task 43
107 Worker 4 processing task 26 requiring operations [7]
107 Worker 4 forwarding task 26
108 Generated task 54
108 Worker 3 accepting task 54
108 Worker 0 accepting task 40
108 Worker 2 accepting task 43
108 Worker 3 accepting task 26
108 Worker 0 processing task 48 requiring operations [5, 3]
108 Worker 0 performing operation 5 on task 48
108 Worker 2 processing task 52 requiring operations [9, 2, 7]
108 Worker 2 performing operation 9 on task 52
108 Worker 3 processing task 54 requiring operations [6, 10, 8]
108 Worker 3 performing operation 6 on task 54
109 Worker 0 accepting task 48
109 Worker 2 accepting task 52
109 Worker 3 accepting task 54
109 Worker 0 processing task 37 requiring operations [8, 2]
109 Worker 0 forwarding task 37
109 Worker 2 processing task 30 requiring operations [8]
109 Worker 2 performing operation 8 on task 30
109 Worker 3 processing task 26 requiring operations [7]
109 Worker 3 forwarding task 26
110 Generated task 55
110 Worker 4 accepting task 55
110 Worker 4 accepting task 37
110 Task 30 completed!
110 Worker 4 accepting task 26
110 Worker 0 processing task 36 requiring operations [7, 2]
110 Worker 0 forwarding task 36
110 Worker 2 processing task 42 requiring operations [2, 8]
110 Worker 2 performing operation 8 on task 42
110 Worker 3 processing task 54 requiring operations [10, 8]
110 Worker 3 forwarding task 54
110 Worker 4 processing task 55 requiring operations [8, 6, 5]
110 Worker 4 forwarding task 55
111 Worker 3 accepting task 36
111 Worker 2 accepting task 42
111 Worker 4 accepting task 54
111 Worker 3 accepting task 55
111 Worker 0 processing task 45 requiring operations [2]
111 Worker 0 forwarding task 45
111 Worker 2 processing task 44 requiring operations [7]
111 Worker 2 forwarding task 44
111 Worker 3 processing task 36 requiring operations [7, 2]
111 Worker 3 forwarding task 36
111 Worker 4 processing task 37 requiring operations [8, 2]
111 Worker 4 forwarding task 37
112 Generated task 56
112 Worker 2 accepting task 56
112 Worker 4 accepting task 45
112 Worker 1 accepting task 44
112 Worker 1 accepting task 36
112 Worker 3 accepting task 37
112 Worker 0 processing task 38 requiring operations [10]
112 Worker 0 forwarding task 38
112 Worker 2 processing task 41 requiring operations [1]
112 Worker 2 forwarding task 41
112 Worker 3 processing task 55 requiring operations [8, 6, 5]
112 Worker 3 performing operation 6 on task 55
112 Worker 4 processing task 26 requiring operations [7]
112 Worker 4 forwarding task 26
112 Worker 1 processing task 44 requiring operations [7]
112 Worker 1 performing operation 7 on task 44
113 Worker 3 accepting task 38
113 Worker 0 accepting task 41
113 Worker 3 accepting task 55
113 Worker 3 accepting task 26
113 Task 44 completed!
113 Worker 0 processing task 51 requiring operations [2, 9, 4]
113 Worker 0 performing operation 4 on task 51
113 Worker 2 processing task 43 requiring operations [3]
113 Worker 2 forwarding task 43
113 Worker 3 processing task 37 requiring operations [8, 2]
113 Worker 3 forwarding task 37
113 Worker 4 processing task 54 requiring operations [10, 8]
113 Worker 4 forwarding task 54
113 Worker 1 processing task 36 requiring operations [7, 2]
113 Worker 1 performing operation 7 on task 36
114 Generated task 57
114 Worker 2 accepting task 57
114 Worker 0 accepting task 51
114 Worker 0 accepting task 43
114 Worker 4 accepting task 37
114 Worker 3 accepting task 54
114 Worker 1 accepting task 36
114 Worker 0 processing task 47 requiring operations [9, 8]
114 Worker 0 forwarding task 47
114 Worker 2 processing task 52 requiring operations [2, 7]
114 Worker 2 forwarding task 52
114 Worker 3 processing task 38 requiring operations [10]
114 Worker 3 forwarding task 38
114 Worker 4 processing task 45 requiring operations [2]
114 Worker 4 forwarding task 45
114 Worker 1 processing task 36 requiring operations [2]
114 Worker 1 performing operation 2 on task 36
115 Worker 4 accepting task 47
115 Worker 0 accepting task 52
115 Worker 0 accepting task 38
115 Worker 3 accepting task 45
115 Task 36 completed!
115 Worker 0 processing task 35 requiring operations [2]
115 Worker 0 forwarding task 35
115 Worker 2 processing task 42 requiring operations [2]
115 Worker 2 forwarding task 42
115 Worker 3 processing task 55 requiring operations [8, 5]
115 Worker 3 forwarding task 55
115 Worker 4 processing task 37 requiring operations [8, 2]
115 Worker 4 forwarding task 37
116 Generated task 58
116 Worker 0 accepting task 58
116 Worker 3 accepting task 35
116 Worker 0 accepting task 42
116 Worker 1 accepting task 55
116 Worker 3 accepting task 37
116 Worker 0 processing task 46 requiring operations [4]
116 Worker 0 performing operation 4 on task 46
116 Worker 2 processing task 56 requiring operations [6, 9, 3]
116 Worker 2 performing operation 9 on task 56
116 Worker 3 processing task 26 requiring operations [7]
116 Worker 3 forwarding task 26
116 Worker 4 processing task 47 requiring operations [9, 8]
116 Worker 4 forwarding task 47
116 Worker 1 processing task 55 requiring operations [8, 5]
116 Worker 1 performing operation 5 on task 55
117 Task 46 completed!
117 Worker 2 accepting task 56
117 Worker 4 accepting task 26
117 Worker 0 accepting task 47
117 Worker 1 accepting task 55
117 Worker 0 processing task 50 requiring operations [1, 6]
117 Worker 0 forwarding task 50
117 Worker 2 processing task 57 requiring operations [4, 3, 8]
117 Worker 2 performing operation 8 on task 57
117 Worker 3 processing task 54 requiring operations [10, 8]
117 Worker 3 forwarding task 54
117 Worker 4 processing task 26 requiring operations [7]
117 Worker 4 forwarding task 26
117 Worker 1 processing task 55 requiring operations [8]
117 Worker 1 forwarding task 55
118 Generated task 59
118 Worker 1 accepting task 59
118 Worker 2 accepting task 50
118 Worker 2 accepting task 57
118 Worker 4 accepting task 54
118 Worker 0 accepting task 26
118 Worker 3 accepting task 55
118 Worker 0 processing task 49 requiring operations [10, 6]
118 Worker 0 forwarding task 49
118 Worker 2 processing task 56 requiring operations [6, 3]
118 Worker 2 forwarding task 56
118 Worker 3 processing task 45 requiring operations [2]
118 Worker 3 forwarding task 45
118 Worker 4 processing task 54 requiring operations [10, 8]
118 Worker 4 forwarding task 54
118 Worker 1 processing task 59 requiring operations [1, 8, 6]
118 Worker 1 performing operation 6 on task 59
119 Worker 4 accepting task 49
119 Worker 1 accepting task 56
119 Worker 1 accepting task 45
119 Worker 3 accepting task 54
119 Worker 1 accepting task 59
119 Worker 0 processing task 28 requiring operations [7]
119 Worker 0 forwarding task 28
119 Worker 2 processing task 50 requiring operations [1, 6]
119 Worker 2 forwarding task 50
119 Worker 3 processing task 35 requiring operations [2]
119 Worker 3 forwarding task 35
119 Worker 4 processing task 49 requiring operations [10, 6]
119 Worker 4 forwarding task 49
119 Worker 1 processing task 56 requiring operations [6, 3]
119 Worker 1 performing operation 6 on task 56
120 Generated task 60
120 Worker 3 accepting task 60
120 Worker 3 accepting task 28
120 Worker 1 accepting task 50
120 Worker 0 accepting task 35
120 Worker 0 accepting task 49
120 Worker 1 accepting task 56
120 Worker 0 processing task 53 requiring operations [9, 7, 5]
120 Worker 0 performing operation 5 on task 53
120 Worker 2 processing task 57 requiring operations [4, 3]
120 Worker 2 forwarding task 57
120 Worker 3 processing task 37 requiring operations [8, 2]
120 Worker 3 forwarding task 37
120 Worker 1 processing task 45 requiring operations [2]
120 Worker 1 performing operation 2 on task 45
121 Worker 0 accepting task 53
121 Worker 0 accepting task 57
121 Worker 4 accepting task 37
121 Task 45 completed!
121 Worker 0 processing task 40 requiring operations [4]
121 Worker 0 performing operation 4 on task 40
121 Worker 3 processing task 55 requiring operations [8]
121 Worker 3 forwarding task 55
121 Worker 1 processing task 59 requiring operations [1, 8]
121 Worker 1 forwarding task 59
121 Worker 4 processing task 37 requiring operations [8, 2]
121 Worker 4 forwarding task 37
122 Generated task 61
122 Worker 1 accepting task 61
122 Task 40 completed!
122 Worker 0 accepting task 55
122 Worker 3 accepting task 59
122 Worker 3 accepting task 37
122 Worker 0 processing task 48 requiring operations [3]
122 Worker 0 performing operation 3 on task 48
122 Worker 3 processing task 54 requiring operations [10, 8]
122 Worker 3 forwarding task 54
122 Worker 1 processing task 50 requiring operations [1, 6]
122 Worker 1 performing operation 6 on task 50
123 Task 48 completed!
123 Worker 1 accepting task 54
123 Worker 1 accepting task 50
123 Worker 0 processing task 41 requiring operations [1]
123 Worker 0 forwarding task 41
123 Worker 3 processing task 60 requiring operations [6, 8, 1]
123 Worker 3 performing operation 6 on task 60
123 Worker 1 processing task 56 requiring operations [3]
123 Worker 1 forwarding task 56
124 Generated task 62
124 Worker 2 accepting task 62
124 Worker 2 accepting task 41
124 Worker 3 accepting task 60
124 Worker 3 accepting task 56
124 Worker 0 processing task 51 requiring operations [2, 9]
124 Worker 0 forwarding task 51
124 Worker 3 processing task 28 requiring operations [7]
124 Worker 3 forwarding task 28
124 Worker 1 processing task 61 requiring operations [9, 3, 1]
124 Worker 1 forwarding task 61
124 Worker 2 processing task 62 requiring operations [10, 1, 8]
124 Worker 2 performing operation 8 on task 62
125 Worker 3 accepting task 51
125 Worker 4 accepting task 28
125 Worker 3 accepting task 61
125 Worker 2 accepting task 62
125 Worker 0 processing task 43 requiring operations [3]
125 Worker 0 performing operation 3 on task 43
125 Worker 3 processing task 59 requiring operations [1, 8]
125 Worker 3 forwarding task 59
125 Worker 1 processing task 54 requiring operations [10, 8]
125 Worker 1 forwarding task 54
125 Worker 2 processing task 41 requiring operations [1]
125 Worker 2 forwarding task 41
125 Worker 4 processing task 28 requiring operations [7]
125 Worker 4 forwarding task 28
126 Generated task 63
126 Worker 4 accepting task 63
126 Task 43 completed!
126 Worker 1 accepting task 59
126 Worker 2 accepting task 54
126 Worker 1 accepting task 41
126 Worker 3 accepting task 28
126 Worker 0 processing task 52 requiring operations [2, 7]
126 Worker 0 forwarding task 52
126 Worker 3 processing task 37 requiring operations [8, 2]
126 Worker 3 forwarding task 37
126 Worker 1 processing task 50 requiring operations [1]
126 Worker 1 forwarding task 50
126 Worker 2 processing task 62 requiring operations [10, 1]
126 Worker 2 performing operation 10 on task 62
126 Worker 4 processing task 63 requiring operations [10, 4, 2]
126 Worker 4 forwarding task 63
127 Worker 2 accepting task 52
127 Worker 1 accepting task 37
127 Worker 2 accepting task 50
127 Worker 2 accepting task 62
127 Worker 0 accepting task 63
127 Worker 0 processing task 38 requiring operations [10]
127 Worker 0 forwarding task 38
127 Worker 3 processing task 60 requiring operations [8, 1]
127 Worker 3 forwarding task 60
127 Worker 1 processing task 59 requiring operations [1, 8]
127 Worker 1 forwarding task 59
127 Worker 2 processing task 54 requiring operations [10, 8]
127 Worker 2 performing operation 10 on task 54
128 Generated task 64
128 Worker 1 accepting task 64
128 Worker 3 accepting task 38
128 Worker 4 accepting task 60
128 Worker 2 accepting task 59
128 Worker 2 accepting task 54
128 Worker 0 processing task 58 requiring operations [8, 1, 3]
128 Worker 0 performing operation 3 on task 58
128 Worker 3 processing task 56 requiring operations [3]
128 Worker 3 forwarding task 56
128 Worker 1 processing task 41 requiring operations [1]
128 Worker 1 forwarding task 41
128 Worker 2 processing task 52 requiring operations [2, 7]
128 Worker 2 forwarding task 52
128 Worker 4 processing task 60 requiring operations [8, 1]
128 Worker 4 performing operation 1 on task 60
129 Worker 0 accepting task 58
129 Worker 1 accepting task 56
129 Worker 3 accepting task 41
129 Worker 1 accepting task 52
129 Worker 4 accepting task 60
129 Worker 0 processing task 42 requiring operations [2]
129 Worker 0 forwarding task 42
129 Worker 3 processing task 51 requiring operations [2, 9]
129 Worker 3 performing operation 9 on task 51
129 Worker 1 processing task 37 requiring operations [8, 2]
129 Worker 1 performing operation 2 on task 37
129 Worker 2 processing task 50 requiring operations [1]
129 Worker 2 forwarding task 50
129 Worker 4 processing task 60 requiring operations [8]
129 Worker 4 forwarding task 60
130 Generated task 65
130 Worker 1 accepting task 65
130 Worker 3 accepting task 42
130 Worker 3 accepting task 51
130 Worker 1 accepting task 37
130 Worker 0 accepting task 50
130 Worker 3 accepting task 60
130 Worker 0 processing task 47 requiring operations [9, 8]
130 Worker 0 forwarding task 47
130 Worker 3 processing task 61 requiring operations [9, 3, 1]
130 Worker 3 performing operation 9 on task 61
130 Worker 1 processing task 64 requiring operations [1, 4, 2]
130 Worker 1 performing operation 2 on task 64
130 Worker 2 processing task 62 requiring operations [1]
130 Worker 2 forwarding task 62
131 Worker 4 accepting task 47
131 Worker 3 accepting task 61
131 Worker 1 accepting task 64
131 Worker 0 accepting task 62
131 Worker 0 processing task 26 requiring operations [7]
131 Worker 0 forwarding task 26
131 Worker 3 processing task 28 requiring operations [7]
131 Worker 3 forwarding task 28
131 Worker 1 processing task 56 requiring operations [3]
131 Worker 1 forwarding task 56
131 Worker 2 processing task 59 requiring operations [1, 8]
131 Worker 2 performing operation 8 on task 59
131 Worker 4 processing task 47 requiring operations [9, 8]
131 Worker 4 forwarding task 47
132 Generated task 66
132 Worker 3 accepting task 66
132 Worker 2 accepting task 26
132 Worker 4 accepting task 28
132 Worker 3 accepting task 56
132 Worker 2 accepting task 59
132 Worker 0 accepting task 47
132 Worker 0 processing task 35 requiring operations [2]
132 Worker 0 forwarding task 35
132 Worker 3 processing task 38 requiring operations [10]
132 Worker 3 forwarding task 38
132 Worker 1 processing task 52 requiring operations [2, 7]
132 Worker 1 performing operation 7 on task 52
132 Worker 2 processing task 54 requiring operations [8]
132 Worker 2 performing operation 8 on task 54
132 Worker 4 processing task 28 requiring operations [7]
132 Worker 4 forwarding task 28
133 Worker 2 accepting task 35
133 Worker 4 accepting task 38
133 Worker 1 accepting task 52
133 Task 54 completed!
133 Worker 3 accepting task 28
133 Worker 0 processing task 49 requiring operations [10, 6]
133 Worker 0 forwarding task 49
133 Worker 3 processing task 41 requiring operations [1]
133 Worker 3 forwarding task 41
133 Worker 1 processing task 65 requiring operations [9, 6, 7]
133 Worker 1 performing operation 7 on task 65
133 Worker 2 processing task 26 requiring operations [7]
133 Worker 2 forwarding task 26
133 Worker 4 processing task 38 requiring operations [10]
133 Worker 4 forwarding task 38
134 Generated task 67
134 Worker 4 accepting task 67
134 Worker 3 accepting task 49
134 Worker 0 accepting task 41
134 Worker 1 accepting task 65
134 Worker 1 accepting task 26
134 Worker 0 accepting task 38
134 Worker 0 processing task 53 requiring operations [9, 7]
134 Worker 0 forwarding task 53
134 Worker 3 processing task 42 requiring operations [2]
134 Worker 3 forwarding task 42
134 Worker 1 processing task 37 requiring operations [8]
134 Worker 1 forwarding task 37
134 Worker 2 processing task 59 requiring operations [1]
134 Worker 2 forwarding task 59
134 Worker 4 processing task 67 requiring operations [3, 4, 1]
134 Worker 4 performing operation 1 on task 67
135 Worker 4 accepting task 53
135 Worker 4 accepting task 42
135 Worker 3 accepting task 37
135 Worker 0 accepting task 59
135 Worker 4 accepting task 67
135 Worker 0 processing task 57 requiring operations [4, 3]
135 Worker 0 performing operation 3 on task 57
135 Worker 3 processing task 51 requiring operations [2]
135 Worker 3 forwarding task 51
135 Worker 1 processing task 64 requiring operations [1, 4]
135 Worker 1 forwarding task 64
135 Worker 2 processing task 35 requiring operations [2]
135 Worker 2 forwarding task 35
135 Worker 4 processing task 53 requiring operations [9, 7]
135 Worker 4 forwarding task 53
136 Generated task 68
136 Worker 4 accepting task 68
136 Worker 0 accepting task 57
136 Worker 0 accepting task 51
136 Worker 2 accepting task 64
136 Worker 1 accepting task 35
136 Worker 3 accepting task 53
136 Worker 0 processing task 55 requiring operations [8]
136 Worker 0 forwarding task 55
136 Worker 3 processing task 60 requiring operations [8]
136 Worker 3 forwarding task 60
136 Worker 1 processing task 52 requiring operations [2]
136 Worker 1 performing operation 2 on task 52
136 Worker 2 processing task 64 requiring operations [1, 4]
136 Worker 2 forwarding task 64
136 Worker 4 processing task 42 requiring operations [2]
136 Worker 4 forwarding task 42
137 Worker 3 accepting task 55
137 Worker 1 accepting task 60
137 Task 52 completed!
137 Worker 0 accepting task 64
137 Worker 0 accepting task 42
137 Worker 0 processing task 63 requiring operations [10, 4, 2]
137 Worker 0 performing operation 4 on task 63
137 Worker 3 processing task 61 requiring operations [3, 1]
137 Worker 3 forwarding task 61
137 Worker 1 processing task 65 requiring operations [9, 6]
137 Worker 1 performing operation 6 on task 65
137 Worker 4 processing task 67 requiring operations [3, 4]
137 Worker 4 forwarding task 67
138 Generated task 69
138 Worker 1 accepting task 69
138 Worker 0 accepting task 63
138 Worker 0 accepting task 61
138 Worker 1 accepting task 65
138 Worker 0 accepting task 67
138 Worker 0 processing task 58 requiring operations [8, 1]
138 Worker 0 forwarding task 58
138 Worker 3 processing task 66 requiring operations [2, 9, 8]
138 Worker 3 performing operation 9 on task 66
138 Worker 1 processing task 26 requiring operations [7]
138 Worker 1 performing operation 7 on task 26
138 Worker 4 processing task 68 requiring operations [1, 4, 2]
138 Worker 4 performing operation 1 on task 68
139 Worker 3 accepting task 58
139 Worker 3 accepting task 66
139 Task 26 completed!
139 Worker 4 accepting task 68
139 Worker 0 processing task 50 requiring operations [1]
139 Worker 0 forwarding task 50
139 Worker 3 processing task 56 requiring operations [3]
139 Worker 3 forwarding task 56
139 Worker 1 processing task 35 requiring operations [2]
139 Worker 1 performing operation 2 on task 35
139 Worker 4 processing task 68 requiring operations [4, 2]
139 Worker 4 forwarding task 68
140 Generated task 70
140 Worker 4 accepting task 70
140 Worker 4 accepting task 50
140 Worker 0 accepting task 56
140 Task 35 completed!
140 Worker 3 accepting task 68
140 Worker 0 processing task 62 requiring operations [1]
140 Worker 0 forwarding task 62
140 Worker 3 processing task 28 requiring operations [7]
140 Worker 3 forwarding task 28
140 Worker 1 processing task 60 requiring operations [8]
140 Worker 1 forwarding task 60
140 Worker 4 processing task 70 requiring operations [8, 5, 3]
140 Worker 4 forwarding task 70
