Worker 0 can perform operations {8, 4}
Worker 1 can perform operations {9, 4, 5, 6}
Worker 2 can perform operations {1, 10}
Worker 3 can perform operations {2, 4, 5, 7}
Worker 4 can perform operations {9, 3}
Building network type random
Worker 0 connecting to worker 2
Worker 2 connecting to worker 0
Worker 0 connecting to worker 1
Worker 1 connecting to worker 0
Worker 1 connecting to worker 3
Worker 3 connecting to worker 1
Worker 2 connecting to worker 1
Worker 1 connecting to worker 2
Worker 3 connecting to worker 0
Worker 0 connecting to worker 3
Worker 4 connecting to worker 1
Worker 1 connecting to worker 4
Worker 4 connecting to worker 0
Worker 0 connecting to worker 4
Entry nodes are [0, 1, 2, 3, 4]
0 Generated task 0
0 Worker 2 accepting task 0
0 Worker 2 processing task 0 requiring operations [6, 8, 3]
0 Worker 2 forwarding task 0
1 Worker 1 accepting task 0
1 Worker 1 processing task 0 requiring operations [6, 8, 3]
1 Worker 1 performing operation 6 on task 0
2 Generated task 1
2 Worker 2 accepting task 1
2 Worker 1 accepting task 0
2 Worker 1 processing task 0 requiring operations [8, 3]
2 Worker 1 forwarding task 0
2 Worker 2 processing task 1 requiring operations [10, 5, 1]
2 Worker 2 performing operation 1 on task 1
3 Worker 3 accepting task 0
3 Worker 2 accepting task 1
3 Worker 2 processing task 1 requiring operations [10, 5]
3 Worker 2 performing operation 10 on task 1
3 Worker 3 processing task 0 requiring operations [8, 3]
3 Worker 3 forwarding task 0
4 Generated task 2
4 Worker 2 accepting task 2
4 Worker 2 accepting task 1
4 Worker 0 accepting task 0
4 Worker 2 processing task 2 requiring operations [4, 8, 10]
4 Worker 2 performing operation 10 on task 2
4 Worker 0 processing task 0 requiring operations [8, 3]
4 Worker 0 performing operation 8 on task 0
5 Worker 2 accepting task 2
5 Worker 0 accepting task 0
5 Worker 2 processing task 1 requiring operations [5]
5 Worker 2 forwarding task 1
5 Worker 0 processing task 0 requiring operations [3]
5 Worker 0 forwarding task 0
6 Generated task 3
6 Worker 2 accepting task 3
6 Worker 0 accepting task 1
6 Worker 1 accepting task 0
6 Worker 2 processing task 2 requiring operations [4, 8]
6 Worker 2 forwarding task 2
6 Worker 0 processing task 1 requiring operations [5]
6 Worker 0 forwarding task 1
6 Worker 1 processing task 0 requiring operations [3]
6 Worker 1 forwarding task 0
7 Worker 1 accepting task 2
7 Worker 1 accepting task 1
7 Worker 2 accepting task 0
7 Worker 2 processing task 3 requiring operations [8, 2, 5]
7 Worker 2 forwarding task 3
7 Worker 1 processing task 2 requiring operations [4, 8]
7 Worker 1 performing operation 4 on task 2
8 Generated task 4
8 Worker 3 accepting task 4
8 Worker 0 accepting task 3
8 Worker 1 accepting task 2
8 Worker 2 processing task 0 requiring operations [3]
8 Worker 2 forwarding task 0
8 Worker 1 processing task 1 requiring operations [5]
8 Worker 1 performing operation 5 on task 1
8 Worker 3 processing task 4 requiring operations [1, 9, 8]
8 Worker 3 forwarding task 4
8 Worker 0 processing task 3 requiring operations [8, 2, 5]
8 Worker 0 performing operation 8 on task 3
9 Worker 0 accepting task 0
9 Task 1 completed!
9 Worker 1 accepting task 4
9 Worker 0 accepting task 3
9 Worker 1 processing task 2 requiring operations [8]
9 Worker 1 forwarding task 2
9 Worker 0 processing task 0 requiring operations [3]
9 Worker 0 forwarding task 0
10 Generated task 5
10 Worker 0 accepting task 5
10 Worker 4 accepting task 2
10 Worker 4 accepting task 0
10 Worker 1 processing task 4 requiring operations [1, 9, 8]
10 Worker 1 performing operation 9 on task 4
10 Worker 0 processing task 3 requiring operations [2, 5]
10 Worker 0 forwarding task 3
10 Worker 4 processing task 2 requiring operations [8]
10 Worker 4 forwarding task 2
11 Worker 1 accepting task 4
11 Worker 3 accepting task 3
11 Worker 1 accepting task 2
11 Worker 1 processing task 4 requiring operations [1, 8]
11 Worker 1 forwarding task 4
11 Worker 0 processing task 5 requiring operations [3, 8, 5]
11 Worker 0 performing operation 8 on task 5
11 Worker 4 processing task 0 requiring operations [3]
11 Worker 4 performing operation 3 on task 0
11 Worker 3 processing task 3 requiring operations [2, 5]
11 Worker 3 performing operation 5 on task 3
12 Generated task 6
12 Worker 1 accepting task 6
12 Worker 2 accepting task 4
12 Worker 0 accepting task 5
12 Task 0 completed!
12 Worker 3 accepting task 3
12 Worker 1 processing task 2 requiring operations [8]
12 Worker 1 forwarding task 2
12 Worker 0 processing task 5 requiring operations [3, 5]
12 Worker 0 forwarding task 5
12 Worker 3 processing task 3 requiring operations [2]
12 Worker 3 performing operation 2 on task 3
12 Worker 2 processing task 4 requiring operations [1, 8]
12 Worker 2 performing operation 1 on task 4
13 Worker 4 accepting task 2
13 Worker 1 accepting task 5
13 Task 3 completed!
13 Worker 2 accepting task 4
13 Worker 1 processing task 6 requiring operations [10, 8, 7]
13 Worker 1 forwarding task 6
13 Worker 2 processing task 4 requiring operations [8]
13 Worker 2 forwarding task 4
13 Worker 4 processing task 2 requiring operations [8]
13 Worker 4 forwarding task 2
14 Generated task 7
14 Worker 2 accepting task 7
14 Worker 4 accepting task 6
14 Worker 1 accepting task 4
14 Worker 1 accepting task 2
14 Worker 1 processing task 5 requiring operations [3, 5]
14 Worker 1 performing operation 5 on task 5
14 Worker 2 processing task 7 requiring operations [2, 3, 5]
14 Worker 2 forwarding task 7
14 Worker 4 processing task 6 requiring operations [10, 8, 7]
14 Worker 4 forwarding task 6
15 Worker 1 accepting task 5
15 Worker 0 accepting task 7
15 Worker 1 accepting task 6
15 Worker 1 processing task 4 requiring operations [8]
15 Worker 1 forwarding task 4
15 Worker 0 processing task 7 requiring operations [2, 3, 5]
15 Worker 0 forwarding task 7
16 Generated task 8
16 Worker 4 accepting task 8
16 Worker 2 accepting task 4
16 Worker 2 accepting task 7
16 Worker 1 processing task 2 requiring operations [8]
16 Worker 1 forwarding task 2
16 Worker 4 processing task 8 requiring operations [3, 2, 9]
16 Worker 4 performing operation 9 on task 8
16 Worker 2 processing task 4 requiring operations [8]
16 Worker 2 forwarding task 4
17 Worker 4 accepting task 2
17 Worker 4 accepting task 8
17 Worker 1 accepting task 4
17 Worker 1 processing task 5 requiring operations [3]
17 Worker 1 forwarding task 5
17 Worker 4 processing task 2 requiring operations [8]
17 Worker 4 forwarding task 2
17 Worker 2 processing task 7 requiring operations [2, 3, 5]
17 Worker 2 forwarding task 7
18 Generated task 9
18 Worker 2 accepting task 9
18 Worker 3 accepting task 5
18 Worker 1 accepting task 2
18 Worker 0 accepting task 7
18 Worker 1 processing task 6 requiring operations [10, 8, 7]
18 Worker 1 forwarding task 6
18 Worker 4 processing task 8 requiring operations [3, 2]
18 Worker 4 performing operation 3 on task 8
18 Worker 2 processing task 9 requiring operations [5, 4, 9]
18 Worker 2 forwarding task 9
18 Worker 3 processing task 5 requiring operations [3]
18 Worker 3 forwarding task 5
18 Worker 0 processing task 7 requiring operations [2, 3, 5]
18 Worker 0 forwarding task 7
19 Worker 0 accepting task 6
19 Worker 4 accepting task 8
19 Worker 1 accepting task 9
19 Worker 1 accepting task 5
19 Worker 2 accepting task 7
19 Worker 1 processing task 4 requiring operations [8]
19 Worker 1 forwarding task 4
19 Worker 4 processing task 8 requiring operations [2]
19 Worker 4 forwarding task 8
19 Worker 0 processing task 6 requiring operations [10, 8, 7]
19 Worker 0 performing operation 8 on task 6
19 Worker 2 processing task 7 requiring operations [2, 3, 5]
19 Worker 2 forwarding task 7
20 Generated task 10
20 Worker 0 accepting task 10
20 Worker 3 accepting task 4
20 Worker 1 accepting task 8
20 Worker 0 accepting task 6
20 Worker 0 accepting task 7
20 Worker 1 processing task 2 requiring operations [8]
20 Worker 1 forwarding task 2
20 Worker 0 processing task 10 requiring operations [3, 4, 7]
20 Worker 0 performing operation 4 on task 10
20 Worker 3 processing task 4 requiring operations [8]
20 Worker 3 forwarding task 4
21 Worker 4 accepting task 2
21 Worker 0 accepting task 10
21 Worker 1 accepting task 4
21 Worker 1 processing task 9 requiring operations [5, 4, 9]
21 Worker 1 performing operation 5 on task 9
21 Worker 0 processing task 6 requiring operations [10, 7]
21 Worker 0 forwarding task 6
21 Worker 4 processing task 2 requiring operations [8]
21 Worker 4 forwarding task 2
22 Generated task 11
22 Worker 0 accepting task 11
22 Worker 1 accepting task 9
22 Worker 3 accepting task 6
22 Worker 0 accepting task 2
22 Worker 1 processing task 5 requiring operations [3]
22 Worker 1 forwarding task 5
22 Worker 0 processing task 7 requiring operations [2, 3, 5]
22 Worker 0 forwarding task 7
22 Worker 3 processing task 6 requiring operations [10, 7]
22 Worker 3 performing operation 7 on task 6
23 Worker 2 accepting task 5
23 Worker 4 accepting task 7
23 Worker 3 accepting task 6
23 Worker 1 processing task 8 requiring operations [2]
23 Worker 1 forwarding task 8
23 Worker 0 processing task 10 requiring operations [3, 7]
23 Worker 0 forwarding task 10
23 Worker 3 processing task 6 requiring operations [10]
23 Worker 3 forwarding task 6
23 Worker 2 processing task 5 requiring operations [3]
23 Worker 2 forwarding task 5
23 Worker 4 processing task 7 requiring operations [2, 3, 5]
23 Worker 4 performing operation 3 on task 7
24 Generated task 12
24 Worker 4 accepting task 12
24 Worker 4 accepting task 8
24 Worker 3 accepting task 10
24 Worker 0 accepting task 6
24 Worker 1 accepting task 5
24 Worker 4 accepting task 7
24 Worker 1 processing task 4 requiring operations [8]
24 Worker 1 forwarding task 4
24 Worker 0 processing task 11 requiring operations [1, 9, 3]
24 Worker 0 forwarding task 11
24 Worker 3 processing task 10 requiring operations [3, 7]
24 Worker 3 performing operation 7 on task 10
24 Worker 4 processing task 12 requiring operations [3, 4, 10]
24 Worker 4 performing operation 3 on task 12
25 Worker 3 accepting task 4
25 Worker 2 accepting task 11
25 Worker 3 accepting task 10
25 Worker 4 accepting task 12
25 Worker 1 processing task 9 requiring operations [4, 9]
25 Worker 1 performing operation 9 on task 9
25 Worker 0 processing task 2 requiring operations [8]
25 Worker 0 performing operation 8 on task 2
25 Worker 3 processing task 4 requiring operations [8]
25 Worker 3 forwarding task 4
25 Worker 4 processing task 8 requiring operations [2]
25 Worker 4 forwarding task 8
25 Worker 2 processing task 11 requiring operations [1, 9, 3]
25 Worker 2 performing operation 1 on task 11
26 Generated task 13
26 Worker 4 accepting task 13
26 Worker 1 accepting task 9
26 Task 2 completed!
26 Worker 0 accepting task 4
26 Worker 1 accepting task 8
26 Worker 2 accepting task 11
26 Worker 1 processing task 5 requiring operations [3]
26 Worker 1 forwarding task 5
26 Worker 0 processing task 6 requiring operations [10]
26 Worker 0 forwarding task 6
26 Worker 3 processing task 10 requiring operations [3]
26 Worker 3 forwarding task 10
26 Worker 4 processing task 7 requiring operations [2, 5]
26 Worker 4 forwarding task 7
26 Worker 2 processing task 11 requiring operations [9, 3]
26 Worker 2 forwarding task 11
27 Worker 0 accepting task 5
27 Worker 4 accepting task 6
27 Worker 0 accepting task 10
27 Worker 1 accepting task 7
27 Worker 0 accepting task 11
27 Worker 1 processing task 9 requiring operations [4]
27 Worker 1 performing operation 4 on task 9
27 Worker 0 processing task 4 requiring operations [8]
27 Worker 0 performing operation 8 on task 4
27 Worker 4 processing task 12 requiring operations [4, 10]
27 Worker 4 forwarding task 12
28 Generated task 14
28 Worker 2 accepting task 14
28 Task 9 completed!
28 Task 4 completed!
28 Worker 1 accepting task 12
28 Worker 1 processing task 8 requiring operations [2]
28 Worker 1 forwarding task 8
28 Worker 0 processing task 5 requiring operations [3]
28 Worker 0 forwarding task 5
28 Worker 4 processing task 13 requiring operations [5, 10, 9]
28 Worker 4 performing operation 9 on task 13
28 Worker 2 processing task 14 requiring operations [1, 6, 2]
28 Worker 2 performing operation 1 on task 14
29 Worker 3 accepting task 8
29 Worker 1 accepting task 5
29 Worker 4 accepting task 13
29 Worker 2 accepting task 14
29 Worker 1 processing task 7 requiring operations [2, 5]
29 Worker 1 performing operation 5 on task 7
29 Worker 0 processing task 10 requiring operations [3]
29 Worker 0 forwarding task 10
29 Worker 4 processing task 6 requiring operations [10]
29 Worker 4 forwarding task 6
29 Worker 2 processing task 14 requiring operations [6, 2]
29 Worker 2 forwarding task 14
29 Worker 3 processing task 8 requiring operations [2]
29 Worker 3 performing operation 2 on task 8
30 Generated task 15
30 Worker 4 accepting task 15
30 Worker 1 accepting task 7
30 Worker 4 accepting task 10
30 Worker 0 accepting task 6
30 Worker 1 accepting task 14
30 Task 8 completed!
30 Worker 1 processing task 12 requiring operations [4, 10]
30 Worker 1 performing operation 4 on task 12
30 Worker 0 processing task 11 requiring operations [9, 3]
30 Worker 0 forwarding task 11
30 Worker 4 processing task 13 requiring operations [5, 10]
30 Worker 4 forwarding task 13
31 Worker 1 accepting task 12
31 Worker 4 accepting task 11
31 Worker 1 accepting task 13
31 Worker 1 processing task 5 requiring operations [3]
31 Worker 1 forwarding task 5
31 Worker 0 processing task 6 requiring operations [10]
31 Worker 0 forwarding task 6
31 Worker 4 processing task 15 requiring operations [8, 10, 7]
31 Worker 4 forwarding task 15
32 Generated task 16
32 Worker 2 accepting task 16
32 Worker 2 accepting task 5
32 Worker 3 accepting task 6
32 Worker 0 accepting task 15
32 Worker 1 processing task 7 requiring operations [2]
32 Worker 1 forwarding task 7
32 Worker 4 processing task 10 requiring operations [3]
32 Worker 4 performing operation 3 on task 10
32 Worker 2 processing task 16 requiring operations [3, 4, 1]
32 Worker 2 performing operation 1 on task 16
32 Worker 3 processing task 6 requiring operations [10]
32 Worker 3 forwarding task 6
32 Worker 0 processing task 15 requiring operations [8, 10, 7]
32 Worker 0 performing operation 8 on task 15
33 Worker 4 accepting task 7
33 Task 10 completed!
33 Worker 2 accepting task 16
33 Worker 0 accepting task 6
33 Worker 0 accepting task 15
33 Worker 1 processing task 14 requiring operations [6, 2]
33 Worker 1 performing operation 6 on task 14
33 Worker 4 processing task 11 requiring operations [9, 3]
33 Worker 4 performing operation 3 on task 11
33 Worker 2 processing task 5 requiring operations [3]
33 Worker 2 forwarding task 5
33 Worker 0 processing task 6 requiring operations [10]
33 Worker 0 forwarding task 6
34 Generated task 17
34 Worker 0 accepting task 17
34 Worker 1 accepting task 14
34 Worker 4 accepting task 11
34 Worker 1 accepting task 5
34 Worker 3 accepting task 6
34 Worker 1 processing task 12 requiring operations [10]
34 Worker 1 forwarding task 12
34 Worker 4 processing task 7 requiring operations [2]
34 Worker 4 forwarding task 7
34 Worker 2 processing task 16 requiring operations [3, 4]
34 Worker 2 forwarding task 16
34 Worker 0 processing task 15 requiring operations [10, 7]
34 Worker 0 forwarding task 15
34 Worker 3 processing task 6 requiring operations [10]
34 Worker 3 forwarding task 6
35 Worker 3 accepting task 12
35 Worker 0 accepting task 7
35 Worker 1 accepting task 16
35 Worker 2 accepting task 15
35 Worker 0 accepting task 6
35 Worker 1 processing task 13 requiring operations [5, 10]
35 Worker 1 performing operation 5 on task 13
35 Worker 4 processing task 11 requiring operations [9]
35 Worker 4 performing operation 9 on task 11
35 Worker 0 processing task 17 requiring operations [3, 7, 9]
35 Worker 0 forwarding task 17
35 Worker 3 processing task 12 requiring operations [10]
35 Worker 3 forwarding task 12
35 Worker 2 processing task 15 requiring operations [10, 7]
35 Worker 2 performing operation 10 on task 15
36 Generated task 18
36 Worker 1 accepting task 18
36 Worker 1 accepting task 13
36 Task 11 completed!
36 Worker 4 accepting task 17
36 Worker 0 accepting task 12
36 Worker 2 accepting task 15
36 Worker 1 processing task 14 requiring operations [2]
36 Worker 1 forwarding task 14
36 Worker 0 processing task 7 requiring operations [2]
36 Worker 0 forwarding task 7
36 Worker 2 processing task 15 requiring operations [7]
36 Worker 2 forwarding task 15
36 Worker 4 processing task 17 requiring operations [3, 7, 9]
36 Worker 4 performing operation 9 on task 17
37 Worker 4 accepting task 14
37 Worker 4 accepting task 7
37 Worker 1 accepting task 15
37 Worker 4 accepting task 17
37 Worker 1 processing task 5 requiring operations [3]
37 Worker 1 forwarding task 5
37 Worker 0 processing task 6 requiring operations [10]
37 Worker 0 forwarding task 6
37 Worker 4 processing task 14 requiring operations [2]
37 Worker 4 forwarding task 14
38 Generated task 19
38 Worker 4 accepting task 19
38 Worker 0 accepting task 5
38 Worker 2 accepting task 6
38 Worker 0 accepting task 14
38 Worker 1 processing task 16 requiring operations [3, 4]
38 Worker 1 performing operation 4 on task 16
38 Worker 0 processing task 12 requiring operations [10]
38 Worker 0 forwarding task 12
38 Worker 4 processing task 7 requiring operations [2]
38 Worker 4 forwarding task 7
38 Worker 2 processing task 6 requiring operations [10]
38 Worker 2 performing operation 10 on task 6
39 Worker 1 accepting task 16
39 Worker 4 accepting task 12
39 Worker 0 accepting task 7
39 Task 6 completed!
39 Worker 1 processing task 18 requiring operations [3, 7, 10]
39 Worker 1 forwarding task 18
39 Worker 0 processing task 5 requiring operations [3]
39 Worker 0 forwarding task 5
39 Worker 4 processing task 17 requiring operations [3, 7]
39 Worker 4 performing operation 3 on task 17
40 Generated task 20
40 Worker 0 accepting task 20
40 Worker 4 accepting task 18
40 Worker 4 accepting task 5
40 Worker 4 accepting task 17
40 Worker 1 processing task 13 requiring operations [10]
40 Worker 1 forwarding task 13
40 Worker 0 processing task 14 requiring operations [2]
40 Worker 0 forwarding task 14
40 Worker 4 processing task 19 requiring operations [6, 9, 3]
40 Worker 4 performing operation 3 on task 19
41 Worker 4 accepting task 13
41 Worker 3 accepting task 14
41 Worker 4 accepting task 19
41 Worker 1 processing task 15 requiring operations [7]
41 Worker 1 forwarding task 15
41 Worker 0 processing task 7 requiring operations [2]
41 Worker 0 forwarding task 7
41 Worker 4 processing task 12 requiring operations [10]
41 Worker 4 forwarding task 12
41 Worker 3 processing task 14 requiring operations [2]
41 Worker 3 performing operation 2 on task 14
42 Generated task 21
42 Worker 0 accepting task 21
42 Worker 2 accepting task 15
42 Worker 1 accepting task 7
42 Worker 1 accepting task 12
42 Task 14 completed!
42 Worker 1 processing task 16 requiring operations [3]
42 Worker 1 forwarding task 16
42 Worker 0 processing task 20 requiring operations [3, 7, 8]
42 Worker 0 performing operation 8 on task 20
42 Worker 4 processing task 18 requiring operations [3, 7, 10]
42 Worker 4 performing operation 3 on task 18
42 Worker 2 processing task 15 requiring operations [7]
42 Worker 2 forwarding task 15
43 Worker 2 accepting task 16
43 Worker 0 accepting task 20
43 Worker 4 accepting task 18
43 Worker 1 accepting task 15
43 Worker 1 processing task 7 requiring operations [2]
43 Worker 1 forwarding task 7
43 Worker 0 processing task 21 requiring operations [5, 9, 4]
43 Worker 0 performing operation 4 on task 21
43 Worker 4 processing task 5 requiring operations [3]
43 Worker 4 performing operation 3 on task 5
43 Worker 2 processing task 16 requiring operations [3]
43 Worker 2 forwarding task 16
44 Generated task 22
44 Worker 4 accepting task 22
44 Worker 2 accepting task 7
44 Worker 0 accepting task 21
44 Task 5 completed!
44 Worker 1 accepting task 16
44 Worker 1 processing task 12 requiring operations [10]
44 Worker 1 forwarding task 12
44 Worker 0 processing task 20 requiring operations [3, 7]
44 Worker 0 forwarding task 20
44 Worker 4 processing task 17 requiring operations [7]
44 Worker 4 forwarding task 17
44 Worker 2 processing task 7 requiring operations [2]
44 Worker 2 forwarding task 7
45 Worker 3 accepting task 12
45 Worker 2 accepting task 20
45 Worker 0 accepting task 17
45 Worker 1 accepting task 7
45 Worker 1 processing task 15 requiring operations [7]
45 Worker 1 forwarding task 15
45 Worker 0 processing task 21 requiring operations [5, 9]
45 Worker 0 forwarding task 21
45 Worker 4 processing task 13 requiring operations [10]
45 Worker 4 forwarding task 13
45 Worker 2 processing task 20 requiring operations [3, 7]
45 Worker 2 forwarding task 20
45 Worker 3 processing task 12 requiring operations [10]
45 Worker 3 forwarding task 12
46 Generated task 23
46 Worker 0 accepting task 23
46 Worker 3 accepting task 15
46 Worker 1 accepting task 21
46 Worker 0 accepting task 13
46 Worker 0 accepting task 20
46 Worker 0 accepting task 12
46 Worker 1 processing task 16 requiring operations [3]
46 Worker 1 forwarding task 16
46 Worker 0 processing task 17 requiring operations [7]
46 Worker 0 forwarding task 17
46 Worker 4 processing task 19 requiring operations [6, 9]
46 Worker 4 performing operation 9 on task 19
46 Worker 3 processing task 15 requiring operations [7]
46 Worker 3 performing operation 7 on task 15
47 Worker 2 accepting task 16
47 Worker 1 accepting task 17
47 Worker 4 accepting task 19
47 Task 15 completed!
47 Worker 1 processing task 7 requiring operations [2]
47 Worker 1 forwarding task 7
47 Worker 0 processing task 23 requiring operations [4, 2, 8]
47 Worker 0 performing operation 4 on task 23
47 Worker 4 processing task 18 requiring operations [7, 10]
47 Worker 4 forwarding task 18
47 Worker 2 processing task 16 requiring operations [3]
47 Worker 2 forwarding task 16
48 Generated task 24
48 Worker 3 accepting task 24
48 Worker 0 accepting task 7
48 Worker 0 accepting task 23
48 Worker 0 accepting task 18
48 Worker 1 accepting task 16
48 Worker 1 processing task 21 requiring operations [5, 9]
48 Worker 1 performing operation 5 on task 21
48 Worker 0 processing task 13 requiring operations [10]
48 Worker 0 forwarding task 13
48 Worker 4 processing task 22 requiring operations [6, 5, 8]
48 Worker 4 forwarding task 22
48 Worker 3 processing task 24 requiring operations [7, 1, 10]
48 Worker 3 performing operation 7 on task 24
49 Worker 1 accepting task 21
49 Worker 4 accepting task 13
49 Worker 0 accepting task 22
49 Worker 3 accepting task 24
49 Worker 1 processing task 17 requiring operations [7]
49 Worker 1 forwarding task 17
49 Worker 0 processing task 20 requiring operations [3, 7]
49 Worker 0 forwarding task 20
49 Worker 4 processing task 19 requiring operations [6]
49 Worker 4 forwarding task 19
49 Worker 3 processing task 24 requiring operations [1, 10]
49 Worker 3 forwarding task 24
50 Generated task 25
50 Worker 2 accepting task 25
50 Worker 4 accepting task 17
50 Worker 1 accepting task 20
50 Worker 1 accepting task 19
50 Worker 1 accepting task 24
50 Worker 1 processing task 16 requiring operations [3]
50 Worker 1 forwarding task 16
50 Worker 0 processing task 12 requiring operations [10]
50 Worker 0 forwarding task 12
50 Worker 4 processing task 13 requiring operations [10]
50 Worker 4 forwarding task 13
50 Worker 2 processing task 25 requiring operations [4, 10, 7]
50 Worker 2 performing operation 10 on task 25
51 Worker 4 accepting task 16
51 Worker 2 accepting task 12
51 Worker 0 accepting task 13
51 Worker 2 accepting task 25
51 Worker 1 processing task 21 requiring operations [9]
51 Worker 1 performing operation 9 on task 21
51 Worker 0 processing task 7 requiring operations [2]
51 Worker 0 forwarding task 7
51 Worker 4 processing task 17 requiring operations [7]
51 Worker 4 forwarding task 17
51 Worker 2 processing task 12 requiring operations [10]
51 Worker 2 performing operation 10 on task 12
52 Generated task 26
52 Worker 1 accepting task 26
52 Task 21 completed!
52 Worker 2 accepting task 7
52 Worker 1 accepting task 17
52 Task 12 completed!
52 Worker 1 processing task 20 requiring operations [3, 7]
52 Worker 1 forwarding task 20
52 Worker 0 processing task 23 requiring operations [2, 8]
52 Worker 0 performing operation 8 on task 23
52 Worker 4 processing task 16 requiring operations [3]
52 Worker 4 performing operation 3 on task 16
52 Worker 2 processing task 25 requiring operations [4, 7]
52 Worker 2 forwarding task 25
53 Worker 4 accepting task 20
53 Worker 0 accepting task 23
53 Task 16 completed!
53 Worker 0 accepting task 25
53 Worker 1 processing task 19 requiring operations [6]
53 Worker 1 performing operation 6 on task 19
53 Worker 0 processing task 18 requiring operations [7, 10]
53 Worker 0 forwarding task 18
53 Worker 4 processing task 20 requiring operations [3, 7]
53 Worker 4 performing operation 3 on task 20
53 Worker 2 processing task 7 requiring operations [2]
53 Worker 2 forwarding task 7
54 Generated task 27
54 Worker 3 accepting task 27
54 Task 19 completed!
54 Worker 4 accepting task 18
54 Worker 4 accepting task 20
54 Worker 1 accepting task 7
54 Worker 1 processing task 24 requiring operations [1, 10]
54 Worker 1 forwarding task 24
54 Worker 0 processing task 22 requiring operations [6, 5, 8]
54 Worker 0 performing operation 8 on task 22
54 Worker 4 processing task 18 requiring operations [7, 10]
54 Worker 4 forwarding task 18
54 Worker 3 processing task 27 requiring operations [5, 1, 3]
54 Worker 3 performing operation 5 on task 27
55 Worker 3 accepting task 24
55 Worker 0 accepting task 22
55 Worker 1 accepting task 18
55 Worker 3 accepting task 27
55 Worker 1 processing task 26 requiring operations [3, 6, 5]
55 Worker 1 performing operation 6 on task 26
55 Worker 0 processing task 13 requiring operations [10]
55 Worker 0 forwarding task 13
55 Worker 4 processing task 20 requiring operations [7]
55 Worker 4 forwarding task 20
55 Worker 3 processing task 24 requiring operations [1, 10]
55 Worker 3 forwarding task 24
56 Generated task 28
56 Worker 3 accepting task 28
56 Worker 1 accepting task 26
56 Worker 1 accepting task 13
56 Worker 1 accepting task 20
56 Worker 1 accepting task 24
56 Worker 1 processing task 17 requiring operations [7]
56 Worker 1 forwarding task 17
56 Worker 0 processing task 23 requiring operations [2]
56 Worker 0 forwarding task 23
56 Worker 3 processing task 27 requiring operations [1, 3]
56 Worker 3 forwarding task 27
57 Worker 2 accepting task 17
57 Worker 4 accepting task 23
57 Worker 1 accepting task 27
57 Worker 1 processing task 7 requiring operations [2]
57 Worker 1 forwarding task 7
57 Worker 0 processing task 25 requiring operations [4, 7]
57 Worker 0 performing operation 4 on task 25
57 Worker 3 processing task 28 requiring operations [7, 4, 2]
57 Worker 3 performing operation 7 on task 28
57 Worker 2 processing task 17 requiring operations [7]
57 Worker 2 forwarding task 17
57 Worker 4 processing task 23 requiring operations [2]
57 Worker 4 forwarding task 23
58 Generated task 29
58 Worker 0 accepting task 29
58 Worker 3 accepting task 7
58 Worker 0 accepting task 25
58 Worker 3 accepting task 28
58 Worker 0 accepting task 17
58 Worker 0 accepting task 23
58 Worker 1 processing task 18 requiring operations [7, 10]
58 Worker 1 forwarding task 18
58 Worker 0 processing task 22 requiring operations [6, 5]
58 Worker 0 forwarding task 22
58 Worker 3 processing task 7 requiring operations [2]
58 Worker 3 performing operation 2 on task 7
59 Worker 4 accepting task 18
59 Worker 4 accepting task 22
59 Task 7 completed!
59 Worker 1 processing task 26 requiring operations [3, 5]
59 Worker 1 performing operation 5 on task 26
59 Worker 0 processing task 29 requiring operations [2, 4, 5]
59 Worker 0 performing operation 4 on task 29
59 Worker 3 processing task 28 requiring operations [4, 2]
59 Worker 3 performing operation 2 on task 28
59 Worker 4 processing task 18 requiring operations [7, 10]
59 Worker 4 forwarding task 18
60 Generated task 30
60 Worker 4 accepting task 30
60 Worker 1 accepting task 26
60 Worker 0 accepting task 29
60 Worker 3 accepting task 28
60 Worker 1 accepting task 18
60 Worker 1 processing task 13 requiring operations [10]
60 Worker 1 forwarding task 13
60 Worker 0 processing task 25 requiring operations [7]
60 Worker 0 forwarding task 25
60 Worker 3 processing task 28 requiring operations [4]
60 Worker 3 performing operation 4 on task 28
60 Worker 4 processing task 22 requiring operations [6, 5]
60 Worker 4 forwarding task 22
61 Worker 3 accepting task 13
61 Worker 4 accepting task 25
61 Task 28 completed!
61 Worker 1 accepting task 22
61 Worker 1 processing task 20 requiring operations [7]
61 Worker 1 forwarding task 20
61 Worker 0 processing task 17 requiring operations [7]
61 Worker 0 forwarding task 17
61 Worker 3 processing task 13 requiring operations [10]
61 Worker 3 forwarding task 13
61 Worker 4 processing task 30 requiring operations [5, 2, 7]
61 Worker 4 forwarding task 30
62 Generated task 31
62 Worker 3 accepting task 31
62 Worker 2 accepting task 20
62 Worker 2 accepting task 17
62 Worker 0 accepting task 13
62 Worker 1 accepting task 30
62 Worker 1 processing task 24 requiring operations [1, 10]
62 Worker 1 forwarding task 24
62 Worker 0 processing task 23 requiring operations [2]
62 Worker 0 forwarding task 23
62 Worker 3 processing task 31 requiring operations [2, 7, 9]
62 Worker 3 performing operation 2 on task 31
62 Worker 4 processing task 25 requiring operations [7]
62 Worker 4 forwarding task 25
62 Worker 2 processing task 20 requiring operations [7]
62 Worker 2 forwarding task 20
63 Worker 0 accepting task 24
63 Worker 1 accepting task 23
63 Worker 3 accepting task 31
63 Worker 0 accepting task 25
63 Worker 0 accepting task 20
63 Worker 1 processing task 27 requiring operations [1, 3]
63 Worker 1 forwarding task 27
63 Worker 0 processing task 29 requiring operations [2, 5]
63 Worker 0 forwarding task 29
63 Worker 3 processing task 31 requiring operations [7, 9]
63 Worker 3 performing operation 7 on task 31
63 Worker 2 processing task 17 requiring operations [7]
63 Worker 2 forwarding task 17
64 Generated task 32
64 Worker 1 accepting task 32
64 Worker 0 accepting task 27
64 Worker 1 accepting task 29
64 Worker 3 accepting task 31
64 Worker 0 accepting task 17
64 Worker 1 processing task 26 requiring operations [3]
64 Worker 1 forwarding task 26
64 Worker 0 processing task 13 requiring operations [10]
64 Worker 0 forwarding task 13
64 Worker 3 processing task 31 requiring operations [9]
64 Worker 3 forwarding task 31
65 Worker 2 accepting task 26
65 Worker 3 accepting task 13
65 Worker 0 accepting task 31
65 Worker 1 processing task 18 requiring operations [7, 10]
65 Worker 1 forwarding task 18
65 Worker 0 processing task 24 requiring operations [1, 10]
65 Worker 0 forwarding task 24
65 Worker 3 processing task 13 requiring operations [10]
65 Worker 3 forwarding task 13
65 Worker 2 processing task 26 requiring operations [3]
65 Worker 2 forwarding task 26
66 Generated task 33
66 Worker 3 accepting task 33
66 Worker 3 accepting task 18
66 Worker 3 accepting task 24
66 Worker 0 accepting task 13
66 Worker 0 accepting task 26
66 Worker 1 processing task 22 requiring operations [6, 5]
66 Worker 1 performing operation 6 on task 22
66 Worker 0 processing task 25 requiring operations [7]
66 Worker 0 forwarding task 25
66 Worker 3 processing task 33 requiring operations [10, 5, 9]
66 Worker 3 performing operation 5 on task 33
67 Worker 1 accepting task 22
67 Worker 1 accepting task 25
67 Worker 3 accepting task 33
67 Worker 1 processing task 30 requiring operations [5, 2, 7]
67 Worker 1 performing operation 5 on task 30
67 Worker 0 processing task 20 requiring operations [7]
67 Worker 0 forwarding task 20
67 Worker 3 processing task 18 requiring operations [7, 10]
67 Worker 3 performing operation 7 on task 18
68 Generated task 34
68 Worker 2 accepting task 34
68 Worker 1 accepting task 30
68 Worker 2 accepting task 20
68 Worker 3 accepting task 18
68 Worker 1 processing task 23 requiring operations [2]
68 Worker 1 forwarding task 23
68 Worker 0 processing task 27 requiring operations [1, 3]
68 Worker 0 forwarding task 27
68 Worker 3 processing task 24 requiring operations [1, 10]
68 Worker 3 forwarding task 24
68 Worker 2 processing task 34 requiring operations [5, 1, 10]
68 Worker 2 performing operation 10 on task 34
69 Worker 3 accepting task 23
69 Worker 2 accepting task 27
69 Worker 1 accepting task 24
69 Worker 2 accepting task 34
69 Worker 1 processing task 32 requiring operations [9, 4, 8]
69 Worker 1 performing operation 9 on task 32
69 Worker 0 processing task 17 requiring operations [7]
69 Worker 0 forwarding task 17
69 Worker 3 processing task 33 requiring operations [10, 9]
69 Worker 3 forwarding task 33
69 Worker 2 processing task 20 requiring operations [7]
69 Worker 2 forwarding task 20
70 Generated task 35
70 Worker 4 accepting task 35
70 Worker 1 accepting task 32
70 Worker 4 accepting task 17
70 Worker 1 accepting task 33
70 Worker 0 accepting task 20
70 Worker 1 processing task 29 requiring operations [2, 5]
70 Worker 1 performing operation 5 on task 29
70 Worker 0 processing task 31 requiring operations [9]
70 Worker 0 forwarding task 31
70 Worker 3 processing task 18 requiring operations [10]
70 Worker 3 forwarding task 18
70 Worker 2 processing task 27 requiring operations [1, 3]
70 Worker 2 performing operation 1 on task 27
70 Worker 4 processing task 35 requiring operations [8, 1, 4]
70 Worker 4 forwarding task 35
71 Worker 1 accepting task 29
71 Worker 4 accepting task 31
71 Worker 1 accepting task 18
71 Worker 2 accepting task 27
71 Worker 1 accepting task 35
71 Worker 1 processing task 22 requiring operations [5]
71 Worker 1 performing operation 5 on task 22
71 Worker 0 processing task 13 requiring operations [10]
71 Worker 0 forwarding task 13
71 Worker 3 processing task 23 requiring operations [2]
71 Worker 3 performing operation 2 on task 23
71 Worker 2 processing task 34 requiring operations [5, 1]
71 Worker 2 performing operation 1 on task 34
71 Worker 4 processing task 17 requiring operations [7]
71 Worker 4 forwarding task 17
72 Generated task 36
72 Worker 1 accepting task 36
72 Task 22 completed!
72 Worker 2 accepting task 13
72 Task 23 completed!
72 Worker 2 accepting task 34
72 Worker 0 accepting task 17
72 Worker 1 processing task 25 requiring operations [7]
72 Worker 1 forwarding task 25
72 Worker 0 processing task 26 requiring operations [3]
72 Worker 0 forwarding task 26
72 Worker 2 processing task 27 requiring operations [3]
72 Worker 2 forwarding task 27
72 Worker 4 processing task 31 requiring operations [9]
72 Worker 4 performing operation 9 on task 31
73 Worker 2 accepting task 25
73 Worker 1 accepting task 26
73 Worker 0 accepting task 27
73 Task 31 completed!
73 Worker 1 processing task 30 requiring operations [2, 7]
73 Worker 1 forwarding task 30
73 Worker 0 processing task 20 requiring operations [7]
73 Worker 0 forwarding task 20
73 Worker 2 processing task 13 requiring operations [10]
73 Worker 2 performing operation 10 on task 13
74 Generated task 37
74 Worker 3 accepting task 37
74 Worker 4 accepting task 30
74 Worker 4 accepting task 20
74 Task 13 completed!
74 Worker 1 processing task 24 requiring operations [1, 10]
74 Worker 1 forwarding task 24
74 Worker 0 processing task 17 requiring operations [7]
74 Worker 0 forwarding task 17
74 Worker 2 processing task 34 requiring operations [5]
74 Worker 2 forwarding task 34
74 Worker 3 processing task 37 requiring operations [5, 2, 10]
74 Worker 3 performing operation 2 on task 37
74 Worker 4 processing task 30 requiring operations [2, 7]
74 Worker 4 forwarding task 30
75 Worker 3 accepting task 24
75 Worker 3 accepting task 17
75 Worker 1 accepting task 34
75 Worker 3 accepting task 37
75 Worker 1 accepting task 30
75 Worker 1 processing task 32 requiring operations [4, 8]
75 Worker 1 performing operation 4 on task 32
75 Worker 0 processing task 27 requiring operations [3]
75 Worker 0 forwarding task 27
75 Worker 2 processing task 25 requiring operations [7]
75 Worker 2 forwarding task 25
75 Worker 3 processing task 24 requiring operations [1, 10]
75 Worker 3 forwarding task 24
75 Worker 4 processing task 20 requiring operations [7]
75 Worker 4 forwarding task 20
76 Generated task 38
76 Worker 2 accepting task 38
76 Worker 1 accepting task 32
76 Worker 3 accepting task 27
76 Worker 0 accepting task 25
76 Worker 1 accepting task 24
76 Worker 0 accepting task 20
76 Worker 1 processing task 33 requiring operations [10, 9]
76 Worker 1 performing operation 9 on task 33
76 Worker 2 processing task 38 requiring operations [7, 10, 1]
76 Worker 2 performing operation 1 on task 38
76 Worker 3 processing task 17 requiring operations [7]
76 Worker 3 performing operation 7 on task 17
76 Worker 0 processing task 25 requiring operations [7]
76 Worker 0 forwarding task 25
77 Worker 1 accepting task 33
77 Worker 2 accepting task 38
77 Task 17 completed!
77 Worker 2 accepting task 25
77 Worker 1 processing task 29 requiring operations [2]
77 Worker 1 forwarding task 29
77 Worker 2 processing task 38 requiring operations [7, 10]
77 Worker 2 performing operation 10 on task 38
77 Worker 3 processing task 37 requiring operations [5, 10]
77 Worker 3 performing operation 5 on task 37
77 Worker 0 processing task 20 requiring operations [7]
77 Worker 0 forwarding task 20
78 Generated task 39
78 Worker 2 accepting task 39
78 Worker 4 accepting task 29
78 Worker 2 accepting task 38
78 Worker 3 accepting task 37
78 Worker 3 accepting task 20
78 Worker 1 processing task 18 requiring operations [10]
78 Worker 1 forwarding task 18
78 Worker 2 processing task 25 requiring operations [7]
78 Worker 2 forwarding task 25
78 Worker 3 processing task 27 requiring operations [3]
78 Worker 3 forwarding task 27
78 Worker 4 processing task 29 requiring operations [2]
78 Worker 4 forwarding task 29
79 Worker 4 accepting task 18
79 Worker 1 accepting task 25
79 Worker 1 accepting task 27
79 Worker 1 accepting task 29
79 Worker 1 processing task 35 requiring operations [8, 1, 4]
79 Worker 1 performing operation 4 on task 35
79 Worker 2 processing task 39 requiring operations [8, 10, 7]
79 Worker 2 performing operation 10 on task 39
79 Worker 3 processing task 37 requiring operations [10]
79 Worker 3 forwarding task 37
79 Worker 4 processing task 18 requiring operations [10]
79 Worker 4 forwarding task 18
80 Generated task 40
80 Worker 1 accepting task 40
80 Worker 1 accepting task 35
80 Worker 2 accepting task 39
80 Worker 1 accepting task 37
80 Worker 1 accepting task 18
80 Worker 1 processing task 36 requiring operations [4, 3, 10]
80 Worker 1 performing operation 4 on task 36
80 Worker 2 processing task 38 requiring operations [7]
80 Worker 2 forwarding task 38
80 Worker 3 processing task 20 requiring operations [7]
80 Worker 3 performing operation 7 on task 20
81 Worker 1 accepting task 36
81 Worker 1 accepting task 38
81 Task 20 completed!
81 Worker 1 processing task 26 requiring operations [3]
81 Worker 1 forwarding task 26
81 Worker 2 processing task 39 requiring operations [8, 7]
81 Worker 2 forwarding task 39
82 Generated task 41
82 Worker 4 accepting task 41
82 Worker 4 accepting task 26
82 Worker 0 accepting task 39
82 Worker 1 processing task 34 requiring operations [5]
82 Worker 1 performing operation 5 on task 34
82 Worker 4 processing task 41 requiring operations [8, 6, 1]
82 Worker 4 forwarding task 41
82 Worker 0 processing task 39 requiring operations [8, 7]
82 Worker 0 performing operation 8 on task 39
83 Task 34 completed!
83 Worker 0 accepting task 41
83 Worker 0 accepting task 39
83 Worker 1 processing task 30 requiring operations [2, 7]
83 Worker 1 forwarding task 30
83 Worker 4 processing task 26 requiring operations [3]
83 Worker 4 performing operation 3 on task 26
83 Worker 0 processing task 41 requiring operations [8, 6, 1]
83 Worker 0 performing operation 8 on task 41
84 Generated task 42
84 Worker 0 accepting task 42
84 Worker 4 accepting task 30
84 Task 26 completed!
84 Worker 0 accepting task 41
84 Worker 1 processing task 32 requiring operations [8]
84 Worker 1 forwarding task 32
84 Worker 4 processing task 30 requiring operations [2, 7]
84 Worker 4 forwarding task 30
84 Worker 0 processing task 39 requiring operations [7]
84 Worker 0 forwarding task 39
85 Worker 3 accepting task 32
85 Worker 1 accepting task 30
85 Worker 2 accepting task 39
85 Worker 1 processing task 24 requiring operations [1, 10]
85 Worker 1 forwarding task 24
85 Worker 0 processing task 42 requiring operations [4, 6, 2]
85 Worker 0 performing operation 4 on task 42
85 Worker 3 processing task 32 requiring operations [8]
85 Worker 3 forwarding task 32
85 Worker 2 processing task 39 requiring operations [7]
85 Worker 2 forwarding task 39
86 Generated task 43
86 Worker 4 accepting task 43
86 Worker 3 accepting task 24
86 Worker 0 accepting task 42
86 Worker 0 accepting task 32
86 Worker 0 accepting task 39
86 Worker 1 processing task 33 requiring operations [10]
86 Worker 1 forwarding task 33
86 Worker 0 processing task 41 requiring operations [6, 1]
86 Worker 0 forwarding task 41
86 Worker 3 processing task 24 requiring operations [1, 10]
86 Worker 3 forwarding task 24
86 Worker 4 processing task 43 requiring operations [7, 5, 10]
86 Worker 4 forwarding task 43
87 Worker 3 accepting task 33
87 Worker 4 accepting task 41
87 Worker 0 accepting task 24
87 Worker 1 accepting task 43
87 Worker 1 processing task 25 requiring operations [7]
87 Worker 1 forwarding task 25
87 Worker 0 processing task 42 requiring operations [6, 2]
87 Worker 0 forwarding task 42
87 Worker 3 processing task 33 requiring operations [10]
87 Worker 3 forwarding task 33
87 Worker 4 processing task 41 requiring operations [6, 1]
87 Worker 4 forwarding task 41
88 Generated task 44
88 Worker 4 accepting task 44
88 Worker 3 accepting task 25
88 Worker 1 accepting task 42
88 Worker 0 accepting task 33
88 Worker 1 accepting task 41
88 Worker 1 processing task 27 requiring operations [3]
88 Worker 1 forwarding task 27
88 Worker 0 processing task 32 requiring operations [8]
88 Worker 0 performing operation 8 on task 32
88 Worker 3 processing task 25 requiring operations [7]
88 Worker 3 performing operation 7 on task 25
88 Worker 4 processing task 44 requiring operations [7, 4, 3]
88 Worker 4 performing operation 3 on task 44
89 Worker 0 accepting task 27
89 Task 32 completed!
89 Task 25 completed!
89 Worker 4 accepting task 44
89 Worker 1 processing task 29 requiring operations [2]
89 Worker 1 forwarding task 29
89 Worker 0 processing task 39 requiring operations [7]
89 Worker 0 forwarding task 39
89 Worker 4 processing task 44 requiring operations [7, 4]
89 Worker 4 forwarding task 44
90 Generated task 45
90 Worker 1 accepting task 45
90 Worker 3 accepting task 29
90 Worker 2 accepting task 39
90 Worker 0 accepting task 44
90 Worker 1 processing task 40 requiring operations [5, 3, 1]
90 Worker 1 performing operation 5 on task 40
90 Worker 0 processing task 24 requiring operations [1, 10]
90 Worker 0 forwarding task 24
90 Worker 3 processing task 29 requiring operations [2]
90 Worker 3 performing operation 2 on task 29
90 Worker 2 processing task 39 requiring operations [7]
90 Worker 2 forwarding task 39
91 Worker 1 accepting task 40
91 Worker 3 accepting task 24
91 Task 29 completed!
91 Worker 0 accepting task 39
91 Worker 1 processing task 35 requiring operations [8, 1]
91 Worker 1 forwarding task 35
91 Worker 0 processing task 33 requiring operations [10]
91 Worker 0 forwarding task 33
91 Worker 3 processing task 24 requiring operations [1, 10]
91 Worker 3 forwarding task 24
92 Generated task 46
92 Worker 4 accepting task 46
92 Worker 3 accepting task 35
92 Worker 1 accepting task 33
92 Worker 0 accepting task 24
92 Worker 1 processing task 37 requiring operations [10]
92 Worker 1 forwarding task 37
92 Worker 0 processing task 27 requiring operations [3]
92 Worker 0 forwarding task 27
92 Worker 3 processing task 35 requiring operations [8, 1]
92 Worker 3 forwarding task 35
92 Worker 4 processing task 46 requiring operations [6, 8, 7]
92 Worker 4 forwarding task 46
93 Worker 4 accepting task 37
93 Worker 1 accepting task 27
93 Worker 1 accepting task 35
93 Worker 0 accepting task 46
93 Worker 1 processing task 18 requiring operations [10]
93 Worker 1 forwarding task 18
93 Worker 0 processing task 44 requiring operations [7, 4]
93 Worker 0 performing operation 4 on task 44
93 Worker 4 processing task 37 requiring operations [10]
93 Worker 4 forwarding task 37
94 Generated task 47
94 Worker 3 accepting task 47
94 Worker 2 accepting task 18
94 Worker 0 accepting task 44
94 Worker 0 accepting task 37
94 Worker 1 processing task 36 requiring operations [3, 10]
94 Worker 1 forwarding task 36
94 Worker 0 processing task 39 requiring operations [7]
94 Worker 0 forwarding task 39
94 Worker 3 processing task 47 requiring operations [7, 6, 1]
94 Worker 3 performing operation 7 on task 47
94 Worker 2 processing task 18 requiring operations [10]
94 Worker 2 performing operation 10 on task 18
95 Worker 0 accepting task 36
95 Worker 1 accepting task 39
95 Worker 3 accepting task 47
95 Task 18 completed!
95 Worker 1 processing task 38 requiring operations [7]
95 Worker 1 forwarding task 38
95 Worker 0 processing task 24 requiring operations [1, 10]
95 Worker 0 forwarding task 24
95 Worker 3 processing task 47 requiring operations [6, 1]
95 Worker 3 forwarding task 47
96 Generated task 48
96 Worker 2 accepting task 48
96 Worker 3 accepting task 38
96 Worker 3 accepting task 24
96 Worker 0 accepting task 47
96 Worker 1 processing task 30 requiring operations [2, 7]
96 Worker 1 forwarding task 30
96 Worker 0 processing task 46 requiring operations [6, 8, 7]
96 Worker 0 performing operation 8 on task 46
96 Worker 3 processing task 38 requiring operations [7]
96 Worker 3 performing operation 7 on task 38
96 Worker 2 processing task 48 requiring operations [9, 6, 10]
96 Worker 2 performing operation 10 on task 48
97 Worker 0 accepting task 30
97 Worker 0 accepting task 46
97 Task 38 completed!
97 Worker 2 accepting task 48
97 Worker 1 processing task 43 requiring operations [7, 5, 10]
97 Worker 1 performing operation 5 on task 43
97 Worker 0 processing task 44 requiring operations [7]
97 Worker 0 forwarding task 44
97 Worker 3 processing task 24 requiring operations [1, 10]
97 Worker 3 forwarding task 24
97 Worker 2 processing task 48 requiring operations [9, 6]
97 Worker 2 forwarding task 48
98 Generated task 49
98 Worker 0 accepting task 49
98 Worker 1 accepting task 43
98 Worker 4 accepting task 44
98 Worker 0 accepting task 24
98 Worker 1 accepting task 48
98 Worker 1 processing task 42 requiring operations [6, 2]
98 Worker 1 performing operation 6 on task 42
98 Worker 0 processing task 37 requiring operations [10]
98 Worker 0 forwarding task 37
98 Worker 4 processing task 44 requiring operations [7]
98 Worker 4 forwarding task 44
99 Worker 1 accepting task 42
99 Worker 2 accepting task 37
99 Worker 1 accepting task 44
99 Worker 1 processing task 41 requiring operations [6, 1]
99 Worker 1 performing operation 6 on task 41
99 Worker 0 processing task 36 requiring operations [3, 10]
99 Worker 0 forwarding task 36
99 Worker 2 processing task 37 requiring operations [10]
99 Worker 2 performing operation 10 on task 37
100 Generated task 50
100 Worker 0 accepting task 50
100 Worker 1 accepting task 41
100 Worker 4 accepting task 36
100 Task 37 completed!
100 Worker 1 processing task 45 requiring operations [9, 6, 2]
100 Worker 1 performing operation 9 on task 45
100 Worker 0 processing task 47 requiring operations [6, 1]
100 Worker 0 forwarding task 47
100 Worker 4 processing task 36 requiring operations [3, 10]
100 Worker 4 performing operation 3 on task 36
101 Worker 1 accepting task 45
101 Worker 1 accepting task 47
101 Worker 4 accepting task 36
101 Worker 1 processing task 40 requiring operations [3, 1]
101 Worker 1 forwarding task 40
101 Worker 0 processing task 30 requiring operations [2, 7]
101 Worker 0 forwarding task 30
101 Worker 4 processing task 36 requiring operations [10]
101 Worker 4 forwarding task 36
102 Generated task 51
102 Worker 0 accepting task 51
102 Worker 0 accepting task 40
102 Worker 2 accepting task 30
102 Worker 1 accepting task 36
102 Worker 1 processing task 33 requiring operations [10]
102 Worker 1 forwarding task 33
102 Worker 0 processing task 46 requiring operations [6, 7]
102 Worker 0 forwarding task 46
102 Worker 2 processing task 30 requiring operations [2, 7]
102 Worker 2 forwarding task 30
103 Worker 3 accepting task 33
103 Worker 3 accepting task 46
103 Worker 0 accepting task 30
103 Worker 1 processing task 27 requiring operations [3]
103 Worker 1 forwarding task 27
103 Worker 0 processing task 49 requiring operations [5, 3, 4]
103 Worker 0 performing operation 4 on task 49
103 Worker 3 processing task 33 requiring operations [10]
103 Worker 3 forwarding task 33
104 Generated task 52
104 Worker 2 accepting task 52
104 Worker 2 accepting task 27
104 Worker 0 accepting task 49
104 Worker 0 accepting task 33
104 Worker 1 processing task 35 requiring operations [8, 1]
104 Worker 1 forwarding task 35
104 Worker 0 processing task 24 requiring operations [1, 10]
104 Worker 0 forwarding task 24
104 Worker 3 processing task 46 requiring operations [6, 7]
104 Worker 3 performing operation 7 on task 46
104 Worker 2 processing task 52 requiring operations [6, 9, 3]
104 Worker 2 forwarding task 52
105 Worker 2 accepting task 35
105 Worker 2 accepting task 24
105 Worker 3 accepting task 46
105 Worker 1 accepting task 52
105 Worker 1 processing task 39 requiring operations [7]
105 Worker 1 forwarding task 39
105 Worker 0 processing task 50 requiring operations [9, 6, 4]
105 Worker 0 performing operation 4 on task 50
105 Worker 3 processing task 46 requiring operations [6]
105 Worker 3 forwarding task 46
105 Worker 2 processing task 27 requiring operations [3]
105 Worker 2 forwarding task 27
106 Generated task 53
106 Worker 3 accepting task 53
106 Worker 3 accepting task 39
106 Worker 0 accepting task 50
106 Worker 1 accepting task 46
106 Worker 1 accepting task 27
106 Worker 1 processing task 43 requiring operations [7, 10]
106 Worker 1 forwarding task 43
106 Worker 0 processing task 51 requiring operations [4, 8, 1]
106 Worker 0 performing operation 8 on task 51
106 Worker 3 processing task 53 requiring operations [5, 4, 6]
106 Worker 3 performing operation 5 on task 53
106 Worker 2 processing task 35 requiring operations [8, 1]
106 Worker 2 performing operation 1 on task 35
107 Worker 4 accepting task 43
107 Worker 0 accepting task 51
107 Worker 3 accepting task 53
107 Worker 2 accepting task 35
107 Worker 1 processing task 48 requiring operations [9, 6]
107 Worker 1 performing operation 6 on task 48
107 Worker 0 processing task 40 requiring operations [3, 1]
107 Worker 0 forwarding task 40
107 Worker 3 processing task 39 requiring operations [7]
107 Worker 3 performing operation 7 on task 39
107 Worker 2 processing task 24 requiring operations [1, 10]
107 Worker 2 performing operation 1 on task 24
107 Worker 4 processing task 43 requiring operations [7, 10]
107 Worker 4 forwarding task 43
108 Generated task 54
108 Worker 1 accepting task 54
108 Worker 1 accepting task 48
108 Worker 1 accepting task 40
108 Task 39 completed!
108 Worker 2 accepting task 24
108 Worker 0 accepting task 43
108 Worker 1 processing task 42 requiring operations [2]
108 Worker 1 forwarding task 42
108 Worker 0 processing task 30 requiring operations [2, 7]
108 Worker 0 forwarding task 30
108 Worker 3 processing task 53 requiring operations [4, 6]
108 Worker 3 performing operation 4 on task 53
108 Worker 2 processing task 35 requiring operations [8]
108 Worker 2 forwarding task 35
109 Worker 3 accepting task 42
109 Worker 3 accepting task 30
109 Worker 3 accepting task 53
109 Worker 1 accepting task 35
109 Worker 1 processing task 44 requiring operations [7]
109 Worker 1 forwarding task 44
109 Worker 0 processing task 49 requiring operations [5, 3]
109 Worker 0 forwarding task 49
109 Worker 3 processing task 42 requiring operations [2]
109 Worker 3 performing operation 2 on task 42
109 Worker 2 processing task 24 requiring operations [10]
109 Worker 2 performing operation 10 on task 24
110 Generated task 55
110 Worker 0 accepting task 55
110 Worker 0 accepting task 44
110 Worker 2 accepting task 49
110 Task 42 completed!
110 Task 24 completed!
110 Worker 1 processing task 41 requiring operations [1]
110 Worker 1 forwarding task 41
110 Worker 0 processing task 33 requiring operations [10]
110 Worker 0 forwarding task 33
110 Worker 3 processing task 30 requiring operations [2, 7]
110 Worker 3 performing operation 2 on task 30
110 Worker 2 processing task 49 requiring operations [5, 3]
110 Worker 2 forwarding task 49
111 Worker 0 accepting task 41
111 Worker 3 accepting task 33
111 Worker 3 accepting task 30
111 Worker 0 accepting task 49
111 Worker 1 processing task 45 requiring operations [6, 2]
111 Worker 1 performing operation 6 on task 45
111 Worker 0 processing task 50 requiring operations [9, 6]
111 Worker 0 forwarding task 50
111 Worker 3 processing task 53 requiring operations [6]
111 Worker 3 forwarding task 53
112 Generated task 56
112 Worker 2 accepting task 56
112 Worker 1 accepting task 45
112 Worker 1 accepting task 50
112 Worker 0 accepting task 53
112 Worker 1 processing task 47 requiring operations [6, 1]
112 Worker 1 performing operation 6 on task 47
112 Worker 0 processing task 51 requiring operations [4, 1]
112 Worker 0 performing operation 4 on task 51
112 Worker 3 processing task 33 requiring operations [10]
112 Worker 3 forwarding task 33
112 Worker 2 processing task 56 requiring operations [5, 2, 1]
112 Worker 2 performing operation 1 on task 56
113 Worker 1 accepting task 47
113 Worker 0 accepting task 51
113 Worker 0 accepting task 33
113 Worker 2 accepting task 56
113 Worker 1 processing task 36 requiring operations [10]
113 Worker 1 forwarding task 36
113 Worker 0 processing task 43 requiring operations [7, 10]
113 Worker 0 forwarding task 43
113 Worker 3 processing task 30 requiring operations [7]
113 Worker 3 performing operation 7 on task 30
113 Worker 2 processing task 56 requiring operations [5, 2]
113 Worker 2 forwarding task 56
114 Generated task 57
114 Worker 3 accepting task 57
114 Worker 3 accepting task 36
114 Worker 2 accepting task 43
114 Task 30 completed!
114 Worker 1 accepting task 56
114 Worker 1 processing task 52 requiring operations [6, 9, 3]
114 Worker 1 performing operation 9 on task 52
114 Worker 0 processing task 55 requiring operations [5, 8, 9]
114 Worker 0 performing operation 8 on task 55
114 Worker 3 processing task 57 requiring operations [9, 1, 3]
114 Worker 3 forwarding task 57
114 Worker 2 processing task 43 requiring operations [7, 10]
114 Worker 2 performing operation 10 on task 43
115 Worker 1 accepting task 52
115 Worker 0 accepting task 55
115 Worker 1 accepting task 57
115 Worker 2 accepting task 43
115 Worker 1 processing task 46 requiring operations [6]
115 Worker 1 performing operation 6 on task 46
115 Worker 0 processing task 44 requiring operations [7]
115 Worker 0 forwarding task 44
115 Worker 3 processing task 36 requiring operations [10]
115 Worker 3 forwarding task 36
115 Worker 2 processing task 43 requiring operations [7]
115 Worker 2 forwarding task 43
116 Generated task 58
116 Worker 2 accepting task 58
116 Task 46 completed!
116 Worker 2 accepting task 44
116 Worker 0 accepting task 36
116 Worker 0 accepting task 43
116 Worker 1 processing task 27 requiring operations [3]
116 Worker 1 forwarding task 27
116 Worker 0 processing task 41 requiring operations [1]
116 Worker 0 forwarding task 41
116 Worker 2 processing task 58 requiring operations [9, 10, 7]
116 Worker 2 performing operation 10 on task 58
117 Worker 3 accepting task 27
117 Worker 1 accepting task 41
117 Worker 2 accepting task 58
117 Worker 1 processing task 54 requiring operations [10, 1, 8]
117 Worker 1 forwarding task 54
117 Worker 0 processing task 49 requiring operations [5, 3]
117 Worker 0 forwarding task 49
117 Worker 2 processing task 44 requiring operations [7]
117 Worker 2 forwarding task 44
117 Worker 3 processing task 27 requiring operations [3]
117 Worker 3 forwarding task 27
118 Generated task 59
118 Worker 0 accepting task 59
118 Worker 2 accepting task 54
118 Worker 3 accepting task 49
118 Worker 1 accepting task 44
118 Worker 0 accepting task 27
118 Worker 1 processing task 48 requiring operations [9]
118 Worker 1 performing operation 9 on task 48
118 Worker 0 processing task 53 requiring operations [6]
118 Worker 0 forwarding task 53
118 Worker 2 processing task 58 requiring operations [9, 7]
118 Worker 2 forwarding task 58
118 Worker 3 processing task 49 requiring operations [5, 3]
118 Worker 3 performing operation 5 on task 49
119 Task 48 completed!
119 Worker 2 accepting task 53
119 Worker 1 accepting task 58
119 Worker 3 accepting task 49
119 Worker 1 processing task 40 requiring operations [3, 1]
119 Worker 1 forwarding task 40
119 Worker 0 processing task 51 requiring operations [1]
119 Worker 0 forwarding task 51
119 Worker 2 processing task 54 requiring operations [10, 1, 8]
119 Worker 2 performing operation 10 on task 54
119 Worker 3 processing task 49 requiring operations [3]
119 Worker 3 forwarding task 49
120 Generated task 60
120 Worker 0 accepting task 60
120 Worker 3 accepting task 40
120 Worker 4 accepting task 51
120 Worker 2 accepting task 54
120 Worker 0 accepting task 49
120 Worker 1 processing task 35 requiring operations [8]
120 Worker 1 forwarding task 35
120 Worker 0 processing task 33 requiring operations [10]
120 Worker 0 forwarding task 33
120 Worker 2 processing task 53 requiring operations [6]
120 Worker 2 forwarding task 53
120 Worker 3 processing task 40 requiring operations [3, 1]
120 Worker 3 forwarding task 40
120 Worker 4 processing task 51 requiring operations [1]
120 Worker 4 forwarding task 51
121 Worker 0 accepting task 35
121 Worker 1 accepting task 33
121 Worker 0 accepting task 53
121 Worker 0 accepting task 40
121 Worker 0 accepting task 51
121 Worker 1 processing task 45 requiring operations [2]
121 Worker 1 forwarding task 45
121 Worker 0 processing task 55 requiring operations [5, 9]
121 Worker 0 forwarding task 55
121 Worker 2 processing task 54 requiring operations [1, 8]
121 Worker 2 performing operation 1 on task 54
122 Generated task 61
122 Worker 3 accepting task 61
122 Worker 3 accepting task 45
122 Worker 1 accepting task 55
122 Worker 2 accepting task 54
122 Worker 1 processing task 50 requiring operations [9, 6]
122 Worker 1 performing operation 6 on task 50
122 Worker 0 processing task 36 requiring operations [10]
122 Worker 0 forwarding task 36
122 Worker 2 processing task 54 requiring operations [8]
122 Worker 2 forwarding task 54
122 Worker 3 processing task 61 requiring operations [2, 10, 5]
122 Worker 3 performing operation 5 on task 61
123 Worker 1 accepting task 50
123 Worker 2 accepting task 36
123 Worker 0 accepting task 54
123 Worker 3 accepting task 61
123 Worker 1 processing task 47 requiring operations [1]
123 Worker 1 forwarding task 47
123 Worker 0 processing task 43 requiring operations [7]
123 Worker 0 forwarding task 43
123 Worker 2 processing task 36 requiring operations [10]
123 Worker 2 performing operation 10 on task 36
123 Worker 3 processing task 45 requiring operations [2]
123 Worker 3 performing operation 2 on task 45
124 Generated task 62
124 Worker 2 accepting task 62
124 Worker 2 accepting task 47
124 Worker 1 accepting task 43
124 Task 36 completed!
124 Task 45 completed!
124 Worker 1 processing task 56 requiring operations [5, 2]
124 Worker 1 performing operation 5 on task 56
124 Worker 0 processing task 59 requiring operations [5, 7, 9]
124 Worker 0 forwarding task 59
124 Worker 2 processing task 62 requiring operations [9, 8, 4]
124 Worker 2 forwarding task 62
124 Worker 3 processing task 61 requiring operations [2, 10]
124 Worker 3 performing operation 2 on task 61
125 Worker 1 accepting task 56
125 Worker 3 accepting task 59
125 Worker 1 accepting task 62
125 Worker 3 accepting task 61
125 Worker 1 processing task 52 requiring operations [6, 3]
125 Worker 1 performing operation 6 on task 52
125 Worker 0 processing task 27 requiring operations [3]
125 Worker 0 forwarding task 27
125 Worker 2 processing task 47 requiring operations [1]
125 Worker 2 performing operation 1 on task 47
125 Worker 3 processing task 59 requiring operations [5, 7, 9]
125 Worker 3 performing operation 5 on task 59
126 Generated task 63
126 Worker 0 accepting task 63
126 Worker 1 accepting task 52
126 Worker 3 accepting task 27
126 Task 47 completed!
126 Worker 3 accepting task 59
126 Worker 1 processing task 57 requiring operations [9, 1, 3]
126 Worker 1 performing operation 9 on task 57
126 Worker 0 processing task 60 requiring operations [6, 10, 8]
126 Worker 0 performing operation 8 on task 60
126 Worker 3 processing task 61 requiring operations [10]
126 Worker 3 forwarding task 61
127 Worker 1 accepting task 57
127 Worker 0 accepting task 60
127 Worker 1 accepting task 61
127 Worker 1 processing task 41 requiring operations [1]
127 Worker 1 forwarding task 41
127 Worker 0 processing task 49 requiring operations [3]
127 Worker 0 forwarding task 49
127 Worker 3 processing task 27 requiring operations [3]
127 Worker 3 forwarding task 27
128 Generated task 64
128 Worker 4 accepting task 64
128 Worker 3 accepting task 41
128 Worker 2 accepting task 49
128 Worker 1 accepting task 27
128 Worker 1 processing task 44 requiring operations [7]
128 Worker 1 forwarding task 44
128 Worker 0 processing task 35 requiring operations [8]
128 Worker 0 performing operation 8 on task 35
128 Worker 3 processing task 59 requiring operations [7, 9]
128 Worker 3 performing operation 7 on task 59
128 Worker 4 processing task 64 requiring operations [7, 4, 9]
128 Worker 4 performing operation 9 on task 64
128 Worker 2 processing task 49 requiring operations [3]
128 Worker 2 forwarding task 49
129 Worker 4 accepting task 44
129 Task 35 completed!
129 Worker 3 accepting task 59
129 Worker 4 accepting task 64
129 Worker 1 accepting task 49
129 Worker 1 processing task 58 requiring operations [9, 7]
129 Worker 1 performing operation 9 on task 58
129 Worker 0 processing task 53 requiring operations [6]
129 Worker 0 forwarding task 53
129 Worker 3 processing task 41 requiring operations [1]
129 Worker 3 forwarding task 41
129 Worker 4 processing task 44 requiring operations [7]
129 Worker 4 forwarding task 44
130 Generated task 65
130 Worker 2 accepting task 65
130 Worker 1 accepting task 58
130 Worker 1 accepting task 53
130 Worker 0 accepting task 41
130 Worker 1 accepting task 44
130 Worker 1 processing task 33 requiring operations [10]
130 Worker 1 forwarding task 33
130 Worker 0 processing task 40 requiring operations [3, 1]
130 Worker 0 forwarding task 40
130 Worker 3 processing task 59 requiring operations [9]
130 Worker 3 forwarding task 59
130 Worker 4 processing task 64 requiring operations [7, 4]
130 Worker 4 forwarding task 64
130 Worker 2 processing task 65 requiring operations [6, 7, 3]
130 Worker 2 forwarding task 65
131 Worker 4 accepting task 33
131 Worker 3 accepting task 40
131 Worker 1 accepting task 59
131 Worker 1 accepting task 64
131 Worker 0 accepting task 65
131 Worker 1 processing task 55 requiring operations [5, 9]
131 Worker 1 performing operation 5 on task 55
131 Worker 0 processing task 51 requiring operations [1]
131 Worker 0 forwarding task 51
131 Worker 3 processing task 40 requiring operations [3, 1]
131 Worker 3 forwarding task 40
131 Worker 4 processing task 33 requiring operations [10]
131 Worker 4 forwarding task 33
132 Generated task 66
132 Worker 4 accepting task 66
132 Worker 1 accepting task 55
132 Worker 1 accepting task 51
132 Worker 1 accepting task 40
132 Worker 0 accepting task 33
132 Worker 1 processing task 50 requiring operations [9]
132 Worker 1 performing operation 9 on task 50
132 Worker 0 processing task 54 requiring operations [8]
132 Worker 0 performing operation 8 on task 54
132 Worker 4 processing task 66 requiring operations [8, 7, 6]
132 Worker 4 forwarding task 66
133 Task 50 completed!
133 Task 54 completed!
133 Worker 1 accepting task 66
133 Worker 1 processing task 43 requiring operations [7]
133 Worker 1 forwarding task 43
133 Worker 0 processing task 63 requiring operations [2, 6, 9]
133 Worker 0 forwarding task 63
134 Generated task 67
134 Worker 3 accepting task 67
134 Worker 0 accepting task 43
134 Worker 1 accepting task 63
134 Worker 1 processing task 56 requiring operations [2]
134 Worker 1 forwarding task 56
134 Worker 0 processing task 60 requiring operations [6, 10]
134 Worker 0 forwarding task 60
134 Worker 3 processing task 67 requiring operations [2, 1, 10]
134 Worker 3 performing operation 2 on task 67
135 Worker 2 accepting task 56
135 Worker 3 accepting task 60
135 Worker 3 accepting task 67
135 Worker 1 processing task 62 requiring operations [9, 8, 4]
135 Worker 1 performing operation 9 on task 62
135 Worker 0 processing task 41 requiring operations [1]
135 Worker 0 forwarding task 41
135 Worker 3 processing task 60 requiring operations [6, 10]
135 Worker 3 forwarding task 60
135 Worker 2 processing task 56 requiring operations [2]
135 Worker 2 forwarding task 56
136 Generated task 68
136 Worker 1 accepting task 68
136 Worker 1 accepting task 62
136 Worker 2 accepting task 41
136 Worker 1 accepting task 60
136 Worker 0 accepting task 56
136 Worker 1 processing task 52 requiring operations [3]
136 Worker 1 forwarding task 52
136 Worker 0 processing task 65 requiring operations [6, 7, 3]
136 Worker 0 forwarding task 65
136 Worker 3 processing task 67 requiring operations [1, 10]
136 Worker 3 forwarding task 67
136 Worker 2 processing task 41 requiring operations [1]
136 Worker 2 performing operation 1 on task 41
137 Worker 0 accepting task 52
137 Worker 4 accepting task 65
137 Worker 1 accepting task 67
137 Task 41 completed!
137 Worker 1 processing task 57 requiring operations [1, 3]
137 Worker 1 forwarding task 57
137 Worker 0 processing task 33 requiring operations [10]
137 Worker 0 forwarding task 33
137 Worker 4 processing task 65 requiring operations [6, 7, 3]
137 Worker 4 performing operation 3 on task 65
138 Generated task 69
138 Worker 3 accepting task 69
138 Worker 4 accepting task 57
138 Worker 2 accepting task 33
138 Worker 4 accepting task 65
138 Worker 1 processing task 61 requiring operations [10]
138 Worker 1 forwarding task 61
138 Worker 0 processing task 43 requiring operations [7]
138 Worker 0 forwarding task 43
138 Worker 4 processing task 57 requiring operations [1, 3]
138 Worker 4 performing operation 3 on task 57
138 Worker 3 processing task 69 requiring operations [4, 2, 1]
138 Worker 3 performing operation 4 on task 69
138 Worker 2 processing task 33 requiring operations [10]
138 Worker 2 performing operation 10 on task 33
139 Worker 4 accepting task 61
139 Worker 1 accepting task 43
139 Worker 4 accepting task 57
139 Worker 3 accepting task 69
139 Task 33 completed!
139 Worker 1 processing task 27 requiring operations [3]
139 Worker 1 forwarding task 27
139 Worker 0 processing task 56 requiring operations [2]
139 Worker 0 forwarding task 56
139 Worker 4 processing task 65 requiring operations [6, 7]
139 Worker 4 forwarding task 65
139 Worker 3 processing task 69 requiring operations [2, 1]
139 Worker 3 performing operation 2 on task 69
140 Generated task 70
140 Worker 4 accepting task 70
140 Worker 3 accepting task 27
140 Worker 4 accepting task 56
140 Worker 1 accepting task 65
140 Worker 3 accepting task 69
140 Worker 1 processing task 49 requiring operations [3]
140 Worker 1 forwarding task 49
140 Worker 0 processing task 52 requiring operations [3]
140 Worker 0 forwarding task 52
140 Worker 4 processing task 61 requiring operations [10]
140 Worker 4 forwarding task 61
140 Worker 3 processing task 27 requiring operations [3]
140 Worker 3 forwarding task 27
