Worker 0 can perform operations {9, 4, 6}
Worker 1 can perform operations {8, 10, 5}
Worker 2 can perform operations {1, 2, 4, 7}
Worker 3 can perform operations {9, 6}
Worker 4 can perform operations {10, 3, 5}
Building network type random
Worker 0 connecting to worker 4
Worker 4 connecting to worker 0
Worker 0 connecting to worker 1
Worker 1 connecting to worker 0
Worker 1 connecting to worker 2
Worker 2 connecting to worker 1
Worker 2 connecting to worker 4
Worker 4 connecting to worker 2
Worker 3 connecting to worker 2
Worker 2 connecting to worker 3
Worker 3 connecting to worker 4
Worker 4 connecting to worker 3
Entry nodes are [0, 1, 2, 3, 4]
0 Generated task 0
0 Worker 3 accepting task 0
0 Worker 3 processing task 0 requiring operations [7, 9, 1]
0 Worker 3 performing operation 9 on task 0
1 Worker 3 accepting task 0
1 Worker 3 processing task 0 requiring operations [7, 1]
1 Worker 3 forwarding task 0
2 Generated task 1
2 Worker 2 accepting task 1
2 Worker 4 accepting task 0
2 Worker 2 processing task 1 requiring operations [5, 7, 2]
2 Worker 2 performing operation 7 on task 1
2 Worker 4 processing task 0 requiring operations [7, 1]
2 Worker 4 forwarding task 0
3 Worker 2 accepting task 1
3 Worker 2 accepting task 0
3 Worker 2 processing task 1 requiring operations [5, 2]
3 Worker 2 performing operation 2 on task 1
4 Generated task 2
4 Worker 2 accepting task 2
4 Worker 2 accepting task 1
4 Worker 2 processing task 0 requiring operations [7, 1]
4 Worker 2 performing operation 7 on task 0
5 Worker 2 accepting task 0
5 Worker 2 processing task 2 requiring operations [8, 2, 3]
5 Worker 2 performing operation 2 on task 2
6 Generated task 3
6 Worker 2 accepting task 3
6 Worker 2 accepting task 2
6 Worker 2 processing task 1 requiring operations [5]
6 Worker 2 forwarding task 1
7 Worker 3 accepting task 1
7 Worker 2 processing task 0 requiring operations [1]
7 Worker 2 performing operation 1 on task 0
7 Worker 3 processing task 1 requiring operations [5]
7 Worker 3 forwarding task 1
8 Generated task 4
8 Worker 2 accepting task 4
8 Task 0 completed!
8 Worker 2 accepting task 1
8 Worker 2 processing task 3 requiring operations [4, 10, 7]
8 Worker 2 performing operation 7 on task 3
9 Worker 2 accepting task 3
9 Worker 2 processing task 2 requiring operations [8, 3]
9 Worker 2 forwarding task 2
10 Generated task 5
10 Worker 3 accepting task 5
10 Worker 1 accepting task 2
10 Worker 2 processing task 4 requiring operations [5, 9, 1]
10 Worker 2 performing operation 1 on task 4
10 Worker 3 processing task 5 requiring operations [4, 10, 8]
10 Worker 3 forwarding task 5
10 Worker 1 processing task 2 requiring operations [8, 3]
10 Worker 1 performing operation 8 on task 2
11 Worker 2 accepting task 4
11 Worker 4 accepting task 5
11 Worker 1 accepting task 2
11 Worker 2 processing task 1 requiring operations [5]
11 Worker 2 forwarding task 1
11 Worker 1 processing task 2 requiring operations [3]
11 Worker 1 forwarding task 2
11 Worker 4 processing task 5 requiring operations [4, 10, 8]
11 Worker 4 performing operation 10 on task 5
12 Generated task 6
12 Worker 3 accepting task 6
12 Worker 3 accepting task 1
12 Worker 0 accepting task 2
12 Worker 4 accepting task 5
12 Worker 2 processing task 3 requiring operations [4, 10]
12 Worker 2 performing operation 4 on task 3
12 Worker 4 processing task 5 requiring operations [4, 8]
12 Worker 4 forwarding task 5
12 Worker 3 processing task 6 requiring operations [9, 6, 3]
12 Worker 3 performing operation 9 on task 6
12 Worker 0 processing task 2 requiring operations [3]
12 Worker 0 forwarding task 2
13 Worker 2 accepting task 3
13 Worker 3 accepting task 5
13 Worker 3 accepting task 6
13 Worker 4 accepting task 2
13 Worker 2 processing task 4 requiring operations [5, 9]
13 Worker 2 forwarding task 4
13 Worker 3 processing task 1 requiring operations [5]
13 Worker 3 forwarding task 1
13 Worker 4 processing task 2 requiring operations [3]
13 Worker 4 performing operation 3 on task 2
14 Generated task 7
14 Worker 1 accepting task 7
14 Worker 1 accepting task 4
14 Worker 4 accepting task 1
14 Task 2 completed!
14 Worker 2 processing task 3 requiring operations [10]
14 Worker 2 forwarding task 3
14 Worker 3 processing task 5 requiring operations [4, 8]
14 Worker 3 forwarding task 5
14 Worker 4 processing task 1 requiring operations [5]
14 Worker 4 performing operation 5 on task 1
14 Worker 1 processing task 7 requiring operations [8, 3, 2]
14 Worker 1 performing operation 8 on task 7
15 Worker 3 accepting task 3
15 Worker 4 accepting task 5
15 Task 1 completed!
15 Worker 1 accepting task 7
15 Worker 3 processing task 6 requiring operations [6, 3]
15 Worker 3 performing operation 6 on task 6
15 Worker 4 processing task 5 requiring operations [4, 8]
15 Worker 4 forwarding task 5
15 Worker 1 processing task 4 requiring operations [5, 9]
15 Worker 1 performing operation 5 on task 4
16 Generated task 8
16 Worker 1 accepting task 8
16 Worker 3 accepting task 6
16 Worker 0 accepting task 5
16 Worker 1 accepting task 4
16 Worker 3 processing task 3 requiring operations [10]
16 Worker 3 forwarding task 3
16 Worker 1 processing task 7 requiring operations [3, 2]
16 Worker 1 forwarding task 7
16 Worker 0 processing task 5 requiring operations [4, 8]
16 Worker 0 performing operation 4 on task 5
17 Worker 4 accepting task 3
17 Worker 2 accepting task 7
17 Worker 0 accepting task 5
17 Worker 3 processing task 6 requiring operations [3]
17 Worker 3 forwarding task 6
17 Worker 1 processing task 8 requiring operations [6, 5, 10]
17 Worker 1 performing operation 10 on task 8
17 Worker 0 processing task 5 requiring operations [8]
17 Worker 0 forwarding task 5
17 Worker 4 processing task 3 requiring operations [10]
17 Worker 4 performing operation 10 on task 3
17 Worker 2 processing task 7 requiring operations [3, 2]
17 Worker 2 performing operation 2 on task 7
18 Generated task 9
18 Worker 0 accepting task 9
18 Worker 2 accepting task 6
18 Worker 1 accepting task 8
18 Worker 4 accepting task 5
18 Task 3 completed!
18 Worker 2 accepting task 7
18 Worker 1 processing task 4 requiring operations [9]
18 Worker 1 forwarding task 4
18 Worker 0 processing task 9 requiring operations [1, 4, 8]
18 Worker 0 performing operation 4 on task 9
18 Worker 4 processing task 5 requiring operations [8]
18 Worker 4 forwarding task 5
18 Worker 2 processing task 6 requiring operations [3]
18 Worker 2 forwarding task 6
19 Worker 0 accepting task 4
19 Worker 0 accepting task 9
19 Worker 0 accepting task 5
19 Worker 1 accepting task 6
19 Worker 1 processing task 8 requiring operations [6, 5]
19 Worker 1 performing operation 5 on task 8
19 Worker 0 processing task 4 requiring operations [9]
19 Worker 0 performing operation 9 on task 4
19 Worker 2 processing task 7 requiring operations [3]
19 Worker 2 forwarding task 7
20 Generated task 10
20 Worker 1 accepting task 10
20 Worker 1 accepting task 8
20 Task 4 completed!
20 Worker 4 accepting task 7
20 Worker 1 processing task 6 requiring operations [3]
20 Worker 1 forwarding task 6
20 Worker 0 processing task 9 requiring operations [1, 8]
20 Worker 0 forwarding task 9
20 Worker 4 processing task 7 requiring operations [3]
20 Worker 4 performing operation 3 on task 7
21 Worker 0 accepting task 6
21 Worker 1 accepting task 9
21 Task 7 completed!
21 Worker 1 processing task 10 requiring operations [3, 10, 6]
21 Worker 1 performing operation 10 on task 10
21 Worker 0 processing task 5 requiring operations [8]
21 Worker 0 forwarding task 5
22 Generated task 11
22 Worker 2 accepting task 11
22 Worker 1 accepting task 10
22 Worker 1 accepting task 5
22 Worker 1 processing task 8 requiring operations [6]
22 Worker 1 forwarding task 8
22 Worker 0 processing task 6 requiring operations [3]
22 Worker 0 forwarding task 6
22 Worker 2 processing task 11 requiring operations [3, 5, 4]
22 Worker 2 performing operation 4 on task 11
23 Worker 2 accepting task 8
23 Worker 4 accepting task 6
23 Worker 2 accepting task 11
23 Worker 1 processing task 9 requiring operations [1, 8]
23 Worker 1 performing operation 8 on task 9
23 Worker 2 processing task 8 requiring operations [6]
23 Worker 2 forwarding task 8
23 Worker 4 processing task 6 requiring operations [3]
23 Worker 4 performing operation 3 on task 6
24 Generated task 12
24 Worker 1 accepting task 12
24 Worker 1 accepting task 9
24 Worker 4 accepting task 8
24 Task 6 completed!
24 Worker 1 processing task 10 requiring operations [3, 6]
24 Worker 1 forwarding task 10
24 Worker 2 processing task 11 requiring operations [3, 5]
24 Worker 2 forwarding task 11
24 Worker 4 processing task 8 requiring operations [6]
24 Worker 4 forwarding task 8
25 Worker 2 accepting task 10
25 Worker 1 accepting task 11
25 Worker 3 accepting task 8
25 Worker 1 processing task 5 requiring operations [8]
25 Worker 1 performing operation 8 on task 5
25 Worker 2 processing task 10 requiring operations [3, 6]
25 Worker 2 forwarding task 10
25 Worker 3 processing task 8 requiring operations [6]
25 Worker 3 performing operation 6 on task 8
26 Generated task 13
26 Worker 0 accepting task 13
26 Task 5 completed!
26 Worker 1 accepting task 10
26 Task 8 completed!
26 Worker 1 processing task 12 requiring operations [7, 5, 8]
26 Worker 1 performing operation 5 on task 12
26 Worker 0 processing task 13 requiring operations [1, 5, 9]
26 Worker 0 performing operation 9 on task 13
27 Worker 1 accepting task 12
27 Worker 0 accepting task 13
27 Worker 1 processing task 9 requiring operations [1]
27 Worker 1 forwarding task 9
27 Worker 0 processing task 13 requiring operations [1, 5]
27 Worker 0 forwarding task 13
28 Generated task 14
28 Worker 1 accepting task 14
28 Worker 2 accepting task 9
28 Worker 4 accepting task 13
28 Worker 1 processing task 11 requiring operations [3, 5]
28 Worker 1 performing operation 5 on task 11
28 Worker 2 processing task 9 requiring operations [1]
28 Worker 2 performing operation 1 on task 9
28 Worker 4 processing task 13 requiring operations [1, 5]
28 Worker 4 performing operation 5 on task 13
29 Worker 1 accepting task 11
29 Task 9 completed!
29 Worker 4 accepting task 13
29 Worker 1 processing task 10 requiring operations [3, 6]
29 Worker 1 forwarding task 10
29 Worker 4 processing task 13 requiring operations [1]
29 Worker 4 forwarding task 13
30 Generated task 15
30 Worker 1 accepting task 15
30 Worker 2 accepting task 10
30 Worker 2 accepting task 13
30 Worker 1 processing task 12 requiring operations [7, 8]
30 Worker 1 performing operation 8 on task 12
30 Worker 2 processing task 10 requiring operations [3, 6]
30 Worker 2 forwarding task 10
31 Worker 1 accepting task 12
31 Worker 4 accepting task 10
31 Worker 1 processing task 14 requiring operations [9, 10, 7]
31 Worker 1 performing operation 10 on task 14
31 Worker 2 processing task 13 requiring operations [1]
31 Worker 2 performing operation 1 on task 13
31 Worker 4 processing task 10 requiring operations [3, 6]
31 Worker 4 performing operation 3 on task 10
32 Generated task 16
32 Worker 4 accepting task 16
32 Worker 1 accepting task 14
32 Task 13 completed!
32 Worker 4 accepting task 10
32 Worker 1 processing task 11 requiring operations [3]
32 Worker 1 forwarding task 11
32 Worker 4 processing task 16 requiring operations [6, 9, 5]
32 Worker 4 performing operation 5 on task 16
33 Worker 2 accepting task 11
33 Worker 4 accepting task 16
33 Worker 1 processing task 15 requiring operations [8, 2, 10]
33 Worker 1 performing operation 8 on task 15
33 Worker 4 processing task 10 requiring operations [6]
33 Worker 4 forwarding task 10
33 Worker 2 processing task 11 requiring operations [3]
33 Worker 2 forwarding task 11
34 Generated task 17
34 Worker 4 accepting task 17
34 Worker 1 accepting task 15
34 Worker 0 accepting task 10
34 Worker 1 accepting task 11
34 Worker 1 processing task 12 requiring operations [7]
34 Worker 1 forwarding task 12
34 Worker 4 processing task 16 requiring operations [6, 9]
34 Worker 4 forwarding task 16
34 Worker 0 processing task 10 requiring operations [6]
34 Worker 0 performing operation 6 on task 10
35 Worker 0 accepting task 12
35 Worker 0 accepting task 16
35 Task 10 completed!
35 Worker 1 processing task 14 requiring operations [9, 7]
35 Worker 1 forwarding task 14
35 Worker 4 processing task 17 requiring operations [3, 1, 9]
35 Worker 4 performing operation 3 on task 17
35 Worker 0 processing task 12 requiring operations [7]
35 Worker 0 forwarding task 12
36 Generated task 18
36 Worker 3 accepting task 18
36 Worker 0 accepting task 14
36 Worker 4 accepting task 17
36 Worker 1 accepting task 12
36 Worker 1 processing task 15 requiring operations [2, 10]
36 Worker 1 performing operation 10 on task 15
36 Worker 4 processing task 17 requiring operations [1, 9]
36 Worker 4 forwarding task 17
36 Worker 0 processing task 16 requiring operations [6, 9]
36 Worker 0 performing operation 9 on task 16
36 Worker 3 processing task 18 requiring operations [9, 2, 3]
36 Worker 3 performing operation 9 on task 18
37 Worker 1 accepting task 15
37 Worker 0 accepting task 17
37 Worker 0 accepting task 16
37 Worker 3 accepting task 18
37 Worker 1 processing task 11 requiring operations [3]
37 Worker 1 forwarding task 11
37 Worker 0 processing task 14 requiring operations [9, 7]
37 Worker 0 performing operation 9 on task 14
37 Worker 3 processing task 18 requiring operations [2, 3]
37 Worker 3 forwarding task 18
38 Generated task 19
38 Worker 1 accepting task 19
38 Worker 0 accepting task 11
38 Worker 0 accepting task 14
38 Worker 2 accepting task 18
38 Worker 1 processing task 12 requiring operations [7]
38 Worker 1 forwarding task 12
38 Worker 0 processing task 17 requiring operations [1, 9]
38 Worker 0 performing operation 9 on task 17
38 Worker 2 processing task 18 requiring operations [2, 3]
38 Worker 2 performing operation 2 on task 18
39 Worker 2 accepting task 12
39 Worker 0 accepting task 17
39 Worker 2 accepting task 18
39 Worker 1 processing task 15 requiring operations [2]
39 Worker 1 forwarding task 15
39 Worker 0 processing task 16 requiring operations [6]
39 Worker 0 performing operation 6 on task 16
39 Worker 2 processing task 12 requiring operations [7]
39 Worker 2 performing operation 7 on task 12
40 Generated task 20
40 Worker 3 accepting task 20
40 Worker 2 accepting task 15
40 Task 16 completed!
40 Task 12 completed!
40 Worker 1 processing task 19 requiring operations [3, 9, 7]
40 Worker 1 forwarding task 19
40 Worker 0 processing task 11 requiring operations [3]
40 Worker 0 forwarding task 11
40 Worker 2 processing task 18 requiring operations [3]
40 Worker 2 forwarding task 18
40 Worker 3 processing task 20 requiring operations [8, 4, 6]
40 Worker 3 performing operation 6 on task 20
41 Worker 0 accepting task 19
41 Worker 4 accepting task 11
41 Worker 1 accepting task 18
41 Worker 3 accepting task 20
41 Worker 0 processing task 14 requiring operations [7]
41 Worker 0 forwarding task 14
41 Worker 2 processing task 15 requiring operations [2]
41 Worker 2 performing operation 2 on task 15
41 Worker 3 processing task 20 requiring operations [8, 4]
41 Worker 3 forwarding task 20
41 Worker 4 processing task 11 requiring operations [3]
41 Worker 4 performing operation 3 on task 11
41 Worker 1 processing task 18 requiring operations [3]
41 Worker 1 forwarding task 18
42 Generated task 21
42 Worker 1 accepting task 21
42 Worker 1 accepting task 14
42 Task 15 completed!
42 Worker 2 accepting task 20
42 Task 11 completed!
42 Worker 2 accepting task 18
42 Worker 0 processing task 17 requiring operations [1]
42 Worker 0 forwarding task 17
42 Worker 1 processing task 21 requiring operations [5, 2, 10]
42 Worker 1 performing operation 5 on task 21
42 Worker 2 processing task 20 requiring operations [8, 4]
42 Worker 2 performing operation 4 on task 20
43 Worker 1 accepting task 17
43 Worker 1 accepting task 21
43 Worker 2 accepting task 20
43 Worker 0 processing task 19 requiring operations [3, 9, 7]
43 Worker 0 performing operation 9 on task 19
43 Worker 1 processing task 14 requiring operations [7]
43 Worker 1 forwarding task 14
43 Worker 2 processing task 18 requiring operations [3]
43 Worker 2 forwarding task 18
44 Generated task 22
44 Worker 3 accepting task 22
44 Worker 0 accepting task 19
44 Worker 0 accepting task 14
44 Worker 4 accepting task 18
44 Worker 0 processing task 19 requiring operations [3, 7]
44 Worker 0 forwarding task 19
44 Worker 1 processing task 17 requiring operations [1]
44 Worker 1 forwarding task 17
44 Worker 2 processing task 20 requiring operations [8]
44 Worker 2 forwarding task 20
44 Worker 3 processing task 22 requiring operations [6, 3, 8]
44 Worker 3 performing operation 6 on task 22
44 Worker 4 processing task 18 requiring operations [3]
44 Worker 4 performing operation 3 on task 18
45 Worker 1 accepting task 19
45 Worker 0 accepting task 17
45 Worker 1 accepting task 20
45 Worker 3 accepting task 22
45 Task 18 completed!
45 Worker 0 processing task 14 requiring operations [7]
45 Worker 0 forwarding task 14
45 Worker 1 processing task 21 requiring operations [2, 10]
45 Worker 1 performing operation 10 on task 21
45 Worker 3 processing task 22 requiring operations [3, 8]
45 Worker 3 forwarding task 22
46 Generated task 23
46 Worker 2 accepting task 23
46 Worker 1 accepting task 14
46 Worker 1 accepting task 21
46 Worker 2 accepting task 22
46 Worker 0 processing task 17 requiring operations [1]
46 Worker 0 forwarding task 17
46 Worker 1 processing task 19 requiring operations [3, 7]
46 Worker 1 forwarding task 19
46 Worker 2 processing task 23 requiring operations [1, 6, 9]
46 Worker 2 performing operation 1 on task 23
47 Worker 1 accepting task 17
47 Worker 2 accepting task 19
47 Worker 2 accepting task 23
47 Worker 1 processing task 20 requiring operations [8]
47 Worker 1 performing operation 8 on task 20
47 Worker 2 processing task 22 requiring operations [3, 8]
47 Worker 2 forwarding task 22
48 Generated task 24
48 Worker 2 accepting task 24
48 Task 20 completed!
48 Worker 4 accepting task 22
48 Worker 1 processing task 14 requiring operations [7]
48 Worker 1 forwarding task 14
48 Worker 2 processing task 19 requiring operations [3, 7]
48 Worker 2 performing operation 7 on task 19
48 Worker 4 processing task 22 requiring operations [3, 8]
48 Worker 4 performing operation 3 on task 22
49 Worker 0 accepting task 14
49 Worker 2 accepting task 19
49 Worker 4 accepting task 22
49 Worker 1 processing task 21 requiring operations [2]
49 Worker 1 forwarding task 21
49 Worker 2 processing task 23 requiring operations [6, 9]
49 Worker 2 forwarding task 23
49 Worker 4 processing task 22 requiring operations [8]
49 Worker 4 forwarding task 22
49 Worker 0 processing task 14 requiring operations [7]
49 Worker 0 forwarding task 14
50 Generated task 25
50 Worker 4 accepting task 25
50 Worker 0 accepting task 21
50 Worker 3 accepting task 23
50 Worker 2 accepting task 22
50 Worker 1 accepting task 14
50 Worker 1 processing task 17 requiring operations [1]
50 Worker 1 forwarding task 17
50 Worker 2 processing task 24 requiring operations [2, 8, 4]
50 Worker 2 performing operation 4 on task 24
50 Worker 4 processing task 25 requiring operations [1, 7, 9]
50 Worker 4 forwarding task 25
50 Worker 0 processing task 21 requiring operations [2]
50 Worker 0 forwarding task 21
50 Worker 3 processing task 23 requiring operations [6, 9]
50 Worker 3 performing operation 6 on task 23
51 Worker 2 accepting task 17
51 Worker 2 accepting task 24
51 Worker 2 accepting task 25
51 Worker 4 accepting task 21
51 Worker 3 accepting task 23
51 Worker 1 processing task 14 requiring operations [7]
51 Worker 1 forwarding task 14
51 Worker 2 processing task 19 requiring operations [3]
51 Worker 2 forwarding task 19
51 Worker 3 processing task 23 requiring operations [9]
51 Worker 3 performing operation 9 on task 23
51 Worker 4 processing task 21 requiring operations [2]
51 Worker 4 forwarding task 21
52 Generated task 26
52 Worker 0 accepting task 26
52 Worker 0 accepting task 14
52 Worker 1 accepting task 19
52 Task 23 completed!
52 Worker 3 accepting task 21
52 Worker 2 processing task 22 requiring operations [8]
52 Worker 2 forwarding task 22
52 Worker 0 processing task 26 requiring operations [5, 4, 1]
52 Worker 0 performing operation 4 on task 26
52 Worker 1 processing task 19 requiring operations [3]
52 Worker 1 forwarding task 19
52 Worker 3 processing task 21 requiring operations [2]
52 Worker 3 forwarding task 21
53 Worker 1 accepting task 22
53 Worker 0 accepting task 26
53 Worker 2 accepting task 19
53 Worker 4 accepting task 21
53 Worker 2 processing task 17 requiring operations [1]
53 Worker 2 performing operation 1 on task 17
53 Worker 0 processing task 14 requiring operations [7]
53 Worker 0 forwarding task 14
53 Worker 1 processing task 22 requiring operations [8]
53 Worker 1 performing operation 8 on task 22
53 Worker 4 processing task 21 requiring operations [2]
53 Worker 4 forwarding task 21
54 Generated task 27
54 Worker 2 accepting task 27
54 Task 17 completed!
54 Worker 1 accepting task 14
54 Task 22 completed!
54 Worker 3 accepting task 21
54 Worker 2 processing task 24 requiring operations [2, 8]
54 Worker 2 performing operation 2 on task 24
54 Worker 0 processing task 26 requiring operations [5, 1]
54 Worker 0 forwarding task 26
54 Worker 1 processing task 14 requiring operations [7]
54 Worker 1 forwarding task 14
54 Worker 3 processing task 21 requiring operations [2]
54 Worker 3 forwarding task 21
55 Worker 2 accepting task 24
55 Worker 4 accepting task 26
55 Worker 0 accepting task 14
55 Worker 4 accepting task 21
55 Worker 2 processing task 25 requiring operations [1, 7, 9]
55 Worker 2 performing operation 1 on task 25
55 Worker 4 processing task 26 requiring operations [5, 1]
55 Worker 4 performing operation 5 on task 26
55 Worker 0 processing task 14 requiring operations [7]
55 Worker 0 forwarding task 14
56 Generated task 28
56 Worker 3 accepting task 28
56 Worker 2 accepting task 25
56 Worker 4 accepting task 26
56 Worker 1 accepting task 14
56 Worker 2 processing task 19 requiring operations [3]
56 Worker 2 forwarding task 19
56 Worker 4 processing task 21 requiring operations [2]
56 Worker 4 forwarding task 21
56 Worker 3 processing task 28 requiring operations [9, 10, 6]
56 Worker 3 performing operation 9 on task 28
56 Worker 1 processing task 14 requiring operations [7]
56 Worker 1 forwarding task 14
57 Worker 4 accepting task 19
57 Worker 3 accepting task 21
57 Worker 3 accepting task 28
57 Worker 0 accepting task 14
57 Worker 2 processing task 27 requiring operations [9, 10, 5]
57 Worker 2 forwarding task 27
57 Worker 4 processing task 26 requiring operations [1]
57 Worker 4 forwarding task 26
57 Worker 3 processing task 21 requiring operations [2]
57 Worker 3 forwarding task 21
57 Worker 0 processing task 14 requiring operations [7]
57 Worker 0 forwarding task 14
58 Generated task 29
58 Worker 2 accepting task 29
58 Worker 1 accepting task 27
58 Worker 3 accepting task 26
58 Worker 4 accepting task 21
58 Worker 4 accepting task 14
58 Worker 2 processing task 24 requiring operations [8]
58 Worker 2 forwarding task 24
58 Worker 4 processing task 19 requiring operations [3]
58 Worker 4 performing operation 3 on task 19
58 Worker 3 processing task 28 requiring operations [10, 6]
58 Worker 3 performing operation 6 on task 28
58 Worker 1 processing task 27 requiring operations [9, 10, 5]
58 Worker 1 performing operation 5 on task 27
59 Worker 1 accepting task 24
59 Task 19 completed!
59 Worker 3 accepting task 28
59 Worker 1 accepting task 27
59 Worker 2 processing task 25 requiring operations [7, 9]
59 Worker 2 performing operation 7 on task 25
59 Worker 4 processing task 21 requiring operations [2]
59 Worker 4 forwarding task 21
59 Worker 3 processing task 26 requiring operations [1]
59 Worker 3 forwarding task 26
59 Worker 1 processing task 24 requiring operations [8]
59 Worker 1 performing operation 8 on task 24
60 Generated task 30
60 Worker 4 accepting task 30
60 Worker 2 accepting task 25
60 Worker 0 accepting task 21
60 Worker 2 accepting task 26
60 Task 24 completed!
60 Worker 2 processing task 29 requiring operations [3, 4, 2]
60 Worker 2 performing operation 4 on task 29
60 Worker 4 processing task 14 requiring operations [7]
60 Worker 4 forwarding task 14
60 Worker 3 processing task 28 requiring operations [10]
60 Worker 3 forwarding task 28
60 Worker 1 processing task 27 requiring operations [9, 10]
60 Worker 1 performing operation 10 on task 27
60 Worker 0 processing task 21 requiring operations [2]
60 Worker 0 forwarding task 21
61 Worker 2 accepting task 29
61 Worker 0 accepting task 14
61 Worker 4 accepting task 28
61 Worker 1 accepting task 27
61 Worker 1 accepting task 21
61 Worker 2 processing task 25 requiring operations [9]
61 Worker 2 forwarding task 25
61 Worker 4 processing task 30 requiring operations [10, 1, 5]
61 Worker 4 performing operation 5 on task 30
61 Worker 1 processing task 27 requiring operations [9]
61 Worker 1 forwarding task 27
61 Worker 0 processing task 14 requiring operations [7]
61 Worker 0 forwarding task 14
62 Generated task 31
62 Worker 3 accepting task 31
62 Worker 1 accepting task 25
62 Worker 4 accepting task 30
62 Worker 2 accepting task 27
62 Worker 4 accepting task 14
62 Worker 2 processing task 26 requiring operations [1]
62 Worker 2 performing operation 1 on task 26
62 Worker 4 processing task 28 requiring operations [10]
62 Worker 4 performing operation 10 on task 28
62 Worker 1 processing task 21 requiring operations [2]
62 Worker 1 forwarding task 21
62 Worker 3 processing task 31 requiring operations [7, 5, 4]
62 Worker 3 forwarding task 31
63 Task 26 completed!
63 Task 28 completed!
63 Worker 0 accepting task 21
63 Worker 4 accepting task 31
63 Worker 2 processing task 29 requiring operations [3, 2]
63 Worker 2 performing operation 2 on task 29
63 Worker 4 processing task 30 requiring operations [10, 1]
63 Worker 4 performing operation 10 on task 30
63 Worker 1 processing task 25 requiring operations [9]
63 Worker 1 forwarding task 25
63 Worker 0 processing task 21 requiring operations [2]
63 Worker 0 forwarding task 21
64 Generated task 32
64 Worker 0 accepting task 32
64 Worker 2 accepting task 29
64 Worker 4 accepting task 30
64 Worker 2 accepting task 25
64 Worker 1 accepting task 21
64 Worker 2 processing task 27 requiring operations [9]
64 Worker 2 forwarding task 27
64 Worker 4 processing task 14 requiring operations [7]
64 Worker 4 forwarding task 14
64 Worker 0 processing task 32 requiring operations [10, 6, 3]
64 Worker 0 performing operation 6 on task 32
64 Worker 1 processing task 21 requiring operations [2]
64 Worker 1 forwarding task 21
65 Worker 1 accepting task 27
65 Worker 2 accepting task 14
65 Worker 0 accepting task 32
65 Worker 2 accepting task 21
65 Worker 2 processing task 29 requiring operations [3]
65 Worker 2 forwarding task 29
65 Worker 4 processing task 31 requiring operations [7, 5, 4]
65 Worker 4 performing operation 5 on task 31
65 Worker 0 processing task 32 requiring operations [10, 3]
65 Worker 0 forwarding task 32
65 Worker 1 processing task 27 requiring operations [9]
65 Worker 1 forwarding task 27
66 Generated task 33
66 Worker 0 accepting task 33
66 Worker 1 accepting task 29
66 Worker 4 accepting task 31
66 Worker 4 accepting task 32
66 Worker 0 accepting task 27
66 Worker 2 processing task 25 requiring operations [9]
66 Worker 2 forwarding task 25
66 Worker 4 processing task 30 requiring operations [1]
66 Worker 4 forwarding task 30
66 Worker 0 processing task 33 requiring operations [5, 2, 10]
66 Worker 0 forwarding task 33
66 Worker 1 processing task 29 requiring operations [3]
66 Worker 1 forwarding task 29
67 Worker 3 accepting task 25
67 Worker 2 accepting task 30
67 Worker 4 accepting task 33
67 Worker 2 accepting task 29
67 Worker 2 processing task 14 requiring operations [7]
67 Worker 2 performing operation 7 on task 14
67 Worker 4 processing task 31 requiring operations [7, 4]
67 Worker 4 forwarding task 31
67 Worker 0 processing task 27 requiring operations [9]
67 Worker 0 performing operation 9 on task 27
67 Worker 3 processing task 25 requiring operations [9]
67 Worker 3 performing operation 9 on task 25
68 Generated task 34
68 Worker 0 accepting task 34
68 Task 14 completed!
68 Worker 3 accepting task 31
68 Task 27 completed!
68 Task 25 completed!
68 Worker 2 processing task 21 requiring operations [2]
68 Worker 2 performing operation 2 on task 21
68 Worker 4 processing task 32 requiring operations [10, 3]
68 Worker 4 performing operation 10 on task 32
68 Worker 0 processing task 34 requiring operations [9, 4, 3]
68 Worker 0 performing operation 9 on task 34
68 Worker 3 processing task 31 requiring operations [7, 4]
68 Worker 3 forwarding task 31
69 Task 21 completed!
69 Worker 4 accepting task 32
69 Worker 0 accepting task 34
69 Worker 2 accepting task 31
69 Worker 2 processing task 30 requiring operations [1]
69 Worker 2 performing operation 1 on task 30
69 Worker 4 processing task 33 requiring operations [5, 2, 10]
69 Worker 4 performing operation 5 on task 33
69 Worker 0 processing task 34 requiring operations [4, 3]
69 Worker 0 performing operation 4 on task 34
70 Generated task 35
70 Worker 1 accepting task 35
70 Task 30 completed!
70 Worker 4 accepting task 33
70 Worker 0 accepting task 34
70 Worker 2 processing task 29 requiring operations [3]
70 Worker 2 forwarding task 29
70 Worker 4 processing task 32 requiring operations [3]
70 Worker 4 performing operation 3 on task 32
70 Worker 0 processing task 34 requiring operations [3]
70 Worker 0 forwarding task 34
70 Worker 1 processing task 35 requiring operations [2, 4, 1]
70 Worker 1 forwarding task 35
71 Worker 1 accepting task 29
71 Task 32 completed!
71 Worker 4 accepting task 34
71 Worker 0 accepting task 35
71 Worker 2 processing task 31 requiring operations [7, 4]
71 Worker 2 performing operation 7 on task 31
71 Worker 4 processing task 33 requiring operations [2, 10]
71 Worker 4 performing operation 10 on task 33
71 Worker 1 processing task 29 requiring operations [3]
71 Worker 1 forwarding task 29
71 Worker 0 processing task 35 requiring operations [2, 4, 1]
71 Worker 0 performing operation 4 on task 35
72 Generated task 36
72 Worker 0 accepting task 36
72 Worker 2 accepting task 31
72 Worker 4 accepting task 33
72 Worker 2 accepting task 29
72 Worker 0 accepting task 35
72 Worker 2 processing task 31 requiring operations [4]
72 Worker 2 performing operation 4 on task 31
72 Worker 4 processing task 34 requiring operations [3]
72 Worker 4 performing operation 3 on task 34
72 Worker 0 processing task 36 requiring operations [5, 4, 9]
72 Worker 0 performing operation 4 on task 36
73 Task 31 completed!
73 Task 34 completed!
73 Worker 0 accepting task 36
73 Worker 2 processing task 29 requiring operations [3]
73 Worker 2 forwarding task 29
73 Worker 4 processing task 33 requiring operations [2]
73 Worker 4 forwarding task 33
73 Worker 0 processing task 35 requiring operations [2, 1]
73 Worker 0 forwarding task 35
74 Generated task 37
74 Worker 1 accepting task 37
74 Worker 4 accepting task 29
74 Worker 2 accepting task 33
74 Worker 1 accepting task 35
74 Worker 4 processing task 29 requiring operations [3]
74 Worker 4 performing operation 3 on task 29
74 Worker 0 processing task 36 requiring operations [5, 9]
74 Worker 0 performing operation 9 on task 36
74 Worker 1 processing task 37 requiring operations [5, 8, 4]
74 Worker 1 performing operation 5 on task 37
74 Worker 2 processing task 33 requiring operations [2]
74 Worker 2 performing operation 2 on task 33
75 Task 29 completed!
75 Worker 0 accepting task 36
75 Worker 1 accepting task 37
75 Task 33 completed!
75 Worker 0 processing task 36 requiring operations [5]
75 Worker 0 forwarding task 36
75 Worker 1 processing task 35 requiring operations [2, 1]
75 Worker 1 forwarding task 35
76 Generated task 38
76 Worker 3 accepting task 38
76 Worker 1 accepting task 36
76 Worker 0 accepting task 35
76 Worker 1 processing task 37 requiring operations [8, 4]
76 Worker 1 performing operation 8 on task 37
76 Worker 3 processing task 38 requiring operations [6, 5, 4]
76 Worker 3 performing operation 6 on task 38
76 Worker 0 processing task 35 requiring operations [2, 1]
76 Worker 0 forwarding task 35
77 Worker 1 accepting task 37
77 Worker 3 accepting task 38
77 Worker 1 accepting task 35
77 Worker 1 processing task 36 requiring operations [5]
77 Worker 1 performing operation 5 on task 36
77 Worker 3 processing task 38 requiring operations [5, 4]
77 Worker 3 forwarding task 38
78 Generated task 39
78 Worker 3 accepting task 39
78 Task 36 completed!
78 Worker 4 accepting task 38
78 Worker 1 processing task 37 requiring operations [4]
78 Worker 1 forwarding task 37
78 Worker 3 processing task 39 requiring operations [2, 10, 8]
78 Worker 3 forwarding task 39
78 Worker 4 processing task 38 requiring operations [5, 4]
78 Worker 4 performing operation 5 on task 38
79 Worker 0 accepting task 37
79 Worker 2 accepting task 39
79 Worker 4 accepting task 38
79 Worker 1 processing task 35 requiring operations [2, 1]
79 Worker 1 forwarding task 35
79 Worker 4 processing task 38 requiring operations [4]
79 Worker 4 forwarding task 38
79 Worker 0 processing task 37 requiring operations [4]
79 Worker 0 performing operation 4 on task 37
79 Worker 2 processing task 39 requiring operations [2, 10, 8]
79 Worker 2 performing operation 2 on task 39
80 Generated task 40
80 Worker 0 accepting task 40
80 Worker 0 accepting task 35
80 Worker 0 accepting task 38
80 Task 37 completed!
80 Worker 2 accepting task 39
80 Worker 0 processing task 40 requiring operations [3, 8, 1]
80 Worker 0 forwarding task 40
80 Worker 2 processing task 39 requiring operations [10, 8]
80 Worker 2 forwarding task 39
81 Worker 4 accepting task 40
81 Worker 1 accepting task 39
81 Worker 0 processing task 35 requiring operations [2, 1]
81 Worker 0 forwarding task 35
81 Worker 4 processing task 40 requiring operations [3, 8, 1]
81 Worker 4 performing operation 3 on task 40
81 Worker 1 processing task 39 requiring operations [10, 8]
81 Worker 1 performing operation 10 on task 39
82 Generated task 41
82 Worker 2 accepting task 41
82 Worker 4 accepting task 35
82 Worker 4 accepting task 40
82 Worker 1 accepting task 39
82 Worker 0 processing task 38 requiring operations [4]
82 Worker 0 performing operation 4 on task 38
82 Worker 4 processing task 35 requiring operations [2, 1]
82 Worker 4 forwarding task 35
82 Worker 1 processing task 39 requiring operations [8]
82 Worker 1 performing operation 8 on task 39
82 Worker 2 processing task 41 requiring operations [6, 3, 10]
82 Worker 2 forwarding task 41
83 Task 38 completed!
83 Worker 2 accepting task 35
83 Task 39 completed!
83 Worker 1 accepting task 41
83 Worker 4 processing task 40 requiring operations [8, 1]
83 Worker 4 forwarding task 40
83 Worker 2 processing task 35 requiring operations [2, 1]
83 Worker 2 performing operation 2 on task 35
83 Worker 1 processing task 41 requiring operations [6, 3, 10]
83 Worker 1 performing operation 10 on task 41
84 Generated task 42
84 Worker 2 accepting task 42
84 Worker 0 accepting task 40
84 Worker 2 accepting task 35
84 Worker 1 accepting task 41
84 Worker 2 processing task 42 requiring operations [2, 3, 8]
84 Worker 2 performing operation 2 on task 42
84 Worker 1 processing task 41 requiring operations [6, 3]
84 Worker 1 forwarding task 41
84 Worker 0 processing task 40 requiring operations [8, 1]
84 Worker 0 forwarding task 40
85 Worker 2 accepting task 42
85 Worker 0 accepting task 41
85 Worker 4 accepting task 40
85 Worker 2 processing task 35 requiring operations [1]
85 Worker 2 performing operation 1 on task 35
85 Worker 0 processing task 41 requiring operations [6, 3]
85 Worker 0 performing operation 6 on task 41
85 Worker 4 processing task 40 requiring operations [8, 1]
85 Worker 4 forwarding task 40
86 Generated task 43
86 Worker 0 accepting task 43
86 Task 35 completed!
86 Worker 0 accepting task 41
86 Worker 3 accepting task 40
86 Worker 2 processing task 42 requiring operations [3, 8]
86 Worker 2 forwarding task 42
86 Worker 0 processing task 43 requiring operations [4, 2, 3]
86 Worker 0 performing operation 4 on task 43
86 Worker 3 processing task 40 requiring operations [8, 1]
86 Worker 3 forwarding task 40
87 Worker 4 accepting task 42
87 Worker 0 accepting task 43
87 Worker 2 accepting task 40
87 Worker 0 processing task 41 requiring operations [3]
87 Worker 0 forwarding task 41
87 Worker 4 processing task 42 requiring operations [3, 8]
87 Worker 4 performing operation 3 on task 42
87 Worker 2 processing task 40 requiring operations [8, 1]
87 Worker 2 performing operation 1 on task 40
88 Generated task 44
88 Worker 4 accepting task 44
88 Worker 4 accepting task 41
88 Worker 4 accepting task 42
88 Worker 2 accepting task 40
88 Worker 0 processing task 43 requiring operations [2, 3]
88 Worker 0 forwarding task 43
88 Worker 4 processing task 44 requiring operations [6, 5, 3]
88 Worker 4 performing operation 5 on task 44
88 Worker 2 processing task 40 requiring operations [8]
88 Worker 2 forwarding task 40
89 Worker 1 accepting task 43
89 Worker 4 accepting task 44
89 Worker 3 accepting task 40
89 Worker 4 processing task 41 requiring operations [3]
89 Worker 4 performing operation 3 on task 41
89 Worker 1 processing task 43 requiring operations [2, 3]
89 Worker 1 forwarding task 43
89 Worker 3 processing task 40 requiring operations [8]
89 Worker 3 forwarding task 40
90 Generated task 45
90 Worker 1 accepting task 45
90 Task 41 completed!
90 Worker 2 accepting task 43
90 Worker 4 accepting task 40
90 Worker 4 processing task 42 requiring operations [8]
90 Worker 4 forwarding task 42
90 Worker 1 processing task 45 requiring operations [8, 6, 9]
90 Worker 1 performing operation 8 on task 45
90 Worker 2 processing task 43 requiring operations [2, 3]
90 Worker 2 performing operation 2 on task 43
91 Worker 0 accepting task 42
91 Worker 1 accepting task 45
91 Worker 2 accepting task 43
91 Worker 4 processing task 44 requiring operations [6, 3]
91 Worker 4 performing operation 3 on task 44
91 Worker 1 processing task 45 requiring operations [6, 9]
91 Worker 1 forwarding task 45
91 Worker 2 processing task 43 requiring operations [3]
91 Worker 2 forwarding task 43
91 Worker 0 processing task 42 requiring operations [8]
91 Worker 0 forwarding task 42
92 Generated task 46
92 Worker 4 accepting task 46
92 Worker 4 accepting task 44
92 Worker 2 accepting task 45
92 Worker 3 accepting task 43
92 Worker 1 accepting task 42
92 Worker 4 processing task 40 requiring operations [8]
92 Worker 4 forwarding task 40
92 Worker 2 processing task 45 requiring operations [6, 9]
92 Worker 2 forwarding task 45
92 Worker 3 processing task 43 requiring operations [3]
92 Worker 3 forwarding task 43
92 Worker 1 processing task 42 requiring operations [8]
92 Worker 1 performing operation 8 on task 42
93 Worker 0 accepting task 40
93 Worker 1 accepting task 45
93 Worker 2 accepting task 43
93 Task 42 completed!
93 Worker 4 processing task 46 requiring operations [10, 8, 1]
93 Worker 4 performing operation 10 on task 46
93 Worker 1 processing task 45 requiring operations [6, 9]
93 Worker 1 forwarding task 45
93 Worker 0 processing task 40 requiring operations [8]
93 Worker 0 forwarding task 40
93 Worker 2 processing task 43 requiring operations [3]
93 Worker 2 forwarding task 43
94 Generated task 47
94 Worker 4 accepting task 47
94 Worker 4 accepting task 46
94 Worker 0 accepting task 45
94 Worker 1 accepting task 40
94 Worker 1 accepting task 43
94 Worker 4 processing task 44 requiring operations [6]
94 Worker 4 forwarding task 44
94 Worker 0 processing task 45 requiring operations [6, 9]
94 Worker 0 performing operation 9 on task 45
94 Worker 1 processing task 40 requiring operations [8]
94 Worker 1 performing operation 8 on task 40
95 Worker 2 accepting task 44
95 Worker 0 accepting task 45
95 Task 40 completed!
95 Worker 4 processing task 47 requiring operations [10, 5, 8]
95 Worker 4 performing operation 5 on task 47
95 Worker 0 processing task 45 requiring operations [6]
95 Worker 0 performing operation 6 on task 45
95 Worker 1 processing task 43 requiring operations [3]
95 Worker 1 forwarding task 43
95 Worker 2 processing task 44 requiring operations [6]
95 Worker 2 forwarding task 44
96 Generated task 48
96 Worker 3 accepting task 48
96 Worker 4 accepting task 47
96 Task 45 completed!
96 Worker 0 accepting task 43
96 Worker 3 accepting task 44
96 Worker 4 processing task 46 requiring operations [8, 1]
96 Worker 4 forwarding task 46
96 Worker 3 processing task 48 requiring operations [9, 1, 2]
96 Worker 3 performing operation 9 on task 48
96 Worker 0 processing task 43 requiring operations [3]
96 Worker 0 forwarding task 43
97 Worker 0 accepting task 46
97 Worker 3 accepting task 48
97 Worker 1 accepting task 43
97 Worker 4 processing task 47 requiring operations [10, 8]
97 Worker 4 performing operation 10 on task 47
97 Worker 3 processing task 44 requiring operations [6]
97 Worker 3 performing operation 6 on task 44
97 Worker 0 processing task 46 requiring operations [8, 1]
97 Worker 0 forwarding task 46
97 Worker 1 processing task 43 requiring operations [3]
97 Worker 1 forwarding task 43
98 Generated task 49
98 Worker 2 accepting task 49
98 Worker 4 accepting task 47
98 Task 44 completed!
98 Worker 4 accepting task 46
98 Worker 2 accepting task 43
98 Worker 4 processing task 47 requiring operations [8]
98 Worker 4 forwarding task 47
98 Worker 3 processing task 48 requiring operations [1, 2]
98 Worker 3 forwarding task 48
98 Worker 2 processing task 49 requiring operations [8, 9, 2]
98 Worker 2 performing operation 2 on task 49
99 Worker 2 accepting task 47
99 Worker 4 accepting task 48
99 Worker 2 accepting task 49
99 Worker 4 processing task 46 requiring operations [8, 1]
99 Worker 4 forwarding task 46
99 Worker 2 processing task 43 requiring operations [3]
99 Worker 2 forwarding task 43
100 Generated task 50
100 Worker 1 accepting task 50
100 Worker 2 accepting task 46
100 Worker 1 accepting task 43
100 Worker 4 processing task 48 requiring operations [1, 2]
100 Worker 4 forwarding task 48
100 Worker 2 processing task 47 requiring operations [8]
100 Worker 2 forwarding task 47
100 Worker 1 processing task 50 requiring operations [9, 2, 5]
100 Worker 1 performing operation 5 on task 50
101 Worker 2 accepting task 48
101 Worker 3 accepting task 47
101 Worker 1 accepting task 50
101 Worker 2 processing task 49 requiring operations [8, 9]
101 Worker 2 forwarding task 49
101 Worker 1 processing task 43 requiring operations [3]
101 Worker 1 forwarding task 43
101 Worker 3 processing task 47 requiring operations [8]
101 Worker 3 forwarding task 47
102 Generated task 51
102 Worker 2 accepting task 51
102 Worker 3 accepting task 49
102 Worker 2 accepting task 43
102 Worker 2 accepting task 47
102 Worker 2 processing task 46 requiring operations [8, 1]
102 Worker 2 performing operation 1 on task 46
102 Worker 1 processing task 50 requiring operations [9, 2]
102 Worker 1 forwarding task 50
102 Worker 3 processing task 49 requiring operations [8, 9]
102 Worker 3 performing operation 9 on task 49
103 Worker 2 accepting task 46
103 Worker 0 accepting task 50
103 Worker 3 accepting task 49
103 Worker 2 processing task 48 requiring operations [1, 2]
103 Worker 2 performing operation 2 on task 48
103 Worker 3 processing task 49 requiring operations [8]
103 Worker 3 forwarding task 49
103 Worker 0 processing task 50 requiring operations [9, 2]
103 Worker 0 performing operation 9 on task 50
104 Generated task 52
104 Worker 4 accepting task 52
104 Worker 2 accepting task 48
104 Worker 2 accepting task 49
104 Worker 0 accepting task 50
104 Worker 2 processing task 51 requiring operations [5, 7, 4]
104 Worker 2 performing operation 7 on task 51
104 Worker 0 processing task 50 requiring operations [2]
104 Worker 0 forwarding task 50
104 Worker 4 processing task 52 requiring operations [9, 1, 4]
104 Worker 4 forwarding task 52
105 Worker 2 accepting task 51
105 Worker 1 accepting task 50
105 Worker 2 accepting task 52
105 Worker 2 processing task 43 requiring operations [3]
105 Worker 2 forwarding task 43
105 Worker 1 processing task 50 requiring operations [2]
105 Worker 1 forwarding task 50
106 Generated task 53
106 Worker 1 accepting task 53
106 Worker 3 accepting task 43
106 Worker 2 accepting task 50
106 Worker 2 processing task 47 requiring operations [8]
106 Worker 2 forwarding task 47
106 Worker 1 processing task 53 requiring operations [8, 1, 9]
106 Worker 1 performing operation 8 on task 53
106 Worker 3 processing task 43 requiring operations [3]
106 Worker 3 forwarding task 43
107 Worker 1 accepting task 47
107 Worker 1 accepting task 53
107 Worker 4 accepting task 43
107 Worker 2 processing task 46 requiring operations [8]
107 Worker 2 forwarding task 46
107 Worker 1 processing task 47 requiring operations [8]
107 Worker 1 performing operation 8 on task 47
107 Worker 4 processing task 43 requiring operations [3]
107 Worker 4 performing operation 3 on task 43
108 Generated task 54
108 Worker 0 accepting task 54
108 Worker 1 accepting task 46
108 Task 47 completed!
108 Task 43 completed!
108 Worker 2 processing task 48 requiring operations [1]
108 Worker 2 performing operation 1 on task 48
108 Worker 1 processing task 53 requiring operations [1, 9]
108 Worker 1 forwarding task 53
108 Worker 0 processing task 54 requiring operations [1, 4, 5]
108 Worker 0 performing operation 4 on task 54
109 Task 48 completed!
109 Worker 0 accepting task 53
109 Worker 0 accepting task 54
109 Worker 2 processing task 49 requiring operations [8]
109 Worker 2 forwarding task 49
109 Worker 1 processing task 46 requiring operations [8]
109 Worker 1 performing operation 8 on task 46
109 Worker 0 processing task 53 requiring operations [1, 9]
109 Worker 0 performing operation 9 on task 53
110 Generated task 55
110 Worker 3 accepting task 55
110 Worker 3 accepting task 49
110 Task 46 completed!
110 Worker 0 accepting task 53
110 Worker 2 processing task 51 requiring operations [5, 4]
110 Worker 2 performing operation 4 on task 51
110 Worker 0 processing task 54 requiring operations [1, 5]
110 Worker 0 forwarding task 54
110 Worker 3 processing task 55 requiring operations [5, 4, 3]
110 Worker 3 forwarding task 55
111 Worker 2 accepting task 51
111 Worker 4 accepting task 54
111 Worker 2 accepting task 55
111 Worker 2 processing task 52 requiring operations [9, 1, 4]
111 Worker 2 performing operation 1 on task 52
111 Worker 0 processing task 53 requiring operations [1]
111 Worker 0 forwarding task 53
111 Worker 3 processing task 49 requiring operations [8]
111 Worker 3 forwarding task 49
111 Worker 4 processing task 54 requiring operations [1, 5]
111 Worker 4 performing operation 5 on task 54
112 Generated task 56
112 Worker 1 accepting task 56
112 Worker 2 accepting task 52
112 Worker 1 accepting task 53
112 Worker 4 accepting task 49
112 Worker 4 accepting task 54
112 Worker 2 processing task 50 requiring operations [2]
112 Worker 2 performing operation 2 on task 50
112 Worker 4 processing task 49 requiring operations [8]
112 Worker 4 forwarding task 49
112 Worker 1 processing task 56 requiring operations [6, 4, 8]
112 Worker 1 performing operation 8 on task 56
113 Task 50 completed!
113 Worker 2 accepting task 49
113 Worker 1 accepting task 56
113 Worker 2 processing task 51 requiring operations [5]
113 Worker 2 forwarding task 51
113 Worker 4 processing task 54 requiring operations [1]
113 Worker 4 forwarding task 54
113 Worker 1 processing task 53 requiring operations [1]
113 Worker 1 forwarding task 53
114 Generated task 57
114 Worker 3 accepting task 57
114 Worker 1 accepting task 51
114 Worker 0 accepting task 54
114 Worker 0 accepting task 53
114 Worker 2 processing task 55 requiring operations [5, 4, 3]
114 Worker 2 performing operation 4 on task 55
114 Worker 1 processing task 56 requiring operations [6, 4]
114 Worker 1 forwarding task 56
114 Worker 3 processing task 57 requiring operations [3, 8, 6]
114 Worker 3 performing operation 6 on task 57
114 Worker 0 processing task 54 requiring operations [1]
114 Worker 0 forwarding task 54
115 Worker 2 accepting task 55
115 Worker 2 accepting task 56
115 Worker 3 accepting task 57
115 Worker 4 accepting task 54
115 Worker 2 processing task 52 requiring operations [9, 4]
115 Worker 2 performing operation 4 on task 52
115 Worker 1 processing task 51 requiring operations [5]
115 Worker 1 performing operation 5 on task 51
115 Worker 3 processing task 57 requiring operations [3, 8]
115 Worker 3 forwarding task 57
115 Worker 0 processing task 53 requiring operations [1]
115 Worker 0 forwarding task 53
115 Worker 4 processing task 54 requiring operations [1]
115 Worker 4 forwarding task 54
116 Generated task 58
116 Worker 3 accepting task 58
116 Worker 2 accepting task 52
116 Task 51 completed!
116 Worker 2 accepting task 57
116 Worker 4 accepting task 53
116 Worker 3 accepting task 54
116 Worker 2 processing task 49 requiring operations [8]
116 Worker 2 forwarding task 49
116 Worker 3 processing task 58 requiring operations [7, 4, 2]
116 Worker 3 forwarding task 58
116 Worker 4 processing task 53 requiring operations [1]
116 Worker 4 forwarding task 53
117 Worker 4 accepting task 49
117 Worker 2 accepting task 58
117 Worker 3 accepting task 53
117 Worker 2 processing task 55 requiring operations [5, 3]
117 Worker 2 forwarding task 55
117 Worker 3 processing task 54 requiring operations [1]
117 Worker 3 forwarding task 54
117 Worker 4 processing task 49 requiring operations [8]
117 Worker 4 forwarding task 49
118 Generated task 59
118 Worker 0 accepting task 59
118 Worker 4 accepting task 55
118 Worker 2 accepting task 54
118 Worker 3 accepting task 49
118 Worker 2 processing task 56 requiring operations [6, 4]
118 Worker 2 performing operation 4 on task 56
118 Worker 3 processing task 53 requiring operations [1]
118 Worker 3 forwarding task 53
118 Worker 4 processing task 55 requiring operations [5, 3]
118 Worker 4 performing operation 3 on task 55
118 Worker 0 processing task 59 requiring operations [1, 9, 7]
118 Worker 0 performing operation 9 on task 59
119 Worker 2 accepting task 56
119 Worker 2 accepting task 53
119 Worker 4 accepting task 55
119 Worker 0 accepting task 59
119 Worker 2 processing task 52 requiring operations [9]
119 Worker 2 forwarding task 52
119 Worker 3 processing task 49 requiring operations [8]
119 Worker 3 forwarding task 49
119 Worker 4 processing task 55 requiring operations [5]
119 Worker 4 performing operation 5 on task 55
119 Worker 0 processing task 59 requiring operations [1, 7]
119 Worker 0 forwarding task 59
120 Generated task 60
120 Worker 4 accepting task 60
120 Worker 4 accepting task 52
120 Worker 2 accepting task 49
120 Task 55 completed!
120 Worker 1 accepting task 59
120 Worker 2 processing task 57 requiring operations [3, 8]
120 Worker 2 forwarding task 57
120 Worker 4 processing task 60 requiring operations [6, 3, 8]
120 Worker 4 performing operation 3 on task 60
120 Worker 1 processing task 59 requiring operations [1, 7]
120 Worker 1 forwarding task 59
121 Worker 3 accepting task 57
121 Worker 4 accepting task 60
121 Worker 2 accepting task 59
121 Worker 2 processing task 58 requiring operations [7, 4, 2]
121 Worker 2 performing operation 4 on task 58
121 Worker 4 processing task 52 requiring operations [9]
121 Worker 4 forwarding task 52
121 Worker 3 processing task 57 requiring operations [3, 8]
121 Worker 3 forwarding task 57
122 Generated task 61
122 Worker 3 accepting task 61
122 Worker 2 accepting task 58
122 Worker 3 accepting task 52
122 Worker 2 accepting task 57
122 Worker 2 processing task 54 requiring operations [1]
122 Worker 2 performing operation 1 on task 54
122 Worker 4 processing task 60 requiring operations [6, 8]
122 Worker 4 forwarding task 60
122 Worker 3 processing task 61 requiring operations [1, 4, 8]
122 Worker 3 forwarding task 61
123 Task 54 completed!
123 Worker 3 accepting task 60
123 Worker 4 accepting task 61
123 Worker 2 processing task 56 requiring operations [6]
123 Worker 2 forwarding task 56
123 Worker 3 processing task 52 requiring operations [9]
123 Worker 3 performing operation 9 on task 52
123 Worker 4 processing task 61 requiring operations [1, 4, 8]
123 Worker 4 forwarding task 61
124 Generated task 62
124 Worker 4 accepting task 62
124 Worker 3 accepting task 56
124 Task 52 completed!
124 Worker 3 accepting task 61
124 Worker 2 processing task 53 requiring operations [1]
124 Worker 2 performing operation 1 on task 53
124 Worker 3 processing task 60 requiring operations [6, 8]
124 Worker 3 performing operation 6 on task 60
124 Worker 4 processing task 62 requiring operations [10, 2, 4]
124 Worker 4 performing operation 10 on task 62
125 Task 53 completed!
125 Worker 3 accepting task 60
125 Worker 4 accepting task 62
125 Worker 2 processing task 49 requiring operations [8]
125 Worker 2 forwarding task 49
125 Worker 3 processing task 56 requiring operations [6]
125 Worker 3 performing operation 6 on task 56
125 Worker 4 processing task 62 requiring operations [2, 4]
125 Worker 4 forwarding task 62
126 Generated task 63
126 Worker 4 accepting task 63
126 Worker 4 accepting task 49
126 Task 56 completed!
126 Worker 2 accepting task 62
126 Worker 2 processing task 59 requiring operations [1, 7]
126 Worker 2 performing operation 1 on task 59
126 Worker 3 processing task 61 requiring operations [1, 4, 8]
126 Worker 3 forwarding task 61
126 Worker 4 processing task 63 requiring operations [10, 4, 5]
126 Worker 4 performing operation 5 on task 63
127 Worker 2 accepting task 59
127 Worker 2 accepting task 61
127 Worker 4 accepting task 63
127 Worker 2 processing task 58 requiring operations [7, 2]
127 Worker 2 performing operation 2 on task 58
127 Worker 3 processing task 60 requiring operations [8]
127 Worker 3 forwarding task 60
127 Worker 4 processing task 49 requiring operations [8]
127 Worker 4 forwarding task 49
128 Generated task 64
128 Worker 0 accepting task 64
128 Worker 2 accepting task 58
128 Worker 4 accepting task 60
128 Worker 3 accepting task 49
128 Worker 2 processing task 57 requiring operations [3, 8]
128 Worker 2 forwarding task 57
128 Worker 4 processing task 63 requiring operations [10, 4]
128 Worker 4 performing operation 10 on task 63
128 Worker 0 processing task 64 requiring operations [9, 7, 4]
128 Worker 0 performing operation 9 on task 64
128 Worker 3 processing task 49 requiring operations [8]
128 Worker 3 forwarding task 49
129 Worker 4 accepting task 57
129 Worker 4 accepting task 63
129 Worker 0 accepting task 64
129 Worker 4 accepting task 49
129 Worker 2 processing task 62 requiring operations [2, 4]
129 Worker 2 performing operation 2 on task 62
129 Worker 4 processing task 60 requiring operations [8]
129 Worker 4 forwarding task 60
129 Worker 0 processing task 64 requiring operations [7, 4]
129 Worker 0 performing operation 4 on task 64
130 Generated task 65
130 Worker 1 accepting task 65
130 Worker 2 accepting task 62
130 Worker 0 accepting task 60
130 Worker 0 accepting task 64
130 Worker 2 processing task 59 requiring operations [7]
130 Worker 2 performing operation 7 on task 59
130 Worker 4 processing task 57 requiring operations [3, 8]
130 Worker 4 performing operation 3 on task 57
130 Worker 0 processing task 60 requiring operations [8]
130 Worker 0 forwarding task 60
130 Worker 1 processing task 65 requiring operations [6, 8, 5]
130 Worker 1 performing operation 8 on task 65
131 Task 59 completed!
131 Worker 4 accepting task 57
131 Worker 4 accepting task 60
131 Worker 1 accepting task 65
131 Worker 2 processing task 61 requiring operations [1, 4, 8]
131 Worker 2 performing operation 1 on task 61
131 Worker 4 processing task 63 requiring operations [4]
131 Worker 4 forwarding task 63
131 Worker 0 processing task 64 requiring operations [7]
131 Worker 0 forwarding task 64
131 Worker 1 processing task 65 requiring operations [6, 5]
131 Worker 1 performing operation 5 on task 65
132 Generated task 66
132 Worker 0 accepting task 66
132 Worker 2 accepting task 61
132 Worker 2 accepting task 63
132 Worker 1 accepting task 64
132 Worker 1 accepting task 65
132 Worker 2 processing task 58 requiring operations [7]
132 Worker 2 performing operation 7 on task 58
132 Worker 4 processing task 49 requiring operations [8]
132 Worker 4 forwarding task 49
132 Worker 0 processing task 66 requiring operations [5, 4, 10]
132 Worker 0 performing operation 4 on task 66
132 Worker 1 processing task 64 requiring operations [7]
132 Worker 1 forwarding task 64
133 Task 58 completed!
133 Worker 2 accepting task 49
133 Worker 0 accepting task 66
133 Worker 2 accepting task 64
133 Worker 2 processing task 62 requiring operations [4]
133 Worker 2 performing operation 4 on task 62
133 Worker 4 processing task 57 requiring operations [8]
133 Worker 4 forwarding task 57
133 Worker 0 processing task 66 requiring operations [5, 10]
133 Worker 0 forwarding task 66
133 Worker 1 processing task 65 requiring operations [6]
133 Worker 1 forwarding task 65
134 Generated task 67
134 Worker 0 accepting task 67
134 Task 62 completed!
134 Worker 2 accepting task 57
134 Worker 1 accepting task 66
134 Worker 0 accepting task 65
134 Worker 2 processing task 61 requiring operations [4, 8]
134 Worker 2 performing operation 4 on task 61
134 Worker 4 processing task 60 requiring operations [8]
134 Worker 4 forwarding task 60
134 Worker 0 processing task 67 requiring operations [1, 8, 9]
134 Worker 0 performing operation 9 on task 67
134 Worker 1 processing task 66 requiring operations [5, 10]
134 Worker 1 performing operation 10 on task 66
135 Worker 2 accepting task 61
135 Worker 0 accepting task 60
135 Worker 0 accepting task 67
135 Worker 1 accepting task 66
135 Worker 2 processing task 63 requiring operations [4]
135 Worker 2 performing operation 4 on task 63
135 Worker 0 processing task 65 requiring operations [6]
135 Worker 0 performing operation 6 on task 65
135 Worker 1 processing task 66 requiring operations [5]
135 Worker 1 performing operation 5 on task 66
136 Generated task 68
136 Worker 2 accepting task 68
136 Task 63 completed!
136 Task 65 completed!
136 Task 66 completed!
136 Worker 2 processing task 49 requiring operations [8]
136 Worker 2 forwarding task 49
136 Worker 0 processing task 60 requiring operations [8]
136 Worker 0 forwarding task 60
137 Worker 4 accepting task 49
137 Worker 4 accepting task 60
137 Worker 2 processing task 64 requiring operations [7]
137 Worker 2 performing operation 7 on task 64
137 Worker 0 processing task 67 requiring operations [1, 8]
137 Worker 0 forwarding task 67
137 Worker 4 processing task 49 requiring operations [8]
137 Worker 4 forwarding task 49
138 Generated task 69
138 Worker 2 accepting task 69
138 Task 64 completed!
138 Worker 1 accepting task 67
138 Worker 0 accepting task 49
138 Worker 2 processing task 57 requiring operations [8]
138 Worker 2 forwarding task 57
138 Worker 4 processing task 60 requiring operations [8]
138 Worker 4 forwarding task 60
138 Worker 1 processing task 67 requiring operations [1, 8]
138 Worker 1 performing operation 8 on task 67
138 Worker 0 processing task 49 requiring operations [8]
138 Worker 0 forwarding task 49
139 Worker 4 accepting task 57
139 Worker 3 accepting task 60
139 Worker 1 accepting task 67
139 Worker 1 accepting task 49
139 Worker 2 processing task 61 requiring operations [8]
139 Worker 2 forwarding task 61
139 Worker 4 processing task 57 requiring operations [8]
139 Worker 4 forwarding task 57
139 Worker 1 processing task 67 requiring operations [1]
139 Worker 1 forwarding task 67
139 Worker 3 processing task 60 requiring operations [8]
139 Worker 3 forwarding task 60
140 Generated task 70
140 Worker 4 accepting task 70
140 Worker 3 accepting task 61
140 Worker 2 accepting task 57
140 Worker 0 accepting task 67
140 Worker 4 accepting task 60
140 Worker 2 processing task 68 requiring operations [7, 9, 8]
140 Worker 2 performing operation 7 on task 68
140 Worker 4 processing task 70 requiring operations [10, 6, 5]
140 Worker 4 performing operation 10 on task 70
140 Worker 1 processing task 49 requiring operations [8]
140 Worker 1 performing operation 8 on task 49
140 Worker 3 processing task 61 requiring operations [8]
140 Worker 3 forwarding task 61
140 Worker 0 processing task 67 requiring operations [1]
140 Worker 0 forwarding task 67
