Worker 0 can perform operations {1, 3}
Worker 1 can perform operations {3, 5, 6}
Worker 2 can perform operations {8, 10, 4, 6}
Worker 3 can perform operations {8, 1, 2, 7}
Worker 4 can perform operations {1, 9}
Building network type random
Worker 0 connecting to worker 2
Worker 2 connecting to worker 0
Worker 0 connecting to worker 1
Worker 1 connecting to worker 0
Worker 1 connecting to worker 2
Worker 2 connecting to worker 1
Worker 3 connecting to worker 4
Worker 4 connecting to worker 3
Worker 3 connecting to worker 0
Worker 0 connecting to worker 3
Worker 4 connecting to worker 0
Worker 0 connecting to worker 4
Entry nodes are [0, 1, 2, 3, 4]
0 Generated task 0
0 Worker 0 accepting task 0
0 Worker 0 processing task 0 requiring operations [8, 3, 5]
0 Worker 0 performing operation 3 on task 0
1 Worker 0 accepting task 0
1 Worker 0 processing task 0 requiring operations [8, 5]
1 Worker 0 forwarding task 0
2 Generated task 1
2 Worker 2 accepting task 1
2 Worker 3 accepting task 0
2 Worker 2 processing task 1 requiring operations [4, 1, 9]
2 Worker 2 performing operation 4 on task 1
2 Worker 3 processing task 0 requiring operations [8, 5]
2 Worker 3 performing operation 8 on task 0
3 Worker 2 accepting task 1
3 Worker 3 accepting task 0
3 Worker 2 processing task 1 requiring operations [1, 9]
3 Worker 2 forwarding task 1
3 Worker 3 processing task 0 requiring operations [5]
3 Worker 3 forwarding task 0
4 Generated task 2
4 Worker 1 accepting task 2
4 Worker 0 accepting task 1
4 Worker 0 accepting task 0
4 Worker 1 processing task 2 requiring operations [9, 8, 2]
4 Worker 1 forwarding task 2
4 Worker 0 processing task 1 requiring operations [1, 9]
4 Worker 0 performing operation 1 on task 1
5 Worker 0 accepting task 2
5 Worker 0 accepting task 1
5 Worker 0 processing task 0 requiring operations [5]
5 Worker 0 forwarding task 0
6 Generated task 3
6 Worker 0 accepting task 3
6 Worker 3 accepting task 0
6 Worker 0 processing task 2 requiring operations [9, 8, 2]
6 Worker 0 forwarding task 2
6 Worker 3 processing task 0 requiring operations [5]
6 Worker 3 forwarding task 0
7 Worker 1 accepting task 2
7 Worker 4 accepting task 0
7 Worker 0 processing task 1 requiring operations [9]
7 Worker 0 forwarding task 1
7 Worker 1 processing task 2 requiring operations [9, 8, 2]
7 Worker 1 forwarding task 2
7 Worker 4 processing task 0 requiring operations [5]
7 Worker 4 forwarding task 0
8 Generated task 4
8 Worker 4 accepting task 4
8 Worker 2 accepting task 1
8 Worker 0 accepting task 2
8 Worker 0 accepting task 0
8 Worker 0 processing task 3 requiring operations [9, 2, 1]
8 Worker 0 performing operation 1 on task 3
8 Worker 4 processing task 4 requiring operations [5, 1, 9]
8 Worker 4 performing operation 1 on task 4
8 Worker 2 processing task 1 requiring operations [9]
8 Worker 2 forwarding task 1
9 Worker 0 accepting task 3
9 Worker 4 accepting task 4
9 Worker 0 accepting task 1
9 Worker 0 processing task 2 requiring operations [9, 8, 2]
9 Worker 0 forwarding task 2
9 Worker 4 processing task 4 requiring operations [5, 9]
9 Worker 4 performing operation 9 on task 4
10 Generated task 5
10 Worker 4 accepting task 5
10 Worker 4 accepting task 2
10 Worker 4 accepting task 4
10 Worker 0 processing task 0 requiring operations [5]
10 Worker 0 forwarding task 0
10 Worker 4 processing task 5 requiring operations [10, 6, 9]
10 Worker 4 performing operation 9 on task 5
11 Worker 2 accepting task 0
11 Worker 4 accepting task 5
11 Worker 0 processing task 3 requiring operations [9, 2]
11 Worker 0 forwarding task 3
11 Worker 4 processing task 2 requiring operations [9, 8, 2]
11 Worker 4 performing operation 9 on task 2
11 Worker 2 processing task 0 requiring operations [5]
11 Worker 2 forwarding task 0
12 Generated task 6
12 Worker 4 accepting task 6
12 Worker 1 accepting task 3
12 Worker 4 accepting task 2
12 Worker 0 accepting task 0
12 Worker 0 processing task 1 requiring operations [9]
12 Worker 0 forwarding task 1
12 Worker 4 processing task 4 requiring operations [5]
12 Worker 4 forwarding task 4
12 Worker 1 processing task 3 requiring operations [9, 2]
12 Worker 1 forwarding task 3
13 Worker 4 accepting task 1
13 Worker 0 accepting task 4
13 Worker 0 accepting task 3
13 Worker 0 processing task 0 requiring operations [5]
13 Worker 0 forwarding task 0
13 Worker 4 processing task 5 requiring operations [10, 6]
13 Worker 4 forwarding task 5
14 Generated task 7
14 Worker 0 accepting task 7
14 Worker 4 accepting task 0
14 Worker 3 accepting task 5
14 Worker 0 processing task 4 requiring operations [5]
14 Worker 0 forwarding task 4
14 Worker 4 processing task 6 requiring operations [9, 8, 3]
14 Worker 4 performing operation 9 on task 6
14 Worker 3 processing task 5 requiring operations [10, 6]
14 Worker 3 forwarding task 5
15 Worker 2 accepting task 4
15 Worker 4 accepting task 6
15 Worker 4 accepting task 5
15 Worker 0 processing task 3 requiring operations [9, 2]
15 Worker 0 forwarding task 3
15 Worker 4 processing task 2 requiring operations [8, 2]
15 Worker 4 forwarding task 2
15 Worker 2 processing task 4 requiring operations [5]
15 Worker 2 forwarding task 4
16 Generated task 8
16 Worker 4 accepting task 8
16 Worker 4 accepting task 3
16 Worker 0 accepting task 2
16 Worker 1 accepting task 4
16 Worker 0 processing task 7 requiring operations [7, 10, 2]
16 Worker 0 forwarding task 7
16 Worker 4 processing task 1 requiring operations [9]
16 Worker 4 performing operation 9 on task 1
16 Worker 1 processing task 4 requiring operations [5]
16 Worker 1 performing operation 5 on task 4
17 Worker 4 accepting task 7
17 Task 1 completed!
17 Task 4 completed!
17 Worker 0 processing task 2 requiring operations [8, 2]
17 Worker 0 forwarding task 2
17 Worker 4 processing task 0 requiring operations [5]
17 Worker 4 forwarding task 0
18 Generated task 9
18 Worker 0 accepting task 9
18 Worker 3 accepting task 2
18 Worker 0 accepting task 0
18 Worker 0 processing task 9 requiring operations [6, 7, 8]
18 Worker 0 forwarding task 9
18 Worker 4 processing task 6 requiring operations [8, 3]
18 Worker 4 forwarding task 6
18 Worker 3 processing task 2 requiring operations [8, 2]
18 Worker 3 performing operation 2 on task 2
19 Worker 1 accepting task 9
19 Worker 0 accepting task 6
19 Worker 3 accepting task 2
19 Worker 0 processing task 0 requiring operations [5]
19 Worker 0 forwarding task 0
19 Worker 4 processing task 5 requiring operations [10, 6]
19 Worker 4 forwarding task 5
19 Worker 3 processing task 2 requiring operations [8]
19 Worker 3 performing operation 8 on task 2
19 Worker 1 processing task 9 requiring operations [6, 7, 8]
19 Worker 1 performing operation 6 on task 9
20 Generated task 10
20 Worker 2 accepting task 10
20 Worker 2 accepting task 0
20 Worker 0 accepting task 5
20 Task 2 completed!
20 Worker 1 accepting task 9
20 Worker 0 processing task 6 requiring operations [8, 3]
20 Worker 0 performing operation 3 on task 6
20 Worker 4 processing task 8 requiring operations [10, 6, 8]
20 Worker 4 forwarding task 8
20 Worker 1 processing task 9 requiring operations [7, 8]
20 Worker 1 forwarding task 9
20 Worker 2 processing task 10 requiring operations [9, 7, 6]
20 Worker 2 performing operation 6 on task 10
21 Worker 0 accepting task 6
21 Worker 0 accepting task 8
21 Worker 0 accepting task 9
21 Worker 2 accepting task 10
21 Worker 0 processing task 5 requiring operations [10, 6]
21 Worker 0 forwarding task 5
21 Worker 4 processing task 3 requiring operations [9, 2]
21 Worker 4 performing operation 9 on task 3
21 Worker 2 processing task 0 requiring operations [5]
21 Worker 2 forwarding task 0
22 Generated task 11
22 Worker 0 accepting task 11
22 Worker 2 accepting task 5
22 Worker 4 accepting task 3
22 Worker 0 accepting task 0
22 Worker 0 processing task 6 requiring operations [8]
22 Worker 0 forwarding task 6
22 Worker 4 processing task 7 requiring operations [7, 10, 2]
22 Worker 4 forwarding task 7
22 Worker 2 processing task 10 requiring operations [9, 7]
22 Worker 2 forwarding task 10
23 Worker 3 accepting task 6
23 Worker 0 accepting task 7
23 Worker 1 accepting task 10
23 Worker 0 processing task 8 requiring operations [10, 6, 8]
23 Worker 0 forwarding task 8
23 Worker 4 processing task 3 requiring operations [2]
23 Worker 4 forwarding task 3
23 Worker 2 processing task 5 requiring operations [10, 6]
23 Worker 2 performing operation 10 on task 5
23 Worker 3 processing task 6 requiring operations [8]
23 Worker 3 performing operation 8 on task 6
23 Worker 1 processing task 10 requiring operations [9, 7]
23 Worker 1 forwarding task 10
24 Generated task 12
24 Worker 3 accepting task 12
24 Worker 3 accepting task 8
24 Worker 3 accepting task 3
24 Worker 2 accepting task 5
24 Task 6 completed!
24 Worker 0 accepting task 10
24 Worker 0 processing task 9 requiring operations [7, 8]
24 Worker 0 forwarding task 9
24 Worker 2 processing task 5 requiring operations [6]
24 Worker 2 performing operation 6 on task 5
24 Worker 3 processing task 12 requiring operations [7, 10, 2]
24 Worker 3 performing operation 7 on task 12
25 Worker 4 accepting task 9
25 Task 5 completed!
25 Worker 3 accepting task 12
25 Worker 0 processing task 11 requiring operations [2, 6, 4]
25 Worker 0 forwarding task 11
25 Worker 3 processing task 8 requiring operations [10, 6, 8]
25 Worker 3 performing operation 8 on task 8
25 Worker 4 processing task 9 requiring operations [7, 8]
25 Worker 4 forwarding task 9
26 Generated task 13
26 Worker 2 accepting task 13
26 Worker 4 accepting task 11
26 Worker 3 accepting task 8
26 Worker 0 accepting task 9
26 Worker 0 processing task 0 requiring operations [5]
26 Worker 0 forwarding task 0
26 Worker 3 processing task 3 requiring operations [2]
26 Worker 3 performing operation 2 on task 3
26 Worker 4 processing task 11 requiring operations [2, 6, 4]
26 Worker 4 forwarding task 11
26 Worker 2 processing task 13 requiring operations [5, 4, 10]
26 Worker 2 performing operation 4 on task 13
27 Worker 4 accepting task 0
27 Task 3 completed!
27 Worker 0 accepting task 11
27 Worker 2 accepting task 13
27 Worker 0 processing task 7 requiring operations [7, 10, 2]
27 Worker 0 forwarding task 7
27 Worker 3 processing task 12 requiring operations [10, 2]
27 Worker 3 performing operation 2 on task 12
27 Worker 4 processing task 0 requiring operations [5]
27 Worker 4 forwarding task 0
27 Worker 2 processing task 13 requiring operations [5, 10]
27 Worker 2 performing operation 10 on task 13
28 Generated task 14
28 Worker 1 accepting task 14
28 Worker 1 accepting task 7
28 Worker 3 accepting task 12
28 Worker 3 accepting task 0
28 Worker 2 accepting task 13
28 Worker 0 processing task 10 requiring operations [9, 7]
28 Worker 0 forwarding task 10
28 Worker 3 processing task 8 requiring operations [10, 6]
28 Worker 3 forwarding task 8
28 Worker 2 processing task 13 requiring operations [5]
28 Worker 2 forwarding task 13
28 Worker 1 processing task 14 requiring operations [5, 9, 8]
28 Worker 1 performing operation 5 on task 14
29 Worker 3 accepting task 10
29 Worker 0 accepting task 8
29 Worker 1 accepting task 13
29 Worker 1 accepting task 14
29 Worker 0 processing task 9 requiring operations [7, 8]
29 Worker 0 forwarding task 9
29 Worker 3 processing task 12 requiring operations [10]
29 Worker 3 forwarding task 12
29 Worker 1 processing task 7 requiring operations [7, 10, 2]
29 Worker 1 forwarding task 7
30 Generated task 15
30 Worker 4 accepting task 15
30 Worker 4 accepting task 9
30 Worker 0 accepting task 12
30 Worker 2 accepting task 7
30 Worker 0 processing task 11 requiring operations [2, 6, 4]
30 Worker 0 forwarding task 11
30 Worker 3 processing task 0 requiring operations [5]
30 Worker 3 forwarding task 0
30 Worker 1 processing task 13 requiring operations [5]
30 Worker 1 performing operation 5 on task 13
30 Worker 4 processing task 15 requiring operations [4, 2, 9]
30 Worker 4 performing operation 9 on task 15
30 Worker 2 processing task 7 requiring operations [7, 10, 2]
30 Worker 2 performing operation 10 on task 7
31 Worker 4 accepting task 11
31 Worker 4 accepting task 0
31 Task 13 completed!
31 Worker 4 accepting task 15
31 Worker 2 accepting task 7
31 Worker 0 processing task 8 requiring operations [10, 6]
31 Worker 0 forwarding task 8
31 Worker 3 processing task 10 requiring operations [9, 7]
31 Worker 3 performing operation 7 on task 10
31 Worker 1 processing task 14 requiring operations [9, 8]
31 Worker 1 forwarding task 14
31 Worker 4 processing task 9 requiring operations [7, 8]
31 Worker 4 forwarding task 9
31 Worker 2 processing task 7 requiring operations [7, 2]
31 Worker 2 forwarding task 7
32 Generated task 16
32 Worker 2 accepting task 16
32 Worker 1 accepting task 8
32 Worker 3 accepting task 10
32 Worker 0 accepting task 14
32 Worker 3 accepting task 9
32 Worker 0 accepting task 7
32 Worker 0 processing task 12 requiring operations [10]
32 Worker 0 forwarding task 12
32 Worker 3 processing task 10 requiring operations [9]
32 Worker 3 forwarding task 10
32 Worker 1 processing task 8 requiring operations [10, 6]
32 Worker 1 performing operation 6 on task 8
32 Worker 4 processing task 11 requiring operations [2, 6, 4]
32 Worker 4 forwarding task 11
32 Worker 2 processing task 16 requiring operations [2, 1, 9]
32 Worker 2 forwarding task 16
33 Worker 4 accepting task 12
33 Worker 4 accepting task 10
33 Worker 1 accepting task 8
33 Worker 0 accepting task 11
33 Worker 1 accepting task 16
33 Worker 0 processing task 14 requiring operations [9, 8]
33 Worker 0 forwarding task 14
33 Worker 3 processing task 9 requiring operations [7, 8]
33 Worker 3 performing operation 8 on task 9
33 Worker 1 processing task 8 requiring operations [10]
33 Worker 1 forwarding task 8
33 Worker 4 processing task 0 requiring operations [5]
33 Worker 4 forwarding task 0
34 Generated task 17
34 Worker 0 accepting task 17
34 Worker 4 accepting task 14
34 Worker 3 accepting task 9
34 Worker 2 accepting task 8
34 Worker 3 accepting task 0
34 Worker 0 processing task 7 requiring operations [7, 2]
34 Worker 0 forwarding task 7
34 Worker 3 processing task 9 requiring operations [7]
34 Worker 3 performing operation 7 on task 9
34 Worker 1 processing task 16 requiring operations [2, 1, 9]
34 Worker 1 forwarding task 16
34 Worker 4 processing task 15 requiring operations [4, 2]
34 Worker 4 forwarding task 15
34 Worker 2 processing task 8 requiring operations [10]
34 Worker 2 performing operation 10 on task 8
35 Worker 2 accepting task 7
35 Task 9 completed!
35 Worker 2 accepting task 16
35 Worker 3 accepting task 15
35 Task 8 completed!
35 Worker 0 processing task 11 requiring operations [2, 6, 4]
35 Worker 0 forwarding task 11
35 Worker 3 processing task 0 requiring operations [5]
35 Worker 3 forwarding task 0
35 Worker 4 processing task 12 requiring operations [10]
35 Worker 4 forwarding task 12
35 Worker 2 processing task 7 requiring operations [7, 2]
35 Worker 2 forwarding task 7
36 Generated task 18
36 Worker 4 accepting task 18
36 Worker 3 accepting task 11
36 Worker 4 accepting task 0
36 Worker 0 accepting task 12
36 Worker 1 accepting task 7
36 Worker 0 processing task 17 requiring operations [9, 5, 4]
36 Worker 0 forwarding task 17
36 Worker 3 processing task 15 requiring operations [4, 2]
36 Worker 3 performing operation 2 on task 15
36 Worker 4 processing task 10 requiring operations [9]
36 Worker 4 performing operation 9 on task 10
36 Worker 2 processing task 16 requiring operations [2, 1, 9]
36 Worker 2 forwarding task 16
36 Worker 1 processing task 7 requiring operations [7, 2]
36 Worker 1 forwarding task 7
37 Worker 2 accepting task 17
37 Worker 3 accepting task 15
37 Task 10 completed!
37 Worker 1 accepting task 16
37 Worker 0 accepting task 7
37 Worker 0 processing task 12 requiring operations [10]
37 Worker 0 forwarding task 12
37 Worker 3 processing task 11 requiring operations [2, 6, 4]
37 Worker 3 performing operation 2 on task 11
37 Worker 4 processing task 14 requiring operations [9, 8]
37 Worker 4 performing operation 9 on task 14
37 Worker 2 processing task 17 requiring operations [9, 5, 4]
37 Worker 2 performing operation 4 on task 17
37 Worker 1 processing task 16 requiring operations [2, 1, 9]
37 Worker 1 forwarding task 16
38 Generated task 19
38 Worker 0 accepting task 19
38 Worker 2 accepting task 12
38 Worker 3 accepting task 11
38 Worker 4 accepting task 14
38 Worker 2 accepting task 17
38 Worker 2 accepting task 16
38 Worker 0 processing task 7 requiring operations [7, 2]
38 Worker 0 forwarding task 7
38 Worker 3 processing task 15 requiring operations [4]
38 Worker 3 forwarding task 15
38 Worker 4 processing task 18 requiring operations [9, 2, 7]
38 Worker 4 performing operation 9 on task 18
38 Worker 2 processing task 12 requiring operations [10]
38 Worker 2 performing operation 10 on task 12
39 Worker 3 accepting task 7
39 Worker 0 accepting task 15
39 Worker 4 accepting task 18
39 Task 12 completed!
39 Worker 0 processing task 19 requiring operations [9, 7, 3]
39 Worker 0 performing operation 3 on task 19
39 Worker 3 processing task 11 requiring operations [6, 4]
39 Worker 3 forwarding task 11
39 Worker 4 processing task 0 requiring operations [5]
39 Worker 4 forwarding task 0
39 Worker 2 processing task 17 requiring operations [9, 5]
39 Worker 2 forwarding task 17
40 Generated task 20
40 Worker 0 accepting task 20
40 Worker 0 accepting task 19
40 Worker 4 accepting task 11
40 Worker 3 accepting task 0
40 Worker 0 accepting task 17
40 Worker 0 processing task 15 requiring operations [4]
40 Worker 0 forwarding task 15
40 Worker 3 processing task 7 requiring operations [7, 2]
40 Worker 3 performing operation 2 on task 7
40 Worker 4 processing task 14 requiring operations [8]
40 Worker 4 forwarding task 14
40 Worker 2 processing task 16 requiring operations [2, 1, 9]
40 Worker 2 forwarding task 16
41 Worker 1 accepting task 15
41 Worker 3 accepting task 7
41 Worker 3 accepting task 14
41 Worker 0 accepting task 16
41 Worker 0 processing task 20 requiring operations [5, 10, 8]
41 Worker 0 forwarding task 20
41 Worker 3 processing task 0 requiring operations [5]
41 Worker 3 forwarding task 0
41 Worker 4 processing task 18 requiring operations [2, 7]
41 Worker 4 forwarding task 18
41 Worker 1 processing task 15 requiring operations [4]
41 Worker 1 forwarding task 15
42 Generated task 21
42 Worker 1 accepting task 21
42 Worker 2 accepting task 20
42 Worker 4 accepting task 0
42 Worker 0 accepting task 18
42 Worker 2 accepting task 15
42 Worker 0 processing task 19 requiring operations [9, 7]
42 Worker 0 forwarding task 19
42 Worker 3 processing task 7 requiring operations [7]
42 Worker 3 performing operation 7 on task 7
42 Worker 4 processing task 11 requiring operations [6, 4]
42 Worker 4 forwarding task 11
42 Worker 1 processing task 21 requiring operations [7, 2, 8]
42 Worker 1 forwarding task 21
42 Worker 2 processing task 20 requiring operations [5, 10, 8]
42 Worker 2 performing operation 10 on task 20
43 Worker 2 accepting task 19
43 Task 7 completed!
43 Worker 0 accepting task 11
43 Worker 0 accepting task 21
43 Worker 2 accepting task 20
43 Worker 0 processing task 17 requiring operations [9, 5]
43 Worker 0 forwarding task 17
43 Worker 3 processing task 14 requiring operations [8]
43 Worker 3 performing operation 8 on task 14
43 Worker 4 processing task 0 requiring operations [5]
43 Worker 4 forwarding task 0
43 Worker 2 processing task 15 requiring operations [4]
43 Worker 2 performing operation 4 on task 15
44 Generated task 22
44 Worker 0 accepting task 22
44 Worker 4 accepting task 17
44 Task 14 completed!
44 Worker 0 accepting task 0
44 Task 15 completed!
44 Worker 0 processing task 16 requiring operations [2, 1, 9]
44 Worker 0 performing operation 1 on task 16
44 Worker 4 processing task 17 requiring operations [9, 5]
44 Worker 4 performing operation 9 on task 17
44 Worker 2 processing task 19 requiring operations [9, 7]
44 Worker 2 forwarding task 19
45 Worker 0 accepting task 16
45 Worker 4 accepting task 17
45 Worker 0 accepting task 19
45 Worker 0 processing task 18 requiring operations [2, 7]
45 Worker 0 forwarding task 18
45 Worker 4 processing task 17 requiring operations [5]
45 Worker 4 forwarding task 17
45 Worker 2 processing task 20 requiring operations [5, 8]
45 Worker 2 performing operation 8 on task 20
46 Generated task 23
46 Worker 3 accepting task 23
46 Worker 4 accepting task 18
46 Worker 0 accepting task 17
46 Worker 2 accepting task 20
46 Worker 0 processing task 11 requiring operations [6, 4]
46 Worker 0 forwarding task 11
46 Worker 4 processing task 18 requiring operations [2, 7]
46 Worker 4 forwarding task 18
46 Worker 2 processing task 20 requiring operations [5]
46 Worker 2 forwarding task 20
46 Worker 3 processing task 23 requiring operations [8, 4, 2]
46 Worker 3 performing operation 2 on task 23
47 Worker 3 accepting task 11
47 Worker 3 accepting task 18
47 Worker 1 accepting task 20
47 Worker 3 accepting task 23
47 Worker 0 processing task 21 requiring operations [7, 2, 8]
47 Worker 0 forwarding task 21
47 Worker 3 processing task 11 requiring operations [6, 4]
47 Worker 3 forwarding task 11
47 Worker 1 processing task 20 requiring operations [5]
47 Worker 1 performing operation 5 on task 20
48 Generated task 24
48 Worker 0 accepting task 24
48 Worker 1 accepting task 21
48 Worker 4 accepting task 11
48 Task 20 completed!
48 Worker 0 processing task 22 requiring operations [9, 10, 7]
48 Worker 0 forwarding task 22
48 Worker 3 processing task 18 requiring operations [2, 7]
48 Worker 3 performing operation 7 on task 18
48 Worker 1 processing task 21 requiring operations [7, 2, 8]
48 Worker 1 forwarding task 21
48 Worker 4 processing task 11 requiring operations [6, 4]
48 Worker 4 forwarding task 11
49 Worker 2 accepting task 22
49 Worker 3 accepting task 18
49 Worker 2 accepting task 21
49 Worker 3 accepting task 11
49 Worker 0 processing task 0 requiring operations [5]
49 Worker 0 forwarding task 0
49 Worker 3 processing task 23 requiring operations [8, 4]
49 Worker 3 performing operation 8 on task 23
49 Worker 2 processing task 22 requiring operations [9, 10, 7]
49 Worker 2 performing operation 10 on task 22
50 Generated task 25
50 Worker 0 accepting task 25
50 Worker 3 accepting task 0
50 Worker 3 accepting task 23
50 Worker 2 accepting task 22
50 Worker 0 processing task 16 requiring operations [2, 9]
50 Worker 0 forwarding task 16
50 Worker 3 processing task 18 requiring operations [2]
50 Worker 3 performing operation 2 on task 18
50 Worker 2 processing task 21 requiring operations [7, 2, 8]
50 Worker 2 performing operation 8 on task 21
51 Worker 2 accepting task 16
51 Task 18 completed!
51 Worker 2 accepting task 21
51 Worker 0 processing task 19 requiring operations [9, 7]
51 Worker 0 forwarding task 19
51 Worker 3 processing task 11 requiring operations [6, 4]
51 Worker 3 forwarding task 11
51 Worker 2 processing task 22 requiring operations [9, 7]
51 Worker 2 forwarding task 22
52 Generated task 26
52 Worker 4 accepting task 26
52 Worker 2 accepting task 19
52 Worker 0 accepting task 11
52 Worker 0 accepting task 22
52 Worker 0 processing task 17 requiring operations [5]
52 Worker 0 forwarding task 17
52 Worker 3 processing task 0 requiring operations [5]
52 Worker 3 forwarding task 0
52 Worker 2 processing task 16 requiring operations [2, 9]
52 Worker 2 forwarding task 16
52 Worker 4 processing task 26 requiring operations [2, 4, 1]
52 Worker 4 performing operation 1 on task 26
53 Worker 3 accepting task 17
53 Worker 4 accepting task 0
53 Worker 0 accepting task 16
53 Worker 4 accepting task 26
53 Worker 0 processing task 24 requiring operations [8, 9, 7]
53 Worker 0 forwarding task 24
53 Worker 3 processing task 23 requiring operations [4]
53 Worker 3 forwarding task 23
53 Worker 2 processing task 21 requiring operations [7, 2]
53 Worker 2 forwarding task 21
53 Worker 4 processing task 0 requiring operations [5]
53 Worker 4 forwarding task 0
54 Generated task 27
54 Worker 4 accepting task 27
54 Worker 4 accepting task 24
54 Worker 0 accepting task 23
54 Worker 0 accepting task 21
54 Worker 0 accepting task 0
54 Worker 0 processing task 25 requiring operations [4, 6, 9]
54 Worker 0 forwarding task 25
54 Worker 3 processing task 17 requiring operations [5]
54 Worker 3 forwarding task 17
54 Worker 2 processing task 19 requiring operations [9, 7]
54 Worker 2 forwarding task 19
54 Worker 4 processing task 26 requiring operations [2, 4]
54 Worker 4 forwarding task 26
55 Worker 3 accepting task 25
55 Worker 4 accepting task 17
55 Worker 0 accepting task 19
55 Worker 0 accepting task 26
55 Worker 0 processing task 11 requiring operations [6, 4]
55 Worker 0 forwarding task 11
55 Worker 3 processing task 25 requiring operations [4, 6, 9]
55 Worker 3 forwarding task 25
55 Worker 4 processing task 27 requiring operations [5, 1, 8]
55 Worker 4 performing operation 1 on task 27
56 Generated task 28
56 Worker 3 accepting task 28
56 Worker 4 accepting task 11
56 Worker 0 accepting task 25
56 Worker 4 accepting task 27
56 Worker 0 processing task 22 requiring operations [9, 7]
56 Worker 0 forwarding task 22
56 Worker 3 processing task 28 requiring operations [9, 6, 5]
56 Worker 3 forwarding task 28
56 Worker 4 processing task 24 requiring operations [8, 9, 7]
56 Worker 4 performing operation 9 on task 24
57 Worker 3 accepting task 22
57 Worker 0 accepting task 28
57 Worker 4 accepting task 24
57 Worker 0 processing task 16 requiring operations [2, 9]
57 Worker 0 forwarding task 16
57 Worker 3 processing task 22 requiring operations [9, 7]
57 Worker 3 performing operation 7 on task 22
57 Worker 4 processing task 17 requiring operations [5]
57 Worker 4 forwarding task 17
58 Generated task 29
58 Worker 4 accepting task 29
58 Worker 2 accepting task 16
58 Worker 3 accepting task 22
58 Worker 0 accepting task 17
58 Worker 0 processing task 23 requiring operations [4]
58 Worker 0 forwarding task 23
58 Worker 3 processing task 22 requiring operations [9]
58 Worker 3 forwarding task 22
58 Worker 4 processing task 11 requiring operations [6, 4]
58 Worker 4 forwarding task 11
58 Worker 2 processing task 16 requiring operations [2, 9]
58 Worker 2 forwarding task 16
59 Worker 1 accepting task 23
59 Worker 4 accepting task 22
59 Worker 3 accepting task 11
59 Worker 1 accepting task 16
59 Worker 0 processing task 21 requiring operations [7, 2]
59 Worker 0 forwarding task 21
59 Worker 4 processing task 27 requiring operations [5, 8]
59 Worker 4 forwarding task 27
59 Worker 1 processing task 23 requiring operations [4]
59 Worker 1 forwarding task 23
59 Worker 3 processing task 11 requiring operations [6, 4]
59 Worker 3 forwarding task 11
60 Generated task 30
60 Worker 1 accepting task 30
60 Worker 2 accepting task 21
60 Worker 0 accepting task 27
60 Worker 2 accepting task 23
60 Worker 4 accepting task 11
60 Worker 0 processing task 0 requiring operations [5]
60 Worker 0 forwarding task 0
60 Worker 4 processing task 24 requiring operations [8, 7]
60 Worker 4 forwarding task 24
60 Worker 1 processing task 16 requiring operations [2, 9]
60 Worker 1 forwarding task 16
60 Worker 2 processing task 21 requiring operations [7, 2]
60 Worker 2 forwarding task 21
61 Worker 1 accepting task 0
61 Worker 0 accepting task 24
61 Worker 2 accepting task 16
61 Worker 1 accepting task 21
61 Worker 0 processing task 19 requiring operations [9, 7]
61 Worker 0 forwarding task 19
61 Worker 4 processing task 29 requiring operations [10, 4, 1]
61 Worker 4 performing operation 1 on task 29
61 Worker 1 processing task 30 requiring operations [5, 4, 8]
61 Worker 1 performing operation 5 on task 30
61 Worker 2 processing task 23 requiring operations [4]
61 Worker 2 performing operation 4 on task 23
62 Generated task 31
62 Worker 1 accepting task 31
62 Worker 1 accepting task 19
62 Worker 4 accepting task 29
62 Worker 1 accepting task 30
62 Task 23 completed!
62 Worker 0 processing task 26 requiring operations [2, 4]
62 Worker 0 forwarding task 26
62 Worker 4 processing task 22 requiring operations [9]
62 Worker 4 performing operation 9 on task 22
62 Worker 1 processing task 0 requiring operations [5]
62 Worker 1 performing operation 5 on task 0
62 Worker 2 processing task 16 requiring operations [2, 9]
62 Worker 2 forwarding task 16
63 Worker 1 accepting task 26
63 Task 22 completed!
63 Task 0 completed!
63 Worker 0 accepting task 16
63 Worker 0 processing task 25 requiring operations [4, 6, 9]
63 Worker 0 forwarding task 25
63 Worker 4 processing task 11 requiring operations [6, 4]
63 Worker 4 forwarding task 11
63 Worker 1 processing task 21 requiring operations [7, 2]
63 Worker 1 forwarding task 21
64 Generated task 32
64 Worker 2 accepting task 32
64 Worker 3 accepting task 25
64 Worker 3 accepting task 11
64 Worker 2 accepting task 21
64 Worker 0 processing task 28 requiring operations [9, 6, 5]
64 Worker 0 forwarding task 28
64 Worker 4 processing task 29 requiring operations [10, 4]
64 Worker 4 forwarding task 29
64 Worker 1 processing task 31 requiring operations [2, 5, 7]
64 Worker 1 performing operation 5 on task 31
64 Worker 2 processing task 32 requiring operations [6, 4, 1]
64 Worker 2 performing operation 4 on task 32
64 Worker 3 processing task 25 requiring operations [4, 6, 9]
64 Worker 3 forwarding task 25
65 Worker 3 accepting task 28
65 Worker 3 accepting task 29
65 Worker 1 accepting task 31
65 Worker 2 accepting task 32
65 Worker 0 accepting task 25
65 Worker 0 processing task 17 requiring operations [5]
65 Worker 0 forwarding task 17
65 Worker 1 processing task 19 requiring operations [9, 7]
65 Worker 1 forwarding task 19
65 Worker 2 processing task 21 requiring operations [7, 2]
65 Worker 2 forwarding task 21
65 Worker 3 processing task 11 requiring operations [6, 4]
65 Worker 3 forwarding task 11
66 Generated task 33
66 Worker 3 accepting task 33
66 Worker 3 accepting task 17
66 Worker 2 accepting task 19
66 Worker 1 accepting task 21
66 Worker 0 accepting task 11
66 Worker 0 processing task 27 requiring operations [5, 8]
66 Worker 0 forwarding task 27
66 Worker 1 processing task 30 requiring operations [4, 8]
66 Worker 1 forwarding task 30
66 Worker 2 processing task 32 requiring operations [6, 1]
66 Worker 2 performing operation 6 on task 32
66 Worker 3 processing task 28 requiring operations [9, 6, 5]
66 Worker 3 forwarding task 28
67 Worker 4 accepting task 27
67 Worker 0 accepting task 30
67 Worker 2 accepting task 32
67 Worker 4 accepting task 28
67 Worker 0 processing task 24 requiring operations [8, 7]
67 Worker 0 forwarding task 24
67 Worker 1 processing task 26 requiring operations [2, 4]
67 Worker 1 forwarding task 26
67 Worker 2 processing task 19 requiring operations [9, 7]
67 Worker 2 forwarding task 19
67 Worker 3 processing task 29 requiring operations [10, 4]
67 Worker 3 forwarding task 29
67 Worker 4 processing task 27 requiring operations [5, 8]
67 Worker 4 forwarding task 27
68 Generated task 34
68 Worker 1 accepting task 34
68 Worker 3 accepting task 24
68 Worker 2 accepting task 26
68 Worker 1 accepting task 19
68 Worker 4 accepting task 29
68 Worker 3 accepting task 27
68 Worker 0 processing task 16 requiring operations [2, 9]
68 Worker 0 forwarding task 16
68 Worker 1 processing task 31 requiring operations [2, 7]
68 Worker 1 forwarding task 31
68 Worker 2 processing task 32 requiring operations [1]
68 Worker 2 forwarding task 32
68 Worker 3 processing task 33 requiring operations [6, 9, 3]
68 Worker 3 forwarding task 33
68 Worker 4 processing task 28 requiring operations [9, 6, 5]
68 Worker 4 performing operation 9 on task 28
69 Worker 2 accepting task 16
69 Worker 2 accepting task 31
69 Worker 0 accepting task 32
69 Worker 0 accepting task 33
69 Worker 4 accepting task 28
69 Worker 0 processing task 25 requiring operations [4, 6, 9]
69 Worker 0 forwarding task 25
69 Worker 1 processing task 21 requiring operations [7, 2]
69 Worker 1 forwarding task 21
69 Worker 2 processing task 26 requiring operations [2, 4]
69 Worker 2 performing operation 4 on task 26
69 Worker 3 processing task 17 requiring operations [5]
69 Worker 3 forwarding task 17
69 Worker 4 processing task 29 requiring operations [10, 4]
69 Worker 4 forwarding task 29
70 Generated task 35
70 Worker 4 accepting task 35
70 Worker 4 accepting task 25
70 Worker 0 accepting task 21
70 Worker 2 accepting task 26
70 Worker 4 accepting task 17
70 Worker 3 accepting task 29
70 Worker 0 processing task 11 requiring operations [6, 4]
70 Worker 0 forwarding task 11
70 Worker 1 processing task 34 requiring operations [6, 5, 7]
70 Worker 1 performing operation 6 on task 34
70 Worker 2 processing task 16 requiring operations [2, 9]
70 Worker 2 forwarding task 16
70 Worker 3 processing task 24 requiring operations [8, 7]
70 Worker 3 performing operation 8 on task 24
70 Worker 4 processing task 28 requiring operations [6, 5]
70 Worker 4 forwarding task 28
71 Worker 1 accepting task 11
71 Worker 1 accepting task 34
71 Worker 0 accepting task 16
71 Worker 3 accepting task 24
71 Worker 0 accepting task 28
71 Worker 0 processing task 30 requiring operations [4, 8]
71 Worker 0 forwarding task 30
71 Worker 1 processing task 19 requiring operations [9, 7]
71 Worker 1 forwarding task 19
71 Worker 2 processing task 31 requiring operations [2, 7]
71 Worker 2 forwarding task 31
71 Worker 3 processing task 27 requiring operations [5, 8]
71 Worker 3 performing operation 8 on task 27
71 Worker 4 processing task 35 requiring operations [10, 8, 3]
71 Worker 4 forwarding task 35
72 Generated task 36
72 Worker 4 accepting task 36
72 Worker 3 accepting task 30
72 Worker 2 accepting task 19
72 Worker 0 accepting task 31
72 Worker 3 accepting task 27
72 Worker 0 accepting task 35
72 Worker 0 processing task 32 requiring operations [1]
72 Worker 0 performing operation 1 on task 32
72 Worker 1 processing task 11 requiring operations [6, 4]
72 Worker 1 performing operation 6 on task 11
72 Worker 2 processing task 26 requiring operations [2]
72 Worker 2 forwarding task 26
72 Worker 3 processing task 29 requiring operations [10, 4]
72 Worker 3 forwarding task 29
72 Worker 4 processing task 25 requiring operations [4, 6, 9]
72 Worker 4 performing operation 9 on task 25
73 Task 32 completed!
73 Worker 1 accepting task 11
73 Worker 1 accepting task 26
73 Worker 4 accepting task 29
73 Worker 4 accepting task 25
73 Worker 0 processing task 33 requiring operations [6, 9, 3]
73 Worker 0 performing operation 3 on task 33
73 Worker 1 processing task 34 requiring operations [5, 7]
73 Worker 1 performing operation 5 on task 34
73 Worker 2 processing task 19 requiring operations [9, 7]
73 Worker 2 forwarding task 19
73 Worker 3 processing task 24 requiring operations [7]
73 Worker 3 performing operation 7 on task 24
73 Worker 4 processing task 17 requiring operations [5]
73 Worker 4 forwarding task 17
74 Generated task 37
74 Worker 2 accepting task 37
74 Worker 0 accepting task 33
74 Worker 1 accepting task 34
74 Worker 0 accepting task 19
74 Task 24 completed!
74 Worker 0 accepting task 17
74 Worker 0 processing task 21 requiring operations [7, 2]
74 Worker 0 forwarding task 21
74 Worker 1 processing task 11 requiring operations [4]
74 Worker 1 forwarding task 11
74 Worker 2 processing task 37 requiring operations [9, 10, 1]
74 Worker 2 performing operation 10 on task 37
74 Worker 3 processing task 30 requiring operations [4, 8]
74 Worker 3 performing operation 8 on task 30
74 Worker 4 processing task 36 requiring operations [5, 3, 2]
74 Worker 4 forwarding task 36
75 Worker 4 accepting task 21
75 Worker 2 accepting task 11
75 Worker 2 accepting task 37
75 Worker 3 accepting task 30
75 Worker 3 accepting task 36
75 Worker 0 processing task 16 requiring operations [2, 9]
75 Worker 0 forwarding task 16
75 Worker 1 processing task 26 requiring operations [2]
75 Worker 1 forwarding task 26
75 Worker 2 processing task 11 requiring operations [4]
75 Worker 2 performing operation 4 on task 11
75 Worker 3 processing task 27 requiring operations [5]
75 Worker 3 forwarding task 27
75 Worker 4 processing task 29 requiring operations [10, 4]
75 Worker 4 forwarding task 29
76 Generated task 38
76 Worker 2 accepting task 38
76 Worker 2 accepting task 16
76 Worker 2 accepting task 26
76 Task 11 completed!
76 Worker 4 accepting task 27
76 Worker 0 accepting task 29
76 Worker 0 processing task 28 requiring operations [6, 5]
76 Worker 0 forwarding task 28
76 Worker 1 processing task 34 requiring operations [7]
76 Worker 1 forwarding task 34
76 Worker 2 processing task 37 requiring operations [9, 1]
76 Worker 2 forwarding task 37
76 Worker 3 processing task 30 requiring operations [4]
76 Worker 3 forwarding task 30
76 Worker 4 processing task 25 requiring operations [4, 6]
76 Worker 4 forwarding task 25
77 Worker 1 accepting task 28
77 Worker 0 accepting task 34
77 Worker 0 accepting task 37
77 Worker 0 accepting task 30
77 Worker 0 accepting task 25
77 Worker 0 processing task 31 requiring operations [2, 7]
77 Worker 0 forwarding task 31
77 Worker 1 processing task 28 requiring operations [6, 5]
77 Worker 1 performing operation 6 on task 28
77 Worker 2 processing task 38 requiring operations [6, 5, 4]
77 Worker 2 performing operation 4 on task 38
77 Worker 3 processing task 36 requiring operations [5, 3, 2]
77 Worker 3 performing operation 2 on task 36
77 Worker 4 processing task 21 requiring operations [7, 2]
77 Worker 4 forwarding task 21
78 Generated task 39
78 Worker 0 accepting task 39
78 Worker 4 accepting task 31
78 Worker 1 accepting task 28
78 Worker 2 accepting task 38
78 Worker 3 accepting task 36
78 Worker 3 accepting task 21
78 Worker 0 processing task 35 requiring operations [10, 8, 3]
78 Worker 0 performing operation 3 on task 35
78 Worker 1 processing task 28 requiring operations [5]
78 Worker 1 performing operation 5 on task 28
78 Worker 2 processing task 16 requiring operations [2, 9]
78 Worker 2 forwarding task 16
78 Worker 3 processing task 36 requiring operations [5, 3]
78 Worker 3 forwarding task 36
78 Worker 4 processing task 27 requiring operations [5]
78 Worker 4 forwarding task 27
79 Worker 0 accepting task 35
79 Task 28 completed!
79 Worker 1 accepting task 16
79 Worker 4 accepting task 36
79 Worker 3 accepting task 27
79 Worker 0 processing task 33 requiring operations [6, 9]
79 Worker 0 forwarding task 33
79 Worker 2 processing task 26 requiring operations [2]
79 Worker 2 forwarding task 26
79 Worker 3 processing task 21 requiring operations [7, 2]
79 Worker 3 performing operation 7 on task 21
79 Worker 4 processing task 31 requiring operations [2, 7]
79 Worker 4 forwarding task 31
79 Worker 1 processing task 16 requiring operations [2, 9]
79 Worker 1 forwarding task 16
80 Generated task 40
80 Worker 3 accepting task 40
80 Worker 1 accepting task 33
80 Worker 1 accepting task 26
80 Worker 3 accepting task 21
80 Worker 3 accepting task 31
80 Worker 0 accepting task 16
80 Worker 0 processing task 19 requiring operations [9, 7]
80 Worker 0 forwarding task 19
80 Worker 2 processing task 38 requiring operations [6, 5]
80 Worker 2 performing operation 6 on task 38
80 Worker 3 processing task 27 requiring operations [5]
80 Worker 3 forwarding task 27
80 Worker 4 processing task 36 requiring operations [5, 3]
80 Worker 4 forwarding task 36
80 Worker 1 processing task 33 requiring operations [6, 9]
80 Worker 1 performing operation 6 on task 33
81 Worker 1 accepting task 19
81 Worker 2 accepting task 38
81 Worker 4 accepting task 27
81 Worker 3 accepting task 36
81 Worker 1 accepting task 33
81 Worker 0 processing task 17 requiring operations [5]
81 Worker 0 forwarding task 17
81 Worker 2 processing task 38 requiring operations [5]
81 Worker 2 forwarding task 38
81 Worker 3 processing task 40 requiring operations [2, 6, 4]
81 Worker 3 performing operation 2 on task 40
81 Worker 4 processing task 27 requiring operations [5]
81 Worker 4 forwarding task 27
81 Worker 1 processing task 26 requiring operations [2]
81 Worker 1 forwarding task 26
82 Generated task 41
82 Worker 0 accepting task 41
82 Worker 4 accepting task 17
82 Worker 1 accepting task 38
82 Worker 3 accepting task 40
82 Worker 3 accepting task 27
82 Worker 0 accepting task 26
82 Worker 0 processing task 29 requiring operations [10, 4]
82 Worker 0 forwarding task 29
82 Worker 3 processing task 21 requiring operations [2]
82 Worker 3 performing operation 2 on task 21
82 Worker 4 processing task 17 requiring operations [5]
82 Worker 4 forwarding task 17
82 Worker 1 processing task 19 requiring operations [9, 7]
82 Worker 1 forwarding task 19
83 Worker 4 accepting task 29
83 Task 21 completed!
83 Worker 3 accepting task 17
83 Worker 0 accepting task 19
83 Worker 0 processing task 34 requiring operations [7]
83 Worker 0 forwarding task 34
83 Worker 3 processing task 31 requiring operations [2, 7]
83 Worker 3 performing operation 2 on task 31
83 Worker 4 processing task 29 requiring operations [10, 4]
83 Worker 4 forwarding task 29
83 Worker 1 processing task 33 requiring operations [9]
83 Worker 1 forwarding task 33
84 Generated task 42
84 Worker 4 accepting task 42
84 Worker 4 accepting task 34
84 Worker 3 accepting task 31
84 Worker 3 accepting task 29
84 Worker 0 accepting task 33
84 Worker 0 processing task 37 requiring operations [9, 1]
84 Worker 0 performing operation 1 on task 37
84 Worker 3 processing task 36 requiring operations [5, 3]
84 Worker 3 forwarding task 36
84 Worker 4 processing task 42 requiring operations [10, 6, 5]
84 Worker 4 forwarding task 42
84 Worker 1 processing task 38 requiring operations [5]
84 Worker 1 performing operation 5 on task 38
85 Worker 0 accepting task 37
85 Worker 4 accepting task 36
85 Worker 3 accepting task 42
85 Task 38 completed!
85 Worker 0 processing task 30 requiring operations [4]
85 Worker 0 forwarding task 30
85 Worker 3 processing task 40 requiring operations [6, 4]
85 Worker 3 forwarding task 40
85 Worker 4 processing task 34 requiring operations [7]
85 Worker 4 forwarding task 34
86 Generated task 43
86 Worker 4 accepting task 43
86 Worker 1 accepting task 30
86 Worker 4 accepting task 40
86 Worker 0 accepting task 34
86 Worker 0 processing task 25 requiring operations [4, 6]
86 Worker 0 forwarding task 25
86 Worker 3 processing task 27 requiring operations [5]
86 Worker 3 forwarding task 27
86 Worker 4 processing task 36 requiring operations [5, 3]
86 Worker 4 forwarding task 36
86 Worker 1 processing task 30 requiring operations [4]
86 Worker 1 forwarding task 30
87 Worker 3 accepting task 25
87 Worker 4 accepting task 27
87 Worker 0 accepting task 36
87 Worker 2 accepting task 30
87 Worker 0 processing task 39 requiring operations [3, 6, 10]
87 Worker 0 performing operation 3 on task 39
87 Worker 3 processing task 17 requiring operations [5]
87 Worker 3 forwarding task 17
87 Worker 4 processing task 43 requiring operations [7, 1, 6]
87 Worker 4 performing operation 1 on task 43
87 Worker 2 processing task 30 requiring operations [4]
87 Worker 2 performing operation 4 on task 30
88 Generated task 44
88 Worker 1 accepting task 44
88 Worker 0 accepting task 39
88 Worker 4 accepting task 17
88 Worker 4 accepting task 43
88 Task 30 completed!
88 Worker 0 processing task 35 requiring operations [10, 8]
88 Worker 0 forwarding task 35
88 Worker 3 processing task 31 requiring operations [7]
88 Worker 3 performing operation 7 on task 31
88 Worker 4 processing task 40 requiring operations [6, 4]
88 Worker 4 forwarding task 40
88 Worker 1 processing task 44 requiring operations [9, 6, 4]
88 Worker 1 performing operation 6 on task 44
89 Worker 2 accepting task 35
89 Task 31 completed!
89 Worker 0 accepting task 40
89 Worker 1 accepting task 44
89 Worker 0 processing task 16 requiring operations [2, 9]
89 Worker 0 forwarding task 16
89 Worker 3 processing task 29 requiring operations [10, 4]
89 Worker 3 forwarding task 29
89 Worker 4 processing task 27 requiring operations [5]
89 Worker 4 forwarding task 27
89 Worker 1 processing task 44 requiring operations [9, 4]
89 Worker 1 forwarding task 44
89 Worker 2 processing task 35 requiring operations [10, 8]
89 Worker 2 performing operation 10 on task 35
90 Generated task 45
90 Worker 0 accepting task 45
90 Worker 1 accepting task 16
90 Worker 4 accepting task 29
90 Worker 0 accepting task 27
90 Worker 2 accepting task 44
90 Worker 2 accepting task 35
90 Worker 0 processing task 41 requiring operations [9, 1, 4]
90 Worker 0 performing operation 1 on task 41
90 Worker 3 processing task 42 requiring operations [10, 6, 5]
90 Worker 3 forwarding task 42
90 Worker 4 processing task 17 requiring operations [5]
90 Worker 4 forwarding task 17
90 Worker 1 processing task 16 requiring operations [2, 9]
90 Worker 1 forwarding task 16
90 Worker 2 processing task 44 requiring operations [9, 4]
90 Worker 2 performing operation 4 on task 44
91 Worker 0 accepting task 41
91 Worker 0 accepting task 42
91 Worker 3 accepting task 17
91 Worker 2 accepting task 16
91 Worker 2 accepting task 44
91 Worker 0 processing task 26 requiring operations [2]
91 Worker 0 forwarding task 26
91 Worker 3 processing task 25 requiring operations [4, 6]
91 Worker 3 forwarding task 25
91 Worker 4 processing task 43 requiring operations [7, 6]
91 Worker 4 forwarding task 43
91 Worker 2 processing task 35 requiring operations [8]
91 Worker 2 performing operation 8 on task 35
92 Generated task 46
92 Worker 1 accepting task 46
92 Worker 2 accepting task 26
92 Worker 4 accepting task 25
92 Worker 0 accepting task 43
92 Task 35 completed!
92 Worker 0 processing task 19 requiring operations [9, 7]
92 Worker 0 forwarding task 19
92 Worker 3 processing task 17 requiring operations [5]
92 Worker 3 forwarding task 17
92 Worker 4 processing task 29 requiring operations [10, 4]
92 Worker 4 forwarding task 29
92 Worker 2 processing task 16 requiring operations [2, 9]
92 Worker 2 forwarding task 16
92 Worker 1 processing task 46 requiring operations [10, 3, 4]
92 Worker 1 performing operation 3 on task 46
93 Worker 1 accepting task 19
93 Worker 0 accepting task 17
93 Worker 0 accepting task 29
93 Worker 1 accepting task 16
93 Worker 1 accepting task 46
93 Worker 0 processing task 33 requiring operations [9]
93 Worker 0 forwarding task 33
93 Worker 4 processing task 25 requiring operations [4, 6]
93 Worker 4 forwarding task 25
93 Worker 2 processing task 44 requiring operations [9]
93 Worker 2 forwarding task 44
93 Worker 1 processing task 19 requiring operations [9, 7]
93 Worker 1 forwarding task 19
94 Generated task 47
94 Worker 4 accepting task 47
94 Worker 1 accepting task 33
94 Worker 0 accepting task 25
94 Worker 1 accepting task 44
94 Worker 2 accepting task 19
94 Worker 0 processing task 37 requiring operations [9]
94 Worker 0 forwarding task 37
94 Worker 4 processing task 47 requiring operations [10, 6, 9]
94 Worker 4 performing operation 9 on task 47
94 Worker 2 processing task 26 requiring operations [2]
94 Worker 2 forwarding task 26
94 Worker 1 processing task 16 requiring operations [2, 9]
94 Worker 1 forwarding task 16
95 Worker 4 accepting task 37
95 Worker 4 accepting task 47
95 Worker 1 accepting task 26
95 Worker 2 accepting task 16
95 Worker 0 processing task 34 requiring operations [7]
95 Worker 0 forwarding task 34
95 Worker 4 processing task 37 requiring operations [9]
95 Worker 4 performing operation 9 on task 37
95 Worker 2 processing task 19 requiring operations [9, 7]
95 Worker 2 forwarding task 19
95 Worker 1 processing task 46 requiring operations [10, 4]
95 Worker 1 forwarding task 46
96 Generated task 48
96 Worker 1 accepting task 48
96 Worker 1 accepting task 34
96 Task 37 completed!
96 Worker 1 accepting task 19
96 Worker 2 accepting task 46
96 Worker 0 processing task 36 requiring operations [5, 3]
96 Worker 0 performing operation 3 on task 36
96 Worker 4 processing task 47 requiring operations [10, 6]
96 Worker 4 forwarding task 47
96 Worker 2 processing task 16 requiring operations [2, 9]
96 Worker 2 forwarding task 16
96 Worker 1 processing task 33 requiring operations [9]
96 Worker 1 forwarding task 33
97 Worker 0 accepting task 36
97 Worker 0 accepting task 47
97 Worker 0 accepting task 16
97 Worker 2 accepting task 33
97 Worker 0 processing task 39 requiring operations [6, 10]
97 Worker 0 forwarding task 39
97 Worker 2 processing task 46 requiring operations [10, 4]
97 Worker 2 performing operation 10 on task 46
97 Worker 1 processing task 44 requiring operations [9]
97 Worker 1 forwarding task 44
98 Generated task 49
98 Worker 2 accepting task 49
98 Worker 3 accepting task 39
98 Worker 2 accepting task 46
98 Worker 0 accepting task 44
98 Worker 0 processing task 40 requiring operations [6, 4]
98 Worker 0 forwarding task 40
98 Worker 2 processing task 33 requiring operations [9]
98 Worker 2 forwarding task 33
98 Worker 1 processing task 26 requiring operations [2]
98 Worker 1 forwarding task 26
98 Worker 3 processing task 39 requiring operations [6, 10]
98 Worker 3 forwarding task 39
99 Worker 1 accepting task 40
99 Worker 1 accepting task 33
99 Worker 0 accepting task 26
99 Worker 4 accepting task 39
99 Worker 0 processing task 45 requiring operations [8, 10, 6]
99 Worker 0 forwarding task 45
99 Worker 2 processing task 49 requiring operations [4, 6, 9]
99 Worker 2 performing operation 6 on task 49
99 Worker 1 processing task 48 requiring operations [10, 8, 4]
99 Worker 1 forwarding task 48
99 Worker 4 processing task 39 requiring operations [6, 10]
99 Worker 4 forwarding task 39
100 Generated task 50
100 Worker 1 accepting task 50
100 Worker 3 accepting task 45
100 Worker 2 accepting task 49
100 Worker 2 accepting task 48
100 Worker 0 accepting task 39
100 Worker 0 processing task 27 requiring operations [5]
100 Worker 0 forwarding task 27
100 Worker 2 processing task 46 requiring operations [4]
100 Worker 2 performing operation 4 on task 46
100 Worker 1 processing task 34 requiring operations [7]
100 Worker 1 forwarding task 34
100 Worker 3 processing task 45 requiring operations [8, 10, 6]
100 Worker 3 performing operation 8 on task 45
101 Worker 4 accepting task 27
101 Task 46 completed!
101 Worker 0 accepting task 34
101 Worker 3 accepting task 45
101 Worker 0 processing task 41 requiring operations [9, 4]
101 Worker 0 forwarding task 41
101 Worker 2 processing task 49 requiring operations [4, 9]
101 Worker 2 performing operation 4 on task 49
101 Worker 1 processing task 19 requiring operations [9, 7]
101 Worker 1 forwarding task 19
101 Worker 3 processing task 45 requiring operations [10, 6]
101 Worker 3 forwarding task 45
101 Worker 4 processing task 27 requiring operations [5]
101 Worker 4 forwarding task 27
102 Generated task 51
102 Worker 2 accepting task 51
102 Worker 3 accepting task 41
102 Worker 2 accepting task 49
102 Worker 2 accepting task 19
102 Worker 0 accepting task 45
102 Worker 3 accepting task 27
102 Worker 0 processing task 42 requiring operations [10, 6, 5]
102 Worker 0 forwarding task 42
102 Worker 2 processing task 48 requiring operations [10, 8, 4]
102 Worker 2 performing operation 8 on task 48
102 Worker 1 processing task 40 requiring operations [6, 4]
102 Worker 1 performing operation 6 on task 40
102 Worker 3 processing task 41 requiring operations [9, 4]
102 Worker 3 forwarding task 41
103 Worker 4 accepting task 42
103 Worker 2 accepting task 48
103 Worker 1 accepting task 40
103 Worker 0 accepting task 41
103 Worker 0 processing task 43 requiring operations [7, 6]
103 Worker 0 forwarding task 43
103 Worker 2 processing task 51 requiring operations [1, 10, 3]
103 Worker 2 performing operation 10 on task 51
103 Worker 1 processing task 33 requiring operations [9]
103 Worker 1 forwarding task 33
103 Worker 3 processing task 27 requiring operations [5]
103 Worker 3 forwarding task 27
103 Worker 4 processing task 42 requiring operations [10, 6, 5]
103 Worker 4 forwarding task 42
104 Generated task 52
104 Worker 2 accepting task 52
104 Worker 1 accepting task 43
104 Worker 2 accepting task 51
104 Worker 0 accepting task 33
104 Worker 4 accepting task 27
104 Worker 3 accepting task 42
104 Worker 0 processing task 17 requiring operations [5]
104 Worker 0 forwarding task 17
104 Worker 2 processing task 49 requiring operations [9]
104 Worker 2 forwarding task 49
104 Worker 1 processing task 50 requiring operations [1, 7, 5]
104 Worker 1 performing operation 5 on task 50
104 Worker 4 processing task 27 requiring operations [5]
104 Worker 4 forwarding task 27
104 Worker 3 processing task 42 requiring operations [10, 6, 5]
104 Worker 3 forwarding task 42
105 Worker 4 accepting task 17
105 Worker 1 accepting task 49
105 Worker 1 accepting task 50
105 Worker 3 accepting task 27
105 Worker 0 accepting task 42
105 Worker 0 processing task 29 requiring operations [10, 4]
105 Worker 0 forwarding task 29
105 Worker 2 processing task 19 requiring operations [9, 7]
105 Worker 2 forwarding task 19
105 Worker 1 processing task 40 requiring operations [4]
105 Worker 1 forwarding task 40
105 Worker 4 processing task 17 requiring operations [5]
105 Worker 4 forwarding task 17
105 Worker 3 processing task 27 requiring operations [5]
105 Worker 3 forwarding task 27
106 Generated task 53
106 Worker 3 accepting task 53
106 Worker 1 accepting task 29
106 Worker 0 accepting task 19
106 Worker 2 accepting task 40
106 Worker 0 accepting task 17
106 Worker 4 accepting task 27
106 Worker 0 processing task 25 requiring operations [4, 6]
106 Worker 0 forwarding task 25
106 Worker 2 processing task 48 requiring operations [10, 4]
106 Worker 2 performing operation 10 on task 48
106 Worker 1 processing task 43 requiring operations [7, 6]
106 Worker 1 performing operation 6 on task 43
106 Worker 3 processing task 53 requiring operations [5, 10, 7]
106 Worker 3 performing operation 7 on task 53
106 Worker 4 processing task 27 requiring operations [5]
106 Worker 4 forwarding task 27
107 Worker 1 accepting task 25
107 Worker 2 accepting task 48
107 Worker 1 accepting task 43
107 Worker 3 accepting task 53
107 Worker 3 accepting task 27
107 Worker 0 processing task 36 requiring operations [5]
107 Worker 0 forwarding task 36
107 Worker 2 processing task 52 requiring operations [1, 10, 3]
107 Worker 2 performing operation 10 on task 52
107 Worker 1 processing task 49 requiring operations [9]
107 Worker 1 forwarding task 49
107 Worker 3 processing task 53 requiring operations [5, 10]
107 Worker 3 forwarding task 53
108 Generated task 54
108 Worker 2 accepting task 54
108 Worker 1 accepting task 36
108 Worker 2 accepting task 52
108 Worker 2 accepting task 49
108 Worker 4 accepting task 53
108 Worker 0 processing task 47 requiring operations [10, 6]
108 Worker 0 forwarding task 47
108 Worker 2 processing task 51 requiring operations [1, 3]
108 Worker 2 forwarding task 51
108 Worker 1 processing task 50 requiring operations [1, 7]
108 Worker 1 forwarding task 50
108 Worker 3 processing task 27 requiring operations [5]
108 Worker 3 forwarding task 27
108 Worker 4 processing task 53 requiring operations [5, 10]
108 Worker 4 forwarding task 53
109 Worker 3 accepting task 47
109 Worker 1 accepting task 51
109 Worker 0 accepting task 50
109 Worker 0 accepting task 27
109 Worker 0 accepting task 53
109 Worker 0 processing task 16 requiring operations [2, 9]
109 Worker 0 forwarding task 16
109 Worker 2 processing task 40 requiring operations [4]
109 Worker 2 performing operation 4 on task 40
109 Worker 1 processing task 29 requiring operations [10, 4]
109 Worker 1 forwarding task 29
109 Worker 3 processing task 47 requiring operations [10, 6]
109 Worker 3 forwarding task 47
110 Generated task 55
110 Worker 2 accepting task 55
110 Worker 3 accepting task 16
110 Task 40 completed!
110 Worker 2 accepting task 29
110 Worker 0 accepting task 47
110 Worker 0 processing task 44 requiring operations [9]
110 Worker 0 forwarding task 44
110 Worker 2 processing task 48 requiring operations [4]
110 Worker 2 performing operation 4 on task 48
110 Worker 1 processing task 25 requiring operations [4, 6]
110 Worker 1 performing operation 6 on task 25
110 Worker 3 processing task 16 requiring operations [2, 9]
110 Worker 3 performing operation 2 on task 16
111 Worker 4 accepting task 44
111 Task 48 completed!
111 Worker 1 accepting task 25
111 Worker 3 accepting task 16
111 Worker 0 processing task 26 requiring operations [2]
111 Worker 0 forwarding task 26
111 Worker 2 processing task 54 requiring operations [10, 9, 5]
111 Worker 2 performing operation 10 on task 54
111 Worker 1 processing task 43 requiring operations [7]
111 Worker 1 forwarding task 43
111 Worker 3 processing task 16 requiring operations [9]
111 Worker 3 forwarding task 16
111 Worker 4 processing task 44 requiring operations [9]
111 Worker 4 performing operation 9 on task 44
112 Generated task 56
112 Worker 1 accepting task 56
112 Worker 4 accepting task 26
112 Worker 2 accepting task 54
112 Worker 0 accepting task 43
112 Worker 4 accepting task 16
112 Task 44 completed!
112 Worker 0 processing task 39 requiring operations [6, 10]
112 Worker 0 forwarding task 39
112 Worker 2 processing task 52 requiring operations [1, 3]
112 Worker 2 forwarding task 52
112 Worker 1 processing task 36 requiring operations [5]
112 Worker 1 performing operation 5 on task 36
112 Worker 4 processing task 26 requiring operations [2]
112 Worker 4 forwarding task 26
113 Worker 2 accepting task 39
113 Worker 0 accepting task 52
113 Task 36 completed!
113 Worker 0 accepting task 26
113 Worker 0 processing task 34 requiring operations [7]
113 Worker 0 forwarding task 34
113 Worker 2 processing task 49 requiring operations [9]
113 Worker 2 forwarding task 49
113 Worker 1 processing task 51 requiring operations [1, 3]
113 Worker 1 performing operation 3 on task 51
113 Worker 4 processing task 16 requiring operations [9]
113 Worker 4 performing operation 9 on task 16
114 Generated task 57
114 Worker 0 accepting task 57
114 Worker 3 accepting task 34
114 Worker 0 accepting task 49
114 Worker 1 accepting task 51
114 Task 16 completed!
114 Worker 0 processing task 45 requiring operations [10, 6]
114 Worker 0 forwarding task 45
114 Worker 2 processing task 55 requiring operations [3, 8, 2]
114 Worker 2 performing operation 8 on task 55
114 Worker 1 processing task 25 requiring operations [4]
114 Worker 1 forwarding task 25
114 Worker 3 processing task 34 requiring operations [7]
114 Worker 3 performing operation 7 on task 34
115 Worker 4 accepting task 45
115 Worker 2 accepting task 55
115 Worker 2 accepting task 25
115 Task 34 completed!
115 Worker 0 processing task 41 requiring operations [9, 4]
115 Worker 0 forwarding task 41
115 Worker 2 processing task 29 requiring operations [10, 4]
115 Worker 2 performing operation 4 on task 29
115 Worker 1 processing task 56 requiring operations [7, 1, 3]
115 Worker 1 performing operation 3 on task 56
115 Worker 4 processing task 45 requiring operations [10, 6]
115 Worker 4 forwarding task 45
116 Generated task 58
116 Worker 0 accepting task 58
116 Worker 3 accepting task 41
116 Worker 2 accepting task 29
116 Worker 1 accepting task 56
116 Worker 3 accepting task 45
116 Worker 0 processing task 33 requiring operations [9]
116 Worker 0 forwarding task 33
116 Worker 2 processing task 54 requiring operations [9, 5]
116 Worker 2 forwarding task 54
116 Worker 1 processing task 51 requiring operations [1]
116 Worker 1 forwarding task 51
116 Worker 3 processing task 41 requiring operations [9, 4]
116 Worker 3 forwarding task 41
117 Worker 3 accepting task 33
117 Worker 0 accepting task 54
117 Worker 2 accepting task 51
117 Worker 0 accepting task 41
117 Worker 0 processing task 42 requiring operations [10, 6, 5]
117 Worker 0 forwarding task 42
117 Worker 2 processing task 39 requiring operations [6, 10]
117 Worker 2 performing operation 10 on task 39
117 Worker 1 processing task 56 requiring operations [7, 1]
117 Worker 1 forwarding task 56
117 Worker 3 processing task 45 requiring operations [10, 6]
117 Worker 3 forwarding task 45
118 Generated task 59
118 Worker 2 accepting task 59
118 Worker 1 accepting task 42
118 Worker 2 accepting task 39
118 Worker 2 accepting task 56
118 Worker 0 accepting task 45
118 Worker 0 processing task 19 requiring operations [9, 7]
118 Worker 0 forwarding task 19
118 Worker 2 processing task 55 requiring operations [3, 2]
118 Worker 2 forwarding task 55
118 Worker 1 processing task 42 requiring operations [10, 6, 5]
118 Worker 1 performing operation 6 on task 42
118 Worker 3 processing task 33 requiring operations [9]
118 Worker 3 forwarding task 33
119 Worker 2 accepting task 19
119 Worker 1 accepting task 55
119 Worker 1 accepting task 42
119 Worker 0 accepting task 33
119 Worker 0 processing task 17 requiring operations [5]
119 Worker 0 forwarding task 17
119 Worker 2 processing task 25 requiring operations [4]
119 Worker 2 performing operation 4 on task 25
119 Worker 1 processing task 55 requiring operations [3, 2]
119 Worker 1 performing operation 3 on task 55
120 Generated task 60
120 Worker 1 accepting task 60
120 Worker 2 accepting task 17
120 Task 25 completed!
120 Worker 1 accepting task 55
120 Worker 0 processing task 50 requiring operations [1, 7]
120 Worker 0 performing operation 1 on task 50
120 Worker 2 processing task 29 requiring operations [10]
120 Worker 2 performing operation 10 on task 29
120 Worker 1 processing task 42 requiring operations [10, 5]
120 Worker 1 performing operation 5 on task 42
121 Worker 0 accepting task 50
121 Task 29 completed!
121 Worker 1 accepting task 42
121 Worker 0 processing task 27 requiring operations [5]
121 Worker 0 forwarding task 27
121 Worker 2 processing task 51 requiring operations [1]
121 Worker 2 forwarding task 51
121 Worker 1 processing task 60 requiring operations [7, 9, 8]
121 Worker 1 forwarding task 60
122 Generated task 61
122 Worker 3 accepting task 61
122 Worker 3 accepting task 27
122 Worker 1 accepting task 51
122 Worker 2 accepting task 60
122 Worker 0 processing task 53 requiring operations [5, 10]
122 Worker 0 forwarding task 53
122 Worker 2 processing task 59 requiring operations [8, 7, 3]
122 Worker 2 performing operation 8 on task 59
122 Worker 1 processing task 55 requiring operations [2]
122 Worker 1 forwarding task 55
122 Worker 3 processing task 61 requiring operations [5, 7, 10]
122 Worker 3 performing operation 7 on task 61
123 Worker 4 accepting task 53
123 Worker 2 accepting task 59
123 Worker 2 accepting task 55
123 Worker 3 accepting task 61
123 Worker 0 processing task 47 requiring operations [10, 6]
123 Worker 0 forwarding task 47
123 Worker 2 processing task 39 requiring operations [6]
123 Worker 2 performing operation 6 on task 39
123 Worker 1 processing task 42 requiring operations [10]
123 Worker 1 forwarding task 42
123 Worker 3 processing task 27 requiring operations [5]
123 Worker 3 forwarding task 27
123 Worker 4 processing task 53 requiring operations [5, 10]
123 Worker 4 forwarding task 53
124 Generated task 62
124 Worker 2 accepting task 62
124 Worker 2 accepting task 47
124 Task 39 completed!
124 Worker 2 accepting task 42
124 Worker 0 accepting task 27
124 Worker 0 accepting task 53
124 Worker 0 processing task 43 requiring operations [7]
124 Worker 0 forwarding task 43
124 Worker 2 processing task 56 requiring operations [7, 1]
124 Worker 2 forwarding task 56
124 Worker 1 processing task 51 requiring operations [1]
124 Worker 1 forwarding task 51
124 Worker 3 processing task 61 requiring operations [5, 10]
124 Worker 3 forwarding task 61
125 Worker 3 accepting task 43
125 Worker 1 accepting task 56
125 Worker 0 accepting task 51
125 Worker 4 accepting task 61
125 Worker 0 processing task 52 requiring operations [1, 3]
125 Worker 0 performing operation 1 on task 52
125 Worker 2 processing task 19 requiring operations [9, 7]
125 Worker 2 forwarding task 19
125 Worker 1 processing task 56 requiring operations [7, 1]
125 Worker 1 forwarding task 56
125 Worker 3 processing task 43 requiring operations [7]
125 Worker 3 performing operation 7 on task 43
125 Worker 4 processing task 61 requiring operations [5, 10]
125 Worker 4 forwarding task 61
126 Generated task 63
126 Worker 4 accepting task 63
126 Worker 0 accepting task 52
126 Worker 1 accepting task 19
126 Worker 0 accepting task 56
126 Task 43 completed!
126 Worker 3 accepting task 61
126 Worker 0 processing task 26 requiring operations [2]
126 Worker 0 forwarding task 26
126 Worker 2 processing task 17 requiring operations [5]
126 Worker 2 forwarding task 17
126 Worker 1 processing task 19 requiring operations [9, 7]
126 Worker 1 forwarding task 19
126 Worker 4 processing task 63 requiring operations [2, 7, 8]
126 Worker 4 forwarding task 63
126 Worker 3 processing task 61 requiring operations [5, 10]
126 Worker 3 forwarding task 61
127 Worker 4 accepting task 26
127 Worker 1 accepting task 17
127 Worker 0 accepting task 19
127 Worker 3 accepting task 63
127 Worker 4 accepting task 61
127 Worker 0 processing task 57 requiring operations [10, 7, 1]
127 Worker 0 performing operation 1 on task 57
127 Worker 2 processing task 60 requiring operations [7, 9, 8]
127 Worker 2 performing operation 8 on task 60
127 Worker 1 processing task 17 requiring operations [5]
127 Worker 1 performing operation 5 on task 17
127 Worker 4 processing task 26 requiring operations [2]
127 Worker 4 forwarding task 26
127 Worker 3 processing task 63 requiring operations [2, 7, 8]
127 Worker 3 performing operation 8 on task 63
128 Generated task 64
128 Worker 4 accepting task 64
128 Worker 0 accepting task 57
128 Worker 2 accepting task 60
128 Task 17 completed!
128 Worker 3 accepting task 26
128 Worker 3 accepting task 63
128 Worker 0 processing task 49 requiring operations [9]
128 Worker 0 forwarding task 49
128 Worker 2 processing task 59 requiring operations [7, 3]
128 Worker 2 forwarding task 59
128 Worker 4 processing task 61 requiring operations [5, 10]
128 Worker 4 forwarding task 61
128 Worker 3 processing task 26 requiring operations [2]
128 Worker 3 performing operation 2 on task 26
129 Worker 1 accepting task 49
129 Worker 0 accepting task 59
129 Worker 3 accepting task 61
129 Task 26 completed!
129 Worker 0 processing task 58 requiring operations [3, 8, 9]
129 Worker 0 performing operation 3 on task 58
129 Worker 2 processing task 55 requiring operations [2]
129 Worker 2 forwarding task 55
129 Worker 4 processing task 64 requiring operations [2, 4, 3]
129 Worker 4 forwarding task 64
129 Worker 3 processing task 63 requiring operations [2, 7]
129 Worker 3 performing operation 2 on task 63
129 Worker 1 processing task 49 requiring operations [9]
129 Worker 1 forwarding task 49
130 Generated task 65
130 Worker 4 accepting task 65
130 Worker 0 accepting task 58
130 Worker 0 accepting task 55
130 Worker 0 accepting task 64
130 Worker 3 accepting task 63
130 Worker 2 accepting task 49
130 Worker 0 processing task 54 requiring operations [9, 5]
130 Worker 0 forwarding task 54
130 Worker 2 processing task 62 requiring operations [9, 5, 8]
130 Worker 2 performing operation 8 on task 62
130 Worker 4 processing task 65 requiring operations [8, 2, 10]
130 Worker 4 forwarding task 65
130 Worker 3 processing task 61 requiring operations [5, 10]
130 Worker 3 forwarding task 61
131 Worker 1 accepting task 54
131 Worker 2 accepting task 62
131 Worker 0 accepting task 65
131 Worker 0 accepting task 61
131 Worker 0 processing task 41 requiring operations [9, 4]
131 Worker 0 forwarding task 41
131 Worker 2 processing task 47 requiring operations [10, 6]
131 Worker 2 performing operation 10 on task 47
131 Worker 3 processing task 63 requiring operations [7]
131 Worker 3 performing operation 7 on task 63
131 Worker 1 processing task 54 requiring operations [9, 5]
131 Worker 1 performing operation 5 on task 54
132 Generated task 66
132 Worker 3 accepting task 66
132 Worker 1 accepting task 41
132 Worker 2 accepting task 47
132 Task 63 completed!
132 Worker 1 accepting task 54
132 Worker 0 processing task 45 requiring operations [10, 6]
132 Worker 0 forwarding task 45
132 Worker 2 processing task 42 requiring operations [10]
132 Worker 2 performing operation 10 on task 42
132 Worker 3 processing task 66 requiring operations [5, 9, 7]
132 Worker 3 performing operation 7 on task 66
132 Worker 1 processing task 41 requiring operations [9, 4]
132 Worker 1 forwarding task 41
133 Worker 3 accepting task 45
133 Task 42 completed!
133 Worker 3 accepting task 66
133 Worker 0 accepting task 41
133 Worker 0 processing task 33 requiring operations [9]
133 Worker 0 forwarding task 33
133 Worker 2 processing task 60 requiring operations [7, 9]
133 Worker 2 forwarding task 60
133 Worker 3 processing task 45 requiring operations [10, 6]
133 Worker 3 forwarding task 45
133 Worker 1 processing task 54 requiring operations [9]
133 Worker 1 forwarding task 54
134 Generated task 67
134 Worker 4 accepting task 67
134 Worker 3 accepting task 33
134 Worker 0 accepting task 60
134 Worker 0 accepting task 45
134 Worker 2 accepting task 54
134 Worker 0 processing task 50 requiring operations [7]
134 Worker 0 forwarding task 50
134 Worker 2 processing task 49 requiring operations [9]
134 Worker 2 forwarding task 49
134 Worker 3 processing task 66 requiring operations [5, 9]
134 Worker 3 forwarding task 66
134 Worker 4 processing task 67 requiring operations [10, 8, 3]
134 Worker 4 forwarding task 67
135 Worker 1 accepting task 50
135 Worker 1 accepting task 49
135 Worker 4 accepting task 66
135 Worker 3 accepting task 67
135 Worker 0 processing task 27 requiring operations [5]
135 Worker 0 forwarding task 27
135 Worker 2 processing task 62 requiring operations [9, 5]
135 Worker 2 forwarding task 62
135 Worker 3 processing task 33 requiring operations [9]
135 Worker 3 forwarding task 33
135 Worker 4 processing task 66 requiring operations [5, 9]
135 Worker 4 performing operation 9 on task 66
135 Worker 1 processing task 50 requiring operations [7]
135 Worker 1 forwarding task 50
136 Generated task 68
136 Worker 3 accepting task 68
136 Worker 1 accepting task 27
136 Worker 1 accepting task 62
136 Worker 0 accepting task 33
136 Worker 4 accepting task 66
136 Worker 0 accepting task 50
136 Worker 0 processing task 53 requiring operations [5, 10]
136 Worker 0 forwarding task 53
136 Worker 2 processing task 47 requiring operations [6]
136 Worker 2 performing operation 6 on task 47
136 Worker 3 processing task 67 requiring operations [10, 8, 3]
136 Worker 3 performing operation 8 on task 67
136 Worker 4 processing task 66 requiring operations [5]
136 Worker 4 forwarding task 66
136 Worker 1 processing task 49 requiring operations [9]
136 Worker 1 forwarding task 49
137 Worker 4 accepting task 53
137 Task 47 completed!
137 Worker 3 accepting task 67
137 Worker 0 accepting task 66
137 Worker 2 accepting task 49
137 Worker 0 processing task 51 requiring operations [1]
137 Worker 0 performing operation 1 on task 51
137 Worker 2 processing task 54 requiring operations [9]
137 Worker 2 forwarding task 54
137 Worker 3 processing task 68 requiring operations [8, 1, 9]
137 Worker 3 performing operation 8 on task 68
137 Worker 4 processing task 53 requiring operations [5, 10]
137 Worker 4 forwarding task 53
137 Worker 1 processing task 27 requiring operations [5]
137 Worker 1 performing operation 5 on task 27
138 Generated task 69
138 Worker 4 accepting task 69
138 Task 51 completed!
138 Worker 1 accepting task 54
138 Worker 3 accepting task 68
138 Worker 0 accepting task 53
138 Task 27 completed!
138 Worker 0 processing task 52 requiring operations [3]
138 Worker 0 performing operation 3 on task 52
138 Worker 2 processing task 49 requiring operations [9]
138 Worker 2 forwarding task 49
138 Worker 3 processing task 67 requiring operations [10, 3]
138 Worker 3 forwarding task 67
138 Worker 4 processing task 69 requiring operations [6, 1, 4]
138 Worker 4 performing operation 1 on task 69
138 Worker 1 processing task 62 requiring operations [9, 5]
138 Worker 1 performing operation 5 on task 62
139 Task 52 completed!
139 Worker 1 accepting task 49
139 Worker 4 accepting task 67
139 Worker 4 accepting task 69
139 Worker 1 accepting task 62
139 Worker 0 processing task 56 requiring operations [7, 1]
139 Worker 0 performing operation 1 on task 56
139 Worker 3 processing task 68 requiring operations [1, 9]
139 Worker 3 performing operation 1 on task 68
139 Worker 4 processing task 67 requiring operations [10, 3]
139 Worker 4 forwarding task 67
139 Worker 1 processing task 54 requiring operations [9]
139 Worker 1 forwarding task 54
140 Generated task 70
140 Worker 0 accepting task 70
140 Worker 0 accepting task 56
140 Worker 3 accepting task 68
140 Worker 0 accepting task 67
140 Worker 2 accepting task 54
140 Worker 0 processing task 19 requiring operations [9, 7]
140 Worker 0 forwarding task 19
140 Worker 3 processing task 68 requiring operations [9]
140 Worker 3 forwarding task 68
140 Worker 4 processing task 69 requiring operations [6, 4]
140 Worker 4 forwarding task 69
140 Worker 1 processing task 49 requiring operations [9]
140 Worker 1 forwarding task 49
140 Worker 2 processing task 54 requiring operations [9]
140 Worker 2 forwarding task 54
