Worker 0 can perform operations {8, 1, 5, 7}
Worker 1 can perform operations {9, 10, 7}
Worker 2 can perform operations {1, 2, 3}
Worker 3 can perform operations {8, 4, 5}
Worker 4 can perform operations {10, 6}
Building network type random
Worker 0 connecting to worker 3
Worker 3 connecting to worker 0
Worker 0 connecting to worker 1
Worker 1 connecting to worker 0
Worker 1 connecting to worker 4
Worker 4 connecting to worker 1
Worker 2 connecting to worker 3
Worker 3 connecting to worker 2
Worker 2 connecting to worker 4
Worker 4 connecting to worker 2
Entry nodes are [0, 1, 2, 3, 4]
0 Generated task 0
0 Worker 1 accepting task 0
0 Worker 1 processing task 0 requiring operations [10, 1, 2]
0 Worker 1 performing operation 10 on task 0
1 Worker 1 accepting task 0
1 Worker 1 processing task 0 requiring operations [1, 2]
1 Worker 1 forwarding task 0
2 Generated task 1
2 Worker 2 accepting task 1
2 Worker 0 accepting task 0
2 Worker 2 processing task 1 requiring operations [9, 4, 3]
2 Worker 2 performing operation 3 on task 1
2 Worker 0 processing task 0 requiring operations [1, 2]
2 Worker 0 performing operation 1 on task 0
3 Worker 2 accepting task 1
3 Worker 0 accepting task 0
3 Worker 2 processing task 1 requiring operations [9, 4]
3 Worker 2 forwarding task 1
3 Worker 0 processing task 0 requiring operations [2]
3 Worker 0 forwarding task 0
4 Generated task 2
4 Worker 0 accepting task 2
4 Worker 3 accepting task 1
4 Worker 1 accepting task 0
4 Worker 0 processing task 2 requiring operations [3, 8, 2]
4 Worker 0 performing operation 8 on task 2
4 Worker 3 processing task 1 requiring operations [9, 4]
4 Worker 3 performing operation 4 on task 1
4 Worker 1 processing task 0 requiring operations [2]
4 Worker 1 forwarding task 0
5 Worker 0 accepting task 2
5 Worker 3 accepting task 1
5 Worker 0 accepting task 0
5 Worker 0 processing task 2 requiring operations [3, 2]
5 Worker 0 forwarding task 2
5 Worker 3 processing task 1 requiring operations [9]
5 Worker 3 forwarding task 1
6 Generated task 3
6 Worker 2 accepting task 3
6 Worker 1 accepting task 2
6 Worker 2 accepting task 1
6 Worker 0 processing task 0 requiring operations [2]
6 Worker 0 forwarding task 0
6 Worker 2 processing task 3 requiring operations [1, 4, 6]
6 Worker 2 performing operation 1 on task 3
6 Worker 1 processing task 2 requiring operations [3, 2]
6 Worker 1 forwarding task 2
7 Worker 1 accepting task 0
7 Worker 2 accepting task 3
7 Worker 4 accepting task 2
7 Worker 2 processing task 1 requiring operations [9]
7 Worker 2 forwarding task 1
7 Worker 1 processing task 0 requiring operations [2]
7 Worker 1 forwarding task 0
7 Worker 4 processing task 2 requiring operations [3, 2]
7 Worker 4 forwarding task 2
8 Generated task 4
8 Worker 3 accepting task 4
8 Worker 3 accepting task 1
8 Worker 0 accepting task 0
8 Worker 1 accepting task 2
8 Worker 2 processing task 3 requiring operations [4, 6]
8 Worker 2 forwarding task 3
8 Worker 3 processing task 4 requiring operations [8, 1, 10]
8 Worker 3 performing operation 8 on task 4
8 Worker 0 processing task 0 requiring operations [2]
8 Worker 0 forwarding task 0
8 Worker 1 processing task 2 requiring operations [3, 2]
8 Worker 1 forwarding task 2
9 Worker 4 accepting task 3
9 Worker 3 accepting task 4
9 Worker 3 accepting task 0
9 Worker 4 accepting task 2
9 Worker 3 processing task 1 requiring operations [9]
9 Worker 3 forwarding task 1
9 Worker 4 processing task 3 requiring operations [4, 6]
9 Worker 4 performing operation 6 on task 3
10 Generated task 5
10 Worker 3 accepting task 5
10 Worker 0 accepting task 1
10 Worker 4 accepting task 3
10 Worker 3 processing task 4 requiring operations [1, 10]
10 Worker 3 forwarding task 4
10 Worker 4 processing task 2 requiring operations [3, 2]
10 Worker 4 forwarding task 2
10 Worker 0 processing task 1 requiring operations [9]
10 Worker 0 forwarding task 1
11 Worker 2 accepting task 4
11 Worker 2 accepting task 2
11 Worker 3 accepting task 1
11 Worker 3 processing task 0 requiring operations [2]
11 Worker 3 forwarding task 0
11 Worker 4 processing task 3 requiring operations [4]
11 Worker 4 forwarding task 3
11 Worker 2 processing task 4 requiring operations [1, 10]
11 Worker 2 performing operation 1 on task 4
12 Generated task 6
12 Worker 0 accepting task 6
12 Worker 0 accepting task 0
12 Worker 2 accepting task 3
12 Worker 2 accepting task 4
12 Worker 3 processing task 5 requiring operations [10, 7, 1]
12 Worker 3 forwarding task 5
12 Worker 2 processing task 2 requiring operations [3, 2]
12 Worker 2 performing operation 2 on task 2
12 Worker 0 processing task 6 requiring operations [3, 6, 7]
12 Worker 0 performing operation 7 on task 6
13 Worker 0 accepting task 5
13 Worker 2 accepting task 2
13 Worker 0 accepting task 6
13 Worker 3 processing task 1 requiring operations [9]
13 Worker 3 forwarding task 1
13 Worker 2 processing task 3 requiring operations [4]
13 Worker 2 forwarding task 3
13 Worker 0 processing task 0 requiring operations [2]
13 Worker 0 forwarding task 0
14 Generated task 7
14 Worker 3 accepting task 7
14 Worker 2 accepting task 1
14 Worker 3 accepting task 3
14 Worker 1 accepting task 0
14 Worker 3 processing task 7 requiring operations [10, 3, 8]
14 Worker 3 performing operation 8 on task 7
14 Worker 2 processing task 4 requiring operations [10]
14 Worker 2 forwarding task 4
14 Worker 0 processing task 5 requiring operations [10, 7, 1]
14 Worker 0 performing operation 7 on task 5
14 Worker 1 processing task 0 requiring operations [2]
14 Worker 1 forwarding task 0
15 Worker 3 accepting task 7
15 Worker 3 accepting task 4
15 Worker 0 accepting task 5
15 Worker 0 accepting task 0
15 Worker 3 processing task 3 requiring operations [4]
15 Worker 3 performing operation 4 on task 3
15 Worker 2 processing task 2 requiring operations [3]
15 Worker 2 performing operation 3 on task 2
15 Worker 0 processing task 6 requiring operations [3, 6]
15 Worker 0 forwarding task 6
16 Generated task 8
16 Worker 0 accepting task 8
16 Task 3 completed!
16 Task 2 completed!
16 Worker 3 accepting task 6
16 Worker 3 processing task 7 requiring operations [10, 3]
16 Worker 3 forwarding task 7
16 Worker 2 processing task 1 requiring operations [9]
16 Worker 2 forwarding task 1
16 Worker 0 processing task 5 requiring operations [10, 1]
16 Worker 0 performing operation 1 on task 5
17 Worker 0 accepting task 7
17 Worker 3 accepting task 1
17 Worker 0 accepting task 5
17 Worker 3 processing task 4 requiring operations [10]
17 Worker 3 forwarding task 4
17 Worker 0 processing task 0 requiring operations [2]
17 Worker 0 forwarding task 0
18 Generated task 9
18 Worker 0 accepting task 9
18 Worker 2 accepting task 4
18 Worker 1 accepting task 0
18 Worker 3 processing task 6 requiring operations [3, 6]
18 Worker 3 forwarding task 6
18 Worker 0 processing task 8 requiring operations [5, 8, 9]
18 Worker 0 performing operation 5 on task 8
18 Worker 2 processing task 4 requiring operations [10]
18 Worker 2 forwarding task 4
18 Worker 1 processing task 0 requiring operations [2]
18 Worker 1 forwarding task 0
19 Worker 2 accepting task 6
19 Worker 0 accepting task 8
19 Worker 3 accepting task 4
19 Worker 4 accepting task 0
19 Worker 3 processing task 1 requiring operations [9]
19 Worker 3 forwarding task 1
19 Worker 0 processing task 7 requiring operations [10, 3]
19 Worker 0 forwarding task 7
19 Worker 2 processing task 6 requiring operations [3, 6]
19 Worker 2 performing operation 3 on task 6
19 Worker 4 processing task 0 requiring operations [2]
19 Worker 4 forwarding task 0
20 Generated task 10
20 Worker 4 accepting task 10
20 Worker 0 accepting task 1
20 Worker 3 accepting task 7
20 Worker 2 accepting task 6
20 Worker 2 accepting task 0
20 Worker 3 processing task 4 requiring operations [10]
20 Worker 3 forwarding task 4
20 Worker 0 processing task 5 requiring operations [10]
20 Worker 0 forwarding task 5
20 Worker 2 processing task 6 requiring operations [6]
20 Worker 2 forwarding task 6
20 Worker 4 processing task 10 requiring operations [9, 7, 8]
20 Worker 4 forwarding task 10
21 Worker 0 accepting task 4
21 Worker 1 accepting task 5
21 Worker 3 accepting task 6
21 Worker 2 accepting task 10
21 Worker 3 processing task 7 requiring operations [10, 3]
21 Worker 3 forwarding task 7
21 Worker 0 processing task 9 requiring operations [2, 4, 10]
21 Worker 0 forwarding task 9
21 Worker 2 processing task 0 requiring operations [2]
21 Worker 2 performing operation 2 on task 0
21 Worker 1 processing task 5 requiring operations [10]
21 Worker 1 performing operation 10 on task 5
22 Generated task 11
22 Worker 2 accepting task 11
22 Worker 2 accepting task 7
22 Worker 3 accepting task 9
22 Task 0 completed!
22 Task 5 completed!
22 Worker 3 processing task 6 requiring operations [6]
22 Worker 3 forwarding task 6
22 Worker 0 processing task 8 requiring operations [8, 9]
22 Worker 0 performing operation 8 on task 8
22 Worker 2 processing task 10 requiring operations [9, 7, 8]
22 Worker 2 forwarding task 10
23 Worker 0 accepting task 6
23 Worker 0 accepting task 8
23 Worker 3 accepting task 10
23 Worker 3 processing task 9 requiring operations [2, 4, 10]
23 Worker 3 performing operation 4 on task 9
23 Worker 0 processing task 1 requiring operations [9]
23 Worker 0 forwarding task 1
23 Worker 2 processing task 11 requiring operations [8, 9, 7]
23 Worker 2 forwarding task 11
24 Generated task 12
24 Worker 2 accepting task 12
24 Worker 3 accepting task 9
24 Worker 1 accepting task 1
24 Worker 3 accepting task 11
24 Worker 3 processing task 10 requiring operations [9, 7, 8]
24 Worker 3 performing operation 8 on task 10
24 Worker 0 processing task 4 requiring operations [10]
24 Worker 0 forwarding task 4
24 Worker 2 processing task 7 requiring operations [10, 3]
24 Worker 2 performing operation 3 on task 7
24 Worker 1 processing task 1 requiring operations [9]
24 Worker 1 performing operation 9 on task 1
25 Worker 3 accepting task 10
25 Worker 3 accepting task 4
25 Worker 2 accepting task 7
25 Task 1 completed!
25 Worker 3 processing task 9 requiring operations [2, 10]
25 Worker 3 forwarding task 9
25 Worker 0 processing task 6 requiring operations [6]
25 Worker 0 forwarding task 6
25 Worker 2 processing task 12 requiring operations [7, 8, 6]
25 Worker 2 forwarding task 12
26 Generated task 13
26 Worker 2 accepting task 13
26 Worker 2 accepting task 9
26 Worker 3 accepting task 6
26 Worker 4 accepting task 12
26 Worker 3 processing task 11 requiring operations [8, 9, 7]
26 Worker 3 performing operation 8 on task 11
26 Worker 0 processing task 8 requiring operations [9]
26 Worker 0 forwarding task 8
26 Worker 2 processing task 7 requiring operations [10]
26 Worker 2 forwarding task 7
26 Worker 4 processing task 12 requiring operations [7, 8, 6]
26 Worker 4 performing operation 6 on task 12
27 Worker 3 accepting task 11
27 Worker 1 accepting task 8
27 Worker 4 accepting task 7
27 Worker 4 accepting task 12
27 Worker 3 processing task 10 requiring operations [9, 7]
27 Worker 3 forwarding task 10
27 Worker 2 processing task 13 requiring operations [5, 2, 9]
27 Worker 2 performing operation 2 on task 13
27 Worker 4 processing task 7 requiring operations [10]
27 Worker 4 performing operation 10 on task 7
27 Worker 1 processing task 8 requiring operations [9]
27 Worker 1 performing operation 9 on task 8
28 Generated task 14
28 Worker 2 accepting task 14
28 Worker 2 accepting task 10
28 Worker 2 accepting task 13
28 Task 7 completed!
28 Task 8 completed!
28 Worker 3 processing task 4 requiring operations [10]
28 Worker 3 forwarding task 4
28 Worker 2 processing task 9 requiring operations [2, 10]
28 Worker 2 performing operation 2 on task 9
28 Worker 4 processing task 12 requiring operations [7, 8]
28 Worker 4 forwarding task 12
29 Worker 0 accepting task 4
29 Worker 2 accepting task 9
29 Worker 2 accepting task 12
29 Worker 3 processing task 6 requiring operations [6]
29 Worker 3 forwarding task 6
29 Worker 2 processing task 14 requiring operations [6, 7, 10]
29 Worker 2 forwarding task 14
29 Worker 0 processing task 4 requiring operations [10]
29 Worker 0 forwarding task 4
30 Generated task 15
30 Worker 4 accepting task 15
30 Worker 0 accepting task 6
30 Worker 4 accepting task 14
30 Worker 3 accepting task 4
30 Worker 3 processing task 11 requiring operations [9, 7]
30 Worker 3 forwarding task 11
30 Worker 2 processing task 10 requiring operations [9, 7]
30 Worker 2 forwarding task 10
30 Worker 0 processing task 6 requiring operations [6]
30 Worker 0 forwarding task 6
30 Worker 4 processing task 15 requiring operations [3, 2, 7]
30 Worker 4 forwarding task 15
31 Worker 0 accepting task 11
31 Worker 3 accepting task 10
31 Worker 1 accepting task 6
31 Worker 1 accepting task 15
31 Worker 3 processing task 4 requiring operations [10]
31 Worker 3 forwarding task 4
31 Worker 2 processing task 13 requiring operations [5, 9]
31 Worker 2 forwarding task 13
31 Worker 0 processing task 11 requiring operations [9, 7]
31 Worker 0 performing operation 7 on task 11
31 Worker 4 processing task 14 requiring operations [6, 7, 10]
31 Worker 4 performing operation 10 on task 14
31 Worker 1 processing task 6 requiring operations [6]
31 Worker 1 forwarding task 6
32 Generated task 16
32 Worker 0 accepting task 16
32 Worker 0 accepting task 4
32 Worker 3 accepting task 13
32 Worker 0 accepting task 11
32 Worker 4 accepting task 14
32 Worker 0 accepting task 6
32 Worker 3 processing task 10 requiring operations [9, 7]
32 Worker 3 forwarding task 10
32 Worker 2 processing task 9 requiring operations [10]
32 Worker 2 forwarding task 9
32 Worker 0 processing task 16 requiring operations [4, 10, 1]
32 Worker 0 performing operation 1 on task 16
32 Worker 4 processing task 14 requiring operations [6, 7]
32 Worker 4 performing operation 6 on task 14
32 Worker 1 processing task 15 requiring operations [3, 2, 7]
32 Worker 1 performing operation 7 on task 15
33 Worker 2 accepting task 10
33 Worker 3 accepting task 9
33 Worker 0 accepting task 16
33 Worker 4 accepting task 14
33 Worker 1 accepting task 15
33 Worker 3 processing task 13 requiring operations [5, 9]
33 Worker 3 performing operation 5 on task 13
33 Worker 2 processing task 12 requiring operations [7, 8]
33 Worker 2 forwarding task 12
33 Worker 0 processing task 4 requiring operations [10]
33 Worker 0 forwarding task 4
33 Worker 4 processing task 14 requiring operations [7]
33 Worker 4 forwarding task 14
33 Worker 1 processing task 15 requiring operations [3, 2]
33 Worker 1 forwarding task 15
34 Generated task 17
34 Worker 4 accepting task 17
34 Worker 3 accepting task 13
34 Worker 4 accepting task 12
34 Worker 3 accepting task 4
34 Worker 2 accepting task 14
34 Worker 0 accepting task 15
34 Worker 3 processing task 9 requiring operations [10]
34 Worker 3 forwarding task 9
34 Worker 2 processing task 10 requiring operations [9, 7]
34 Worker 2 forwarding task 10
34 Worker 0 processing task 11 requiring operations [9]
34 Worker 0 forwarding task 11
34 Worker 4 processing task 17 requiring operations [4, 6, 10]
34 Worker 4 performing operation 6 on task 17
35 Worker 2 accepting task 9
35 Worker 3 accepting task 10
35 Worker 3 accepting task 11
35 Worker 4 accepting task 17
35 Worker 3 processing task 13 requiring operations [9]
35 Worker 3 forwarding task 13
35 Worker 2 processing task 14 requiring operations [7]
35 Worker 2 forwarding task 14
35 Worker 0 processing task 6 requiring operations [6]
35 Worker 0 forwarding task 6
35 Worker 4 processing task 12 requiring operations [7, 8]
35 Worker 4 forwarding task 12
36 Generated task 18
36 Worker 2 accepting task 18
36 Worker 0 accepting task 13
36 Worker 3 accepting task 14
36 Worker 3 accepting task 6
36 Worker 2 accepting task 12
36 Worker 3 processing task 4 requiring operations [10]
36 Worker 3 forwarding task 4
36 Worker 2 processing task 9 requiring operations [10]
36 Worker 2 forwarding task 9
36 Worker 0 processing task 16 requiring operations [4, 10]
36 Worker 0 forwarding task 16
36 Worker 4 processing task 17 requiring operations [4, 10]
36 Worker 4 performing operation 10 on task 17
37 Worker 0 accepting task 4
37 Worker 4 accepting task 9
37 Worker 3 accepting task 16
37 Worker 4 accepting task 17
37 Worker 3 processing task 10 requiring operations [9, 7]
37 Worker 3 forwarding task 10
37 Worker 2 processing task 18 requiring operations [3, 8, 5]
37 Worker 2 performing operation 3 on task 18
37 Worker 0 processing task 15 requiring operations [3, 2]
37 Worker 0 forwarding task 15
37 Worker 4 processing task 9 requiring operations [10]
37 Worker 4 performing operation 10 on task 9
38 Generated task 19
38 Worker 4 accepting task 19
38 Worker 2 accepting task 10
38 Worker 2 accepting task 18
38 Worker 3 accepting task 15
38 Task 9 completed!
38 Worker 3 processing task 11 requiring operations [9]
38 Worker 3 forwarding task 11
38 Worker 2 processing task 12 requiring operations [7, 8]
38 Worker 2 forwarding task 12
38 Worker 0 processing task 13 requiring operations [9]
38 Worker 0 forwarding task 13
38 Worker 4 processing task 17 requiring operations [4]
38 Worker 4 forwarding task 17
39 Worker 0 accepting task 11
39 Worker 3 accepting task 12
39 Worker 1 accepting task 13
39 Worker 2 accepting task 17
39 Worker 3 processing task 14 requiring operations [7]
39 Worker 3 forwarding task 14
39 Worker 2 processing task 10 requiring operations [9, 7]
39 Worker 2 forwarding task 10
39 Worker 0 processing task 4 requiring operations [10]
39 Worker 0 forwarding task 4
39 Worker 4 processing task 19 requiring operations [9, 10, 5]
39 Worker 4 performing operation 10 on task 19
39 Worker 1 processing task 13 requiring operations [9]
39 Worker 1 performing operation 9 on task 13
40 Generated task 20
40 Worker 0 accepting task 20
40 Worker 0 accepting task 14
40 Worker 3 accepting task 10
40 Worker 1 accepting task 4
40 Worker 4 accepting task 19
40 Task 13 completed!
40 Worker 3 processing task 6 requiring operations [6]
40 Worker 3 forwarding task 6
40 Worker 2 processing task 18 requiring operations [8, 5]
40 Worker 2 forwarding task 18
40 Worker 0 processing task 11 requiring operations [9]
40 Worker 0 forwarding task 11
40 Worker 4 processing task 19 requiring operations [9, 5]
40 Worker 4 forwarding task 19
40 Worker 1 processing task 4 requiring operations [10]
40 Worker 1 performing operation 10 on task 4
41 Worker 0 accepting task 6
41 Worker 3 accepting task 18
41 Worker 1 accepting task 11
41 Worker 2 accepting task 19
41 Task 4 completed!
41 Worker 3 processing task 16 requiring operations [4, 10]
41 Worker 3 performing operation 4 on task 16
41 Worker 2 processing task 17 requiring operations [4]
41 Worker 2 forwarding task 17
41 Worker 0 processing task 20 requiring operations [10, 4, 2]
41 Worker 0 forwarding task 20
41 Worker 1 processing task 11 requiring operations [9]
41 Worker 1 performing operation 9 on task 11
42 Generated task 21
42 Worker 0 accepting task 21
42 Worker 3 accepting task 16
42 Worker 3 accepting task 17
42 Worker 1 accepting task 20
42 Task 11 completed!
42 Worker 3 processing task 15 requiring operations [3, 2]
42 Worker 3 forwarding task 15
42 Worker 2 processing task 19 requiring operations [9, 5]
42 Worker 2 forwarding task 19
42 Worker 0 processing task 14 requiring operations [7]
42 Worker 0 performing operation 7 on task 14
42 Worker 1 processing task 20 requiring operations [10, 4, 2]
42 Worker 1 performing operation 10 on task 20
43 Worker 2 accepting task 15
43 Worker 3 accepting task 19
43 Task 14 completed!
43 Worker 1 accepting task 20
43 Worker 3 processing task 12 requiring operations [7, 8]
43 Worker 3 performing operation 8 on task 12
43 Worker 2 processing task 15 requiring operations [3, 2]
43 Worker 2 performing operation 3 on task 15
43 Worker 0 processing task 6 requiring operations [6]
43 Worker 0 forwarding task 6
43 Worker 1 processing task 20 requiring operations [4, 2]
43 Worker 1 forwarding task 20
44 Generated task 22
44 Worker 2 accepting task 22
44 Worker 3 accepting task 12
44 Worker 2 accepting task 15
44 Worker 3 accepting task 6
44 Worker 0 accepting task 20
44 Worker 3 processing task 10 requiring operations [9, 7]
44 Worker 3 forwarding task 10
44 Worker 2 processing task 22 requiring operations [2, 5, 10]
44 Worker 2 performing operation 2 on task 22
44 Worker 0 processing task 21 requiring operations [1, 5, 4]
44 Worker 0 performing operation 5 on task 21
45 Worker 2 accepting task 10
45 Worker 2 accepting task 22
45 Worker 0 accepting task 21
45 Worker 3 processing task 18 requiring operations [8, 5]
45 Worker 3 performing operation 5 on task 18
45 Worker 2 processing task 15 requiring operations [2]
45 Worker 2 performing operation 2 on task 15
45 Worker 0 processing task 20 requiring operations [4, 2]
45 Worker 0 forwarding task 20
46 Generated task 23
46 Worker 0 accepting task 23
46 Worker 3 accepting task 18
46 Task 15 completed!
46 Worker 3 accepting task 20
46 Worker 3 processing task 16 requiring operations [10]
46 Worker 3 forwarding task 16
46 Worker 2 processing task 10 requiring operations [9, 7]
46 Worker 2 forwarding task 10
46 Worker 0 processing task 21 requiring operations [1, 4]
46 Worker 0 performing operation 1 on task 21
47 Worker 2 accepting task 16
47 Worker 4 accepting task 10
47 Worker 0 accepting task 21
47 Worker 3 processing task 17 requiring operations [4]
47 Worker 3 performing operation 4 on task 17
47 Worker 2 processing task 22 requiring operations [5, 10]
47 Worker 2 forwarding task 22
47 Worker 0 processing task 23 requiring operations [1, 8, 10]
47 Worker 0 performing operation 8 on task 23
47 Worker 4 processing task 10 requiring operations [9, 7]
47 Worker 4 forwarding task 10
48 Generated task 24
48 Worker 4 accepting task 24
48 Task 17 completed!
48 Worker 3 accepting task 22
48 Worker 0 accepting task 23
48 Worker 2 accepting task 10
48 Worker 3 processing task 19 requiring operations [9, 5]
48 Worker 3 performing operation 5 on task 19
48 Worker 2 processing task 16 requiring operations [10]
48 Worker 2 forwarding task 16
48 Worker 0 processing task 21 requiring operations [4]
48 Worker 0 forwarding task 21
48 Worker 4 processing task 24 requiring operations [7, 6, 1]
48 Worker 4 performing operation 6 on task 24
49 Worker 3 accepting task 19
49 Worker 4 accepting task 16
49 Worker 1 accepting task 21
49 Worker 4 accepting task 24
49 Worker 3 processing task 12 requiring operations [7]
49 Worker 3 forwarding task 12
49 Worker 2 processing task 10 requiring operations [9, 7]
49 Worker 2 forwarding task 10
49 Worker 0 processing task 23 requiring operations [1, 10]
49 Worker 0 performing operation 1 on task 23
49 Worker 4 processing task 16 requiring operations [10]
49 Worker 4 performing operation 10 on task 16
49 Worker 1 processing task 21 requiring operations [4]
49 Worker 1 forwarding task 21
50 Generated task 25
50 Worker 4 accepting task 25
50 Worker 0 accepting task 12
50 Worker 4 accepting task 10
50 Worker 0 accepting task 23
50 Task 16 completed!
50 Worker 4 accepting task 21
50 Worker 3 processing task 6 requiring operations [6]
50 Worker 3 forwarding task 6
50 Worker 0 processing task 12 requiring operations [7]
50 Worker 0 performing operation 7 on task 12
50 Worker 4 processing task 24 requiring operations [7, 1]
50 Worker 4 forwarding task 24
51 Worker 0 accepting task 6
51 Task 12 completed!
51 Worker 1 accepting task 24
51 Worker 3 processing task 18 requiring operations [8]
51 Worker 3 performing operation 8 on task 18
51 Worker 0 processing task 23 requiring operations [10]
51 Worker 0 forwarding task 23
51 Worker 4 processing task 25 requiring operations [8, 7, 3]
51 Worker 4 forwarding task 25
51 Worker 1 processing task 24 requiring operations [7, 1]
51 Worker 1 performing operation 7 on task 24
52 Generated task 26
52 Worker 2 accepting task 26
52 Task 18 completed!
52 Worker 1 accepting task 23
52 Worker 2 accepting task 25
52 Worker 1 accepting task 24
52 Worker 3 processing task 20 requiring operations [4, 2]
52 Worker 3 performing operation 4 on task 20
52 Worker 0 processing task 6 requiring operations [6]
52 Worker 0 forwarding task 6
52 Worker 4 processing task 10 requiring operations [9, 7]
52 Worker 4 forwarding task 10
52 Worker 1 processing task 23 requiring operations [10]
52 Worker 1 performing operation 10 on task 23
52 Worker 2 processing task 26 requiring operations [7, 4, 10]
52 Worker 2 forwarding task 26
53 Worker 3 accepting task 20
53 Worker 3 accepting task 6
53 Worker 1 accepting task 10
53 Task 23 completed!
53 Worker 4 accepting task 26
53 Worker 3 processing task 22 requiring operations [5, 10]
53 Worker 3 performing operation 5 on task 22
53 Worker 4 processing task 21 requiring operations [4]
53 Worker 4 forwarding task 21
53 Worker 1 processing task 24 requiring operations [1]
53 Worker 1 forwarding task 24
53 Worker 2 processing task 25 requiring operations [8, 7, 3]
53 Worker 2 performing operation 3 on task 25
54 Generated task 27
54 Worker 0 accepting task 27
54 Worker 3 accepting task 22
54 Worker 1 accepting task 21
54 Worker 4 accepting task 24
54 Worker 2 accepting task 25
54 Worker 3 processing task 19 requiring operations [9]
54 Worker 3 forwarding task 19
54 Worker 4 processing task 26 requiring operations [7, 4, 10]
54 Worker 4 performing operation 10 on task 26
54 Worker 1 processing task 10 requiring operations [9, 7]
54 Worker 1 performing operation 9 on task 10
54 Worker 2 processing task 25 requiring operations [8, 7]
54 Worker 2 forwarding task 25
54 Worker 0 processing task 27 requiring operations [10, 6, 7]
54 Worker 0 performing operation 7 on task 27
55 Worker 0 accepting task 19
55 Worker 4 accepting task 26
55 Worker 1 accepting task 10
55 Worker 3 accepting task 25
55 Worker 0 accepting task 27
55 Worker 3 processing task 20 requiring operations [2]
55 Worker 3 forwarding task 20
55 Worker 4 processing task 24 requiring operations [1]
55 Worker 4 forwarding task 24
55 Worker 1 processing task 21 requiring operations [4]
55 Worker 1 forwarding task 21
55 Worker 0 processing task 19 requiring operations [9]
55 Worker 0 forwarding task 19
56 Generated task 28
56 Worker 0 accepting task 28
56 Worker 0 accepting task 20
56 Worker 1 accepting task 24
56 Worker 4 accepting task 21
56 Worker 1 accepting task 19
56 Worker 3 processing task 6 requiring operations [6]
56 Worker 3 forwarding task 6
56 Worker 4 processing task 26 requiring operations [7, 4]
56 Worker 4 forwarding task 26
56 Worker 1 processing task 10 requiring operations [7]
56 Worker 1 performing operation 7 on task 10
56 Worker 0 processing task 27 requiring operations [10, 6]
56 Worker 0 forwarding task 27
57 Worker 0 accepting task 6
57 Worker 2 accepting task 26
57 Task 10 completed!
57 Worker 3 accepting task 27
57 Worker 3 processing task 22 requiring operations [10]
57 Worker 3 forwarding task 22
57 Worker 4 processing task 21 requiring operations [4]
57 Worker 4 forwarding task 21
57 Worker 1 processing task 24 requiring operations [1]
57 Worker 1 forwarding task 24
57 Worker 0 processing task 28 requiring operations [4, 7, 10]
57 Worker 0 performing operation 7 on task 28
57 Worker 2 processing task 26 requiring operations [7, 4]
57 Worker 2 forwarding task 26
58 Generated task 29
58 Worker 1 accepting task 29
58 Worker 2 accepting task 22
58 Worker 1 accepting task 21
58 Worker 4 accepting task 24
58 Worker 0 accepting task 28
58 Worker 3 accepting task 26
58 Worker 3 processing task 25 requiring operations [8, 7]
58 Worker 3 performing operation 8 on task 25
58 Worker 1 processing task 19 requiring operations [9]
58 Worker 1 performing operation 9 on task 19
58 Worker 0 processing task 20 requiring operations [2]
58 Worker 0 forwarding task 20
58 Worker 2 processing task 22 requiring operations [10]
58 Worker 2 forwarding task 22
58 Worker 4 processing task 24 requiring operations [1]
58 Worker 4 forwarding task 24
59 Worker 3 accepting task 25
59 Task 19 completed!
59 Worker 3 accepting task 20
59 Worker 4 accepting task 22
59 Worker 2 accepting task 24
59 Worker 3 processing task 27 requiring operations [10, 6]
59 Worker 3 forwarding task 27
59 Worker 1 processing task 29 requiring operations [7, 5, 4]
59 Worker 1 performing operation 7 on task 29
59 Worker 0 processing task 6 requiring operations [6]
59 Worker 0 forwarding task 6
59 Worker 4 processing task 22 requiring operations [10]
59 Worker 4 performing operation 10 on task 22
59 Worker 2 processing task 24 requiring operations [1]
59 Worker 2 performing operation 1 on task 24
60 Generated task 30
60 Worker 1 accepting task 30
60 Worker 2 accepting task 27
60 Worker 1 accepting task 29
60 Worker 3 accepting task 6
60 Task 22 completed!
60 Task 24 completed!
60 Worker 3 processing task 26 requiring operations [7, 4]
60 Worker 3 performing operation 4 on task 26
60 Worker 1 processing task 21 requiring operations [4]
60 Worker 1 forwarding task 21
60 Worker 0 processing task 28 requiring operations [4, 10]
60 Worker 0 forwarding task 28
60 Worker 2 processing task 27 requiring operations [10, 6]
60 Worker 2 forwarding task 27
61 Worker 3 accepting task 26
61 Worker 4 accepting task 21
61 Worker 3 accepting task 28
61 Worker 4 accepting task 27
61 Worker 3 processing task 25 requiring operations [7]
61 Worker 3 forwarding task 25
61 Worker 1 processing task 30 requiring operations [9, 6, 3]
61 Worker 1 performing operation 9 on task 30
61 Worker 4 processing task 21 requiring operations [4]
61 Worker 4 forwarding task 21
62 Generated task 31
62 Worker 2 accepting task 31
62 Worker 0 accepting task 25
62 Worker 1 accepting task 30
62 Worker 1 accepting task 21
62 Worker 3 processing task 20 requiring operations [2]
62 Worker 3 forwarding task 20
62 Worker 1 processing task 29 requiring operations [5, 4]
62 Worker 1 forwarding task 29
62 Worker 4 processing task 27 requiring operations [10, 6]
62 Worker 4 performing operation 6 on task 27
62 Worker 2 processing task 31 requiring operations [4, 8, 6]
62 Worker 2 forwarding task 31
62 Worker 0 processing task 25 requiring operations [7]
62 Worker 0 performing operation 7 on task 25
63 Worker 2 accepting task 20
63 Worker 4 accepting task 29
63 Worker 4 accepting task 27
63 Worker 3 accepting task 31
63 Task 25 completed!
63 Worker 3 processing task 6 requiring operations [6]
63 Worker 3 forwarding task 6
63 Worker 1 processing task 30 requiring operations [6, 3]
63 Worker 1 forwarding task 30
63 Worker 4 processing task 29 requiring operations [5, 4]
63 Worker 4 forwarding task 29
63 Worker 2 processing task 20 requiring operations [2]
63 Worker 2 performing operation 2 on task 20
64 Generated task 32
64 Worker 1 accepting task 32
64 Worker 2 accepting task 6
64 Worker 0 accepting task 30
64 Worker 1 accepting task 29
64 Task 20 completed!
64 Worker 3 processing task 26 requiring operations [7]
64 Worker 3 forwarding task 26
64 Worker 1 processing task 21 requiring operations [4]
64 Worker 1 forwarding task 21
64 Worker 4 processing task 27 requiring operations [10]
64 Worker 4 performing operation 10 on task 27
64 Worker 2 processing task 6 requiring operations [6]
64 Worker 2 forwarding task 6
64 Worker 0 processing task 30 requiring operations [6, 3]
64 Worker 0 forwarding task 30
65 Worker 2 accepting task 26
65 Worker 4 accepting task 21
65 Task 27 completed!
65 Worker 4 accepting task 6
65 Worker 3 accepting task 30
65 Worker 3 processing task 28 requiring operations [4, 10]
65 Worker 3 performing operation 4 on task 28
65 Worker 1 processing task 32 requiring operations [3, 2, 5]
65 Worker 1 forwarding task 32
65 Worker 4 processing task 21 requiring operations [4]
65 Worker 4 forwarding task 21
65 Worker 2 processing task 26 requiring operations [7]
65 Worker 2 forwarding task 26
66 Generated task 33
66 Worker 4 accepting task 33
66 Worker 3 accepting task 28
66 Worker 0 accepting task 32
66 Worker 1 accepting task 21
66 Worker 4 accepting task 26
66 Worker 3 processing task 31 requiring operations [4, 8, 6]
66 Worker 3 performing operation 8 on task 31
66 Worker 1 processing task 29 requiring operations [5, 4]
66 Worker 1 forwarding task 29
66 Worker 4 processing task 6 requiring operations [6]
66 Worker 4 performing operation 6 on task 6
66 Worker 0 processing task 32 requiring operations [3, 2, 5]
66 Worker 0 performing operation 5 on task 32
67 Worker 3 accepting task 31
67 Worker 4 accepting task 29
67 Task 6 completed!
67 Worker 0 accepting task 32
67 Worker 3 processing task 30 requiring operations [6, 3]
67 Worker 3 forwarding task 30
67 Worker 1 processing task 21 requiring operations [4]
67 Worker 1 forwarding task 21
67 Worker 4 processing task 33 requiring operations [6, 9, 8]
67 Worker 4 performing operation 6 on task 33
67 Worker 0 processing task 32 requiring operations [3, 2]
67 Worker 0 forwarding task 32
68 Generated task 34
68 Worker 1 accepting task 34
68 Worker 2 accepting task 30
68 Worker 0 accepting task 21
68 Worker 4 accepting task 33
68 Worker 3 accepting task 32
68 Worker 3 processing task 28 requiring operations [10]
68 Worker 3 forwarding task 28
68 Worker 1 processing task 34 requiring operations [7, 10, 4]
68 Worker 1 performing operation 10 on task 34
68 Worker 4 processing task 26 requiring operations [7]
68 Worker 4 forwarding task 26
68 Worker 0 processing task 21 requiring operations [4]
68 Worker 0 forwarding task 21
68 Worker 2 processing task 30 requiring operations [6, 3]
68 Worker 2 performing operation 3 on task 30
69 Worker 0 accepting task 28
69 Worker 1 accepting task 34
69 Worker 1 accepting task 26
69 Worker 1 accepting task 21
69 Worker 2 accepting task 30
69 Worker 3 processing task 31 requiring operations [4, 6]
69 Worker 3 performing operation 4 on task 31
69 Worker 1 processing task 34 requiring operations [7, 4]
69 Worker 1 performing operation 7 on task 34
69 Worker 4 processing task 29 requiring operations [5, 4]
69 Worker 4 forwarding task 29
69 Worker 0 processing task 28 requiring operations [10]
69 Worker 0 forwarding task 28
69 Worker 2 processing task 30 requiring operations [6]
69 Worker 2 forwarding task 30
70 Generated task 35
70 Worker 2 accepting task 35
70 Worker 3 accepting task 31
70 Worker 1 accepting task 34
70 Worker 2 accepting task 29
70 Worker 1 accepting task 28
70 Worker 3 accepting task 30
70 Worker 3 processing task 32 requiring operations [3, 2]
70 Worker 3 forwarding task 32
70 Worker 1 processing task 26 requiring operations [7]
70 Worker 1 performing operation 7 on task 26
70 Worker 4 processing task 33 requiring operations [9, 8]
70 Worker 4 forwarding task 33
70 Worker 2 processing task 35 requiring operations [9, 1, 3]
70 Worker 2 performing operation 3 on task 35
71 Worker 2 accepting task 32
71 Task 26 completed!
71 Worker 1 accepting task 33
71 Worker 2 accepting task 35
71 Worker 3 processing task 31 requiring operations [6]
71 Worker 3 forwarding task 31
71 Worker 1 processing task 21 requiring operations [4]
71 Worker 1 forwarding task 21
71 Worker 2 processing task 29 requiring operations [5, 4]
71 Worker 2 forwarding task 29
72 Generated task 36
72 Worker 4 accepting task 36
72 Worker 0 accepting task 31
72 Worker 4 accepting task 21
72 Worker 3 accepting task 29
72 Worker 3 processing task 30 requiring operations [6]
72 Worker 3 forwarding task 30
72 Worker 1 processing task 34 requiring operations [4]
72 Worker 1 forwarding task 34
72 Worker 2 processing task 32 requiring operations [3, 2]
72 Worker 2 performing operation 3 on task 32
72 Worker 4 processing task 36 requiring operations [10, 7, 6]
72 Worker 4 performing operation 6 on task 36
72 Worker 0 processing task 31 requiring operations [6]
72 Worker 0 forwarding task 31
73 Worker 0 accepting task 30
73 Worker 4 accepting task 34
73 Worker 2 accepting task 32
73 Worker 4 accepting task 36
73 Worker 3 accepting task 31
73 Worker 3 processing task 29 requiring operations [5, 4]
73 Worker 3 performing operation 5 on task 29
73 Worker 1 processing task 28 requiring operations [10]
73 Worker 1 performing operation 10 on task 28
73 Worker 2 processing task 35 requiring operations [9, 1]
73 Worker 2 performing operation 1 on task 35
73 Worker 4 processing task 21 requiring operations [4]
73 Worker 4 forwarding task 21
73 Worker 0 processing task 30 requiring operations [6]
73 Worker 0 forwarding task 30
74 Generated task 37
74 Worker 0 accepting task 37
74 Worker 3 accepting task 29
74 Task 28 completed!
74 Worker 2 accepting task 35
74 Worker 2 accepting task 21
74 Worker 3 accepting task 30
74 Worker 3 processing task 31 requiring operations [6]
74 Worker 3 forwarding task 31
74 Worker 1 processing task 33 requiring operations [9, 8]
74 Worker 1 performing operation 9 on task 33
74 Worker 2 processing task 32 requiring operations [2]
74 Worker 2 performing operation 2 on task 32
74 Worker 4 processing task 34 requiring operations [4]
74 Worker 4 forwarding task 34
74 Worker 0 processing task 37 requiring operations [1, 4, 5]
74 Worker 0 performing operation 5 on task 37
75 Worker 2 accepting task 31
75 Worker 1 accepting task 33
75 Task 32 completed!
75 Worker 1 accepting task 34
75 Worker 0 accepting task 37
75 Worker 3 processing task 29 requiring operations [4]
75 Worker 3 performing operation 4 on task 29
75 Worker 1 processing task 33 requiring operations [8]
75 Worker 1 forwarding task 33
75 Worker 2 processing task 35 requiring operations [9]
75 Worker 2 forwarding task 35
75 Worker 4 processing task 36 requiring operations [10, 7]
75 Worker 4 performing operation 10 on task 36
75 Worker 0 processing task 37 requiring operations [1, 4]
75 Worker 0 performing operation 1 on task 37
76 Generated task 38
76 Worker 3 accepting task 38
76 Task 29 completed!
76 Worker 4 accepting task 33
76 Worker 4 accepting task 35
76 Worker 4 accepting task 36
76 Worker 0 accepting task 37
76 Worker 3 processing task 30 requiring operations [6]
76 Worker 3 forwarding task 30
76 Worker 1 processing task 34 requiring operations [4]
76 Worker 1 forwarding task 34
76 Worker 2 processing task 21 requiring operations [4]
76 Worker 2 forwarding task 21
76 Worker 4 processing task 33 requiring operations [8]
76 Worker 4 forwarding task 33
76 Worker 0 processing task 37 requiring operations [4]
76 Worker 0 forwarding task 37
77 Worker 0 accepting task 30
77 Worker 0 accepting task 34
77 Worker 4 accepting task 21
77 Worker 2 accepting task 33
77 Worker 3 accepting task 37
77 Worker 3 processing task 38 requiring operations [10, 9, 4]
77 Worker 3 performing operation 4 on task 38
77 Worker 2 processing task 31 requiring operations [6]
77 Worker 2 forwarding task 31
77 Worker 4 processing task 35 requiring operations [9]
77 Worker 4 forwarding task 35
77 Worker 0 processing task 30 requiring operations [6]
77 Worker 0 forwarding task 30
78 Generated task 39
78 Worker 2 accepting task 39
78 Worker 3 accepting task 38
78 Worker 3 accepting task 31
78 Worker 1 accepting task 35
78 Worker 3 accepting task 30
78 Worker 3 processing task 37 requiring operations [4]
78 Worker 3 performing operation 4 on task 37
78 Worker 2 processing task 33 requiring operations [8]
78 Worker 2 forwarding task 33
78 Worker 4 processing task 36 requiring operations [7]
78 Worker 4 forwarding task 36
78 Worker 0 processing task 34 requiring operations [4]
78 Worker 0 forwarding task 34
78 Worker 1 processing task 35 requiring operations [9]
78 Worker 1 performing operation 9 on task 35
79 Task 37 completed!
79 Worker 3 accepting task 33
79 Worker 1 accepting task 36
79 Worker 3 accepting task 34
79 Task 35 completed!
79 Worker 3 processing task 38 requiring operations [10, 9]
79 Worker 3 forwarding task 38
79 Worker 2 processing task 39 requiring operations [5, 2, 8]
79 Worker 2 performing operation 2 on task 39
79 Worker 4 processing task 21 requiring operations [4]
79 Worker 4 forwarding task 21
79 Worker 1 processing task 36 requiring operations [7]
79 Worker 1 performing operation 7 on task 36
80 Generated task 40
80 Worker 3 accepting task 40
80 Worker 2 accepting task 38
80 Worker 2 accepting task 39
80 Worker 2 accepting task 21
80 Task 36 completed!
80 Worker 3 processing task 31 requiring operations [6]
80 Worker 3 forwarding task 31
80 Worker 2 processing task 38 requiring operations [10, 9]
80 Worker 2 forwarding task 38
81 Worker 0 accepting task 31
81 Worker 3 accepting task 38
81 Worker 3 processing task 30 requiring operations [6]
81 Worker 3 forwarding task 30
81 Worker 2 processing task 39 requiring operations [5, 8]
81 Worker 2 forwarding task 39
81 Worker 0 processing task 31 requiring operations [6]
81 Worker 0 forwarding task 31
82 Generated task 41
82 Worker 4 accepting task 41
82 Worker 2 accepting task 30
82 Worker 4 accepting task 39
82 Worker 1 accepting task 31
82 Worker 3 processing task 33 requiring operations [8]
82 Worker 3 performing operation 8 on task 33
82 Worker 2 processing task 21 requiring operations [4]
82 Worker 2 forwarding task 21
82 Worker 4 processing task 41 requiring operations [2, 4, 1]
82 Worker 4 forwarding task 41
82 Worker 1 processing task 31 requiring operations [6]
82 Worker 1 forwarding task 31
83 Task 33 completed!
83 Worker 3 accepting task 21
83 Worker 1 accepting task 41
83 Worker 0 accepting task 31
83 Worker 3 processing task 34 requiring operations [4]
83 Worker 3 performing operation 4 on task 34
83 Worker 2 processing task 30 requiring operations [6]
83 Worker 2 forwarding task 30
83 Worker 4 processing task 39 requiring operations [5, 8]
83 Worker 4 forwarding task 39
83 Worker 1 processing task 41 requiring operations [2, 4, 1]
83 Worker 1 forwarding task 41
83 Worker 0 processing task 31 requiring operations [6]
83 Worker 0 forwarding task 31
84 Generated task 42
84 Worker 3 accepting task 42
84 Task 34 completed!
84 Worker 4 accepting task 30
84 Worker 2 accepting task 39
84 Worker 0 accepting task 41
84 Worker 1 accepting task 31
84 Worker 3 processing task 40 requiring operations [10, 6, 4]
84 Worker 3 performing operation 4 on task 40
84 Worker 4 processing task 30 requiring operations [6]
84 Worker 4 performing operation 6 on task 30
84 Worker 0 processing task 41 requiring operations [2, 4, 1]
84 Worker 0 performing operation 1 on task 41
84 Worker 2 processing task 39 requiring operations [5, 8]
84 Worker 2 forwarding task 39
84 Worker 1 processing task 31 requiring operations [6]
84 Worker 1 forwarding task 31
85 Worker 3 accepting task 40
85 Task 30 completed!
85 Worker 0 accepting task 41
85 Worker 3 accepting task 39
85 Worker 0 accepting task 31
85 Worker 3 processing task 38 requiring operations [10, 9]
85 Worker 3 forwarding task 38
85 Worker 0 processing task 41 requiring operations [2, 4]
85 Worker 0 forwarding task 41
86 Generated task 43
86 Worker 0 accepting task 43
86 Worker 2 accepting task 38
86 Worker 3 accepting task 41
86 Worker 3 processing task 21 requiring operations [4]
86 Worker 3 performing operation 4 on task 21
86 Worker 0 processing task 31 requiring operations [6]
86 Worker 0 forwarding task 31
86 Worker 2 processing task 38 requiring operations [10, 9]
86 Worker 2 forwarding task 38
87 Task 21 completed!
87 Worker 1 accepting task 31
87 Worker 3 accepting task 38
87 Worker 3 processing task 42 requiring operations [1, 4, 8]
87 Worker 3 performing operation 4 on task 42
87 Worker 0 processing task 43 requiring operations [8, 6, 5]
87 Worker 0 performing operation 8 on task 43
87 Worker 1 processing task 31 requiring operations [6]
87 Worker 1 forwarding task 31
88 Generated task 44
88 Worker 0 accepting task 44
88 Worker 3 accepting task 42
88 Worker 0 accepting task 43
88 Worker 4 accepting task 31
88 Worker 3 processing task 40 requiring operations [10, 6]
88 Worker 3 forwarding task 40
88 Worker 0 processing task 44 requiring operations [7, 2, 4]
88 Worker 0 performing operation 7 on task 44
88 Worker 4 processing task 31 requiring operations [6]
88 Worker 4 performing operation 6 on task 31
89 Worker 0 accepting task 40
89 Worker 0 accepting task 44
89 Task 31 completed!
89 Worker 3 processing task 39 requiring operations [5, 8]
89 Worker 3 performing operation 8 on task 39
89 Worker 0 processing task 43 requiring operations [6, 5]
89 Worker 0 performing operation 5 on task 43
90 Generated task 45
90 Worker 0 accepting task 45
90 Worker 3 accepting task 39
90 Worker 0 accepting task 43
90 Worker 3 processing task 41 requiring operations [2, 4]
90 Worker 3 performing operation 4 on task 41
90 Worker 0 processing task 40 requiring operations [10, 6]
90 Worker 0 forwarding task 40
91 Worker 3 accepting task 41
91 Worker 1 accepting task 40
91 Worker 3 processing task 38 requiring operations [10, 9]
91 Worker 3 forwarding task 38
91 Worker 0 processing task 44 requiring operations [2, 4]
91 Worker 0 forwarding task 44
91 Worker 1 processing task 40 requiring operations [10, 6]
91 Worker 1 performing operation 10 on task 40
92 Generated task 46
92 Worker 1 accepting task 46
92 Worker 0 accepting task 38
92 Worker 3 accepting task 44
92 Worker 1 accepting task 40
92 Worker 3 processing task 42 requiring operations [1, 8]
92 Worker 3 performing operation 8 on task 42
92 Worker 0 processing task 45 requiring operations [6, 4, 2]
92 Worker 0 forwarding task 45
92 Worker 1 processing task 46 requiring operations [10, 9, 3]
92 Worker 1 performing operation 10 on task 46
93 Worker 3 accepting task 42
93 Worker 3 accepting task 45
93 Worker 1 accepting task 46
93 Worker 3 processing task 39 requiring operations [5]
93 Worker 3 performing operation 5 on task 39
93 Worker 0 processing task 43 requiring operations [6]
93 Worker 0 forwarding task 43
93 Worker 1 processing task 40 requiring operations [6]
93 Worker 1 forwarding task 40
94 Generated task 47
94 Worker 1 accepting task 47
94 Task 39 completed!
94 Worker 3 accepting task 43
94 Worker 4 accepting task 40
94 Worker 3 processing task 41 requiring operations [2]
94 Worker 3 forwarding task 41
94 Worker 0 processing task 38 requiring operations [10, 9]
94 Worker 0 forwarding task 38
94 Worker 1 processing task 46 requiring operations [9, 3]
94 Worker 1 performing operation 9 on task 46
94 Worker 4 processing task 40 requiring operations [6]
94 Worker 4 performing operation 6 on task 40
95 Worker 0 accepting task 41
95 Worker 1 accepting task 38
95 Worker 1 accepting task 46
95 Task 40 completed!
95 Worker 3 processing task 44 requiring operations [2, 4]
95 Worker 3 performing operation 4 on task 44
95 Worker 0 processing task 41 requiring operations [2]
95 Worker 0 forwarding task 41
95 Worker 1 processing task 47 requiring operations [3, 8, 5]
95 Worker 1 forwarding task 47
96 Generated task 48
96 Worker 1 accepting task 48
96 Worker 3 accepting task 44
96 Worker 1 accepting task 41
96 Worker 4 accepting task 47
96 Worker 3 processing task 42 requiring operations [1]
96 Worker 3 forwarding task 42
96 Worker 1 processing task 38 requiring operations [10, 9]
96 Worker 1 performing operation 10 on task 38
96 Worker 4 processing task 47 requiring operations [3, 8, 5]
96 Worker 4 forwarding task 47
97 Worker 0 accepting task 42
97 Worker 1 accepting task 38
97 Worker 1 accepting task 47
97 Worker 3 processing task 45 requiring operations [6, 4, 2]
97 Worker 3 performing operation 4 on task 45
97 Worker 1 processing task 46 requiring operations [3]
97 Worker 1 forwarding task 46
97 Worker 0 processing task 42 requiring operations [1]
97 Worker 0 performing operation 1 on task 42
98 Generated task 49
98 Worker 0 accepting task 49
98 Worker 3 accepting task 45
98 Worker 0 accepting task 46
98 Task 42 completed!
98 Worker 3 processing task 43 requiring operations [6]
98 Worker 3 forwarding task 43
98 Worker 1 processing task 48 requiring operations [9, 4, 3]
98 Worker 1 performing operation 9 on task 48
98 Worker 0 processing task 49 requiring operations [6, 8, 2]
98 Worker 0 performing operation 8 on task 49
99 Worker 2 accepting task 43
99 Worker 1 accepting task 48
99 Worker 0 accepting task 49
99 Worker 3 processing task 44 requiring operations [2]
99 Worker 3 forwarding task 44
99 Worker 1 processing task 41 requiring operations [2]
99 Worker 1 forwarding task 41
99 Worker 0 processing task 46 requiring operations [3]
99 Worker 0 forwarding task 46
99 Worker 2 processing task 43 requiring operations [6]
99 Worker 2 forwarding task 43
100 Generated task 50
100 Worker 3 accepting task 50
100 Worker 2 accepting task 44
100 Worker 4 accepting task 41
100 Worker 1 accepting task 46
100 Worker 4 accepting task 43
100 Worker 3 processing task 45 requiring operations [6, 2]
100 Worker 3 forwarding task 45
100 Worker 1 processing task 38 requiring operations [9]
100 Worker 1 performing operation 9 on task 38
100 Worker 0 processing task 49 requiring operations [6, 2]
100 Worker 0 forwarding task 49
100 Worker 2 processing task 44 requiring operations [2]
100 Worker 2 performing operation 2 on task 44
100 Worker 4 processing task 41 requiring operations [2]
100 Worker 4 forwarding task 41
101 Worker 2 accepting task 45
101 Task 38 completed!
101 Worker 1 accepting task 49
101 Task 44 completed!
101 Worker 1 accepting task 41
101 Worker 3 processing task 50 requiring operations [9, 6, 5]
101 Worker 3 performing operation 5 on task 50
101 Worker 1 processing task 47 requiring operations [3, 8, 5]
101 Worker 1 forwarding task 47
101 Worker 2 processing task 45 requiring operations [6, 2]
101 Worker 2 performing operation 2 on task 45
101 Worker 4 processing task 43 requiring operations [6]
101 Worker 4 performing operation 6 on task 43
102 Generated task 51
102 Worker 3 accepting task 51
102 Worker 3 accepting task 50
102 Worker 4 accepting task 47
102 Worker 2 accepting task 45
102 Task 43 completed!
102 Worker 3 processing task 51 requiring operations [6, 4, 8]
102 Worker 3 performing operation 8 on task 51
102 Worker 1 processing task 48 requiring operations [4, 3]
102 Worker 1 forwarding task 48
102 Worker 2 processing task 45 requiring operations [6]
102 Worker 2 forwarding task 45
102 Worker 4 processing task 47 requiring operations [3, 8, 5]
102 Worker 4 forwarding task 47
103 Worker 3 accepting task 51
103 Worker 4 accepting task 48
103 Worker 4 accepting task 45
103 Worker 1 accepting task 47
103 Worker 3 processing task 50 requiring operations [9, 6]
103 Worker 3 forwarding task 50
103 Worker 1 processing task 46 requiring operations [3]
103 Worker 1 forwarding task 46
103 Worker 4 processing task 48 requiring operations [4, 3]
103 Worker 4 forwarding task 48
104 Generated task 52
104 Worker 4 accepting task 52
104 Worker 2 accepting task 50
104 Worker 4 accepting task 46
104 Worker 1 accepting task 48
104 Worker 3 processing task 51 requiring operations [6, 4]
104 Worker 3 performing operation 4 on task 51
104 Worker 1 processing task 49 requiring operations [6, 2]
104 Worker 1 forwarding task 49
104 Worker 4 processing task 45 requiring operations [6]
104 Worker 4 performing operation 6 on task 45
104 Worker 2 processing task 50 requiring operations [9, 6]
104 Worker 2 forwarding task 50
105 Worker 3 accepting task 51
105 Worker 4 accepting task 49
105 Task 45 completed!
105 Worker 4 accepting task 50
105 Worker 3 processing task 51 requiring operations [6]
105 Worker 3 forwarding task 51
105 Worker 1 processing task 41 requiring operations [2]
105 Worker 1 forwarding task 41
105 Worker 4 processing task 52 requiring operations [7, 6, 2]
105 Worker 4 performing operation 6 on task 52
106 Generated task 53
106 Worker 3 accepting task 53
106 Worker 0 accepting task 51
106 Worker 0 accepting task 41
106 Worker 4 accepting task 52
106 Worker 3 processing task 53 requiring operations [1, 4, 3]
106 Worker 3 performing operation 4 on task 53
106 Worker 1 processing task 47 requiring operations [3, 8, 5]
106 Worker 1 forwarding task 47
106 Worker 4 processing task 46 requiring operations [3]
106 Worker 4 forwarding task 46
106 Worker 0 processing task 51 requiring operations [6]
106 Worker 0 forwarding task 51
107 Worker 3 accepting task 53
107 Worker 4 accepting task 47
107 Worker 2 accepting task 46
107 Worker 1 accepting task 51
107 Worker 3 processing task 53 requiring operations [1, 3]
107 Worker 3 forwarding task 53
107 Worker 1 processing task 48 requiring operations [4, 3]
107 Worker 1 forwarding task 48
107 Worker 4 processing task 49 requiring operations [6, 2]
107 Worker 4 performing operation 6 on task 49
107 Worker 0 processing task 41 requiring operations [2]
107 Worker 0 forwarding task 41
107 Worker 2 processing task 46 requiring operations [3]
107 Worker 2 performing operation 3 on task 46
108 Generated task 54
108 Worker 1 accepting task 54
108 Worker 2 accepting task 53
108 Worker 4 accepting task 48
108 Worker 4 accepting task 49
108 Worker 1 accepting task 41
108 Task 46 completed!
108 Worker 1 processing task 51 requiring operations [6]
108 Worker 1 forwarding task 51
108 Worker 4 processing task 50 requiring operations [9, 6]
108 Worker 4 performing operation 6 on task 50
108 Worker 2 processing task 53 requiring operations [1, 3]
108 Worker 2 performing operation 1 on task 53
109 Worker 4 accepting task 51
109 Worker 4 accepting task 50
109 Worker 2 accepting task 53
109 Worker 1 processing task 54 requiring operations [8, 4, 10]
109 Worker 1 performing operation 10 on task 54
109 Worker 4 processing task 52 requiring operations [7, 2]
109 Worker 4 forwarding task 52
109 Worker 2 processing task 53 requiring operations [3]
109 Worker 2 performing operation 3 on task 53
110 Generated task 55
110 Worker 0 accepting task 55
110 Worker 1 accepting task 54
110 Worker 1 accepting task 52
110 Task 53 completed!
110 Worker 1 processing task 41 requiring operations [2]
110 Worker 1 forwarding task 41
110 Worker 4 processing task 47 requiring operations [3, 8, 5]
110 Worker 4 forwarding task 47
110 Worker 0 processing task 55 requiring operations [6, 1, 9]
110 Worker 0 performing operation 1 on task 55
111 Worker 0 accepting task 41
111 Worker 2 accepting task 47
111 Worker 0 accepting task 55
111 Worker 1 processing task 54 requiring operations [8, 4]
111 Worker 1 forwarding task 54
111 Worker 4 processing task 48 requiring operations [4, 3]
111 Worker 4 forwarding task 48
111 Worker 0 processing task 41 requiring operations [2]
111 Worker 0 forwarding task 41
111 Worker 2 processing task 47 requiring operations [3, 8, 5]
111 Worker 2 performing operation 3 on task 47
112 Generated task 56
112 Worker 3 accepting task 56
112 Worker 4 accepting task 54
112 Worker 1 accepting task 48
112 Worker 3 accepting task 41
112 Worker 2 accepting task 47
112 Worker 1 processing task 52 requiring operations [7, 2]
112 Worker 1 performing operation 7 on task 52
112 Worker 4 processing task 49 requiring operations [2]
112 Worker 4 forwarding task 49
112 Worker 0 processing task 55 requiring operations [6, 9]
112 Worker 0 forwarding task 55
112 Worker 2 processing task 47 requiring operations [8, 5]
112 Worker 2 forwarding task 47
112 Worker 3 processing task 56 requiring operations [2, 5, 10]
112 Worker 3 performing operation 5 on task 56
113 Worker 1 accepting task 52
113 Worker 1 accepting task 49
113 Worker 3 accepting task 55
113 Worker 3 accepting task 47
113 Worker 3 accepting task 56
113 Worker 1 processing task 48 requiring operations [4, 3]
113 Worker 1 forwarding task 48
113 Worker 4 processing task 51 requiring operations [6]
113 Worker 4 performing operation 6 on task 51
113 Worker 3 processing task 41 requiring operations [2]
113 Worker 3 forwarding task 41
114 Generated task 57
114 Worker 4 accepting task 57
114 Worker 4 accepting task 48
114 Task 51 completed!
114 Worker 0 accepting task 41
114 Worker 1 processing task 52 requiring operations [2]
114 Worker 1 forwarding task 52
114 Worker 4 processing task 50 requiring operations [9]
114 Worker 4 forwarding task 50
114 Worker 3 processing task 55 requiring operations [6, 9]
114 Worker 3 forwarding task 55
114 Worker 0 processing task 41 requiring operations [2]
114 Worker 0 forwarding task 41
115 Worker 4 accepting task 52
115 Worker 1 accepting task 50
115 Worker 0 accepting task 55
115 Worker 1 accepting task 41
115 Worker 1 processing task 49 requiring operations [2]
115 Worker 1 forwarding task 49
115 Worker 4 processing task 54 requiring operations [8, 4]
115 Worker 4 forwarding task 54
115 Worker 3 processing task 47 requiring operations [8, 5]
115 Worker 3 performing operation 5 on task 47
115 Worker 0 processing task 55 requiring operations [6, 9]
115 Worker 0 forwarding task 55
116 Generated task 58
116 Worker 0 accepting task 58
116 Worker 0 accepting task 49
116 Worker 1 accepting task 54
116 Worker 3 accepting task 47
116 Worker 3 accepting task 55
116 Worker 1 processing task 50 requiring operations [9]
116 Worker 1 performing operation 9 on task 50
116 Worker 4 processing task 57 requiring operations [4, 9, 10]
116 Worker 4 performing operation 10 on task 57
116 Worker 3 processing task 56 requiring operations [2, 10]
116 Worker 3 forwarding task 56
116 Worker 0 processing task 58 requiring operations [5, 10, 7]
116 Worker 0 performing operation 5 on task 58
117 Task 50 completed!
117 Worker 4 accepting task 57
117 Worker 2 accepting task 56
117 Worker 0 accepting task 58
117 Worker 1 processing task 41 requiring operations [2]
117 Worker 1 forwarding task 41
117 Worker 4 processing task 48 requiring operations [4, 3]
117 Worker 4 forwarding task 48
117 Worker 3 processing task 47 requiring operations [8]
117 Worker 3 performing operation 8 on task 47
117 Worker 0 processing task 49 requiring operations [2]
117 Worker 0 forwarding task 49
117 Worker 2 processing task 56 requiring operations [2, 10]
117 Worker 2 performing operation 2 on task 56
118 Generated task 59
118 Worker 2 accepting task 59
118 Worker 0 accepting task 41
118 Worker 2 accepting task 48
118 Task 47 completed!
118 Worker 3 accepting task 49
118 Worker 2 accepting task 56
118 Worker 1 processing task 54 requiring operations [8, 4]
118 Worker 1 forwarding task 54
118 Worker 4 processing task 52 requiring operations [2]
118 Worker 4 forwarding task 52
118 Worker 3 processing task 55 requiring operations [6, 9]
118 Worker 3 forwarding task 55
118 Worker 0 processing task 58 requiring operations [10, 7]
118 Worker 0 performing operation 7 on task 58
118 Worker 2 processing task 59 requiring operations [6, 4, 2]
118 Worker 2 performing operation 2 on task 59
119 Worker 0 accepting task 54
119 Worker 2 accepting task 52
119 Worker 0 accepting task 55
119 Worker 0 accepting task 58
119 Worker 2 accepting task 59
119 Worker 4 processing task 57 requiring operations [4, 9]
119 Worker 4 forwarding task 57
119 Worker 3 processing task 49 requiring operations [2]
119 Worker 3 forwarding task 49
119 Worker 0 processing task 41 requiring operations [2]
119 Worker 0 forwarding task 41
119 Worker 2 processing task 48 requiring operations [4, 3]
119 Worker 2 performing operation 3 on task 48
120 Generated task 60
120 Worker 3 accepting task 60
120 Worker 1 accepting task 57
120 Worker 0 accepting task 49
120 Worker 1 accepting task 41
120 Worker 2 accepting task 48
120 Worker 3 processing task 60 requiring operations [1, 2, 10]
120 Worker 3 forwarding task 60
120 Worker 0 processing task 54 requiring operations [8, 4]
120 Worker 0 performing operation 8 on task 54
120 Worker 2 processing task 56 requiring operations [10]
120 Worker 2 forwarding task 56
120 Worker 1 processing task 57 requiring operations [4, 9]
120 Worker 1 performing operation 9 on task 57
121 Worker 2 accepting task 60
121 Worker 0 accepting task 54
121 Worker 4 accepting task 56
121 Worker 1 accepting task 57
121 Worker 0 processing task 55 requiring operations [6, 9]
121 Worker 0 forwarding task 55
121 Worker 2 processing task 52 requiring operations [2]
121 Worker 2 performing operation 2 on task 52
121 Worker 1 processing task 41 requiring operations [2]
121 Worker 1 forwarding task 41
121 Worker 4 processing task 56 requiring operations [10]
121 Worker 4 performing operation 10 on task 56
122 Generated task 61
122 Worker 3 accepting task 61
122 Worker 3 accepting task 55
122 Task 52 completed!
122 Worker 4 accepting task 41
122 Task 56 completed!
122 Worker 0 processing task 58 requiring operations [10]
122 Worker 0 forwarding task 58
122 Worker 2 processing task 59 requiring operations [6, 4]
122 Worker 2 forwarding task 59
122 Worker 1 processing task 57 requiring operations [4]
122 Worker 1 forwarding task 57
122 Worker 4 processing task 41 requiring operations [2]
122 Worker 4 forwarding task 41
122 Worker 3 processing task 61 requiring operations [6, 1, 8]
122 Worker 3 performing operation 8 on task 61
123 Worker 1 accepting task 58
123 Worker 3 accepting task 59
123 Worker 4 accepting task 57
123 Worker 2 accepting task 41
123 Worker 3 accepting task 61
123 Worker 0 processing task 49 requiring operations [2]
123 Worker 0 forwarding task 49
123 Worker 2 processing task 48 requiring operations [4]
123 Worker 2 forwarding task 48
123 Worker 1 processing task 58 requiring operations [10]
123 Worker 1 performing operation 10 on task 58
123 Worker 4 processing task 57 requiring operations [4]
123 Worker 4 forwarding task 57
123 Worker 3 processing task 55 requiring operations [6, 9]
123 Worker 3 forwarding task 55
124 Generated task 62
124 Worker 4 accepting task 62
124 Worker 3 accepting task 49
124 Worker 4 accepting task 48
124 Task 58 completed!
124 Worker 2 accepting task 57
124 Worker 2 accepting task 55
124 Worker 0 processing task 54 requiring operations [4]
124 Worker 0 forwarding task 54
124 Worker 2 processing task 60 requiring operations [1, 2, 10]
124 Worker 2 performing operation 2 on task 60
124 Worker 4 processing task 62 requiring operations [6, 2, 3]
124 Worker 4 performing operation 6 on task 62
124 Worker 3 processing task 59 requiring operations [6, 4]
124 Worker 3 performing operation 4 on task 59
125 Worker 3 accepting task 54
125 Worker 2 accepting task 60
125 Worker 4 accepting task 62
125 Worker 3 accepting task 59
125 Worker 2 processing task 41 requiring operations [2]
125 Worker 2 performing operation 2 on task 41
125 Worker 4 processing task 48 requiring operations [4]
125 Worker 4 forwarding task 48
125 Worker 3 processing task 61 requiring operations [6, 1]
125 Worker 3 forwarding task 61
126 Generated task 63
126 Worker 4 accepting task 63
126 Task 41 completed!
126 Worker 1 accepting task 48
126 Worker 2 accepting task 61
126 Worker 2 processing task 57 requiring operations [4]
126 Worker 2 forwarding task 57
126 Worker 4 processing task 62 requiring operations [2, 3]
126 Worker 4 forwarding task 62
126 Worker 3 processing task 49 requiring operations [2]
126 Worker 3 forwarding task 49
126 Worker 1 processing task 48 requiring operations [4]
126 Worker 1 forwarding task 48
127 Worker 3 accepting task 57
127 Worker 1 accepting task 62
127 Worker 0 accepting task 49
127 Worker 4 accepting task 48
127 Worker 2 processing task 55 requiring operations [6, 9]
127 Worker 2 forwarding task 55
127 Worker 4 processing task 63 requiring operations [4, 8, 3]
127 Worker 4 forwarding task 63
127 Worker 3 processing task 54 requiring operations [4]
127 Worker 3 performing operation 4 on task 54
127 Worker 1 processing task 62 requiring operations [2, 3]
127 Worker 1 forwarding task 62
127 Worker 0 processing task 49 requiring operations [2]
127 Worker 0 forwarding task 49
128 Generated task 64
128 Worker 1 accepting task 64
128 Worker 3 accepting task 55
128 Worker 1 accepting task 63
128 Task 54 completed!
128 Worker 0 accepting task 62
128 Worker 1 accepting task 49
128 Worker 2 processing task 60 requiring operations [1, 10]
128 Worker 2 performing operation 1 on task 60
128 Worker 4 processing task 48 requiring operations [4]
128 Worker 4 forwarding task 48
128 Worker 3 processing task 59 requiring operations [6]
128 Worker 3 forwarding task 59
128 Worker 1 processing task 64 requiring operations [1, 10, 6]
128 Worker 1 performing operation 10 on task 64
128 Worker 0 processing task 62 requiring operations [2, 3]
128 Worker 0 forwarding task 62
129 Worker 2 accepting task 60
129 Worker 1 accepting task 48
129 Worker 2 accepting task 59
129 Worker 1 accepting task 64
129 Worker 1 accepting task 62
129 Worker 2 processing task 61 requiring operations [6, 1]
129 Worker 2 performing operation 1 on task 61
129 Worker 3 processing task 57 requiring operations [4]
129 Worker 3 performing operation 4 on task 57
129 Worker 1 processing task 63 requiring operations [4, 8, 3]
129 Worker 1 forwarding task 63
130 Generated task 65
130 Worker 1 accepting task 65
130 Worker 2 accepting task 61
130 Task 57 completed!
130 Worker 4 accepting task 63
130 Worker 2 processing task 60 requiring operations [10]
130 Worker 2 forwarding task 60
130 Worker 3 processing task 55 requiring operations [6, 9]
130 Worker 3 forwarding task 55
130 Worker 1 processing task 49 requiring operations [2]
130 Worker 1 forwarding task 49
130 Worker 4 processing task 63 requiring operations [4, 8, 3]
130 Worker 4 forwarding task 63
131 Worker 3 accepting task 60
131 Worker 2 accepting task 55
131 Worker 0 accepting task 49
131 Worker 1 accepting task 63
131 Worker 2 processing task 59 requiring operations [6]
131 Worker 2 forwarding task 59
131 Worker 3 processing task 60 requiring operations [10]
131 Worker 3 forwarding task 60
131 Worker 1 processing task 48 requiring operations [4]
131 Worker 1 forwarding task 48
131 Worker 0 processing task 49 requiring operations [2]
131 Worker 0 forwarding task 49
132 Generated task 66
132 Worker 4 accepting task 66
132 Worker 3 accepting task 59
132 Worker 2 accepting task 60
132 Worker 4 accepting task 48
132 Worker 3 accepting task 49
132 Worker 2 processing task 61 requiring operations [6]
132 Worker 2 forwarding task 61
132 Worker 3 processing task 59 requiring operations [6]
132 Worker 3 forwarding task 59
132 Worker 1 processing task 64 requiring operations [1, 6]
132 Worker 1 forwarding task 64
132 Worker 4 processing task 66 requiring operations [7, 2, 3]
132 Worker 4 forwarding task 66
133 Worker 3 accepting task 61
133 Worker 2 accepting task 59
133 Worker 0 accepting task 64
133 Worker 1 accepting task 66
133 Worker 2 processing task 55 requiring operations [6, 9]
133 Worker 2 forwarding task 55
133 Worker 3 processing task 49 requiring operations [2]
133 Worker 3 forwarding task 49
133 Worker 1 processing task 62 requiring operations [2, 3]
133 Worker 1 forwarding task 62
133 Worker 4 processing task 48 requiring operations [4]
133 Worker 4 forwarding task 48
133 Worker 0 processing task 64 requiring operations [1, 6]
133 Worker 0 performing operation 1 on task 64
134 Generated task 67
134 Worker 3 accepting task 67
134 Worker 4 accepting task 55
134 Worker 0 accepting task 49
134 Worker 0 accepting task 62
134 Worker 2 accepting task 48
134 Worker 0 accepting task 64
134 Worker 2 processing task 60 requiring operations [10]
134 Worker 2 forwarding task 60
134 Worker 3 processing task 61 requiring operations [6]
134 Worker 3 forwarding task 61
134 Worker 1 processing task 65 requiring operations [5, 1, 2]
134 Worker 1 forwarding task 65
134 Worker 4 processing task 55 requiring operations [6, 9]
134 Worker 4 performing operation 6 on task 55
134 Worker 0 processing task 49 requiring operations [2]
134 Worker 0 forwarding task 49
135 Worker 3 accepting task 60
135 Worker 2 accepting task 61
135 Worker 4 accepting task 65
135 Worker 4 accepting task 55
135 Worker 3 accepting task 49
135 Worker 2 processing task 59 requiring operations [6]
135 Worker 2 forwarding task 59
135 Worker 3 processing task 67 requiring operations [1, 8, 4]
135 Worker 3 performing operation 8 on task 67
135 Worker 1 processing task 63 requiring operations [4, 8, 3]
135 Worker 1 forwarding task 63
135 Worker 4 processing task 65 requiring operations [5, 1, 2]
135 Worker 4 forwarding task 65
135 Worker 0 processing task 62 requiring operations [2, 3]
135 Worker 0 forwarding task 62
136 Generated task 68
136 Worker 2 accepting task 68
136 Worker 3 accepting task 59
136 Worker 3 accepting task 67
136 Worker 0 accepting task 63
136 Worker 2 accepting task 65
136 Worker 3 accepting task 62
136 Worker 2 processing task 48 requiring operations [4]
136 Worker 2 forwarding task 48
136 Worker 3 processing task 60 requiring operations [10]
136 Worker 3 forwarding task 60
136 Worker 1 processing task 66 requiring operations [7, 2, 3]
136 Worker 1 performing operation 7 on task 66
136 Worker 4 processing task 55 requiring operations [9]
136 Worker 4 forwarding task 55
136 Worker 0 processing task 64 requiring operations [6]
136 Worker 0 forwarding task 64
137 Worker 3 accepting task 48
137 Worker 0 accepting task 60
137 Worker 1 accepting task 66
137 Worker 2 accepting task 55
137 Worker 3 accepting task 64
137 Worker 2 processing task 61 requiring operations [6]
137 Worker 2 forwarding task 61
137 Worker 3 processing task 49 requiring operations [2]
137 Worker 3 forwarding task 49
137 Worker 1 processing task 66 requiring operations [2, 3]
137 Worker 1 forwarding task 66
137 Worker 0 processing task 63 requiring operations [4, 8, 3]
137 Worker 0 performing operation 8 on task 63
138 Generated task 69
138 Worker 2 accepting task 69
138 Worker 3 accepting task 61
138 Worker 0 accepting task 49
138 Worker 0 accepting task 66
138 Worker 0 accepting task 63
138 Worker 2 processing task 68 requiring operations [5, 1, 3]
138 Worker 2 performing operation 3 on task 68
138 Worker 3 processing task 59 requiring operations [6]
138 Worker 3 forwarding task 59
138 Worker 0 processing task 60 requiring operations [10]
138 Worker 0 forwarding task 60
139 Worker 2 accepting task 68
139 Worker 0 accepting task 59
139 Worker 1 accepting task 60
139 Worker 2 processing task 65 requiring operations [5, 1, 2]
139 Worker 2 performing operation 2 on task 65
139 Worker 3 processing task 67 requiring operations [1, 4]
139 Worker 3 performing operation 4 on task 67
139 Worker 0 processing task 49 requiring operations [2]
139 Worker 0 forwarding task 49
139 Worker 1 processing task 60 requiring operations [10]
139 Worker 1 performing operation 10 on task 60
140 Generated task 70
140 Worker 1 accepting task 70
140 Worker 2 accepting task 65
140 Worker 3 accepting task 67
140 Worker 1 accepting task 49
140 Task 60 completed!
140 Worker 2 processing task 55 requiring operations [9]
140 Worker 2 forwarding task 55
140 Worker 3 processing task 62 requiring operations [2, 3]
140 Worker 3 forwarding task 62
140 Worker 0 processing task 66 requiring operations [2, 3]
140 Worker 0 forwarding task 66
140 Worker 1 processing task 70 requiring operations [5, 4, 1]
140 Worker 1 forwarding task 70
