Worker 0 can perform operations {3}
Worker 1 can perform operations {8, 1, 10, 6}
Worker 2 can perform operations {2, 3, 5}
Worker 3 can perform operations {9, 7}
Worker 4 can perform operations {4, 7}
Building network type random
Worker 0 connecting to worker 3
Worker 3 connecting to worker 0
Worker 0 connecting to worker 4
Worker 4 connecting to worker 0
Worker 1 connecting to worker 2
Worker 2 connecting to worker 1
Worker 1 connecting to worker 0
Worker 0 connecting to worker 1
Worker 2 connecting to worker 0
Worker 0 connecting to worker 2
Worker 3 connecting to worker 1
Worker 1 connecting to worker 3
Worker 4 connecting to worker 3
Worker 3 connecting to worker 4
Entry nodes are [0, 1, 2, 3, 4]
0 Generated task 0
0 Worker 2 accepting task 0
0 Worker 2 processing task 0 requiring operations [7, 9, 8]
0 Worker 2 forwarding task 0
1 Worker 1 accepting task 0
1 Worker 1 processing task 0 requiring operations [7, 9, 8]
1 Worker 1 performing operation 8 on task 0
2 Generated task 1
2 Worker 3 accepting task 1
2 Worker 1 accepting task 0
2 Worker 1 processing task 0 requiring operations [7, 9]
2 Worker 1 forwarding task 0
2 Worker 3 processing task 1 requiring operations [3, 5, 2]
2 Worker 3 forwarding task 1
3 Worker 2 accepting task 0
3 Worker 1 accepting task 1
3 Worker 2 processing task 0 requiring operations [7, 9]
3 Worker 2 forwarding task 0
3 Worker 1 processing task 1 requiring operations [3, 5, 2]
3 Worker 1 forwarding task 1
4 Generated task 2
4 Worker 4 accepting task 2
4 Worker 1 accepting task 0
4 Worker 0 accepting task 1
4 Worker 1 processing task 0 requiring operations [7, 9]
4 Worker 1 forwarding task 0
4 Worker 4 processing task 2 requiring operations [6, 7, 1]
4 Worker 4 performing operation 7 on task 2
4 Worker 0 processing task 1 requiring operations [3, 5, 2]
4 Worker 0 performing operation 3 on task 1
5 Worker 2 accepting task 0
5 Worker 4 accepting task 2
5 Worker 0 accepting task 1
5 Worker 4 processing task 2 requiring operations [6, 1]
5 Worker 4 forwarding task 2
5 Worker 0 processing task 1 requiring operations [5, 2]
5 Worker 0 forwarding task 1
5 Worker 2 processing task 0 requiring operations [7, 9]
5 Worker 2 forwarding task 0
6 Generated task 3
6 Worker 4 accepting task 3
6 Worker 0 accepting task 2
6 Worker 4 accepting task 1
6 Worker 1 accepting task 0
6 Worker 4 processing task 3 requiring operations [9, 4, 10]
6 Worker 4 performing operation 4 on task 3
6 Worker 0 processing task 2 requiring operations [6, 1]
6 Worker 0 forwarding task 2
6 Worker 1 processing task 0 requiring operations [7, 9]
6 Worker 1 forwarding task 0
7 Worker 4 accepting task 3
7 Worker 1 accepting task 2
7 Worker 2 accepting task 0
7 Worker 4 processing task 1 requiring operations [5, 2]
7 Worker 4 forwarding task 1
7 Worker 1 processing task 2 requiring operations [6, 1]
7 Worker 1 performing operation 1 on task 2
7 Worker 2 processing task 0 requiring operations [7, 9]
7 Worker 2 forwarding task 0
8 Generated task 4
8 Worker 2 accepting task 4
8 Worker 3 accepting task 1
8 Worker 1 accepting task 2
8 Worker 1 accepting task 0
8 Worker 4 processing task 3 requiring operations [9, 10]
8 Worker 4 forwarding task 3
8 Worker 1 processing task 2 requiring operations [6]
8 Worker 1 performing operation 6 on task 2
8 Worker 2 processing task 4 requiring operations [9, 8, 7]
8 Worker 2 forwarding task 4
8 Worker 3 processing task 1 requiring operations [5, 2]
8 Worker 3 forwarding task 1
9 Worker 0 accepting task 3
9 Task 2 completed!
9 Worker 1 accepting task 4
9 Worker 0 accepting task 1
9 Worker 1 processing task 0 requiring operations [7, 9]
9 Worker 1 forwarding task 0
9 Worker 0 processing task 3 requiring operations [9, 10]
9 Worker 0 forwarding task 3
10 Generated task 5
10 Worker 4 accepting task 5
10 Worker 3 accepting task 0
10 Worker 2 accepting task 3
10 Worker 1 processing task 4 requiring operations [9, 8, 7]
10 Worker 1 performing operation 8 on task 4
10 Worker 0 processing task 1 requiring operations [5, 2]
10 Worker 0 forwarding task 1
10 Worker 4 processing task 5 requiring operations [1, 7, 4]
10 Worker 4 performing operation 7 on task 5
10 Worker 3 processing task 0 requiring operations [7, 9]
10 Worker 3 performing operation 7 on task 0
10 Worker 2 processing task 3 requiring operations [9, 10]
10 Worker 2 forwarding task 3
11 Worker 1 accepting task 4
11 Worker 1 accepting task 1
11 Worker 4 accepting task 5
11 Worker 3 accepting task 0
11 Worker 0 accepting task 3
11 Worker 1 processing task 4 requiring operations [9, 7]
11 Worker 1 forwarding task 4
11 Worker 4 processing task 5 requiring operations [1, 4]
11 Worker 4 performing operation 4 on task 5
11 Worker 3 processing task 0 requiring operations [9]
11 Worker 3 performing operation 9 on task 0
11 Worker 0 processing task 3 requiring operations [9, 10]
11 Worker 0 forwarding task 3
12 Generated task 6
12 Worker 3 accepting task 6
12 Worker 2 accepting task 4
12 Worker 4 accepting task 5
12 Task 0 completed!
12 Worker 1 accepting task 3
12 Worker 1 processing task 1 requiring operations [5, 2]
12 Worker 1 forwarding task 1
12 Worker 4 processing task 5 requiring operations [1]
12 Worker 4 forwarding task 5
12 Worker 3 processing task 6 requiring operations [3, 8, 6]
12 Worker 3 forwarding task 6
12 Worker 2 processing task 4 requiring operations [9, 7]
12 Worker 2 forwarding task 4
13 Worker 2 accepting task 1
13 Worker 3 accepting task 5
13 Worker 0 accepting task 6
13 Worker 1 accepting task 4
13 Worker 1 processing task 3 requiring operations [9, 10]
13 Worker 1 performing operation 10 on task 3
13 Worker 3 processing task 5 requiring operations [1]
13 Worker 3 forwarding task 5
13 Worker 2 processing task 1 requiring operations [5, 2]
13 Worker 2 performing operation 2 on task 1
13 Worker 0 processing task 6 requiring operations [3, 8, 6]
13 Worker 0 performing operation 3 on task 6
14 Generated task 7
14 Worker 3 accepting task 7
14 Worker 1 accepting task 3
14 Worker 4 accepting task 5
14 Worker 2 accepting task 1
14 Worker 0 accepting task 6
14 Worker 1 processing task 4 requiring operations [9, 7]
14 Worker 1 forwarding task 4
14 Worker 3 processing task 7 requiring operations [1, 8, 7]
14 Worker 3 performing operation 7 on task 7
14 Worker 2 processing task 1 requiring operations [5]
14 Worker 2 performing operation 5 on task 1
14 Worker 0 processing task 6 requiring operations [8, 6]
14 Worker 0 forwarding task 6
14 Worker 4 processing task 5 requiring operations [1]
14 Worker 4 forwarding task 5
15 Worker 2 accepting task 4
15 Worker 3 accepting task 7
15 Task 1 completed!
15 Worker 4 accepting task 6
15 Worker 3 accepting task 5
15 Worker 1 processing task 3 requiring operations [9]
15 Worker 1 forwarding task 3
15 Worker 3 processing task 7 requiring operations [1, 8]
15 Worker 3 forwarding task 7
15 Worker 2 processing task 4 requiring operations [9, 7]
15 Worker 2 forwarding task 4
15 Worker 4 processing task 6 requiring operations [8, 6]
15 Worker 4 forwarding task 6
16 Generated task 8
16 Worker 4 accepting task 8
16 Worker 3 accepting task 3
16 Worker 4 accepting task 7
16 Worker 0 accepting task 4
16 Worker 0 accepting task 6
16 Worker 3 processing task 5 requiring operations [1]
16 Worker 3 forwarding task 5
16 Worker 4 processing task 8 requiring operations [7, 6, 3]
16 Worker 4 performing operation 7 on task 8
16 Worker 0 processing task 4 requiring operations [9, 7]
16 Worker 0 forwarding task 4
17 Worker 4 accepting task 5
17 Worker 4 accepting task 8
17 Worker 1 accepting task 4
17 Worker 3 processing task 3 requiring operations [9]
17 Worker 3 performing operation 9 on task 3
17 Worker 4 processing task 7 requiring operations [1, 8]
17 Worker 4 forwarding task 7
17 Worker 0 processing task 6 requiring operations [8, 6]
17 Worker 0 forwarding task 6
17 Worker 1 processing task 4 requiring operations [9, 7]
17 Worker 1 forwarding task 4
18 Generated task 9
18 Worker 3 accepting task 9
18 Task 3 completed!
18 Worker 0 accepting task 7
18 Worker 1 accepting task 6
18 Worker 0 accepting task 4
18 Worker 3 processing task 9 requiring operations [1, 2, 5]
18 Worker 3 forwarding task 9
18 Worker 4 processing task 5 requiring operations [1]
18 Worker 4 forwarding task 5
18 Worker 0 processing task 7 requiring operations [1, 8]
18 Worker 0 forwarding task 7
18 Worker 1 processing task 6 requiring operations [8, 6]
18 Worker 1 performing operation 6 on task 6
19 Worker 0 accepting task 9
19 Worker 0 accepting task 5
19 Worker 3 accepting task 7
19 Worker 1 accepting task 6
19 Worker 4 processing task 8 requiring operations [6, 3]
19 Worker 4 forwarding task 8
19 Worker 0 processing task 4 requiring operations [9, 7]
19 Worker 0 forwarding task 4
19 Worker 1 processing task 6 requiring operations [8]
19 Worker 1 performing operation 8 on task 6
19 Worker 3 processing task 7 requiring operations [1, 8]
19 Worker 3 forwarding task 7
20 Generated task 10
20 Worker 3 accepting task 10
20 Worker 3 accepting task 8
20 Worker 4 accepting task 4
20 Task 6 completed!
20 Worker 4 accepting task 7
20 Worker 0 processing task 9 requiring operations [1, 2, 5]
20 Worker 0 forwarding task 9
20 Worker 3 processing task 10 requiring operations [7, 4, 8]
20 Worker 3 performing operation 7 on task 10
20 Worker 4 processing task 4 requiring operations [9, 7]
20 Worker 4 performing operation 7 on task 4
21 Worker 3 accepting task 9
21 Worker 3 accepting task 10
21 Worker 4 accepting task 4
21 Worker 0 processing task 5 requiring operations [1]
21 Worker 0 forwarding task 5
21 Worker 3 processing task 8 requiring operations [6, 3]
21 Worker 3 forwarding task 8
21 Worker 4 processing task 7 requiring operations [1, 8]
21 Worker 4 forwarding task 7
22 Generated task 11
22 Worker 4 accepting task 11
22 Worker 1 accepting task 5
22 Worker 0 accepting task 8
22 Worker 3 accepting task 7
22 Worker 3 processing task 9 requiring operations [1, 2, 5]
22 Worker 3 forwarding task 9
22 Worker 4 processing task 4 requiring operations [9]
22 Worker 4 forwarding task 4
22 Worker 1 processing task 5 requiring operations [1]
22 Worker 1 performing operation 1 on task 5
22 Worker 0 processing task 8 requiring operations [6, 3]
22 Worker 0 performing operation 3 on task 8
23 Worker 4 accepting task 9
23 Worker 0 accepting task 4
23 Task 5 completed!
23 Worker 0 accepting task 8
23 Worker 3 processing task 10 requiring operations [4, 8]
23 Worker 3 forwarding task 10
23 Worker 4 processing task 11 requiring operations [7, 3, 9]
23 Worker 4 performing operation 7 on task 11
23 Worker 0 processing task 4 requiring operations [9]
23 Worker 0 forwarding task 4
24 Generated task 12
24 Worker 2 accepting task 12
24 Worker 1 accepting task 10
24 Worker 4 accepting task 11
24 Worker 2 accepting task 4
24 Worker 3 processing task 7 requiring operations [1, 8]
24 Worker 3 forwarding task 7
24 Worker 4 processing task 9 requiring operations [1, 2, 5]
24 Worker 4 forwarding task 9
24 Worker 0 processing task 8 requiring operations [6]
24 Worker 0 forwarding task 8
24 Worker 2 processing task 12 requiring operations [4, 1, 3]
24 Worker 2 performing operation 3 on task 12
24 Worker 1 processing task 10 requiring operations [4, 8]
24 Worker 1 performing operation 8 on task 10
25 Worker 0 accepting task 7
25 Worker 0 accepting task 9
25 Worker 2 accepting task 8
25 Worker 2 accepting task 12
25 Worker 1 accepting task 10
25 Worker 4 processing task 11 requiring operations [3, 9]
25 Worker 4 forwarding task 11
25 Worker 0 processing task 7 requiring operations [1, 8]
25 Worker 0 forwarding task 7
25 Worker 2 processing task 4 requiring operations [9]
25 Worker 2 forwarding task 4
25 Worker 1 processing task 10 requiring operations [4]
25 Worker 1 forwarding task 10
26 Generated task 13
26 Worker 0 accepting task 13
26 Worker 3 accepting task 11
26 Worker 1 accepting task 7
26 Worker 0 accepting task 4
26 Worker 0 accepting task 10
26 Worker 0 processing task 9 requiring operations [1, 2, 5]
26 Worker 0 forwarding task 9
26 Worker 2 processing task 8 requiring operations [6]
26 Worker 2 forwarding task 8
26 Worker 1 processing task 7 requiring operations [1, 8]
26 Worker 1 performing operation 1 on task 7
26 Worker 3 processing task 11 requiring operations [3, 9]
26 Worker 3 performing operation 9 on task 11
27 Worker 1 accepting task 9
27 Worker 0 accepting task 8
27 Worker 1 accepting task 7
27 Worker 3 accepting task 11
27 Worker 0 processing task 13 requiring operations [10, 5, 2]
27 Worker 0 forwarding task 13
27 Worker 2 processing task 12 requiring operations [4, 1]
27 Worker 2 forwarding task 12
27 Worker 1 processing task 9 requiring operations [1, 2, 5]
27 Worker 1 performing operation 1 on task 9
27 Worker 3 processing task 11 requiring operations [3]
27 Worker 3 forwarding task 11
28 Generated task 14
28 Worker 2 accepting task 14
28 Worker 3 accepting task 13
28 Worker 1 accepting task 12
28 Worker 1 accepting task 9
28 Worker 0 accepting task 11
28 Worker 0 processing task 4 requiring operations [9]
28 Worker 0 forwarding task 4
28 Worker 2 processing task 14 requiring operations [8, 5, 3]
28 Worker 2 performing operation 5 on task 14
28 Worker 1 processing task 7 requiring operations [8]
28 Worker 1 performing operation 8 on task 7
28 Worker 3 processing task 13 requiring operations [10, 5, 2]
28 Worker 3 forwarding task 13
29 Worker 3 accepting task 4
29 Worker 2 accepting task 14
29 Task 7 completed!
29 Worker 0 accepting task 13
29 Worker 0 processing task 10 requiring operations [4]
29 Worker 0 forwarding task 10
29 Worker 2 processing task 14 requiring operations [8, 3]
29 Worker 2 performing operation 3 on task 14
29 Worker 1 processing task 12 requiring operations [4, 1]
29 Worker 1 performing operation 1 on task 12
29 Worker 3 processing task 4 requiring operations [9]
29 Worker 3 performing operation 9 on task 4
30 Generated task 15
30 Worker 3 accepting task 15
30 Worker 2 accepting task 10
30 Worker 2 accepting task 14
30 Worker 1 accepting task 12
30 Task 4 completed!
30 Worker 0 processing task 8 requiring operations [6]
30 Worker 0 forwarding task 8
30 Worker 2 processing task 10 requiring operations [4]
30 Worker 2 forwarding task 10
30 Worker 1 processing task 9 requiring operations [2, 5]
30 Worker 1 forwarding task 9
30 Worker 3 processing task 15 requiring operations [4, 7, 2]
30 Worker 3 performing operation 7 on task 15
31 Worker 4 accepting task 8
31 Worker 1 accepting task 10
31 Worker 2 accepting task 9
31 Worker 3 accepting task 15
31 Worker 0 processing task 11 requiring operations [3]
31 Worker 0 performing operation 3 on task 11
31 Worker 2 processing task 14 requiring operations [8]
31 Worker 2 forwarding task 14
31 Worker 1 processing task 12 requiring operations [4]
31 Worker 1 forwarding task 12
31 Worker 3 processing task 15 requiring operations [4, 2]
31 Worker 3 forwarding task 15
31 Worker 4 processing task 8 requiring operations [6]
31 Worker 4 forwarding task 8
32 Generated task 16
32 Worker 1 accepting task 16
32 Task 11 completed!
32 Worker 1 accepting task 14
32 Worker 0 accepting task 12
32 Worker 1 accepting task 15
32 Worker 0 accepting task 8
32 Worker 0 processing task 13 requiring operations [10, 5, 2]
32 Worker 0 forwarding task 13
32 Worker 2 processing task 9 requiring operations [2, 5]
32 Worker 2 performing operation 5 on task 9
32 Worker 1 processing task 10 requiring operations [4]
32 Worker 1 forwarding task 10
33 Worker 1 accepting task 13
33 Worker 2 accepting task 9
33 Worker 3 accepting task 10
33 Worker 0 processing task 12 requiring operations [4]
33 Worker 0 forwarding task 12
33 Worker 2 processing task 9 requiring operations [2]
33 Worker 2 performing operation 2 on task 9
33 Worker 1 processing task 16 requiring operations [6, 5, 9]
33 Worker 1 performing operation 6 on task 16
33 Worker 3 processing task 10 requiring operations [4]
33 Worker 3 forwarding task 10
34 Generated task 17
34 Worker 4 accepting task 17
34 Worker 3 accepting task 12
34 Task 9 completed!
34 Worker 1 accepting task 16
34 Worker 0 accepting task 10
34 Worker 0 processing task 8 requiring operations [6]
34 Worker 0 forwarding task 8
34 Worker 1 processing task 14 requiring operations [8]
34 Worker 1 performing operation 8 on task 14
34 Worker 3 processing task 12 requiring operations [4]
34 Worker 3 forwarding task 12
34 Worker 4 processing task 17 requiring operations [2, 10, 3]
34 Worker 4 forwarding task 17
35 Worker 4 accepting task 8
35 Task 14 completed!
35 Worker 4 accepting task 12
35 Worker 3 accepting task 17
35 Worker 0 processing task 10 requiring operations [4]
35 Worker 0 forwarding task 10
35 Worker 1 processing task 15 requiring operations [4, 2]
35 Worker 1 forwarding task 15
35 Worker 4 processing task 8 requiring operations [6]
35 Worker 4 forwarding task 8
35 Worker 3 processing task 17 requiring operations [2, 10, 3]
35 Worker 3 forwarding task 17
36 Generated task 18
36 Worker 1 accepting task 18
36 Worker 4 accepting task 10
36 Worker 3 accepting task 15
36 Worker 0 accepting task 8
36 Worker 0 accepting task 17
36 Worker 1 processing task 13 requiring operations [10, 5, 2]
36 Worker 1 performing operation 10 on task 13
36 Worker 4 processing task 12 requiring operations [4]
36 Worker 4 performing operation 4 on task 12
36 Worker 3 processing task 15 requiring operations [4, 2]
36 Worker 3 forwarding task 15
36 Worker 0 processing task 8 requiring operations [6]
36 Worker 0 forwarding task 8
37 Worker 1 accepting task 13
37 Task 12 completed!
37 Worker 0 accepting task 15
37 Worker 1 accepting task 8
37 Worker 1 processing task 16 requiring operations [5, 9]
37 Worker 1 forwarding task 16
37 Worker 4 processing task 10 requiring operations [4]
37 Worker 4 performing operation 4 on task 10
37 Worker 0 processing task 17 requiring operations [2, 10, 3]
37 Worker 0 performing operation 3 on task 17
38 Generated task 19
38 Worker 1 accepting task 19
38 Worker 2 accepting task 16
38 Task 10 completed!
38 Worker 0 accepting task 17
38 Worker 1 processing task 18 requiring operations [3, 5, 8]
38 Worker 1 performing operation 8 on task 18
38 Worker 0 processing task 15 requiring operations [4, 2]
38 Worker 0 forwarding task 15
38 Worker 2 processing task 16 requiring operations [5, 9]
38 Worker 2 performing operation 5 on task 16
39 Worker 1 accepting task 18
39 Worker 1 accepting task 15
39 Worker 2 accepting task 16
39 Worker 1 processing task 13 requiring operations [5, 2]
39 Worker 1 forwarding task 13
39 Worker 0 processing task 17 requiring operations [2, 10]
39 Worker 0 forwarding task 17
39 Worker 2 processing task 16 requiring operations [9]
39 Worker 2 forwarding task 16
40 Generated task 20
40 Worker 1 accepting task 20
40 Worker 0 accepting task 13
40 Worker 1 accepting task 17
40 Worker 1 accepting task 16
40 Worker 1 processing task 8 requiring operations [6]
40 Worker 1 performing operation 6 on task 8
40 Worker 0 processing task 13 requiring operations [5, 2]
40 Worker 0 forwarding task 13
41 Task 8 completed!
41 Worker 1 accepting task 13
41 Worker 1 processing task 19 requiring operations [1, 9, 3]
41 Worker 1 performing operation 1 on task 19
42 Generated task 21
42 Worker 0 accepting task 21
42 Worker 1 accepting task 19
42 Worker 1 processing task 18 requiring operations [3, 5]
42 Worker 1 forwarding task 18
42 Worker 0 processing task 21 requiring operations [10, 6, 2]
42 Worker 0 forwarding task 21
43 Worker 2 accepting task 18
43 Worker 3 accepting task 21
43 Worker 1 processing task 15 requiring operations [4, 2]
43 Worker 1 forwarding task 15
43 Worker 2 processing task 18 requiring operations [3, 5]
43 Worker 2 performing operation 5 on task 18
43 Worker 3 processing task 21 requiring operations [10, 6, 2]
43 Worker 3 forwarding task 21
44 Generated task 22
44 Worker 2 accepting task 22
44 Worker 3 accepting task 15
44 Worker 2 accepting task 18
44 Worker 0 accepting task 21
44 Worker 1 processing task 20 requiring operations [6, 5, 3]
44 Worker 1 performing operation 6 on task 20
44 Worker 2 processing task 22 requiring operations [10, 5, 6]
44 Worker 2 performing operation 5 on task 22
44 Worker 3 processing task 15 requiring operations [4, 2]
44 Worker 3 forwarding task 15
44 Worker 0 processing task 21 requiring operations [10, 6, 2]
44 Worker 0 forwarding task 21
45 Worker 1 accepting task 20
45 Worker 2 accepting task 22
45 Worker 1 accepting task 15
45 Worker 3 accepting task 21
45 Worker 1 processing task 17 requiring operations [2, 10]
45 Worker 1 performing operation 10 on task 17
45 Worker 2 processing task 18 requiring operations [3]
45 Worker 2 performing operation 3 on task 18
45 Worker 3 processing task 21 requiring operations [10, 6, 2]
45 Worker 3 forwarding task 21
46 Generated task 23
46 Worker 1 accepting task 23
46 Worker 1 accepting task 17
46 Task 18 completed!
46 Worker 0 accepting task 21
46 Worker 1 processing task 16 requiring operations [9]
46 Worker 1 forwarding task 16
46 Worker 2 processing task 22 requiring operations [10, 6]
46 Worker 2 forwarding task 22
46 Worker 0 processing task 21 requiring operations [10, 6, 2]
46 Worker 0 forwarding task 21
47 Worker 0 accepting task 16
47 Worker 0 accepting task 22
47 Worker 4 accepting task 21
47 Worker 1 processing task 13 requiring operations [5, 2]
47 Worker 1 forwarding task 13
47 Worker 0 processing task 16 requiring operations [9]
47 Worker 0 forwarding task 16
47 Worker 4 processing task 21 requiring operations [10, 6, 2]
47 Worker 4 forwarding task 21
48 Generated task 24
48 Worker 0 accepting task 24
48 Worker 2 accepting task 13
48 Worker 2 accepting task 16
48 Worker 3 accepting task 21
48 Worker 1 processing task 19 requiring operations [9, 3]
48 Worker 1 forwarding task 19
48 Worker 0 processing task 22 requiring operations [10, 6]
48 Worker 0 forwarding task 22
48 Worker 2 processing task 13 requiring operations [5, 2]
48 Worker 2 performing operation 2 on task 13
48 Worker 3 processing task 21 requiring operations [10, 6, 2]
48 Worker 3 forwarding task 21
49 Worker 3 accepting task 19
49 Worker 4 accepting task 22
49 Worker 2 accepting task 13
49 Worker 0 accepting task 21
49 Worker 1 processing task 20 requiring operations [5, 3]
49 Worker 1 forwarding task 20
49 Worker 0 processing task 24 requiring operations [7, 9, 6]
49 Worker 0 forwarding task 24
49 Worker 2 processing task 16 requiring operations [9]
49 Worker 2 forwarding task 16
49 Worker 3 processing task 19 requiring operations [9, 3]
49 Worker 3 performing operation 9 on task 19
49 Worker 4 processing task 22 requiring operations [10, 6]
49 Worker 4 forwarding task 22
50 Generated task 25
50 Worker 4 accepting task 25
50 Worker 3 accepting task 20
50 Worker 2 accepting task 24
50 Worker 1 accepting task 16
50 Worker 3 accepting task 19
50 Worker 0 accepting task 22
50 Worker 1 processing task 15 requiring operations [4, 2]
50 Worker 1 forwarding task 15
50 Worker 0 processing task 21 requiring operations [10, 6, 2]
50 Worker 0 forwarding task 21
50 Worker 2 processing task 13 requiring operations [5]
50 Worker 2 performing operation 5 on task 13
50 Worker 3 processing task 20 requiring operations [5, 3]
50 Worker 3 forwarding task 20
50 Worker 4 processing task 25 requiring operations [3, 2, 5]
50 Worker 4 forwarding task 25
51 Worker 3 accepting task 15
51 Worker 4 accepting task 21
51 Task 13 completed!
51 Worker 4 accepting task 20
51 Worker 3 accepting task 25
51 Worker 1 processing task 23 requiring operations [2, 6, 4]
51 Worker 1 performing operation 6 on task 23
51 Worker 0 processing task 22 requiring operations [10, 6]
51 Worker 0 forwarding task 22
51 Worker 2 processing task 24 requiring operations [7, 9, 6]
51 Worker 2 forwarding task 24
51 Worker 3 processing task 19 requiring operations [3]
51 Worker 3 forwarding task 19
51 Worker 4 processing task 21 requiring operations [10, 6, 2]
51 Worker 4 forwarding task 21
52 Generated task 26
52 Worker 1 accepting task 26
52 Worker 1 accepting task 23
52 Worker 4 accepting task 22
52 Worker 0 accepting task 24
52 Worker 1 accepting task 19
52 Worker 0 accepting task 21
52 Worker 1 processing task 17 requiring operations [2]
52 Worker 1 forwarding task 17
52 Worker 3 processing task 15 requiring operations [4, 2]
52 Worker 3 forwarding task 15
52 Worker 4 processing task 20 requiring operations [5, 3]
52 Worker 4 forwarding task 20
52 Worker 0 processing task 24 requiring operations [7, 9, 6]
52 Worker 0 forwarding task 24
53 Worker 2 accepting task 17
53 Worker 4 accepting task 15
53 Worker 0 accepting task 20
53 Worker 1 accepting task 24
53 Worker 1 processing task 16 requiring operations [9]
53 Worker 1 forwarding task 16
53 Worker 3 processing task 25 requiring operations [3, 2, 5]
53 Worker 3 forwarding task 25
53 Worker 4 processing task 22 requiring operations [10, 6]
53 Worker 4 forwarding task 22
53 Worker 0 processing task 21 requiring operations [10, 6, 2]
53 Worker 0 forwarding task 21
53 Worker 2 processing task 17 requiring operations [2]
53 Worker 2 performing operation 2 on task 17
54 Generated task 27
54 Worker 0 accepting task 27
54 Worker 3 accepting task 16
54 Worker 4 accepting task 25
54 Worker 0 accepting task 22
54 Worker 3 accepting task 21
54 Task 17 completed!
54 Worker 1 processing task 26 requiring operations [5, 3, 6]
54 Worker 1 performing operation 6 on task 26
54 Worker 3 processing task 16 requiring operations [9]
54 Worker 3 performing operation 9 on task 16
54 Worker 4 processing task 15 requiring operations [4, 2]
54 Worker 4 performing operation 4 on task 15
54 Worker 0 processing task 20 requiring operations [5, 3]
54 Worker 0 performing operation 3 on task 20
55 Worker 1 accepting task 26
55 Task 16 completed!
55 Worker 4 accepting task 15
55 Worker 0 accepting task 20
55 Worker 1 processing task 23 requiring operations [2, 4]
55 Worker 1 forwarding task 23
55 Worker 3 processing task 21 requiring operations [10, 6, 2]
55 Worker 3 forwarding task 21
55 Worker 4 processing task 25 requiring operations [3, 2, 5]
55 Worker 4 forwarding task 25
55 Worker 0 processing task 27 requiring operations [7, 8, 2]
55 Worker 0 forwarding task 27
56 Generated task 28
56 Worker 0 accepting task 28
56 Worker 3 accepting task 23
56 Worker 0 accepting task 21
56 Worker 0 accepting task 25
56 Worker 3 accepting task 27
56 Worker 1 processing task 19 requiring operations [3]
56 Worker 1 forwarding task 19
56 Worker 3 processing task 23 requiring operations [2, 4]
56 Worker 3 forwarding task 23
56 Worker 4 processing task 15 requiring operations [2]
56 Worker 4 forwarding task 15
56 Worker 0 processing task 22 requiring operations [10, 6]
56 Worker 0 forwarding task 22
57 Worker 3 accepting task 19
57 Worker 4 accepting task 23
57 Worker 0 accepting task 15
57 Worker 4 accepting task 22
57 Worker 1 processing task 24 requiring operations [7, 9, 6]
57 Worker 1 performing operation 6 on task 24
57 Worker 3 processing task 27 requiring operations [7, 8, 2]
57 Worker 3 performing operation 7 on task 27
57 Worker 4 processing task 23 requiring operations [2, 4]
57 Worker 4 performing operation 4 on task 23
57 Worker 0 processing task 20 requiring operations [5]
57 Worker 0 forwarding task 20
58 Generated task 29
58 Worker 0 accepting task 29
58 Worker 1 accepting task 24
58 Worker 3 accepting task 27
58 Worker 4 accepting task 23
58 Worker 4 accepting task 20
58 Worker 1 processing task 26 requiring operations [5, 3]
58 Worker 1 forwarding task 26
58 Worker 3 processing task 19 requiring operations [3]
58 Worker 3 forwarding task 19
58 Worker 4 processing task 22 requiring operations [10, 6]
58 Worker 4 forwarding task 22
58 Worker 0 processing task 28 requiring operations [1, 3, 10]
58 Worker 0 performing operation 3 on task 28
59 Worker 0 accepting task 26
59 Worker 0 accepting task 19
59 Worker 3 accepting task 22
59 Worker 0 accepting task 28
59 Worker 1 processing task 24 requiring operations [7, 9]
59 Worker 1 forwarding task 24
59 Worker 3 processing task 27 requiring operations [8, 2]
59 Worker 3 forwarding task 27
59 Worker 4 processing task 23 requiring operations [2]
59 Worker 4 forwarding task 23
59 Worker 0 processing task 21 requiring operations [10, 6, 2]
59 Worker 0 forwarding task 21
60 Generated task 30
60 Worker 3 accepting task 30
60 Worker 3 accepting task 24
60 Worker 4 accepting task 27
60 Worker 3 accepting task 23
60 Worker 4 accepting task 21
60 Worker 3 processing task 22 requiring operations [10, 6]
60 Worker 3 forwarding task 22
60 Worker 4 processing task 20 requiring operations [5]
60 Worker 4 forwarding task 20
60 Worker 0 processing task 25 requiring operations [3, 2, 5]
60 Worker 0 performing operation 3 on task 25
61 Worker 0 accepting task 22
61 Worker 3 accepting task 20
61 Worker 0 accepting task 25
61 Worker 3 processing task 30 requiring operations [9, 6, 4]
61 Worker 3 performing operation 9 on task 30
61 Worker 4 processing task 27 requiring operations [8, 2]
61 Worker 4 forwarding task 27
61 Worker 0 processing task 15 requiring operations [2]
61 Worker 0 forwarding task 15
62 Generated task 31
62 Worker 4 accepting task 31
62 Worker 3 accepting task 30
62 Worker 0 accepting task 27
62 Worker 2 accepting task 15
62 Worker 3 processing task 24 requiring operations [7, 9]
62 Worker 3 performing operation 9 on task 24
62 Worker 4 processing task 21 requiring operations [10, 6, 2]
62 Worker 4 forwarding task 21
62 Worker 0 processing task 29 requiring operations [8, 2, 1]
62 Worker 0 forwarding task 29
62 Worker 2 processing task 15 requiring operations [2]
62 Worker 2 performing operation 2 on task 15
63 Worker 3 accepting task 24
63 Worker 3 accepting task 21
63 Worker 1 accepting task 29
63 Task 15 completed!
63 Worker 3 processing task 23 requiring operations [2]
63 Worker 3 forwarding task 23
63 Worker 4 processing task 31 requiring operations [8, 6, 5]
63 Worker 4 forwarding task 31
63 Worker 0 processing task 26 requiring operations [5, 3]
63 Worker 0 performing operation 3 on task 26
63 Worker 1 processing task 29 requiring operations [8, 2, 1]
63 Worker 1 performing operation 8 on task 29
64 Generated task 32
64 Worker 2 accepting task 32
64 Worker 1 accepting task 23
64 Worker 3 accepting task 31
64 Worker 0 accepting task 26
64 Worker 1 accepting task 29
64 Worker 3 processing task 20 requiring operations [5]
64 Worker 3 forwarding task 20
64 Worker 0 processing task 19 requiring operations [3]
64 Worker 0 performing operation 3 on task 19
64 Worker 1 processing task 23 requiring operations [2]
64 Worker 1 forwarding task 23
64 Worker 2 processing task 32 requiring operations [9, 5, 1]
64 Worker 2 performing operation 5 on task 32
65 Worker 0 accepting task 20
65 Task 19 completed!
65 Worker 0 accepting task 23
65 Worker 2 accepting task 32
65 Worker 3 processing task 30 requiring operations [6, 4]
65 Worker 3 forwarding task 30
65 Worker 0 processing task 28 requiring operations [1, 10]
65 Worker 0 forwarding task 28
65 Worker 1 processing task 29 requiring operations [2, 1]
65 Worker 1 performing operation 1 on task 29
65 Worker 2 processing task 32 requiring operations [9, 1]
65 Worker 2 forwarding task 32
66 Generated task 33
66 Worker 1 accepting task 33
66 Worker 4 accepting task 30
66 Worker 4 accepting task 28
66 Worker 1 accepting task 29
66 Worker 1 accepting task 32
66 Worker 3 processing task 24 requiring operations [7]
66 Worker 3 performing operation 7 on task 24
66 Worker 0 processing task 22 requiring operations [10, 6]
66 Worker 0 forwarding task 22
66 Worker 1 processing task 33 requiring operations [10, 7, 4]
66 Worker 1 performing operation 10 on task 33
66 Worker 4 processing task 30 requiring operations [6, 4]
66 Worker 4 performing operation 4 on task 30
67 Task 24 completed!
67 Worker 2 accepting task 22
67 Worker 1 accepting task 33
67 Worker 4 accepting task 30
67 Worker 3 processing task 21 requiring operations [10, 6, 2]
67 Worker 3 forwarding task 21
67 Worker 0 processing task 25 requiring operations [2, 5]
67 Worker 0 forwarding task 25
67 Worker 1 processing task 29 requiring operations [2]
67 Worker 1 forwarding task 29
67 Worker 4 processing task 28 requiring operations [1, 10]
67 Worker 4 forwarding task 28
67 Worker 2 processing task 22 requiring operations [10, 6]
67 Worker 2 forwarding task 22
68 Generated task 34
68 Worker 3 accepting task 34
68 Worker 0 accepting task 21
68 Worker 4 accepting task 25
68 Worker 3 accepting task 29
68 Worker 0 accepting task 28
68 Worker 1 accepting task 22
68 Worker 3 processing task 31 requiring operations [8, 6, 5]
68 Worker 3 forwarding task 31
68 Worker 0 processing task 27 requiring operations [8, 2]
68 Worker 0 forwarding task 27
68 Worker 1 processing task 32 requiring operations [9, 1]
68 Worker 1 performing operation 1 on task 32
68 Worker 4 processing task 30 requiring operations [6]
68 Worker 4 forwarding task 30
69 Worker 0 accepting task 31
69 Worker 1 accepting task 27
69 Worker 1 accepting task 32
69 Worker 3 accepting task 30
69 Worker 3 processing task 34 requiring operations [1, 3, 5]
69 Worker 3 forwarding task 34
69 Worker 0 processing task 26 requiring operations [5]
69 Worker 0 forwarding task 26
69 Worker 1 processing task 33 requiring operations [7, 4]
69 Worker 1 forwarding task 33
69 Worker 4 processing task 25 requiring operations [2, 5]
69 Worker 4 forwarding task 25
70 Generated task 35
70 Worker 3 accepting task 35
70 Worker 0 accepting task 34
70 Worker 1 accepting task 26
70 Worker 2 accepting task 33
70 Worker 0 accepting task 25
70 Worker 3 processing task 29 requiring operations [2]
70 Worker 3 forwarding task 29
70 Worker 0 processing task 20 requiring operations [5]
70 Worker 0 forwarding task 20
70 Worker 1 processing task 22 requiring operations [10, 6]
70 Worker 1 performing operation 6 on task 22
70 Worker 2 processing task 33 requiring operations [7, 4]
70 Worker 2 forwarding task 33
71 Worker 4 accepting task 29
71 Worker 4 accepting task 20
71 Worker 1 accepting task 22
71 Worker 0 accepting task 33
71 Worker 3 processing task 30 requiring operations [6]
71 Worker 3 forwarding task 30
71 Worker 0 processing task 23 requiring operations [2]
71 Worker 0 forwarding task 23
71 Worker 1 processing task 27 requiring operations [8, 2]
71 Worker 1 performing operation 8 on task 27
71 Worker 4 processing task 29 requiring operations [2]
71 Worker 4 forwarding task 29
72 Generated task 36
72 Worker 2 accepting task 36
72 Worker 1 accepting task 30
72 Worker 4 accepting task 23
72 Worker 1 accepting task 27
72 Worker 3 accepting task 29
72 Worker 3 processing task 35 requiring operations [4, 3, 7]
72 Worker 3 performing operation 7 on task 35
72 Worker 0 processing task 21 requiring operations [10, 6, 2]
72 Worker 0 forwarding task 21
72 Worker 1 processing task 32 requiring operations [9]
72 Worker 1 forwarding task 32
72 Worker 4 processing task 20 requiring operations [5]
72 Worker 4 forwarding task 20
72 Worker 2 processing task 36 requiring operations [4, 7, 3]
72 Worker 2 performing operation 3 on task 36
73 Worker 3 accepting task 35
73 Worker 1 accepting task 21
73 Worker 0 accepting task 32
73 Worker 0 accepting task 20
73 Worker 2 accepting task 36
73 Worker 3 processing task 29 requiring operations [2]
73 Worker 3 forwarding task 29
73 Worker 0 processing task 28 requiring operations [1, 10]
73 Worker 0 forwarding task 28
73 Worker 1 processing task 26 requiring operations [5]
73 Worker 1 forwarding task 26
73 Worker 4 processing task 23 requiring operations [2]
73 Worker 4 forwarding task 23
73 Worker 2 processing task 36 requiring operations [4, 7]
73 Worker 2 forwarding task 36
74 Generated task 37
74 Worker 3 accepting task 37
74 Worker 4 accepting task 29
74 Worker 2 accepting task 28
74 Worker 0 accepting task 26
74 Worker 0 accepting task 23
74 Worker 1 accepting task 36
74 Worker 3 processing task 35 requiring operations [4, 3]
74 Worker 3 forwarding task 35
74 Worker 0 processing task 31 requiring operations [8, 6, 5]
74 Worker 0 forwarding task 31
74 Worker 1 processing task 22 requiring operations [10]
74 Worker 1 performing operation 10 on task 22
74 Worker 4 processing task 29 requiring operations [2]
74 Worker 4 forwarding task 29
74 Worker 2 processing task 28 requiring operations [1, 10]
74 Worker 2 forwarding task 28
75 Worker 4 accepting task 35
75 Worker 3 accepting task 31
75 Task 22 completed!
75 Worker 0 accepting task 29
75 Worker 0 accepting task 28
75 Worker 3 processing task 37 requiring operations [4, 10, 7]
75 Worker 3 performing operation 7 on task 37
75 Worker 0 processing task 34 requiring operations [1, 3, 5]
75 Worker 0 performing operation 3 on task 34
75 Worker 1 processing task 30 requiring operations [6]
75 Worker 1 performing operation 6 on task 30
75 Worker 4 processing task 35 requiring operations [4, 3]
75 Worker 4 performing operation 4 on task 35
76 Generated task 38
76 Worker 1 accepting task 38
76 Worker 3 accepting task 37
76 Worker 0 accepting task 34
76 Task 30 completed!
76 Worker 4 accepting task 35
76 Worker 3 processing task 31 requiring operations [8, 6, 5]
76 Worker 3 forwarding task 31
76 Worker 0 processing task 25 requiring operations [2, 5]
76 Worker 0 forwarding task 25
76 Worker 1 processing task 27 requiring operations [2]
76 Worker 1 forwarding task 27
76 Worker 4 processing task 35 requiring operations [3]
76 Worker 4 forwarding task 35
77 Worker 1 accepting task 31
77 Worker 4 accepting task 25
77 Worker 2 accepting task 27
77 Worker 0 accepting task 35
77 Worker 3 processing task 37 requiring operations [4, 10]
77 Worker 3 forwarding task 37
77 Worker 0 processing task 33 requiring operations [7, 4]
77 Worker 0 forwarding task 33
77 Worker 1 processing task 21 requiring operations [10, 6, 2]
77 Worker 1 performing operation 10 on task 21
77 Worker 4 processing task 25 requiring operations [2, 5]
77 Worker 4 forwarding task 25
77 Worker 2 processing task 27 requiring operations [2]
77 Worker 2 performing operation 2 on task 27
78 Generated task 39
78 Worker 0 accepting task 39
78 Worker 0 accepting task 37
78 Worker 3 accepting task 33
78 Worker 1 accepting task 21
78 Worker 0 accepting task 25
78 Task 27 completed!
78 Worker 0 processing task 32 requiring operations [9]
78 Worker 0 forwarding task 32
78 Worker 1 processing task 36 requiring operations [4, 7]
78 Worker 1 forwarding task 36
78 Worker 3 processing task 33 requiring operations [7, 4]
78 Worker 3 performing operation 7 on task 33
79 Worker 1 accepting task 32
79 Worker 2 accepting task 36
79 Worker 3 accepting task 33
79 Worker 0 processing task 20 requiring operations [5]
79 Worker 0 forwarding task 20
79 Worker 1 processing task 38 requiring operations [6, 5, 3]
79 Worker 1 performing operation 6 on task 38
79 Worker 3 processing task 33 requiring operations [4]
79 Worker 3 forwarding task 33
79 Worker 2 processing task 36 requiring operations [4, 7]
79 Worker 2 forwarding task 36
80 Generated task 40
80 Worker 0 accepting task 40
80 Worker 1 accepting task 20
80 Worker 1 accepting task 38
80 Worker 1 accepting task 33
80 Worker 0 accepting task 36
80 Worker 0 processing task 26 requiring operations [5]
80 Worker 0 forwarding task 26
80 Worker 1 processing task 31 requiring operations [8, 6, 5]
80 Worker 1 performing operation 6 on task 31
81 Worker 2 accepting task 26
81 Worker 1 accepting task 31
81 Worker 0 processing task 23 requiring operations [2]
81 Worker 0 forwarding task 23
81 Worker 1 processing task 21 requiring operations [6, 2]
81 Worker 1 performing operation 6 on task 21
81 Worker 2 processing task 26 requiring operations [5]
81 Worker 2 performing operation 5 on task 26
82 Generated task 41
82 Worker 2 accepting task 41
82 Worker 3 accepting task 23
82 Worker 1 accepting task 21
82 Task 26 completed!
82 Worker 0 processing task 29 requiring operations [2]
82 Worker 0 forwarding task 29
82 Worker 1 processing task 32 requiring operations [9]
82 Worker 1 forwarding task 32
82 Worker 2 processing task 41 requiring operations [2, 5, 9]
82 Worker 2 performing operation 2 on task 41
82 Worker 3 processing task 23 requiring operations [2]
82 Worker 3 forwarding task 23
83 Worker 3 accepting task 29
83 Worker 2 accepting task 32
83 Worker 2 accepting task 41
83 Worker 0 accepting task 23
83 Worker 0 processing task 28 requiring operations [1, 10]
83 Worker 0 forwarding task 28
83 Worker 1 processing task 20 requiring operations [5]
83 Worker 1 forwarding task 20
83 Worker 2 processing task 32 requiring operations [9]
83 Worker 2 forwarding task 32
83 Worker 3 processing task 29 requiring operations [2]
83 Worker 3 forwarding task 29
84 Generated task 42
84 Worker 2 accepting task 42
84 Worker 2 accepting task 28
84 Worker 2 accepting task 20
84 Worker 0 accepting task 32
84 Worker 0 accepting task 29
84 Worker 0 processing task 34 requiring operations [1, 5]
84 Worker 0 forwarding task 34
84 Worker 1 processing task 38 requiring operations [5, 3]
84 Worker 1 forwarding task 38
84 Worker 2 processing task 41 requiring operations [5, 9]
84 Worker 2 performing operation 5 on task 41
85 Worker 3 accepting task 34
85 Worker 3 accepting task 38
85 Worker 2 accepting task 41
85 Worker 0 processing task 35 requiring operations [3]
85 Worker 0 performing operation 3 on task 35
85 Worker 1 processing task 33 requiring operations [4]
85 Worker 1 forwarding task 33
85 Worker 2 processing task 42 requiring operations [4, 9, 3]
85 Worker 2 performing operation 3 on task 42
85 Worker 3 processing task 34 requiring operations [1, 5]
85 Worker 3 forwarding task 34
86 Generated task 43
86 Worker 1 accepting task 43
86 Task 35 completed!
86 Worker 3 accepting task 33
86 Worker 2 accepting task 42
86 Worker 1 accepting task 34
86 Worker 0 processing task 39 requiring operations [6, 3, 1]
86 Worker 0 performing operation 3 on task 39
86 Worker 1 processing task 31 requiring operations [8, 5]
86 Worker 1 performing operation 8 on task 31
86 Worker 2 processing task 28 requiring operations [1, 10]
86 Worker 2 forwarding task 28
86 Worker 3 processing task 38 requiring operations [5, 3]
86 Worker 3 forwarding task 38
87 Worker 0 accepting task 39
87 Worker 1 accepting task 31
87 Worker 0 accepting task 28
87 Worker 1 accepting task 38
87 Worker 0 processing task 37 requiring operations [4, 10]
87 Worker 0 forwarding task 37
87 Worker 1 processing task 21 requiring operations [2]
87 Worker 1 forwarding task 21
87 Worker 2 processing task 20 requiring operations [5]
87 Worker 2 performing operation 5 on task 20
87 Worker 3 processing task 33 requiring operations [4]
87 Worker 3 forwarding task 33
88 Generated task 44
88 Worker 2 accepting task 44
88 Worker 2 accepting task 37
88 Worker 3 accepting task 21
88 Task 20 completed!
88 Worker 0 accepting task 33
88 Worker 0 processing task 25 requiring operations [2, 5]
88 Worker 0 forwarding task 25
88 Worker 1 processing task 43 requiring operations [6, 1, 7]
88 Worker 1 performing operation 1 on task 43
88 Worker 2 processing task 41 requiring operations [9]
88 Worker 2 forwarding task 41
88 Worker 3 processing task 21 requiring operations [2]
88 Worker 3 forwarding task 21
89 Worker 1 accepting task 25
89 Worker 1 accepting task 43
89 Worker 1 accepting task 41
89 Worker 4 accepting task 21
89 Worker 0 processing task 40 requiring operations [1, 7, 2]
89 Worker 0 forwarding task 40
89 Worker 1 processing task 34 requiring operations [1, 5]
89 Worker 1 performing operation 1 on task 34
89 Worker 2 processing task 42 requiring operations [4, 9]
89 Worker 2 forwarding task 42
89 Worker 4 processing task 21 requiring operations [2]
89 Worker 4 forwarding task 21
90 Generated task 45
90 Worker 2 accepting task 45
90 Worker 3 accepting task 40
90 Worker 1 accepting task 34
90 Worker 0 accepting task 42
90 Worker 0 accepting task 21
90 Worker 0 processing task 36 requiring operations [4, 7]
90 Worker 0 forwarding task 36
90 Worker 1 processing task 31 requiring operations [5]
90 Worker 1 forwarding task 31
90 Worker 2 processing task 44 requiring operations [8, 5, 4]
90 Worker 2 performing operation 5 on task 44
90 Worker 3 processing task 40 requiring operations [1, 7, 2]
90 Worker 3 performing operation 7 on task 40
91 Worker 1 accepting task 36
91 Worker 2 accepting task 31
91 Worker 2 accepting task 44
91 Worker 3 accepting task 40
91 Worker 0 processing task 23 requiring operations [2]
91 Worker 0 forwarding task 23
91 Worker 1 processing task 38 requiring operations [5, 3]
91 Worker 1 forwarding task 38
91 Worker 2 processing task 37 requiring operations [4, 10]
91 Worker 2 forwarding task 37
91 Worker 3 processing task 40 requiring operations [1, 2]
91 Worker 3 forwarding task 40
92 Generated task 46
92 Worker 4 accepting task 46
92 Worker 4 accepting task 23
92 Worker 3 accepting task 38
92 Worker 1 accepting task 37
92 Worker 4 accepting task 40
92 Worker 0 processing task 32 requiring operations [9]
92 Worker 0 forwarding task 32
92 Worker 1 processing task 25 requiring operations [2, 5]
92 Worker 1 forwarding task 25
92 Worker 2 processing task 45 requiring operations [4, 8, 2]
92 Worker 2 performing operation 2 on task 45
92 Worker 3 processing task 38 requiring operations [5, 3]
92 Worker 3 forwarding task 38
92 Worker 4 processing task 46 requiring operations [10, 1, 5]
92 Worker 4 forwarding task 46
93 Worker 2 accepting task 32
93 Worker 3 accepting task 25
93 Worker 2 accepting task 45
93 Worker 0 accepting task 38
93 Worker 0 accepting task 46
93 Worker 0 processing task 29 requiring operations [2]
93 Worker 0 forwarding task 29
93 Worker 1 processing task 43 requiring operations [6, 7]
93 Worker 1 performing operation 6 on task 43
93 Worker 2 processing task 31 requiring operations [5]
93 Worker 2 performing operation 5 on task 31
93 Worker 3 processing task 25 requiring operations [2, 5]
93 Worker 3 forwarding task 25
93 Worker 4 processing task 23 requiring operations [2]
93 Worker 4 forwarding task 23
94 Generated task 47
94 Worker 4 accepting task 47
94 Worker 4 accepting task 29
94 Worker 1 accepting task 43
94 Task 31 completed!
94 Worker 4 accepting task 25
94 Worker 3 accepting task 23
94 Worker 0 processing task 39 requiring operations [6, 1]
94 Worker 0 forwarding task 39
94 Worker 1 processing task 41 requiring operations [9]
94 Worker 1 forwarding task 41
94 Worker 2 processing task 44 requiring operations [8, 4]
94 Worker 2 forwarding task 44
94 Worker 4 processing task 40 requiring operations [1, 2]
94 Worker 4 forwarding task 40
94 Worker 3 processing task 23 requiring operations [2]
94 Worker 3 forwarding task 23
95 Worker 4 accepting task 39
95 Worker 0 accepting task 41
95 Worker 1 accepting task 44
95 Worker 0 accepting task 40
95 Worker 1 accepting task 23
95 Worker 0 processing task 28 requiring operations [1, 10]
95 Worker 0 forwarding task 28
95 Worker 1 processing task 34 requiring operations [5]
95 Worker 1 forwarding task 34
95 Worker 2 processing task 32 requiring operations [9]
95 Worker 2 forwarding task 32
95 Worker 4 processing task 47 requiring operations [5, 3, 2]
95 Worker 4 forwarding task 47
96 Generated task 48
96 Worker 2 accepting task 48
96 Worker 3 accepting task 28
96 Worker 3 accepting task 34
96 Worker 0 accepting task 32
96 Worker 3 accepting task 47
96 Worker 0 processing task 33 requiring operations [4]
96 Worker 0 forwarding task 33
96 Worker 1 processing task 36 requiring operations [4, 7]
96 Worker 1 forwarding task 36
96 Worker 2 processing task 45 requiring operations [4, 8]
96 Worker 2 forwarding task 45
96 Worker 4 processing task 29 requiring operations [2]
96 Worker 4 forwarding task 29
96 Worker 3 processing task 28 requiring operations [1, 10]
96 Worker 3 forwarding task 28
97 Worker 1 accepting task 33
97 Worker 0 accepting task 36
97 Worker 0 accepting task 45
97 Worker 0 accepting task 29
97 Worker 4 accepting task 28
97 Worker 0 processing task 42 requiring operations [4, 9]
97 Worker 0 forwarding task 42
97 Worker 1 processing task 37 requiring operations [4, 10]
97 Worker 1 performing operation 10 on task 37
97 Worker 2 processing task 48 requiring operations [3, 1, 9]
97 Worker 2 performing operation 3 on task 48
97 Worker 4 processing task 25 requiring operations [2, 5]
97 Worker 4 forwarding task 25
97 Worker 3 processing task 34 requiring operations [5]
97 Worker 3 forwarding task 34
98 Generated task 49
98 Worker 1 accepting task 49
98 Worker 1 accepting task 42
98 Worker 1 accepting task 37
98 Worker 2 accepting task 48
98 Worker 0 accepting task 25
98 Worker 4 accepting task 34
98 Worker 0 processing task 21 requiring operations [2]
98 Worker 0 forwarding task 21
98 Worker 1 processing task 43 requiring operations [7]
98 Worker 1 forwarding task 43
98 Worker 2 processing task 48 requiring operations [1, 9]
98 Worker 2 forwarding task 48
98 Worker 4 processing task 39 requiring operations [6, 1]
98 Worker 4 forwarding task 39
98 Worker 3 processing task 47 requiring operations [5, 3, 2]
98 Worker 3 forwarding task 47
99 Worker 2 accepting task 21
99 Worker 2 accepting task 43
99 Worker 0 accepting task 48
99 Worker 3 accepting task 39
99 Worker 1 accepting task 47
99 Worker 0 processing task 38 requiring operations [5, 3]
99 Worker 0 performing operation 3 on task 38
99 Worker 1 processing task 44 requiring operations [8, 4]
99 Worker 1 performing operation 8 on task 44
99 Worker 2 processing task 21 requiring operations [2]
99 Worker 2 performing operation 2 on task 21
99 Worker 4 processing task 28 requiring operations [1, 10]
99 Worker 4 forwarding task 28
99 Worker 3 processing task 39 requiring operations [6, 1]
99 Worker 3 forwarding task 39
100 Generated task 50
100 Worker 4 accepting task 50
100 Worker 0 accepting task 38
100 Worker 1 accepting task 44
100 Task 21 completed!
100 Worker 0 accepting task 28
100 Worker 4 accepting task 39
100 Worker 0 processing task 46 requiring operations [10, 1, 5]
100 Worker 0 forwarding task 46
100 Worker 1 processing task 23 requiring operations [2]
100 Worker 1 forwarding task 23
100 Worker 2 processing task 43 requiring operations [7]
100 Worker 2 forwarding task 43
100 Worker 4 processing task 34 requiring operations [5]
100 Worker 4 forwarding task 34
101 Worker 1 accepting task 46
101 Worker 2 accepting task 23
101 Worker 1 accepting task 43
101 Worker 0 accepting task 34
101 Worker 0 processing task 41 requiring operations [9]
101 Worker 0 forwarding task 41
101 Worker 1 processing task 33 requiring operations [4]
101 Worker 1 forwarding task 33
101 Worker 2 processing task 23 requiring operations [2]
101 Worker 2 performing operation 2 on task 23
101 Worker 4 processing task 50 requiring operations [5, 4, 2]
101 Worker 4 performing operation 4 on task 50
102 Generated task 51
102 Worker 2 accepting task 51
102 Worker 1 accepting task 41
102 Worker 2 accepting task 33
102 Task 23 completed!
102 Worker 4 accepting task 50
102 Worker 0 processing task 40 requiring operations [1, 2]
102 Worker 0 forwarding task 40
102 Worker 1 processing task 49 requiring operations [1, 8, 7]
102 Worker 1 performing operation 1 on task 49
102 Worker 2 processing task 51 requiring operations [4, 3, 9]
102 Worker 2 performing operation 3 on task 51
102 Worker 4 processing task 39 requiring operations [6, 1]
102 Worker 4 forwarding task 39
103 Worker 4 accepting task 40
103 Worker 1 accepting task 49
103 Worker 2 accepting task 51
103 Worker 0 accepting task 39
103 Worker 0 processing task 32 requiring operations [9]
103 Worker 0 forwarding task 32
103 Worker 1 processing task 42 requiring operations [4, 9]
103 Worker 1 forwarding task 42
103 Worker 2 processing task 33 requiring operations [4]
103 Worker 2 forwarding task 33
103 Worker 4 processing task 50 requiring operations [5, 2]
103 Worker 4 forwarding task 50
104 Generated task 52
104 Worker 3 accepting task 52
104 Worker 1 accepting task 32
104 Worker 2 accepting task 42
104 Worker 0 accepting task 33
104 Worker 0 accepting task 50
104 Worker 0 processing task 36 requiring operations [4, 7]
104 Worker 0 forwarding task 36
104 Worker 1 processing task 37 requiring operations [4]
104 Worker 1 forwarding task 37
104 Worker 2 processing task 51 requiring operations [4, 9]
104 Worker 2 forwarding task 51
104 Worker 4 processing task 40 requiring operations [1, 2]
104 Worker 4 forwarding task 40
104 Worker 3 processing task 52 requiring operations [7, 9, 1]
104 Worker 3 performing operation 7 on task 52
105 Worker 2 accepting task 36
105 Worker 2 accepting task 37
105 Worker 0 accepting task 51
105 Worker 3 accepting task 40
105 Worker 3 accepting task 52
105 Worker 0 processing task 45 requiring operations [4, 8]
105 Worker 0 forwarding task 45
105 Worker 1 processing task 47 requiring operations [5, 3, 2]
105 Worker 1 forwarding task 47
105 Worker 2 processing task 42 requiring operations [4, 9]
105 Worker 2 forwarding task 42
105 Worker 3 processing task 40 requiring operations [1, 2]
105 Worker 3 forwarding task 40
106 Generated task 53
106 Worker 4 accepting task 53
106 Worker 1 accepting task 45
106 Worker 2 accepting task 47
106 Worker 0 accepting task 42
106 Worker 4 accepting task 40
106 Worker 0 processing task 29 requiring operations [2]
106 Worker 0 forwarding task 29
106 Worker 1 processing task 44 requiring operations [4]
106 Worker 1 forwarding task 44
106 Worker 2 processing task 36 requiring operations [4, 7]
106 Worker 2 forwarding task 36
106 Worker 3 processing task 52 requiring operations [9, 1]
106 Worker 3 performing operation 9 on task 52
106 Worker 4 processing task 53 requiring operations [7, 5, 1]
106 Worker 4 performing operation 7 on task 53
107 Worker 3 accepting task 29
107 Worker 3 accepting task 44
107 Worker 0 accepting task 36
107 Worker 3 accepting task 52
107 Worker 4 accepting task 53
107 Worker 0 processing task 25 requiring operations [2, 5]
107 Worker 0 forwarding task 25
107 Worker 1 processing task 46 requiring operations [10, 1, 5]
107 Worker 1 performing operation 1 on task 46
107 Worker 2 processing task 37 requiring operations [4]
107 Worker 2 forwarding task 37
107 Worker 3 processing task 29 requiring operations [2]
107 Worker 3 forwarding task 29
107 Worker 4 processing task 40 requiring operations [1, 2]
107 Worker 4 forwarding task 40
108 Generated task 54
108 Worker 0 accepting task 54
108 Worker 2 accepting task 25
108 Worker 1 accepting task 46
108 Worker 0 accepting task 37
108 Worker 0 accepting task 29
108 Worker 3 accepting task 40
108 Worker 0 processing task 48 requiring operations [1, 9]
108 Worker 0 forwarding task 48
108 Worker 1 processing task 43 requiring operations [7]
108 Worker 1 forwarding task 43
108 Worker 2 processing task 47 requiring operations [5, 3, 2]
108 Worker 2 performing operation 5 on task 47
108 Worker 3 processing task 44 requiring operations [4]
108 Worker 3 forwarding task 44
108 Worker 4 processing task 53 requiring operations [5, 1]
108 Worker 4 forwarding task 53
109 Worker 1 accepting task 48
109 Worker 3 accepting task 43
109 Worker 2 accepting task 47
109 Worker 4 accepting task 44
109 Worker 0 accepting task 53
109 Worker 0 processing task 38 requiring operations [5]
109 Worker 0 forwarding task 38
109 Worker 1 processing task 41 requiring operations [9]
109 Worker 1 forwarding task 41
109 Worker 2 processing task 25 requiring operations [2, 5]
109 Worker 2 performing operation 2 on task 25
109 Worker 3 processing task 52 requiring operations [1]
109 Worker 3 forwarding task 52
109 Worker 4 processing task 44 requiring operations [4]
109 Worker 4 performing operation 4 on task 44
110 Generated task 55
110 Worker 3 accepting task 55
110 Worker 4 accepting task 38
110 Worker 2 accepting task 41
110 Worker 2 accepting task 25
110 Worker 0 accepting task 52
110 Task 44 completed!
110 Worker 0 processing task 28 requiring operations [1, 10]
110 Worker 0 forwarding task 28
110 Worker 1 processing task 49 requiring operations [8, 7]
110 Worker 1 performing operation 8 on task 49
110 Worker 2 processing task 47 requiring operations [3, 2]
110 Worker 2 performing operation 2 on task 47
110 Worker 3 processing task 40 requiring operations [1, 2]
110 Worker 3 forwarding task 40
110 Worker 4 processing task 38 requiring operations [5]
110 Worker 4 forwarding task 38
111 Worker 4 accepting task 28
111 Worker 1 accepting task 49
111 Worker 2 accepting task 47
111 Worker 1 accepting task 40
111 Worker 3 accepting task 38
111 Worker 0 processing task 34 requiring operations [5]
111 Worker 0 forwarding task 34
111 Worker 1 processing task 32 requiring operations [9]
111 Worker 1 forwarding task 32
111 Worker 2 processing task 41 requiring operations [9]
111 Worker 2 forwarding task 41
111 Worker 3 processing task 43 requiring operations [7]
111 Worker 3 performing operation 7 on task 43
111 Worker 4 processing task 28 requiring operations [1, 10]
111 Worker 4 forwarding task 28
112 Generated task 56
112 Worker 3 accepting task 56
112 Worker 2 accepting task 34
112 Worker 3 accepting task 32
112 Worker 0 accepting task 41
112 Task 43 completed!
112 Worker 3 accepting task 28
112 Worker 0 processing task 39 requiring operations [6, 1]
112 Worker 0 forwarding task 39
112 Worker 1 processing task 45 requiring operations [4, 8]
112 Worker 1 performing operation 8 on task 45
112 Worker 2 processing task 25 requiring operations [5]
112 Worker 2 performing operation 5 on task 25
112 Worker 3 processing task 55 requiring operations [5, 6, 7]
112 Worker 3 performing operation 7 on task 55
113 Worker 4 accepting task 39
113 Worker 1 accepting task 45
113 Task 25 completed!
113 Worker 3 accepting task 55
113 Worker 0 processing task 33 requiring operations [4]
113 Worker 0 forwarding task 33
113 Worker 1 processing task 46 requiring operations [10, 5]
113 Worker 1 performing operation 10 on task 46
113 Worker 2 processing task 47 requiring operations [3]
113 Worker 2 performing operation 3 on task 47
113 Worker 3 processing task 38 requiring operations [5]
113 Worker 3 forwarding task 38
113 Worker 4 processing task 39 requiring operations [6, 1]
113 Worker 4 forwarding task 39
114 Generated task 57
114 Worker 1 accepting task 57
114 Worker 1 accepting task 33
114 Worker 1 accepting task 46
114 Task 47 completed!
114 Worker 0 accepting task 38
114 Worker 0 accepting task 39
114 Worker 0 processing task 50 requiring operations [5, 2]
114 Worker 0 forwarding task 50
114 Worker 1 processing task 48 requiring operations [1, 9]
114 Worker 1 performing operation 1 on task 48
114 Worker 2 processing task 34 requiring operations [5]
114 Worker 2 performing operation 5 on task 34
114 Worker 3 processing task 56 requiring operations [6, 5, 7]
114 Worker 3 performing operation 7 on task 56
115 Worker 2 accepting task 50
115 Worker 1 accepting task 48
115 Task 34 completed!
115 Worker 3 accepting task 56
115 Worker 0 processing task 51 requiring operations [4, 9]
115 Worker 0 forwarding task 51
115 Worker 1 processing task 49 requiring operations [7]
115 Worker 1 forwarding task 49
115 Worker 2 processing task 50 requiring operations [5, 2]
115 Worker 2 performing operation 5 on task 50
115 Worker 3 processing task 32 requiring operations [9]
115 Worker 3 performing operation 9 on task 32
116 Generated task 58
116 Worker 1 accepting task 58
116 Worker 3 accepting task 51
116 Worker 3 accepting task 49
116 Worker 2 accepting task 50
116 Task 32 completed!
116 Worker 0 processing task 42 requiring operations [4, 9]
116 Worker 0 forwarding task 42
116 Worker 1 processing task 40 requiring operations [1, 2]
116 Worker 1 performing operation 1 on task 40
116 Worker 2 processing task 50 requiring operations [2]
116 Worker 2 performing operation 2 on task 50
116 Worker 3 processing task 28 requiring operations [1, 10]
116 Worker 3 forwarding task 28
117 Worker 3 accepting task 42
117 Worker 1 accepting task 40
117 Task 50 completed!
117 Worker 0 accepting task 28
117 Worker 0 processing task 36 requiring operations [4, 7]
117 Worker 0 forwarding task 36
117 Worker 1 processing task 45 requiring operations [4]
117 Worker 1 forwarding task 45
117 Worker 3 processing task 55 requiring operations [5, 6]
117 Worker 3 forwarding task 55
118 Generated task 59
118 Worker 4 accepting task 59
118 Worker 3 accepting task 36
118 Worker 3 accepting task 45
118 Worker 0 accepting task 55
118 Worker 0 processing task 54 requiring operations [9, 3, 2]
118 Worker 0 performing operation 3 on task 54
118 Worker 1 processing task 57 requiring operations [9, 3, 2]
118 Worker 1 forwarding task 57
118 Worker 3 processing task 56 requiring operations [6, 5]
118 Worker 3 forwarding task 56
118 Worker 4 processing task 59 requiring operations [8, 10, 5]
118 Worker 4 forwarding task 59
119 Worker 0 accepting task 54
119 Worker 2 accepting task 57
119 Worker 1 accepting task 56
119 Worker 3 accepting task 59
119 Worker 0 processing task 37 requiring operations [4]
119 Worker 0 forwarding task 37
119 Worker 1 processing task 33 requiring operations [4]
119 Worker 1 forwarding task 33
119 Worker 3 processing task 51 requiring operations [4, 9]
119 Worker 3 performing operation 9 on task 51
119 Worker 2 processing task 57 requiring operations [9, 3, 2]
119 Worker 2 performing operation 3 on task 57
120 Generated task 60
120 Worker 0 accepting task 60
120 Worker 2 accepting task 37
120 Worker 2 accepting task 33
120 Worker 3 accepting task 51
120 Worker 2 accepting task 57
120 Worker 0 processing task 29 requiring operations [2]
120 Worker 0 forwarding task 29
120 Worker 1 processing task 46 requiring operations [5]
120 Worker 1 forwarding task 46
120 Worker 3 processing task 49 requiring operations [7]
120 Worker 3 performing operation 7 on task 49
120 Worker 2 processing task 37 requiring operations [4]
120 Worker 2 forwarding task 37
121 Worker 3 accepting task 29
121 Worker 0 accepting task 46
121 Task 49 completed!
121 Worker 0 accepting task 37
121 Worker 0 processing task 53 requiring operations [5, 1]
121 Worker 0 forwarding task 53
121 Worker 1 processing task 48 requiring operations [9]
121 Worker 1 forwarding task 48
121 Worker 3 processing task 42 requiring operations [4, 9]
121 Worker 3 performing operation 9 on task 42
121 Worker 2 processing task 33 requiring operations [4]
121 Worker 2 forwarding task 33
122 Generated task 61
122 Worker 4 accepting task 61
122 Worker 3 accepting task 53
122 Worker 2 accepting task 48
122 Worker 3 accepting task 42
122 Worker 0 accepting task 33
122 Worker 0 processing task 52 requiring operations [1]
122 Worker 0 forwarding task 52
122 Worker 1 processing task 58 requiring operations [3, 4, 1]
122 Worker 1 performing operation 1 on task 58
122 Worker 3 processing task 36 requiring operations [4, 7]
122 Worker 3 performing operation 7 on task 36
122 Worker 2 processing task 57 requiring operations [9, 2]
122 Worker 2 performing operation 2 on task 57
122 Worker 4 processing task 61 requiring operations [3, 8, 6]
122 Worker 4 forwarding task 61
123 Worker 2 accepting task 52
123 Worker 1 accepting task 58
123 Worker 3 accepting task 36
123 Worker 2 accepting task 57
123 Worker 0 accepting task 61
123 Worker 0 processing task 41 requiring operations [9]
123 Worker 0 forwarding task 41
123 Worker 1 processing task 40 requiring operations [2]
123 Worker 1 forwarding task 40
123 Worker 3 processing task 45 requiring operations [4]
123 Worker 3 forwarding task 45
123 Worker 2 processing task 48 requiring operations [9]
123 Worker 2 forwarding task 48
124 Generated task 62
124 Worker 1 accepting task 62
124 Worker 3 accepting task 41
124 Worker 0 accepting task 40
124 Worker 1 accepting task 45
124 Worker 0 accepting task 48
124 Worker 0 processing task 38 requiring operations [5]
124 Worker 0 forwarding task 38
124 Worker 1 processing task 56 requiring operations [6, 5]
124 Worker 1 performing operation 6 on task 56
124 Worker 3 processing task 59 requiring operations [8, 10, 5]
124 Worker 3 forwarding task 59
124 Worker 2 processing task 52 requiring operations [1]
124 Worker 2 forwarding task 52
125 Worker 1 accepting task 38
125 Worker 1 accepting task 56
125 Worker 1 accepting task 59
125 Worker 0 accepting task 52
125 Worker 0 processing task 39 requiring operations [6, 1]
125 Worker 0 forwarding task 39
125 Worker 1 processing task 58 requiring operations [3, 4]
125 Worker 1 forwarding task 58
125 Worker 3 processing task 51 requiring operations [4]
125 Worker 3 forwarding task 51
125 Worker 2 processing task 57 requiring operations [9]
125 Worker 2 forwarding task 57
126 Generated task 63
126 Worker 4 accepting task 63
126 Worker 4 accepting task 39
126 Worker 2 accepting task 58
126 Worker 0 accepting task 51
126 Worker 1 accepting task 57
126 Worker 0 processing task 28 requiring operations [1, 10]
126 Worker 0 forwarding task 28
126 Worker 1 processing task 62 requiring operations [4, 10, 2]
126 Worker 1 performing operation 10 on task 62
126 Worker 3 processing task 29 requiring operations [2]
126 Worker 3 forwarding task 29
126 Worker 2 processing task 58 requiring operations [3, 4]
126 Worker 2 performing operation 3 on task 58
126 Worker 4 processing task 63 requiring operations [5, 8, 2]
126 Worker 4 forwarding task 63
127 Worker 3 accepting task 28
127 Worker 1 accepting task 62
127 Worker 0 accepting task 29
127 Worker 2 accepting task 58
127 Worker 3 accepting task 63
127 Worker 0 processing task 55 requiring operations [5, 6]
127 Worker 0 forwarding task 55
127 Worker 1 processing task 45 requiring operations [4]
127 Worker 1 forwarding task 45
127 Worker 3 processing task 53 requiring operations [5, 1]
127 Worker 3 forwarding task 53
127 Worker 2 processing task 58 requiring operations [4]
127 Worker 2 forwarding task 58
127 Worker 4 processing task 39 requiring operations [6, 1]
127 Worker 4 forwarding task 39
128 Generated task 64
128 Worker 1 accepting task 64
128 Worker 4 accepting task 55
128 Worker 3 accepting task 45
128 Worker 0 accepting task 53
128 Worker 1 accepting task 58
128 Worker 3 accepting task 39
128 Worker 0 processing task 54 requiring operations [9, 2]
128 Worker 0 forwarding task 54
128 Worker 1 processing task 38 requiring operations [5]
128 Worker 1 forwarding task 38
128 Worker 3 processing task 42 requiring operations [4]
128 Worker 3 forwarding task 42
128 Worker 4 processing task 55 requiring operations [5, 6]
128 Worker 4 forwarding task 55
129 Worker 1 accepting task 54
129 Worker 3 accepting task 38
129 Worker 1 accepting task 42
129 Worker 3 accepting task 55
129 Worker 0 processing task 60 requiring operations [6, 1, 9]
129 Worker 0 forwarding task 60
129 Worker 1 processing task 56 requiring operations [5]
129 Worker 1 forwarding task 56
129 Worker 3 processing task 36 requiring operations [4]
129 Worker 3 forwarding task 36
130 Generated task 65
130 Worker 2 accepting task 65
130 Worker 2 accepting task 60
130 Worker 0 accepting task 56
130 Worker 0 accepting task 36
130 Worker 0 processing task 46 requiring operations [5]
130 Worker 0 forwarding task 46
130 Worker 1 processing task 59 requiring operations [8, 10, 5]
130 Worker 1 performing operation 8 on task 59
130 Worker 3 processing task 41 requiring operations [9]
130 Worker 3 performing operation 9 on task 41
130 Worker 2 processing task 65 requiring operations [9, 5, 4]
130 Worker 2 performing operation 5 on task 65
131 Worker 3 accepting task 46
131 Worker 1 accepting task 59
131 Task 41 completed!
131 Worker 2 accepting task 65
131 Worker 0 processing task 37 requiring operations [4]
131 Worker 0 forwarding task 37
131 Worker 1 processing task 57 requiring operations [9]
131 Worker 1 forwarding task 57
131 Worker 3 processing task 28 requiring operations [1, 10]
131 Worker 3 forwarding task 28
131 Worker 2 processing task 60 requiring operations [6, 1, 9]
131 Worker 2 forwarding task 60
132 Generated task 66
132 Worker 3 accepting task 66
132 Worker 1 accepting task 37
132 Worker 0 accepting task 57
132 Worker 4 accepting task 28
132 Worker 0 accepting task 60
132 Worker 0 processing task 33 requiring operations [4]
132 Worker 0 forwarding task 33
132 Worker 1 processing task 62 requiring operations [4, 2]
132 Worker 1 forwarding task 62
132 Worker 3 processing task 63 requiring operations [5, 8, 2]
132 Worker 3 forwarding task 63
132 Worker 2 processing task 65 requiring operations [9, 4]
132 Worker 2 forwarding task 65
132 Worker 4 processing task 28 requiring operations [1, 10]
132 Worker 4 forwarding task 28
133 Worker 3 accepting task 33
133 Worker 3 accepting task 62
133 Worker 1 accepting task 63
133 Worker 1 accepting task 65
133 Worker 0 accepting task 28
133 Worker 0 processing task 61 requiring operations [3, 8, 6]
133 Worker 0 performing operation 3 on task 61
133 Worker 1 processing task 64 requiring operations [10, 4, 8]
133 Worker 1 performing operation 10 on task 64
133 Worker 3 processing task 45 requiring operations [4]
133 Worker 3 forwarding task 45
134 Generated task 67
134 Worker 0 accepting task 67
134 Worker 0 accepting task 61
134 Worker 1 accepting task 64
134 Worker 0 accepting task 45
134 Worker 0 processing task 40 requiring operations [2]
134 Worker 0 forwarding task 40
134 Worker 1 processing task 58 requiring operations [4]
134 Worker 1 forwarding task 58
134 Worker 3 processing task 39 requiring operations [6, 1]
134 Worker 3 forwarding task 39
135 Worker 2 accepting task 40
135 Worker 0 accepting task 58
135 Worker 0 accepting task 39
135 Worker 0 processing task 48 requiring operations [9]
135 Worker 0 forwarding task 48
135 Worker 1 processing task 54 requiring operations [9, 2]
135 Worker 1 forwarding task 54
135 Worker 3 processing task 38 requiring operations [5]
135 Worker 3 forwarding task 38
135 Worker 2 processing task 40 requiring operations [2]
135 Worker 2 performing operation 2 on task 40
136 Generated task 68
136 Worker 3 accepting task 68
136 Worker 4 accepting task 48
136 Worker 2 accepting task 54
136 Worker 1 accepting task 38
136 Task 40 completed!
136 Worker 0 processing task 52 requiring operations [1]
136 Worker 0 forwarding task 52
136 Worker 1 processing task 42 requiring operations [4]
136 Worker 1 forwarding task 42
136 Worker 3 processing task 55 requiring operations [5, 6]
136 Worker 3 forwarding task 55
136 Worker 2 processing task 54 requiring operations [9, 2]
136 Worker 2 performing operation 2 on task 54
136 Worker 4 processing task 48 requiring operations [9]
136 Worker 4 forwarding task 48
137 Worker 1 accepting task 52
137 Worker 0 accepting task 42
137 Worker 4 accepting task 55
137 Worker 2 accepting task 54
137 Worker 3 accepting task 48
137 Worker 0 processing task 51 requiring operations [4]
137 Worker 0 forwarding task 51
137 Worker 1 processing task 59 requiring operations [10, 5]
137 Worker 1 performing operation 10 on task 59
137 Worker 3 processing task 46 requiring operations [5]
137 Worker 3 forwarding task 46
137 Worker 2 processing task 54 requiring operations [9]
137 Worker 2 forwarding task 54
137 Worker 4 processing task 55 requiring operations [5, 6]
137 Worker 4 forwarding task 55
138 Generated task 69
138 Worker 1 accepting task 69
138 Worker 4 accepting task 51
138 Worker 1 accepting task 59
138 Worker 4 accepting task 46
138 Worker 0 accepting task 54
138 Worker 0 accepting task 55
138 Worker 0 processing task 29 requiring operations [2]
138 Worker 0 forwarding task 29
138 Worker 1 processing task 37 requiring operations [4]
138 Worker 1 forwarding task 37
138 Worker 3 processing task 66 requiring operations [8, 2, 7]
138 Worker 3 performing operation 7 on task 66
138 Worker 4 processing task 51 requiring operations [4]
138 Worker 4 performing operation 4 on task 51
139 Worker 4 accepting task 29
139 Worker 3 accepting task 37
139 Worker 3 accepting task 66
139 Task 51 completed!
139 Worker 0 processing task 53 requiring operations [5, 1]
139 Worker 0 forwarding task 53
139 Worker 1 processing task 63 requiring operations [5, 8, 2]
139 Worker 1 performing operation 8 on task 63
139 Worker 3 processing task 33 requiring operations [4]
139 Worker 3 forwarding task 33
139 Worker 4 processing task 46 requiring operations [5]
139 Worker 4 forwarding task 46
140 Generated task 70
140 Worker 4 accepting task 70
140 Worker 3 accepting task 53
140 Worker 1 accepting task 63
140 Worker 1 accepting task 33
140 Worker 0 accepting task 46
140 Worker 0 processing task 56 requiring operations [5]
140 Worker 0 forwarding task 56
140 Worker 1 processing task 65 requiring operations [9, 4]
140 Worker 1 forwarding task 65
140 Worker 3 processing task 62 requiring operations [4, 2]
140 Worker 3 forwarding task 62
140 Worker 4 processing task 29 requiring operations [2]
140 Worker 4 forwarding task 29
