Worker 0 can perform operations {1, 2, 10, 6}
Worker 1 can perform operations {2, 3}
Worker 2 can perform operations {10, 3, 5}
Worker 3 can perform operations {8, 10, 4}
Worker 4 can perform operations {9, 5, 7}
Building network type random
Worker 0 connecting to worker 4
Worker 4 connecting to worker 0
Worker 0 connecting to worker 3
Worker 3 connecting to worker 0
Worker 1 connecting to worker 3
Worker 3 connecting to worker 1
Worker 1 connecting to worker 2
Worker 2 connecting to worker 1
Worker 2 connecting to worker 0
Worker 0 connecting to worker 2
Worker 4 connecting to worker 3
Worker 3 connecting to worker 4
Entry nodes are [0, 1, 2, 3, 4]
0 Generated task 0
0 Worker 0 accepting task 0
0 Worker 0 processing task 0 requiring operations [3, 4, 7]
0 Worker 0 forwarding task 0
1 Worker 2 accepting task 0
1 Worker 2 processing task 0 requiring operations [3, 4, 7]
1 Worker 2 performing operation 3 on task 0
2 Generated task 1
2 Worker 4 accepting task 1
2 Worker 2 accepting task 0
2 Worker 2 processing task 0 requiring operations [4, 7]
2 Worker 2 forwarding task 0
2 Worker 4 processing task 1 requiring operations [5, 10, 2]
2 Worker 4 performing operation 5 on task 1
3 Worker 1 accepting task 0
3 Worker 4 accepting task 1
3 Worker 4 processing task 1 requiring operations [10, 2]
3 Worker 4 forwarding task 1
3 Worker 1 processing task 0 requiring operations [4, 7]
3 Worker 1 forwarding task 0
4 Generated task 2
4 Worker 3 accepting task 2
4 Worker 3 accepting task 1
4 Worker 3 accepting task 0
4 Worker 3 processing task 2 requiring operations [3, 2, 4]
4 Worker 3 performing operation 4 on task 2
5 Worker 3 accepting task 2
5 Worker 3 processing task 1 requiring operations [10, 2]
5 Worker 3 performing operation 10 on task 1
6 Generated task 3
6 Worker 0 accepting task 3
6 Worker 3 accepting task 1
6 Worker 3 processing task 0 requiring operations [4, 7]
6 Worker 3 performing operation 4 on task 0
6 Worker 0 processing task 3 requiring operations [6, 8, 10]
6 Worker 0 performing operation 6 on task 3
7 Worker 3 accepting task 0
7 Worker 0 accepting task 3
7 Worker 3 processing task 2 requiring operations [3, 2]
7 Worker 3 forwarding task 2
7 Worker 0 processing task 3 requiring operations [8, 10]
7 Worker 0 performing operation 10 on task 3
8 Generated task 4
8 Worker 4 accepting task 4
8 Worker 1 accepting task 2
8 Worker 0 accepting task 3
8 Worker 3 processing task 1 requiring operations [2]
8 Worker 3 forwarding task 1
8 Worker 0 processing task 3 requiring operations [8]
8 Worker 0 forwarding task 3
8 Worker 4 processing task 4 requiring operations [5, 2, 1]
8 Worker 4 performing operation 5 on task 4
8 Worker 1 processing task 2 requiring operations [3, 2]
8 Worker 1 performing operation 3 on task 2
9 Worker 0 accepting task 1
9 Worker 4 accepting task 3
9 Worker 4 accepting task 4
9 Worker 1 accepting task 2
9 Worker 3 processing task 0 requiring operations [7]
9 Worker 3 forwarding task 0
9 Worker 0 processing task 1 requiring operations [2]
9 Worker 0 performing operation 2 on task 1
9 Worker 4 processing task 3 requiring operations [8]
9 Worker 4 forwarding task 3
9 Worker 1 processing task 2 requiring operations [2]
9 Worker 1 performing operation 2 on task 2
10 Generated task 5
10 Worker 4 accepting task 5
10 Worker 4 accepting task 0
10 Task 1 completed!
10 Worker 0 accepting task 3
10 Task 2 completed!
10 Worker 4 processing task 4 requiring operations [2, 1]
10 Worker 4 forwarding task 4
10 Worker 0 processing task 3 requiring operations [8]
10 Worker 0 forwarding task 3
11 Worker 3 accepting task 4
11 Worker 2 accepting task 3
11 Worker 4 processing task 5 requiring operations [6, 4, 2]
11 Worker 4 forwarding task 5
11 Worker 3 processing task 4 requiring operations [2, 1]
11 Worker 3 forwarding task 4
11 Worker 2 processing task 3 requiring operations [8]
11 Worker 2 forwarding task 3
12 Generated task 6
12 Worker 2 accepting task 6
12 Worker 0 accepting task 5
12 Worker 1 accepting task 4
12 Worker 0 accepting task 3
12 Worker 4 processing task 0 requiring operations [7]
12 Worker 4 performing operation 7 on task 0
12 Worker 2 processing task 6 requiring operations [2, 7, 3]
12 Worker 2 performing operation 3 on task 6
12 Worker 0 processing task 5 requiring operations [6, 4, 2]
12 Worker 0 performing operation 2 on task 5
12 Worker 1 processing task 4 requiring operations [2, 1]
12 Worker 1 performing operation 2 on task 4
13 Task 0 completed!
13 Worker 2 accepting task 6
13 Worker 0 accepting task 5
13 Worker 1 accepting task 4
13 Worker 2 processing task 6 requiring operations [2, 7]
13 Worker 2 forwarding task 6
13 Worker 0 processing task 3 requiring operations [8]
13 Worker 0 forwarding task 3
13 Worker 1 processing task 4 requiring operations [1]
13 Worker 1 forwarding task 4
14 Generated task 7
14 Worker 3 accepting task 7
14 Worker 1 accepting task 6
14 Worker 3 accepting task 3
14 Worker 2 accepting task 4
14 Worker 0 processing task 5 requiring operations [6, 4]
14 Worker 0 performing operation 6 on task 5
14 Worker 1 processing task 6 requiring operations [2, 7]
14 Worker 1 performing operation 2 on task 6
14 Worker 3 processing task 7 requiring operations [7, 6, 2]
14 Worker 3 forwarding task 7
14 Worker 2 processing task 4 requiring operations [1]
14 Worker 2 forwarding task 4
15 Worker 0 accepting task 5
15 Worker 1 accepting task 6
15 Worker 0 accepting task 7
15 Worker 0 accepting task 4
15 Worker 0 processing task 5 requiring operations [4]
15 Worker 0 forwarding task 5
15 Worker 1 processing task 6 requiring operations [7]
15 Worker 1 forwarding task 6
15 Worker 3 processing task 3 requiring operations [8]
15 Worker 3 performing operation 8 on task 3
16 Generated task 8
16 Worker 3 accepting task 8
16 Worker 3 accepting task 5
16 Worker 2 accepting task 6
16 Task 3 completed!
16 Worker 0 processing task 7 requiring operations [7, 6, 2]
16 Worker 0 performing operation 2 on task 7
16 Worker 3 processing task 8 requiring operations [2, 4, 5]
16 Worker 3 performing operation 4 on task 8
16 Worker 2 processing task 6 requiring operations [7]
16 Worker 2 forwarding task 6
17 Worker 0 accepting task 7
17 Worker 3 accepting task 8
17 Worker 1 accepting task 6
17 Worker 0 processing task 4 requiring operations [1]
17 Worker 0 performing operation 1 on task 4
17 Worker 3 processing task 5 requiring operations [4]
17 Worker 3 performing operation 4 on task 5
17 Worker 1 processing task 6 requiring operations [7]
17 Worker 1 forwarding task 6
18 Generated task 9
18 Worker 1 accepting task 9
18 Task 4 completed!
18 Task 5 completed!
18 Worker 3 accepting task 6
18 Worker 0 processing task 7 requiring operations [7, 6]
18 Worker 0 performing operation 6 on task 7
18 Worker 3 processing task 8 requiring operations [2, 5]
18 Worker 3 forwarding task 8
18 Worker 1 processing task 9 requiring operations [9, 5, 3]
18 Worker 1 performing operation 3 on task 9
19 Worker 0 accepting task 7
19 Worker 1 accepting task 8
19 Worker 1 accepting task 9
19 Worker 0 processing task 7 requiring operations [7]
19 Worker 0 forwarding task 7
19 Worker 3 processing task 6 requiring operations [7]
19 Worker 3 forwarding task 6
19 Worker 1 processing task 8 requiring operations [2, 5]
19 Worker 1 performing operation 2 on task 8
20 Generated task 10
20 Worker 4 accepting task 10
20 Worker 4 accepting task 7
20 Worker 0 accepting task 6
20 Worker 1 accepting task 8
20 Worker 1 processing task 9 requiring operations [9, 5]
20 Worker 1 forwarding task 9
20 Worker 4 processing task 10 requiring operations [4, 7, 10]
20 Worker 4 performing operation 7 on task 10
20 Worker 0 processing task 6 requiring operations [7]
20 Worker 0 forwarding task 6
21 Worker 3 accepting task 9
21 Worker 4 accepting task 10
21 Worker 2 accepting task 6
21 Worker 1 processing task 8 requiring operations [5]
21 Worker 1 forwarding task 8
21 Worker 4 processing task 7 requiring operations [7]
21 Worker 4 performing operation 7 on task 7
21 Worker 3 processing task 9 requiring operations [9, 5]
21 Worker 3 forwarding task 9
21 Worker 2 processing task 6 requiring operations [7]
21 Worker 2 forwarding task 6
22 Generated task 11
22 Worker 4 accepting task 11
22 Worker 3 accepting task 8
22 Task 7 completed!
22 Worker 1 accepting task 9
22 Worker 1 accepting task 6
22 Worker 4 processing task 10 requiring operations [4, 10]
22 Worker 4 forwarding task 10
22 Worker 3 processing task 8 requiring operations [5]
22 Worker 3 forwarding task 8
22 Worker 1 processing task 9 requiring operations [9, 5]
22 Worker 1 forwarding task 9
23 Worker 0 accepting task 10
23 Worker 0 accepting task 8
23 Worker 3 accepting task 9
23 Worker 4 processing task 11 requiring operations [3, 10, 7]
23 Worker 4 performing operation 7 on task 11
23 Worker 1 processing task 6 requiring operations [7]
23 Worker 1 forwarding task 6
23 Worker 0 processing task 10 requiring operations [4, 10]
23 Worker 0 performing operation 10 on task 10
23 Worker 3 processing task 9 requiring operations [9, 5]
23 Worker 3 forwarding task 9
24 Generated task 12
24 Worker 4 accepting task 12
24 Worker 4 accepting task 11
24 Worker 2 accepting task 6
24 Worker 0 accepting task 10
24 Worker 1 accepting task 9
24 Worker 4 processing task 12 requiring operations [3, 5, 9]
24 Worker 4 performing operation 5 on task 12
24 Worker 0 processing task 8 requiring operations [5]
24 Worker 0 forwarding task 8
24 Worker 2 processing task 6 requiring operations [7]
24 Worker 2 forwarding task 6
24 Worker 1 processing task 9 requiring operations [9, 5]
24 Worker 1 forwarding task 9
25 Worker 4 accepting task 12
25 Worker 3 accepting task 8
25 Worker 0 accepting task 6
25 Worker 3 accepting task 9
25 Worker 4 processing task 11 requiring operations [3, 10]
25 Worker 4 forwarding task 11
25 Worker 0 processing task 10 requiring operations [4]
25 Worker 0 forwarding task 10
25 Worker 3 processing task 8 requiring operations [5]
25 Worker 3 forwarding task 8
26 Generated task 13
26 Worker 0 accepting task 13
26 Worker 3 accepting task 11
26 Worker 4 accepting task 10
26 Worker 4 accepting task 8
26 Worker 4 processing task 12 requiring operations [3, 9]
26 Worker 4 performing operation 9 on task 12
26 Worker 0 processing task 6 requiring operations [7]
26 Worker 0 forwarding task 6
26 Worker 3 processing task 9 requiring operations [9, 5]
26 Worker 3 forwarding task 9
27 Worker 4 accepting task 12
27 Worker 4 accepting task 6
27 Worker 1 accepting task 9
27 Worker 4 processing task 10 requiring operations [4]
27 Worker 4 forwarding task 10
27 Worker 0 processing task 13 requiring operations [8, 3, 6]
27 Worker 0 performing operation 6 on task 13
27 Worker 3 processing task 11 requiring operations [3, 10]
27 Worker 3 performing operation 10 on task 11
27 Worker 1 processing task 9 requiring operations [9, 5]
27 Worker 1 forwarding task 9
28 Generated task 14
28 Worker 1 accepting task 14
28 Worker 3 accepting task 10
28 Worker 0 accepting task 13
28 Worker 3 accepting task 11
28 Worker 3 accepting task 9
28 Worker 4 processing task 8 requiring operations [5]
28 Worker 4 performing operation 5 on task 8
28 Worker 0 processing task 13 requiring operations [8, 3]
28 Worker 0 forwarding task 13
28 Worker 3 processing task 10 requiring operations [4]
28 Worker 3 performing operation 4 on task 10
28 Worker 1 processing task 14 requiring operations [2, 8, 3]
28 Worker 1 performing operation 3 on task 14
29 Task 8 completed!
29 Worker 3 accepting task 13
29 Task 10 completed!
29 Worker 1 accepting task 14
29 Worker 4 processing task 12 requiring operations [3]
29 Worker 4 forwarding task 12
29 Worker 3 processing task 11 requiring operations [3]
29 Worker 3 forwarding task 11
29 Worker 1 processing task 14 requiring operations [2, 8]
29 Worker 1 performing operation 2 on task 14
30 Generated task 15
30 Worker 2 accepting task 15
30 Worker 3 accepting task 12
30 Worker 0 accepting task 11
30 Worker 1 accepting task 14
30 Worker 4 processing task 6 requiring operations [7]
30 Worker 4 performing operation 7 on task 6
30 Worker 3 processing task 9 requiring operations [9, 5]
30 Worker 3 forwarding task 9
30 Worker 1 processing task 14 requiring operations [8]
30 Worker 1 forwarding task 14
30 Worker 2 processing task 15 requiring operations [6, 4, 3]
30 Worker 2 performing operation 3 on task 15
30 Worker 0 processing task 11 requiring operations [3]
30 Worker 0 forwarding task 11
31 Task 6 completed!
31 Worker 4 accepting task 9
31 Worker 2 accepting task 14
31 Worker 2 accepting task 15
31 Worker 4 accepting task 11
31 Worker 3 processing task 13 requiring operations [8, 3]
31 Worker 3 performing operation 8 on task 13
31 Worker 2 processing task 14 requiring operations [8]
31 Worker 2 forwarding task 14
31 Worker 4 processing task 9 requiring operations [9, 5]
31 Worker 4 performing operation 9 on task 9
32 Generated task 16
32 Worker 1 accepting task 16
32 Worker 3 accepting task 13
32 Worker 0 accepting task 14
32 Worker 4 accepting task 9
32 Worker 3 processing task 12 requiring operations [3]
32 Worker 3 forwarding task 12
32 Worker 2 processing task 15 requiring operations [6, 4]
32 Worker 2 forwarding task 15
32 Worker 4 processing task 11 requiring operations [3]
32 Worker 4 forwarding task 11
32 Worker 1 processing task 16 requiring operations [10, 4, 9]
32 Worker 1 forwarding task 16
32 Worker 0 processing task 14 requiring operations [8]
32 Worker 0 forwarding task 14
33 Worker 0 accepting task 12
33 Worker 0 accepting task 15
33 Worker 3 accepting task 11
33 Worker 2 accepting task 16
33 Worker 2 accepting task 14
33 Worker 3 processing task 13 requiring operations [3]
33 Worker 3 forwarding task 13
33 Worker 4 processing task 9 requiring operations [5]
33 Worker 4 performing operation 5 on task 9
33 Worker 0 processing task 12 requiring operations [3]
33 Worker 0 forwarding task 12
33 Worker 2 processing task 16 requiring operations [10, 4, 9]
33 Worker 2 performing operation 10 on task 16
34 Generated task 17
34 Worker 2 accepting task 17
34 Worker 4 accepting task 13
34 Task 9 completed!
34 Worker 3 accepting task 12
34 Worker 2 accepting task 16
34 Worker 3 processing task 11 requiring operations [3]
34 Worker 3 forwarding task 11
34 Worker 4 processing task 13 requiring operations [3]
34 Worker 4 forwarding task 13
34 Worker 0 processing task 15 requiring operations [6, 4]
34 Worker 0 performing operation 6 on task 15
34 Worker 2 processing task 14 requiring operations [8]
34 Worker 2 forwarding task 14
35 Worker 0 accepting task 11
35 Worker 0 accepting task 13
35 Worker 0 accepting task 15
35 Worker 0 accepting task 14
35 Worker 3 processing task 12 requiring operations [3]
35 Worker 3 forwarding task 12
35 Worker 0 processing task 11 requiring operations [3]
35 Worker 0 forwarding task 11
35 Worker 2 processing task 17 requiring operations [6, 7, 3]
35 Worker 2 performing operation 3 on task 17
36 Generated task 18
36 Worker 3 accepting task 18
36 Worker 0 accepting task 12
36 Worker 3 accepting task 11
36 Worker 2 accepting task 17
36 Worker 3 processing task 18 requiring operations [1, 9, 3]
36 Worker 3 forwarding task 18
36 Worker 0 processing task 13 requiring operations [3]
36 Worker 0 forwarding task 13
36 Worker 2 processing task 16 requiring operations [4, 9]
36 Worker 2 forwarding task 16
37 Worker 0 accepting task 18
37 Worker 4 accepting task 13
37 Worker 0 accepting task 16
37 Worker 3 processing task 11 requiring operations [3]
37 Worker 3 forwarding task 11
37 Worker 0 processing task 15 requiring operations [4]
37 Worker 0 forwarding task 15
37 Worker 2 processing task 17 requiring operations [6, 7]
37 Worker 2 forwarding task 17
37 Worker 4 processing task 13 requiring operations [3]
37 Worker 4 forwarding task 13
38 Generated task 19
38 Worker 0 accepting task 19
38 Worker 1 accepting task 11
38 Worker 4 accepting task 15
38 Worker 1 accepting task 17
38 Worker 0 accepting task 13
38 Worker 0 processing task 14 requiring operations [8]
38 Worker 0 forwarding task 14
38 Worker 4 processing task 15 requiring operations [4]
38 Worker 4 forwarding task 15
38 Worker 1 processing task 11 requiring operations [3]
38 Worker 1 performing operation 3 on task 11
39 Worker 2 accepting task 14
39 Worker 3 accepting task 15
39 Task 11 completed!
39 Worker 0 processing task 12 requiring operations [3]
39 Worker 0 forwarding task 12
39 Worker 1 processing task 17 requiring operations [6, 7]
39 Worker 1 forwarding task 17
39 Worker 2 processing task 14 requiring operations [8]
39 Worker 2 forwarding task 14
39 Worker 3 processing task 15 requiring operations [4]
39 Worker 3 performing operation 4 on task 15
40 Generated task 20
40 Worker 3 accepting task 20
40 Worker 4 accepting task 12
40 Worker 3 accepting task 17
40 Worker 0 accepting task 14
40 Task 15 completed!
40 Worker 0 processing task 18 requiring operations [1, 9, 3]
40 Worker 0 performing operation 1 on task 18
40 Worker 3 processing task 20 requiring operations [1, 2, 5]
40 Worker 3 forwarding task 20
40 Worker 4 processing task 12 requiring operations [3]
40 Worker 4 forwarding task 12
41 Worker 0 accepting task 18
41 Worker 0 accepting task 20
41 Worker 0 accepting task 12
41 Worker 0 processing task 16 requiring operations [4, 9]
41 Worker 0 forwarding task 16
41 Worker 3 processing task 17 requiring operations [6, 7]
41 Worker 3 forwarding task 17
42 Generated task 21
42 Worker 0 accepting task 21
42 Worker 2 accepting task 16
42 Worker 1 accepting task 17
42 Worker 0 processing task 19 requiring operations [10, 9, 8]
42 Worker 0 performing operation 10 on task 19
42 Worker 2 processing task 16 requiring operations [4, 9]
42 Worker 2 forwarding task 16
42 Worker 1 processing task 17 requiring operations [6, 7]
42 Worker 1 forwarding task 17
43 Worker 0 accepting task 19
43 Worker 1 accepting task 16
43 Worker 2 accepting task 17
43 Worker 0 processing task 13 requiring operations [3]
43 Worker 0 forwarding task 13
43 Worker 1 processing task 16 requiring operations [4, 9]
43 Worker 1 forwarding task 16
43 Worker 2 processing task 17 requiring operations [6, 7]
43 Worker 2 forwarding task 17
44 Generated task 22
44 Worker 3 accepting task 22
44 Worker 4 accepting task 13
44 Worker 3 accepting task 16
44 Worker 1 accepting task 17
44 Worker 0 processing task 14 requiring operations [8]
44 Worker 0 forwarding task 14
44 Worker 3 processing task 22 requiring operations [4, 7, 6]
44 Worker 3 performing operation 4 on task 22
44 Worker 4 processing task 13 requiring operations [3]
44 Worker 4 forwarding task 13
44 Worker 1 processing task 17 requiring operations [6, 7]
44 Worker 1 forwarding task 17
45 Worker 3 accepting task 14
45 Worker 3 accepting task 22
45 Worker 0 accepting task 13
45 Worker 3 accepting task 17
45 Worker 0 processing task 18 requiring operations [9, 3]
45 Worker 0 forwarding task 18
45 Worker 3 processing task 16 requiring operations [4, 9]
45 Worker 3 performing operation 4 on task 16
46 Generated task 23
46 Worker 3 accepting task 23
46 Worker 4 accepting task 18
46 Worker 3 accepting task 16
46 Worker 0 processing task 20 requiring operations [1, 2, 5]
46 Worker 0 performing operation 1 on task 20
46 Worker 3 processing task 14 requiring operations [8]
46 Worker 3 performing operation 8 on task 14
46 Worker 4 processing task 18 requiring operations [9, 3]
46 Worker 4 performing operation 9 on task 18
47 Worker 0 accepting task 20
47 Task 14 completed!
47 Worker 4 accepting task 18
47 Worker 0 processing task 12 requiring operations [3]
47 Worker 0 forwarding task 12
47 Worker 3 processing task 22 requiring operations [7, 6]
47 Worker 3 forwarding task 22
47 Worker 4 processing task 18 requiring operations [3]
47 Worker 4 forwarding task 18
48 Generated task 24
48 Worker 0 accepting task 24
48 Worker 2 accepting task 12
48 Worker 1 accepting task 22
48 Worker 3 accepting task 18
48 Worker 0 processing task 21 requiring operations [4, 1, 2]
48 Worker 0 performing operation 1 on task 21
48 Worker 3 processing task 17 requiring operations [6, 7]
48 Worker 3 forwarding task 17
48 Worker 2 processing task 12 requiring operations [3]
48 Worker 2 performing operation 3 on task 12
48 Worker 1 processing task 22 requiring operations [7, 6]
48 Worker 1 forwarding task 22
49 Worker 0 accepting task 21
49 Worker 4 accepting task 17
49 Task 12 completed!
49 Worker 3 accepting task 22
49 Worker 0 processing task 19 requiring operations [9, 8]
49 Worker 0 forwarding task 19
49 Worker 3 processing task 23 requiring operations [3, 1, 9]
49 Worker 3 forwarding task 23
49 Worker 4 processing task 17 requiring operations [6, 7]
49 Worker 4 performing operation 7 on task 17
50 Generated task 25
50 Worker 2 accepting task 25
50 Worker 3 accepting task 19
50 Worker 1 accepting task 23
50 Worker 4 accepting task 17
50 Worker 0 processing task 13 requiring operations [3]
50 Worker 0 forwarding task 13
50 Worker 3 processing task 16 requiring operations [9]
50 Worker 3 forwarding task 16
50 Worker 4 processing task 17 requiring operations [6]
50 Worker 4 forwarding task 17
50 Worker 2 processing task 25 requiring operations [6, 2, 4]
50 Worker 2 forwarding task 25
50 Worker 1 processing task 23 requiring operations [3, 1, 9]
50 Worker 1 performing operation 3 on task 23
51 Worker 3 accepting task 13
51 Worker 0 accepting task 16
51 Worker 0 accepting task 17
51 Worker 1 accepting task 25
51 Worker 1 accepting task 23
51 Worker 0 processing task 20 requiring operations [2, 5]
51 Worker 0 performing operation 2 on task 20
51 Worker 3 processing task 18 requiring operations [3]
51 Worker 3 forwarding task 18
51 Worker 1 processing task 25 requiring operations [6, 2, 4]
51 Worker 1 performing operation 2 on task 25
52 Generated task 26
52 Worker 1 accepting task 26
52 Worker 0 accepting task 20
52 Worker 4 accepting task 18
52 Worker 1 accepting task 25
52 Worker 0 processing task 24 requiring operations [5, 7, 10]
52 Worker 0 performing operation 10 on task 24
52 Worker 3 processing task 22 requiring operations [7, 6]
52 Worker 3 forwarding task 22
52 Worker 1 processing task 23 requiring operations [1, 9]
52 Worker 1 forwarding task 23
52 Worker 4 processing task 18 requiring operations [3]
52 Worker 4 forwarding task 18
53 Worker 0 accepting task 24
53 Worker 1 accepting task 22
53 Worker 3 accepting task 23
53 Worker 0 accepting task 18
53 Worker 0 processing task 21 requiring operations [4, 2]
53 Worker 0 performing operation 2 on task 21
53 Worker 3 processing task 19 requiring operations [9, 8]
53 Worker 3 performing operation 8 on task 19
53 Worker 1 processing task 26 requiring operations [4, 6, 5]
53 Worker 1 forwarding task 26
54 Generated task 27
54 Worker 3 accepting task 27
54 Worker 0 accepting task 21
54 Worker 3 accepting task 19
54 Worker 2 accepting task 26
54 Worker 0 processing task 16 requiring operations [9]
54 Worker 0 forwarding task 16
54 Worker 3 processing task 13 requiring operations [3]
54 Worker 3 forwarding task 13
54 Worker 1 processing task 25 requiring operations [6, 4]
54 Worker 1 forwarding task 25
54 Worker 2 processing task 26 requiring operations [4, 6, 5]
54 Worker 2 performing operation 5 on task 26
55 Worker 4 accepting task 16
55 Worker 4 accepting task 13
55 Worker 2 accepting task 25
55 Worker 2 accepting task 26
55 Worker 0 processing task 17 requiring operations [6]
55 Worker 0 performing operation 6 on task 17
55 Worker 3 processing task 23 requiring operations [1, 9]
55 Worker 3 forwarding task 23
55 Worker 1 processing task 22 requiring operations [7, 6]
55 Worker 1 forwarding task 22
55 Worker 2 processing task 25 requiring operations [6, 4]
55 Worker 2 forwarding task 25
55 Worker 4 processing task 16 requiring operations [9]
55 Worker 4 performing operation 9 on task 16
56 Generated task 28
56 Worker 4 accepting task 28
56 Task 17 completed!
56 Worker 0 accepting task 23
56 Worker 3 accepting task 22
56 Worker 0 accepting task 25
56 Task 16 completed!
56 Worker 0 processing task 20 requiring operations [5]
56 Worker 0 forwarding task 20
56 Worker 3 processing task 27 requiring operations [5, 1, 6]
56 Worker 3 forwarding task 27
56 Worker 2 processing task 26 requiring operations [4, 6]
56 Worker 2 forwarding task 26
56 Worker 4 processing task 13 requiring operations [3]
56 Worker 4 forwarding task 13
57 Worker 2 accepting task 20
57 Worker 4 accepting task 27
57 Worker 0 accepting task 26
57 Worker 3 accepting task 13
57 Worker 0 processing task 24 requiring operations [5, 7]
57 Worker 0 forwarding task 24
57 Worker 3 processing task 19 requiring operations [9]
57 Worker 3 forwarding task 19
57 Worker 2 processing task 20 requiring operations [5]
57 Worker 2 performing operation 5 on task 20
57 Worker 4 processing task 28 requiring operations [10, 8, 9]
57 Worker 4 performing operation 9 on task 28
58 Generated task 29
58 Worker 4 accepting task 29
58 Worker 2 accepting task 24
58 Worker 4 accepting task 19
58 Task 20 completed!
58 Worker 4 accepting task 28
58 Worker 0 processing task 18 requiring operations [3]
58 Worker 0 forwarding task 18
58 Worker 3 processing task 22 requiring operations [7, 6]
58 Worker 3 forwarding task 22
58 Worker 2 processing task 24 requiring operations [5, 7]
58 Worker 2 performing operation 5 on task 24
58 Worker 4 processing task 27 requiring operations [5, 1, 6]
58 Worker 4 performing operation 5 on task 27
59 Worker 4 accepting task 18
59 Worker 1 accepting task 22
59 Worker 2 accepting task 24
59 Worker 4 accepting task 27
59 Worker 0 processing task 21 requiring operations [4]
59 Worker 0 forwarding task 21
59 Worker 3 processing task 13 requiring operations [3]
59 Worker 3 forwarding task 13
59 Worker 2 processing task 24 requiring operations [7]
59 Worker 2 forwarding task 24
59 Worker 4 processing task 29 requiring operations [6, 8, 9]
59 Worker 4 performing operation 9 on task 29
59 Worker 1 processing task 22 requiring operations [7, 6]
59 Worker 1 forwarding task 22
60 Generated task 30
60 Worker 2 accepting task 30
60 Worker 3 accepting task 21
60 Worker 0 accepting task 13
60 Worker 1 accepting task 24
60 Worker 4 accepting task 29
60 Worker 3 accepting task 22
60 Worker 0 processing task 23 requiring operations [1, 9]
60 Worker 0 performing operation 1 on task 23
60 Worker 3 processing task 21 requiring operations [4]
60 Worker 3 performing operation 4 on task 21
60 Worker 2 processing task 30 requiring operations [8, 9, 4]
60 Worker 2 forwarding task 30
60 Worker 4 processing task 19 requiring operations [9]
60 Worker 4 performing operation 9 on task 19
60 Worker 1 processing task 24 requiring operations [7]
60 Worker 1 forwarding task 24
61 Worker 0 accepting task 23
61 Task 21 completed!
61 Worker 1 accepting task 30
61 Task 19 completed!
61 Worker 3 accepting task 24
61 Worker 0 processing task 25 requiring operations [6, 4]
61 Worker 0 performing operation 6 on task 25
61 Worker 3 processing task 22 requiring operations [7, 6]
61 Worker 3 forwarding task 22
61 Worker 4 processing task 28 requiring operations [10, 8]
61 Worker 4 forwarding task 28
61 Worker 1 processing task 30 requiring operations [8, 9, 4]
61 Worker 1 forwarding task 30
62 Generated task 31
62 Worker 3 accepting task 31
62 Worker 0 accepting task 25
62 Worker 0 accepting task 22
62 Worker 3 accepting task 28
62 Worker 2 accepting task 30
62 Worker 0 processing task 26 requiring operations [4, 6]
62 Worker 0 performing operation 6 on task 26
62 Worker 3 processing task 24 requiring operations [7]
62 Worker 3 forwarding task 24
62 Worker 4 processing task 18 requiring operations [3]
62 Worker 4 forwarding task 18
62 Worker 2 processing task 30 requiring operations [8, 9, 4]
62 Worker 2 forwarding task 30
63 Worker 0 accepting task 26
63 Worker 1 accepting task 24
63 Worker 3 accepting task 18
63 Worker 1 accepting task 30
63 Worker 0 processing task 13 requiring operations [3]
63 Worker 0 forwarding task 13
63 Worker 3 processing task 31 requiring operations [7, 6, 1]
63 Worker 3 forwarding task 31
63 Worker 4 processing task 27 requiring operations [1, 6]
63 Worker 4 forwarding task 27
63 Worker 1 processing task 24 requiring operations [7]
63 Worker 1 forwarding task 24
64 Generated task 32
64 Worker 3 accepting task 32
64 Worker 3 accepting task 13
64 Worker 4 accepting task 31
64 Worker 0 accepting task 27
64 Worker 3 accepting task 24
64 Worker 0 processing task 23 requiring operations [9]
64 Worker 0 forwarding task 23
64 Worker 3 processing task 28 requiring operations [10, 8]
64 Worker 3 performing operation 10 on task 28
64 Worker 4 processing task 29 requiring operations [6, 8]
64 Worker 4 forwarding task 29
64 Worker 1 processing task 30 requiring operations [8, 9, 4]
64 Worker 1 forwarding task 30
65 Worker 2 accepting task 23
65 Worker 3 accepting task 28
65 Worker 3 accepting task 29
65 Worker 3 accepting task 30
65 Worker 0 processing task 25 requiring operations [4]
65 Worker 0 forwarding task 25
65 Worker 3 processing task 18 requiring operations [3]
65 Worker 3 forwarding task 18
65 Worker 4 processing task 31 requiring operations [7, 6, 1]
65 Worker 4 performing operation 7 on task 31
65 Worker 2 processing task 23 requiring operations [9]
65 Worker 2 forwarding task 23
66 Generated task 33
66 Worker 3 accepting task 33
66 Worker 3 accepting task 25
66 Worker 4 accepting task 18
66 Worker 4 accepting task 31
66 Worker 1 accepting task 23
66 Worker 0 processing task 22 requiring operations [7, 6]
66 Worker 0 performing operation 6 on task 22
66 Worker 3 processing task 32 requiring operations [2, 8, 4]
66 Worker 3 performing operation 4 on task 32
66 Worker 4 processing task 18 requiring operations [3]
66 Worker 4 forwarding task 18
66 Worker 1 processing task 23 requiring operations [9]
66 Worker 1 forwarding task 23
67 Worker 0 accepting task 22
67 Worker 3 accepting task 32
67 Worker 3 accepting task 18
67 Worker 3 accepting task 23
67 Worker 0 processing task 26 requiring operations [4]
67 Worker 0 forwarding task 26
67 Worker 3 processing task 13 requiring operations [3]
67 Worker 3 forwarding task 13
67 Worker 4 processing task 31 requiring operations [6, 1]
67 Worker 4 forwarding task 31
68 Generated task 34
68 Worker 0 accepting task 34
68 Worker 2 accepting task 26
68 Worker 1 accepting task 13
68 Worker 0 accepting task 31
68 Worker 0 processing task 27 requiring operations [1, 6]
68 Worker 0 performing operation 1 on task 27
68 Worker 3 processing task 24 requiring operations [7]
68 Worker 3 forwarding task 24
68 Worker 2 processing task 26 requiring operations [4]
68 Worker 2 forwarding task 26
68 Worker 1 processing task 13 requiring operations [3]
68 Worker 1 performing operation 3 on task 13
69 Worker 0 accepting task 27
69 Worker 0 accepting task 24
69 Worker 1 accepting task 26
69 Task 13 completed!
69 Worker 0 processing task 22 requiring operations [7]
69 Worker 0 forwarding task 22
69 Worker 3 processing task 28 requiring operations [8]
69 Worker 3 performing operation 8 on task 28
69 Worker 1 processing task 26 requiring operations [4]
69 Worker 1 forwarding task 26
70 Generated task 35
70 Worker 4 accepting task 35
70 Worker 2 accepting task 22
70 Task 28 completed!
70 Worker 2 accepting task 26
70 Worker 0 processing task 34 requiring operations [8, 7, 9]
70 Worker 0 forwarding task 34
70 Worker 3 processing task 29 requiring operations [6, 8]
70 Worker 3 performing operation 8 on task 29
70 Worker 4 processing task 35 requiring operations [9, 6, 7]
70 Worker 4 performing operation 9 on task 35
70 Worker 2 processing task 22 requiring operations [7]
70 Worker 2 forwarding task 22
71 Worker 3 accepting task 34
71 Worker 3 accepting task 29
71 Worker 4 accepting task 35
71 Worker 1 accepting task 22
71 Worker 0 processing task 31 requiring operations [6, 1]
71 Worker 0 performing operation 1 on task 31
71 Worker 3 processing task 30 requiring operations [8, 9, 4]
71 Worker 3 performing operation 8 on task 30
71 Worker 4 processing task 35 requiring operations [6, 7]
71 Worker 4 performing operation 7 on task 35
71 Worker 2 processing task 26 requiring operations [4]
71 Worker 2 forwarding task 26
71 Worker 1 processing task 22 requiring operations [7]
71 Worker 1 forwarding task 22
72 Generated task 36
72 Worker 4 accepting task 36
72 Worker 0 accepting task 31
72 Worker 3 accepting task 30
72 Worker 4 accepting task 35
72 Worker 1 accepting task 26
72 Worker 3 accepting task 22
72 Worker 0 processing task 27 requiring operations [6]
72 Worker 0 performing operation 6 on task 27
72 Worker 3 processing task 33 requiring operations [10, 2, 3]
72 Worker 3 performing operation 10 on task 33
72 Worker 4 processing task 36 requiring operations [2, 7, 4]
72 Worker 4 performing operation 7 on task 36
72 Worker 1 processing task 26 requiring operations [4]
72 Worker 1 forwarding task 26
73 Task 27 completed!
73 Worker 3 accepting task 33
73 Worker 4 accepting task 36
73 Worker 2 accepting task 26
73 Worker 0 processing task 24 requiring operations [7]
73 Worker 0 forwarding task 24
73 Worker 3 processing task 25 requiring operations [4]
73 Worker 3 performing operation 4 on task 25
73 Worker 4 processing task 35 requiring operations [6]
73 Worker 4 forwarding task 35
73 Worker 2 processing task 26 requiring operations [4]
73 Worker 2 forwarding task 26
74 Generated task 37
74 Worker 2 accepting task 37
74 Worker 3 accepting task 24
74 Task 25 completed!
74 Worker 3 accepting task 35
74 Worker 0 accepting task 26
74 Worker 0 processing task 31 requiring operations [6]
74 Worker 0 performing operation 6 on task 31
74 Worker 3 processing task 32 requiring operations [2, 8]
74 Worker 3 performing operation 8 on task 32
74 Worker 4 processing task 36 requiring operations [2, 4]
74 Worker 4 forwarding task 36
74 Worker 2 processing task 37 requiring operations [6, 10, 8]
74 Worker 2 performing operation 10 on task 37
75 Task 31 completed!
75 Worker 3 accepting task 32
75 Worker 3 accepting task 36
75 Worker 2 accepting task 37
75 Worker 0 processing task 26 requiring operations [4]
75 Worker 0 forwarding task 26
75 Worker 3 processing task 18 requiring operations [3]
75 Worker 3 forwarding task 18
75 Worker 2 processing task 37 requiring operations [6, 8]
75 Worker 2 forwarding task 37
76 Generated task 38
76 Worker 3 accepting task 38
76 Worker 4 accepting task 26
76 Worker 1 accepting task 18
76 Worker 1 accepting task 37
76 Worker 3 processing task 23 requiring operations [9]
76 Worker 3 forwarding task 23
76 Worker 4 processing task 26 requiring operations [4]
76 Worker 4 forwarding task 26
76 Worker 1 processing task 18 requiring operations [3]
76 Worker 1 performing operation 3 on task 18
77 Worker 0 accepting task 23
77 Worker 0 accepting task 26
77 Task 18 completed!
77 Worker 3 processing task 34 requiring operations [8, 7, 9]
77 Worker 3 performing operation 8 on task 34
77 Worker 1 processing task 37 requiring operations [6, 8]
77 Worker 1 forwarding task 37
77 Worker 0 processing task 23 requiring operations [9]
77 Worker 0 forwarding task 23
78 Generated task 39
78 Worker 4 accepting task 39
78 Worker 3 accepting task 34
78 Worker 3 accepting task 37
78 Worker 2 accepting task 23
78 Worker 3 processing task 29 requiring operations [6]
78 Worker 3 forwarding task 29
78 Worker 0 processing task 26 requiring operations [4]
78 Worker 0 forwarding task 26
78 Worker 4 processing task 39 requiring operations [9, 7, 5]
78 Worker 4 performing operation 9 on task 39
78 Worker 2 processing task 23 requiring operations [9]
78 Worker 2 forwarding task 23
79 Worker 4 accepting task 29
79 Worker 4 accepting task 26
79 Worker 4 accepting task 39
79 Worker 1 accepting task 23
79 Worker 3 processing task 30 requiring operations [9, 4]
79 Worker 3 performing operation 4 on task 30
79 Worker 4 processing task 29 requiring operations [6]
79 Worker 4 forwarding task 29
79 Worker 1 processing task 23 requiring operations [9]
79 Worker 1 forwarding task 23
80 Generated task 40
80 Worker 3 accepting task 40
80 Worker 3 accepting task 30
80 Worker 0 accepting task 29
80 Worker 3 accepting task 23
80 Worker 3 processing task 22 requiring operations [7]
80 Worker 3 forwarding task 22
80 Worker 4 processing task 26 requiring operations [4]
80 Worker 4 forwarding task 26
80 Worker 0 processing task 29 requiring operations [6]
80 Worker 0 performing operation 6 on task 29
81 Worker 0 accepting task 22
81 Worker 3 accepting task 26
81 Task 29 completed!
81 Worker 3 processing task 33 requiring operations [2, 3]
81 Worker 3 forwarding task 33
81 Worker 4 processing task 39 requiring operations [7, 5]
81 Worker 4 performing operation 5 on task 39
81 Worker 0 processing task 22 requiring operations [7]
81 Worker 0 forwarding task 22
82 Generated task 41
82 Worker 2 accepting task 41
82 Worker 1 accepting task 33
82 Worker 4 accepting task 39
82 Worker 3 accepting task 22
82 Worker 3 processing task 24 requiring operations [7]
82 Worker 3 forwarding task 24
82 Worker 4 processing task 39 requiring operations [7]
82 Worker 4 performing operation 7 on task 39
82 Worker 2 processing task 41 requiring operations [2, 8, 3]
82 Worker 2 performing operation 3 on task 41
82 Worker 1 processing task 33 requiring operations [2, 3]
82 Worker 1 performing operation 3 on task 33
83 Worker 1 accepting task 24
83 Task 39 completed!
83 Worker 2 accepting task 41
83 Worker 1 accepting task 33
83 Worker 3 processing task 35 requiring operations [6]
83 Worker 3 forwarding task 35
83 Worker 2 processing task 41 requiring operations [2, 8]
83 Worker 2 forwarding task 41
83 Worker 1 processing task 24 requiring operations [7]
83 Worker 1 forwarding task 24
84 Generated task 42
84 Worker 2 accepting task 42
84 Worker 1 accepting task 35
84 Worker 0 accepting task 41
84 Worker 2 accepting task 24
84 Worker 3 processing task 32 requiring operations [2]
84 Worker 3 forwarding task 32
84 Worker 2 processing task 42 requiring operations [8, 10, 2]
84 Worker 2 performing operation 10 on task 42
84 Worker 1 processing task 33 requiring operations [2]
84 Worker 1 performing operation 2 on task 33
84 Worker 0 processing task 41 requiring operations [2, 8]
84 Worker 0 performing operation 2 on task 41
85 Worker 4 accepting task 32
85 Worker 2 accepting task 42
85 Task 33 completed!
85 Worker 0 accepting task 41
85 Worker 3 processing task 36 requiring operations [2, 4]
85 Worker 3 performing operation 4 on task 36
85 Worker 2 processing task 24 requiring operations [7]
85 Worker 2 forwarding task 24
85 Worker 1 processing task 35 requiring operations [6]
85 Worker 1 forwarding task 35
85 Worker 0 processing task 41 requiring operations [8]
85 Worker 0 forwarding task 41
85 Worker 4 processing task 32 requiring operations [2]
85 Worker 4 forwarding task 32
86 Generated task 43
86 Worker 2 accepting task 43
86 Worker 3 accepting task 36
86 Worker 0 accepting task 24
86 Worker 2 accepting task 35
86 Worker 4 accepting task 41
86 Worker 0 accepting task 32
86 Worker 3 processing task 38 requiring operations [10, 9, 1]
86 Worker 3 performing operation 10 on task 38
86 Worker 2 processing task 42 requiring operations [8, 2]
86 Worker 2 forwarding task 42
86 Worker 0 processing task 24 requiring operations [7]
86 Worker 0 forwarding task 24
86 Worker 4 processing task 41 requiring operations [8]
86 Worker 4 forwarding task 41
87 Worker 3 accepting task 38
87 Worker 0 accepting task 42
87 Worker 3 accepting task 24
87 Worker 3 accepting task 41
87 Worker 3 processing task 34 requiring operations [7, 9]
87 Worker 3 forwarding task 34
87 Worker 2 processing task 43 requiring operations [3, 1, 10]
87 Worker 2 performing operation 3 on task 43
87 Worker 0 processing task 32 requiring operations [2]
87 Worker 0 performing operation 2 on task 32
88 Generated task 44
88 Worker 1 accepting task 44
88 Worker 0 accepting task 34
88 Worker 2 accepting task 43
88 Task 32 completed!
88 Worker 3 processing task 37 requiring operations [6, 8]
88 Worker 3 performing operation 8 on task 37
88 Worker 2 processing task 35 requiring operations [6]
88 Worker 2 forwarding task 35
88 Worker 0 processing task 42 requiring operations [8, 2]
88 Worker 0 performing operation 2 on task 42
88 Worker 1 processing task 44 requiring operations [3, 2, 9]
88 Worker 1 performing operation 3 on task 44
89 Worker 3 accepting task 37
89 Worker 1 accepting task 35
89 Worker 0 accepting task 42
89 Worker 1 accepting task 44
89 Worker 3 processing task 40 requiring operations [5, 9, 6]
89 Worker 3 forwarding task 40
89 Worker 2 processing task 43 requiring operations [1, 10]
89 Worker 2 performing operation 10 on task 43
89 Worker 0 processing task 34 requiring operations [7, 9]
89 Worker 0 forwarding task 34
89 Worker 1 processing task 35 requiring operations [6]
89 Worker 1 forwarding task 35
90 Generated task 45
90 Worker 3 accepting task 45
90 Worker 4 accepting task 40
90 Worker 2 accepting task 43
90 Worker 4 accepting task 34
90 Worker 2 accepting task 35
90 Worker 3 processing task 30 requiring operations [9]
90 Worker 3 forwarding task 30
90 Worker 2 processing task 43 requiring operations [1]
90 Worker 2 forwarding task 43
90 Worker 0 processing task 42 requiring operations [8]
90 Worker 0 forwarding task 42
90 Worker 1 processing task 44 requiring operations [2, 9]
90 Worker 1 performing operation 2 on task 44
90 Worker 4 processing task 40 requiring operations [5, 9, 6]
90 Worker 4 performing operation 5 on task 40
91 Worker 1 accepting task 30
91 Worker 1 accepting task 43
91 Worker 3 accepting task 42
91 Worker 1 accepting task 44
91 Worker 4 accepting task 40
91 Worker 3 processing task 23 requiring operations [9]
91 Worker 3 forwarding task 23
91 Worker 2 processing task 35 requiring operations [6]
91 Worker 2 forwarding task 35
91 Worker 1 processing task 30 requiring operations [9]
91 Worker 1 forwarding task 30
91 Worker 4 processing task 34 requiring operations [7, 9]
91 Worker 4 performing operation 7 on task 34
92 Generated task 46
92 Worker 1 accepting task 46
92 Worker 1 accepting task 23
92 Worker 1 accepting task 35
92 Worker 3 accepting task 30
92 Worker 4 accepting task 34
92 Worker 3 processing task 26 requiring operations [4]
92 Worker 3 performing operation 4 on task 26
92 Worker 1 processing task 43 requiring operations [1]
92 Worker 1 forwarding task 43
92 Worker 4 processing task 40 requiring operations [9, 6]
92 Worker 4 performing operation 9 on task 40
93 Task 26 completed!
93 Worker 2 accepting task 43
93 Worker 4 accepting task 40
93 Worker 3 processing task 22 requiring operations [7]
93 Worker 3 forwarding task 22
93 Worker 1 processing task 44 requiring operations [9]
93 Worker 1 forwarding task 44
93 Worker 4 processing task 34 requiring operations [9]
93 Worker 4 performing operation 9 on task 34
93 Worker 2 processing task 43 requiring operations [1]
93 Worker 2 forwarding task 43
94 Generated task 47
94 Worker 4 accepting task 47
94 Worker 1 accepting task 22
94 Worker 3 accepting task 44
94 Task 34 completed!
94 Worker 0 accepting task 43
94 Worker 3 processing task 36 requiring operations [2]
94 Worker 3 forwarding task 36
94 Worker 1 processing task 46 requiring operations [4, 10, 6]
94 Worker 1 forwarding task 46
94 Worker 4 processing task 40 requiring operations [6]
94 Worker 4 forwarding task 40
94 Worker 0 processing task 43 requiring operations [1]
94 Worker 0 performing operation 1 on task 43
95 Worker 4 accepting task 36
95 Worker 3 accepting task 46
95 Worker 3 accepting task 40
95 Task 43 completed!
95 Worker 3 processing task 38 requiring operations [9, 1]
95 Worker 3 forwarding task 38
95 Worker 1 processing task 23 requiring operations [9]
95 Worker 1 forwarding task 23
95 Worker 4 processing task 47 requiring operations [5, 1, 7]
95 Worker 4 performing operation 5 on task 47
96 Generated task 48
96 Worker 1 accepting task 48
96 Worker 0 accepting task 38
96 Worker 2 accepting task 23
96 Worker 4 accepting task 47
96 Worker 3 processing task 24 requiring operations [7]
96 Worker 3 forwarding task 24
96 Worker 1 processing task 35 requiring operations [6]
96 Worker 1 forwarding task 35
96 Worker 4 processing task 36 requiring operations [2]
96 Worker 4 forwarding task 36
96 Worker 0 processing task 38 requiring operations [9, 1]
96 Worker 0 performing operation 1 on task 38
96 Worker 2 processing task 23 requiring operations [9]
96 Worker 2 forwarding task 23
97 Worker 4 accepting task 24
97 Worker 2 accepting task 35
97 Worker 0 accepting task 36
97 Worker 0 accepting task 38
97 Worker 1 accepting task 23
97 Worker 3 processing task 41 requiring operations [8]
97 Worker 3 performing operation 8 on task 41
97 Worker 1 processing task 22 requiring operations [7]
97 Worker 1 forwarding task 22
97 Worker 4 processing task 47 requiring operations [1, 7]
97 Worker 4 performing operation 7 on task 47
97 Worker 0 processing task 36 requiring operations [2]
97 Worker 0 performing operation 2 on task 36
97 Worker 2 processing task 35 requiring operations [6]
97 Worker 2 forwarding task 35
98 Generated task 49
98 Worker 0 accepting task 49
98 Task 41 completed!
98 Worker 2 accepting task 22
98 Worker 4 accepting task 47
98 Task 36 completed!
98 Worker 1 accepting task 35
98 Worker 3 processing task 37 requiring operations [6]
98 Worker 3 forwarding task 37
98 Worker 1 processing task 48 requiring operations [8, 10, 1]
98 Worker 1 forwarding task 48
98 Worker 4 processing task 24 requiring operations [7]
98 Worker 4 performing operation 7 on task 24
98 Worker 0 processing task 38 requiring operations [9]
98 Worker 0 forwarding task 38
98 Worker 2 processing task 22 requiring operations [7]
98 Worker 2 forwarding task 22
99 Worker 0 accepting task 37
99 Worker 2 accepting task 48
99 Task 24 completed!
99 Worker 2 accepting task 38
99 Worker 1 accepting task 22
99 Worker 3 processing task 45 requiring operations [7, 8, 9]
99 Worker 3 performing operation 8 on task 45
99 Worker 1 processing task 23 requiring operations [9]
99 Worker 1 forwarding task 23
99 Worker 4 processing task 47 requiring operations [1]
99 Worker 4 forwarding task 47
99 Worker 0 processing task 49 requiring operations [1, 9, 2]
99 Worker 0 performing operation 2 on task 49
99 Worker 2 processing task 48 requiring operations [8, 10, 1]
99 Worker 2 performing operation 10 on task 48
100 Generated task 50
100 Worker 0 accepting task 50
100 Worker 3 accepting task 45
100 Worker 2 accepting task 23
100 Worker 0 accepting task 47
100 Worker 0 accepting task 49
100 Worker 2 accepting task 48
100 Worker 3 processing task 42 requiring operations [8]
100 Worker 3 performing operation 8 on task 42
100 Worker 1 processing task 35 requiring operations [6]
100 Worker 1 forwarding task 35
100 Worker 0 processing task 37 requiring operations [6]
100 Worker 0 performing operation 6 on task 37
100 Worker 2 processing task 38 requiring operations [9]
100 Worker 2 forwarding task 38
101 Task 42 completed!
101 Worker 2 accepting task 35
101 Task 37 completed!
101 Worker 0 accepting task 38
101 Worker 3 processing task 30 requiring operations [9]
101 Worker 3 forwarding task 30
101 Worker 1 processing task 22 requiring operations [7]
101 Worker 1 forwarding task 22
101 Worker 0 processing task 50 requiring operations [5, 9, 3]
101 Worker 0 forwarding task 50
101 Worker 2 processing task 23 requiring operations [9]
101 Worker 2 forwarding task 23
102 Generated task 51
102 Worker 4 accepting task 51
102 Worker 0 accepting task 30
102 Worker 3 accepting task 22
102 Worker 2 accepting task 50
102 Worker 1 accepting task 23
102 Worker 3 processing task 44 requiring operations [9]
102 Worker 3 forwarding task 44
102 Worker 0 processing task 47 requiring operations [1]
102 Worker 0 performing operation 1 on task 47
102 Worker 2 processing task 48 requiring operations [8, 1]
102 Worker 2 forwarding task 48
102 Worker 4 processing task 51 requiring operations [3, 2, 5]
102 Worker 4 performing operation 5 on task 51
102 Worker 1 processing task 23 requiring operations [9]
102 Worker 1 forwarding task 23
103 Worker 0 accepting task 44
103 Task 47 completed!
103 Worker 1 accepting task 48
103 Worker 4 accepting task 51
103 Worker 3 accepting task 23
103 Worker 3 processing task 46 requiring operations [4, 10, 6]
103 Worker 3 performing operation 10 on task 46
103 Worker 0 processing task 49 requiring operations [1, 9]
103 Worker 0 performing operation 1 on task 49
103 Worker 2 processing task 35 requiring operations [6]
103 Worker 2 forwarding task 35
103 Worker 4 processing task 51 requiring operations [3, 2]
103 Worker 4 forwarding task 51
103 Worker 1 processing task 48 requiring operations [8, 1]
103 Worker 1 forwarding task 48
104 Generated task 52
104 Worker 2 accepting task 52
104 Worker 3 accepting task 46
104 Worker 0 accepting task 49
104 Worker 0 accepting task 35
104 Worker 0 accepting task 51
104 Worker 2 accepting task 48
104 Worker 3 processing task 40 requiring operations [6]
104 Worker 3 forwarding task 40
104 Worker 0 processing task 38 requiring operations [9]
104 Worker 0 forwarding task 38
104 Worker 2 processing task 50 requiring operations [5, 9, 3]
104 Worker 2 performing operation 3 on task 50
105 Worker 1 accepting task 40
105 Worker 4 accepting task 38
105 Worker 2 accepting task 50
105 Worker 3 processing task 45 requiring operations [7, 9]
105 Worker 3 forwarding task 45
105 Worker 0 processing task 30 requiring operations [9]
105 Worker 0 forwarding task 30
105 Worker 2 processing task 52 requiring operations [4, 10, 8]
105 Worker 2 performing operation 10 on task 52
105 Worker 1 processing task 40 requiring operations [6]
105 Worker 1 forwarding task 40
105 Worker 4 processing task 38 requiring operations [9]
105 Worker 4 performing operation 9 on task 38
106 Generated task 53
106 Worker 3 accepting task 53
106 Worker 1 accepting task 45
106 Worker 2 accepting task 30
106 Worker 2 accepting task 52
106 Worker 2 accepting task 40
106 Task 38 completed!
106 Worker 3 processing task 22 requiring operations [7]
106 Worker 3 forwarding task 22
106 Worker 0 processing task 44 requiring operations [9]
106 Worker 0 forwarding task 44
106 Worker 2 processing task 48 requiring operations [8, 1]
106 Worker 2 forwarding task 48
106 Worker 1 processing task 45 requiring operations [7, 9]
106 Worker 1 forwarding task 45
107 Worker 0 accepting task 22
107 Worker 4 accepting task 44
107 Worker 1 accepting task 48
107 Worker 3 accepting task 45
107 Worker 3 processing task 23 requiring operations [9]
107 Worker 3 forwarding task 23
107 Worker 0 processing task 49 requiring operations [9]
107 Worker 0 forwarding task 49
107 Worker 2 processing task 50 requiring operations [5, 9]
107 Worker 2 performing operation 5 on task 50
107 Worker 1 processing task 48 requiring operations [8, 1]
107 Worker 1 forwarding task 48
107 Worker 4 processing task 44 requiring operations [9]
107 Worker 4 performing operation 9 on task 44
108 Generated task 54
108 Worker 3 accepting task 54
108 Worker 0 accepting task 23
108 Worker 4 accepting task 49
108 Worker 2 accepting task 50
108 Worker 3 accepting task 48
108 Task 44 completed!
108 Worker 3 processing task 46 requiring operations [4, 6]
108 Worker 3 performing operation 4 on task 46
108 Worker 0 processing task 35 requiring operations [6]
108 Worker 0 performing operation 6 on task 35
108 Worker 2 processing task 30 requiring operations [9]
108 Worker 2 forwarding task 30
108 Worker 4 processing task 49 requiring operations [9]
108 Worker 4 performing operation 9 on task 49
109 Worker 3 accepting task 46
109 Task 35 completed!
109 Worker 0 accepting task 30
109 Task 49 completed!
109 Worker 3 processing task 53 requiring operations [10, 5, 8]
109 Worker 3 performing operation 8 on task 53
109 Worker 0 processing task 51 requiring operations [3, 2]
109 Worker 0 performing operation 2 on task 51
109 Worker 2 processing task 52 requiring operations [4, 8]
109 Worker 2 forwarding task 52
110 Generated task 55
110 Worker 3 accepting task 55
110 Worker 3 accepting task 53
110 Worker 0 accepting task 51
110 Worker 0 accepting task 52
110 Worker 3 processing task 45 requiring operations [7, 9]
110 Worker 3 forwarding task 45
110 Worker 0 processing task 22 requiring operations [7]
110 Worker 0 forwarding task 22
110 Worker 2 processing task 40 requiring operations [6]
110 Worker 2 forwarding task 40
111 Worker 4 accepting task 45
111 Worker 2 accepting task 22
111 Worker 0 accepting task 40
111 Worker 3 processing task 54 requiring operations [5, 1, 7]
111 Worker 3 forwarding task 54
111 Worker 0 processing task 23 requiring operations [9]
111 Worker 0 forwarding task 23
111 Worker 2 processing task 50 requiring operations [9]
111 Worker 2 forwarding task 50
111 Worker 4 processing task 45 requiring operations [7, 9]
111 Worker 4 performing operation 7 on task 45
112 Generated task 56
112 Worker 3 accepting task 56
112 Worker 0 accepting task 54
112 Worker 2 accepting task 23
112 Worker 1 accepting task 50
112 Worker 4 accepting task 45
112 Worker 3 processing task 48 requiring operations [8, 1]
112 Worker 3 performing operation 8 on task 48
112 Worker 0 processing task 30 requiring operations [9]
112 Worker 0 forwarding task 30
112 Worker 2 processing task 22 requiring operations [7]
112 Worker 2 forwarding task 22
112 Worker 4 processing task 45 requiring operations [9]
112 Worker 4 performing operation 9 on task 45
112 Worker 1 processing task 50 requiring operations [9]
112 Worker 1 forwarding task 50
113 Worker 3 accepting task 48
113 Worker 4 accepting task 30
113 Worker 0 accepting task 22
113 Task 45 completed!
113 Worker 2 accepting task 50
113 Worker 3 processing task 46 requiring operations [6]
113 Worker 3 forwarding task 46
113 Worker 0 processing task 51 requiring operations [3]
113 Worker 0 forwarding task 51
113 Worker 2 processing task 23 requiring operations [9]
113 Worker 2 forwarding task 23
113 Worker 4 processing task 30 requiring operations [9]
113 Worker 4 performing operation 9 on task 30
114 Generated task 57
114 Worker 3 accepting task 57
114 Worker 1 accepting task 46
114 Worker 3 accepting task 51
114 Worker 1 accepting task 23
114 Task 30 completed!
114 Worker 3 processing task 55 requiring operations [9, 2, 1]
114 Worker 3 forwarding task 55
114 Worker 0 processing task 52 requiring operations [4, 8]
114 Worker 0 forwarding task 52
114 Worker 2 processing task 50 requiring operations [9]
114 Worker 2 forwarding task 50
114 Worker 1 processing task 46 requiring operations [6]
114 Worker 1 forwarding task 46
115 Worker 0 accepting task 55
115 Worker 2 accepting task 52
115 Worker 0 accepting task 50
115 Worker 2 accepting task 46
115 Worker 3 processing task 53 requiring operations [10, 5]
115 Worker 3 performing operation 10 on task 53
115 Worker 0 processing task 40 requiring operations [6]
115 Worker 0 performing operation 6 on task 40
115 Worker 2 processing task 52 requiring operations [4, 8]
115 Worker 2 forwarding task 52
115 Worker 1 processing task 23 requiring operations [9]
115 Worker 1 forwarding task 23
116 Generated task 58
116 Worker 1 accepting task 58
116 Worker 3 accepting task 53
116 Task 40 completed!
116 Worker 1 accepting task 52
116 Worker 2 accepting task 23
116 Worker 3 processing task 56 requiring operations [8, 9, 10]
116 Worker 3 performing operation 8 on task 56
116 Worker 0 processing task 54 requiring operations [5, 1, 7]
116 Worker 0 performing operation 1 on task 54
116 Worker 2 processing task 46 requiring operations [6]
116 Worker 2 forwarding task 46
116 Worker 1 processing task 58 requiring operations [10, 9, 6]
116 Worker 1 forwarding task 58
117 Worker 3 accepting task 56
117 Worker 0 accepting task 54
117 Worker 1 accepting task 46
117 Worker 3 accepting task 58
117 Worker 3 processing task 48 requiring operations [1]
117 Worker 3 forwarding task 48
117 Worker 0 processing task 22 requiring operations [7]
117 Worker 0 forwarding task 22
117 Worker 2 processing task 23 requiring operations [9]
117 Worker 2 forwarding task 23
117 Worker 1 processing task 52 requiring operations [4, 8]
117 Worker 1 forwarding task 52
118 Generated task 59
118 Worker 0 accepting task 59
118 Worker 0 accepting task 48
118 Worker 2 accepting task 22
118 Worker 0 accepting task 23
118 Worker 2 accepting task 52
118 Worker 3 processing task 57 requiring operations [1, 5, 3]
118 Worker 3 forwarding task 57
118 Worker 0 processing task 55 requiring operations [9, 2, 1]
118 Worker 0 performing operation 1 on task 55
118 Worker 2 processing task 22 requiring operations [7]
118 Worker 2 forwarding task 22
118 Worker 1 processing task 46 requiring operations [6]
118 Worker 1 forwarding task 46
119 Worker 4 accepting task 57
119 Worker 0 accepting task 55
119 Worker 1 accepting task 22
119 Worker 2 accepting task 46
119 Worker 3 processing task 51 requiring operations [3]
119 Worker 3 forwarding task 51
119 Worker 0 processing task 50 requiring operations [9]
119 Worker 0 forwarding task 50
119 Worker 2 processing task 52 requiring operations [4, 8]
119 Worker 2 forwarding task 52
119 Worker 1 processing task 22 requiring operations [7]
119 Worker 1 forwarding task 22
119 Worker 4 processing task 57 requiring operations [1, 5, 3]
119 Worker 4 performing operation 5 on task 57
120 Generated task 60
120 Worker 4 accepting task 60
120 Worker 1 accepting task 51
120 Worker 3 accepting task 50
120 Worker 1 accepting task 52
120 Worker 2 accepting task 22
120 Worker 4 accepting task 57
120 Worker 3 processing task 53 requiring operations [5]
120 Worker 3 forwarding task 53
120 Worker 0 processing task 54 requiring operations [5, 7]
120 Worker 0 forwarding task 54
120 Worker 2 processing task 46 requiring operations [6]
120 Worker 2 forwarding task 46
120 Worker 1 processing task 51 requiring operations [3]
120 Worker 1 performing operation 3 on task 51
120 Worker 4 processing task 60 requiring operations [5, 10, 9]
120 Worker 4 performing operation 5 on task 60
121 Worker 1 accepting task 53
121 Worker 3 accepting task 54
121 Worker 1 accepting task 46
121 Task 51 completed!
121 Worker 4 accepting task 60
121 Worker 3 processing task 56 requiring operations [9, 10]
121 Worker 3 performing operation 10 on task 56
121 Worker 0 processing task 59 requiring operations [8, 1, 2]
121 Worker 0 performing operation 2 on task 59
121 Worker 2 processing task 22 requiring operations [7]
121 Worker 2 forwarding task 22
121 Worker 1 processing task 52 requiring operations [4, 8]
121 Worker 1 forwarding task 52
121 Worker 4 processing task 57 requiring operations [1, 3]
121 Worker 4 forwarding task 57
122 Generated task 61
122 Worker 4 accepting task 61
122 Worker 3 accepting task 56
122 Worker 0 accepting task 59
122 Worker 0 accepting task 22
122 Worker 3 accepting task 52
122 Worker 3 accepting task 57
122 Worker 3 processing task 58 requiring operations [10, 9, 6]
122 Worker 3 performing operation 10 on task 58
122 Worker 0 processing task 48 requiring operations [1]
122 Worker 0 performing operation 1 on task 48
122 Worker 1 processing task 53 requiring operations [5]
122 Worker 1 forwarding task 53
122 Worker 4 processing task 60 requiring operations [10, 9]
122 Worker 4 performing operation 9 on task 60
123 Worker 3 accepting task 58
123 Task 48 completed!
123 Worker 3 accepting task 53
123 Worker 4 accepting task 60
123 Worker 3 processing task 50 requiring operations [9]
123 Worker 3 forwarding task 50
123 Worker 0 processing task 23 requiring operations [9]
123 Worker 0 forwarding task 23
123 Worker 1 processing task 46 requiring operations [6]
123 Worker 1 forwarding task 46
123 Worker 4 processing task 61 requiring operations [8, 4, 3]
123 Worker 4 forwarding task 61
124 Generated task 62
124 Worker 0 accepting task 62
124 Worker 4 accepting task 50
124 Worker 4 accepting task 23
124 Worker 3 accepting task 46
124 Worker 3 accepting task 61
124 Worker 3 processing task 54 requiring operations [5, 7]
124 Worker 3 forwarding task 54
124 Worker 0 processing task 55 requiring operations [9, 2]
124 Worker 0 performing operation 2 on task 55
124 Worker 4 processing task 60 requiring operations [10]
124 Worker 4 forwarding task 60
125 Worker 0 accepting task 54
125 Worker 0 accepting task 55
125 Worker 3 accepting task 60
125 Worker 3 processing task 56 requiring operations [9]
125 Worker 3 forwarding task 56
125 Worker 0 processing task 59 requiring operations [8, 1]
125 Worker 0 performing operation 1 on task 59
125 Worker 4 processing task 50 requiring operations [9]
125 Worker 4 performing operation 9 on task 50
126 Generated task 63
126 Worker 0 accepting task 63
126 Worker 1 accepting task 56
126 Worker 0 accepting task 59
126 Task 50 completed!
126 Worker 3 processing task 52 requiring operations [4, 8]
126 Worker 3 performing operation 4 on task 52
126 Worker 0 processing task 22 requiring operations [7]
126 Worker 0 forwarding task 22
126 Worker 4 processing task 23 requiring operations [9]
126 Worker 4 performing operation 9 on task 23
126 Worker 1 processing task 56 requiring operations [9]
126 Worker 1 forwarding task 56
127 Worker 3 accepting task 52
127 Worker 4 accepting task 22
127 Task 23 completed!
127 Worker 2 accepting task 56
127 Worker 3 processing task 57 requiring operations [1, 3]
127 Worker 3 forwarding task 57
127 Worker 0 processing task 62 requiring operations [6, 5, 10]
127 Worker 0 performing operation 10 on task 62
127 Worker 4 processing task 22 requiring operations [7]
127 Worker 4 performing operation 7 on task 22
127 Worker 2 processing task 56 requiring operations [9]
127 Worker 2 forwarding task 56
128 Generated task 64
128 Worker 2 accepting task 64
128 Worker 1 accepting task 57
128 Worker 0 accepting task 62
128 Task 22 completed!
128 Worker 0 accepting task 56
128 Worker 3 processing task 58 requiring operations [9, 6]
128 Worker 3 forwarding task 58
128 Worker 0 processing task 54 requiring operations [5, 7]
128 Worker 0 forwarding task 54
128 Worker 2 processing task 64 requiring operations [5, 7, 6]
128 Worker 2 performing operation 5 on task 64
128 Worker 1 processing task 57 requiring operations [1, 3]
128 Worker 1 performing operation 3 on task 57
129 Worker 1 accepting task 58
129 Worker 3 accepting task 54
129 Worker 2 accepting task 64
129 Worker 1 accepting task 57
129 Worker 3 processing task 53 requiring operations [5]
129 Worker 3 forwarding task 53
129 Worker 0 processing task 55 requiring operations [9]
129 Worker 0 forwarding task 55
129 Worker 2 processing task 64 requiring operations [7, 6]
129 Worker 2 forwarding task 64
129 Worker 1 processing task 58 requiring operations [9, 6]
129 Worker 1 forwarding task 58
130 Generated task 65
130 Worker 4 accepting task 65
130 Worker 0 accepting task 53
130 Worker 4 accepting task 55
130 Worker 1 accepting task 64
130 Worker 3 accepting task 58
130 Worker 3 processing task 46 requiring operations [6]
130 Worker 3 forwarding task 46
130 Worker 0 processing task 63 requiring operations [7, 5, 9]
130 Worker 0 forwarding task 63
130 Worker 1 processing task 57 requiring operations [1]
130 Worker 1 forwarding task 57
130 Worker 4 processing task 65 requiring operations [2, 1, 4]
130 Worker 4 forwarding task 65
131 Worker 4 accepting task 46
131 Worker 4 accepting task 63
131 Worker 3 accepting task 57
131 Worker 3 accepting task 65
131 Worker 3 processing task 61 requiring operations [8, 4, 3]
131 Worker 3 performing operation 8 on task 61
131 Worker 0 processing task 59 requiring operations [8]
131 Worker 0 forwarding task 59
131 Worker 1 processing task 64 requiring operations [7, 6]
131 Worker 1 forwarding task 64
131 Worker 4 processing task 55 requiring operations [9]
131 Worker 4 performing operation 9 on task 55
132 Generated task 66
132 Worker 1 accepting task 66
132 Worker 3 accepting task 61
132 Worker 4 accepting task 59
132 Worker 3 accepting task 64
132 Task 55 completed!
132 Worker 3 processing task 60 requiring operations [10]
132 Worker 3 performing operation 10 on task 60
132 Worker 0 processing task 62 requiring operations [6, 5]
132 Worker 0 performing operation 6 on task 62
132 Worker 1 processing task 66 requiring operations [9, 7, 10]
132 Worker 1 forwarding task 66
132 Worker 4 processing task 46 requiring operations [6]
132 Worker 4 forwarding task 46
133 Task 60 completed!
133 Worker 0 accepting task 62
133 Worker 3 accepting task 66
133 Worker 0 accepting task 46
133 Worker 3 processing task 52 requiring operations [8]
133 Worker 3 performing operation 8 on task 52
133 Worker 0 processing task 56 requiring operations [9]
133 Worker 0 forwarding task 56
133 Worker 4 processing task 63 requiring operations [7, 5, 9]
133 Worker 4 performing operation 5 on task 63
134 Generated task 67
134 Worker 2 accepting task 67
134 Task 52 completed!
134 Worker 3 accepting task 56
134 Worker 4 accepting task 63
134 Worker 3 processing task 54 requiring operations [5, 7]
134 Worker 3 forwarding task 54
134 Worker 0 processing task 53 requiring operations [5]
134 Worker 0 forwarding task 53
134 Worker 4 processing task 59 requiring operations [8]
134 Worker 4 forwarding task 59
134 Worker 2 processing task 67 requiring operations [2, 3, 7]
134 Worker 2 performing operation 3 on task 67
135 Worker 1 accepting task 54
135 Worker 3 accepting task 53
135 Worker 3 accepting task 59
135 Worker 2 accepting task 67
135 Worker 3 processing task 58 requiring operations [9, 6]
135 Worker 3 forwarding task 58
135 Worker 0 processing task 62 requiring operations [5]
135 Worker 0 forwarding task 62
135 Worker 4 processing task 63 requiring operations [7, 9]
135 Worker 4 performing operation 7 on task 63
135 Worker 2 processing task 67 requiring operations [2, 7]
135 Worker 2 forwarding task 67
135 Worker 1 processing task 54 requiring operations [5, 7]
135 Worker 1 forwarding task 54
136 Generated task 68
136 Worker 1 accepting task 68
136 Worker 4 accepting task 58
136 Worker 2 accepting task 62
136 Worker 4 accepting task 63
136 Worker 0 accepting task 67
136 Worker 2 accepting task 54
136 Worker 3 processing task 57 requiring operations [1]
136 Worker 3 forwarding task 57
136 Worker 0 processing task 46 requiring operations [6]
136 Worker 0 performing operation 6 on task 46
136 Worker 4 processing task 58 requiring operations [9, 6]
136 Worker 4 performing operation 9 on task 58
136 Worker 2 processing task 62 requiring operations [5]
136 Worker 2 performing operation 5 on task 62
136 Worker 1 processing task 68 requiring operations [5, 4, 8]
136 Worker 1 forwarding task 68
137 Worker 4 accepting task 57
137 Task 46 completed!
137 Worker 4 accepting task 58
137 Task 62 completed!
137 Worker 3 accepting task 68
137 Worker 3 processing task 65 requiring operations [2, 1, 4]
137 Worker 3 performing operation 4 on task 65
137 Worker 0 processing task 67 requiring operations [2, 7]
137 Worker 0 performing operation 2 on task 67
137 Worker 4 processing task 63 requiring operations [9]
137 Worker 4 performing operation 9 on task 63
137 Worker 2 processing task 54 requiring operations [5, 7]
137 Worker 2 performing operation 5 on task 54
138 Generated task 69
138 Worker 2 accepting task 69
138 Worker 3 accepting task 65
138 Worker 0 accepting task 67
138 Task 63 completed!
138 Worker 2 accepting task 54
138 Worker 3 processing task 61 requiring operations [4, 3]
138 Worker 3 performing operation 4 on task 61
138 Worker 0 processing task 67 requiring operations [7]
138 Worker 0 forwarding task 67
138 Worker 4 processing task 57 requiring operations [1]
138 Worker 4 forwarding task 57
138 Worker 2 processing task 69 requiring operations [5, 2, 7]
138 Worker 2 performing operation 5 on task 69
139 Worker 3 accepting task 61
139 Worker 2 accepting task 67
139 Worker 0 accepting task 57
139 Worker 2 accepting task 69
139 Worker 3 processing task 64 requiring operations [7, 6]
139 Worker 3 forwarding task 64
139 Worker 4 processing task 58 requiring operations [6]
139 Worker 4 forwarding task 58
139 Worker 2 processing task 54 requiring operations [7]
139 Worker 2 forwarding task 54
139 Worker 0 processing task 57 requiring operations [1]
139 Worker 0 performing operation 1 on task 57
140 Generated task 70
140 Worker 0 accepting task 70
140 Worker 1 accepting task 64
140 Worker 0 accepting task 58
140 Worker 0 accepting task 54
140 Task 57 completed!
140 Worker 3 processing task 66 requiring operations [9, 7, 10]
140 Worker 3 performing operation 10 on task 66
140 Worker 2 processing task 67 requiring operations [7]
140 Worker 2 forwarding task 67
140 Worker 0 processing task 70 requiring operations [7, 9, 3]
140 Worker 0 forwarding task 70
140 Worker 1 processing task 64 requiring operations [7, 6]
140 Worker 1 forwarding task 64
