Worker 0 can perform operations {1, 5, 6}
Worker 1 can perform operations {2, 4, 6}
Worker 2 can perform operations {8, 1}
Worker 3 can perform operations {9, 10, 3, 6}
Worker 4 can perform operations {3, 5, 7}
Building network type random
Worker 0 connecting to worker 1
Worker 1 connecting to worker 0
Worker 0 connecting to worker 3
Worker 3 connecting to worker 0
Worker 1 connecting to worker 4
Worker 4 connecting to worker 1
Worker 2 connecting to worker 0
Worker 0 connecting to worker 2
Worker 2 connecting to worker 1
Worker 1 connecting to worker 2
Worker 3 connecting to worker 1
Worker 1 connecting to worker 3
Worker 4 connecting to worker 3
Worker 3 connecting to worker 4
Entry nodes are [0, 1, 2, 3, 4]
0 Generated task 0
0 Worker 4 accepting task 0
0 Worker 4 processing task 0 requiring operations [2, 4, 5]
0 Worker 4 performing operation 5 on task 0
1 Worker 4 accepting task 0
1 Worker 4 processing task 0 requiring operations [2, 4]
1 Worker 4 forwarding task 0
2 Generated task 1
2 Worker 4 accepting task 1
2 Worker 3 accepting task 0
2 Worker 4 processing task 1 requiring operations [9, 7, 1]
2 Worker 4 performing operation 7 on task 1
2 Worker 3 processing task 0 requiring operations [2, 4]
2 Worker 3 forwarding task 0
3 Worker 4 accepting task 1
3 Worker 0 accepting task 0
3 Worker 4 processing task 1 requiring operations [9, 1]
3 Worker 4 forwarding task 1
3 Worker 0 processing task 0 requiring operations [2, 4]
3 Worker 0 forwarding task 0
4 Generated task 2
4 Worker 4 accepting task 2
4 Worker 1 accepting task 1
4 Worker 1 accepting task 0
4 Worker 4 processing task 2 requiring operations [5, 3, 2]
4 Worker 4 performing operation 5 on task 2
4 Worker 1 processing task 1 requiring operations [9, 1]
4 Worker 1 forwarding task 1
5 Worker 4 accepting task 2
5 Worker 3 accepting task 1
5 Worker 4 processing task 2 requiring operations [3, 2]
5 Worker 4 performing operation 3 on task 2
5 Worker 1 processing task 0 requiring operations [2, 4]
5 Worker 1 performing operation 2 on task 0
5 Worker 3 processing task 1 requiring operations [9, 1]
5 Worker 3 performing operation 9 on task 1
6 Generated task 3
6 Worker 1 accepting task 3
6 Worker 4 accepting task 2
6 Worker 1 accepting task 0
6 Worker 3 accepting task 1
6 Worker 4 processing task 2 requiring operations [2]
6 Worker 4 forwarding task 2
6 Worker 1 processing task 3 requiring operations [1, 3, 10]
6 Worker 1 forwarding task 3
6 Worker 3 processing task 1 requiring operations [1]
6 Worker 3 forwarding task 1
7 Worker 3 accepting task 2
7 Worker 3 accepting task 3
7 Worker 1 accepting task 1
7 Worker 1 processing task 0 requiring operations [4]
7 Worker 1 performing operation 4 on task 0
7 Worker 3 processing task 2 requiring operations [2]
7 Worker 3 forwarding task 2
8 Generated task 4
8 Worker 1 accepting task 4
8 Task 0 completed!
8 Worker 1 accepting task 2
8 Worker 1 processing task 1 requiring operations [1]
8 Worker 1 forwarding task 1
8 Worker 3 processing task 3 requiring operations [1, 3, 10]
8 Worker 3 performing operation 10 on task 3
9 Worker 3 accepting task 1
9 Worker 3 accepting task 3
9 Worker 1 processing task 4 requiring operations [4, 9, 1]
9 Worker 1 performing operation 4 on task 4
9 Worker 3 processing task 1 requiring operations [1]
9 Worker 3 forwarding task 1
10 Generated task 5
10 Worker 2 accepting task 5
10 Worker 1 accepting task 4
10 Worker 4 accepting task 1
10 Worker 1 processing task 2 requiring operations [2]
10 Worker 1 performing operation 2 on task 2
10 Worker 3 processing task 3 requiring operations [1, 3]
10 Worker 3 performing operation 3 on task 3
10 Worker 2 processing task 5 requiring operations [1, 3, 6]
10 Worker 2 performing operation 1 on task 5
10 Worker 4 processing task 1 requiring operations [1]
10 Worker 4 forwarding task 1
11 Task 2 completed!
11 Worker 3 accepting task 3
11 Worker 2 accepting task 5
11 Worker 3 accepting task 1
11 Worker 1 processing task 4 requiring operations [9, 1]
11 Worker 1 forwarding task 4
11 Worker 3 processing task 3 requiring operations [1]
11 Worker 3 forwarding task 3
11 Worker 2 processing task 5 requiring operations [3, 6]
11 Worker 2 forwarding task 5
12 Generated task 6
12 Worker 0 accepting task 6
12 Worker 0 accepting task 4
12 Worker 0 accepting task 3
12 Worker 0 accepting task 5
12 Worker 3 processing task 1 requiring operations [1]
12 Worker 3 forwarding task 1
12 Worker 0 processing task 6 requiring operations [1, 2, 8]
12 Worker 0 performing operation 1 on task 6
13 Worker 0 accepting task 1
13 Worker 0 accepting task 6
13 Worker 0 processing task 4 requiring operations [9, 1]
13 Worker 0 performing operation 1 on task 4
14 Generated task 7
14 Worker 2 accepting task 7
14 Worker 0 accepting task 4
14 Worker 0 processing task 3 requiring operations [1]
14 Worker 0 performing operation 1 on task 3
14 Worker 2 processing task 7 requiring operations [3, 9, 2]
14 Worker 2 forwarding task 7
15 Task 3 completed!
15 Worker 0 accepting task 7
15 Worker 0 processing task 5 requiring operations [3, 6]
15 Worker 0 performing operation 6 on task 5
16 Generated task 8
16 Worker 4 accepting task 8
16 Worker 0 accepting task 5
16 Worker 0 processing task 1 requiring operations [1]
16 Worker 0 performing operation 1 on task 1
16 Worker 4 processing task 8 requiring operations [8, 1, 7]
16 Worker 4 performing operation 7 on task 8
17 Task 1 completed!
17 Worker 4 accepting task 8
17 Worker 0 processing task 6 requiring operations [2, 8]
17 Worker 0 forwarding task 6
17 Worker 4 processing task 8 requiring operations [8, 1]
17 Worker 4 forwarding task 8
18 Generated task 9
18 Worker 2 accepting task 9
18 Worker 2 accepting task 6
18 Worker 1 accepting task 8
18 Worker 0 processing task 4 requiring operations [9]
18 Worker 0 forwarding task 4
18 Worker 2 processing task 9 requiring operations [8, 7, 10]
18 Worker 2 performing operation 8 on task 9
18 Worker 1 processing task 8 requiring operations [8, 1]
18 Worker 1 forwarding task 8
19 Worker 3 accepting task 4
19 Worker 2 accepting task 9
19 Worker 3 accepting task 8
19 Worker 0 processing task 7 requiring operations [3, 9, 2]
19 Worker 0 forwarding task 7
19 Worker 2 processing task 6 requiring operations [2, 8]
19 Worker 2 performing operation 8 on task 6
19 Worker 3 processing task 4 requiring operations [9]
19 Worker 3 performing operation 9 on task 4
20 Generated task 10
20 Worker 2 accepting task 10
20 Worker 3 accepting task 7
20 Worker 2 accepting task 6
20 Task 4 completed!
20 Worker 0 processing task 5 requiring operations [3]
20 Worker 0 forwarding task 5
20 Worker 2 processing task 9 requiring operations [7, 10]
20 Worker 2 forwarding task 9
20 Worker 3 processing task 8 requiring operations [8, 1]
20 Worker 3 forwarding task 8
21 Worker 2 accepting task 5
21 Worker 0 accepting task 9
21 Worker 4 accepting task 8
21 Worker 2 processing task 10 requiring operations [5, 6, 8]
21 Worker 2 performing operation 8 on task 10
21 Worker 3 processing task 7 requiring operations [3, 9, 2]
21 Worker 3 performing operation 9 on task 7
21 Worker 0 processing task 9 requiring operations [7, 10]
21 Worker 0 forwarding task 9
21 Worker 4 processing task 8 requiring operations [8, 1]
21 Worker 4 forwarding task 8
22 Generated task 11
22 Worker 4 accepting task 11
22 Worker 2 accepting task 10
22 Worker 3 accepting task 7
22 Worker 2 accepting task 9
22 Worker 3 accepting task 8
22 Worker 2 processing task 6 requiring operations [2]
22 Worker 2 forwarding task 6
22 Worker 3 processing task 7 requiring operations [3, 2]
22 Worker 3 performing operation 3 on task 7
22 Worker 4 processing task 11 requiring operations [2, 6, 8]
22 Worker 4 forwarding task 11
23 Worker 0 accepting task 6
23 Worker 3 accepting task 7
23 Worker 3 accepting task 11
23 Worker 2 processing task 5 requiring operations [3]
23 Worker 2 forwarding task 5
23 Worker 3 processing task 8 requiring operations [8, 1]
23 Worker 3 forwarding task 8
23 Worker 0 processing task 6 requiring operations [2]
23 Worker 0 forwarding task 6
24 Generated task 12
24 Worker 2 accepting task 12
24 Worker 0 accepting task 5
24 Worker 1 accepting task 8
24 Worker 1 accepting task 6
24 Worker 2 processing task 10 requiring operations [5, 6]
24 Worker 2 forwarding task 10
24 Worker 3 processing task 7 requiring operations [2]
24 Worker 3 forwarding task 7
24 Worker 0 processing task 5 requiring operations [3]
24 Worker 0 forwarding task 5
24 Worker 1 processing task 8 requiring operations [8, 1]
24 Worker 1 forwarding task 8
25 Worker 1 accepting task 10
25 Worker 1 accepting task 7
25 Worker 2 accepting task 5
25 Worker 0 accepting task 8
25 Worker 2 processing task 9 requiring operations [7, 10]
25 Worker 2 forwarding task 9
25 Worker 3 processing task 11 requiring operations [2, 6, 8]
25 Worker 3 performing operation 6 on task 11
25 Worker 1 processing task 6 requiring operations [2]
25 Worker 1 performing operation 2 on task 6
25 Worker 0 processing task 8 requiring operations [8, 1]
25 Worker 0 performing operation 1 on task 8
26 Generated task 13
26 Worker 1 accepting task 13
26 Worker 0 accepting task 9
26 Worker 3 accepting task 11
26 Task 6 completed!
26 Worker 0 accepting task 8
26 Worker 2 processing task 12 requiring operations [6, 4, 8]
26 Worker 2 performing operation 8 on task 12
26 Worker 3 processing task 11 requiring operations [2, 8]
26 Worker 3 forwarding task 11
26 Worker 1 processing task 10 requiring operations [5, 6]
26 Worker 1 performing operation 6 on task 10
26 Worker 0 processing task 9 requiring operations [7, 10]
26 Worker 0 forwarding task 9
27 Worker 2 accepting task 12
27 Worker 0 accepting task 11
27 Worker 1 accepting task 10
27 Worker 3 accepting task 9
27 Worker 2 processing task 5 requiring operations [3]
27 Worker 2 forwarding task 5
27 Worker 1 processing task 7 requiring operations [2]
27 Worker 1 performing operation 2 on task 7
27 Worker 0 processing task 8 requiring operations [8]
27 Worker 0 forwarding task 8
27 Worker 3 processing task 9 requiring operations [7, 10]
27 Worker 3 performing operation 10 on task 9
28 Generated task 14
28 Worker 2 accepting task 14
28 Worker 1 accepting task 5
28 Task 7 completed!
28 Worker 2 accepting task 8
28 Worker 3 accepting task 9
28 Worker 2 processing task 12 requiring operations [6, 4]
28 Worker 2 forwarding task 12
28 Worker 1 processing task 13 requiring operations [9, 4, 10]
28 Worker 1 performing operation 4 on task 13
28 Worker 0 processing task 11 requiring operations [2, 8]
28 Worker 0 forwarding task 11
28 Worker 3 processing task 9 requiring operations [7]
28 Worker 3 forwarding task 9
29 Worker 0 accepting task 12
29 Worker 1 accepting task 13
29 Worker 2 accepting task 11
29 Worker 0 accepting task 9
29 Worker 2 processing task 14 requiring operations [10, 6, 5]
29 Worker 2 forwarding task 14
29 Worker 1 processing task 10 requiring operations [5]
29 Worker 1 forwarding task 10
29 Worker 0 processing task 12 requiring operations [6, 4]
29 Worker 0 performing operation 6 on task 12
30 Generated task 15
30 Worker 4 accepting task 15
30 Worker 0 accepting task 14
30 Worker 0 accepting task 10
30 Worker 0 accepting task 12
30 Worker 2 processing task 8 requiring operations [8]
30 Worker 2 performing operation 8 on task 8
30 Worker 1 processing task 5 requiring operations [3]
30 Worker 1 forwarding task 5
30 Worker 0 processing task 9 requiring operations [7]
30 Worker 0 forwarding task 9
30 Worker 4 processing task 15 requiring operations [1, 8, 2]
30 Worker 4 forwarding task 15
31 Task 8 completed!
31 Worker 0 accepting task 5
31 Worker 1 accepting task 9
31 Worker 3 accepting task 15
31 Worker 2 processing task 11 requiring operations [2, 8]
31 Worker 2 performing operation 8 on task 11
31 Worker 1 processing task 13 requiring operations [9, 10]
31 Worker 1 forwarding task 13
31 Worker 0 processing task 14 requiring operations [10, 6, 5]
31 Worker 0 performing operation 6 on task 14
31 Worker 3 processing task 15 requiring operations [1, 8, 2]
31 Worker 3 forwarding task 15
32 Generated task 16
32 Worker 0 accepting task 16
32 Worker 2 accepting task 11
32 Worker 3 accepting task 13
32 Worker 0 accepting task 14
32 Worker 0 accepting task 15
32 Worker 2 processing task 11 requiring operations [2]
32 Worker 2 forwarding task 11
32 Worker 1 processing task 9 requiring operations [7]
32 Worker 1 forwarding task 9
32 Worker 0 processing task 10 requiring operations [5]
32 Worker 0 performing operation 5 on task 10
32 Worker 3 processing task 13 requiring operations [9, 10]
32 Worker 3 performing operation 9 on task 13
33 Worker 1 accepting task 11
33 Worker 4 accepting task 9
33 Task 10 completed!
33 Worker 3 accepting task 13
33 Worker 1 processing task 11 requiring operations [2]
33 Worker 1 performing operation 2 on task 11
33 Worker 0 processing task 12 requiring operations [4]
33 Worker 0 forwarding task 12
33 Worker 3 processing task 13 requiring operations [10]
33 Worker 3 performing operation 10 on task 13
33 Worker 4 processing task 9 requiring operations [7]
33 Worker 4 performing operation 7 on task 9
34 Generated task 17
34 Worker 4 accepting task 17
34 Task 11 completed!
34 Worker 1 accepting task 12
34 Task 13 completed!
34 Task 9 completed!
34 Worker 0 processing task 5 requiring operations [3]
34 Worker 0 forwarding task 5
34 Worker 4 processing task 17 requiring operations [6, 4, 3]
34 Worker 4 performing operation 3 on task 17
34 Worker 1 processing task 12 requiring operations [4]
34 Worker 1 performing operation 4 on task 12
35 Worker 3 accepting task 5
35 Worker 4 accepting task 17
35 Task 12 completed!
35 Worker 0 processing task 16 requiring operations [8, 4, 10]
35 Worker 0 forwarding task 16
35 Worker 4 processing task 17 requiring operations [6, 4]
35 Worker 4 forwarding task 17
35 Worker 3 processing task 5 requiring operations [3]
35 Worker 3 performing operation 3 on task 5
36 Generated task 18
36 Worker 4 accepting task 18
36 Worker 1 accepting task 16
36 Worker 3 accepting task 17
36 Task 5 completed!
36 Worker 0 processing task 14 requiring operations [10, 5]
36 Worker 0 performing operation 5 on task 14
36 Worker 4 processing task 18 requiring operations [2, 5, 4]
36 Worker 4 performing operation 5 on task 18
36 Worker 3 processing task 17 requiring operations [6, 4]
36 Worker 3 performing operation 6 on task 17
36 Worker 1 processing task 16 requiring operations [8, 4, 10]
36 Worker 1 performing operation 4 on task 16
37 Worker 0 accepting task 14
37 Worker 4 accepting task 18
37 Worker 3 accepting task 17
37 Worker 1 accepting task 16
37 Worker 0 processing task 15 requiring operations [1, 8, 2]
37 Worker 0 performing operation 1 on task 15
37 Worker 4 processing task 18 requiring operations [2, 4]
37 Worker 4 forwarding task 18
37 Worker 3 processing task 17 requiring operations [4]
37 Worker 3 forwarding task 17
37 Worker 1 processing task 16 requiring operations [8, 10]
37 Worker 1 forwarding task 16
38 Generated task 19
38 Worker 0 accepting task 19
38 Worker 0 accepting task 15
38 Worker 1 accepting task 18
38 Worker 4 accepting task 17
38 Worker 2 accepting task 16
38 Worker 0 processing task 14 requiring operations [10]
38 Worker 0 forwarding task 14
38 Worker 1 processing task 18 requiring operations [2, 4]
38 Worker 1 performing operation 4 on task 18
38 Worker 4 processing task 17 requiring operations [4]
38 Worker 4 forwarding task 17
38 Worker 2 processing task 16 requiring operations [8, 10]
38 Worker 2 performing operation 8 on task 16
39 Worker 1 accepting task 14
39 Worker 1 accepting task 18
39 Worker 3 accepting task 17
39 Worker 2 accepting task 16
39 Worker 0 processing task 19 requiring operations [9, 6, 8]
39 Worker 0 performing operation 6 on task 19
39 Worker 1 processing task 14 requiring operations [10]
39 Worker 1 forwarding task 14
39 Worker 2 processing task 16 requiring operations [10]
39 Worker 2 forwarding task 16
39 Worker 3 processing task 17 requiring operations [4]
39 Worker 3 forwarding task 17
40 Generated task 20
40 Worker 4 accepting task 20
40 Worker 0 accepting task 19
40 Worker 4 accepting task 14
40 Worker 1 accepting task 16
40 Worker 0 accepting task 17
40 Worker 0 processing task 15 requiring operations [8, 2]
40 Worker 0 forwarding task 15
40 Worker 1 processing task 18 requiring operations [2]
40 Worker 1 performing operation 2 on task 18
40 Worker 4 processing task 20 requiring operations [7, 3, 5]
40 Worker 4 performing operation 7 on task 20
41 Worker 1 accepting task 15
41 Task 18 completed!
41 Worker 4 accepting task 20
41 Worker 0 processing task 19 requiring operations [9, 8]
41 Worker 0 forwarding task 19
41 Worker 1 processing task 16 requiring operations [10]
41 Worker 1 forwarding task 16
41 Worker 4 processing task 14 requiring operations [10]
41 Worker 4 forwarding task 14
42 Generated task 21
42 Worker 1 accepting task 21
42 Worker 1 accepting task 19
42 Worker 3 accepting task 16
42 Worker 3 accepting task 14
42 Worker 0 processing task 17 requiring operations [4]
42 Worker 0 forwarding task 17
42 Worker 1 processing task 15 requiring operations [8, 2]
42 Worker 1 performing operation 2 on task 15
42 Worker 4 processing task 20 requiring operations [3, 5]
42 Worker 4 performing operation 5 on task 20
42 Worker 3 processing task 16 requiring operations [10]
42 Worker 3 performing operation 10 on task 16
43 Worker 2 accepting task 17
43 Worker 1 accepting task 15
43 Worker 4 accepting task 20
43 Task 16 completed!
43 Worker 1 processing task 21 requiring operations [8, 3, 10]
43 Worker 1 forwarding task 21
43 Worker 4 processing task 20 requiring operations [3]
43 Worker 4 performing operation 3 on task 20
43 Worker 3 processing task 14 requiring operations [10]
43 Worker 3 performing operation 10 on task 14
43 Worker 2 processing task 17 requiring operations [4]
43 Worker 2 forwarding task 17
44 Generated task 22
44 Worker 2 accepting task 22
44 Worker 0 accepting task 21
44 Task 20 completed!
44 Task 14 completed!
44 Worker 0 accepting task 17
44 Worker 1 processing task 19 requiring operations [9, 8]
44 Worker 1 forwarding task 19
44 Worker 2 processing task 22 requiring operations [10, 5, 6]
44 Worker 2 forwarding task 22
44 Worker 0 processing task 21 requiring operations [8, 3, 10]
44 Worker 0 forwarding task 21
45 Worker 0 accepting task 19
45 Worker 0 accepting task 22
45 Worker 3 accepting task 21
45 Worker 1 processing task 15 requiring operations [8]
45 Worker 1 forwarding task 15
45 Worker 0 processing task 17 requiring operations [4]
45 Worker 0 forwarding task 17
45 Worker 3 processing task 21 requiring operations [8, 3, 10]
45 Worker 3 performing operation 3 on task 21
46 Generated task 23
46 Worker 3 accepting task 23
46 Worker 4 accepting task 15
46 Worker 1 accepting task 17
46 Worker 3 accepting task 21
46 Worker 0 processing task 19 requiring operations [9, 8]
46 Worker 0 forwarding task 19
46 Worker 3 processing task 23 requiring operations [2, 5, 7]
46 Worker 3 forwarding task 23
46 Worker 4 processing task 15 requiring operations [8]
46 Worker 4 forwarding task 15
46 Worker 1 processing task 17 requiring operations [4]
46 Worker 1 performing operation 4 on task 17
47 Worker 2 accepting task 19
47 Worker 0 accepting task 23
47 Worker 1 accepting task 15
47 Task 17 completed!
47 Worker 0 processing task 22 requiring operations [10, 5, 6]
47 Worker 0 performing operation 5 on task 22
47 Worker 3 processing task 21 requiring operations [8, 10]
47 Worker 3 performing operation 10 on task 21
47 Worker 1 processing task 15 requiring operations [8]
47 Worker 1 forwarding task 15
47 Worker 2 processing task 19 requiring operations [9, 8]
47 Worker 2 performing operation 8 on task 19
48 Generated task 24
48 Worker 0 accepting task 24
48 Worker 0 accepting task 22
48 Worker 3 accepting task 21
48 Worker 2 accepting task 15
48 Worker 2 accepting task 19
48 Worker 0 processing task 23 requiring operations [2, 5, 7]
48 Worker 0 performing operation 5 on task 23
48 Worker 3 processing task 21 requiring operations [8]
48 Worker 3 forwarding task 21
48 Worker 2 processing task 15 requiring operations [8]
48 Worker 2 performing operation 8 on task 15
49 Worker 0 accepting task 23
49 Worker 4 accepting task 21
49 Task 15 completed!
49 Worker 0 processing task 24 requiring operations [6, 7, 8]
49 Worker 0 performing operation 6 on task 24
49 Worker 2 processing task 19 requiring operations [9]
49 Worker 2 forwarding task 19
49 Worker 4 processing task 21 requiring operations [8]
49 Worker 4 forwarding task 21
50 Generated task 25
50 Worker 2 accepting task 25
50 Worker 0 accepting task 24
50 Worker 0 accepting task 19
50 Worker 3 accepting task 21
50 Worker 0 processing task 22 requiring operations [10, 6]
50 Worker 0 performing operation 6 on task 22
50 Worker 2 processing task 25 requiring operations [3, 7, 2]
50 Worker 2 forwarding task 25
50 Worker 3 processing task 21 requiring operations [8]
50 Worker 3 forwarding task 21
51 Worker 0 accepting task 22
51 Worker 1 accepting task 25
51 Worker 4 accepting task 21
51 Worker 0 processing task 23 requiring operations [2, 7]
51 Worker 0 forwarding task 23
51 Worker 1 processing task 25 requiring operations [3, 7, 2]
51 Worker 1 performing operation 2 on task 25
51 Worker 4 processing task 21 requiring operations [8]
51 Worker 4 forwarding task 21
52 Generated task 26
52 Worker 2 accepting task 26
52 Worker 2 accepting task 23
52 Worker 1 accepting task 25
52 Worker 1 accepting task 21
52 Worker 0 processing task 24 requiring operations [7, 8]
52 Worker 0 forwarding task 24
52 Worker 1 processing task 25 requiring operations [3, 7]
52 Worker 1 forwarding task 25
52 Worker 2 processing task 26 requiring operations [10, 9, 4]
52 Worker 2 forwarding task 26
53 Worker 1 accepting task 24
53 Worker 0 accepting task 25
53 Worker 0 accepting task 26
53 Worker 0 processing task 19 requiring operations [9]
53 Worker 0 forwarding task 19
53 Worker 1 processing task 21 requiring operations [8]
53 Worker 1 forwarding task 21
53 Worker 2 processing task 23 requiring operations [2, 7]
53 Worker 2 forwarding task 23
54 Generated task 27
54 Worker 2 accepting task 27
54 Worker 2 accepting task 19
54 Worker 4 accepting task 21
54 Worker 1 accepting task 23
54 Worker 0 processing task 22 requiring operations [10]
54 Worker 0 forwarding task 22
54 Worker 1 processing task 24 requiring operations [7, 8]
54 Worker 1 forwarding task 24
54 Worker 2 processing task 27 requiring operations [7, 4, 5]
54 Worker 2 forwarding task 27
54 Worker 4 processing task 21 requiring operations [8]
54 Worker 4 forwarding task 21
55 Worker 3 accepting task 22
55 Worker 2 accepting task 24
55 Worker 0 accepting task 27
55 Worker 3 accepting task 21
55 Worker 0 processing task 25 requiring operations [3, 7]
55 Worker 0 forwarding task 25
55 Worker 1 processing task 23 requiring operations [2, 7]
55 Worker 1 performing operation 2 on task 23
55 Worker 2 processing task 19 requiring operations [9]
55 Worker 2 forwarding task 19
55 Worker 3 processing task 22 requiring operations [10]
55 Worker 3 performing operation 10 on task 22
56 Generated task 28
56 Worker 0 accepting task 28
56 Worker 1 accepting task 25
56 Worker 1 accepting task 23
56 Worker 1 accepting task 19
56 Task 22 completed!
56 Worker 0 processing task 26 requiring operations [10, 9, 4]
56 Worker 0 forwarding task 26
56 Worker 1 processing task 25 requiring operations [3, 7]
56 Worker 1 forwarding task 25
56 Worker 2 processing task 24 requiring operations [7, 8]
56 Worker 2 performing operation 8 on task 24
56 Worker 3 processing task 21 requiring operations [8]
56 Worker 3 forwarding task 21
57 Worker 1 accepting task 26
57 Worker 3 accepting task 25
57 Worker 2 accepting task 24
57 Worker 4 accepting task 21
57 Worker 0 processing task 27 requiring operations [7, 4, 5]
57 Worker 0 performing operation 5 on task 27
57 Worker 1 processing task 23 requiring operations [7]
57 Worker 1 forwarding task 23
57 Worker 2 processing task 24 requiring operations [7]
57 Worker 2 forwarding task 24
57 Worker 3 processing task 25 requiring operations [3, 7]
57 Worker 3 performing operation 3 on task 25
57 Worker 4 processing task 21 requiring operations [8]
57 Worker 4 forwarding task 21
58 Generated task 29
58 Worker 0 accepting task 29
58 Worker 0 accepting task 27
58 Worker 0 accepting task 23
58 Worker 0 accepting task 24
58 Worker 3 accepting task 25
58 Worker 1 accepting task 21
58 Worker 0 processing task 28 requiring operations [3, 2, 5]
58 Worker 0 performing operation 5 on task 28
58 Worker 1 processing task 19 requiring operations [9]
58 Worker 1 forwarding task 19
58 Worker 3 processing task 25 requiring operations [7]
58 Worker 3 forwarding task 25
59 Worker 0 accepting task 28
59 Worker 3 accepting task 19
59 Worker 4 accepting task 25
59 Worker 0 processing task 29 requiring operations [2, 3, 4]
59 Worker 0 forwarding task 29
59 Worker 1 processing task 26 requiring operations [10, 9, 4]
59 Worker 1 performing operation 4 on task 26
59 Worker 3 processing task 19 requiring operations [9]
59 Worker 3 performing operation 9 on task 19
59 Worker 4 processing task 25 requiring operations [7]
59 Worker 4 performing operation 7 on task 25
60 Generated task 30
60 Worker 4 accepting task 30
60 Worker 2 accepting task 29
60 Worker 1 accepting task 26
60 Task 19 completed!
60 Task 25 completed!
60 Worker 0 processing task 27 requiring operations [7, 4]
60 Worker 0 forwarding task 27
60 Worker 1 processing task 21 requiring operations [8]
60 Worker 1 forwarding task 21
60 Worker 4 processing task 30 requiring operations [3, 6, 8]
60 Worker 4 performing operation 3 on task 30
60 Worker 2 processing task 29 requiring operations [2, 3, 4]
60 Worker 2 forwarding task 29
61 Worker 1 accepting task 27
61 Worker 0 accepting task 21
61 Worker 4 accepting task 30
61 Worker 0 accepting task 29
61 Worker 0 processing task 23 requiring operations [7]
61 Worker 0 forwarding task 23
61 Worker 1 processing task 26 requiring operations [10, 9]
61 Worker 1 forwarding task 26
61 Worker 4 processing task 30 requiring operations [6, 8]
61 Worker 4 forwarding task 30
62 Generated task 31
62 Worker 4 accepting task 31
62 Worker 3 accepting task 23
62 Worker 4 accepting task 26
62 Worker 1 accepting task 30
62 Worker 0 processing task 24 requiring operations [7]
62 Worker 0 forwarding task 24
62 Worker 1 processing task 27 requiring operations [7, 4]
62 Worker 1 performing operation 4 on task 27
62 Worker 4 processing task 31 requiring operations [3, 10, 8]
62 Worker 4 performing operation 3 on task 31
62 Worker 3 processing task 23 requiring operations [7]
62 Worker 3 forwarding task 23
63 Worker 2 accepting task 24
63 Worker 1 accepting task 27
63 Worker 4 accepting task 31
63 Worker 0 accepting task 23
63 Worker 0 processing task 28 requiring operations [3, 2]
63 Worker 0 forwarding task 28
63 Worker 1 processing task 30 requiring operations [6, 8]
63 Worker 1 performing operation 6 on task 30
63 Worker 4 processing task 26 requiring operations [10, 9]
63 Worker 4 forwarding task 26
63 Worker 2 processing task 24 requiring operations [7]
63 Worker 2 forwarding task 24
64 Generated task 32
64 Worker 3 accepting task 32
64 Worker 3 accepting task 28
64 Worker 1 accepting task 30
64 Worker 3 accepting task 26
64 Worker 1 accepting task 24
64 Worker 0 processing task 21 requiring operations [8]
64 Worker 0 forwarding task 21
64 Worker 1 processing task 27 requiring operations [7]
64 Worker 1 forwarding task 27
64 Worker 4 processing task 31 requiring operations [10, 8]
64 Worker 4 forwarding task 31
64 Worker 3 processing task 32 requiring operations [7, 10, 5]
64 Worker 3 performing operation 10 on task 32
65 Worker 2 accepting task 21
65 Worker 0 accepting task 27
65 Worker 3 accepting task 31
65 Worker 3 accepting task 32
65 Worker 0 processing task 29 requiring operations [2, 3, 4]
65 Worker 0 forwarding task 29
65 Worker 1 processing task 30 requiring operations [8]
65 Worker 1 forwarding task 30
65 Worker 3 processing task 28 requiring operations [3, 2]
65 Worker 3 performing operation 3 on task 28
65 Worker 2 processing task 21 requiring operations [8]
65 Worker 2 performing operation 8 on task 21
66 Generated task 33
66 Worker 2 accepting task 33
66 Worker 2 accepting task 29
66 Worker 4 accepting task 30
66 Worker 3 accepting task 28
66 Task 21 completed!
66 Worker 0 processing task 23 requiring operations [7]
66 Worker 0 forwarding task 23
66 Worker 1 processing task 24 requiring operations [7]
66 Worker 1 forwarding task 24
66 Worker 3 processing task 26 requiring operations [10, 9]
66 Worker 3 performing operation 9 on task 26
66 Worker 2 processing task 33 requiring operations [3, 5, 2]
66 Worker 2 forwarding task 33
66 Worker 4 processing task 30 requiring operations [8]
66 Worker 4 forwarding task 30
67 Worker 3 accepting task 23
67 Worker 0 accepting task 24
67 Worker 3 accepting task 26
67 Worker 1 accepting task 33
67 Worker 3 accepting task 30
67 Worker 0 processing task 27 requiring operations [7]
67 Worker 0 forwarding task 27
67 Worker 3 processing task 31 requiring operations [10, 8]
67 Worker 3 performing operation 10 on task 31
67 Worker 2 processing task 29 requiring operations [2, 3, 4]
67 Worker 2 forwarding task 29
67 Worker 1 processing task 33 requiring operations [3, 5, 2]
67 Worker 1 performing operation 2 on task 33
68 Generated task 34
68 Worker 3 accepting task 34
68 Worker 3 accepting task 27
68 Worker 3 accepting task 31
68 Worker 0 accepting task 29
68 Worker 1 accepting task 33
68 Worker 0 processing task 24 requiring operations [7]
68 Worker 0 forwarding task 24
68 Worker 3 processing task 32 requiring operations [7, 5]
68 Worker 3 forwarding task 32
68 Worker 1 processing task 33 requiring operations [3, 5]
68 Worker 1 forwarding task 33
69 Worker 1 accepting task 24
69 Worker 0 accepting task 32
69 Worker 4 accepting task 33
69 Worker 0 processing task 29 requiring operations [2, 3, 4]
69 Worker 0 forwarding task 29
69 Worker 3 processing task 28 requiring operations [2]
69 Worker 3 forwarding task 28
69 Worker 1 processing task 24 requiring operations [7]
69 Worker 1 forwarding task 24
69 Worker 4 processing task 33 requiring operations [3, 5]
69 Worker 4 performing operation 5 on task 33
70 Generated task 35
70 Worker 3 accepting task 35
70 Worker 2 accepting task 29
70 Worker 1 accepting task 28
70 Worker 2 accepting task 24
70 Worker 4 accepting task 33
70 Worker 0 processing task 32 requiring operations [7, 5]
70 Worker 0 performing operation 5 on task 32
70 Worker 3 processing task 23 requiring operations [7]
70 Worker 3 forwarding task 23
70 Worker 1 processing task 28 requiring operations [2]
70 Worker 1 performing operation 2 on task 28
70 Worker 4 processing task 33 requiring operations [3]
70 Worker 4 performing operation 3 on task 33
70 Worker 2 processing task 29 requiring operations [2, 3, 4]
70 Worker 2 forwarding task 29
71 Worker 0 accepting task 32
71 Worker 0 accepting task 23
71 Task 28 completed!
71 Task 33 completed!
71 Worker 1 accepting task 29
71 Worker 0 processing task 32 requiring operations [7]
71 Worker 0 forwarding task 32
71 Worker 3 processing task 26 requiring operations [10]
71 Worker 3 performing operation 10 on task 26
71 Worker 2 processing task 24 requiring operations [7]
71 Worker 2 forwarding task 24
71 Worker 1 processing task 29 requiring operations [2, 3, 4]
71 Worker 1 performing operation 2 on task 29
72 Generated task 36
72 Worker 4 accepting task 36
72 Worker 3 accepting task 32
72 Task 26 completed!
72 Worker 0 accepting task 24
72 Worker 1 accepting task 29
72 Worker 0 processing task 23 requiring operations [7]
72 Worker 0 forwarding task 23
72 Worker 3 processing task 30 requiring operations [8]
72 Worker 3 forwarding task 30
72 Worker 1 processing task 29 requiring operations [3, 4]
72 Worker 1 performing operation 4 on task 29
72 Worker 4 processing task 36 requiring operations [7, 5, 2]
72 Worker 4 performing operation 7 on task 36
73 Worker 1 accepting task 23
73 Worker 1 accepting task 30
73 Worker 1 accepting task 29
73 Worker 4 accepting task 36
73 Worker 0 processing task 24 requiring operations [7]
73 Worker 0 forwarding task 24
73 Worker 3 processing task 34 requiring operations [2, 8, 3]
73 Worker 3 performing operation 3 on task 34
73 Worker 1 processing task 23 requiring operations [7]
73 Worker 1 forwarding task 23
73 Worker 4 processing task 36 requiring operations [5, 2]
73 Worker 4 performing operation 5 on task 36
74 Generated task 37
74 Worker 1 accepting task 37
74 Worker 3 accepting task 24
74 Worker 3 accepting task 34
74 Worker 4 accepting task 23
74 Worker 4 accepting task 36
74 Worker 3 processing task 27 requiring operations [7]
74 Worker 3 forwarding task 27
74 Worker 1 processing task 30 requiring operations [8]
74 Worker 1 forwarding task 30
74 Worker 4 processing task 23 requiring operations [7]
74 Worker 4 performing operation 7 on task 23
75 Worker 4 accepting task 27
75 Worker 0 accepting task 30
75 Task 23 completed!
75 Worker 3 processing task 31 requiring operations [8]
75 Worker 3 forwarding task 31
75 Worker 1 processing task 29 requiring operations [3]
75 Worker 1 forwarding task 29
75 Worker 4 processing task 36 requiring operations [2]
75 Worker 4 forwarding task 36
75 Worker 0 processing task 30 requiring operations [8]
75 Worker 0 forwarding task 30
76 Generated task 38
76 Worker 0 accepting task 38
76 Worker 0 accepting task 31
76 Worker 2 accepting task 29
76 Worker 1 accepting task 36
76 Worker 2 accepting task 30
76 Worker 3 processing task 35 requiring operations [1, 7, 4]
76 Worker 3 forwarding task 35
76 Worker 1 processing task 37 requiring operations [7, 6, 4]
76 Worker 1 performing operation 6 on task 37
76 Worker 4 processing task 27 requiring operations [7]
76 Worker 4 performing operation 7 on task 27
76 Worker 0 processing task 38 requiring operations [9, 2, 6]
76 Worker 0 performing operation 6 on task 38
76 Worker 2 processing task 29 requiring operations [3]
76 Worker 2 forwarding task 29
77 Worker 0 accepting task 35
77 Worker 1 accepting task 37
77 Task 27 completed!
77 Worker 0 accepting task 38
77 Worker 0 accepting task 29
77 Worker 3 processing task 32 requiring operations [7]
77 Worker 3 forwarding task 32
77 Worker 1 processing task 36 requiring operations [2]
77 Worker 1 performing operation 2 on task 36
77 Worker 0 processing task 31 requiring operations [8]
77 Worker 0 forwarding task 31
77 Worker 2 processing task 30 requiring operations [8]
77 Worker 2 performing operation 8 on task 30
78 Generated task 39
78 Worker 3 accepting task 39
78 Worker 0 accepting task 32
78 Task 36 completed!
78 Worker 2 accepting task 31
78 Task 30 completed!
78 Worker 3 processing task 24 requiring operations [7]
78 Worker 3 forwarding task 24
78 Worker 1 processing task 37 requiring operations [7, 4]
78 Worker 1 performing operation 4 on task 37
78 Worker 0 processing task 35 requiring operations [1, 7, 4]
78 Worker 0 performing operation 1 on task 35
78 Worker 2 processing task 31 requiring operations [8]
78 Worker 2 performing operation 8 on task 31
79 Worker 0 accepting task 24
79 Worker 1 accepting task 37
79 Worker 0 accepting task 35
79 Task 31 completed!
79 Worker 3 processing task 34 requiring operations [2, 8]
79 Worker 3 forwarding task 34
79 Worker 1 processing task 37 requiring operations [7]
79 Worker 1 forwarding task 37
79 Worker 0 processing task 38 requiring operations [9, 2]
79 Worker 0 forwarding task 38
80 Generated task 40
80 Worker 1 accepting task 40
80 Worker 4 accepting task 34
80 Worker 3 accepting task 37
80 Worker 2 accepting task 38
80 Worker 3 processing task 39 requiring operations [4, 6, 3]
80 Worker 3 performing operation 3 on task 39
80 Worker 1 processing task 40 requiring operations [2, 8, 3]
80 Worker 1 performing operation 2 on task 40
80 Worker 0 processing task 29 requiring operations [3]
80 Worker 0 forwarding task 29
80 Worker 4 processing task 34 requiring operations [2, 8]
80 Worker 4 forwarding task 34
80 Worker 2 processing task 38 requiring operations [9, 2]
80 Worker 2 forwarding task 38
81 Worker 3 accepting task 39
81 Worker 1 accepting task 40
81 Worker 3 accepting task 29
81 Worker 3 accepting task 34
81 Worker 1 accepting task 38
81 Worker 3 processing task 37 requiring operations [7]
81 Worker 3 forwarding task 37
81 Worker 1 processing task 40 requiring operations [8, 3]
81 Worker 1 forwarding task 40
81 Worker 0 processing task 32 requiring operations [7]
81 Worker 0 forwarding task 32
82 Generated task 41
82 Worker 2 accepting task 41
82 Worker 1 accepting task 37
82 Worker 0 accepting task 40
82 Worker 1 accepting task 32
82 Worker 3 processing task 39 requiring operations [4, 6]
82 Worker 3 performing operation 6 on task 39
82 Worker 1 processing task 38 requiring operations [9, 2]
82 Worker 1 performing operation 2 on task 38
82 Worker 0 processing task 24 requiring operations [7]
82 Worker 0 forwarding task 24
82 Worker 2 processing task 41 requiring operations [4, 6, 5]
82 Worker 2 forwarding task 41
83 Worker 3 accepting task 39
83 Worker 1 accepting task 38
83 Worker 3 accepting task 24
83 Worker 1 accepting task 41
83 Worker 3 processing task 29 requiring operations [3]
83 Worker 3 performing operation 3 on task 29
83 Worker 1 processing task 37 requiring operations [7]
83 Worker 1 forwarding task 37
83 Worker 0 processing task 35 requiring operations [7, 4]
83 Worker 0 forwarding task 35
84 Generated task 42
84 Worker 0 accepting task 42
84 Task 29 completed!
84 Worker 0 accepting task 37
84 Worker 2 accepting task 35
84 Worker 3 processing task 34 requiring operations [2, 8]
84 Worker 3 forwarding task 34
84 Worker 1 processing task 32 requiring operations [7]
84 Worker 1 forwarding task 32
84 Worker 0 processing task 40 requiring operations [8, 3]
84 Worker 0 forwarding task 40
84 Worker 2 processing task 35 requiring operations [7, 4]
84 Worker 2 forwarding task 35
85 Worker 4 accepting task 34
85 Worker 2 accepting task 32
85 Worker 1 accepting task 40
85 Worker 1 accepting task 35
85 Worker 3 processing task 39 requiring operations [4]
85 Worker 3 forwarding task 39
85 Worker 1 processing task 38 requiring operations [9]
85 Worker 1 forwarding task 38
85 Worker 0 processing task 42 requiring operations [8, 1, 9]
85 Worker 0 performing operation 1 on task 42
85 Worker 2 processing task 32 requiring operations [7]
85 Worker 2 forwarding task 32
85 Worker 4 processing task 34 requiring operations [2, 8]
85 Worker 4 forwarding task 34
86 Generated task 43
86 Worker 3 accepting task 43
86 Worker 0 accepting task 39
86 Worker 4 accepting task 38
86 Worker 0 accepting task 42
86 Worker 0 accepting task 32
86 Worker 1 accepting task 34
86 Worker 3 processing task 24 requiring operations [7]
86 Worker 3 forwarding task 24
86 Worker 1 processing task 41 requiring operations [4, 6, 5]
86 Worker 1 performing operation 4 on task 41
86 Worker 0 processing task 37 requiring operations [7]
86 Worker 0 forwarding task 37
86 Worker 4 processing task 38 requiring operations [9]
86 Worker 4 forwarding task 38
87 Worker 0 accepting task 24
87 Worker 1 accepting task 41
87 Worker 2 accepting task 37
87 Worker 3 accepting task 38
87 Worker 3 processing task 43 requiring operations [4, 1, 10]
87 Worker 3 performing operation 10 on task 43
87 Worker 1 processing task 40 requiring operations [8, 3]
87 Worker 1 forwarding task 40
87 Worker 0 processing task 39 requiring operations [4]
87 Worker 0 forwarding task 39
87 Worker 2 processing task 37 requiring operations [7]
87 Worker 2 forwarding task 37
88 Generated task 44
88 Worker 1 accepting task 44
88 Worker 3 accepting task 43
88 Worker 0 accepting task 40
88 Worker 3 accepting task 39
88 Worker 1 accepting task 37
88 Worker 3 processing task 38 requiring operations [9]
88 Worker 3 performing operation 9 on task 38
88 Worker 1 processing task 35 requiring operations [7, 4]
88 Worker 1 performing operation 4 on task 35
88 Worker 0 processing task 42 requiring operations [8, 9]
88 Worker 0 forwarding task 42
89 Task 38 completed!
89 Worker 1 accepting task 35
89 Worker 3 accepting task 42
89 Worker 3 processing task 43 requiring operations [4, 1]
89 Worker 3 forwarding task 43
89 Worker 1 processing task 34 requiring operations [2, 8]
89 Worker 1 performing operation 2 on task 34
89 Worker 0 processing task 32 requiring operations [7]
89 Worker 0 forwarding task 32
90 Generated task 45
90 Worker 0 accepting task 45
90 Worker 4 accepting task 43
90 Worker 1 accepting task 34
90 Worker 3 accepting task 32
90 Worker 3 processing task 39 requiring operations [4]
90 Worker 3 forwarding task 39
90 Worker 1 processing task 41 requiring operations [6, 5]
90 Worker 1 performing operation 6 on task 41
90 Worker 0 processing task 24 requiring operations [7]
90 Worker 0 forwarding task 24
90 Worker 4 processing task 43 requiring operations [4, 1]
90 Worker 4 forwarding task 43
91 Worker 4 accepting task 39
91 Worker 1 accepting task 41
91 Worker 3 accepting task 24
91 Worker 1 accepting task 43
91 Worker 3 processing task 42 requiring operations [8, 9]
91 Worker 3 performing operation 9 on task 42
91 Worker 1 processing task 44 requiring operations [7, 2, 5]
91 Worker 1 performing operation 2 on task 44
91 Worker 0 processing task 40 requiring operations [8, 3]
91 Worker 0 forwarding task 40
91 Worker 4 processing task 39 requiring operations [4]
91 Worker 4 forwarding task 39
92 Generated task 46
92 Worker 3 accepting task 46
92 Worker 3 accepting task 42
92 Worker 1 accepting task 44
92 Worker 2 accepting task 40
92 Worker 3 accepting task 39
92 Worker 3 processing task 32 requiring operations [7]
92 Worker 3 forwarding task 32
92 Worker 1 processing task 37 requiring operations [7]
92 Worker 1 forwarding task 37
92 Worker 0 processing task 45 requiring operations [9, 4, 8]
92 Worker 0 forwarding task 45
92 Worker 2 processing task 40 requiring operations [8, 3]
92 Worker 2 performing operation 8 on task 40
93 Worker 4 accepting task 32
93 Worker 0 accepting task 37
93 Worker 3 accepting task 45
93 Worker 2 accepting task 40
93 Worker 3 processing task 24 requiring operations [7]
93 Worker 3 forwarding task 24
93 Worker 1 processing task 35 requiring operations [7]
93 Worker 1 forwarding task 35
93 Worker 0 processing task 37 requiring operations [7]
93 Worker 0 forwarding task 37
93 Worker 2 processing task 40 requiring operations [3]
93 Worker 2 forwarding task 40
93 Worker 4 processing task 32 requiring operations [7]
93 Worker 4 performing operation 7 on task 32
94 Generated task 47
94 Worker 4 accepting task 47
94 Worker 0 accepting task 24
94 Worker 3 accepting task 35
94 Worker 1 accepting task 37
94 Worker 0 accepting task 40
94 Task 32 completed!
94 Worker 3 processing task 46 requiring operations [2, 5, 3]
94 Worker 3 performing operation 3 on task 46
94 Worker 1 processing task 34 requiring operations [8]
94 Worker 1 forwarding task 34
94 Worker 0 processing task 24 requiring operations [7]
94 Worker 0 forwarding task 24
94 Worker 4 processing task 47 requiring operations [1, 4, 2]
94 Worker 4 forwarding task 47
95 Worker 3 accepting task 46
95 Worker 2 accepting task 34
95 Worker 3 accepting task 24
95 Worker 3 accepting task 47
95 Worker 3 processing task 42 requiring operations [8]
95 Worker 3 forwarding task 42
95 Worker 1 processing task 41 requiring operations [5]
95 Worker 1 forwarding task 41
95 Worker 0 processing task 40 requiring operations [3]
95 Worker 0 forwarding task 40
95 Worker 2 processing task 34 requiring operations [8]
95 Worker 2 performing operation 8 on task 34
96 Generated task 48
96 Worker 2 accepting task 48
96 Worker 4 accepting task 42
96 Worker 2 accepting task 41
96 Worker 2 accepting task 40
96 Task 34 completed!
96 Worker 3 processing task 39 requiring operations [4]
96 Worker 3 forwarding task 39
96 Worker 1 processing task 43 requiring operations [4, 1]
96 Worker 1 performing operation 4 on task 43
96 Worker 2 processing task 48 requiring operations [7, 8, 3]
96 Worker 2 performing operation 8 on task 48
96 Worker 4 processing task 42 requiring operations [8]
96 Worker 4 forwarding task 42
97 Worker 0 accepting task 39
97 Worker 1 accepting task 43
97 Worker 2 accepting task 48
97 Worker 1 accepting task 42
97 Worker 3 processing task 45 requiring operations [9, 4, 8]
97 Worker 3 performing operation 9 on task 45
97 Worker 1 processing task 44 requiring operations [7, 5]
97 Worker 1 forwarding task 44
97 Worker 2 processing task 41 requiring operations [5]
97 Worker 2 forwarding task 41
97 Worker 0 processing task 39 requiring operations [4]
97 Worker 0 forwarding task 39
98 Generated task 49
98 Worker 0 accepting task 49
98 Worker 3 accepting task 45
98 Worker 0 accepting task 44
98 Worker 0 accepting task 41
98 Worker 2 accepting task 39
98 Worker 3 processing task 35 requiring operations [7]
98 Worker 3 forwarding task 35
98 Worker 1 processing task 37 requiring operations [7]
98 Worker 1 forwarding task 37
98 Worker 2 processing task 40 requiring operations [3]
98 Worker 2 forwarding task 40
98 Worker 0 processing task 49 requiring operations [7, 4, 8]
98 Worker 0 forwarding task 49
99 Worker 1 accepting task 35
99 Worker 2 accepting task 37
99 Worker 1 accepting task 40
99 Worker 2 accepting task 49
99 Worker 3 processing task 46 requiring operations [2, 5]
99 Worker 3 forwarding task 46
99 Worker 1 processing task 43 requiring operations [1]
99 Worker 1 forwarding task 43
99 Worker 2 processing task 48 requiring operations [7, 3]
99 Worker 2 forwarding task 48
99 Worker 0 processing task 44 requiring operations [7, 5]
99 Worker 0 performing operation 5 on task 44
100 Generated task 50
100 Worker 1 accepting task 50
100 Worker 4 accepting task 46
100 Worker 3 accepting task 43
100 Worker 1 accepting task 48
100 Worker 0 accepting task 44
100 Worker 3 processing task 24 requiring operations [7]
100 Worker 3 forwarding task 24
100 Worker 1 processing task 42 requiring operations [8]
100 Worker 1 forwarding task 42
100 Worker 2 processing task 39 requiring operations [4]
100 Worker 2 forwarding task 39
100 Worker 0 processing task 41 requiring operations [5]
100 Worker 0 performing operation 5 on task 41
100 Worker 4 processing task 46 requiring operations [2, 5]
100 Worker 4 performing operation 5 on task 46
101 Worker 4 accepting task 24
101 Worker 0 accepting task 42
101 Worker 1 accepting task 39
101 Task 41 completed!
101 Worker 4 accepting task 46
101 Worker 3 processing task 47 requiring operations [1, 4, 2]
101 Worker 3 forwarding task 47
101 Worker 1 processing task 35 requiring operations [7]
101 Worker 1 forwarding task 35
101 Worker 2 processing task 37 requiring operations [7]
101 Worker 2 forwarding task 37
101 Worker 0 processing task 44 requiring operations [7]
101 Worker 0 forwarding task 44
101 Worker 4 processing task 24 requiring operations [7]
101 Worker 4 performing operation 7 on task 24
102 Generated task 51
102 Worker 2 accepting task 51
102 Worker 1 accepting task 47
102 Worker 2 accepting task 35
102 Worker 1 accepting task 37
102 Worker 2 accepting task 44
102 Task 24 completed!
102 Worker 3 processing task 45 requiring operations [4, 8]
102 Worker 3 forwarding task 45
102 Worker 1 processing task 40 requiring operations [3]
102 Worker 1 forwarding task 40
102 Worker 2 processing task 49 requiring operations [7, 4, 8]
102 Worker 2 performing operation 8 on task 49
102 Worker 0 processing task 42 requiring operations [8]
102 Worker 0 forwarding task 42
102 Worker 4 processing task 46 requiring operations [2]
102 Worker 4 forwarding task 46
103 Worker 0 accepting task 45
103 Worker 2 accepting task 40
103 Worker 2 accepting task 49
103 Worker 3 accepting task 42
103 Worker 3 accepting task 46
103 Worker 3 processing task 43 requiring operations [1]
103 Worker 3 forwarding task 43
103 Worker 1 processing task 50 requiring operations [2, 6, 1]
103 Worker 1 performing operation 2 on task 50
103 Worker 2 processing task 51 requiring operations [10, 1, 8]
103 Worker 2 performing operation 8 on task 51
103 Worker 0 processing task 45 requiring operations [4, 8]
103 Worker 0 forwarding task 45
104 Generated task 52
104 Worker 0 accepting task 52
104 Worker 0 accepting task 43
104 Worker 1 accepting task 50
104 Worker 2 accepting task 51
104 Worker 3 accepting task 45
104 Worker 3 processing task 42 requiring operations [8]
104 Worker 3 forwarding task 42
104 Worker 1 processing task 48 requiring operations [7, 3]
104 Worker 1 forwarding task 48
104 Worker 2 processing task 35 requiring operations [7]
104 Worker 2 forwarding task 35
104 Worker 0 processing task 52 requiring operations [10, 5, 1]
104 Worker 0 performing operation 1 on task 52
105 Worker 1 accepting task 42
105 Worker 4 accepting task 48
105 Worker 0 accepting task 35
105 Worker 0 accepting task 52
105 Worker 3 processing task 46 requiring operations [2]
105 Worker 3 forwarding task 46
105 Worker 1 processing task 39 requiring operations [4]
105 Worker 1 performing operation 4 on task 39
105 Worker 2 processing task 44 requiring operations [7]
105 Worker 2 forwarding task 44
105 Worker 0 processing task 43 requiring operations [1]
105 Worker 0 performing operation 1 on task 43
105 Worker 4 processing task 48 requiring operations [7, 3]
105 Worker 4 performing operation 3 on task 48
106 Generated task 53
106 Worker 2 accepting task 53
106 Worker 1 accepting task 46
106 Task 39 completed!
106 Worker 1 accepting task 44
106 Task 43 completed!
106 Worker 4 accepting task 48
106 Worker 3 processing task 45 requiring operations [4, 8]
106 Worker 3 forwarding task 45
106 Worker 1 processing task 47 requiring operations [1, 4, 2]
106 Worker 1 performing operation 4 on task 47
106 Worker 2 processing task 40 requiring operations [3]
106 Worker 2 forwarding task 40
106 Worker 0 processing task 35 requiring operations [7]
106 Worker 0 forwarding task 35
106 Worker 4 processing task 48 requiring operations [7]
106 Worker 4 performing operation 7 on task 48
107 Worker 4 accepting task 45
107 Worker 1 accepting task 47
107 Worker 1 accepting task 40
107 Worker 3 accepting task 35
107 Task 48 completed!
107 Worker 1 processing task 37 requiring operations [7]
107 Worker 1 forwarding task 37
107 Worker 2 processing task 49 requiring operations [7, 4]
107 Worker 2 forwarding task 49
107 Worker 0 processing task 52 requiring operations [10, 5]
107 Worker 0 performing operation 5 on task 52
107 Worker 4 processing task 45 requiring operations [4, 8]
107 Worker 4 forwarding task 45
107 Worker 3 processing task 35 requiring operations [7]
107 Worker 3 forwarding task 35
108 Generated task 54
108 Worker 2 accepting task 54
108 Worker 2 accepting task 37
108 Worker 0 accepting task 49
108 Worker 0 accepting task 52
108 Worker 1 accepting task 45
108 Worker 1 accepting task 35
108 Worker 1 processing task 50 requiring operations [6, 1]
108 Worker 1 performing operation 6 on task 50
108 Worker 2 processing task 51 requiring operations [10, 1]
108 Worker 2 performing operation 1 on task 51
108 Worker 0 processing task 49 requiring operations [7, 4]
108 Worker 0 forwarding task 49
109 Worker 1 accepting task 50
109 Worker 2 accepting task 51
109 Worker 1 accepting task 49
109 Worker 1 processing task 42 requiring operations [8]
109 Worker 1 forwarding task 42
109 Worker 2 processing task 53 requiring operations [3, 10, 8]
109 Worker 2 performing operation 8 on task 53
109 Worker 0 processing task 52 requiring operations [10]
109 Worker 0 forwarding task 52
110 Generated task 55
110 Worker 0 accepting task 55
110 Worker 4 accepting task 42
110 Worker 2 accepting task 53
110 Worker 2 accepting task 52
110 Worker 1 processing task 46 requiring operations [2]
110 Worker 1 performing operation 2 on task 46
110 Worker 2 processing task 54 requiring operations [4, 3, 2]
110 Worker 2 forwarding task 54
110 Worker 0 processing task 55 requiring operations [2, 7, 9]
110 Worker 0 forwarding task 55
110 Worker 4 processing task 42 requiring operations [8]
110 Worker 4 forwarding task 42
111 Task 46 completed!
111 Worker 0 accepting task 54
111 Worker 2 accepting task 55
111 Worker 3 accepting task 42
111 Worker 1 processing task 44 requiring operations [7]
111 Worker 1 forwarding task 44
111 Worker 2 processing task 37 requiring operations [7]
111 Worker 2 forwarding task 37
111 Worker 0 processing task 54 requiring operations [4, 3, 2]
111 Worker 0 forwarding task 54
111 Worker 3 processing task 42 requiring operations [8]
111 Worker 3 forwarding task 42
112 Generated task 56
112 Worker 3 accepting task 56
112 Worker 0 accepting task 44
112 Worker 1 accepting task 37
112 Worker 2 accepting task 54
112 Worker 4 accepting task 42
112 Worker 1 processing task 47 requiring operations [1, 2]
112 Worker 1 performing operation 2 on task 47
112 Worker 2 processing task 51 requiring operations [10]
112 Worker 2 forwarding task 51
112 Worker 0 processing task 44 requiring operations [7]
112 Worker 0 forwarding task 44
112 Worker 3 processing task 56 requiring operations [4, 6, 7]
112 Worker 3 performing operation 6 on task 56
112 Worker 4 processing task 42 requiring operations [8]
112 Worker 4 forwarding task 42
113 Worker 1 accepting task 47
113 Worker 1 accepting task 51
113 Worker 3 accepting task 44
113 Worker 3 accepting task 56
113 Worker 1 accepting task 42
113 Worker 1 processing task 40 requiring operations [3]
113 Worker 1 forwarding task 40
113 Worker 2 processing task 53 requiring operations [3, 10]
113 Worker 2 forwarding task 53
113 Worker 3 processing task 44 requiring operations [7]
113 Worker 3 forwarding task 44
114 Generated task 57
114 Worker 3 accepting task 57
114 Worker 3 accepting task 40
114 Worker 1 accepting task 53
114 Worker 4 accepting task 44
114 Worker 1 processing task 45 requiring operations [4, 8]
114 Worker 1 performing operation 4 on task 45
114 Worker 2 processing task 52 requiring operations [10]
114 Worker 2 forwarding task 52
114 Worker 3 processing task 56 requiring operations [4, 7]
114 Worker 3 forwarding task 56
114 Worker 4 processing task 44 requiring operations [7]
114 Worker 4 performing operation 7 on task 44
115 Worker 1 accepting task 45
115 Worker 0 accepting task 52
115 Worker 4 accepting task 56
115 Task 44 completed!
115 Worker 1 processing task 35 requiring operations [7]
115 Worker 1 forwarding task 35
115 Worker 2 processing task 55 requiring operations [2, 7, 9]
115 Worker 2 forwarding task 55
115 Worker 3 processing task 57 requiring operations [2, 6, 4]
115 Worker 3 performing operation 6 on task 57
115 Worker 4 processing task 56 requiring operations [4, 7]
115 Worker 4 performing operation 7 on task 56
115 Worker 0 processing task 52 requiring operations [10]
115 Worker 0 forwarding task 52
116 Generated task 58
116 Worker 2 accepting task 58
116 Worker 4 accepting task 35
116 Worker 1 accepting task 55
116 Worker 3 accepting task 57
116 Worker 4 accepting task 56
116 Worker 1 accepting task 52
116 Worker 1 processing task 50 requiring operations [1]
116 Worker 1 forwarding task 50
116 Worker 2 processing task 54 requiring operations [4, 3, 2]
116 Worker 2 forwarding task 54
116 Worker 3 processing task 40 requiring operations [3]
116 Worker 3 performing operation 3 on task 40
116 Worker 4 processing task 35 requiring operations [7]
116 Worker 4 performing operation 7 on task 35
117 Worker 3 accepting task 50
117 Worker 1 accepting task 54
117 Task 40 completed!
117 Task 35 completed!
117 Worker 1 processing task 49 requiring operations [7, 4]
117 Worker 1 performing operation 4 on task 49
117 Worker 2 processing task 58 requiring operations [8, 2, 9]
117 Worker 2 performing operation 8 on task 58
117 Worker 3 processing task 57 requiring operations [2, 4]
117 Worker 3 forwarding task 57
117 Worker 4 processing task 56 requiring operations [4]
117 Worker 4 forwarding task 56
118 Generated task 59
118 Worker 1 accepting task 59
118 Worker 1 accepting task 49
118 Worker 2 accepting task 58
118 Worker 1 accepting task 57
118 Worker 3 accepting task 56
118 Worker 1 processing task 37 requiring operations [7]
118 Worker 1 forwarding task 37
118 Worker 2 processing task 58 requiring operations [2, 9]
118 Worker 2 forwarding task 58
118 Worker 3 processing task 50 requiring operations [1]
118 Worker 3 forwarding task 50
119 Worker 0 accepting task 37
119 Worker 1 accepting task 58
119 Worker 0 accepting task 50
119 Worker 1 processing task 47 requiring operations [1]
119 Worker 1 forwarding task 47
119 Worker 3 processing task 56 requiring operations [4]
119 Worker 3 forwarding task 56
119 Worker 0 processing task 37 requiring operations [7]
119 Worker 0 forwarding task 37
120 Generated task 60
120 Worker 3 accepting task 60
120 Worker 2 accepting task 47
120 Worker 1 accepting task 56
120 Worker 3 accepting task 37
120 Worker 1 processing task 51 requiring operations [10]
120 Worker 1 forwarding task 51
120 Worker 3 processing task 60 requiring operations [5, 2, 9]
120 Worker 3 performing operation 9 on task 60
120 Worker 0 processing task 50 requiring operations [1]
120 Worker 0 performing operation 1 on task 50
120 Worker 2 processing task 47 requiring operations [1]
120 Worker 2 performing operation 1 on task 47
121 Worker 3 accepting task 51
121 Worker 3 accepting task 60
121 Task 50 completed!
121 Task 47 completed!
121 Worker 1 processing task 42 requiring operations [8]
121 Worker 1 forwarding task 42
121 Worker 3 processing task 37 requiring operations [7]
121 Worker 3 forwarding task 37
122 Generated task 61
122 Worker 4 accepting task 61
122 Worker 3 accepting task 42
122 Worker 1 accepting task 37
122 Worker 1 processing task 53 requiring operations [3, 10]
122 Worker 1 forwarding task 53
122 Worker 3 processing task 51 requiring operations [10]
122 Worker 3 performing operation 10 on task 51
122 Worker 4 processing task 61 requiring operations [7, 8, 3]
122 Worker 4 performing operation 3 on task 61
123 Worker 0 accepting task 53
123 Task 51 completed!
123 Worker 4 accepting task 61
123 Worker 1 processing task 45 requiring operations [8]
123 Worker 1 forwarding task 45
123 Worker 3 processing task 60 requiring operations [5, 2]
123 Worker 3 forwarding task 60
123 Worker 4 processing task 61 requiring operations [7, 8]
123 Worker 4 performing operation 7 on task 61
123 Worker 0 processing task 53 requiring operations [3, 10]
123 Worker 0 forwarding task 53
124 Generated task 62
124 Worker 0 accepting task 62
124 Worker 4 accepting task 45
124 Worker 1 accepting task 60
124 Worker 4 accepting task 61
124 Worker 1 accepting task 53
124 Worker 1 processing task 55 requiring operations [2, 7, 9]
124 Worker 1 performing operation 2 on task 55
124 Worker 3 processing task 42 requiring operations [8]
124 Worker 3 forwarding task 42
124 Worker 4 processing task 45 requiring operations [8]
124 Worker 4 forwarding task 45
124 Worker 0 processing task 62 requiring operations [7, 2, 3]
124 Worker 0 forwarding task 62
125 Worker 1 accepting task 55
125 Worker 0 accepting task 42
125 Worker 1 accepting task 45
125 Worker 1 accepting task 62
125 Worker 1 processing task 52 requiring operations [10]
125 Worker 1 forwarding task 52
125 Worker 4 processing task 61 requiring operations [8]
125 Worker 4 forwarding task 61
125 Worker 0 processing task 42 requiring operations [8]
125 Worker 0 forwarding task 42
126 Generated task 63
126 Worker 0 accepting task 63
126 Worker 0 accepting task 52
126 Worker 3 accepting task 61
126 Worker 2 accepting task 42
126 Worker 1 processing task 54 requiring operations [4, 3, 2]
126 Worker 1 performing operation 2 on task 54
126 Worker 0 processing task 63 requiring operations [4, 8, 2]
126 Worker 0 forwarding task 63
126 Worker 3 processing task 61 requiring operations [8]
126 Worker 3 forwarding task 61
126 Worker 2 processing task 42 requiring operations [8]
126 Worker 2 performing operation 8 on task 42
127 Worker 1 accepting task 54
127 Worker 1 accepting task 63
127 Worker 4 accepting task 61
127 Task 42 completed!
127 Worker 1 processing task 59 requiring operations [6, 7, 8]
127 Worker 1 performing operation 6 on task 59
127 Worker 0 processing task 52 requiring operations [10]
127 Worker 0 forwarding task 52
127 Worker 4 processing task 61 requiring operations [8]
127 Worker 4 forwarding task 61
128 Generated task 64
128 Worker 1 accepting task 64
128 Worker 1 accepting task 59
128 Worker 3 accepting task 52
128 Worker 3 accepting task 61
128 Worker 1 processing task 49 requiring operations [7]
128 Worker 1 forwarding task 49
128 Worker 3 processing task 52 requiring operations [10]
128 Worker 3 performing operation 10 on task 52
129 Worker 0 accepting task 49
129 Task 52 completed!
129 Worker 1 processing task 57 requiring operations [2, 4]
129 Worker 1 performing operation 4 on task 57
129 Worker 3 processing task 61 requiring operations [8]
129 Worker 3 forwarding task 61
129 Worker 0 processing task 49 requiring operations [7]
129 Worker 0 forwarding task 49
130 Generated task 65
130 Worker 1 accepting task 65
130 Worker 1 accepting task 57
130 Worker 4 accepting task 61
130 Worker 2 accepting task 49
130 Worker 1 processing task 58 requiring operations [2, 9]
130 Worker 1 performing operation 2 on task 58
130 Worker 4 processing task 61 requiring operations [8]
130 Worker 4 forwarding task 61
130 Worker 2 processing task 49 requiring operations [7]
130 Worker 2 forwarding task 49
131 Worker 1 accepting task 58
131 Worker 3 accepting task 61
131 Worker 1 accepting task 49
131 Worker 1 processing task 56 requiring operations [4]
131 Worker 1 performing operation 4 on task 56
131 Worker 3 processing task 61 requiring operations [8]
131 Worker 3 forwarding task 61
132 Generated task 66
132 Worker 2 accepting task 66
132 Task 56 completed!
132 Worker 1 accepting task 61
132 Worker 1 processing task 37 requiring operations [7]
132 Worker 1 forwarding task 37
132 Worker 2 processing task 66 requiring operations [7, 3, 10]
132 Worker 2 forwarding task 66
133 Worker 0 accepting task 37
133 Worker 1 accepting task 66
133 Worker 1 processing task 60 requiring operations [5, 2]
133 Worker 1 performing operation 2 on task 60
133 Worker 0 processing task 37 requiring operations [7]
133 Worker 0 forwarding task 37
134 Generated task 67
134 Worker 3 accepting task 67
134 Worker 1 accepting task 60
134 Worker 1 accepting task 37
134 Worker 1 processing task 53 requiring operations [3, 10]
134 Worker 1 forwarding task 53
134 Worker 3 processing task 67 requiring operations [9, 2, 8]
134 Worker 3 performing operation 9 on task 67
135 Worker 0 accepting task 53
135 Worker 3 accepting task 67
135 Worker 1 processing task 55 requiring operations [7, 9]
135 Worker 1 forwarding task 55
135 Worker 3 processing task 67 requiring operations [2, 8]
135 Worker 3 forwarding task 67
135 Worker 0 processing task 53 requiring operations [3, 10]
135 Worker 0 forwarding task 53
136 Generated task 68
136 Worker 2 accepting task 68
136 Worker 0 accepting task 55
136 Worker 1 accepting task 67
136 Worker 3 accepting task 53
136 Worker 1 processing task 45 requiring operations [8]
136 Worker 1 forwarding task 45
136 Worker 0 processing task 55 requiring operations [7, 9]
136 Worker 0 forwarding task 55
136 Worker 2 processing task 68 requiring operations [1, 8, 10]
136 Worker 2 performing operation 1 on task 68
136 Worker 3 processing task 53 requiring operations [3, 10]
136 Worker 3 performing operation 10 on task 53
137 Worker 3 accepting task 45
137 Worker 3 accepting task 55
137 Worker 2 accepting task 68
137 Worker 3 accepting task 53
137 Worker 1 processing task 62 requiring operations [7, 2, 3]
137 Worker 1 performing operation 2 on task 62
137 Worker 2 processing task 68 requiring operations [8, 10]
137 Worker 2 performing operation 8 on task 68
137 Worker 3 processing task 45 requiring operations [8]
137 Worker 3 forwarding task 45
138 Generated task 69
138 Worker 1 accepting task 69
138 Worker 1 accepting task 62
138 Worker 2 accepting task 68
138 Worker 1 accepting task 45
138 Worker 1 processing task 54 requiring operations [4, 3]
138 Worker 1 performing operation 4 on task 54
138 Worker 2 processing task 68 requiring operations [10]
138 Worker 2 forwarding task 68
138 Worker 3 processing task 55 requiring operations [7, 9]
138 Worker 3 performing operation 9 on task 55
139 Worker 1 accepting task 54
139 Worker 1 accepting task 68
139 Worker 3 accepting task 55
139 Worker 1 processing task 63 requiring operations [4, 8, 2]
139 Worker 1 performing operation 2 on task 63
139 Worker 3 processing task 53 requiring operations [3]
139 Worker 3 performing operation 3 on task 53
140 Generated task 70
140 Worker 2 accepting task 70
140 Worker 1 accepting task 63
140 Task 53 completed!
140 Worker 1 processing task 64 requiring operations [1, 6, 2]
140 Worker 1 performing operation 6 on task 64
140 Worker 3 processing task 55 requiring operations [7]
140 Worker 3 forwarding task 55
140 Worker 2 processing task 70 requiring operations [7, 10, 9]
140 Worker 2 forwarding task 70
