Worker 0 can perform operations {10, 3, 4, 5}
Worker 1 can perform operations {3, 7}
Worker 2 can perform operations {1, 3, 5, 9}
Worker 3 can perform operations {6}
Worker 4 can perform operations {8, 2, 4}
Building network type random
Worker 0 connecting to worker 1
Worker 1 connecting to worker 0
Worker 0 connecting to worker 3
Worker 3 connecting to worker 0
Worker 1 connecting to worker 4
Worker 4 connecting to worker 1
Worker 2 connecting to worker 4
Worker 4 connecting to worker 2
Worker 2 connecting to worker 1
Worker 1 connecting to worker 2
Worker 3 connecting to worker 4
Worker 4 connecting to worker 3
Entry nodes are [0, 1, 2, 3, 4]
0 Generated task 0
0 Worker 4 accepting task 0
0 Worker 4 processing task 0 requiring operations [2, 10, 3]
0 Worker 4 performing operation 2 on task 0
1 Worker 4 accepting task 0
1 Worker 4 processing task 0 requiring operations [10, 3]
1 Worker 4 forwarding task 0
2 Generated task 1
2 Worker 2 accepting task 1
2 Worker 3 accepting task 0
2 Worker 2 processing task 1 requiring operations [2, 7, 3]
2 Worker 2 performing operation 3 on task 1
2 Worker 3 processing task 0 requiring operations [10, 3]
2 Worker 3 forwarding task 0
3 Worker 2 accepting task 1
3 Worker 4 accepting task 0
3 Worker 2 processing task 1 requiring operations [2, 7]
3 Worker 2 forwarding task 1
3 Worker 4 processing task 0 requiring operations [10, 3]
3 Worker 4 forwarding task 0
4 Generated task 2
4 Worker 2 accepting task 2
4 Worker 4 accepting task 1
4 Worker 3 accepting task 0
4 Worker 2 processing task 2 requiring operations [6, 9, 2]
4 Worker 2 performing operation 9 on task 2
4 Worker 4 processing task 1 requiring operations [2, 7]
4 Worker 4 performing operation 2 on task 1
4 Worker 3 processing task 0 requiring operations [10, 3]
4 Worker 3 forwarding task 0
5 Worker 2 accepting task 2
5 Worker 4 accepting task 1
5 Worker 0 accepting task 0
5 Worker 2 processing task 2 requiring operations [6, 2]
5 Worker 2 forwarding task 2
5 Worker 4 processing task 1 requiring operations [7]
5 Worker 4 forwarding task 1
5 Worker 0 processing task 0 requiring operations [10, 3]
5 Worker 0 performing operation 3 on task 0
6 Generated task 3
6 Worker 0 accepting task 3
6 Worker 4 accepting task 2
6 Worker 3 accepting task 1
6 Worker 0 accepting task 0
6 Worker 4 processing task 2 requiring operations [6, 2]
6 Worker 4 performing operation 2 on task 2
6 Worker 0 processing task 3 requiring operations [5, 10, 7]
6 Worker 0 performing operation 10 on task 3
6 Worker 3 processing task 1 requiring operations [7]
6 Worker 3 forwarding task 1
7 Worker 4 accepting task 2
7 Worker 0 accepting task 3
7 Worker 4 accepting task 1
7 Worker 4 processing task 2 requiring operations [6]
7 Worker 4 forwarding task 2
7 Worker 0 processing task 0 requiring operations [10]
7 Worker 0 performing operation 10 on task 0
8 Generated task 4
8 Worker 4 accepting task 4
8 Worker 3 accepting task 2
8 Task 0 completed!
8 Worker 4 processing task 1 requiring operations [7]
8 Worker 4 forwarding task 1
8 Worker 0 processing task 3 requiring operations [5, 7]
8 Worker 0 performing operation 5 on task 3
8 Worker 3 processing task 2 requiring operations [6]
8 Worker 3 performing operation 6 on task 2
9 Worker 3 accepting task 1
9 Worker 0 accepting task 3
9 Task 2 completed!
9 Worker 4 processing task 4 requiring operations [8, 10, 5]
9 Worker 4 performing operation 8 on task 4
9 Worker 0 processing task 3 requiring operations [7]
9 Worker 0 forwarding task 3
9 Worker 3 processing task 1 requiring operations [7]
9 Worker 3 forwarding task 1
10 Generated task 5
10 Worker 4 accepting task 5
10 Worker 4 accepting task 4
10 Worker 1 accepting task 3
10 Worker 0 accepting task 1
10 Worker 4 processing task 5 requiring operations [4, 1, 3]
10 Worker 4 performing operation 4 on task 5
10 Worker 1 processing task 3 requiring operations [7]
10 Worker 1 performing operation 7 on task 3
10 Worker 0 processing task 1 requiring operations [7]
10 Worker 0 forwarding task 1
11 Worker 4 accepting task 5
11 Task 3 completed!
11 Worker 1 accepting task 1
11 Worker 4 processing task 4 requiring operations [10, 5]
11 Worker 4 forwarding task 4
11 Worker 1 processing task 1 requiring operations [7]
11 Worker 1 performing operation 7 on task 1
12 Generated task 6
12 Worker 2 accepting task 6
12 Worker 1 accepting task 4
12 Task 1 completed!
12 Worker 4 processing task 5 requiring operations [1, 3]
12 Worker 4 forwarding task 5
12 Worker 1 processing task 4 requiring operations [10, 5]
12 Worker 1 forwarding task 4
12 Worker 2 processing task 6 requiring operations [1, 9, 8]
12 Worker 2 performing operation 1 on task 6
13 Worker 2 accepting task 5
13 Worker 2 accepting task 4
13 Worker 2 accepting task 6
13 Worker 2 processing task 5 requiring operations [1, 3]
13 Worker 2 performing operation 3 on task 5
14 Generated task 7
14 Worker 4 accepting task 7
14 Worker 2 accepting task 5
14 Worker 2 processing task 4 requiring operations [10, 5]
14 Worker 2 performing operation 5 on task 4
14 Worker 4 processing task 7 requiring operations [7, 8, 1]
14 Worker 4 performing operation 8 on task 7
15 Worker 2 accepting task 4
15 Worker 4 accepting task 7
15 Worker 2 processing task 6 requiring operations [9, 8]
15 Worker 2 performing operation 9 on task 6
15 Worker 4 processing task 7 requiring operations [7, 1]
15 Worker 4 forwarding task 7
16 Generated task 8
16 Worker 3 accepting task 8
16 Worker 2 accepting task 6
16 Worker 2 accepting task 7
16 Worker 2 processing task 5 requiring operations [1]
16 Worker 2 performing operation 1 on task 5
16 Worker 3 processing task 8 requiring operations [3, 5, 8]
16 Worker 3 forwarding task 8
17 Task 5 completed!
17 Worker 0 accepting task 8
17 Worker 2 processing task 4 requiring operations [10]
17 Worker 2 forwarding task 4
17 Worker 0 processing task 8 requiring operations [3, 5, 8]
17 Worker 0 performing operation 5 on task 8
18 Generated task 9
18 Worker 0 accepting task 9
18 Worker 1 accepting task 4
18 Worker 0 accepting task 8
18 Worker 2 processing task 6 requiring operations [8]
18 Worker 2 forwarding task 6
18 Worker 0 processing task 9 requiring operations [5, 9, 7]
18 Worker 0 performing operation 5 on task 9
18 Worker 1 processing task 4 requiring operations [10]
18 Worker 1 forwarding task 4
19 Worker 1 accepting task 6
19 Worker 0 accepting task 9
19 Worker 0 accepting task 4
19 Worker 2 processing task 7 requiring operations [7, 1]
19 Worker 2 performing operation 1 on task 7
19 Worker 0 processing task 8 requiring operations [3, 8]
19 Worker 0 performing operation 3 on task 8
19 Worker 1 processing task 6 requiring operations [8]
19 Worker 1 forwarding task 6
20 Generated task 10
20 Worker 1 accepting task 10
20 Worker 2 accepting task 7
20 Worker 0 accepting task 8
20 Worker 0 accepting task 6
20 Worker 2 processing task 7 requiring operations [7]
20 Worker 2 forwarding task 7
20 Worker 0 processing task 9 requiring operations [9, 7]
20 Worker 0 forwarding task 9
20 Worker 1 processing task 10 requiring operations [3, 10, 1]
20 Worker 1 performing operation 3 on task 10
21 Worker 4 accepting task 7
21 Worker 1 accepting task 9
21 Worker 1 accepting task 10
21 Worker 0 processing task 4 requiring operations [10]
21 Worker 0 performing operation 10 on task 4
21 Worker 1 processing task 9 requiring operations [9, 7]
21 Worker 1 performing operation 7 on task 9
21 Worker 4 processing task 7 requiring operations [7]
21 Worker 4 forwarding task 7
22 Generated task 11
22 Worker 1 accepting task 11
22 Task 4 completed!
22 Worker 1 accepting task 9
22 Worker 1 accepting task 7
22 Worker 0 processing task 8 requiring operations [8]
22 Worker 0 forwarding task 8
22 Worker 1 processing task 10 requiring operations [10, 1]
22 Worker 1 forwarding task 10
23 Worker 1 accepting task 8
23 Worker 4 accepting task 10
23 Worker 0 processing task 6 requiring operations [8]
23 Worker 0 forwarding task 6
23 Worker 1 processing task 11 requiring operations [7, 10, 4]
23 Worker 1 performing operation 7 on task 11
23 Worker 4 processing task 10 requiring operations [10, 1]
23 Worker 4 forwarding task 10
24 Generated task 12
24 Worker 0 accepting task 12
24 Worker 3 accepting task 6
24 Worker 1 accepting task 11
24 Worker 3 accepting task 10
24 Worker 0 processing task 12 requiring operations [7, 9, 5]
24 Worker 0 performing operation 5 on task 12
24 Worker 1 processing task 9 requiring operations [9]
24 Worker 1 forwarding task 9
24 Worker 3 processing task 6 requiring operations [8]
24 Worker 3 forwarding task 6
25 Worker 0 accepting task 12
25 Worker 2 accepting task 9
25 Worker 4 accepting task 6
25 Worker 0 processing task 12 requiring operations [7, 9]
25 Worker 0 forwarding task 12
25 Worker 1 processing task 7 requiring operations [7]
25 Worker 1 performing operation 7 on task 7
25 Worker 3 processing task 10 requiring operations [10, 1]
25 Worker 3 forwarding task 10
25 Worker 2 processing task 9 requiring operations [9]
25 Worker 2 performing operation 9 on task 9
25 Worker 4 processing task 6 requiring operations [8]
25 Worker 4 performing operation 8 on task 6
26 Generated task 13
26 Worker 4 accepting task 13
26 Worker 1 accepting task 12
26 Task 7 completed!
26 Worker 4 accepting task 10
26 Task 9 completed!
26 Task 6 completed!
26 Worker 1 processing task 8 requiring operations [8]
26 Worker 1 forwarding task 8
26 Worker 4 processing task 13 requiring operations [2, 1, 10]
26 Worker 4 performing operation 2 on task 13
27 Worker 2 accepting task 8
27 Worker 4 accepting task 13
27 Worker 1 processing task 11 requiring operations [10, 4]
27 Worker 1 forwarding task 11
27 Worker 4 processing task 10 requiring operations [10, 1]
27 Worker 4 forwarding task 10
27 Worker 2 processing task 8 requiring operations [8]
27 Worker 2 forwarding task 8
28 Generated task 14
28 Worker 1 accepting task 14
28 Worker 0 accepting task 11
28 Worker 2 accepting task 10
28 Worker 1 accepting task 8
28 Worker 1 processing task 12 requiring operations [7, 9]
28 Worker 1 performing operation 7 on task 12
28 Worker 4 processing task 13 requiring operations [1, 10]
28 Worker 4 forwarding task 13
28 Worker 2 processing task 10 requiring operations [10, 1]
28 Worker 2 performing operation 1 on task 10
28 Worker 0 processing task 11 requiring operations [10, 4]
28 Worker 0 performing operation 10 on task 11
29 Worker 1 accepting task 12
29 Worker 3 accepting task 13
29 Worker 2 accepting task 10
29 Worker 0 accepting task 11
29 Worker 1 processing task 14 requiring operations [2, 3, 5]
29 Worker 1 performing operation 3 on task 14
29 Worker 2 processing task 10 requiring operations [10]
29 Worker 2 forwarding task 10
29 Worker 0 processing task 11 requiring operations [4]
29 Worker 0 performing operation 4 on task 11
29 Worker 3 processing task 13 requiring operations [1, 10]
29 Worker 3 forwarding task 13
30 Generated task 15
30 Worker 3 accepting task 15
30 Worker 1 accepting task 14
30 Worker 4 accepting task 10
30 Task 11 completed!
30 Worker 0 accepting task 13
30 Worker 1 processing task 8 requiring operations [8]
30 Worker 1 forwarding task 8
30 Worker 3 processing task 15 requiring operations [7, 1, 4]
30 Worker 3 forwarding task 15
30 Worker 4 processing task 10 requiring operations [10]
30 Worker 4 forwarding task 10
30 Worker 0 processing task 13 requiring operations [1, 10]
30 Worker 0 performing operation 10 on task 13
31 Worker 4 accepting task 8
31 Worker 4 accepting task 15
31 Worker 2 accepting task 10
31 Worker 0 accepting task 13
31 Worker 1 processing task 12 requiring operations [9]
31 Worker 1 forwarding task 12
31 Worker 4 processing task 8 requiring operations [8]
31 Worker 4 performing operation 8 on task 8
31 Worker 0 processing task 13 requiring operations [1]
31 Worker 0 forwarding task 13
31 Worker 2 processing task 10 requiring operations [10]
31 Worker 2 forwarding task 10
32 Generated task 16
32 Worker 3 accepting task 16
32 Worker 4 accepting task 12
32 Task 8 completed!
32 Worker 3 accepting task 13
32 Worker 1 accepting task 10
32 Worker 1 processing task 14 requiring operations [2, 5]
32 Worker 1 forwarding task 14
32 Worker 4 processing task 15 requiring operations [7, 1, 4]
32 Worker 4 performing operation 4 on task 15
32 Worker 3 processing task 16 requiring operations [6, 7, 5]
32 Worker 3 performing operation 6 on task 16
33 Worker 4 accepting task 14
33 Worker 4 accepting task 15
33 Worker 3 accepting task 16
33 Worker 1 processing task 10 requiring operations [10]
33 Worker 1 forwarding task 10
33 Worker 4 processing task 12 requiring operations [9]
33 Worker 4 forwarding task 12
33 Worker 3 processing task 13 requiring operations [1]
33 Worker 3 forwarding task 13
34 Generated task 17
34 Worker 1 accepting task 17
34 Worker 4 accepting task 10
34 Worker 1 accepting task 12
34 Worker 0 accepting task 13
34 Worker 1 processing task 17 requiring operations [6, 7, 2]
34 Worker 1 performing operation 7 on task 17
34 Worker 4 processing task 14 requiring operations [2, 5]
34 Worker 4 performing operation 2 on task 14
34 Worker 3 processing task 16 requiring operations [7, 5]
34 Worker 3 forwarding task 16
34 Worker 0 processing task 13 requiring operations [1]
34 Worker 0 forwarding task 13
35 Worker 1 accepting task 17
35 Worker 4 accepting task 14
35 Worker 0 accepting task 16
35 Worker 1 accepting task 13
35 Worker 1 processing task 12 requiring operations [9]
35 Worker 1 forwarding task 12
35 Worker 4 processing task 15 requiring operations [7, 1]
35 Worker 4 forwarding task 15
35 Worker 0 processing task 16 requiring operations [7, 5]
35 Worker 0 performing operation 5 on task 16
36 Generated task 18
36 Worker 4 accepting task 18
36 Worker 4 accepting task 12
36 Worker 1 accepting task 15
36 Worker 0 accepting task 16
36 Worker 1 processing task 17 requiring operations [6, 2]
36 Worker 1 forwarding task 17
36 Worker 4 processing task 10 requiring operations [10]
36 Worker 4 forwarding task 10
36 Worker 0 processing task 16 requiring operations [7]
36 Worker 0 forwarding task 16
37 Worker 0 accepting task 17
37 Worker 1 accepting task 10
37 Worker 3 accepting task 16
37 Worker 1 processing task 13 requiring operations [1]
37 Worker 1 forwarding task 13
37 Worker 4 processing task 14 requiring operations [5]
37 Worker 4 forwarding task 14
37 Worker 0 processing task 17 requiring operations [6, 2]
37 Worker 0 forwarding task 17
37 Worker 3 processing task 16 requiring operations [7]
37 Worker 3 forwarding task 16
38 Generated task 19
38 Worker 1 accepting task 19
38 Worker 4 accepting task 13
38 Worker 2 accepting task 14
38 Worker 3 accepting task 17
38 Worker 0 accepting task 16
38 Worker 1 processing task 15 requiring operations [7, 1]
38 Worker 1 performing operation 7 on task 15
38 Worker 4 processing task 18 requiring operations [5, 7, 2]
38 Worker 4 performing operation 2 on task 18
38 Worker 3 processing task 17 requiring operations [6, 2]
38 Worker 3 performing operation 6 on task 17
38 Worker 2 processing task 14 requiring operations [5]
38 Worker 2 performing operation 5 on task 14
38 Worker 0 processing task 16 requiring operations [7]
38 Worker 0 forwarding task 16
39 Worker 1 accepting task 15
39 Worker 4 accepting task 18
39 Worker 3 accepting task 17
39 Task 14 completed!
39 Worker 1 accepting task 16
39 Worker 1 processing task 10 requiring operations [10]
39 Worker 1 forwarding task 10
39 Worker 4 processing task 12 requiring operations [9]
39 Worker 4 forwarding task 12
39 Worker 3 processing task 17 requiring operations [2]
39 Worker 3 forwarding task 17
40 Generated task 20
40 Worker 3 accepting task 20
40 Worker 2 accepting task 10
40 Worker 2 accepting task 12
40 Worker 4 accepting task 17
40 Worker 1 processing task 19 requiring operations [6, 2, 10]
40 Worker 1 forwarding task 19
40 Worker 4 processing task 13 requiring operations [1]
40 Worker 4 forwarding task 13
40 Worker 3 processing task 20 requiring operations [8, 7, 6]
40 Worker 3 performing operation 6 on task 20
40 Worker 2 processing task 10 requiring operations [10]
40 Worker 2 forwarding task 10
41 Worker 2 accepting task 19
41 Worker 2 accepting task 13
41 Worker 3 accepting task 20
41 Worker 1 accepting task 10
41 Worker 1 processing task 15 requiring operations [1]
41 Worker 1 forwarding task 15
41 Worker 4 processing task 18 requiring operations [5, 7]
41 Worker 4 forwarding task 18
41 Worker 3 processing task 20 requiring operations [8, 7]
41 Worker 3 forwarding task 20
41 Worker 2 processing task 12 requiring operations [9]
41 Worker 2 performing operation 9 on task 12
42 Generated task 21
42 Worker 1 accepting task 21
42 Worker 4 accepting task 15
42 Worker 2 accepting task 18
42 Worker 0 accepting task 20
42 Task 12 completed!
42 Worker 1 processing task 16 requiring operations [7]
42 Worker 1 performing operation 7 on task 16
42 Worker 4 processing task 17 requiring operations [2]
42 Worker 4 performing operation 2 on task 17
42 Worker 2 processing task 19 requiring operations [6, 2, 10]
42 Worker 2 forwarding task 19
42 Worker 0 processing task 20 requiring operations [8, 7]
42 Worker 0 forwarding task 20
43 Task 16 completed!
43 Task 17 completed!
43 Worker 1 accepting task 19
43 Worker 3 accepting task 20
43 Worker 1 processing task 10 requiring operations [10]
43 Worker 1 forwarding task 10
43 Worker 4 processing task 15 requiring operations [1]
43 Worker 4 forwarding task 15
43 Worker 2 processing task 13 requiring operations [1]
43 Worker 2 performing operation 1 on task 13
43 Worker 3 processing task 20 requiring operations [8, 7]
43 Worker 3 forwarding task 20
44 Generated task 22
44 Worker 1 accepting task 22
44 Worker 0 accepting task 10
44 Worker 3 accepting task 15
44 Task 13 completed!
44 Worker 4 accepting task 20
44 Worker 1 processing task 21 requiring operations [5, 10, 2]
44 Worker 1 forwarding task 21
44 Worker 2 processing task 18 requiring operations [5, 7]
44 Worker 2 performing operation 5 on task 18
44 Worker 3 processing task 15 requiring operations [1]
44 Worker 3 forwarding task 15
44 Worker 0 processing task 10 requiring operations [10]
44 Worker 0 performing operation 10 on task 10
44 Worker 4 processing task 20 requiring operations [8, 7]
44 Worker 4 performing operation 8 on task 20
45 Worker 2 accepting task 21
45 Worker 2 accepting task 18
45 Worker 4 accepting task 15
45 Task 10 completed!
45 Worker 4 accepting task 20
45 Worker 1 processing task 19 requiring operations [6, 2, 10]
45 Worker 1 forwarding task 19
45 Worker 2 processing task 21 requiring operations [5, 10, 2]
45 Worker 2 performing operation 5 on task 21
45 Worker 4 processing task 15 requiring operations [1]
45 Worker 4 forwarding task 15
46 Generated task 23
46 Worker 1 accepting task 23
46 Worker 2 accepting task 19
46 Worker 2 accepting task 21
46 Worker 2 accepting task 15
46 Worker 1 processing task 22 requiring operations [9, 8, 6]
46 Worker 1 forwarding task 22
46 Worker 2 processing task 18 requiring operations [7]
46 Worker 2 forwarding task 18
46 Worker 4 processing task 20 requiring operations [7]
46 Worker 4 forwarding task 20
47 Worker 0 accepting task 22
47 Worker 4 accepting task 18
47 Worker 3 accepting task 20
47 Worker 1 processing task 23 requiring operations [3, 1, 4]
47 Worker 1 performing operation 3 on task 23
47 Worker 2 processing task 19 requiring operations [6, 2, 10]
47 Worker 2 forwarding task 19
47 Worker 4 processing task 18 requiring operations [7]
47 Worker 4 forwarding task 18
47 Worker 0 processing task 22 requiring operations [9, 8, 6]
47 Worker 0 forwarding task 22
47 Worker 3 processing task 20 requiring operations [7]
47 Worker 3 forwarding task 20
48 Generated task 24
48 Worker 0 accepting task 24
48 Worker 1 accepting task 23
48 Worker 1 accepting task 19
48 Worker 3 accepting task 18
48 Worker 3 accepting task 22
48 Worker 4 accepting task 20
48 Worker 1 processing task 23 requiring operations [1, 4]
48 Worker 1 forwarding task 23
48 Worker 2 processing task 21 requiring operations [10, 2]
48 Worker 2 forwarding task 21
48 Worker 0 processing task 24 requiring operations [3, 2, 9]
48 Worker 0 performing operation 3 on task 24
48 Worker 3 processing task 18 requiring operations [7]
48 Worker 3 forwarding task 18
48 Worker 4 processing task 20 requiring operations [7]
48 Worker 4 forwarding task 20
49 Worker 4 accepting task 23
49 Worker 4 accepting task 21
49 Worker 0 accepting task 24
49 Worker 4 accepting task 18
49 Worker 3 accepting task 20
49 Worker 1 processing task 19 requiring operations [6, 2, 10]
49 Worker 1 forwarding task 19
49 Worker 2 processing task 15 requiring operations [1]
49 Worker 2 performing operation 1 on task 15
49 Worker 0 processing task 24 requiring operations [2, 9]
49 Worker 0 forwarding task 24
49 Worker 3 processing task 22 requiring operations [9, 8, 6]
49 Worker 3 performing operation 6 on task 22
49 Worker 4 processing task 23 requiring operations [1, 4]
49 Worker 4 performing operation 4 on task 23
50 Generated task 25
50 Worker 3 accepting task 25
50 Worker 2 accepting task 19
50 Task 15 completed!
50 Worker 3 accepting task 24
50 Worker 3 accepting task 22
50 Worker 4 accepting task 23
50 Worker 2 processing task 19 requiring operations [6, 2, 10]
50 Worker 2 forwarding task 19
50 Worker 3 processing task 20 requiring operations [7]
50 Worker 3 forwarding task 20
50 Worker 4 processing task 21 requiring operations [10, 2]
50 Worker 4 performing operation 2 on task 21
51 Worker 1 accepting task 19
51 Worker 4 accepting task 20
51 Worker 4 accepting task 21
51 Worker 3 processing task 25 requiring operations [7, 6, 8]
51 Worker 3 performing operation 6 on task 25
51 Worker 4 processing task 18 requiring operations [7]
51 Worker 4 forwarding task 18
51 Worker 1 processing task 19 requiring operations [6, 2, 10]
51 Worker 1 forwarding task 19
52 Generated task 26
52 Worker 2 accepting task 26
52 Worker 3 accepting task 25
52 Worker 3 accepting task 18
52 Worker 0 accepting task 19
52 Worker 3 processing task 24 requiring operations [2, 9]
52 Worker 3 forwarding task 24
52 Worker 4 processing task 23 requiring operations [1]
52 Worker 4 forwarding task 23
52 Worker 2 processing task 26 requiring operations [2, 3, 10]
52 Worker 2 performing operation 3 on task 26
52 Worker 0 processing task 19 requiring operations [6, 2, 10]
52 Worker 0 performing operation 10 on task 19
53 Worker 4 accepting task 24
53 Worker 3 accepting task 23
53 Worker 2 accepting task 26
53 Worker 0 accepting task 19
53 Worker 3 processing task 22 requiring operations [9, 8]
53 Worker 3 forwarding task 22
53 Worker 4 processing task 20 requiring operations [7]
53 Worker 4 forwarding task 20
53 Worker 2 processing task 26 requiring operations [2, 10]
53 Worker 2 forwarding task 26
53 Worker 0 processing task 19 requiring operations [6, 2]
53 Worker 0 forwarding task 19
54 Generated task 27
54 Worker 2 accepting task 27
54 Worker 4 accepting task 22
54 Worker 1 accepting task 20
54 Worker 1 accepting task 26
54 Worker 1 accepting task 19
54 Worker 3 processing task 25 requiring operations [7, 8]
54 Worker 3 forwarding task 25
54 Worker 4 processing task 21 requiring operations [10]
54 Worker 4 forwarding task 21
54 Worker 2 processing task 27 requiring operations [4, 2, 7]
54 Worker 2 forwarding task 27
54 Worker 1 processing task 20 requiring operations [7]
54 Worker 1 performing operation 7 on task 20
55 Worker 0 accepting task 25
55 Worker 1 accepting task 21
55 Worker 1 accepting task 27
55 Task 20 completed!
55 Worker 3 processing task 18 requiring operations [7]
55 Worker 3 forwarding task 18
55 Worker 4 processing task 24 requiring operations [2, 9]
55 Worker 4 performing operation 2 on task 24
55 Worker 1 processing task 26 requiring operations [2, 10]
55 Worker 1 forwarding task 26
55 Worker 0 processing task 25 requiring operations [7, 8]
55 Worker 0 forwarding task 25
56 Generated task 28
56 Worker 2 accepting task 28
56 Worker 4 accepting task 18
56 Worker 4 accepting task 24
56 Worker 4 accepting task 26
56 Worker 1 accepting task 25
56 Worker 3 processing task 23 requiring operations [1]
56 Worker 3 forwarding task 23
56 Worker 4 processing task 22 requiring operations [9, 8]
56 Worker 4 performing operation 8 on task 22
56 Worker 1 processing task 19 requiring operations [6, 2]
56 Worker 1 forwarding task 19
56 Worker 2 processing task 28 requiring operations [7, 4, 10]
56 Worker 2 forwarding task 28
57 Worker 4 accepting task 23
57 Worker 4 accepting task 22
57 Worker 2 accepting task 19
57 Worker 1 accepting task 28
57 Worker 4 processing task 18 requiring operations [7]
57 Worker 4 forwarding task 18
57 Worker 1 processing task 21 requiring operations [10]
57 Worker 1 forwarding task 21
57 Worker 2 processing task 19 requiring operations [6, 2]
57 Worker 2 forwarding task 19
58 Generated task 29
58 Worker 4 accepting task 29
58 Worker 3 accepting task 18
58 Worker 0 accepting task 21
58 Worker 4 accepting task 19
58 Worker 4 processing task 24 requiring operations [9]
58 Worker 4 forwarding task 24
58 Worker 1 processing task 27 requiring operations [4, 2, 7]
58 Worker 1 performing operation 7 on task 27
58 Worker 3 processing task 18 requiring operations [7]
58 Worker 3 forwarding task 18
58 Worker 0 processing task 21 requiring operations [10]
58 Worker 0 performing operation 10 on task 21
59 Worker 3 accepting task 24
59 Worker 1 accepting task 27
59 Worker 0 accepting task 18
59 Task 21 completed!
59 Worker 4 processing task 26 requiring operations [2, 10]
59 Worker 4 performing operation 2 on task 26
59 Worker 1 processing task 25 requiring operations [7, 8]
59 Worker 1 performing operation 7 on task 25
59 Worker 3 processing task 24 requiring operations [9]
59 Worker 3 forwarding task 24
59 Worker 0 processing task 18 requiring operations [7]
59 Worker 0 forwarding task 18
60 Generated task 30
60 Worker 0 accepting task 30
60 Worker 4 accepting task 26
60 Worker 1 accepting task 25
60 Worker 0 accepting task 24
60 Worker 3 accepting task 18
60 Worker 4 processing task 23 requiring operations [1]
60 Worker 4 forwarding task 23
60 Worker 1 processing task 28 requiring operations [7, 4, 10]
60 Worker 1 performing operation 7 on task 28
60 Worker 0 processing task 30 requiring operations [5, 2, 6]
60 Worker 0 performing operation 5 on task 30
60 Worker 3 processing task 18 requiring operations [7]
60 Worker 3 forwarding task 18
61 Worker 3 accepting task 23
61 Worker 1 accepting task 28
61 Worker 0 accepting task 30
61 Worker 4 accepting task 18
61 Worker 4 processing task 22 requiring operations [9]
61 Worker 4 forwarding task 22
61 Worker 1 processing task 27 requiring operations [4, 2]
61 Worker 1 forwarding task 27
61 Worker 0 processing task 24 requiring operations [9]
61 Worker 0 forwarding task 24
61 Worker 3 processing task 23 requiring operations [1]
61 Worker 3 forwarding task 23
62 Generated task 31
62 Worker 1 accepting task 31
62 Worker 1 accepting task 22
62 Worker 0 accepting task 27
62 Worker 3 accepting task 24
62 Worker 4 accepting task 23
62 Worker 4 processing task 29 requiring operations [8, 2, 3]
62 Worker 4 performing operation 2 on task 29
62 Worker 1 processing task 25 requiring operations [8]
62 Worker 1 forwarding task 25
62 Worker 0 processing task 30 requiring operations [2, 6]
62 Worker 0 forwarding task 30
62 Worker 3 processing task 24 requiring operations [9]
62 Worker 3 forwarding task 24
63 Worker 4 accepting task 29
63 Worker 2 accepting task 25
63 Worker 3 accepting task 30
63 Worker 0 accepting task 24
63 Worker 4 processing task 19 requiring operations [6, 2]
63 Worker 4 performing operation 2 on task 19
63 Worker 1 processing task 28 requiring operations [4, 10]
63 Worker 1 forwarding task 28
63 Worker 0 processing task 27 requiring operations [4, 2]
63 Worker 0 performing operation 4 on task 27
63 Worker 3 processing task 30 requiring operations [2, 6]
63 Worker 3 performing operation 6 on task 30
63 Worker 2 processing task 25 requiring operations [8]
63 Worker 2 forwarding task 25
64 Generated task 32
64 Worker 3 accepting task 32
64 Worker 4 accepting task 19
64 Worker 0 accepting task 28
64 Worker 0 accepting task 27
64 Worker 3 accepting task 30
64 Worker 1 accepting task 25
64 Worker 4 processing task 26 requiring operations [10]
64 Worker 4 forwarding task 26
64 Worker 1 processing task 31 requiring operations [9, 7, 10]
64 Worker 1 performing operation 7 on task 31
64 Worker 0 processing task 24 requiring operations [9]
64 Worker 0 forwarding task 24
64 Worker 3 processing task 32 requiring operations [3, 10, 8]
64 Worker 3 forwarding task 32
65 Worker 1 accepting task 26
65 Worker 1 accepting task 31
65 Worker 1 accepting task 24
65 Worker 0 accepting task 32
65 Worker 4 processing task 18 requiring operations [7]
65 Worker 4 forwarding task 18
65 Worker 1 processing task 22 requiring operations [9]
65 Worker 1 forwarding task 22
65 Worker 0 processing task 28 requiring operations [4, 10]
65 Worker 0 performing operation 4 on task 28
65 Worker 3 processing task 30 requiring operations [2]
65 Worker 3 forwarding task 30
66 Generated task 33
66 Worker 3 accepting task 33
66 Worker 3 accepting task 18
66 Worker 2 accepting task 22
66 Worker 0 accepting task 28
66 Worker 0 accepting task 30
66 Worker 4 processing task 23 requiring operations [1]
66 Worker 4 forwarding task 23
66 Worker 1 processing task 25 requiring operations [8]
66 Worker 1 forwarding task 25
66 Worker 0 processing task 27 requiring operations [2]
66 Worker 0 forwarding task 27
66 Worker 3 processing task 33 requiring operations [4, 3, 8]
66 Worker 3 forwarding task 33
66 Worker 2 processing task 22 requiring operations [9]
66 Worker 2 performing operation 9 on task 22
67 Worker 1 accepting task 23
67 Worker 4 accepting task 25
67 Worker 3 accepting task 27
67 Worker 4 accepting task 33
67 Task 22 completed!
67 Worker 4 processing task 29 requiring operations [8, 3]
67 Worker 4 performing operation 8 on task 29
67 Worker 1 processing task 26 requiring operations [10]
67 Worker 1 forwarding task 26
67 Worker 0 processing task 32 requiring operations [3, 10, 8]
67 Worker 0 performing operation 3 on task 32
67 Worker 3 processing task 18 requiring operations [7]
67 Worker 3 forwarding task 18
68 Generated task 34
68 Worker 3 accepting task 34
68 Worker 4 accepting task 29
68 Worker 0 accepting task 26
68 Worker 0 accepting task 32
68 Worker 4 accepting task 18
68 Worker 4 processing task 19 requiring operations [6]
68 Worker 4 forwarding task 19
68 Worker 1 processing task 31 requiring operations [9, 10]
68 Worker 1 forwarding task 31
68 Worker 0 processing task 28 requiring operations [10]
68 Worker 0 performing operation 10 on task 28
68 Worker 3 processing task 27 requiring operations [2]
68 Worker 3 forwarding task 27
69 Worker 3 accepting task 19
69 Worker 4 accepting task 31
69 Task 28 completed!
69 Worker 0 accepting task 27
69 Worker 4 processing task 25 requiring operations [8]
69 Worker 4 performing operation 8 on task 25
69 Worker 1 processing task 24 requiring operations [9]
69 Worker 1 forwarding task 24
69 Worker 0 processing task 30 requiring operations [2]
69 Worker 0 forwarding task 30
69 Worker 3 processing task 34 requiring operations [3, 1, 2]
69 Worker 3 forwarding task 34
70 Generated task 35
70 Worker 0 accepting task 35
70 Task 25 completed!
70 Worker 2 accepting task 24
70 Worker 3 accepting task 30
70 Worker 0 accepting task 34
70 Worker 4 processing task 33 requiring operations [4, 3, 8]
70 Worker 4 performing operation 4 on task 33
70 Worker 1 processing task 23 requiring operations [1]
70 Worker 1 forwarding task 23
70 Worker 0 processing task 26 requiring operations [10]
70 Worker 0 performing operation 10 on task 26
70 Worker 3 processing task 19 requiring operations [6]
70 Worker 3 performing operation 6 on task 19
70 Worker 2 processing task 24 requiring operations [9]
70 Worker 2 performing operation 9 on task 24
71 Worker 4 accepting task 33
71 Worker 0 accepting task 23
71 Task 26 completed!
71 Task 19 completed!
71 Task 24 completed!
71 Worker 4 processing task 29 requiring operations [3]
71 Worker 4 forwarding task 29
71 Worker 0 processing task 32 requiring operations [10, 8]
71 Worker 0 performing operation 10 on task 32
71 Worker 3 processing task 30 requiring operations [2]
71 Worker 3 forwarding task 30
72 Generated task 36
72 Worker 0 accepting task 36
72 Worker 2 accepting task 29
72 Worker 0 accepting task 32
72 Worker 4 accepting task 30
72 Worker 4 processing task 18 requiring operations [7]
72 Worker 4 forwarding task 18
72 Worker 0 processing task 27 requiring operations [2]
72 Worker 0 forwarding task 27
72 Worker 2 processing task 29 requiring operations [3]
72 Worker 2 performing operation 3 on task 29
73 Worker 1 accepting task 18
73 Worker 3 accepting task 27
73 Task 29 completed!
73 Worker 4 processing task 31 requiring operations [9, 10]
73 Worker 4 forwarding task 31
73 Worker 0 processing task 35 requiring operations [1, 5, 2]
73 Worker 0 performing operation 5 on task 35
73 Worker 1 processing task 18 requiring operations [7]
73 Worker 1 performing operation 7 on task 18
73 Worker 3 processing task 27 requiring operations [2]
73 Worker 3 forwarding task 27
74 Generated task 37
74 Worker 4 accepting task 37
74 Worker 3 accepting task 31
74 Worker 0 accepting task 35
74 Task 18 completed!
74 Worker 4 accepting task 27
74 Worker 4 processing task 33 requiring operations [3, 8]
74 Worker 4 performing operation 8 on task 33
74 Worker 0 processing task 34 requiring operations [3, 1, 2]
74 Worker 0 performing operation 3 on task 34
74 Worker 3 processing task 31 requiring operations [9, 10]
74 Worker 3 forwarding task 31
75 Worker 4 accepting task 33
75 Worker 0 accepting task 34
75 Worker 0 accepting task 31
75 Worker 4 processing task 30 requiring operations [2]
75 Worker 4 performing operation 2 on task 30
75 Worker 0 processing task 23 requiring operations [1]
75 Worker 0 forwarding task 23
76 Generated task 38
76 Worker 2 accepting task 38
76 Task 30 completed!
76 Worker 3 accepting task 23
76 Worker 4 processing task 37 requiring operations [3, 2, 8]
76 Worker 4 performing operation 2 on task 37
76 Worker 0 processing task 36 requiring operations [1, 4, 9]
76 Worker 0 performing operation 4 on task 36
76 Worker 2 processing task 38 requiring operations [3, 2, 1]
76 Worker 2 performing operation 3 on task 38
76 Worker 3 processing task 23 requiring operations [1]
76 Worker 3 forwarding task 23
77 Worker 4 accepting task 37
77 Worker 0 accepting task 36
77 Worker 2 accepting task 38
77 Worker 4 accepting task 23
77 Worker 4 processing task 27 requiring operations [2]
77 Worker 4 performing operation 2 on task 27
77 Worker 0 processing task 32 requiring operations [8]
77 Worker 0 forwarding task 32
77 Worker 2 processing task 38 requiring operations [2, 1]
77 Worker 2 performing operation 1 on task 38
78 Generated task 39
78 Worker 3 accepting task 39
78 Task 27 completed!
78 Worker 3 accepting task 32
78 Worker 2 accepting task 38
78 Worker 4 processing task 33 requiring operations [3]
78 Worker 4 forwarding task 33
78 Worker 0 processing task 35 requiring operations [1, 2]
78 Worker 0 forwarding task 35
78 Worker 2 processing task 38 requiring operations [2]
78 Worker 2 forwarding task 38
78 Worker 3 processing task 39 requiring operations [4, 6, 8]
78 Worker 3 performing operation 6 on task 39
79 Worker 2 accepting task 33
79 Worker 3 accepting task 35
79 Worker 4 accepting task 38
79 Worker 3 accepting task 39
79 Worker 4 processing task 37 requiring operations [3, 8]
79 Worker 4 performing operation 8 on task 37
79 Worker 0 processing task 34 requiring operations [1, 2]
79 Worker 0 forwarding task 34
79 Worker 2 processing task 33 requiring operations [3]
79 Worker 2 performing operation 3 on task 33
79 Worker 3 processing task 32 requiring operations [8]
79 Worker 3 forwarding task 32
80 Generated task 40
80 Worker 3 accepting task 40
80 Worker 4 accepting task 37
80 Worker 1 accepting task 34
80 Task 33 completed!
80 Worker 0 accepting task 32
80 Worker 4 processing task 23 requiring operations [1]
80 Worker 4 forwarding task 23
80 Worker 0 processing task 31 requiring operations [9, 10]
80 Worker 0 performing operation 10 on task 31
80 Worker 3 processing task 35 requiring operations [1, 2]
80 Worker 3 forwarding task 35
80 Worker 1 processing task 34 requiring operations [1, 2]
80 Worker 1 forwarding task 34
81 Worker 1 accepting task 23
81 Worker 0 accepting task 31
81 Worker 4 accepting task 35
81 Worker 4 accepting task 34
81 Worker 4 processing task 38 requiring operations [2]
81 Worker 4 performing operation 2 on task 38
81 Worker 0 processing task 36 requiring operations [1, 9]
81 Worker 0 forwarding task 36
81 Worker 3 processing task 39 requiring operations [4, 8]
81 Worker 3 forwarding task 39
81 Worker 1 processing task 23 requiring operations [1]
81 Worker 1 forwarding task 23
82 Generated task 41
82 Worker 3 accepting task 41
82 Task 38 completed!
82 Worker 3 accepting task 36
82 Worker 4 accepting task 39
82 Worker 4 accepting task 23
82 Worker 4 processing task 37 requiring operations [3]
82 Worker 4 forwarding task 37
82 Worker 0 processing task 32 requiring operations [8]
82 Worker 0 forwarding task 32
82 Worker 3 processing task 40 requiring operations [6, 8, 9]
82 Worker 3 performing operation 6 on task 40
83 Worker 1 accepting task 37
83 Worker 3 accepting task 32
83 Worker 3 accepting task 40
83 Worker 4 processing task 35 requiring operations [1, 2]
83 Worker 4 performing operation 2 on task 35
83 Worker 0 processing task 31 requiring operations [9]
83 Worker 0 forwarding task 31
83 Worker 3 processing task 41 requiring operations [1, 9, 8]
83 Worker 3 forwarding task 41
83 Worker 1 processing task 37 requiring operations [3]
83 Worker 1 performing operation 3 on task 37
84 Generated task 42
84 Worker 1 accepting task 42
84 Worker 4 accepting task 35
84 Worker 1 accepting task 31
84 Worker 0 accepting task 41
84 Task 37 completed!
84 Worker 4 processing task 34 requiring operations [1, 2]
84 Worker 4 performing operation 2 on task 34
84 Worker 3 processing task 36 requiring operations [1, 9]
84 Worker 3 forwarding task 36
84 Worker 1 processing task 42 requiring operations [8, 2, 7]
84 Worker 1 performing operation 7 on task 42
84 Worker 0 processing task 41 requiring operations [1, 9, 8]
84 Worker 0 forwarding task 41
85 Worker 4 accepting task 34
85 Worker 4 accepting task 36
85 Worker 1 accepting task 42
85 Worker 1 accepting task 41
85 Worker 4 processing task 39 requiring operations [4, 8]
85 Worker 4 performing operation 4 on task 39
85 Worker 3 processing task 32 requiring operations [8]
85 Worker 3 forwarding task 32
85 Worker 1 processing task 31 requiring operations [9]
85 Worker 1 forwarding task 31
86 Generated task 43
86 Worker 4 accepting task 43
86 Worker 4 accepting task 39
86 Worker 0 accepting task 32
86 Worker 2 accepting task 31
86 Worker 4 processing task 23 requiring operations [1]
86 Worker 4 forwarding task 23
86 Worker 3 processing task 40 requiring operations [8, 9]
86 Worker 3 forwarding task 40
86 Worker 1 processing task 42 requiring operations [8, 2]
86 Worker 1 forwarding task 42
86 Worker 0 processing task 32 requiring operations [8]
86 Worker 0 forwarding task 32
86 Worker 2 processing task 31 requiring operations [9]
86 Worker 2 performing operation 9 on task 31
87 Worker 3 accepting task 23
87 Worker 4 accepting task 40
87 Worker 2 accepting task 42
87 Worker 1 accepting task 32
87 Task 31 completed!
87 Worker 4 processing task 35 requiring operations [1]
87 Worker 4 forwarding task 35
87 Worker 3 processing task 23 requiring operations [1]
87 Worker 3 forwarding task 23
87 Worker 1 processing task 41 requiring operations [1, 9, 8]
87 Worker 1 forwarding task 41
87 Worker 2 processing task 42 requiring operations [8, 2]
87 Worker 2 forwarding task 42
88 Generated task 44
88 Worker 4 accepting task 44
88 Worker 1 accepting task 35
88 Worker 4 accepting task 23
88 Worker 4 accepting task 41
88 Worker 4 accepting task 42
88 Worker 4 processing task 34 requiring operations [1]
88 Worker 4 forwarding task 34
88 Worker 1 processing task 32 requiring operations [8]
88 Worker 1 forwarding task 32
89 Worker 3 accepting task 34
89 Worker 2 accepting task 32
89 Worker 4 processing task 36 requiring operations [1, 9]
89 Worker 4 forwarding task 36
89 Worker 1 processing task 35 requiring operations [1]
89 Worker 1 forwarding task 35
89 Worker 3 processing task 34 requiring operations [1]
89 Worker 3 forwarding task 34
89 Worker 2 processing task 32 requiring operations [8]
89 Worker 2 forwarding task 32
90 Generated task 45
90 Worker 2 accepting task 45
90 Worker 3 accepting task 36
90 Worker 4 accepting task 35
90 Worker 0 accepting task 34
90 Worker 4 accepting task 32
90 Worker 4 processing task 43 requiring operations [10, 3, 7]
90 Worker 4 forwarding task 43
90 Worker 3 processing task 36 requiring operations [1, 9]
90 Worker 3 forwarding task 36
90 Worker 2 processing task 45 requiring operations [8, 7, 2]
90 Worker 2 forwarding task 45
90 Worker 0 processing task 34 requiring operations [1]
90 Worker 0 forwarding task 34
91 Worker 1 accepting task 43
91 Worker 4 accepting task 36
91 Worker 4 accepting task 45
91 Worker 3 accepting task 34
91 Worker 4 processing task 39 requiring operations [8]
91 Worker 4 performing operation 8 on task 39
91 Worker 1 processing task 43 requiring operations [10, 3, 7]
91 Worker 1 performing operation 7 on task 43
91 Worker 3 processing task 34 requiring operations [1]
91 Worker 3 forwarding task 34
92 Generated task 46
92 Worker 4 accepting task 46
92 Task 39 completed!
92 Worker 1 accepting task 43
92 Worker 4 accepting task 34
92 Worker 4 processing task 40 requiring operations [8, 9]
92 Worker 4 performing operation 8 on task 40
92 Worker 1 processing task 43 requiring operations [10, 3]
92 Worker 1 performing operation 3 on task 43
93 Worker 4 accepting task 40
93 Worker 1 accepting task 43
93 Worker 4 processing task 44 requiring operations [8, 3, 6]
93 Worker 4 performing operation 8 on task 44
93 Worker 1 processing task 43 requiring operations [10]
93 Worker 1 forwarding task 43
94 Generated task 47
94 Worker 2 accepting task 47
94 Worker 4 accepting task 44
94 Worker 0 accepting task 43
94 Worker 4 processing task 23 requiring operations [1]
94 Worker 4 forwarding task 23
94 Worker 2 processing task 47 requiring operations [5, 4, 7]
94 Worker 2 performing operation 5 on task 47
94 Worker 0 processing task 43 requiring operations [10]
94 Worker 0 performing operation 10 on task 43
95 Worker 2 accepting task 23
95 Worker 2 accepting task 47
95 Task 43 completed!
95 Worker 4 processing task 41 requiring operations [1, 9, 8]
95 Worker 4 performing operation 8 on task 41
95 Worker 2 processing task 23 requiring operations [1]
95 Worker 2 performing operation 1 on task 23
96 Generated task 48
96 Worker 0 accepting task 48
96 Worker 4 accepting task 41
96 Task 23 completed!
96 Worker 4 processing task 42 requiring operations [8, 2]
96 Worker 4 performing operation 8 on task 42
96 Worker 2 processing task 47 requiring operations [4, 7]
96 Worker 2 forwarding task 47
96 Worker 0 processing task 48 requiring operations [8, 10, 7]
96 Worker 0 performing operation 10 on task 48
97 Worker 4 accepting task 42
97 Worker 1 accepting task 47
97 Worker 0 accepting task 48
97 Worker 4 processing task 35 requiring operations [1]
97 Worker 4 forwarding task 35
97 Worker 0 processing task 48 requiring operations [8, 7]
97 Worker 0 forwarding task 48
97 Worker 1 processing task 47 requiring operations [4, 7]
97 Worker 1 performing operation 7 on task 47
98 Generated task 49
98 Worker 1 accepting task 49
98 Worker 3 accepting task 35
98 Worker 1 accepting task 48
98 Worker 1 accepting task 47
98 Worker 4 processing task 32 requiring operations [8]
98 Worker 4 performing operation 8 on task 32
98 Worker 1 processing task 49 requiring operations [9, 8, 6]
98 Worker 1 forwarding task 49
98 Worker 3 processing task 35 requiring operations [1]
98 Worker 3 forwarding task 35
99 Task 32 completed!
99 Worker 2 accepting task 49
99 Worker 4 accepting task 35
99 Worker 4 processing task 36 requiring operations [1, 9]
99 Worker 4 forwarding task 36
99 Worker 1 processing task 48 requiring operations [8, 7]
99 Worker 1 performing operation 7 on task 48
99 Worker 2 processing task 49 requiring operations [9, 8, 6]
99 Worker 2 performing operation 9 on task 49
100 Generated task 50
100 Worker 1 accepting task 50
100 Worker 1 accepting task 36
100 Worker 1 accepting task 48
100 Worker 2 accepting task 49
100 Worker 4 processing task 45 requiring operations [8, 7, 2]
100 Worker 4 performing operation 2 on task 45
100 Worker 1 processing task 47 requiring operations [4]
100 Worker 1 forwarding task 47
100 Worker 2 processing task 49 requiring operations [8, 6]
100 Worker 2 forwarding task 49
101 Worker 4 accepting task 45
101 Worker 0 accepting task 47
101 Worker 1 accepting task 49
101 Worker 4 processing task 46 requiring operations [5, 4, 1]
101 Worker 4 performing operation 4 on task 46
101 Worker 1 processing task 50 requiring operations [2, 9, 7]
101 Worker 1 performing operation 7 on task 50
101 Worker 0 processing task 47 requiring operations [4]
101 Worker 0 performing operation 4 on task 47
102 Generated task 51
102 Worker 3 accepting task 51
102 Worker 4 accepting task 46
102 Worker 1 accepting task 50
102 Task 47 completed!
102 Worker 4 processing task 34 requiring operations [1]
102 Worker 4 forwarding task 34
102 Worker 1 processing task 36 requiring operations [1, 9]
102 Worker 1 forwarding task 36
102 Worker 3 processing task 51 requiring operations [6, 3, 10]
102 Worker 3 performing operation 6 on task 51
103 Worker 3 accepting task 34
103 Worker 2 accepting task 36
103 Worker 3 accepting task 51
103 Worker 4 processing task 40 requiring operations [9]
103 Worker 4 forwarding task 40
103 Worker 1 processing task 48 requiring operations [8]
103 Worker 1 forwarding task 48
103 Worker 3 processing task 34 requiring operations [1]
103 Worker 3 forwarding task 34
103 Worker 2 processing task 36 requiring operations [1, 9]
103 Worker 2 performing operation 1 on task 36
104 Generated task 52
104 Worker 2 accepting task 52
104 Worker 3 accepting task 40
104 Worker 2 accepting task 48
104 Worker 4 accepting task 34
104 Worker 2 accepting task 36
104 Worker 4 processing task 44 requiring operations [3, 6]
104 Worker 4 forwarding task 44
104 Worker 1 processing task 49 requiring operations [8, 6]
104 Worker 1 forwarding task 49
104 Worker 3 processing task 51 requiring operations [3, 10]
104 Worker 3 forwarding task 51
104 Worker 2 processing task 52 requiring operations [3, 5, 1]
104 Worker 2 performing operation 5 on task 52
105 Worker 1 accepting task 44
105 Worker 4 accepting task 49
105 Worker 4 accepting task 51
105 Worker 2 accepting task 52
105 Worker 4 processing task 41 requiring operations [1, 9]
105 Worker 4 forwarding task 41
105 Worker 1 processing task 50 requiring operations [2, 9]
105 Worker 1 forwarding task 50
105 Worker 3 processing task 40 requiring operations [9]
105 Worker 3 forwarding task 40
105 Worker 2 processing task 48 requiring operations [8]
105 Worker 2 forwarding task 48
106 Generated task 53
106 Worker 1 accepting task 53
106 Worker 1 accepting task 41
106 Worker 2 accepting task 50
106 Worker 0 accepting task 40
106 Worker 4 accepting task 48
106 Worker 4 processing task 42 requiring operations [2]
106 Worker 4 performing operation 2 on task 42
106 Worker 1 processing task 44 requiring operations [3, 6]
106 Worker 1 performing operation 3 on task 44
106 Worker 2 processing task 36 requiring operations [9]
106 Worker 2 performing operation 9 on task 36
106 Worker 0 processing task 40 requiring operations [9]
106 Worker 0 forwarding task 40
107 Task 42 completed!
107 Worker 1 accepting task 44
107 Task 36 completed!
107 Worker 1 accepting task 40
107 Worker 4 processing task 35 requiring operations [1]
107 Worker 4 forwarding task 35
107 Worker 1 processing task 53 requiring operations [2, 1, 7]
107 Worker 1 performing operation 7 on task 53
107 Worker 2 processing task 52 requiring operations [3, 1]
107 Worker 2 performing operation 3 on task 52
108 Generated task 54
108 Worker 2 accepting task 54
108 Worker 2 accepting task 35
108 Worker 1 accepting task 53
108 Worker 2 accepting task 52
108 Worker 4 processing task 45 requiring operations [8, 7]
108 Worker 4 performing operation 8 on task 45
108 Worker 1 processing task 41 requiring operations [1, 9]
108 Worker 1 forwarding task 41
108 Worker 2 processing task 50 requiring operations [2, 9]
108 Worker 2 performing operation 9 on task 50
109 Worker 4 accepting task 45
109 Worker 2 accepting task 41
109 Worker 2 accepting task 50
109 Worker 4 processing task 46 requiring operations [5, 1]
109 Worker 4 forwarding task 46
109 Worker 1 processing task 44 requiring operations [6]
109 Worker 1 forwarding task 44
109 Worker 2 processing task 54 requiring operations [7, 6, 4]
109 Worker 2 forwarding task 54
110 Generated task 55
110 Worker 1 accepting task 55
110 Worker 1 accepting task 46
110 Worker 2 accepting task 44
110 Worker 4 accepting task 54
110 Worker 4 processing task 34 requiring operations [1]
110 Worker 4 forwarding task 34
110 Worker 1 processing task 40 requiring operations [9]
110 Worker 1 forwarding task 40
110 Worker 2 processing task 35 requiring operations [1]
110 Worker 2 performing operation 1 on task 35
111 Worker 2 accepting task 34
111 Worker 0 accepting task 40
111 Task 35 completed!
111 Worker 4 processing task 49 requiring operations [8, 6]
111 Worker 4 performing operation 8 on task 49
111 Worker 1 processing task 53 requiring operations [2, 1]
111 Worker 1 forwarding task 53
111 Worker 2 processing task 52 requiring operations [1]
111 Worker 2 performing operation 1 on task 52
111 Worker 0 processing task 40 requiring operations [9]
111 Worker 0 forwarding task 40
112 Generated task 56
112 Worker 1 accepting task 56
112 Worker 4 accepting task 49
112 Worker 0 accepting task 53
112 Task 52 completed!
112 Worker 1 accepting task 40
112 Worker 4 processing task 51 requiring operations [3, 10]
112 Worker 4 forwarding task 51
112 Worker 1 processing task 55 requiring operations [4, 7, 2]
112 Worker 1 performing operation 7 on task 55
112 Worker 2 processing task 41 requiring operations [1, 9]
112 Worker 2 performing operation 9 on task 41
112 Worker 0 processing task 53 requiring operations [2, 1]
112 Worker 0 forwarding task 53
113 Worker 1 accepting task 51
113 Worker 1 accepting task 55
113 Worker 2 accepting task 41
113 Worker 3 accepting task 53
113 Worker 4 processing task 48 requiring operations [8]
113 Worker 4 performing operation 8 on task 48
113 Worker 1 processing task 46 requiring operations [5, 1]
113 Worker 1 forwarding task 46
113 Worker 2 processing task 50 requiring operations [2]
113 Worker 2 forwarding task 50
113 Worker 3 processing task 53 requiring operations [2, 1]
113 Worker 3 forwarding task 53
114 Generated task 57
114 Worker 0 accepting task 57
114 Task 48 completed!
114 Worker 4 accepting task 46
114 Worker 1 accepting task 50
114 Worker 0 accepting task 53
114 Worker 4 processing task 45 requiring operations [7]
114 Worker 4 forwarding task 45
114 Worker 1 processing task 56 requiring operations [6, 7, 10]
114 Worker 1 performing operation 7 on task 56
114 Worker 2 processing task 44 requiring operations [6]
114 Worker 2 forwarding task 44
114 Worker 0 processing task 57 requiring operations [9, 8, 10]
114 Worker 0 performing operation 10 on task 57
115 Worker 2 accepting task 45
115 Worker 1 accepting task 56
115 Worker 1 accepting task 44
115 Worker 0 accepting task 57
115 Worker 4 processing task 54 requiring operations [7, 6, 4]
115 Worker 4 performing operation 4 on task 54
115 Worker 1 processing task 40 requiring operations [9]
115 Worker 1 forwarding task 40
115 Worker 2 processing task 34 requiring operations [1]
115 Worker 2 performing operation 1 on task 34
115 Worker 0 processing task 53 requiring operations [2, 1]
115 Worker 0 forwarding task 53
116 Generated task 58
116 Worker 3 accepting task 58
116 Worker 4 accepting task 54
116 Worker 4 accepting task 40
116 Task 34 completed!
116 Worker 1 accepting task 53
116 Worker 4 processing task 49 requiring operations [6]
116 Worker 4 forwarding task 49
116 Worker 1 processing task 51 requiring operations [3, 10]
116 Worker 1 performing operation 3 on task 51
116 Worker 2 processing task 41 requiring operations [1]
116 Worker 2 performing operation 1 on task 41
116 Worker 0 processing task 57 requiring operations [9, 8]
116 Worker 0 forwarding task 57
116 Worker 3 processing task 58 requiring operations [1, 9, 6]
116 Worker 3 performing operation 6 on task 58
117 Worker 1 accepting task 49
117 Worker 1 accepting task 51
117 Task 41 completed!
117 Worker 1 accepting task 57
117 Worker 3 accepting task 58
117 Worker 4 processing task 46 requiring operations [5, 1]
117 Worker 4 forwarding task 46
117 Worker 1 processing task 55 requiring operations [4, 2]
117 Worker 1 forwarding task 55
117 Worker 2 processing task 45 requiring operations [7]
117 Worker 2 forwarding task 45
117 Worker 3 processing task 58 requiring operations [1, 9]
117 Worker 3 forwarding task 58
118 Generated task 59
118 Worker 2 accepting task 59
118 Worker 3 accepting task 46
118 Worker 4 accepting task 55
118 Worker 4 accepting task 45
118 Worker 0 accepting task 58
118 Worker 4 processing task 54 requiring operations [7, 6]
118 Worker 4 forwarding task 54
118 Worker 1 processing task 50 requiring operations [2]
118 Worker 1 forwarding task 50
118 Worker 2 processing task 59 requiring operations [3, 1, 6]
118 Worker 2 performing operation 1 on task 59
118 Worker 3 processing task 46 requiring operations [5, 1]
118 Worker 3 forwarding task 46
118 Worker 0 processing task 58 requiring operations [1, 9]
118 Worker 0 forwarding task 58
119 Worker 3 accepting task 54
119 Worker 4 accepting task 50
119 Worker 2 accepting task 59
119 Worker 4 accepting task 46
119 Worker 1 accepting task 58
119 Worker 4 processing task 40 requiring operations [9]
119 Worker 4 forwarding task 40
119 Worker 1 processing task 56 requiring operations [6, 10]
119 Worker 1 forwarding task 56
119 Worker 2 processing task 59 requiring operations [3, 6]
119 Worker 2 performing operation 3 on task 59
119 Worker 3 processing task 54 requiring operations [7, 6]
119 Worker 3 performing operation 6 on task 54
120 Generated task 60
120 Worker 1 accepting task 60
120 Worker 2 accepting task 40
120 Worker 2 accepting task 56
120 Worker 2 accepting task 59
120 Worker 3 accepting task 54
120 Worker 4 processing task 55 requiring operations [4, 2]
120 Worker 4 performing operation 2 on task 55
120 Worker 1 processing task 44 requiring operations [6]
120 Worker 1 forwarding task 44
120 Worker 2 processing task 40 requiring operations [9]
120 Worker 2 performing operation 9 on task 40
120 Worker 3 processing task 54 requiring operations [7]
120 Worker 3 forwarding task 54
121 Worker 4 accepting task 55
121 Worker 0 accepting task 44
121 Task 40 completed!
121 Worker 4 accepting task 54
121 Worker 4 processing task 45 requiring operations [7]
121 Worker 4 forwarding task 45
121 Worker 1 processing task 53 requiring operations [2, 1]
121 Worker 1 forwarding task 53
121 Worker 2 processing task 56 requiring operations [6, 10]
121 Worker 2 forwarding task 56
121 Worker 0 processing task 44 requiring operations [6]
121 Worker 0 forwarding task 44
122 Generated task 61
122 Worker 1 accepting task 61
122 Worker 2 accepting task 45
122 Worker 4 accepting task 53
122 Worker 1 accepting task 56
122 Worker 3 accepting task 44
122 Worker 4 processing task 50 requiring operations [2]
122 Worker 4 performing operation 2 on task 50
122 Worker 1 processing task 49 requiring operations [6]
122 Worker 1 forwarding task 49
122 Worker 2 processing task 59 requiring operations [6]
122 Worker 2 forwarding task 59
122 Worker 3 processing task 44 requiring operations [6]
122 Worker 3 performing operation 6 on task 44
123 Task 50 completed!
123 Worker 2 accepting task 49
123 Worker 1 accepting task 59
123 Task 44 completed!
123 Worker 4 processing task 46 requiring operations [5, 1]
123 Worker 4 forwarding task 46
123 Worker 1 processing task 51 requiring operations [10]
123 Worker 1 forwarding task 51
123 Worker 2 processing task 45 requiring operations [7]
123 Worker 2 forwarding task 45
124 Generated task 62
124 Worker 2 accepting task 62
124 Worker 2 accepting task 46
124 Worker 2 accepting task 51
124 Worker 1 accepting task 45
124 Worker 4 processing task 55 requiring operations [4]
124 Worker 4 performing operation 4 on task 55
124 Worker 1 processing task 57 requiring operations [9, 8]
124 Worker 1 forwarding task 57
124 Worker 2 processing task 49 requiring operations [6]
124 Worker 2 forwarding task 49
125 Task 55 completed!
125 Worker 2 accepting task 57
125 Worker 4 accepting task 49
125 Worker 4 processing task 54 requiring operations [7]
125 Worker 4 forwarding task 54
125 Worker 1 processing task 58 requiring operations [1, 9]
125 Worker 1 forwarding task 58
125 Worker 2 processing task 62 requiring operations [2, 4, 6]
125 Worker 2 forwarding task 62
126 Generated task 63
126 Worker 0 accepting task 63
126 Worker 3 accepting task 54
126 Worker 2 accepting task 58
126 Worker 4 accepting task 62
126 Worker 4 processing task 53 requiring operations [2, 1]
126 Worker 4 performing operation 2 on task 53
126 Worker 1 processing task 60 requiring operations [5, 9, 8]
126 Worker 1 forwarding task 60
126 Worker 2 processing task 46 requiring operations [5, 1]
126 Worker 2 performing operation 1 on task 46
126 Worker 0 processing task 63 requiring operations [5, 4, 6]
126 Worker 0 performing operation 5 on task 63
126 Worker 3 processing task 54 requiring operations [7]
126 Worker 3 forwarding task 54
127 Worker 4 accepting task 53
127 Worker 2 accepting task 60
127 Worker 2 accepting task 46
127 Worker 0 accepting task 63
127 Worker 4 accepting task 54
127 Worker 4 processing task 49 requiring operations [6]
127 Worker 4 forwarding task 49
127 Worker 1 processing task 61 requiring operations [2, 8, 5]
127 Worker 1 forwarding task 61
127 Worker 2 processing task 51 requiring operations [10]
127 Worker 2 forwarding task 51
127 Worker 0 processing task 63 requiring operations [4, 6]
127 Worker 0 performing operation 4 on task 63
128 Generated task 64
128 Worker 3 accepting task 64
128 Worker 2 accepting task 49
128 Worker 2 accepting task 61
128 Worker 4 accepting task 51
128 Worker 0 accepting task 63
128 Worker 4 processing task 62 requiring operations [2, 4, 6]
128 Worker 4 performing operation 4 on task 62
128 Worker 1 processing task 56 requiring operations [6, 10]
128 Worker 1 forwarding task 56
128 Worker 2 processing task 57 requiring operations [9, 8]
128 Worker 2 performing operation 9 on task 57
128 Worker 0 processing task 63 requiring operations [6]
128 Worker 0 forwarding task 63
128 Worker 3 processing task 64 requiring operations [10, 2, 6]
128 Worker 3 performing operation 6 on task 64
129 Worker 4 accepting task 62
129 Worker 0 accepting task 56
129 Worker 2 accepting task 57
129 Worker 3 accepting task 63
129 Worker 3 accepting task 64
129 Worker 4 processing task 53 requiring operations [1]
129 Worker 4 forwarding task 53
129 Worker 1 processing task 59 requiring operations [6]
129 Worker 1 forwarding task 59
129 Worker 2 processing task 58 requiring operations [1, 9]
129 Worker 2 performing operation 1 on task 58
129 Worker 0 processing task 56 requiring operations [6, 10]
129 Worker 0 performing operation 10 on task 56
129 Worker 3 processing task 63 requiring operations [6]
129 Worker 3 performing operation 6 on task 63
130 Generated task 65
130 Worker 4 accepting task 65
130 Worker 1 accepting task 53
130 Worker 2 accepting task 59
130 Worker 2 accepting task 58
130 Worker 0 accepting task 56
130 Task 63 completed!
130 Worker 4 processing task 54 requiring operations [7]
130 Worker 4 forwarding task 54
130 Worker 1 processing task 45 requiring operations [7]
130 Worker 1 performing operation 7 on task 45
130 Worker 2 processing task 60 requiring operations [5, 9, 8]
130 Worker 2 performing operation 9 on task 60
130 Worker 0 processing task 56 requiring operations [6]
130 Worker 0 forwarding task 56
130 Worker 3 processing task 64 requiring operations [10, 2]
130 Worker 3 forwarding task 64
131 Worker 2 accepting task 54
131 Task 45 completed!
131 Worker 2 accepting task 60
131 Worker 3 accepting task 56
131 Worker 0 accepting task 64
131 Worker 4 processing task 51 requiring operations [10]
131 Worker 4 forwarding task 51
131 Worker 1 processing task 53 requiring operations [1]
131 Worker 1 forwarding task 53
131 Worker 2 processing task 46 requiring operations [5]
131 Worker 2 performing operation 5 on task 46
131 Worker 3 processing task 56 requiring operations [6]
131 Worker 3 performing operation 6 on task 56
131 Worker 0 processing task 64 requiring operations [10, 2]
131 Worker 0 performing operation 10 on task 64
132 Generated task 66
132 Worker 2 accepting task 66
132 Worker 3 accepting task 51
132 Worker 0 accepting task 53
132 Task 46 completed!
132 Task 56 completed!
132 Worker 0 accepting task 64
132 Worker 4 processing task 62 requiring operations [2, 6]
132 Worker 4 performing operation 2 on task 62
132 Worker 2 processing task 49 requiring operations [6]
132 Worker 2 forwarding task 49
132 Worker 3 processing task 51 requiring operations [10]
132 Worker 3 forwarding task 51
132 Worker 0 processing task 53 requiring operations [1]
132 Worker 0 forwarding task 53
133 Worker 4 accepting task 62
133 Worker 4 accepting task 49
133 Worker 0 accepting task 51
133 Worker 1 accepting task 53
133 Worker 4 processing task 65 requiring operations [9, 1, 5]
133 Worker 4 forwarding task 65
133 Worker 2 processing task 61 requiring operations [2, 8, 5]
133 Worker 2 performing operation 5 on task 61
133 Worker 0 processing task 64 requiring operations [2]
133 Worker 0 forwarding task 64
133 Worker 1 processing task 53 requiring operations [1]
133 Worker 1 forwarding task 53
134 Generated task 67
134 Worker 3 accepting task 67
134 Worker 2 accepting task 65
134 Worker 2 accepting task 61
134 Worker 3 accepting task 64
134 Worker 0 accepting task 53
134 Worker 4 processing task 62 requiring operations [6]
134 Worker 4 forwarding task 62
134 Worker 2 processing task 57 requiring operations [8]
134 Worker 2 forwarding task 57
134 Worker 0 processing task 51 requiring operations [10]
134 Worker 0 performing operation 10 on task 51
134 Worker 3 processing task 67 requiring operations [6, 3, 4]
134 Worker 3 performing operation 6 on task 67
135 Worker 1 accepting task 62
135 Worker 1 accepting task 57
135 Task 51 completed!
135 Worker 3 accepting task 67
135 Worker 4 processing task 49 requiring operations [6]
135 Worker 4 forwarding task 49
135 Worker 2 processing task 59 requiring operations [6]
135 Worker 2 forwarding task 59
135 Worker 0 processing task 53 requiring operations [1]
135 Worker 0 forwarding task 53
135 Worker 3 processing task 64 requiring operations [2]
135 Worker 3 forwarding task 64
135 Worker 1 processing task 62 requiring operations [6]
135 Worker 1 forwarding task 62
136 Generated task 68
136 Worker 1 accepting task 68
136 Worker 3 accepting task 49
136 Worker 4 accepting task 59
136 Worker 3 accepting task 53
136 Worker 4 accepting task 64
136 Worker 0 accepting task 62
136 Worker 2 processing task 58 requiring operations [9]
136 Worker 2 performing operation 9 on task 58
136 Worker 3 processing task 67 requiring operations [3, 4]
136 Worker 3 forwarding task 67
136 Worker 1 processing task 57 requiring operations [8]
136 Worker 1 forwarding task 57
136 Worker 4 processing task 59 requiring operations [6]
136 Worker 4 forwarding task 59
136 Worker 0 processing task 62 requiring operations [6]
136 Worker 0 forwarding task 62
137 Task 58 completed!
137 Worker 0 accepting task 67
137 Worker 2 accepting task 57
137 Worker 2 accepting task 59
137 Worker 3 accepting task 62
137 Worker 2 processing task 54 requiring operations [7]
137 Worker 2 forwarding task 54
137 Worker 3 processing task 49 requiring operations [6]
137 Worker 3 performing operation 6 on task 49
137 Worker 1 processing task 68 requiring operations [9, 3, 7]
137 Worker 1 performing operation 3 on task 68
137 Worker 4 processing task 64 requiring operations [2]
137 Worker 4 performing operation 2 on task 64
137 Worker 0 processing task 67 requiring operations [3, 4]
137 Worker 0 performing operation 4 on task 67
138 Generated task 69
138 Worker 3 accepting task 69
138 Worker 4 accepting task 54
138 Task 49 completed!
138 Worker 1 accepting task 68
138 Task 64 completed!
138 Worker 0 accepting task 67
138 Worker 2 processing task 60 requiring operations [5, 8]
138 Worker 2 performing operation 5 on task 60
138 Worker 3 processing task 53 requiring operations [1]
138 Worker 3 forwarding task 53
138 Worker 1 processing task 68 requiring operations [9, 7]
138 Worker 1 performing operation 7 on task 68
138 Worker 4 processing task 54 requiring operations [7]
138 Worker 4 forwarding task 54
138 Worker 0 processing task 67 requiring operations [3]
138 Worker 0 performing operation 3 on task 67
139 Worker 2 accepting task 60
139 Worker 0 accepting task 53
139 Worker 1 accepting task 68
139 Worker 3 accepting task 54
139 Task 67 completed!
139 Worker 2 processing task 66 requiring operations [4, 1, 6]
139 Worker 2 performing operation 1 on task 66
139 Worker 3 processing task 62 requiring operations [6]
139 Worker 3 performing operation 6 on task 62
139 Worker 1 processing task 68 requiring operations [9]
139 Worker 1 forwarding task 68
139 Worker 0 processing task 53 requiring operations [1]
139 Worker 0 forwarding task 53
140 Generated task 70
140 Worker 2 accepting task 70
140 Worker 2 accepting task 66
140 Task 62 completed!
140 Worker 2 accepting task 68
140 Worker 3 accepting task 53
140 Worker 2 processing task 65 requiring operations [9, 1, 5]
140 Worker 2 performing operation 9 on task 65
140 Worker 3 processing task 69 requiring operations [4, 1, 8]
140 Worker 3 forwarding task 69
