Worker 0 can perform operations {2, 3, 7}
Worker 1 can perform operations {8, 1, 10}
Worker 2 can perform operations {5}
Worker 3 can perform operations {1, 4, 5, 6, 7}
Worker 4 can perform operations {9}
Building network type random
Worker 0 connecting to worker 1
Worker 1 connecting to worker 0
Worker 0 connecting to worker 2
Worker 2 connecting to worker 0
Worker 1 connecting to worker 3
Worker 3 connecting to worker 1
Worker 2 connecting to worker 3
Worker 3 connecting to worker 2
Worker 4 connecting to worker 2
Worker 2 connecting to worker 4
Worker 4 connecting to worker 1
Worker 1 connecting to worker 4
Entry nodes are [0, 1, 2, 3, 4]
0 Generated task 0
0 Worker 4 accepting task 0
0 Worker 4 processing task 0 requiring operations [4, 10, 3]
0 Worker 4 forwarding task 0
1 Worker 2 accepting task 0
1 Worker 2 processing task 0 requiring operations [4, 10, 3]
1 Worker 2 forwarding task 0
2 Generated task 1
2 Worker 2 accepting task 1
2 Worker 0 accepting task 0
2 Worker 2 processing task 1 requiring operations [1, 8, 4]
2 Worker 2 forwarding task 1
2 Worker 0 processing task 0 requiring operations [4, 10, 3]
2 Worker 0 performing operation 3 on task 0
3 Worker 4 accepting task 1
3 Worker 0 accepting task 0
3 Worker 0 processing task 0 requiring operations [4, 10]
3 Worker 0 forwarding task 0
3 Worker 4 processing task 1 requiring operations [1, 8, 4]
3 Worker 4 forwarding task 1
4 Generated task 2
4 Worker 0 accepting task 2
4 Worker 2 accepting task 0
4 Worker 1 accepting task 1
4 Worker 0 processing task 2 requiring operations [3, 1, 10]
4 Worker 0 performing operation 3 on task 2
4 Worker 2 processing task 0 requiring operations [4, 10]
4 Worker 2 forwarding task 0
4 Worker 1 processing task 1 requiring operations [1, 8, 4]
4 Worker 1 performing operation 8 on task 1
5 Worker 0 accepting task 2
5 Worker 3 accepting task 0
5 Worker 1 accepting task 1
5 Worker 0 processing task 2 requiring operations [1, 10]
5 Worker 0 forwarding task 2
5 Worker 1 processing task 1 requiring operations [1, 4]
5 Worker 1 performing operation 1 on task 1
5 Worker 3 processing task 0 requiring operations [4, 10]
5 Worker 3 performing operation 4 on task 0
6 Generated task 3
6 Worker 0 accepting task 3
6 Worker 2 accepting task 2
6 Worker 1 accepting task 1
6 Worker 3 accepting task 0
6 Worker 0 processing task 3 requiring operations [7, 8, 3]
6 Worker 0 performing operation 3 on task 3
6 Worker 1 processing task 1 requiring operations [4]
6 Worker 1 forwarding task 1
6 Worker 3 processing task 0 requiring operations [10]
6 Worker 3 forwarding task 0
6 Worker 2 processing task 2 requiring operations [1, 10]
6 Worker 2 forwarding task 2
7 Worker 0 accepting task 3
7 Worker 4 accepting task 1
7 Worker 1 accepting task 0
7 Worker 0 accepting task 2
7 Worker 0 processing task 3 requiring operations [7, 8]
7 Worker 0 performing operation 7 on task 3
7 Worker 4 processing task 1 requiring operations [4]
7 Worker 4 forwarding task 1
7 Worker 1 processing task 0 requiring operations [10]
7 Worker 1 performing operation 10 on task 0
8 Generated task 4
8 Worker 4 accepting task 4
8 Worker 0 accepting task 3
8 Worker 2 accepting task 1
8 Task 0 completed!
8 Worker 0 processing task 2 requiring operations [1, 10]
8 Worker 0 forwarding task 2
8 Worker 4 processing task 4 requiring operations [8, 7, 4]
8 Worker 4 forwarding task 4
8 Worker 2 processing task 1 requiring operations [4]
8 Worker 2 forwarding task 1
9 Worker 1 accepting task 2
9 Worker 1 accepting task 4
9 Worker 3 accepting task 1
9 Worker 0 processing task 3 requiring operations [8]
9 Worker 0 forwarding task 3
9 Worker 1 processing task 2 requiring operations [1, 10]
9 Worker 1 performing operation 1 on task 2
9 Worker 3 processing task 1 requiring operations [4]
9 Worker 3 performing operation 4 on task 1
10 Generated task 5
10 Worker 1 accepting task 5
10 Worker 2 accepting task 3
10 Worker 1 accepting task 2
10 Task 1 completed!
10 Worker 1 processing task 4 requiring operations [8, 7, 4]
10 Worker 1 performing operation 8 on task 4
10 Worker 2 processing task 3 requiring operations [8]
10 Worker 2 forwarding task 3
11 Worker 1 accepting task 4
11 Worker 3 accepting task 3
11 Worker 1 processing task 5 requiring operations [10, 7, 6]
11 Worker 1 performing operation 10 on task 5
11 Worker 3 processing task 3 requiring operations [8]
11 Worker 3 forwarding task 3
12 Generated task 6
12 Worker 4 accepting task 6
12 Worker 1 accepting task 5
12 Worker 1 accepting task 3
12 Worker 1 processing task 2 requiring operations [10]
12 Worker 1 performing operation 10 on task 2
12 Worker 4 processing task 6 requiring operations [5, 2, 6]
12 Worker 4 forwarding task 6
13 Task 2 completed!
13 Worker 1 accepting task 6
13 Worker 1 processing task 4 requiring operations [7, 4]
13 Worker 1 forwarding task 4
14 Generated task 7
14 Worker 1 accepting task 7
14 Worker 3 accepting task 4
14 Worker 1 processing task 5 requiring operations [7, 6]
14 Worker 1 forwarding task 5
14 Worker 3 processing task 4 requiring operations [7, 4]
14 Worker 3 performing operation 7 on task 4
15 Worker 3 accepting task 5
15 Worker 3 accepting task 4
15 Worker 1 processing task 3 requiring operations [8]
15 Worker 1 performing operation 8 on task 3
15 Worker 3 processing task 5 requiring operations [7, 6]
15 Worker 3 performing operation 6 on task 5
16 Generated task 8
16 Worker 3 accepting task 8
16 Task 3 completed!
16 Worker 3 accepting task 5
16 Worker 1 processing task 6 requiring operations [5, 2, 6]
16 Worker 1 forwarding task 6
16 Worker 3 processing task 4 requiring operations [4]
16 Worker 3 performing operation 4 on task 4
17 Worker 3 accepting task 6
17 Task 4 completed!
17 Worker 1 processing task 7 requiring operations [1, 8, 10]
17 Worker 1 performing operation 1 on task 7
17 Worker 3 processing task 8 requiring operations [5, 9, 6]
17 Worker 3 performing operation 5 on task 8
18 Generated task 9
18 Worker 3 accepting task 9
18 Worker 1 accepting task 7
18 Worker 3 accepting task 8
18 Worker 1 processing task 7 requiring operations [8, 10]
18 Worker 1 performing operation 8 on task 7
18 Worker 3 processing task 5 requiring operations [7]
18 Worker 3 performing operation 7 on task 5
19 Worker 1 accepting task 7
19 Task 5 completed!
19 Worker 1 processing task 7 requiring operations [10]
19 Worker 1 performing operation 10 on task 7
19 Worker 3 processing task 6 requiring operations [5, 2, 6]
19 Worker 3 performing operation 5 on task 6
20 Generated task 10
20 Worker 0 accepting task 10
20 Task 7 completed!
20 Worker 3 accepting task 6
20 Worker 3 processing task 9 requiring operations [9, 10, 3]
20 Worker 3 forwarding task 9
20 Worker 0 processing task 10 requiring operations [9, 4, 10]
20 Worker 0 forwarding task 10
21 Worker 1 accepting task 9
21 Worker 1 accepting task 10
21 Worker 3 processing task 8 requiring operations [9, 6]
21 Worker 3 performing operation 6 on task 8
21 Worker 1 processing task 9 requiring operations [9, 10, 3]
21 Worker 1 performing operation 10 on task 9
22 Generated task 11
22 Worker 4 accepting task 11
22 Worker 3 accepting task 8
22 Worker 1 accepting task 9
22 Worker 3 processing task 6 requiring operations [2, 6]
22 Worker 3 performing operation 6 on task 6
22 Worker 1 processing task 10 requiring operations [9, 4, 10]
22 Worker 1 performing operation 10 on task 10
22 Worker 4 processing task 11 requiring operations [6, 5, 8]
22 Worker 4 forwarding task 11
23 Worker 3 accepting task 6
23 Worker 1 accepting task 10
23 Worker 1 accepting task 11
23 Worker 3 processing task 8 requiring operations [9]
23 Worker 3 forwarding task 8
23 Worker 1 processing task 9 requiring operations [9, 3]
23 Worker 1 forwarding task 9
24 Generated task 12
24 Worker 1 accepting task 12
24 Worker 1 accepting task 8
24 Worker 4 accepting task 9
24 Worker 3 processing task 6 requiring operations [2]
24 Worker 3 forwarding task 6
24 Worker 1 processing task 10 requiring operations [9, 4]
24 Worker 1 forwarding task 10
24 Worker 4 processing task 9 requiring operations [9, 3]
24 Worker 4 performing operation 9 on task 9
25 Worker 2 accepting task 6
25 Worker 0 accepting task 10
25 Worker 4 accepting task 9
25 Worker 1 processing task 11 requiring operations [6, 5, 8]
25 Worker 1 performing operation 8 on task 11
25 Worker 4 processing task 9 requiring operations [3]
25 Worker 4 forwarding task 9
25 Worker 2 processing task 6 requiring operations [2]
25 Worker 2 forwarding task 6
25 Worker 0 processing task 10 requiring operations [9, 4]
25 Worker 0 forwarding task 10
26 Generated task 13
26 Worker 0 accepting task 13
26 Worker 1 accepting task 11
26 Worker 2 accepting task 9
26 Worker 3 accepting task 6
26 Worker 1 accepting task 10
26 Worker 1 processing task 12 requiring operations [4, 3, 1]
26 Worker 1 performing operation 1 on task 12
26 Worker 2 processing task 9 requiring operations [3]
26 Worker 2 forwarding task 9
26 Worker 0 processing task 13 requiring operations [9, 10, 2]
26 Worker 0 performing operation 2 on task 13
26 Worker 3 processing task 6 requiring operations [2]
26 Worker 3 forwarding task 6
27 Worker 1 accepting task 12
27 Worker 4 accepting task 9
27 Worker 0 accepting task 13
27 Worker 2 accepting task 6
27 Worker 1 processing task 8 requiring operations [9]
27 Worker 1 forwarding task 8
27 Worker 0 processing task 13 requiring operations [9, 10]
27 Worker 0 forwarding task 13
27 Worker 4 processing task 9 requiring operations [3]
27 Worker 4 forwarding task 9
27 Worker 2 processing task 6 requiring operations [2]
27 Worker 2 forwarding task 6
28 Generated task 14
28 Worker 2 accepting task 14
28 Worker 3 accepting task 8
28 Worker 1 accepting task 13
28 Worker 2 accepting task 9
28 Worker 4 accepting task 6
28 Worker 1 processing task 11 requiring operations [6, 5]
28 Worker 1 forwarding task 11
28 Worker 2 processing task 14 requiring operations [6, 3, 1]
28 Worker 2 forwarding task 14
28 Worker 3 processing task 8 requiring operations [9]
28 Worker 3 forwarding task 8
28 Worker 4 processing task 6 requiring operations [2]
28 Worker 4 forwarding task 6
29 Worker 4 accepting task 11
29 Worker 0 accepting task 14
29 Worker 1 accepting task 8
29 Worker 1 accepting task 6
29 Worker 1 processing task 10 requiring operations [9, 4]
29 Worker 1 forwarding task 10
29 Worker 2 processing task 9 requiring operations [3]
29 Worker 2 forwarding task 9
29 Worker 4 processing task 11 requiring operations [6, 5]
29 Worker 4 forwarding task 11
29 Worker 0 processing task 14 requiring operations [6, 3, 1]
29 Worker 0 performing operation 3 on task 14
30 Generated task 15
30 Worker 4 accepting task 15
30 Worker 4 accepting task 10
30 Worker 3 accepting task 9
30 Worker 2 accepting task 11
30 Worker 0 accepting task 14
30 Worker 1 processing task 12 requiring operations [4, 3]
30 Worker 1 forwarding task 12
30 Worker 4 processing task 15 requiring operations [4, 8, 7]
30 Worker 4 forwarding task 15
30 Worker 0 processing task 14 requiring operations [6, 1]
30 Worker 0 forwarding task 14
30 Worker 3 processing task 9 requiring operations [3]
30 Worker 3 forwarding task 9
30 Worker 2 processing task 11 requiring operations [6, 5]
30 Worker 2 performing operation 5 on task 11
31 Worker 4 accepting task 12
31 Worker 1 accepting task 15
31 Worker 1 accepting task 14
31 Worker 1 accepting task 9
31 Worker 2 accepting task 11
31 Worker 1 processing task 13 requiring operations [9, 10]
31 Worker 1 performing operation 10 on task 13
31 Worker 4 processing task 10 requiring operations [9, 4]
31 Worker 4 performing operation 9 on task 10
31 Worker 2 processing task 11 requiring operations [6]
31 Worker 2 forwarding task 11
32 Generated task 16
32 Worker 1 accepting task 16
32 Worker 1 accepting task 13
32 Worker 4 accepting task 10
32 Worker 3 accepting task 11
32 Worker 1 processing task 8 requiring operations [9]
32 Worker 1 forwarding task 8
32 Worker 4 processing task 12 requiring operations [4, 3]
32 Worker 4 forwarding task 12
32 Worker 3 processing task 11 requiring operations [6]
32 Worker 3 performing operation 6 on task 11
33 Worker 0 accepting task 8
33 Worker 1 accepting task 12
33 Task 11 completed!
33 Worker 1 processing task 6 requiring operations [2]
33 Worker 1 forwarding task 6
33 Worker 4 processing task 10 requiring operations [4]
33 Worker 4 forwarding task 10
33 Worker 0 processing task 8 requiring operations [9]
33 Worker 0 forwarding task 8
34 Generated task 17
34 Worker 3 accepting task 17
34 Worker 4 accepting task 6
34 Worker 2 accepting task 10
34 Worker 1 accepting task 8
34 Worker 1 processing task 15 requiring operations [4, 8, 7]
34 Worker 1 performing operation 8 on task 15
34 Worker 4 processing task 6 requiring operations [2]
34 Worker 4 forwarding task 6
34 Worker 3 processing task 17 requiring operations [5, 6, 2]
34 Worker 3 performing operation 5 on task 17
34 Worker 2 processing task 10 requiring operations [4]
34 Worker 2 forwarding task 10
35 Worker 1 accepting task 15
35 Worker 2 accepting task 6
35 Worker 3 accepting task 17
35 Worker 0 accepting task 10
35 Worker 1 processing task 14 requiring operations [6, 1]
35 Worker 1 performing operation 1 on task 14
35 Worker 3 processing task 17 requiring operations [6, 2]
35 Worker 3 performing operation 6 on task 17
35 Worker 2 processing task 6 requiring operations [2]
35 Worker 2 forwarding task 6
35 Worker 0 processing task 10 requiring operations [4]
35 Worker 0 forwarding task 10
36 Generated task 18
36 Worker 4 accepting task 18
36 Worker 1 accepting task 14
36 Worker 3 accepting task 17
36 Worker 3 accepting task 6
36 Worker 2 accepting task 10
36 Worker 1 processing task 9 requiring operations [3]
36 Worker 1 forwarding task 9
36 Worker 3 processing task 17 requiring operations [2]
36 Worker 3 forwarding task 17
36 Worker 4 processing task 18 requiring operations [4, 6, 8]
36 Worker 4 forwarding task 18
36 Worker 2 processing task 10 requiring operations [4]
36 Worker 2 forwarding task 10
37 Worker 4 accepting task 9
37 Worker 1 accepting task 17
37 Worker 2 accepting task 18
37 Worker 0 accepting task 10
37 Worker 1 processing task 16 requiring operations [3, 2, 7]
37 Worker 1 forwarding task 16
37 Worker 3 processing task 6 requiring operations [2]
37 Worker 3 forwarding task 6
37 Worker 4 processing task 9 requiring operations [3]
37 Worker 4 forwarding task 9
37 Worker 2 processing task 18 requiring operations [4, 6, 8]
37 Worker 2 forwarding task 18
37 Worker 0 processing task 10 requiring operations [4]
37 Worker 0 forwarding task 10
38 Generated task 19
38 Worker 2 accepting task 19
38 Worker 3 accepting task 16
38 Worker 2 accepting task 6
38 Worker 1 accepting task 9
38 Worker 4 accepting task 18
38 Worker 2 accepting task 10
38 Worker 1 processing task 13 requiring operations [9]
38 Worker 1 forwarding task 13
38 Worker 3 processing task 16 requiring operations [3, 2, 7]
38 Worker 3 performing operation 7 on task 16
38 Worker 2 processing task 19 requiring operations [2, 9, 8]
38 Worker 2 forwarding task 19
38 Worker 4 processing task 18 requiring operations [4, 6, 8]
38 Worker 4 forwarding task 18
39 Worker 4 accepting task 13
39 Worker 3 accepting task 16
39 Worker 0 accepting task 19
39 Worker 1 accepting task 18
39 Worker 1 processing task 12 requiring operations [4, 3]
39 Worker 1 forwarding task 12
39 Worker 3 processing task 16 requiring operations [3, 2]
39 Worker 3 forwarding task 16
39 Worker 2 processing task 6 requiring operations [2]
39 Worker 2 forwarding task 6
39 Worker 4 processing task 13 requiring operations [9]
39 Worker 4 performing operation 9 on task 13
39 Worker 0 processing task 19 requiring operations [2, 9, 8]
39 Worker 0 performing operation 2 on task 19
40 Generated task 20
40 Worker 4 accepting task 20
40 Worker 4 accepting task 12
40 Worker 2 accepting task 16
40 Worker 0 accepting task 6
40 Task 13 completed!
40 Worker 0 accepting task 19
40 Worker 1 processing task 8 requiring operations [9]
40 Worker 1 forwarding task 8
40 Worker 2 processing task 10 requiring operations [4]
40 Worker 2 forwarding task 10
40 Worker 4 processing task 20 requiring operations [4, 8, 3]
40 Worker 4 forwarding task 20
40 Worker 0 processing task 6 requiring operations [2]
40 Worker 0 performing operation 2 on task 6
41 Worker 3 accepting task 8
41 Worker 4 accepting task 10
41 Worker 2 accepting task 20
41 Task 6 completed!
41 Worker 1 processing task 15 requiring operations [4, 7]
41 Worker 1 forwarding task 15
41 Worker 2 processing task 16 requiring operations [3, 2]
41 Worker 2 forwarding task 16
41 Worker 4 processing task 12 requiring operations [4, 3]
41 Worker 4 forwarding task 12
41 Worker 0 processing task 19 requiring operations [9, 8]
41 Worker 0 forwarding task 19
41 Worker 3 processing task 8 requiring operations [9]
41 Worker 3 forwarding task 8
42 Generated task 21
42 Worker 1 accepting task 21
42 Worker 3 accepting task 15
42 Worker 4 accepting task 16
42 Worker 2 accepting task 12
42 Worker 1 accepting task 19
42 Worker 1 accepting task 8
42 Worker 1 processing task 14 requiring operations [6]
42 Worker 1 forwarding task 14
42 Worker 2 processing task 20 requiring operations [4, 8, 3]
42 Worker 2 forwarding task 20
42 Worker 4 processing task 10 requiring operations [4]
42 Worker 4 forwarding task 10
42 Worker 3 processing task 15 requiring operations [4, 7]
42 Worker 3 performing operation 4 on task 15
43 Worker 3 accepting task 14
43 Worker 0 accepting task 20
43 Worker 2 accepting task 10
43 Worker 3 accepting task 15
43 Worker 1 processing task 17 requiring operations [2]
43 Worker 1 forwarding task 17
43 Worker 2 processing task 12 requiring operations [4, 3]
43 Worker 2 forwarding task 12
43 Worker 4 processing task 16 requiring operations [3, 2]
43 Worker 4 forwarding task 16
43 Worker 3 processing task 14 requiring operations [6]
43 Worker 3 performing operation 6 on task 14
43 Worker 0 processing task 20 requiring operations [4, 8, 3]
43 Worker 0 performing operation 3 on task 20
44 Generated task 22
44 Worker 3 accepting task 22
44 Worker 4 accepting task 17
44 Worker 0 accepting task 12
44 Worker 1 accepting task 16
44 Task 14 completed!
44 Worker 0 accepting task 20
44 Worker 1 processing task 9 requiring operations [3]
44 Worker 1 forwarding task 9
44 Worker 2 processing task 10 requiring operations [4]
44 Worker 2 forwarding task 10
44 Worker 4 processing task 17 requiring operations [2]
44 Worker 4 forwarding task 17
44 Worker 3 processing task 15 requiring operations [7]
44 Worker 3 performing operation 7 on task 15
44 Worker 0 processing task 12 requiring operations [4, 3]
44 Worker 0 performing operation 3 on task 12
45 Worker 4 accepting task 9
45 Worker 0 accepting task 10
45 Worker 1 accepting task 17
45 Task 15 completed!
45 Worker 0 accepting task 12
45 Worker 1 processing task 18 requiring operations [4, 6, 8]
45 Worker 1 performing operation 8 on task 18
45 Worker 4 processing task 9 requiring operations [3]
45 Worker 4 forwarding task 9
45 Worker 3 processing task 22 requiring operations [3, 4, 1]
45 Worker 3 performing operation 4 on task 22
45 Worker 0 processing task 20 requiring operations [4, 8]
45 Worker 0 forwarding task 20
46 Generated task 23
46 Worker 1 accepting task 23
46 Worker 1 accepting task 18
46 Worker 1 accepting task 9
46 Worker 3 accepting task 22
46 Worker 2 accepting task 20
46 Worker 1 processing task 21 requiring operations [2, 6, 5]
46 Worker 1 forwarding task 21
46 Worker 3 processing task 22 requiring operations [3, 1]
46 Worker 3 performing operation 1 on task 22
46 Worker 0 processing task 10 requiring operations [4]
46 Worker 0 forwarding task 10
46 Worker 2 processing task 20 requiring operations [4, 8]
46 Worker 2 forwarding task 20
47 Worker 0 accepting task 21
47 Worker 3 accepting task 22
47 Worker 2 accepting task 10
47 Worker 3 accepting task 20
47 Worker 1 processing task 19 requiring operations [9, 8]
47 Worker 1 performing operation 8 on task 19
47 Worker 3 processing task 22 requiring operations [3]
47 Worker 3 forwarding task 22
47 Worker 0 processing task 12 requiring operations [4]
47 Worker 0 forwarding task 12
47 Worker 2 processing task 10 requiring operations [4]
47 Worker 2 forwarding task 10
48 Generated task 24
48 Worker 1 accepting task 24
48 Worker 1 accepting task 19
48 Worker 1 accepting task 22
48 Worker 1 accepting task 12
48 Worker 4 accepting task 10
48 Worker 1 processing task 8 requiring operations [9]
48 Worker 1 forwarding task 8
48 Worker 3 processing task 20 requiring operations [4, 8]
48 Worker 3 performing operation 4 on task 20
48 Worker 0 processing task 21 requiring operations [2, 6, 5]
48 Worker 0 performing operation 2 on task 21
48 Worker 4 processing task 10 requiring operations [4]
48 Worker 4 forwarding task 10
49 Worker 3 accepting task 8
49 Worker 3 accepting task 20
49 Worker 0 accepting task 21
49 Worker 2 accepting task 10
49 Worker 1 processing task 16 requiring operations [3, 2]
49 Worker 1 forwarding task 16
49 Worker 3 processing task 8 requiring operations [9]
49 Worker 3 forwarding task 8
49 Worker 0 processing task 21 requiring operations [6, 5]
49 Worker 0 forwarding task 21
49 Worker 2 processing task 10 requiring operations [4]
49 Worker 2 forwarding task 10
50 Generated task 25
50 Worker 0 accepting task 25
50 Worker 3 accepting task 16
50 Worker 1 accepting task 8
50 Worker 1 accepting task 21
50 Worker 3 accepting task 10
50 Worker 1 processing task 17 requiring operations [2]
50 Worker 1 forwarding task 17
50 Worker 3 processing task 20 requiring operations [8]
50 Worker 3 forwarding task 20
50 Worker 0 processing task 25 requiring operations [3, 5, 7]
50 Worker 0 performing operation 7 on task 25
51 Worker 4 accepting task 17
51 Worker 1 accepting task 20
51 Worker 0 accepting task 25
51 Worker 1 processing task 23 requiring operations [5, 4, 2]
51 Worker 1 forwarding task 23
51 Worker 3 processing task 16 requiring operations [3, 2]
51 Worker 3 forwarding task 16
51 Worker 0 processing task 25 requiring operations [3, 5]
51 Worker 0 performing operation 3 on task 25
51 Worker 4 processing task 17 requiring operations [2]
51 Worker 4 forwarding task 17
52 Generated task 26
52 Worker 1 accepting task 26
52 Worker 3 accepting task 23
52 Worker 2 accepting task 16
52 Worker 0 accepting task 25
52 Worker 1 accepting task 17
52 Worker 1 processing task 18 requiring operations [4, 6]
52 Worker 1 forwarding task 18
52 Worker 3 processing task 10 requiring operations [4]
52 Worker 3 performing operation 4 on task 10
52 Worker 0 processing task 25 requiring operations [5]
52 Worker 0 forwarding task 25
52 Worker 2 processing task 16 requiring operations [3, 2]
52 Worker 2 forwarding task 16
53 Worker 0 accepting task 18
53 Task 10 completed!
53 Worker 2 accepting task 25
53 Worker 3 accepting task 16
53 Worker 1 processing task 9 requiring operations [3]
53 Worker 1 forwarding task 9
53 Worker 3 processing task 23 requiring operations [5, 4, 2]
53 Worker 3 performing operation 4 on task 23
53 Worker 0 processing task 18 requiring operations [4, 6]
53 Worker 0 forwarding task 18
53 Worker 2 processing task 25 requiring operations [5]
53 Worker 2 performing operation 5 on task 25
54 Generated task 27
54 Worker 2 accepting task 27
54 Worker 3 accepting task 9
54 Worker 3 accepting task 23
54 Worker 2 accepting task 18
54 Task 25 completed!
54 Worker 1 processing task 24 requiring operations [5, 6, 3]
54 Worker 1 forwarding task 24
54 Worker 3 processing task 16 requiring operations [3, 2]
54 Worker 3 forwarding task 16
54 Worker 2 processing task 27 requiring operations [3, 10, 9]
54 Worker 2 forwarding task 27
55 Worker 4 accepting task 24
55 Worker 2 accepting task 16
55 Worker 4 accepting task 27
55 Worker 1 processing task 19 requiring operations [9]
55 Worker 1 forwarding task 19
55 Worker 3 processing task 9 requiring operations [3]
55 Worker 3 forwarding task 9
55 Worker 2 processing task 18 requiring operations [4, 6]
55 Worker 2 forwarding task 18
55 Worker 4 processing task 24 requiring operations [5, 6, 3]
55 Worker 4 forwarding task 24
56 Generated task 28
56 Worker 4 accepting task 28
56 Worker 4 accepting task 19
56 Worker 2 accepting task 9
56 Worker 4 accepting task 18
56 Worker 2 accepting task 24
56 Worker 1 processing task 22 requiring operations [3]
56 Worker 1 forwarding task 22
56 Worker 3 processing task 23 requiring operations [5, 2]
56 Worker 3 performing operation 5 on task 23
56 Worker 2 processing task 16 requiring operations [3, 2]
56 Worker 2 forwarding task 16
56 Worker 4 processing task 27 requiring operations [3, 10, 9]
56 Worker 4 performing operation 9 on task 27
57 Worker 4 accepting task 22
57 Worker 3 accepting task 23
57 Worker 3 accepting task 16
57 Worker 4 accepting task 27
57 Worker 1 processing task 12 requiring operations [4]
57 Worker 1 forwarding task 12
57 Worker 3 processing task 23 requiring operations [2]
57 Worker 3 forwarding task 23
57 Worker 2 processing task 9 requiring operations [3]
57 Worker 2 forwarding task 9
57 Worker 4 processing task 28 requiring operations [8, 9, 2]
57 Worker 4 performing operation 9 on task 28
58 Generated task 29
58 Worker 0 accepting task 29
58 Worker 3 accepting task 12
58 Worker 1 accepting task 23
58 Worker 0 accepting task 9
58 Worker 4 accepting task 28
58 Worker 1 processing task 8 requiring operations [9]
58 Worker 1 forwarding task 8
58 Worker 3 processing task 16 requiring operations [3, 2]
58 Worker 3 forwarding task 16
58 Worker 2 processing task 24 requiring operations [5, 6, 3]
58 Worker 2 performing operation 5 on task 24
58 Worker 4 processing task 19 requiring operations [9]
58 Worker 4 performing operation 9 on task 19
58 Worker 0 processing task 29 requiring operations [5, 9, 8]
58 Worker 0 forwarding task 29
59 Worker 4 accepting task 8
59 Worker 2 accepting task 16
59 Worker 2 accepting task 24
59 Task 19 completed!
59 Worker 2 accepting task 29
59 Worker 1 processing task 21 requiring operations [6, 5]
59 Worker 1 forwarding task 21
59 Worker 3 processing task 12 requiring operations [4]
59 Worker 3 performing operation 4 on task 12
59 Worker 2 processing task 16 requiring operations [3, 2]
59 Worker 2 forwarding task 16
59 Worker 4 processing task 18 requiring operations [4, 6]
59 Worker 4 forwarding task 18
59 Worker 0 processing task 9 requiring operations [3]
59 Worker 0 performing operation 3 on task 9
60 Generated task 30
60 Worker 1 accepting task 30
60 Worker 4 accepting task 21
60 Task 12 completed!
60 Worker 4 accepting task 16
60 Worker 1 accepting task 18
60 Task 9 completed!
60 Worker 1 processing task 20 requiring operations [8]
60 Worker 1 performing operation 8 on task 20
60 Worker 2 processing task 24 requiring operations [6, 3]
60 Worker 2 forwarding task 24
60 Worker 4 processing task 22 requiring operations [3]
60 Worker 4 forwarding task 22
61 Task 20 completed!
61 Worker 3 accepting task 24
61 Worker 2 accepting task 22
61 Worker 1 processing task 26 requiring operations [7, 6, 4]
61 Worker 1 forwarding task 26
61 Worker 2 processing task 29 requiring operations [5, 9, 8]
61 Worker 2 performing operation 5 on task 29
61 Worker 4 processing task 27 requiring operations [3, 10]
61 Worker 4 forwarding task 27
61 Worker 3 processing task 24 requiring operations [6, 3]
61 Worker 3 performing operation 6 on task 24
62 Generated task 31
62 Worker 2 accepting task 31
62 Worker 0 accepting task 26
62 Worker 2 accepting task 29
62 Worker 2 accepting task 27
62 Worker 3 accepting task 24
62 Worker 1 processing task 17 requiring operations [2]
62 Worker 1 forwarding task 17
62 Worker 2 processing task 22 requiring operations [3]
62 Worker 2 forwarding task 22
62 Worker 4 processing task 28 requiring operations [8, 2]
62 Worker 4 forwarding task 28
62 Worker 3 processing task 24 requiring operations [3]
62 Worker 3 forwarding task 24
62 Worker 0 processing task 26 requiring operations [7, 6, 4]
62 Worker 0 performing operation 7 on task 26
63 Worker 0 accepting task 17
63 Worker 4 accepting task 22
63 Worker 1 accepting task 28
63 Worker 1 accepting task 24
63 Worker 0 accepting task 26
63 Worker 1 processing task 23 requiring operations [2]
63 Worker 1 forwarding task 23
63 Worker 2 processing task 31 requiring operations [5, 7, 8]
63 Worker 2 performing operation 5 on task 31
63 Worker 4 processing task 8 requiring operations [9]
63 Worker 4 performing operation 9 on task 8
63 Worker 0 processing task 17 requiring operations [2]
63 Worker 0 performing operation 2 on task 17
64 Generated task 32
64 Worker 4 accepting task 32
64 Worker 4 accepting task 23
64 Worker 2 accepting task 31
64 Task 8 completed!
64 Task 17 completed!
64 Worker 1 processing task 30 requiring operations [1, 7, 10]
64 Worker 1 performing operation 1 on task 30
64 Worker 2 processing task 29 requiring operations [9, 8]
64 Worker 2 forwarding task 29
64 Worker 4 processing task 21 requiring operations [6, 5]
64 Worker 4 forwarding task 21
64 Worker 0 processing task 26 requiring operations [6, 4]
64 Worker 0 forwarding task 26
65 Worker 1 accepting task 30
65 Worker 0 accepting task 29
65 Worker 2 accepting task 21
65 Worker 2 accepting task 26
65 Worker 1 processing task 18 requiring operations [4, 6]
65 Worker 1 forwarding task 18
65 Worker 2 processing task 27 requiring operations [3, 10]
65 Worker 2 forwarding task 27
65 Worker 4 processing task 16 requiring operations [3, 2]
65 Worker 4 forwarding task 16
65 Worker 0 processing task 29 requiring operations [9, 8]
65 Worker 0 forwarding task 29
66 Generated task 33
66 Worker 1 accepting task 33
66 Worker 4 accepting task 18
66 Worker 4 accepting task 27
66 Worker 1 accepting task 16
66 Worker 2 accepting task 29
66 Worker 1 processing task 28 requiring operations [8, 2]
66 Worker 1 performing operation 8 on task 28
66 Worker 2 processing task 31 requiring operations [7, 8]
66 Worker 2 forwarding task 31
66 Worker 4 processing task 22 requiring operations [3]
66 Worker 4 forwarding task 22
67 Worker 1 accepting task 28
67 Worker 3 accepting task 31
67 Worker 1 accepting task 22
67 Worker 1 processing task 24 requiring operations [3]
67 Worker 1 forwarding task 24
67 Worker 2 processing task 21 requiring operations [6, 5]
67 Worker 2 performing operation 5 on task 21
67 Worker 4 processing task 32 requiring operations [9, 1, 6]
67 Worker 4 performing operation 9 on task 32
67 Worker 3 processing task 31 requiring operations [7, 8]
67 Worker 3 performing operation 7 on task 31
68 Generated task 34
68 Worker 1 accepting task 34
68 Worker 3 accepting task 24
68 Worker 2 accepting task 21
68 Worker 4 accepting task 32
68 Worker 3 accepting task 31
68 Worker 1 processing task 30 requiring operations [7, 10]
68 Worker 1 performing operation 10 on task 30
68 Worker 2 processing task 26 requiring operations [6, 4]
68 Worker 2 forwarding task 26
68 Worker 4 processing task 23 requiring operations [2]
68 Worker 4 forwarding task 23
68 Worker 3 processing task 24 requiring operations [3]
68 Worker 3 forwarding task 24
69 Worker 1 accepting task 30
69 Worker 3 accepting task 26
69 Worker 1 accepting task 23
69 Worker 1 accepting task 24
69 Worker 1 processing task 33 requiring operations [3, 5, 8]
69 Worker 1 performing operation 8 on task 33
69 Worker 2 processing task 29 requiring operations [9, 8]
69 Worker 2 forwarding task 29
69 Worker 4 processing task 18 requiring operations [4, 6]
69 Worker 4 forwarding task 18
69 Worker 3 processing task 31 requiring operations [8]
69 Worker 3 forwarding task 31
70 Generated task 35
70 Worker 1 accepting task 35
70 Worker 1 accepting task 33
70 Worker 4 accepting task 29
70 Worker 2 accepting task 18
70 Worker 1 accepting task 31
70 Worker 1 processing task 16 requiring operations [3, 2]
70 Worker 1 forwarding task 16
70 Worker 2 processing task 21 requiring operations [6]
70 Worker 2 forwarding task 21
70 Worker 4 processing task 27 requiring operations [3, 10]
70 Worker 4 forwarding task 27
70 Worker 3 processing task 26 requiring operations [6, 4]
70 Worker 3 performing operation 4 on task 26
71 Worker 4 accepting task 16
71 Worker 4 accepting task 21
71 Worker 2 accepting task 27
71 Worker 3 accepting task 26
71 Worker 1 processing task 28 requiring operations [2]
71 Worker 1 forwarding task 28
71 Worker 2 processing task 18 requiring operations [4, 6]
71 Worker 2 forwarding task 18
71 Worker 4 processing task 32 requiring operations [1, 6]
71 Worker 4 forwarding task 32
71 Worker 3 processing task 26 requiring operations [6]
71 Worker 3 performing operation 6 on task 26
72 Generated task 36
72 Worker 3 accepting task 36
72 Worker 0 accepting task 28
72 Worker 0 accepting task 18
72 Worker 1 accepting task 32
72 Task 26 completed!
72 Worker 1 processing task 22 requiring operations [3]
72 Worker 1 forwarding task 22
72 Worker 2 processing task 27 requiring operations [3, 10]
72 Worker 2 forwarding task 27
72 Worker 4 processing task 29 requiring operations [9, 8]
72 Worker 4 performing operation 9 on task 29
72 Worker 3 processing task 36 requiring operations [6, 3, 7]
72 Worker 3 performing operation 7 on task 36
72 Worker 0 processing task 28 requiring operations [2]
72 Worker 0 performing operation 2 on task 28
73 Worker 4 accepting task 22
73 Worker 3 accepting task 27
73 Worker 4 accepting task 29
73 Worker 3 accepting task 36
73 Task 28 completed!
73 Worker 1 processing task 34 requiring operations [3, 1, 8]
73 Worker 1 performing operation 1 on task 34
73 Worker 4 processing task 16 requiring operations [3, 2]
73 Worker 4 forwarding task 16
73 Worker 3 processing task 27 requiring operations [3, 10]
73 Worker 3 forwarding task 27
73 Worker 0 processing task 18 requiring operations [4, 6]
73 Worker 0 forwarding task 18
74 Generated task 37
74 Worker 3 accepting task 37
74 Worker 1 accepting task 34
74 Worker 1 accepting task 16
74 Worker 2 accepting task 27
74 Worker 2 accepting task 18
74 Worker 1 processing task 30 requiring operations [7]
74 Worker 1 forwarding task 30
74 Worker 4 processing task 21 requiring operations [6]
74 Worker 4 forwarding task 21
74 Worker 3 processing task 36 requiring operations [6, 3]
74 Worker 3 performing operation 6 on task 36
74 Worker 2 processing task 27 requiring operations [3, 10]
74 Worker 2 forwarding task 27
75 Worker 3 accepting task 30
75 Worker 2 accepting task 21
75 Worker 3 accepting task 36
75 Worker 4 accepting task 27
75 Worker 1 processing task 23 requiring operations [2]
75 Worker 1 forwarding task 23
75 Worker 4 processing task 22 requiring operations [3]
75 Worker 4 forwarding task 22
75 Worker 3 processing task 37 requiring operations [2, 5, 8]
75 Worker 3 performing operation 5 on task 37
75 Worker 2 processing task 18 requiring operations [4, 6]
75 Worker 2 forwarding task 18
76 Generated task 38
76 Worker 1 accepting task 38
76 Worker 3 accepting task 23
76 Worker 2 accepting task 22
76 Worker 3 accepting task 37
76 Worker 3 accepting task 18
76 Worker 1 processing task 24 requiring operations [3]
76 Worker 1 forwarding task 24
76 Worker 4 processing task 29 requiring operations [8]
76 Worker 4 forwarding task 29
76 Worker 3 processing task 30 requiring operations [7]
76 Worker 3 performing operation 7 on task 30
76 Worker 2 processing task 21 requiring operations [6]
76 Worker 2 forwarding task 21
77 Worker 4 accepting task 24
77 Worker 1 accepting task 29
77 Task 30 completed!
77 Worker 4 accepting task 21
77 Worker 1 processing task 35 requiring operations [1, 7, 4]
77 Worker 1 performing operation 1 on task 35
77 Worker 4 processing task 27 requiring operations [3, 10]
77 Worker 4 forwarding task 27
77 Worker 3 processing task 36 requiring operations [3]
77 Worker 3 forwarding task 36
77 Worker 2 processing task 22 requiring operations [3]
77 Worker 2 forwarding task 22
78 Generated task 39
78 Worker 0 accepting task 39
78 Worker 1 accepting task 35
78 Worker 1 accepting task 27
78 Worker 1 accepting task 36
78 Worker 0 accepting task 22
78 Worker 1 processing task 33 requiring operations [3, 5]
78 Worker 1 forwarding task 33
78 Worker 4 processing task 24 requiring operations [3]
78 Worker 4 forwarding task 24
78 Worker 3 processing task 23 requiring operations [2]
78 Worker 3 forwarding task 23
78 Worker 0 processing task 39 requiring operations [2, 6, 4]
78 Worker 0 performing operation 2 on task 39
79 Worker 0 accepting task 33
79 Worker 2 accepting task 24
79 Worker 2 accepting task 23
79 Worker 0 accepting task 39
79 Worker 1 processing task 31 requiring operations [8]
79 Worker 1 performing operation 8 on task 31
79 Worker 4 processing task 21 requiring operations [6]
79 Worker 4 forwarding task 21
79 Worker 3 processing task 37 requiring operations [2, 8]
79 Worker 3 forwarding task 37
79 Worker 0 processing task 22 requiring operations [3]
79 Worker 0 performing operation 3 on task 22
79 Worker 2 processing task 24 requiring operations [3]
79 Worker 2 forwarding task 24
80 Generated task 40
80 Worker 1 accepting task 40
80 Task 31 completed!
80 Worker 1 accepting task 21
80 Worker 1 accepting task 37
80 Task 22 completed!
80 Worker 0 accepting task 24
80 Worker 1 processing task 32 requiring operations [1, 6]
80 Worker 1 performing operation 1 on task 32
80 Worker 3 processing task 18 requiring operations [4, 6]
80 Worker 3 performing operation 6 on task 18
80 Worker 0 processing task 33 requiring operations [3, 5]
80 Worker 0 performing operation 3 on task 33
80 Worker 2 processing task 23 requiring operations [2]
80 Worker 2 forwarding task 23
81 Worker 1 accepting task 32
81 Worker 3 accepting task 18
81 Worker 0 accepting task 33
81 Worker 3 accepting task 23
81 Worker 1 processing task 34 requiring operations [3, 8]
81 Worker 1 performing operation 8 on task 34
81 Worker 3 processing task 18 requiring operations [4]
81 Worker 3 performing operation 4 on task 18
81 Worker 0 processing task 39 requiring operations [6, 4]
81 Worker 0 forwarding task 39
82 Generated task 41
82 Worker 4 accepting task 41
82 Worker 1 accepting task 34
82 Task 18 completed!
82 Worker 2 accepting task 39
82 Worker 1 processing task 16 requiring operations [3, 2]
82 Worker 1 forwarding task 16
82 Worker 3 processing task 23 requiring operations [2]
82 Worker 3 forwarding task 23
82 Worker 0 processing task 24 requiring operations [3]
82 Worker 0 performing operation 3 on task 24
82 Worker 4 processing task 41 requiring operations [2, 3, 1]
82 Worker 4 forwarding task 41
82 Worker 2 processing task 39 requiring operations [6, 4]
82 Worker 2 forwarding task 39
83 Worker 0 accepting task 16
83 Worker 2 accepting task 23
83 Task 24 completed!
83 Worker 1 accepting task 41
83 Worker 4 accepting task 39
83 Worker 1 processing task 38 requiring operations [10, 1, 6]
83 Worker 1 performing operation 1 on task 38
83 Worker 0 processing task 33 requiring operations [5]
83 Worker 0 forwarding task 33
83 Worker 2 processing task 23 requiring operations [2]
83 Worker 2 forwarding task 23
83 Worker 4 processing task 39 requiring operations [6, 4]
83 Worker 4 forwarding task 39
84 Generated task 42
84 Worker 1 accepting task 42
84 Worker 1 accepting task 38
84 Worker 1 accepting task 33
84 Worker 4 accepting task 23
84 Worker 2 accepting task 39
84 Worker 1 processing task 29 requiring operations [8]
84 Worker 1 performing operation 8 on task 29
84 Worker 0 processing task 16 requiring operations [3, 2]
84 Worker 0 performing operation 3 on task 16
84 Worker 4 processing task 23 requiring operations [2]
84 Worker 4 forwarding task 23
84 Worker 2 processing task 39 requiring operations [6, 4]
84 Worker 2 forwarding task 39
85 Task 29 completed!
85 Worker 0 accepting task 16
85 Worker 2 accepting task 23
85 Worker 0 accepting task 39
85 Worker 1 processing task 35 requiring operations [7, 4]
85 Worker 1 forwarding task 35
85 Worker 0 processing task 16 requiring operations [2]
85 Worker 0 performing operation 2 on task 16
85 Worker 2 processing task 23 requiring operations [2]
85 Worker 2 forwarding task 23
86 Generated task 43
86 Worker 4 accepting task 43
86 Worker 3 accepting task 35
86 Task 16 completed!
86 Worker 0 accepting task 23
86 Worker 1 processing task 27 requiring operations [3, 10]
86 Worker 1 performing operation 10 on task 27
86 Worker 0 processing task 39 requiring operations [6, 4]
86 Worker 0 forwarding task 39
86 Worker 4 processing task 43 requiring operations [4, 10, 6]
86 Worker 4 forwarding task 43
86 Worker 3 processing task 35 requiring operations [7, 4]
86 Worker 3 performing operation 4 on task 35
87 Worker 1 accepting task 27
87 Worker 2 accepting task 39
87 Worker 2 accepting task 43
87 Worker 3 accepting task 35
87 Worker 1 processing task 36 requiring operations [3]
87 Worker 1 forwarding task 36
87 Worker 0 processing task 23 requiring operations [2]
87 Worker 0 performing operation 2 on task 23
87 Worker 3 processing task 35 requiring operations [7]
87 Worker 3 performing operation 7 on task 35
87 Worker 2 processing task 39 requiring operations [6, 4]
87 Worker 2 forwarding task 39
88 Generated task 44
88 Worker 3 accepting task 44
88 Worker 4 accepting task 36
88 Task 23 completed!
88 Task 35 completed!
88 Worker 0 accepting task 39
88 Worker 1 processing task 40 requiring operations [5, 3, 6]
88 Worker 1 forwarding task 40
88 Worker 3 processing task 44 requiring operations [4, 3, 2]
88 Worker 3 performing operation 4 on task 44
88 Worker 2 processing task 43 requiring operations [4, 10, 6]
88 Worker 2 forwarding task 43
88 Worker 4 processing task 36 requiring operations [3]
88 Worker 4 forwarding task 36
88 Worker 0 processing task 39 requiring operations [6, 4]
88 Worker 0 forwarding task 39
89 Worker 0 accepting task 40
89 Worker 3 accepting task 44
89 Worker 3 accepting task 43
89 Worker 1 accepting task 36
89 Worker 2 accepting task 39
89 Worker 1 processing task 21 requiring operations [6]
89 Worker 1 forwarding task 21
89 Worker 3 processing task 44 requiring operations [3, 2]
89 Worker 3 forwarding task 44
89 Worker 0 processing task 40 requiring operations [5, 3, 6]
89 Worker 0 performing operation 3 on task 40
89 Worker 2 processing task 39 requiring operations [6, 4]
89 Worker 2 forwarding task 39
90 Generated task 45
90 Worker 0 accepting task 45
90 Worker 4 accepting task 21
90 Worker 2 accepting task 44
90 Worker 0 accepting task 40
90 Worker 4 accepting task 39
90 Worker 1 processing task 37 requiring operations [2, 8]
90 Worker 1 performing operation 8 on task 37
90 Worker 3 processing task 43 requiring operations [4, 10, 6]
90 Worker 3 performing operation 6 on task 43
90 Worker 0 processing task 45 requiring operations [8, 10, 2]
90 Worker 0 performing operation 2 on task 45
90 Worker 2 processing task 44 requiring operations [3, 2]
90 Worker 2 forwarding task 44
90 Worker 4 processing task 21 requiring operations [6]
90 Worker 4 forwarding task 21
91 Worker 1 accepting task 37
91 Worker 3 accepting task 43
91 Worker 0 accepting task 45
91 Worker 0 accepting task 44
91 Worker 1 accepting task 21
91 Worker 1 processing task 32 requiring operations [6]
91 Worker 1 forwarding task 32
91 Worker 3 processing task 43 requiring operations [4, 10]
91 Worker 3 performing operation 4 on task 43
91 Worker 0 processing task 40 requiring operations [5, 6]
91 Worker 0 forwarding task 40
91 Worker 4 processing task 39 requiring operations [6, 4]
91 Worker 4 forwarding task 39
92 Generated task 46
92 Worker 4 accepting task 46
92 Worker 4 accepting task 32
92 Worker 3 accepting task 43
92 Worker 1 accepting task 40
92 Worker 2 accepting task 39
92 Worker 1 processing task 34 requiring operations [3]
92 Worker 1 forwarding task 34
92 Worker 3 processing task 43 requiring operations [10]
92 Worker 3 forwarding task 43
92 Worker 0 processing task 45 requiring operations [8, 10]
92 Worker 0 forwarding task 45
92 Worker 4 processing task 46 requiring operations [5, 8, 10]
92 Worker 4 forwarding task 46
92 Worker 2 processing task 39 requiring operations [6, 4]
92 Worker 2 forwarding task 39
93 Worker 4 accepting task 34
93 Worker 2 accepting task 43
93 Worker 2 accepting task 45
93 Worker 2 accepting task 46
93 Worker 4 accepting task 39
93 Worker 1 processing task 41 requiring operations [2, 3, 1]
93 Worker 1 performing operation 1 on task 41
93 Worker 0 processing task 44 requiring operations [3, 2]
93 Worker 0 performing operation 3 on task 44
93 Worker 4 processing task 32 requiring operations [6]
93 Worker 4 forwarding task 32
93 Worker 2 processing task 43 requiring operations [10]
93 Worker 2 forwarding task 43
94 Generated task 47
94 Worker 4 accepting task 47
94 Worker 1 accepting task 41
94 Worker 0 accepting task 44
94 Worker 1 accepting task 32
94 Worker 0 accepting task 43
94 Worker 1 processing task 42 requiring operations [1, 10, 5]
94 Worker 1 performing operation 1 on task 42
94 Worker 0 processing task 44 requiring operations [2]
94 Worker 0 performing operation 2 on task 44
94 Worker 4 processing task 34 requiring operations [3]
94 Worker 4 forwarding task 34
94 Worker 2 processing task 45 requiring operations [8, 10]
94 Worker 2 forwarding task 45
95 Worker 1 accepting task 42
95 Task 44 completed!
95 Worker 2 accepting task 34
95 Worker 4 accepting task 45
95 Worker 1 processing task 38 requiring operations [10, 6]
95 Worker 1 performing operation 10 on task 38
95 Worker 0 processing task 43 requiring operations [10]
95 Worker 0 forwarding task 43
95 Worker 4 processing task 39 requiring operations [6, 4]
95 Worker 4 forwarding task 39
95 Worker 2 processing task 46 requiring operations [5, 8, 10]
95 Worker 2 performing operation 5 on task 46
96 Generated task 48
96 Worker 0 accepting task 48
96 Worker 1 accepting task 38
96 Worker 2 accepting task 43
96 Worker 2 accepting task 39
96 Worker 2 accepting task 46
96 Worker 1 processing task 33 requiring operations [5]
96 Worker 1 forwarding task 33
96 Worker 0 processing task 48 requiring operations [10, 5, 8]
96 Worker 0 forwarding task 48
96 Worker 4 processing task 47 requiring operations [8, 9, 2]
96 Worker 4 performing operation 9 on task 47
96 Worker 2 processing task 34 requiring operations [3]
96 Worker 2 forwarding task 34
97 Worker 4 accepting task 33
97 Worker 2 accepting task 48
97 Worker 4 accepting task 47
97 Worker 4 accepting task 34
97 Worker 1 processing task 27 requiring operations [3]
97 Worker 1 forwarding task 27
97 Worker 4 processing task 45 requiring operations [8, 10]
97 Worker 4 forwarding task 45
97 Worker 2 processing task 43 requiring operations [10]
97 Worker 2 forwarding task 43
98 Generated task 49
98 Worker 2 accepting task 49
98 Worker 0 accepting task 27
98 Worker 2 accepting task 45
98 Worker 3 accepting task 43
98 Worker 1 processing task 36 requiring operations [3]
98 Worker 1 forwarding task 36
98 Worker 4 processing task 33 requiring operations [5]
98 Worker 4 forwarding task 33
98 Worker 2 processing task 39 requiring operations [6, 4]
98 Worker 2 forwarding task 39
98 Worker 0 processing task 27 requiring operations [3]
98 Worker 0 performing operation 3 on task 27
98 Worker 3 processing task 43 requiring operations [10]
98 Worker 3 forwarding task 43
99 Worker 0 accepting task 36
99 Worker 2 accepting task 33
99 Worker 3 accepting task 39
99 Task 27 completed!
99 Worker 2 accepting task 43
99 Worker 1 processing task 37 requiring operations [2]
99 Worker 1 forwarding task 37
99 Worker 4 processing task 47 requiring operations [8, 2]
99 Worker 4 forwarding task 47
99 Worker 2 processing task 46 requiring operations [8, 10]
99 Worker 2 forwarding task 46
99 Worker 0 processing task 36 requiring operations [3]
99 Worker 0 performing operation 3 on task 36
99 Worker 3 processing task 39 requiring operations [6, 4]
99 Worker 3 performing operation 6 on task 39
100 Generated task 50
100 Worker 4 accepting task 50
100 Worker 0 accepting task 37
100 Worker 1 accepting task 47
100 Worker 4 accepting task 46
100 Task 36 completed!
100 Worker 3 accepting task 39
100 Worker 1 processing task 21 requiring operations [6]
100 Worker 1 forwarding task 21
100 Worker 4 processing task 34 requiring operations [3]
100 Worker 4 forwarding task 34
100 Worker 2 processing task 48 requiring operations [10, 5, 8]
100 Worker 2 performing operation 5 on task 48
100 Worker 0 processing task 37 requiring operations [2]
100 Worker 0 performing operation 2 on task 37
100 Worker 3 processing task 39 requiring operations [4]
100 Worker 3 performing operation 4 on task 39
101 Worker 3 accepting task 21
101 Worker 2 accepting task 34
101 Worker 2 accepting task 48
101 Task 37 completed!
101 Task 39 completed!
101 Worker 1 processing task 40 requiring operations [5, 6]
101 Worker 1 forwarding task 40
101 Worker 4 processing task 50 requiring operations [4, 9, 2]
101 Worker 4 performing operation 9 on task 50
101 Worker 2 processing task 49 requiring operations [6, 10, 8]
101 Worker 2 forwarding task 49
101 Worker 3 processing task 21 requiring operations [6]
101 Worker 3 performing operation 6 on task 21
102 Generated task 51
102 Worker 4 accepting task 51
102 Worker 4 accepting task 40
102 Worker 4 accepting task 50
102 Worker 0 accepting task 49
102 Task 21 completed!
102 Worker 1 processing task 41 requiring operations [2, 3]
102 Worker 1 forwarding task 41
102 Worker 4 processing task 46 requiring operations [8, 10]
102 Worker 4 forwarding task 46
102 Worker 2 processing task 45 requiring operations [8, 10]
102 Worker 2 forwarding task 45
102 Worker 0 processing task 49 requiring operations [6, 10, 8]
102 Worker 0 forwarding task 49
103 Worker 0 accepting task 41
103 Worker 2 accepting task 46
103 Worker 4 accepting task 45
103 Worker 1 accepting task 49
103 Worker 1 processing task 32 requiring operations [6]
103 Worker 1 forwarding task 32
103 Worker 4 processing task 51 requiring operations [5, 3, 6]
103 Worker 4 forwarding task 51
103 Worker 2 processing task 33 requiring operations [5]
103 Worker 2 performing operation 5 on task 33
103 Worker 0 processing task 41 requiring operations [2, 3]
103 Worker 0 performing operation 2 on task 41
104 Generated task 52
104 Worker 4 accepting task 52
104 Worker 0 accepting task 32
104 Worker 1 accepting task 51
104 Task 33 completed!
104 Worker 0 accepting task 41
104 Worker 1 processing task 42 requiring operations [10, 5]
104 Worker 1 performing operation 10 on task 42
104 Worker 4 processing task 40 requiring operations [5, 6]
104 Worker 4 forwarding task 40
104 Worker 2 processing task 43 requiring operations [10]
104 Worker 2 forwarding task 43
104 Worker 0 processing task 32 requiring operations [6]
104 Worker 0 forwarding task 32
105 Worker 1 accepting task 42
105 Worker 2 accepting task 40
105 Worker 3 accepting task 43
105 Worker 2 accepting task 32
105 Worker 1 processing task 38 requiring operations [6]
105 Worker 1 forwarding task 38
105 Worker 4 processing task 50 requiring operations [4, 2]
105 Worker 4 forwarding task 50
105 Worker 2 processing task 34 requiring operations [3]
105 Worker 2 forwarding task 34
105 Worker 0 processing task 41 requiring operations [3]
105 Worker 0 performing operation 3 on task 41
105 Worker 3 processing task 43 requiring operations [10]
105 Worker 3 forwarding task 43
106 Generated task 53
106 Worker 2 accepting task 53
106 Worker 0 accepting task 38
106 Worker 1 accepting task 50
106 Worker 0 accepting task 34
106 Task 41 completed!
106 Worker 1 accepting task 43
106 Worker 1 processing task 47 requiring operations [8, 2]
106 Worker 1 performing operation 8 on task 47
106 Worker 4 processing task 45 requiring operations [8, 10]
106 Worker 4 forwarding task 45
106 Worker 2 processing task 48 requiring operations [10, 8]
106 Worker 2 forwarding task 48
106 Worker 0 processing task 38 requiring operations [6]
106 Worker 0 forwarding task 38
107 Worker 1 accepting task 47
107 Worker 2 accepting task 45
107 Worker 0 accepting task 48
107 Worker 2 accepting task 38
107 Worker 1 processing task 49 requiring operations [6, 10, 8]
107 Worker 1 performing operation 8 on task 49
107 Worker 4 processing task 52 requiring operations [10, 5, 7]
107 Worker 4 forwarding task 52
107 Worker 2 processing task 46 requiring operations [8, 10]
107 Worker 2 forwarding task 46
107 Worker 0 processing task 34 requiring operations [3]
107 Worker 0 performing operation 3 on task 34
108 Generated task 54
108 Worker 2 accepting task 54
108 Worker 1 accepting task 49
108 Worker 1 accepting task 52
108 Worker 3 accepting task 46
108 Task 34 completed!
108 Worker 1 processing task 51 requiring operations [5, 3, 6]
108 Worker 1 forwarding task 51
108 Worker 2 processing task 40 requiring operations [5, 6]
108 Worker 2 performing operation 5 on task 40
108 Worker 0 processing task 48 requiring operations [10, 8]
108 Worker 0 forwarding task 48
108 Worker 3 processing task 46 requiring operations [8, 10]
108 Worker 3 forwarding task 46
109 Worker 3 accepting task 51
109 Worker 2 accepting task 40
109 Worker 1 accepting task 48
109 Worker 2 accepting task 46
109 Worker 1 processing task 42 requiring operations [5]
109 Worker 1 forwarding task 42
109 Worker 2 processing task 32 requiring operations [6]
109 Worker 2 forwarding task 32
109 Worker 3 processing task 51 requiring operations [5, 3, 6]
109 Worker 3 performing operation 5 on task 51
110 Generated task 55
110 Worker 4 accepting task 55
110 Worker 0 accepting task 42
110 Worker 0 accepting task 32
110 Worker 3 accepting task 51
110 Worker 1 processing task 50 requiring operations [4, 2]
110 Worker 1 forwarding task 50
110 Worker 2 processing task 53 requiring operations [1, 8, 7]
110 Worker 2 forwarding task 53
110 Worker 3 processing task 51 requiring operations [3, 6]
110 Worker 3 performing operation 6 on task 51
110 Worker 4 processing task 55 requiring operations [9, 6, 1]
110 Worker 4 performing operation 9 on task 55
110 Worker 0 processing task 42 requiring operations [5]
110 Worker 0 forwarding task 42
111 Worker 3 accepting task 50
111 Worker 3 accepting task 53
111 Worker 3 accepting task 51
111 Worker 4 accepting task 55
111 Worker 1 accepting task 42
111 Worker 1 processing task 43 requiring operations [10]
111 Worker 1 performing operation 10 on task 43
111 Worker 2 processing task 45 requiring operations [8, 10]
111 Worker 2 forwarding task 45
111 Worker 3 processing task 50 requiring operations [4, 2]
111 Worker 3 performing operation 4 on task 50
111 Worker 4 processing task 55 requiring operations [6, 1]
111 Worker 4 forwarding task 55
111 Worker 0 processing task 32 requiring operations [6]
111 Worker 0 forwarding task 32
112 Generated task 56
112 Worker 4 accepting task 56
112 Task 43 completed!
112 Worker 3 accepting task 45
112 Worker 3 accepting task 50
112 Worker 2 accepting task 55
112 Worker 2 accepting task 32
112 Worker 1 processing task 47 requiring operations [2]
112 Worker 1 forwarding task 47
112 Worker 2 processing task 38 requiring operations [6]
112 Worker 2 forwarding task 38
112 Worker 3 processing task 53 requiring operations [1, 8, 7]
112 Worker 3 performing operation 1 on task 53
112 Worker 4 processing task 56 requiring operations [3, 7, 2]
112 Worker 4 forwarding task 56
113 Worker 4 accepting task 47
113 Worker 0 accepting task 38
113 Worker 3 accepting task 53
113 Worker 2 accepting task 56
113 Worker 1 processing task 49 requiring operations [6, 10]
113 Worker 1 performing operation 10 on task 49
113 Worker 2 processing task 54 requiring operations [10, 2, 5]
113 Worker 2 performing operation 5 on task 54
113 Worker 3 processing task 51 requiring operations [3]
113 Worker 3 forwarding task 51
113 Worker 4 processing task 47 requiring operations [2]
113 Worker 4 forwarding task 47
113 Worker 0 processing task 38 requiring operations [6]
113 Worker 0 forwarding task 38
114 Generated task 57
114 Worker 4 accepting task 57
114 Worker 1 accepting task 49
114 Worker 2 accepting task 54
114 Worker 1 accepting task 51
114 Worker 1 accepting task 47
114 Worker 1 accepting task 38
114 Worker 1 processing task 52 requiring operations [10, 5, 7]
114 Worker 1 performing operation 10 on task 52
114 Worker 2 processing task 40 requiring operations [6]
114 Worker 2 forwarding task 40
114 Worker 3 processing task 45 requiring operations [8, 10]
114 Worker 3 forwarding task 45
114 Worker 4 processing task 57 requiring operations [5, 4, 7]
114 Worker 4 forwarding task 57
115 Worker 1 accepting task 52
115 Worker 4 accepting task 40
115 Worker 2 accepting task 45
115 Worker 2 accepting task 57
115 Worker 1 processing task 48 requiring operations [10, 8]
115 Worker 1 performing operation 10 on task 48
115 Worker 2 processing task 46 requiring operations [8, 10]
115 Worker 2 forwarding task 46
115 Worker 3 processing task 50 requiring operations [2]
115 Worker 3 forwarding task 50
115 Worker 4 processing task 40 requiring operations [6]
115 Worker 4 forwarding task 40
116 Generated task 58
116 Worker 1 accepting task 58
116 Worker 1 accepting task 48
116 Worker 0 accepting task 46
116 Worker 1 accepting task 50
116 Worker 1 accepting task 40
116 Worker 1 processing task 42 requiring operations [5]
116 Worker 1 forwarding task 42
116 Worker 2 processing task 55 requiring operations [6, 1]
116 Worker 2 forwarding task 55
116 Worker 3 processing task 53 requiring operations [8, 7]
116 Worker 3 performing operation 7 on task 53
116 Worker 0 processing task 46 requiring operations [8, 10]
116 Worker 0 forwarding task 46
117 Worker 4 accepting task 42
117 Worker 0 accepting task 55
117 Worker 3 accepting task 53
117 Worker 1 accepting task 46
117 Worker 1 processing task 49 requiring operations [6]
117 Worker 1 forwarding task 49
117 Worker 2 processing task 32 requiring operations [6]
117 Worker 2 forwarding task 32
117 Worker 3 processing task 53 requiring operations [8]
117 Worker 3 forwarding task 53
117 Worker 0 processing task 55 requiring operations [6, 1]
117 Worker 0 forwarding task 55
117 Worker 4 processing task 42 requiring operations [5]
117 Worker 4 forwarding task 42
118 Generated task 59
118 Worker 2 accepting task 59
118 Worker 3 accepting task 49
118 Worker 0 accepting task 32
118 Worker 1 accepting task 53
118 Worker 1 accepting task 55
118 Worker 2 accepting task 42
118 Worker 1 processing task 51 requiring operations [3]
118 Worker 1 forwarding task 51
118 Worker 2 processing task 56 requiring operations [3, 7, 2]
118 Worker 2 forwarding task 56
118 Worker 3 processing task 49 requiring operations [6]
118 Worker 3 performing operation 6 on task 49
118 Worker 0 processing task 32 requiring operations [6]
118 Worker 0 forwarding task 32
119 Worker 4 accepting task 51
119 Worker 3 accepting task 56
119 Task 49 completed!
119 Worker 1 accepting task 32
119 Worker 1 processing task 47 requiring operations [2]
119 Worker 1 forwarding task 47
119 Worker 2 processing task 54 requiring operations [10, 2]
119 Worker 2 forwarding task 54
119 Worker 3 processing task 56 requiring operations [3, 7, 2]
119 Worker 3 performing operation 7 on task 56
119 Worker 4 processing task 51 requiring operations [3]
119 Worker 4 forwarding task 51
120 Generated task 60
120 Worker 3 accepting task 60
120 Worker 3 accepting task 47
120 Worker 3 accepting task 54
120 Worker 3 accepting task 56
120 Worker 1 accepting task 51
120 Worker 1 processing task 38 requiring operations [6]
120 Worker 1 forwarding task 38
120 Worker 2 processing task 45 requiring operations [8, 10]
120 Worker 2 forwarding task 45
120 Worker 3 processing task 60 requiring operations [3, 8, 9]
120 Worker 3 forwarding task 60
121 Worker 4 accepting task 38
121 Worker 0 accepting task 45
121 Worker 2 accepting task 60
121 Worker 1 processing task 52 requiring operations [5, 7]
121 Worker 1 forwarding task 52
121 Worker 2 processing task 57 requiring operations [5, 4, 7]
121 Worker 2 performing operation 5 on task 57
121 Worker 3 processing task 47 requiring operations [2]
121 Worker 3 forwarding task 47
121 Worker 4 processing task 38 requiring operations [6]
121 Worker 4 forwarding task 38
121 Worker 0 processing task 45 requiring operations [8, 10]
121 Worker 0 forwarding task 45
122 Generated task 61
122 Worker 4 accepting task 61
122 Worker 0 accepting task 52
122 Worker 2 accepting task 57
122 Worker 2 accepting task 47
122 Worker 2 accepting task 38
122 Worker 1 accepting task 45
122 Worker 1 processing task 58 requiring operations [6, 4, 7]
122 Worker 1 forwarding task 58
122 Worker 2 processing task 59 requiring operations [7, 2, 10]
122 Worker 2 forwarding task 59
122 Worker 3 processing task 54 requiring operations [10, 2]
122 Worker 3 forwarding task 54
122 Worker 4 processing task 61 requiring operations [4, 10, 9]
122 Worker 4 performing operation 9 on task 61
122 Worker 0 processing task 52 requiring operations [5, 7]
122 Worker 0 performing operation 7 on task 52
123 Worker 4 accepting task 58
123 Worker 4 accepting task 59
123 Worker 2 accepting task 54
123 Worker 4 accepting task 61
123 Worker 0 accepting task 52
123 Worker 1 processing task 48 requiring operations [8]
123 Worker 1 performing operation 8 on task 48
123 Worker 2 processing task 42 requiring operations [5]
123 Worker 2 performing operation 5 on task 42
123 Worker 3 processing task 56 requiring operations [3, 2]
123 Worker 3 forwarding task 56
123 Worker 4 processing task 58 requiring operations [6, 4, 7]
123 Worker 4 forwarding task 58
123 Worker 0 processing task 52 requiring operations [5]
123 Worker 0 forwarding task 52
124 Generated task 62
124 Worker 0 accepting task 62
124 Task 48 completed!
124 Task 42 completed!
124 Worker 1 accepting task 56
124 Worker 1 accepting task 58
124 Worker 2 accepting task 52
124 Worker 1 processing task 50 requiring operations [2]
124 Worker 1 forwarding task 50
124 Worker 2 processing task 60 requiring operations [3, 8, 9]
124 Worker 2 forwarding task 60
124 Worker 4 processing task 59 requiring operations [7, 2, 10]
124 Worker 4 forwarding task 59
124 Worker 0 processing task 62 requiring operations [4, 7, 10]
124 Worker 0 performing operation 7 on task 62
125 Worker 0 accepting task 50
125 Worker 4 accepting task 60
125 Worker 1 accepting task 59
125 Worker 0 accepting task 62
125 Worker 1 processing task 40 requiring operations [6]
125 Worker 1 forwarding task 40
125 Worker 2 processing task 57 requiring operations [4, 7]
125 Worker 2 forwarding task 57
125 Worker 4 processing task 61 requiring operations [4, 10]
125 Worker 4 forwarding task 61
125 Worker 0 processing task 50 requiring operations [2]
125 Worker 0 performing operation 2 on task 50
126 Generated task 63
126 Worker 2 accepting task 63
126 Worker 0 accepting task 40
126 Worker 0 accepting task 57
126 Worker 1 accepting task 61
126 Task 50 completed!
126 Worker 1 processing task 46 requiring operations [8, 10]
126 Worker 1 performing operation 8 on task 46
126 Worker 2 processing task 47 requiring operations [2]
126 Worker 2 forwarding task 47
126 Worker 4 processing task 60 requiring operations [3, 8, 9]
126 Worker 4 performing operation 9 on task 60
126 Worker 0 processing task 62 requiring operations [4, 10]
126 Worker 0 forwarding task 62
127 Worker 1 accepting task 46
127 Worker 3 accepting task 47
127 Worker 4 accepting task 60
127 Worker 2 accepting task 62
127 Worker 1 processing task 53 requiring operations [8]
127 Worker 1 performing operation 8 on task 53
127 Worker 2 processing task 38 requiring operations [6]
127 Worker 2 forwarding task 38
127 Worker 4 processing task 60 requiring operations [3, 8]
127 Worker 4 forwarding task 60
127 Worker 0 processing task 40 requiring operations [6]
127 Worker 0 forwarding task 40
127 Worker 3 processing task 47 requiring operations [2]
127 Worker 3 forwarding task 47
128 Generated task 64
128 Worker 2 accepting task 64
128 Task 53 completed!
128 Worker 3 accepting task 38
128 Worker 2 accepting task 60
128 Worker 1 accepting task 40
128 Worker 1 accepting task 47
128 Worker 1 processing task 55 requiring operations [6, 1]
128 Worker 1 performing operation 1 on task 55
128 Worker 2 processing task 54 requiring operations [10, 2]
128 Worker 2 forwarding task 54
128 Worker 0 processing task 57 requiring operations [4, 7]
128 Worker 0 performing operation 7 on task 57
128 Worker 3 processing task 38 requiring operations [6]
128 Worker 3 performing operation 6 on task 38
129 Worker 1 accepting task 55
129 Worker 3 accepting task 54
129 Worker 0 accepting task 57
129 Task 38 completed!
129 Worker 1 processing task 32 requiring operations [6]
129 Worker 1 forwarding task 32
129 Worker 2 processing task 52 requiring operations [5]
129 Worker 2 performing operation 5 on task 52
129 Worker 0 processing task 57 requiring operations [4]
129 Worker 0 forwarding task 57
129 Worker 3 processing task 54 requiring operations [10, 2]
129 Worker 3 forwarding task 54
130 Generated task 65
130 Worker 2 accepting task 65
130 Worker 0 accepting task 32
130 Task 52 completed!
130 Worker 2 accepting task 57
130 Worker 2 accepting task 54
130 Worker 1 processing task 51 requiring operations [3]
130 Worker 1 forwarding task 51
130 Worker 2 processing task 63 requiring operations [3, 9, 4]
130 Worker 2 forwarding task 63
130 Worker 0 processing task 32 requiring operations [6]
130 Worker 0 forwarding task 32
131 Worker 4 accepting task 51
131 Worker 3 accepting task 63
131 Worker 2 accepting task 32
131 Worker 1 processing task 45 requiring operations [8, 10]
131 Worker 1 performing operation 10 on task 45
131 Worker 2 processing task 62 requiring operations [4, 10]
131 Worker 2 forwarding task 62
131 Worker 4 processing task 51 requiring operations [3]
131 Worker 4 forwarding task 51
131 Worker 3 processing task 63 requiring operations [3, 9, 4]
131 Worker 3 performing operation 4 on task 63
132 Generated task 66
132 Worker 2 accepting task 66
132 Worker 1 accepting task 45
132 Worker 0 accepting task 62
132 Worker 2 accepting task 51
132 Worker 3 accepting task 63
132 Worker 1 processing task 56 requiring operations [3, 2]
132 Worker 1 forwarding task 56
132 Worker 2 processing task 64 requiring operations [9, 1, 8]
132 Worker 2 forwarding task 64
132 Worker 3 processing task 63 requiring operations [3, 9]
132 Worker 3 forwarding task 63
132 Worker 0 processing task 62 requiring operations [4, 10]
132 Worker 0 forwarding task 62
133 Worker 4 accepting task 56
133 Worker 3 accepting task 64
133 Worker 2 accepting task 63
133 Worker 2 accepting task 62
133 Worker 1 processing task 58 requiring operations [6, 4, 7]
133 Worker 1 forwarding task 58
133 Worker 2 processing task 60 requiring operations [3, 8]
133 Worker 2 forwarding task 60
133 Worker 3 processing task 64 requiring operations [9, 1, 8]
133 Worker 3 performing operation 1 on task 64
133 Worker 4 processing task 56 requiring operations [3, 2]
133 Worker 4 forwarding task 56
134 Generated task 67
134 Worker 4 accepting task 67
134 Worker 3 accepting task 58
134 Worker 3 accepting task 60
134 Worker 3 accepting task 64
134 Worker 1 accepting task 56
134 Worker 1 processing task 59 requiring operations [7, 2, 10]
134 Worker 1 performing operation 10 on task 59
134 Worker 2 processing task 65 requiring operations [8, 6, 4]
134 Worker 2 forwarding task 65
134 Worker 3 processing task 58 requiring operations [6, 4, 7]
134 Worker 3 performing operation 6 on task 58
134 Worker 4 processing task 67 requiring operations [6, 9, 2]
134 Worker 4 performing operation 9 on task 67
135 Worker 1 accepting task 59
135 Worker 4 accepting task 65
135 Worker 3 accepting task 58
135 Worker 4 accepting task 67
135 Worker 1 processing task 61 requiring operations [4, 10]
135 Worker 1 performing operation 10 on task 61
135 Worker 2 processing task 57 requiring operations [4]
135 Worker 2 forwarding task 57
135 Worker 3 processing task 60 requiring operations [3, 8]
135 Worker 3 forwarding task 60
135 Worker 4 processing task 65 requiring operations [8, 6, 4]
135 Worker 4 forwarding task 65
136 Generated task 68
136 Worker 4 accepting task 68
136 Worker 1 accepting task 61
136 Worker 0 accepting task 57
136 Worker 2 accepting task 60
136 Worker 2 accepting task 65
136 Worker 1 processing task 46 requiring operations [10]
136 Worker 1 performing operation 10 on task 46
136 Worker 2 processing task 54 requiring operations [10, 2]
136 Worker 2 forwarding task 54
136 Worker 3 processing task 64 requiring operations [9, 8]
136 Worker 3 forwarding task 64
136 Worker 4 processing task 67 requiring operations [6, 2]
136 Worker 4 forwarding task 67
136 Worker 0 processing task 57 requiring operations [4]
136 Worker 0 forwarding task 57
137 Task 46 completed!
137 Worker 3 accepting task 54
137 Worker 1 accepting task 64
137 Worker 1 accepting task 67
137 Worker 1 accepting task 57
137 Worker 1 processing task 40 requiring operations [6]
137 Worker 1 forwarding task 40
137 Worker 2 processing task 32 requiring operations [6]
137 Worker 2 forwarding task 32
137 Worker 3 processing task 58 requiring operations [4, 7]
137 Worker 3 performing operation 7 on task 58
137 Worker 4 processing task 68 requiring operations [3, 7, 4]
137 Worker 4 forwarding task 68
138 Generated task 69
138 Worker 4 accepting task 69
138 Worker 3 accepting task 40
138 Worker 0 accepting task 32
138 Worker 3 accepting task 58
138 Worker 1 accepting task 68
138 Worker 1 processing task 47 requiring operations [2]
138 Worker 1 forwarding task 47
138 Worker 2 processing task 66 requiring operations [10, 9, 8]
138 Worker 2 forwarding task 66
138 Worker 3 processing task 54 requiring operations [10, 2]
138 Worker 3 forwarding task 54
138 Worker 4 processing task 69 requiring operations [10, 5, 3]
138 Worker 4 forwarding task 69
138 Worker 0 processing task 32 requiring operations [6]
138 Worker 0 forwarding task 32
139 Worker 3 accepting task 47
139 Worker 3 accepting task 66
139 Worker 2 accepting task 54
139 Worker 2 accepting task 69
139 Worker 1 accepting task 32
139 Worker 1 processing task 55 requiring operations [6]
139 Worker 1 forwarding task 55
139 Worker 2 processing task 51 requiring operations [3]
139 Worker 2 forwarding task 51
139 Worker 3 processing task 40 requiring operations [6]
139 Worker 3 performing operation 6 on task 40
140 Generated task 70
140 Worker 4 accepting task 70
140 Worker 0 accepting task 55
140 Worker 0 accepting task 51
140 Task 40 completed!
140 Worker 1 processing task 45 requiring operations [8]
140 Worker 1 performing operation 8 on task 45
140 Worker 2 processing task 63 requiring operations [3, 9]
140 Worker 2 forwarding task 63
140 Worker 3 processing task 58 requiring operations [4]
140 Worker 3 performing operation 4 on task 58
140 Worker 4 processing task 70 requiring operations [1, 4, 6]
140 Worker 4 forwarding task 70
140 Worker 0 processing task 55 requiring operations [6]
140 Worker 0 forwarding task 55
