Worker 0 can perform operations {8}
Worker 1 can perform operations {6, 7}
Worker 2 can perform operations {1, 5}
Worker 3 can perform operations {3, 5, 6, 7, 10}
Worker 4 can perform operations {9, 2, 4}
Building network type random
Worker 0 connecting to worker 3
Worker 3 connecting to worker 0
Worker 0 connecting to worker 4
Worker 4 connecting to worker 0
Worker 1 connecting to worker 3
Worker 3 connecting to worker 1
Worker 1 connecting to worker 4
Worker 4 connecting to worker 1
Worker 2 connecting to worker 1
Worker 1 connecting to worker 2
Worker 2 connecting to worker 4
Worker 4 connecting to worker 2
Entry nodes are [0, 1, 2, 3, 4]
0 Generated task 0
0 Worker 1 accepting task 0
0 Worker 1 processing task 0 requiring operations [4, 1, 2]
0 Worker 1 forwarding task 0
1 Worker 4 accepting task 0
1 Worker 4 processing task 0 requiring operations [4, 1, 2]
1 Worker 4 performing operation 2 on task 0
2 Generated task 1
2 Worker 1 accepting task 1
2 Worker 4 accepting task 0
2 Worker 4 processing task 0 requiring operations [4, 1]
2 Worker 4 performing operation 4 on task 0
2 Worker 1 processing task 1 requiring operations [8, 10, 4]
2 Worker 1 forwarding task 1
3 Worker 4 accepting task 0
3 Worker 2 accepting task 1
3 Worker 4 processing task 0 requiring operations [1]
3 Worker 4 forwarding task 0
3 Worker 2 processing task 1 requiring operations [8, 10, 4]
3 Worker 2 forwarding task 1
4 Generated task 2
4 Worker 1 accepting task 2
4 Worker 0 accepting task 0
4 Worker 1 accepting task 1
4 Worker 1 processing task 2 requiring operations [9, 7, 1]
4 Worker 1 performing operation 7 on task 2
4 Worker 0 processing task 0 requiring operations [1]
4 Worker 0 forwarding task 0
5 Worker 1 accepting task 2
5 Worker 4 accepting task 0
5 Worker 1 processing task 1 requiring operations [8, 10, 4]
5 Worker 1 forwarding task 1
5 Worker 4 processing task 0 requiring operations [1]
5 Worker 4 forwarding task 0
6 Generated task 3
6 Worker 1 accepting task 3
6 Worker 3 accepting task 1
6 Worker 2 accepting task 0
6 Worker 1 processing task 2 requiring operations [9, 1]
6 Worker 1 forwarding task 2
6 Worker 3 processing task 1 requiring operations [8, 10, 4]
6 Worker 3 performing operation 10 on task 1
6 Worker 2 processing task 0 requiring operations [1]
6 Worker 2 performing operation 1 on task 0
7 Worker 3 accepting task 2
7 Worker 3 accepting task 1
7 Task 0 completed!
7 Worker 1 processing task 3 requiring operations [10, 7, 8]
7 Worker 1 performing operation 7 on task 3
7 Worker 3 processing task 2 requiring operations [9, 1]
7 Worker 3 forwarding task 2
8 Generated task 4
8 Worker 4 accepting task 4
8 Worker 1 accepting task 3
8 Worker 1 accepting task 2
8 Worker 1 processing task 3 requiring operations [10, 8]
8 Worker 1 forwarding task 3
8 Worker 3 processing task 1 requiring operations [8, 4]
8 Worker 3 forwarding task 1
8 Worker 4 processing task 4 requiring operations [4, 5, 2]
8 Worker 4 performing operation 4 on task 4
9 Worker 4 accepting task 3
9 Worker 0 accepting task 1
9 Worker 4 accepting task 4
9 Worker 1 processing task 2 requiring operations [9, 1]
9 Worker 1 forwarding task 2
9 Worker 4 processing task 3 requiring operations [10, 8]
9 Worker 4 forwarding task 3
9 Worker 0 processing task 1 requiring operations [8, 4]
9 Worker 0 performing operation 8 on task 1
10 Generated task 5
10 Worker 1 accepting task 5
10 Worker 3 accepting task 2
10 Worker 0 accepting task 3
10 Worker 0 accepting task 1
10 Worker 1 processing task 5 requiring operations [8, 3, 2]
10 Worker 1 forwarding task 5
10 Worker 4 processing task 4 requiring operations [5, 2]
10 Worker 4 performing operation 2 on task 4
10 Worker 0 processing task 3 requiring operations [10, 8]
10 Worker 0 performing operation 8 on task 3
10 Worker 3 processing task 2 requiring operations [9, 1]
10 Worker 3 forwarding task 2
11 Worker 4 accepting task 5
11 Worker 4 accepting task 4
11 Worker 0 accepting task 3
11 Worker 1 accepting task 2
11 Worker 4 processing task 5 requiring operations [8, 3, 2]
11 Worker 4 performing operation 2 on task 5
11 Worker 0 processing task 1 requiring operations [4]
11 Worker 0 forwarding task 1
11 Worker 1 processing task 2 requiring operations [9, 1]
11 Worker 1 forwarding task 2
12 Generated task 6
12 Worker 0 accepting task 6
12 Worker 4 accepting task 5
12 Worker 4 accepting task 1
12 Worker 4 accepting task 2
12 Worker 4 processing task 4 requiring operations [5]
12 Worker 4 forwarding task 4
12 Worker 0 processing task 3 requiring operations [10]
12 Worker 0 forwarding task 3
13 Worker 2 accepting task 4
13 Worker 3 accepting task 3
13 Worker 4 processing task 5 requiring operations [8, 3]
13 Worker 4 forwarding task 5
13 Worker 0 processing task 6 requiring operations [10, 4, 6]
13 Worker 0 forwarding task 6
13 Worker 2 processing task 4 requiring operations [5]
13 Worker 2 performing operation 5 on task 4
13 Worker 3 processing task 3 requiring operations [10]
13 Worker 3 performing operation 10 on task 3
14 Generated task 7
14 Worker 0 accepting task 7
14 Worker 0 accepting task 5
14 Worker 4 accepting task 6
14 Task 4 completed!
14 Task 3 completed!
14 Worker 4 processing task 1 requiring operations [4]
14 Worker 4 performing operation 4 on task 1
14 Worker 0 processing task 7 requiring operations [2, 3, 8]
14 Worker 0 performing operation 8 on task 7
15 Task 1 completed!
15 Worker 0 accepting task 7
15 Worker 4 processing task 2 requiring operations [9, 1]
15 Worker 4 performing operation 9 on task 2
15 Worker 0 processing task 5 requiring operations [8, 3]
15 Worker 0 performing operation 8 on task 5
16 Generated task 8
16 Worker 3 accepting task 8
16 Worker 4 accepting task 2
16 Worker 0 accepting task 5
16 Worker 4 processing task 6 requiring operations [10, 4, 6]
16 Worker 4 performing operation 4 on task 6
16 Worker 0 processing task 7 requiring operations [2, 3]
16 Worker 0 forwarding task 7
16 Worker 3 processing task 8 requiring operations [9, 10, 6]
16 Worker 3 performing operation 6 on task 8
17 Worker 4 accepting task 6
17 Worker 4 accepting task 7
17 Worker 3 accepting task 8
17 Worker 4 processing task 2 requiring operations [1]
17 Worker 4 forwarding task 2
17 Worker 0 processing task 5 requiring operations [3]
17 Worker 0 forwarding task 5
17 Worker 3 processing task 8 requiring operations [9, 10]
17 Worker 3 performing operation 10 on task 8
18 Generated task 9
18 Worker 0 accepting task 9
18 Worker 0 accepting task 2
18 Worker 4 accepting task 5
18 Worker 3 accepting task 8
18 Worker 4 processing task 6 requiring operations [10, 6]
18 Worker 4 forwarding task 6
18 Worker 0 processing task 9 requiring operations [2, 8, 3]
18 Worker 0 performing operation 8 on task 9
18 Worker 3 processing task 8 requiring operations [9]
18 Worker 3 forwarding task 8
19 Worker 2 accepting task 6
19 Worker 0 accepting task 9
19 Worker 1 accepting task 8
19 Worker 4 processing task 7 requiring operations [2, 3]
19 Worker 4 performing operation 2 on task 7
19 Worker 0 processing task 2 requiring operations [1]
19 Worker 0 forwarding task 2
19 Worker 2 processing task 6 requiring operations [10, 6]
19 Worker 2 forwarding task 6
19 Worker 1 processing task 8 requiring operations [9]
19 Worker 1 forwarding task 8
20 Generated task 10
20 Worker 3 accepting task 10
20 Worker 4 accepting task 7
20 Worker 4 accepting task 2
20 Worker 4 accepting task 6
20 Worker 2 accepting task 8
20 Worker 4 processing task 5 requiring operations [3]
20 Worker 4 forwarding task 5
20 Worker 0 processing task 9 requiring operations [2, 3]
20 Worker 0 forwarding task 9
20 Worker 3 processing task 10 requiring operations [5, 2, 1]
20 Worker 3 performing operation 5 on task 10
20 Worker 2 processing task 8 requiring operations [9]
20 Worker 2 forwarding task 8
21 Worker 2 accepting task 5
21 Worker 4 accepting task 9
21 Worker 3 accepting task 10
21 Worker 1 accepting task 8
21 Worker 4 processing task 7 requiring operations [3]
21 Worker 4 forwarding task 7
21 Worker 3 processing task 10 requiring operations [2, 1]
21 Worker 3 forwarding task 10
21 Worker 2 processing task 5 requiring operations [3]
21 Worker 2 forwarding task 5
21 Worker 1 processing task 8 requiring operations [9]
21 Worker 1 forwarding task 8
22 Generated task 11
22 Worker 4 accepting task 11
22 Worker 0 accepting task 7
22 Worker 0 accepting task 10
22 Worker 4 accepting task 5
22 Worker 3 accepting task 8
22 Worker 4 processing task 2 requiring operations [1]
22 Worker 4 forwarding task 2
22 Worker 0 processing task 7 requiring operations [3]
22 Worker 0 forwarding task 7
22 Worker 3 processing task 8 requiring operations [9]
22 Worker 3 forwarding task 8
23 Worker 0 accepting task 2
23 Worker 4 accepting task 7
23 Worker 0 accepting task 8
23 Worker 4 processing task 6 requiring operations [10, 6]
23 Worker 4 forwarding task 6
23 Worker 0 processing task 10 requiring operations [2, 1]
23 Worker 0 forwarding task 10
24 Generated task 12
24 Worker 3 accepting task 12
24 Worker 2 accepting task 6
24 Worker 3 accepting task 10
24 Worker 4 processing task 9 requiring operations [2, 3]
24 Worker 4 performing operation 2 on task 9
24 Worker 0 processing task 2 requiring operations [1]
24 Worker 0 forwarding task 2
24 Worker 3 processing task 12 requiring operations [6, 4, 1]
24 Worker 3 performing operation 6 on task 12
24 Worker 2 processing task 6 requiring operations [10, 6]
24 Worker 2 forwarding task 6
25 Worker 4 accepting task 9
25 Worker 4 accepting task 2
25 Worker 3 accepting task 12
25 Worker 4 accepting task 6
25 Worker 4 processing task 11 requiring operations [2, 7, 3]
25 Worker 4 performing operation 2 on task 11
25 Worker 0 processing task 8 requiring operations [9]
25 Worker 0 forwarding task 8
25 Worker 3 processing task 10 requiring operations [2, 1]
25 Worker 3 forwarding task 10
26 Generated task 13
26 Worker 0 accepting task 13
26 Worker 4 accepting task 11
26 Worker 3 accepting task 8
26 Worker 1 accepting task 10
26 Worker 4 processing task 5 requiring operations [3]
26 Worker 4 forwarding task 5
26 Worker 0 processing task 13 requiring operations [5, 2, 3]
26 Worker 0 forwarding task 13
26 Worker 3 processing task 12 requiring operations [4, 1]
26 Worker 3 forwarding task 12
26 Worker 1 processing task 10 requiring operations [2, 1]
26 Worker 1 forwarding task 10
27 Worker 2 accepting task 5
27 Worker 3 accepting task 13
27 Worker 0 accepting task 12
27 Worker 2 accepting task 10
27 Worker 4 processing task 7 requiring operations [3]
27 Worker 4 forwarding task 7
27 Worker 3 processing task 8 requiring operations [9]
27 Worker 3 forwarding task 8
27 Worker 2 processing task 5 requiring operations [3]
27 Worker 2 forwarding task 5
27 Worker 0 processing task 12 requiring operations [4, 1]
27 Worker 0 forwarding task 12
28 Generated task 14
28 Worker 1 accepting task 14
28 Worker 1 accepting task 7
28 Worker 0 accepting task 8
28 Worker 1 accepting task 5
28 Worker 4 accepting task 12
28 Worker 4 processing task 9 requiring operations [3]
28 Worker 4 forwarding task 9
28 Worker 3 processing task 13 requiring operations [5, 2, 3]
28 Worker 3 performing operation 5 on task 13
28 Worker 2 processing task 10 requiring operations [2, 1]
28 Worker 2 performing operation 1 on task 10
28 Worker 0 processing task 8 requiring operations [9]
28 Worker 0 forwarding task 8
28 Worker 1 processing task 14 requiring operations [2, 6, 9]
28 Worker 1 performing operation 6 on task 14
29 Worker 2 accepting task 9
29 Worker 3 accepting task 13
29 Worker 2 accepting task 10
29 Worker 4 accepting task 8
29 Worker 1 accepting task 14
29 Worker 4 processing task 2 requiring operations [1]
29 Worker 4 forwarding task 2
29 Worker 3 processing task 13 requiring operations [2, 3]
29 Worker 3 performing operation 3 on task 13
29 Worker 2 processing task 9 requiring operations [3]
29 Worker 2 forwarding task 9
29 Worker 1 processing task 7 requiring operations [3]
29 Worker 1 forwarding task 7
30 Generated task 15
30 Worker 4 accepting task 15
30 Worker 2 accepting task 2
30 Worker 3 accepting task 13
30 Worker 1 accepting task 9
30 Worker 2 accepting task 7
30 Worker 4 processing task 6 requiring operations [10, 6]
30 Worker 4 forwarding task 6
30 Worker 3 processing task 13 requiring operations [2]
30 Worker 3 forwarding task 13
30 Worker 2 processing task 10 requiring operations [2]
30 Worker 2 forwarding task 10
30 Worker 1 processing task 5 requiring operations [3]
30 Worker 1 forwarding task 5
31 Worker 2 accepting task 6
31 Worker 0 accepting task 13
31 Worker 1 accepting task 10
31 Worker 3 accepting task 5
31 Worker 4 processing task 11 requiring operations [7, 3]
31 Worker 4 forwarding task 11
31 Worker 2 processing task 2 requiring operations [1]
31 Worker 2 performing operation 1 on task 2
31 Worker 1 processing task 14 requiring operations [2, 9]
31 Worker 1 forwarding task 14
31 Worker 0 processing task 13 requiring operations [2]
31 Worker 0 forwarding task 13
31 Worker 3 processing task 5 requiring operations [3]
31 Worker 3 performing operation 3 on task 5
32 Generated task 16
32 Worker 2 accepting task 16
32 Worker 1 accepting task 11
32 Task 2 completed!
32 Worker 4 accepting task 14
32 Worker 4 accepting task 13
32 Task 5 completed!
32 Worker 4 processing task 12 requiring operations [4, 1]
32 Worker 4 performing operation 4 on task 12
32 Worker 2 processing task 7 requiring operations [3]
32 Worker 2 forwarding task 7
32 Worker 1 processing task 9 requiring operations [3]
32 Worker 1 forwarding task 9
33 Worker 4 accepting task 12
33 Worker 4 accepting task 7
33 Worker 2 accepting task 9
33 Worker 4 processing task 8 requiring operations [9]
33 Worker 4 performing operation 9 on task 8
33 Worker 2 processing task 6 requiring operations [10, 6]
33 Worker 2 forwarding task 6
33 Worker 1 processing task 10 requiring operations [2]
33 Worker 1 forwarding task 10
34 Generated task 17
34 Worker 2 accepting task 17
34 Task 8 completed!
34 Worker 1 accepting task 6
34 Worker 4 accepting task 10
34 Worker 4 processing task 15 requiring operations [3, 4, 8]
34 Worker 4 performing operation 4 on task 15
34 Worker 2 processing task 16 requiring operations [7, 8, 10]
34 Worker 2 forwarding task 16
34 Worker 1 processing task 11 requiring operations [7, 3]
34 Worker 1 performing operation 7 on task 11
35 Worker 4 accepting task 15
35 Worker 4 accepting task 16
35 Worker 1 accepting task 11
35 Worker 4 processing task 14 requiring operations [2, 9]
35 Worker 4 performing operation 9 on task 14
35 Worker 2 processing task 9 requiring operations [3]
35 Worker 2 forwarding task 9
35 Worker 1 processing task 6 requiring operations [10, 6]
35 Worker 1 performing operation 6 on task 6
36 Generated task 18
36 Worker 4 accepting task 18
36 Worker 4 accepting task 14
36 Worker 4 accepting task 9
36 Worker 1 accepting task 6
36 Worker 4 processing task 13 requiring operations [2]
36 Worker 4 performing operation 2 on task 13
36 Worker 2 processing task 17 requiring operations [10, 8, 3]
36 Worker 2 forwarding task 17
36 Worker 1 processing task 11 requiring operations [3]
36 Worker 1 forwarding task 11
37 Task 13 completed!
37 Worker 1 accepting task 17
37 Worker 3 accepting task 11
37 Worker 4 processing task 12 requiring operations [1]
37 Worker 4 forwarding task 12
37 Worker 1 processing task 6 requiring operations [10]
37 Worker 1 forwarding task 6
37 Worker 3 processing task 11 requiring operations [3]
37 Worker 3 performing operation 3 on task 11
38 Generated task 19
38 Worker 4 accepting task 19
38 Worker 1 accepting task 12
38 Worker 2 accepting task 6
38 Task 11 completed!
38 Worker 4 processing task 7 requiring operations [3]
38 Worker 4 forwarding task 7
38 Worker 1 processing task 17 requiring operations [10, 8, 3]
38 Worker 1 forwarding task 17
38 Worker 2 processing task 6 requiring operations [10]
38 Worker 2 forwarding task 6
39 Worker 1 accepting task 7
39 Worker 3 accepting task 17
39 Worker 1 accepting task 6
39 Worker 4 processing task 10 requiring operations [2]
39 Worker 4 performing operation 2 on task 10
39 Worker 1 processing task 12 requiring operations [1]
39 Worker 1 forwarding task 12
39 Worker 3 processing task 17 requiring operations [10, 8, 3]
39 Worker 3 performing operation 3 on task 17
40 Generated task 20
40 Worker 0 accepting task 20
40 Task 10 completed!
40 Worker 2 accepting task 12
40 Worker 3 accepting task 17
40 Worker 4 processing task 15 requiring operations [3, 8]
40 Worker 4 forwarding task 15
40 Worker 1 processing task 7 requiring operations [3]
40 Worker 1 forwarding task 7
40 Worker 3 processing task 17 requiring operations [10, 8]
40 Worker 3 performing operation 10 on task 17
40 Worker 0 processing task 20 requiring operations [6, 4, 2]
40 Worker 0 forwarding task 20
40 Worker 2 processing task 12 requiring operations [1]
40 Worker 2 performing operation 1 on task 12
41 Worker 0 accepting task 15
41 Worker 2 accepting task 7
41 Worker 3 accepting task 17
41 Worker 4 accepting task 20
41 Task 12 completed!
41 Worker 4 processing task 16 requiring operations [7, 8, 10]
41 Worker 4 forwarding task 16
41 Worker 1 processing task 6 requiring operations [10]
41 Worker 1 forwarding task 6
41 Worker 3 processing task 17 requiring operations [8]
41 Worker 3 forwarding task 17
41 Worker 0 processing task 15 requiring operations [3, 8]
41 Worker 0 performing operation 8 on task 15
41 Worker 2 processing task 7 requiring operations [3]
41 Worker 2 forwarding task 7
42 Generated task 21
42 Worker 2 accepting task 21
42 Worker 0 accepting task 16
42 Worker 3 accepting task 6
42 Worker 1 accepting task 17
42 Worker 0 accepting task 15
42 Worker 1 accepting task 7
42 Worker 4 processing task 18 requiring operations [6, 2, 10]
42 Worker 4 performing operation 2 on task 18
42 Worker 3 processing task 6 requiring operations [10]
42 Worker 3 performing operation 10 on task 6
42 Worker 0 processing task 16 requiring operations [7, 8, 10]
42 Worker 0 performing operation 8 on task 16
42 Worker 2 processing task 21 requiring operations [10, 1, 5]
42 Worker 2 performing operation 5 on task 21
42 Worker 1 processing task 17 requiring operations [8]
42 Worker 1 forwarding task 17
43 Worker 4 accepting task 18
43 Task 6 completed!
43 Worker 0 accepting task 16
43 Worker 2 accepting task 21
43 Worker 3 accepting task 17
43 Worker 4 processing task 14 requiring operations [2]
43 Worker 4 performing operation 2 on task 14
43 Worker 0 processing task 15 requiring operations [3]
43 Worker 0 forwarding task 15
43 Worker 2 processing task 21 requiring operations [10, 1]
43 Worker 2 performing operation 1 on task 21
43 Worker 1 processing task 7 requiring operations [3]
43 Worker 1 forwarding task 7
43 Worker 3 processing task 17 requiring operations [8]
43 Worker 3 forwarding task 17
44 Generated task 22
44 Worker 4 accepting task 22
44 Task 14 completed!
44 Worker 3 accepting task 15
44 Worker 2 accepting task 21
44 Worker 4 accepting task 7
44 Worker 1 accepting task 17
44 Worker 4 processing task 9 requiring operations [3]
44 Worker 4 forwarding task 9
44 Worker 0 processing task 16 requiring operations [7, 10]
44 Worker 0 forwarding task 16
44 Worker 2 processing task 21 requiring operations [10]
44 Worker 2 forwarding task 21
44 Worker 3 processing task 15 requiring operations [3]
44 Worker 3 performing operation 3 on task 15
44 Worker 1 processing task 17 requiring operations [8]
44 Worker 1 forwarding task 17
45 Worker 0 accepting task 9
45 Worker 4 accepting task 16
45 Worker 4 accepting task 21
45 Task 15 completed!
45 Worker 4 accepting task 17
45 Worker 4 processing task 19 requiring operations [10, 9, 3]
45 Worker 4 performing operation 9 on task 19
45 Worker 0 processing task 9 requiring operations [3]
45 Worker 0 forwarding task 9
46 Generated task 23
46 Worker 0 accepting task 23
46 Worker 4 accepting task 19
46 Worker 4 accepting task 9
46 Worker 4 processing task 20 requiring operations [6, 4, 2]
46 Worker 4 performing operation 2 on task 20
46 Worker 0 processing task 23 requiring operations [8, 1, 5]
46 Worker 0 performing operation 8 on task 23
47 Worker 4 accepting task 20
47 Worker 0 accepting task 23
47 Worker 4 processing task 18 requiring operations [6, 10]
47 Worker 4 forwarding task 18
47 Worker 0 processing task 23 requiring operations [1, 5]
47 Worker 0 forwarding task 23
48 Generated task 24
48 Worker 2 accepting task 24
48 Worker 0 accepting task 18
48 Worker 4 accepting task 23
48 Worker 4 processing task 22 requiring operations [2, 9, 4]
48 Worker 4 performing operation 4 on task 22
48 Worker 0 processing task 18 requiring operations [6, 10]
48 Worker 0 forwarding task 18
48 Worker 2 processing task 24 requiring operations [2, 3, 5]
48 Worker 2 performing operation 5 on task 24
49 Worker 4 accepting task 22
49 Worker 3 accepting task 18
49 Worker 2 accepting task 24
49 Worker 4 processing task 7 requiring operations [3]
49 Worker 4 forwarding task 7
49 Worker 2 processing task 24 requiring operations [2, 3]
49 Worker 2 forwarding task 24
49 Worker 3 processing task 18 requiring operations [6, 10]
49 Worker 3 performing operation 6 on task 18
50 Generated task 25
50 Worker 2 accepting task 25
50 Worker 2 accepting task 7
50 Worker 4 accepting task 24
50 Worker 3 accepting task 18
50 Worker 4 processing task 16 requiring operations [7, 10]
50 Worker 4 forwarding task 16
50 Worker 2 processing task 25 requiring operations [9, 4, 5]
50 Worker 2 performing operation 5 on task 25
50 Worker 3 processing task 18 requiring operations [10]
50 Worker 3 performing operation 10 on task 18
51 Worker 2 accepting task 16
51 Worker 2 accepting task 25
51 Task 18 completed!
51 Worker 4 processing task 21 requiring operations [10]
51 Worker 4 forwarding task 21
51 Worker 2 processing task 7 requiring operations [3]
51 Worker 2 forwarding task 7
52 Generated task 26
52 Worker 4 accepting task 26
52 Worker 1 accepting task 21
52 Worker 1 accepting task 7
52 Worker 4 processing task 17 requiring operations [8]
52 Worker 4 forwarding task 17
52 Worker 2 processing task 16 requiring operations [7, 10]
52 Worker 2 forwarding task 16
52 Worker 1 processing task 21 requiring operations [10]
52 Worker 1 forwarding task 21
53 Worker 2 accepting task 17
53 Worker 4 accepting task 16
53 Worker 3 accepting task 21
53 Worker 4 processing task 19 requiring operations [10, 3]
53 Worker 4 forwarding task 19
53 Worker 2 processing task 25 requiring operations [9, 4]
53 Worker 2 forwarding task 25
53 Worker 1 processing task 7 requiring operations [3]
53 Worker 1 forwarding task 7
53 Worker 3 processing task 21 requiring operations [10]
53 Worker 3 performing operation 10 on task 21
54 Generated task 27
54 Worker 0 accepting task 27
54 Worker 2 accepting task 19
54 Worker 4 accepting task 25
54 Worker 3 accepting task 7
54 Task 21 completed!
54 Worker 4 processing task 9 requiring operations [3]
54 Worker 4 forwarding task 9
54 Worker 2 processing task 17 requiring operations [8]
54 Worker 2 forwarding task 17
54 Worker 3 processing task 7 requiring operations [3]
54 Worker 3 performing operation 3 on task 7
54 Worker 0 processing task 27 requiring operations [7, 2, 1]
54 Worker 0 forwarding task 27
55 Worker 1 accepting task 9
55 Worker 1 accepting task 17
55 Task 7 completed!
55 Worker 3 accepting task 27
55 Worker 4 processing task 20 requiring operations [6, 4]
55 Worker 4 performing operation 4 on task 20
55 Worker 2 processing task 19 requiring operations [10, 3]
55 Worker 2 forwarding task 19
55 Worker 1 processing task 9 requiring operations [3]
55 Worker 1 forwarding task 9
55 Worker 3 processing task 27 requiring operations [7, 2, 1]
55 Worker 3 performing operation 7 on task 27
56 Generated task 28
56 Worker 0 accepting task 28
56 Worker 4 accepting task 20
56 Worker 1 accepting task 19
56 Worker 4 accepting task 9
56 Worker 3 accepting task 27
56 Worker 4 processing task 23 requiring operations [1, 5]
56 Worker 4 forwarding task 23
56 Worker 1 processing task 17 requiring operations [8]
56 Worker 1 forwarding task 17
56 Worker 3 processing task 27 requiring operations [2, 1]
56 Worker 3 forwarding task 27
56 Worker 0 processing task 28 requiring operations [10, 8, 6]
56 Worker 0 performing operation 8 on task 28
57 Worker 1 accepting task 23
57 Worker 4 accepting task 17
57 Worker 1 accepting task 27
57 Worker 0 accepting task 28
57 Worker 4 processing task 22 requiring operations [2, 9]
57 Worker 4 performing operation 2 on task 22
57 Worker 1 processing task 19 requiring operations [10, 3]
57 Worker 1 forwarding task 19
57 Worker 0 processing task 28 requiring operations [10, 6]
57 Worker 0 forwarding task 28
58 Generated task 29
58 Worker 2 accepting task 29
58 Worker 4 accepting task 22
58 Worker 2 accepting task 19
58 Worker 3 accepting task 28
58 Worker 4 processing task 24 requiring operations [2, 3]
58 Worker 4 performing operation 2 on task 24
58 Worker 1 processing task 23 requiring operations [1, 5]
58 Worker 1 forwarding task 23
58 Worker 2 processing task 29 requiring operations [8, 9, 2]
58 Worker 2 forwarding task 29
58 Worker 3 processing task 28 requiring operations [10, 6]
58 Worker 3 performing operation 10 on task 28
59 Worker 4 accepting task 24
59 Worker 4 accepting task 23
59 Worker 4 accepting task 29
59 Worker 3 accepting task 28
59 Worker 4 processing task 26 requiring operations [7, 8, 1]
59 Worker 4 forwarding task 26
59 Worker 1 processing task 27 requiring operations [2, 1]
59 Worker 1 forwarding task 27
59 Worker 2 processing task 19 requiring operations [10, 3]
59 Worker 2 forwarding task 19
59 Worker 3 processing task 28 requiring operations [6]
59 Worker 3 performing operation 6 on task 28
60 Generated task 30
60 Worker 4 accepting task 30
60 Worker 2 accepting task 26
60 Worker 2 accepting task 27
60 Worker 4 accepting task 19
60 Task 28 completed!
60 Worker 4 processing task 16 requiring operations [7, 10]
60 Worker 4 forwarding task 16
60 Worker 2 processing task 26 requiring operations [7, 8, 1]
60 Worker 2 performing operation 1 on task 26
61 Worker 2 accepting task 16
61 Worker 2 accepting task 26
61 Worker 4 processing task 25 requiring operations [9, 4]
61 Worker 4 performing operation 9 on task 25
61 Worker 2 processing task 27 requiring operations [2, 1]
61 Worker 2 performing operation 1 on task 27
62 Generated task 31
62 Worker 2 accepting task 31
62 Worker 4 accepting task 25
62 Worker 2 accepting task 27
62 Worker 4 processing task 20 requiring operations [6]
62 Worker 4 forwarding task 20
62 Worker 2 processing task 16 requiring operations [7, 10]
62 Worker 2 forwarding task 16
63 Worker 0 accepting task 20
63 Worker 4 accepting task 16
63 Worker 4 processing task 9 requiring operations [3]
63 Worker 4 forwarding task 9
63 Worker 2 processing task 26 requiring operations [7, 8]
63 Worker 2 forwarding task 26
63 Worker 0 processing task 20 requiring operations [6]
63 Worker 0 forwarding task 20
64 Generated task 32
64 Worker 1 accepting task 32
64 Worker 0 accepting task 9
64 Worker 1 accepting task 26
64 Worker 4 accepting task 20
64 Worker 4 processing task 17 requiring operations [8]
64 Worker 4 forwarding task 17
64 Worker 2 processing task 31 requiring operations [3, 4, 5]
64 Worker 2 performing operation 5 on task 31
64 Worker 0 processing task 9 requiring operations [3]
64 Worker 0 forwarding task 9
64 Worker 1 processing task 32 requiring operations [6, 4, 3]
64 Worker 1 performing operation 6 on task 32
65 Worker 1 accepting task 17
65 Worker 2 accepting task 31
65 Worker 4 accepting task 9
65 Worker 1 accepting task 32
65 Worker 4 processing task 22 requiring operations [9]
65 Worker 4 performing operation 9 on task 22
65 Worker 2 processing task 27 requiring operations [2]
65 Worker 2 forwarding task 27
65 Worker 1 processing task 26 requiring operations [7, 8]
65 Worker 1 performing operation 7 on task 26
66 Generated task 33
66 Worker 0 accepting task 33
66 Task 22 completed!
66 Worker 4 accepting task 27
66 Worker 1 accepting task 26
66 Worker 4 processing task 24 requiring operations [3]
66 Worker 4 forwarding task 24
66 Worker 2 processing task 31 requiring operations [3, 4]
66 Worker 2 forwarding task 31
66 Worker 1 processing task 17 requiring operations [8]
66 Worker 1 forwarding task 17
66 Worker 0 processing task 33 requiring operations [1, 3, 8]
66 Worker 0 performing operation 8 on task 33
67 Worker 2 accepting task 24
67 Worker 1 accepting task 31
67 Worker 4 accepting task 17
67 Worker 0 accepting task 33
67 Worker 4 processing task 23 requiring operations [1, 5]
67 Worker 4 forwarding task 23
67 Worker 2 processing task 24 requiring operations [3]
67 Worker 2 forwarding task 24
67 Worker 1 processing task 32 requiring operations [4, 3]
67 Worker 1 forwarding task 32
67 Worker 0 processing task 33 requiring operations [1, 3]
67 Worker 0 forwarding task 33
68 Generated task 34
68 Worker 3 accepting task 34
68 Worker 2 accepting task 23
68 Worker 4 accepting task 24
68 Worker 2 accepting task 32
68 Worker 4 accepting task 33
68 Worker 4 processing task 29 requiring operations [8, 9, 2]
68 Worker 4 performing operation 2 on task 29
68 Worker 2 processing task 23 requiring operations [1, 5]
68 Worker 2 performing operation 5 on task 23
68 Worker 1 processing task 26 requiring operations [8]
68 Worker 1 forwarding task 26
68 Worker 3 processing task 34 requiring operations [3, 4, 5]
68 Worker 3 performing operation 5 on task 34
69 Worker 4 accepting task 29
69 Worker 2 accepting task 23
69 Worker 2 accepting task 26
69 Worker 3 accepting task 34
69 Worker 4 processing task 30 requiring operations [2, 4, 8]
69 Worker 4 performing operation 2 on task 30
69 Worker 2 processing task 32 requiring operations [4, 3]
69 Worker 2 forwarding task 32
69 Worker 1 processing task 31 requiring operations [3, 4]
69 Worker 1 forwarding task 31
69 Worker 3 processing task 34 requiring operations [3, 4]
69 Worker 3 performing operation 3 on task 34
70 Generated task 35
70 Worker 3 accepting task 35
70 Worker 4 accepting task 30
70 Worker 4 accepting task 32
70 Worker 4 accepting task 31
70 Worker 3 accepting task 34
70 Worker 4 processing task 19 requiring operations [10, 3]
70 Worker 4 forwarding task 19
70 Worker 2 processing task 23 requiring operations [1]
70 Worker 2 performing operation 1 on task 23
70 Worker 3 processing task 35 requiring operations [9, 4, 5]
70 Worker 3 performing operation 5 on task 35
71 Worker 2 accepting task 19
71 Task 23 completed!
71 Worker 3 accepting task 35
71 Worker 4 processing task 25 requiring operations [4]
71 Worker 4 performing operation 4 on task 25
71 Worker 2 processing task 26 requiring operations [8]
71 Worker 2 forwarding task 26
71 Worker 3 processing task 34 requiring operations [4]
71 Worker 3 forwarding task 34
72 Generated task 36
72 Worker 4 accepting task 36
72 Task 25 completed!
72 Worker 1 accepting task 26
72 Worker 1 accepting task 34
72 Worker 4 processing task 16 requiring operations [7, 10]
72 Worker 4 forwarding task 16
72 Worker 2 processing task 19 requiring operations [10, 3]
72 Worker 2 forwarding task 19
72 Worker 3 processing task 35 requiring operations [9, 4]
72 Worker 3 forwarding task 35
72 Worker 1 processing task 26 requiring operations [8]
72 Worker 1 forwarding task 26
73 Worker 2 accepting task 16
73 Worker 1 accepting task 19
73 Worker 1 accepting task 35
73 Worker 3 accepting task 26
73 Worker 4 processing task 20 requiring operations [6]
73 Worker 4 forwarding task 20
73 Worker 2 processing task 16 requiring operations [7, 10]
73 Worker 2 forwarding task 16
73 Worker 1 processing task 34 requiring operations [4]
73 Worker 1 forwarding task 34
73 Worker 3 processing task 26 requiring operations [8]
73 Worker 3 forwarding task 26
74 Generated task 37
74 Worker 3 accepting task 37
74 Worker 0 accepting task 20
74 Worker 1 accepting task 16
74 Worker 3 accepting task 34
74 Worker 0 accepting task 26
74 Worker 4 processing task 9 requiring operations [3]
74 Worker 4 forwarding task 9
74 Worker 1 processing task 19 requiring operations [10, 3]
74 Worker 1 forwarding task 19
74 Worker 3 processing task 37 requiring operations [7, 1, 3]
74 Worker 3 performing operation 3 on task 37
74 Worker 0 processing task 20 requiring operations [6]
74 Worker 0 forwarding task 20
75 Worker 2 accepting task 9
75 Worker 2 accepting task 19
75 Worker 3 accepting task 37
75 Worker 4 accepting task 20
75 Worker 4 processing task 27 requiring operations [2]
75 Worker 4 performing operation 2 on task 27
75 Worker 1 processing task 35 requiring operations [9, 4]
75 Worker 1 forwarding task 35
75 Worker 3 processing task 34 requiring operations [4]
75 Worker 3 forwarding task 34
75 Worker 0 processing task 26 requiring operations [8]
75 Worker 0 performing operation 8 on task 26
75 Worker 2 processing task 9 requiring operations [3]
75 Worker 2 forwarding task 9
76 Generated task 38
76 Worker 1 accepting task 38
76 Task 27 completed!
76 Worker 4 accepting task 35
76 Worker 0 accepting task 34
76 Task 26 completed!
76 Worker 4 accepting task 9
76 Worker 4 processing task 17 requiring operations [8]
76 Worker 4 forwarding task 17
76 Worker 1 processing task 16 requiring operations [7, 10]
76 Worker 1 performing operation 7 on task 16
76 Worker 3 processing task 37 requiring operations [7, 1]
76 Worker 3 performing operation 7 on task 37
76 Worker 0 processing task 34 requiring operations [4]
76 Worker 0 forwarding task 34
76 Worker 2 processing task 19 requiring operations [10, 3]
76 Worker 2 forwarding task 19
77 Worker 1 accepting task 17
77 Worker 1 accepting task 16
77 Worker 3 accepting task 37
77 Worker 4 accepting task 34
77 Worker 4 accepting task 19
77 Worker 4 processing task 24 requiring operations [3]
77 Worker 4 forwarding task 24
77 Worker 1 processing task 38 requiring operations [1, 7, 4]
77 Worker 1 performing operation 7 on task 38
77 Worker 3 processing task 37 requiring operations [1]
77 Worker 3 forwarding task 37
78 Generated task 39
78 Worker 1 accepting task 39
78 Worker 1 accepting task 24
78 Worker 1 accepting task 38
78 Worker 1 accepting task 37
78 Worker 4 processing task 33 requiring operations [1, 3]
78 Worker 4 forwarding task 33
78 Worker 1 processing task 17 requiring operations [8]
78 Worker 1 forwarding task 17
79 Worker 1 accepting task 33
79 Worker 3 accepting task 17
79 Worker 4 processing task 29 requiring operations [8, 9]
79 Worker 4 performing operation 9 on task 29
79 Worker 1 processing task 16 requiring operations [10]
79 Worker 1 forwarding task 16
79 Worker 3 processing task 17 requiring operations [8]
79 Worker 3 forwarding task 17
80 Generated task 40
80 Worker 3 accepting task 40
80 Worker 4 accepting task 29
80 Worker 4 accepting task 16
80 Worker 0 accepting task 17
80 Worker 4 processing task 30 requiring operations [4, 8]
80 Worker 4 performing operation 4 on task 30
80 Worker 1 processing task 39 requiring operations [3, 6, 2]
80 Worker 1 performing operation 6 on task 39
80 Worker 3 processing task 40 requiring operations [7, 1, 6]
80 Worker 3 performing operation 6 on task 40
80 Worker 0 processing task 17 requiring operations [8]
80 Worker 0 performing operation 8 on task 17
81 Worker 4 accepting task 30
81 Worker 1 accepting task 39
81 Worker 3 accepting task 40
81 Task 17 completed!
81 Worker 4 processing task 32 requiring operations [4, 3]
81 Worker 4 performing operation 4 on task 32
81 Worker 1 processing task 24 requiring operations [3]
81 Worker 1 forwarding task 24
81 Worker 3 processing task 40 requiring operations [7, 1]
81 Worker 3 performing operation 7 on task 40
82 Generated task 41
82 Worker 2 accepting task 41
82 Worker 4 accepting task 32
82 Worker 3 accepting task 24
82 Worker 3 accepting task 40
82 Worker 4 processing task 31 requiring operations [3, 4]
82 Worker 4 performing operation 4 on task 31
82 Worker 1 processing task 38 requiring operations [1, 4]
82 Worker 1 forwarding task 38
82 Worker 3 processing task 24 requiring operations [3]
82 Worker 3 performing operation 3 on task 24
82 Worker 2 processing task 41 requiring operations [1, 3, 10]
82 Worker 2 performing operation 1 on task 41
83 Worker 4 accepting task 31
83 Worker 2 accepting task 38
83 Task 24 completed!
83 Worker 2 accepting task 41
83 Worker 4 processing task 36 requiring operations [2, 4, 5]
83 Worker 4 performing operation 4 on task 36
83 Worker 1 processing task 37 requiring operations [1]
83 Worker 1 forwarding task 37
83 Worker 3 processing task 40 requiring operations [1]
83 Worker 3 forwarding task 40
83 Worker 2 processing task 38 requiring operations [1, 4]
83 Worker 2 performing operation 1 on task 38
84 Generated task 42
84 Worker 4 accepting task 42
84 Worker 4 accepting task 36
84 Worker 2 accepting task 37
84 Worker 1 accepting task 40
84 Worker 2 accepting task 38
84 Worker 4 processing task 20 requiring operations [6]
84 Worker 4 forwarding task 20
84 Worker 1 processing task 33 requiring operations [1, 3]
84 Worker 1 forwarding task 33
84 Worker 2 processing task 41 requiring operations [3, 10]
84 Worker 2 forwarding task 41
85 Worker 1 accepting task 20
85 Worker 3 accepting task 33
85 Worker 4 accepting task 41
85 Worker 4 processing task 35 requiring operations [9, 4]
85 Worker 4 performing operation 9 on task 35
85 Worker 1 processing task 39 requiring operations [3, 2]
85 Worker 1 forwarding task 39
85 Worker 2 processing task 37 requiring operations [1]
85 Worker 2 performing operation 1 on task 37
85 Worker 3 processing task 33 requiring operations [1, 3]
85 Worker 3 performing operation 3 on task 33
86 Generated task 43
86 Worker 2 accepting task 43
86 Worker 4 accepting task 35
86 Worker 4 accepting task 39
86 Task 37 completed!
86 Worker 3 accepting task 33
86 Worker 4 processing task 9 requiring operations [3]
86 Worker 4 forwarding task 9
86 Worker 1 processing task 40 requiring operations [1]
86 Worker 1 forwarding task 40
86 Worker 2 processing task 38 requiring operations [4]
86 Worker 2 forwarding task 38
86 Worker 3 processing task 33 requiring operations [1]
86 Worker 3 forwarding task 33
87 Worker 2 accepting task 9
87 Worker 4 accepting task 40
87 Worker 1 accepting task 38
87 Worker 0 accepting task 33
87 Worker 4 processing task 34 requiring operations [4]
87 Worker 4 performing operation 4 on task 34
87 Worker 1 processing task 20 requiring operations [6]
87 Worker 1 performing operation 6 on task 20
87 Worker 2 processing task 43 requiring operations [8, 6, 5]
87 Worker 2 performing operation 5 on task 43
87 Worker 0 processing task 33 requiring operations [1]
87 Worker 0 forwarding task 33
88 Generated task 44
88 Worker 4 accepting task 44
88 Task 34 completed!
88 Task 20 completed!
88 Worker 2 accepting task 43
88 Worker 4 accepting task 33
88 Worker 4 processing task 19 requiring operations [10, 3]
88 Worker 4 forwarding task 19
88 Worker 1 processing task 38 requiring operations [4]
88 Worker 1 forwarding task 38
88 Worker 2 processing task 9 requiring operations [3]
88 Worker 2 forwarding task 9
89 Worker 1 accepting task 19
89 Worker 4 accepting task 38
89 Worker 1 accepting task 9
89 Worker 4 processing task 29 requiring operations [8]
89 Worker 4 forwarding task 29
89 Worker 1 processing task 19 requiring operations [10, 3]
89 Worker 1 forwarding task 19
89 Worker 2 processing task 43 requiring operations [8, 6]
89 Worker 2 forwarding task 43
90 Generated task 45
90 Worker 0 accepting task 45
90 Worker 1 accepting task 29
90 Worker 4 accepting task 19
90 Worker 1 accepting task 43
90 Worker 4 processing task 16 requiring operations [10]
90 Worker 4 forwarding task 16
90 Worker 1 processing task 9 requiring operations [3]
90 Worker 1 forwarding task 9
90 Worker 0 processing task 45 requiring operations [6, 2, 9]
90 Worker 0 forwarding task 45
91 Worker 1 accepting task 16
91 Worker 2 accepting task 9
91 Worker 3 accepting task 45
91 Worker 4 processing task 30 requiring operations [8]
91 Worker 4 forwarding task 30
91 Worker 1 processing task 29 requiring operations [8]
91 Worker 1 forwarding task 29
91 Worker 2 processing task 9 requiring operations [3]
91 Worker 2 forwarding task 9
91 Worker 3 processing task 45 requiring operations [6, 2, 9]
91 Worker 3 performing operation 6 on task 45
92 Generated task 46
92 Worker 3 accepting task 46
92 Worker 0 accepting task 30
92 Worker 2 accepting task 29
92 Worker 4 accepting task 9
92 Worker 3 accepting task 45
92 Worker 4 processing task 32 requiring operations [3]
92 Worker 4 forwarding task 32
92 Worker 1 processing task 43 requiring operations [8, 6]
92 Worker 1 performing operation 6 on task 43
92 Worker 2 processing task 29 requiring operations [8]
92 Worker 2 forwarding task 29
92 Worker 3 processing task 46 requiring operations [3, 7, 10]
92 Worker 3 performing operation 10 on task 46
92 Worker 0 processing task 30 requiring operations [8]
92 Worker 0 performing operation 8 on task 30
93 Worker 1 accepting task 32
93 Worker 1 accepting task 43
93 Worker 4 accepting task 29
93 Worker 3 accepting task 46
93 Task 30 completed!
93 Worker 4 processing task 31 requiring operations [3]
93 Worker 4 forwarding task 31
93 Worker 1 processing task 16 requiring operations [10]
93 Worker 1 forwarding task 16
93 Worker 3 processing task 45 requiring operations [2, 9]
93 Worker 3 forwarding task 45
94 Generated task 47
94 Worker 3 accepting task 47
94 Worker 0 accepting task 31
94 Worker 4 accepting task 16
94 Worker 0 accepting task 45
94 Worker 4 processing task 42 requiring operations [4, 10, 1]
94 Worker 4 performing operation 4 on task 42
94 Worker 1 processing task 32 requiring operations [3]
94 Worker 1 forwarding task 32
94 Worker 3 processing task 46 requiring operations [3, 7]
94 Worker 3 performing operation 3 on task 46
94 Worker 0 processing task 31 requiring operations [3]
94 Worker 0 forwarding task 31
95 Worker 4 accepting task 42
95 Worker 4 accepting task 32
95 Worker 3 accepting task 46
95 Worker 4 accepting task 31
95 Worker 4 processing task 36 requiring operations [2, 5]
95 Worker 4 performing operation 2 on task 36
95 Worker 1 processing task 43 requiring operations [8]
95 Worker 1 forwarding task 43
95 Worker 3 processing task 47 requiring operations [1, 6, 3]
95 Worker 3 performing operation 3 on task 47
95 Worker 0 processing task 45 requiring operations [2, 9]
95 Worker 0 forwarding task 45
96 Generated task 48
96 Worker 0 accepting task 48
96 Worker 4 accepting task 36
96 Worker 3 accepting task 43
96 Worker 3 accepting task 47
96 Worker 4 accepting task 45
96 Worker 4 processing task 41 requiring operations [3, 10]
96 Worker 4 forwarding task 41
96 Worker 3 processing task 46 requiring operations [7]
96 Worker 3 performing operation 7 on task 46
96 Worker 0 processing task 48 requiring operations [4, 6, 5]
96 Worker 0 forwarding task 48
97 Worker 1 accepting task 41
97 Task 46 completed!
97 Worker 4 accepting task 48
97 Worker 4 processing task 35 requiring operations [4]
97 Worker 4 performing operation 4 on task 35
97 Worker 3 processing task 43 requiring operations [8]
97 Worker 3 forwarding task 43
97 Worker 1 processing task 41 requiring operations [3, 10]
97 Worker 1 forwarding task 41
98 Generated task 49
98 Worker 4 accepting task 49
98 Task 35 completed!
98 Worker 1 accepting task 43
98 Worker 2 accepting task 41
98 Worker 4 processing task 39 requiring operations [3, 2]
98 Worker 4 performing operation 2 on task 39
98 Worker 3 processing task 47 requiring operations [1, 6]
98 Worker 3 performing operation 6 on task 47
98 Worker 1 processing task 43 requiring operations [8]
98 Worker 1 forwarding task 43
98 Worker 2 processing task 41 requiring operations [3, 10]
98 Worker 2 forwarding task 41
99 Worker 4 accepting task 39
99 Worker 3 accepting task 47
99 Worker 3 accepting task 43
99 Worker 1 accepting task 41
99 Worker 4 processing task 40 requiring operations [1]
99 Worker 4 forwarding task 40
99 Worker 3 processing task 47 requiring operations [1]
99 Worker 3 forwarding task 47
99 Worker 1 processing task 41 requiring operations [3, 10]
99 Worker 1 forwarding task 41
100 Generated task 50
100 Worker 2 accepting task 50
100 Worker 0 accepting task 40
100 Worker 0 accepting task 47
100 Worker 2 accepting task 41
100 Worker 4 processing task 44 requiring operations [1, 8, 2]
100 Worker 4 performing operation 2 on task 44
100 Worker 3 processing task 43 requiring operations [8]
100 Worker 3 forwarding task 43
100 Worker 2 processing task 50 requiring operations [3, 5, 6]
100 Worker 2 performing operation 5 on task 50
100 Worker 0 processing task 40 requiring operations [1]
100 Worker 0 forwarding task 40
101 Worker 4 accepting task 44
101 Worker 0 accepting task 43
101 Worker 2 accepting task 50
101 Worker 4 accepting task 40
101 Worker 4 processing task 33 requiring operations [1]
101 Worker 4 forwarding task 33
101 Worker 2 processing task 41 requiring operations [3, 10]
101 Worker 2 forwarding task 41
101 Worker 0 processing task 47 requiring operations [1]
101 Worker 0 forwarding task 47
102 Generated task 51
102 Worker 0 accepting task 51
102 Worker 0 accepting task 33
102 Worker 1 accepting task 41
102 Worker 4 accepting task 47
102 Worker 4 processing task 38 requiring operations [4]
102 Worker 4 performing operation 4 on task 38
102 Worker 2 processing task 50 requiring operations [3, 6]
102 Worker 2 forwarding task 50
102 Worker 0 processing task 43 requiring operations [8]
102 Worker 0 performing operation 8 on task 43
102 Worker 1 processing task 41 requiring operations [3, 10]
102 Worker 1 forwarding task 41
103 Task 38 completed!
103 Worker 1 accepting task 50
103 Task 43 completed!
103 Worker 3 accepting task 41
103 Worker 4 processing task 19 requiring operations [10, 3]
103 Worker 4 forwarding task 19
103 Worker 0 processing task 51 requiring operations [10, 2, 5]
103 Worker 0 forwarding task 51
103 Worker 1 processing task 50 requiring operations [3, 6]
103 Worker 1 performing operation 6 on task 50
103 Worker 3 processing task 41 requiring operations [3, 10]
103 Worker 3 performing operation 10 on task 41
104 Generated task 52
104 Worker 0 accepting task 52
104 Worker 2 accepting task 19
104 Worker 4 accepting task 51
104 Worker 1 accepting task 50
104 Worker 3 accepting task 41
104 Worker 4 processing task 9 requiring operations [3]
104 Worker 4 forwarding task 9
104 Worker 0 processing task 33 requiring operations [1]
104 Worker 0 forwarding task 33
104 Worker 1 processing task 50 requiring operations [3]
104 Worker 1 forwarding task 50
104 Worker 3 processing task 41 requiring operations [3]
104 Worker 3 performing operation 3 on task 41
104 Worker 2 processing task 19 requiring operations [10, 3]
104 Worker 2 forwarding task 19
105 Worker 0 accepting task 9
105 Worker 3 accepting task 33
105 Worker 2 accepting task 50
105 Task 41 completed!
105 Worker 1 accepting task 19
105 Worker 4 processing task 29 requiring operations [8]
105 Worker 4 forwarding task 29
105 Worker 0 processing task 52 requiring operations [5, 8, 6]
105 Worker 0 performing operation 8 on task 52
105 Worker 3 processing task 33 requiring operations [1]
105 Worker 3 forwarding task 33
105 Worker 2 processing task 50 requiring operations [3]
105 Worker 2 forwarding task 50
105 Worker 1 processing task 19 requiring operations [10, 3]
105 Worker 1 forwarding task 19
106 Generated task 53
106 Worker 1 accepting task 53
106 Worker 0 accepting task 29
106 Worker 0 accepting task 52
106 Worker 1 accepting task 33
106 Worker 4 accepting task 50
106 Worker 2 accepting task 19
106 Worker 4 processing task 16 requiring operations [10]
106 Worker 4 forwarding task 16
106 Worker 0 processing task 9 requiring operations [3]
106 Worker 0 forwarding task 9
106 Worker 1 processing task 53 requiring operations [9, 3, 4]
106 Worker 1 forwarding task 53
106 Worker 2 processing task 19 requiring operations [10, 3]
106 Worker 2 forwarding task 19
107 Worker 2 accepting task 16
107 Worker 3 accepting task 9
107 Worker 3 accepting task 53
107 Worker 4 accepting task 19
107 Worker 4 processing task 42 requiring operations [10, 1]
107 Worker 4 forwarding task 42
107 Worker 0 processing task 29 requiring operations [8]
107 Worker 0 performing operation 8 on task 29
107 Worker 1 processing task 33 requiring operations [1]
107 Worker 1 forwarding task 33
107 Worker 2 processing task 16 requiring operations [10]
107 Worker 2 forwarding task 16
107 Worker 3 processing task 9 requiring operations [3]
107 Worker 3 performing operation 3 on task 9
108 Generated task 54
108 Worker 0 accepting task 54
108 Worker 0 accepting task 42
108 Task 29 completed!
108 Worker 3 accepting task 33
108 Worker 1 accepting task 16
108 Task 9 completed!
108 Worker 4 processing task 32 requiring operations [3]
108 Worker 4 forwarding task 32
108 Worker 0 processing task 52 requiring operations [5, 6]
108 Worker 0 forwarding task 52
108 Worker 3 processing task 53 requiring operations [9, 3, 4]
108 Worker 3 performing operation 3 on task 53
108 Worker 1 processing task 16 requiring operations [10]
108 Worker 1 forwarding task 16
109 Worker 1 accepting task 32
109 Worker 4 accepting task 52
109 Worker 3 accepting task 53
109 Worker 3 accepting task 16
109 Worker 4 processing task 31 requiring operations [3]
109 Worker 4 forwarding task 31
109 Worker 0 processing task 54 requiring operations [3, 10, 1]
109 Worker 0 forwarding task 54
109 Worker 3 processing task 33 requiring operations [1]
109 Worker 3 forwarding task 33
109 Worker 1 processing task 32 requiring operations [3]
109 Worker 1 forwarding task 32
110 Generated task 55
110 Worker 2 accepting task 55
110 Worker 0 accepting task 31
110 Worker 3 accepting task 54
110 Worker 0 accepting task 33
110 Worker 2 accepting task 32
110 Worker 4 processing task 36 requiring operations [5]
110 Worker 4 forwarding task 36
110 Worker 0 processing task 42 requiring operations [10, 1]
110 Worker 0 forwarding task 42
110 Worker 3 processing task 53 requiring operations [9, 4]
110 Worker 3 forwarding task 53
110 Worker 2 processing task 55 requiring operations [6, 5, 4]
110 Worker 2 performing operation 5 on task 55
111 Worker 2 accepting task 36
111 Worker 4 accepting task 42
111 Worker 0 accepting task 53
111 Worker 2 accepting task 55
111 Worker 4 processing task 45 requiring operations [2, 9]
111 Worker 4 performing operation 2 on task 45
111 Worker 0 processing task 31 requiring operations [3]
111 Worker 0 forwarding task 31
111 Worker 3 processing task 16 requiring operations [10]
111 Worker 3 performing operation 10 on task 16
111 Worker 2 processing task 32 requiring operations [3]
111 Worker 2 forwarding task 32
112 Generated task 56
112 Worker 2 accepting task 56
112 Worker 4 accepting task 45
112 Worker 4 accepting task 31
112 Task 16 completed!
112 Worker 1 accepting task 32
112 Worker 4 processing task 48 requiring operations [4, 6, 5]
112 Worker 4 performing operation 4 on task 48
112 Worker 0 processing task 33 requiring operations [1]
112 Worker 0 forwarding task 33
112 Worker 3 processing task 54 requiring operations [3, 10, 1]
112 Worker 3 performing operation 10 on task 54
112 Worker 2 processing task 36 requiring operations [5]
112 Worker 2 performing operation 5 on task 36
112 Worker 1 processing task 32 requiring operations [3]
112 Worker 1 forwarding task 32
113 Worker 4 accepting task 48
113 Worker 4 accepting task 33
113 Worker 3 accepting task 54
113 Task 36 completed!
113 Worker 4 accepting task 32
113 Worker 4 processing task 49 requiring operations [7, 4, 5]
113 Worker 4 performing operation 4 on task 49
113 Worker 0 processing task 53 requiring operations [9, 4]
113 Worker 0 forwarding task 53
113 Worker 3 processing task 54 requiring operations [3, 1]
113 Worker 3 performing operation 3 on task 54
113 Worker 2 processing task 55 requiring operations [6, 4]
113 Worker 2 forwarding task 55
114 Generated task 57
114 Worker 2 accepting task 57
114 Worker 4 accepting task 49
114 Worker 4 accepting task 53
114 Worker 3 accepting task 54
114 Worker 1 accepting task 55
114 Worker 4 processing task 39 requiring operations [3]
114 Worker 4 forwarding task 39
114 Worker 3 processing task 54 requiring operations [1]
114 Worker 3 forwarding task 54
114 Worker 2 processing task 56 requiring operations [1, 6, 8]
114 Worker 2 performing operation 1 on task 56
114 Worker 1 processing task 55 requiring operations [6, 4]
114 Worker 1 performing operation 6 on task 55
115 Worker 2 accepting task 39
115 Worker 0 accepting task 54
115 Worker 2 accepting task 56
115 Worker 1 accepting task 55
115 Worker 4 processing task 44 requiring operations [1, 8]
115 Worker 4 forwarding task 44
115 Worker 2 processing task 57 requiring operations [9, 5, 8]
115 Worker 2 performing operation 5 on task 57
115 Worker 1 processing task 55 requiring operations [4]
115 Worker 1 forwarding task 55
115 Worker 0 processing task 54 requiring operations [1]
115 Worker 0 forwarding task 54
116 Generated task 58
116 Worker 3 accepting task 58
116 Worker 0 accepting task 44
116 Worker 2 accepting task 57
116 Worker 3 accepting task 55
116 Worker 4 accepting task 54
116 Worker 4 processing task 40 requiring operations [1]
116 Worker 4 forwarding task 40
116 Worker 2 processing task 39 requiring operations [3]
116 Worker 2 forwarding task 39
116 Worker 0 processing task 44 requiring operations [1, 8]
116 Worker 0 performing operation 8 on task 44
116 Worker 3 processing task 58 requiring operations [2, 4, 3]
116 Worker 3 performing operation 3 on task 58
117 Worker 0 accepting task 40
117 Worker 4 accepting task 39
117 Worker 0 accepting task 44
117 Worker 3 accepting task 58
117 Worker 4 processing task 47 requiring operations [1]
117 Worker 4 forwarding task 47
117 Worker 2 processing task 56 requiring operations [6, 8]
117 Worker 2 forwarding task 56
117 Worker 0 processing task 40 requiring operations [1]
117 Worker 0 forwarding task 40
117 Worker 3 processing task 55 requiring operations [4]
117 Worker 3 forwarding task 55
118 Generated task 59
118 Worker 4 accepting task 59
118 Worker 1 accepting task 47
118 Worker 4 accepting task 56
118 Worker 3 accepting task 40
118 Worker 0 accepting task 55
118 Worker 4 processing task 51 requiring operations [10, 2, 5]
118 Worker 4 performing operation 2 on task 51
118 Worker 2 processing task 57 requiring operations [9, 8]
118 Worker 2 forwarding task 57
118 Worker 0 processing task 44 requiring operations [1]
118 Worker 0 forwarding task 44
118 Worker 3 processing task 58 requiring operations [2, 4]
118 Worker 3 forwarding task 58
118 Worker 1 processing task 47 requiring operations [1]
118 Worker 1 forwarding task 47
119 Worker 4 accepting task 51
119 Worker 4 accepting task 57
119 Worker 3 accepting task 44
119 Worker 1 accepting task 58
119 Worker 2 accepting task 47
119 Worker 4 processing task 50 requiring operations [3]
119 Worker 4 forwarding task 50
119 Worker 0 processing task 55 requiring operations [4]
119 Worker 0 forwarding task 55
119 Worker 3 processing task 40 requiring operations [1]
119 Worker 3 forwarding task 40
119 Worker 1 processing task 58 requiring operations [2, 4]
119 Worker 1 forwarding task 58
119 Worker 2 processing task 47 requiring operations [1]
119 Worker 2 performing operation 1 on task 47
120 Generated task 60
120 Worker 4 accepting task 60
120 Worker 0 accepting task 50
120 Worker 4 accepting task 55
120 Worker 0 accepting task 40
120 Worker 3 accepting task 58
120 Task 47 completed!
120 Worker 4 processing task 19 requiring operations [10, 3]
120 Worker 4 forwarding task 19
120 Worker 0 processing task 50 requiring operations [3]
120 Worker 0 forwarding task 50
120 Worker 3 processing task 44 requiring operations [1]
120 Worker 3 forwarding task 44
121 Worker 1 accepting task 19
121 Worker 3 accepting task 50
121 Worker 1 accepting task 44
121 Worker 4 processing task 52 requiring operations [5, 6]
121 Worker 4 forwarding task 52
121 Worker 0 processing task 40 requiring operations [1]
121 Worker 0 forwarding task 40
121 Worker 3 processing task 58 requiring operations [2, 4]
121 Worker 3 forwarding task 58
121 Worker 1 processing task 19 requiring operations [10, 3]
121 Worker 1 forwarding task 19
122 Generated task 61
122 Worker 2 accepting task 61
122 Worker 0 accepting task 52
122 Worker 3 accepting task 40
122 Worker 0 accepting task 58
122 Worker 2 accepting task 19
122 Worker 4 processing task 42 requiring operations [10, 1]
122 Worker 4 forwarding task 42
122 Worker 0 processing task 52 requiring operations [5, 6]
122 Worker 0 forwarding task 52
122 Worker 3 processing task 50 requiring operations [3]
122 Worker 3 performing operation 3 on task 50
122 Worker 1 processing task 44 requiring operations [1]
122 Worker 1 forwarding task 44
122 Worker 2 processing task 61 requiring operations [10, 7, 4]
122 Worker 2 forwarding task 61
123 Worker 1 accepting task 42
123 Worker 4 accepting task 52
123 Task 50 completed!
123 Worker 2 accepting task 44
123 Worker 1 accepting task 61
123 Worker 4 processing task 45 requiring operations [9]
123 Worker 4 performing operation 9 on task 45
123 Worker 0 processing task 58 requiring operations [2, 4]
123 Worker 0 forwarding task 58
123 Worker 3 processing task 40 requiring operations [1]
123 Worker 3 forwarding task 40
123 Worker 1 processing task 42 requiring operations [10, 1]
123 Worker 1 forwarding task 42
123 Worker 2 processing task 19 requiring operations [10, 3]
123 Worker 2 forwarding task 19
124 Generated task 62
124 Worker 3 accepting task 62
124 Task 45 completed!
124 Worker 4 accepting task 58
124 Worker 1 accepting task 40
124 Worker 2 accepting task 42
124 Worker 4 accepting task 19
124 Worker 4 processing task 31 requiring operations [3]
124 Worker 4 forwarding task 31
124 Worker 3 processing task 62 requiring operations [8, 1, 4]
124 Worker 3 forwarding task 62
124 Worker 1 processing task 61 requiring operations [10, 7, 4]
124 Worker 1 performing operation 7 on task 61
124 Worker 2 processing task 44 requiring operations [1]
124 Worker 2 performing operation 1 on task 44
125 Worker 1 accepting task 31
125 Worker 0 accepting task 62
125 Worker 1 accepting task 61
125 Task 44 completed!
125 Worker 4 processing task 48 requiring operations [6, 5]
125 Worker 4 forwarding task 48
125 Worker 1 processing task 40 requiring operations [1]
125 Worker 1 forwarding task 40
125 Worker 2 processing task 42 requiring operations [10, 1]
125 Worker 2 performing operation 1 on task 42
125 Worker 0 processing task 62 requiring operations [8, 1, 4]
125 Worker 0 performing operation 8 on task 62
126 Generated task 63
126 Worker 0 accepting task 63
126 Worker 1 accepting task 48
126 Worker 2 accepting task 40
126 Worker 2 accepting task 42
126 Worker 0 accepting task 62
126 Worker 4 processing task 33 requiring operations [1]
126 Worker 4 forwarding task 33
126 Worker 1 processing task 31 requiring operations [3]
126 Worker 1 forwarding task 31
126 Worker 2 processing task 40 requiring operations [1]
126 Worker 2 performing operation 1 on task 40
126 Worker 0 processing task 63 requiring operations [2, 3, 9]
126 Worker 0 forwarding task 63
127 Worker 1 accepting task 33
127 Worker 3 accepting task 31
127 Task 40 completed!
127 Worker 4 accepting task 63
127 Worker 4 processing task 32 requiring operations [3]
127 Worker 4 forwarding task 32
127 Worker 1 processing task 61 requiring operations [10, 4]
127 Worker 1 forwarding task 61
127 Worker 2 processing task 42 requiring operations [10]
127 Worker 2 forwarding task 42
127 Worker 0 processing task 62 requiring operations [1, 4]
127 Worker 0 forwarding task 62
127 Worker 3 processing task 31 requiring operations [3]
127 Worker 3 performing operation 3 on task 31
128 Generated task 64
128 Worker 1 accepting task 64
128 Worker 0 accepting task 32
128 Worker 2 accepting task 61
128 Worker 1 accepting task 42
128 Worker 4 accepting task 62
128 Task 31 completed!
128 Worker 4 processing task 49 requiring operations [7, 5]
128 Worker 4 forwarding task 49
128 Worker 1 processing task 48 requiring operations [6, 5]
128 Worker 1 performing operation 6 on task 48
128 Worker 2 processing task 61 requiring operations [10, 4]
128 Worker 2 forwarding task 61
128 Worker 0 processing task 32 requiring operations [3]
128 Worker 0 forwarding task 32
129 Worker 1 accepting task 49
129 Worker 1 accepting task 48
129 Worker 1 accepting task 61
129 Worker 4 accepting task 32
129 Worker 4 processing task 53 requiring operations [9, 4]
129 Worker 4 performing operation 9 on task 53
129 Worker 1 processing task 33 requiring operations [1]
129 Worker 1 forwarding task 33
130 Generated task 65
130 Worker 3 accepting task 65
130 Worker 4 accepting task 53
130 Worker 2 accepting task 33
130 Worker 4 processing task 54 requiring operations [1]
130 Worker 4 forwarding task 54
130 Worker 1 processing task 64 requiring operations [10, 2, 1]
130 Worker 1 forwarding task 64
130 Worker 3 processing task 65 requiring operations [9, 2, 3]
130 Worker 3 performing operation 3 on task 65
130 Worker 2 processing task 33 requiring operations [1]
130 Worker 2 performing operation 1 on task 33
131 Worker 0 accepting task 54
131 Worker 3 accepting task 64
131 Worker 3 accepting task 65
131 Task 33 completed!
131 Worker 4 processing task 39 requiring operations [3]
131 Worker 4 forwarding task 39
131 Worker 1 processing task 42 requiring operations [10]
131 Worker 1 forwarding task 42
131 Worker 3 processing task 64 requiring operations [10, 2, 1]
131 Worker 3 performing operation 10 on task 64
131 Worker 0 processing task 54 requiring operations [1]
131 Worker 0 forwarding task 54
132 Generated task 66
132 Worker 1 accepting task 66
132 Worker 2 accepting task 39
132 Worker 4 accepting task 42
132 Worker 3 accepting task 64
132 Worker 4 accepting task 54
132 Worker 4 processing task 59 requiring operations [7, 9, 3]
132 Worker 4 performing operation 9 on task 59
132 Worker 1 processing task 49 requiring operations [7, 5]
132 Worker 1 performing operation 7 on task 49
132 Worker 3 processing task 65 requiring operations [9, 2]
132 Worker 3 forwarding task 65
132 Worker 2 processing task 39 requiring operations [3]
132 Worker 2 forwarding task 39
133 Worker 4 accepting task 59
133 Worker 1 accepting task 49
133 Worker 0 accepting task 65
133 Worker 1 accepting task 39
133 Worker 4 processing task 56 requiring operations [6, 8]
133 Worker 4 forwarding task 56
133 Worker 1 processing task 48 requiring operations [5]
133 Worker 1 forwarding task 48
133 Worker 3 processing task 64 requiring operations [2, 1]
133 Worker 3 forwarding task 64
133 Worker 0 processing task 65 requiring operations [9, 2]
133 Worker 0 forwarding task 65
134 Generated task 67
134 Worker 0 accepting task 67
134 Worker 1 accepting task 56
134 Worker 3 accepting task 48
134 Worker 0 accepting task 64
134 Worker 3 accepting task 65
134 Worker 4 processing task 51 requiring operations [10, 5]
134 Worker 4 forwarding task 51
134 Worker 1 processing task 61 requiring operations [10, 4]
134 Worker 1 forwarding task 61
134 Worker 3 processing task 48 requiring operations [5]
134 Worker 3 performing operation 5 on task 48
134 Worker 0 processing task 67 requiring operations [1, 4, 7]
134 Worker 0 forwarding task 67
135 Worker 0 accepting task 51
135 Worker 4 accepting task 61
135 Task 48 completed!
135 Worker 4 accepting task 67
135 Worker 4 processing task 57 requiring operations [9, 8]
135 Worker 4 performing operation 9 on task 57
135 Worker 1 processing task 66 requiring operations [10, 5, 1]
135 Worker 1 forwarding task 66
135 Worker 3 processing task 65 requiring operations [9, 2]
135 Worker 3 forwarding task 65
135 Worker 0 processing task 64 requiring operations [2, 1]
135 Worker 0 forwarding task 64
136 Generated task 68
136 Worker 3 accepting task 68
136 Worker 4 accepting task 57
136 Worker 3 accepting task 66
136 Worker 0 accepting task 65
136 Worker 4 accepting task 64
136 Worker 4 processing task 60 requiring operations [2, 7, 6]
136 Worker 4 performing operation 2 on task 60
136 Worker 1 processing task 49 requiring operations [5]
136 Worker 1 forwarding task 49
136 Worker 3 processing task 68 requiring operations [9, 1, 3]
136 Worker 3 performing operation 3 on task 68
136 Worker 0 processing task 51 requiring operations [10, 5]
136 Worker 0 forwarding task 51
137 Worker 4 accepting task 60
137 Worker 2 accepting task 49
137 Worker 3 accepting task 68
137 Worker 3 accepting task 51
137 Worker 4 processing task 55 requiring operations [4]
137 Worker 4 performing operation 4 on task 55
137 Worker 1 processing task 39 requiring operations [3]
137 Worker 1 forwarding task 39
137 Worker 3 processing task 66 requiring operations [10, 5, 1]
137 Worker 3 performing operation 10 on task 66
137 Worker 0 processing task 65 requiring operations [9, 2]
137 Worker 0 forwarding task 65
137 Worker 2 processing task 49 requiring operations [5]
137 Worker 2 performing operation 5 on task 49
138 Generated task 69
138 Worker 1 accepting task 69
138 Task 55 completed!
138 Worker 2 accepting task 39
138 Worker 3 accepting task 66
138 Worker 3 accepting task 65
138 Task 49 completed!
138 Worker 4 processing task 52 requiring operations [5, 6]
138 Worker 4 forwarding task 52
138 Worker 1 processing task 56 requiring operations [6, 8]
138 Worker 1 performing operation 6 on task 56
138 Worker 3 processing task 68 requiring operations [9, 1]
138 Worker 3 forwarding task 68
138 Worker 2 processing task 39 requiring operations [3]
138 Worker 2 forwarding task 39
139 Worker 2 accepting task 52
139 Worker 1 accepting task 56
139 Worker 1 accepting task 68
139 Worker 1 accepting task 39
139 Worker 4 processing task 58 requiring operations [2, 4]
139 Worker 4 performing operation 2 on task 58
139 Worker 1 processing task 69 requiring operations [6, 8, 9]
139 Worker 1 performing operation 6 on task 69
139 Worker 3 processing task 51 requiring operations [10, 5]
139 Worker 3 performing operation 10 on task 51
139 Worker 2 processing task 52 requiring operations [5, 6]
139 Worker 2 performing operation 5 on task 52
140 Generated task 70
140 Worker 4 accepting task 70
140 Worker 4 accepting task 58
140 Worker 1 accepting task 69
140 Worker 3 accepting task 51
140 Worker 2 accepting task 52
140 Worker 4 processing task 19 requiring operations [10, 3]
140 Worker 4 forwarding task 19
140 Worker 1 processing task 56 requiring operations [8]
140 Worker 1 forwarding task 56
140 Worker 3 processing task 66 requiring operations [5, 1]
140 Worker 3 performing operation 5 on task 66
140 Worker 2 processing task 52 requiring operations [6]
140 Worker 2 forwarding task 52
