Worker 0 can perform operations {2, 5, 6}
Worker 1 can perform operations {2, 10, 4}
Worker 2 can perform operations {3, 4}
Worker 3 can perform operations {8, 1, 9}
Worker 4 can perform operations {8, 7}
Building network type random
Worker 0 connecting to worker 2
Worker 2 connecting to worker 0
Worker 0 connecting to worker 4
Worker 4 connecting to worker 0
Worker 1 connecting to worker 0
Worker 0 connecting to worker 1
Worker 1 connecting to worker 4
Worker 4 connecting to worker 1
Worker 2 connecting to worker 4
Worker 4 connecting to worker 2
Worker 3 connecting to worker 0
Worker 0 connecting to worker 3
Worker 3 connecting to worker 4
Worker 4 connecting to worker 3
Entry nodes are [0, 1, 2, 3, 4]
0 Generated task 0
0 Worker 4 accepting task 0
0 Worker 4 processing task 0 requiring operations [10, 1, 4]
0 Worker 4 forwarding task 0
1 Worker 1 accepting task 0
1 Worker 1 processing task 0 requiring operations [10, 1, 4]
1 Worker 1 performing operation 10 on task 0
2 Generated task 1
2 Worker 3 accepting task 1
2 Worker 1 accepting task 0
2 Worker 1 processing task 0 requiring operations [1, 4]
2 Worker 1 performing operation 4 on task 0
2 Worker 3 processing task 1 requiring operations [6, 4, 2]
2 Worker 3 forwarding task 1
3 Worker 1 accepting task 0
3 Worker 4 accepting task 1
3 Worker 1 processing task 0 requiring operations [1]
3 Worker 1 forwarding task 0
3 Worker 4 processing task 1 requiring operations [6, 4, 2]
3 Worker 4 forwarding task 1
4 Generated task 2
4 Worker 0 accepting task 2
4 Worker 0 accepting task 0
4 Worker 0 accepting task 1
4 Worker 0 processing task 2 requiring operations [8, 10, 6]
4 Worker 0 performing operation 6 on task 2
5 Worker 0 accepting task 2
5 Worker 0 processing task 0 requiring operations [1]
5 Worker 0 forwarding task 0
6 Generated task 3
6 Worker 0 accepting task 3
6 Worker 1 accepting task 0
6 Worker 0 processing task 1 requiring operations [6, 4, 2]
6 Worker 0 performing operation 2 on task 1
6 Worker 1 processing task 0 requiring operations [1]
6 Worker 1 forwarding task 0
7 Worker 0 accepting task 1
7 Worker 4 accepting task 0
7 Worker 0 processing task 2 requiring operations [8, 10]
7 Worker 0 forwarding task 2
7 Worker 4 processing task 0 requiring operations [1]
7 Worker 4 forwarding task 0
8 Generated task 4
8 Worker 1 accepting task 4
8 Worker 4 accepting task 2
8 Worker 1 accepting task 0
8 Worker 0 processing task 3 requiring operations [2, 1, 5]
8 Worker 0 performing operation 2 on task 3
8 Worker 4 processing task 2 requiring operations [8, 10]
8 Worker 4 performing operation 8 on task 2
8 Worker 1 processing task 4 requiring operations [6, 4, 8]
8 Worker 1 performing operation 4 on task 4
9 Worker 0 accepting task 3
9 Worker 4 accepting task 2
9 Worker 1 accepting task 4
9 Worker 0 processing task 1 requiring operations [6, 4]
9 Worker 0 performing operation 6 on task 1
9 Worker 4 processing task 2 requiring operations [10]
9 Worker 4 forwarding task 2
9 Worker 1 processing task 0 requiring operations [1]
9 Worker 1 forwarding task 0
10 Generated task 5
10 Worker 2 accepting task 5
10 Worker 0 accepting task 1
10 Worker 3 accepting task 2
10 Worker 0 accepting task 0
10 Worker 0 processing task 3 requiring operations [1, 5]
10 Worker 0 performing operation 5 on task 3
10 Worker 1 processing task 4 requiring operations [6, 8]
10 Worker 1 forwarding task 4
10 Worker 2 processing task 5 requiring operations [3, 1, 6]
10 Worker 2 performing operation 3 on task 5
10 Worker 3 processing task 2 requiring operations [10]
10 Worker 3 forwarding task 2
11 Worker 0 accepting task 3
11 Worker 0 accepting task 4
11 Worker 2 accepting task 5
11 Worker 0 accepting task 2
11 Worker 0 processing task 1 requiring operations [4]
11 Worker 0 forwarding task 1
11 Worker 2 processing task 5 requiring operations [1, 6]
11 Worker 2 forwarding task 5
12 Generated task 6
12 Worker 3 accepting task 6
12 Worker 1 accepting task 1
12 Worker 4 accepting task 5
12 Worker 0 processing task 0 requiring operations [1]
12 Worker 0 forwarding task 0
12 Worker 3 processing task 6 requiring operations [5, 6, 9]
12 Worker 3 performing operation 9 on task 6
12 Worker 1 processing task 1 requiring operations [4]
12 Worker 1 performing operation 4 on task 1
12 Worker 4 processing task 5 requiring operations [1, 6]
12 Worker 4 forwarding task 5
13 Worker 2 accepting task 0
13 Worker 3 accepting task 6
13 Task 1 completed!
13 Worker 0 accepting task 5
13 Worker 0 processing task 3 requiring operations [1]
13 Worker 0 forwarding task 3
13 Worker 3 processing task 6 requiring operations [5, 6]
13 Worker 3 forwarding task 6
13 Worker 2 processing task 0 requiring operations [1]
13 Worker 2 forwarding task 0
14 Generated task 7
14 Worker 1 accepting task 7
14 Worker 4 accepting task 3
14 Worker 0 accepting task 6
14 Worker 4 accepting task 0
14 Worker 0 processing task 4 requiring operations [6, 8]
14 Worker 0 performing operation 6 on task 4
14 Worker 1 processing task 7 requiring operations [5, 6, 4]
14 Worker 1 performing operation 4 on task 7
14 Worker 4 processing task 3 requiring operations [1]
14 Worker 4 forwarding task 3
15 Worker 0 accepting task 4
15 Worker 1 accepting task 7
15 Worker 0 accepting task 3
15 Worker 0 processing task 2 requiring operations [10]
15 Worker 0 forwarding task 2
15 Worker 1 processing task 7 requiring operations [5, 6]
15 Worker 1 forwarding task 7
15 Worker 4 processing task 0 requiring operations [1]
15 Worker 4 forwarding task 0
16 Generated task 8
16 Worker 0 accepting task 8
16 Worker 2 accepting task 2
16 Worker 4 accepting task 7
16 Worker 1 accepting task 0
16 Worker 0 processing task 5 requiring operations [1, 6]
16 Worker 0 performing operation 6 on task 5
16 Worker 4 processing task 7 requiring operations [5, 6]
16 Worker 4 forwarding task 7
16 Worker 2 processing task 2 requiring operations [10]
16 Worker 2 forwarding task 2
16 Worker 1 processing task 0 requiring operations [1]
16 Worker 1 forwarding task 0
17 Worker 0 accepting task 5
17 Worker 3 accepting task 7
17 Worker 4 accepting task 2
17 Worker 4 accepting task 0
17 Worker 0 processing task 6 requiring operations [5, 6]
17 Worker 0 performing operation 5 on task 6
17 Worker 3 processing task 7 requiring operations [5, 6]
17 Worker 3 forwarding task 7
17 Worker 4 processing task 2 requiring operations [10]
17 Worker 4 forwarding task 2
18 Generated task 9
18 Worker 0 accepting task 9
18 Worker 0 accepting task 6
18 Worker 4 accepting task 7
18 Worker 1 accepting task 2
18 Worker 0 processing task 4 requiring operations [8]
18 Worker 0 forwarding task 4
18 Worker 4 processing task 0 requiring operations [1]
18 Worker 4 forwarding task 0
18 Worker 1 processing task 2 requiring operations [10]
18 Worker 1 performing operation 10 on task 2
19 Worker 1 accepting task 4
19 Worker 3 accepting task 0
19 Task 2 completed!
19 Worker 0 processing task 3 requiring operations [1]
19 Worker 0 forwarding task 3
19 Worker 4 processing task 7 requiring operations [5, 6]
19 Worker 4 forwarding task 7
19 Worker 1 processing task 4 requiring operations [8]
19 Worker 1 forwarding task 4
19 Worker 3 processing task 0 requiring operations [1]
19 Worker 3 performing operation 1 on task 0
20 Generated task 10
20 Worker 1 accepting task 10
20 Worker 2 accepting task 3
20 Worker 2 accepting task 7
20 Worker 4 accepting task 4
20 Task 0 completed!
20 Worker 0 processing task 8 requiring operations [3, 4, 1]
20 Worker 0 forwarding task 8
20 Worker 1 processing task 10 requiring operations [10, 4, 2]
20 Worker 1 performing operation 10 on task 10
20 Worker 2 processing task 3 requiring operations [1]
20 Worker 2 forwarding task 3
20 Worker 4 processing task 4 requiring operations [8]
20 Worker 4 performing operation 8 on task 4
21 Worker 3 accepting task 8
21 Worker 1 accepting task 10
21 Worker 0 accepting task 3
21 Task 4 completed!
21 Worker 0 processing task 5 requiring operations [1]
21 Worker 0 forwarding task 5
21 Worker 1 processing task 10 requiring operations [4, 2]
21 Worker 1 performing operation 4 on task 10
21 Worker 2 processing task 7 requiring operations [5, 6]
21 Worker 2 forwarding task 7
21 Worker 3 processing task 8 requiring operations [3, 4, 1]
21 Worker 3 performing operation 1 on task 8
22 Generated task 11
22 Worker 4 accepting task 11
22 Worker 4 accepting task 5
22 Worker 1 accepting task 10
22 Worker 0 accepting task 7
22 Worker 3 accepting task 8
22 Worker 0 processing task 9 requiring operations [2, 5, 4]
22 Worker 0 performing operation 2 on task 9
22 Worker 1 processing task 10 requiring operations [2]
22 Worker 1 performing operation 2 on task 10
22 Worker 3 processing task 8 requiring operations [3, 4]
22 Worker 3 forwarding task 8
22 Worker 4 processing task 11 requiring operations [4, 2, 9]
22 Worker 4 forwarding task 11
23 Worker 0 accepting task 9
23 Task 10 completed!
23 Worker 0 accepting task 8
23 Worker 2 accepting task 11
23 Worker 0 processing task 6 requiring operations [6]
23 Worker 0 performing operation 6 on task 6
23 Worker 4 processing task 5 requiring operations [1]
23 Worker 4 forwarding task 5
23 Worker 2 processing task 11 requiring operations [4, 2, 9]
23 Worker 2 performing operation 4 on task 11
24 Generated task 12
24 Worker 3 accepting task 12
24 Task 6 completed!
24 Worker 2 accepting task 5
24 Worker 2 accepting task 11
24 Worker 0 processing task 3 requiring operations [1]
24 Worker 0 forwarding task 3
24 Worker 2 processing task 5 requiring operations [1]
24 Worker 2 forwarding task 5
24 Worker 3 processing task 12 requiring operations [6, 7, 8]
24 Worker 3 performing operation 8 on task 12
25 Worker 1 accepting task 3
25 Worker 0 accepting task 5
25 Worker 3 accepting task 12
25 Worker 0 processing task 7 requiring operations [5, 6]
25 Worker 0 performing operation 5 on task 7
25 Worker 2 processing task 11 requiring operations [2, 9]
25 Worker 2 forwarding task 11
25 Worker 3 processing task 12 requiring operations [6, 7]
25 Worker 3 forwarding task 12
25 Worker 1 processing task 3 requiring operations [1]
25 Worker 1 forwarding task 3
26 Generated task 13
26 Worker 0 accepting task 13
26 Worker 0 accepting task 7
26 Worker 0 accepting task 11
26 Worker 4 accepting task 12
26 Worker 4 accepting task 3
26 Worker 0 processing task 9 requiring operations [5, 4]
26 Worker 0 performing operation 5 on task 9
26 Worker 4 processing task 12 requiring operations [6, 7]
26 Worker 4 performing operation 7 on task 12
27 Worker 0 accepting task 9
27 Worker 4 accepting task 12
27 Worker 0 processing task 8 requiring operations [3, 4]
27 Worker 0 forwarding task 8
27 Worker 4 processing task 3 requiring operations [1]
27 Worker 4 forwarding task 3
28 Generated task 14
28 Worker 0 accepting task 14
28 Worker 1 accepting task 8
28 Worker 0 accepting task 3
28 Worker 0 processing task 5 requiring operations [1]
28 Worker 0 forwarding task 5
28 Worker 4 processing task 12 requiring operations [6]
28 Worker 4 forwarding task 12
28 Worker 1 processing task 8 requiring operations [3, 4]
28 Worker 1 performing operation 4 on task 8
29 Worker 1 accepting task 5
29 Worker 2 accepting task 12
29 Worker 1 accepting task 8
29 Worker 0 processing task 13 requiring operations [3, 5, 8]
29 Worker 0 performing operation 5 on task 13
29 Worker 1 processing task 5 requiring operations [1]
29 Worker 1 forwarding task 5
29 Worker 2 processing task 12 requiring operations [6]
29 Worker 2 forwarding task 12
30 Generated task 15
30 Worker 0 accepting task 15
30 Worker 0 accepting task 13
30 Worker 4 accepting task 5
30 Worker 0 accepting task 12
30 Worker 0 processing task 7 requiring operations [6]
30 Worker 0 performing operation 6 on task 7
30 Worker 1 processing task 8 requiring operations [3]
30 Worker 1 forwarding task 8
30 Worker 4 processing task 5 requiring operations [1]
30 Worker 4 forwarding task 5
31 Task 7 completed!
31 Worker 4 accepting task 8
31 Worker 1 accepting task 5
31 Worker 0 processing task 11 requiring operations [2, 9]
31 Worker 0 performing operation 2 on task 11
31 Worker 4 processing task 8 requiring operations [3]
31 Worker 4 forwarding task 8
31 Worker 1 processing task 5 requiring operations [1]
31 Worker 1 forwarding task 5
32 Generated task 16
32 Worker 1 accepting task 16
32 Worker 0 accepting task 11
32 Worker 3 accepting task 8
32 Worker 0 accepting task 5
32 Worker 0 processing task 9 requiring operations [4]
32 Worker 0 forwarding task 9
32 Worker 1 processing task 16 requiring operations [8, 3, 4]
32 Worker 1 performing operation 4 on task 16
32 Worker 3 processing task 8 requiring operations [3]
32 Worker 3 forwarding task 8
33 Worker 3 accepting task 9
33 Worker 1 accepting task 16
33 Worker 0 accepting task 8
33 Worker 0 processing task 14 requiring operations [1, 7, 3]
33 Worker 0 forwarding task 14
33 Worker 1 processing task 16 requiring operations [8, 3]
33 Worker 1 forwarding task 16
33 Worker 3 processing task 9 requiring operations [4]
33 Worker 3 forwarding task 9
34 Generated task 17
34 Worker 2 accepting task 17
34 Worker 1 accepting task 14
34 Worker 4 accepting task 16
34 Worker 4 accepting task 9
34 Worker 0 processing task 3 requiring operations [1]
34 Worker 0 forwarding task 3
34 Worker 1 processing task 14 requiring operations [1, 7, 3]
34 Worker 1 forwarding task 14
34 Worker 2 processing task 17 requiring operations [8, 5, 10]
34 Worker 2 forwarding task 17
34 Worker 4 processing task 16 requiring operations [8, 3]
34 Worker 4 performing operation 8 on task 16
35 Worker 1 accepting task 3
35 Worker 0 accepting task 14
35 Worker 0 accepting task 17
35 Worker 4 accepting task 16
35 Worker 0 processing task 15 requiring operations [7, 5, 4]
35 Worker 0 performing operation 5 on task 15
35 Worker 1 processing task 3 requiring operations [1]
35 Worker 1 forwarding task 3
35 Worker 4 processing task 9 requiring operations [4]
35 Worker 4 forwarding task 9
36 Generated task 18
36 Worker 0 accepting task 18
36 Worker 0 accepting task 15
36 Worker 0 accepting task 3
36 Worker 3 accepting task 9
36 Worker 0 processing task 13 requiring operations [3, 8]
36 Worker 0 forwarding task 13
36 Worker 4 processing task 16 requiring operations [3]
36 Worker 4 forwarding task 16
36 Worker 3 processing task 9 requiring operations [4]
36 Worker 3 forwarding task 9
37 Worker 1 accepting task 13
37 Worker 3 accepting task 16
37 Worker 4 accepting task 9
37 Worker 0 processing task 12 requiring operations [6]
37 Worker 0 performing operation 6 on task 12
37 Worker 3 processing task 16 requiring operations [3]
37 Worker 3 forwarding task 16
37 Worker 1 processing task 13 requiring operations [3, 8]
37 Worker 1 forwarding task 13
37 Worker 4 processing task 9 requiring operations [4]
37 Worker 4 forwarding task 9
38 Generated task 19
38 Worker 4 accepting task 19
38 Task 12 completed!
38 Worker 4 accepting task 16
38 Worker 4 accepting task 13
38 Worker 3 accepting task 9
38 Worker 0 processing task 11 requiring operations [9]
38 Worker 0 forwarding task 11
38 Worker 4 processing task 19 requiring operations [5, 10, 4]
38 Worker 4 forwarding task 19
38 Worker 3 processing task 9 requiring operations [4]
38 Worker 3 forwarding task 9
39 Worker 2 accepting task 11
39 Worker 3 accepting task 19
39 Worker 4 accepting task 9
39 Worker 0 processing task 5 requiring operations [1]
39 Worker 0 forwarding task 5
39 Worker 4 processing task 16 requiring operations [3]
39 Worker 4 forwarding task 16
39 Worker 3 processing task 19 requiring operations [5, 10, 4]
39 Worker 3 forwarding task 19
39 Worker 2 processing task 11 requiring operations [9]
39 Worker 2 forwarding task 11
40 Generated task 20
40 Worker 4 accepting task 20
40 Worker 3 accepting task 5
40 Worker 0 accepting task 16
40 Worker 4 accepting task 19
40 Worker 4 accepting task 11
40 Worker 0 processing task 8 requiring operations [3]
40 Worker 0 forwarding task 8
40 Worker 4 processing task 13 requiring operations [3, 8]
40 Worker 4 performing operation 8 on task 13
40 Worker 3 processing task 5 requiring operations [1]
40 Worker 3 performing operation 1 on task 5
41 Worker 3 accepting task 8
41 Worker 4 accepting task 13
41 Task 5 completed!
41 Worker 0 processing task 14 requiring operations [1, 7, 3]
41 Worker 0 forwarding task 14
41 Worker 4 processing task 9 requiring operations [4]
41 Worker 4 forwarding task 9
41 Worker 3 processing task 8 requiring operations [3]
41 Worker 3 forwarding task 8
42 Generated task 21
42 Worker 2 accepting task 21
42 Worker 3 accepting task 14
42 Worker 0 accepting task 9
42 Worker 4 accepting task 8
42 Worker 0 processing task 17 requiring operations [8, 5, 10]
42 Worker 0 performing operation 5 on task 17
42 Worker 4 processing task 20 requiring operations [10, 6, 3]
42 Worker 4 forwarding task 20
42 Worker 3 processing task 14 requiring operations [1, 7, 3]
42 Worker 3 performing operation 1 on task 14
42 Worker 2 processing task 21 requiring operations [5, 4, 7]
42 Worker 2 performing operation 4 on task 21
43 Worker 0 accepting task 17
43 Worker 3 accepting task 20
43 Worker 3 accepting task 14
43 Worker 2 accepting task 21
43 Worker 0 processing task 18 requiring operations [8, 5, 1]
43 Worker 0 performing operation 5 on task 18
43 Worker 4 processing task 19 requiring operations [5, 10, 4]
43 Worker 4 forwarding task 19
43 Worker 3 processing task 20 requiring operations [10, 6, 3]
43 Worker 3 forwarding task 20
43 Worker 2 processing task 21 requiring operations [5, 7]
43 Worker 2 forwarding task 21
44 Generated task 22
44 Worker 0 accepting task 22
44 Worker 0 accepting task 18
44 Worker 1 accepting task 19
44 Worker 0 accepting task 20
44 Worker 0 accepting task 21
44 Worker 0 processing task 15 requiring operations [7, 4]
44 Worker 0 forwarding task 15
44 Worker 4 processing task 11 requiring operations [9]
44 Worker 4 forwarding task 11
44 Worker 3 processing task 14 requiring operations [7, 3]
44 Worker 3 forwarding task 14
44 Worker 1 processing task 19 requiring operations [5, 10, 4]
44 Worker 1 performing operation 10 on task 19
45 Worker 4 accepting task 15
45 Worker 0 accepting task 11
45 Worker 0 accepting task 14
45 Worker 1 accepting task 19
45 Worker 0 processing task 3 requiring operations [1]
45 Worker 0 forwarding task 3
45 Worker 4 processing task 13 requiring operations [3]
45 Worker 4 forwarding task 13
45 Worker 1 processing task 19 requiring operations [5, 4]
45 Worker 1 performing operation 4 on task 19
46 Generated task 23
46 Worker 0 accepting task 23
46 Worker 1 accepting task 3
46 Worker 1 accepting task 13
46 Worker 1 accepting task 19
46 Worker 0 processing task 16 requiring operations [3]
46 Worker 0 forwarding task 16
46 Worker 4 processing task 8 requiring operations [3]
46 Worker 4 forwarding task 8
46 Worker 1 processing task 3 requiring operations [1]
46 Worker 1 forwarding task 3
47 Worker 2 accepting task 16
47 Worker 1 accepting task 8
47 Worker 0 accepting task 3
47 Worker 0 processing task 9 requiring operations [4]
47 Worker 0 forwarding task 9
47 Worker 4 processing task 15 requiring operations [7, 4]
47 Worker 4 performing operation 7 on task 15
47 Worker 1 processing task 13 requiring operations [3]
47 Worker 1 forwarding task 13
47 Worker 2 processing task 16 requiring operations [3]
47 Worker 2 performing operation 3 on task 16
48 Generated task 24
48 Worker 0 accepting task 24
48 Worker 1 accepting task 9
48 Worker 4 accepting task 15
48 Worker 0 accepting task 13
48 Task 16 completed!
48 Worker 0 processing task 17 requiring operations [8, 10]
48 Worker 0 forwarding task 17
48 Worker 4 processing task 15 requiring operations [4]
48 Worker 4 forwarding task 15
48 Worker 1 processing task 19 requiring operations [5]
48 Worker 1 forwarding task 19
49 Worker 2 accepting task 17
49 Worker 0 accepting task 15
49 Worker 0 accepting task 19
49 Worker 0 processing task 22 requiring operations [6, 4, 10]
49 Worker 0 performing operation 6 on task 22
49 Worker 1 processing task 8 requiring operations [3]
49 Worker 1 forwarding task 8
49 Worker 2 processing task 17 requiring operations [8, 10]
49 Worker 2 forwarding task 17
50 Generated task 25
50 Worker 2 accepting task 25
50 Worker 0 accepting task 22
50 Worker 4 accepting task 8
50 Worker 0 accepting task 17
50 Worker 0 processing task 18 requiring operations [8, 1]
50 Worker 0 forwarding task 18
50 Worker 1 processing task 9 requiring operations [4]
50 Worker 1 performing operation 4 on task 9
50 Worker 2 processing task 25 requiring operations [8, 2, 1]
50 Worker 2 forwarding task 25
50 Worker 4 processing task 8 requiring operations [3]
50 Worker 4 forwarding task 8
51 Worker 3 accepting task 18
51 Task 9 completed!
51 Worker 0 accepting task 25
51 Worker 2 accepting task 8
51 Worker 0 processing task 20 requiring operations [10, 6, 3]
51 Worker 0 performing operation 6 on task 20
51 Worker 3 processing task 18 requiring operations [8, 1]
51 Worker 3 performing operation 8 on task 18
51 Worker 2 processing task 8 requiring operations [3]
51 Worker 2 performing operation 3 on task 8
52 Generated task 26
52 Worker 3 accepting task 26
52 Worker 0 accepting task 20
52 Worker 3 accepting task 18
52 Task 8 completed!
52 Worker 0 processing task 21 requiring operations [5, 7]
52 Worker 0 performing operation 5 on task 21
52 Worker 3 processing task 26 requiring operations [2, 9, 4]
52 Worker 3 performing operation 9 on task 26
53 Worker 0 accepting task 21
53 Worker 3 accepting task 26
53 Worker 0 processing task 11 requiring operations [9]
53 Worker 0 forwarding task 11
53 Worker 3 processing task 18 requiring operations [1]
53 Worker 3 performing operation 1 on task 18
54 Generated task 27
54 Worker 3 accepting task 27
54 Worker 3 accepting task 11
54 Task 18 completed!
54 Worker 0 processing task 14 requiring operations [7, 3]
54 Worker 0 forwarding task 14
54 Worker 3 processing task 26 requiring operations [2, 4]
54 Worker 3 forwarding task 26
55 Worker 1 accepting task 14
55 Worker 0 accepting task 26
55 Worker 0 processing task 23 requiring operations [1, 6, 5]
55 Worker 0 performing operation 6 on task 23
55 Worker 3 processing task 27 requiring operations [9, 5, 6]
55 Worker 3 performing operation 9 on task 27
55 Worker 1 processing task 14 requiring operations [7, 3]
55 Worker 1 forwarding task 14
56 Generated task 28
56 Worker 2 accepting task 28
56 Worker 0 accepting task 23
56 Worker 3 accepting task 27
56 Worker 4 accepting task 14
56 Worker 0 processing task 3 requiring operations [1]
56 Worker 0 forwarding task 3
56 Worker 3 processing task 11 requiring operations [9]
56 Worker 3 performing operation 9 on task 11
56 Worker 2 processing task 28 requiring operations [5, 1, 10]
56 Worker 2 forwarding task 28
56 Worker 4 processing task 14 requiring operations [7, 3]
56 Worker 4 performing operation 7 on task 14
57 Worker 1 accepting task 3
57 Task 11 completed!
57 Worker 4 accepting task 28
57 Worker 4 accepting task 14
57 Worker 0 processing task 24 requiring operations [3, 2, 7]
57 Worker 0 performing operation 2 on task 24
57 Worker 3 processing task 27 requiring operations [5, 6]
57 Worker 3 forwarding task 27
57 Worker 4 processing task 28 requiring operations [5, 1, 10]
57 Worker 4 forwarding task 28
57 Worker 1 processing task 3 requiring operations [1]
57 Worker 1 forwarding task 3
58 Generated task 29
58 Worker 2 accepting task 29
58 Worker 0 accepting task 24
58 Worker 0 accepting task 27
58 Worker 3 accepting task 28
58 Worker 0 accepting task 3
58 Worker 0 processing task 13 requiring operations [3]
58 Worker 0 forwarding task 13
58 Worker 4 processing task 14 requiring operations [3]
58 Worker 4 forwarding task 14
58 Worker 2 processing task 29 requiring operations [1, 4, 10]
58 Worker 2 performing operation 4 on task 29
58 Worker 3 processing task 28 requiring operations [5, 1, 10]
58 Worker 3 performing operation 1 on task 28
59 Worker 2 accepting task 13
59 Worker 0 accepting task 14
59 Worker 2 accepting task 29
59 Worker 3 accepting task 28
59 Worker 0 processing task 15 requiring operations [4]
59 Worker 0 forwarding task 15
59 Worker 2 processing task 13 requiring operations [3]
59 Worker 2 performing operation 3 on task 13
59 Worker 3 processing task 28 requiring operations [5, 10]
59 Worker 3 forwarding task 28
60 Generated task 30
60 Worker 1 accepting task 30
60 Worker 1 accepting task 15
60 Task 13 completed!
60 Worker 0 accepting task 28
60 Worker 0 processing task 19 requiring operations [5]
60 Worker 0 performing operation 5 on task 19
60 Worker 2 processing task 29 requiring operations [1, 10]
60 Worker 2 forwarding task 29
60 Worker 1 processing task 30 requiring operations [6, 3, 4]
60 Worker 1 performing operation 4 on task 30
61 Task 19 completed!
61 Worker 0 accepting task 29
61 Worker 1 accepting task 30
61 Worker 0 processing task 22 requiring operations [4, 10]
61 Worker 0 forwarding task 22
61 Worker 1 processing task 15 requiring operations [4]
61 Worker 1 performing operation 4 on task 15
62 Generated task 31
62 Worker 3 accepting task 31
62 Worker 1 accepting task 22
62 Task 15 completed!
62 Worker 0 processing task 17 requiring operations [8, 10]
62 Worker 0 forwarding task 17
62 Worker 1 processing task 30 requiring operations [6, 3]
62 Worker 1 forwarding task 30
62 Worker 3 processing task 31 requiring operations [2, 3, 4]
62 Worker 3 forwarding task 31
63 Worker 3 accepting task 17
63 Worker 4 accepting task 30
63 Worker 0 accepting task 31
63 Worker 0 processing task 25 requiring operations [8, 2, 1]
63 Worker 0 performing operation 2 on task 25
63 Worker 1 processing task 22 requiring operations [4, 10]
63 Worker 1 performing operation 10 on task 22
63 Worker 3 processing task 17 requiring operations [8, 10]
63 Worker 3 performing operation 8 on task 17
63 Worker 4 processing task 30 requiring operations [6, 3]
63 Worker 4 forwarding task 30
64 Generated task 32
64 Worker 3 accepting task 32
64 Worker 0 accepting task 25
64 Worker 1 accepting task 22
64 Worker 3 accepting task 17
64 Worker 0 accepting task 30
64 Worker 0 processing task 20 requiring operations [10, 3]
64 Worker 0 forwarding task 20
64 Worker 1 processing task 22 requiring operations [4]
64 Worker 1 performing operation 4 on task 22
64 Worker 3 processing task 32 requiring operations [9, 8, 5]
64 Worker 3 performing operation 9 on task 32
65 Worker 4 accepting task 20
65 Task 22 completed!
65 Worker 3 accepting task 32
65 Worker 0 processing task 21 requiring operations [7]
65 Worker 0 forwarding task 21
65 Worker 3 processing task 17 requiring operations [10]
65 Worker 3 forwarding task 17
65 Worker 4 processing task 20 requiring operations [10, 3]
65 Worker 4 forwarding task 20
66 Generated task 33
66 Worker 0 accepting task 33
66 Worker 3 accepting task 21
66 Worker 0 accepting task 17
66 Worker 0 accepting task 20
66 Worker 0 processing task 26 requiring operations [2, 4]
66 Worker 0 performing operation 2 on task 26
66 Worker 3 processing task 32 requiring operations [8, 5]
66 Worker 3 performing operation 8 on task 32
67 Worker 0 accepting task 26
67 Worker 3 accepting task 32
67 Worker 0 processing task 23 requiring operations [1, 5]
67 Worker 0 performing operation 5 on task 23
67 Worker 3 processing task 21 requiring operations [7]
67 Worker 3 forwarding task 21
68 Generated task 34
68 Worker 4 accepting task 34
68 Worker 0 accepting task 23
68 Worker 4 accepting task 21
68 Worker 0 processing task 24 requiring operations [3, 7]
68 Worker 0 forwarding task 24
68 Worker 3 processing task 32 requiring operations [5]
68 Worker 3 forwarding task 32
68 Worker 4 processing task 34 requiring operations [3, 4, 9]
68 Worker 4 forwarding task 34
69 Worker 4 accepting task 24
69 Worker 0 accepting task 32
69 Worker 0 accepting task 34
69 Worker 0 processing task 27 requiring operations [5, 6]
69 Worker 0 performing operation 5 on task 27
69 Worker 4 processing task 21 requiring operations [7]
69 Worker 4 performing operation 7 on task 21
70 Generated task 35
70 Worker 1 accepting task 35
70 Worker 0 accepting task 27
70 Task 21 completed!
70 Worker 0 processing task 3 requiring operations [1]
70 Worker 0 forwarding task 3
70 Worker 4 processing task 24 requiring operations [3, 7]
70 Worker 4 performing operation 7 on task 24
70 Worker 1 processing task 35 requiring operations [2, 5, 10]
70 Worker 1 performing operation 2 on task 35
71 Worker 4 accepting task 3
71 Worker 4 accepting task 24
71 Worker 1 accepting task 35
71 Worker 0 processing task 14 requiring operations [3]
71 Worker 0 forwarding task 14
71 Worker 4 processing task 3 requiring operations [1]
71 Worker 4 forwarding task 3
71 Worker 1 processing task 35 requiring operations [5, 10]
71 Worker 1 performing operation 10 on task 35
72 Generated task 36
72 Worker 4 accepting task 36
72 Worker 1 accepting task 14
72 Worker 3 accepting task 3
72 Worker 1 accepting task 35
72 Worker 0 processing task 28 requiring operations [5, 10]
72 Worker 0 performing operation 5 on task 28
72 Worker 4 processing task 24 requiring operations [3]
72 Worker 4 forwarding task 24
72 Worker 1 processing task 14 requiring operations [3]
72 Worker 1 forwarding task 14
72 Worker 3 processing task 3 requiring operations [1]
72 Worker 3 performing operation 1 on task 3
73 Worker 0 accepting task 28
73 Worker 2 accepting task 24
73 Worker 0 accepting task 14
73 Task 3 completed!
73 Worker 0 processing task 29 requiring operations [1, 10]
73 Worker 0 forwarding task 29
73 Worker 4 processing task 36 requiring operations [7, 5, 2]
73 Worker 4 performing operation 7 on task 36
73 Worker 1 processing task 35 requiring operations [5]
73 Worker 1 forwarding task 35
73 Worker 2 processing task 24 requiring operations [3]
73 Worker 2 performing operation 3 on task 24
74 Generated task 37
74 Worker 4 accepting task 37
74 Worker 3 accepting task 29
74 Worker 4 accepting task 36
74 Worker 4 accepting task 35
74 Task 24 completed!
74 Worker 0 processing task 31 requiring operations [2, 3, 4]
74 Worker 0 performing operation 2 on task 31
74 Worker 4 processing task 37 requiring operations [7, 5, 1]
74 Worker 4 performing operation 7 on task 37
74 Worker 3 processing task 29 requiring operations [1, 10]
74 Worker 3 performing operation 1 on task 29
75 Worker 0 accepting task 31
75 Worker 4 accepting task 37
75 Worker 3 accepting task 29
75 Worker 0 processing task 25 requiring operations [8, 1]
75 Worker 0 forwarding task 25
75 Worker 4 processing task 36 requiring operations [5, 2]
75 Worker 4 forwarding task 36
75 Worker 3 processing task 29 requiring operations [10]
75 Worker 3 forwarding task 29
76 Generated task 38
76 Worker 3 accepting task 38
76 Worker 2 accepting task 25
76 Worker 0 accepting task 36
76 Worker 4 accepting task 29
76 Worker 0 processing task 30 requiring operations [6, 3]
76 Worker 0 performing operation 6 on task 30
76 Worker 4 processing task 35 requiring operations [5]
76 Worker 4 forwarding task 35
76 Worker 3 processing task 38 requiring operations [5, 2, 6]
76 Worker 3 forwarding task 38
76 Worker 2 processing task 25 requiring operations [8, 1]
76 Worker 2 forwarding task 25
77 Worker 0 accepting task 30
77 Worker 0 accepting task 35
77 Worker 0 accepting task 38
77 Worker 0 accepting task 25
77 Worker 0 processing task 33 requiring operations [10, 8, 7]
77 Worker 0 forwarding task 33
77 Worker 4 processing task 37 requiring operations [5, 1]
77 Worker 4 forwarding task 37
78 Generated task 39
78 Worker 4 accepting task 39
78 Worker 4 accepting task 33
78 Worker 1 accepting task 37
78 Worker 0 processing task 17 requiring operations [10]
78 Worker 0 forwarding task 17
78 Worker 4 processing task 29 requiring operations [10]
78 Worker 4 forwarding task 29
78 Worker 1 processing task 37 requiring operations [5, 1]
78 Worker 1 forwarding task 37
79 Worker 3 accepting task 17
79 Worker 0 accepting task 29
79 Worker 4 accepting task 37
79 Worker 0 processing task 20 requiring operations [10, 3]
79 Worker 0 forwarding task 20
79 Worker 4 processing task 39 requiring operations [1, 8, 3]
79 Worker 4 performing operation 8 on task 39
79 Worker 3 processing task 17 requiring operations [10]
79 Worker 3 forwarding task 17
80 Generated task 40
80 Worker 4 accepting task 40
80 Worker 4 accepting task 20
80 Worker 4 accepting task 39
80 Worker 0 accepting task 17
80 Worker 0 processing task 26 requiring operations [4]
80 Worker 0 forwarding task 26
80 Worker 4 processing task 33 requiring operations [10, 8, 7]
80 Worker 4 performing operation 7 on task 33
81 Worker 2 accepting task 26
81 Worker 4 accepting task 33
81 Worker 0 processing task 23 requiring operations [1]
81 Worker 0 forwarding task 23
81 Worker 4 processing task 37 requiring operations [5, 1]
81 Worker 4 forwarding task 37
81 Worker 2 processing task 26 requiring operations [4]
81 Worker 2 performing operation 4 on task 26
82 Generated task 41
82 Worker 4 accepting task 41
82 Worker 4 accepting task 23
82 Worker 0 accepting task 37
82 Task 26 completed!
82 Worker 0 processing task 32 requiring operations [5]
82 Worker 0 performing operation 5 on task 32
82 Worker 4 processing task 40 requiring operations [10, 3, 9]
82 Worker 4 forwarding task 40
83 Task 32 completed!
83 Worker 1 accepting task 40
83 Worker 0 processing task 34 requiring operations [3, 4, 9]
83 Worker 0 forwarding task 34
83 Worker 4 processing task 20 requiring operations [10, 3]
83 Worker 4 forwarding task 20
83 Worker 1 processing task 40 requiring operations [10, 3, 9]
83 Worker 1 performing operation 10 on task 40
84 Generated task 42
84 Worker 0 accepting task 42
84 Worker 3 accepting task 34
84 Worker 1 accepting task 20
84 Worker 1 accepting task 40
84 Worker 0 processing task 27 requiring operations [6]
84 Worker 0 performing operation 6 on task 27
84 Worker 4 processing task 39 requiring operations [1, 3]
84 Worker 4 forwarding task 39
84 Worker 1 processing task 20 requiring operations [10, 3]
84 Worker 1 performing operation 10 on task 20
84 Worker 3 processing task 34 requiring operations [3, 4, 9]
84 Worker 3 performing operation 9 on task 34
85 Task 27 completed!
85 Worker 3 accepting task 39
85 Worker 1 accepting task 20
85 Worker 3 accepting task 34
85 Worker 0 processing task 28 requiring operations [10]
85 Worker 0 forwarding task 28
85 Worker 4 processing task 33 requiring operations [10, 8]
85 Worker 4 performing operation 8 on task 33
85 Worker 1 processing task 40 requiring operations [3, 9]
85 Worker 1 forwarding task 40
85 Worker 3 processing task 39 requiring operations [1, 3]
85 Worker 3 performing operation 1 on task 39
86 Generated task 43
86 Worker 3 accepting task 43
86 Worker 3 accepting task 28
86 Worker 4 accepting task 33
86 Worker 4 accepting task 40
86 Worker 3 accepting task 39
86 Worker 0 processing task 14 requiring operations [3]
86 Worker 0 forwarding task 14
86 Worker 4 processing task 41 requiring operations [1, 6, 7]
86 Worker 4 performing operation 7 on task 41
86 Worker 1 processing task 20 requiring operations [3]
86 Worker 1 forwarding task 20
86 Worker 3 processing task 34 requiring operations [3, 4]
86 Worker 3 forwarding task 34
87 Worker 4 accepting task 14
87 Worker 4 accepting task 41
87 Worker 0 accepting task 20
87 Worker 0 accepting task 34
87 Worker 0 processing task 31 requiring operations [3, 4]
87 Worker 0 forwarding task 31
87 Worker 4 processing task 23 requiring operations [1]
87 Worker 4 forwarding task 23
87 Worker 3 processing task 43 requiring operations [10, 5, 6]
87 Worker 3 forwarding task 43
88 Generated task 44
88 Worker 0 accepting task 44
88 Worker 4 accepting task 31
88 Worker 2 accepting task 23
88 Worker 4 accepting task 43
88 Worker 0 processing task 36 requiring operations [5, 2]
88 Worker 0 performing operation 5 on task 36
88 Worker 4 processing task 33 requiring operations [10]
88 Worker 4 forwarding task 33
88 Worker 3 processing task 28 requiring operations [10]
88 Worker 3 forwarding task 28
88 Worker 2 processing task 23 requiring operations [1]
88 Worker 2 forwarding task 23
89 Worker 0 accepting task 36
89 Worker 1 accepting task 33
89 Worker 4 accepting task 28
89 Worker 0 accepting task 23
89 Worker 0 processing task 30 requiring operations [3]
89 Worker 0 forwarding task 30
89 Worker 4 processing task 40 requiring operations [3, 9]
89 Worker 4 forwarding task 40
89 Worker 3 processing task 39 requiring operations [3]
89 Worker 3 forwarding task 39
89 Worker 1 processing task 33 requiring operations [10]
89 Worker 1 performing operation 10 on task 33
90 Generated task 45
90 Worker 3 accepting task 45
90 Worker 4 accepting task 30
90 Worker 2 accepting task 40
90 Worker 4 accepting task 39
90 Task 33 completed!
90 Worker 0 processing task 35 requiring operations [5]
90 Worker 0 performing operation 5 on task 35
90 Worker 4 processing task 14 requiring operations [3]
90 Worker 4 forwarding task 14
90 Worker 3 processing task 45 requiring operations [3, 4, 9]
90 Worker 3 performing operation 9 on task 45
90 Worker 2 processing task 40 requiring operations [3, 9]
90 Worker 2 performing operation 3 on task 40
91 Task 35 completed!
91 Worker 1 accepting task 14
91 Worker 3 accepting task 45
91 Worker 2 accepting task 40
91 Worker 0 processing task 38 requiring operations [5, 2, 6]
91 Worker 0 performing operation 5 on task 38
91 Worker 4 processing task 41 requiring operations [1, 6]
91 Worker 4 forwarding task 41
91 Worker 3 processing task 45 requiring operations [3, 4]
91 Worker 3 forwarding task 45
91 Worker 2 processing task 40 requiring operations [9]
91 Worker 2 forwarding task 40
91 Worker 1 processing task 14 requiring operations [3]
91 Worker 1 forwarding task 14
92 Generated task 46
92 Worker 3 accepting task 46
92 Worker 0 accepting task 38
92 Worker 0 accepting task 41
92 Worker 4 accepting task 45
92 Worker 0 accepting task 40
92 Worker 4 accepting task 14
92 Worker 0 processing task 25 requiring operations [8, 1]
92 Worker 0 forwarding task 25
92 Worker 4 processing task 31 requiring operations [3, 4]
92 Worker 4 forwarding task 31
92 Worker 3 processing task 46 requiring operations [10, 3, 7]
92 Worker 3 forwarding task 46
93 Worker 3 accepting task 25
93 Worker 1 accepting task 31
93 Worker 0 accepting task 46
93 Worker 0 processing task 29 requiring operations [10]
93 Worker 0 forwarding task 29
93 Worker 4 processing task 43 requiring operations [10, 5, 6]
93 Worker 4 forwarding task 43
93 Worker 3 processing task 25 requiring operations [8, 1]
93 Worker 3 performing operation 1 on task 25
93 Worker 1 processing task 31 requiring operations [3, 4]
93 Worker 1 performing operation 4 on task 31
94 Generated task 47
94 Worker 3 accepting task 47
94 Worker 4 accepting task 29
94 Worker 2 accepting task 43
94 Worker 3 accepting task 25
94 Worker 1 accepting task 31
94 Worker 0 processing task 17 requiring operations [10]
94 Worker 0 forwarding task 17
94 Worker 4 processing task 28 requiring operations [10]
94 Worker 4 forwarding task 28
94 Worker 3 processing task 47 requiring operations [1, 10, 6]
94 Worker 3 performing operation 1 on task 47
94 Worker 1 processing task 31 requiring operations [3]
94 Worker 1 forwarding task 31
94 Worker 2 processing task 43 requiring operations [10, 5, 6]
94 Worker 2 forwarding task 43
95 Worker 1 accepting task 17
95 Worker 2 accepting task 28
95 Worker 3 accepting task 47
95 Worker 4 accepting task 31
95 Worker 0 accepting task 43
95 Worker 0 processing task 37 requiring operations [5, 1]
95 Worker 0 performing operation 5 on task 37
95 Worker 4 processing task 30 requiring operations [3]
95 Worker 4 forwarding task 30
95 Worker 3 processing task 25 requiring operations [8]
95 Worker 3 performing operation 8 on task 25
95 Worker 1 processing task 17 requiring operations [10]
95 Worker 1 performing operation 10 on task 17
95 Worker 2 processing task 28 requiring operations [10]
95 Worker 2 forwarding task 28
96 Generated task 48
96 Worker 4 accepting task 48
96 Worker 0 accepting task 37
96 Worker 2 accepting task 30
96 Task 25 completed!
96 Task 17 completed!
96 Worker 4 accepting task 28
96 Worker 0 processing task 42 requiring operations [9, 4, 2]
96 Worker 0 performing operation 2 on task 42
96 Worker 4 processing task 39 requiring operations [3]
96 Worker 4 forwarding task 39
96 Worker 3 processing task 47 requiring operations [10, 6]
96 Worker 3 forwarding task 47
96 Worker 2 processing task 30 requiring operations [3]
96 Worker 2 performing operation 3 on task 30
97 Worker 0 accepting task 42
97 Worker 0 accepting task 39
97 Worker 4 accepting task 47
97 Task 30 completed!
97 Worker 0 processing task 20 requiring operations [3]
97 Worker 0 forwarding task 20
97 Worker 4 processing task 45 requiring operations [3, 4]
97 Worker 4 forwarding task 45
98 Generated task 49
98 Worker 4 accepting task 49
98 Worker 2 accepting task 20
98 Worker 3 accepting task 45
98 Worker 0 processing task 34 requiring operations [3, 4]
98 Worker 0 forwarding task 34
98 Worker 4 processing task 14 requiring operations [3]
98 Worker 4 forwarding task 14
98 Worker 2 processing task 20 requiring operations [3]
98 Worker 2 performing operation 3 on task 20
98 Worker 3 processing task 45 requiring operations [3, 4]
98 Worker 3 forwarding task 45
99 Worker 4 accepting task 34
99 Worker 3 accepting task 14
99 Task 20 completed!
99 Worker 4 accepting task 45
99 Worker 0 processing task 44 requiring operations [8, 5, 4]
99 Worker 0 performing operation 5 on task 44
99 Worker 4 processing task 29 requiring operations [10]
99 Worker 4 forwarding task 29
99 Worker 3 processing task 14 requiring operations [3]
99 Worker 3 forwarding task 14
100 Generated task 50
100 Worker 2 accepting task 50
100 Worker 0 accepting task 44
100 Worker 3 accepting task 29
100 Worker 0 accepting task 14
100 Worker 0 processing task 36 requiring operations [2]
100 Worker 0 performing operation 2 on task 36
100 Worker 4 processing task 31 requiring operations [3]
100 Worker 4 forwarding task 31
100 Worker 3 processing task 29 requiring operations [10]
100 Worker 3 forwarding task 29
100 Worker 2 processing task 50 requiring operations [6, 3, 10]
100 Worker 2 performing operation 3 on task 50
101 Task 36 completed!
101 Worker 0 accepting task 31
101 Worker 4 accepting task 29
101 Worker 2 accepting task 50
101 Worker 0 processing task 23 requiring operations [1]
101 Worker 0 forwarding task 23
101 Worker 4 processing task 48 requiring operations [4, 2, 7]
101 Worker 4 performing operation 7 on task 48
101 Worker 2 processing task 50 requiring operations [6, 10]
101 Worker 2 forwarding task 50
102 Generated task 51
102 Worker 4 accepting task 51
102 Worker 4 accepting task 23
102 Worker 4 accepting task 48
102 Worker 4 accepting task 50
102 Worker 0 processing task 38 requiring operations [2, 6]
102 Worker 0 performing operation 6 on task 38
102 Worker 4 processing task 28 requiring operations [10]
102 Worker 4 forwarding task 28
103 Worker 0 accepting task 38
103 Worker 1 accepting task 28
103 Worker 0 processing task 41 requiring operations [1, 6]
103 Worker 0 performing operation 6 on task 41
103 Worker 4 processing task 47 requiring operations [10, 6]
103 Worker 4 forwarding task 47
103 Worker 1 processing task 28 requiring operations [10]
103 Worker 1 performing operation 10 on task 28
104 Generated task 52
104 Worker 3 accepting task 52
104 Worker 0 accepting task 41
104 Worker 1 accepting task 47
104 Task 28 completed!
104 Worker 0 processing task 40 requiring operations [9]
104 Worker 0 forwarding task 40
104 Worker 4 processing task 49 requiring operations [10, 7, 1]
104 Worker 4 performing operation 7 on task 49
104 Worker 1 processing task 47 requiring operations [10, 6]
104 Worker 1 performing operation 10 on task 47
104 Worker 3 processing task 52 requiring operations [6, 7, 4]
104 Worker 3 forwarding task 52
105 Worker 4 accepting task 40
105 Worker 4 accepting task 49
105 Worker 1 accepting task 47
105 Worker 0 accepting task 52
105 Worker 0 processing task 46 requiring operations [10, 3, 7]
105 Worker 0 forwarding task 46
105 Worker 4 processing task 34 requiring operations [3, 4]
105 Worker 4 forwarding task 34
105 Worker 1 processing task 47 requiring operations [6]
105 Worker 1 forwarding task 47
106 Generated task 53
106 Worker 2 accepting task 53
106 Worker 3 accepting task 46
106 Worker 0 accepting task 34
106 Worker 4 accepting task 47
106 Worker 0 processing task 43 requiring operations [10, 5, 6]
106 Worker 0 performing operation 5 on task 43
106 Worker 4 processing task 45 requiring operations [3, 4]
106 Worker 4 forwarding task 45
106 Worker 2 processing task 53 requiring operations [6, 4, 5]
106 Worker 2 performing operation 4 on task 53
106 Worker 3 processing task 46 requiring operations [10, 3, 7]
106 Worker 3 forwarding task 46
107 Worker 0 accepting task 43
107 Worker 0 accepting task 45
107 Worker 2 accepting task 53
107 Worker 4 accepting task 46
107 Worker 0 processing task 37 requiring operations [1]
107 Worker 0 forwarding task 37
107 Worker 4 processing task 29 requiring operations [10]
107 Worker 4 forwarding task 29
107 Worker 2 processing task 53 requiring operations [6, 5]
107 Worker 2 forwarding task 53
108 Generated task 54
108 Worker 2 accepting task 54
108 Worker 3 accepting task 37
108 Worker 2 accepting task 29
108 Worker 4 accepting task 53
108 Worker 0 processing task 42 requiring operations [9, 4]
108 Worker 0 forwarding task 42
108 Worker 4 processing task 51 requiring operations [10, 6, 8]
108 Worker 4 performing operation 8 on task 51
108 Worker 2 processing task 54 requiring operations [5, 4, 1]
108 Worker 2 performing operation 4 on task 54
108 Worker 3 processing task 37 requiring operations [1]
108 Worker 3 performing operation 1 on task 37
109 Worker 4 accepting task 42
109 Worker 4 accepting task 51
109 Worker 2 accepting task 54
109 Task 37 completed!
109 Worker 0 processing task 39 requiring operations [3]
109 Worker 0 forwarding task 39
109 Worker 4 processing task 23 requiring operations [1]
109 Worker 4 forwarding task 23
109 Worker 2 processing task 29 requiring operations [10]
109 Worker 2 forwarding task 29
110 Generated task 55
110 Worker 2 accepting task 55
110 Worker 3 accepting task 39
110 Worker 3 accepting task 23
110 Worker 4 accepting task 29
110 Worker 0 processing task 44 requiring operations [8, 4]
110 Worker 0 forwarding task 44
110 Worker 4 processing task 48 requiring operations [4, 2]
110 Worker 4 forwarding task 48
110 Worker 2 processing task 54 requiring operations [5, 1]
110 Worker 2 forwarding task 54
110 Worker 3 processing task 39 requiring operations [3]
110 Worker 3 forwarding task 39
111 Worker 4 accepting task 44
111 Worker 2 accepting task 48
111 Worker 4 accepting task 54
111 Worker 0 accepting task 39
111 Worker 0 processing task 14 requiring operations [3]
111 Worker 0 forwarding task 14
111 Worker 4 processing task 50 requiring operations [6, 10]
111 Worker 4 forwarding task 50
111 Worker 2 processing task 55 requiring operations [9, 7, 3]
111 Worker 2 performing operation 3 on task 55
111 Worker 3 processing task 23 requiring operations [1]
111 Worker 3 performing operation 1 on task 23
112 Generated task 56
112 Worker 0 accepting task 56
112 Worker 2 accepting task 14
112 Worker 3 accepting task 50
112 Worker 2 accepting task 55
112 Task 23 completed!
112 Worker 0 processing task 31 requiring operations [3]
112 Worker 0 forwarding task 31
112 Worker 4 processing task 40 requiring operations [9]
112 Worker 4 forwarding task 40
112 Worker 2 processing task 48 requiring operations [4, 2]
112 Worker 2 performing operation 4 on task 48
112 Worker 3 processing task 50 requiring operations [6, 10]
112 Worker 3 forwarding task 50
113 Worker 1 accepting task 31
113 Worker 0 accepting task 40
113 Worker 2 accepting task 48
113 Worker 4 accepting task 50
113 Worker 0 processing task 38 requiring operations [2]
113 Worker 0 performing operation 2 on task 38
113 Worker 4 processing task 49 requiring operations [10, 1]
113 Worker 4 forwarding task 49
113 Worker 2 processing task 14 requiring operations [3]
113 Worker 2 performing operation 3 on task 14
113 Worker 1 processing task 31 requiring operations [3]
113 Worker 1 forwarding task 31
114 Generated task 57
114 Worker 4 accepting task 57
114 Task 38 completed!
114 Worker 1 accepting task 49
114 Task 14 completed!
114 Worker 0 accepting task 31
114 Worker 0 processing task 41 requiring operations [1]
114 Worker 0 forwarding task 41
114 Worker 4 processing task 47 requiring operations [6]
114 Worker 4 forwarding task 47
114 Worker 2 processing task 55 requiring operations [9, 7]
114 Worker 2 forwarding task 55
114 Worker 1 processing task 49 requiring operations [10, 1]
114 Worker 1 performing operation 10 on task 49
115 Worker 1 accepting task 41
115 Worker 0 accepting task 47
115 Worker 0 accepting task 55
115 Worker 1 accepting task 49
115 Worker 0 processing task 52 requiring operations [6, 7, 4]
115 Worker 0 performing operation 6 on task 52
115 Worker 4 processing task 46 requiring operations [10, 3, 7]
115 Worker 4 performing operation 7 on task 46
115 Worker 2 processing task 48 requiring operations [2]
115 Worker 2 forwarding task 48
115 Worker 1 processing task 41 requiring operations [1]
115 Worker 1 forwarding task 41
116 Generated task 58
116 Worker 3 accepting task 58
116 Worker 0 accepting task 52
116 Worker 4 accepting task 46
116 Worker 0 accepting task 48
116 Worker 0 accepting task 41
116 Worker 0 processing task 34 requiring operations [3, 4]
116 Worker 0 forwarding task 34
116 Worker 4 processing task 53 requiring operations [6, 5]
116 Worker 4 forwarding task 53
116 Worker 1 processing task 49 requiring operations [1]
116 Worker 1 forwarding task 49
116 Worker 3 processing task 58 requiring operations [8, 6, 7]
116 Worker 3 performing operation 8 on task 58
117 Worker 4 accepting task 34
117 Worker 2 accepting task 53
117 Worker 0 accepting task 49
117 Worker 3 accepting task 58
117 Worker 0 processing task 43 requiring operations [10, 6]
117 Worker 0 performing operation 6 on task 43
117 Worker 4 processing task 42 requiring operations [9, 4]
117 Worker 4 forwarding task 42
117 Worker 3 processing task 58 requiring operations [6, 7]
117 Worker 3 forwarding task 58
117 Worker 2 processing task 53 requiring operations [6, 5]
117 Worker 2 forwarding task 53
118 Generated task 59
118 Worker 3 accepting task 59
118 Worker 0 accepting task 43
118 Worker 0 accepting task 42
118 Worker 0 accepting task 58
118 Worker 4 accepting task 53
118 Worker 0 processing task 45 requiring operations [3, 4]
118 Worker 0 forwarding task 45
118 Worker 4 processing task 51 requiring operations [10, 6]
118 Worker 4 forwarding task 51
118 Worker 3 processing task 59 requiring operations [2, 4, 1]
118 Worker 3 performing operation 1 on task 59
119 Worker 4 accepting task 45
119 Worker 2 accepting task 51
119 Worker 3 accepting task 59
119 Worker 0 processing task 39 requiring operations [3]
119 Worker 0 forwarding task 39
119 Worker 4 processing task 29 requiring operations [10]
119 Worker 4 forwarding task 29
119 Worker 3 processing task 59 requiring operations [2, 4]
119 Worker 3 forwarding task 59
119 Worker 2 processing task 51 requiring operations [10, 6]
119 Worker 2 forwarding task 51
120 Generated task 60
120 Worker 4 accepting task 60
120 Worker 1 accepting task 39
120 Worker 2 accepting task 29
120 Worker 4 accepting task 59
120 Worker 4 accepting task 51
120 Worker 0 processing task 56 requiring operations [6, 3, 4]
120 Worker 0 performing operation 6 on task 56
120 Worker 4 processing task 44 requiring operations [8, 4]
120 Worker 4 performing operation 8 on task 44
120 Worker 2 processing task 29 requiring operations [10]
120 Worker 2 forwarding task 29
120 Worker 1 processing task 39 requiring operations [3]
120 Worker 1 forwarding task 39
121 Worker 0 accepting task 56
121 Worker 4 accepting task 44
121 Worker 0 accepting task 29
121 Worker 0 accepting task 39
121 Worker 0 processing task 40 requiring operations [9]
121 Worker 0 forwarding task 40
121 Worker 4 processing task 54 requiring operations [5, 1]
121 Worker 4 forwarding task 54
122 Generated task 61
122 Worker 3 accepting task 61
122 Worker 3 accepting task 40
122 Worker 1 accepting task 54
122 Worker 0 processing task 31 requiring operations [3]
122 Worker 0 forwarding task 31
122 Worker 4 processing task 50 requiring operations [6, 10]
122 Worker 4 forwarding task 50
122 Worker 3 processing task 61 requiring operations [9, 6, 2]
122 Worker 3 performing operation 9 on task 61
122 Worker 1 processing task 54 requiring operations [5, 1]
122 Worker 1 forwarding task 54
123 Worker 4 accepting task 31
123 Worker 2 accepting task 50
123 Worker 3 accepting task 61
123 Worker 4 accepting task 54
123 Worker 0 processing task 47 requiring operations [6]
123 Worker 0 performing operation 6 on task 47
123 Worker 4 processing task 57 requiring operations [2, 8, 3]
123 Worker 4 performing operation 8 on task 57
123 Worker 3 processing task 40 requiring operations [9]
123 Worker 3 performing operation 9 on task 40
123 Worker 2 processing task 50 requiring operations [6, 10]
123 Worker 2 forwarding task 50
124 Generated task 62
124 Worker 1 accepting task 62
124 Task 47 completed!
124 Worker 4 accepting task 57
124 Task 40 completed!
124 Worker 0 accepting task 50
124 Worker 0 processing task 55 requiring operations [9, 7]
124 Worker 0 forwarding task 55
124 Worker 4 processing task 46 requiring operations [10, 3]
124 Worker 4 forwarding task 46
124 Worker 3 processing task 61 requiring operations [6, 2]
124 Worker 3 forwarding task 61
124 Worker 1 processing task 62 requiring operations [10, 1, 6]
124 Worker 1 performing operation 10 on task 62
125 Worker 3 accepting task 55
125 Worker 1 accepting task 46
125 Worker 4 accepting task 61
125 Worker 1 accepting task 62
125 Worker 0 processing task 52 requiring operations [7, 4]
125 Worker 0 forwarding task 52
125 Worker 4 processing task 34 requiring operations [3, 4]
125 Worker 4 forwarding task 34
125 Worker 3 processing task 55 requiring operations [9, 7]
125 Worker 3 performing operation 9 on task 55
125 Worker 1 processing task 46 requiring operations [10, 3]
125 Worker 1 performing operation 10 on task 46
126 Generated task 63
126 Worker 3 accepting task 63
126 Worker 2 accepting task 52
126 Worker 2 accepting task 34
126 Worker 3 accepting task 55
126 Worker 1 accepting task 46
126 Worker 0 processing task 48 requiring operations [2]
126 Worker 0 performing operation 2 on task 48
126 Worker 4 processing task 53 requiring operations [6, 5]
126 Worker 4 forwarding task 53
126 Worker 3 processing task 63 requiring operations [1, 4, 6]
126 Worker 3 performing operation 1 on task 63
126 Worker 1 processing task 62 requiring operations [1, 6]
126 Worker 1 forwarding task 62
126 Worker 2 processing task 52 requiring operations [7, 4]
126 Worker 2 performing operation 4 on task 52
127 Task 48 completed!
127 Worker 2 accepting task 53
127 Worker 3 accepting task 63
127 Worker 4 accepting task 62
127 Worker 2 accepting task 52
127 Worker 0 processing task 41 requiring operations [1]
127 Worker 0 forwarding task 41
127 Worker 4 processing task 45 requiring operations [3, 4]
127 Worker 4 forwarding task 45
127 Worker 3 processing task 55 requiring operations [7]
127 Worker 3 forwarding task 55
127 Worker 1 processing task 46 requiring operations [3]
127 Worker 1 forwarding task 46
127 Worker 2 processing task 34 requiring operations [3, 4]
127 Worker 2 performing operation 4 on task 34
128 Generated task 64
128 Worker 0 accepting task 64
128 Worker 3 accepting task 41
128 Worker 2 accepting task 45
128 Worker 0 accepting task 55
128 Worker 0 accepting task 46
128 Worker 2 accepting task 34
128 Worker 0 processing task 49 requiring operations [1]
128 Worker 0 forwarding task 49
128 Worker 4 processing task 60 requiring operations [1, 7, 5]
128 Worker 4 performing operation 7 on task 60
128 Worker 3 processing task 63 requiring operations [4, 6]
128 Worker 3 forwarding task 63
128 Worker 2 processing task 53 requiring operations [6, 5]
128 Worker 2 forwarding task 53
129 Worker 4 accepting task 49
129 Worker 4 accepting task 60
129 Worker 0 accepting task 63
129 Worker 4 accepting task 53
129 Worker 0 processing task 43 requiring operations [10]
129 Worker 0 forwarding task 43
129 Worker 4 processing task 59 requiring operations [2, 4]
129 Worker 4 forwarding task 59
129 Worker 3 processing task 41 requiring operations [1]
129 Worker 3 performing operation 1 on task 41
129 Worker 2 processing task 52 requiring operations [7]
129 Worker 2 forwarding task 52
130 Generated task 65
130 Worker 2 accepting task 65
130 Worker 3 accepting task 43
130 Worker 0 accepting task 59
130 Task 41 completed!
130 Worker 4 accepting task 52
130 Worker 0 processing task 42 requiring operations [9, 4]
130 Worker 0 forwarding task 42
130 Worker 4 processing task 51 requiring operations [10, 6]
130 Worker 4 forwarding task 51
130 Worker 3 processing task 43 requiring operations [10]
130 Worker 3 forwarding task 43
130 Worker 2 processing task 45 requiring operations [3, 4]
130 Worker 2 performing operation 4 on task 45
131 Worker 3 accepting task 42
131 Worker 3 accepting task 51
131 Worker 0 accepting task 43
131 Worker 2 accepting task 45
131 Worker 0 processing task 58 requiring operations [6, 7]
131 Worker 0 performing operation 6 on task 58
131 Worker 4 processing task 44 requiring operations [4]
131 Worker 4 forwarding task 44
131 Worker 3 processing task 42 requiring operations [9, 4]
131 Worker 3 performing operation 9 on task 42
131 Worker 2 processing task 34 requiring operations [3]
131 Worker 2 performing operation 3 on task 34
132 Generated task 66
132 Worker 4 accepting task 66
132 Worker 0 accepting task 58
132 Worker 0 accepting task 44
132 Worker 3 accepting task 42
132 Task 34 completed!
132 Worker 0 processing task 56 requiring operations [3, 4]
132 Worker 0 forwarding task 56
132 Worker 4 processing task 31 requiring operations [3]
132 Worker 4 forwarding task 31
132 Worker 3 processing task 51 requiring operations [10, 6]
132 Worker 3 forwarding task 51
132 Worker 2 processing task 65 requiring operations [5, 7, 4]
132 Worker 2 performing operation 4 on task 65
133 Worker 3 accepting task 56
133 Worker 3 accepting task 31
133 Worker 0 accepting task 51
133 Worker 2 accepting task 65
133 Worker 0 processing task 29 requiring operations [10]
133 Worker 0 forwarding task 29
133 Worker 4 processing task 54 requiring operations [5, 1]
133 Worker 4 forwarding task 54
133 Worker 3 processing task 42 requiring operations [4]
133 Worker 3 forwarding task 42
133 Worker 2 processing task 45 requiring operations [3]
133 Worker 2 performing operation 3 on task 45
134 Generated task 67
134 Worker 2 accepting task 67
134 Worker 1 accepting task 29
134 Worker 3 accepting task 54
134 Worker 4 accepting task 42
134 Task 45 completed!
134 Worker 0 processing task 39 requiring operations [3]
134 Worker 0 forwarding task 39
134 Worker 4 processing task 57 requiring operations [2, 3]
134 Worker 4 forwarding task 57
134 Worker 3 processing task 56 requiring operations [3, 4]
134 Worker 3 forwarding task 56
134 Worker 2 processing task 65 requiring operations [5, 7]
134 Worker 2 forwarding task 65
134 Worker 1 processing task 29 requiring operations [10]
134 Worker 1 performing operation 10 on task 29
135 Worker 3 accepting task 39
135 Worker 1 accepting task 57
135 Worker 4 accepting task 56
135 Worker 0 accepting task 65
135 Task 29 completed!
135 Worker 0 processing task 50 requiring operations [6, 10]
135 Worker 0 performing operation 6 on task 50
135 Worker 4 processing task 61 requiring operations [6, 2]
135 Worker 4 forwarding task 61
135 Worker 3 processing task 31 requiring operations [3]
135 Worker 3 forwarding task 31
135 Worker 2 processing task 67 requiring operations [8, 3, 4]
135 Worker 2 performing operation 3 on task 67
135 Worker 1 processing task 57 requiring operations [2, 3]
135 Worker 1 performing operation 2 on task 57
136 Generated task 68
136 Worker 4 accepting task 68
136 Worker 0 accepting task 50
136 Worker 2 accepting task 61
136 Worker 4 accepting task 31
136 Worker 2 accepting task 67
136 Worker 1 accepting task 57
136 Worker 0 processing task 64 requiring operations [6, 5, 10]
136 Worker 0 performing operation 6 on task 64
136 Worker 4 processing task 62 requiring operations [1, 6]
136 Worker 4 forwarding task 62
136 Worker 3 processing task 54 requiring operations [5, 1]
136 Worker 3 performing operation 1 on task 54
136 Worker 2 processing task 61 requiring operations [6, 2]
136 Worker 2 forwarding task 61
136 Worker 1 processing task 57 requiring operations [3]
136 Worker 1 forwarding task 57
137 Worker 0 accepting task 64
137 Worker 1 accepting task 62
137 Worker 3 accepting task 54
137 Worker 4 accepting task 61
137 Worker 0 accepting task 57
137 Worker 0 processing task 55 requiring operations [7]
137 Worker 0 forwarding task 55
137 Worker 4 processing task 49 requiring operations [1]
137 Worker 4 forwarding task 49
137 Worker 3 processing task 39 requiring operations [3]
137 Worker 3 forwarding task 39
137 Worker 2 processing task 67 requiring operations [8, 4]
137 Worker 2 performing operation 4 on task 67
137 Worker 1 processing task 62 requiring operations [1, 6]
137 Worker 1 forwarding task 62
138 Generated task 69
138 Worker 0 accepting task 69
138 Worker 2 accepting task 55
138 Worker 0 accepting task 49
138 Worker 4 accepting task 39
138 Worker 2 accepting task 67
138 Worker 0 accepting task 62
138 Worker 0 processing task 46 requiring operations [3]
138 Worker 0 forwarding task 46
138 Worker 4 processing task 60 requiring operations [1, 5]
138 Worker 4 forwarding task 60
138 Worker 3 processing task 54 requiring operations [5]
138 Worker 3 forwarding task 54
138 Worker 2 processing task 55 requiring operations [7]
138 Worker 2 forwarding task 55
139 Worker 2 accepting task 46
139 Worker 2 accepting task 60
139 Worker 0 accepting task 54
139 Worker 0 accepting task 55
139 Worker 0 processing task 63 requiring operations [4, 6]
139 Worker 0 performing operation 6 on task 63
139 Worker 4 processing task 53 requiring operations [6, 5]
139 Worker 4 forwarding task 53
139 Worker 2 processing task 67 requiring operations [8]
139 Worker 2 forwarding task 67
140 Generated task 70
140 Worker 4 accepting task 70
140 Worker 0 accepting task 63
140 Worker 1 accepting task 53
140 Worker 0 accepting task 67
140 Worker 0 processing task 59 requiring operations [2, 4]
140 Worker 0 performing operation 2 on task 59
140 Worker 4 processing task 52 requiring operations [7]
140 Worker 4 performing operation 7 on task 52
140 Worker 2 processing task 46 requiring operations [3]
140 Worker 2 performing operation 3 on task 46
140 Worker 1 processing task 53 requiring operations [6, 5]
140 Worker 1 forwarding task 53
