Worker 0 can perform operations {6}
Worker 1 can perform operations {6}
Worker 2 can perform operations {1, 3, 5, 7, 9}
Worker 3 can perform operations {2, 10, 4, 5}
Worker 4 can perform operations {8, 6, 7}
Building network type random
Worker 0 connecting to worker 4
Worker 4 connecting to worker 0
Worker 0 connecting to worker 2
Worker 2 connecting to worker 0
Worker 1 connecting to worker 0
Worker 0 connecting to worker 1
Worker 1 connecting to worker 3
Worker 3 connecting to worker 1
Worker 2 connecting to worker 1
Worker 1 connecting to worker 2
Worker 3 connecting to worker 4
Worker 4 connecting to worker 3
Entry nodes are [0, 1, 2, 3, 4]
0 Generated task 0
0 Worker 2 accepting task 0
0 Worker 2 processing task 0 requiring operations [2, 10, 4]
0 Worker 2 forwarding task 0
1 Worker 1 accepting task 0
1 Worker 1 processing task 0 requiring operations [2, 10, 4]
1 Worker 1 forwarding task 0
2 Generated task 1
2 Worker 2 accepting task 1
2 Worker 0 accepting task 0
2 Worker 2 processing task 1 requiring operations [6, 2, 5]
2 Worker 2 performing operation 5 on task 1
2 Worker 0 processing task 0 requiring operations [2, 10, 4]
2 Worker 0 forwarding task 0
3 Worker 2 accepting task 1
3 Worker 4 accepting task 0
3 Worker 2 processing task 1 requiring operations [6, 2]
3 Worker 2 forwarding task 1
3 Worker 4 processing task 0 requiring operations [2, 10, 4]
3 Worker 4 forwarding task 0
4 Generated task 2
4 Worker 4 accepting task 2
4 Worker 1 accepting task 1
4 Worker 0 accepting task 0
4 Worker 4 processing task 2 requiring operations [6, 5, 7]
4 Worker 4 performing operation 6 on task 2
4 Worker 1 processing task 1 requiring operations [6, 2]
4 Worker 1 performing operation 6 on task 1
4 Worker 0 processing task 0 requiring operations [2, 10, 4]
4 Worker 0 forwarding task 0
5 Worker 4 accepting task 2
5 Worker 1 accepting task 1
5 Worker 4 accepting task 0
5 Worker 4 processing task 2 requiring operations [5, 7]
5 Worker 4 performing operation 7 on task 2
5 Worker 1 processing task 1 requiring operations [2]
5 Worker 1 forwarding task 1
6 Generated task 3
6 Worker 1 accepting task 3
6 Worker 4 accepting task 2
6 Worker 2 accepting task 1
6 Worker 4 processing task 0 requiring operations [2, 10, 4]
6 Worker 4 forwarding task 0
6 Worker 1 processing task 3 requiring operations [8, 3, 4]
6 Worker 1 forwarding task 3
6 Worker 2 processing task 1 requiring operations [2]
6 Worker 2 forwarding task 1
7 Worker 0 accepting task 0
7 Worker 3 accepting task 3
7 Worker 0 accepting task 1
7 Worker 4 processing task 2 requiring operations [5]
7 Worker 4 forwarding task 2
7 Worker 0 processing task 0 requiring operations [2, 10, 4]
7 Worker 0 forwarding task 0
7 Worker 3 processing task 3 requiring operations [8, 3, 4]
7 Worker 3 performing operation 4 on task 3
8 Generated task 4
8 Worker 2 accepting task 4
8 Worker 3 accepting task 2
8 Worker 2 accepting task 0
8 Worker 3 accepting task 3
8 Worker 0 processing task 1 requiring operations [2]
8 Worker 0 forwarding task 1
8 Worker 3 processing task 2 requiring operations [5]
8 Worker 3 performing operation 5 on task 2
8 Worker 2 processing task 4 requiring operations [4, 5, 6]
8 Worker 2 performing operation 5 on task 4
9 Worker 4 accepting task 1
9 Task 2 completed!
9 Worker 2 accepting task 4
9 Worker 3 processing task 3 requiring operations [8, 3]
9 Worker 3 forwarding task 3
9 Worker 2 processing task 0 requiring operations [2, 10, 4]
9 Worker 2 forwarding task 0
9 Worker 4 processing task 1 requiring operations [2]
9 Worker 4 forwarding task 1
10 Generated task 5
10 Worker 1 accepting task 5
10 Worker 1 accepting task 3
10 Worker 1 accepting task 0
10 Worker 0 accepting task 1
10 Worker 2 processing task 4 requiring operations [4, 6]
10 Worker 2 forwarding task 4
10 Worker 1 processing task 5 requiring operations [9, 5, 7]
10 Worker 1 forwarding task 5
10 Worker 0 processing task 1 requiring operations [2]
10 Worker 0 forwarding task 1
11 Worker 1 accepting task 4
11 Worker 0 accepting task 5
11 Worker 1 accepting task 1
11 Worker 1 processing task 3 requiring operations [8, 3]
11 Worker 1 forwarding task 3
11 Worker 0 processing task 5 requiring operations [9, 5, 7]
11 Worker 0 forwarding task 5
12 Generated task 6
12 Worker 4 accepting task 6
12 Worker 0 accepting task 3
12 Worker 1 accepting task 5
12 Worker 1 processing task 0 requiring operations [2, 10, 4]
12 Worker 1 forwarding task 0
12 Worker 0 processing task 3 requiring operations [8, 3]
12 Worker 0 forwarding task 3
12 Worker 4 processing task 6 requiring operations [5, 4, 9]
12 Worker 4 forwarding task 6
13 Worker 3 accepting task 0
13 Worker 2 accepting task 3
13 Worker 3 accepting task 6
13 Worker 1 processing task 4 requiring operations [4, 6]
13 Worker 1 performing operation 6 on task 4
13 Worker 3 processing task 0 requiring operations [2, 10, 4]
13 Worker 3 performing operation 2 on task 0
13 Worker 2 processing task 3 requiring operations [8, 3]
13 Worker 2 performing operation 3 on task 3
14 Generated task 7
14 Worker 2 accepting task 7
14 Worker 1 accepting task 4
14 Worker 3 accepting task 0
14 Worker 2 accepting task 3
14 Worker 1 processing task 1 requiring operations [2]
14 Worker 1 forwarding task 1
14 Worker 3 processing task 6 requiring operations [5, 4, 9]
14 Worker 3 performing operation 5 on task 6
14 Worker 2 processing task 7 requiring operations [4, 7, 6]
14 Worker 2 performing operation 7 on task 7
15 Worker 2 accepting task 1
15 Worker 3 accepting task 6
15 Worker 2 accepting task 7
15 Worker 1 processing task 5 requiring operations [9, 5, 7]
15 Worker 1 forwarding task 5
15 Worker 3 processing task 0 requiring operations [10, 4]
15 Worker 3 performing operation 4 on task 0
15 Worker 2 processing task 3 requiring operations [8]
15 Worker 2 forwarding task 3
16 Generated task 8
16 Worker 0 accepting task 8
16 Worker 3 accepting task 5
16 Worker 3 accepting task 0
16 Worker 1 accepting task 3
16 Worker 1 processing task 4 requiring operations [4]
16 Worker 1 forwarding task 4
16 Worker 3 processing task 6 requiring operations [4, 9]
16 Worker 3 performing operation 4 on task 6
16 Worker 2 processing task 1 requiring operations [2]
16 Worker 2 forwarding task 1
16 Worker 0 processing task 8 requiring operations [4, 7, 2]
16 Worker 0 forwarding task 8
17 Worker 2 accepting task 4
17 Worker 3 accepting task 6
17 Worker 0 accepting task 1
17 Worker 1 accepting task 8
17 Worker 1 processing task 3 requiring operations [8]
17 Worker 1 forwarding task 3
17 Worker 3 processing task 5 requiring operations [9, 5, 7]
17 Worker 3 performing operation 5 on task 5
17 Worker 2 processing task 7 requiring operations [4, 6]
17 Worker 2 forwarding task 7
17 Worker 0 processing task 1 requiring operations [2]
17 Worker 0 forwarding task 1
18 Generated task 9
18 Worker 2 accepting task 9
18 Worker 2 accepting task 3
18 Worker 3 accepting task 5
18 Worker 0 accepting task 7
18 Worker 4 accepting task 1
18 Worker 1 processing task 8 requiring operations [4, 7, 2]
18 Worker 1 forwarding task 8
18 Worker 3 processing task 0 requiring operations [10]
18 Worker 3 performing operation 10 on task 0
18 Worker 2 processing task 4 requiring operations [4]
18 Worker 2 forwarding task 4
18 Worker 0 processing task 7 requiring operations [4, 6]
18 Worker 0 performing operation 6 on task 7
18 Worker 4 processing task 1 requiring operations [2]
18 Worker 4 forwarding task 1
19 Worker 3 accepting task 8
19 Task 0 completed!
19 Worker 0 accepting task 4
19 Worker 0 accepting task 7
19 Worker 0 accepting task 1
19 Worker 3 processing task 6 requiring operations [9]
19 Worker 3 forwarding task 6
19 Worker 2 processing task 9 requiring operations [4, 2, 3]
19 Worker 2 performing operation 3 on task 9
19 Worker 0 processing task 4 requiring operations [4]
19 Worker 0 forwarding task 4
20 Generated task 10
20 Worker 0 accepting task 10
20 Worker 4 accepting task 6
20 Worker 2 accepting task 9
20 Worker 1 accepting task 4
20 Worker 3 processing task 5 requiring operations [9, 7]
20 Worker 3 forwarding task 5
20 Worker 2 processing task 3 requiring operations [8]
20 Worker 2 forwarding task 3
20 Worker 0 processing task 7 requiring operations [4]
20 Worker 0 forwarding task 7
20 Worker 4 processing task 6 requiring operations [9]
20 Worker 4 forwarding task 6
20 Worker 1 processing task 4 requiring operations [4]
20 Worker 1 forwarding task 4
21 Worker 1 accepting task 5
21 Worker 0 accepting task 3
21 Worker 2 accepting task 7
21 Worker 3 accepting task 6
21 Worker 3 accepting task 4
21 Worker 3 processing task 8 requiring operations [4, 7, 2]
21 Worker 3 performing operation 2 on task 8
21 Worker 2 processing task 9 requiring operations [4, 2]
21 Worker 2 forwarding task 9
21 Worker 0 processing task 1 requiring operations [2]
21 Worker 0 forwarding task 1
21 Worker 1 processing task 5 requiring operations [9, 7]
21 Worker 1 forwarding task 5
22 Generated task 11
22 Worker 1 accepting task 11
22 Worker 3 accepting task 8
22 Worker 0 accepting task 9
22 Worker 4 accepting task 1
22 Worker 3 accepting task 5
22 Worker 3 processing task 6 requiring operations [9]
22 Worker 3 forwarding task 6
22 Worker 2 processing task 7 requiring operations [4]
22 Worker 2 forwarding task 7
22 Worker 0 processing task 10 requiring operations [3, 2, 10]
22 Worker 0 forwarding task 10
22 Worker 1 processing task 11 requiring operations [7, 10, 9]
22 Worker 1 forwarding task 11
22 Worker 4 processing task 1 requiring operations [2]
22 Worker 4 forwarding task 1
23 Worker 4 accepting task 6
23 Worker 0 accepting task 7
23 Worker 4 accepting task 10
23 Worker 0 accepting task 11
23 Worker 3 accepting task 1
23 Worker 3 processing task 4 requiring operations [4]
23 Worker 3 performing operation 4 on task 4
23 Worker 0 processing task 3 requiring operations [8]
23 Worker 0 forwarding task 3
23 Worker 4 processing task 6 requiring operations [9]
23 Worker 4 forwarding task 6
24 Generated task 12
24 Worker 3 accepting task 12
24 Task 4 completed!
24 Worker 2 accepting task 3
24 Worker 0 accepting task 6
24 Worker 3 processing task 8 requiring operations [4, 7]
24 Worker 3 performing operation 4 on task 8
24 Worker 0 processing task 9 requiring operations [4, 2]
24 Worker 0 forwarding task 9
24 Worker 4 processing task 10 requiring operations [3, 2, 10]
24 Worker 4 forwarding task 10
24 Worker 2 processing task 3 requiring operations [8]
24 Worker 2 forwarding task 3
25 Worker 3 accepting task 8
25 Worker 2 accepting task 9
25 Worker 0 accepting task 10
25 Worker 1 accepting task 3
25 Worker 3 processing task 5 requiring operations [9, 7]
25 Worker 3 forwarding task 5
25 Worker 0 processing task 7 requiring operations [4]
25 Worker 0 forwarding task 7
25 Worker 2 processing task 9 requiring operations [4, 2]
25 Worker 2 forwarding task 9
25 Worker 1 processing task 3 requiring operations [8]
25 Worker 1 forwarding task 3
26 Generated task 13
26 Worker 2 accepting task 13
26 Worker 4 accepting task 5
26 Worker 4 accepting task 7
26 Worker 1 accepting task 9
26 Worker 0 accepting task 3
26 Worker 3 processing task 1 requiring operations [2]
26 Worker 3 performing operation 2 on task 1
26 Worker 0 processing task 11 requiring operations [7, 10, 9]
26 Worker 0 forwarding task 11
26 Worker 2 processing task 13 requiring operations [1, 8, 9]
26 Worker 2 performing operation 1 on task 13
26 Worker 1 processing task 9 requiring operations [4, 2]
26 Worker 1 forwarding task 9
26 Worker 4 processing task 5 requiring operations [9, 7]
26 Worker 4 performing operation 7 on task 5
27 Task 1 completed!
27 Worker 4 accepting task 11
27 Worker 2 accepting task 13
27 Worker 3 accepting task 9
27 Worker 4 accepting task 5
27 Worker 3 processing task 12 requiring operations [5, 1, 7]
27 Worker 3 performing operation 5 on task 12
27 Worker 0 processing task 6 requiring operations [9]
27 Worker 0 forwarding task 6
27 Worker 2 processing task 13 requiring operations [8, 9]
27 Worker 2 performing operation 9 on task 13
27 Worker 4 processing task 7 requiring operations [4]
27 Worker 4 forwarding task 7
28 Generated task 14
28 Worker 1 accepting task 14
28 Worker 3 accepting task 12
28 Worker 1 accepting task 6
28 Worker 2 accepting task 13
28 Worker 0 accepting task 7
28 Worker 3 processing task 8 requiring operations [7]
28 Worker 3 forwarding task 8
28 Worker 0 processing task 10 requiring operations [3, 2, 10]
28 Worker 0 forwarding task 10
28 Worker 2 processing task 13 requiring operations [8]
28 Worker 2 forwarding task 13
28 Worker 4 processing task 11 requiring operations [7, 10, 9]
28 Worker 4 performing operation 7 on task 11
28 Worker 1 processing task 14 requiring operations [6, 8, 7]
28 Worker 1 performing operation 6 on task 14
29 Worker 4 accepting task 8
29 Worker 4 accepting task 10
29 Worker 0 accepting task 13
29 Worker 4 accepting task 11
29 Worker 1 accepting task 14
29 Worker 3 processing task 9 requiring operations [4, 2]
29 Worker 3 performing operation 2 on task 9
29 Worker 0 processing task 3 requiring operations [8]
29 Worker 0 forwarding task 3
29 Worker 4 processing task 5 requiring operations [9]
29 Worker 4 forwarding task 5
29 Worker 1 processing task 6 requiring operations [9]
29 Worker 1 forwarding task 6
30 Generated task 15
30 Worker 3 accepting task 15
30 Worker 3 accepting task 9
30 Worker 2 accepting task 3
30 Worker 0 accepting task 5
30 Worker 3 accepting task 6
30 Worker 3 processing task 12 requiring operations [1, 7]
30 Worker 3 forwarding task 12
30 Worker 0 processing task 7 requiring operations [4]
30 Worker 0 forwarding task 7
30 Worker 4 processing task 8 requiring operations [7]
30 Worker 4 performing operation 7 on task 8
30 Worker 1 processing task 14 requiring operations [8, 7]
30 Worker 1 forwarding task 14
30 Worker 2 processing task 3 requiring operations [8]
30 Worker 2 forwarding task 3
31 Worker 1 accepting task 12
31 Worker 2 accepting task 7
31 Task 8 completed!
31 Worker 2 accepting task 14
31 Worker 0 accepting task 3
31 Worker 3 processing task 15 requiring operations [3, 10, 9]
31 Worker 3 performing operation 10 on task 15
31 Worker 0 processing task 13 requiring operations [8]
31 Worker 0 forwarding task 13
31 Worker 4 processing task 10 requiring operations [3, 2, 10]
31 Worker 4 forwarding task 10
31 Worker 1 processing task 12 requiring operations [1, 7]
31 Worker 1 forwarding task 12
31 Worker 2 processing task 7 requiring operations [4]
31 Worker 2 forwarding task 7
32 Generated task 16
32 Worker 3 accepting task 16
32 Worker 3 accepting task 15
32 Worker 2 accepting task 13
32 Worker 3 accepting task 10
32 Worker 2 accepting task 12
32 Worker 0 accepting task 7
32 Worker 3 processing task 9 requiring operations [4]
32 Worker 3 performing operation 4 on task 9
32 Worker 0 processing task 5 requiring operations [9]
32 Worker 0 forwarding task 5
32 Worker 4 processing task 11 requiring operations [10, 9]
32 Worker 4 forwarding task 11
32 Worker 2 processing task 14 requiring operations [8, 7]
32 Worker 2 performing operation 7 on task 14
33 Task 9 completed!
33 Worker 1 accepting task 5
33 Worker 0 accepting task 11
33 Worker 2 accepting task 14
33 Worker 3 processing task 6 requiring operations [9]
33 Worker 3 forwarding task 6
33 Worker 0 processing task 3 requiring operations [8]
33 Worker 0 forwarding task 3
33 Worker 2 processing task 13 requiring operations [8]
33 Worker 2 forwarding task 13
33 Worker 1 processing task 5 requiring operations [9]
33 Worker 1 forwarding task 5
34 Generated task 17
34 Worker 0 accepting task 17
34 Worker 4 accepting task 6
34 Worker 1 accepting task 3
34 Worker 1 accepting task 13
34 Worker 3 accepting task 5
34 Worker 3 processing task 16 requiring operations [9, 10, 7]
34 Worker 3 performing operation 10 on task 16
34 Worker 0 processing task 7 requiring operations [4]
34 Worker 0 forwarding task 7
34 Worker 2 processing task 12 requiring operations [1, 7]
34 Worker 2 performing operation 7 on task 12
34 Worker 1 processing task 3 requiring operations [8]
34 Worker 1 forwarding task 3
34 Worker 4 processing task 6 requiring operations [9]
34 Worker 4 forwarding task 6
35 Worker 3 accepting task 16
35 Worker 2 accepting task 7
35 Worker 2 accepting task 12
35 Worker 2 accepting task 3
35 Worker 3 accepting task 6
35 Worker 3 processing task 15 requiring operations [3, 9]
35 Worker 3 forwarding task 15
35 Worker 0 processing task 11 requiring operations [10, 9]
35 Worker 0 forwarding task 11
35 Worker 2 processing task 14 requiring operations [8]
35 Worker 2 forwarding task 14
35 Worker 1 processing task 13 requiring operations [8]
35 Worker 1 forwarding task 13
36 Generated task 18
36 Worker 0 accepting task 18
36 Worker 4 accepting task 15
36 Worker 1 accepting task 11
36 Worker 0 accepting task 14
36 Worker 3 accepting task 13
36 Worker 3 processing task 10 requiring operations [3, 2, 10]
36 Worker 3 performing operation 10 on task 10
36 Worker 0 processing task 17 requiring operations [7, 2, 8]
36 Worker 0 forwarding task 17
36 Worker 2 processing task 7 requiring operations [4]
36 Worker 2 forwarding task 7
36 Worker 1 processing task 11 requiring operations [10, 9]
36 Worker 1 forwarding task 11
36 Worker 4 processing task 15 requiring operations [3, 9]
36 Worker 4 forwarding task 15
37 Worker 3 accepting task 10
37 Worker 4 accepting task 17
37 Worker 1 accepting task 7
37 Worker 3 accepting task 11
37 Worker 3 accepting task 15
37 Worker 3 processing task 5 requiring operations [9]
37 Worker 3 forwarding task 5
37 Worker 0 processing task 18 requiring operations [2, 3, 9]
37 Worker 0 forwarding task 18
37 Worker 2 processing task 12 requiring operations [1]
37 Worker 2 performing operation 1 on task 12
37 Worker 1 processing task 7 requiring operations [4]
37 Worker 1 forwarding task 7
37 Worker 4 processing task 17 requiring operations [7, 2, 8]
37 Worker 4 performing operation 7 on task 17
38 Generated task 19
38 Worker 1 accepting task 19
38 Worker 4 accepting task 5
38 Worker 1 accepting task 18
38 Task 12 completed!
38 Worker 3 accepting task 7
38 Worker 4 accepting task 17
38 Worker 3 processing task 16 requiring operations [9, 7]
38 Worker 3 forwarding task 16
38 Worker 0 processing task 14 requiring operations [8]
38 Worker 0 forwarding task 14
38 Worker 2 processing task 3 requiring operations [8]
38 Worker 2 forwarding task 3
38 Worker 1 processing task 19 requiring operations [3, 9, 8]
38 Worker 1 forwarding task 19
38 Worker 4 processing task 5 requiring operations [9]
38 Worker 4 forwarding task 5
39 Worker 4 accepting task 16
39 Worker 4 accepting task 14
39 Worker 0 accepting task 3
39 Worker 3 accepting task 19
39 Worker 0 accepting task 5
39 Worker 3 processing task 6 requiring operations [9]
39 Worker 3 forwarding task 6
39 Worker 1 processing task 18 requiring operations [2, 3, 9]
39 Worker 1 forwarding task 18
39 Worker 4 processing task 17 requiring operations [2, 8]
39 Worker 4 performing operation 8 on task 17
39 Worker 0 processing task 3 requiring operations [8]
39 Worker 0 forwarding task 3
40 Generated task 20
40 Worker 4 accepting task 20
40 Worker 1 accepting task 6
40 Worker 2 accepting task 18
40 Worker 4 accepting task 17
40 Worker 1 accepting task 3
40 Worker 3 processing task 13 requiring operations [8]
40 Worker 3 forwarding task 13
40 Worker 1 processing task 6 requiring operations [9]
40 Worker 1 forwarding task 6
40 Worker 4 processing task 16 requiring operations [9, 7]
40 Worker 4 performing operation 7 on task 16
40 Worker 0 processing task 5 requiring operations [9]
40 Worker 0 forwarding task 5
40 Worker 2 processing task 18 requiring operations [2, 3, 9]
40 Worker 2 performing operation 3 on task 18
41 Worker 4 accepting task 13
41 Worker 2 accepting task 6
41 Worker 4 accepting task 16
41 Worker 4 accepting task 5
41 Worker 2 accepting task 18
41 Worker 3 processing task 10 requiring operations [3, 2]
41 Worker 3 performing operation 2 on task 10
41 Worker 1 processing task 3 requiring operations [8]
41 Worker 1 forwarding task 3
41 Worker 4 processing task 14 requiring operations [8]
41 Worker 4 performing operation 8 on task 14
41 Worker 2 processing task 6 requiring operations [9]
41 Worker 2 performing operation 9 on task 6
42 Generated task 21
42 Worker 2 accepting task 21
42 Worker 3 accepting task 10
42 Worker 3 accepting task 3
42 Task 14 completed!
42 Task 6 completed!
42 Worker 3 processing task 11 requiring operations [10, 9]
42 Worker 3 performing operation 10 on task 11
42 Worker 4 processing task 20 requiring operations [5, 6, 4]
42 Worker 4 performing operation 6 on task 20
42 Worker 2 processing task 18 requiring operations [2, 9]
42 Worker 2 performing operation 9 on task 18
43 Worker 3 accepting task 11
43 Worker 4 accepting task 20
43 Worker 2 accepting task 18
43 Worker 3 processing task 15 requiring operations [3, 9]
43 Worker 3 forwarding task 15
43 Worker 4 processing task 17 requiring operations [2]
43 Worker 4 forwarding task 17
43 Worker 2 processing task 21 requiring operations [1, 7, 9]
43 Worker 2 performing operation 1 on task 21
44 Generated task 22
44 Worker 4 accepting task 22
44 Worker 4 accepting task 15
44 Worker 3 accepting task 17
44 Worker 2 accepting task 21
44 Worker 3 processing task 7 requiring operations [4]
44 Worker 3 performing operation 4 on task 7
44 Worker 4 processing task 13 requiring operations [8]
44 Worker 4 performing operation 8 on task 13
44 Worker 2 processing task 18 requiring operations [2]
44 Worker 2 forwarding task 18
45 Task 7 completed!
45 Task 13 completed!
45 Worker 0 accepting task 18
45 Worker 3 processing task 19 requiring operations [3, 9, 8]
45 Worker 3 forwarding task 19
45 Worker 4 processing task 16 requiring operations [9]
45 Worker 4 forwarding task 16
45 Worker 2 processing task 21 requiring operations [7, 9]
45 Worker 2 performing operation 7 on task 21
45 Worker 0 processing task 18 requiring operations [2]
45 Worker 0 forwarding task 18
46 Generated task 23
46 Worker 0 accepting task 23
46 Worker 1 accepting task 19
46 Worker 3 accepting task 16
46 Worker 2 accepting task 21
46 Worker 4 accepting task 18
46 Worker 3 processing task 10 requiring operations [3]
46 Worker 3 forwarding task 10
46 Worker 4 processing task 5 requiring operations [9]
46 Worker 4 forwarding task 5
46 Worker 2 processing task 21 requiring operations [9]
46 Worker 2 performing operation 9 on task 21
46 Worker 0 processing task 23 requiring operations [1, 5, 2]
46 Worker 0 forwarding task 23
46 Worker 1 processing task 19 requiring operations [3, 9, 8]
46 Worker 1 forwarding task 19
47 Worker 1 accepting task 10
47 Worker 0 accepting task 5
47 Task 21 completed!
47 Worker 1 accepting task 23
47 Worker 2 accepting task 19
47 Worker 3 processing task 3 requiring operations [8]
47 Worker 3 forwarding task 3
47 Worker 4 processing task 20 requiring operations [5, 4]
47 Worker 4 forwarding task 20
47 Worker 0 processing task 5 requiring operations [9]
47 Worker 0 forwarding task 5
47 Worker 1 processing task 10 requiring operations [3]
47 Worker 1 forwarding task 10
47 Worker 2 processing task 19 requiring operations [3, 9, 8]
47 Worker 2 performing operation 3 on task 19
48 Generated task 24
48 Worker 2 accepting task 24
48 Worker 4 accepting task 3
48 Worker 3 accepting task 20
48 Worker 1 accepting task 5
48 Worker 3 accepting task 10
48 Worker 2 accepting task 19
48 Worker 3 processing task 11 requiring operations [9]
48 Worker 3 forwarding task 11
48 Worker 4 processing task 22 requiring operations [7, 2, 4]
48 Worker 4 performing operation 7 on task 22
48 Worker 1 processing task 23 requiring operations [1, 5, 2]
48 Worker 1 forwarding task 23
48 Worker 2 processing task 24 requiring operations [3, 7, 2]
48 Worker 2 performing operation 3 on task 24
49 Worker 4 accepting task 11
49 Worker 4 accepting task 22
49 Worker 2 accepting task 23
49 Worker 2 accepting task 24
49 Worker 3 processing task 17 requiring operations [2]
49 Worker 3 performing operation 2 on task 17
49 Worker 4 processing task 15 requiring operations [3, 9]
49 Worker 4 forwarding task 15
49 Worker 1 processing task 5 requiring operations [9]
49 Worker 1 forwarding task 5
49 Worker 2 processing task 19 requiring operations [9, 8]
49 Worker 2 performing operation 9 on task 19
50 Generated task 25
50 Worker 1 accepting task 25
50 Task 17 completed!
50 Worker 3 accepting task 15
50 Worker 3 accepting task 5
50 Worker 2 accepting task 19
50 Worker 3 processing task 16 requiring operations [9]
50 Worker 3 forwarding task 16
50 Worker 4 processing task 18 requiring operations [2]
50 Worker 4 forwarding task 18
50 Worker 1 processing task 25 requiring operations [10, 5, 3]
50 Worker 1 forwarding task 25
50 Worker 2 processing task 23 requiring operations [1, 5, 2]
50 Worker 2 performing operation 5 on task 23
51 Worker 4 accepting task 16
51 Worker 0 accepting task 18
51 Worker 0 accepting task 25
51 Worker 2 accepting task 23
51 Worker 3 processing task 20 requiring operations [5, 4]
51 Worker 3 performing operation 5 on task 20
51 Worker 4 processing task 3 requiring operations [8]
51 Worker 4 performing operation 8 on task 3
51 Worker 2 processing task 24 requiring operations [7, 2]
51 Worker 2 performing operation 7 on task 24
51 Worker 0 processing task 18 requiring operations [2]
51 Worker 0 forwarding task 18
52 Generated task 26
52 Worker 0 accepting task 26
52 Worker 3 accepting task 20
52 Task 3 completed!
52 Worker 2 accepting task 24
52 Worker 4 accepting task 18
52 Worker 3 processing task 10 requiring operations [3]
52 Worker 3 forwarding task 10
52 Worker 4 processing task 11 requiring operations [9]
52 Worker 4 forwarding task 11
52 Worker 2 processing task 19 requiring operations [8]
52 Worker 2 forwarding task 19
52 Worker 0 processing task 25 requiring operations [10, 5, 3]
52 Worker 0 forwarding task 25
53 Worker 1 accepting task 10
53 Worker 3 accepting task 11
53 Worker 0 accepting task 19
53 Worker 4 accepting task 25
53 Worker 3 processing task 15 requiring operations [3, 9]
53 Worker 3 forwarding task 15
53 Worker 4 processing task 22 requiring operations [2, 4]
53 Worker 4 forwarding task 22
53 Worker 2 processing task 23 requiring operations [1, 2]
53 Worker 2 performing operation 1 on task 23
53 Worker 0 processing task 26 requiring operations [7, 2, 8]
53 Worker 0 forwarding task 26
53 Worker 1 processing task 10 requiring operations [3]
53 Worker 1 forwarding task 10
54 Generated task 27
54 Worker 0 accepting task 27
54 Worker 4 accepting task 15
54 Worker 3 accepting task 22
54 Worker 2 accepting task 23
54 Worker 2 accepting task 26
54 Worker 3 accepting task 10
54 Worker 3 processing task 5 requiring operations [9]
54 Worker 3 forwarding task 5
54 Worker 4 processing task 16 requiring operations [9]
54 Worker 4 forwarding task 16
54 Worker 2 processing task 24 requiring operations [2]
54 Worker 2 forwarding task 24
54 Worker 0 processing task 19 requiring operations [8]
54 Worker 0 forwarding task 19
55 Worker 4 accepting task 5
55 Worker 0 accepting task 16
55 Worker 0 accepting task 24
55 Worker 2 accepting task 19
55 Worker 3 processing task 20 requiring operations [4]
55 Worker 3 performing operation 4 on task 20
55 Worker 4 processing task 18 requiring operations [2]
55 Worker 4 forwarding task 18
55 Worker 2 processing task 23 requiring operations [2]
55 Worker 2 forwarding task 23
55 Worker 0 processing task 27 requiring operations [6, 7, 3]
55 Worker 0 performing operation 6 on task 27
56 Generated task 28
56 Worker 2 accepting task 28
56 Task 20 completed!
56 Worker 0 accepting task 18
56 Worker 1 accepting task 23
56 Worker 0 accepting task 27
56 Worker 3 processing task 11 requiring operations [9]
56 Worker 3 forwarding task 11
56 Worker 4 processing task 25 requiring operations [10, 5, 3]
56 Worker 4 forwarding task 25
56 Worker 2 processing task 26 requiring operations [7, 2, 8]
56 Worker 2 performing operation 7 on task 26
56 Worker 0 processing task 16 requiring operations [9]
56 Worker 0 forwarding task 16
56 Worker 1 processing task 23 requiring operations [2]
56 Worker 1 forwarding task 23
57 Worker 4 accepting task 11
57 Worker 3 accepting task 25
57 Worker 2 accepting task 26
57 Worker 4 accepting task 16
57 Worker 2 accepting task 23
57 Worker 3 processing task 22 requiring operations [2, 4]
57 Worker 3 performing operation 4 on task 22
57 Worker 4 processing task 15 requiring operations [3, 9]
57 Worker 4 forwarding task 15
57 Worker 2 processing task 19 requiring operations [8]
57 Worker 2 forwarding task 19
57 Worker 0 processing task 24 requiring operations [2]
57 Worker 0 forwarding task 24
58 Generated task 29
58 Worker 0 accepting task 29
58 Worker 3 accepting task 22
58 Worker 0 accepting task 15
58 Worker 1 accepting task 19
58 Worker 2 accepting task 24
58 Worker 3 processing task 10 requiring operations [3]
58 Worker 3 forwarding task 10
58 Worker 4 processing task 5 requiring operations [9]
58 Worker 4 forwarding task 5
58 Worker 2 processing task 28 requiring operations [3, 6, 10]
58 Worker 2 performing operation 3 on task 28
58 Worker 0 processing task 18 requiring operations [2]
58 Worker 0 forwarding task 18
58 Worker 1 processing task 19 requiring operations [8]
58 Worker 1 forwarding task 19
59 Worker 4 accepting task 10
59 Worker 3 accepting task 5
59 Worker 2 accepting task 28
59 Worker 1 accepting task 18
59 Worker 3 accepting task 19
59 Worker 3 processing task 25 requiring operations [10, 5, 3]
59 Worker 3 performing operation 5 on task 25
59 Worker 4 processing task 11 requiring operations [9]
59 Worker 4 forwarding task 11
59 Worker 2 processing task 26 requiring operations [2, 8]
59 Worker 2 forwarding task 26
59 Worker 0 processing task 27 requiring operations [7, 3]
59 Worker 0 forwarding task 27
59 Worker 1 processing task 18 requiring operations [2]
59 Worker 1 forwarding task 18
60 Generated task 30
60 Worker 2 accepting task 30
60 Worker 3 accepting task 25
60 Worker 3 accepting task 11
60 Worker 1 accepting task 26
60 Worker 1 accepting task 27
60 Worker 0 accepting task 18
60 Worker 3 processing task 22 requiring operations [2]
60 Worker 3 performing operation 2 on task 22
60 Worker 4 processing task 16 requiring operations [9]
60 Worker 4 forwarding task 16
60 Worker 2 processing task 23 requiring operations [2]
60 Worker 2 forwarding task 23
60 Worker 0 processing task 29 requiring operations [10, 8, 9]
60 Worker 0 forwarding task 29
60 Worker 1 processing task 26 requiring operations [2, 8]
60 Worker 1 forwarding task 26
61 Task 22 completed!
61 Worker 3 accepting task 16
61 Worker 0 accepting task 23
61 Worker 4 accepting task 29
61 Worker 2 accepting task 26
61 Worker 3 processing task 5 requiring operations [9]
61 Worker 3 forwarding task 5
61 Worker 4 processing task 10 requiring operations [3]
61 Worker 4 forwarding task 10
61 Worker 2 processing task 24 requiring operations [2]
61 Worker 2 forwarding task 24
61 Worker 0 processing task 15 requiring operations [3, 9]
61 Worker 0 forwarding task 15
61 Worker 1 processing task 27 requiring operations [7, 3]
61 Worker 1 forwarding task 27
62 Generated task 31
62 Worker 3 accepting task 31
62 Worker 1 accepting task 5
62 Worker 0 accepting task 10
62 Worker 1 accepting task 24
62 Worker 4 accepting task 15
62 Worker 0 accepting task 27
62 Worker 3 processing task 19 requiring operations [8]
62 Worker 3 forwarding task 19
62 Worker 4 processing task 29 requiring operations [10, 8, 9]
62 Worker 4 performing operation 8 on task 29
62 Worker 2 processing task 28 requiring operations [6, 10]
62 Worker 2 forwarding task 28
62 Worker 0 processing task 18 requiring operations [2]
62 Worker 0 forwarding task 18
62 Worker 1 processing task 5 requiring operations [9]
62 Worker 1 forwarding task 5
63 Worker 4 accepting task 19
63 Worker 4 accepting task 29
63 Worker 1 accepting task 28
63 Worker 2 accepting task 18
63 Worker 3 accepting task 5
63 Worker 3 processing task 25 requiring operations [10, 3]
63 Worker 3 performing operation 10 on task 25
63 Worker 4 processing task 15 requiring operations [3, 9]
63 Worker 4 forwarding task 15
63 Worker 2 processing task 30 requiring operations [1, 8, 10]
63 Worker 2 performing operation 1 on task 30
63 Worker 0 processing task 23 requiring operations [2]
63 Worker 0 forwarding task 23
63 Worker 1 processing task 24 requiring operations [2]
63 Worker 1 forwarding task 24
64 Generated task 32
64 Worker 4 accepting task 32
64 Worker 3 accepting task 25
64 Worker 0 accepting task 15
64 Worker 2 accepting task 30
64 Worker 4 accepting task 23
64 Worker 3 accepting task 24
64 Worker 3 processing task 11 requiring operations [9]
64 Worker 3 forwarding task 11
64 Worker 4 processing task 19 requiring operations [8]
64 Worker 4 performing operation 8 on task 19
64 Worker 2 processing task 26 requiring operations [2, 8]
64 Worker 2 forwarding task 26
64 Worker 0 processing task 10 requiring operations [3]
64 Worker 0 forwarding task 10
64 Worker 1 processing task 28 requiring operations [6, 10]
64 Worker 1 performing operation 6 on task 28
65 Worker 1 accepting task 11
65 Task 19 completed!
65 Worker 0 accepting task 26
65 Worker 4 accepting task 10
65 Worker 1 accepting task 28
65 Worker 3 processing task 16 requiring operations [9]
65 Worker 3 forwarding task 16
65 Worker 4 processing task 29 requiring operations [10, 9]
65 Worker 4 forwarding task 29
65 Worker 2 processing task 18 requiring operations [2]
65 Worker 2 forwarding task 18
65 Worker 0 processing task 27 requiring operations [7, 3]
65 Worker 0 forwarding task 27
65 Worker 1 processing task 11 requiring operations [9]
65 Worker 1 forwarding task 11
66 Generated task 33
66 Worker 4 accepting task 33
66 Worker 4 accepting task 16
66 Worker 0 accepting task 29
66 Worker 0 accepting task 18
66 Worker 4 accepting task 27
66 Worker 0 accepting task 11
66 Worker 3 processing task 31 requiring operations [6, 7, 3]
66 Worker 3 forwarding task 31
66 Worker 4 processing task 32 requiring operations [10, 7, 8]
66 Worker 4 performing operation 8 on task 32
66 Worker 2 processing task 30 requiring operations [8, 10]
66 Worker 2 forwarding task 30
66 Worker 0 processing task 15 requiring operations [3, 9]
66 Worker 0 forwarding task 15
66 Worker 1 processing task 28 requiring operations [10]
66 Worker 1 forwarding task 28
67 Worker 1 accepting task 31
67 Worker 4 accepting task 32
67 Worker 1 accepting task 30
67 Worker 2 accepting task 15
67 Worker 2 accepting task 28
67 Worker 3 processing task 5 requiring operations [9]
67 Worker 3 forwarding task 5
67 Worker 4 processing task 23 requiring operations [2]
67 Worker 4 forwarding task 23
67 Worker 0 processing task 26 requiring operations [2, 8]
67 Worker 0 forwarding task 26
67 Worker 1 processing task 31 requiring operations [6, 7, 3]
67 Worker 1 performing operation 6 on task 31
67 Worker 2 processing task 15 requiring operations [3, 9]
67 Worker 2 performing operation 3 on task 15
68 Generated task 34
68 Worker 2 accepting task 34
68 Worker 4 accepting task 5
68 Worker 0 accepting task 23
68 Worker 2 accepting task 26
68 Worker 1 accepting task 31
68 Worker 2 accepting task 15
68 Worker 3 processing task 25 requiring operations [3]
68 Worker 3 forwarding task 25
68 Worker 4 processing task 10 requiring operations [3]
68 Worker 4 forwarding task 10
68 Worker 0 processing task 29 requiring operations [10, 9]
68 Worker 0 forwarding task 29
68 Worker 1 processing task 30 requiring operations [8, 10]
68 Worker 1 forwarding task 30
68 Worker 2 processing task 28 requiring operations [10]
68 Worker 2 forwarding task 28
69 Worker 1 accepting task 25
69 Worker 0 accepting task 10
69 Worker 4 accepting task 29
69 Worker 3 accepting task 30
69 Worker 0 accepting task 28
69 Worker 3 processing task 24 requiring operations [2]
69 Worker 3 performing operation 2 on task 24
69 Worker 4 processing task 33 requiring operations [10, 9, 4]
69 Worker 4 forwarding task 33
69 Worker 0 processing task 18 requiring operations [2]
69 Worker 0 forwarding task 18
69 Worker 1 processing task 31 requiring operations [7, 3]
69 Worker 1 forwarding task 31
69 Worker 2 processing task 34 requiring operations [2, 10, 5]
69 Worker 2 performing operation 5 on task 34
70 Generated task 35
70 Worker 3 accepting task 35
70 Task 24 completed!
70 Worker 0 accepting task 33
70 Worker 2 accepting task 18
70 Worker 0 accepting task 31
70 Worker 2 accepting task 34
70 Worker 3 processing task 30 requiring operations [8, 10]
70 Worker 3 performing operation 10 on task 30
70 Worker 4 processing task 16 requiring operations [9]
70 Worker 4 forwarding task 16
70 Worker 0 processing task 11 requiring operations [9]
70 Worker 0 forwarding task 11
70 Worker 1 processing task 25 requiring operations [3]
70 Worker 1 forwarding task 25
70 Worker 2 processing task 26 requiring operations [2, 8]
70 Worker 2 forwarding task 26
71 Worker 3 accepting task 30
71 Worker 3 accepting task 16
71 Worker 2 accepting task 11
71 Worker 0 accepting task 25
71 Worker 1 accepting task 26
71 Worker 3 processing task 35 requiring operations [5, 10, 9]
71 Worker 3 performing operation 10 on task 35
71 Worker 4 processing task 27 requiring operations [7, 3]
71 Worker 4 performing operation 7 on task 27
71 Worker 0 processing task 23 requiring operations [2]
71 Worker 0 forwarding task 23
71 Worker 2 processing task 15 requiring operations [9]
71 Worker 2 performing operation 9 on task 15
71 Worker 1 processing task 26 requiring operations [2, 8]
71 Worker 1 forwarding task 26
72 Generated task 36
72 Worker 2 accepting task 36
72 Worker 3 accepting task 35
72 Worker 4 accepting task 27
72 Worker 1 accepting task 23
72 Task 15 completed!
72 Worker 0 accepting task 26
72 Worker 3 processing task 30 requiring operations [8]
72 Worker 3 forwarding task 30
72 Worker 4 processing task 32 requiring operations [10, 7]
72 Worker 4 performing operation 7 on task 32
72 Worker 0 processing task 10 requiring operations [3]
72 Worker 0 forwarding task 10
72 Worker 2 processing task 18 requiring operations [2]
72 Worker 2 forwarding task 18
72 Worker 1 processing task 23 requiring operations [2]
72 Worker 1 forwarding task 23
73 Worker 4 accepting task 30
73 Worker 4 accepting task 32
73 Worker 4 accepting task 10
73 Worker 0 accepting task 18
73 Worker 0 accepting task 23
73 Worker 3 processing task 16 requiring operations [9]
73 Worker 3 forwarding task 16
73 Worker 4 processing task 5 requiring operations [9]
73 Worker 4 forwarding task 5
73 Worker 0 processing task 28 requiring operations [10]
73 Worker 0 forwarding task 28
73 Worker 2 processing task 34 requiring operations [2, 10]
73 Worker 2 forwarding task 34
74 Generated task 37
74 Worker 3 accepting task 37
74 Worker 4 accepting task 16
74 Worker 3 accepting task 5
74 Worker 2 accepting task 28
74 Worker 0 accepting task 34
74 Worker 3 processing task 35 requiring operations [5, 9]
74 Worker 3 performing operation 5 on task 35
74 Worker 4 processing task 29 requiring operations [10, 9]
74 Worker 4 forwarding task 29
74 Worker 0 processing task 33 requiring operations [10, 9, 4]
74 Worker 0 forwarding task 33
74 Worker 2 processing task 11 requiring operations [9]
74 Worker 2 performing operation 9 on task 11
75 Worker 3 accepting task 35
75 Worker 3 accepting task 29
75 Worker 1 accepting task 33
75 Task 11 completed!
75 Worker 3 processing task 37 requiring operations [3, 8, 9]
75 Worker 3 forwarding task 37
75 Worker 4 processing task 27 requiring operations [3]
75 Worker 4 forwarding task 27
75 Worker 0 processing task 31 requiring operations [7, 3]
75 Worker 0 forwarding task 31
75 Worker 2 processing task 36 requiring operations [2, 7, 4]
75 Worker 2 performing operation 7 on task 36
75 Worker 1 processing task 33 requiring operations [10, 9, 4]
75 Worker 1 forwarding task 33
76 Generated task 38
76 Worker 0 accepting task 38
76 Worker 1 accepting task 37
76 Worker 0 accepting task 27
76 Worker 2 accepting task 31
76 Worker 2 accepting task 36
76 Worker 0 accepting task 33
76 Worker 3 processing task 5 requiring operations [9]
76 Worker 3 forwarding task 5
76 Worker 4 processing task 30 requiring operations [8]
76 Worker 4 performing operation 8 on task 30
76 Worker 0 processing task 25 requiring operations [3]
76 Worker 0 forwarding task 25
76 Worker 2 processing task 28 requiring operations [10]
76 Worker 2 forwarding task 28
76 Worker 1 processing task 37 requiring operations [3, 8, 9]
76 Worker 1 forwarding task 37
77 Worker 1 accepting task 5
77 Task 30 completed!
77 Worker 4 accepting task 25
77 Worker 1 accepting task 28
77 Worker 3 accepting task 37
77 Worker 3 processing task 35 requiring operations [9]
77 Worker 3 forwarding task 35
77 Worker 4 processing task 32 requiring operations [10]
77 Worker 4 forwarding task 32
77 Worker 0 processing task 26 requiring operations [2, 8]
77 Worker 0 forwarding task 26
77 Worker 2 processing task 31 requiring operations [7, 3]
77 Worker 2 performing operation 7 on task 31
77 Worker 1 processing task 5 requiring operations [9]
77 Worker 1 forwarding task 5
78 Generated task 39
78 Worker 1 accepting task 39
78 Worker 1 accepting task 35
78 Worker 3 accepting task 32
78 Worker 2 accepting task 26
78 Worker 2 accepting task 31
78 Worker 2 accepting task 5
78 Worker 3 processing task 29 requiring operations [10, 9]
78 Worker 3 performing operation 10 on task 29
78 Worker 4 processing task 10 requiring operations [3]
78 Worker 4 forwarding task 10
78 Worker 0 processing task 18 requiring operations [2]
78 Worker 0 forwarding task 18
78 Worker 2 processing task 36 requiring operations [2, 4]
78 Worker 2 forwarding task 36
78 Worker 1 processing task 28 requiring operations [10]
78 Worker 1 forwarding task 28
79 Worker 3 accepting task 29
79 Worker 0 accepting task 10
79 Worker 2 accepting task 18
79 Worker 0 accepting task 36
79 Worker 3 accepting task 28
79 Worker 3 processing task 37 requiring operations [3, 8, 9]
79 Worker 3 forwarding task 37
79 Worker 4 processing task 16 requiring operations [9]
79 Worker 4 forwarding task 16
79 Worker 0 processing task 23 requiring operations [2]
79 Worker 0 forwarding task 23
79 Worker 2 processing task 26 requiring operations [2, 8]
79 Worker 2 forwarding task 26
79 Worker 1 processing task 39 requiring operations [7, 5, 2]
79 Worker 1 forwarding task 39
80 Generated task 40
80 Worker 3 accepting task 40
80 Worker 4 accepting task 37
80 Worker 3 accepting task 16
80 Worker 2 accepting task 23
80 Worker 0 accepting task 26
80 Worker 3 accepting task 39
80 Worker 3 processing task 32 requiring operations [10]
80 Worker 3 performing operation 10 on task 32
80 Worker 4 processing task 25 requiring operations [3]
80 Worker 4 forwarding task 25
80 Worker 0 processing task 34 requiring operations [2, 10]
80 Worker 0 forwarding task 34
80 Worker 2 processing task 31 requiring operations [3]
80 Worker 2 performing operation 3 on task 31
80 Worker 1 processing task 35 requiring operations [9]
80 Worker 1 forwarding task 35
81 Task 32 completed!
81 Worker 0 accepting task 25
81 Worker 4 accepting task 34
81 Task 31 completed!
81 Worker 0 accepting task 35
81 Worker 3 processing task 29 requiring operations [9]
81 Worker 3 forwarding task 29
81 Worker 4 processing task 37 requiring operations [3, 8, 9]
81 Worker 4 performing operation 8 on task 37
81 Worker 0 processing task 38 requiring operations [8, 2, 4]
81 Worker 0 forwarding task 38
81 Worker 2 processing task 5 requiring operations [9]
81 Worker 2 performing operation 9 on task 5
82 Generated task 41
82 Worker 0 accepting task 41
82 Worker 1 accepting task 29
82 Worker 4 accepting task 37
82 Worker 4 accepting task 38
82 Task 5 completed!
82 Worker 3 processing task 28 requiring operations [10]
82 Worker 3 performing operation 10 on task 28
82 Worker 4 processing task 34 requiring operations [2, 10]
82 Worker 4 forwarding task 34
82 Worker 0 processing task 27 requiring operations [3]
82 Worker 0 forwarding task 27
82 Worker 2 processing task 18 requiring operations [2]
82 Worker 2 forwarding task 18
82 Worker 1 processing task 29 requiring operations [9]
82 Worker 1 forwarding task 29
83 Task 28 completed!
83 Worker 3 accepting task 34
83 Worker 2 accepting task 27
83 Worker 0 accepting task 18
83 Worker 2 accepting task 29
83 Worker 3 processing task 40 requiring operations [10, 6, 3]
83 Worker 3 performing operation 10 on task 40
83 Worker 4 processing task 37 requiring operations [3, 9]
83 Worker 4 forwarding task 37
83 Worker 0 processing task 33 requiring operations [10, 9, 4]
83 Worker 0 forwarding task 33
83 Worker 2 processing task 23 requiring operations [2]
83 Worker 2 forwarding task 23
84 Generated task 42
84 Worker 3 accepting task 42
84 Worker 3 accepting task 40
84 Worker 3 accepting task 37
84 Worker 2 accepting task 33
84 Worker 0 accepting task 23
84 Worker 3 processing task 16 requiring operations [9]
84 Worker 3 forwarding task 16
84 Worker 4 processing task 38 requiring operations [8, 2, 4]
84 Worker 4 performing operation 8 on task 38
84 Worker 0 processing task 10 requiring operations [3]
84 Worker 0 forwarding task 10
84 Worker 2 processing task 27 requiring operations [3]
84 Worker 2 performing operation 3 on task 27
85 Worker 1 accepting task 16
85 Worker 4 accepting task 38
85 Worker 4 accepting task 10
85 Task 27 completed!
85 Worker 3 processing task 39 requiring operations [7, 5, 2]
85 Worker 3 performing operation 5 on task 39
85 Worker 4 processing task 38 requiring operations [2, 4]
85 Worker 4 forwarding task 38
85 Worker 0 processing task 36 requiring operations [2, 4]
85 Worker 0 forwarding task 36
85 Worker 2 processing task 29 requiring operations [9]
85 Worker 2 performing operation 9 on task 29
85 Worker 1 processing task 16 requiring operations [9]
85 Worker 1 forwarding task 16
86 Generated task 43
86 Worker 2 accepting task 43
86 Worker 3 accepting task 39
86 Worker 3 accepting task 38
86 Worker 4 accepting task 36
86 Task 29 completed!
86 Worker 2 accepting task 16
86 Worker 3 processing task 34 requiring operations [2, 10]
86 Worker 3 performing operation 10 on task 34
86 Worker 4 processing task 10 requiring operations [3]
86 Worker 4 forwarding task 10
86 Worker 0 processing task 26 requiring operations [2, 8]
86 Worker 0 forwarding task 26
86 Worker 2 processing task 33 requiring operations [10, 9, 4]
86 Worker 2 performing operation 9 on task 33
87 Worker 3 accepting task 34
87 Worker 3 accepting task 10
87 Worker 1 accepting task 26
87 Worker 2 accepting task 33
87 Worker 3 processing task 42 requiring operations [5, 8, 9]
87 Worker 3 performing operation 5 on task 42
87 Worker 4 processing task 36 requiring operations [2, 4]
87 Worker 4 forwarding task 36
87 Worker 0 processing task 25 requiring operations [3]
87 Worker 0 forwarding task 25
87 Worker 2 processing task 43 requiring operations [5, 6, 7]
87 Worker 2 performing operation 5 on task 43
87 Worker 1 processing task 26 requiring operations [2, 8]
87 Worker 1 forwarding task 26
88 Generated task 44
88 Worker 4 accepting task 44
88 Worker 3 accepting task 42
88 Worker 3 accepting task 36
88 Worker 4 accepting task 25
88 Worker 2 accepting task 43
88 Worker 0 accepting task 26
88 Worker 3 processing task 40 requiring operations [6, 3]
88 Worker 3 forwarding task 40
88 Worker 4 processing task 44 requiring operations [3, 5, 8]
88 Worker 4 performing operation 8 on task 44
88 Worker 0 processing task 35 requiring operations [9]
88 Worker 0 forwarding task 35
88 Worker 2 processing task 16 requiring operations [9]
88 Worker 2 performing operation 9 on task 16
89 Worker 4 accepting task 40
89 Worker 4 accepting task 44
89 Worker 2 accepting task 35
89 Task 16 completed!
89 Worker 3 processing task 37 requiring operations [3, 9]
89 Worker 3 forwarding task 37
89 Worker 4 processing task 25 requiring operations [3]
89 Worker 4 forwarding task 25
89 Worker 0 processing task 41 requiring operations [1, 5, 8]
89 Worker 0 forwarding task 41
89 Worker 2 processing task 33 requiring operations [10, 4]
89 Worker 2 forwarding task 33
90 Generated task 45
90 Worker 2 accepting task 45
90 Worker 4 accepting task 37
90 Worker 3 accepting task 25
90 Worker 1 accepting task 41
90 Worker 1 accepting task 33
90 Worker 3 processing task 39 requiring operations [7, 2]
90 Worker 3 performing operation 2 on task 39
90 Worker 4 processing task 40 requiring operations [6, 3]
90 Worker 4 performing operation 6 on task 40
90 Worker 0 processing task 18 requiring operations [2]
90 Worker 0 forwarding task 18
90 Worker 2 processing task 43 requiring operations [6, 7]
90 Worker 2 performing operation 7 on task 43
90 Worker 1 processing task 41 requiring operations [1, 5, 8]
90 Worker 1 forwarding task 41
91 Worker 3 accepting task 39
91 Worker 4 accepting task 40
91 Worker 2 accepting task 18
91 Worker 2 accepting task 43
91 Worker 3 accepting task 41
91 Worker 3 processing task 38 requiring operations [2, 4]
91 Worker 3 performing operation 4 on task 38
91 Worker 4 processing task 44 requiring operations [3, 5]
91 Worker 4 forwarding task 44
91 Worker 0 processing task 23 requiring operations [2]
91 Worker 0 forwarding task 23
91 Worker 2 processing task 35 requiring operations [9]
91 Worker 2 performing operation 9 on task 35
91 Worker 1 processing task 33 requiring operations [10, 4]
91 Worker 1 forwarding task 33
92 Generated task 46
92 Worker 1 accepting task 46
92 Worker 3 accepting task 38
92 Worker 0 accepting task 44
92 Worker 4 accepting task 23
92 Task 35 completed!
92 Worker 3 accepting task 33
92 Worker 3 processing task 34 requiring operations [2]
92 Worker 3 performing operation 2 on task 34
92 Worker 4 processing task 37 requiring operations [3, 9]
92 Worker 4 forwarding task 37
92 Worker 0 processing task 26 requiring operations [2, 8]
92 Worker 0 forwarding task 26
92 Worker 2 processing task 45 requiring operations [10, 1, 5]
92 Worker 2 performing operation 1 on task 45
92 Worker 1 processing task 46 requiring operations [2, 1, 9]
92 Worker 1 forwarding task 46
93 Task 34 completed!
93 Worker 3 accepting task 37
93 Worker 2 accepting task 26
93 Worker 2 accepting task 45
93 Worker 2 accepting task 46
93 Worker 3 processing task 10 requiring operations [3]
93 Worker 3 forwarding task 10
93 Worker 4 processing task 40 requiring operations [3]
93 Worker 4 forwarding task 40
93 Worker 0 processing task 44 requiring operations [3, 5]
93 Worker 0 forwarding task 44
93 Worker 2 processing task 18 requiring operations [2]
93 Worker 2 forwarding task 18
94 Generated task 47
94 Worker 2 accepting task 47
94 Worker 4 accepting task 10
94 Worker 0 accepting task 40
94 Worker 4 accepting task 44
94 Worker 1 accepting task 18
94 Worker 3 processing task 42 requiring operations [8, 9]
94 Worker 3 forwarding task 42
94 Worker 4 processing task 23 requiring operations [2]
94 Worker 4 forwarding task 23
94 Worker 0 processing task 40 requiring operations [3]
94 Worker 0 forwarding task 40
94 Worker 2 processing task 43 requiring operations [6]
94 Worker 2 forwarding task 43
94 Worker 1 processing task 18 requiring operations [2]
94 Worker 1 forwarding task 18
95 Worker 1 accepting task 42
95 Worker 3 accepting task 23
95 Worker 4 accepting task 40
95 Worker 1 accepting task 43
95 Worker 0 accepting task 18
95 Worker 3 processing task 36 requiring operations [2, 4]
95 Worker 3 performing operation 4 on task 36
95 Worker 4 processing task 10 requiring operations [3]
95 Worker 4 forwarding task 10
95 Worker 2 processing task 26 requiring operations [2, 8]
95 Worker 2 forwarding task 26
95 Worker 1 processing task 42 requiring operations [8, 9]
95 Worker 1 forwarding task 42
95 Worker 0 processing task 18 requiring operations [2]
95 Worker 0 forwarding task 18
96 Generated task 48
96 Worker 2 accepting task 48
96 Worker 3 accepting task 36
96 Worker 0 accepting task 10
96 Worker 1 accepting task 26
96 Worker 3 accepting task 42
96 Worker 4 accepting task 18
96 Worker 3 processing task 25 requiring operations [3]
96 Worker 3 forwarding task 25
96 Worker 4 processing task 44 requiring operations [3, 5]
96 Worker 4 forwarding task 44
96 Worker 2 processing task 45 requiring operations [10, 5]
96 Worker 2 performing operation 5 on task 45
96 Worker 1 processing task 43 requiring operations [6]
96 Worker 1 performing operation 6 on task 43
96 Worker 0 processing task 10 requiring operations [3]
96 Worker 0 forwarding task 10
97 Worker 1 accepting task 25
97 Worker 3 accepting task 44
97 Worker 2 accepting task 45
97 Task 43 completed!
97 Worker 2 accepting task 10
97 Worker 3 processing task 39 requiring operations [7]
97 Worker 3 forwarding task 39
97 Worker 4 processing task 40 requiring operations [3]
97 Worker 4 forwarding task 40
97 Worker 2 processing task 46 requiring operations [2, 1, 9]
97 Worker 2 performing operation 9 on task 46
97 Worker 1 processing task 26 requiring operations [2, 8]
97 Worker 1 forwarding task 26
98 Generated task 49
98 Worker 0 accepting task 49
98 Worker 1 accepting task 39
98 Worker 0 accepting task 40
98 Worker 2 accepting task 46
98 Worker 0 accepting task 26
98 Worker 3 processing task 41 requiring operations [1, 5, 8]
98 Worker 3 performing operation 5 on task 41
98 Worker 4 processing task 18 requiring operations [2]
98 Worker 4 forwarding task 18
98 Worker 2 processing task 47 requiring operations [9, 7, 10]
98 Worker 2 performing operation 7 on task 47
98 Worker 1 processing task 25 requiring operations [3]
98 Worker 1 forwarding task 25
98 Worker 0 processing task 49 requiring operations [6, 10, 7]
98 Worker 0 performing operation 6 on task 49
99 Worker 3 accepting task 41
99 Worker 3 accepting task 18
99 Worker 2 accepting task 47
99 Worker 3 accepting task 25
99 Worker 0 accepting task 49
99 Worker 3 processing task 38 requiring operations [2]
99 Worker 3 performing operation 2 on task 38
99 Worker 2 processing task 48 requiring operations [3, 8, 2]
99 Worker 2 performing operation 3 on task 48
99 Worker 1 processing task 39 requiring operations [7]
99 Worker 1 forwarding task 39
99 Worker 0 processing task 40 requiring operations [3]
99 Worker 0 forwarding task 40
100 Generated task 50
100 Worker 1 accepting task 50
100 Task 38 completed!
100 Worker 2 accepting task 48
100 Worker 3 accepting task 39
100 Worker 1 accepting task 40
100 Worker 3 processing task 33 requiring operations [10, 4]
100 Worker 3 performing operation 10 on task 33
100 Worker 2 processing task 45 requiring operations [10]
100 Worker 2 forwarding task 45
100 Worker 1 processing task 50 requiring operations [3, 1, 10]
100 Worker 1 forwarding task 50
100 Worker 0 processing task 26 requiring operations [2, 8]
100 Worker 0 forwarding task 26
101 Worker 3 accepting task 33
101 Worker 0 accepting task 45
101 Worker 3 accepting task 50
101 Worker 2 accepting task 26
101 Worker 3 processing task 37 requiring operations [3, 9]
101 Worker 3 forwarding task 37
101 Worker 2 processing task 10 requiring operations [3]
101 Worker 2 performing operation 3 on task 10
101 Worker 1 processing task 40 requiring operations [3]
101 Worker 1 forwarding task 40
101 Worker 0 processing task 49 requiring operations [10, 7]
101 Worker 0 forwarding task 49
102 Generated task 51
102 Worker 4 accepting task 51
102 Worker 1 accepting task 37
102 Task 10 completed!
102 Worker 2 accepting task 40
102 Worker 1 accepting task 49
102 Worker 3 processing task 23 requiring operations [2]
102 Worker 3 performing operation 2 on task 23
102 Worker 2 processing task 46 requiring operations [2, 1]
102 Worker 2 performing operation 1 on task 46
102 Worker 1 processing task 37 requiring operations [3, 9]
102 Worker 1 forwarding task 37
102 Worker 0 processing task 45 requiring operations [10]
102 Worker 0 forwarding task 45
102 Worker 4 processing task 51 requiring operations [2, 6, 5]
102 Worker 4 performing operation 6 on task 51
103 Task 23 completed!
103 Worker 2 accepting task 46
103 Worker 0 accepting task 37
103 Worker 1 accepting task 45
103 Worker 4 accepting task 51
103 Worker 3 processing task 36 requiring operations [2]
103 Worker 3 performing operation 2 on task 36
103 Worker 2 processing task 47 requiring operations [9, 10]
103 Worker 2 performing operation 9 on task 47
103 Worker 1 processing task 49 requiring operations [10, 7]
103 Worker 1 forwarding task 49
103 Worker 0 processing task 37 requiring operations [3, 9]
103 Worker 0 forwarding task 37
103 Worker 4 processing task 51 requiring operations [2, 5]
103 Worker 4 forwarding task 51
104 Generated task 52
104 Worker 2 accepting task 52
104 Task 36 completed!
104 Worker 2 accepting task 47
104 Worker 2 accepting task 49
104 Worker 2 accepting task 37
104 Worker 3 accepting task 51
104 Worker 3 processing task 42 requiring operations [8, 9]
104 Worker 3 forwarding task 42
104 Worker 2 processing task 48 requiring operations [8, 2]
104 Worker 2 forwarding task 48
104 Worker 1 processing task 45 requiring operations [10]
104 Worker 1 forwarding task 45
105 Worker 1 accepting task 42
105 Worker 0 accepting task 48
105 Worker 0 accepting task 45
105 Worker 3 processing task 44 requiring operations [3, 5]
105 Worker 3 performing operation 5 on task 44
105 Worker 2 processing task 26 requiring operations [2, 8]
105 Worker 2 forwarding task 26
105 Worker 1 processing task 42 requiring operations [8, 9]
105 Worker 1 forwarding task 42
105 Worker 0 processing task 48 requiring operations [8, 2]
105 Worker 0 forwarding task 48
106 Generated task 53
106 Worker 0 accepting task 53
106 Worker 3 accepting task 44
106 Worker 0 accepting task 26
106 Worker 2 accepting task 42
106 Worker 1 accepting task 48
106 Worker 3 processing task 41 requiring operations [1, 8]
106 Worker 3 forwarding task 41
106 Worker 2 processing task 40 requiring operations [3]
106 Worker 2 performing operation 3 on task 40
106 Worker 0 processing task 45 requiring operations [10]
106 Worker 0 forwarding task 45
106 Worker 1 processing task 48 requiring operations [8, 2]
106 Worker 1 forwarding task 48
107 Worker 4 accepting task 41
107 Task 40 completed!
107 Worker 4 accepting task 45
107 Worker 0 accepting task 48
107 Worker 3 processing task 18 requiring operations [2]
107 Worker 3 performing operation 2 on task 18
107 Worker 2 processing task 46 requiring operations [2]
107 Worker 2 forwarding task 46
107 Worker 0 processing task 53 requiring operations [1, 6, 3]
107 Worker 0 performing operation 6 on task 53
107 Worker 4 processing task 41 requiring operations [1, 8]
107 Worker 4 performing operation 8 on task 41
108 Generated task 54
108 Worker 4 accepting task 54
108 Task 18 completed!
108 Worker 1 accepting task 46
108 Worker 0 accepting task 53
108 Worker 4 accepting task 41
108 Worker 3 processing task 25 requiring operations [3]
108 Worker 3 forwarding task 25
108 Worker 2 processing task 52 requiring operations [1, 5, 9]
108 Worker 2 performing operation 1 on task 52
108 Worker 0 processing task 26 requiring operations [2, 8]
108 Worker 0 forwarding task 26
108 Worker 4 processing task 45 requiring operations [10]
108 Worker 4 forwarding task 45
108 Worker 1 processing task 46 requiring operations [2]
108 Worker 1 forwarding task 46
109 Worker 4 accepting task 25
109 Worker 2 accepting task 52
109 Worker 2 accepting task 26
109 Worker 0 accepting task 45
109 Worker 3 accepting task 46
109 Worker 3 processing task 39 requiring operations [7]
109 Worker 3 forwarding task 39
109 Worker 2 processing task 47 requiring operations [10]
109 Worker 2 forwarding task 47
109 Worker 0 processing task 48 requiring operations [8, 2]
109 Worker 0 forwarding task 48
109 Worker 4 processing task 54 requiring operations [5, 3, 1]
109 Worker 4 forwarding task 54
110 Generated task 55
110 Worker 4 accepting task 55
110 Worker 4 accepting task 39
110 Worker 1 accepting task 47
110 Worker 4 accepting task 48
110 Worker 3 accepting task 54
110 Worker 3 processing task 33 requiring operations [4]
110 Worker 3 performing operation 4 on task 33
110 Worker 2 processing task 49 requiring operations [10, 7]
110 Worker 2 performing operation 7 on task 49
110 Worker 0 processing task 53 requiring operations [1, 3]
110 Worker 0 forwarding task 53
110 Worker 4 processing task 41 requiring operations [1]
110 Worker 4 forwarding task 41
110 Worker 1 processing task 47 requiring operations [10]
110 Worker 1 forwarding task 47
111 Task 33 completed!
111 Worker 2 accepting task 49
111 Worker 4 accepting task 53
111 Worker 3 accepting task 41
111 Worker 0 accepting task 47
111 Worker 3 processing task 50 requiring operations [3, 1, 10]
111 Worker 3 performing operation 10 on task 50
111 Worker 2 processing task 37 requiring operations [3, 9]
111 Worker 2 performing operation 9 on task 37
111 Worker 0 processing task 45 requiring operations [10]
111 Worker 0 forwarding task 45
111 Worker 4 processing task 25 requiring operations [3]
111 Worker 4 forwarding task 25
112 Generated task 56
112 Worker 3 accepting task 56
112 Worker 3 accepting task 50
112 Worker 2 accepting task 37
112 Worker 4 accepting task 45
112 Worker 3 accepting task 25
112 Worker 3 processing task 51 requiring operations [2, 5]
112 Worker 3 performing operation 2 on task 51
112 Worker 2 processing task 42 requiring operations [8, 9]
112 Worker 2 performing operation 9 on task 42
112 Worker 0 processing task 47 requiring operations [10]
112 Worker 0 forwarding task 47
112 Worker 4 processing task 55 requiring operations [5, 8, 10]
112 Worker 4 performing operation 8 on task 55
113 Worker 3 accepting task 51
113 Worker 2 accepting task 42
113 Worker 1 accepting task 47
113 Worker 4 accepting task 55
113 Worker 3 processing task 44 requiring operations [3]
113 Worker 3 forwarding task 44
113 Worker 2 processing task 52 requiring operations [5, 9]
113 Worker 2 performing operation 5 on task 52
113 Worker 4 processing task 39 requiring operations [7]
113 Worker 4 performing operation 7 on task 39
113 Worker 1 processing task 47 requiring operations [10]
113 Worker 1 forwarding task 47
114 Generated task 57
114 Worker 0 accepting task 57
114 Worker 4 accepting task 44
114 Worker 2 accepting task 52
114 Task 39 completed!
114 Worker 3 accepting task 47
114 Worker 3 processing task 46 requiring operations [2]
114 Worker 3 performing operation 2 on task 46
114 Worker 2 processing task 26 requiring operations [2, 8]
114 Worker 2 forwarding task 26
114 Worker 4 processing task 48 requiring operations [8, 2]
114 Worker 4 performing operation 8 on task 48
114 Worker 0 processing task 57 requiring operations [1, 9, 8]
114 Worker 0 forwarding task 57
115 Task 46 completed!
115 Worker 0 accepting task 26
115 Worker 4 accepting task 48
115 Worker 2 accepting task 57
115 Worker 3 processing task 54 requiring operations [5, 3, 1]
115 Worker 3 performing operation 5 on task 54
115 Worker 2 processing task 49 requiring operations [10]
115 Worker 2 forwarding task 49
115 Worker 4 processing task 53 requiring operations [1, 3]
115 Worker 4 forwarding task 53
115 Worker 0 processing task 26 requiring operations [2, 8]
115 Worker 0 forwarding task 26
116 Generated task 58
116 Worker 1 accepting task 58
116 Worker 3 accepting task 54
116 Worker 1 accepting task 49
116 Worker 3 accepting task 53
116 Worker 2 accepting task 26
116 Worker 3 processing task 41 requiring operations [1]
116 Worker 3 forwarding task 41
116 Worker 2 processing task 37 requiring operations [3]
116 Worker 2 performing operation 3 on task 37
116 Worker 4 processing task 45 requiring operations [10]
116 Worker 4 forwarding task 45
116 Worker 1 processing task 58 requiring operations [2, 10, 3]
116 Worker 1 forwarding task 58
117 Worker 4 accepting task 41
117 Task 37 completed!
117 Worker 0 accepting task 45
117 Worker 3 accepting task 58
117 Worker 3 processing task 56 requiring operations [5, 7, 2]
117 Worker 3 performing operation 2 on task 56
117 Worker 2 processing task 42 requiring operations [8]
117 Worker 2 forwarding task 42
117 Worker 4 processing task 55 requiring operations [5, 10]
117 Worker 4 forwarding task 55
117 Worker 1 processing task 49 requiring operations [10]
117 Worker 1 forwarding task 49
117 Worker 0 processing task 45 requiring operations [10]
117 Worker 0 forwarding task 45
118 Generated task 59
118 Worker 4 accepting task 59
118 Worker 3 accepting task 56
118 Worker 0 accepting task 42
118 Worker 3 accepting task 55
118 Worker 0 accepting task 49
118 Worker 1 accepting task 45
118 Worker 3 processing task 50 requiring operations [3, 1]
118 Worker 3 forwarding task 50
118 Worker 2 processing task 52 requiring operations [9]
118 Worker 2 performing operation 9 on task 52
118 Worker 4 processing task 44 requiring operations [3]
118 Worker 4 forwarding task 44
118 Worker 0 processing task 42 requiring operations [8]
118 Worker 0 forwarding task 42
118 Worker 1 processing task 45 requiring operations [10]
118 Worker 1 forwarding task 45
119 Worker 4 accepting task 50
119 Task 52 completed!
119 Worker 0 accepting task 44
119 Worker 2 accepting task 42
119 Worker 2 accepting task 45
119 Worker 3 processing task 25 requiring operations [3]
119 Worker 3 forwarding task 25
119 Worker 2 processing task 57 requiring operations [1, 9, 8]
119 Worker 2 performing operation 9 on task 57
119 Worker 4 processing task 48 requiring operations [2]
119 Worker 4 forwarding task 48
119 Worker 0 processing task 49 requiring operations [10]
119 Worker 0 forwarding task 49
120 Generated task 60
120 Worker 2 accepting task 60
120 Worker 1 accepting task 25
120 Worker 2 accepting task 57
120 Worker 3 accepting task 48
120 Worker 2 accepting task 49
120 Worker 3 processing task 51 requiring operations [5]
120 Worker 3 performing operation 5 on task 51
120 Worker 2 processing task 26 requiring operations [2, 8]
120 Worker 2 forwarding task 26
120 Worker 4 processing task 41 requiring operations [1]
120 Worker 4 forwarding task 41
120 Worker 0 processing task 44 requiring operations [3]
120 Worker 0 forwarding task 44
120 Worker 1 processing task 25 requiring operations [3]
120 Worker 1 forwarding task 25
121 Task 51 completed!
121 Worker 1 accepting task 26
121 Worker 0 accepting task 41
121 Worker 4 accepting task 44
121 Worker 3 accepting task 25
121 Worker 3 processing task 47 requiring operations [10]
121 Worker 3 performing operation 10 on task 47
121 Worker 2 processing task 42 requiring operations [8]
121 Worker 2 forwarding task 42
121 Worker 4 processing task 59 requiring operations [9, 6, 10]
121 Worker 4 performing operation 6 on task 59
121 Worker 0 processing task 41 requiring operations [1]
121 Worker 0 forwarding task 41
121 Worker 1 processing task 26 requiring operations [2, 8]
121 Worker 1 forwarding task 26
122 Generated task 61
122 Worker 2 accepting task 61
122 Task 47 completed!
122 Worker 1 accepting task 42
122 Worker 4 accepting task 59
122 Worker 4 accepting task 41
122 Worker 2 accepting task 26
122 Worker 3 processing task 54 requiring operations [3, 1]
122 Worker 3 forwarding task 54
122 Worker 2 processing task 45 requiring operations [10]
122 Worker 2 forwarding task 45
122 Worker 4 processing task 50 requiring operations [3, 1]
122 Worker 4 forwarding task 50
122 Worker 1 processing task 42 requiring operations [8]
122 Worker 1 forwarding task 42
123 Worker 1 accepting task 54
123 Worker 1 accepting task 45
123 Worker 0 accepting task 50
123 Worker 0 accepting task 42
123 Worker 3 processing task 53 requiring operations [1, 3]
123 Worker 3 forwarding task 53
123 Worker 2 processing task 60 requiring operations [2, 1, 7]
123 Worker 2 performing operation 7 on task 60
123 Worker 4 processing task 44 requiring operations [3]
123 Worker 4 forwarding task 44
123 Worker 1 processing task 54 requiring operations [3, 1]
123 Worker 1 forwarding task 54
123 Worker 0 processing task 50 requiring operations [3, 1]
123 Worker 0 forwarding task 50
124 Generated task 62
124 Worker 0 accepting task 62
124 Worker 4 accepting task 53
124 Worker 2 accepting task 60
124 Worker 3 accepting task 44
124 Worker 2 accepting task 54
124 Worker 4 accepting task 50
124 Worker 3 processing task 58 requiring operations [2, 10, 3]
124 Worker 3 performing operation 10 on task 58
124 Worker 2 processing task 57 requiring operations [1, 8]
124 Worker 2 performing operation 1 on task 57
124 Worker 4 processing task 59 requiring operations [9, 10]
124 Worker 4 forwarding task 59
124 Worker 1 processing task 45 requiring operations [10]
124 Worker 1 forwarding task 45
124 Worker 0 processing task 42 requiring operations [8]
124 Worker 0 forwarding task 42
125 Worker 3 accepting task 58
125 Worker 2 accepting task 57
125 Worker 0 accepting task 59
125 Worker 2 accepting task 45
125 Worker 1 accepting task 42
125 Worker 3 processing task 56 requiring operations [5, 7]
125 Worker 3 performing operation 5 on task 56
125 Worker 2 processing task 49 requiring operations [10]
125 Worker 2 forwarding task 49
125 Worker 4 processing task 41 requiring operations [1]
125 Worker 4 forwarding task 41
125 Worker 0 processing task 62 requiring operations [5, 4, 7]
125 Worker 0 forwarding task 62
125 Worker 1 processing task 42 requiring operations [8]
125 Worker 1 forwarding task 42
126 Generated task 63
126 Worker 1 accepting task 63
126 Worker 3 accepting task 56
126 Worker 0 accepting task 49
126 Worker 3 accepting task 41
126 Worker 2 accepting task 62
126 Worker 3 accepting task 42
126 Worker 3 processing task 55 requiring operations [5, 10]
126 Worker 3 performing operation 10 on task 55
126 Worker 2 processing task 61 requiring operations [1, 2, 3]
126 Worker 2 performing operation 3 on task 61
126 Worker 4 processing task 53 requiring operations [1, 3]
126 Worker 4 forwarding task 53
126 Worker 0 processing task 59 requiring operations [9, 10]
126 Worker 0 forwarding task 59
126 Worker 1 processing task 63 requiring operations [3, 10, 5]
126 Worker 1 forwarding task 63
127 Worker 3 accepting task 55
127 Worker 2 accepting task 61
127 Worker 0 accepting task 53
127 Worker 1 accepting task 59
127 Worker 3 accepting task 63
127 Worker 3 processing task 48 requiring operations [2]
127 Worker 3 performing operation 2 on task 48
127 Worker 2 processing task 26 requiring operations [2, 8]
127 Worker 2 forwarding task 26
127 Worker 4 processing task 50 requiring operations [3, 1]
127 Worker 4 forwarding task 50
127 Worker 0 processing task 49 requiring operations [10]
127 Worker 0 forwarding task 49
127 Worker 1 processing task 59 requiring operations [9, 10]
127 Worker 1 forwarding task 59
128 Generated task 64
128 Worker 4 accepting task 64
128 Task 48 completed!
128 Worker 1 accepting task 26
128 Worker 0 accepting task 50
128 Worker 4 accepting task 49
128 Worker 3 accepting task 59
128 Worker 3 processing task 25 requiring operations [3]
128 Worker 3 forwarding task 25
128 Worker 2 processing task 60 requiring operations [2, 1]
128 Worker 2 performing operation 1 on task 60
128 Worker 4 processing task 64 requiring operations [3, 7, 2]
128 Worker 4 performing operation 7 on task 64
128 Worker 0 processing task 53 requiring operations [1, 3]
128 Worker 0 forwarding task 53
128 Worker 1 processing task 26 requiring operations [2, 8]
128 Worker 1 forwarding task 26
129 Worker 4 accepting task 25
129 Worker 2 accepting task 60
129 Worker 4 accepting task 64
129 Worker 4 accepting task 53
129 Worker 2 accepting task 26
129 Worker 3 processing task 44 requiring operations [3]
129 Worker 3 forwarding task 44
129 Worker 2 processing task 54 requiring operations [3, 1]
129 Worker 2 performing operation 1 on task 54
129 Worker 4 processing task 49 requiring operations [10]
129 Worker 4 forwarding task 49
129 Worker 0 processing task 50 requiring operations [3, 1]
129 Worker 0 forwarding task 50
130 Generated task 65
130 Worker 0 accepting task 65
130 Worker 4 accepting task 44
130 Worker 2 accepting task 54
130 Worker 0 accepting task 49
130 Worker 4 accepting task 50
130 Worker 3 processing task 58 requiring operations [2, 3]
130 Worker 3 performing operation 2 on task 58
130 Worker 2 processing task 57 requiring operations [8]
130 Worker 2 forwarding task 57
130 Worker 4 processing task 25 requiring operations [3]
130 Worker 4 forwarding task 25
130 Worker 0 processing task 65 requiring operations [8, 4, 10]
130 Worker 0 forwarding task 65
131 Worker 3 accepting task 58
131 Worker 0 accepting task 57
131 Worker 0 accepting task 25
131 Worker 1 accepting task 65
131 Worker 3 processing task 56 requiring operations [7]
131 Worker 3 forwarding task 56
131 Worker 2 processing task 45 requiring operations [10]
131 Worker 2 forwarding task 45
131 Worker 4 processing task 64 requiring operations [3, 2]
131 Worker 4 forwarding task 64
131 Worker 0 processing task 49 requiring operations [10]
131 Worker 0 forwarding task 49
131 Worker 1 processing task 65 requiring operations [8, 4, 10]
131 Worker 1 forwarding task 65
132 Generated task 66
132 Worker 0 accepting task 66
132 Worker 1 accepting task 56
132 Worker 1 accepting task 45
132 Worker 3 accepting task 64
132 Worker 2 accepting task 49
132 Worker 0 accepting task 65
132 Worker 3 processing task 41 requiring operations [1]
132 Worker 3 forwarding task 41
132 Worker 2 processing task 62 requiring operations [5, 4, 7]
132 Worker 2 performing operation 5 on task 62
132 Worker 4 processing task 53 requiring operations [1, 3]
132 Worker 4 forwarding task 53
132 Worker 0 processing task 57 requiring operations [8]
132 Worker 0 forwarding task 57
132 Worker 1 processing task 56 requiring operations [7]
132 Worker 1 forwarding task 56
133 Worker 4 accepting task 41
133 Worker 2 accepting task 62
133 Worker 3 accepting task 53
133 Worker 1 accepting task 57
133 Worker 0 accepting task 56
133 Worker 3 processing task 42 requiring operations [8]
133 Worker 3 forwarding task 42
133 Worker 2 processing task 61 requiring operations [1, 2]
133 Worker 2 performing operation 1 on task 61
133 Worker 4 processing task 44 requiring operations [3]
133 Worker 4 forwarding task 44
133 Worker 0 processing task 25 requiring operations [3]
133 Worker 0 forwarding task 25
133 Worker 1 processing task 45 requiring operations [10]
133 Worker 1 forwarding task 45
134 Generated task 67
134 Worker 2 accepting task 67
134 Worker 4 accepting task 42
134 Worker 2 accepting task 61
134 Worker 3 accepting task 44
134 Worker 4 accepting task 25
134 Worker 2 accepting task 45
134 Worker 3 processing task 55 requiring operations [5]
134 Worker 3 performing operation 5 on task 55
134 Worker 2 processing task 60 requiring operations [2]
134 Worker 2 forwarding task 60
134 Worker 4 processing task 50 requiring operations [3, 1]
134 Worker 4 forwarding task 50
134 Worker 0 processing task 66 requiring operations [6, 9, 7]
134 Worker 0 performing operation 6 on task 66
134 Worker 1 processing task 57 requiring operations [8]
134 Worker 1 forwarding task 57
135 Task 55 completed!
135 Worker 0 accepting task 60
135 Worker 3 accepting task 50
135 Worker 0 accepting task 66
135 Worker 0 accepting task 57
135 Worker 3 processing task 63 requiring operations [3, 10, 5]
135 Worker 3 performing operation 5 on task 63
135 Worker 2 processing task 26 requiring operations [2, 8]
135 Worker 2 forwarding task 26
135 Worker 4 processing task 41 requiring operations [1]
135 Worker 4 forwarding task 41
135 Worker 0 processing task 65 requiring operations [8, 4, 10]
135 Worker 0 forwarding task 65
136 Generated task 68
136 Worker 4 accepting task 68
136 Worker 3 accepting task 63
136 Worker 0 accepting task 26
136 Worker 0 accepting task 41
136 Worker 2 accepting task 65
136 Worker 3 processing task 59 requiring operations [9, 10]
136 Worker 3 performing operation 10 on task 59
136 Worker 2 processing task 54 requiring operations [3]
136 Worker 2 performing operation 3 on task 54
136 Worker 4 processing task 42 requiring operations [8]
136 Worker 4 performing operation 8 on task 42
136 Worker 0 processing task 56 requiring operations [7]
136 Worker 0 forwarding task 56
137 Worker 3 accepting task 59
137 Task 54 completed!
137 Task 42 completed!
137 Worker 1 accepting task 56
137 Worker 3 processing task 58 requiring operations [3]
137 Worker 3 forwarding task 58
137 Worker 2 processing task 49 requiring operations [10]
137 Worker 2 forwarding task 49
137 Worker 4 processing task 25 requiring operations [3]
137 Worker 4 forwarding task 25
137 Worker 0 processing task 60 requiring operations [2]
137 Worker 0 forwarding task 60
137 Worker 1 processing task 56 requiring operations [7]
137 Worker 1 forwarding task 56
138 Generated task 69
138 Worker 0 accepting task 69
138 Worker 1 accepting task 58
138 Worker 1 accepting task 49
138 Worker 3 accepting task 25
138 Worker 1 accepting task 60
138 Worker 2 accepting task 56
138 Worker 3 processing task 64 requiring operations [3, 2]
138 Worker 3 performing operation 2 on task 64
138 Worker 2 processing task 62 requiring operations [4, 7]
138 Worker 2 performing operation 7 on task 62
138 Worker 4 processing task 68 requiring operations [5, 8, 10]
138 Worker 4 performing operation 8 on task 68
138 Worker 0 processing task 66 requiring operations [9, 7]
138 Worker 0 forwarding task 66
138 Worker 1 processing task 58 requiring operations [3]
138 Worker 1 forwarding task 58
139 Worker 3 accepting task 64
139 Worker 2 accepting task 62
139 Worker 4 accepting task 68
139 Worker 1 accepting task 66
139 Worker 0 accepting task 58
139 Worker 3 processing task 53 requiring operations [1, 3]
139 Worker 3 forwarding task 53
139 Worker 2 processing task 67 requiring operations [9, 3, 2]
139 Worker 2 performing operation 3 on task 67
139 Worker 4 processing task 68 requiring operations [5, 10]
139 Worker 4 forwarding task 68
139 Worker 0 processing task 57 requiring operations [8]
139 Worker 0 forwarding task 57
139 Worker 1 processing task 49 requiring operations [10]
139 Worker 1 forwarding task 49
140 Generated task 70
140 Worker 4 accepting task 70
140 Worker 1 accepting task 53
140 Worker 2 accepting task 67
140 Worker 3 accepting task 68
140 Worker 4 accepting task 57
140 Worker 3 accepting task 49
140 Worker 3 processing task 44 requiring operations [3]
140 Worker 3 forwarding task 44
140 Worker 2 processing task 61 requiring operations [2]
140 Worker 2 forwarding task 61
140 Worker 4 processing task 70 requiring operations [9, 2, 7]
140 Worker 4 performing operation 7 on task 70
140 Worker 0 processing task 26 requiring operations [2, 8]
140 Worker 0 forwarding task 26
140 Worker 1 processing task 60 requiring operations [2]
140 Worker 1 forwarding task 60
