Worker 0 can perform operations {9, 5}
Worker 1 can perform operations {2, 7}
Worker 2 can perform operations {1}
Worker 3 can perform operations {1, 2, 4, 6, 8, 10}
Worker 4 can perform operations {10, 3}
Building network type random
Worker 0 connecting to worker 3
Worker 3 connecting to worker 0
Worker 0 connecting to worker 2
Worker 2 connecting to worker 0
Worker 1 connecting to worker 3
Worker 3 connecting to worker 1
Worker 1 connecting to worker 0
Worker 0 connecting to worker 1
Worker 2 connecting to worker 3
Worker 3 connecting to worker 2
Worker 4 connecting to worker 1
Worker 1 connecting to worker 4
Worker 4 connecting to worker 2
Worker 2 connecting to worker 4
Entry nodes are [0, 1, 2, 3, 4]
0 Generated task 0
0 Worker 0 accepting task 0
0 Worker 0 processing task 0 requiring operations [5, 7, 3]
0 Worker 0 performing operation 5 on task 0
1 Worker 0 accepting task 0
1 Worker 0 processing task 0 requiring operations [7, 3]
1 Worker 0 forwarding task 0
2 Generated task 1
2 Worker 1 accepting task 1
2 Worker 2 accepting task 0
2 Worker 1 processing task 1 requiring operations [7, 4, 3]
2 Worker 1 performing operation 7 on task 1
2 Worker 2 processing task 0 requiring operations [7, 3]
2 Worker 2 forwarding task 0
3 Worker 1 accepting task 1
3 Worker 4 accepting task 0
3 Worker 1 processing task 1 requiring operations [4, 3]
3 Worker 1 forwarding task 1
3 Worker 4 processing task 0 requiring operations [7, 3]
3 Worker 4 performing operation 3 on task 0
4 Generated task 2
4 Worker 3 accepting task 2
4 Worker 3 accepting task 1
4 Worker 4 accepting task 0
4 Worker 4 processing task 0 requiring operations [7]
4 Worker 4 forwarding task 0
4 Worker 3 processing task 2 requiring operations [10, 3, 1]
4 Worker 3 performing operation 1 on task 2
5 Worker 1 accepting task 0
5 Worker 3 accepting task 2
5 Worker 3 processing task 1 requiring operations [4, 3]
5 Worker 3 performing operation 4 on task 1
5 Worker 1 processing task 0 requiring operations [7]
5 Worker 1 performing operation 7 on task 0
6 Generated task 3
6 Worker 2 accepting task 3
6 Worker 3 accepting task 1
6 Task 0 completed!
6 Worker 3 processing task 2 requiring operations [10, 3]
6 Worker 3 performing operation 10 on task 2
6 Worker 2 processing task 3 requiring operations [7, 10, 2]
6 Worker 2 forwarding task 3
7 Worker 3 accepting task 2
7 Worker 3 accepting task 3
7 Worker 3 processing task 1 requiring operations [3]
7 Worker 3 forwarding task 1
8 Generated task 4
8 Worker 2 accepting task 4
8 Worker 0 accepting task 1
8 Worker 3 processing task 2 requiring operations [3]
8 Worker 3 forwarding task 2
8 Worker 2 processing task 4 requiring operations [1, 6, 9]
8 Worker 2 performing operation 1 on task 4
8 Worker 0 processing task 1 requiring operations [3]
8 Worker 0 forwarding task 1
9 Worker 1 accepting task 2
9 Worker 2 accepting task 4
9 Worker 3 accepting task 1
9 Worker 3 processing task 3 requiring operations [7, 10, 2]
9 Worker 3 performing operation 2 on task 3
9 Worker 2 processing task 4 requiring operations [6, 9]
9 Worker 2 forwarding task 4
9 Worker 1 processing task 2 requiring operations [3]
9 Worker 1 forwarding task 2
10 Generated task 5
10 Worker 3 accepting task 5
10 Worker 3 accepting task 3
10 Worker 4 accepting task 4
10 Worker 0 accepting task 2
10 Worker 3 processing task 1 requiring operations [3]
10 Worker 3 forwarding task 1
10 Worker 4 processing task 4 requiring operations [6, 9]
10 Worker 4 forwarding task 4
10 Worker 0 processing task 2 requiring operations [3]
10 Worker 0 forwarding task 2
11 Worker 2 accepting task 1
11 Worker 2 accepting task 4
11 Worker 1 accepting task 2
11 Worker 3 processing task 5 requiring operations [8, 10, 9]
11 Worker 3 performing operation 10 on task 5
11 Worker 2 processing task 1 requiring operations [3]
11 Worker 2 forwarding task 1
11 Worker 1 processing task 2 requiring operations [3]
11 Worker 1 forwarding task 2
12 Generated task 6
12 Worker 4 accepting task 6
12 Worker 3 accepting task 5
12 Worker 4 accepting task 1
12 Worker 0 accepting task 2
12 Worker 3 processing task 3 requiring operations [7, 10]
12 Worker 3 performing operation 10 on task 3
12 Worker 2 processing task 4 requiring operations [6, 9]
12 Worker 2 forwarding task 4
12 Worker 4 processing task 6 requiring operations [8, 9, 2]
12 Worker 4 forwarding task 6
12 Worker 0 processing task 2 requiring operations [3]
12 Worker 0 forwarding task 2
13 Worker 3 accepting task 3
13 Worker 0 accepting task 4
13 Worker 1 accepting task 6
13 Worker 1 accepting task 2
13 Worker 3 processing task 5 requiring operations [8, 9]
13 Worker 3 performing operation 8 on task 5
13 Worker 4 processing task 1 requiring operations [3]
13 Worker 4 performing operation 3 on task 1
13 Worker 0 processing task 4 requiring operations [6, 9]
13 Worker 0 performing operation 9 on task 4
13 Worker 1 processing task 6 requiring operations [8, 9, 2]
13 Worker 1 performing operation 2 on task 6
14 Generated task 7
14 Worker 3 accepting task 7
14 Worker 3 accepting task 5
14 Task 1 completed!
14 Worker 0 accepting task 4
14 Worker 1 accepting task 6
14 Worker 3 processing task 3 requiring operations [7]
14 Worker 3 forwarding task 3
14 Worker 0 processing task 4 requiring operations [6]
14 Worker 0 forwarding task 4
14 Worker 1 processing task 2 requiring operations [3]
14 Worker 1 forwarding task 2
15 Worker 1 accepting task 3
15 Worker 3 accepting task 4
15 Worker 4 accepting task 2
15 Worker 3 processing task 7 requiring operations [10, 9, 3]
15 Worker 3 performing operation 10 on task 7
15 Worker 1 processing task 6 requiring operations [8, 9]
15 Worker 1 forwarding task 6
15 Worker 4 processing task 2 requiring operations [3]
15 Worker 4 performing operation 3 on task 2
16 Generated task 8
16 Worker 1 accepting task 8
16 Worker 3 accepting task 7
16 Worker 0 accepting task 6
16 Task 2 completed!
16 Worker 3 processing task 5 requiring operations [9]
16 Worker 3 forwarding task 5
16 Worker 1 processing task 3 requiring operations [7]
16 Worker 1 performing operation 7 on task 3
16 Worker 0 processing task 6 requiring operations [8, 9]
16 Worker 0 performing operation 9 on task 6
17 Worker 1 accepting task 5
17 Task 3 completed!
17 Worker 0 accepting task 6
17 Worker 3 processing task 4 requiring operations [6]
17 Worker 3 performing operation 6 on task 4
17 Worker 1 processing task 8 requiring operations [5, 1, 2]
17 Worker 1 performing operation 2 on task 8
17 Worker 0 processing task 6 requiring operations [8]
17 Worker 0 forwarding task 6
18 Generated task 9
18 Worker 3 accepting task 9
18 Task 4 completed!
18 Worker 1 accepting task 8
18 Worker 3 accepting task 6
18 Worker 3 processing task 7 requiring operations [9, 3]
18 Worker 3 forwarding task 7
18 Worker 1 processing task 5 requiring operations [9]
18 Worker 1 forwarding task 5
19 Worker 1 accepting task 7
19 Worker 0 accepting task 5
19 Worker 3 processing task 9 requiring operations [1, 9, 8]
19 Worker 3 performing operation 1 on task 9
19 Worker 1 processing task 8 requiring operations [5, 1]
19 Worker 1 forwarding task 8
19 Worker 0 processing task 5 requiring operations [9]
19 Worker 0 performing operation 9 on task 5
20 Generated task 10
20 Worker 2 accepting task 10
20 Worker 3 accepting task 9
20 Worker 0 accepting task 8
20 Task 5 completed!
20 Worker 3 processing task 6 requiring operations [8]
20 Worker 3 performing operation 8 on task 6
20 Worker 1 processing task 7 requiring operations [9, 3]
20 Worker 1 forwarding task 7
20 Worker 0 processing task 8 requiring operations [5, 1]
20 Worker 0 performing operation 5 on task 8
20 Worker 2 processing task 10 requiring operations [1, 7, 4]
20 Worker 2 performing operation 1 on task 10
21 Task 6 completed!
21 Worker 4 accepting task 7
21 Worker 0 accepting task 8
21 Worker 2 accepting task 10
21 Worker 3 processing task 9 requiring operations [9, 8]
21 Worker 3 performing operation 8 on task 9
21 Worker 0 processing task 8 requiring operations [1]
21 Worker 0 forwarding task 8
21 Worker 2 processing task 10 requiring operations [7, 4]
21 Worker 2 forwarding task 10
21 Worker 4 processing task 7 requiring operations [9, 3]
21 Worker 4 performing operation 3 on task 7
22 Generated task 11
22 Worker 3 accepting task 11
22 Worker 3 accepting task 9
22 Worker 2 accepting task 8
22 Worker 0 accepting task 10
22 Worker 4 accepting task 7
22 Worker 3 processing task 11 requiring operations [7, 4, 9]
22 Worker 3 performing operation 4 on task 11
22 Worker 2 processing task 8 requiring operations [1]
22 Worker 2 performing operation 1 on task 8
22 Worker 4 processing task 7 requiring operations [9]
22 Worker 4 forwarding task 7
22 Worker 0 processing task 10 requiring operations [7, 4]
22 Worker 0 forwarding task 10
23 Worker 3 accepting task 11
23 Task 8 completed!
23 Worker 2 accepting task 7
23 Worker 3 accepting task 10
23 Worker 3 processing task 9 requiring operations [9]
23 Worker 3 forwarding task 9
23 Worker 2 processing task 7 requiring operations [9]
23 Worker 2 forwarding task 7
24 Generated task 12
24 Worker 0 accepting task 12
24 Worker 1 accepting task 9
24 Worker 3 accepting task 7
24 Worker 3 processing task 11 requiring operations [7, 9]
24 Worker 3 forwarding task 11
24 Worker 0 processing task 12 requiring operations [10, 2, 9]
24 Worker 0 performing operation 9 on task 12
24 Worker 1 processing task 9 requiring operations [9]
24 Worker 1 forwarding task 9
25 Worker 1 accepting task 11
25 Worker 0 accepting task 12
25 Worker 4 accepting task 9
25 Worker 3 processing task 10 requiring operations [7, 4]
25 Worker 3 performing operation 4 on task 10
25 Worker 0 processing task 12 requiring operations [10, 2]
25 Worker 0 forwarding task 12
25 Worker 1 processing task 11 requiring operations [7, 9]
25 Worker 1 performing operation 7 on task 11
25 Worker 4 processing task 9 requiring operations [9]
25 Worker 4 forwarding task 9
26 Generated task 13
26 Worker 2 accepting task 13
26 Worker 3 accepting task 10
26 Worker 1 accepting task 12
26 Worker 1 accepting task 11
26 Worker 2 accepting task 9
26 Worker 3 processing task 7 requiring operations [9]
26 Worker 3 forwarding task 7
26 Worker 1 processing task 12 requiring operations [10, 2]
26 Worker 1 performing operation 2 on task 12
26 Worker 2 processing task 13 requiring operations [9, 6, 5]
26 Worker 2 forwarding task 13
27 Worker 2 accepting task 7
27 Worker 1 accepting task 12
27 Worker 4 accepting task 13
27 Worker 3 processing task 10 requiring operations [7]
27 Worker 3 forwarding task 10
27 Worker 1 processing task 11 requiring operations [9]
27 Worker 1 forwarding task 11
27 Worker 2 processing task 9 requiring operations [9]
27 Worker 2 forwarding task 9
27 Worker 4 processing task 13 requiring operations [9, 6, 5]
27 Worker 4 forwarding task 13
28 Generated task 14
28 Worker 0 accepting task 14
28 Worker 1 accepting task 10
28 Worker 0 accepting task 11
28 Worker 3 accepting task 9
28 Worker 1 accepting task 13
28 Worker 1 processing task 12 requiring operations [10]
28 Worker 1 forwarding task 12
28 Worker 2 processing task 7 requiring operations [9]
28 Worker 2 forwarding task 7
28 Worker 0 processing task 14 requiring operations [8, 5, 9]
28 Worker 0 performing operation 5 on task 14
28 Worker 3 processing task 9 requiring operations [9]
28 Worker 3 forwarding task 9
29 Worker 0 accepting task 12
29 Worker 4 accepting task 7
29 Worker 0 accepting task 14
29 Worker 0 accepting task 9
29 Worker 1 processing task 10 requiring operations [7]
29 Worker 1 performing operation 7 on task 10
29 Worker 0 processing task 11 requiring operations [9]
29 Worker 0 performing operation 9 on task 11
29 Worker 4 processing task 7 requiring operations [9]
29 Worker 4 forwarding task 7
30 Generated task 15
30 Worker 2 accepting task 15
30 Task 10 completed!
30 Task 11 completed!
30 Worker 2 accepting task 7
30 Worker 1 processing task 13 requiring operations [9, 6, 5]
30 Worker 1 forwarding task 13
30 Worker 0 processing task 12 requiring operations [10]
30 Worker 0 forwarding task 12
30 Worker 2 processing task 15 requiring operations [7, 2, 3]
30 Worker 2 forwarding task 15
31 Worker 0 accepting task 13
31 Worker 2 accepting task 12
31 Worker 4 accepting task 15
31 Worker 0 processing task 14 requiring operations [8, 9]
31 Worker 0 performing operation 9 on task 14
31 Worker 2 processing task 7 requiring operations [9]
31 Worker 2 forwarding task 7
31 Worker 4 processing task 15 requiring operations [7, 2, 3]
31 Worker 4 performing operation 3 on task 15
32 Generated task 16
32 Worker 0 accepting task 16
32 Worker 0 accepting task 14
32 Worker 4 accepting task 7
32 Worker 4 accepting task 15
32 Worker 0 processing task 9 requiring operations [9]
32 Worker 0 performing operation 9 on task 9
32 Worker 2 processing task 12 requiring operations [10]
32 Worker 2 forwarding task 12
32 Worker 4 processing task 7 requiring operations [9]
32 Worker 4 forwarding task 7
33 Task 9 completed!
33 Worker 4 accepting task 12
33 Worker 1 accepting task 7
33 Worker 0 processing task 13 requiring operations [9, 6, 5]
33 Worker 0 performing operation 5 on task 13
33 Worker 4 processing task 15 requiring operations [7, 2]
33 Worker 4 forwarding task 15
33 Worker 1 processing task 7 requiring operations [9]
33 Worker 1 forwarding task 7
34 Generated task 17
34 Worker 0 accepting task 17
34 Worker 0 accepting task 13
34 Worker 1 accepting task 15
34 Worker 0 accepting task 7
34 Worker 0 processing task 16 requiring operations [6, 9, 4]
34 Worker 0 performing operation 9 on task 16
34 Worker 4 processing task 12 requiring operations [10]
34 Worker 4 performing operation 10 on task 12
34 Worker 1 processing task 15 requiring operations [7, 2]
34 Worker 1 performing operation 2 on task 15
35 Worker 0 accepting task 16
35 Task 12 completed!
35 Worker 1 accepting task 15
35 Worker 0 processing task 14 requiring operations [8]
35 Worker 0 forwarding task 14
35 Worker 1 processing task 15 requiring operations [7]
35 Worker 1 performing operation 7 on task 15
36 Generated task 18
36 Worker 4 accepting task 18
36 Worker 2 accepting task 14
36 Task 15 completed!
36 Worker 0 processing task 17 requiring operations [1, 4, 5]
36 Worker 0 performing operation 5 on task 17
36 Worker 4 processing task 18 requiring operations [2, 7, 9]
36 Worker 4 forwarding task 18
36 Worker 2 processing task 14 requiring operations [8]
36 Worker 2 forwarding task 14
37 Worker 0 accepting task 17
37 Worker 2 accepting task 18
37 Worker 4 accepting task 14
37 Worker 0 processing task 13 requiring operations [9, 6]
37 Worker 0 performing operation 9 on task 13
37 Worker 2 processing task 18 requiring operations [2, 7, 9]
37 Worker 2 forwarding task 18
37 Worker 4 processing task 14 requiring operations [8]
37 Worker 4 forwarding task 14
38 Generated task 19
38 Worker 1 accepting task 19
38 Worker 0 accepting task 13
38 Worker 4 accepting task 18
38 Worker 2 accepting task 14
38 Worker 0 processing task 7 requiring operations [9]
38 Worker 0 performing operation 9 on task 7
38 Worker 4 processing task 18 requiring operations [2, 7, 9]
38 Worker 4 forwarding task 18
38 Worker 1 processing task 19 requiring operations [2, 3, 10]
38 Worker 1 performing operation 2 on task 19
38 Worker 2 processing task 14 requiring operations [8]
38 Worker 2 forwarding task 14
39 Task 7 completed!
39 Worker 1 accepting task 18
39 Worker 1 accepting task 19
39 Worker 0 accepting task 14
39 Worker 0 processing task 16 requiring operations [6, 4]
39 Worker 0 forwarding task 16
39 Worker 1 processing task 18 requiring operations [2, 7, 9]
39 Worker 1 performing operation 7 on task 18
40 Generated task 20
40 Worker 2 accepting task 20
40 Worker 1 accepting task 16
40 Worker 1 accepting task 18
40 Worker 0 processing task 17 requiring operations [1, 4]
40 Worker 0 forwarding task 17
40 Worker 1 processing task 19 requiring operations [3, 10]
40 Worker 1 forwarding task 19
40 Worker 2 processing task 20 requiring operations [8, 7, 2]
40 Worker 2 forwarding task 20
41 Worker 2 accepting task 17
41 Worker 4 accepting task 19
41 Worker 0 accepting task 20
41 Worker 0 processing task 13 requiring operations [6]
41 Worker 0 forwarding task 13
41 Worker 1 processing task 16 requiring operations [6, 4]
41 Worker 1 forwarding task 16
41 Worker 2 processing task 17 requiring operations [1, 4]
41 Worker 2 performing operation 1 on task 17
41 Worker 4 processing task 19 requiring operations [3, 10]
41 Worker 4 performing operation 3 on task 19
42 Generated task 21
42 Worker 1 accepting task 21
42 Worker 3 accepting task 13
42 Worker 4 accepting task 16
42 Worker 2 accepting task 17
42 Worker 4 accepting task 19
42 Worker 0 processing task 14 requiring operations [8]
42 Worker 0 forwarding task 14
42 Worker 1 processing task 18 requiring operations [2, 9]
42 Worker 1 performing operation 2 on task 18
42 Worker 2 processing task 17 requiring operations [4]
42 Worker 2 forwarding task 17
42 Worker 4 processing task 16 requiring operations [6, 4]
42 Worker 4 forwarding task 16
42 Worker 3 processing task 13 requiring operations [6]
42 Worker 3 performing operation 6 on task 13
43 Worker 1 accepting task 14
43 Worker 1 accepting task 18
43 Worker 0 accepting task 17
43 Worker 2 accepting task 16
43 Task 13 completed!
43 Worker 0 processing task 20 requiring operations [8, 7, 2]
43 Worker 0 forwarding task 20
43 Worker 1 processing task 21 requiring operations [2, 7, 9]
43 Worker 1 performing operation 2 on task 21
43 Worker 4 processing task 19 requiring operations [10]
43 Worker 4 performing operation 10 on task 19
43 Worker 2 processing task 16 requiring operations [6, 4]
43 Worker 2 forwarding task 16
44 Generated task 22
44 Worker 3 accepting task 22
44 Worker 3 accepting task 20
44 Worker 1 accepting task 21
44 Task 19 completed!
44 Worker 3 accepting task 16
44 Worker 0 processing task 17 requiring operations [4]
44 Worker 0 forwarding task 17
44 Worker 1 processing task 14 requiring operations [8]
44 Worker 1 forwarding task 14
44 Worker 3 processing task 22 requiring operations [8, 4, 7]
44 Worker 3 performing operation 8 on task 22
45 Worker 2 accepting task 17
45 Worker 4 accepting task 14
45 Worker 3 accepting task 22
45 Worker 1 processing task 18 requiring operations [9]
45 Worker 1 forwarding task 18
45 Worker 3 processing task 20 requiring operations [8, 7, 2]
45 Worker 3 performing operation 8 on task 20
45 Worker 2 processing task 17 requiring operations [4]
45 Worker 2 forwarding task 17
45 Worker 4 processing task 14 requiring operations [8]
45 Worker 4 forwarding task 14
46 Generated task 23
46 Worker 1 accepting task 23
46 Worker 3 accepting task 18
46 Worker 3 accepting task 20
46 Worker 0 accepting task 17
46 Worker 2 accepting task 14
46 Worker 1 processing task 21 requiring operations [7, 9]
46 Worker 1 performing operation 7 on task 21
46 Worker 3 processing task 16 requiring operations [6, 4]
46 Worker 3 performing operation 4 on task 16
46 Worker 0 processing task 17 requiring operations [4]
46 Worker 0 forwarding task 17
46 Worker 2 processing task 14 requiring operations [8]
46 Worker 2 forwarding task 14
47 Worker 1 accepting task 21
47 Worker 3 accepting task 16
47 Worker 2 accepting task 17
47 Worker 4 accepting task 14
47 Worker 1 processing task 23 requiring operations [5, 2, 9]
47 Worker 1 performing operation 2 on task 23
47 Worker 3 processing task 22 requiring operations [4, 7]
47 Worker 3 performing operation 4 on task 22
47 Worker 2 processing task 17 requiring operations [4]
47 Worker 2 forwarding task 17
47 Worker 4 processing task 14 requiring operations [8]
47 Worker 4 forwarding task 14
48 Generated task 24
48 Worker 3 accepting task 24
48 Worker 1 accepting task 23
48 Worker 3 accepting task 22
48 Worker 0 accepting task 17
48 Worker 1 accepting task 14
48 Worker 1 processing task 21 requiring operations [9]
48 Worker 1 forwarding task 21
48 Worker 3 processing task 18 requiring operations [9]
48 Worker 3 forwarding task 18
48 Worker 0 processing task 17 requiring operations [4]
48 Worker 0 forwarding task 17
49 Worker 0 accepting task 21
49 Worker 1 accepting task 18
49 Worker 1 accepting task 17
49 Worker 1 processing task 23 requiring operations [5, 9]
49 Worker 1 forwarding task 23
49 Worker 3 processing task 20 requiring operations [7, 2]
49 Worker 3 performing operation 2 on task 20
49 Worker 0 processing task 21 requiring operations [9]
49 Worker 0 performing operation 9 on task 21
50 Generated task 25
50 Worker 4 accepting task 25
50 Worker 0 accepting task 23
50 Worker 3 accepting task 20
50 Task 21 completed!
50 Worker 1 processing task 14 requiring operations [8]
50 Worker 1 forwarding task 14
50 Worker 3 processing task 16 requiring operations [6]
50 Worker 3 performing operation 6 on task 16
50 Worker 0 processing task 23 requiring operations [5, 9]
50 Worker 0 performing operation 9 on task 23
50 Worker 4 processing task 25 requiring operations [10, 6, 9]
50 Worker 4 performing operation 10 on task 25
51 Worker 4 accepting task 14
51 Task 16 completed!
51 Worker 0 accepting task 23
51 Worker 4 accepting task 25
51 Worker 1 processing task 18 requiring operations [9]
51 Worker 1 forwarding task 18
51 Worker 3 processing task 24 requiring operations [9, 3, 10]
51 Worker 3 performing operation 10 on task 24
51 Worker 0 processing task 23 requiring operations [5]
51 Worker 0 performing operation 5 on task 23
51 Worker 4 processing task 14 requiring operations [8]
51 Worker 4 forwarding task 14
52 Generated task 26
52 Worker 1 accepting task 26
52 Worker 4 accepting task 18
52 Worker 3 accepting task 24
52 Task 23 completed!
52 Worker 1 accepting task 14
52 Worker 1 processing task 17 requiring operations [4]
52 Worker 1 forwarding task 17
52 Worker 3 processing task 22 requiring operations [7]
52 Worker 3 forwarding task 22
52 Worker 4 processing task 25 requiring operations [6, 9]
52 Worker 4 forwarding task 25
53 Worker 0 accepting task 17
53 Worker 0 accepting task 22
53 Worker 2 accepting task 25
53 Worker 1 processing task 26 requiring operations [5, 9, 10]
53 Worker 1 forwarding task 26
53 Worker 3 processing task 20 requiring operations [7]
53 Worker 3 forwarding task 20
53 Worker 4 processing task 18 requiring operations [9]
53 Worker 4 forwarding task 18
53 Worker 0 processing task 17 requiring operations [4]
53 Worker 0 forwarding task 17
53 Worker 2 processing task 25 requiring operations [6, 9]
53 Worker 2 forwarding task 25
54 Generated task 27
54 Worker 4 accepting task 27
54 Worker 0 accepting task 26
54 Worker 2 accepting task 20
54 Worker 1 accepting task 18
54 Worker 3 accepting task 17
54 Worker 0 accepting task 25
54 Worker 1 processing task 14 requiring operations [8]
54 Worker 1 forwarding task 14
54 Worker 3 processing task 24 requiring operations [9, 3]
54 Worker 3 forwarding task 24
54 Worker 4 processing task 27 requiring operations [3, 8, 9]
54 Worker 4 performing operation 3 on task 27
54 Worker 0 processing task 22 requiring operations [7]
54 Worker 0 forwarding task 22
54 Worker 2 processing task 20 requiring operations [7]
54 Worker 2 forwarding task 20
55 Worker 3 accepting task 14
55 Worker 0 accepting task 24
55 Worker 4 accepting task 27
55 Worker 1 accepting task 22
55 Worker 3 accepting task 20
55 Worker 1 processing task 18 requiring operations [9]
55 Worker 1 forwarding task 18
55 Worker 3 processing task 17 requiring operations [4]
55 Worker 3 performing operation 4 on task 17
55 Worker 4 processing task 27 requiring operations [8, 9]
55 Worker 4 forwarding task 27
55 Worker 0 processing task 26 requiring operations [5, 9, 10]
55 Worker 0 performing operation 9 on task 26
56 Generated task 28
56 Worker 4 accepting task 28
56 Worker 0 accepting task 18
56 Task 17 completed!
56 Worker 2 accepting task 27
56 Worker 0 accepting task 26
56 Worker 1 processing task 22 requiring operations [7]
56 Worker 1 performing operation 7 on task 22
56 Worker 3 processing task 14 requiring operations [8]
56 Worker 3 performing operation 8 on task 14
56 Worker 4 processing task 28 requiring operations [8, 4, 1]
56 Worker 4 forwarding task 28
56 Worker 0 processing task 25 requiring operations [6, 9]
56 Worker 0 performing operation 9 on task 25
56 Worker 2 processing task 27 requiring operations [8, 9]
56 Worker 2 forwarding task 27
57 Task 22 completed!
57 Task 14 completed!
57 Worker 2 accepting task 28
57 Worker 0 accepting task 25
57 Worker 4 accepting task 27
57 Worker 3 processing task 20 requiring operations [7]
57 Worker 3 forwarding task 20
57 Worker 0 processing task 24 requiring operations [9, 3]
57 Worker 0 performing operation 9 on task 24
57 Worker 2 processing task 28 requiring operations [8, 4, 1]
57 Worker 2 performing operation 1 on task 28
57 Worker 4 processing task 27 requiring operations [8, 9]
57 Worker 4 forwarding task 27
58 Generated task 29
58 Worker 3 accepting task 29
58 Worker 0 accepting task 20
58 Worker 0 accepting task 24
58 Worker 2 accepting task 28
58 Worker 2 accepting task 27
58 Worker 3 processing task 29 requiring operations [3, 1, 9]
58 Worker 3 performing operation 1 on task 29
58 Worker 0 processing task 18 requiring operations [9]
58 Worker 0 performing operation 9 on task 18
58 Worker 2 processing task 28 requiring operations [8, 4]
58 Worker 2 forwarding task 28
59 Worker 3 accepting task 29
59 Task 18 completed!
59 Worker 3 accepting task 28
59 Worker 3 processing task 29 requiring operations [3, 9]
59 Worker 3 forwarding task 29
59 Worker 0 processing task 26 requiring operations [5, 10]
59 Worker 0 performing operation 5 on task 26
59 Worker 2 processing task 27 requiring operations [8, 9]
59 Worker 2 forwarding task 27
60 Generated task 30
60 Worker 2 accepting task 30
60 Worker 1 accepting task 29
60 Worker 0 accepting task 26
60 Worker 0 accepting task 27
60 Worker 3 processing task 28 requiring operations [8, 4]
60 Worker 3 performing operation 8 on task 28
60 Worker 0 processing task 25 requiring operations [6]
60 Worker 0 forwarding task 25
60 Worker 2 processing task 30 requiring operations [9, 7, 3]
60 Worker 2 forwarding task 30
60 Worker 1 processing task 29 requiring operations [3, 9]
60 Worker 1 forwarding task 29
61 Worker 3 accepting task 28
61 Worker 2 accepting task 25
61 Worker 0 accepting task 30
61 Worker 0 accepting task 29
61 Worker 3 processing task 28 requiring operations [4]
61 Worker 3 performing operation 4 on task 28
61 Worker 0 processing task 20 requiring operations [7]
61 Worker 0 forwarding task 20
61 Worker 2 processing task 25 requiring operations [6]
61 Worker 2 forwarding task 25
62 Generated task 31
62 Worker 2 accepting task 31
62 Task 28 completed!
62 Worker 1 accepting task 20
62 Worker 0 accepting task 25
62 Worker 0 processing task 24 requiring operations [3]
62 Worker 0 forwarding task 24
62 Worker 2 processing task 31 requiring operations [8, 10, 9]
62 Worker 2 forwarding task 31
62 Worker 1 processing task 20 requiring operations [7]
62 Worker 1 performing operation 7 on task 20
63 Worker 1 accepting task 24
63 Worker 4 accepting task 31
63 Task 20 completed!
63 Worker 0 processing task 26 requiring operations [10]
63 Worker 0 forwarding task 26
63 Worker 1 processing task 24 requiring operations [3]
63 Worker 1 forwarding task 24
63 Worker 4 processing task 31 requiring operations [8, 10, 9]
63 Worker 4 performing operation 10 on task 31
64 Generated task 32
64 Worker 2 accepting task 32
64 Worker 1 accepting task 26
64 Worker 0 accepting task 24
64 Worker 4 accepting task 31
64 Worker 0 processing task 27 requiring operations [8, 9]
64 Worker 0 performing operation 9 on task 27
64 Worker 1 processing task 26 requiring operations [10]
64 Worker 1 forwarding task 26
64 Worker 4 processing task 31 requiring operations [8, 9]
64 Worker 4 forwarding task 31
64 Worker 2 processing task 32 requiring operations [4, 2, 7]
64 Worker 2 forwarding task 32
65 Worker 0 accepting task 27
65 Worker 4 accepting task 26
65 Worker 1 accepting task 31
65 Worker 4 accepting task 32
65 Worker 0 processing task 30 requiring operations [9, 7, 3]
65 Worker 0 performing operation 9 on task 30
65 Worker 4 processing task 26 requiring operations [10]
65 Worker 4 performing operation 10 on task 26
65 Worker 1 processing task 31 requiring operations [8, 9]
65 Worker 1 forwarding task 31
66 Generated task 33
66 Worker 3 accepting task 33
66 Worker 0 accepting task 30
66 Task 26 completed!
66 Worker 0 accepting task 31
66 Worker 0 processing task 29 requiring operations [3, 9]
66 Worker 0 performing operation 9 on task 29
66 Worker 4 processing task 32 requiring operations [4, 2, 7]
66 Worker 4 forwarding task 32
66 Worker 3 processing task 33 requiring operations [5, 2, 6]
66 Worker 3 performing operation 2 on task 33
67 Worker 0 accepting task 29
67 Worker 1 accepting task 32
67 Worker 3 accepting task 33
67 Worker 0 processing task 25 requiring operations [6]
67 Worker 0 forwarding task 25
67 Worker 3 processing task 33 requiring operations [5, 6]
67 Worker 3 performing operation 6 on task 33
67 Worker 1 processing task 32 requiring operations [4, 2, 7]
67 Worker 1 performing operation 7 on task 32
68 Generated task 34
68 Worker 4 accepting task 34
68 Worker 2 accepting task 25
68 Worker 3 accepting task 33
68 Worker 1 accepting task 32
68 Worker 0 processing task 24 requiring operations [3]
68 Worker 0 forwarding task 24
68 Worker 3 processing task 33 requiring operations [5]
68 Worker 3 forwarding task 33
68 Worker 1 processing task 32 requiring operations [4, 2]
68 Worker 1 performing operation 2 on task 32
68 Worker 4 processing task 34 requiring operations [2, 1, 6]
68 Worker 4 forwarding task 34
68 Worker 2 processing task 25 requiring operations [6]
68 Worker 2 forwarding task 25
69 Worker 2 accepting task 24
69 Worker 1 accepting task 33
69 Worker 1 accepting task 32
69 Worker 2 accepting task 34
69 Worker 0 accepting task 25
69 Worker 0 processing task 27 requiring operations [8]
69 Worker 0 forwarding task 27
69 Worker 1 processing task 33 requiring operations [5]
69 Worker 1 forwarding task 33
69 Worker 2 processing task 24 requiring operations [3]
69 Worker 2 forwarding task 24
70 Generated task 35
70 Worker 3 accepting task 35
70 Worker 3 accepting task 27
70 Worker 3 accepting task 33
70 Worker 3 accepting task 24
70 Worker 0 processing task 30 requiring operations [7, 3]
70 Worker 0 forwarding task 30
70 Worker 1 processing task 32 requiring operations [4]
70 Worker 1 forwarding task 32
70 Worker 2 processing task 34 requiring operations [2, 1, 6]
70 Worker 2 performing operation 1 on task 34
70 Worker 3 processing task 35 requiring operations [6, 5, 9]
70 Worker 3 performing operation 6 on task 35
71 Worker 2 accepting task 30
71 Worker 0 accepting task 32
71 Worker 2 accepting task 34
71 Worker 3 accepting task 35
71 Worker 0 processing task 31 requiring operations [8, 9]
71 Worker 0 performing operation 9 on task 31
71 Worker 2 processing task 30 requiring operations [7, 3]
71 Worker 2 forwarding task 30
71 Worker 3 processing task 27 requiring operations [8]
71 Worker 3 performing operation 8 on task 27
72 Generated task 36
72 Worker 3 accepting task 36
72 Worker 0 accepting task 31
72 Worker 3 accepting task 30
72 Task 27 completed!
72 Worker 0 processing task 29 requiring operations [3]
72 Worker 0 forwarding task 29
72 Worker 2 processing task 34 requiring operations [2, 6]
72 Worker 2 forwarding task 34
72 Worker 3 processing task 33 requiring operations [5]
72 Worker 3 forwarding task 33
73 Worker 3 accepting task 29
73 Worker 3 accepting task 34
73 Worker 0 accepting task 33
73 Worker 0 processing task 25 requiring operations [6]
73 Worker 0 forwarding task 25
73 Worker 3 processing task 24 requiring operations [3]
73 Worker 3 forwarding task 24
74 Generated task 37
74 Worker 1 accepting task 37
74 Worker 1 accepting task 25
74 Worker 2 accepting task 24
74 Worker 0 processing task 32 requiring operations [4]
74 Worker 0 forwarding task 32
74 Worker 3 processing task 35 requiring operations [5, 9]
74 Worker 3 forwarding task 35
74 Worker 1 processing task 37 requiring operations [3, 6, 1]
74 Worker 1 forwarding task 37
74 Worker 2 processing task 24 requiring operations [3]
74 Worker 2 forwarding task 24
75 Worker 2 accepting task 32
75 Worker 1 accepting task 35
75 Worker 0 accepting task 37
75 Worker 3 accepting task 24
75 Worker 0 processing task 31 requiring operations [8]
75 Worker 0 forwarding task 31
75 Worker 3 processing task 36 requiring operations [5, 9, 4]
75 Worker 3 performing operation 4 on task 36
75 Worker 1 processing task 25 requiring operations [6]
75 Worker 1 forwarding task 25
75 Worker 2 processing task 32 requiring operations [4]
75 Worker 2 forwarding task 32
76 Generated task 38
76 Worker 0 accepting task 38
76 Worker 3 accepting task 31
76 Worker 3 accepting task 36
76 Worker 0 accepting task 25
76 Worker 0 accepting task 32
76 Worker 0 processing task 33 requiring operations [5]
76 Worker 0 performing operation 5 on task 33
76 Worker 3 processing task 30 requiring operations [7, 3]
76 Worker 3 forwarding task 30
76 Worker 1 processing task 35 requiring operations [5, 9]
76 Worker 1 forwarding task 35
77 Task 33 completed!
77 Worker 2 accepting task 30
77 Worker 4 accepting task 35
77 Worker 0 processing task 37 requiring operations [3, 6, 1]
77 Worker 0 forwarding task 37
77 Worker 3 processing task 29 requiring operations [3]
77 Worker 3 forwarding task 29
77 Worker 2 processing task 30 requiring operations [7, 3]
77 Worker 2 forwarding task 30
77 Worker 4 processing task 35 requiring operations [5, 9]
77 Worker 4 forwarding task 35
78 Generated task 39
78 Worker 2 accepting task 39
78 Worker 2 accepting task 37
78 Worker 1 accepting task 29
78 Worker 4 accepting task 30
78 Worker 2 accepting task 35
78 Worker 0 processing task 38 requiring operations [3, 7, 2]
78 Worker 0 forwarding task 38
78 Worker 3 processing task 34 requiring operations [2, 6]
78 Worker 3 performing operation 2 on task 34
78 Worker 2 processing task 39 requiring operations [2, 9, 7]
78 Worker 2 forwarding task 39
78 Worker 4 processing task 30 requiring operations [7, 3]
78 Worker 4 performing operation 3 on task 30
78 Worker 1 processing task 29 requiring operations [3]
78 Worker 1 forwarding task 29
79 Worker 2 accepting task 38
79 Worker 3 accepting task 34
79 Worker 3 accepting task 39
79 Worker 4 accepting task 30
79 Worker 3 accepting task 29
79 Worker 0 processing task 25 requiring operations [6]
79 Worker 0 forwarding task 25
79 Worker 3 processing task 24 requiring operations [3]
79 Worker 3 forwarding task 24
79 Worker 2 processing task 37 requiring operations [3, 6, 1]
79 Worker 2 performing operation 1 on task 37
79 Worker 4 processing task 30 requiring operations [7]
79 Worker 4 forwarding task 30
80 Generated task 40
80 Worker 1 accepting task 40
80 Worker 2 accepting task 25
80 Worker 1 accepting task 24
80 Worker 2 accepting task 37
80 Worker 2 accepting task 30
80 Worker 0 processing task 32 requiring operations [4]
80 Worker 0 forwarding task 32
80 Worker 3 processing task 31 requiring operations [8]
80 Worker 3 performing operation 8 on task 31
80 Worker 2 processing task 35 requiring operations [5, 9]
80 Worker 2 forwarding task 35
80 Worker 1 processing task 40 requiring operations [10, 6, 4]
80 Worker 1 forwarding task 40
81 Worker 3 accepting task 32
81 Task 31 completed!
81 Worker 0 accepting task 35
81 Worker 3 accepting task 40
81 Worker 3 processing task 36 requiring operations [5, 9]
81 Worker 3 forwarding task 36
81 Worker 2 processing task 38 requiring operations [3, 7, 2]
81 Worker 2 forwarding task 38
81 Worker 1 processing task 24 requiring operations [3]
81 Worker 1 forwarding task 24
81 Worker 0 processing task 35 requiring operations [5, 9]
81 Worker 0 performing operation 5 on task 35
82 Generated task 41
82 Worker 1 accepting task 41
82 Worker 2 accepting task 36
82 Worker 4 accepting task 38
82 Worker 4 accepting task 24
82 Worker 0 accepting task 35
82 Worker 3 processing task 34 requiring operations [6]
82 Worker 3 performing operation 6 on task 34
82 Worker 2 processing task 25 requiring operations [6]
82 Worker 2 forwarding task 25
82 Worker 1 processing task 41 requiring operations [6, 8, 5]
82 Worker 1 forwarding task 41
82 Worker 0 processing task 35 requiring operations [9]
82 Worker 0 performing operation 9 on task 35
82 Worker 4 processing task 38 requiring operations [3, 7, 2]
82 Worker 4 performing operation 3 on task 38
83 Task 34 completed!
83 Worker 3 accepting task 25
83 Worker 0 accepting task 41
83 Task 35 completed!
83 Worker 4 accepting task 38
83 Worker 3 processing task 39 requiring operations [2, 9, 7]
83 Worker 3 performing operation 2 on task 39
83 Worker 2 processing task 37 requiring operations [3, 6]
83 Worker 2 forwarding task 37
83 Worker 0 processing task 41 requiring operations [6, 8, 5]
83 Worker 0 performing operation 5 on task 41
83 Worker 4 processing task 24 requiring operations [3]
83 Worker 4 performing operation 3 on task 24
84 Generated task 42
84 Worker 3 accepting task 42
84 Worker 3 accepting task 39
84 Worker 0 accepting task 37
84 Worker 0 accepting task 41
84 Task 24 completed!
84 Worker 3 processing task 29 requiring operations [3]
84 Worker 3 forwarding task 29
84 Worker 2 processing task 30 requiring operations [7]
84 Worker 2 forwarding task 30
84 Worker 0 processing task 37 requiring operations [3, 6]
84 Worker 0 forwarding task 37
84 Worker 4 processing task 38 requiring operations [7, 2]
84 Worker 4 forwarding task 38
85 Worker 1 accepting task 29
85 Worker 3 accepting task 30
85 Worker 3 accepting task 37
85 Worker 1 accepting task 38
85 Worker 3 processing task 32 requiring operations [4]
85 Worker 3 performing operation 4 on task 32
85 Worker 2 processing task 36 requiring operations [5, 9]
85 Worker 2 forwarding task 36
85 Worker 0 processing task 41 requiring operations [6, 8]
85 Worker 0 forwarding task 41
85 Worker 1 processing task 29 requiring operations [3]
85 Worker 1 forwarding task 29
86 Generated task 43
86 Worker 0 accepting task 43
86 Task 32 completed!
86 Worker 0 accepting task 36
86 Worker 1 accepting task 41
86 Worker 3 accepting task 29
86 Worker 3 processing task 40 requiring operations [10, 6, 4]
86 Worker 3 performing operation 6 on task 40
86 Worker 0 processing task 43 requiring operations [7, 3, 1]
86 Worker 0 forwarding task 43
86 Worker 1 processing task 38 requiring operations [7, 2]
86 Worker 1 performing operation 2 on task 38
87 Worker 3 accepting task 40
87 Worker 3 accepting task 43
87 Worker 1 accepting task 38
87 Worker 3 processing task 25 requiring operations [6]
87 Worker 3 performing operation 6 on task 25
87 Worker 0 processing task 36 requiring operations [5, 9]
87 Worker 0 performing operation 9 on task 36
87 Worker 1 processing task 41 requiring operations [6, 8]
87 Worker 1 forwarding task 41
88 Generated task 44
88 Worker 4 accepting task 44
88 Task 25 completed!
88 Worker 0 accepting task 36
88 Worker 0 accepting task 41
88 Worker 3 processing task 42 requiring operations [3, 2, 10]
88 Worker 3 performing operation 10 on task 42
88 Worker 0 processing task 36 requiring operations [5]
88 Worker 0 performing operation 5 on task 36
88 Worker 1 processing task 38 requiring operations [7]
88 Worker 1 performing operation 7 on task 38
88 Worker 4 processing task 44 requiring operations [8, 7, 2]
88 Worker 4 forwarding task 44
89 Worker 3 accepting task 42
89 Task 36 completed!
89 Task 38 completed!
89 Worker 2 accepting task 44
89 Worker 3 processing task 39 requiring operations [9, 7]
89 Worker 3 forwarding task 39
89 Worker 0 processing task 41 requiring operations [6, 8]
89 Worker 0 forwarding task 41
89 Worker 2 processing task 44 requiring operations [8, 7, 2]
89 Worker 2 forwarding task 44
90 Generated task 45
90 Worker 3 accepting task 45
90 Worker 1 accepting task 39
90 Worker 2 accepting task 41
90 Worker 4 accepting task 44
90 Worker 3 processing task 30 requiring operations [7]
90 Worker 3 forwarding task 30
90 Worker 2 processing task 41 requiring operations [6, 8]
90 Worker 2 forwarding task 41
90 Worker 1 processing task 39 requiring operations [9, 7]
90 Worker 1 performing operation 7 on task 39
90 Worker 4 processing task 44 requiring operations [8, 7, 2]
90 Worker 4 forwarding task 44
91 Worker 1 accepting task 30
91 Worker 4 accepting task 41
91 Worker 1 accepting task 39
91 Worker 2 accepting task 44
91 Worker 3 processing task 37 requiring operations [3, 6]
91 Worker 3 performing operation 6 on task 37
91 Worker 1 processing task 30 requiring operations [7]
91 Worker 1 performing operation 7 on task 30
91 Worker 4 processing task 41 requiring operations [6, 8]
91 Worker 4 forwarding task 41
91 Worker 2 processing task 44 requiring operations [8, 7, 2]
91 Worker 2 forwarding task 44
92 Generated task 46
92 Worker 2 accepting task 46
92 Worker 3 accepting task 37
92 Task 30 completed!
92 Worker 2 accepting task 41
92 Worker 3 accepting task 44
92 Worker 3 processing task 29 requiring operations [3]
92 Worker 3 forwarding task 29
92 Worker 1 processing task 39 requiring operations [9]
92 Worker 1 forwarding task 39
92 Worker 2 processing task 46 requiring operations [3, 2, 7]
92 Worker 2 forwarding task 46
93 Worker 0 accepting task 29
93 Worker 0 accepting task 39
93 Worker 0 accepting task 46
93 Worker 3 processing task 40 requiring operations [10, 4]
93 Worker 3 performing operation 4 on task 40
93 Worker 2 processing task 41 requiring operations [6, 8]
93 Worker 2 forwarding task 41
93 Worker 0 processing task 29 requiring operations [3]
93 Worker 0 forwarding task 29
94 Generated task 47
94 Worker 2 accepting task 47
94 Worker 3 accepting task 40
94 Worker 0 accepting task 41
94 Worker 1 accepting task 29
94 Worker 3 processing task 43 requiring operations [7, 3, 1]
94 Worker 3 performing operation 1 on task 43
94 Worker 2 processing task 47 requiring operations [7, 3, 8]
94 Worker 2 forwarding task 47
94 Worker 0 processing task 39 requiring operations [9]
94 Worker 0 performing operation 9 on task 39
94 Worker 1 processing task 29 requiring operations [3]
94 Worker 1 forwarding task 29
95 Worker 3 accepting task 43
95 Worker 0 accepting task 47
95 Task 39 completed!
95 Worker 0 accepting task 29
95 Worker 3 processing task 42 requiring operations [3, 2]
95 Worker 3 performing operation 2 on task 42
95 Worker 0 processing task 46 requiring operations [3, 2, 7]
95 Worker 0 forwarding task 46
96 Generated task 48
96 Worker 4 accepting task 48
96 Worker 3 accepting task 42
96 Worker 2 accepting task 46
96 Worker 3 processing task 45 requiring operations [6, 8, 10]
96 Worker 3 performing operation 10 on task 45
96 Worker 0 processing task 41 requiring operations [6, 8]
96 Worker 0 forwarding task 41
96 Worker 4 processing task 48 requiring operations [6, 7, 3]
96 Worker 4 performing operation 3 on task 48
96 Worker 2 processing task 46 requiring operations [3, 2, 7]
96 Worker 2 forwarding task 46
97 Worker 3 accepting task 45
97 Worker 2 accepting task 41
97 Worker 4 accepting task 48
97 Worker 3 accepting task 46
97 Worker 3 processing task 37 requiring operations [3]
97 Worker 3 forwarding task 37
97 Worker 0 processing task 47 requiring operations [7, 3, 8]
97 Worker 0 forwarding task 47
97 Worker 4 processing task 48 requiring operations [6, 7]
97 Worker 4 forwarding task 48
97 Worker 2 processing task 41 requiring operations [6, 8]
97 Worker 2 forwarding task 41
98 Generated task 49
98 Worker 0 accepting task 49
98 Worker 0 accepting task 37
98 Worker 2 accepting task 47
98 Worker 1 accepting task 48
98 Worker 4 accepting task 41
98 Worker 3 processing task 44 requiring operations [8, 7, 2]
98 Worker 3 performing operation 8 on task 44
98 Worker 0 processing task 29 requiring operations [3]
98 Worker 0 forwarding task 29
98 Worker 2 processing task 47 requiring operations [7, 3, 8]
98 Worker 2 forwarding task 47
98 Worker 1 processing task 48 requiring operations [6, 7]
98 Worker 1 performing operation 7 on task 48
98 Worker 4 processing task 41 requiring operations [6, 8]
98 Worker 4 forwarding task 41
99 Worker 3 accepting task 44
99 Worker 3 accepting task 29
99 Worker 0 accepting task 47
99 Worker 1 accepting task 48
99 Worker 1 accepting task 41
99 Worker 3 processing task 40 requiring operations [10]
99 Worker 3 performing operation 10 on task 40
99 Worker 0 processing task 49 requiring operations [9, 2, 8]
99 Worker 0 performing operation 9 on task 49
99 Worker 1 processing task 48 requiring operations [6]
99 Worker 1 forwarding task 48
100 Generated task 50
100 Worker 0 accepting task 50
100 Task 40 completed!
100 Worker 0 accepting task 49
100 Worker 0 accepting task 48
100 Worker 3 processing task 43 requiring operations [7, 3]
100 Worker 3 forwarding task 43
100 Worker 0 processing task 37 requiring operations [3]
100 Worker 0 forwarding task 37
100 Worker 1 processing task 41 requiring operations [6, 8]
100 Worker 1 forwarding task 41
101 Worker 1 accepting task 43
101 Worker 2 accepting task 37
101 Worker 0 accepting task 41
101 Worker 3 processing task 42 requiring operations [3]
101 Worker 3 forwarding task 42
101 Worker 0 processing task 47 requiring operations [7, 3, 8]
101 Worker 0 forwarding task 47
101 Worker 1 processing task 43 requiring operations [7, 3]
101 Worker 1 performing operation 7 on task 43
101 Worker 2 processing task 37 requiring operations [3]
101 Worker 2 forwarding task 37
102 Generated task 51
102 Worker 2 accepting task 51
102 Worker 0 accepting task 42
102 Worker 2 accepting task 47
102 Worker 1 accepting task 43
102 Worker 3 accepting task 37
102 Worker 3 processing task 45 requiring operations [6, 8]
102 Worker 3 performing operation 8 on task 45
102 Worker 0 processing task 50 requiring operations [9, 4, 10]
102 Worker 0 performing operation 9 on task 50
102 Worker 1 processing task 43 requiring operations [3]
102 Worker 1 forwarding task 43
102 Worker 2 processing task 51 requiring operations [4, 9, 7]
102 Worker 2 forwarding task 51
103 Worker 3 accepting task 45
103 Worker 0 accepting task 50
103 Worker 0 accepting task 43
103 Worker 4 accepting task 51
103 Worker 3 processing task 46 requiring operations [3, 2, 7]
103 Worker 3 performing operation 2 on task 46
103 Worker 0 processing task 49 requiring operations [2, 8]
103 Worker 0 forwarding task 49
103 Worker 2 processing task 47 requiring operations [7, 3, 8]
103 Worker 2 forwarding task 47
103 Worker 4 processing task 51 requiring operations [4, 9, 7]
103 Worker 4 forwarding task 51
104 Generated task 52
104 Worker 4 accepting task 52
104 Worker 3 accepting task 46
104 Worker 1 accepting task 49
104 Worker 0 accepting task 47
104 Worker 2 accepting task 51
104 Worker 3 processing task 44 requiring operations [7, 2]
104 Worker 3 performing operation 2 on task 44
104 Worker 0 processing task 48 requiring operations [6]
104 Worker 0 forwarding task 48
104 Worker 4 processing task 52 requiring operations [3, 5, 10]
104 Worker 4 performing operation 3 on task 52
104 Worker 1 processing task 49 requiring operations [2, 8]
104 Worker 1 performing operation 2 on task 49
104 Worker 2 processing task 51 requiring operations [4, 9, 7]
104 Worker 2 forwarding task 51
105 Worker 3 accepting task 44
105 Worker 3 accepting task 48
105 Worker 4 accepting task 52
105 Worker 1 accepting task 49
105 Worker 0 accepting task 51
105 Worker 3 processing task 29 requiring operations [3]
105 Worker 3 forwarding task 29
105 Worker 0 processing task 41 requiring operations [6, 8]
105 Worker 0 forwarding task 41
105 Worker 4 processing task 52 requiring operations [5, 10]
105 Worker 4 performing operation 10 on task 52
105 Worker 1 processing task 49 requiring operations [8]
105 Worker 1 forwarding task 49
106 Generated task 53
106 Worker 0 accepting task 53
106 Worker 1 accepting task 29
106 Worker 2 accepting task 41
106 Worker 4 accepting task 52
106 Worker 3 accepting task 49
106 Worker 3 processing task 37 requiring operations [3]
106 Worker 3 forwarding task 37
106 Worker 0 processing task 42 requiring operations [3]
106 Worker 0 forwarding task 42
106 Worker 4 processing task 52 requiring operations [5]
106 Worker 4 forwarding task 52
106 Worker 1 processing task 29 requiring operations [3]
106 Worker 1 forwarding task 29
106 Worker 2 processing task 41 requiring operations [6, 8]
106 Worker 2 forwarding task 41
107 Worker 1 accepting task 37
107 Worker 3 accepting task 42
107 Worker 2 accepting task 52
107 Worker 3 accepting task 29
107 Worker 0 accepting task 41
107 Worker 3 processing task 45 requiring operations [6]
107 Worker 3 performing operation 6 on task 45
107 Worker 0 processing task 50 requiring operations [4, 10]
107 Worker 0 forwarding task 50
107 Worker 1 processing task 37 requiring operations [3]
107 Worker 1 forwarding task 37
107 Worker 2 processing task 52 requiring operations [5]
107 Worker 2 forwarding task 52
108 Generated task 54
108 Worker 3 accepting task 54
108 Task 45 completed!
108 Worker 2 accepting task 50
108 Worker 3 accepting task 37
108 Worker 4 accepting task 52
108 Worker 3 processing task 46 requiring operations [3, 7]
108 Worker 3 forwarding task 46
108 Worker 0 processing task 43 requiring operations [3]
108 Worker 0 forwarding task 43
108 Worker 2 processing task 50 requiring operations [4, 10]
108 Worker 2 forwarding task 50
108 Worker 4 processing task 52 requiring operations [5]
108 Worker 4 forwarding task 52
109 Worker 2 accepting task 46
109 Worker 2 accepting task 43
109 Worker 3 accepting task 50
109 Worker 1 accepting task 52
109 Worker 3 processing task 44 requiring operations [7]
109 Worker 3 forwarding task 44
109 Worker 0 processing task 47 requiring operations [7, 3, 8]
109 Worker 0 forwarding task 47
109 Worker 2 processing task 46 requiring operations [3, 7]
109 Worker 2 forwarding task 46
109 Worker 1 processing task 52 requiring operations [5]
109 Worker 1 forwarding task 52
110 Generated task 55
110 Worker 0 accepting task 55
110 Worker 1 accepting task 44
110 Worker 2 accepting task 47
110 Worker 4 accepting task 46
110 Worker 3 accepting task 52
110 Worker 3 processing task 48 requiring operations [6]
110 Worker 3 performing operation 6 on task 48
110 Worker 0 processing task 51 requiring operations [4, 9, 7]
110 Worker 0 performing operation 9 on task 51
110 Worker 2 processing task 43 requiring operations [3]
110 Worker 2 forwarding task 43
110 Worker 1 processing task 44 requiring operations [7]
110 Worker 1 performing operation 7 on task 44
110 Worker 4 processing task 46 requiring operations [3, 7]
110 Worker 4 performing operation 3 on task 46
111 Task 48 completed!
111 Worker 0 accepting task 51
111 Worker 4 accepting task 43
111 Task 44 completed!
111 Worker 4 accepting task 46
111 Worker 3 processing task 49 requiring operations [8]
111 Worker 3 performing operation 8 on task 49
111 Worker 0 processing task 53 requiring operations [10, 9, 1]
111 Worker 0 performing operation 9 on task 53
111 Worker 2 processing task 47 requiring operations [7, 3, 8]
111 Worker 2 forwarding task 47
111 Worker 4 processing task 43 requiring operations [3]
111 Worker 4 performing operation 3 on task 43
112 Generated task 56
112 Worker 2 accepting task 56
112 Task 49 completed!
112 Worker 0 accepting task 53
112 Worker 4 accepting task 47
112 Task 43 completed!
112 Worker 3 processing task 42 requiring operations [3]
112 Worker 3 forwarding task 42
112 Worker 0 processing task 41 requiring operations [6, 8]
112 Worker 0 forwarding task 41
112 Worker 2 processing task 56 requiring operations [9, 4, 10]
112 Worker 2 forwarding task 56
112 Worker 4 processing task 46 requiring operations [7]
112 Worker 4 forwarding task 46
113 Worker 2 accepting task 42
113 Worker 2 accepting task 41
113 Worker 3 accepting task 56
113 Worker 2 accepting task 46
113 Worker 3 processing task 29 requiring operations [3]
113 Worker 3 forwarding task 29
113 Worker 0 processing task 55 requiring operations [8, 6, 9]
113 Worker 0 performing operation 9 on task 55
113 Worker 2 processing task 42 requiring operations [3]
113 Worker 2 forwarding task 42
113 Worker 4 processing task 47 requiring operations [7, 3, 8]
113 Worker 4 performing operation 3 on task 47
114 Generated task 57
114 Worker 3 accepting task 57
114 Worker 0 accepting task 29
114 Worker 0 accepting task 55
114 Worker 3 accepting task 42
114 Worker 4 accepting task 47
114 Worker 3 processing task 54 requiring operations [10, 2, 8]
114 Worker 3 performing operation 8 on task 54
114 Worker 0 processing task 51 requiring operations [4, 7]
114 Worker 0 forwarding task 51
114 Worker 2 processing task 41 requiring operations [6, 8]
114 Worker 2 forwarding task 41
114 Worker 4 processing task 47 requiring operations [7, 8]
114 Worker 4 forwarding task 47
115 Worker 3 accepting task 54
115 Worker 1 accepting task 51
115 Worker 3 accepting task 41
115 Worker 1 accepting task 47
115 Worker 3 processing task 37 requiring operations [3]
115 Worker 3 forwarding task 37
115 Worker 0 processing task 53 requiring operations [10, 1]
115 Worker 0 forwarding task 53
115 Worker 2 processing task 46 requiring operations [7]
115 Worker 2 forwarding task 46
115 Worker 1 processing task 51 requiring operations [4, 7]
115 Worker 1 performing operation 7 on task 51
116 Generated task 58
116 Worker 4 accepting task 58
116 Worker 1 accepting task 37
116 Worker 3 accepting task 53
116 Worker 0 accepting task 46
116 Worker 1 accepting task 51
116 Worker 3 processing task 50 requiring operations [4, 10]
116 Worker 3 performing operation 10 on task 50
116 Worker 0 processing task 29 requiring operations [3]
116 Worker 0 forwarding task 29
116 Worker 1 processing task 47 requiring operations [7, 8]
116 Worker 1 performing operation 7 on task 47
116 Worker 4 processing task 58 requiring operations [7, 5, 10]
116 Worker 4 performing operation 10 on task 58
117 Worker 3 accepting task 50
117 Worker 3 accepting task 29
117 Worker 1 accepting task 47
117 Worker 4 accepting task 58
117 Worker 3 processing task 52 requiring operations [5]
117 Worker 3 forwarding task 52
117 Worker 0 processing task 55 requiring operations [8, 6]
117 Worker 0 forwarding task 55
117 Worker 1 processing task 37 requiring operations [3]
117 Worker 1 forwarding task 37
117 Worker 4 processing task 58 requiring operations [7, 5]
117 Worker 4 forwarding task 58
118 Generated task 59
118 Worker 1 accepting task 59
118 Worker 1 accepting task 52
118 Worker 3 accepting task 55
118 Worker 4 accepting task 37
118 Worker 2 accepting task 58
118 Worker 3 processing task 56 requiring operations [9, 4, 10]
118 Worker 3 performing operation 4 on task 56
118 Worker 0 processing task 46 requiring operations [7]
118 Worker 0 forwarding task 46
118 Worker 1 processing task 51 requiring operations [4]
118 Worker 1 forwarding task 51
118 Worker 4 processing task 37 requiring operations [3]
118 Worker 4 performing operation 3 on task 37
118 Worker 2 processing task 58 requiring operations [7, 5]
118 Worker 2 forwarding task 58
119 Worker 3 accepting task 56
119 Worker 1 accepting task 46
119 Worker 0 accepting task 51
119 Task 37 completed!
119 Worker 3 accepting task 58
119 Worker 3 processing task 57 requiring operations [4, 1, 8]
119 Worker 3 performing operation 1 on task 57
119 Worker 1 processing task 47 requiring operations [8]
119 Worker 1 forwarding task 47
119 Worker 0 processing task 51 requiring operations [4]
119 Worker 0 forwarding task 51
120 Generated task 60
120 Worker 3 accepting task 60
120 Worker 3 accepting task 57
120 Worker 4 accepting task 47
120 Worker 3 accepting task 51
120 Worker 3 processing task 42 requiring operations [3]
120 Worker 3 forwarding task 42
120 Worker 1 processing task 59 requiring operations [10, 1, 2]
120 Worker 1 performing operation 2 on task 59
120 Worker 4 processing task 47 requiring operations [8]
120 Worker 4 forwarding task 47
121 Worker 2 accepting task 42
121 Worker 1 accepting task 59
121 Worker 2 accepting task 47
121 Worker 3 processing task 54 requiring operations [10, 2]
121 Worker 3 performing operation 10 on task 54
121 Worker 1 processing task 52 requiring operations [5]
121 Worker 1 forwarding task 52
121 Worker 2 processing task 42 requiring operations [3]
121 Worker 2 forwarding task 42
122 Generated task 61
122 Worker 2 accepting task 61
122 Worker 3 accepting task 54
122 Worker 3 accepting task 52
122 Worker 4 accepting task 42
122 Worker 3 processing task 41 requiring operations [6, 8]
122 Worker 3 performing operation 8 on task 41
122 Worker 1 processing task 46 requiring operations [7]
122 Worker 1 performing operation 7 on task 46
122 Worker 2 processing task 47 requiring operations [8]
122 Worker 2 forwarding task 47
122 Worker 4 processing task 42 requiring operations [3]
122 Worker 4 performing operation 3 on task 42
123 Worker 3 accepting task 41
123 Task 46 completed!
123 Worker 4 accepting task 47
123 Task 42 completed!
123 Worker 3 processing task 53 requiring operations [10, 1]
123 Worker 3 performing operation 1 on task 53
123 Worker 1 processing task 59 requiring operations [10, 1]
123 Worker 1 forwarding task 59
123 Worker 2 processing task 61 requiring operations [8, 4, 10]
123 Worker 2 forwarding task 61
123 Worker 4 processing task 47 requiring operations [8]
123 Worker 4 forwarding task 47
124 Generated task 62
124 Worker 0 accepting task 62
124 Worker 3 accepting task 53
124 Worker 3 accepting task 59
124 Worker 0 accepting task 61
124 Worker 2 accepting task 47
124 Worker 3 processing task 50 requiring operations [4]
124 Worker 3 performing operation 4 on task 50
124 Worker 0 processing task 62 requiring operations [3, 7, 6]
124 Worker 0 forwarding task 62
124 Worker 2 processing task 47 requiring operations [8]
124 Worker 2 forwarding task 47
125 Task 50 completed!
125 Worker 2 accepting task 62
125 Worker 4 accepting task 47
125 Worker 3 processing task 29 requiring operations [3]
125 Worker 3 forwarding task 29
125 Worker 0 processing task 61 requiring operations [8, 4, 10]
125 Worker 0 forwarding task 61
125 Worker 2 processing task 62 requiring operations [3, 7, 6]
125 Worker 2 forwarding task 62
125 Worker 4 processing task 47 requiring operations [8]
125 Worker 4 forwarding task 47
126 Generated task 63
126 Worker 0 accepting task 63
126 Worker 2 accepting task 29
126 Worker 2 accepting task 61
126 Worker 0 accepting task 62
126 Worker 2 accepting task 47
126 Worker 3 processing task 55 requiring operations [8, 6]
126 Worker 3 performing operation 6 on task 55
126 Worker 0 processing task 63 requiring operations [7, 8, 9]
126 Worker 0 performing operation 9 on task 63
126 Worker 2 processing task 29 requiring operations [3]
126 Worker 2 forwarding task 29
127 Worker 3 accepting task 55
127 Worker 0 accepting task 63
127 Worker 0 accepting task 29
127 Worker 3 processing task 56 requiring operations [9, 10]
127 Worker 3 performing operation 10 on task 56
127 Worker 0 processing task 62 requiring operations [3, 7, 6]
127 Worker 0 forwarding task 62
127 Worker 2 processing task 61 requiring operations [8, 4, 10]
127 Worker 2 forwarding task 61
128 Generated task 64
128 Worker 0 accepting task 64
128 Worker 3 accepting task 56
128 Worker 2 accepting task 62
128 Worker 3 accepting task 61
128 Worker 3 processing task 58 requiring operations [7, 5]
128 Worker 3 forwarding task 58
128 Worker 0 processing task 63 requiring operations [7, 8]
128 Worker 0 forwarding task 63
128 Worker 2 processing task 47 requiring operations [8]
128 Worker 2 forwarding task 47
129 Worker 0 accepting task 58
129 Worker 2 accepting task 63
129 Worker 4 accepting task 47
129 Worker 3 processing task 60 requiring operations [8, 5, 3]
129 Worker 3 performing operation 8 on task 60
129 Worker 0 processing task 29 requiring operations [3]
129 Worker 0 forwarding task 29
129 Worker 2 processing task 62 requiring operations [3, 7, 6]
129 Worker 2 forwarding task 62
129 Worker 4 processing task 47 requiring operations [8]
129 Worker 4 forwarding task 47
130 Generated task 65
130 Worker 2 accepting task 65
130 Worker 3 accepting task 60
130 Worker 2 accepting task 29
130 Worker 0 accepting task 62
130 Worker 2 accepting task 47
130 Worker 3 processing task 57 requiring operations [4, 8]
130 Worker 3 performing operation 8 on task 57
130 Worker 0 processing task 64 requiring operations [4, 5, 9]
130 Worker 0 performing operation 9 on task 64
130 Worker 2 processing task 63 requiring operations [7, 8]
130 Worker 2 forwarding task 63
131 Worker 3 accepting task 57
131 Worker 0 accepting task 64
131 Worker 4 accepting task 63
131 Worker 3 processing task 51 requiring operations [4]
131 Worker 3 performing operation 4 on task 51
131 Worker 0 processing task 58 requiring operations [7, 5]
131 Worker 0 performing operation 5 on task 58
131 Worker 2 processing task 65 requiring operations [9, 4, 8]
131 Worker 2 forwarding task 65
131 Worker 4 processing task 63 requiring operations [7, 8]
131 Worker 4 forwarding task 63
132 Generated task 66
132 Worker 4 accepting task 66
132 Task 51 completed!
132 Worker 0 accepting task 58
132 Worker 3 accepting task 65
132 Worker 1 accepting task 63
132 Worker 3 processing task 54 requiring operations [2]
132 Worker 3 performing operation 2 on task 54
132 Worker 0 processing task 62 requiring operations [3, 7, 6]
132 Worker 0 forwarding task 62
132 Worker 2 processing task 29 requiring operations [3]
132 Worker 2 forwarding task 29
132 Worker 4 processing task 66 requiring operations [2, 6, 5]
132 Worker 4 forwarding task 66
132 Worker 1 processing task 63 requiring operations [7, 8]
132 Worker 1 performing operation 7 on task 63
133 Task 54 completed!
133 Worker 3 accepting task 62
133 Worker 3 accepting task 29
133 Worker 2 accepting task 66
133 Worker 1 accepting task 63
133 Worker 3 processing task 52 requiring operations [5]
133 Worker 3 forwarding task 52
133 Worker 0 processing task 64 requiring operations [4, 5]
133 Worker 0 performing operation 5 on task 64
133 Worker 2 processing task 47 requiring operations [8]
133 Worker 2 forwarding task 47
133 Worker 1 processing task 63 requiring operations [8]
133 Worker 1 forwarding task 63
134 Generated task 67
134 Worker 3 accepting task 67
134 Worker 1 accepting task 52
134 Worker 0 accepting task 64
134 Worker 4 accepting task 47
134 Worker 0 accepting task 63
134 Worker 3 processing task 41 requiring operations [6]
134 Worker 3 performing operation 6 on task 41
134 Worker 0 processing task 58 requiring operations [7]
134 Worker 0 forwarding task 58
134 Worker 2 processing task 66 requiring operations [2, 6, 5]
134 Worker 2 forwarding task 66
134 Worker 1 processing task 52 requiring operations [5]
134 Worker 1 forwarding task 52
134 Worker 4 processing task 47 requiring operations [8]
134 Worker 4 forwarding task 47
135 Task 41 completed!
135 Worker 2 accepting task 58
135 Worker 4 accepting task 66
135 Worker 3 accepting task 52
135 Worker 2 accepting task 47
135 Worker 3 processing task 53 requiring operations [10]
135 Worker 3 performing operation 10 on task 53
135 Worker 0 processing task 64 requiring operations [4]
135 Worker 0 forwarding task 64
135 Worker 2 processing task 58 requiring operations [7]
135 Worker 2 forwarding task 58
135 Worker 4 processing task 66 requiring operations [2, 6, 5]
135 Worker 4 forwarding task 66
136 Generated task 68
136 Worker 0 accepting task 68
136 Task 53 completed!
136 Worker 1 accepting task 64
136 Worker 4 accepting task 58
136 Worker 1 accepting task 66
136 Worker 3 processing task 59 requiring operations [10, 1]
136 Worker 3 performing operation 10 on task 59
136 Worker 0 processing task 63 requiring operations [8]
136 Worker 0 forwarding task 63
136 Worker 2 processing task 47 requiring operations [8]
136 Worker 2 forwarding task 47
136 Worker 4 processing task 58 requiring operations [7]
136 Worker 4 forwarding task 58
136 Worker 1 processing task 64 requiring operations [4]
136 Worker 1 forwarding task 64
137 Worker 3 accepting task 59
137 Worker 2 accepting task 63
137 Worker 3 accepting task 47
137 Worker 1 accepting task 58
137 Worker 3 accepting task 64
137 Worker 3 processing task 55 requiring operations [8]
137 Worker 3 performing operation 8 on task 55
137 Worker 0 processing task 68 requiring operations [3, 10, 5]
137 Worker 0 performing operation 5 on task 68
137 Worker 2 processing task 63 requiring operations [8]
137 Worker 2 forwarding task 63
137 Worker 1 processing task 66 requiring operations [2, 6, 5]
137 Worker 1 performing operation 2 on task 66
138 Generated task 69
138 Worker 2 accepting task 69
138 Task 55 completed!
138 Worker 0 accepting task 68
138 Worker 0 accepting task 63
138 Worker 1 accepting task 66
138 Worker 3 processing task 56 requiring operations [9]
138 Worker 3 forwarding task 56
138 Worker 0 processing task 68 requiring operations [3, 10]
138 Worker 0 forwarding task 68
138 Worker 2 processing task 69 requiring operations [5, 2, 10]
138 Worker 2 forwarding task 69
138 Worker 1 processing task 58 requiring operations [7]
138 Worker 1 performing operation 7 on task 58
139 Worker 2 accepting task 56
139 Worker 1 accepting task 68
139 Worker 3 accepting task 69
139 Task 58 completed!
139 Worker 3 processing task 61 requiring operations [8, 4, 10]
139 Worker 3 performing operation 4 on task 61
139 Worker 0 processing task 63 requiring operations [8]
139 Worker 0 forwarding task 63
139 Worker 2 processing task 56 requiring operations [9]
139 Worker 2 forwarding task 56
139 Worker 1 processing task 66 requiring operations [6, 5]
139 Worker 1 forwarding task 66
140 Generated task 70
140 Worker 2 accepting task 70
140 Worker 3 accepting task 61
140 Worker 2 accepting task 63
140 Worker 4 accepting task 56
140 Worker 0 accepting task 66
140 Worker 3 processing task 60 requiring operations [5, 3]
140 Worker 3 forwarding task 60
140 Worker 2 processing task 70 requiring operations [9, 2, 10]
140 Worker 2 forwarding task 70
140 Worker 1 processing task 68 requiring operations [3, 10]
140 Worker 1 forwarding task 68
140 Worker 4 processing task 56 requiring operations [9]
140 Worker 4 forwarding task 56
140 Worker 0 processing task 66 requiring operations [6, 5]
140 Worker 0 performing operation 5 on task 66
