Worker 0 can perform operations {2, 4, 6}
Worker 1 can perform operations {3, 5, 7}
Worker 2 can perform operations {3}
Worker 3 can perform operations {8, 9, 10, 3}
Worker 4 can perform operations {1, 10, 3}
Building network type random
Worker 0 connecting to worker 4
Worker 4 connecting to worker 0
Worker 0 connecting to worker 1
Worker 1 connecting to worker 0
Worker 1 connecting to worker 3
Worker 3 connecting to worker 1
Worker 2 connecting to worker 4
Worker 4 connecting to worker 2
Worker 2 connecting to worker 0
Worker 0 connecting to worker 2
Worker 3 connecting to worker 0
Worker 0 connecting to worker 3
Entry nodes are [0, 1, 2, 3, 4]
0 Generated task 0
0 Worker 0 accepting task 0
0 Worker 0 processing task 0 requiring operations [4, 6, 5]
0 Worker 0 performing operation 6 on task 0
1 Worker 0 accepting task 0
1 Worker 0 processing task 0 requiring operations [4, 5]
1 Worker 0 performing operation 4 on task 0
2 Generated task 1
2 Worker 3 accepting task 1
2 Worker 0 accepting task 0
2 Worker 0 processing task 0 requiring operations [5]
2 Worker 0 forwarding task 0
2 Worker 3 processing task 1 requiring operations [6, 10, 9]
2 Worker 3 performing operation 10 on task 1
3 Worker 4 accepting task 0
3 Worker 3 accepting task 1
3 Worker 3 processing task 1 requiring operations [6, 9]
3 Worker 3 performing operation 9 on task 1
3 Worker 4 processing task 0 requiring operations [5]
3 Worker 4 forwarding task 0
4 Generated task 2
4 Worker 3 accepting task 2
4 Worker 3 accepting task 1
4 Worker 2 accepting task 0
4 Worker 3 processing task 2 requiring operations [2, 1, 4]
4 Worker 3 forwarding task 2
4 Worker 2 processing task 0 requiring operations [5]
4 Worker 2 forwarding task 0
5 Worker 0 accepting task 2
5 Worker 0 accepting task 0
5 Worker 3 processing task 1 requiring operations [6]
5 Worker 3 forwarding task 1
5 Worker 0 processing task 2 requiring operations [2, 1, 4]
5 Worker 0 performing operation 2 on task 2
6 Generated task 3
6 Worker 3 accepting task 3
6 Worker 0 accepting task 1
6 Worker 0 accepting task 2
6 Worker 3 processing task 3 requiring operations [5, 7, 4]
6 Worker 3 forwarding task 3
6 Worker 0 processing task 0 requiring operations [5]
6 Worker 0 forwarding task 0
7 Worker 1 accepting task 3
7 Worker 3 accepting task 0
7 Worker 0 processing task 1 requiring operations [6]
7 Worker 0 performing operation 6 on task 1
7 Worker 1 processing task 3 requiring operations [5, 7, 4]
7 Worker 1 performing operation 5 on task 3
7 Worker 3 processing task 0 requiring operations [5]
7 Worker 3 forwarding task 0
8 Generated task 4
8 Worker 3 accepting task 4
8 Task 1 completed!
8 Worker 1 accepting task 3
8 Worker 1 accepting task 0
8 Worker 0 processing task 2 requiring operations [1, 4]
8 Worker 0 performing operation 4 on task 2
8 Worker 1 processing task 3 requiring operations [7, 4]
8 Worker 1 performing operation 7 on task 3
8 Worker 3 processing task 4 requiring operations [4, 2, 10]
8 Worker 3 performing operation 10 on task 4
9 Worker 0 accepting task 2
9 Worker 1 accepting task 3
9 Worker 3 accepting task 4
9 Worker 0 processing task 2 requiring operations [1]
9 Worker 0 forwarding task 2
9 Worker 1 processing task 0 requiring operations [5]
9 Worker 1 performing operation 5 on task 0
9 Worker 3 processing task 4 requiring operations [4, 2]
9 Worker 3 forwarding task 4
10 Generated task 5
10 Worker 3 accepting task 5
10 Worker 3 accepting task 2
10 Task 0 completed!
10 Worker 1 accepting task 4
10 Worker 1 processing task 3 requiring operations [4]
10 Worker 1 forwarding task 3
10 Worker 3 processing task 5 requiring operations [6, 2, 1]
10 Worker 3 forwarding task 5
11 Worker 3 accepting task 3
11 Worker 0 accepting task 5
11 Worker 1 processing task 4 requiring operations [4, 2]
11 Worker 1 forwarding task 4
11 Worker 3 processing task 2 requiring operations [1]
11 Worker 3 forwarding task 2
11 Worker 0 processing task 5 requiring operations [6, 2, 1]
11 Worker 0 performing operation 2 on task 5
12 Generated task 6
12 Worker 1 accepting task 6
12 Worker 3 accepting task 4
12 Worker 0 accepting task 2
12 Worker 0 accepting task 5
12 Worker 1 processing task 6 requiring operations [8, 7, 5]
12 Worker 1 performing operation 7 on task 6
12 Worker 3 processing task 3 requiring operations [4]
12 Worker 3 forwarding task 3
12 Worker 0 processing task 2 requiring operations [1]
12 Worker 0 forwarding task 2
13 Worker 1 accepting task 6
13 Worker 0 accepting task 3
13 Worker 2 accepting task 2
13 Worker 1 processing task 6 requiring operations [8, 5]
13 Worker 1 performing operation 5 on task 6
13 Worker 3 processing task 4 requiring operations [4, 2]
13 Worker 3 forwarding task 4
13 Worker 0 processing task 5 requiring operations [6, 1]
13 Worker 0 performing operation 6 on task 5
13 Worker 2 processing task 2 requiring operations [1]
13 Worker 2 forwarding task 2
14 Generated task 7
14 Worker 2 accepting task 7
14 Worker 1 accepting task 6
14 Worker 1 accepting task 4
14 Worker 0 accepting task 5
14 Worker 4 accepting task 2
14 Worker 1 processing task 6 requiring operations [8]
14 Worker 1 forwarding task 6
14 Worker 0 processing task 3 requiring operations [4]
14 Worker 0 performing operation 4 on task 3
14 Worker 2 processing task 7 requiring operations [10, 3, 9]
14 Worker 2 performing operation 3 on task 7
14 Worker 4 processing task 2 requiring operations [1]
14 Worker 4 performing operation 1 on task 2
15 Worker 0 accepting task 6
15 Task 3 completed!
15 Worker 2 accepting task 7
15 Task 2 completed!
15 Worker 1 processing task 4 requiring operations [4, 2]
15 Worker 1 forwarding task 4
15 Worker 0 processing task 5 requiring operations [1]
15 Worker 0 forwarding task 5
15 Worker 2 processing task 7 requiring operations [10, 9]
15 Worker 2 forwarding task 7
16 Generated task 8
16 Worker 4 accepting task 8
16 Worker 0 accepting task 4
16 Worker 1 accepting task 5
16 Worker 4 accepting task 7
16 Worker 0 processing task 6 requiring operations [8]
16 Worker 0 forwarding task 6
16 Worker 4 processing task 8 requiring operations [2, 3, 6]
16 Worker 4 performing operation 3 on task 8
16 Worker 1 processing task 5 requiring operations [1]
16 Worker 1 forwarding task 5
17 Worker 4 accepting task 6
17 Worker 4 accepting task 8
17 Worker 3 accepting task 5
17 Worker 0 processing task 4 requiring operations [4, 2]
17 Worker 0 performing operation 2 on task 4
17 Worker 4 processing task 7 requiring operations [10, 9]
17 Worker 4 performing operation 10 on task 7
17 Worker 3 processing task 5 requiring operations [1]
17 Worker 3 forwarding task 5
18 Generated task 9
18 Worker 2 accepting task 9
18 Worker 0 accepting task 4
18 Worker 4 accepting task 7
18 Worker 1 accepting task 5
18 Worker 0 processing task 4 requiring operations [4]
18 Worker 0 performing operation 4 on task 4
18 Worker 4 processing task 6 requiring operations [8]
18 Worker 4 forwarding task 6
18 Worker 2 processing task 9 requiring operations [3, 8, 5]
18 Worker 2 performing operation 3 on task 9
18 Worker 1 processing task 5 requiring operations [1]
18 Worker 1 forwarding task 5
19 Task 4 completed!
19 Worker 0 accepting task 6
19 Worker 2 accepting task 9
19 Worker 3 accepting task 5
19 Worker 4 processing task 8 requiring operations [2, 6]
19 Worker 4 forwarding task 8
19 Worker 2 processing task 9 requiring operations [8, 5]
19 Worker 2 forwarding task 9
19 Worker 0 processing task 6 requiring operations [8]
19 Worker 0 forwarding task 6
19 Worker 3 processing task 5 requiring operations [1]
19 Worker 3 forwarding task 5
20 Generated task 10
20 Worker 4 accepting task 10
20 Worker 2 accepting task 8
20 Worker 4 accepting task 9
20 Worker 4 accepting task 6
20 Worker 0 accepting task 5
20 Worker 4 processing task 7 requiring operations [9]
20 Worker 4 forwarding task 7
20 Worker 2 processing task 8 requiring operations [2, 6]
20 Worker 2 forwarding task 8
20 Worker 0 processing task 5 requiring operations [1]
20 Worker 0 forwarding task 5
21 Worker 0 accepting task 7
21 Worker 0 accepting task 8
21 Worker 1 accepting task 5
21 Worker 4 processing task 10 requiring operations [10, 6, 1]
21 Worker 4 performing operation 10 on task 10
21 Worker 0 processing task 7 requiring operations [9]
21 Worker 0 forwarding task 7
21 Worker 1 processing task 5 requiring operations [1]
21 Worker 1 forwarding task 5
22 Generated task 11
22 Worker 2 accepting task 11
22 Worker 4 accepting task 10
22 Worker 1 accepting task 7
22 Worker 3 accepting task 5
22 Worker 4 processing task 9 requiring operations [8, 5]
22 Worker 4 forwarding task 9
22 Worker 0 processing task 8 requiring operations [2, 6]
22 Worker 0 performing operation 2 on task 8
22 Worker 1 processing task 7 requiring operations [9]
22 Worker 1 forwarding task 7
22 Worker 2 processing task 11 requiring operations [5, 7, 6]
22 Worker 2 forwarding task 11
22 Worker 3 processing task 5 requiring operations [1]
22 Worker 3 forwarding task 5
23 Worker 2 accepting task 9
23 Worker 0 accepting task 8
23 Worker 3 accepting task 7
23 Worker 0 accepting task 11
23 Worker 0 accepting task 5
23 Worker 4 processing task 6 requiring operations [8]
23 Worker 4 forwarding task 6
23 Worker 0 processing task 8 requiring operations [6]
23 Worker 0 performing operation 6 on task 8
23 Worker 2 processing task 9 requiring operations [8, 5]
23 Worker 2 forwarding task 9
23 Worker 3 processing task 7 requiring operations [9]
23 Worker 3 performing operation 9 on task 7
24 Generated task 12
24 Worker 2 accepting task 12
24 Worker 0 accepting task 6
24 Task 8 completed!
24 Worker 0 accepting task 9
24 Task 7 completed!
24 Worker 4 processing task 10 requiring operations [6, 1]
24 Worker 4 performing operation 1 on task 10
24 Worker 0 processing task 11 requiring operations [5, 7, 6]
24 Worker 0 performing operation 6 on task 11
24 Worker 2 processing task 12 requiring operations [8, 1, 9]
24 Worker 2 forwarding task 12
25 Worker 4 accepting task 10
25 Worker 0 accepting task 11
25 Worker 0 accepting task 12
25 Worker 4 processing task 10 requiring operations [6]
25 Worker 4 forwarding task 10
25 Worker 0 processing task 5 requiring operations [1]
25 Worker 0 forwarding task 5
26 Generated task 13
26 Worker 2 accepting task 13
26 Worker 0 accepting task 10
26 Worker 1 accepting task 5
26 Worker 0 processing task 6 requiring operations [8]
26 Worker 0 forwarding task 6
26 Worker 2 processing task 13 requiring operations [6, 4, 7]
26 Worker 2 forwarding task 13
26 Worker 1 processing task 5 requiring operations [1]
26 Worker 1 forwarding task 5
27 Worker 4 accepting task 6
27 Worker 4 accepting task 13
27 Worker 3 accepting task 5
27 Worker 0 processing task 9 requiring operations [8, 5]
27 Worker 0 forwarding task 9
27 Worker 4 processing task 6 requiring operations [8]
27 Worker 4 forwarding task 6
27 Worker 3 processing task 5 requiring operations [1]
27 Worker 3 forwarding task 5
28 Generated task 14
28 Worker 4 accepting task 14
28 Worker 4 accepting task 9
28 Worker 0 accepting task 6
28 Worker 0 accepting task 5
28 Worker 0 processing task 11 requiring operations [5, 7]
28 Worker 0 forwarding task 11
28 Worker 4 processing task 13 requiring operations [6, 4, 7]
28 Worker 4 forwarding task 13
29 Worker 1 accepting task 11
29 Worker 2 accepting task 13
29 Worker 0 processing task 12 requiring operations [8, 1, 9]
29 Worker 0 forwarding task 12
29 Worker 4 processing task 14 requiring operations [4, 1, 5]
29 Worker 4 performing operation 1 on task 14
29 Worker 1 processing task 11 requiring operations [5, 7]
29 Worker 1 performing operation 7 on task 11
29 Worker 2 processing task 13 requiring operations [6, 4, 7]
29 Worker 2 forwarding task 13
30 Generated task 15
30 Worker 1 accepting task 15
30 Worker 1 accepting task 12
30 Worker 4 accepting task 14
30 Worker 1 accepting task 11
30 Worker 0 accepting task 13
30 Worker 0 processing task 10 requiring operations [6]
30 Worker 0 performing operation 6 on task 10
30 Worker 4 processing task 9 requiring operations [8, 5]
30 Worker 4 forwarding task 9
30 Worker 1 processing task 15 requiring operations [10, 6, 3]
30 Worker 1 performing operation 3 on task 15
31 Task 10 completed!
31 Worker 0 accepting task 9
31 Worker 1 accepting task 15
31 Worker 0 processing task 6 requiring operations [8]
31 Worker 0 forwarding task 6
31 Worker 4 processing task 14 requiring operations [4, 5]
31 Worker 4 forwarding task 14
31 Worker 1 processing task 12 requiring operations [8, 1, 9]
31 Worker 1 forwarding task 12
32 Generated task 16
32 Worker 2 accepting task 16
32 Worker 4 accepting task 6
32 Worker 2 accepting task 14
32 Worker 0 accepting task 12
32 Worker 0 processing task 5 requiring operations [1]
32 Worker 0 forwarding task 5
32 Worker 4 processing task 6 requiring operations [8]
32 Worker 4 forwarding task 6
32 Worker 1 processing task 11 requiring operations [5]
32 Worker 1 performing operation 5 on task 11
32 Worker 2 processing task 16 requiring operations [2, 5, 9]
32 Worker 2 forwarding task 16
33 Worker 2 accepting task 5
33 Worker 0 accepting task 6
33 Task 11 completed!
33 Worker 0 accepting task 16
33 Worker 0 processing task 13 requiring operations [6, 4, 7]
33 Worker 0 performing operation 4 on task 13
33 Worker 1 processing task 15 requiring operations [10, 6]
33 Worker 1 forwarding task 15
33 Worker 2 processing task 14 requiring operations [4, 5]
33 Worker 2 forwarding task 14
34 Generated task 17
34 Worker 0 accepting task 17
34 Worker 0 accepting task 13
34 Worker 0 accepting task 15
34 Worker 4 accepting task 14
34 Worker 0 processing task 9 requiring operations [8, 5]
34 Worker 0 forwarding task 9
34 Worker 2 processing task 5 requiring operations [1]
34 Worker 2 forwarding task 5
34 Worker 4 processing task 14 requiring operations [4, 5]
34 Worker 4 forwarding task 14
35 Worker 2 accepting task 9
35 Worker 4 accepting task 5
35 Worker 0 accepting task 14
35 Worker 0 processing task 12 requiring operations [8, 1, 9]
35 Worker 0 forwarding task 12
35 Worker 2 processing task 9 requiring operations [8, 5]
35 Worker 2 forwarding task 9
35 Worker 4 processing task 5 requiring operations [1]
35 Worker 4 performing operation 1 on task 5
36 Generated task 18
36 Worker 0 accepting task 18
36 Worker 4 accepting task 12
36 Worker 4 accepting task 9
36 Task 5 completed!
36 Worker 0 processing task 6 requiring operations [8]
36 Worker 0 forwarding task 6
36 Worker 4 processing task 12 requiring operations [8, 1, 9]
36 Worker 4 performing operation 1 on task 12
37 Worker 2 accepting task 6
37 Worker 4 accepting task 12
37 Worker 0 processing task 16 requiring operations [2, 5, 9]
37 Worker 0 performing operation 2 on task 16
37 Worker 4 processing task 9 requiring operations [8, 5]
37 Worker 4 forwarding task 9
37 Worker 2 processing task 6 requiring operations [8]
37 Worker 2 forwarding task 6
38 Generated task 19
38 Worker 0 accepting task 19
38 Worker 0 accepting task 16
38 Worker 0 accepting task 9
38 Worker 0 accepting task 6
38 Worker 0 processing task 17 requiring operations [6, 3, 5]
38 Worker 0 performing operation 6 on task 17
38 Worker 4 processing task 12 requiring operations [8, 9]
38 Worker 4 forwarding task 12
39 Worker 0 accepting task 17
39 Worker 2 accepting task 12
39 Worker 0 processing task 13 requiring operations [6, 7]
39 Worker 0 performing operation 6 on task 13
39 Worker 2 processing task 12 requiring operations [8, 9]
39 Worker 2 forwarding task 12
40 Generated task 20
40 Worker 1 accepting task 20
40 Worker 0 accepting task 13
40 Worker 0 accepting task 12
40 Worker 0 processing task 15 requiring operations [10, 6]
40 Worker 0 performing operation 6 on task 15
40 Worker 1 processing task 20 requiring operations [4, 2, 9]
40 Worker 1 forwarding task 20
41 Worker 0 accepting task 15
41 Worker 0 accepting task 20
41 Worker 0 processing task 14 requiring operations [4, 5]
41 Worker 0 performing operation 4 on task 14
42 Generated task 21
42 Worker 0 accepting task 21
42 Worker 0 accepting task 14
42 Worker 0 processing task 18 requiring operations [3, 9, 4]
42 Worker 0 performing operation 4 on task 18
43 Worker 0 accepting task 18
43 Worker 0 processing task 19 requiring operations [6, 3, 10]
43 Worker 0 performing operation 6 on task 19
44 Generated task 22
44 Worker 4 accepting task 22
44 Worker 0 accepting task 19
44 Worker 0 processing task 16 requiring operations [5, 9]
44 Worker 0 forwarding task 16
44 Worker 4 processing task 22 requiring operations [9, 4, 1]
44 Worker 4 performing operation 1 on task 22
45 Worker 1 accepting task 16
45 Worker 4 accepting task 22
45 Worker 0 processing task 9 requiring operations [8, 5]
45 Worker 0 forwarding task 9
45 Worker 4 processing task 22 requiring operations [9, 4]
45 Worker 4 forwarding task 22
45 Worker 1 processing task 16 requiring operations [5, 9]
45 Worker 1 performing operation 5 on task 16
46 Generated task 23
46 Worker 2 accepting task 23
46 Worker 1 accepting task 9
46 Worker 0 accepting task 22
46 Worker 1 accepting task 16
46 Worker 0 processing task 6 requiring operations [8]
46 Worker 0 forwarding task 6
46 Worker 1 processing task 9 requiring operations [8, 5]
46 Worker 1 performing operation 5 on task 9
46 Worker 2 processing task 23 requiring operations [2, 9, 6]
46 Worker 2 forwarding task 23
47 Worker 1 accepting task 6
47 Worker 1 accepting task 9
47 Worker 0 accepting task 23
47 Worker 0 processing task 17 requiring operations [3, 5]
47 Worker 0 forwarding task 17
47 Worker 1 processing task 16 requiring operations [9]
47 Worker 1 forwarding task 16
48 Generated task 24
48 Worker 1 accepting task 24
48 Worker 2 accepting task 17
48 Worker 3 accepting task 16
48 Worker 0 processing task 13 requiring operations [7]
48 Worker 0 forwarding task 13
48 Worker 1 processing task 6 requiring operations [8]
48 Worker 1 forwarding task 6
48 Worker 2 processing task 17 requiring operations [3, 5]
48 Worker 2 performing operation 3 on task 17
48 Worker 3 processing task 16 requiring operations [9]
48 Worker 3 performing operation 9 on task 16
49 Worker 4 accepting task 13
49 Worker 0 accepting task 6
49 Worker 2 accepting task 17
49 Task 16 completed!
49 Worker 0 processing task 12 requiring operations [8, 9]
49 Worker 0 forwarding task 12
49 Worker 1 processing task 9 requiring operations [8]
49 Worker 1 forwarding task 9
49 Worker 2 processing task 17 requiring operations [5]
49 Worker 2 forwarding task 17
49 Worker 4 processing task 13 requiring operations [7]
49 Worker 4 forwarding task 13
50 Generated task 25
50 Worker 0 accepting task 25
50 Worker 3 accepting task 12
50 Worker 0 accepting task 9
50 Worker 0 accepting task 17
50 Worker 2 accepting task 13
50 Worker 0 processing task 15 requiring operations [10]
50 Worker 0 forwarding task 15
50 Worker 1 processing task 24 requiring operations [7, 2, 6]
50 Worker 1 performing operation 7 on task 24
50 Worker 3 processing task 12 requiring operations [8, 9]
50 Worker 3 performing operation 9 on task 12
50 Worker 2 processing task 13 requiring operations [7]
50 Worker 2 forwarding task 13
51 Worker 2 accepting task 15
51 Worker 1 accepting task 24
51 Worker 3 accepting task 12
51 Worker 0 accepting task 13
51 Worker 0 processing task 20 requiring operations [4, 2, 9]
51 Worker 0 performing operation 4 on task 20
51 Worker 1 processing task 24 requiring operations [2, 6]
51 Worker 1 forwarding task 24
51 Worker 3 processing task 12 requiring operations [8]
51 Worker 3 performing operation 8 on task 12
51 Worker 2 processing task 15 requiring operations [10]
51 Worker 2 forwarding task 15
52 Generated task 26
52 Worker 2 accepting task 26
52 Worker 0 accepting task 20
52 Worker 0 accepting task 24
52 Task 12 completed!
52 Worker 0 accepting task 15
52 Worker 0 processing task 21 requiring operations [3, 8, 5]
52 Worker 0 forwarding task 21
52 Worker 2 processing task 26 requiring operations [3, 10, 6]
52 Worker 2 performing operation 3 on task 26
53 Worker 2 accepting task 21
53 Worker 2 accepting task 26
53 Worker 0 processing task 14 requiring operations [5]
53 Worker 0 forwarding task 14
53 Worker 2 processing task 21 requiring operations [3, 8, 5]
53 Worker 2 performing operation 3 on task 21
54 Generated task 27
54 Worker 2 accepting task 27
54 Worker 4 accepting task 14
54 Worker 2 accepting task 21
54 Worker 0 processing task 18 requiring operations [3, 9]
54 Worker 0 forwarding task 18
54 Worker 2 processing task 26 requiring operations [10, 6]
54 Worker 2 forwarding task 26
54 Worker 4 processing task 14 requiring operations [5]
54 Worker 4 forwarding task 14
55 Worker 1 accepting task 18
55 Worker 4 accepting task 26
55 Worker 0 accepting task 14
55 Worker 0 processing task 19 requiring operations [3, 10]
55 Worker 0 forwarding task 19
55 Worker 2 processing task 27 requiring operations [5, 2, 6]
55 Worker 2 forwarding task 27
55 Worker 4 processing task 26 requiring operations [10, 6]
55 Worker 4 performing operation 10 on task 26
55 Worker 1 processing task 18 requiring operations [3, 9]
55 Worker 1 performing operation 3 on task 18
56 Generated task 28
56 Worker 3 accepting task 28
56 Worker 2 accepting task 19
56 Worker 0 accepting task 27
56 Worker 4 accepting task 26
56 Worker 1 accepting task 18
56 Worker 0 processing task 22 requiring operations [9, 4]
56 Worker 0 performing operation 4 on task 22
56 Worker 2 processing task 21 requiring operations [8, 5]
56 Worker 2 forwarding task 21
56 Worker 4 processing task 26 requiring operations [6]
56 Worker 4 forwarding task 26
56 Worker 1 processing task 18 requiring operations [9]
56 Worker 1 forwarding task 18
56 Worker 3 processing task 28 requiring operations [3, 9, 5]
56 Worker 3 performing operation 3 on task 28
57 Worker 0 accepting task 22
57 Worker 4 accepting task 21
57 Worker 0 accepting task 26
57 Worker 3 accepting task 18
57 Worker 3 accepting task 28
57 Worker 0 processing task 23 requiring operations [2, 9, 6]
57 Worker 0 performing operation 6 on task 23
57 Worker 2 processing task 19 requiring operations [3, 10]
57 Worker 2 performing operation 3 on task 19
57 Worker 4 processing task 21 requiring operations [8, 5]
57 Worker 4 forwarding task 21
57 Worker 3 processing task 18 requiring operations [9]
57 Worker 3 performing operation 9 on task 18
58 Generated task 29
58 Worker 2 accepting task 29
58 Worker 0 accepting task 23
58 Worker 2 accepting task 19
58 Worker 0 accepting task 21
58 Task 18 completed!
58 Worker 0 processing task 6 requiring operations [8]
58 Worker 0 forwarding task 6
58 Worker 2 processing task 29 requiring operations [2, 7, 5]
58 Worker 2 forwarding task 29
58 Worker 3 processing task 28 requiring operations [9, 5]
58 Worker 3 performing operation 9 on task 28
59 Worker 3 accepting task 6
59 Worker 0 accepting task 29
59 Worker 3 accepting task 28
59 Worker 0 processing task 25 requiring operations [4, 7, 2]
59 Worker 0 performing operation 4 on task 25
59 Worker 2 processing task 19 requiring operations [10]
59 Worker 2 forwarding task 19
59 Worker 3 processing task 6 requiring operations [8]
59 Worker 3 performing operation 8 on task 6
60 Generated task 30
60 Worker 2 accepting task 30
60 Worker 0 accepting task 25
60 Worker 4 accepting task 19
60 Task 6 completed!
60 Worker 0 processing task 9 requiring operations [8]
60 Worker 0 forwarding task 9
60 Worker 2 processing task 30 requiring operations [3, 4, 6]
60 Worker 2 performing operation 3 on task 30
60 Worker 3 processing task 28 requiring operations [5]
60 Worker 3 forwarding task 28
60 Worker 4 processing task 19 requiring operations [10]
60 Worker 4 performing operation 10 on task 19
61 Worker 4 accepting task 9
61 Worker 2 accepting task 30
61 Worker 0 accepting task 28
61 Task 19 completed!
61 Worker 0 processing task 17 requiring operations [5]
61 Worker 0 forwarding task 17
61 Worker 2 processing task 30 requiring operations [4, 6]
61 Worker 2 forwarding task 30
61 Worker 4 processing task 9 requiring operations [8]
61 Worker 4 forwarding task 9
62 Generated task 31
62 Worker 1 accepting task 31
62 Worker 1 accepting task 17
62 Worker 4 accepting task 30
62 Worker 0 accepting task 9
62 Worker 0 processing task 13 requiring operations [7]
62 Worker 0 forwarding task 13
62 Worker 4 processing task 30 requiring operations [4, 6]
62 Worker 4 forwarding task 30
62 Worker 1 processing task 31 requiring operations [10, 6, 5]
62 Worker 1 performing operation 5 on task 31
63 Worker 1 accepting task 13
63 Worker 0 accepting task 30
63 Worker 1 accepting task 31
63 Worker 0 processing task 20 requiring operations [2, 9]
63 Worker 0 performing operation 2 on task 20
63 Worker 1 processing task 17 requiring operations [5]
63 Worker 1 performing operation 5 on task 17
64 Generated task 32
64 Worker 3 accepting task 32
64 Worker 0 accepting task 20
64 Task 17 completed!
64 Worker 0 processing task 24 requiring operations [2, 6]
64 Worker 0 performing operation 6 on task 24
64 Worker 1 processing task 13 requiring operations [7]
64 Worker 1 performing operation 7 on task 13
64 Worker 3 processing task 32 requiring operations [9, 3, 8]
64 Worker 3 performing operation 3 on task 32
65 Worker 0 accepting task 24
65 Task 13 completed!
65 Worker 3 accepting task 32
65 Worker 0 processing task 15 requiring operations [10]
65 Worker 0 forwarding task 15
65 Worker 1 processing task 31 requiring operations [10, 6]
65 Worker 1 forwarding task 31
65 Worker 3 processing task 32 requiring operations [9, 8]
65 Worker 3 performing operation 9 on task 32
66 Generated task 33
66 Worker 1 accepting task 33
66 Worker 2 accepting task 15
66 Worker 0 accepting task 31
66 Worker 3 accepting task 32
66 Worker 0 processing task 14 requiring operations [5]
66 Worker 0 forwarding task 14
66 Worker 1 processing task 33 requiring operations [7, 6, 3]
66 Worker 1 performing operation 7 on task 33
66 Worker 3 processing task 32 requiring operations [8]
66 Worker 3 performing operation 8 on task 32
66 Worker 2 processing task 15 requiring operations [10]
66 Worker 2 forwarding task 15
67 Worker 3 accepting task 14
67 Worker 1 accepting task 33
67 Task 32 completed!
67 Worker 0 accepting task 15
67 Worker 0 processing task 27 requiring operations [5, 2, 6]
67 Worker 0 performing operation 2 on task 27
67 Worker 1 processing task 33 requiring operations [6, 3]
67 Worker 1 performing operation 3 on task 33
67 Worker 3 processing task 14 requiring operations [5]
67 Worker 3 forwarding task 14
68 Generated task 34
68 Worker 1 accepting task 34
68 Worker 0 accepting task 27
68 Worker 1 accepting task 33
68 Worker 0 accepting task 14
68 Worker 0 processing task 22 requiring operations [9]
68 Worker 0 forwarding task 22
68 Worker 1 processing task 34 requiring operations [9, 10, 1]
68 Worker 1 forwarding task 34
69 Worker 2 accepting task 22
69 Worker 0 accepting task 34
69 Worker 0 processing task 26 requiring operations [6]
69 Worker 0 performing operation 6 on task 26
69 Worker 1 processing task 33 requiring operations [6]
69 Worker 1 forwarding task 33
69 Worker 2 processing task 22 requiring operations [9]
69 Worker 2 forwarding task 22
70 Generated task 35
70 Worker 3 accepting task 35
70 Task 26 completed!
70 Worker 3 accepting task 33
70 Worker 0 accepting task 22
70 Worker 0 processing task 23 requiring operations [2, 9]
70 Worker 0 performing operation 2 on task 23
70 Worker 3 processing task 35 requiring operations [10, 3, 7]
70 Worker 3 performing operation 3 on task 35
71 Worker 0 accepting task 23
71 Worker 3 accepting task 35
71 Worker 0 processing task 21 requiring operations [8, 5]
71 Worker 0 forwarding task 21
71 Worker 3 processing task 33 requiring operations [6]
71 Worker 3 forwarding task 33
72 Generated task 36
72 Worker 1 accepting task 36
72 Worker 3 accepting task 21
72 Worker 1 accepting task 33
72 Worker 0 processing task 29 requiring operations [2, 7, 5]
72 Worker 0 performing operation 2 on task 29
72 Worker 3 processing task 35 requiring operations [10, 7]
72 Worker 3 performing operation 10 on task 35
72 Worker 1 processing task 36 requiring operations [2, 1, 9]
72 Worker 1 forwarding task 36
73 Worker 0 accepting task 29
73 Worker 3 accepting task 35
73 Worker 3 accepting task 36
73 Worker 0 processing task 25 requiring operations [7, 2]
73 Worker 0 performing operation 2 on task 25
73 Worker 3 processing task 21 requiring operations [8, 5]
73 Worker 3 performing operation 8 on task 21
73 Worker 1 processing task 33 requiring operations [6]
73 Worker 1 forwarding task 33
74 Generated task 37
74 Worker 2 accepting task 37
74 Worker 0 accepting task 25
74 Worker 3 accepting task 21
74 Worker 3 accepting task 33
74 Worker 0 processing task 28 requiring operations [5]
74 Worker 0 forwarding task 28
74 Worker 3 processing task 35 requiring operations [7]
74 Worker 3 forwarding task 35
74 Worker 2 processing task 37 requiring operations [10, 9, 8]
74 Worker 2 forwarding task 37
75 Worker 1 accepting task 28
75 Worker 0 accepting task 35
75 Worker 4 accepting task 37
75 Worker 0 processing task 9 requiring operations [8]
75 Worker 0 forwarding task 9
75 Worker 3 processing task 36 requiring operations [2, 1, 9]
75 Worker 3 performing operation 9 on task 36
75 Worker 1 processing task 28 requiring operations [5]
75 Worker 1 performing operation 5 on task 28
75 Worker 4 processing task 37 requiring operations [10, 9, 8]
75 Worker 4 performing operation 10 on task 37
76 Generated task 38
76 Worker 0 accepting task 38
76 Worker 3 accepting task 9
76 Worker 3 accepting task 36
76 Task 28 completed!
76 Worker 4 accepting task 37
76 Worker 0 processing task 30 requiring operations [4, 6]
76 Worker 0 performing operation 6 on task 30
76 Worker 3 processing task 21 requiring operations [5]
76 Worker 3 forwarding task 21
76 Worker 4 processing task 37 requiring operations [9, 8]
76 Worker 4 forwarding task 37
77 Worker 0 accepting task 30
77 Worker 0 accepting task 21
77 Worker 0 accepting task 37
77 Worker 0 processing task 20 requiring operations [9]
77 Worker 0 forwarding task 20
77 Worker 3 processing task 33 requiring operations [6]
77 Worker 3 forwarding task 33
78 Generated task 39
78 Worker 4 accepting task 39
78 Worker 3 accepting task 20
78 Worker 0 accepting task 33
78 Worker 0 processing task 24 requiring operations [2]
78 Worker 0 performing operation 2 on task 24
78 Worker 3 processing task 9 requiring operations [8]
78 Worker 3 performing operation 8 on task 9
78 Worker 4 processing task 39 requiring operations [8, 9, 10]
78 Worker 4 performing operation 10 on task 39
79 Task 24 completed!
79 Task 9 completed!
79 Worker 4 accepting task 39
79 Worker 0 processing task 31 requiring operations [10, 6]
79 Worker 0 performing operation 6 on task 31
79 Worker 3 processing task 36 requiring operations [2, 1]
79 Worker 3 forwarding task 36
79 Worker 4 processing task 39 requiring operations [8, 9]
79 Worker 4 forwarding task 39
80 Generated task 40
80 Worker 0 accepting task 40
80 Worker 0 accepting task 31
80 Worker 0 accepting task 36
80 Worker 0 accepting task 39
80 Worker 0 processing task 15 requiring operations [10]
80 Worker 0 forwarding task 15
80 Worker 3 processing task 20 requiring operations [9]
80 Worker 3 performing operation 9 on task 20
81 Worker 4 accepting task 15
81 Task 20 completed!
81 Worker 0 processing task 27 requiring operations [5, 6]
81 Worker 0 performing operation 6 on task 27
81 Worker 4 processing task 15 requiring operations [10]
81 Worker 4 performing operation 10 on task 15
82 Generated task 41
82 Worker 4 accepting task 41
82 Worker 0 accepting task 27
82 Task 15 completed!
82 Worker 0 processing task 14 requiring operations [5]
82 Worker 0 forwarding task 14
82 Worker 4 processing task 41 requiring operations [10, 3, 7]
82 Worker 4 performing operation 10 on task 41
83 Worker 2 accepting task 14
83 Worker 4 accepting task 41
83 Worker 0 processing task 34 requiring operations [9, 10, 1]
83 Worker 0 forwarding task 34
83 Worker 4 processing task 41 requiring operations [3, 7]
83 Worker 4 performing operation 3 on task 41
83 Worker 2 processing task 14 requiring operations [5]
83 Worker 2 forwarding task 14
84 Generated task 42
84 Worker 4 accepting task 42
84 Worker 3 accepting task 34
84 Worker 4 accepting task 41
84 Worker 4 accepting task 14
84 Worker 0 processing task 22 requiring operations [9]
84 Worker 0 forwarding task 22
84 Worker 4 processing task 42 requiring operations [4, 2, 9]
84 Worker 4 forwarding task 42
84 Worker 3 processing task 34 requiring operations [9, 10, 1]
84 Worker 3 performing operation 10 on task 34
85 Worker 1 accepting task 22
85 Worker 0 accepting task 42
85 Worker 3 accepting task 34
85 Worker 0 processing task 23 requiring operations [9]
85 Worker 0 forwarding task 23
85 Worker 4 processing task 41 requiring operations [7]
85 Worker 4 forwarding task 41
85 Worker 3 processing task 34 requiring operations [9, 1]
85 Worker 3 performing operation 9 on task 34
85 Worker 1 processing task 22 requiring operations [9]
85 Worker 1 forwarding task 22
86 Generated task 43
86 Worker 0 accepting task 43
86 Worker 4 accepting task 23
86 Worker 0 accepting task 41
86 Worker 3 accepting task 34
86 Worker 3 accepting task 22
86 Worker 0 processing task 29 requiring operations [7, 5]
86 Worker 0 forwarding task 29
86 Worker 4 processing task 14 requiring operations [5]
86 Worker 4 forwarding task 14
86 Worker 3 processing task 34 requiring operations [1]
86 Worker 3 forwarding task 34
87 Worker 2 accepting task 29
87 Worker 2 accepting task 14
87 Worker 1 accepting task 34
87 Worker 0 processing task 25 requiring operations [7]
87 Worker 0 forwarding task 25
87 Worker 4 processing task 23 requiring operations [9]
87 Worker 4 forwarding task 23
87 Worker 3 processing task 22 requiring operations [9]
87 Worker 3 performing operation 9 on task 22
87 Worker 2 processing task 29 requiring operations [7, 5]
87 Worker 2 forwarding task 29
87 Worker 1 processing task 34 requiring operations [1]
87 Worker 1 forwarding task 34
88 Generated task 44
88 Worker 0 accepting task 44
88 Worker 3 accepting task 25
88 Worker 0 accepting task 23
88 Task 22 completed!
88 Worker 4 accepting task 29
88 Worker 0 accepting task 34
88 Worker 0 processing task 35 requiring operations [7]
88 Worker 0 forwarding task 35
88 Worker 3 processing task 25 requiring operations [7]
88 Worker 3 forwarding task 25
88 Worker 2 processing task 14 requiring operations [5]
88 Worker 2 forwarding task 14
88 Worker 4 processing task 29 requiring operations [7, 5]
88 Worker 4 forwarding task 29
89 Worker 2 accepting task 35
89 Worker 0 accepting task 25
89 Worker 0 accepting task 14
89 Worker 0 accepting task 29
89 Worker 0 processing task 38 requiring operations [8, 4, 1]
89 Worker 0 performing operation 4 on task 38
89 Worker 2 processing task 35 requiring operations [7]
89 Worker 2 forwarding task 35
90 Generated task 45
90 Worker 1 accepting task 45
90 Worker 0 accepting task 38
90 Worker 4 accepting task 35
90 Worker 0 processing task 30 requiring operations [4]
90 Worker 0 performing operation 4 on task 30
90 Worker 1 processing task 45 requiring operations [4, 1, 6]
90 Worker 1 forwarding task 45
90 Worker 4 processing task 35 requiring operations [7]
90 Worker 4 forwarding task 35
91 Task 30 completed!
91 Worker 0 accepting task 45
91 Worker 0 accepting task 35
91 Worker 0 processing task 21 requiring operations [5]
91 Worker 0 forwarding task 21
92 Generated task 46
92 Worker 0 accepting task 46
92 Worker 3 accepting task 21
92 Worker 0 processing task 37 requiring operations [9, 8]
92 Worker 0 forwarding task 37
92 Worker 3 processing task 21 requiring operations [5]
92 Worker 3 forwarding task 21
93 Worker 4 accepting task 37
93 Worker 0 accepting task 21
93 Worker 0 processing task 33 requiring operations [6]
93 Worker 0 performing operation 6 on task 33
93 Worker 4 processing task 37 requiring operations [9, 8]
93 Worker 4 forwarding task 37
94 Generated task 47
94 Worker 1 accepting task 47
94 Task 33 completed!
94 Worker 0 accepting task 37
94 Worker 0 processing task 40 requiring operations [7, 2, 3]
94 Worker 0 performing operation 2 on task 40
94 Worker 1 processing task 47 requiring operations [3, 2, 4]
94 Worker 1 performing operation 3 on task 47
95 Worker 0 accepting task 40
95 Worker 1 accepting task 47
95 Worker 0 processing task 31 requiring operations [10]
95 Worker 0 forwarding task 31
95 Worker 1 processing task 47 requiring operations [2, 4]
95 Worker 1 forwarding task 47
96 Generated task 48
96 Worker 2 accepting task 48
96 Worker 3 accepting task 31
96 Worker 3 accepting task 47
96 Worker 0 processing task 36 requiring operations [2, 1]
96 Worker 0 performing operation 2 on task 36
96 Worker 2 processing task 48 requiring operations [10, 2, 6]
96 Worker 2 forwarding task 48
96 Worker 3 processing task 31 requiring operations [10]
96 Worker 3 performing operation 10 on task 31
97 Worker 0 accepting task 36
97 Worker 4 accepting task 48
97 Task 31 completed!
97 Worker 0 processing task 39 requiring operations [8, 9]
97 Worker 0 forwarding task 39
97 Worker 3 processing task 47 requiring operations [2, 4]
97 Worker 3 forwarding task 47
97 Worker 4 processing task 48 requiring operations [10, 2, 6]
97 Worker 4 performing operation 10 on task 48
98 Generated task 49
98 Worker 0 accepting task 49
98 Worker 2 accepting task 39
98 Worker 1 accepting task 47
98 Worker 4 accepting task 48
98 Worker 0 processing task 27 requiring operations [5]
98 Worker 0 forwarding task 27
98 Worker 4 processing task 48 requiring operations [2, 6]
98 Worker 4 forwarding task 48
98 Worker 2 processing task 39 requiring operations [8, 9]
98 Worker 2 forwarding task 39
98 Worker 1 processing task 47 requiring operations [2, 4]
98 Worker 1 forwarding task 47
99 Worker 2 accepting task 27
99 Worker 0 accepting task 48
99 Worker 4 accepting task 39
99 Worker 3 accepting task 47
99 Worker 0 processing task 42 requiring operations [4, 2, 9]
99 Worker 0 performing operation 4 on task 42
99 Worker 2 processing task 27 requiring operations [5]
99 Worker 2 forwarding task 27
99 Worker 4 processing task 39 requiring operations [8, 9]
99 Worker 4 forwarding task 39
99 Worker 3 processing task 47 requiring operations [2, 4]
99 Worker 3 forwarding task 47
100 Generated task 50
100 Worker 3 accepting task 50
100 Worker 0 accepting task 42
100 Worker 4 accepting task 27
100 Worker 0 accepting task 39
100 Worker 0 accepting task 47
100 Worker 0 processing task 43 requiring operations [3, 5, 10]
100 Worker 0 forwarding task 43
100 Worker 4 processing task 27 requiring operations [5]
100 Worker 4 forwarding task 27
100 Worker 3 processing task 50 requiring operations [9, 3, 5]
100 Worker 3 performing operation 9 on task 50
101 Worker 1 accepting task 43
101 Worker 2 accepting task 27
101 Worker 3 accepting task 50
101 Worker 0 processing task 41 requiring operations [7]
101 Worker 0 forwarding task 41
101 Worker 3 processing task 50 requiring operations [3, 5]
101 Worker 3 performing operation 3 on task 50
101 Worker 1 processing task 43 requiring operations [3, 5, 10]
101 Worker 1 performing operation 3 on task 43
101 Worker 2 processing task 27 requiring operations [5]
101 Worker 2 forwarding task 27
102 Generated task 51
102 Worker 0 accepting task 51
102 Worker 1 accepting task 41
102 Worker 3 accepting task 50
102 Worker 1 accepting task 43
102 Worker 4 accepting task 27
102 Worker 0 processing task 44 requiring operations [9, 4, 6]
102 Worker 0 performing operation 6 on task 44
102 Worker 3 processing task 50 requiring operations [5]
102 Worker 3 forwarding task 50
102 Worker 1 processing task 41 requiring operations [7]
102 Worker 1 performing operation 7 on task 41
102 Worker 4 processing task 27 requiring operations [5]
102 Worker 4 forwarding task 27
103 Worker 0 accepting task 44
103 Worker 0 accepting task 50
103 Task 41 completed!
103 Worker 0 accepting task 27
103 Worker 0 processing task 23 requiring operations [9]
103 Worker 0 forwarding task 23
103 Worker 1 processing task 43 requiring operations [5, 10]
103 Worker 1 performing operation 5 on task 43
104 Generated task 52
104 Worker 0 accepting task 52
104 Worker 3 accepting task 23
104 Worker 1 accepting task 43
104 Worker 0 processing task 34 requiring operations [1]
104 Worker 0 forwarding task 34
104 Worker 1 processing task 43 requiring operations [10]
104 Worker 1 forwarding task 43
104 Worker 3 processing task 23 requiring operations [9]
104 Worker 3 performing operation 9 on task 23
105 Worker 2 accepting task 34
105 Worker 0 accepting task 43
105 Task 23 completed!
105 Worker 0 processing task 25 requiring operations [7]
105 Worker 0 forwarding task 25
105 Worker 2 processing task 34 requiring operations [1]
105 Worker 2 forwarding task 34
106 Generated task 53
106 Worker 0 accepting task 53
106 Worker 1 accepting task 25
106 Worker 4 accepting task 34
106 Worker 0 processing task 14 requiring operations [5]
106 Worker 0 forwarding task 14
106 Worker 1 processing task 25 requiring operations [7]
106 Worker 1 performing operation 7 on task 25
106 Worker 4 processing task 34 requiring operations [1]
106 Worker 4 performing operation 1 on task 34
107 Worker 3 accepting task 14
107 Task 25 completed!
107 Task 34 completed!
107 Worker 0 processing task 29 requiring operations [7, 5]
107 Worker 0 forwarding task 29
107 Worker 3 processing task 14 requiring operations [5]
107 Worker 3 forwarding task 14
108 Generated task 54
108 Worker 3 accepting task 54
108 Worker 3 accepting task 29
108 Worker 0 accepting task 14
108 Worker 0 processing task 38 requiring operations [8, 1]
108 Worker 0 forwarding task 38
108 Worker 3 processing task 54 requiring operations [6, 4, 10]
108 Worker 3 performing operation 10 on task 54
109 Worker 3 accepting task 38
109 Worker 3 accepting task 54
109 Worker 0 processing task 45 requiring operations [4, 1, 6]
109 Worker 0 performing operation 6 on task 45
109 Worker 3 processing task 29 requiring operations [7, 5]
109 Worker 3 forwarding task 29
110 Generated task 55
110 Worker 3 accepting task 55
110 Worker 0 accepting task 45
110 Worker 0 accepting task 29
110 Worker 0 processing task 35 requiring operations [7]
110 Worker 0 forwarding task 35
110 Worker 3 processing task 38 requiring operations [8, 1]
110 Worker 3 performing operation 8 on task 38
111 Worker 3 accepting task 35
111 Worker 3 accepting task 38
111 Worker 0 processing task 46 requiring operations [1, 10, 5]
111 Worker 0 forwarding task 46
111 Worker 3 processing task 54 requiring operations [6, 4]
111 Worker 3 forwarding task 54
112 Generated task 56
112 Worker 4 accepting task 56
112 Worker 1 accepting task 46
112 Worker 0 accepting task 54
112 Worker 0 processing task 21 requiring operations [5]
112 Worker 0 forwarding task 21
112 Worker 3 processing task 55 requiring operations [8, 5, 10]
112 Worker 3 performing operation 10 on task 55
112 Worker 4 processing task 56 requiring operations [9, 6, 7]
112 Worker 4 forwarding task 56
112 Worker 1 processing task 46 requiring operations [1, 10, 5]
112 Worker 1 performing operation 5 on task 46
113 Worker 1 accepting task 21
113 Worker 3 accepting task 55
113 Worker 0 accepting task 56
113 Worker 1 accepting task 46
113 Worker 0 processing task 37 requiring operations [9, 8]
113 Worker 0 forwarding task 37
113 Worker 3 processing task 35 requiring operations [7]
113 Worker 3 forwarding task 35
113 Worker 1 processing task 21 requiring operations [5]
113 Worker 1 performing operation 5 on task 21
114 Generated task 57
114 Worker 1 accepting task 57
114 Worker 1 accepting task 37
114 Worker 1 accepting task 35
114 Task 21 completed!
114 Worker 0 processing task 40 requiring operations [7, 3]
114 Worker 0 forwarding task 40
114 Worker 3 processing task 38 requiring operations [1]
114 Worker 3 forwarding task 38
114 Worker 1 processing task 46 requiring operations [1, 10]
114 Worker 1 forwarding task 46
115 Worker 3 accepting task 40
115 Worker 0 accepting task 38
115 Worker 3 accepting task 46
115 Worker 0 processing task 36 requiring operations [1]
115 Worker 0 forwarding task 36
115 Worker 3 processing task 55 requiring operations [8, 5]
115 Worker 3 performing operation 8 on task 55
115 Worker 1 processing task 57 requiring operations [4, 8, 10]
115 Worker 1 forwarding task 57
116 Generated task 58
116 Worker 2 accepting task 58
116 Worker 1 accepting task 36
116 Worker 3 accepting task 55
116 Worker 3 accepting task 57
116 Worker 0 processing task 49 requiring operations [3, 1, 8]
116 Worker 0 forwarding task 49
116 Worker 3 processing task 40 requiring operations [7, 3]
116 Worker 3 performing operation 3 on task 40
116 Worker 1 processing task 37 requiring operations [9, 8]
116 Worker 1 forwarding task 37
116 Worker 2 processing task 58 requiring operations [9, 2, 7]
116 Worker 2 forwarding task 58
117 Worker 2 accepting task 49
117 Worker 3 accepting task 40
117 Worker 3 accepting task 37
117 Worker 4 accepting task 58
117 Worker 0 processing task 48 requiring operations [2, 6]
117 Worker 0 performing operation 6 on task 48
117 Worker 3 processing task 46 requiring operations [1, 10]
117 Worker 3 performing operation 10 on task 46
117 Worker 1 processing task 35 requiring operations [7]
117 Worker 1 performing operation 7 on task 35
117 Worker 2 processing task 49 requiring operations [3, 1, 8]
117 Worker 2 performing operation 3 on task 49
117 Worker 4 processing task 58 requiring operations [9, 2, 7]
117 Worker 4 forwarding task 58
118 Generated task 59
118 Worker 2 accepting task 59
118 Worker 0 accepting task 48
118 Worker 3 accepting task 46
118 Task 35 completed!
118 Worker 2 accepting task 49
118 Worker 0 accepting task 58
118 Worker 0 processing task 42 requiring operations [2, 9]
118 Worker 0 performing operation 2 on task 42
118 Worker 3 processing task 55 requiring operations [5]
118 Worker 3 forwarding task 55
118 Worker 1 processing task 36 requiring operations [1]
118 Worker 1 forwarding task 36
118 Worker 2 processing task 59 requiring operations [10, 8, 6]
118 Worker 2 forwarding task 59
119 Worker 0 accepting task 42
119 Worker 0 accepting task 55
119 Worker 3 accepting task 36
119 Worker 0 accepting task 59
119 Worker 0 processing task 39 requiring operations [8, 9]
119 Worker 0 forwarding task 39
119 Worker 3 processing task 57 requiring operations [4, 8, 10]
119 Worker 3 performing operation 10 on task 57
119 Worker 2 processing task 49 requiring operations [1, 8]
119 Worker 2 forwarding task 49
120 Generated task 60
120 Worker 3 accepting task 60
120 Worker 3 accepting task 39
120 Worker 3 accepting task 57
120 Worker 4 accepting task 49
120 Worker 0 processing task 47 requiring operations [2, 4]
120 Worker 0 performing operation 4 on task 47
120 Worker 3 processing task 40 requiring operations [7]
120 Worker 3 forwarding task 40
120 Worker 4 processing task 49 requiring operations [1, 8]
120 Worker 4 performing operation 1 on task 49
121 Worker 0 accepting task 47
121 Worker 1 accepting task 40
121 Worker 4 accepting task 49
121 Worker 0 processing task 51 requiring operations [6, 1, 3]
121 Worker 0 performing operation 6 on task 51
121 Worker 3 processing task 37 requiring operations [9, 8]
121 Worker 3 performing operation 9 on task 37
121 Worker 4 processing task 49 requiring operations [8]
121 Worker 4 forwarding task 49
121 Worker 1 processing task 40 requiring operations [7]
121 Worker 1 performing operation 7 on task 40
122 Generated task 61
122 Worker 1 accepting task 61
122 Worker 0 accepting task 51
122 Worker 3 accepting task 37
122 Worker 2 accepting task 49
122 Task 40 completed!
122 Worker 0 processing task 44 requiring operations [9, 4]
122 Worker 0 performing operation 4 on task 44
122 Worker 3 processing task 46 requiring operations [1]
122 Worker 3 forwarding task 46
122 Worker 1 processing task 61 requiring operations [6, 3, 4]
122 Worker 1 performing operation 3 on task 61
122 Worker 2 processing task 49 requiring operations [8]
122 Worker 2 forwarding task 49
123 Worker 0 accepting task 44
123 Worker 1 accepting task 46
123 Worker 1 accepting task 61
123 Worker 0 accepting task 49
123 Worker 0 processing task 50 requiring operations [5]
123 Worker 0 forwarding task 50
123 Worker 3 processing task 36 requiring operations [1]
123 Worker 3 forwarding task 36
123 Worker 1 processing task 46 requiring operations [1]
123 Worker 1 forwarding task 46
124 Generated task 62
124 Worker 4 accepting task 62
124 Worker 4 accepting task 50
124 Worker 0 accepting task 36
124 Worker 3 accepting task 46
124 Worker 0 processing task 27 requiring operations [5]
124 Worker 0 forwarding task 27
124 Worker 3 processing task 60 requiring operations [4, 1, 7]
124 Worker 3 forwarding task 60
124 Worker 1 processing task 61 requiring operations [6, 4]
124 Worker 1 forwarding task 61
124 Worker 4 processing task 62 requiring operations [2, 4, 8]
124 Worker 4 forwarding task 62
125 Worker 2 accepting task 27
125 Worker 1 accepting task 60
125 Worker 0 accepting task 61
125 Worker 2 accepting task 62
125 Worker 0 processing task 52 requiring operations [4, 1, 8]
125 Worker 0 performing operation 4 on task 52
125 Worker 3 processing task 39 requiring operations [8, 9]
125 Worker 3 performing operation 9 on task 39
125 Worker 1 processing task 60 requiring operations [4, 1, 7]
125 Worker 1 performing operation 7 on task 60
125 Worker 4 processing task 50 requiring operations [5]
125 Worker 4 forwarding task 50
125 Worker 2 processing task 27 requiring operations [5]
125 Worker 2 forwarding task 27
126 Generated task 63
126 Worker 3 accepting task 63
126 Worker 0 accepting task 52
126 Worker 3 accepting task 39
126 Worker 1 accepting task 60
126 Worker 2 accepting task 50
126 Worker 0 accepting task 27
126 Worker 0 processing task 43 requiring operations [10]
126 Worker 0 forwarding task 43
126 Worker 3 processing task 57 requiring operations [4, 8]
126 Worker 3 performing operation 8 on task 57
126 Worker 1 processing task 60 requiring operations [4, 1]
126 Worker 1 forwarding task 60
126 Worker 2 processing task 62 requiring operations [2, 4, 8]
126 Worker 2 forwarding task 62
127 Worker 4 accepting task 43
127 Worker 3 accepting task 57
127 Worker 0 accepting task 60
127 Worker 0 accepting task 62
127 Worker 0 processing task 53 requiring operations [9, 2, 8]
127 Worker 0 performing operation 2 on task 53
127 Worker 3 processing task 37 requiring operations [8]
127 Worker 3 performing operation 8 on task 37
127 Worker 2 processing task 50 requiring operations [5]
127 Worker 2 forwarding task 50
127 Worker 4 processing task 43 requiring operations [10]
127 Worker 4 performing operation 10 on task 43
128 Generated task 64
128 Worker 4 accepting task 64
128 Worker 0 accepting task 53
128 Task 37 completed!
128 Worker 4 accepting task 50
128 Task 43 completed!
128 Worker 0 processing task 14 requiring operations [5]
128 Worker 0 forwarding task 14
128 Worker 3 processing task 46 requiring operations [1]
128 Worker 3 forwarding task 46
128 Worker 4 processing task 64 requiring operations [1, 10, 7]
128 Worker 4 performing operation 1 on task 64
129 Worker 1 accepting task 14
129 Worker 1 accepting task 46
129 Worker 4 accepting task 64
129 Worker 0 processing task 45 requiring operations [4, 1]
129 Worker 0 performing operation 4 on task 45
129 Worker 3 processing task 63 requiring operations [7, 10, 8]
129 Worker 3 performing operation 10 on task 63
129 Worker 4 processing task 50 requiring operations [5]
129 Worker 4 forwarding task 50
129 Worker 1 processing task 14 requiring operations [5]
129 Worker 1 performing operation 5 on task 14
130 Generated task 65
130 Worker 2 accepting task 65
130 Worker 0 accepting task 45
130 Worker 3 accepting task 63
130 Worker 0 accepting task 50
130 Task 14 completed!
130 Worker 0 processing task 29 requiring operations [7, 5]
130 Worker 0 forwarding task 29
130 Worker 3 processing task 39 requiring operations [8]
130 Worker 3 performing operation 8 on task 39
130 Worker 4 processing task 64 requiring operations [10, 7]
130 Worker 4 performing operation 10 on task 64
130 Worker 1 processing task 46 requiring operations [1]
130 Worker 1 forwarding task 46
130 Worker 2 processing task 65 requiring operations [4, 6, 10]
130 Worker 2 forwarding task 65
131 Worker 1 accepting task 29
131 Task 39 completed!
131 Worker 4 accepting task 64
131 Worker 3 accepting task 46
131 Worker 4 accepting task 65
131 Worker 0 processing task 54 requiring operations [6, 4]
131 Worker 0 performing operation 6 on task 54
131 Worker 3 processing task 57 requiring operations [4]
131 Worker 3 forwarding task 57
131 Worker 4 processing task 64 requiring operations [7]
131 Worker 4 forwarding task 64
131 Worker 1 processing task 29 requiring operations [7, 5]
131 Worker 1 performing operation 5 on task 29
132 Generated task 66
132 Worker 4 accepting task 66
132 Worker 0 accepting task 54
132 Worker 1 accepting task 57
132 Worker 0 accepting task 64
132 Worker 1 accepting task 29
132 Worker 0 processing task 56 requiring operations [9, 6, 7]
132 Worker 0 performing operation 6 on task 56
132 Worker 3 processing task 63 requiring operations [7, 8]
132 Worker 3 performing operation 8 on task 63
132 Worker 4 processing task 65 requiring operations [4, 6, 10]
132 Worker 4 performing operation 10 on task 65
132 Worker 1 processing task 57 requiring operations [4]
132 Worker 1 forwarding task 57
133 Worker 0 accepting task 56
133 Worker 3 accepting task 63
133 Worker 4 accepting task 65
133 Worker 0 accepting task 57
133 Worker 0 processing task 38 requiring operations [1]
133 Worker 0 forwarding task 38
133 Worker 3 processing task 46 requiring operations [1]
133 Worker 3 forwarding task 46
133 Worker 4 processing task 66 requiring operations [9, 4, 2]
133 Worker 4 forwarding task 66
133 Worker 1 processing task 29 requiring operations [7]
133 Worker 1 performing operation 7 on task 29
134 Generated task 67
134 Worker 2 accepting task 67
134 Worker 3 accepting task 38
134 Worker 1 accepting task 46
134 Worker 0 accepting task 66
134 Task 29 completed!
134 Worker 0 processing task 48 requiring operations [2]
134 Worker 0 performing operation 2 on task 48
134 Worker 3 processing task 63 requiring operations [7]
134 Worker 3 forwarding task 63
134 Worker 4 processing task 65 requiring operations [4, 6]
134 Worker 4 forwarding task 65
134 Worker 1 processing task 46 requiring operations [1]
134 Worker 1 forwarding task 46
134 Worker 2 processing task 67 requiring operations [6, 2, 10]
134 Worker 2 forwarding task 67
135 Task 48 completed!
135 Worker 0 accepting task 63
135 Worker 0 accepting task 65
135 Worker 0 accepting task 46
135 Worker 4 accepting task 67
135 Worker 0 processing task 58 requiring operations [9, 2, 7]
135 Worker 0 performing operation 2 on task 58
135 Worker 3 processing task 38 requiring operations [1]
135 Worker 3 forwarding task 38
135 Worker 4 processing task 67 requiring operations [6, 2, 10]
135 Worker 4 performing operation 10 on task 67
136 Generated task 68
136 Worker 4 accepting task 68
136 Worker 0 accepting task 58
136 Worker 0 accepting task 38
136 Worker 4 accepting task 67
136 Worker 0 processing task 42 requiring operations [9]
136 Worker 0 forwarding task 42
136 Worker 4 processing task 68 requiring operations [10, 3, 7]
136 Worker 4 performing operation 3 on task 68
137 Worker 4 accepting task 42
137 Worker 4 accepting task 68
137 Worker 0 processing task 55 requiring operations [5]
137 Worker 0 forwarding task 55
137 Worker 4 processing task 67 requiring operations [6, 2]
137 Worker 4 forwarding task 67
138 Generated task 69
138 Worker 1 accepting task 69
138 Worker 1 accepting task 55
138 Worker 2 accepting task 67
138 Worker 0 processing task 59 requiring operations [10, 8, 6]
138 Worker 0 performing operation 6 on task 59
138 Worker 4 processing task 42 requiring operations [9]
138 Worker 4 forwarding task 42
138 Worker 1 processing task 69 requiring operations [7, 9, 1]
138 Worker 1 performing operation 7 on task 69
138 Worker 2 processing task 67 requiring operations [6, 2]
138 Worker 2 forwarding task 67
139 Worker 0 accepting task 59
139 Worker 0 accepting task 42
139 Worker 1 accepting task 69
139 Worker 4 accepting task 67
139 Worker 0 processing task 47 requiring operations [2]
139 Worker 0 performing operation 2 on task 47
139 Worker 4 processing task 68 requiring operations [10, 7]
139 Worker 4 performing operation 10 on task 68
139 Worker 1 processing task 55 requiring operations [5]
139 Worker 1 performing operation 5 on task 55
140 Generated task 70
140 Worker 0 accepting task 70
140 Task 47 completed!
140 Worker 4 accepting task 68
140 Task 55 completed!
140 Worker 0 processing task 51 requiring operations [1, 3]
140 Worker 0 forwarding task 51
140 Worker 4 processing task 67 requiring operations [6, 2]
140 Worker 4 forwarding task 67
140 Worker 1 processing task 69 requiring operations [9, 1]
140 Worker 1 forwarding task 69
