Worker 0 can perform operations {9, 3}
Worker 1 can perform operations {1, 4, 7}
Worker 2 can perform operations {3}
Worker 3 can perform operations {2, 4, 5, 8, 9}
Worker 4 can perform operations {10, 4, 6}
Building network type random
Worker 0 connecting to worker 2
Worker 2 connecting to worker 0
Worker 0 connecting to worker 4
Worker 4 connecting to worker 0
Worker 1 connecting to worker 4
Worker 4 connecting to worker 1
Worker 1 connecting to worker 3
Worker 3 connecting to worker 1
Worker 2 connecting to worker 1
Worker 1 connecting to worker 2
Worker 3 connecting to worker 2
Worker 2 connecting to worker 3
Entry nodes are [0, 1, 2, 3, 4]
0 Generated task 0
0 Worker 3 accepting task 0
0 Worker 3 processing task 0 requiring operations [6, 7, 4]
0 Worker 3 performing operation 4 on task 0
1 Worker 3 accepting task 0
1 Worker 3 processing task 0 requiring operations [6, 7]
1 Worker 3 forwarding task 0
2 Generated task 1
2 Worker 3 accepting task 1
2 Worker 2 accepting task 0
2 Worker 3 processing task 1 requiring operations [7, 3, 9]
2 Worker 3 performing operation 9 on task 1
2 Worker 2 processing task 0 requiring operations [6, 7]
2 Worker 2 forwarding task 0
3 Worker 3 accepting task 1
3 Worker 3 accepting task 0
3 Worker 3 processing task 1 requiring operations [7, 3]
3 Worker 3 forwarding task 1
4 Generated task 2
4 Worker 1 accepting task 2
4 Worker 2 accepting task 1
4 Worker 3 processing task 0 requiring operations [6, 7]
4 Worker 3 forwarding task 0
4 Worker 1 processing task 2 requiring operations [9, 10, 8]
4 Worker 1 forwarding task 2
4 Worker 2 processing task 1 requiring operations [7, 3]
4 Worker 2 performing operation 3 on task 1
5 Worker 1 accepting task 0
5 Worker 2 accepting task 2
5 Worker 2 accepting task 1
5 Worker 1 processing task 0 requiring operations [6, 7]
5 Worker 1 performing operation 7 on task 0
5 Worker 2 processing task 2 requiring operations [9, 10, 8]
5 Worker 2 forwarding task 2
6 Generated task 3
6 Worker 3 accepting task 3
6 Worker 1 accepting task 0
6 Worker 0 accepting task 2
6 Worker 1 processing task 0 requiring operations [6]
6 Worker 1 forwarding task 0
6 Worker 2 processing task 1 requiring operations [7]
6 Worker 2 forwarding task 1
6 Worker 3 processing task 3 requiring operations [6, 5, 7]
6 Worker 3 performing operation 5 on task 3
6 Worker 0 processing task 2 requiring operations [9, 10, 8]
6 Worker 0 performing operation 9 on task 2
7 Worker 3 accepting task 0
7 Worker 1 accepting task 1
7 Worker 3 accepting task 3
7 Worker 0 accepting task 2
7 Worker 3 processing task 0 requiring operations [6]
7 Worker 3 forwarding task 0
7 Worker 0 processing task 2 requiring operations [10, 8]
7 Worker 0 forwarding task 2
7 Worker 1 processing task 1 requiring operations [7]
7 Worker 1 performing operation 7 on task 1
8 Generated task 4
8 Worker 1 accepting task 4
8 Worker 1 accepting task 0
8 Worker 4 accepting task 2
8 Task 1 completed!
8 Worker 3 processing task 3 requiring operations [6, 7]
8 Worker 3 forwarding task 3
8 Worker 1 processing task 4 requiring operations [1, 5, 7]
8 Worker 1 performing operation 7 on task 4
8 Worker 4 processing task 2 requiring operations [10, 8]
8 Worker 4 performing operation 10 on task 2
9 Worker 2 accepting task 3
9 Worker 1 accepting task 4
9 Worker 4 accepting task 2
9 Worker 1 processing task 0 requiring operations [6]
9 Worker 1 forwarding task 0
9 Worker 4 processing task 2 requiring operations [8]
9 Worker 4 forwarding task 2
9 Worker 2 processing task 3 requiring operations [6, 7]
9 Worker 2 forwarding task 3
10 Generated task 5
10 Worker 4 accepting task 5
10 Worker 4 accepting task 0
10 Worker 1 accepting task 2
10 Worker 3 accepting task 3
10 Worker 1 processing task 4 requiring operations [1, 5]
10 Worker 1 performing operation 1 on task 4
10 Worker 4 processing task 5 requiring operations [5, 1, 2]
10 Worker 4 forwarding task 5
10 Worker 3 processing task 3 requiring operations [6, 7]
10 Worker 3 forwarding task 3
11 Worker 1 accepting task 4
11 Worker 1 accepting task 5
11 Worker 2 accepting task 3
11 Worker 1 processing task 2 requiring operations [8]
11 Worker 1 forwarding task 2
11 Worker 4 processing task 0 requiring operations [6]
11 Worker 4 performing operation 6 on task 0
11 Worker 2 processing task 3 requiring operations [6, 7]
11 Worker 2 forwarding task 3
12 Generated task 6
12 Worker 3 accepting task 6
12 Worker 4 accepting task 2
12 Task 0 completed!
12 Worker 1 accepting task 3
12 Worker 1 processing task 4 requiring operations [5]
12 Worker 1 forwarding task 4
12 Worker 4 processing task 2 requiring operations [8]
12 Worker 4 forwarding task 2
12 Worker 3 processing task 6 requiring operations [4, 7, 1]
12 Worker 3 performing operation 4 on task 6
13 Worker 2 accepting task 4
13 Worker 1 accepting task 2
13 Worker 3 accepting task 6
13 Worker 1 processing task 5 requiring operations [5, 1, 2]
13 Worker 1 performing operation 1 on task 5
13 Worker 3 processing task 6 requiring operations [7, 1]
13 Worker 3 forwarding task 6
13 Worker 2 processing task 4 requiring operations [5]
13 Worker 2 forwarding task 4
14 Generated task 7
14 Worker 3 accepting task 7
14 Worker 1 accepting task 5
14 Worker 2 accepting task 6
14 Worker 3 accepting task 4
14 Worker 1 processing task 3 requiring operations [6, 7]
14 Worker 1 performing operation 7 on task 3
14 Worker 3 processing task 7 requiring operations [7, 3, 8]
14 Worker 3 performing operation 8 on task 7
14 Worker 2 processing task 6 requiring operations [7, 1]
14 Worker 2 forwarding task 6
15 Worker 1 accepting task 3
15 Worker 3 accepting task 7
15 Worker 0 accepting task 6
15 Worker 1 processing task 2 requiring operations [8]
15 Worker 1 forwarding task 2
15 Worker 3 processing task 4 requiring operations [5]
15 Worker 3 performing operation 5 on task 4
15 Worker 0 processing task 6 requiring operations [7, 1]
15 Worker 0 forwarding task 6
16 Generated task 8
16 Worker 4 accepting task 8
16 Worker 2 accepting task 2
16 Task 4 completed!
16 Worker 2 accepting task 6
16 Worker 1 processing task 5 requiring operations [5, 2]
16 Worker 1 forwarding task 5
16 Worker 3 processing task 7 requiring operations [7, 3]
16 Worker 3 forwarding task 7
16 Worker 4 processing task 8 requiring operations [4, 1, 7]
16 Worker 4 performing operation 4 on task 8
16 Worker 2 processing task 2 requiring operations [8]
16 Worker 2 forwarding task 2
17 Worker 4 accepting task 5
17 Worker 1 accepting task 7
17 Worker 4 accepting task 8
17 Worker 0 accepting task 2
17 Worker 1 processing task 3 requiring operations [6]
17 Worker 1 forwarding task 3
17 Worker 4 processing task 5 requiring operations [5, 2]
17 Worker 4 forwarding task 5
17 Worker 2 processing task 6 requiring operations [7, 1]
17 Worker 2 forwarding task 6
17 Worker 0 processing task 2 requiring operations [8]
17 Worker 0 forwarding task 2
18 Generated task 9
18 Worker 0 accepting task 9
18 Worker 4 accepting task 3
18 Worker 1 accepting task 5
18 Worker 1 accepting task 6
18 Worker 2 accepting task 2
18 Worker 1 processing task 7 requiring operations [7, 3]
18 Worker 1 performing operation 7 on task 7
18 Worker 4 processing task 8 requiring operations [1, 7]
18 Worker 4 forwarding task 8
18 Worker 0 processing task 9 requiring operations [5, 3, 9]
18 Worker 0 performing operation 3 on task 9
18 Worker 2 processing task 2 requiring operations [8]
18 Worker 2 forwarding task 2
19 Worker 1 accepting task 7
19 Worker 1 accepting task 8
19 Worker 0 accepting task 9
19 Worker 3 accepting task 2
19 Worker 1 processing task 5 requiring operations [5, 2]
19 Worker 1 forwarding task 5
19 Worker 4 processing task 3 requiring operations [6]
19 Worker 4 performing operation 6 on task 3
19 Worker 0 processing task 9 requiring operations [5, 9]
19 Worker 0 performing operation 9 on task 9
19 Worker 3 processing task 2 requiring operations [8]
19 Worker 3 performing operation 8 on task 2
20 Generated task 10
20 Worker 0 accepting task 10
20 Worker 4 accepting task 5
20 Task 3 completed!
20 Worker 0 accepting task 9
20 Task 2 completed!
20 Worker 1 processing task 6 requiring operations [7, 1]
20 Worker 1 performing operation 7 on task 6
20 Worker 4 processing task 5 requiring operations [5, 2]
20 Worker 4 forwarding task 5
20 Worker 0 processing task 10 requiring operations [10, 8, 4]
20 Worker 0 forwarding task 10
21 Worker 1 accepting task 6
21 Worker 1 accepting task 5
21 Worker 2 accepting task 10
21 Worker 1 processing task 7 requiring operations [3]
21 Worker 1 forwarding task 7
21 Worker 0 processing task 9 requiring operations [5]
21 Worker 0 forwarding task 9
21 Worker 2 processing task 10 requiring operations [10, 8, 4]
21 Worker 2 forwarding task 10
22 Generated task 11
22 Worker 0 accepting task 11
22 Worker 2 accepting task 7
22 Worker 4 accepting task 9
22 Worker 0 accepting task 10
22 Worker 1 processing task 8 requiring operations [1, 7]
22 Worker 1 performing operation 1 on task 8
22 Worker 0 processing task 11 requiring operations [5, 8, 9]
22 Worker 0 performing operation 9 on task 11
22 Worker 2 processing task 7 requiring operations [3]
22 Worker 2 performing operation 3 on task 7
22 Worker 4 processing task 9 requiring operations [5]
22 Worker 4 forwarding task 9
23 Worker 1 accepting task 8
23 Worker 0 accepting task 11
23 Task 7 completed!
23 Worker 1 accepting task 9
23 Worker 1 processing task 6 requiring operations [1]
23 Worker 1 performing operation 1 on task 6
23 Worker 0 processing task 10 requiring operations [10, 8, 4]
23 Worker 0 forwarding task 10
24 Generated task 12
24 Worker 0 accepting task 12
24 Task 6 completed!
24 Worker 2 accepting task 10
24 Worker 1 processing task 5 requiring operations [5, 2]
24 Worker 1 forwarding task 5
24 Worker 0 processing task 11 requiring operations [5, 8]
24 Worker 0 forwarding task 11
24 Worker 2 processing task 10 requiring operations [10, 8, 4]
24 Worker 2 forwarding task 10
25 Worker 2 accepting task 5
25 Worker 2 accepting task 11
25 Worker 0 accepting task 10
25 Worker 1 processing task 8 requiring operations [7]
25 Worker 1 performing operation 7 on task 8
25 Worker 0 processing task 12 requiring operations [6, 1, 5]
25 Worker 0 forwarding task 12
25 Worker 2 processing task 5 requiring operations [5, 2]
25 Worker 2 forwarding task 5
26 Generated task 13
26 Worker 2 accepting task 13
26 Task 8 completed!
26 Worker 2 accepting task 12
26 Worker 0 accepting task 5
26 Worker 1 processing task 9 requiring operations [5]
26 Worker 1 forwarding task 9
26 Worker 0 processing task 10 requiring operations [10, 8, 4]
26 Worker 0 forwarding task 10
26 Worker 2 processing task 11 requiring operations [5, 8]
26 Worker 2 forwarding task 11
27 Worker 3 accepting task 9
27 Worker 4 accepting task 10
27 Worker 3 accepting task 11
27 Worker 0 processing task 5 requiring operations [5, 2]
27 Worker 0 forwarding task 5
27 Worker 2 processing task 13 requiring operations [1, 9, 7]
27 Worker 2 forwarding task 13
27 Worker 3 processing task 9 requiring operations [5]
27 Worker 3 performing operation 5 on task 9
27 Worker 4 processing task 10 requiring operations [10, 8, 4]
27 Worker 4 performing operation 4 on task 10
28 Generated task 14
28 Worker 1 accepting task 14
28 Worker 2 accepting task 5
28 Worker 0 accepting task 13
28 Task 9 completed!
28 Worker 4 accepting task 10
28 Worker 2 processing task 12 requiring operations [6, 1, 5]
28 Worker 2 forwarding task 12
28 Worker 3 processing task 11 requiring operations [5, 8]
28 Worker 3 performing operation 5 on task 11
28 Worker 4 processing task 10 requiring operations [10, 8]
28 Worker 4 performing operation 10 on task 10
28 Worker 1 processing task 14 requiring operations [2, 6, 4]
28 Worker 1 performing operation 4 on task 14
28 Worker 0 processing task 13 requiring operations [1, 9, 7]
28 Worker 0 performing operation 9 on task 13
29 Worker 1 accepting task 12
29 Worker 3 accepting task 11
29 Worker 4 accepting task 10
29 Worker 1 accepting task 14
29 Worker 0 accepting task 13
29 Worker 2 processing task 5 requiring operations [5, 2]
29 Worker 2 forwarding task 5
29 Worker 3 processing task 11 requiring operations [8]
29 Worker 3 performing operation 8 on task 11
29 Worker 4 processing task 10 requiring operations [8]
29 Worker 4 forwarding task 10
29 Worker 1 processing task 12 requiring operations [6, 1, 5]
29 Worker 1 performing operation 1 on task 12
29 Worker 0 processing task 13 requiring operations [1, 7]
29 Worker 0 forwarding task 13
30 Generated task 15
30 Worker 0 accepting task 15
30 Worker 3 accepting task 5
30 Task 11 completed!
30 Worker 0 accepting task 10
30 Worker 1 accepting task 12
30 Worker 2 accepting task 13
30 Worker 3 processing task 5 requiring operations [5, 2]
30 Worker 3 performing operation 2 on task 5
30 Worker 1 processing task 14 requiring operations [2, 6]
30 Worker 1 forwarding task 14
30 Worker 0 processing task 15 requiring operations [5, 2, 3]
30 Worker 0 performing operation 3 on task 15
30 Worker 2 processing task 13 requiring operations [1, 7]
30 Worker 2 forwarding task 13
31 Worker 3 accepting task 5
31 Worker 3 accepting task 14
31 Worker 0 accepting task 15
31 Worker 3 accepting task 13
31 Worker 3 processing task 5 requiring operations [5]
31 Worker 3 performing operation 5 on task 5
31 Worker 1 processing task 12 requiring operations [6, 5]
31 Worker 1 forwarding task 12
31 Worker 0 processing task 10 requiring operations [8]
31 Worker 0 forwarding task 10
32 Generated task 16
32 Worker 1 accepting task 16
32 Task 5 completed!
32 Worker 2 accepting task 12
32 Worker 4 accepting task 10
32 Worker 3 processing task 14 requiring operations [2, 6]
32 Worker 3 performing operation 2 on task 14
32 Worker 1 processing task 16 requiring operations [5, 10, 8]
32 Worker 1 forwarding task 16
32 Worker 0 processing task 15 requiring operations [5, 2]
32 Worker 0 forwarding task 15
32 Worker 2 processing task 12 requiring operations [6, 5]
32 Worker 2 forwarding task 12
32 Worker 4 processing task 10 requiring operations [8]
32 Worker 4 forwarding task 10
33 Worker 3 accepting task 14
33 Worker 2 accepting task 16
33 Worker 2 accepting task 15
33 Worker 3 accepting task 12
33 Worker 1 accepting task 10
33 Worker 3 processing task 13 requiring operations [1, 7]
33 Worker 3 forwarding task 13
33 Worker 2 processing task 16 requiring operations [5, 10, 8]
33 Worker 2 forwarding task 16
33 Worker 1 processing task 10 requiring operations [8]
33 Worker 1 forwarding task 10
34 Generated task 17
34 Worker 1 accepting task 17
34 Worker 1 accepting task 13
34 Worker 1 accepting task 16
34 Worker 4 accepting task 10
34 Worker 3 processing task 14 requiring operations [6]
34 Worker 3 forwarding task 14
34 Worker 2 processing task 15 requiring operations [5, 2]
34 Worker 2 forwarding task 15
34 Worker 1 processing task 17 requiring operations [2, 5, 10]
34 Worker 1 forwarding task 17
34 Worker 4 processing task 10 requiring operations [8]
34 Worker 4 forwarding task 10
35 Worker 1 accepting task 14
35 Worker 3 accepting task 15
35 Worker 4 accepting task 17
35 Worker 1 accepting task 10
35 Worker 3 processing task 12 requiring operations [6, 5]
35 Worker 3 performing operation 5 on task 12
35 Worker 1 processing task 13 requiring operations [1, 7]
35 Worker 1 performing operation 1 on task 13
35 Worker 4 processing task 17 requiring operations [2, 5, 10]
35 Worker 4 performing operation 10 on task 17
36 Generated task 18
36 Worker 2 accepting task 18
36 Worker 3 accepting task 12
36 Worker 1 accepting task 13
36 Worker 4 accepting task 17
36 Worker 3 processing task 15 requiring operations [5, 2]
36 Worker 3 performing operation 5 on task 15
36 Worker 1 processing task 16 requiring operations [5, 10, 8]
36 Worker 1 forwarding task 16
36 Worker 4 processing task 17 requiring operations [2, 5]
36 Worker 4 forwarding task 17
36 Worker 2 processing task 18 requiring operations [7, 5, 8]
36 Worker 2 forwarding task 18
37 Worker 3 accepting task 15
37 Worker 3 accepting task 16
37 Worker 1 accepting task 17
37 Worker 0 accepting task 18
37 Worker 3 processing task 12 requiring operations [6]
37 Worker 3 forwarding task 12
37 Worker 1 processing task 14 requiring operations [6]
37 Worker 1 forwarding task 14
37 Worker 0 processing task 18 requiring operations [7, 5, 8]
37 Worker 0 forwarding task 18
38 Generated task 19
38 Worker 2 accepting task 19
38 Worker 1 accepting task 12
38 Worker 2 accepting task 14
38 Worker 2 accepting task 18
38 Worker 3 processing task 15 requiring operations [2]
38 Worker 3 performing operation 2 on task 15
38 Worker 1 processing task 10 requiring operations [8]
38 Worker 1 forwarding task 10
38 Worker 2 processing task 19 requiring operations [7, 3, 10]
38 Worker 2 performing operation 3 on task 19
39 Task 15 completed!
39 Worker 3 accepting task 10
39 Worker 2 accepting task 19
39 Worker 3 processing task 16 requiring operations [5, 10, 8]
39 Worker 3 performing operation 8 on task 16
39 Worker 1 processing task 13 requiring operations [7]
39 Worker 1 performing operation 7 on task 13
39 Worker 2 processing task 14 requiring operations [6]
39 Worker 2 forwarding task 14
40 Generated task 20
40 Worker 0 accepting task 20
40 Worker 3 accepting task 16
40 Task 13 completed!
40 Worker 3 accepting task 14
40 Worker 3 processing task 10 requiring operations [8]
40 Worker 3 performing operation 8 on task 10
40 Worker 1 processing task 17 requiring operations [2, 5]
40 Worker 1 forwarding task 17
40 Worker 2 processing task 18 requiring operations [7, 5, 8]
40 Worker 2 forwarding task 18
40 Worker 0 processing task 20 requiring operations [3, 6, 10]
40 Worker 0 performing operation 3 on task 20
41 Task 10 completed!
41 Worker 4 accepting task 17
41 Worker 3 accepting task 18
41 Worker 0 accepting task 20
41 Worker 3 processing task 16 requiring operations [5, 10]
41 Worker 3 performing operation 5 on task 16
41 Worker 1 processing task 12 requiring operations [6]
41 Worker 1 forwarding task 12
41 Worker 2 processing task 19 requiring operations [7, 10]
41 Worker 2 forwarding task 19
41 Worker 0 processing task 20 requiring operations [6, 10]
41 Worker 0 forwarding task 20
41 Worker 4 processing task 17 requiring operations [2, 5]
41 Worker 4 forwarding task 17
42 Generated task 21
42 Worker 3 accepting task 21
42 Worker 3 accepting task 16
42 Worker 4 accepting task 12
42 Worker 3 accepting task 19
42 Worker 2 accepting task 20
42 Worker 1 accepting task 17
42 Worker 3 processing task 14 requiring operations [6]
42 Worker 3 forwarding task 14
42 Worker 4 processing task 12 requiring operations [6]
42 Worker 4 performing operation 6 on task 12
42 Worker 2 processing task 20 requiring operations [6, 10]
42 Worker 2 forwarding task 20
42 Worker 1 processing task 17 requiring operations [2, 5]
42 Worker 1 forwarding task 17
43 Worker 2 accepting task 14
43 Task 12 completed!
43 Worker 1 accepting task 20
43 Worker 4 accepting task 17
43 Worker 3 processing task 18 requiring operations [7, 5, 8]
43 Worker 3 performing operation 8 on task 18
43 Worker 2 processing task 14 requiring operations [6]
43 Worker 2 forwarding task 14
43 Worker 1 processing task 20 requiring operations [6, 10]
43 Worker 1 forwarding task 20
43 Worker 4 processing task 17 requiring operations [2, 5]
43 Worker 4 forwarding task 17
44 Generated task 22
44 Worker 2 accepting task 22
44 Worker 3 accepting task 18
44 Worker 0 accepting task 14
44 Worker 4 accepting task 20
44 Worker 1 accepting task 17
44 Worker 3 processing task 21 requiring operations [4, 9, 5]
44 Worker 3 performing operation 4 on task 21
44 Worker 2 processing task 22 requiring operations [6, 3, 5]
44 Worker 2 performing operation 3 on task 22
44 Worker 4 processing task 20 requiring operations [6, 10]
44 Worker 4 performing operation 6 on task 20
44 Worker 0 processing task 14 requiring operations [6]
44 Worker 0 forwarding task 14
44 Worker 1 processing task 17 requiring operations [2, 5]
44 Worker 1 forwarding task 17
45 Worker 3 accepting task 21
45 Worker 2 accepting task 22
45 Worker 4 accepting task 20
45 Worker 2 accepting task 14
45 Worker 3 accepting task 17
45 Worker 3 processing task 16 requiring operations [10]
45 Worker 3 forwarding task 16
45 Worker 2 processing task 22 requiring operations [6, 5]
45 Worker 2 forwarding task 22
45 Worker 4 processing task 20 requiring operations [10]
45 Worker 4 performing operation 10 on task 20
46 Generated task 23
46 Worker 1 accepting task 23
46 Worker 2 accepting task 16
46 Worker 1 accepting task 22
46 Task 20 completed!
46 Worker 3 processing task 19 requiring operations [7, 10]
46 Worker 3 forwarding task 19
46 Worker 2 processing task 14 requiring operations [6]
46 Worker 2 forwarding task 14
46 Worker 1 processing task 23 requiring operations [4, 5, 2]
46 Worker 1 performing operation 4 on task 23
47 Worker 2 accepting task 19
47 Worker 1 accepting task 14
47 Worker 1 accepting task 23
47 Worker 3 processing task 18 requiring operations [7, 5]
47 Worker 3 performing operation 5 on task 18
47 Worker 2 processing task 16 requiring operations [10]
47 Worker 2 forwarding task 16
47 Worker 1 processing task 22 requiring operations [6, 5]
47 Worker 1 forwarding task 22
48 Generated task 24
48 Worker 2 accepting task 24
48 Worker 3 accepting task 18
48 Worker 0 accepting task 16
48 Worker 4 accepting task 22
48 Worker 3 processing task 21 requiring operations [9, 5]
48 Worker 3 performing operation 9 on task 21
48 Worker 2 processing task 19 requiring operations [7, 10]
48 Worker 2 forwarding task 19
48 Worker 1 processing task 14 requiring operations [6]
48 Worker 1 forwarding task 14
48 Worker 0 processing task 16 requiring operations [10]
48 Worker 0 forwarding task 16
48 Worker 4 processing task 22 requiring operations [6, 5]
48 Worker 4 performing operation 6 on task 22
49 Worker 3 accepting task 21
49 Worker 0 accepting task 19
49 Worker 3 accepting task 14
49 Worker 4 accepting task 16
49 Worker 4 accepting task 22
49 Worker 3 processing task 17 requiring operations [2, 5]
49 Worker 3 performing operation 2 on task 17
49 Worker 2 processing task 24 requiring operations [6, 3, 8]
49 Worker 2 performing operation 3 on task 24
49 Worker 1 processing task 23 requiring operations [5, 2]
49 Worker 1 forwarding task 23
49 Worker 0 processing task 19 requiring operations [7, 10]
49 Worker 0 forwarding task 19
49 Worker 4 processing task 16 requiring operations [10]
49 Worker 4 performing operation 10 on task 16
50 Generated task 25
50 Worker 1 accepting task 25
50 Worker 3 accepting task 17
50 Worker 2 accepting task 24
50 Worker 3 accepting task 23
50 Worker 4 accepting task 19
50 Task 16 completed!
50 Worker 3 processing task 18 requiring operations [7]
50 Worker 3 forwarding task 18
50 Worker 2 processing task 24 requiring operations [6, 8]
50 Worker 2 forwarding task 24
50 Worker 1 processing task 25 requiring operations [7, 4, 10]
50 Worker 1 performing operation 7 on task 25
50 Worker 4 processing task 22 requiring operations [5]
50 Worker 4 forwarding task 22
51 Worker 2 accepting task 18
51 Worker 3 accepting task 24
51 Worker 1 accepting task 25
51 Worker 1 accepting task 22
51 Worker 3 processing task 21 requiring operations [5]
51 Worker 3 performing operation 5 on task 21
51 Worker 2 processing task 18 requiring operations [7]
51 Worker 2 forwarding task 18
51 Worker 1 processing task 25 requiring operations [4, 10]
51 Worker 1 performing operation 4 on task 25
51 Worker 4 processing task 19 requiring operations [7, 10]
51 Worker 4 performing operation 10 on task 19
52 Generated task 26
52 Worker 4 accepting task 26
52 Task 21 completed!
52 Worker 1 accepting task 18
52 Worker 1 accepting task 25
52 Worker 4 accepting task 19
52 Worker 3 processing task 14 requiring operations [6]
52 Worker 3 forwarding task 14
52 Worker 1 processing task 22 requiring operations [5]
52 Worker 1 forwarding task 22
52 Worker 4 processing task 26 requiring operations [5, 4, 1]
52 Worker 4 performing operation 4 on task 26
53 Worker 2 accepting task 14
53 Worker 3 accepting task 22
53 Worker 4 accepting task 26
53 Worker 3 processing task 17 requiring operations [5]
53 Worker 3 performing operation 5 on task 17
53 Worker 1 processing task 18 requiring operations [7]
53 Worker 1 performing operation 7 on task 18
53 Worker 4 processing task 19 requiring operations [7]
53 Worker 4 forwarding task 19
53 Worker 2 processing task 14 requiring operations [6]
53 Worker 2 forwarding task 14
54 Generated task 27
54 Worker 4 accepting task 27
54 Task 17 completed!
54 Task 18 completed!
54 Worker 0 accepting task 19
54 Worker 3 accepting task 14
54 Worker 3 processing task 23 requiring operations [5, 2]
54 Worker 3 performing operation 5 on task 23
54 Worker 1 processing task 25 requiring operations [10]
54 Worker 1 forwarding task 25
54 Worker 4 processing task 26 requiring operations [5, 1]
54 Worker 4 forwarding task 26
54 Worker 0 processing task 19 requiring operations [7]
54 Worker 0 forwarding task 19
55 Worker 3 accepting task 23
55 Worker 3 accepting task 25
55 Worker 1 accepting task 26
55 Worker 4 accepting task 19
55 Worker 3 processing task 24 requiring operations [6, 8]
55 Worker 3 performing operation 8 on task 24
55 Worker 4 processing task 27 requiring operations [7, 1, 6]
55 Worker 4 performing operation 6 on task 27
55 Worker 1 processing task 26 requiring operations [5, 1]
55 Worker 1 performing operation 1 on task 26
56 Generated task 28
56 Worker 3 accepting task 28
56 Worker 3 accepting task 24
56 Worker 4 accepting task 27
56 Worker 1 accepting task 26
56 Worker 3 processing task 22 requiring operations [5]
56 Worker 3 performing operation 5 on task 22
56 Worker 4 processing task 19 requiring operations [7]
56 Worker 4 forwarding task 19
56 Worker 1 processing task 26 requiring operations [5]
56 Worker 1 forwarding task 26
57 Task 22 completed!
57 Worker 0 accepting task 19
57 Worker 4 accepting task 26
57 Worker 3 processing task 14 requiring operations [6]
57 Worker 3 forwarding task 14
57 Worker 4 processing task 27 requiring operations [7, 1]
57 Worker 4 forwarding task 27
57 Worker 0 processing task 19 requiring operations [7]
57 Worker 0 forwarding task 19
58 Generated task 29
58 Worker 2 accepting task 29
58 Worker 1 accepting task 14
58 Worker 1 accepting task 27
58 Worker 2 accepting task 19
58 Worker 3 processing task 23 requiring operations [2]
58 Worker 3 performing operation 2 on task 23
58 Worker 4 processing task 26 requiring operations [5]
58 Worker 4 forwarding task 26
58 Worker 2 processing task 29 requiring operations [6, 7, 2]
58 Worker 2 forwarding task 29
58 Worker 1 processing task 14 requiring operations [6]
58 Worker 1 forwarding task 14
59 Task 23 completed!
59 Worker 1 accepting task 26
59 Worker 3 accepting task 29
59 Worker 3 accepting task 14
59 Worker 3 processing task 25 requiring operations [10]
59 Worker 3 forwarding task 25
59 Worker 2 processing task 19 requiring operations [7]
59 Worker 2 forwarding task 19
59 Worker 1 processing task 27 requiring operations [7, 1]
59 Worker 1 performing operation 1 on task 27
60 Generated task 30
60 Worker 4 accepting task 30
60 Worker 1 accepting task 25
60 Worker 0 accepting task 19
60 Worker 1 accepting task 27
60 Worker 3 processing task 28 requiring operations [6, 9, 2]
60 Worker 3 performing operation 9 on task 28
60 Worker 1 processing task 26 requiring operations [5]
60 Worker 1 forwarding task 26
60 Worker 4 processing task 30 requiring operations [3, 7, 6]
60 Worker 4 performing operation 6 on task 30
60 Worker 0 processing task 19 requiring operations [7]
60 Worker 0 forwarding task 19
61 Worker 3 accepting task 28
61 Worker 3 accepting task 26
61 Worker 4 accepting task 30
61 Worker 2 accepting task 19
61 Worker 3 processing task 24 requiring operations [6]
61 Worker 3 forwarding task 24
61 Worker 1 processing task 25 requiring operations [10]
61 Worker 1 forwarding task 25
61 Worker 4 processing task 30 requiring operations [3, 7]
61 Worker 4 forwarding task 30
61 Worker 2 processing task 19 requiring operations [7]
61 Worker 2 forwarding task 19
62 Generated task 31
62 Worker 4 accepting task 31
62 Worker 2 accepting task 24
62 Worker 2 accepting task 25
62 Worker 0 accepting task 30
62 Worker 1 accepting task 19
62 Worker 3 processing task 29 requiring operations [6, 7, 2]
62 Worker 3 performing operation 2 on task 29
62 Worker 1 processing task 27 requiring operations [7]
62 Worker 1 performing operation 7 on task 27
62 Worker 4 processing task 31 requiring operations [9, 6, 5]
62 Worker 4 performing operation 6 on task 31
62 Worker 2 processing task 24 requiring operations [6]
62 Worker 2 forwarding task 24
62 Worker 0 processing task 30 requiring operations [3, 7]
62 Worker 0 performing operation 3 on task 30
63 Worker 3 accepting task 29
63 Task 27 completed!
63 Worker 4 accepting task 31
63 Worker 0 accepting task 24
63 Worker 0 accepting task 30
63 Worker 3 processing task 14 requiring operations [6]
63 Worker 3 forwarding task 14
63 Worker 1 processing task 19 requiring operations [7]
63 Worker 1 performing operation 7 on task 19
63 Worker 4 processing task 31 requiring operations [9, 5]
63 Worker 4 forwarding task 31
63 Worker 2 processing task 25 requiring operations [10]
63 Worker 2 forwarding task 25
63 Worker 0 processing task 24 requiring operations [6]
63 Worker 0 forwarding task 24
64 Generated task 32
64 Worker 1 accepting task 32
64 Worker 1 accepting task 14
64 Task 19 completed!
64 Worker 0 accepting task 31
64 Worker 0 accepting task 25
64 Worker 2 accepting task 24
64 Worker 3 processing task 28 requiring operations [6, 2]
64 Worker 3 performing operation 2 on task 28
64 Worker 1 processing task 32 requiring operations [6, 9, 4]
64 Worker 1 performing operation 4 on task 32
64 Worker 0 processing task 30 requiring operations [7]
64 Worker 0 forwarding task 30
64 Worker 2 processing task 24 requiring operations [6]
64 Worker 2 forwarding task 24
65 Worker 3 accepting task 28
65 Worker 1 accepting task 32
65 Worker 2 accepting task 30
65 Worker 0 accepting task 24
65 Worker 3 processing task 26 requiring operations [5]
65 Worker 3 performing operation 5 on task 26
65 Worker 1 processing task 14 requiring operations [6]
65 Worker 1 forwarding task 14
65 Worker 0 processing task 31 requiring operations [9, 5]
65 Worker 0 performing operation 9 on task 31
65 Worker 2 processing task 30 requiring operations [7]
65 Worker 2 forwarding task 30
66 Generated task 33
66 Worker 0 accepting task 33
66 Task 26 completed!
66 Worker 2 accepting task 14
66 Worker 0 accepting task 31
66 Worker 3 accepting task 30
66 Worker 3 processing task 29 requiring operations [6, 7]
66 Worker 3 forwarding task 29
66 Worker 1 processing task 32 requiring operations [6, 9]
66 Worker 1 forwarding task 32
66 Worker 0 processing task 25 requiring operations [10]
66 Worker 0 forwarding task 25
66 Worker 2 processing task 14 requiring operations [6]
66 Worker 2 forwarding task 14
67 Worker 1 accepting task 29
67 Worker 4 accepting task 32
67 Worker 4 accepting task 25
67 Worker 0 accepting task 14
67 Worker 3 processing task 28 requiring operations [6]
67 Worker 3 forwarding task 28
67 Worker 1 processing task 29 requiring operations [6, 7]
67 Worker 1 performing operation 7 on task 29
67 Worker 0 processing task 24 requiring operations [6]
67 Worker 0 forwarding task 24
67 Worker 4 processing task 32 requiring operations [6, 9]
67 Worker 4 performing operation 6 on task 32
68 Generated task 34
68 Worker 2 accepting task 34
68 Worker 1 accepting task 28
68 Worker 1 accepting task 29
68 Worker 4 accepting task 24
68 Worker 4 accepting task 32
68 Worker 3 processing task 30 requiring operations [7]
68 Worker 3 forwarding task 30
68 Worker 1 processing task 28 requiring operations [6]
68 Worker 1 forwarding task 28
68 Worker 0 processing task 33 requiring operations [10, 6, 9]
68 Worker 0 performing operation 9 on task 33
68 Worker 4 processing task 25 requiring operations [10]
68 Worker 4 performing operation 10 on task 25
68 Worker 2 processing task 34 requiring operations [5, 7, 6]
68 Worker 2 forwarding task 34
69 Worker 1 accepting task 30
69 Worker 4 accepting task 28
69 Worker 0 accepting task 33
69 Task 25 completed!
69 Worker 3 accepting task 34
69 Worker 1 processing task 29 requiring operations [6]
69 Worker 1 forwarding task 29
69 Worker 0 processing task 31 requiring operations [5]
69 Worker 0 forwarding task 31
69 Worker 4 processing task 24 requiring operations [6]
69 Worker 4 performing operation 6 on task 24
69 Worker 3 processing task 34 requiring operations [5, 7, 6]
69 Worker 3 performing operation 5 on task 34
70 Generated task 35
70 Worker 1 accepting task 35
70 Worker 3 accepting task 29
70 Worker 4 accepting task 31
70 Task 24 completed!
70 Worker 3 accepting task 34
70 Worker 1 processing task 30 requiring operations [7]
70 Worker 1 performing operation 7 on task 30
70 Worker 0 processing task 14 requiring operations [6]
70 Worker 0 forwarding task 14
70 Worker 4 processing task 32 requiring operations [9]
70 Worker 4 forwarding task 32
70 Worker 3 processing task 29 requiring operations [6]
70 Worker 3 forwarding task 29
71 Task 30 completed!
71 Worker 2 accepting task 14
71 Worker 1 accepting task 32
71 Worker 2 accepting task 29
71 Worker 1 processing task 35 requiring operations [6, 5, 4]
71 Worker 1 performing operation 4 on task 35
71 Worker 0 processing task 33 requiring operations [10, 6]
71 Worker 0 forwarding task 33
71 Worker 4 processing task 28 requiring operations [6]
71 Worker 4 performing operation 6 on task 28
71 Worker 3 processing task 34 requiring operations [7, 6]
71 Worker 3 forwarding task 34
71 Worker 2 processing task 14 requiring operations [6]
71 Worker 2 forwarding task 14
72 Generated task 36
72 Worker 3 accepting task 36
72 Worker 1 accepting task 35
72 Worker 2 accepting task 33
72 Task 28 completed!
72 Worker 1 accepting task 34
72 Worker 3 accepting task 14
72 Worker 1 processing task 32 requiring operations [9]
72 Worker 1 forwarding task 32
72 Worker 4 processing task 31 requiring operations [5]
72 Worker 4 forwarding task 31
72 Worker 3 processing task 36 requiring operations [3, 4, 7]
72 Worker 3 performing operation 4 on task 36
72 Worker 2 processing task 29 requiring operations [6]
72 Worker 2 forwarding task 29
73 Worker 4 accepting task 32
73 Worker 0 accepting task 31
73 Worker 3 accepting task 36
73 Worker 0 accepting task 29
73 Worker 1 processing task 35 requiring operations [6, 5]
73 Worker 1 forwarding task 35
73 Worker 4 processing task 32 requiring operations [9]
73 Worker 4 forwarding task 32
73 Worker 3 processing task 14 requiring operations [6]
73 Worker 3 forwarding task 14
73 Worker 2 processing task 33 requiring operations [10, 6]
73 Worker 2 forwarding task 33
73 Worker 0 processing task 31 requiring operations [5]
73 Worker 0 forwarding task 31
74 Generated task 37
74 Worker 2 accepting task 37
74 Worker 3 accepting task 35
74 Worker 1 accepting task 32
74 Worker 2 accepting task 14
74 Worker 3 accepting task 33
74 Worker 4 accepting task 31
74 Worker 1 processing task 34 requiring operations [7, 6]
74 Worker 1 performing operation 7 on task 34
74 Worker 3 processing task 36 requiring operations [3, 7]
74 Worker 3 forwarding task 36
74 Worker 2 processing task 37 requiring operations [8, 5, 9]
74 Worker 2 forwarding task 37
74 Worker 0 processing task 29 requiring operations [6]
74 Worker 0 forwarding task 29
74 Worker 4 processing task 31 requiring operations [5]
74 Worker 4 forwarding task 31
75 Worker 1 accepting task 34
75 Worker 1 accepting task 36
75 Worker 3 accepting task 37
75 Worker 2 accepting task 29
75 Worker 1 accepting task 31
75 Worker 1 processing task 32 requiring operations [9]
75 Worker 1 forwarding task 32
75 Worker 3 processing task 35 requiring operations [6, 5]
75 Worker 3 performing operation 5 on task 35
75 Worker 2 processing task 14 requiring operations [6]
75 Worker 2 forwarding task 14
76 Generated task 38
76 Worker 3 accepting task 38
76 Worker 3 accepting task 32
76 Worker 3 accepting task 35
76 Worker 1 accepting task 14
76 Worker 1 processing task 34 requiring operations [6]
76 Worker 1 forwarding task 34
76 Worker 3 processing task 33 requiring operations [10, 6]
76 Worker 3 forwarding task 33
76 Worker 2 processing task 29 requiring operations [6]
76 Worker 2 forwarding task 29
77 Worker 4 accepting task 34
77 Worker 2 accepting task 33
77 Worker 1 accepting task 29
77 Worker 1 processing task 36 requiring operations [3, 7]
77 Worker 1 performing operation 7 on task 36
77 Worker 3 processing task 37 requiring operations [8, 5, 9]
77 Worker 3 performing operation 9 on task 37
77 Worker 2 processing task 33 requiring operations [10, 6]
77 Worker 2 forwarding task 33
77 Worker 4 processing task 34 requiring operations [6]
77 Worker 4 performing operation 6 on task 34
78 Generated task 39
78 Worker 1 accepting task 39
78 Worker 1 accepting task 36
78 Worker 3 accepting task 37
78 Worker 1 accepting task 33
78 Task 34 completed!
78 Worker 1 processing task 31 requiring operations [5]
78 Worker 1 forwarding task 31
78 Worker 3 processing task 38 requiring operations [2, 10, 3]
78 Worker 3 performing operation 2 on task 38
79 Worker 4 accepting task 31
79 Worker 3 accepting task 38
79 Worker 1 processing task 14 requiring operations [6]
79 Worker 1 forwarding task 14
79 Worker 3 processing task 32 requiring operations [9]
79 Worker 3 performing operation 9 on task 32
79 Worker 4 processing task 31 requiring operations [5]
79 Worker 4 forwarding task 31
80 Generated task 40
80 Worker 3 accepting task 40
80 Worker 4 accepting task 14
80 Task 32 completed!
80 Worker 1 accepting task 31
80 Worker 1 processing task 29 requiring operations [6]
80 Worker 1 forwarding task 29
80 Worker 3 processing task 35 requiring operations [6]
80 Worker 3 forwarding task 35
80 Worker 4 processing task 14 requiring operations [6]
80 Worker 4 performing operation 6 on task 14
81 Worker 2 accepting task 29
81 Worker 2 accepting task 35
81 Task 14 completed!
81 Worker 1 processing task 39 requiring operations [8, 1, 2]
81 Worker 1 performing operation 1 on task 39
81 Worker 3 processing task 37 requiring operations [8, 5]
81 Worker 3 performing operation 8 on task 37
81 Worker 2 processing task 29 requiring operations [6]
81 Worker 2 forwarding task 29
82 Generated task 41
82 Worker 0 accepting task 41
82 Worker 1 accepting task 39
82 Worker 3 accepting task 37
82 Worker 0 accepting task 29
82 Worker 1 processing task 36 requiring operations [3]
82 Worker 1 forwarding task 36
82 Worker 3 processing task 38 requiring operations [10, 3]
82 Worker 3 forwarding task 38
82 Worker 2 processing task 35 requiring operations [6]
82 Worker 2 forwarding task 35
82 Worker 0 processing task 41 requiring operations [4, 1, 2]
82 Worker 0 forwarding task 41
83 Worker 2 accepting task 36
83 Worker 1 accepting task 38
83 Worker 1 accepting task 35
83 Worker 2 accepting task 41
83 Worker 1 processing task 33 requiring operations [10, 6]
83 Worker 1 forwarding task 33
83 Worker 3 processing task 40 requiring operations [10, 6, 1]
83 Worker 3 forwarding task 40
83 Worker 2 processing task 36 requiring operations [3]
83 Worker 2 performing operation 3 on task 36
83 Worker 0 processing task 29 requiring operations [6]
83 Worker 0 forwarding task 29
84 Generated task 42
84 Worker 0 accepting task 42
84 Worker 3 accepting task 33
84 Worker 1 accepting task 40
84 Task 36 completed!
84 Worker 2 accepting task 29
84 Worker 1 processing task 31 requiring operations [5]
84 Worker 1 forwarding task 31
84 Worker 3 processing task 37 requiring operations [5]
84 Worker 3 performing operation 5 on task 37
84 Worker 2 processing task 41 requiring operations [4, 1, 2]
84 Worker 2 forwarding task 41
84 Worker 0 processing task 42 requiring operations [6, 8, 10]
84 Worker 0 forwarding task 42
85 Worker 4 accepting task 31
85 Task 37 completed!
85 Worker 3 accepting task 41
85 Worker 4 accepting task 42
85 Worker 1 processing task 39 requiring operations [8, 2]
85 Worker 1 forwarding task 39
85 Worker 3 processing task 33 requiring operations [10, 6]
85 Worker 3 forwarding task 33
85 Worker 2 processing task 29 requiring operations [6]
85 Worker 2 forwarding task 29
85 Worker 4 processing task 31 requiring operations [5]
85 Worker 4 forwarding task 31
86 Generated task 43
86 Worker 2 accepting task 43
86 Worker 3 accepting task 39
86 Worker 2 accepting task 33
86 Worker 3 accepting task 29
86 Worker 1 accepting task 31
86 Worker 1 processing task 38 requiring operations [10, 3]
86 Worker 1 forwarding task 38
86 Worker 3 processing task 41 requiring operations [4, 1, 2]
86 Worker 3 performing operation 2 on task 41
86 Worker 2 processing task 43 requiring operations [9, 6, 10]
86 Worker 2 forwarding task 43
86 Worker 4 processing task 42 requiring operations [6, 8, 10]
86 Worker 4 performing operation 6 on task 42
87 Worker 3 accepting task 38
87 Worker 3 accepting task 41
87 Worker 3 accepting task 43
87 Worker 4 accepting task 42
87 Worker 1 processing task 35 requiring operations [6]
87 Worker 1 forwarding task 35
87 Worker 3 processing task 39 requiring operations [8, 2]
87 Worker 3 performing operation 2 on task 39
87 Worker 2 processing task 33 requiring operations [10, 6]
87 Worker 2 forwarding task 33
87 Worker 4 processing task 42 requiring operations [8, 10]
87 Worker 4 performing operation 10 on task 42
88 Generated task 44
88 Worker 4 accepting task 44
88 Worker 2 accepting task 35
88 Worker 3 accepting task 39
88 Worker 0 accepting task 33
88 Worker 4 accepting task 42
88 Worker 1 processing task 40 requiring operations [10, 6, 1]
88 Worker 1 performing operation 1 on task 40
88 Worker 3 processing task 29 requiring operations [6]
88 Worker 3 forwarding task 29
88 Worker 2 processing task 35 requiring operations [6]
88 Worker 2 forwarding task 35
88 Worker 4 processing task 44 requiring operations [5, 10, 2]
88 Worker 4 performing operation 10 on task 44
88 Worker 0 processing task 33 requiring operations [10, 6]
88 Worker 0 forwarding task 33
89 Worker 1 accepting task 40
89 Worker 1 accepting task 29
89 Worker 3 accepting task 35
89 Worker 4 accepting task 44
89 Worker 2 accepting task 33
89 Worker 1 processing task 31 requiring operations [5]
89 Worker 1 forwarding task 31
89 Worker 3 processing task 38 requiring operations [10, 3]
89 Worker 3 forwarding task 38
89 Worker 4 processing task 42 requiring operations [8]
89 Worker 4 forwarding task 42
89 Worker 2 processing task 33 requiring operations [10, 6]
89 Worker 2 forwarding task 33
90 Generated task 45
90 Worker 1 accepting task 45
90 Worker 2 accepting task 31
90 Worker 2 accepting task 38
90 Worker 1 accepting task 42
90 Worker 3 accepting task 33
90 Worker 1 processing task 40 requiring operations [10, 6]
90 Worker 1 forwarding task 40
90 Worker 3 processing task 41 requiring operations [4, 1]
90 Worker 3 performing operation 4 on task 41
90 Worker 4 processing task 44 requiring operations [5, 2]
90 Worker 4 forwarding task 44
90 Worker 2 processing task 31 requiring operations [5]
90 Worker 2 forwarding task 31
91 Worker 2 accepting task 40
91 Worker 3 accepting task 41
91 Worker 1 accepting task 44
91 Worker 0 accepting task 31
91 Worker 1 processing task 29 requiring operations [6]
91 Worker 1 forwarding task 29
91 Worker 3 processing task 43 requiring operations [9, 6, 10]
91 Worker 3 performing operation 9 on task 43
91 Worker 2 processing task 38 requiring operations [10, 3]
91 Worker 2 performing operation 3 on task 38
91 Worker 0 processing task 31 requiring operations [5]
91 Worker 0 forwarding task 31
92 Generated task 46
92 Worker 1 accepting task 46
92 Worker 2 accepting task 29
92 Worker 3 accepting task 43
92 Worker 2 accepting task 38
92 Worker 4 accepting task 31
92 Worker 1 processing task 45 requiring operations [8, 1, 2]
92 Worker 1 performing operation 1 on task 45
92 Worker 3 processing task 39 requiring operations [8]
92 Worker 3 performing operation 8 on task 39
92 Worker 2 processing task 40 requiring operations [10, 6]
92 Worker 2 forwarding task 40
92 Worker 4 processing task 31 requiring operations [5]
92 Worker 4 forwarding task 31
93 Worker 1 accepting task 45
93 Task 39 completed!
93 Worker 0 accepting task 40
93 Worker 0 accepting task 31
93 Worker 1 processing task 42 requiring operations [8]
93 Worker 1 forwarding task 42
93 Worker 3 processing task 35 requiring operations [6]
93 Worker 3 forwarding task 35
93 Worker 2 processing task 29 requiring operations [6]
93 Worker 2 forwarding task 29
93 Worker 0 processing task 40 requiring operations [10, 6]
93 Worker 0 forwarding task 40
94 Generated task 47
94 Worker 4 accepting task 47
94 Worker 4 accepting task 42
94 Worker 1 accepting task 35
94 Worker 3 accepting task 29
94 Worker 4 accepting task 40
94 Worker 1 processing task 44 requiring operations [5, 2]
94 Worker 1 forwarding task 44
94 Worker 3 processing task 33 requiring operations [10, 6]
94 Worker 3 forwarding task 33
94 Worker 2 processing task 38 requiring operations [10]
94 Worker 2 forwarding task 38
94 Worker 0 processing task 31 requiring operations [5]
94 Worker 0 forwarding task 31
94 Worker 4 processing task 47 requiring operations [3, 7, 6]
94 Worker 4 performing operation 6 on task 47
95 Worker 2 accepting task 44
95 Worker 2 accepting task 33
95 Worker 0 accepting task 38
95 Worker 4 accepting task 31
95 Worker 4 accepting task 47
95 Worker 1 processing task 46 requiring operations [10, 5, 9]
95 Worker 1 forwarding task 46
95 Worker 3 processing task 41 requiring operations [1]
95 Worker 3 forwarding task 41
95 Worker 2 processing task 44 requiring operations [5, 2]
95 Worker 2 forwarding task 44
95 Worker 0 processing task 38 requiring operations [10]
95 Worker 0 forwarding task 38
95 Worker 4 processing task 42 requiring operations [8]
95 Worker 4 forwarding task 42
96 Generated task 48
96 Worker 0 accepting task 48
96 Worker 3 accepting task 46
96 Worker 1 accepting task 41
96 Worker 3 accepting task 44
96 Worker 4 accepting task 38
96 Worker 1 accepting task 42
96 Worker 1 processing task 45 requiring operations [8, 2]
96 Worker 1 forwarding task 45
96 Worker 3 processing task 43 requiring operations [6, 10]
96 Worker 3 forwarding task 43
96 Worker 2 processing task 33 requiring operations [10, 6]
96 Worker 2 forwarding task 33
96 Worker 0 processing task 48 requiring operations [3, 4, 1]
96 Worker 0 performing operation 3 on task 48
96 Worker 4 processing task 40 requiring operations [10, 6]
96 Worker 4 performing operation 10 on task 40
97 Worker 4 accepting task 45
97 Worker 2 accepting task 43
97 Worker 3 accepting task 33
97 Worker 0 accepting task 48
97 Worker 4 accepting task 40
97 Worker 1 processing task 35 requiring operations [6]
97 Worker 1 forwarding task 35
97 Worker 3 processing task 29 requiring operations [6]
97 Worker 3 forwarding task 29
97 Worker 2 processing task 43 requiring operations [6, 10]
97 Worker 2 forwarding task 43
97 Worker 0 processing task 48 requiring operations [4, 1]
97 Worker 0 forwarding task 48
97 Worker 4 processing task 31 requiring operations [5]
97 Worker 4 forwarding task 31
98 Generated task 49
98 Worker 4 accepting task 49
98 Worker 2 accepting task 35
98 Worker 1 accepting task 29
98 Worker 3 accepting task 43
98 Worker 4 accepting task 48
98 Worker 0 accepting task 31
98 Worker 1 processing task 41 requiring operations [1]
98 Worker 1 performing operation 1 on task 41
98 Worker 3 processing task 46 requiring operations [10, 5, 9]
98 Worker 3 performing operation 9 on task 46
98 Worker 2 processing task 35 requiring operations [6]
98 Worker 2 forwarding task 35
98 Worker 4 processing task 47 requiring operations [3, 7]
98 Worker 4 forwarding task 47
98 Worker 0 processing task 31 requiring operations [5]
98 Worker 0 forwarding task 31
99 Task 41 completed!
99 Worker 3 accepting task 46
99 Worker 3 accepting task 35
99 Worker 0 accepting task 47
99 Worker 2 accepting task 31
99 Worker 1 processing task 42 requiring operations [8]
99 Worker 1 forwarding task 42
99 Worker 3 processing task 44 requiring operations [5, 2]
99 Worker 3 performing operation 5 on task 44
99 Worker 4 processing task 38 requiring operations [10]
99 Worker 4 performing operation 10 on task 38
99 Worker 0 processing task 47 requiring operations [3, 7]
99 Worker 0 performing operation 3 on task 47
99 Worker 2 processing task 31 requiring operations [5]
99 Worker 2 forwarding task 31
100 Generated task 50
100 Worker 1 accepting task 50
100 Worker 3 accepting task 42
100 Worker 3 accepting task 44
100 Task 38 completed!
100 Worker 0 accepting task 47
100 Worker 0 accepting task 31
100 Worker 1 processing task 29 requiring operations [6]
100 Worker 1 forwarding task 29
100 Worker 3 processing task 33 requiring operations [10, 6]
100 Worker 3 forwarding task 33
100 Worker 4 processing task 45 requiring operations [8, 2]
100 Worker 4 forwarding task 45
100 Worker 0 processing task 47 requiring operations [7]
100 Worker 0 forwarding task 47
101 Worker 3 accepting task 29
101 Worker 2 accepting task 33
101 Worker 0 accepting task 45
101 Worker 2 accepting task 47
101 Worker 1 processing task 50 requiring operations [8, 5, 9]
101 Worker 1 forwarding task 50
101 Worker 3 processing task 43 requiring operations [6, 10]
101 Worker 3 forwarding task 43
101 Worker 4 processing task 40 requiring operations [6]
101 Worker 4 performing operation 6 on task 40
101 Worker 0 processing task 31 requiring operations [5]
101 Worker 0 forwarding task 31
101 Worker 2 processing task 33 requiring operations [10, 6]
101 Worker 2 forwarding task 33
102 Generated task 51
102 Worker 0 accepting task 51
102 Worker 4 accepting task 50
102 Worker 1 accepting task 43
102 Task 40 completed!
102 Worker 2 accepting task 31
102 Worker 3 accepting task 33
102 Worker 3 processing task 46 requiring operations [10, 5]
102 Worker 3 performing operation 5 on task 46
102 Worker 4 processing task 49 requiring operations [7, 9, 4]
102 Worker 4 performing operation 4 on task 49
102 Worker 0 processing task 45 requiring operations [8, 2]
102 Worker 0 forwarding task 45
102 Worker 2 processing task 47 requiring operations [7]
102 Worker 2 forwarding task 47
102 Worker 1 processing task 43 requiring operations [6, 10]
102 Worker 1 forwarding task 43
103 Worker 3 accepting task 46
103 Worker 4 accepting task 49
103 Worker 2 accepting task 45
103 Worker 3 accepting task 47
103 Worker 2 accepting task 43
103 Worker 3 processing task 35 requiring operations [6]
103 Worker 3 forwarding task 35
103 Worker 4 processing task 48 requiring operations [4, 1]
103 Worker 4 performing operation 4 on task 48
103 Worker 0 processing task 51 requiring operations [5, 2, 9]
103 Worker 0 performing operation 9 on task 51
103 Worker 2 processing task 31 requiring operations [5]
103 Worker 2 forwarding task 31
104 Generated task 52
104 Worker 0 accepting task 52
104 Worker 1 accepting task 35
104 Worker 4 accepting task 48
104 Worker 0 accepting task 51
104 Worker 0 accepting task 31
104 Worker 3 processing task 42 requiring operations [8]
104 Worker 3 performing operation 8 on task 42
104 Worker 4 processing task 50 requiring operations [8, 5, 9]
104 Worker 4 forwarding task 50
104 Worker 0 processing task 52 requiring operations [8, 6, 9]
104 Worker 0 performing operation 9 on task 52
104 Worker 2 processing task 45 requiring operations [8, 2]
104 Worker 2 forwarding task 45
104 Worker 1 processing task 35 requiring operations [6]
104 Worker 1 forwarding task 35
105 Task 42 completed!
105 Worker 1 accepting task 50
105 Worker 0 accepting task 52
105 Worker 0 accepting task 45
105 Worker 4 accepting task 35
105 Worker 3 processing task 44 requiring operations [2]
105 Worker 3 performing operation 2 on task 44
105 Worker 4 processing task 49 requiring operations [7, 9]
105 Worker 4 forwarding task 49
105 Worker 0 processing task 51 requiring operations [5, 2]
105 Worker 0 forwarding task 51
105 Worker 2 processing task 43 requiring operations [6, 10]
105 Worker 2 forwarding task 43
105 Worker 1 processing task 50 requiring operations [8, 5, 9]
105 Worker 1 forwarding task 50
106 Generated task 53
106 Worker 3 accepting task 53
106 Task 44 completed!
106 Worker 1 accepting task 49
106 Worker 2 accepting task 51
106 Worker 0 accepting task 43
106 Worker 4 accepting task 50
106 Worker 3 processing task 29 requiring operations [6]
106 Worker 3 forwarding task 29
106 Worker 4 processing task 48 requiring operations [1]
106 Worker 4 forwarding task 48
106 Worker 0 processing task 31 requiring operations [5]
106 Worker 0 forwarding task 31
106 Worker 2 processing task 51 requiring operations [5, 2]
106 Worker 2 forwarding task 51
106 Worker 1 processing task 49 requiring operations [7, 9]
106 Worker 1 performing operation 7 on task 49
107 Worker 1 accepting task 29
107 Worker 1 accepting task 48
107 Worker 4 accepting task 31
107 Worker 3 accepting task 51
107 Worker 1 accepting task 49
107 Worker 3 processing task 33 requiring operations [10, 6]
107 Worker 3 forwarding task 33
107 Worker 4 processing task 35 requiring operations [6]
107 Worker 4 performing operation 6 on task 35
107 Worker 0 processing task 52 requiring operations [8, 6]
107 Worker 0 forwarding task 52
107 Worker 1 processing task 29 requiring operations [6]
107 Worker 1 forwarding task 29
108 Generated task 54
108 Worker 1 accepting task 54
108 Worker 1 accepting task 33
108 Task 35 completed!
108 Worker 2 accepting task 52
108 Worker 3 accepting task 29
108 Worker 3 processing task 46 requiring operations [10]
108 Worker 3 forwarding task 46
108 Worker 4 processing task 50 requiring operations [8, 5, 9]
108 Worker 4 forwarding task 50
108 Worker 0 processing task 45 requiring operations [8, 2]
108 Worker 0 forwarding task 45
108 Worker 1 processing task 48 requiring operations [1]
108 Worker 1 performing operation 1 on task 48
108 Worker 2 processing task 52 requiring operations [8, 6]
108 Worker 2 forwarding task 52
109 Worker 2 accepting task 46
109 Worker 1 accepting task 50
109 Worker 4 accepting task 45
109 Task 48 completed!
109 Worker 1 accepting task 52
109 Worker 3 processing task 47 requiring operations [7]
109 Worker 3 forwarding task 47
109 Worker 4 processing task 31 requiring operations [5]
109 Worker 4 forwarding task 31
109 Worker 0 processing task 43 requiring operations [6, 10]
109 Worker 0 forwarding task 43
109 Worker 1 processing task 49 requiring operations [9]
109 Worker 1 forwarding task 49
109 Worker 2 processing task 46 requiring operations [10]
109 Worker 2 forwarding task 46
110 Generated task 55
110 Worker 3 accepting task 55
110 Worker 1 accepting task 47
110 Worker 1 accepting task 31
110 Worker 2 accepting task 43
110 Worker 3 accepting task 49
110 Worker 3 accepting task 46
110 Worker 3 processing task 53 requiring operations [2, 7, 9]
110 Worker 3 performing operation 9 on task 53
110 Worker 4 processing task 45 requiring operations [8, 2]
110 Worker 4 forwarding task 45
110 Worker 1 processing task 54 requiring operations [2, 5, 9]
110 Worker 1 forwarding task 54
110 Worker 2 processing task 43 requiring operations [6, 10]
110 Worker 2 forwarding task 43
111 Worker 3 accepting task 53
111 Worker 0 accepting task 45
111 Worker 4 accepting task 54
111 Worker 3 accepting task 43
111 Worker 3 processing task 51 requiring operations [5, 2]
111 Worker 3 performing operation 5 on task 51
111 Worker 1 processing task 33 requiring operations [10, 6]
111 Worker 1 forwarding task 33
111 Worker 0 processing task 45 requiring operations [8, 2]
111 Worker 0 forwarding task 45
111 Worker 4 processing task 54 requiring operations [2, 5, 9]
111 Worker 4 forwarding task 54
112 Generated task 56
112 Worker 2 accepting task 56
112 Worker 3 accepting task 51
112 Worker 2 accepting task 33
112 Worker 4 accepting task 45
112 Worker 0 accepting task 54
112 Worker 3 processing task 29 requiring operations [6]
112 Worker 3 forwarding task 29
112 Worker 1 processing task 50 requiring operations [8, 5, 9]
112 Worker 1 forwarding task 50
112 Worker 4 processing task 45 requiring operations [8, 2]
112 Worker 4 forwarding task 45
112 Worker 2 processing task 56 requiring operations [3, 9, 8]
112 Worker 2 performing operation 3 on task 56
112 Worker 0 processing task 54 requiring operations [2, 5, 9]
112 Worker 0 performing operation 9 on task 54
113 Worker 1 accepting task 29
113 Worker 4 accepting task 50
113 Worker 0 accepting task 45
113 Worker 2 accepting task 56
113 Worker 0 accepting task 54
113 Worker 3 processing task 55 requiring operations [10, 9, 7]
113 Worker 3 performing operation 9 on task 55
113 Worker 1 processing task 52 requiring operations [8, 6]
113 Worker 1 forwarding task 52
113 Worker 4 processing task 50 requiring operations [8, 5, 9]
113 Worker 4 forwarding task 50
113 Worker 2 processing task 33 requiring operations [10, 6]
113 Worker 2 forwarding task 33
113 Worker 0 processing task 45 requiring operations [8, 2]
113 Worker 0 forwarding task 45
114 Generated task 57
114 Worker 2 accepting task 57
114 Worker 3 accepting task 55
114 Worker 2 accepting task 52
114 Worker 1 accepting task 50
114 Worker 1 accepting task 33
114 Worker 4 accepting task 45
114 Worker 3 processing task 49 requiring operations [9]
114 Worker 3 performing operation 9 on task 49
114 Worker 1 processing task 47 requiring operations [7]
114 Worker 1 performing operation 7 on task 47
114 Worker 2 processing task 56 requiring operations [9, 8]
114 Worker 2 forwarding task 56
114 Worker 0 processing task 54 requiring operations [2, 5]
114 Worker 0 forwarding task 54
114 Worker 4 processing task 45 requiring operations [8, 2]
114 Worker 4 forwarding task 45
115 Task 49 completed!
115 Task 47 completed!
115 Worker 1 accepting task 56
115 Worker 4 accepting task 54
115 Worker 1 accepting task 45
115 Worker 3 processing task 46 requiring operations [10]
115 Worker 3 forwarding task 46
115 Worker 1 processing task 31 requiring operations [5]
115 Worker 1 forwarding task 31
115 Worker 2 processing task 57 requiring operations [6, 7, 3]
115 Worker 2 performing operation 3 on task 57
115 Worker 4 processing task 54 requiring operations [2, 5]
115 Worker 4 forwarding task 54
116 Generated task 58
116 Worker 1 accepting task 58
116 Worker 1 accepting task 46
116 Worker 3 accepting task 31
116 Worker 2 accepting task 57
116 Worker 0 accepting task 54
116 Worker 3 processing task 53 requiring operations [2, 7]
116 Worker 3 performing operation 2 on task 53
116 Worker 1 processing task 29 requiring operations [6]
116 Worker 1 forwarding task 29
116 Worker 2 processing task 52 requiring operations [8, 6]
116 Worker 2 forwarding task 52
116 Worker 0 processing task 54 requiring operations [2, 5]
116 Worker 0 forwarding task 54
117 Worker 3 accepting task 53
117 Worker 2 accepting task 29
117 Worker 3 accepting task 52
117 Worker 4 accepting task 54
117 Worker 3 processing task 43 requiring operations [6, 10]
117 Worker 3 forwarding task 43
117 Worker 1 processing task 50 requiring operations [8, 5, 9]
117 Worker 1 forwarding task 50
117 Worker 2 processing task 57 requiring operations [6, 7]
117 Worker 2 forwarding task 57
117 Worker 4 processing task 54 requiring operations [2, 5]
117 Worker 4 forwarding task 54
118 Generated task 59
118 Worker 4 accepting task 59
118 Worker 1 accepting task 43
118 Worker 3 accepting task 50
118 Worker 3 accepting task 57
118 Worker 1 accepting task 54
118 Worker 3 processing task 51 requiring operations [2]
118 Worker 3 performing operation 2 on task 51
118 Worker 1 processing task 33 requiring operations [10, 6]
118 Worker 1 forwarding task 33
118 Worker 2 processing task 29 requiring operations [6]
118 Worker 2 forwarding task 29
118 Worker 4 processing task 59 requiring operations [3, 10, 7]
118 Worker 4 performing operation 10 on task 59
119 Task 51 completed!
119 Worker 3 accepting task 33
119 Worker 3 accepting task 29
119 Worker 4 accepting task 59
119 Worker 3 processing task 55 requiring operations [10, 7]
119 Worker 3 forwarding task 55
119 Worker 1 processing task 56 requiring operations [9, 8]
119 Worker 1 forwarding task 56
119 Worker 4 processing task 59 requiring operations [3, 7]
119 Worker 4 forwarding task 59
120 Generated task 60
120 Worker 2 accepting task 60
120 Worker 2 accepting task 55
120 Worker 4 accepting task 56
120 Worker 0 accepting task 59
120 Worker 3 processing task 31 requiring operations [5]
120 Worker 3 performing operation 5 on task 31
120 Worker 1 processing task 45 requiring operations [8, 2]
120 Worker 1 forwarding task 45
120 Worker 4 processing task 56 requiring operations [9, 8]
120 Worker 4 forwarding task 56
120 Worker 2 processing task 60 requiring operations [2, 6, 3]
120 Worker 2 performing operation 3 on task 60
120 Worker 0 processing task 59 requiring operations [3, 7]
120 Worker 0 performing operation 3 on task 59
121 Task 31 completed!
121 Worker 2 accepting task 45
121 Worker 0 accepting task 56
121 Worker 2 accepting task 60
121 Worker 0 accepting task 59
121 Worker 3 processing task 53 requiring operations [7]
121 Worker 3 forwarding task 53
121 Worker 1 processing task 58 requiring operations [6, 3, 10]
121 Worker 1 forwarding task 58
121 Worker 2 processing task 55 requiring operations [10, 7]
121 Worker 2 forwarding task 55
121 Worker 0 processing task 56 requiring operations [9, 8]
121 Worker 0 performing operation 9 on task 56
122 Generated task 61
122 Worker 4 accepting task 61
122 Worker 2 accepting task 53
122 Worker 2 accepting task 58
122 Worker 0 accepting task 55
122 Worker 0 accepting task 56
122 Worker 3 processing task 52 requiring operations [8, 6]
122 Worker 3 performing operation 8 on task 52
122 Worker 1 processing task 46 requiring operations [10]
122 Worker 1 forwarding task 46
122 Worker 2 processing task 45 requiring operations [8, 2]
122 Worker 2 forwarding task 45
122 Worker 0 processing task 59 requiring operations [7]
122 Worker 0 forwarding task 59
122 Worker 4 processing task 61 requiring operations [6, 7, 8]
122 Worker 4 performing operation 6 on task 61
123 Worker 3 accepting task 52
123 Worker 4 accepting task 46
123 Worker 3 accepting task 45
123 Worker 2 accepting task 59
123 Worker 4 accepting task 61
123 Worker 3 processing task 50 requiring operations [8, 5, 9]
123 Worker 3 performing operation 5 on task 50
123 Worker 1 processing task 43 requiring operations [6, 10]
123 Worker 1 forwarding task 43
123 Worker 2 processing task 60 requiring operations [2, 6]
123 Worker 2 forwarding task 60
123 Worker 0 processing task 55 requiring operations [10, 7]
123 Worker 0 forwarding task 55
123 Worker 4 processing task 46 requiring operations [10]
123 Worker 4 performing operation 10 on task 46
124 Generated task 62
124 Worker 4 accepting task 62
124 Worker 3 accepting task 50
124 Worker 4 accepting task 43
124 Worker 3 accepting task 60
124 Worker 4 accepting task 55
124 Task 46 completed!
124 Worker 3 processing task 57 requiring operations [6, 7]
124 Worker 3 forwarding task 57
124 Worker 1 processing task 54 requiring operations [2, 5]
124 Worker 1 forwarding task 54
124 Worker 2 processing task 53 requiring operations [7]
124 Worker 2 forwarding task 53
124 Worker 0 processing task 56 requiring operations [8]
124 Worker 0 forwarding task 56
124 Worker 4 processing task 61 requiring operations [7, 8]
124 Worker 4 forwarding task 61
125 Worker 2 accepting task 57
125 Worker 4 accepting task 54
125 Worker 3 accepting task 53
125 Worker 2 accepting task 56
125 Worker 0 accepting task 61
125 Worker 3 processing task 33 requiring operations [10, 6]
125 Worker 3 forwarding task 33
125 Worker 2 processing task 58 requiring operations [6, 3, 10]
125 Worker 2 performing operation 3 on task 58
125 Worker 4 processing task 62 requiring operations [1, 5, 4]
125 Worker 4 performing operation 4 on task 62
125 Worker 0 processing task 61 requiring operations [7, 8]
125 Worker 0 forwarding task 61
126 Generated task 63
126 Worker 3 accepting task 63
126 Worker 1 accepting task 33
126 Worker 2 accepting task 58
126 Worker 4 accepting task 62
126 Worker 4 accepting task 61
126 Worker 3 processing task 29 requiring operations [6]
126 Worker 3 forwarding task 29
126 Worker 2 processing task 59 requiring operations [7]
126 Worker 2 forwarding task 59
126 Worker 4 processing task 43 requiring operations [6, 10]
126 Worker 4 performing operation 10 on task 43
126 Worker 1 processing task 33 requiring operations [10, 6]
126 Worker 1 forwarding task 33
127 Worker 2 accepting task 29
127 Worker 0 accepting task 59
127 Worker 4 accepting task 43
127 Worker 3 accepting task 33
127 Worker 3 processing task 52 requiring operations [6]
127 Worker 3 forwarding task 52
127 Worker 2 processing task 57 requiring operations [6, 7]
127 Worker 2 forwarding task 57
127 Worker 4 processing task 55 requiring operations [10, 7]
127 Worker 4 performing operation 10 on task 55
127 Worker 0 processing task 59 requiring operations [7]
127 Worker 0 forwarding task 59
128 Generated task 64
128 Worker 1 accepting task 64
128 Worker 1 accepting task 52
128 Worker 0 accepting task 57
128 Worker 4 accepting task 55
128 Worker 4 accepting task 59
128 Worker 3 processing task 45 requiring operations [8, 2]
128 Worker 3 performing operation 8 on task 45
128 Worker 2 processing task 56 requiring operations [8]
128 Worker 2 forwarding task 56
128 Worker 4 processing task 54 requiring operations [2, 5]
128 Worker 4 forwarding task 54
128 Worker 0 processing task 57 requiring operations [6, 7]
128 Worker 0 forwarding task 57
128 Worker 1 processing task 64 requiring operations [6, 5, 7]
128 Worker 1 performing operation 7 on task 64
129 Worker 3 accepting task 45
129 Worker 1 accepting task 56
129 Worker 1 accepting task 54
129 Worker 2 accepting task 57
129 Worker 1 accepting task 64
129 Worker 3 processing task 50 requiring operations [8, 9]
129 Worker 3 performing operation 8 on task 50
129 Worker 2 processing task 58 requiring operations [6, 10]
129 Worker 2 forwarding task 58
129 Worker 4 processing task 62 requiring operations [1, 5]
129 Worker 4 forwarding task 62
129 Worker 1 processing task 52 requiring operations [6]
129 Worker 1 forwarding task 52
130 Generated task 65
130 Worker 3 accepting task 65
130 Worker 3 accepting task 50
130 Worker 1 accepting task 58
130 Worker 0 accepting task 62
130 Worker 2 accepting task 52
130 Worker 3 processing task 60 requiring operations [2, 6]
130 Worker 3 performing operation 2 on task 60
130 Worker 2 processing task 29 requiring operations [6]
130 Worker 2 forwarding task 29
130 Worker 4 processing task 61 requiring operations [7, 8]
130 Worker 4 forwarding task 61
130 Worker 1 processing task 56 requiring operations [8]
130 Worker 1 forwarding task 56
130 Worker 0 processing task 62 requiring operations [1, 5]
130 Worker 0 forwarding task 62
131 Worker 3 accepting task 60
131 Worker 3 accepting task 29
131 Worker 0 accepting task 61
131 Worker 4 accepting task 56
131 Worker 2 accepting task 62
131 Worker 3 processing task 53 requiring operations [7]
131 Worker 3 forwarding task 53
131 Worker 2 processing task 57 requiring operations [6, 7]
131 Worker 2 forwarding task 57
131 Worker 4 processing task 43 requiring operations [6]
131 Worker 4 performing operation 6 on task 43
131 Worker 1 processing task 54 requiring operations [2, 5]
131 Worker 1 forwarding task 54
131 Worker 0 processing task 61 requiring operations [7, 8]
131 Worker 0 forwarding task 61
132 Generated task 66
132 Worker 1 accepting task 66
132 Worker 2 accepting task 53
132 Worker 0 accepting task 57
132 Task 43 completed!
132 Worker 3 accepting task 54
132 Worker 4 accepting task 61
132 Worker 3 processing task 63 requiring operations [1, 8, 9]
132 Worker 3 performing operation 8 on task 63
132 Worker 2 processing task 52 requiring operations [6]
132 Worker 2 forwarding task 52
132 Worker 4 processing task 55 requiring operations [7]
132 Worker 4 forwarding task 55
132 Worker 1 processing task 64 requiring operations [6, 5]
132 Worker 1 forwarding task 64
132 Worker 0 processing task 57 requiring operations [6, 7]
132 Worker 0 forwarding task 57
133 Worker 3 accepting task 63
133 Worker 3 accepting task 52
133 Worker 1 accepting task 55
133 Worker 2 accepting task 64
133 Worker 2 accepting task 57
133 Worker 3 processing task 33 requiring operations [10, 6]
133 Worker 3 forwarding task 33
133 Worker 2 processing task 62 requiring operations [1, 5]
133 Worker 2 forwarding task 62
133 Worker 4 processing task 59 requiring operations [7]
133 Worker 4 forwarding task 59
133 Worker 1 processing task 58 requiring operations [6, 10]
133 Worker 1 forwarding task 58
134 Generated task 67
134 Worker 1 accepting task 67
134 Worker 1 accepting task 33
134 Worker 3 accepting task 62
134 Worker 1 accepting task 59
134 Worker 2 accepting task 58
134 Worker 3 processing task 45 requiring operations [2]
134 Worker 3 performing operation 2 on task 45
134 Worker 2 processing task 53 requiring operations [7]
134 Worker 2 forwarding task 53
134 Worker 4 processing task 56 requiring operations [8]
134 Worker 4 forwarding task 56
134 Worker 1 processing task 66 requiring operations [4, 1, 9]
134 Worker 1 performing operation 1 on task 66
135 Task 45 completed!
135 Worker 0 accepting task 53
135 Worker 1 accepting task 56
135 Worker 1 accepting task 66
135 Worker 3 processing task 65 requiring operations [5, 10, 7]
135 Worker 3 performing operation 5 on task 65
135 Worker 2 processing task 64 requiring operations [6, 5]
135 Worker 2 forwarding task 64
135 Worker 4 processing task 61 requiring operations [7, 8]
135 Worker 4 forwarding task 61
135 Worker 1 processing task 55 requiring operations [7]
135 Worker 1 performing operation 7 on task 55
135 Worker 0 processing task 53 requiring operations [7]
135 Worker 0 forwarding task 53
136 Generated task 68
136 Worker 3 accepting task 68
136 Worker 3 accepting task 65
136 Worker 3 accepting task 64
136 Worker 0 accepting task 61
136 Task 55 completed!
136 Worker 4 accepting task 53
136 Worker 3 processing task 50 requiring operations [9]
136 Worker 3 performing operation 9 on task 50
136 Worker 2 processing task 57 requiring operations [6, 7]
136 Worker 2 forwarding task 57
136 Worker 1 processing task 67 requiring operations [1, 4, 10]
136 Worker 1 performing operation 4 on task 67
136 Worker 0 processing task 61 requiring operations [7, 8]
136 Worker 0 forwarding task 61
136 Worker 4 processing task 53 requiring operations [7]
136 Worker 4 forwarding task 53
137 Task 50 completed!
137 Worker 1 accepting task 57
137 Worker 1 accepting task 67
137 Worker 2 accepting task 61
137 Worker 0 accepting task 53
137 Worker 3 processing task 60 requiring operations [6]
137 Worker 3 forwarding task 60
137 Worker 2 processing task 58 requiring operations [6, 10]
137 Worker 2 forwarding task 58
137 Worker 1 processing task 33 requiring operations [10, 6]
137 Worker 1 forwarding task 33
137 Worker 0 processing task 53 requiring operations [7]
137 Worker 0 forwarding task 53
138 Generated task 69
138 Worker 2 accepting task 69
138 Worker 1 accepting task 60
138 Worker 1 accepting task 58
138 Worker 2 accepting task 33
138 Worker 4 accepting task 53
138 Worker 3 processing task 29 requiring operations [6]
138 Worker 3 forwarding task 29
138 Worker 2 processing task 61 requiring operations [7, 8]
138 Worker 2 forwarding task 61
138 Worker 1 processing task 59 requiring operations [7]
138 Worker 1 performing operation 7 on task 59
138 Worker 4 processing task 53 requiring operations [7]
138 Worker 4 forwarding task 53
139 Worker 1 accepting task 29
139 Worker 0 accepting task 61
139 Task 59 completed!
139 Worker 1 accepting task 53
139 Worker 3 processing task 54 requiring operations [2, 5]
139 Worker 3 performing operation 2 on task 54
139 Worker 2 processing task 69 requiring operations [10, 1, 8]
139 Worker 2 forwarding task 69
139 Worker 1 processing task 56 requiring operations [8]
139 Worker 1 forwarding task 56
139 Worker 0 processing task 61 requiring operations [7, 8]
139 Worker 0 forwarding task 61
140 Generated task 70
140 Worker 0 accepting task 70
140 Worker 3 accepting task 54
140 Worker 3 accepting task 69
140 Worker 4 accepting task 56
140 Worker 2 accepting task 61
140 Worker 3 processing task 63 requiring operations [1, 9]
140 Worker 3 performing operation 9 on task 63
140 Worker 2 processing task 33 requiring operations [10, 6]
140 Worker 2 forwarding task 33
140 Worker 1 processing task 66 requiring operations [4, 9]
140 Worker 1 performing operation 4 on task 66
140 Worker 0 processing task 70 requiring operations [5, 6, 7]
140 Worker 0 forwarding task 70
140 Worker 4 processing task 56 requiring operations [8]
140 Worker 4 forwarding task 56
