Worker 0 can perform operations {10, 2, 3, 7}
Worker 1 can perform operations {2, 4, 6, 8, 9}
Worker 2 can perform operations {4}
Worker 3 can perform operations {8, 1, 7}
Worker 4 can perform operations {8, 5}
Building network type random
Worker 0 connecting to worker 3
Worker 3 connecting to worker 0
Worker 0 connecting to worker 2
Worker 2 connecting to worker 0
Worker 1 connecting to worker 3
Worker 3 connecting to worker 1
Worker 1 connecting to worker 0
Worker 0 connecting to worker 1
Worker 2 connecting to worker 3
Worker 3 connecting to worker 2
Worker 4 connecting to worker 1
Worker 1 connecting to worker 4
Worker 4 connecting to worker 0
Worker 0 connecting to worker 4
Entry nodes are [0, 1, 2, 3, 4]
0 Generated task 0
0 Worker 3 accepting task 0
0 Worker 3 processing task 0 requiring operations [1, 9, 6]
0 Worker 3 performing operation 1 on task 0
1 Worker 3 accepting task 0
1 Worker 3 processing task 0 requiring operations [9, 6]
1 Worker 3 forwarding task 0
2 Generated task 1
2 Worker 2 accepting task 1
2 Worker 1 accepting task 0
2 Worker 2 processing task 1 requiring operations [10, 8, 9]
2 Worker 2 forwarding task 1
2 Worker 1 processing task 0 requiring operations [9, 6]
2 Worker 1 performing operation 9 on task 0
3 Worker 0 accepting task 1
3 Worker 1 accepting task 0
3 Worker 1 processing task 0 requiring operations [6]
3 Worker 1 performing operation 6 on task 0
3 Worker 0 processing task 1 requiring operations [10, 8, 9]
3 Worker 0 performing operation 10 on task 1
4 Generated task 2
4 Worker 2 accepting task 2
4 Task 0 completed!
4 Worker 0 accepting task 1
4 Worker 0 processing task 1 requiring operations [8, 9]
4 Worker 0 forwarding task 1
4 Worker 2 processing task 2 requiring operations [5, 2, 6]
4 Worker 2 forwarding task 2
5 Worker 2 accepting task 1
5 Worker 3 accepting task 2
5 Worker 2 processing task 1 requiring operations [8, 9]
5 Worker 2 forwarding task 1
5 Worker 3 processing task 2 requiring operations [5, 2, 6]
5 Worker 3 forwarding task 2
6 Generated task 3
6 Worker 1 accepting task 3
6 Worker 3 accepting task 1
6 Worker 0 accepting task 2
6 Worker 3 processing task 1 requiring operations [8, 9]
6 Worker 3 performing operation 8 on task 1
6 Worker 1 processing task 3 requiring operations [8, 1, 9]
6 Worker 1 performing operation 8 on task 3
6 Worker 0 processing task 2 requiring operations [5, 2, 6]
6 Worker 0 performing operation 2 on task 2
7 Worker 3 accepting task 1
7 Worker 1 accepting task 3
7 Worker 0 accepting task 2
7 Worker 3 processing task 1 requiring operations [9]
7 Worker 3 forwarding task 1
7 Worker 1 processing task 3 requiring operations [1, 9]
7 Worker 1 performing operation 9 on task 3
7 Worker 0 processing task 2 requiring operations [5, 6]
7 Worker 0 forwarding task 2
8 Generated task 4
8 Worker 2 accepting task 4
8 Worker 0 accepting task 1
8 Worker 1 accepting task 3
8 Worker 3 accepting task 2
8 Worker 1 processing task 3 requiring operations [1]
8 Worker 1 forwarding task 3
8 Worker 0 processing task 1 requiring operations [9]
8 Worker 0 forwarding task 1
8 Worker 2 processing task 4 requiring operations [2, 8, 5]
8 Worker 2 forwarding task 4
8 Worker 3 processing task 2 requiring operations [5, 6]
8 Worker 3 forwarding task 2
9 Worker 0 accepting task 3
9 Worker 4 accepting task 1
9 Worker 3 accepting task 4
9 Worker 0 accepting task 2
9 Worker 0 processing task 3 requiring operations [1]
9 Worker 0 forwarding task 3
9 Worker 3 processing task 4 requiring operations [2, 8, 5]
9 Worker 3 performing operation 8 on task 4
9 Worker 4 processing task 1 requiring operations [9]
9 Worker 4 forwarding task 1
10 Generated task 5
10 Worker 1 accepting task 5
10 Worker 1 accepting task 3
10 Worker 3 accepting task 4
10 Worker 1 accepting task 1
10 Worker 0 processing task 2 requiring operations [5, 6]
10 Worker 0 forwarding task 2
10 Worker 3 processing task 4 requiring operations [2, 5]
10 Worker 3 forwarding task 4
10 Worker 1 processing task 5 requiring operations [10, 3, 4]
10 Worker 1 performing operation 4 on task 5
11 Worker 1 accepting task 2
11 Worker 2 accepting task 4
11 Worker 1 accepting task 5
11 Worker 1 processing task 3 requiring operations [1]
11 Worker 1 forwarding task 3
11 Worker 2 processing task 4 requiring operations [2, 5]
11 Worker 2 forwarding task 4
12 Generated task 6
12 Worker 0 accepting task 6
12 Worker 3 accepting task 3
12 Worker 3 accepting task 4
12 Worker 1 processing task 1 requiring operations [9]
12 Worker 1 performing operation 9 on task 1
12 Worker 0 processing task 6 requiring operations [1, 4, 3]
12 Worker 0 performing operation 3 on task 6
12 Worker 3 processing task 3 requiring operations [1]
12 Worker 3 performing operation 1 on task 3
13 Task 1 completed!
13 Worker 0 accepting task 6
13 Task 3 completed!
13 Worker 1 processing task 2 requiring operations [5, 6]
13 Worker 1 performing operation 6 on task 2
13 Worker 0 processing task 6 requiring operations [1, 4]
13 Worker 0 forwarding task 6
13 Worker 3 processing task 4 requiring operations [2, 5]
13 Worker 3 forwarding task 4
14 Generated task 7
14 Worker 0 accepting task 7
14 Worker 1 accepting task 2
14 Worker 1 accepting task 6
14 Worker 2 accepting task 4
14 Worker 1 processing task 5 requiring operations [10, 3]
14 Worker 1 forwarding task 5
14 Worker 0 processing task 7 requiring operations [7, 8, 9]
14 Worker 0 performing operation 7 on task 7
14 Worker 2 processing task 4 requiring operations [2, 5]
14 Worker 2 forwarding task 4
15 Worker 4 accepting task 5
15 Worker 0 accepting task 7
15 Worker 3 accepting task 4
15 Worker 1 processing task 2 requiring operations [5]
15 Worker 1 forwarding task 2
15 Worker 0 processing task 7 requiring operations [8, 9]
15 Worker 0 forwarding task 7
15 Worker 4 processing task 5 requiring operations [10, 3]
15 Worker 4 forwarding task 5
15 Worker 3 processing task 4 requiring operations [2, 5]
15 Worker 3 forwarding task 4
16 Generated task 8
16 Worker 4 accepting task 8
16 Worker 3 accepting task 2
16 Worker 3 accepting task 7
16 Worker 0 accepting task 5
16 Worker 1 accepting task 4
16 Worker 1 processing task 6 requiring operations [1, 4]
16 Worker 1 performing operation 4 on task 6
16 Worker 4 processing task 8 requiring operations [6, 5, 9]
16 Worker 4 performing operation 5 on task 8
16 Worker 3 processing task 2 requiring operations [5]
16 Worker 3 forwarding task 2
16 Worker 0 processing task 5 requiring operations [10, 3]
16 Worker 0 performing operation 10 on task 5
17 Worker 1 accepting task 6
17 Worker 4 accepting task 8
17 Worker 0 accepting task 2
17 Worker 0 accepting task 5
17 Worker 1 processing task 4 requiring operations [2, 5]
17 Worker 1 performing operation 2 on task 4
17 Worker 4 processing task 8 requiring operations [6, 9]
17 Worker 4 forwarding task 8
17 Worker 3 processing task 7 requiring operations [8, 9]
17 Worker 3 performing operation 8 on task 7
17 Worker 0 processing task 2 requiring operations [5]
17 Worker 0 forwarding task 2
18 Generated task 9
18 Worker 3 accepting task 9
18 Worker 1 accepting task 4
18 Worker 0 accepting task 8
18 Worker 3 accepting task 7
18 Worker 3 accepting task 2
18 Worker 1 processing task 6 requiring operations [1]
18 Worker 1 forwarding task 6
18 Worker 3 processing task 9 requiring operations [8, 4, 3]
18 Worker 3 performing operation 8 on task 9
18 Worker 0 processing task 5 requiring operations [3]
18 Worker 0 performing operation 3 on task 5
19 Worker 0 accepting task 6
19 Worker 3 accepting task 9
19 Task 5 completed!
19 Worker 1 processing task 4 requiring operations [5]
19 Worker 1 forwarding task 4
19 Worker 3 processing task 7 requiring operations [9]
19 Worker 3 forwarding task 7
19 Worker 0 processing task 8 requiring operations [6, 9]
19 Worker 0 forwarding task 8
20 Generated task 10
20 Worker 1 accepting task 10
20 Worker 0 accepting task 4
20 Worker 2 accepting task 7
20 Worker 2 accepting task 8
20 Worker 1 processing task 10 requiring operations [2, 3, 10]
20 Worker 1 performing operation 2 on task 10
20 Worker 3 processing task 2 requiring operations [5]
20 Worker 3 forwarding task 2
20 Worker 0 processing task 6 requiring operations [1]
20 Worker 0 forwarding task 6
20 Worker 2 processing task 7 requiring operations [9]
20 Worker 2 forwarding task 7
21 Worker 1 accepting task 10
21 Worker 0 accepting task 2
21 Worker 1 accepting task 6
21 Worker 0 accepting task 7
21 Worker 1 processing task 10 requiring operations [3, 10]
21 Worker 1 forwarding task 10
21 Worker 3 processing task 9 requiring operations [4, 3]
21 Worker 3 forwarding task 9
21 Worker 0 processing task 4 requiring operations [5]
21 Worker 0 forwarding task 4
21 Worker 2 processing task 8 requiring operations [6, 9]
21 Worker 2 forwarding task 8
22 Generated task 11
22 Worker 3 accepting task 11
22 Worker 0 accepting task 10
22 Worker 2 accepting task 9
22 Worker 1 accepting task 4
22 Worker 3 accepting task 8
22 Worker 1 processing task 6 requiring operations [1]
22 Worker 1 forwarding task 6
22 Worker 3 processing task 11 requiring operations [9, 3, 6]
22 Worker 3 forwarding task 11
22 Worker 0 processing task 2 requiring operations [5]
22 Worker 0 forwarding task 2
22 Worker 2 processing task 9 requiring operations [4, 3]
22 Worker 2 performing operation 4 on task 9
23 Worker 0 accepting task 6
23 Worker 2 accepting task 11
23 Worker 1 accepting task 2
23 Worker 2 accepting task 9
23 Worker 1 processing task 4 requiring operations [5]
23 Worker 1 forwarding task 4
23 Worker 3 processing task 8 requiring operations [6, 9]
23 Worker 3 forwarding task 8
23 Worker 0 processing task 7 requiring operations [9]
23 Worker 0 forwarding task 7
23 Worker 2 processing task 11 requiring operations [9, 3, 6]
23 Worker 2 forwarding task 11
24 Generated task 12
24 Worker 0 accepting task 12
24 Worker 4 accepting task 4
24 Worker 0 accepting task 8
24 Worker 2 accepting task 7
24 Worker 3 accepting task 11
24 Worker 1 processing task 2 requiring operations [5]
24 Worker 1 forwarding task 2
24 Worker 0 processing task 10 requiring operations [3, 10]
24 Worker 0 performing operation 3 on task 10
24 Worker 2 processing task 9 requiring operations [3]
24 Worker 2 forwarding task 9
24 Worker 4 processing task 4 requiring operations [5]
24 Worker 4 performing operation 5 on task 4
24 Worker 3 processing task 11 requiring operations [9, 3, 6]
24 Worker 3 forwarding task 11
25 Worker 0 accepting task 2
25 Worker 0 accepting task 10
25 Worker 0 accepting task 9
25 Task 4 completed!
25 Worker 1 accepting task 11
25 Worker 0 processing task 6 requiring operations [1]
25 Worker 0 forwarding task 6
25 Worker 2 processing task 7 requiring operations [9]
25 Worker 2 forwarding task 7
25 Worker 1 processing task 11 requiring operations [9, 3, 6]
25 Worker 1 performing operation 9 on task 11
26 Generated task 13
26 Worker 0 accepting task 13
26 Worker 4 accepting task 6
26 Worker 3 accepting task 7
26 Worker 1 accepting task 11
26 Worker 0 processing task 12 requiring operations [2, 1, 3]
26 Worker 0 performing operation 3 on task 12
26 Worker 1 processing task 11 requiring operations [3, 6]
26 Worker 1 performing operation 6 on task 11
26 Worker 4 processing task 6 requiring operations [1]
26 Worker 4 forwarding task 6
26 Worker 3 processing task 7 requiring operations [9]
26 Worker 3 forwarding task 7
27 Worker 0 accepting task 12
27 Worker 1 accepting task 11
27 Worker 1 accepting task 6
27 Worker 1 accepting task 7
27 Worker 0 processing task 8 requiring operations [6, 9]
27 Worker 0 forwarding task 8
27 Worker 1 processing task 11 requiring operations [3]
27 Worker 1 forwarding task 11
28 Generated task 14
28 Worker 4 accepting task 14
28 Worker 4 accepting task 8
28 Worker 4 accepting task 11
28 Worker 0 processing task 2 requiring operations [5]
28 Worker 0 forwarding task 2
28 Worker 1 processing task 6 requiring operations [1]
28 Worker 1 forwarding task 6
28 Worker 4 processing task 14 requiring operations [8, 3, 10]
28 Worker 4 performing operation 8 on task 14
29 Worker 3 accepting task 2
29 Worker 0 accepting task 6
29 Worker 4 accepting task 14
29 Worker 0 processing task 10 requiring operations [10]
29 Worker 0 performing operation 10 on task 10
29 Worker 1 processing task 7 requiring operations [9]
29 Worker 1 performing operation 9 on task 7
29 Worker 4 processing task 8 requiring operations [6, 9]
29 Worker 4 forwarding task 8
29 Worker 3 processing task 2 requiring operations [5]
29 Worker 3 forwarding task 2
30 Generated task 15
30 Worker 1 accepting task 15
30 Task 10 completed!
30 Task 7 completed!
30 Worker 1 accepting task 8
30 Worker 2 accepting task 2
30 Worker 0 processing task 9 requiring operations [3]
30 Worker 0 performing operation 3 on task 9
30 Worker 1 processing task 15 requiring operations [3, 4, 7]
30 Worker 1 performing operation 4 on task 15
30 Worker 4 processing task 11 requiring operations [3]
30 Worker 4 forwarding task 11
30 Worker 2 processing task 2 requiring operations [5]
30 Worker 2 forwarding task 2
31 Task 9 completed!
31 Worker 1 accepting task 15
31 Worker 0 accepting task 11
31 Worker 3 accepting task 2
31 Worker 0 processing task 13 requiring operations [5, 1, 7]
31 Worker 0 performing operation 7 on task 13
31 Worker 1 processing task 8 requiring operations [6, 9]
31 Worker 1 performing operation 9 on task 8
31 Worker 4 processing task 14 requiring operations [3, 10]
31 Worker 4 forwarding task 14
31 Worker 3 processing task 2 requiring operations [5]
31 Worker 3 forwarding task 2
32 Generated task 16
32 Worker 2 accepting task 16
32 Worker 0 accepting task 13
32 Worker 1 accepting task 8
32 Worker 1 accepting task 14
32 Worker 1 accepting task 2
32 Worker 0 processing task 12 requiring operations [2, 1]
32 Worker 0 performing operation 2 on task 12
32 Worker 1 processing task 15 requiring operations [3, 7]
32 Worker 1 forwarding task 15
32 Worker 2 processing task 16 requiring operations [3, 7, 10]
32 Worker 2 forwarding task 16
33 Worker 0 accepting task 12
33 Worker 4 accepting task 15
33 Worker 0 accepting task 16
33 Worker 0 processing task 6 requiring operations [1]
33 Worker 0 forwarding task 6
33 Worker 1 processing task 8 requiring operations [6]
33 Worker 1 performing operation 6 on task 8
33 Worker 4 processing task 15 requiring operations [3, 7]
33 Worker 4 forwarding task 15
34 Generated task 17
34 Worker 0 accepting task 17
34 Worker 3 accepting task 6
34 Task 8 completed!
34 Worker 1 accepting task 15
34 Worker 0 processing task 11 requiring operations [3]
34 Worker 0 performing operation 3 on task 11
34 Worker 1 processing task 14 requiring operations [3, 10]
34 Worker 1 forwarding task 14
34 Worker 3 processing task 6 requiring operations [1]
34 Worker 3 performing operation 1 on task 6
35 Task 11 completed!
35 Worker 3 accepting task 14
35 Task 6 completed!
35 Worker 0 processing task 13 requiring operations [5, 1]
35 Worker 0 forwarding task 13
35 Worker 1 processing task 2 requiring operations [5]
35 Worker 1 forwarding task 2
35 Worker 3 processing task 14 requiring operations [3, 10]
35 Worker 3 forwarding task 14
36 Generated task 18
36 Worker 0 accepting task 18
36 Worker 1 accepting task 13
36 Worker 3 accepting task 2
36 Worker 2 accepting task 14
36 Worker 0 processing task 12 requiring operations [1]
36 Worker 0 forwarding task 12
36 Worker 1 processing task 15 requiring operations [3, 7]
36 Worker 1 forwarding task 15
36 Worker 3 processing task 2 requiring operations [5]
36 Worker 3 forwarding task 2
36 Worker 2 processing task 14 requiring operations [3, 10]
36 Worker 2 forwarding task 14
37 Worker 2 accepting task 12
37 Worker 3 accepting task 15
37 Worker 2 accepting task 2
37 Worker 0 accepting task 14
37 Worker 0 processing task 16 requiring operations [3, 7, 10]
37 Worker 0 performing operation 3 on task 16
37 Worker 1 processing task 13 requiring operations [5, 1]
37 Worker 1 forwarding task 13
37 Worker 3 processing task 15 requiring operations [3, 7]
37 Worker 3 performing operation 7 on task 15
37 Worker 2 processing task 12 requiring operations [1]
37 Worker 2 forwarding task 12
38 Generated task 19
38 Worker 3 accepting task 19
38 Worker 0 accepting task 16
38 Worker 0 accepting task 13
38 Worker 3 accepting task 15
38 Worker 0 accepting task 12
38 Worker 0 processing task 17 requiring operations [6, 5, 2]
38 Worker 0 performing operation 2 on task 17
38 Worker 3 processing task 19 requiring operations [6, 2, 1]
38 Worker 3 performing operation 1 on task 19
38 Worker 2 processing task 2 requiring operations [5]
38 Worker 2 forwarding task 2
39 Worker 0 accepting task 17
39 Worker 3 accepting task 19
39 Worker 0 accepting task 2
39 Worker 0 processing task 18 requiring operations [10, 4, 2]
39 Worker 0 performing operation 10 on task 18
39 Worker 3 processing task 15 requiring operations [3]
39 Worker 3 forwarding task 15
40 Generated task 20
40 Worker 1 accepting task 20
40 Worker 0 accepting task 18
40 Worker 1 accepting task 15
40 Worker 0 processing task 14 requiring operations [3, 10]
40 Worker 0 performing operation 10 on task 14
40 Worker 3 processing task 19 requiring operations [6, 2]
40 Worker 3 forwarding task 19
40 Worker 1 processing task 20 requiring operations [4, 6, 3]
40 Worker 1 performing operation 6 on task 20
41 Worker 0 accepting task 14
41 Worker 0 accepting task 19
41 Worker 1 accepting task 20
41 Worker 0 processing task 16 requiring operations [7, 10]
41 Worker 0 performing operation 10 on task 16
41 Worker 1 processing task 15 requiring operations [3]
41 Worker 1 forwarding task 15
42 Generated task 21
42 Worker 0 accepting task 21
42 Worker 0 accepting task 16
42 Worker 3 accepting task 15
42 Worker 0 processing task 13 requiring operations [5, 1]
42 Worker 0 forwarding task 13
42 Worker 1 processing task 20 requiring operations [4, 3]
42 Worker 1 performing operation 4 on task 20
42 Worker 3 processing task 15 requiring operations [3]
42 Worker 3 forwarding task 15
43 Worker 4 accepting task 13
43 Worker 1 accepting task 20
43 Worker 2 accepting task 15
43 Worker 0 processing task 12 requiring operations [1]
43 Worker 0 forwarding task 12
43 Worker 1 processing task 20 requiring operations [3]
43 Worker 1 forwarding task 20
43 Worker 4 processing task 13 requiring operations [5, 1]
43 Worker 4 performing operation 5 on task 13
43 Worker 2 processing task 15 requiring operations [3]
43 Worker 2 forwarding task 15
44 Generated task 22
44 Worker 0 accepting task 22
44 Worker 2 accepting task 12
44 Worker 3 accepting task 20
44 Worker 4 accepting task 13
44 Worker 3 accepting task 15
44 Worker 0 processing task 17 requiring operations [6, 5]
44 Worker 0 forwarding task 17
44 Worker 4 processing task 13 requiring operations [1]
44 Worker 4 forwarding task 13
44 Worker 2 processing task 12 requiring operations [1]
44 Worker 2 forwarding task 12
44 Worker 3 processing task 20 requiring operations [3]
44 Worker 3 forwarding task 20
45 Worker 1 accepting task 17
45 Worker 1 accepting task 13
45 Worker 0 accepting task 12
45 Worker 0 accepting task 20
45 Worker 0 processing task 2 requiring operations [5]
45 Worker 0 forwarding task 2
45 Worker 3 processing task 15 requiring operations [3]
45 Worker 3 forwarding task 15
45 Worker 1 processing task 17 requiring operations [6, 5]
45 Worker 1 performing operation 6 on task 17
46 Generated task 23
46 Worker 3 accepting task 23
46 Worker 2 accepting task 2
46 Worker 0 accepting task 15
46 Worker 1 accepting task 17
46 Worker 0 processing task 18 requiring operations [4, 2]
46 Worker 0 performing operation 2 on task 18
46 Worker 3 processing task 23 requiring operations [8, 7, 9]
46 Worker 3 performing operation 8 on task 23
46 Worker 1 processing task 13 requiring operations [1]
46 Worker 1 forwarding task 13
46 Worker 2 processing task 2 requiring operations [5]
46 Worker 2 forwarding task 2
47 Worker 0 accepting task 18
47 Worker 3 accepting task 23
47 Worker 4 accepting task 13
47 Worker 3 accepting task 2
47 Worker 0 processing task 14 requiring operations [3]
47 Worker 0 performing operation 3 on task 14
47 Worker 3 processing task 23 requiring operations [7, 9]
47 Worker 3 performing operation 7 on task 23
47 Worker 1 processing task 17 requiring operations [5]
47 Worker 1 forwarding task 17
47 Worker 4 processing task 13 requiring operations [1]
47 Worker 4 forwarding task 13
48 Generated task 24
48 Worker 1 accepting task 24
48 Task 14 completed!
48 Worker 3 accepting task 23
48 Worker 0 accepting task 17
48 Worker 0 accepting task 13
48 Worker 0 processing task 19 requiring operations [6, 2]
48 Worker 0 performing operation 2 on task 19
48 Worker 3 processing task 2 requiring operations [5]
48 Worker 3 forwarding task 2
48 Worker 1 processing task 24 requiring operations [9, 5, 8]
48 Worker 1 performing operation 8 on task 24
49 Worker 0 accepting task 19
49 Worker 0 accepting task 2
49 Worker 1 accepting task 24
49 Worker 0 processing task 21 requiring operations [2, 9, 5]
49 Worker 0 performing operation 2 on task 21
49 Worker 3 processing task 23 requiring operations [9]
49 Worker 3 forwarding task 23
49 Worker 1 processing task 24 requiring operations [9, 5]
49 Worker 1 performing operation 9 on task 24
50 Generated task 25
50 Worker 2 accepting task 25
50 Worker 0 accepting task 21
50 Worker 1 accepting task 23
50 Worker 1 accepting task 24
50 Worker 0 processing task 16 requiring operations [7]
50 Worker 0 performing operation 7 on task 16
50 Worker 1 processing task 23 requiring operations [9]
50 Worker 1 performing operation 9 on task 23
50 Worker 2 processing task 25 requiring operations [10, 5, 2]
50 Worker 2 forwarding task 25
51 Task 16 completed!
51 Task 23 completed!
51 Worker 3 accepting task 25
51 Worker 0 processing task 22 requiring operations [7, 6, 5]
51 Worker 0 performing operation 7 on task 22
51 Worker 1 processing task 24 requiring operations [5]
51 Worker 1 forwarding task 24
51 Worker 3 processing task 25 requiring operations [10, 5, 2]
51 Worker 3 forwarding task 25
52 Generated task 26
52 Worker 2 accepting task 26
52 Worker 0 accepting task 22
52 Worker 0 accepting task 24
52 Worker 2 accepting task 25
52 Worker 0 processing task 12 requiring operations [1]
52 Worker 0 forwarding task 12
52 Worker 2 processing task 26 requiring operations [10, 5, 8]
52 Worker 2 forwarding task 26
53 Worker 2 accepting task 12
53 Worker 3 accepting task 26
53 Worker 0 processing task 20 requiring operations [3]
53 Worker 0 performing operation 3 on task 20
53 Worker 2 processing task 25 requiring operations [10, 5, 2]
53 Worker 2 forwarding task 25
53 Worker 3 processing task 26 requiring operations [10, 5, 8]
53 Worker 3 performing operation 8 on task 26
54 Generated task 27
54 Worker 1 accepting task 27
54 Task 20 completed!
54 Worker 0 accepting task 25
54 Worker 3 accepting task 26
54 Worker 0 processing task 15 requiring operations [3]
54 Worker 0 performing operation 3 on task 15
54 Worker 2 processing task 12 requiring operations [1]
54 Worker 2 forwarding task 12
54 Worker 3 processing task 26 requiring operations [10, 5]
54 Worker 3 forwarding task 26
54 Worker 1 processing task 27 requiring operations [5, 3, 10]
54 Worker 1 forwarding task 27
55 Task 15 completed!
55 Worker 3 accepting task 12
55 Worker 1 accepting task 26
55 Worker 0 accepting task 27
55 Worker 0 processing task 18 requiring operations [4]
55 Worker 0 forwarding task 18
55 Worker 3 processing task 12 requiring operations [1]
55 Worker 3 performing operation 1 on task 12
55 Worker 1 processing task 26 requiring operations [10, 5]
55 Worker 1 forwarding task 26
56 Generated task 28
56 Worker 4 accepting task 28
56 Worker 2 accepting task 18
56 Task 12 completed!
56 Worker 0 accepting task 26
56 Worker 0 processing task 17 requiring operations [5]
56 Worker 0 forwarding task 17
56 Worker 4 processing task 28 requiring operations [5, 8, 6]
56 Worker 4 performing operation 8 on task 28
56 Worker 2 processing task 18 requiring operations [4]
56 Worker 2 performing operation 4 on task 18
57 Worker 3 accepting task 17
57 Worker 4 accepting task 28
57 Task 18 completed!
57 Worker 0 processing task 13 requiring operations [1]
57 Worker 0 forwarding task 13
57 Worker 4 processing task 28 requiring operations [5, 6]
57 Worker 4 performing operation 5 on task 28
57 Worker 3 processing task 17 requiring operations [5]
57 Worker 3 forwarding task 17
58 Generated task 29
58 Worker 1 accepting task 29
58 Worker 3 accepting task 13
58 Worker 4 accepting task 28
58 Worker 0 accepting task 17
58 Worker 0 processing task 19 requiring operations [6]
58 Worker 0 forwarding task 19
58 Worker 4 processing task 28 requiring operations [6]
58 Worker 4 forwarding task 28
58 Worker 3 processing task 13 requiring operations [1]
58 Worker 3 performing operation 1 on task 13
58 Worker 1 processing task 29 requiring operations [3, 9, 10]
58 Worker 1 performing operation 9 on task 29
59 Worker 2 accepting task 19
59 Worker 0 accepting task 28
59 Task 13 completed!
59 Worker 1 accepting task 29
59 Worker 0 processing task 2 requiring operations [5]
59 Worker 0 forwarding task 2
59 Worker 1 processing task 29 requiring operations [3, 10]
59 Worker 1 forwarding task 29
59 Worker 2 processing task 19 requiring operations [6]
59 Worker 2 forwarding task 19
60 Generated task 30
60 Worker 1 accepting task 30
60 Worker 2 accepting task 2
60 Worker 0 accepting task 29
60 Worker 0 accepting task 19
60 Worker 0 processing task 21 requiring operations [9, 5]
60 Worker 0 forwarding task 21
60 Worker 1 processing task 30 requiring operations [1, 6, 7]
60 Worker 1 performing operation 6 on task 30
60 Worker 2 processing task 2 requiring operations [5]
60 Worker 2 forwarding task 2
61 Worker 1 accepting task 21
61 Worker 1 accepting task 30
61 Worker 3 accepting task 2
61 Worker 0 processing task 22 requiring operations [6, 5]
61 Worker 0 forwarding task 22
61 Worker 1 processing task 21 requiring operations [9, 5]
61 Worker 1 performing operation 9 on task 21
61 Worker 3 processing task 2 requiring operations [5]
61 Worker 3 forwarding task 2
62 Generated task 31
62 Worker 1 accepting task 31
62 Worker 2 accepting task 22
62 Worker 1 accepting task 21
62 Worker 2 accepting task 2
62 Worker 0 processing task 24 requiring operations [5]
62 Worker 0 forwarding task 24
62 Worker 1 processing task 30 requiring operations [1, 7]
62 Worker 1 forwarding task 30
62 Worker 2 processing task 22 requiring operations [6, 5]
62 Worker 2 forwarding task 22
63 Worker 4 accepting task 24
63 Worker 0 accepting task 30
63 Worker 3 accepting task 22
63 Worker 0 processing task 25 requiring operations [10, 5, 2]
63 Worker 0 performing operation 2 on task 25
63 Worker 1 processing task 31 requiring operations [7, 4, 9]
63 Worker 1 performing operation 4 on task 31
63 Worker 2 processing task 2 requiring operations [5]
63 Worker 2 forwarding task 2
63 Worker 4 processing task 24 requiring operations [5]
63 Worker 4 performing operation 5 on task 24
63 Worker 3 processing task 22 requiring operations [6, 5]
63 Worker 3 forwarding task 22
64 Generated task 32
64 Worker 3 accepting task 32
64 Worker 0 accepting task 25
64 Worker 1 accepting task 31
64 Worker 3 accepting task 2
64 Task 24 completed!
64 Worker 0 accepting task 22
64 Worker 0 processing task 27 requiring operations [5, 3, 10]
64 Worker 0 performing operation 10 on task 27
64 Worker 1 processing task 21 requiring operations [5]
64 Worker 1 forwarding task 21
64 Worker 3 processing task 32 requiring operations [1, 6, 7]
64 Worker 3 performing operation 1 on task 32
65 Worker 0 accepting task 27
65 Worker 3 accepting task 21
65 Worker 3 accepting task 32
65 Worker 0 processing task 26 requiring operations [10, 5]
65 Worker 0 performing operation 10 on task 26
65 Worker 1 processing task 31 requiring operations [7, 9]
65 Worker 1 performing operation 9 on task 31
65 Worker 3 processing task 2 requiring operations [5]
65 Worker 3 forwarding task 2
66 Generated task 33
66 Worker 3 accepting task 33
66 Worker 0 accepting task 26
66 Worker 1 accepting task 31
66 Worker 0 accepting task 2
66 Worker 0 processing task 17 requiring operations [5]
66 Worker 0 forwarding task 17
66 Worker 1 processing task 31 requiring operations [7]
66 Worker 1 forwarding task 31
66 Worker 3 processing task 21 requiring operations [5]
66 Worker 3 forwarding task 21
67 Worker 4 accepting task 17
67 Worker 0 accepting task 31
67 Worker 0 accepting task 21
67 Worker 0 processing task 28 requiring operations [6]
67 Worker 0 forwarding task 28
67 Worker 3 processing task 32 requiring operations [6, 7]
67 Worker 3 performing operation 7 on task 32
67 Worker 4 processing task 17 requiring operations [5]
67 Worker 4 performing operation 5 on task 17
68 Generated task 34
68 Worker 3 accepting task 34
68 Worker 2 accepting task 28
68 Worker 3 accepting task 32
68 Task 17 completed!
68 Worker 0 processing task 29 requiring operations [3, 10]
68 Worker 0 performing operation 3 on task 29
68 Worker 3 processing task 33 requiring operations [7, 4, 9]
68 Worker 3 performing operation 7 on task 33
68 Worker 2 processing task 28 requiring operations [6]
68 Worker 2 forwarding task 28
69 Worker 0 accepting task 29
69 Worker 3 accepting task 33
69 Worker 3 accepting task 28
69 Worker 0 processing task 19 requiring operations [6]
69 Worker 0 forwarding task 19
69 Worker 3 processing task 34 requiring operations [4, 10, 8]
69 Worker 3 performing operation 8 on task 34
70 Generated task 35
70 Worker 0 accepting task 35
70 Worker 3 accepting task 19
70 Worker 3 accepting task 34
70 Worker 0 processing task 30 requiring operations [1, 7]
70 Worker 0 performing operation 7 on task 30
70 Worker 3 processing task 32 requiring operations [6]
70 Worker 3 forwarding task 32
71 Worker 0 accepting task 30
71 Worker 0 accepting task 32
71 Worker 0 processing task 25 requiring operations [10, 5]
71 Worker 0 performing operation 10 on task 25
71 Worker 3 processing task 33 requiring operations [4, 9]
71 Worker 3 forwarding task 33
72 Generated task 36
72 Worker 2 accepting task 36
72 Worker 0 accepting task 25
72 Worker 2 accepting task 33
72 Worker 0 processing task 22 requiring operations [6, 5]
72 Worker 0 forwarding task 22
72 Worker 3 processing task 28 requiring operations [6]
72 Worker 3 forwarding task 28
72 Worker 2 processing task 36 requiring operations [1, 9, 6]
72 Worker 2 forwarding task 36
73 Worker 2 accepting task 22
73 Worker 0 accepting task 28
73 Worker 0 accepting task 36
73 Worker 0 processing task 27 requiring operations [5, 3]
73 Worker 0 performing operation 3 on task 27
73 Worker 3 processing task 19 requiring operations [6]
73 Worker 3 forwarding task 19
73 Worker 2 processing task 33 requiring operations [4, 9]
73 Worker 2 performing operation 4 on task 33
74 Generated task 37
74 Worker 0 accepting task 37
74 Worker 0 accepting task 27
74 Worker 0 accepting task 19
74 Worker 2 accepting task 33
74 Worker 0 processing task 26 requiring operations [5]
74 Worker 0 forwarding task 26
74 Worker 3 processing task 34 requiring operations [4, 10]
74 Worker 3 forwarding task 34
74 Worker 2 processing task 22 requiring operations [6, 5]
74 Worker 2 forwarding task 22
75 Worker 1 accepting task 26
75 Worker 1 accepting task 34
75 Worker 3 accepting task 22
75 Worker 0 processing task 2 requiring operations [5]
75 Worker 0 forwarding task 2
75 Worker 2 processing task 33 requiring operations [9]
75 Worker 2 forwarding task 33
75 Worker 1 processing task 26 requiring operations [5]
75 Worker 1 forwarding task 26
75 Worker 3 processing task 22 requiring operations [6, 5]
75 Worker 3 forwarding task 22
76 Generated task 38
76 Worker 4 accepting task 38
76 Worker 2 accepting task 2
76 Worker 0 accepting task 33
76 Worker 4 accepting task 26
76 Worker 1 accepting task 22
76 Worker 0 processing task 31 requiring operations [7]
76 Worker 0 performing operation 7 on task 31
76 Worker 2 processing task 2 requiring operations [5]
76 Worker 2 forwarding task 2
76 Worker 1 processing task 34 requiring operations [4, 10]
76 Worker 1 performing operation 4 on task 34
76 Worker 4 processing task 38 requiring operations [3, 8, 4]
76 Worker 4 performing operation 8 on task 38
77 Task 31 completed!
77 Worker 3 accepting task 2
77 Worker 1 accepting task 34
77 Worker 4 accepting task 38
77 Worker 0 processing task 21 requiring operations [5]
77 Worker 0 forwarding task 21
77 Worker 1 processing task 22 requiring operations [6, 5]
77 Worker 1 performing operation 6 on task 22
77 Worker 4 processing task 26 requiring operations [5]
77 Worker 4 performing operation 5 on task 26
77 Worker 3 processing task 2 requiring operations [5]
77 Worker 3 forwarding task 2
78 Generated task 39
78 Worker 0 accepting task 39
78 Worker 1 accepting task 21
78 Worker 1 accepting task 22
78 Task 26 completed!
78 Worker 0 accepting task 2
78 Worker 0 processing task 29 requiring operations [10]
78 Worker 0 performing operation 10 on task 29
78 Worker 1 processing task 34 requiring operations [10]
78 Worker 1 forwarding task 34
78 Worker 4 processing task 38 requiring operations [3, 4]
78 Worker 4 forwarding task 38
79 Task 29 completed!
79 Worker 3 accepting task 34
79 Worker 1 accepting task 38
79 Worker 0 processing task 35 requiring operations [2, 10, 4]
79 Worker 0 performing operation 2 on task 35
79 Worker 1 processing task 21 requiring operations [5]
79 Worker 1 forwarding task 21
79 Worker 3 processing task 34 requiring operations [10]
79 Worker 3 forwarding task 34
80 Generated task 40
80 Worker 3 accepting task 40
80 Worker 0 accepting task 35
80 Worker 0 accepting task 21
80 Worker 2 accepting task 34
80 Worker 0 processing task 30 requiring operations [1]
80 Worker 0 forwarding task 30
80 Worker 1 processing task 22 requiring operations [5]
80 Worker 1 forwarding task 22
80 Worker 3 processing task 40 requiring operations [8, 5, 10]
80 Worker 3 performing operation 8 on task 40
80 Worker 2 processing task 34 requiring operations [10]
80 Worker 2 forwarding task 34
81 Worker 3 accepting task 30
81 Worker 0 accepting task 22
81 Worker 3 accepting task 40
81 Worker 3 accepting task 34
81 Worker 0 processing task 32 requiring operations [6]
81 Worker 0 forwarding task 32
81 Worker 1 processing task 38 requiring operations [3, 4]
81 Worker 1 performing operation 4 on task 38
81 Worker 3 processing task 30 requiring operations [1]
81 Worker 3 performing operation 1 on task 30
82 Generated task 41
82 Worker 1 accepting task 41
82 Worker 1 accepting task 32
82 Worker 1 accepting task 38
82 Task 30 completed!
82 Worker 0 processing task 25 requiring operations [5]
82 Worker 0 forwarding task 25
82 Worker 1 processing task 41 requiring operations [9, 8, 4]
82 Worker 1 performing operation 8 on task 41
82 Worker 3 processing task 40 requiring operations [5, 10]
82 Worker 3 forwarding task 40
83 Worker 2 accepting task 25
83 Worker 1 accepting task 41
83 Worker 0 accepting task 40
83 Worker 0 processing task 28 requiring operations [6]
83 Worker 0 forwarding task 28
83 Worker 1 processing task 32 requiring operations [6]
83 Worker 1 performing operation 6 on task 32
83 Worker 3 processing task 34 requiring operations [10]
83 Worker 3 forwarding task 34
83 Worker 2 processing task 25 requiring operations [5]
83 Worker 2 forwarding task 25
84 Generated task 42
84 Worker 0 accepting task 42
84 Worker 2 accepting task 28
84 Task 32 completed!
84 Worker 2 accepting task 34
84 Worker 3 accepting task 25
84 Worker 0 processing task 36 requiring operations [1, 9, 6]
84 Worker 0 forwarding task 36
84 Worker 1 processing task 38 requiring operations [3]
84 Worker 1 forwarding task 38
84 Worker 2 processing task 28 requiring operations [6]
84 Worker 2 forwarding task 28
84 Worker 3 processing task 25 requiring operations [5]
84 Worker 3 forwarding task 25
85 Worker 3 accepting task 36
85 Worker 3 accepting task 38
85 Worker 3 accepting task 28
85 Worker 1 accepting task 25
85 Worker 0 processing task 37 requiring operations [8, 3, 5]
85 Worker 0 performing operation 3 on task 37
85 Worker 1 processing task 41 requiring operations [9, 4]
85 Worker 1 performing operation 4 on task 41
85 Worker 2 processing task 34 requiring operations [10]
85 Worker 2 forwarding task 34
85 Worker 3 processing task 36 requiring operations [1, 9, 6]
85 Worker 3 performing operation 1 on task 36
86 Generated task 43
86 Worker 0 accepting task 43
86 Worker 0 accepting task 37
86 Worker 1 accepting task 41
86 Worker 3 accepting task 34
86 Worker 3 accepting task 36
86 Worker 0 processing task 27 requiring operations [5]
86 Worker 0 forwarding task 27
86 Worker 1 processing task 25 requiring operations [5]
86 Worker 1 forwarding task 25
86 Worker 3 processing task 38 requiring operations [3]
86 Worker 3 forwarding task 38
87 Worker 1 accepting task 27
87 Worker 3 accepting task 25
87 Worker 0 accepting task 38
87 Worker 0 processing task 19 requiring operations [6]
87 Worker 0 forwarding task 19
87 Worker 1 processing task 41 requiring operations [9]
87 Worker 1 performing operation 9 on task 41
87 Worker 3 processing task 28 requiring operations [6]
87 Worker 3 forwarding task 28
88 Generated task 44
88 Worker 4 accepting task 44
88 Worker 1 accepting task 19
88 Task 41 completed!
88 Worker 0 accepting task 28
88 Worker 0 processing task 33 requiring operations [9]
88 Worker 0 forwarding task 33
88 Worker 1 processing task 27 requiring operations [5]
88 Worker 1 forwarding task 27
88 Worker 3 processing task 34 requiring operations [10]
88 Worker 3 forwarding task 34
88 Worker 4 processing task 44 requiring operations [6, 5, 9]
88 Worker 4 performing operation 5 on task 44
89 Worker 4 accepting task 33
89 Worker 3 accepting task 27
89 Worker 0 accepting task 34
89 Worker 4 accepting task 44
89 Worker 0 processing task 39 requiring operations [4, 1, 2]
89 Worker 0 performing operation 2 on task 39
89 Worker 1 processing task 19 requiring operations [6]
89 Worker 1 performing operation 6 on task 19
89 Worker 3 processing task 36 requiring operations [9, 6]
89 Worker 3 forwarding task 36
89 Worker 4 processing task 33 requiring operations [9]
89 Worker 4 forwarding task 33
90 Generated task 45
90 Worker 4 accepting task 45
90 Worker 0 accepting task 39
90 Task 19 completed!
90 Worker 0 accepting task 36
90 Worker 0 accepting task 33
90 Worker 0 processing task 2 requiring operations [5]
90 Worker 0 forwarding task 2
90 Worker 3 processing task 25 requiring operations [5]
90 Worker 3 forwarding task 25
90 Worker 4 processing task 44 requiring operations [6, 9]
90 Worker 4 forwarding task 44
91 Worker 3 accepting task 2
91 Worker 2 accepting task 25
91 Worker 1 accepting task 44
91 Worker 0 processing task 35 requiring operations [10, 4]
91 Worker 0 performing operation 10 on task 35
91 Worker 3 processing task 27 requiring operations [5]
91 Worker 3 forwarding task 27
91 Worker 4 processing task 45 requiring operations [7, 2, 9]
91 Worker 4 forwarding task 45
91 Worker 2 processing task 25 requiring operations [5]
91 Worker 2 forwarding task 25
91 Worker 1 processing task 44 requiring operations [6, 9]
91 Worker 1 performing operation 6 on task 44
92 Generated task 46
92 Worker 0 accepting task 46
92 Worker 0 accepting task 35
92 Worker 0 accepting task 27
92 Worker 1 accepting task 45
92 Worker 3 accepting task 25
92 Worker 1 accepting task 44
92 Worker 0 processing task 21 requiring operations [5]
92 Worker 0 forwarding task 21
92 Worker 3 processing task 2 requiring operations [5]
92 Worker 3 forwarding task 2
92 Worker 1 processing task 45 requiring operations [7, 2, 9]
92 Worker 1 performing operation 9 on task 45
93 Worker 2 accepting task 21
93 Worker 1 accepting task 2
93 Worker 1 accepting task 45
93 Worker 0 processing task 22 requiring operations [5]
93 Worker 0 forwarding task 22
93 Worker 3 processing task 25 requiring operations [5]
93 Worker 3 forwarding task 25
93 Worker 1 processing task 44 requiring operations [9]
93 Worker 1 performing operation 9 on task 44
93 Worker 2 processing task 21 requiring operations [5]
93 Worker 2 forwarding task 21
94 Generated task 47
94 Worker 0 accepting task 47
94 Worker 3 accepting task 22
94 Worker 0 accepting task 25
94 Task 44 completed!
94 Worker 0 accepting task 21
94 Worker 0 processing task 40 requiring operations [5, 10]
94 Worker 0 performing operation 10 on task 40
94 Worker 3 processing task 22 requiring operations [5]
94 Worker 3 forwarding task 22
94 Worker 1 processing task 2 requiring operations [5]
94 Worker 1 forwarding task 2
95 Worker 0 accepting task 40
95 Worker 2 accepting task 22
95 Worker 0 accepting task 2
95 Worker 0 processing task 42 requiring operations [1, 3, 2]
95 Worker 0 performing operation 2 on task 42
95 Worker 1 processing task 45 requiring operations [7, 2]
95 Worker 1 performing operation 2 on task 45
95 Worker 2 processing task 22 requiring operations [5]
95 Worker 2 forwarding task 22
96 Generated task 48
96 Worker 3 accepting task 48
96 Worker 0 accepting task 42
96 Worker 1 accepting task 45
96 Worker 0 accepting task 22
96 Worker 0 processing task 43 requiring operations [8, 3, 1]
96 Worker 0 performing operation 3 on task 43
96 Worker 1 processing task 45 requiring operations [7]
96 Worker 1 forwarding task 45
96 Worker 3 processing task 48 requiring operations [5, 7, 4]
96 Worker 3 performing operation 7 on task 48
97 Worker 0 accepting task 43
97 Worker 0 accepting task 45
97 Worker 3 accepting task 48
97 Worker 0 processing task 37 requiring operations [8, 5]
97 Worker 0 forwarding task 37
97 Worker 3 processing task 48 requiring operations [5, 4]
97 Worker 3 forwarding task 48
98 Generated task 49
98 Worker 3 accepting task 49
98 Worker 4 accepting task 37
98 Worker 2 accepting task 48
98 Worker 0 processing task 38 requiring operations [3]
98 Worker 0 performing operation 3 on task 38
98 Worker 3 processing task 49 requiring operations [7, 9, 10]
98 Worker 3 performing operation 7 on task 49
98 Worker 4 processing task 37 requiring operations [8, 5]
98 Worker 4 performing operation 8 on task 37
98 Worker 2 processing task 48 requiring operations [5, 4]
98 Worker 2 performing operation 4 on task 48
99 Task 38 completed!
99 Worker 3 accepting task 49
99 Worker 4 accepting task 37
99 Worker 2 accepting task 48
99 Worker 0 processing task 28 requiring operations [6]
99 Worker 0 forwarding task 28
99 Worker 3 processing task 49 requiring operations [9, 10]
99 Worker 3 forwarding task 49
99 Worker 4 processing task 37 requiring operations [5]
99 Worker 4 performing operation 5 on task 37
99 Worker 2 processing task 48 requiring operations [5]
99 Worker 2 forwarding task 48
100 Generated task 50
100 Worker 2 accepting task 50
100 Worker 4 accepting task 28
100 Worker 1 accepting task 49
100 Task 37 completed!
100 Worker 0 accepting task 48
100 Worker 0 processing task 34 requiring operations [10]
100 Worker 0 performing operation 10 on task 34
100 Worker 4 processing task 28 requiring operations [6]
100 Worker 4 forwarding task 28
100 Worker 2 processing task 50 requiring operations [5, 3, 7]
100 Worker 2 forwarding task 50
100 Worker 1 processing task 49 requiring operations [9, 10]
100 Worker 1 performing operation 9 on task 49
101 Task 34 completed!
101 Worker 0 accepting task 28
101 Worker 3 accepting task 50
101 Worker 1 accepting task 49
101 Worker 0 processing task 39 requiring operations [4, 1]
101 Worker 0 forwarding task 39
101 Worker 1 processing task 49 requiring operations [10]
101 Worker 1 forwarding task 49
101 Worker 3 processing task 50 requiring operations [5, 3, 7]
101 Worker 3 performing operation 7 on task 50
102 Generated task 51
102 Worker 4 accepting task 51
102 Worker 3 accepting task 39
102 Worker 4 accepting task 49
102 Worker 3 accepting task 50
102 Worker 0 processing task 36 requiring operations [9, 6]
102 Worker 0 forwarding task 36
102 Worker 3 processing task 39 requiring operations [4, 1]
102 Worker 3 performing operation 1 on task 39
102 Worker 4 processing task 51 requiring operations [5, 8, 2]
102 Worker 4 performing operation 5 on task 51
103 Worker 3 accepting task 36
103 Worker 3 accepting task 39
103 Worker 4 accepting task 51
103 Worker 0 processing task 33 requiring operations [9]
103 Worker 0 forwarding task 33
103 Worker 3 processing task 50 requiring operations [5, 3]
103 Worker 3 forwarding task 50
103 Worker 4 processing task 49 requiring operations [10]
103 Worker 4 forwarding task 49
104 Generated task 52
104 Worker 0 accepting task 52
104 Worker 4 accepting task 33
104 Worker 1 accepting task 50
104 Worker 0 accepting task 49
104 Worker 0 processing task 46 requiring operations [8, 10, 5]
104 Worker 0 performing operation 10 on task 46
104 Worker 3 processing task 36 requiring operations [9, 6]
104 Worker 3 forwarding task 36
104 Worker 4 processing task 51 requiring operations [8, 2]
104 Worker 4 performing operation 8 on task 51
104 Worker 1 processing task 50 requiring operations [5, 3]
104 Worker 1 forwarding task 50
105 Worker 0 accepting task 46
105 Worker 0 accepting task 36
105 Worker 4 accepting task 51
105 Worker 4 accepting task 50
105 Worker 0 processing task 35 requiring operations [4]
105 Worker 0 forwarding task 35
105 Worker 3 processing task 39 requiring operations [4]
105 Worker 3 forwarding task 39
105 Worker 4 processing task 33 requiring operations [9]
105 Worker 4 forwarding task 33
106 Generated task 53
106 Worker 4 accepting task 53
106 Worker 3 accepting task 35
106 Worker 1 accepting task 39
106 Worker 0 accepting task 33
106 Worker 0 processing task 27 requiring operations [5]
106 Worker 0 forwarding task 27
106 Worker 3 processing task 35 requiring operations [4]
106 Worker 3 forwarding task 35
106 Worker 4 processing task 51 requiring operations [2]
106 Worker 4 forwarding task 51
106 Worker 1 processing task 39 requiring operations [4]
106 Worker 1 performing operation 4 on task 39
107 Worker 1 accepting task 27
107 Worker 2 accepting task 35
107 Worker 1 accepting task 51
107 Task 39 completed!
107 Worker 0 processing task 47 requiring operations [2, 4, 8]
107 Worker 0 performing operation 2 on task 47
107 Worker 4 processing task 50 requiring operations [5, 3]
107 Worker 4 performing operation 5 on task 50
107 Worker 1 processing task 27 requiring operations [5]
107 Worker 1 forwarding task 27
107 Worker 2 processing task 35 requiring operations [4]
107 Worker 2 performing operation 4 on task 35
108 Generated task 54
108 Worker 3 accepting task 54
108 Worker 0 accepting task 47
108 Worker 4 accepting task 50
108 Worker 4 accepting task 27
108 Task 35 completed!
108 Worker 0 processing task 25 requiring operations [5]
108 Worker 0 forwarding task 25
108 Worker 4 processing task 53 requiring operations [9, 5, 2]
108 Worker 4 performing operation 5 on task 53
108 Worker 1 processing task 51 requiring operations [2]
108 Worker 1 performing operation 2 on task 51
108 Worker 3 processing task 54 requiring operations [5, 4, 8]
108 Worker 3 performing operation 8 on task 54
109 Worker 3 accepting task 25
109 Worker 4 accepting task 53
109 Task 51 completed!
109 Worker 3 accepting task 54
109 Worker 0 processing task 21 requiring operations [5]
109 Worker 0 forwarding task 21
109 Worker 4 processing task 50 requiring operations [3]
109 Worker 4 forwarding task 50
109 Worker 3 processing task 25 requiring operations [5]
109 Worker 3 forwarding task 25
110 Generated task 55
110 Worker 3 accepting task 55
110 Worker 3 accepting task 21
110 Worker 1 accepting task 50
110 Worker 0 accepting task 25
110 Worker 0 processing task 40 requiring operations [5]
110 Worker 0 forwarding task 40
110 Worker 4 processing task 27 requiring operations [5]
110 Worker 4 performing operation 5 on task 27
110 Worker 3 processing task 54 requiring operations [5, 4]
110 Worker 3 forwarding task 54
110 Worker 1 processing task 50 requiring operations [3]
110 Worker 1 forwarding task 50
111 Worker 1 accepting task 40
111 Task 27 completed!
111 Worker 2 accepting task 54
111 Worker 4 accepting task 50
111 Worker 0 processing task 2 requiring operations [5]
111 Worker 0 forwarding task 2
111 Worker 4 processing task 53 requiring operations [9, 2]
111 Worker 4 forwarding task 53
111 Worker 3 processing task 55 requiring operations [2, 10, 3]
111 Worker 3 forwarding task 55
111 Worker 1 processing task 40 requiring operations [5]
111 Worker 1 forwarding task 40
111 Worker 2 processing task 54 requiring operations [5, 4]
111 Worker 2 performing operation 4 on task 54
112 Generated task 56
112 Worker 1 accepting task 56
112 Worker 4 accepting task 2
112 Worker 1 accepting task 53
112 Worker 2 accepting task 55
112 Worker 4 accepting task 40
112 Worker 2 accepting task 54
112 Worker 0 processing task 42 requiring operations [1, 3]
112 Worker 0 performing operation 3 on task 42
112 Worker 4 processing task 50 requiring operations [3]
112 Worker 4 forwarding task 50
112 Worker 3 processing task 21 requiring operations [5]
112 Worker 3 forwarding task 21
112 Worker 1 processing task 56 requiring operations [9, 1, 2]
112 Worker 1 performing operation 2 on task 56
112 Worker 2 processing task 55 requiring operations [2, 10, 3]
112 Worker 2 forwarding task 55
113 Worker 0 accepting task 42
113 Worker 0 accepting task 50
113 Worker 0 accepting task 21
113 Worker 1 accepting task 56
113 Worker 3 accepting task 55
113 Worker 0 processing task 22 requiring operations [5]
113 Worker 0 forwarding task 22
113 Worker 4 processing task 2 requiring operations [5]
113 Worker 4 performing operation 5 on task 2
113 Worker 1 processing task 53 requiring operations [9, 2]
113 Worker 1 performing operation 9 on task 53
113 Worker 2 processing task 54 requiring operations [5]
113 Worker 2 forwarding task 54
113 Worker 3 processing task 55 requiring operations [2, 10, 3]
113 Worker 3 forwarding task 55
114 Generated task 57
114 Worker 0 accepting task 57
114 Worker 1 accepting task 22
114 Task 2 completed!
114 Worker 1 accepting task 53
114 Worker 0 accepting task 54
114 Worker 1 accepting task 55
114 Worker 0 processing task 43 requiring operations [8, 1]
114 Worker 0 forwarding task 43
114 Worker 4 processing task 40 requiring operations [5]
114 Worker 4 performing operation 5 on task 40
114 Worker 1 processing task 56 requiring operations [9, 1]
114 Worker 1 performing operation 9 on task 56
115 Worker 4 accepting task 43
115 Task 40 completed!
115 Worker 1 accepting task 56
115 Worker 0 processing task 45 requiring operations [7]
115 Worker 0 performing operation 7 on task 45
115 Worker 4 processing task 43 requiring operations [8, 1]
115 Worker 4 performing operation 8 on task 43
115 Worker 1 processing task 22 requiring operations [5]
115 Worker 1 forwarding task 22
116 Generated task 58
116 Worker 4 accepting task 58
116 Task 45 completed!
116 Worker 4 accepting task 43
116 Worker 3 accepting task 22
116 Worker 0 processing task 48 requiring operations [5]
116 Worker 0 forwarding task 48
116 Worker 4 processing task 58 requiring operations [6, 2, 4]
116 Worker 4 forwarding task 58
116 Worker 1 processing task 53 requiring operations [2]
116 Worker 1 performing operation 2 on task 53
116 Worker 3 processing task 22 requiring operations [5]
116 Worker 3 forwarding task 22
117 Worker 3 accepting task 48
117 Worker 0 accepting task 58
117 Task 53 completed!
117 Worker 0 accepting task 22
117 Worker 0 processing task 28 requiring operations [6]
117 Worker 0 forwarding task 28
117 Worker 4 processing task 43 requiring operations [1]
117 Worker 4 forwarding task 43
117 Worker 1 processing task 55 requiring operations [2, 10, 3]
117 Worker 1 performing operation 2 on task 55
117 Worker 3 processing task 48 requiring operations [5]
117 Worker 3 forwarding task 48
118 Generated task 59
118 Worker 4 accepting task 59
118 Worker 3 accepting task 28
118 Worker 1 accepting task 43
118 Worker 1 accepting task 55
118 Worker 1 accepting task 48
118 Worker 0 processing task 52 requiring operations [8, 5, 6]
118 Worker 0 forwarding task 52
118 Worker 4 processing task 59 requiring operations [5, 7, 9]
118 Worker 4 performing operation 5 on task 59
118 Worker 1 processing task 56 requiring operations [1]
118 Worker 1 forwarding task 56
118 Worker 3 processing task 28 requiring operations [6]
118 Worker 3 forwarding task 28
119 Worker 2 accepting task 52
119 Worker 4 accepting task 59
119 Worker 4 accepting task 56
119 Worker 1 accepting task 28
119 Worker 0 processing task 49 requiring operations [10]
119 Worker 0 performing operation 10 on task 49
119 Worker 4 processing task 59 requiring operations [7, 9]
119 Worker 4 forwarding task 59
119 Worker 1 processing task 43 requiring operations [1]
119 Worker 1 forwarding task 43
119 Worker 2 processing task 52 requiring operations [8, 5, 6]
119 Worker 2 forwarding task 52
120 Generated task 60
120 Worker 1 accepting task 60
120 Task 49 completed!
120 Worker 1 accepting task 59
120 Worker 3 accepting task 43
120 Worker 0 accepting task 52
120 Worker 0 processing task 46 requiring operations [8, 5]
120 Worker 0 forwarding task 46
120 Worker 4 processing task 56 requiring operations [1]
120 Worker 4 forwarding task 56
120 Worker 1 processing task 55 requiring operations [10, 3]
120 Worker 1 forwarding task 55
120 Worker 3 processing task 43 requiring operations [1]
120 Worker 3 performing operation 1 on task 43
121 Worker 1 accepting task 46
121 Worker 1 accepting task 56
121 Worker 0 accepting task 55
121 Task 43 completed!
121 Worker 0 processing task 36 requiring operations [9, 6]
121 Worker 0 forwarding task 36
121 Worker 1 processing task 48 requiring operations [5]
121 Worker 1 forwarding task 48
122 Generated task 61
122 Worker 1 accepting task 61
122 Worker 1 accepting task 36
122 Worker 4 accepting task 48
122 Worker 0 processing task 33 requiring operations [9]
122 Worker 0 forwarding task 33
122 Worker 1 processing task 28 requiring operations [6]
122 Worker 1 performing operation 6 on task 28
122 Worker 4 processing task 48 requiring operations [5]
122 Worker 4 performing operation 5 on task 48
123 Worker 4 accepting task 33
123 Task 28 completed!
123 Task 48 completed!
123 Worker 0 processing task 47 requiring operations [4, 8]
123 Worker 0 forwarding task 47
123 Worker 1 processing task 60 requiring operations [4, 7, 9]
123 Worker 1 performing operation 9 on task 60
123 Worker 4 processing task 33 requiring operations [9]
123 Worker 4 forwarding task 33
124 Generated task 62
124 Worker 3 accepting task 62
124 Worker 1 accepting task 47
124 Worker 1 accepting task 60
124 Worker 0 accepting task 33
124 Worker 0 processing task 25 requiring operations [5]
124 Worker 0 forwarding task 25
124 Worker 1 processing task 59 requiring operations [7, 9]
124 Worker 1 performing operation 9 on task 59
124 Worker 3 processing task 62 requiring operations [1, 8, 4]
124 Worker 3 performing operation 1 on task 62
125 Worker 2 accepting task 25
125 Worker 1 accepting task 59
125 Worker 3 accepting task 62
125 Worker 0 processing task 42 requiring operations [1]
125 Worker 0 forwarding task 42
125 Worker 1 processing task 46 requiring operations [8, 5]
125 Worker 1 performing operation 8 on task 46
125 Worker 3 processing task 62 requiring operations [8, 4]
125 Worker 3 performing operation 8 on task 62
125 Worker 2 processing task 25 requiring operations [5]
125 Worker 2 forwarding task 25
126 Generated task 63
126 Worker 2 accepting task 63
126 Worker 4 accepting task 42
126 Worker 1 accepting task 46
126 Worker 3 accepting task 62
126 Worker 3 accepting task 25
126 Worker 0 processing task 50 requiring operations [3]
126 Worker 0 performing operation 3 on task 50
126 Worker 1 processing task 56 requiring operations [1]
126 Worker 1 forwarding task 56
126 Worker 3 processing task 62 requiring operations [4]
126 Worker 3 forwarding task 62
126 Worker 2 processing task 63 requiring operations [1, 10, 9]
126 Worker 2 forwarding task 63
126 Worker 4 processing task 42 requiring operations [1]
126 Worker 4 forwarding task 42
127 Task 50 completed!
127 Worker 3 accepting task 56
127 Worker 2 accepting task 62
127 Worker 3 accepting task 63
127 Worker 1 accepting task 42
127 Worker 0 processing task 21 requiring operations [5]
127 Worker 0 forwarding task 21
127 Worker 1 processing task 61 requiring operations [2, 7, 9]
127 Worker 1 performing operation 2 on task 61
127 Worker 3 processing task 25 requiring operations [5]
127 Worker 3 forwarding task 25
127 Worker 2 processing task 62 requiring operations [4]
127 Worker 2 performing operation 4 on task 62
128 Generated task 64
128 Worker 2 accepting task 64
128 Worker 4 accepting task 21
128 Worker 1 accepting task 61
128 Worker 0 accepting task 25
128 Task 62 completed!
128 Worker 0 processing task 57 requiring operations [5, 10, 9]
128 Worker 0 performing operation 10 on task 57
128 Worker 1 processing task 36 requiring operations [9, 6]
128 Worker 1 performing operation 9 on task 36
128 Worker 3 processing task 56 requiring operations [1]
128 Worker 3 performing operation 1 on task 56
128 Worker 2 processing task 64 requiring operations [2, 7, 10]
128 Worker 2 forwarding task 64
128 Worker 4 processing task 21 requiring operations [5]
128 Worker 4 performing operation 5 on task 21
129 Worker 0 accepting task 57
129 Worker 1 accepting task 36
129 Task 56 completed!
129 Worker 3 accepting task 64
129 Task 21 completed!
129 Worker 0 processing task 54 requiring operations [5]
129 Worker 0 forwarding task 54
129 Worker 1 processing task 47 requiring operations [4, 8]
129 Worker 1 performing operation 8 on task 47
129 Worker 3 processing task 63 requiring operations [1, 10, 9]
129 Worker 3 performing operation 1 on task 63
130 Generated task 65
130 Worker 0 accepting task 65
130 Worker 4 accepting task 54
130 Worker 1 accepting task 47
130 Worker 3 accepting task 63
130 Worker 0 processing task 58 requiring operations [6, 2, 4]
130 Worker 0 performing operation 2 on task 58
130 Worker 1 processing task 60 requiring operations [4, 7]
130 Worker 1 performing operation 4 on task 60
130 Worker 3 processing task 64 requiring operations [2, 7, 10]
130 Worker 3 performing operation 7 on task 64
130 Worker 4 processing task 54 requiring operations [5]
130 Worker 4 performing operation 5 on task 54
131 Worker 0 accepting task 58
131 Worker 1 accepting task 60
131 Worker 3 accepting task 64
131 Task 54 completed!
131 Worker 0 processing task 22 requiring operations [5]
131 Worker 0 forwarding task 22
131 Worker 1 processing task 59 requiring operations [7]
131 Worker 1 forwarding task 59
131 Worker 3 processing task 63 requiring operations [10, 9]
131 Worker 3 forwarding task 63
132 Generated task 66
132 Worker 1 accepting task 66
132 Worker 2 accepting task 22
132 Worker 3 accepting task 59
132 Worker 2 accepting task 63
132 Worker 0 processing task 52 requiring operations [8, 5, 6]
132 Worker 0 forwarding task 52
132 Worker 1 processing task 46 requiring operations [5]
132 Worker 1 forwarding task 46
132 Worker 3 processing task 64 requiring operations [2, 10]
132 Worker 3 forwarding task 64
132 Worker 2 processing task 22 requiring operations [5]
132 Worker 2 forwarding task 22
133 Worker 4 accepting task 52
133 Worker 4 accepting task 46
133 Worker 1 accepting task 64
133 Worker 0 accepting task 22
133 Worker 0 processing task 55 requiring operations [10, 3]
133 Worker 0 performing operation 3 on task 55
133 Worker 1 processing task 42 requiring operations [1]
133 Worker 1 forwarding task 42
133 Worker 3 processing task 59 requiring operations [7]
133 Worker 3 performing operation 7 on task 59
133 Worker 2 processing task 63 requiring operations [10, 9]
133 Worker 2 forwarding task 63
133 Worker 4 processing task 52 requiring operations [8, 5, 6]
133 Worker 4 performing operation 5 on task 52
134 Generated task 67
134 Worker 1 accepting task 67
134 Worker 0 accepting task 55
134 Worker 4 accepting task 42
134 Task 59 completed!
134 Worker 3 accepting task 63
134 Worker 4 accepting task 52
134 Worker 0 processing task 33 requiring operations [9]
134 Worker 0 forwarding task 33
134 Worker 1 processing task 61 requiring operations [7, 9]
134 Worker 1 performing operation 9 on task 61
134 Worker 4 processing task 46 requiring operations [5]
134 Worker 4 performing operation 5 on task 46
134 Worker 3 processing task 63 requiring operations [10, 9]
134 Worker 3 forwarding task 63
135 Worker 2 accepting task 33
135 Worker 1 accepting task 61
135 Task 46 completed!
135 Worker 2 accepting task 63
135 Worker 0 processing task 25 requiring operations [5]
135 Worker 0 forwarding task 25
135 Worker 1 processing task 36 requiring operations [6]
135 Worker 1 performing operation 6 on task 36
135 Worker 4 processing task 42 requiring operations [1]
135 Worker 4 forwarding task 42
135 Worker 2 processing task 33 requiring operations [9]
135 Worker 2 forwarding task 33
136 Generated task 68
136 Worker 2 accepting task 68
136 Worker 3 accepting task 25
136 Task 36 completed!
136 Worker 0 accepting task 42
136 Worker 3 accepting task 33
136 Worker 0 processing task 57 requiring operations [5, 9]
136 Worker 0 forwarding task 57
136 Worker 1 processing task 47 requiring operations [4]
136 Worker 1 performing operation 4 on task 47
136 Worker 4 processing task 52 requiring operations [8, 6]
136 Worker 4 performing operation 8 on task 52
136 Worker 2 processing task 63 requiring operations [10, 9]
136 Worker 2 forwarding task 63
136 Worker 3 processing task 25 requiring operations [5]
136 Worker 3 forwarding task 25
137 Worker 2 accepting task 57
137 Task 47 completed!
137 Worker 4 accepting task 52
137 Worker 3 accepting task 63
137 Worker 2 accepting task 25
137 Worker 0 processing task 65 requiring operations [9, 6, 5]
137 Worker 0 forwarding task 65
137 Worker 1 processing task 60 requiring operations [7]
137 Worker 1 forwarding task 60
137 Worker 4 processing task 52 requiring operations [6]
137 Worker 4 forwarding task 52
137 Worker 2 processing task 68 requiring operations [9, 6, 8]
137 Worker 2 forwarding task 68
137 Worker 3 processing task 33 requiring operations [9]
137 Worker 3 forwarding task 33
138 Generated task 69
138 Worker 0 accepting task 69
138 Worker 4 accepting task 65
138 Worker 0 accepting task 60
138 Worker 1 accepting task 52
138 Worker 3 accepting task 68
138 Worker 2 accepting task 33
138 Worker 0 processing task 58 requiring operations [6, 4]
138 Worker 0 forwarding task 58
138 Worker 1 processing task 66 requiring operations [10, 1, 7]
138 Worker 1 forwarding task 66
138 Worker 4 processing task 65 requiring operations [9, 6, 5]
138 Worker 4 performing operation 5 on task 65
138 Worker 2 processing task 57 requiring operations [5, 9]
138 Worker 2 forwarding task 57
138 Worker 3 processing task 63 requiring operations [10, 9]
138 Worker 3 forwarding task 63
139 Worker 3 accepting task 58
139 Worker 0 accepting task 66
139 Worker 4 accepting task 65
139 Worker 3 accepting task 57
139 Worker 2 accepting task 63
139 Worker 0 processing task 22 requiring operations [5]
139 Worker 0 forwarding task 22
139 Worker 1 processing task 64 requiring operations [2, 10]
139 Worker 1 performing operation 2 on task 64
139 Worker 4 processing task 65 requiring operations [9, 6]
139 Worker 4 forwarding task 65
139 Worker 2 processing task 25 requiring operations [5]
139 Worker 2 forwarding task 25
139 Worker 3 processing task 68 requiring operations [9, 6, 8]
139 Worker 3 performing operation 8 on task 68
140 Generated task 70
140 Worker 2 accepting task 70
140 Worker 2 accepting task 22
140 Worker 1 accepting task 64
140 Worker 0 accepting task 65
140 Worker 0 accepting task 25
140 Worker 3 accepting task 68
140 Worker 0 processing task 55 requiring operations [10]
140 Worker 0 performing operation 10 on task 55
140 Worker 1 processing task 67 requiring operations [6, 8, 5]
140 Worker 1 performing operation 8 on task 67
140 Worker 2 processing task 33 requiring operations [9]
140 Worker 2 forwarding task 33
140 Worker 3 processing task 58 requiring operations [6, 4]
140 Worker 3 forwarding task 58
