Worker 0 can perform operations {3, 4, 7}
Worker 1 can perform operations {8}
Worker 2 can perform operations {1, 6, 7, 8, 10}
Worker 3 can perform operations {9, 10, 3}
Worker 4 can perform operations {2, 5}
Building network type random
Worker 0 connecting to worker 3
Worker 3 connecting to worker 0
Worker 0 connecting to worker 2
Worker 2 connecting to worker 0
Worker 1 connecting to worker 2
Worker 2 connecting to worker 1
Worker 1 connecting to worker 4
Worker 4 connecting to worker 1
Worker 3 connecting to worker 1
Worker 1 connecting to worker 3
Worker 4 connecting to worker 3
Worker 3 connecting to worker 4
Entry nodes are [0, 1, 2, 3, 4]
0 Generated task 0
0 Worker 4 accepting task 0
0 Worker 4 processing task 0 requiring operations [8, 1, 7]
0 Worker 4 forwarding task 0
1 Worker 1 accepting task 0
1 Worker 1 processing task 0 requiring operations [8, 1, 7]
1 Worker 1 performing operation 8 on task 0
2 Generated task 1
2 Worker 3 accepting task 1
2 Worker 1 accepting task 0
2 Worker 1 processing task 0 requiring operations [1, 7]
2 Worker 1 forwarding task 0
2 Worker 3 processing task 1 requiring operations [2, 4, 10]
2 Worker 3 performing operation 10 on task 1
3 Worker 4 accepting task 0
3 Worker 3 accepting task 1
3 Worker 3 processing task 1 requiring operations [2, 4]
3 Worker 3 forwarding task 1
3 Worker 4 processing task 0 requiring operations [1, 7]
3 Worker 4 forwarding task 0
4 Generated task 2
4 Worker 3 accepting task 2
4 Worker 0 accepting task 1
4 Worker 3 accepting task 0
4 Worker 3 processing task 2 requiring operations [4, 6, 1]
4 Worker 3 forwarding task 2
4 Worker 0 processing task 1 requiring operations [2, 4]
4 Worker 0 performing operation 4 on task 1
5 Worker 1 accepting task 2
5 Worker 0 accepting task 1
5 Worker 3 processing task 0 requiring operations [1, 7]
5 Worker 3 forwarding task 0
5 Worker 0 processing task 1 requiring operations [2]
5 Worker 0 forwarding task 1
5 Worker 1 processing task 2 requiring operations [4, 6, 1]
5 Worker 1 forwarding task 2
6 Generated task 3
6 Worker 3 accepting task 3
6 Worker 0 accepting task 0
6 Worker 2 accepting task 1
6 Worker 2 accepting task 2
6 Worker 3 processing task 3 requiring operations [7, 10, 4]
6 Worker 3 performing operation 10 on task 3
6 Worker 0 processing task 0 requiring operations [1, 7]
6 Worker 0 performing operation 7 on task 0
6 Worker 2 processing task 1 requiring operations [2]
6 Worker 2 forwarding task 1
7 Worker 3 accepting task 3
7 Worker 0 accepting task 0
7 Worker 1 accepting task 1
7 Worker 3 processing task 3 requiring operations [7, 4]
7 Worker 3 forwarding task 3
7 Worker 0 processing task 0 requiring operations [1]
7 Worker 0 forwarding task 0
7 Worker 2 processing task 2 requiring operations [4, 6, 1]
7 Worker 2 performing operation 1 on task 2
7 Worker 1 processing task 1 requiring operations [2]
7 Worker 1 forwarding task 1
8 Generated task 4
8 Worker 3 accepting task 4
8 Worker 4 accepting task 3
8 Worker 2 accepting task 0
8 Worker 2 accepting task 2
8 Worker 4 accepting task 1
8 Worker 3 processing task 4 requiring operations [3, 9, 5]
8 Worker 3 performing operation 9 on task 4
8 Worker 2 processing task 0 requiring operations [1]
8 Worker 2 performing operation 1 on task 0
8 Worker 4 processing task 3 requiring operations [7, 4]
8 Worker 4 forwarding task 3
9 Worker 3 accepting task 4
9 Task 0 completed!
9 Worker 3 accepting task 3
9 Worker 3 processing task 4 requiring operations [3, 5]
9 Worker 3 performing operation 3 on task 4
9 Worker 2 processing task 2 requiring operations [4, 6]
9 Worker 2 performing operation 6 on task 2
9 Worker 4 processing task 1 requiring operations [2]
9 Worker 4 performing operation 2 on task 1
10 Generated task 5
10 Worker 3 accepting task 5
10 Worker 3 accepting task 4
10 Worker 2 accepting task 2
10 Task 1 completed!
10 Worker 3 processing task 3 requiring operations [7, 4]
10 Worker 3 forwarding task 3
10 Worker 2 processing task 2 requiring operations [4]
10 Worker 2 forwarding task 2
11 Worker 4 accepting task 3
11 Worker 1 accepting task 2
11 Worker 3 processing task 5 requiring operations [3, 9, 8]
11 Worker 3 performing operation 3 on task 5
11 Worker 4 processing task 3 requiring operations [7, 4]
11 Worker 4 forwarding task 3
11 Worker 1 processing task 2 requiring operations [4]
11 Worker 1 forwarding task 2
12 Generated task 6
12 Worker 4 accepting task 6
12 Worker 3 accepting task 5
12 Worker 3 accepting task 3
12 Worker 3 accepting task 2
12 Worker 3 processing task 4 requiring operations [5]
12 Worker 3 forwarding task 4
12 Worker 4 processing task 6 requiring operations [4, 7, 10]
12 Worker 4 forwarding task 6
13 Worker 0 accepting task 4
13 Worker 3 accepting task 6
13 Worker 3 processing task 5 requiring operations [9, 8]
13 Worker 3 performing operation 9 on task 5
13 Worker 0 processing task 4 requiring operations [5]
13 Worker 0 forwarding task 4
14 Generated task 7
14 Worker 2 accepting task 7
14 Worker 3 accepting task 5
14 Worker 3 accepting task 4
14 Worker 3 processing task 3 requiring operations [7, 4]
14 Worker 3 forwarding task 3
14 Worker 2 processing task 7 requiring operations [5, 4, 1]
14 Worker 2 performing operation 1 on task 7
15 Worker 4 accepting task 3
15 Worker 2 accepting task 7
15 Worker 3 processing task 2 requiring operations [4]
15 Worker 3 forwarding task 2
15 Worker 2 processing task 7 requiring operations [5, 4]
15 Worker 2 forwarding task 7
15 Worker 4 processing task 3 requiring operations [7, 4]
15 Worker 4 forwarding task 3
16 Generated task 8
16 Worker 3 accepting task 8
16 Worker 4 accepting task 2
16 Worker 1 accepting task 7
16 Worker 3 accepting task 3
16 Worker 3 processing task 6 requiring operations [4, 7, 10]
16 Worker 3 performing operation 10 on task 6
16 Worker 4 processing task 2 requiring operations [4]
16 Worker 4 forwarding task 2
16 Worker 1 processing task 7 requiring operations [5, 4]
16 Worker 1 forwarding task 7
17 Worker 3 accepting task 6
17 Worker 3 accepting task 2
17 Worker 2 accepting task 7
17 Worker 3 processing task 5 requiring operations [8]
17 Worker 3 forwarding task 5
17 Worker 2 processing task 7 requiring operations [5, 4]
17 Worker 2 forwarding task 7
18 Generated task 9
18 Worker 0 accepting task 9
18 Worker 0 accepting task 5
18 Worker 1 accepting task 7
18 Worker 3 processing task 4 requiring operations [5]
18 Worker 3 forwarding task 4
18 Worker 0 processing task 9 requiring operations [8, 7, 4]
18 Worker 0 performing operation 7 on task 9
18 Worker 1 processing task 7 requiring operations [5, 4]
18 Worker 1 forwarding task 7
19 Worker 4 accepting task 4
19 Worker 0 accepting task 9
19 Worker 3 accepting task 7
19 Worker 3 processing task 8 requiring operations [8, 1, 9]
19 Worker 3 performing operation 9 on task 8
19 Worker 0 processing task 5 requiring operations [8]
19 Worker 0 forwarding task 5
19 Worker 4 processing task 4 requiring operations [5]
19 Worker 4 performing operation 5 on task 4
20 Generated task 10
20 Worker 1 accepting task 10
20 Worker 3 accepting task 8
20 Worker 3 accepting task 5
20 Task 4 completed!
20 Worker 3 processing task 3 requiring operations [7, 4]
20 Worker 3 forwarding task 3
20 Worker 0 processing task 9 requiring operations [8, 4]
20 Worker 0 performing operation 4 on task 9
20 Worker 1 processing task 10 requiring operations [8, 6, 4]
20 Worker 1 performing operation 8 on task 10
21 Worker 1 accepting task 3
21 Worker 0 accepting task 9
21 Worker 1 accepting task 10
21 Worker 3 processing task 6 requiring operations [4, 7]
21 Worker 3 forwarding task 6
21 Worker 0 processing task 9 requiring operations [8]
21 Worker 0 forwarding task 9
21 Worker 1 processing task 3 requiring operations [7, 4]
21 Worker 1 forwarding task 3
22 Generated task 11
22 Worker 0 accepting task 11
22 Worker 1 accepting task 6
22 Worker 2 accepting task 9
22 Worker 3 accepting task 3
22 Worker 3 processing task 2 requiring operations [4]
22 Worker 3 forwarding task 2
22 Worker 0 processing task 11 requiring operations [6, 4, 8]
22 Worker 0 performing operation 4 on task 11
22 Worker 1 processing task 10 requiring operations [6, 4]
22 Worker 1 forwarding task 10
22 Worker 2 processing task 9 requiring operations [8]
22 Worker 2 performing operation 8 on task 9
23 Worker 4 accepting task 2
23 Worker 0 accepting task 11
23 Worker 2 accepting task 10
23 Task 9 completed!
23 Worker 3 processing task 7 requiring operations [5, 4]
23 Worker 3 forwarding task 7
23 Worker 0 processing task 11 requiring operations [6, 8]
23 Worker 0 forwarding task 11
23 Worker 1 processing task 6 requiring operations [4, 7]
23 Worker 1 forwarding task 6
23 Worker 2 processing task 10 requiring operations [6, 4]
23 Worker 2 performing operation 6 on task 10
23 Worker 4 processing task 2 requiring operations [4]
23 Worker 4 forwarding task 2
24 Generated task 12
24 Worker 3 accepting task 12
24 Worker 0 accepting task 7
24 Worker 3 accepting task 11
24 Worker 3 accepting task 6
24 Worker 2 accepting task 10
24 Worker 1 accepting task 2
24 Worker 3 processing task 8 requiring operations [8, 1]
24 Worker 3 forwarding task 8
24 Worker 0 processing task 7 requiring operations [5, 4]
24 Worker 0 performing operation 4 on task 7
24 Worker 2 processing task 10 requiring operations [4]
24 Worker 2 forwarding task 10
24 Worker 1 processing task 2 requiring operations [4]
24 Worker 1 forwarding task 2
25 Worker 0 accepting task 8
25 Worker 0 accepting task 7
25 Worker 0 accepting task 10
25 Worker 4 accepting task 2
25 Worker 3 processing task 5 requiring operations [8]
25 Worker 3 forwarding task 5
25 Worker 0 processing task 8 requiring operations [8, 1]
25 Worker 0 forwarding task 8
25 Worker 4 processing task 2 requiring operations [4]
25 Worker 4 forwarding task 2
26 Generated task 13
26 Worker 3 accepting task 13
26 Worker 0 accepting task 5
26 Worker 3 accepting task 8
26 Worker 1 accepting task 2
26 Worker 3 processing task 3 requiring operations [7, 4]
26 Worker 3 forwarding task 3
26 Worker 0 processing task 7 requiring operations [5]
26 Worker 0 forwarding task 7
26 Worker 1 processing task 2 requiring operations [4]
26 Worker 1 forwarding task 2
27 Worker 0 accepting task 3
27 Worker 2 accepting task 7
27 Worker 4 accepting task 2
27 Worker 3 processing task 12 requiring operations [1, 6, 3]
27 Worker 3 performing operation 3 on task 12
27 Worker 0 processing task 10 requiring operations [4]
27 Worker 0 performing operation 4 on task 10
27 Worker 2 processing task 7 requiring operations [5]
27 Worker 2 forwarding task 7
27 Worker 4 processing task 2 requiring operations [4]
27 Worker 4 forwarding task 2
28 Generated task 14
28 Worker 3 accepting task 14
28 Worker 3 accepting task 12
28 Task 10 completed!
28 Worker 1 accepting task 7
28 Worker 1 accepting task 2
28 Worker 3 processing task 11 requiring operations [6, 8]
28 Worker 3 forwarding task 11
28 Worker 0 processing task 5 requiring operations [8]
28 Worker 0 forwarding task 5
28 Worker 1 processing task 7 requiring operations [5]
28 Worker 1 forwarding task 7
29 Worker 1 accepting task 11
29 Worker 2 accepting task 5
29 Worker 3 accepting task 7
29 Worker 3 processing task 6 requiring operations [4, 7]
29 Worker 3 forwarding task 6
29 Worker 0 processing task 3 requiring operations [7, 4]
29 Worker 0 performing operation 4 on task 3
29 Worker 1 processing task 2 requiring operations [4]
29 Worker 1 forwarding task 2
29 Worker 2 processing task 5 requiring operations [8]
29 Worker 2 performing operation 8 on task 5
30 Generated task 15
30 Worker 1 accepting task 15
30 Worker 1 accepting task 6
30 Worker 0 accepting task 3
30 Worker 3 accepting task 2
30 Task 5 completed!
30 Worker 3 processing task 13 requiring operations [6, 1, 10]
30 Worker 3 performing operation 10 on task 13
30 Worker 0 processing task 3 requiring operations [7]
30 Worker 0 performing operation 7 on task 3
30 Worker 1 processing task 11 requiring operations [6, 8]
30 Worker 1 performing operation 8 on task 11
31 Worker 3 accepting task 13
31 Task 3 completed!
31 Worker 1 accepting task 11
31 Worker 3 processing task 8 requiring operations [8, 1]
31 Worker 3 forwarding task 8
31 Worker 1 processing task 15 requiring operations [6, 9, 5]
31 Worker 1 forwarding task 15
32 Generated task 16
32 Worker 3 accepting task 16
32 Worker 0 accepting task 8
32 Worker 4 accepting task 15
32 Worker 3 processing task 14 requiring operations [7, 9, 10]
32 Worker 3 performing operation 9 on task 14
32 Worker 1 processing task 6 requiring operations [4, 7]
32 Worker 1 forwarding task 6
32 Worker 0 processing task 8 requiring operations [8, 1]
32 Worker 0 forwarding task 8
32 Worker 4 processing task 15 requiring operations [6, 9, 5]
32 Worker 4 performing operation 5 on task 15
33 Worker 3 accepting task 14
33 Worker 2 accepting task 6
33 Worker 2 accepting task 8
33 Worker 4 accepting task 15
33 Worker 3 processing task 12 requiring operations [1, 6]
33 Worker 3 forwarding task 12
33 Worker 1 processing task 11 requiring operations [6]
33 Worker 1 forwarding task 11
33 Worker 4 processing task 15 requiring operations [6, 9]
33 Worker 4 forwarding task 15
33 Worker 2 processing task 6 requiring operations [4, 7]
33 Worker 2 performing operation 7 on task 6
34 Generated task 17
34 Worker 1 accepting task 17
34 Worker 1 accepting task 12
34 Worker 4 accepting task 11
34 Worker 3 accepting task 15
34 Worker 2 accepting task 6
34 Worker 3 processing task 7 requiring operations [5]
34 Worker 3 forwarding task 7
34 Worker 1 processing task 17 requiring operations [7, 4, 6]
34 Worker 1 forwarding task 17
34 Worker 4 processing task 11 requiring operations [6]
34 Worker 4 forwarding task 11
34 Worker 2 processing task 8 requiring operations [8, 1]
34 Worker 2 performing operation 1 on task 8
35 Worker 4 accepting task 7
35 Worker 3 accepting task 17
35 Worker 1 accepting task 11
35 Worker 2 accepting task 8
35 Worker 3 processing task 2 requiring operations [4]
35 Worker 3 forwarding task 2
35 Worker 1 processing task 12 requiring operations [1, 6]
35 Worker 1 forwarding task 12
35 Worker 4 processing task 7 requiring operations [5]
35 Worker 4 performing operation 5 on task 7
35 Worker 2 processing task 6 requiring operations [4]
35 Worker 2 forwarding task 6
36 Generated task 18
36 Worker 1 accepting task 18
36 Worker 1 accepting task 2
36 Worker 2 accepting task 12
36 Task 7 completed!
36 Worker 1 accepting task 6
36 Worker 3 processing task 13 requiring operations [6, 1]
36 Worker 3 forwarding task 13
36 Worker 1 processing task 11 requiring operations [6]
36 Worker 1 forwarding task 11
36 Worker 2 processing task 8 requiring operations [8]
36 Worker 2 performing operation 8 on task 8
37 Worker 0 accepting task 13
37 Worker 3 accepting task 11
37 Task 8 completed!
37 Worker 3 processing task 16 requiring operations [9, 5, 4]
37 Worker 3 performing operation 9 on task 16
37 Worker 1 processing task 18 requiring operations [9, 7, 1]
37 Worker 1 forwarding task 18
37 Worker 2 processing task 12 requiring operations [1, 6]
37 Worker 2 performing operation 6 on task 12
37 Worker 0 processing task 13 requiring operations [6, 1]
37 Worker 0 forwarding task 13
38 Generated task 19
38 Worker 1 accepting task 19
38 Worker 3 accepting task 16
38 Worker 2 accepting task 18
38 Worker 2 accepting task 12
38 Worker 2 accepting task 13
38 Worker 3 processing task 14 requiring operations [7, 10]
38 Worker 3 performing operation 10 on task 14
38 Worker 1 processing task 2 requiring operations [4]
38 Worker 1 forwarding task 2
38 Worker 2 processing task 18 requiring operations [9, 7, 1]
38 Worker 2 performing operation 1 on task 18
39 Worker 3 accepting task 14
39 Worker 4 accepting task 2
39 Worker 2 accepting task 18
39 Worker 3 processing task 15 requiring operations [6, 9]
39 Worker 3 performing operation 9 on task 15
39 Worker 1 processing task 6 requiring operations [4]
39 Worker 1 forwarding task 6
39 Worker 2 processing task 12 requiring operations [1]
39 Worker 2 performing operation 1 on task 12
39 Worker 4 processing task 2 requiring operations [4]
39 Worker 4 forwarding task 2
40 Generated task 20
40 Worker 3 accepting task 20
40 Worker 3 accepting task 15
40 Worker 3 accepting task 6
40 Task 12 completed!
40 Worker 1 accepting task 2
40 Worker 3 processing task 17 requiring operations [7, 4, 6]
40 Worker 3 forwarding task 17
40 Worker 1 processing task 19 requiring operations [2, 8, 1]
40 Worker 1 performing operation 8 on task 19
40 Worker 2 processing task 13 requiring operations [6, 1]
40 Worker 2 performing operation 1 on task 13
41 Worker 0 accepting task 17
41 Worker 1 accepting task 19
41 Worker 2 accepting task 13
41 Worker 3 processing task 11 requiring operations [6]
41 Worker 3 forwarding task 11
41 Worker 1 processing task 2 requiring operations [4]
41 Worker 1 forwarding task 2
41 Worker 2 processing task 18 requiring operations [9, 7]
41 Worker 2 performing operation 7 on task 18
41 Worker 0 processing task 17 requiring operations [7, 4, 6]
41 Worker 0 performing operation 4 on task 17
42 Generated task 21
42 Worker 1 accepting task 21
42 Worker 1 accepting task 11
42 Worker 4 accepting task 2
42 Worker 2 accepting task 18
42 Worker 0 accepting task 17
42 Worker 3 processing task 16 requiring operations [5, 4]
42 Worker 3 forwarding task 16
42 Worker 1 processing task 19 requiring operations [2, 1]
42 Worker 1 forwarding task 19
42 Worker 2 processing task 13 requiring operations [6]
42 Worker 2 performing operation 6 on task 13
42 Worker 0 processing task 17 requiring operations [7, 6]
42 Worker 0 performing operation 7 on task 17
42 Worker 4 processing task 2 requiring operations [4]
42 Worker 4 forwarding task 2
43 Worker 1 accepting task 16
43 Worker 4 accepting task 19
43 Task 13 completed!
43 Worker 0 accepting task 17
43 Worker 1 accepting task 2
43 Worker 3 processing task 14 requiring operations [7]
43 Worker 3 forwarding task 14
43 Worker 1 processing task 21 requiring operations [3, 7, 5]
43 Worker 1 forwarding task 21
43 Worker 2 processing task 18 requiring operations [9]
43 Worker 2 forwarding task 18
43 Worker 0 processing task 17 requiring operations [6]
43 Worker 0 forwarding task 17
43 Worker 4 processing task 19 requiring operations [2, 1]
43 Worker 4 performing operation 2 on task 19
44 Generated task 22
44 Worker 0 accepting task 22
44 Worker 4 accepting task 14
44 Worker 4 accepting task 21
44 Worker 1 accepting task 18
44 Worker 2 accepting task 17
44 Worker 4 accepting task 19
44 Worker 3 processing task 20 requiring operations [7, 8, 5]
44 Worker 3 forwarding task 20
44 Worker 1 processing task 11 requiring operations [6]
44 Worker 1 forwarding task 11
44 Worker 0 processing task 22 requiring operations [1, 5, 2]
44 Worker 0 forwarding task 22
44 Worker 4 processing task 14 requiring operations [7]
44 Worker 4 forwarding task 14
44 Worker 2 processing task 17 requiring operations [6]
44 Worker 2 performing operation 6 on task 17
45 Worker 0 accepting task 20
45 Worker 3 accepting task 11
45 Worker 2 accepting task 22
45 Worker 1 accepting task 14
45 Task 17 completed!
45 Worker 3 processing task 15 requiring operations [6]
45 Worker 3 forwarding task 15
45 Worker 1 processing task 16 requiring operations [5, 4]
45 Worker 1 forwarding task 16
45 Worker 0 processing task 20 requiring operations [7, 8, 5]
45 Worker 0 performing operation 7 on task 20
45 Worker 4 processing task 21 requiring operations [3, 7, 5]
45 Worker 4 performing operation 5 on task 21
45 Worker 2 processing task 22 requiring operations [1, 5, 2]
45 Worker 2 performing operation 1 on task 22
46 Generated task 23
46 Worker 0 accepting task 23
46 Worker 1 accepting task 15
46 Worker 2 accepting task 16
46 Worker 0 accepting task 20
46 Worker 4 accepting task 21
46 Worker 2 accepting task 22
46 Worker 3 processing task 6 requiring operations [4]
46 Worker 3 forwarding task 6
46 Worker 1 processing task 2 requiring operations [4]
46 Worker 1 forwarding task 2
46 Worker 0 processing task 23 requiring operations [2, 3, 9]
46 Worker 0 performing operation 3 on task 23
46 Worker 4 processing task 19 requiring operations [1]
46 Worker 4 forwarding task 19
46 Worker 2 processing task 16 requiring operations [5, 4]
46 Worker 2 forwarding task 16
47 Worker 1 accepting task 6
47 Worker 4 accepting task 2
47 Worker 0 accepting task 23
47 Worker 3 accepting task 19
47 Worker 1 accepting task 16
47 Worker 3 processing task 11 requiring operations [6]
47 Worker 3 forwarding task 11
47 Worker 1 processing task 18 requiring operations [9]
47 Worker 1 forwarding task 18
47 Worker 0 processing task 20 requiring operations [8, 5]
47 Worker 0 forwarding task 20
47 Worker 4 processing task 21 requiring operations [3, 7]
47 Worker 4 forwarding task 21
47 Worker 2 processing task 22 requiring operations [5, 2]
47 Worker 2 forwarding task 22
48 Generated task 24
48 Worker 2 accepting task 24
48 Worker 0 accepting task 11
48 Worker 2 accepting task 18
48 Worker 2 accepting task 20
48 Worker 1 accepting task 21
48 Worker 1 accepting task 22
48 Worker 3 processing task 19 requiring operations [1]
48 Worker 3 forwarding task 19
48 Worker 1 processing task 14 requiring operations [7]
48 Worker 1 forwarding task 14
48 Worker 0 processing task 23 requiring operations [2, 9]
48 Worker 0 forwarding task 23
48 Worker 4 processing task 2 requiring operations [4]
48 Worker 4 forwarding task 2
48 Worker 2 processing task 24 requiring operations [6, 4, 1]
48 Worker 2 performing operation 6 on task 24
49 Worker 1 accepting task 19
49 Worker 4 accepting task 14
49 Worker 3 accepting task 23
49 Worker 3 accepting task 2
49 Worker 2 accepting task 24
49 Worker 1 processing task 15 requiring operations [6]
49 Worker 1 forwarding task 15
49 Worker 0 processing task 11 requiring operations [6]
49 Worker 0 forwarding task 11
49 Worker 4 processing task 14 requiring operations [7]
49 Worker 4 forwarding task 14
49 Worker 2 processing task 18 requiring operations [9]
49 Worker 2 forwarding task 18
49 Worker 3 processing task 23 requiring operations [2, 9]
49 Worker 3 performing operation 9 on task 23
50 Generated task 25
50 Worker 4 accepting task 25
50 Worker 4 accepting task 15
50 Worker 2 accepting task 11
50 Worker 1 accepting task 14
50 Worker 1 accepting task 18
50 Worker 3 accepting task 23
50 Worker 1 processing task 6 requiring operations [4]
50 Worker 1 forwarding task 6
50 Worker 4 processing task 25 requiring operations [5, 2, 1]
50 Worker 4 performing operation 2 on task 25
50 Worker 2 processing task 20 requiring operations [8, 5]
50 Worker 2 performing operation 8 on task 20
50 Worker 3 processing task 2 requiring operations [4]
50 Worker 3 forwarding task 2
51 Worker 2 accepting task 6
51 Worker 4 accepting task 25
51 Worker 2 accepting task 20
51 Worker 1 accepting task 2
51 Worker 1 processing task 16 requiring operations [5, 4]
51 Worker 1 forwarding task 16
51 Worker 4 processing task 15 requiring operations [6]
51 Worker 4 forwarding task 15
51 Worker 2 processing task 24 requiring operations [4, 1]
51 Worker 2 performing operation 1 on task 24
51 Worker 3 processing task 23 requiring operations [2]
51 Worker 3 forwarding task 23
52 Generated task 26
52 Worker 0 accepting task 26
52 Worker 3 accepting task 16
52 Worker 1 accepting task 15
52 Worker 2 accepting task 24
52 Worker 4 accepting task 23
52 Worker 1 processing task 21 requiring operations [3, 7]
52 Worker 1 forwarding task 21
52 Worker 4 processing task 25 requiring operations [5, 1]
52 Worker 4 performing operation 5 on task 25
52 Worker 2 processing task 11 requiring operations [6]
52 Worker 2 performing operation 6 on task 11
52 Worker 3 processing task 16 requiring operations [5, 4]
52 Worker 3 forwarding task 16
52 Worker 0 processing task 26 requiring operations [8, 10, 7]
52 Worker 0 performing operation 7 on task 26
53 Worker 3 accepting task 21
53 Worker 4 accepting task 25
53 Task 11 completed!
53 Worker 4 accepting task 16
53 Worker 0 accepting task 26
53 Worker 1 processing task 22 requiring operations [5, 2]
53 Worker 1 forwarding task 22
53 Worker 4 processing task 23 requiring operations [2]
53 Worker 4 performing operation 2 on task 23
53 Worker 2 processing task 6 requiring operations [4]
53 Worker 2 forwarding task 6
53 Worker 3 processing task 21 requiring operations [3, 7]
53 Worker 3 performing operation 3 on task 21
53 Worker 0 processing task 26 requiring operations [8, 10]
53 Worker 0 forwarding task 26
54 Generated task 27
54 Worker 1 accepting task 27
54 Worker 3 accepting task 22
54 Task 23 completed!
54 Worker 0 accepting task 6
54 Worker 3 accepting task 21
54 Worker 3 accepting task 26
54 Worker 1 processing task 19 requiring operations [1]
54 Worker 1 forwarding task 19
54 Worker 4 processing task 25 requiring operations [1]
54 Worker 4 forwarding task 25
54 Worker 2 processing task 20 requiring operations [5]
54 Worker 2 forwarding task 20
54 Worker 3 processing task 22 requiring operations [5, 2]
54 Worker 3 forwarding task 22
54 Worker 0 processing task 6 requiring operations [4]
54 Worker 0 performing operation 4 on task 6
55 Worker 2 accepting task 19
55 Worker 3 accepting task 25
55 Worker 0 accepting task 20
55 Worker 0 accepting task 22
55 Task 6 completed!
55 Worker 1 processing task 14 requiring operations [7]
55 Worker 1 forwarding task 14
55 Worker 4 processing task 16 requiring operations [5, 4]
55 Worker 4 performing operation 5 on task 16
55 Worker 2 processing task 24 requiring operations [4]
55 Worker 2 forwarding task 24
55 Worker 3 processing task 21 requiring operations [7]
55 Worker 3 forwarding task 21
55 Worker 0 processing task 20 requiring operations [5]
55 Worker 0 forwarding task 20
56 Generated task 28
56 Worker 2 accepting task 28
56 Worker 3 accepting task 14
56 Worker 4 accepting task 16
56 Worker 0 accepting task 24
56 Worker 0 accepting task 21
56 Worker 3 accepting task 20
56 Worker 1 processing task 18 requiring operations [9]
56 Worker 1 forwarding task 18
56 Worker 4 processing task 16 requiring operations [4]
56 Worker 4 forwarding task 16
56 Worker 2 processing task 19 requiring operations [1]
56 Worker 2 performing operation 1 on task 19
56 Worker 3 processing task 26 requiring operations [8, 10]
56 Worker 3 performing operation 10 on task 26
56 Worker 0 processing task 22 requiring operations [5, 2]
56 Worker 0 forwarding task 22
57 Worker 4 accepting task 18
57 Worker 1 accepting task 16
57 Task 19 completed!
57 Worker 3 accepting task 26
57 Worker 3 accepting task 22
57 Worker 1 processing task 2 requiring operations [4]
57 Worker 1 forwarding task 2
57 Worker 4 processing task 18 requiring operations [9]
57 Worker 4 forwarding task 18
57 Worker 2 processing task 28 requiring operations [7, 10, 2]
57 Worker 2 performing operation 7 on task 28
57 Worker 3 processing task 25 requiring operations [1]
57 Worker 3 forwarding task 25
57 Worker 0 processing task 24 requiring operations [4]
57 Worker 0 performing operation 4 on task 24
58 Generated task 29
58 Worker 4 accepting task 29
58 Worker 2 accepting task 2
58 Worker 3 accepting task 18
58 Worker 2 accepting task 28
58 Worker 0 accepting task 25
58 Task 24 completed!
58 Worker 1 processing task 15 requiring operations [6]
58 Worker 1 forwarding task 15
58 Worker 4 processing task 29 requiring operations [10, 1, 4]
58 Worker 4 forwarding task 29
58 Worker 2 processing task 2 requiring operations [4]
58 Worker 2 forwarding task 2
58 Worker 3 processing task 14 requiring operations [7]
58 Worker 3 forwarding task 14
58 Worker 0 processing task 21 requiring operations [7]
58 Worker 0 performing operation 7 on task 21
59 Worker 3 accepting task 15
59 Worker 3 accepting task 29
59 Worker 1 accepting task 2
59 Worker 0 accepting task 14
59 Task 21 completed!
59 Worker 1 processing task 27 requiring operations [7, 4, 1]
59 Worker 1 forwarding task 27
59 Worker 2 processing task 28 requiring operations [10, 2]
59 Worker 2 performing operation 10 on task 28
59 Worker 3 processing task 20 requiring operations [5]
59 Worker 3 forwarding task 20
59 Worker 0 processing task 25 requiring operations [1]
59 Worker 0 forwarding task 25
60 Generated task 30
60 Worker 2 accepting task 30
60 Worker 2 accepting task 27
60 Worker 2 accepting task 28
60 Worker 0 accepting task 20
60 Worker 3 accepting task 25
60 Worker 1 processing task 16 requiring operations [4]
60 Worker 1 forwarding task 16
60 Worker 2 processing task 30 requiring operations [8, 2, 9]
60 Worker 2 performing operation 8 on task 30
60 Worker 3 processing task 26 requiring operations [8]
60 Worker 3 forwarding task 26
60 Worker 0 processing task 14 requiring operations [7]
60 Worker 0 performing operation 7 on task 14
61 Worker 2 accepting task 16
61 Worker 2 accepting task 30
61 Worker 4 accepting task 26
61 Task 14 completed!
61 Worker 1 processing task 2 requiring operations [4]
61 Worker 1 forwarding task 2
61 Worker 2 processing task 27 requiring operations [7, 4, 1]
61 Worker 2 performing operation 1 on task 27
61 Worker 3 processing task 22 requiring operations [5, 2]
61 Worker 3 forwarding task 22
61 Worker 0 processing task 20 requiring operations [5]
61 Worker 0 forwarding task 20
61 Worker 4 processing task 26 requiring operations [8]
61 Worker 4 forwarding task 26
62 Generated task 31
62 Worker 2 accepting task 31
62 Worker 4 accepting task 2
62 Worker 2 accepting task 27
62 Worker 4 accepting task 22
62 Worker 2 accepting task 20
62 Worker 1 accepting task 26
62 Worker 2 processing task 28 requiring operations [2]
62 Worker 2 forwarding task 28
62 Worker 3 processing task 18 requiring operations [9]
62 Worker 3 performing operation 9 on task 18
62 Worker 4 processing task 2 requiring operations [4]
62 Worker 4 forwarding task 2
62 Worker 1 processing task 26 requiring operations [8]
62 Worker 1 performing operation 8 on task 26
63 Worker 0 accepting task 28
63 Task 18 completed!
63 Worker 1 accepting task 2
63 Task 26 completed!
63 Worker 2 processing task 16 requiring operations [4]
63 Worker 2 forwarding task 16
63 Worker 3 processing task 15 requiring operations [6]
63 Worker 3 forwarding task 15
63 Worker 4 processing task 22 requiring operations [5, 2]
63 Worker 4 performing operation 2 on task 22
63 Worker 1 processing task 2 requiring operations [4]
63 Worker 1 forwarding task 2
63 Worker 0 processing task 28 requiring operations [2]
63 Worker 0 forwarding task 28
64 Generated task 32
64 Worker 2 accepting task 32
64 Worker 0 accepting task 16
64 Worker 4 accepting task 15
64 Worker 4 accepting task 22
64 Worker 3 accepting task 2
64 Worker 2 accepting task 28
64 Worker 2 processing task 30 requiring operations [2, 9]
64 Worker 2 forwarding task 30
64 Worker 3 processing task 29 requiring operations [10, 1, 4]
64 Worker 3 performing operation 10 on task 29
64 Worker 4 processing task 15 requiring operations [6]
64 Worker 4 forwarding task 15
64 Worker 0 processing task 16 requiring operations [4]
64 Worker 0 performing operation 4 on task 16
65 Worker 1 accepting task 30
65 Worker 3 accepting task 29
65 Worker 1 accepting task 15
65 Task 16 completed!
65 Worker 2 processing task 31 requiring operations [6, 8, 3]
65 Worker 2 performing operation 8 on task 31
65 Worker 3 processing task 25 requiring operations [1]
65 Worker 3 forwarding task 25
65 Worker 4 processing task 22 requiring operations [5]
65 Worker 4 performing operation 5 on task 22
65 Worker 1 processing task 30 requiring operations [2, 9]
65 Worker 1 forwarding task 30
66 Generated task 33
66 Worker 3 accepting task 33
66 Worker 2 accepting task 31
66 Worker 4 accepting task 25
66 Task 22 completed!
66 Worker 2 accepting task 30
66 Worker 2 processing task 27 requiring operations [7, 4]
66 Worker 2 performing operation 7 on task 27
66 Worker 3 processing task 2 requiring operations [4]
66 Worker 3 forwarding task 2
66 Worker 4 processing task 25 requiring operations [1]
66 Worker 4 forwarding task 25
66 Worker 1 processing task 15 requiring operations [6]
66 Worker 1 forwarding task 15
67 Worker 2 accepting task 27
67 Worker 0 accepting task 2
67 Worker 3 accepting task 25
67 Worker 4 accepting task 15
67 Worker 2 processing task 20 requiring operations [5]
67 Worker 2 forwarding task 20
67 Worker 3 processing task 29 requiring operations [1, 4]
67 Worker 3 forwarding task 29
67 Worker 0 processing task 2 requiring operations [4]
67 Worker 0 performing operation 4 on task 2
67 Worker 4 processing task 15 requiring operations [6]
67 Worker 4 forwarding task 15
68 Generated task 34
68 Worker 2 accepting task 34
68 Worker 0 accepting task 20
68 Worker 0 accepting task 29
68 Task 2 completed!
68 Worker 1 accepting task 15
68 Worker 2 processing task 32 requiring operations [8, 3, 9]
68 Worker 2 performing operation 8 on task 32
68 Worker 3 processing task 33 requiring operations [6, 3, 4]
68 Worker 3 performing operation 3 on task 33
68 Worker 0 processing task 20 requiring operations [5]
68 Worker 0 forwarding task 20
68 Worker 1 processing task 15 requiring operations [6]
68 Worker 1 forwarding task 15
69 Worker 2 accepting task 32
69 Worker 3 accepting task 33
69 Worker 3 accepting task 20
69 Worker 4 accepting task 15
69 Worker 2 processing task 28 requiring operations [2]
69 Worker 2 forwarding task 28
69 Worker 3 processing task 25 requiring operations [1]
69 Worker 3 forwarding task 25
69 Worker 0 processing task 29 requiring operations [1, 4]
69 Worker 0 performing operation 4 on task 29
69 Worker 4 processing task 15 requiring operations [6]
69 Worker 4 forwarding task 15
70 Generated task 35
70 Worker 0 accepting task 35
70 Worker 1 accepting task 28
70 Worker 0 accepting task 25
70 Worker 0 accepting task 29
70 Worker 3 accepting task 15
70 Worker 2 processing task 31 requiring operations [6, 3]
70 Worker 2 performing operation 6 on task 31
70 Worker 3 processing task 33 requiring operations [6, 4]
70 Worker 3 forwarding task 33
70 Worker 0 processing task 35 requiring operations [9, 1, 10]
70 Worker 0 forwarding task 35
70 Worker 1 processing task 28 requiring operations [2]
70 Worker 1 forwarding task 28
71 Worker 2 accepting task 31
71 Worker 1 accepting task 33
71 Worker 3 accepting task 35
71 Worker 4 accepting task 28
71 Worker 2 processing task 30 requiring operations [2, 9]
71 Worker 2 forwarding task 30
71 Worker 3 processing task 20 requiring operations [5]
71 Worker 3 forwarding task 20
71 Worker 0 processing task 25 requiring operations [1]
71 Worker 0 forwarding task 25
71 Worker 1 processing task 33 requiring operations [6, 4]
71 Worker 1 forwarding task 33
71 Worker 4 processing task 28 requiring operations [2]
71 Worker 4 performing operation 2 on task 28
72 Generated task 36
72 Worker 2 accepting task 36
72 Worker 1 accepting task 30
72 Worker 0 accepting task 20
72 Worker 3 accepting task 25
72 Worker 4 accepting task 33
72 Task 28 completed!
72 Worker 2 processing task 27 requiring operations [4]
72 Worker 2 forwarding task 27
72 Worker 3 processing task 15 requiring operations [6]
72 Worker 3 forwarding task 15
72 Worker 0 processing task 29 requiring operations [1]
72 Worker 0 forwarding task 29
72 Worker 1 processing task 30 requiring operations [2, 9]
72 Worker 1 forwarding task 30
72 Worker 4 processing task 33 requiring operations [6, 4]
72 Worker 4 forwarding task 33
73 Worker 0 accepting task 27
73 Worker 4 accepting task 15
73 Worker 2 accepting task 29
73 Worker 3 accepting task 30
73 Worker 3 accepting task 33
73 Worker 2 processing task 34 requiring operations [10, 5, 3]
73 Worker 2 performing operation 10 on task 34
73 Worker 3 processing task 35 requiring operations [9, 1, 10]
73 Worker 3 performing operation 9 on task 35
73 Worker 0 processing task 20 requiring operations [5]
73 Worker 0 forwarding task 20
73 Worker 4 processing task 15 requiring operations [6]
73 Worker 4 forwarding task 15
74 Generated task 37
74 Worker 0 accepting task 37
74 Worker 2 accepting task 34
74 Worker 3 accepting task 35
74 Worker 3 accepting task 20
74 Worker 1 accepting task 15
74 Worker 2 processing task 32 requiring operations [3, 9]
74 Worker 2 forwarding task 32
74 Worker 3 processing task 25 requiring operations [1]
74 Worker 3 forwarding task 25
74 Worker 0 processing task 27 requiring operations [4]
74 Worker 0 performing operation 4 on task 27
74 Worker 1 processing task 15 requiring operations [6]
74 Worker 1 forwarding task 15
75 Worker 0 accepting task 32
75 Worker 4 accepting task 25
75 Task 27 completed!
75 Worker 4 accepting task 15
75 Worker 2 processing task 31 requiring operations [3]
75 Worker 2 forwarding task 31
75 Worker 3 processing task 30 requiring operations [2, 9]
75 Worker 3 performing operation 9 on task 30
75 Worker 0 processing task 37 requiring operations [9, 6, 8]
75 Worker 0 forwarding task 37
75 Worker 4 processing task 25 requiring operations [1]
75 Worker 4 forwarding task 25
76 Generated task 38
76 Worker 3 accepting task 38
76 Worker 1 accepting task 31
76 Worker 3 accepting task 30
76 Worker 3 accepting task 37
76 Worker 3 accepting task 25
76 Worker 2 processing task 36 requiring operations [9, 1, 6]
76 Worker 2 performing operation 6 on task 36
76 Worker 3 processing task 33 requiring operations [6, 4]
76 Worker 3 forwarding task 33
76 Worker 0 processing task 32 requiring operations [3, 9]
76 Worker 0 performing operation 3 on task 32
76 Worker 4 processing task 15 requiring operations [6]
76 Worker 4 forwarding task 15
76 Worker 1 processing task 31 requiring operations [3]
76 Worker 1 forwarding task 31
77 Worker 2 accepting task 36
77 Worker 4 accepting task 33
77 Worker 0 accepting task 32
77 Worker 1 accepting task 15
77 Worker 2 accepting task 31
77 Worker 2 processing task 29 requiring operations [1]
77 Worker 2 performing operation 1 on task 29
77 Worker 3 processing task 35 requiring operations [1, 10]
77 Worker 3 performing operation 10 on task 35
77 Worker 0 processing task 32 requiring operations [9]
77 Worker 0 forwarding task 32
77 Worker 4 processing task 33 requiring operations [6, 4]
77 Worker 4 forwarding task 33
77 Worker 1 processing task 15 requiring operations [6]
77 Worker 1 forwarding task 15
78 Generated task 39
78 Worker 2 accepting task 39
78 Task 29 completed!
78 Worker 3 accepting task 35
78 Worker 2 accepting task 32
78 Worker 3 accepting task 33
78 Worker 4 accepting task 15
78 Worker 2 processing task 34 requiring operations [5, 3]
78 Worker 2 forwarding task 34
78 Worker 3 processing task 20 requiring operations [5]
78 Worker 3 forwarding task 20
78 Worker 4 processing task 15 requiring operations [6]
78 Worker 4 forwarding task 15
79 Worker 0 accepting task 34
79 Worker 0 accepting task 20
79 Worker 3 accepting task 15
79 Worker 2 processing task 36 requiring operations [9, 1]
79 Worker 2 performing operation 1 on task 36
79 Worker 3 processing task 38 requiring operations [6, 5, 9]
79 Worker 3 performing operation 9 on task 38
79 Worker 0 processing task 34 requiring operations [5, 3]
79 Worker 0 performing operation 3 on task 34
80 Generated task 40
80 Worker 4 accepting task 40
80 Worker 2 accepting task 36
80 Worker 3 accepting task 38
80 Worker 0 accepting task 34
80 Worker 2 processing task 31 requiring operations [3]
80 Worker 2 forwarding task 31
80 Worker 3 processing task 30 requiring operations [2]
80 Worker 3 forwarding task 30
80 Worker 0 processing task 20 requiring operations [5]
80 Worker 0 forwarding task 20
80 Worker 4 processing task 40 requiring operations [10, 2, 1]
80 Worker 4 performing operation 2 on task 40
81 Worker 0 accepting task 31
81 Worker 0 accepting task 30
81 Worker 2 accepting task 20
81 Worker 4 accepting task 40
81 Worker 2 processing task 39 requiring operations [10, 5, 9]
81 Worker 2 performing operation 10 on task 39
81 Worker 3 processing task 37 requiring operations [9, 6, 8]
81 Worker 3 performing operation 9 on task 37
81 Worker 0 processing task 34 requiring operations [5]
81 Worker 0 forwarding task 34
81 Worker 4 processing task 40 requiring operations [10, 1]
81 Worker 4 forwarding task 40
82 Generated task 41
82 Worker 1 accepting task 41
82 Worker 2 accepting task 39
82 Worker 3 accepting task 37
82 Worker 2 accepting task 34
82 Worker 1 accepting task 40
82 Worker 2 processing task 32 requiring operations [9]
82 Worker 2 forwarding task 32
82 Worker 3 processing task 25 requiring operations [1]
82 Worker 3 forwarding task 25
82 Worker 0 processing task 31 requiring operations [3]
82 Worker 0 performing operation 3 on task 31
82 Worker 1 processing task 41 requiring operations [5, 1, 8]
82 Worker 1 performing operation 8 on task 41
83 Worker 1 accepting task 32
83 Worker 1 accepting task 25
83 Task 31 completed!
83 Worker 1 accepting task 41
83 Worker 2 processing task 36 requiring operations [9]
83 Worker 2 forwarding task 36
83 Worker 3 processing task 35 requiring operations [1]
83 Worker 3 forwarding task 35
83 Worker 0 processing task 30 requiring operations [2]
83 Worker 0 forwarding task 30
83 Worker 1 processing task 40 requiring operations [10, 1]
83 Worker 1 forwarding task 40
84 Generated task 42
84 Worker 2 accepting task 42
84 Worker 1 accepting task 36
84 Worker 4 accepting task 35
84 Worker 2 accepting task 30
84 Worker 2 accepting task 40
84 Worker 2 processing task 20 requiring operations [5]
84 Worker 2 forwarding task 20
84 Worker 3 processing task 33 requiring operations [6, 4]
84 Worker 3 forwarding task 33
84 Worker 1 processing task 32 requiring operations [9]
84 Worker 1 forwarding task 32
84 Worker 4 processing task 35 requiring operations [1]
84 Worker 4 forwarding task 35
85 Worker 0 accepting task 20
85 Worker 4 accepting task 33
85 Worker 2 accepting task 32
85 Worker 1 accepting task 35
85 Worker 2 processing task 39 requiring operations [5, 9]
85 Worker 2 forwarding task 39
85 Worker 3 processing task 15 requiring operations [6]
85 Worker 3 forwarding task 15
85 Worker 1 processing task 25 requiring operations [1]
85 Worker 1 forwarding task 25
85 Worker 4 processing task 33 requiring operations [6, 4]
85 Worker 4 forwarding task 33
85 Worker 0 processing task 20 requiring operations [5]
85 Worker 0 forwarding task 20
86 Generated task 43
86 Worker 2 accepting task 43
86 Worker 0 accepting task 39
86 Worker 4 accepting task 15
86 Worker 4 accepting task 25
86 Worker 1 accepting task 33
86 Worker 3 accepting task 20
86 Worker 2 processing task 34 requiring operations [5]
86 Worker 2 forwarding task 34
86 Worker 3 processing task 38 requiring operations [6, 5]
86 Worker 3 forwarding task 38
86 Worker 1 processing task 41 requiring operations [5, 1]
86 Worker 1 forwarding task 41
86 Worker 4 processing task 15 requiring operations [6]
86 Worker 4 forwarding task 15
86 Worker 0 processing task 39 requiring operations [5, 9]
86 Worker 0 forwarding task 39
87 Worker 1 accepting task 34
87 Worker 0 accepting task 38
87 Worker 4 accepting task 41
87 Worker 3 accepting task 15
87 Worker 3 accepting task 39
87 Worker 2 processing task 42 requiring operations [4, 10, 1]
87 Worker 2 performing operation 10 on task 42
87 Worker 3 processing task 37 requiring operations [6, 8]
87 Worker 3 forwarding task 37
87 Worker 1 processing task 36 requiring operations [9]
87 Worker 1 forwarding task 36
87 Worker 4 processing task 25 requiring operations [1]
87 Worker 4 forwarding task 25
87 Worker 0 processing task 38 requiring operations [6, 5]
87 Worker 0 forwarding task 38
88 Generated task 44
88 Worker 4 accepting task 44
88 Worker 2 accepting task 42
88 Worker 1 accepting task 37
88 Worker 2 accepting task 36
88 Worker 3 accepting task 25
88 Worker 3 accepting task 38
88 Worker 2 processing task 30 requiring operations [2]
88 Worker 2 forwarding task 30
88 Worker 3 processing task 20 requiring operations [5]
88 Worker 3 forwarding task 20
88 Worker 1 processing task 35 requiring operations [1]
88 Worker 1 forwarding task 35
88 Worker 4 processing task 41 requiring operations [5, 1]
88 Worker 4 performing operation 5 on task 41
89 Worker 1 accepting task 30
89 Worker 0 accepting task 20
89 Worker 4 accepting task 35
89 Worker 4 accepting task 41
89 Worker 2 processing task 40 requiring operations [10, 1]
89 Worker 2 performing operation 10 on task 40
89 Worker 3 processing task 15 requiring operations [6]
89 Worker 3 forwarding task 15
89 Worker 1 processing task 33 requiring operations [6, 4]
89 Worker 1 forwarding task 33
89 Worker 4 processing task 44 requiring operations [2, 10, 1]
89 Worker 4 performing operation 2 on task 44
89 Worker 0 processing task 20 requiring operations [5]
89 Worker 0 forwarding task 20
90 Generated task 45
90 Worker 1 accepting task 45
90 Worker 2 accepting task 40
90 Worker 4 accepting task 15
90 Worker 2 accepting task 33
90 Worker 4 accepting task 44
90 Worker 2 accepting task 20
90 Worker 2 processing task 32 requiring operations [9]
90 Worker 2 forwarding task 32
90 Worker 3 processing task 39 requiring operations [5, 9]
90 Worker 3 performing operation 9 on task 39
90 Worker 1 processing task 34 requiring operations [5]
90 Worker 1 forwarding task 34
90 Worker 4 processing task 35 requiring operations [1]
90 Worker 4 forwarding task 35
91 Worker 0 accepting task 32
91 Worker 3 accepting task 39
91 Worker 3 accepting task 34
91 Worker 3 accepting task 35
91 Worker 2 processing task 43 requiring operations [5, 1, 10]
91 Worker 2 performing operation 1 on task 43
91 Worker 3 processing task 25 requiring operations [1]
91 Worker 3 forwarding task 25
91 Worker 1 processing task 37 requiring operations [6, 8]
91 Worker 1 performing operation 8 on task 37
91 Worker 4 processing task 41 requiring operations [1]
91 Worker 4 forwarding task 41
91 Worker 0 processing task 32 requiring operations [9]
91 Worker 0 forwarding task 32
92 Generated task 46
92 Worker 3 accepting task 46
92 Worker 2 accepting task 43
92 Worker 4 accepting task 25
92 Worker 1 accepting task 37
92 Worker 3 accepting task 41
92 Worker 2 accepting task 32
92 Worker 2 processing task 42 requiring operations [4, 1]
92 Worker 2 performing operation 1 on task 42
92 Worker 3 processing task 38 requiring operations [6, 5]
92 Worker 3 forwarding task 38
92 Worker 1 processing task 30 requiring operations [2]
92 Worker 1 forwarding task 30
92 Worker 4 processing task 15 requiring operations [6]
92 Worker 4 forwarding task 15
93 Worker 2 accepting task 42
93 Worker 4 accepting task 38
93 Worker 3 accepting task 30
93 Worker 1 accepting task 15
93 Worker 2 processing task 36 requiring operations [9]
93 Worker 2 forwarding task 36
93 Worker 3 processing task 39 requiring operations [5]
93 Worker 3 forwarding task 39
93 Worker 1 processing task 45 requiring operations [6, 10, 1]
93 Worker 1 forwarding task 45
93 Worker 4 processing task 44 requiring operations [10, 1]
93 Worker 4 forwarding task 44
94 Generated task 47
94 Worker 1 accepting task 47
94 Worker 1 accepting task 36
94 Worker 0 accepting task 39
94 Worker 3 accepting task 45
94 Worker 3 accepting task 44
94 Worker 2 processing task 40 requiring operations [1]
94 Worker 2 performing operation 1 on task 40
94 Worker 3 processing task 34 requiring operations [5]
94 Worker 3 forwarding task 34
94 Worker 1 processing task 37 requiring operations [6]
94 Worker 1 forwarding task 37
94 Worker 4 processing task 25 requiring operations [1]
94 Worker 4 forwarding task 25
94 Worker 0 processing task 39 requiring operations [5]
94 Worker 0 forwarding task 39
95 Task 40 completed!
95 Worker 4 accepting task 34
95 Worker 4 accepting task 37
95 Worker 3 accepting task 25
95 Worker 2 accepting task 39
95 Worker 2 processing task 33 requiring operations [6, 4]
95 Worker 2 performing operation 6 on task 33
95 Worker 3 processing task 35 requiring operations [1]
95 Worker 3 forwarding task 35
95 Worker 1 processing task 15 requiring operations [6]
95 Worker 1 forwarding task 15
95 Worker 4 processing task 38 requiring operations [6, 5]
95 Worker 4 performing operation 5 on task 38
96 Generated task 48
96 Worker 2 accepting task 48
96 Worker 2 accepting task 33
96 Worker 1 accepting task 35
96 Worker 2 accepting task 15
96 Worker 4 accepting task 38
96 Worker 2 processing task 20 requiring operations [5]
96 Worker 2 forwarding task 20
96 Worker 3 processing task 46 requiring operations [7, 8, 9]
96 Worker 3 performing operation 9 on task 46
96 Worker 1 processing task 47 requiring operations [7, 4, 8]
96 Worker 1 performing operation 8 on task 47
96 Worker 4 processing task 34 requiring operations [5]
96 Worker 4 performing operation 5 on task 34
97 Worker 0 accepting task 20
97 Worker 3 accepting task 46
97 Worker 1 accepting task 47
97 Task 34 completed!
97 Worker 2 processing task 43 requiring operations [5, 10]
97 Worker 2 performing operation 10 on task 43
97 Worker 3 processing task 41 requiring operations [1]
97 Worker 3 forwarding task 41
97 Worker 1 processing task 36 requiring operations [9]
97 Worker 1 forwarding task 36
97 Worker 4 processing task 37 requiring operations [6]
97 Worker 4 forwarding task 37
97 Worker 0 processing task 20 requiring operations [5]
97 Worker 0 forwarding task 20
98 Generated task 49
98 Worker 4 accepting task 49
98 Worker 2 accepting task 43
98 Worker 4 accepting task 41
98 Worker 2 accepting task 36
98 Worker 1 accepting task 37
98 Worker 3 accepting task 20
98 Worker 2 processing task 32 requiring operations [9]
98 Worker 2 forwarding task 32
98 Worker 3 processing task 30 requiring operations [2]
98 Worker 3 forwarding task 30
98 Worker 1 processing task 35 requiring operations [1]
98 Worker 1 forwarding task 35
98 Worker 4 processing task 38 requiring operations [6]
98 Worker 4 forwarding task 38
99 Worker 1 accepting task 32
99 Worker 0 accepting task 30
99 Worker 2 accepting task 35
99 Worker 1 accepting task 38
99 Worker 2 processing task 42 requiring operations [4]
99 Worker 2 forwarding task 42
99 Worker 3 processing task 45 requiring operations [6, 10, 1]
99 Worker 3 performing operation 10 on task 45
99 Worker 1 processing task 47 requiring operations [7, 4]
99 Worker 1 forwarding task 47
99 Worker 4 processing task 49 requiring operations [8, 4, 9]
99 Worker 4 forwarding task 49
99 Worker 0 processing task 30 requiring operations [2]
99 Worker 0 forwarding task 30
100 Generated task 50
100 Worker 1 accepting task 50
100 Worker 0 accepting task 42
100 Worker 3 accepting task 45
100 Worker 2 accepting task 47
100 Worker 1 accepting task 49
100 Worker 2 accepting task 30
100 Worker 2 processing task 39 requiring operations [5]
100 Worker 2 forwarding task 39
100 Worker 3 processing task 44 requiring operations [10, 1]
100 Worker 3 performing operation 10 on task 44
100 Worker 1 processing task 37 requiring operations [6]
100 Worker 1 forwarding task 37
100 Worker 4 processing task 41 requiring operations [1]
100 Worker 4 forwarding task 41
100 Worker 0 processing task 42 requiring operations [4]
100 Worker 0 performing operation 4 on task 42
101 Worker 1 accepting task 39
101 Worker 3 accepting task 44
101 Worker 3 accepting task 37
101 Worker 3 accepting task 41
101 Task 42 completed!
101 Worker 2 processing task 48 requiring operations [2, 9, 8]
101 Worker 2 performing operation 8 on task 48
101 Worker 3 processing task 25 requiring operations [1]
101 Worker 3 forwarding task 25
101 Worker 1 processing task 32 requiring operations [9]
101 Worker 1 forwarding task 32
102 Generated task 51
102 Worker 0 accepting task 51
102 Worker 2 accepting task 48
102 Worker 4 accepting task 25
102 Worker 4 accepting task 32
102 Worker 2 processing task 33 requiring operations [4]
102 Worker 2 forwarding task 33
102 Worker 3 processing task 46 requiring operations [7, 8]
102 Worker 3 forwarding task 46
102 Worker 1 processing task 38 requiring operations [6]
102 Worker 1 forwarding task 38
102 Worker 0 processing task 51 requiring operations [5, 10, 7]
102 Worker 0 performing operation 7 on task 51
102 Worker 4 processing task 25 requiring operations [1]
102 Worker 4 forwarding task 25
103 Worker 1 accepting task 33
103 Worker 4 accepting task 46
103 Worker 2 accepting task 38
103 Worker 0 accepting task 51
103 Worker 3 accepting task 25
103 Worker 2 processing task 15 requiring operations [6]
103 Worker 2 performing operation 6 on task 15
103 Worker 3 processing task 20 requiring operations [5]
103 Worker 3 forwarding task 20
103 Worker 1 processing task 50 requiring operations [4, 2, 6]
103 Worker 1 forwarding task 50
103 Worker 0 processing task 51 requiring operations [5, 10]
103 Worker 0 forwarding task 51
103 Worker 4 processing task 32 requiring operations [9]
103 Worker 4 forwarding task 32
104 Generated task 52
104 Worker 1 accepting task 52
104 Task 15 completed!
104 Worker 0 accepting task 20
104 Worker 2 accepting task 50
104 Worker 3 accepting task 51
104 Worker 1 accepting task 32
104 Worker 2 processing task 43 requiring operations [5]
104 Worker 2 forwarding task 43
104 Worker 3 processing task 45 requiring operations [6, 1]
104 Worker 3 forwarding task 45
104 Worker 1 processing task 49 requiring operations [8, 4, 9]
104 Worker 1 performing operation 8 on task 49
104 Worker 0 processing task 20 requiring operations [5]
104 Worker 0 forwarding task 20
104 Worker 4 processing task 46 requiring operations [7, 8]
104 Worker 4 forwarding task 46
105 Worker 1 accepting task 43
105 Worker 0 accepting task 45
105 Worker 1 accepting task 49
105 Worker 2 accepting task 20
105 Worker 3 accepting task 46
105 Worker 2 processing task 36 requiring operations [9]
105 Worker 2 forwarding task 36
105 Worker 3 processing task 44 requiring operations [1]
105 Worker 3 forwarding task 44
105 Worker 1 processing task 39 requiring operations [5]
105 Worker 1 forwarding task 39
105 Worker 0 processing task 45 requiring operations [6, 1]
105 Worker 0 forwarding task 45
106 Generated task 53
106 Worker 3 accepting task 53
106 Worker 1 accepting task 36
106 Worker 0 accepting task 44
106 Worker 3 accepting task 39
106 Worker 3 accepting task 45
106 Worker 2 processing task 35 requiring operations [1]
106 Worker 2 performing operation 1 on task 35
106 Worker 3 processing task 37 requiring operations [6]
106 Worker 3 forwarding task 37
106 Worker 1 processing task 33 requiring operations [4]
106 Worker 1 forwarding task 33
106 Worker 0 processing task 44 requiring operations [1]
106 Worker 0 forwarding task 44
107 Task 35 completed!
107 Worker 1 accepting task 37
107 Worker 4 accepting task 33
107 Worker 2 accepting task 44
107 Worker 2 processing task 47 requiring operations [7, 4]
107 Worker 2 performing operation 7 on task 47
107 Worker 3 processing task 41 requiring operations [1]
107 Worker 3 forwarding task 41
107 Worker 1 processing task 52 requiring operations [10, 8, 7]
107 Worker 1 performing operation 8 on task 52
107 Worker 4 processing task 33 requiring operations [4]
107 Worker 4 forwarding task 33
108 Generated task 54
108 Worker 4 accepting task 54
108 Worker 2 accepting task 47
108 Worker 4 accepting task 41
108 Worker 1 accepting task 52
108 Worker 3 accepting task 33
108 Worker 2 processing task 30 requiring operations [2]
108 Worker 2 forwarding task 30
108 Worker 3 processing task 25 requiring operations [1]
108 Worker 3 forwarding task 25
108 Worker 1 processing task 32 requiring operations [9]
108 Worker 1 forwarding task 32
108 Worker 4 processing task 54 requiring operations [4, 9, 10]
108 Worker 4 forwarding task 54
109 Worker 0 accepting task 30
109 Worker 1 accepting task 25
109 Worker 2 accepting task 32
109 Worker 1 accepting task 54
109 Worker 2 processing task 48 requiring operations [2, 9]
109 Worker 2 forwarding task 48
109 Worker 3 processing task 51 requiring operations [5, 10]
109 Worker 3 performing operation 10 on task 51
109 Worker 1 processing task 43 requiring operations [5]
109 Worker 1 forwarding task 43
109 Worker 4 processing task 41 requiring operations [1]
109 Worker 4 forwarding task 41
109 Worker 0 processing task 30 requiring operations [2]
109 Worker 0 forwarding task 30
110 Generated task 55
110 Worker 4 accepting task 55
110 Worker 1 accepting task 48
110 Worker 3 accepting task 51
110 Worker 3 accepting task 43
110 Worker 1 accepting task 41
110 Worker 3 accepting task 30
110 Worker 2 processing task 38 requiring operations [6]
110 Worker 2 performing operation 6 on task 38
110 Worker 3 processing task 46 requiring operations [7, 8]
110 Worker 3 forwarding task 46
110 Worker 1 processing task 49 requiring operations [4, 9]
110 Worker 1 forwarding task 49
110 Worker 4 processing task 55 requiring operations [10, 4, 9]
110 Worker 4 forwarding task 55
111 Task 38 completed!
111 Worker 4 accepting task 46
111 Worker 2 accepting task 49
111 Worker 3 accepting task 55
111 Worker 2 processing task 50 requiring operations [4, 2, 6]
111 Worker 2 performing operation 6 on task 50
111 Worker 3 processing task 53 requiring operations [1, 5, 10]
111 Worker 3 performing operation 10 on task 53
111 Worker 1 processing task 36 requiring operations [9]
111 Worker 1 forwarding task 36
111 Worker 4 processing task 46 requiring operations [7, 8]
111 Worker 4 forwarding task 46
112 Generated task 56
112 Worker 3 accepting task 56
112 Worker 2 accepting task 50
112 Worker 3 accepting task 53
112 Worker 2 accepting task 36
112 Worker 1 accepting task 46
112 Worker 2 processing task 20 requiring operations [5]
112 Worker 2 forwarding task 20
112 Worker 3 processing task 39 requiring operations [5]
112 Worker 3 forwarding task 39
112 Worker 1 processing task 37 requiring operations [6]
112 Worker 1 forwarding task 37
113 Worker 0 accepting task 20
113 Worker 0 accepting task 39
113 Worker 4 accepting task 37
113 Worker 2 processing task 44 requiring operations [1]
113 Worker 2 performing operation 1 on task 44
113 Worker 3 processing task 45 requiring operations [6, 1]
113 Worker 3 forwarding task 45
113 Worker 1 processing task 52 requiring operations [10, 7]
113 Worker 1 forwarding task 52
113 Worker 0 processing task 20 requiring operations [5]
113 Worker 0 forwarding task 20
113 Worker 4 processing task 37 requiring operations [6]
113 Worker 4 forwarding task 37
114 Generated task 57
114 Worker 2 accepting task 57
114 Task 44 completed!
114 Worker 4 accepting task 45
114 Worker 2 accepting task 52
114 Worker 3 accepting task 20
114 Worker 3 accepting task 37
114 Worker 2 processing task 47 requiring operations [4]
114 Worker 2 forwarding task 47
114 Worker 3 processing task 33 requiring operations [4]
114 Worker 3 forwarding task 33
114 Worker 1 processing task 25 requiring operations [1]
114 Worker 1 forwarding task 25
114 Worker 0 processing task 39 requiring operations [5]
114 Worker 0 forwarding task 39
114 Worker 4 processing task 45 requiring operations [6, 1]
114 Worker 4 forwarding task 45
115 Worker 0 accepting task 47
115 Worker 1 accepting task 33
115 Worker 4 accepting task 25
115 Worker 3 accepting task 39
115 Worker 1 accepting task 45
115 Worker 2 processing task 32 requiring operations [9]
115 Worker 2 forwarding task 32
115 Worker 3 processing task 51 requiring operations [5]
115 Worker 3 forwarding task 51
115 Worker 1 processing task 54 requiring operations [4, 9, 10]
115 Worker 1 forwarding task 54
115 Worker 0 processing task 47 requiring operations [4]
115 Worker 0 performing operation 4 on task 47
115 Worker 4 processing task 25 requiring operations [1]
115 Worker 4 forwarding task 25
116 Generated task 58
116 Worker 3 accepting task 58
116 Worker 0 accepting task 32
116 Worker 4 accepting task 51
116 Worker 2 accepting task 54
116 Task 47 completed!
116 Worker 3 accepting task 25
116 Worker 2 processing task 49 requiring operations [4, 9]
116 Worker 2 forwarding task 49
116 Worker 3 processing task 43 requiring operations [5]
116 Worker 3 forwarding task 43
116 Worker 1 processing task 48 requiring operations [2, 9]
116 Worker 1 forwarding task 48
116 Worker 0 processing task 32 requiring operations [9]
116 Worker 0 forwarding task 32
116 Worker 4 processing task 51 requiring operations [5]
116 Worker 4 performing operation 5 on task 51
117 Worker 1 accepting task 49
117 Worker 4 accepting task 43
117 Worker 3 accepting task 48
117 Worker 2 accepting task 32
117 Task 51 completed!
117 Worker 2 processing task 50 requiring operations [4, 2]
117 Worker 2 forwarding task 50
117 Worker 3 processing task 30 requiring operations [2]
117 Worker 3 forwarding task 30
117 Worker 1 processing task 41 requiring operations [1]
117 Worker 1 forwarding task 41
117 Worker 4 processing task 43 requiring operations [5]
117 Worker 4 performing operation 5 on task 43
118 Generated task 59
118 Worker 3 accepting task 59
118 Worker 0 accepting task 50
118 Worker 1 accepting task 30
118 Worker 2 accepting task 41
118 Task 43 completed!
118 Worker 2 processing task 36 requiring operations [9]
118 Worker 2 forwarding task 36
118 Worker 3 processing task 55 requiring operations [10, 4, 9]
118 Worker 3 performing operation 9 on task 55
118 Worker 1 processing task 46 requiring operations [7, 8]
118 Worker 1 performing operation 8 on task 46
118 Worker 0 processing task 50 requiring operations [4, 2]
118 Worker 0 performing operation 4 on task 50
119 Worker 0 accepting task 36
119 Worker 3 accepting task 55
119 Worker 1 accepting task 46
119 Worker 0 accepting task 50
119 Worker 2 processing task 57 requiring operations [5, 6, 7]
119 Worker 2 performing operation 7 on task 57
119 Worker 3 processing task 56 requiring operations [9, 1, 3]
119 Worker 3 performing operation 3 on task 56
119 Worker 1 processing task 33 requiring operations [4]
119 Worker 1 forwarding task 33
119 Worker 0 processing task 36 requiring operations [9]
119 Worker 0 forwarding task 36
120 Generated task 60
120 Worker 0 accepting task 60
120 Worker 2 accepting task 57
120 Worker 3 accepting task 56
120 Worker 2 accepting task 33
120 Worker 2 accepting task 36
120 Worker 2 processing task 52 requiring operations [10, 7]
120 Worker 2 performing operation 7 on task 52
120 Worker 3 processing task 53 requiring operations [1, 5]
120 Worker 3 forwarding task 53
120 Worker 1 processing task 45 requiring operations [6, 1]
120 Worker 1 forwarding task 45
120 Worker 0 processing task 50 requiring operations [2]
120 Worker 0 forwarding task 50
121 Worker 2 accepting task 52
121 Worker 4 accepting task 53
121 Worker 3 accepting task 45
121 Worker 3 accepting task 50
121 Worker 2 processing task 54 requiring operations [4, 9, 10]
121 Worker 2 performing operation 10 on task 54
121 Worker 3 processing task 20 requiring operations [5]
121 Worker 3 forwarding task 20
121 Worker 1 processing task 49 requiring operations [4, 9]
121 Worker 1 forwarding task 49
121 Worker 0 processing task 60 requiring operations [2, 3, 6]
121 Worker 0 performing operation 3 on task 60
121 Worker 4 processing task 53 requiring operations [1, 5]
121 Worker 4 performing operation 5 on task 53
122 Generated task 61
122 Worker 4 accepting task 61
122 Worker 2 accepting task 54
122 Worker 1 accepting task 20
122 Worker 3 accepting task 49
122 Worker 0 accepting task 60
122 Worker 4 accepting task 53
122 Worker 2 processing task 32 requiring operations [9]
122 Worker 2 forwarding task 32
122 Worker 3 processing task 37 requiring operations [6]
122 Worker 3 forwarding task 37
122 Worker 1 processing task 30 requiring operations [2]
122 Worker 1 forwarding task 30
122 Worker 0 processing task 60 requiring operations [2, 6]
122 Worker 0 forwarding task 60
122 Worker 4 processing task 61 requiring operations [10, 5, 6]
122 Worker 4 performing operation 5 on task 61
123 Worker 0 accepting task 32
123 Worker 4 accepting task 37
123 Worker 2 accepting task 30
123 Worker 3 accepting task 60
123 Worker 4 accepting task 61
123 Worker 2 processing task 41 requiring operations [1]
123 Worker 2 performing operation 1 on task 41
123 Worker 3 processing task 39 requiring operations [5]
123 Worker 3 forwarding task 39
123 Worker 1 processing task 46 requiring operations [7]
123 Worker 1 forwarding task 46
123 Worker 0 processing task 32 requiring operations [9]
123 Worker 0 forwarding task 32
123 Worker 4 processing task 53 requiring operations [1]
123 Worker 4 forwarding task 53
124 Generated task 62
124 Worker 1 accepting task 62
124 Task 41 completed!
124 Worker 0 accepting task 39
124 Worker 4 accepting task 46
124 Worker 2 accepting task 32
124 Worker 3 accepting task 53
124 Worker 2 processing task 57 requiring operations [5, 6]
124 Worker 2 performing operation 6 on task 57
124 Worker 3 processing task 58 requiring operations [3, 8, 6]
124 Worker 3 performing operation 3 on task 58
124 Worker 1 processing task 20 requiring operations [5]
124 Worker 1 forwarding task 20
124 Worker 0 processing task 39 requiring operations [5]
124 Worker 0 forwarding task 39
124 Worker 4 processing task 37 requiring operations [6]
124 Worker 4 forwarding task 37
125 Worker 2 accepting task 57
125 Worker 3 accepting task 58
125 Worker 3 accepting task 20
125 Worker 3 accepting task 39
125 Worker 1 accepting task 37
125 Worker 2 processing task 33 requiring operations [4]
125 Worker 2 forwarding task 33
125 Worker 3 processing task 25 requiring operations [1]
125 Worker 3 forwarding task 25
125 Worker 1 processing task 62 requiring operations [1, 10, 2]
125 Worker 1 forwarding task 62
125 Worker 4 processing task 61 requiring operations [10, 6]
125 Worker 4 forwarding task 61
126 Generated task 63
126 Worker 4 accepting task 63
126 Worker 1 accepting task 33
126 Worker 0 accepting task 25
126 Worker 2 accepting task 62
126 Worker 3 accepting task 61
126 Worker 2 processing task 36 requiring operations [9]
126 Worker 2 forwarding task 36
126 Worker 3 processing task 48 requiring operations [2, 9]
126 Worker 3 performing operation 9 on task 48
126 Worker 1 processing task 37 requiring operations [6]
126 Worker 1 forwarding task 37
126 Worker 4 processing task 46 requiring operations [7]
126 Worker 4 forwarding task 46
126 Worker 0 processing task 25 requiring operations [1]
126 Worker 0 forwarding task 25
127 Worker 0 accepting task 36
127 Worker 3 accepting task 48
127 Worker 2 accepting task 37
127 Worker 3 accepting task 46
127 Worker 2 accepting task 25
127 Worker 2 processing task 52 requiring operations [10]
127 Worker 2 performing operation 10 on task 52
127 Worker 3 processing task 59 requiring operations [6, 3, 4]
127 Worker 3 performing operation 3 on task 59
127 Worker 1 processing task 33 requiring operations [4]
127 Worker 1 forwarding task 33
127 Worker 4 processing task 63 requiring operations [2, 8, 5]
127 Worker 4 performing operation 2 on task 63
127 Worker 0 processing task 36 requiring operations [9]
127 Worker 0 forwarding task 36
128 Generated task 64
128 Worker 0 accepting task 64
128 Task 52 completed!
128 Worker 3 accepting task 59
128 Worker 2 accepting task 33
128 Worker 4 accepting task 63
128 Worker 2 accepting task 36
128 Worker 2 processing task 54 requiring operations [4, 9]
128 Worker 2 forwarding task 54
128 Worker 3 processing task 55 requiring operations [10, 4]
128 Worker 3 performing operation 10 on task 55
128 Worker 4 processing task 63 requiring operations [8, 5]
128 Worker 4 performing operation 5 on task 63
128 Worker 0 processing task 64 requiring operations [3, 10, 9]
128 Worker 0 performing operation 3 on task 64
129 Worker 0 accepting task 54
129 Worker 3 accepting task 55
129 Worker 4 accepting task 63
129 Worker 0 accepting task 64
129 Worker 2 processing task 30 requiring operations [2]
129 Worker 2 forwarding task 30
129 Worker 3 processing task 56 requiring operations [9, 1]
129 Worker 3 performing operation 9 on task 56
129 Worker 4 processing task 63 requiring operations [8]
129 Worker 4 forwarding task 63
129 Worker 0 processing task 54 requiring operations [4, 9]
129 Worker 0 performing operation 4 on task 54
130 Generated task 65
130 Worker 0 accepting task 65
130 Worker 0 accepting task 30
130 Worker 3 accepting task 56
130 Worker 1 accepting task 63
130 Worker 0 accepting task 54
130 Worker 2 processing task 32 requiring operations [9]
130 Worker 2 forwarding task 32
130 Worker 3 processing task 45 requiring operations [6, 1]
130 Worker 3 forwarding task 45
130 Worker 0 processing task 64 requiring operations [10, 9]
130 Worker 0 forwarding task 64
130 Worker 1 processing task 63 requiring operations [8]
130 Worker 1 performing operation 8 on task 63
131 Worker 0 accepting task 32
131 Worker 1 accepting task 45
131 Worker 2 accepting task 64
131 Task 63 completed!
131 Worker 2 processing task 57 requiring operations [5]
131 Worker 2 forwarding task 57
131 Worker 3 processing task 50 requiring operations [2]
131 Worker 3 forwarding task 50
131 Worker 0 processing task 65 requiring operations [9, 2, 10]
131 Worker 0 forwarding task 65
131 Worker 1 processing task 45 requiring operations [6, 1]
131 Worker 1 forwarding task 45
132 Generated task 66
132 Worker 4 accepting task 66
132 Worker 1 accepting task 57
132 Worker 0 accepting task 50
132 Worker 2 accepting task 65
132 Worker 3 accepting task 45
132 Worker 2 processing task 62 requiring operations [1, 10, 2]
132 Worker 2 performing operation 10 on task 62
132 Worker 3 processing task 49 requiring operations [4, 9]
132 Worker 3 performing operation 9 on task 49
132 Worker 0 processing task 30 requiring operations [2]
132 Worker 0 forwarding task 30
132 Worker 1 processing task 57 requiring operations [5]
132 Worker 1 forwarding task 57
132 Worker 4 processing task 66 requiring operations [2, 6, 7]
132 Worker 4 performing operation 2 on task 66
133 Worker 2 accepting task 62
133 Worker 3 accepting task 49
133 Worker 2 accepting task 30
133 Worker 4 accepting task 57
133 Worker 4 accepting task 66
133 Worker 2 processing task 37 requiring operations [6]
133 Worker 2 performing operation 6 on task 37
133 Worker 3 processing task 60 requiring operations [2, 6]
133 Worker 3 forwarding task 60
133 Worker 0 processing task 54 requiring operations [9]
133 Worker 0 forwarding task 54
133 Worker 4 processing task 57 requiring operations [5]
133 Worker 4 performing operation 5 on task 57
134 Generated task 67
134 Worker 4 accepting task 67
134 Task 37 completed!
134 Worker 1 accepting task 60
134 Worker 3 accepting task 54
134 Task 57 completed!
134 Worker 2 processing task 25 requiring operations [1]
134 Worker 2 performing operation 1 on task 25
134 Worker 3 processing task 53 requiring operations [1]
134 Worker 3 forwarding task 53
134 Worker 0 processing task 32 requiring operations [9]
134 Worker 0 forwarding task 32
134 Worker 4 processing task 66 requiring operations [6, 7]
134 Worker 4 forwarding task 66
134 Worker 1 processing task 60 requiring operations [2, 6]
134 Worker 1 forwarding task 60
135 Task 25 completed!
135 Worker 4 accepting task 53
135 Worker 3 accepting task 32
135 Worker 1 accepting task 66
135 Worker 2 accepting task 60
135 Worker 2 processing task 33 requiring operations [4]
135 Worker 2 forwarding task 33
135 Worker 3 processing task 58 requiring operations [8, 6]
135 Worker 3 forwarding task 58
135 Worker 0 processing task 50 requiring operations [2]
135 Worker 0 forwarding task 50
135 Worker 4 processing task 67 requiring operations [2, 8, 4]
135 Worker 4 performing operation 2 on task 67
135 Worker 1 processing task 66 requiring operations [6, 7]
135 Worker 1 forwarding task 66
136 Generated task 68
136 Worker 4 accepting task 68
136 Worker 0 accepting task 33
136 Worker 0 accepting task 58
136 Worker 3 accepting task 50
136 Worker 4 accepting task 67
136 Worker 2 accepting task 66
136 Worker 2 processing task 36 requiring operations [9]
136 Worker 2 forwarding task 36
136 Worker 3 processing task 20 requiring operations [5]
136 Worker 3 forwarding task 20
136 Worker 0 processing task 33 requiring operations [4]
136 Worker 0 performing operation 4 on task 33
136 Worker 4 processing task 53 requiring operations [1]
136 Worker 4 forwarding task 53
137 Worker 1 accepting task 36
137 Worker 0 accepting task 20
137 Task 33 completed!
137 Worker 1 accepting task 53
137 Worker 2 processing task 64 requiring operations [10, 9]
137 Worker 2 performing operation 10 on task 64
137 Worker 3 processing task 39 requiring operations [5]
137 Worker 3 forwarding task 39
137 Worker 0 processing task 58 requiring operations [8, 6]
137 Worker 0 forwarding task 58
137 Worker 4 processing task 68 requiring operations [8, 1, 4]
137 Worker 4 forwarding task 68
137 Worker 1 processing task 36 requiring operations [9]
137 Worker 1 forwarding task 36
138 Generated task 69
138 Worker 1 accepting task 69
138 Worker 2 accepting task 64
138 Worker 4 accepting task 39
138 Worker 3 accepting task 58
138 Worker 3 accepting task 68
138 Worker 3 accepting task 36
138 Worker 2 processing task 65 requiring operations [9, 2, 10]
138 Worker 2 performing operation 10 on task 65
138 Worker 3 processing task 61 requiring operations [10, 6]
138 Worker 3 performing operation 10 on task 61
138 Worker 0 processing task 20 requiring operations [5]
138 Worker 0 forwarding task 20
138 Worker 4 processing task 67 requiring operations [8, 4]
138 Worker 4 forwarding task 67
138 Worker 1 processing task 53 requiring operations [1]
138 Worker 1 forwarding task 53
139 Worker 2 accepting task 65
139 Worker 3 accepting task 61
139 Worker 2 accepting task 20
139 Worker 3 accepting task 67
139 Worker 3 accepting task 53
139 Worker 2 processing task 62 requiring operations [1, 2]
139 Worker 2 performing operation 1 on task 62
139 Worker 3 processing task 48 requiring operations [2]
139 Worker 3 forwarding task 48
139 Worker 4 processing task 39 requiring operations [5]
139 Worker 4 performing operation 5 on task 39
139 Worker 1 processing task 69 requiring operations [3, 7, 6]
139 Worker 1 forwarding task 69
140 Generated task 70
140 Worker 3 accepting task 70
140 Worker 2 accepting task 62
140 Worker 4 accepting task 48
140 Task 39 completed!
140 Worker 4 accepting task 69
140 Worker 2 processing task 30 requiring operations [2]
140 Worker 2 forwarding task 30
140 Worker 3 processing task 46 requiring operations [7]
140 Worker 3 forwarding task 46
140 Worker 4 processing task 48 requiring operations [2]
140 Worker 4 performing operation 2 on task 48
