Worker 0 can perform operations {5}
Worker 1 can perform operations {8, 1, 2, 7}
Worker 2 can perform operations {1, 10, 7}
Worker 3 can perform operations {4}
Worker 4 can perform operations {9, 3, 6}
Building network type random
Worker 0 connecting to worker 1
Worker 1 connecting to worker 0
Worker 0 connecting to worker 2
Worker 2 connecting to worker 0
Worker 1 connecting to worker 2
Worker 2 connecting to worker 1
Worker 3 connecting to worker 2
Worker 2 connecting to worker 3
Worker 3 connecting to worker 0
Worker 0 connecting to worker 3
Worker 4 connecting to worker 3
Worker 3 connecting to worker 4
Worker 4 connecting to worker 0
Worker 0 connecting to worker 4
Entry nodes are [0, 1, 2, 3, 4]
0 Generated task 0
0 Worker 1 accepting task 0
0 Worker 1 processing task 0 requiring operations [6, 4, 3]
0 Worker 1 forwarding task 0
1 Worker 2 accepting task 0
1 Worker 2 processing task 0 requiring operations [6, 4, 3]
1 Worker 2 forwarding task 0
2 Generated task 1
2 Worker 3 accepting task 1
2 Worker 1 accepting task 0
2 Worker 3 processing task 1 requiring operations [3, 7, 4]
2 Worker 3 performing operation 4 on task 1
2 Worker 1 processing task 0 requiring operations [6, 4, 3]
2 Worker 1 forwarding task 0
3 Worker 3 accepting task 1
3 Worker 2 accepting task 0
3 Worker 3 processing task 1 requiring operations [3, 7]
3 Worker 3 forwarding task 1
3 Worker 2 processing task 0 requiring operations [6, 4, 3]
3 Worker 2 forwarding task 0
4 Generated task 2
4 Worker 4 accepting task 2
4 Worker 4 accepting task 1
4 Worker 3 accepting task 0
4 Worker 4 processing task 2 requiring operations [10, 7, 9]
4 Worker 4 performing operation 9 on task 2
4 Worker 3 processing task 0 requiring operations [6, 4, 3]
4 Worker 3 performing operation 4 on task 0
5 Worker 4 accepting task 2
5 Worker 3 accepting task 0
5 Worker 4 processing task 1 requiring operations [3, 7]
5 Worker 4 performing operation 3 on task 1
5 Worker 3 processing task 0 requiring operations [6, 3]
5 Worker 3 forwarding task 0
6 Generated task 3
6 Worker 0 accepting task 3
6 Worker 4 accepting task 1
6 Worker 4 accepting task 0
6 Worker 4 processing task 2 requiring operations [10, 7]
6 Worker 4 forwarding task 2
6 Worker 0 processing task 3 requiring operations [2, 5, 8]
6 Worker 0 performing operation 5 on task 3
7 Worker 3 accepting task 2
7 Worker 0 accepting task 3
7 Worker 4 processing task 1 requiring operations [7]
7 Worker 4 forwarding task 1
7 Worker 0 processing task 3 requiring operations [2, 8]
7 Worker 0 forwarding task 3
7 Worker 3 processing task 2 requiring operations [10, 7]
7 Worker 3 forwarding task 2
8 Generated task 4
8 Worker 1 accepting task 4
8 Worker 3 accepting task 1
8 Worker 1 accepting task 3
8 Worker 0 accepting task 2
8 Worker 4 processing task 0 requiring operations [6, 3]
8 Worker 4 performing operation 6 on task 0
8 Worker 3 processing task 1 requiring operations [7]
8 Worker 3 forwarding task 1
8 Worker 1 processing task 4 requiring operations [5, 4, 3]
8 Worker 1 forwarding task 4
8 Worker 0 processing task 2 requiring operations [10, 7]
8 Worker 0 forwarding task 2
9 Worker 4 accepting task 0
9 Worker 0 accepting task 1
9 Worker 2 accepting task 4
9 Worker 3 accepting task 2
9 Worker 4 processing task 0 requiring operations [3]
9 Worker 4 performing operation 3 on task 0
9 Worker 1 processing task 3 requiring operations [2, 8]
9 Worker 1 performing operation 8 on task 3
9 Worker 0 processing task 1 requiring operations [7]
9 Worker 0 forwarding task 1
9 Worker 2 processing task 4 requiring operations [5, 4, 3]
9 Worker 2 forwarding task 4
9 Worker 3 processing task 2 requiring operations [10, 7]
9 Worker 3 forwarding task 2
10 Generated task 5
10 Worker 0 accepting task 5
10 Task 0 completed!
10 Worker 1 accepting task 3
10 Worker 3 accepting task 1
10 Worker 1 accepting task 4
10 Worker 4 accepting task 2
10 Worker 1 processing task 3 requiring operations [2]
10 Worker 1 performing operation 2 on task 3
10 Worker 0 processing task 5 requiring operations [5, 8, 1]
10 Worker 0 performing operation 5 on task 5
10 Worker 3 processing task 1 requiring operations [7]
10 Worker 3 forwarding task 1
10 Worker 4 processing task 2 requiring operations [10, 7]
10 Worker 4 forwarding task 2
11 Task 3 completed!
11 Worker 0 accepting task 5
11 Worker 4 accepting task 1
11 Worker 3 accepting task 2
11 Worker 1 processing task 4 requiring operations [5, 4, 3]
11 Worker 1 forwarding task 4
11 Worker 0 processing task 5 requiring operations [8, 1]
11 Worker 0 forwarding task 5
11 Worker 4 processing task 1 requiring operations [7]
11 Worker 4 forwarding task 1
11 Worker 3 processing task 2 requiring operations [10, 7]
11 Worker 3 forwarding task 2
12 Generated task 6
12 Worker 2 accepting task 6
12 Worker 2 accepting task 4
12 Worker 3 accepting task 5
12 Worker 3 accepting task 1
12 Worker 0 accepting task 2
12 Worker 3 processing task 5 requiring operations [8, 1]
12 Worker 3 forwarding task 5
12 Worker 2 processing task 6 requiring operations [2, 3, 1]
12 Worker 2 performing operation 1 on task 6
12 Worker 0 processing task 2 requiring operations [10, 7]
12 Worker 0 forwarding task 2
13 Worker 2 accepting task 5
13 Worker 2 accepting task 6
13 Worker 4 accepting task 2
13 Worker 3 processing task 1 requiring operations [7]
13 Worker 3 forwarding task 1
13 Worker 2 processing task 4 requiring operations [5, 4, 3]
13 Worker 2 forwarding task 4
13 Worker 4 processing task 2 requiring operations [10, 7]
13 Worker 4 forwarding task 2
14 Generated task 7
14 Worker 4 accepting task 7
14 Worker 2 accepting task 1
14 Worker 3 accepting task 4
14 Worker 3 accepting task 2
14 Worker 2 processing task 5 requiring operations [8, 1]
14 Worker 2 performing operation 1 on task 5
14 Worker 4 processing task 7 requiring operations [10, 8, 7]
14 Worker 4 forwarding task 7
14 Worker 3 processing task 4 requiring operations [5, 4, 3]
14 Worker 3 performing operation 4 on task 4
15 Worker 2 accepting task 5
15 Worker 3 accepting task 7
15 Worker 3 accepting task 4
15 Worker 2 processing task 6 requiring operations [2, 3]
15 Worker 2 forwarding task 6
15 Worker 3 processing task 2 requiring operations [10, 7]
15 Worker 3 forwarding task 2
16 Generated task 8
16 Worker 2 accepting task 8
16 Worker 1 accepting task 6
16 Worker 4 accepting task 2
16 Worker 2 processing task 1 requiring operations [7]
16 Worker 2 performing operation 7 on task 1
16 Worker 3 processing task 7 requiring operations [10, 8, 7]
16 Worker 3 forwarding task 7
16 Worker 1 processing task 6 requiring operations [2, 3]
16 Worker 1 performing operation 2 on task 6
16 Worker 4 processing task 2 requiring operations [10, 7]
16 Worker 4 forwarding task 2
17 Task 1 completed!
17 Worker 4 accepting task 7
17 Worker 1 accepting task 6
17 Worker 3 accepting task 2
17 Worker 2 processing task 5 requiring operations [8]
17 Worker 2 forwarding task 5
17 Worker 3 processing task 4 requiring operations [5, 3]
17 Worker 3 forwarding task 4
17 Worker 1 processing task 6 requiring operations [3]
17 Worker 1 forwarding task 6
17 Worker 4 processing task 7 requiring operations [10, 8, 7]
17 Worker 4 forwarding task 7
18 Generated task 9
18 Worker 3 accepting task 9
18 Worker 1 accepting task 5
18 Worker 0 accepting task 4
18 Worker 2 accepting task 6
18 Worker 0 accepting task 7
18 Worker 2 processing task 8 requiring operations [1, 6, 9]
18 Worker 2 performing operation 1 on task 8
18 Worker 3 processing task 2 requiring operations [10, 7]
18 Worker 3 forwarding task 2
18 Worker 1 processing task 5 requiring operations [8]
18 Worker 1 performing operation 8 on task 5
18 Worker 0 processing task 4 requiring operations [5, 3]
18 Worker 0 performing operation 5 on task 4
19 Worker 2 accepting task 8
19 Worker 2 accepting task 2
19 Task 5 completed!
19 Worker 0 accepting task 4
19 Worker 2 processing task 6 requiring operations [3]
19 Worker 2 forwarding task 6
19 Worker 3 processing task 9 requiring operations [5, 7, 4]
19 Worker 3 performing operation 4 on task 9
19 Worker 0 processing task 7 requiring operations [10, 8, 7]
19 Worker 0 forwarding task 7
20 Generated task 10
20 Worker 1 accepting task 10
20 Worker 0 accepting task 6
20 Worker 3 accepting task 9
20 Worker 4 accepting task 7
20 Worker 2 processing task 8 requiring operations [6, 9]
20 Worker 2 forwarding task 8
20 Worker 3 processing task 9 requiring operations [5, 7]
20 Worker 3 forwarding task 9
20 Worker 0 processing task 4 requiring operations [3]
20 Worker 0 forwarding task 4
20 Worker 1 processing task 10 requiring operations [5, 1, 8]
20 Worker 1 performing operation 8 on task 10
20 Worker 4 processing task 7 requiring operations [10, 8, 7]
20 Worker 4 forwarding task 7
21 Worker 3 accepting task 8
21 Worker 0 accepting task 9
21 Worker 2 accepting task 4
21 Worker 1 accepting task 10
21 Worker 3 accepting task 7
21 Worker 2 processing task 2 requiring operations [10, 7]
21 Worker 2 performing operation 10 on task 2
21 Worker 3 processing task 8 requiring operations [6, 9]
21 Worker 3 forwarding task 8
21 Worker 0 processing task 6 requiring operations [3]
21 Worker 0 forwarding task 6
21 Worker 1 processing task 10 requiring operations [5, 1]
21 Worker 1 performing operation 1 on task 10
22 Generated task 11
22 Worker 0 accepting task 11
22 Worker 2 accepting task 2
22 Worker 0 accepting task 8
22 Worker 4 accepting task 6
22 Worker 1 accepting task 10
22 Worker 2 processing task 4 requiring operations [3]
22 Worker 2 forwarding task 4
22 Worker 3 processing task 7 requiring operations [10, 8, 7]
22 Worker 3 forwarding task 7
22 Worker 0 processing task 9 requiring operations [5, 7]
22 Worker 0 performing operation 5 on task 9
22 Worker 1 processing task 10 requiring operations [5]
22 Worker 1 forwarding task 10
22 Worker 4 processing task 6 requiring operations [3]
22 Worker 4 performing operation 3 on task 6
23 Worker 3 accepting task 4
23 Worker 2 accepting task 7
23 Worker 0 accepting task 9
23 Worker 2 accepting task 10
23 Task 6 completed!
23 Worker 2 processing task 2 requiring operations [7]
23 Worker 2 performing operation 7 on task 2
23 Worker 3 processing task 4 requiring operations [3]
23 Worker 3 forwarding task 4
23 Worker 0 processing task 11 requiring operations [2, 3, 7]
23 Worker 0 forwarding task 11
24 Generated task 12
24 Worker 1 accepting task 12
24 Task 2 completed!
24 Worker 2 accepting task 4
24 Worker 3 accepting task 11
24 Worker 2 processing task 7 requiring operations [10, 8, 7]
24 Worker 2 performing operation 10 on task 7
24 Worker 0 processing task 8 requiring operations [6, 9]
24 Worker 0 forwarding task 8
24 Worker 1 processing task 12 requiring operations [9, 2, 8]
24 Worker 1 performing operation 8 on task 12
24 Worker 3 processing task 11 requiring operations [2, 3, 7]
24 Worker 3 forwarding task 11
25 Worker 2 accepting task 7
25 Worker 4 accepting task 8
25 Worker 1 accepting task 12
25 Worker 2 accepting task 11
25 Worker 2 processing task 10 requiring operations [5]
25 Worker 2 forwarding task 10
25 Worker 0 processing task 9 requiring operations [7]
25 Worker 0 forwarding task 9
25 Worker 1 processing task 12 requiring operations [9, 2]
25 Worker 1 performing operation 2 on task 12
25 Worker 4 processing task 8 requiring operations [6, 9]
25 Worker 4 performing operation 6 on task 8
26 Generated task 13
26 Worker 4 accepting task 13
26 Worker 1 accepting task 10
26 Worker 1 accepting task 9
26 Worker 1 accepting task 12
26 Worker 4 accepting task 8
26 Worker 2 processing task 4 requiring operations [3]
26 Worker 2 forwarding task 4
26 Worker 1 processing task 10 requiring operations [5]
26 Worker 1 forwarding task 10
26 Worker 4 processing task 13 requiring operations [9, 10, 2]
26 Worker 4 performing operation 9 on task 13
27 Worker 0 accepting task 4
27 Worker 2 accepting task 10
27 Worker 4 accepting task 13
27 Worker 2 processing task 7 requiring operations [8, 7]
27 Worker 2 performing operation 7 on task 7
27 Worker 1 processing task 9 requiring operations [7]
27 Worker 1 performing operation 7 on task 9
27 Worker 4 processing task 8 requiring operations [9]
27 Worker 4 performing operation 9 on task 8
27 Worker 0 processing task 4 requiring operations [3]
27 Worker 0 forwarding task 4
28 Generated task 14
28 Worker 0 accepting task 14
28 Worker 2 accepting task 7
28 Task 9 completed!
28 Task 8 completed!
28 Worker 1 accepting task 4
28 Worker 2 processing task 11 requiring operations [2, 3, 7]
28 Worker 2 performing operation 7 on task 11
28 Worker 1 processing task 12 requiring operations [9]
28 Worker 1 forwarding task 12
28 Worker 4 processing task 13 requiring operations [10, 2]
28 Worker 4 forwarding task 13
28 Worker 0 processing task 14 requiring operations [7, 3, 6]
28 Worker 0 forwarding task 14
29 Worker 2 accepting task 11
29 Worker 2 accepting task 12
29 Worker 0 accepting task 13
29 Worker 4 accepting task 14
29 Worker 2 processing task 10 requiring operations [5]
29 Worker 2 forwarding task 10
29 Worker 1 processing task 4 requiring operations [3]
29 Worker 1 forwarding task 4
29 Worker 0 processing task 13 requiring operations [10, 2]
29 Worker 0 forwarding task 13
29 Worker 4 processing task 14 requiring operations [7, 3, 6]
29 Worker 4 performing operation 3 on task 14
30 Generated task 15
30 Worker 2 accepting task 15
30 Worker 1 accepting task 10
30 Worker 0 accepting task 4
30 Worker 3 accepting task 13
30 Worker 4 accepting task 14
30 Worker 2 processing task 7 requiring operations [8]
30 Worker 2 forwarding task 7
30 Worker 1 processing task 10 requiring operations [5]
30 Worker 1 forwarding task 10
30 Worker 0 processing task 4 requiring operations [3]
30 Worker 0 forwarding task 4
30 Worker 4 processing task 14 requiring operations [7, 6]
30 Worker 4 performing operation 6 on task 14
30 Worker 3 processing task 13 requiring operations [10, 2]
30 Worker 3 forwarding task 13
31 Worker 1 accepting task 7
31 Worker 0 accepting task 10
31 Worker 1 accepting task 4
31 Worker 4 accepting task 14
31 Worker 4 accepting task 13
31 Worker 2 processing task 11 requiring operations [2, 3]
31 Worker 2 forwarding task 11
31 Worker 1 processing task 7 requiring operations [8]
31 Worker 1 performing operation 8 on task 7
31 Worker 0 processing task 10 requiring operations [5]
31 Worker 0 performing operation 5 on task 10
31 Worker 4 processing task 14 requiring operations [7]
31 Worker 4 forwarding task 14
32 Generated task 16
32 Worker 1 accepting task 16
32 Worker 1 accepting task 11
32 Task 7 completed!
32 Task 10 completed!
32 Worker 3 accepting task 14
32 Worker 2 processing task 12 requiring operations [9]
32 Worker 2 forwarding task 12
32 Worker 1 processing task 4 requiring operations [3]
32 Worker 1 forwarding task 4
32 Worker 4 processing task 13 requiring operations [10, 2]
32 Worker 4 forwarding task 13
32 Worker 3 processing task 14 requiring operations [7]
32 Worker 3 forwarding task 14
33 Worker 0 accepting task 12
33 Worker 2 accepting task 4
33 Worker 3 accepting task 13
33 Worker 4 accepting task 14
33 Worker 2 processing task 15 requiring operations [5, 4, 2]
33 Worker 2 forwarding task 15
33 Worker 1 processing task 16 requiring operations [7, 3, 4]
33 Worker 1 performing operation 7 on task 16
33 Worker 3 processing task 13 requiring operations [10, 2]
33 Worker 3 forwarding task 13
33 Worker 0 processing task 12 requiring operations [9]
33 Worker 0 forwarding task 12
33 Worker 4 processing task 14 requiring operations [7]
33 Worker 4 forwarding task 14
34 Generated task 17
34 Worker 2 accepting task 17
34 Worker 0 accepting task 15
34 Worker 1 accepting task 16
34 Worker 2 accepting task 13
34 Worker 3 accepting task 12
34 Worker 0 accepting task 14
34 Worker 2 processing task 4 requiring operations [3]
34 Worker 2 forwarding task 4
34 Worker 1 processing task 11 requiring operations [2, 3]
34 Worker 1 performing operation 2 on task 11
34 Worker 0 processing task 15 requiring operations [5, 4, 2]
34 Worker 0 performing operation 5 on task 15
34 Worker 3 processing task 12 requiring operations [9]
34 Worker 3 forwarding task 12
35 Worker 0 accepting task 4
35 Worker 1 accepting task 11
35 Worker 0 accepting task 15
35 Worker 4 accepting task 12
35 Worker 2 processing task 17 requiring operations [5, 7, 4]
35 Worker 2 performing operation 7 on task 17
35 Worker 1 processing task 16 requiring operations [3, 4]
35 Worker 1 forwarding task 16
35 Worker 0 processing task 14 requiring operations [7]
35 Worker 0 forwarding task 14
35 Worker 4 processing task 12 requiring operations [9]
35 Worker 4 performing operation 9 on task 12
36 Generated task 18
36 Worker 4 accepting task 18
36 Worker 2 accepting task 17
36 Worker 0 accepting task 16
36 Worker 1 accepting task 14
36 Task 12 completed!
36 Worker 2 processing task 13 requiring operations [10, 2]
36 Worker 2 performing operation 10 on task 13
36 Worker 1 processing task 11 requiring operations [3]
36 Worker 1 forwarding task 11
36 Worker 0 processing task 4 requiring operations [3]
36 Worker 0 forwarding task 4
36 Worker 4 processing task 18 requiring operations [7, 5, 3]
36 Worker 4 performing operation 3 on task 18
37 Worker 2 accepting task 13
37 Worker 2 accepting task 11
37 Worker 1 accepting task 4
37 Worker 4 accepting task 18
37 Worker 2 processing task 17 requiring operations [5, 4]
37 Worker 2 forwarding task 17
37 Worker 1 processing task 14 requiring operations [7]
37 Worker 1 performing operation 7 on task 14
37 Worker 0 processing task 15 requiring operations [4, 2]
37 Worker 0 forwarding task 15
37 Worker 4 processing task 18 requiring operations [7, 5]
37 Worker 4 forwarding task 18
38 Generated task 19
38 Worker 0 accepting task 19
38 Worker 1 accepting task 17
38 Task 14 completed!
38 Worker 2 accepting task 15
38 Worker 0 accepting task 18
38 Worker 2 processing task 13 requiring operations [2]
38 Worker 2 forwarding task 13
38 Worker 1 processing task 4 requiring operations [3]
38 Worker 1 forwarding task 4
38 Worker 0 processing task 16 requiring operations [3, 4]
38 Worker 0 forwarding task 16
39 Worker 0 accepting task 13
39 Worker 2 accepting task 4
39 Worker 1 accepting task 16
39 Worker 2 processing task 11 requiring operations [3]
39 Worker 2 forwarding task 11
39 Worker 1 processing task 17 requiring operations [5, 4]
39 Worker 1 forwarding task 17
39 Worker 0 processing task 19 requiring operations [8, 5, 10]
39 Worker 0 performing operation 5 on task 19
40 Generated task 20
40 Worker 2 accepting task 20
40 Worker 0 accepting task 11
40 Worker 0 accepting task 17
40 Worker 0 accepting task 19
40 Worker 2 processing task 15 requiring operations [4, 2]
40 Worker 2 forwarding task 15
40 Worker 1 processing task 16 requiring operations [3, 4]
40 Worker 1 forwarding task 16
40 Worker 0 processing task 18 requiring operations [7, 5]
40 Worker 0 performing operation 5 on task 18
41 Worker 1 accepting task 15
41 Worker 2 accepting task 16
41 Worker 0 accepting task 18
41 Worker 2 processing task 4 requiring operations [3]
41 Worker 2 forwarding task 4
41 Worker 1 processing task 15 requiring operations [4, 2]
41 Worker 1 performing operation 2 on task 15
41 Worker 0 processing task 13 requiring operations [2]
41 Worker 0 forwarding task 13
42 Generated task 21
42 Worker 3 accepting task 21
42 Worker 3 accepting task 4
42 Worker 1 accepting task 15
42 Worker 1 accepting task 13
42 Worker 2 processing task 20 requiring operations [4, 8, 5]
42 Worker 2 forwarding task 20
42 Worker 1 processing task 15 requiring operations [4]
42 Worker 1 forwarding task 15
42 Worker 0 processing task 11 requiring operations [3]
42 Worker 0 forwarding task 11
42 Worker 3 processing task 21 requiring operations [5, 10, 9]
42 Worker 3 forwarding task 21
43 Worker 0 accepting task 20
43 Worker 2 accepting task 15
43 Worker 4 accepting task 11
43 Worker 2 accepting task 21
43 Worker 2 processing task 16 requiring operations [3, 4]
43 Worker 2 forwarding task 16
43 Worker 1 processing task 13 requiring operations [2]
43 Worker 1 performing operation 2 on task 13
43 Worker 0 processing task 17 requiring operations [5, 4]
43 Worker 0 performing operation 5 on task 17
43 Worker 3 processing task 4 requiring operations [3]
43 Worker 3 forwarding task 4
43 Worker 4 processing task 11 requiring operations [3]
43 Worker 4 performing operation 3 on task 11
44 Generated task 22
44 Worker 2 accepting task 22
44 Worker 3 accepting task 16
44 Task 13 completed!
44 Worker 0 accepting task 17
44 Worker 0 accepting task 4
44 Task 11 completed!
44 Worker 2 processing task 15 requiring operations [4]
44 Worker 2 forwarding task 15
44 Worker 0 processing task 19 requiring operations [8, 10]
44 Worker 0 forwarding task 19
44 Worker 3 processing task 16 requiring operations [3, 4]
44 Worker 3 performing operation 4 on task 16
45 Worker 1 accepting task 15
45 Worker 1 accepting task 19
45 Worker 3 accepting task 16
45 Worker 2 processing task 21 requiring operations [5, 10, 9]
45 Worker 2 performing operation 10 on task 21
45 Worker 0 processing task 18 requiring operations [7]
45 Worker 0 forwarding task 18
45 Worker 3 processing task 16 requiring operations [3]
45 Worker 3 forwarding task 16
45 Worker 1 processing task 15 requiring operations [4]
45 Worker 1 forwarding task 15
46 Generated task 23
46 Worker 3 accepting task 23
46 Worker 2 accepting task 21
46 Worker 1 accepting task 18
46 Worker 4 accepting task 16
46 Worker 2 accepting task 15
46 Worker 2 processing task 22 requiring operations [8, 9, 1]
46 Worker 2 performing operation 1 on task 22
46 Worker 0 processing task 20 requiring operations [4, 8, 5]
46 Worker 0 performing operation 5 on task 20
46 Worker 3 processing task 23 requiring operations [6, 9, 4]
46 Worker 3 performing operation 4 on task 23
46 Worker 1 processing task 19 requiring operations [8, 10]
46 Worker 1 performing operation 8 on task 19
46 Worker 4 processing task 16 requiring operations [3]
46 Worker 4 performing operation 3 on task 16
47 Worker 2 accepting task 22
47 Worker 0 accepting task 20
47 Worker 3 accepting task 23
47 Worker 1 accepting task 19
47 Task 16 completed!
47 Worker 2 processing task 21 requiring operations [5, 9]
47 Worker 2 forwarding task 21
47 Worker 0 processing task 17 requiring operations [4]
47 Worker 0 forwarding task 17
47 Worker 3 processing task 23 requiring operations [6, 9]
47 Worker 3 forwarding task 23
47 Worker 1 processing task 18 requiring operations [7]
47 Worker 1 performing operation 7 on task 18
48 Generated task 24
48 Worker 3 accepting task 24
48 Worker 3 accepting task 21
48 Worker 2 accepting task 17
48 Worker 4 accepting task 23
48 Task 18 completed!
48 Worker 2 processing task 15 requiring operations [4]
48 Worker 2 forwarding task 15
48 Worker 0 processing task 4 requiring operations [3]
48 Worker 0 forwarding task 4
48 Worker 3 processing task 24 requiring operations [5, 9, 1]
48 Worker 3 forwarding task 24
48 Worker 1 processing task 19 requiring operations [10]
48 Worker 1 forwarding task 19
48 Worker 4 processing task 23 requiring operations [6, 9]
48 Worker 4 performing operation 6 on task 23
49 Worker 0 accepting task 15
49 Worker 4 accepting task 4
49 Worker 4 accepting task 24
49 Worker 2 accepting task 19
49 Worker 4 accepting task 23
49 Worker 2 processing task 22 requiring operations [8, 9]
49 Worker 2 forwarding task 22
49 Worker 0 processing task 20 requiring operations [4, 8]
49 Worker 0 forwarding task 20
49 Worker 3 processing task 21 requiring operations [5, 9]
49 Worker 3 forwarding task 21
49 Worker 4 processing task 4 requiring operations [3]
49 Worker 4 performing operation 3 on task 4
50 Generated task 25
50 Worker 4 accepting task 25
50 Worker 1 accepting task 22
50 Worker 2 accepting task 20
50 Worker 4 accepting task 21
50 Task 4 completed!
50 Worker 2 processing task 17 requiring operations [4]
50 Worker 2 forwarding task 17
50 Worker 0 processing task 15 requiring operations [4]
50 Worker 0 forwarding task 15
50 Worker 4 processing task 24 requiring operations [5, 9, 1]
50 Worker 4 performing operation 9 on task 24
50 Worker 1 processing task 22 requiring operations [8, 9]
50 Worker 1 performing operation 8 on task 22
51 Worker 1 accepting task 17
51 Worker 2 accepting task 15
51 Worker 4 accepting task 24
51 Worker 1 accepting task 22
51 Worker 2 processing task 19 requiring operations [10]
51 Worker 2 performing operation 10 on task 19
51 Worker 4 processing task 23 requiring operations [9]
51 Worker 4 performing operation 9 on task 23
51 Worker 1 processing task 17 requiring operations [4]
51 Worker 1 forwarding task 17
52 Generated task 26
52 Worker 2 accepting task 26
52 Task 19 completed!
52 Task 23 completed!
52 Worker 2 accepting task 17
52 Worker 2 processing task 20 requiring operations [4, 8]
52 Worker 2 forwarding task 20
52 Worker 4 processing task 25 requiring operations [10, 1, 2]
52 Worker 4 forwarding task 25
52 Worker 1 processing task 22 requiring operations [9]
52 Worker 1 forwarding task 22
53 Worker 0 accepting task 20
53 Worker 3 accepting task 25
53 Worker 2 accepting task 22
53 Worker 2 processing task 15 requiring operations [4]
53 Worker 2 forwarding task 15
53 Worker 4 processing task 21 requiring operations [5, 9]
53 Worker 4 performing operation 9 on task 21
53 Worker 0 processing task 20 requiring operations [4, 8]
53 Worker 0 forwarding task 20
53 Worker 3 processing task 25 requiring operations [10, 1, 2]
53 Worker 3 forwarding task 25
54 Generated task 27
54 Worker 4 accepting task 27
54 Worker 3 accepting task 15
54 Worker 4 accepting task 21
54 Worker 2 accepting task 20
54 Worker 4 accepting task 25
54 Worker 2 processing task 26 requiring operations [4, 2, 1]
54 Worker 2 performing operation 1 on task 26
54 Worker 4 processing task 24 requiring operations [5, 1]
54 Worker 4 forwarding task 24
54 Worker 3 processing task 15 requiring operations [4]
54 Worker 3 performing operation 4 on task 15
55 Worker 2 accepting task 26
55 Worker 3 accepting task 24
55 Task 15 completed!
55 Worker 2 processing task 17 requiring operations [4]
55 Worker 2 forwarding task 17
55 Worker 4 processing task 27 requiring operations [3, 10, 9]
55 Worker 4 performing operation 9 on task 27
55 Worker 3 processing task 24 requiring operations [5, 1]
55 Worker 3 forwarding task 24
56 Generated task 28
56 Worker 0 accepting task 28
56 Worker 3 accepting task 17
56 Worker 4 accepting task 27
56 Worker 2 accepting task 24
56 Worker 2 processing task 22 requiring operations [9]
56 Worker 2 forwarding task 22
56 Worker 4 processing task 21 requiring operations [5]
56 Worker 4 forwarding task 21
56 Worker 3 processing task 17 requiring operations [4]
56 Worker 3 performing operation 4 on task 17
56 Worker 0 processing task 28 requiring operations [8, 3, 9]
56 Worker 0 forwarding task 28
57 Worker 3 accepting task 22
57 Worker 3 accepting task 21
57 Task 17 completed!
57 Worker 3 accepting task 28
57 Worker 2 processing task 20 requiring operations [4, 8]
57 Worker 2 forwarding task 20
57 Worker 4 processing task 25 requiring operations [10, 1, 2]
57 Worker 4 forwarding task 25
57 Worker 3 processing task 22 requiring operations [9]
57 Worker 3 forwarding task 22
58 Generated task 29
58 Worker 3 accepting task 29
58 Worker 0 accepting task 20
58 Worker 3 accepting task 25
58 Worker 0 accepting task 22
58 Worker 2 processing task 26 requiring operations [4, 2]
58 Worker 2 forwarding task 26
58 Worker 4 processing task 27 requiring operations [3, 10]
58 Worker 4 performing operation 3 on task 27
58 Worker 3 processing task 21 requiring operations [5]
58 Worker 3 forwarding task 21
58 Worker 0 processing task 20 requiring operations [4, 8]
58 Worker 0 forwarding task 20
59 Worker 0 accepting task 26
59 Worker 4 accepting task 27
59 Worker 0 accepting task 21
59 Worker 1 accepting task 20
59 Worker 2 processing task 24 requiring operations [5, 1]
59 Worker 2 performing operation 1 on task 24
59 Worker 4 processing task 27 requiring operations [10]
59 Worker 4 forwarding task 27
59 Worker 3 processing task 28 requiring operations [8, 3, 9]
59 Worker 3 forwarding task 28
59 Worker 0 processing task 22 requiring operations [9]
59 Worker 0 forwarding task 22
59 Worker 1 processing task 20 requiring operations [4, 8]
59 Worker 1 performing operation 8 on task 20
60 Generated task 30
60 Worker 1 accepting task 30
60 Worker 2 accepting task 24
60 Worker 3 accepting task 27
60 Worker 2 accepting task 28
60 Worker 2 accepting task 22
60 Worker 1 accepting task 20
60 Worker 2 processing task 24 requiring operations [5]
60 Worker 2 forwarding task 24
60 Worker 3 processing task 29 requiring operations [10, 9, 8]
60 Worker 3 forwarding task 29
60 Worker 0 processing task 26 requiring operations [4, 2]
60 Worker 0 forwarding task 26
60 Worker 1 processing task 30 requiring operations [7, 1, 10]
60 Worker 1 performing operation 1 on task 30
61 Worker 0 accepting task 24
61 Worker 4 accepting task 29
61 Worker 3 accepting task 26
61 Worker 1 accepting task 30
61 Worker 2 processing task 28 requiring operations [8, 3, 9]
61 Worker 2 forwarding task 28
61 Worker 3 processing task 25 requiring operations [10, 1, 2]
61 Worker 3 forwarding task 25
61 Worker 0 processing task 21 requiring operations [5]
61 Worker 0 performing operation 5 on task 21
61 Worker 1 processing task 20 requiring operations [4]
61 Worker 1 forwarding task 20
61 Worker 4 processing task 29 requiring operations [10, 9, 8]
61 Worker 4 performing operation 9 on task 29
62 Generated task 31
62 Worker 0 accepting task 31
62 Worker 1 accepting task 28
62 Worker 2 accepting task 25
62 Task 21 completed!
62 Worker 2 accepting task 20
62 Worker 4 accepting task 29
62 Worker 2 processing task 22 requiring operations [9]
62 Worker 2 forwarding task 22
62 Worker 3 processing task 27 requiring operations [10]
62 Worker 3 forwarding task 27
62 Worker 0 processing task 24 requiring operations [5]
62 Worker 0 performing operation 5 on task 24
62 Worker 1 processing task 30 requiring operations [7, 10]
62 Worker 1 performing operation 7 on task 30
62 Worker 4 processing task 29 requiring operations [10, 8]
62 Worker 4 forwarding task 29
63 Worker 1 accepting task 22
63 Worker 2 accepting task 27
63 Task 24 completed!
63 Worker 1 accepting task 30
63 Worker 3 accepting task 29
63 Worker 2 processing task 25 requiring operations [10, 1, 2]
63 Worker 2 performing operation 1 on task 25
63 Worker 3 processing task 26 requiring operations [4, 2]
63 Worker 3 performing operation 4 on task 26
63 Worker 0 processing task 31 requiring operations [1, 9, 7]
63 Worker 0 forwarding task 31
63 Worker 1 processing task 28 requiring operations [8, 3, 9]
63 Worker 1 performing operation 8 on task 28
64 Generated task 32
64 Worker 1 accepting task 32
64 Worker 2 accepting task 25
64 Worker 3 accepting task 26
64 Worker 4 accepting task 31
64 Worker 1 accepting task 28
64 Worker 2 processing task 20 requiring operations [4]
64 Worker 2 forwarding task 20
64 Worker 3 processing task 29 requiring operations [10, 8]
64 Worker 3 forwarding task 29
64 Worker 1 processing task 22 requiring operations [9]
64 Worker 1 forwarding task 22
64 Worker 4 processing task 31 requiring operations [1, 9, 7]
64 Worker 4 performing operation 9 on task 31
65 Worker 0 accepting task 20
65 Worker 0 accepting task 29
65 Worker 2 accepting task 22
65 Worker 4 accepting task 31
65 Worker 2 processing task 27 requiring operations [10]
65 Worker 2 performing operation 10 on task 27
65 Worker 3 processing task 26 requiring operations [2]
65 Worker 3 forwarding task 26
65 Worker 1 processing task 30 requiring operations [10]
65 Worker 1 forwarding task 30
65 Worker 4 processing task 31 requiring operations [1, 7]
65 Worker 4 forwarding task 31
65 Worker 0 processing task 20 requiring operations [4]
65 Worker 0 forwarding task 20
66 Generated task 33
66 Worker 0 accepting task 33
66 Task 27 completed!
66 Worker 0 accepting task 26
66 Worker 2 accepting task 30
66 Worker 0 accepting task 31
66 Worker 2 accepting task 20
66 Worker 2 processing task 25 requiring operations [10, 2]
66 Worker 2 performing operation 10 on task 25
66 Worker 1 processing task 32 requiring operations [6, 9, 3]
66 Worker 1 forwarding task 32
66 Worker 0 processing task 29 requiring operations [10, 8]
66 Worker 0 forwarding task 29
67 Worker 2 accepting task 25
67 Worker 0 accepting task 32
67 Worker 2 accepting task 29
67 Worker 2 processing task 22 requiring operations [9]
67 Worker 2 forwarding task 22
67 Worker 1 processing task 28 requiring operations [3, 9]
67 Worker 1 forwarding task 28
67 Worker 0 processing task 33 requiring operations [8, 5, 3]
67 Worker 0 performing operation 5 on task 33
68 Generated task 34
68 Worker 1 accepting task 34
68 Worker 1 accepting task 22
68 Worker 2 accepting task 28
68 Worker 0 accepting task 33
68 Worker 2 processing task 30 requiring operations [10]
68 Worker 2 performing operation 10 on task 30
68 Worker 1 processing task 34 requiring operations [1, 7, 6]
68 Worker 1 performing operation 1 on task 34
68 Worker 0 processing task 26 requiring operations [2]
68 Worker 0 forwarding task 26
69 Task 30 completed!
69 Worker 1 accepting task 34
69 Worker 2 accepting task 26
69 Worker 2 processing task 20 requiring operations [4]
69 Worker 2 forwarding task 20
69 Worker 1 processing task 22 requiring operations [9]
69 Worker 1 forwarding task 22
69 Worker 0 processing task 31 requiring operations [1, 7]
69 Worker 0 forwarding task 31
70 Generated task 35
70 Worker 0 accepting task 35
70 Worker 3 accepting task 20
70 Worker 0 accepting task 22
70 Worker 3 accepting task 31
70 Worker 2 processing task 25 requiring operations [2]
70 Worker 2 forwarding task 25
70 Worker 1 processing task 34 requiring operations [7, 6]
70 Worker 1 performing operation 7 on task 34
70 Worker 0 processing task 32 requiring operations [6, 9, 3]
70 Worker 0 forwarding task 32
70 Worker 3 processing task 20 requiring operations [4]
70 Worker 3 performing operation 4 on task 20
71 Worker 3 accepting task 25
71 Worker 1 accepting task 34
71 Worker 3 accepting task 32
71 Task 20 completed!
71 Worker 2 processing task 29 requiring operations [10, 8]
71 Worker 2 performing operation 10 on task 29
71 Worker 1 processing task 34 requiring operations [6]
71 Worker 1 forwarding task 34
71 Worker 0 processing task 33 requiring operations [8, 3]
71 Worker 0 forwarding task 33
71 Worker 3 processing task 31 requiring operations [1, 7]
71 Worker 3 forwarding task 31
72 Generated task 36
72 Worker 4 accepting task 36
72 Worker 2 accepting task 29
72 Worker 0 accepting task 34
72 Worker 2 accepting task 33
72 Worker 0 accepting task 31
72 Worker 2 processing task 28 requiring operations [3, 9]
72 Worker 2 forwarding task 28
72 Worker 0 processing task 35 requiring operations [5, 4, 6]
72 Worker 0 performing operation 5 on task 35
72 Worker 3 processing task 25 requiring operations [2]
72 Worker 3 forwarding task 25
72 Worker 4 processing task 36 requiring operations [7, 3, 6]
72 Worker 4 performing operation 6 on task 36
73 Worker 0 accepting task 28
73 Worker 0 accepting task 35
73 Worker 2 accepting task 25
73 Worker 4 accepting task 36
73 Worker 2 processing task 26 requiring operations [2]
73 Worker 2 forwarding task 26
73 Worker 0 processing task 22 requiring operations [9]
73 Worker 0 forwarding task 22
73 Worker 3 processing task 32 requiring operations [6, 9, 3]
73 Worker 3 forwarding task 32
73 Worker 4 processing task 36 requiring operations [7, 3]
73 Worker 4 performing operation 3 on task 36
74 Generated task 37
74 Worker 0 accepting task 37
74 Worker 3 accepting task 26
74 Worker 3 accepting task 22
74 Worker 2 accepting task 32
74 Worker 4 accepting task 36
74 Worker 2 processing task 29 requiring operations [8]
74 Worker 2 forwarding task 29
74 Worker 0 processing task 34 requiring operations [6]
74 Worker 0 forwarding task 34
74 Worker 3 processing task 26 requiring operations [2]
74 Worker 3 forwarding task 26
74 Worker 4 processing task 36 requiring operations [7]
74 Worker 4 forwarding task 36
75 Worker 3 accepting task 29
75 Worker 2 accepting task 34
75 Worker 2 accepting task 26
75 Worker 0 accepting task 36
75 Worker 2 processing task 33 requiring operations [8, 3]
75 Worker 2 forwarding task 33
75 Worker 0 processing task 31 requiring operations [1, 7]
75 Worker 0 forwarding task 31
75 Worker 3 processing task 22 requiring operations [9]
75 Worker 3 forwarding task 22
76 Generated task 38
76 Worker 0 accepting task 38
76 Worker 0 accepting task 33
76 Worker 2 accepting task 31
76 Worker 0 accepting task 22
76 Worker 2 processing task 25 requiring operations [2]
76 Worker 2 forwarding task 25
76 Worker 0 processing task 28 requiring operations [3, 9]
76 Worker 0 forwarding task 28
76 Worker 3 processing task 29 requiring operations [8]
76 Worker 3 forwarding task 29
77 Worker 0 accepting task 25
77 Worker 1 accepting task 28
77 Worker 2 accepting task 29
77 Worker 2 processing task 32 requiring operations [6, 9, 3]
77 Worker 2 forwarding task 32
77 Worker 0 processing task 35 requiring operations [4, 6]
77 Worker 0 forwarding task 35
77 Worker 1 processing task 28 requiring operations [3, 9]
77 Worker 1 forwarding task 28
78 Generated task 39
78 Worker 2 accepting task 39
78 Worker 1 accepting task 32
78 Worker 3 accepting task 35
78 Worker 0 accepting task 28
78 Worker 2 processing task 34 requiring operations [6]
78 Worker 2 forwarding task 34
78 Worker 0 processing task 37 requiring operations [3, 9, 5]
78 Worker 0 performing operation 5 on task 37
78 Worker 1 processing task 32 requiring operations [6, 9, 3]
78 Worker 1 forwarding task 32
78 Worker 3 processing task 35 requiring operations [4, 6]
78 Worker 3 performing operation 4 on task 35
79 Worker 3 accepting task 34
79 Worker 0 accepting task 37
79 Worker 2 accepting task 32
79 Worker 3 accepting task 35
79 Worker 2 processing task 26 requiring operations [2]
79 Worker 2 forwarding task 26
79 Worker 0 processing task 36 requiring operations [7]
79 Worker 0 forwarding task 36
79 Worker 3 processing task 34 requiring operations [6]
79 Worker 3 forwarding task 34
80 Generated task 40
80 Worker 2 accepting task 40
80 Worker 0 accepting task 26
80 Worker 1 accepting task 36
80 Worker 2 accepting task 34
80 Worker 2 processing task 31 requiring operations [1, 7]
80 Worker 2 performing operation 7 on task 31
80 Worker 0 processing task 38 requiring operations [7, 9, 6]
80 Worker 0 forwarding task 38
80 Worker 3 processing task 35 requiring operations [6]
80 Worker 3 forwarding task 35
80 Worker 1 processing task 36 requiring operations [7]
80 Worker 1 performing operation 7 on task 36
81 Worker 2 accepting task 31
81 Worker 3 accepting task 38
81 Worker 4 accepting task 35
81 Task 36 completed!
81 Worker 2 processing task 29 requiring operations [8]
81 Worker 2 forwarding task 29
81 Worker 0 processing task 33 requiring operations [8, 3]
81 Worker 0 forwarding task 33
81 Worker 3 processing task 38 requiring operations [7, 9, 6]
81 Worker 3 forwarding task 38
81 Worker 4 processing task 35 requiring operations [6]
81 Worker 4 performing operation 6 on task 35
82 Generated task 41
82 Worker 0 accepting task 41
82 Worker 1 accepting task 29
82 Worker 2 accepting task 33
82 Worker 0 accepting task 38
82 Task 35 completed!
82 Worker 2 processing task 39 requiring operations [1, 10, 5]
82 Worker 2 performing operation 1 on task 39
82 Worker 0 processing task 22 requiring operations [9]
82 Worker 0 forwarding task 22
82 Worker 1 processing task 29 requiring operations [8]
82 Worker 1 performing operation 8 on task 29
83 Worker 2 accepting task 39
83 Worker 2 accepting task 22
83 Task 29 completed!
83 Worker 2 processing task 32 requiring operations [6, 9, 3]
83 Worker 2 forwarding task 32
83 Worker 0 processing task 25 requiring operations [2]
83 Worker 0 forwarding task 25
84 Generated task 42
84 Worker 0 accepting task 42
84 Worker 3 accepting task 32
84 Worker 3 accepting task 25
84 Worker 2 processing task 40 requiring operations [1, 9, 8]
84 Worker 2 performing operation 1 on task 40
84 Worker 0 processing task 28 requiring operations [3, 9]
84 Worker 0 forwarding task 28
84 Worker 3 processing task 32 requiring operations [6, 9, 3]
84 Worker 3 forwarding task 32
85 Worker 2 accepting task 40
85 Worker 3 accepting task 28
85 Worker 0 accepting task 32
85 Worker 2 processing task 34 requiring operations [6]
85 Worker 2 forwarding task 34
85 Worker 0 processing task 37 requiring operations [3, 9]
85 Worker 0 forwarding task 37
85 Worker 3 processing task 25 requiring operations [2]
85 Worker 3 forwarding task 25
86 Generated task 43
86 Worker 2 accepting task 43
86 Worker 0 accepting task 34
86 Worker 4 accepting task 37
86 Worker 4 accepting task 25
86 Worker 2 processing task 31 requiring operations [1]
86 Worker 2 performing operation 1 on task 31
86 Worker 0 processing task 26 requiring operations [2]
86 Worker 0 forwarding task 26
86 Worker 3 processing task 28 requiring operations [3, 9]
86 Worker 3 forwarding task 28
86 Worker 4 processing task 37 requiring operations [3, 9]
86 Worker 4 performing operation 3 on task 37
87 Task 31 completed!
87 Worker 1 accepting task 26
87 Worker 2 accepting task 28
87 Worker 4 accepting task 37
87 Worker 2 processing task 33 requiring operations [8, 3]
87 Worker 2 forwarding task 33
87 Worker 0 processing task 41 requiring operations [7, 5, 10]
87 Worker 0 performing operation 5 on task 41
87 Worker 4 processing task 25 requiring operations [2]
87 Worker 4 forwarding task 25
87 Worker 1 processing task 26 requiring operations [2]
87 Worker 1 performing operation 2 on task 26
88 Generated task 44
88 Worker 2 accepting task 44
88 Worker 3 accepting task 33
88 Worker 0 accepting task 41
88 Worker 0 accepting task 25
88 Task 26 completed!
88 Worker 2 processing task 39 requiring operations [10, 5]
88 Worker 2 performing operation 10 on task 39
88 Worker 0 processing task 38 requiring operations [7, 9, 6]
88 Worker 0 forwarding task 38
88 Worker 4 processing task 37 requiring operations [9]
88 Worker 4 performing operation 9 on task 37
88 Worker 3 processing task 33 requiring operations [8, 3]
88 Worker 3 forwarding task 33
89 Worker 2 accepting task 39
89 Worker 3 accepting task 38
89 Task 37 completed!
89 Worker 2 accepting task 33
89 Worker 2 processing task 22 requiring operations [9]
89 Worker 2 forwarding task 22
89 Worker 0 processing task 42 requiring operations [10, 7, 8]
89 Worker 0 forwarding task 42
89 Worker 3 processing task 38 requiring operations [7, 9, 6]
89 Worker 3 forwarding task 38
90 Generated task 45
90 Worker 0 accepting task 45
90 Worker 0 accepting task 22
90 Worker 3 accepting task 42
90 Worker 4 accepting task 38
90 Worker 2 processing task 40 requiring operations [9, 8]
90 Worker 2 forwarding task 40
90 Worker 0 processing task 32 requiring operations [6, 9, 3]
90 Worker 0 forwarding task 32
90 Worker 3 processing task 42 requiring operations [10, 7, 8]
90 Worker 3 forwarding task 42
90 Worker 4 processing task 38 requiring operations [7, 9, 6]
90 Worker 4 performing operation 6 on task 38
91 Worker 1 accepting task 40
91 Worker 3 accepting task 32
91 Worker 4 accepting task 42
91 Worker 4 accepting task 38
91 Worker 2 processing task 43 requiring operations [1, 5, 6]
91 Worker 2 performing operation 1 on task 43
91 Worker 0 processing task 34 requiring operations [6]
91 Worker 0 forwarding task 34
91 Worker 3 processing task 32 requiring operations [6, 9, 3]
91 Worker 3 forwarding task 32
91 Worker 4 processing task 42 requiring operations [10, 7, 8]
91 Worker 4 forwarding task 42
91 Worker 1 processing task 40 requiring operations [9, 8]
91 Worker 1 performing operation 8 on task 40
92 Generated task 46
92 Worker 3 accepting task 46
92 Worker 2 accepting task 43
92 Worker 2 accepting task 34
92 Worker 4 accepting task 32
92 Worker 3 accepting task 42
92 Worker 1 accepting task 40
92 Worker 2 processing task 28 requiring operations [3, 9]
92 Worker 2 forwarding task 28
92 Worker 0 processing task 41 requiring operations [7, 10]
92 Worker 0 forwarding task 41
92 Worker 3 processing task 46 requiring operations [3, 1, 7]
92 Worker 3 forwarding task 46
92 Worker 4 processing task 38 requiring operations [7, 9]
92 Worker 4 performing operation 9 on task 38
92 Worker 1 processing task 40 requiring operations [9]
92 Worker 1 forwarding task 40
93 Worker 1 accepting task 28
93 Worker 2 accepting task 41
93 Worker 0 accepting task 46
93 Worker 4 accepting task 38
93 Worker 0 accepting task 40
93 Worker 2 processing task 44 requiring operations [9, 1, 5]
93 Worker 2 performing operation 1 on task 44
93 Worker 0 processing task 25 requiring operations [2]
93 Worker 0 forwarding task 25
93 Worker 3 processing task 42 requiring operations [10, 7, 8]
93 Worker 3 forwarding task 42
93 Worker 4 processing task 32 requiring operations [6, 9, 3]
93 Worker 4 performing operation 6 on task 32
93 Worker 1 processing task 28 requiring operations [3, 9]
93 Worker 1 forwarding task 28
94 Generated task 47
94 Worker 2 accepting task 47
94 Worker 2 accepting task 44
94 Worker 1 accepting task 25
94 Worker 0 accepting task 42
94 Worker 4 accepting task 32
94 Worker 0 accepting task 28
94 Worker 2 processing task 39 requiring operations [5]
94 Worker 2 forwarding task 39
94 Worker 0 processing task 45 requiring operations [2, 4, 3]
94 Worker 0 forwarding task 45
94 Worker 4 processing task 38 requiring operations [7]
94 Worker 4 forwarding task 38
94 Worker 1 processing task 25 requiring operations [2]
94 Worker 1 performing operation 2 on task 25
95 Worker 0 accepting task 39
95 Worker 3 accepting task 45
95 Worker 3 accepting task 38
95 Task 25 completed!
95 Worker 2 processing task 33 requiring operations [8, 3]
95 Worker 2 forwarding task 33
95 Worker 0 processing task 22 requiring operations [9]
95 Worker 0 forwarding task 22
95 Worker 4 processing task 32 requiring operations [9, 3]
95 Worker 4 performing operation 3 on task 32
95 Worker 3 processing task 45 requiring operations [2, 4, 3]
95 Worker 3 performing operation 4 on task 45
96 Generated task 48
96 Worker 3 accepting task 48
96 Worker 0 accepting task 33
96 Worker 2 accepting task 22
96 Worker 4 accepting task 32
96 Worker 3 accepting task 45
96 Worker 2 processing task 43 requiring operations [5, 6]
96 Worker 2 forwarding task 43
96 Worker 0 processing task 46 requiring operations [3, 1, 7]
96 Worker 0 forwarding task 46
96 Worker 4 processing task 32 requiring operations [9]
96 Worker 4 performing operation 9 on task 32
96 Worker 3 processing task 38 requiring operations [7]
96 Worker 3 forwarding task 38
97 Worker 0 accepting task 43
97 Worker 1 accepting task 46
97 Task 32 completed!
97 Worker 4 accepting task 38
97 Worker 2 processing task 34 requiring operations [6]
97 Worker 2 forwarding task 34
97 Worker 0 processing task 40 requiring operations [9]
97 Worker 0 forwarding task 40
97 Worker 3 processing task 48 requiring operations [1, 7, 3]
97 Worker 3 forwarding task 48
97 Worker 1 processing task 46 requiring operations [3, 1, 7]
97 Worker 1 performing operation 1 on task 46
97 Worker 4 processing task 38 requiring operations [7]
97 Worker 4 forwarding task 38
98 Generated task 49
98 Worker 1 accepting task 49
98 Worker 3 accepting task 34
98 Worker 3 accepting task 40
98 Worker 0 accepting task 48
98 Worker 1 accepting task 46
98 Worker 0 accepting task 38
98 Worker 2 processing task 41 requiring operations [7, 10]
98 Worker 2 performing operation 10 on task 41
98 Worker 0 processing task 42 requiring operations [10, 7, 8]
98 Worker 0 forwarding task 42
98 Worker 3 processing task 45 requiring operations [2, 3]
98 Worker 3 forwarding task 45
98 Worker 1 processing task 49 requiring operations [2, 7, 5]
98 Worker 1 performing operation 2 on task 49
99 Worker 2 accepting task 41
99 Worker 4 accepting task 42
99 Worker 0 accepting task 45
99 Worker 1 accepting task 49
99 Worker 2 processing task 47 requiring operations [2, 8, 10]
99 Worker 2 performing operation 10 on task 47
99 Worker 0 processing task 28 requiring operations [3, 9]
99 Worker 0 forwarding task 28
99 Worker 3 processing task 34 requiring operations [6]
99 Worker 3 forwarding task 34
99 Worker 1 processing task 46 requiring operations [3, 7]
99 Worker 1 performing operation 7 on task 46
99 Worker 4 processing task 42 requiring operations [10, 7, 8]
99 Worker 4 forwarding task 42
100 Generated task 50
100 Worker 3 accepting task 50
100 Worker 2 accepting task 47
100 Worker 1 accepting task 28
100 Worker 0 accepting task 34
100 Worker 1 accepting task 46
100 Worker 0 accepting task 42
100 Worker 2 processing task 44 requiring operations [9, 5]
100 Worker 2 forwarding task 44
100 Worker 0 processing task 39 requiring operations [5]
100 Worker 0 performing operation 5 on task 39
100 Worker 3 processing task 40 requiring operations [9]
100 Worker 3 forwarding task 40
100 Worker 1 processing task 49 requiring operations [7, 5]
100 Worker 1 performing operation 7 on task 49
101 Worker 3 accepting task 44
101 Task 39 completed!
101 Worker 4 accepting task 40
101 Worker 1 accepting task 49
101 Worker 2 processing task 22 requiring operations [9]
101 Worker 2 forwarding task 22
101 Worker 0 processing task 33 requiring operations [8, 3]
101 Worker 0 forwarding task 33
101 Worker 3 processing task 50 requiring operations [5, 4, 7]
101 Worker 3 performing operation 4 on task 50
101 Worker 1 processing task 28 requiring operations [3, 9]
101 Worker 1 forwarding task 28
101 Worker 4 processing task 40 requiring operations [9]
101 Worker 4 performing operation 9 on task 40
102 Generated task 51
102 Worker 3 accepting task 51
102 Worker 1 accepting task 22
102 Worker 4 accepting task 33
102 Worker 3 accepting task 50
102 Worker 2 accepting task 28
102 Task 40 completed!
102 Worker 2 processing task 41 requiring operations [7]
102 Worker 2 performing operation 7 on task 41
102 Worker 0 processing task 43 requiring operations [5, 6]
102 Worker 0 performing operation 5 on task 43
102 Worker 3 processing task 44 requiring operations [9, 5]
102 Worker 3 forwarding task 44
102 Worker 1 processing task 46 requiring operations [3]
102 Worker 1 forwarding task 46
102 Worker 4 processing task 33 requiring operations [8, 3]
102 Worker 4 performing operation 3 on task 33
103 Task 41 completed!
103 Worker 0 accepting task 43
103 Worker 0 accepting task 44
103 Worker 0 accepting task 46
103 Worker 4 accepting task 33
103 Worker 2 processing task 47 requiring operations [2, 8]
103 Worker 2 forwarding task 47
103 Worker 0 processing task 48 requiring operations [1, 7, 3]
103 Worker 0 forwarding task 48
103 Worker 3 processing task 51 requiring operations [6, 7, 10]
103 Worker 3 forwarding task 51
103 Worker 1 processing task 49 requiring operations [5]
103 Worker 1 forwarding task 49
103 Worker 4 processing task 33 requiring operations [8]
103 Worker 4 forwarding task 33
104 Generated task 52
104 Worker 0 accepting task 52
104 Worker 1 accepting task 47
104 Worker 3 accepting task 48
104 Worker 4 accepting task 51
104 Worker 2 accepting task 49
104 Worker 0 accepting task 33
104 Worker 2 processing task 28 requiring operations [3, 9]
104 Worker 2 forwarding task 28
104 Worker 0 processing task 38 requiring operations [7]
104 Worker 0 forwarding task 38
104 Worker 3 processing task 50 requiring operations [5, 7]
104 Worker 3 forwarding task 50
104 Worker 1 processing task 22 requiring operations [9]
104 Worker 1 forwarding task 22
104 Worker 4 processing task 51 requiring operations [6, 7, 10]
104 Worker 4 performing operation 6 on task 51
105 Worker 0 accepting task 28
105 Worker 2 accepting task 38
105 Worker 2 accepting task 50
105 Worker 0 accepting task 22
105 Worker 4 accepting task 51
105 Worker 2 processing task 49 requiring operations [5]
105 Worker 2 forwarding task 49
105 Worker 0 processing task 45 requiring operations [2, 3]
105 Worker 0 forwarding task 45
105 Worker 3 processing task 48 requiring operations [1, 7, 3]
105 Worker 3 forwarding task 48
105 Worker 1 processing task 47 requiring operations [2, 8]
105 Worker 1 performing operation 2 on task 47
105 Worker 4 processing task 51 requiring operations [7, 10]
105 Worker 4 forwarding task 51
106 Generated task 53
106 Worker 4 accepting task 53
106 Worker 3 accepting task 49
106 Worker 2 accepting task 45
106 Worker 2 accepting task 48
106 Worker 1 accepting task 47
106 Worker 3 accepting task 51
106 Worker 2 processing task 38 requiring operations [7]
106 Worker 2 performing operation 7 on task 38
106 Worker 0 processing task 34 requiring operations [6]
106 Worker 0 forwarding task 34
106 Worker 3 processing task 49 requiring operations [5]
106 Worker 3 forwarding task 49
106 Worker 1 processing task 47 requiring operations [8]
106 Worker 1 performing operation 8 on task 47
106 Worker 4 processing task 53 requiring operations [5, 1, 4]
106 Worker 4 forwarding task 53
107 Task 38 completed!
107 Worker 3 accepting task 34
107 Worker 0 accepting task 49
107 Task 47 completed!
107 Worker 0 accepting task 53
107 Worker 2 processing task 50 requiring operations [5, 7]
107 Worker 2 performing operation 7 on task 50
107 Worker 0 processing task 42 requiring operations [10, 7, 8]
107 Worker 0 forwarding task 42
107 Worker 3 processing task 51 requiring operations [7, 10]
107 Worker 3 forwarding task 51
108 Generated task 54
108 Worker 1 accepting task 54
108 Worker 2 accepting task 50
108 Worker 1 accepting task 42
108 Worker 0 accepting task 51
108 Worker 2 processing task 45 requiring operations [2, 3]
108 Worker 2 forwarding task 45
108 Worker 0 processing task 43 requiring operations [6]
108 Worker 0 forwarding task 43
108 Worker 3 processing task 34 requiring operations [6]
108 Worker 3 forwarding task 34
108 Worker 1 processing task 54 requiring operations [7, 1, 5]
108 Worker 1 performing operation 7 on task 54
109 Worker 1 accepting task 45
109 Worker 1 accepting task 43
109 Worker 4 accepting task 34
109 Worker 1 accepting task 54
109 Worker 2 processing task 48 requiring operations [1, 7, 3]
109 Worker 2 performing operation 7 on task 48
109 Worker 0 processing task 44 requiring operations [9, 5]
109 Worker 0 performing operation 5 on task 44
109 Worker 1 processing task 42 requiring operations [10, 7, 8]
109 Worker 1 performing operation 7 on task 42
109 Worker 4 processing task 34 requiring operations [6]
109 Worker 4 performing operation 6 on task 34
110 Generated task 55
110 Worker 4 accepting task 55
110 Worker 2 accepting task 48
110 Worker 0 accepting task 44
110 Worker 1 accepting task 42
110 Task 34 completed!
110 Worker 2 processing task 50 requiring operations [5]
110 Worker 2 forwarding task 50
110 Worker 0 processing task 46 requiring operations [3]
110 Worker 0 forwarding task 46
110 Worker 1 processing task 45 requiring operations [2, 3]
110 Worker 1 performing operation 2 on task 45
110 Worker 4 processing task 55 requiring operations [4, 5, 1]
110 Worker 4 forwarding task 55
111 Worker 1 accepting task 50
111 Worker 1 accepting task 46
111 Worker 1 accepting task 45
111 Worker 0 accepting task 55
111 Worker 2 processing task 48 requiring operations [1, 3]
111 Worker 2 performing operation 1 on task 48
111 Worker 0 processing task 52 requiring operations [6, 3, 8]
111 Worker 0 forwarding task 52
111 Worker 1 processing task 43 requiring operations [6]
111 Worker 1 forwarding task 43
112 Generated task 56
112 Worker 1 accepting task 56
112 Worker 2 accepting task 48
112 Worker 1 accepting task 52
112 Worker 2 accepting task 43
112 Worker 2 processing task 48 requiring operations [3]
112 Worker 2 forwarding task 48
112 Worker 0 processing task 33 requiring operations [8]
112 Worker 0 forwarding task 33
112 Worker 1 processing task 54 requiring operations [1, 5]
112 Worker 1 performing operation 1 on task 54
113 Worker 3 accepting task 48
113 Worker 2 accepting task 33
113 Worker 1 accepting task 54
113 Worker 2 processing task 43 requiring operations [6]
113 Worker 2 forwarding task 43
113 Worker 0 processing task 28 requiring operations [3, 9]
113 Worker 0 forwarding task 28
113 Worker 1 processing task 42 requiring operations [10, 8]
113 Worker 1 performing operation 8 on task 42
113 Worker 3 processing task 48 requiring operations [3]
113 Worker 3 forwarding task 48
114 Generated task 57
114 Worker 2 accepting task 57
114 Worker 0 accepting task 43
114 Worker 1 accepting task 28
114 Worker 1 accepting task 42
114 Worker 2 accepting task 48
114 Worker 2 processing task 33 requiring operations [8]
114 Worker 2 forwarding task 33
114 Worker 0 processing task 22 requiring operations [9]
114 Worker 0 forwarding task 22
114 Worker 1 processing task 50 requiring operations [5]
114 Worker 1 forwarding task 50
115 Worker 3 accepting task 33
115 Worker 1 accepting task 22
115 Worker 2 accepting task 50
115 Worker 2 processing task 57 requiring operations [6, 1, 9]
115 Worker 2 performing operation 1 on task 57
115 Worker 0 processing task 49 requiring operations [5]
115 Worker 0 performing operation 5 on task 49
115 Worker 1 processing task 46 requiring operations [3]
115 Worker 1 forwarding task 46
115 Worker 3 processing task 33 requiring operations [8]
115 Worker 3 forwarding task 33
116 Generated task 58
116 Worker 2 accepting task 58
116 Worker 2 accepting task 57
116 Task 49 completed!
116 Worker 2 accepting task 46
116 Worker 0 accepting task 33
116 Worker 2 processing task 48 requiring operations [3]
116 Worker 2 forwarding task 48
116 Worker 0 processing task 53 requiring operations [5, 1, 4]
116 Worker 0 performing operation 5 on task 53
116 Worker 1 processing task 45 requiring operations [3]
116 Worker 1 forwarding task 45
117 Worker 0 accepting task 48
117 Worker 0 accepting task 53
117 Worker 2 accepting task 45
117 Worker 2 processing task 50 requiring operations [5]
117 Worker 2 forwarding task 50
117 Worker 0 processing task 51 requiring operations [7, 10]
117 Worker 0 forwarding task 51
117 Worker 1 processing task 56 requiring operations [8, 7, 5]
117 Worker 1 performing operation 7 on task 56
118 Generated task 59
118 Worker 3 accepting task 59
118 Worker 1 accepting task 50
118 Worker 3 accepting task 51
118 Worker 1 accepting task 56
118 Worker 2 processing task 58 requiring operations [4, 1, 6]
118 Worker 2 performing operation 1 on task 58
118 Worker 0 processing task 44 requiring operations [9]
118 Worker 0 forwarding task 44
118 Worker 1 processing task 52 requiring operations [6, 3, 8]
118 Worker 1 performing operation 8 on task 52
118 Worker 3 processing task 59 requiring operations [3, 10, 8]
118 Worker 3 forwarding task 59
119 Worker 2 accepting task 58
119 Worker 2 accepting task 44
119 Worker 1 accepting task 52
119 Worker 4 accepting task 59
119 Worker 2 processing task 57 requiring operations [6, 9]
119 Worker 2 forwarding task 57
119 Worker 0 processing task 55 requiring operations [4, 5, 1]
119 Worker 0 performing operation 5 on task 55
119 Worker 1 processing task 54 requiring operations [5]
119 Worker 1 forwarding task 54
119 Worker 3 processing task 51 requiring operations [7, 10]
119 Worker 3 forwarding task 51
119 Worker 4 processing task 59 requiring operations [3, 10, 8]
119 Worker 4 performing operation 3 on task 59
120 Generated task 60
120 Worker 1 accepting task 60
120 Worker 1 accepting task 57
120 Worker 0 accepting task 55
120 Worker 0 accepting task 54
120 Worker 0 accepting task 51
120 Worker 4 accepting task 59
120 Worker 2 processing task 46 requiring operations [3]
120 Worker 2 forwarding task 46
120 Worker 0 processing task 43 requiring operations [6]
120 Worker 0 forwarding task 43
120 Worker 1 processing task 28 requiring operations [3, 9]
120 Worker 1 forwarding task 28
120 Worker 4 processing task 59 requiring operations [10, 8]
120 Worker 4 forwarding task 59
121 Worker 0 accepting task 46
121 Worker 2 accepting task 43
121 Worker 0 accepting task 28
121 Worker 0 accepting task 59
121 Worker 2 processing task 45 requiring operations [3]
121 Worker 2 forwarding task 45
121 Worker 0 processing task 33 requiring operations [8]
121 Worker 0 forwarding task 33
121 Worker 1 processing task 42 requiring operations [10]
121 Worker 1 forwarding task 42
122 Generated task 61
122 Worker 4 accepting task 61
122 Worker 1 accepting task 45
122 Worker 1 accepting task 33
122 Worker 0 accepting task 42
122 Worker 2 processing task 58 requiring operations [4, 6]
122 Worker 2 forwarding task 58
122 Worker 0 processing task 48 requiring operations [3]
122 Worker 0 forwarding task 48
122 Worker 1 processing task 22 requiring operations [9]
122 Worker 1 forwarding task 22
122 Worker 4 processing task 61 requiring operations [5, 3, 4]
122 Worker 4 performing operation 3 on task 61
123 Worker 3 accepting task 58
123 Worker 4 accepting task 48
123 Worker 0 accepting task 22
123 Worker 4 accepting task 61
123 Worker 2 processing task 44 requiring operations [9]
123 Worker 2 forwarding task 44
123 Worker 0 processing task 53 requiring operations [1, 4]
123 Worker 0 forwarding task 53
123 Worker 1 processing task 50 requiring operations [5]
123 Worker 1 forwarding task 50
123 Worker 4 processing task 48 requiring operations [3]
123 Worker 4 performing operation 3 on task 48
123 Worker 3 processing task 58 requiring operations [4, 6]
123 Worker 3 performing operation 4 on task 58
124 Generated task 62
124 Worker 1 accepting task 62
124 Worker 3 accepting task 44
124 Worker 3 accepting task 53
124 Worker 0 accepting task 50
124 Task 48 completed!
124 Worker 3 accepting task 58
124 Worker 2 processing task 43 requiring operations [6]
124 Worker 2 forwarding task 43
124 Worker 0 processing task 55 requiring operations [4, 1]
124 Worker 0 forwarding task 55
124 Worker 1 processing task 56 requiring operations [8, 5]
124 Worker 1 performing operation 8 on task 56
124 Worker 4 processing task 61 requiring operations [5, 4]
124 Worker 4 forwarding task 61
124 Worker 3 processing task 44 requiring operations [9]
124 Worker 3 forwarding task 44
125 Worker 3 accepting task 43
125 Worker 4 accepting task 55
125 Worker 1 accepting task 56
125 Worker 3 accepting task 61
125 Worker 4 accepting task 44
125 Worker 0 processing task 54 requiring operations [5]
125 Worker 0 performing operation 5 on task 54
125 Worker 1 processing task 52 requiring operations [6, 3]
125 Worker 1 forwarding task 52
125 Worker 4 processing task 55 requiring operations [4, 1]
125 Worker 4 forwarding task 55
125 Worker 3 processing task 53 requiring operations [1, 4]
125 Worker 3 performing operation 4 on task 53
126 Generated task 63
126 Worker 2 accepting task 63
126 Task 54 completed!
126 Worker 0 accepting task 52
126 Worker 3 accepting task 55
126 Worker 3 accepting task 53
126 Worker 0 processing task 51 requiring operations [7, 10]
126 Worker 0 forwarding task 51
126 Worker 1 processing task 60 requiring operations [6, 2, 1]
126 Worker 1 performing operation 2 on task 60
126 Worker 4 processing task 44 requiring operations [9]
126 Worker 4 performing operation 9 on task 44
126 Worker 3 processing task 58 requiring operations [6]
126 Worker 3 forwarding task 58
126 Worker 2 processing task 63 requiring operations [3, 8, 9]
126 Worker 2 forwarding task 63
127 Worker 4 accepting task 51
127 Worker 1 accepting task 60
127 Task 44 completed!
127 Worker 4 accepting task 58
127 Worker 0 accepting task 63
127 Worker 0 processing task 46 requiring operations [3]
127 Worker 0 forwarding task 46
127 Worker 1 processing task 57 requiring operations [6, 9]
127 Worker 1 forwarding task 57
127 Worker 4 processing task 51 requiring operations [7, 10]
127 Worker 4 forwarding task 51
127 Worker 3 processing task 43 requiring operations [6]
127 Worker 3 forwarding task 43
128 Generated task 64
128 Worker 1 accepting task 64
128 Worker 4 accepting task 46
128 Worker 2 accepting task 57
128 Worker 3 accepting task 51
128 Worker 2 accepting task 43
128 Worker 0 processing task 28 requiring operations [3, 9]
128 Worker 0 forwarding task 28
128 Worker 1 processing task 45 requiring operations [3]
128 Worker 1 forwarding task 45
128 Worker 4 processing task 58 requiring operations [6]
128 Worker 4 performing operation 6 on task 58
128 Worker 3 processing task 61 requiring operations [5, 4]
128 Worker 3 performing operation 4 on task 61
128 Worker 2 processing task 57 requiring operations [6, 9]
128 Worker 2 forwarding task 57
129 Worker 2 accepting task 28
129 Worker 0 accepting task 45
129 Task 58 completed!
129 Worker 3 accepting task 61
129 Worker 3 accepting task 57
129 Worker 0 processing task 59 requiring operations [10, 8]
129 Worker 0 forwarding task 59
129 Worker 1 processing task 33 requiring operations [8]
129 Worker 1 performing operation 8 on task 33
129 Worker 4 processing task 46 requiring operations [3]
129 Worker 4 performing operation 3 on task 46
129 Worker 3 processing task 55 requiring operations [4, 1]
129 Worker 3 performing operation 4 on task 55
129 Worker 2 processing task 43 requiring operations [6]
129 Worker 2 forwarding task 43
130 Generated task 65
130 Worker 3 accepting task 65
130 Worker 2 accepting task 59
130 Task 33 completed!
130 Task 46 completed!
130 Worker 3 accepting task 55
130 Worker 3 accepting task 43
130 Worker 0 processing task 42 requiring operations [10]
130 Worker 0 forwarding task 42
130 Worker 1 processing task 62 requiring operations [8, 9, 1]
130 Worker 1 performing operation 8 on task 62
130 Worker 3 processing task 53 requiring operations [1]
130 Worker 3 forwarding task 53
130 Worker 2 processing task 28 requiring operations [3, 9]
130 Worker 2 forwarding task 28
131 Worker 2 accepting task 42
131 Worker 1 accepting task 62
131 Worker 4 accepting task 53
131 Worker 1 accepting task 28
131 Worker 0 processing task 22 requiring operations [9]
131 Worker 0 forwarding task 22
131 Worker 1 processing task 56 requiring operations [5]
131 Worker 1 forwarding task 56
131 Worker 3 processing task 51 requiring operations [7, 10]
131 Worker 3 forwarding task 51
131 Worker 2 processing task 59 requiring operations [10, 8]
131 Worker 2 performing operation 10 on task 59
131 Worker 4 processing task 53 requiring operations [1]
131 Worker 4 forwarding task 53
132 Generated task 66
132 Worker 3 accepting task 66
132 Worker 1 accepting task 22
132 Worker 0 accepting task 56
132 Worker 2 accepting task 51
132 Worker 2 accepting task 59
132 Worker 0 accepting task 53
132 Worker 0 processing task 50 requiring operations [5]
132 Worker 0 performing operation 5 on task 50
132 Worker 1 processing task 60 requiring operations [6, 1]
132 Worker 1 performing operation 1 on task 60
132 Worker 3 processing task 61 requiring operations [5]
132 Worker 3 forwarding task 61
132 Worker 2 processing task 42 requiring operations [10]
132 Worker 2 performing operation 10 on task 42
133 Task 50 completed!
133 Worker 1 accepting task 60
133 Worker 4 accepting task 61
133 Task 42 completed!
133 Worker 0 processing task 52 requiring operations [6, 3]
133 Worker 0 forwarding task 52
133 Worker 1 processing task 64 requiring operations [9, 7, 1]
133 Worker 1 performing operation 1 on task 64
133 Worker 3 processing task 57 requiring operations [6, 9]
133 Worker 3 forwarding task 57
133 Worker 2 processing task 51 requiring operations [7, 10]
133 Worker 2 performing operation 10 on task 51
133 Worker 4 processing task 61 requiring operations [5]
133 Worker 4 forwarding task 61
134 Generated task 67
134 Worker 4 accepting task 67
134 Worker 3 accepting task 52
134 Worker 1 accepting task 64
134 Worker 4 accepting task 57
134 Worker 2 accepting task 51
134 Worker 3 accepting task 61
134 Worker 0 processing task 63 requiring operations [3, 8, 9]
134 Worker 0 forwarding task 63
134 Worker 1 processing task 62 requiring operations [9, 1]
134 Worker 1 performing operation 1 on task 62
134 Worker 3 processing task 65 requiring operations [2, 8, 7]
134 Worker 3 forwarding task 65
134 Worker 2 processing task 59 requiring operations [8]
134 Worker 2 forwarding task 59
134 Worker 4 processing task 67 requiring operations [1, 7, 6]
134 Worker 4 performing operation 6 on task 67
135 Worker 1 accepting task 63
135 Worker 1 accepting task 62
135 Worker 0 accepting task 65
135 Worker 0 accepting task 59
135 Worker 4 accepting task 67
135 Worker 0 processing task 45 requiring operations [3]
135 Worker 0 forwarding task 45
135 Worker 1 processing task 28 requiring operations [3, 9]
135 Worker 1 forwarding task 28
135 Worker 3 processing task 55 requiring operations [1]
135 Worker 3 forwarding task 55
135 Worker 2 processing task 51 requiring operations [7]
135 Worker 2 performing operation 7 on task 51
135 Worker 4 processing task 57 requiring operations [6, 9]
135 Worker 4 performing operation 6 on task 57
136 Generated task 68
136 Worker 0 accepting task 68
136 Worker 4 accepting task 45
136 Worker 0 accepting task 28
136 Worker 0 accepting task 55
136 Task 51 completed!
136 Worker 4 accepting task 57
136 Worker 0 processing task 56 requiring operations [5]
136 Worker 0 performing operation 5 on task 56
136 Worker 1 processing task 22 requiring operations [9]
136 Worker 1 forwarding task 22
136 Worker 3 processing task 43 requiring operations [6]
136 Worker 3 forwarding task 43
136 Worker 4 processing task 67 requiring operations [1, 7]
136 Worker 4 forwarding task 67
137 Task 56 completed!
137 Worker 2 accepting task 22
137 Worker 4 accepting task 43
137 Worker 3 accepting task 67
137 Worker 0 processing task 53 requiring operations [1]
137 Worker 0 forwarding task 53
137 Worker 1 processing task 60 requiring operations [6]
137 Worker 1 forwarding task 60
137 Worker 3 processing task 66 requiring operations [5, 1, 9]
137 Worker 3 forwarding task 66
137 Worker 4 processing task 45 requiring operations [3]
137 Worker 4 performing operation 3 on task 45
137 Worker 2 processing task 22 requiring operations [9]
137 Worker 2 forwarding task 22
138 Generated task 69
138 Worker 2 accepting task 69
138 Worker 3 accepting task 53
138 Worker 2 accepting task 60
138 Worker 4 accepting task 66
138 Task 45 completed!
138 Worker 1 accepting task 22
138 Worker 0 processing task 65 requiring operations [2, 8, 7]
138 Worker 0 forwarding task 65
138 Worker 1 processing task 64 requiring operations [9, 7]
138 Worker 1 performing operation 7 on task 64
138 Worker 3 processing task 52 requiring operations [6, 3]
138 Worker 3 forwarding task 52
138 Worker 4 processing task 57 requiring operations [9]
138 Worker 4 performing operation 9 on task 57
138 Worker 2 processing task 69 requiring operations [1, 3, 10]
138 Worker 2 performing operation 10 on task 69
139 Worker 3 accepting task 65
139 Worker 1 accepting task 64
139 Worker 2 accepting task 52
139 Task 57 completed!
139 Worker 2 accepting task 69
139 Worker 0 processing task 59 requiring operations [8]
139 Worker 0 forwarding task 59
139 Worker 1 processing task 63 requiring operations [3, 8, 9]
139 Worker 1 performing operation 8 on task 63
139 Worker 3 processing task 61 requiring operations [5]
139 Worker 3 forwarding task 61
139 Worker 4 processing task 43 requiring operations [6]
139 Worker 4 performing operation 6 on task 43
139 Worker 2 processing task 60 requiring operations [6]
139 Worker 2 forwarding task 60
140 Generated task 70
140 Worker 0 accepting task 70
140 Worker 2 accepting task 59
140 Worker 1 accepting task 63
140 Worker 2 accepting task 61
140 Task 43 completed!
140 Worker 3 accepting task 60
140 Worker 0 processing task 68 requiring operations [1, 8, 7]
140 Worker 0 forwarding task 68
140 Worker 1 processing task 62 requiring operations [9]
140 Worker 1 forwarding task 62
140 Worker 3 processing task 67 requiring operations [1, 7]
140 Worker 3 forwarding task 67
140 Worker 4 processing task 66 requiring operations [5, 1, 9]
140 Worker 4 performing operation 9 on task 66
140 Worker 2 processing task 52 requiring operations [6, 3]
140 Worker 2 forwarding task 52
