Worker 0 can perform operations {10}
Worker 1 can perform operations {2, 3, 6}
Worker 2 can perform operations {3}
Worker 3 can perform operations {4, 5, 6, 7, 8}
Worker 4 can perform operations {1, 2, 5, 9}
Building network type random
Worker 0 connecting to worker 3
Worker 3 connecting to worker 0
Worker 0 connecting to worker 4
Worker 4 connecting to worker 0
Worker 1 connecting to worker 0
Worker 0 connecting to worker 1
Worker 1 connecting to worker 4
Worker 4 connecting to worker 1
Worker 2 connecting to worker 0
Worker 0 connecting to worker 2
Worker 2 connecting to worker 1
Worker 1 connecting to worker 2
Worker 3 connecting to worker 2
Worker 2 connecting to worker 3
Entry nodes are [0, 1, 2, 3, 4]
0 Generated task 0
0 Worker 1 accepting task 0
0 Worker 1 processing task 0 requiring operations [6, 5, 1]
0 Worker 1 performing operation 6 on task 0
1 Worker 1 accepting task 0
1 Worker 1 processing task 0 requiring operations [5, 1]
1 Worker 1 forwarding task 0
2 Generated task 1
2 Worker 2 accepting task 1
2 Worker 0 accepting task 0
2 Worker 2 processing task 1 requiring operations [1, 9, 10]
2 Worker 2 forwarding task 1
2 Worker 0 processing task 0 requiring operations [5, 1]
2 Worker 0 forwarding task 0
3 Worker 0 accepting task 1
3 Worker 3 accepting task 0
3 Worker 0 processing task 1 requiring operations [1, 9, 10]
3 Worker 0 performing operation 10 on task 1
3 Worker 3 processing task 0 requiring operations [5, 1]
3 Worker 3 performing operation 5 on task 0
4 Generated task 2
4 Worker 2 accepting task 2
4 Worker 0 accepting task 1
4 Worker 3 accepting task 0
4 Worker 0 processing task 1 requiring operations [1, 9]
4 Worker 0 forwarding task 1
4 Worker 3 processing task 0 requiring operations [1]
4 Worker 3 forwarding task 0
4 Worker 2 processing task 2 requiring operations [9, 2, 10]
4 Worker 2 forwarding task 2
5 Worker 3 accepting task 1
5 Worker 0 accepting task 0
5 Worker 1 accepting task 2
5 Worker 3 processing task 1 requiring operations [1, 9]
5 Worker 3 forwarding task 1
5 Worker 0 processing task 0 requiring operations [1]
5 Worker 0 forwarding task 0
5 Worker 1 processing task 2 requiring operations [9, 2, 10]
5 Worker 1 performing operation 2 on task 2
6 Generated task 3
6 Worker 1 accepting task 3
6 Worker 2 accepting task 1
6 Worker 4 accepting task 0
6 Worker 1 accepting task 2
6 Worker 1 processing task 3 requiring operations [9, 3, 2]
6 Worker 1 performing operation 3 on task 3
6 Worker 2 processing task 1 requiring operations [1, 9]
6 Worker 2 forwarding task 1
6 Worker 4 processing task 0 requiring operations [1]
6 Worker 4 performing operation 1 on task 0
7 Worker 1 accepting task 3
7 Worker 0 accepting task 1
7 Task 0 completed!
7 Worker 1 processing task 2 requiring operations [9, 10]
7 Worker 1 forwarding task 2
7 Worker 0 processing task 1 requiring operations [1, 9]
7 Worker 0 forwarding task 1
8 Generated task 4
8 Worker 0 accepting task 4
8 Worker 0 accepting task 2
8 Worker 3 accepting task 1
8 Worker 1 processing task 3 requiring operations [9, 2]
8 Worker 1 performing operation 2 on task 3
8 Worker 0 processing task 4 requiring operations [6, 2, 4]
8 Worker 0 forwarding task 4
8 Worker 3 processing task 1 requiring operations [1, 9]
8 Worker 3 forwarding task 1
9 Worker 1 accepting task 3
9 Worker 2 accepting task 4
9 Worker 2 accepting task 1
9 Worker 1 processing task 3 requiring operations [9]
9 Worker 1 forwarding task 3
9 Worker 0 processing task 2 requiring operations [9, 10]
9 Worker 0 performing operation 10 on task 2
9 Worker 2 processing task 4 requiring operations [6, 2, 4]
9 Worker 2 forwarding task 4
10 Generated task 5
10 Worker 1 accepting task 5
10 Worker 4 accepting task 3
10 Worker 0 accepting task 2
10 Worker 3 accepting task 4
10 Worker 1 processing task 5 requiring operations [6, 4, 7]
10 Worker 1 performing operation 6 on task 5
10 Worker 0 processing task 2 requiring operations [9]
10 Worker 0 forwarding task 2
10 Worker 2 processing task 1 requiring operations [1, 9]
10 Worker 2 forwarding task 1
10 Worker 4 processing task 3 requiring operations [9]
10 Worker 4 performing operation 9 on task 3
10 Worker 3 processing task 4 requiring operations [6, 2, 4]
10 Worker 3 performing operation 4 on task 4
11 Worker 1 accepting task 5
11 Worker 4 accepting task 2
11 Worker 1 accepting task 1
11 Task 3 completed!
11 Worker 3 accepting task 4
11 Worker 1 processing task 5 requiring operations [4, 7]
11 Worker 1 forwarding task 5
11 Worker 4 processing task 2 requiring operations [9]
11 Worker 4 performing operation 9 on task 2
11 Worker 3 processing task 4 requiring operations [6, 2]
11 Worker 3 performing operation 6 on task 4
12 Generated task 6
12 Worker 0 accepting task 6
12 Worker 4 accepting task 5
12 Task 2 completed!
12 Worker 3 accepting task 4
12 Worker 1 processing task 1 requiring operations [1, 9]
12 Worker 1 forwarding task 1
12 Worker 4 processing task 5 requiring operations [4, 7]
12 Worker 4 forwarding task 5
12 Worker 3 processing task 4 requiring operations [2]
12 Worker 3 forwarding task 4
12 Worker 0 processing task 6 requiring operations [3, 10, 9]
12 Worker 0 performing operation 10 on task 6
13 Worker 2 accepting task 1
13 Worker 0 accepting task 5
13 Worker 0 accepting task 4
13 Worker 0 accepting task 6
13 Worker 0 processing task 5 requiring operations [4, 7]
13 Worker 0 forwarding task 5
13 Worker 2 processing task 1 requiring operations [1, 9]
13 Worker 2 forwarding task 1
14 Generated task 7
14 Worker 1 accepting task 7
14 Worker 4 accepting task 5
14 Worker 3 accepting task 1
14 Worker 0 processing task 4 requiring operations [2]
14 Worker 0 forwarding task 4
14 Worker 1 processing task 7 requiring operations [9, 7, 5]
14 Worker 1 forwarding task 7
14 Worker 4 processing task 5 requiring operations [4, 7]
14 Worker 4 forwarding task 5
14 Worker 3 processing task 1 requiring operations [1, 9]
14 Worker 3 forwarding task 1
15 Worker 1 accepting task 4
15 Worker 0 accepting task 7
15 Worker 0 accepting task 5
15 Worker 0 accepting task 1
15 Worker 0 processing task 6 requiring operations [3, 9]
15 Worker 0 forwarding task 6
15 Worker 1 processing task 4 requiring operations [2]
15 Worker 1 performing operation 2 on task 4
16 Generated task 8
16 Worker 0 accepting task 8
16 Worker 1 accepting task 6
16 Task 4 completed!
16 Worker 0 processing task 7 requiring operations [9, 7, 5]
16 Worker 0 forwarding task 7
16 Worker 1 processing task 6 requiring operations [3, 9]
16 Worker 1 performing operation 3 on task 6
17 Worker 4 accepting task 7
17 Worker 1 accepting task 6
17 Worker 0 processing task 5 requiring operations [4, 7]
17 Worker 0 forwarding task 5
17 Worker 1 processing task 6 requiring operations [9]
17 Worker 1 forwarding task 6
17 Worker 4 processing task 7 requiring operations [9, 7, 5]
17 Worker 4 performing operation 9 on task 7
18 Generated task 9
18 Worker 3 accepting task 9
18 Worker 1 accepting task 5
18 Worker 4 accepting task 6
18 Worker 4 accepting task 7
18 Worker 0 processing task 1 requiring operations [1, 9]
18 Worker 0 forwarding task 1
18 Worker 1 processing task 5 requiring operations [4, 7]
18 Worker 1 forwarding task 5
18 Worker 4 processing task 6 requiring operations [9]
18 Worker 4 performing operation 9 on task 6
18 Worker 3 processing task 9 requiring operations [5, 2, 7]
18 Worker 3 performing operation 5 on task 9
19 Worker 4 accepting task 1
19 Worker 2 accepting task 5
19 Task 6 completed!
19 Worker 3 accepting task 9
19 Worker 0 processing task 8 requiring operations [10, 8, 2]
19 Worker 0 performing operation 10 on task 8
19 Worker 4 processing task 7 requiring operations [7, 5]
19 Worker 4 performing operation 5 on task 7
19 Worker 3 processing task 9 requiring operations [2, 7]
19 Worker 3 performing operation 7 on task 9
19 Worker 2 processing task 5 requiring operations [4, 7]
19 Worker 2 forwarding task 5
20 Generated task 10
20 Worker 2 accepting task 10
20 Worker 0 accepting task 8
20 Worker 4 accepting task 7
20 Worker 3 accepting task 9
20 Worker 3 accepting task 5
20 Worker 0 processing task 8 requiring operations [8, 2]
20 Worker 0 forwarding task 8
20 Worker 4 processing task 1 requiring operations [1, 9]
20 Worker 4 performing operation 9 on task 1
20 Worker 3 processing task 9 requiring operations [2]
20 Worker 3 forwarding task 9
20 Worker 2 processing task 10 requiring operations [8, 9, 2]
20 Worker 2 forwarding task 10
21 Worker 4 accepting task 8
21 Worker 4 accepting task 1
21 Worker 2 accepting task 9
21 Worker 0 accepting task 10
21 Worker 4 processing task 7 requiring operations [7]
21 Worker 4 forwarding task 7
21 Worker 3 processing task 5 requiring operations [4, 7]
21 Worker 3 performing operation 4 on task 5
21 Worker 2 processing task 9 requiring operations [2]
21 Worker 2 forwarding task 9
21 Worker 0 processing task 10 requiring operations [8, 9, 2]
21 Worker 0 forwarding task 10
22 Generated task 11
22 Worker 0 accepting task 11
22 Worker 1 accepting task 7
22 Worker 3 accepting task 5
22 Worker 0 accepting task 9
22 Worker 2 accepting task 10
22 Worker 4 processing task 8 requiring operations [8, 2]
22 Worker 4 performing operation 2 on task 8
22 Worker 3 processing task 5 requiring operations [7]
22 Worker 3 performing operation 7 on task 5
22 Worker 0 processing task 11 requiring operations [10, 9, 8]
22 Worker 0 performing operation 10 on task 11
22 Worker 1 processing task 7 requiring operations [7]
22 Worker 1 forwarding task 7
22 Worker 2 processing task 10 requiring operations [8, 9, 2]
22 Worker 2 forwarding task 10
23 Worker 4 accepting task 8
23 Task 5 completed!
23 Worker 0 accepting task 11
23 Worker 0 accepting task 7
23 Worker 0 accepting task 10
23 Worker 4 processing task 1 requiring operations [1]
23 Worker 4 performing operation 1 on task 1
23 Worker 0 processing task 9 requiring operations [2]
23 Worker 0 forwarding task 9
24 Generated task 12
24 Worker 2 accepting task 12
24 Task 1 completed!
24 Worker 3 accepting task 9
24 Worker 4 processing task 8 requiring operations [8]
24 Worker 4 forwarding task 8
24 Worker 0 processing task 11 requiring operations [9, 8]
24 Worker 0 forwarding task 11
24 Worker 2 processing task 12 requiring operations [2, 3, 4]
24 Worker 2 performing operation 3 on task 12
24 Worker 3 processing task 9 requiring operations [2]
24 Worker 3 forwarding task 9
25 Worker 1 accepting task 8
25 Worker 3 accepting task 11
25 Worker 2 accepting task 12
25 Worker 2 accepting task 9
25 Worker 0 processing task 7 requiring operations [7]
25 Worker 0 forwarding task 7
25 Worker 2 processing task 12 requiring operations [2, 4]
25 Worker 2 forwarding task 12
25 Worker 3 processing task 11 requiring operations [9, 8]
25 Worker 3 performing operation 8 on task 11
25 Worker 1 processing task 8 requiring operations [8]
25 Worker 1 forwarding task 8
26 Generated task 13
26 Worker 1 accepting task 13
26 Worker 4 accepting task 7
26 Worker 0 accepting task 12
26 Worker 3 accepting task 11
26 Worker 0 accepting task 8
26 Worker 0 processing task 10 requiring operations [8, 9, 2]
26 Worker 0 forwarding task 10
26 Worker 2 processing task 9 requiring operations [2]
26 Worker 2 forwarding task 9
26 Worker 3 processing task 11 requiring operations [9]
26 Worker 3 forwarding task 11
26 Worker 1 processing task 13 requiring operations [8, 10, 1]
26 Worker 1 forwarding task 13
26 Worker 4 processing task 7 requiring operations [7]
26 Worker 4 forwarding task 7
27 Worker 4 accepting task 10
27 Worker 0 accepting task 9
27 Worker 0 accepting task 11
27 Worker 2 accepting task 13
27 Worker 0 accepting task 7
27 Worker 0 processing task 12 requiring operations [2, 4]
27 Worker 0 forwarding task 12
27 Worker 4 processing task 10 requiring operations [8, 9, 2]
27 Worker 4 performing operation 2 on task 10
27 Worker 2 processing task 13 requiring operations [8, 10, 1]
27 Worker 2 forwarding task 13
28 Generated task 14
28 Worker 2 accepting task 14
28 Worker 3 accepting task 12
28 Worker 4 accepting task 10
28 Worker 3 accepting task 13
28 Worker 0 processing task 8 requiring operations [8]
28 Worker 0 forwarding task 8
28 Worker 4 processing task 10 requiring operations [8, 9]
28 Worker 4 performing operation 9 on task 10
28 Worker 2 processing task 14 requiring operations [8, 4, 6]
28 Worker 2 forwarding task 14
28 Worker 3 processing task 12 requiring operations [2, 4]
28 Worker 3 performing operation 4 on task 12
29 Worker 3 accepting task 8
29 Worker 4 accepting task 10
29 Worker 1 accepting task 14
29 Worker 3 accepting task 12
29 Worker 0 processing task 9 requiring operations [2]
29 Worker 0 forwarding task 9
29 Worker 4 processing task 10 requiring operations [8]
29 Worker 4 forwarding task 10
29 Worker 3 processing task 13 requiring operations [8, 10, 1]
29 Worker 3 performing operation 8 on task 13
29 Worker 1 processing task 14 requiring operations [8, 4, 6]
29 Worker 1 performing operation 6 on task 14
30 Generated task 15
30 Worker 3 accepting task 15
30 Worker 2 accepting task 9
30 Worker 1 accepting task 10
30 Worker 3 accepting task 13
30 Worker 1 accepting task 14
30 Worker 0 processing task 11 requiring operations [9]
30 Worker 0 forwarding task 11
30 Worker 3 processing task 8 requiring operations [8]
30 Worker 3 performing operation 8 on task 8
30 Worker 1 processing task 10 requiring operations [8]
30 Worker 1 forwarding task 10
30 Worker 2 processing task 9 requiring operations [2]
30 Worker 2 forwarding task 9
31 Worker 2 accepting task 11
31 Task 8 completed!
31 Worker 2 accepting task 10
31 Worker 3 accepting task 9
31 Worker 0 processing task 7 requiring operations [7]
31 Worker 0 forwarding task 7
31 Worker 3 processing task 12 requiring operations [2]
31 Worker 3 forwarding task 12
31 Worker 1 processing task 14 requiring operations [8, 4]
31 Worker 1 forwarding task 14
31 Worker 2 processing task 11 requiring operations [9]
31 Worker 2 forwarding task 11
32 Generated task 16
32 Worker 3 accepting task 16
32 Worker 3 accepting task 7
32 Worker 2 accepting task 12
32 Worker 4 accepting task 14
32 Worker 0 accepting task 11
32 Worker 3 processing task 15 requiring operations [8, 10, 1]
32 Worker 3 performing operation 8 on task 15
32 Worker 2 processing task 10 requiring operations [8]
32 Worker 2 forwarding task 10
32 Worker 4 processing task 14 requiring operations [8, 4]
32 Worker 4 forwarding task 14
32 Worker 0 processing task 11 requiring operations [9]
32 Worker 0 forwarding task 11
33 Worker 3 accepting task 15
33 Worker 0 accepting task 10
33 Worker 1 accepting task 14
33 Worker 4 accepting task 11
33 Worker 3 processing task 13 requiring operations [10, 1]
33 Worker 3 forwarding task 13
33 Worker 2 processing task 12 requiring operations [2]
33 Worker 2 forwarding task 12
33 Worker 0 processing task 10 requiring operations [8]
33 Worker 0 forwarding task 10
33 Worker 1 processing task 14 requiring operations [8, 4]
33 Worker 1 forwarding task 14
33 Worker 4 processing task 11 requiring operations [9]
33 Worker 4 performing operation 9 on task 11
34 Generated task 17
34 Worker 4 accepting task 17
34 Worker 2 accepting task 13
34 Worker 3 accepting task 12
34 Worker 3 accepting task 10
34 Worker 2 accepting task 14
34 Task 11 completed!
34 Worker 3 processing task 9 requiring operations [2]
34 Worker 3 forwarding task 9
34 Worker 2 processing task 13 requiring operations [10, 1]
34 Worker 2 forwarding task 13
34 Worker 4 processing task 17 requiring operations [3, 6, 8]
34 Worker 4 forwarding task 17
35 Worker 2 accepting task 9
35 Worker 1 accepting task 13
35 Worker 1 accepting task 17
35 Worker 3 processing task 16 requiring operations [2, 8, 7]
35 Worker 3 performing operation 8 on task 16
35 Worker 2 processing task 14 requiring operations [8, 4]
35 Worker 2 forwarding task 14
35 Worker 1 processing task 13 requiring operations [10, 1]
35 Worker 1 forwarding task 13
36 Generated task 18
36 Worker 1 accepting task 18
36 Worker 3 accepting task 16
36 Worker 1 accepting task 14
36 Worker 0 accepting task 13
36 Worker 3 processing task 7 requiring operations [7]
36 Worker 3 performing operation 7 on task 7
36 Worker 2 processing task 9 requiring operations [2]
36 Worker 2 forwarding task 9
36 Worker 1 processing task 17 requiring operations [3, 6, 8]
36 Worker 1 performing operation 3 on task 17
36 Worker 0 processing task 13 requiring operations [10, 1]
36 Worker 0 performing operation 10 on task 13
37 Task 7 completed!
37 Worker 0 accepting task 9
37 Worker 1 accepting task 17
37 Worker 0 accepting task 13
37 Worker 3 processing task 15 requiring operations [10, 1]
37 Worker 3 forwarding task 15
37 Worker 1 processing task 18 requiring operations [7, 1, 2]
37 Worker 1 performing operation 2 on task 18
37 Worker 0 processing task 9 requiring operations [2]
37 Worker 0 forwarding task 9
38 Generated task 19
38 Worker 0 accepting task 19
38 Worker 2 accepting task 15
38 Worker 1 accepting task 18
38 Worker 3 accepting task 9
38 Worker 3 processing task 12 requiring operations [2]
38 Worker 3 forwarding task 12
38 Worker 1 processing task 14 requiring operations [8, 4]
38 Worker 1 forwarding task 14
38 Worker 0 processing task 13 requiring operations [1]
38 Worker 0 forwarding task 13
38 Worker 2 processing task 15 requiring operations [10, 1]
38 Worker 2 forwarding task 15
39 Worker 0 accepting task 12
39 Worker 0 accepting task 14
39 Worker 3 accepting task 13
39 Worker 1 accepting task 15
39 Worker 3 processing task 10 requiring operations [8]
39 Worker 3 performing operation 8 on task 10
39 Worker 1 processing task 17 requiring operations [6, 8]
39 Worker 1 performing operation 6 on task 17
39 Worker 0 processing task 19 requiring operations [3, 5, 7]
39 Worker 0 forwarding task 19
40 Generated task 20
40 Worker 1 accepting task 20
40 Task 10 completed!
40 Worker 1 accepting task 17
40 Worker 4 accepting task 19
40 Worker 3 processing task 16 requiring operations [2, 7]
40 Worker 3 performing operation 7 on task 16
40 Worker 1 processing task 18 requiring operations [7, 1]
40 Worker 1 forwarding task 18
40 Worker 0 processing task 12 requiring operations [2]
40 Worker 0 forwarding task 12
40 Worker 4 processing task 19 requiring operations [3, 5, 7]
40 Worker 4 performing operation 5 on task 19
41 Worker 3 accepting task 16
41 Worker 0 accepting task 18
41 Worker 1 accepting task 12
41 Worker 4 accepting task 19
41 Worker 3 processing task 9 requiring operations [2]
41 Worker 3 forwarding task 9
41 Worker 1 processing task 15 requiring operations [10, 1]
41 Worker 1 forwarding task 15
41 Worker 0 processing task 14 requiring operations [8, 4]
41 Worker 0 forwarding task 14
41 Worker 4 processing task 19 requiring operations [3, 7]
41 Worker 4 forwarding task 19
42 Generated task 21
42 Worker 2 accepting task 21
42 Worker 0 accepting task 9
42 Worker 2 accepting task 15
42 Worker 1 accepting task 14
42 Worker 1 accepting task 19
42 Worker 3 processing task 13 requiring operations [1]
42 Worker 3 forwarding task 13
42 Worker 1 processing task 20 requiring operations [8, 3, 4]
42 Worker 1 performing operation 3 on task 20
42 Worker 0 processing task 18 requiring operations [7, 1]
42 Worker 0 forwarding task 18
42 Worker 2 processing task 21 requiring operations [3, 1, 4]
42 Worker 2 performing operation 3 on task 21
43 Worker 0 accepting task 13
43 Worker 1 accepting task 20
43 Worker 2 accepting task 18
43 Worker 2 accepting task 21
43 Worker 3 processing task 16 requiring operations [2]
43 Worker 3 forwarding task 16
43 Worker 1 processing task 17 requiring operations [8]
43 Worker 1 forwarding task 17
43 Worker 0 processing task 9 requiring operations [2]
43 Worker 0 forwarding task 9
43 Worker 2 processing task 15 requiring operations [10, 1]
43 Worker 2 forwarding task 15
44 Generated task 22
44 Worker 4 accepting task 22
44 Worker 2 accepting task 16
44 Worker 4 accepting task 17
44 Worker 1 accepting task 9
44 Worker 0 accepting task 15
44 Worker 1 processing task 12 requiring operations [2]
44 Worker 1 performing operation 2 on task 12
44 Worker 0 processing task 13 requiring operations [1]
44 Worker 0 forwarding task 13
44 Worker 2 processing task 18 requiring operations [7, 1]
44 Worker 2 forwarding task 18
44 Worker 4 processing task 22 requiring operations [1, 8, 5]
44 Worker 4 performing operation 1 on task 22
45 Task 12 completed!
45 Worker 2 accepting task 13
45 Worker 0 accepting task 18
45 Worker 4 accepting task 22
45 Worker 1 processing task 14 requiring operations [8, 4]
45 Worker 1 forwarding task 14
45 Worker 0 processing task 15 requiring operations [10, 1]
45 Worker 0 performing operation 10 on task 15
45 Worker 2 processing task 21 requiring operations [1, 4]
45 Worker 2 forwarding task 21
45 Worker 4 processing task 17 requiring operations [8]
45 Worker 4 forwarding task 17
46 Generated task 23
46 Worker 2 accepting task 23
46 Worker 4 accepting task 14
46 Worker 0 accepting task 15
46 Worker 1 accepting task 21
46 Worker 1 accepting task 17
46 Worker 1 processing task 19 requiring operations [3, 7]
46 Worker 1 performing operation 3 on task 19
46 Worker 0 processing task 18 requiring operations [7, 1]
46 Worker 0 forwarding task 18
46 Worker 2 processing task 16 requiring operations [2]
46 Worker 2 forwarding task 16
46 Worker 4 processing task 22 requiring operations [8, 5]
46 Worker 4 performing operation 5 on task 22
47 Worker 1 accepting task 19
47 Worker 4 accepting task 18
47 Worker 3 accepting task 16
47 Worker 4 accepting task 22
47 Worker 1 processing task 20 requiring operations [8, 4]
47 Worker 1 forwarding task 20
47 Worker 0 processing task 15 requiring operations [1]
47 Worker 0 forwarding task 15
47 Worker 2 processing task 13 requiring operations [1]
47 Worker 2 forwarding task 13
47 Worker 4 processing task 14 requiring operations [8, 4]
47 Worker 4 forwarding task 14
47 Worker 3 processing task 16 requiring operations [2]
47 Worker 3 forwarding task 16
48 Generated task 24
48 Worker 0 accepting task 24
48 Worker 0 accepting task 20
48 Worker 4 accepting task 15
48 Worker 3 accepting task 13
48 Worker 1 accepting task 14
48 Worker 0 accepting task 16
48 Worker 1 processing task 9 requiring operations [2]
48 Worker 1 performing operation 2 on task 9
48 Worker 0 processing task 24 requiring operations [5, 4, 7]
48 Worker 0 forwarding task 24
48 Worker 2 processing task 23 requiring operations [6, 4, 8]
48 Worker 2 forwarding task 23
48 Worker 4 processing task 18 requiring operations [7, 1]
48 Worker 4 performing operation 1 on task 18
48 Worker 3 processing task 13 requiring operations [1]
48 Worker 3 forwarding task 13
49 Task 9 completed!
49 Worker 4 accepting task 24
49 Worker 1 accepting task 23
49 Worker 4 accepting task 18
49 Worker 2 accepting task 13
49 Worker 1 processing task 21 requiring operations [1, 4]
49 Worker 1 forwarding task 21
49 Worker 0 processing task 20 requiring operations [8, 4]
49 Worker 0 forwarding task 20
49 Worker 4 processing task 22 requiring operations [8]
49 Worker 4 forwarding task 22
49 Worker 2 processing task 13 requiring operations [1]
49 Worker 2 forwarding task 13
50 Generated task 25
50 Worker 4 accepting task 25
50 Worker 4 accepting task 21
50 Worker 2 accepting task 20
50 Worker 0 accepting task 22
50 Worker 3 accepting task 13
50 Worker 1 processing task 17 requiring operations [8]
50 Worker 1 forwarding task 17
50 Worker 0 processing task 16 requiring operations [2]
50 Worker 0 forwarding task 16
50 Worker 4 processing task 15 requiring operations [1]
50 Worker 4 performing operation 1 on task 15
50 Worker 2 processing task 20 requiring operations [8, 4]
50 Worker 2 forwarding task 20
50 Worker 3 processing task 13 requiring operations [1]
50 Worker 3 forwarding task 13
51 Worker 4 accepting task 17
51 Worker 4 accepting task 16
51 Task 15 completed!
51 Worker 3 accepting task 20
51 Worker 2 accepting task 13
51 Worker 1 processing task 19 requiring operations [7]
51 Worker 1 forwarding task 19
51 Worker 0 processing task 22 requiring operations [8]
51 Worker 0 forwarding task 22
51 Worker 4 processing task 24 requiring operations [5, 4, 7]
51 Worker 4 performing operation 5 on task 24
51 Worker 3 processing task 20 requiring operations [8, 4]
51 Worker 3 performing operation 8 on task 20
51 Worker 2 processing task 13 requiring operations [1]
51 Worker 2 forwarding task 13
52 Generated task 26
52 Worker 0 accepting task 26
52 Worker 2 accepting task 19
52 Worker 2 accepting task 22
52 Worker 4 accepting task 24
52 Worker 3 accepting task 20
52 Worker 0 accepting task 13
52 Worker 1 processing task 14 requiring operations [8, 4]
52 Worker 1 forwarding task 14
52 Worker 0 processing task 26 requiring operations [4, 2, 6]
52 Worker 0 forwarding task 26
52 Worker 4 processing task 18 requiring operations [7]
52 Worker 4 forwarding task 18
52 Worker 3 processing task 20 requiring operations [4]
52 Worker 3 performing operation 4 on task 20
52 Worker 2 processing task 19 requiring operations [7]
52 Worker 2 forwarding task 19
53 Worker 0 accepting task 14
53 Worker 1 accepting task 26
53 Worker 1 accepting task 18
53 Task 20 completed!
53 Worker 0 accepting task 19
53 Worker 1 processing task 23 requiring operations [6, 4, 8]
53 Worker 1 performing operation 6 on task 23
53 Worker 0 processing task 13 requiring operations [1]
53 Worker 0 forwarding task 13
53 Worker 4 processing task 25 requiring operations [3, 6, 10]
53 Worker 4 forwarding task 25
53 Worker 2 processing task 22 requiring operations [8]
53 Worker 2 forwarding task 22
54 Generated task 27
54 Worker 3 accepting task 27
54 Worker 1 accepting task 23
54 Worker 3 accepting task 13
54 Worker 1 accepting task 25
54 Worker 0 accepting task 22
54 Worker 1 processing task 26 requiring operations [4, 2, 6]
54 Worker 1 performing operation 6 on task 26
54 Worker 0 processing task 14 requiring operations [8, 4]
54 Worker 0 forwarding task 14
54 Worker 4 processing task 21 requiring operations [1, 4]
54 Worker 4 performing operation 1 on task 21
54 Worker 3 processing task 27 requiring operations [5, 1, 4]
54 Worker 3 performing operation 5 on task 27
55 Worker 1 accepting task 26
55 Worker 2 accepting task 14
55 Worker 4 accepting task 21
55 Worker 3 accepting task 27
55 Worker 1 processing task 18 requiring operations [7]
55 Worker 1 forwarding task 18
55 Worker 0 processing task 19 requiring operations [7]
55 Worker 0 forwarding task 19
55 Worker 4 processing task 17 requiring operations [8]
55 Worker 4 forwarding task 17
55 Worker 3 processing task 13 requiring operations [1]
55 Worker 3 forwarding task 13
55 Worker 2 processing task 14 requiring operations [8, 4]
55 Worker 2 forwarding task 14
56 Generated task 28
56 Worker 2 accepting task 28
56 Worker 2 accepting task 18
56 Worker 2 accepting task 19
56 Worker 0 accepting task 17
56 Worker 0 accepting task 13
56 Worker 1 accepting task 14
56 Worker 1 processing task 23 requiring operations [4, 8]
56 Worker 1 forwarding task 23
56 Worker 0 processing task 22 requiring operations [8]
56 Worker 0 forwarding task 22
56 Worker 4 processing task 16 requiring operations [2]
56 Worker 4 performing operation 2 on task 16
56 Worker 3 processing task 27 requiring operations [1, 4]
56 Worker 3 performing operation 4 on task 27
56 Worker 2 processing task 28 requiring operations [9, 7, 10]
56 Worker 2 forwarding task 28
57 Worker 0 accepting task 23
57 Worker 3 accepting task 22
57 Task 16 completed!
57 Worker 3 accepting task 27
57 Worker 3 accepting task 28
57 Worker 1 processing task 25 requiring operations [3, 6, 10]
57 Worker 1 performing operation 3 on task 25
57 Worker 0 processing task 17 requiring operations [8]
57 Worker 0 forwarding task 17
57 Worker 4 processing task 24 requiring operations [4, 7]
57 Worker 4 forwarding task 24
57 Worker 3 processing task 22 requiring operations [8]
57 Worker 3 performing operation 8 on task 22
57 Worker 2 processing task 18 requiring operations [7]
57 Worker 2 forwarding task 18
58 Generated task 29
58 Worker 1 accepting task 29
58 Worker 1 accepting task 25
58 Worker 2 accepting task 17
58 Worker 1 accepting task 24
58 Task 22 completed!
58 Worker 0 accepting task 18
58 Worker 1 processing task 26 requiring operations [4, 2]
58 Worker 1 performing operation 2 on task 26
58 Worker 0 processing task 13 requiring operations [1]
58 Worker 0 forwarding task 13
58 Worker 4 processing task 21 requiring operations [4]
58 Worker 4 forwarding task 21
58 Worker 3 processing task 27 requiring operations [1]
58 Worker 3 forwarding task 27
58 Worker 2 processing task 19 requiring operations [7]
58 Worker 2 forwarding task 19
59 Worker 1 accepting task 26
59 Worker 4 accepting task 13
59 Worker 0 accepting task 21
59 Worker 2 accepting task 27
59 Worker 1 accepting task 19
59 Worker 1 processing task 14 requiring operations [8, 4]
59 Worker 1 forwarding task 14
59 Worker 0 processing task 23 requiring operations [4, 8]
59 Worker 0 forwarding task 23
59 Worker 4 processing task 13 requiring operations [1]
59 Worker 4 performing operation 1 on task 13
59 Worker 3 processing task 28 requiring operations [9, 7, 10]
59 Worker 3 performing operation 7 on task 28
59 Worker 2 processing task 17 requiring operations [8]
59 Worker 2 forwarding task 17
60 Generated task 30
60 Worker 4 accepting task 30
60 Worker 2 accepting task 14
60 Worker 3 accepting task 23
60 Task 13 completed!
60 Worker 3 accepting task 28
60 Worker 3 accepting task 17
60 Worker 1 processing task 29 requiring operations [1, 3, 2]
60 Worker 1 performing operation 3 on task 29
60 Worker 0 processing task 18 requiring operations [7]
60 Worker 0 forwarding task 18
60 Worker 4 processing task 30 requiring operations [6, 3, 9]
60 Worker 4 performing operation 9 on task 30
60 Worker 3 processing task 23 requiring operations [4, 8]
60 Worker 3 performing operation 8 on task 23
60 Worker 2 processing task 27 requiring operations [1]
60 Worker 2 forwarding task 27
61 Worker 1 accepting task 29
61 Worker 4 accepting task 18
61 Worker 4 accepting task 30
61 Worker 3 accepting task 23
61 Worker 0 accepting task 27
61 Worker 1 processing task 25 requiring operations [6, 10]
61 Worker 1 performing operation 6 on task 25
61 Worker 0 processing task 21 requiring operations [4]
61 Worker 0 forwarding task 21
61 Worker 4 processing task 18 requiring operations [7]
61 Worker 4 forwarding task 18
61 Worker 3 processing task 28 requiring operations [9, 10]
61 Worker 3 forwarding task 28
61 Worker 2 processing task 14 requiring operations [8, 4]
61 Worker 2 forwarding task 14
62 Generated task 31
62 Worker 4 accepting task 31
62 Worker 1 accepting task 25
62 Worker 4 accepting task 21
62 Worker 0 accepting task 18
62 Worker 0 accepting task 28
62 Worker 0 accepting task 14
62 Worker 1 processing task 24 requiring operations [4, 7]
62 Worker 1 forwarding task 24
62 Worker 0 processing task 27 requiring operations [1]
62 Worker 0 forwarding task 27
62 Worker 4 processing task 30 requiring operations [6, 3]
62 Worker 4 forwarding task 30
62 Worker 3 processing task 17 requiring operations [8]
62 Worker 3 performing operation 8 on task 17
63 Worker 0 accepting task 24
63 Worker 4 accepting task 27
63 Worker 0 accepting task 30
63 Task 17 completed!
63 Worker 1 processing task 26 requiring operations [4]
63 Worker 1 forwarding task 26
63 Worker 0 processing task 18 requiring operations [7]
63 Worker 0 forwarding task 18
63 Worker 4 processing task 31 requiring operations [1, 6, 10]
63 Worker 4 performing operation 1 on task 31
63 Worker 3 processing task 23 requiring operations [4]
63 Worker 3 performing operation 4 on task 23
64 Generated task 32
64 Worker 0 accepting task 32
64 Worker 0 accepting task 26
64 Worker 3 accepting task 18
64 Worker 4 accepting task 31
64 Task 23 completed!
64 Worker 1 processing task 19 requiring operations [7]
64 Worker 1 forwarding task 19
64 Worker 0 processing task 28 requiring operations [9, 10]
64 Worker 0 performing operation 10 on task 28
64 Worker 4 processing task 21 requiring operations [4]
64 Worker 4 forwarding task 21
64 Worker 3 processing task 18 requiring operations [7]
64 Worker 3 performing operation 7 on task 18
65 Worker 4 accepting task 19
65 Worker 0 accepting task 28
65 Worker 0 accepting task 21
65 Task 18 completed!
65 Worker 1 processing task 29 requiring operations [1, 2]
65 Worker 1 performing operation 2 on task 29
65 Worker 0 processing task 14 requiring operations [8, 4]
65 Worker 0 forwarding task 14
65 Worker 4 processing task 27 requiring operations [1]
65 Worker 4 performing operation 1 on task 27
66 Generated task 33
66 Worker 2 accepting task 33
66 Worker 1 accepting task 29
66 Worker 1 accepting task 14
66 Task 27 completed!
66 Worker 1 processing task 25 requiring operations [10]
66 Worker 1 forwarding task 25
66 Worker 0 processing task 24 requiring operations [4, 7]
66 Worker 0 forwarding task 24
66 Worker 4 processing task 31 requiring operations [6, 10]
66 Worker 4 forwarding task 31
66 Worker 2 processing task 33 requiring operations [9, 7, 10]
66 Worker 2 forwarding task 33
67 Worker 2 accepting task 25
67 Worker 4 accepting task 24
67 Worker 1 accepting task 31
67 Worker 0 accepting task 33
67 Worker 1 processing task 29 requiring operations [1]
67 Worker 1 forwarding task 29
67 Worker 0 processing task 30 requiring operations [6, 3]
67 Worker 0 forwarding task 30
67 Worker 4 processing task 19 requiring operations [7]
67 Worker 4 forwarding task 19
67 Worker 2 processing task 25 requiring operations [10]
67 Worker 2 forwarding task 25
68 Generated task 34
68 Worker 2 accepting task 34
68 Worker 4 accepting task 29
68 Worker 1 accepting task 30
68 Worker 0 accepting task 19
68 Worker 3 accepting task 25
68 Worker 1 processing task 14 requiring operations [8, 4]
68 Worker 1 forwarding task 14
68 Worker 0 processing task 32 requiring operations [3, 4, 8]
68 Worker 0 forwarding task 32
68 Worker 4 processing task 24 requiring operations [4, 7]
68 Worker 4 forwarding task 24
68 Worker 2 processing task 34 requiring operations [3, 8, 1]
68 Worker 2 performing operation 3 on task 34
68 Worker 3 processing task 25 requiring operations [10]
68 Worker 3 forwarding task 25
69 Worker 0 accepting task 14
69 Worker 1 accepting task 32
69 Worker 0 accepting task 24
69 Worker 2 accepting task 34
69 Worker 2 accepting task 25
69 Worker 1 processing task 31 requiring operations [6, 10]
69 Worker 1 performing operation 6 on task 31
69 Worker 0 processing task 26 requiring operations [4]
69 Worker 0 forwarding task 26
69 Worker 4 processing task 29 requiring operations [1]
69 Worker 4 performing operation 1 on task 29
69 Worker 2 processing task 34 requiring operations [8, 1]
69 Worker 2 forwarding task 34
70 Generated task 35
70 Worker 3 accepting task 35
70 Worker 1 accepting task 31
70 Worker 1 accepting task 26
70 Task 29 completed!
70 Worker 1 accepting task 34
70 Worker 1 processing task 30 requiring operations [6, 3]
70 Worker 1 performing operation 6 on task 30
70 Worker 0 processing task 28 requiring operations [9]
70 Worker 0 forwarding task 28
70 Worker 2 processing task 25 requiring operations [10]
70 Worker 2 forwarding task 25
70 Worker 3 processing task 35 requiring operations [1, 8, 10]
70 Worker 3 performing operation 8 on task 35
71 Worker 1 accepting task 30
71 Worker 4 accepting task 28
71 Worker 3 accepting task 25
71 Worker 3 accepting task 35
71 Worker 1 processing task 32 requiring operations [3, 4, 8]
71 Worker 1 performing operation 3 on task 32
71 Worker 0 processing task 21 requiring operations [4]
71 Worker 0 forwarding task 21
71 Worker 3 processing task 25 requiring operations [10]
71 Worker 3 forwarding task 25
71 Worker 4 processing task 28 requiring operations [9]
71 Worker 4 performing operation 9 on task 28
72 Generated task 36
72 Worker 0 accepting task 36
72 Worker 1 accepting task 32
72 Worker 1 accepting task 21
72 Worker 0 accepting task 25
72 Task 28 completed!
72 Worker 1 processing task 31 requiring operations [10]
72 Worker 1 forwarding task 31
72 Worker 0 processing task 33 requiring operations [9, 7, 10]
72 Worker 0 performing operation 10 on task 33
72 Worker 3 processing task 35 requiring operations [1, 10]
72 Worker 3 forwarding task 35
73 Worker 4 accepting task 31
73 Worker 0 accepting task 33
73 Worker 2 accepting task 35
73 Worker 1 processing task 26 requiring operations [4]
73 Worker 1 forwarding task 26
73 Worker 0 processing task 19 requiring operations [7]
73 Worker 0 forwarding task 19
73 Worker 4 processing task 31 requiring operations [10]
73 Worker 4 forwarding task 31
73 Worker 2 processing task 35 requiring operations [1, 10]
73 Worker 2 forwarding task 35
74 Generated task 37
74 Worker 3 accepting task 37
74 Worker 4 accepting task 26
74 Worker 4 accepting task 19
74 Worker 1 accepting task 31
74 Worker 0 accepting task 35
74 Worker 1 processing task 34 requiring operations [8, 1]
74 Worker 1 forwarding task 34
74 Worker 0 processing task 14 requiring operations [8, 4]
74 Worker 0 forwarding task 14
74 Worker 4 processing task 26 requiring operations [4]
74 Worker 4 forwarding task 26
74 Worker 3 processing task 37 requiring operations [7, 4, 9]
74 Worker 3 performing operation 4 on task 37
75 Worker 4 accepting task 34
75 Worker 3 accepting task 14
75 Worker 1 accepting task 26
75 Worker 3 accepting task 37
75 Worker 1 processing task 30 requiring operations [3]
75 Worker 1 performing operation 3 on task 30
75 Worker 0 processing task 24 requiring operations [4, 7]
75 Worker 0 forwarding task 24
75 Worker 4 processing task 19 requiring operations [7]
75 Worker 4 forwarding task 19
75 Worker 3 processing task 14 requiring operations [8, 4]
75 Worker 3 performing operation 4 on task 14
76 Generated task 38
76 Worker 3 accepting task 38
76 Task 30 completed!
76 Worker 2 accepting task 24
76 Worker 0 accepting task 19
76 Worker 3 accepting task 14
76 Worker 1 processing task 32 requiring operations [4, 8]
76 Worker 1 forwarding task 32
76 Worker 0 processing task 36 requiring operations [3, 10, 2]
76 Worker 0 performing operation 10 on task 36
76 Worker 4 processing task 34 requiring operations [8, 1]
76 Worker 4 performing operation 1 on task 34
76 Worker 3 processing task 37 requiring operations [7, 9]
76 Worker 3 performing operation 7 on task 37
76 Worker 2 processing task 24 requiring operations [4, 7]
76 Worker 2 forwarding task 24
77 Worker 2 accepting task 32
77 Worker 0 accepting task 36
77 Worker 4 accepting task 34
77 Worker 3 accepting task 37
77 Worker 3 accepting task 24
77 Worker 1 processing task 21 requiring operations [4]
77 Worker 1 forwarding task 21
77 Worker 0 processing task 25 requiring operations [10]
77 Worker 0 performing operation 10 on task 25
77 Worker 4 processing task 34 requiring operations [8]
77 Worker 4 forwarding task 34
77 Worker 3 processing task 38 requiring operations [10, 1, 5]
77 Worker 3 performing operation 5 on task 38
77 Worker 2 processing task 32 requiring operations [4, 8]
77 Worker 2 forwarding task 32
78 Generated task 39
78 Worker 2 accepting task 39
78 Worker 2 accepting task 21
78 Task 25 completed!
78 Worker 0 accepting task 34
78 Worker 3 accepting task 38
78 Worker 0 accepting task 32
78 Worker 1 processing task 31 requiring operations [10]
78 Worker 1 forwarding task 31
78 Worker 0 processing task 33 requiring operations [9, 7]
78 Worker 0 forwarding task 33
78 Worker 3 processing task 14 requiring operations [8]
78 Worker 3 performing operation 8 on task 14
78 Worker 2 processing task 39 requiring operations [10, 2, 1]
78 Worker 2 forwarding task 39
79 Worker 2 accepting task 31
79 Worker 1 accepting task 33
79 Task 14 completed!
79 Worker 3 accepting task 39
79 Worker 1 processing task 26 requiring operations [4]
79 Worker 1 forwarding task 26
79 Worker 0 processing task 35 requiring operations [1, 10]
79 Worker 0 performing operation 10 on task 35
79 Worker 3 processing task 37 requiring operations [9]
79 Worker 3 forwarding task 37
79 Worker 2 processing task 21 requiring operations [4]
79 Worker 2 forwarding task 21
80 Generated task 40
80 Worker 0 accepting task 40
80 Worker 2 accepting task 26
80 Worker 0 accepting task 35
80 Worker 2 accepting task 37
80 Worker 0 accepting task 21
80 Worker 1 processing task 33 requiring operations [9, 7]
80 Worker 1 forwarding task 33
80 Worker 0 processing task 19 requiring operations [7]
80 Worker 0 forwarding task 19
80 Worker 3 processing task 24 requiring operations [4, 7]
80 Worker 3 performing operation 4 on task 24
80 Worker 2 processing task 31 requiring operations [10]
80 Worker 2 forwarding task 31
81 Worker 2 accepting task 33
81 Worker 4 accepting task 19
81 Worker 3 accepting task 24
81 Worker 1 accepting task 31
81 Worker 0 processing task 36 requiring operations [3, 2]
81 Worker 0 forwarding task 36
81 Worker 3 processing task 38 requiring operations [10, 1]
81 Worker 3 forwarding task 38
81 Worker 2 processing task 26 requiring operations [4]
81 Worker 2 forwarding task 26
81 Worker 4 processing task 19 requiring operations [7]
81 Worker 4 forwarding task 19
81 Worker 1 processing task 31 requiring operations [10]
81 Worker 1 forwarding task 31
82 Generated task 41
82 Worker 4 accepting task 41
82 Worker 4 accepting task 36
82 Worker 0 accepting task 38
82 Worker 0 accepting task 26
82 Worker 1 accepting task 19
82 Worker 0 accepting task 31
82 Worker 0 processing task 34 requiring operations [8]
82 Worker 0 forwarding task 34
82 Worker 3 processing task 39 requiring operations [10, 2, 1]
82 Worker 3 forwarding task 39
82 Worker 2 processing task 37 requiring operations [9]
82 Worker 2 forwarding task 37
82 Worker 4 processing task 41 requiring operations [8, 10, 4]
82 Worker 4 forwarding task 41
82 Worker 1 processing task 19 requiring operations [7]
82 Worker 1 forwarding task 19
83 Worker 1 accepting task 34
83 Worker 2 accepting task 39
83 Worker 0 accepting task 37
83 Worker 0 accepting task 41
83 Worker 4 accepting task 19
83 Worker 0 processing task 32 requiring operations [4, 8]
83 Worker 0 forwarding task 32
83 Worker 3 processing task 24 requiring operations [7]
83 Worker 3 performing operation 7 on task 24
83 Worker 2 processing task 33 requiring operations [9, 7]
83 Worker 2 forwarding task 33
83 Worker 4 processing task 36 requiring operations [3, 2]
83 Worker 4 performing operation 2 on task 36
83 Worker 1 processing task 34 requiring operations [8]
83 Worker 1 forwarding task 34
84 Generated task 42
84 Worker 4 accepting task 42
84 Worker 2 accepting task 32
84 Task 24 completed!
84 Worker 0 accepting task 33
84 Worker 4 accepting task 36
84 Worker 2 accepting task 34
84 Worker 0 processing task 40 requiring operations [8, 5, 10]
84 Worker 0 performing operation 10 on task 40
84 Worker 2 processing task 39 requiring operations [10, 2, 1]
84 Worker 2 forwarding task 39
84 Worker 4 processing task 19 requiring operations [7]
84 Worker 4 forwarding task 19
85 Worker 0 accepting task 40
85 Worker 1 accepting task 39
85 Worker 1 accepting task 19
85 Worker 0 processing task 35 requiring operations [1]
85 Worker 0 forwarding task 35
85 Worker 2 processing task 32 requiring operations [4, 8]
85 Worker 2 forwarding task 32
85 Worker 4 processing task 42 requiring operations [4, 5, 2]
85 Worker 4 performing operation 2 on task 42
85 Worker 1 processing task 39 requiring operations [10, 2, 1]
85 Worker 1 performing operation 2 on task 39
86 Generated task 43
86 Worker 2 accepting task 43
86 Worker 4 accepting task 35
86 Worker 3 accepting task 32
86 Worker 4 accepting task 42
86 Worker 1 accepting task 39
86 Worker 0 processing task 21 requiring operations [4]
86 Worker 0 forwarding task 21
86 Worker 2 processing task 34 requiring operations [8]
86 Worker 2 forwarding task 34
86 Worker 4 processing task 36 requiring operations [3]
86 Worker 4 forwarding task 36
86 Worker 1 processing task 19 requiring operations [7]
86 Worker 1 forwarding task 19
86 Worker 3 processing task 32 requiring operations [4, 8]
86 Worker 3 performing operation 4 on task 32
87 Worker 2 accepting task 21
87 Worker 3 accepting task 34
87 Worker 1 accepting task 36
87 Worker 0 accepting task 19
87 Worker 3 accepting task 32
87 Worker 0 processing task 38 requiring operations [10, 1]
87 Worker 0 performing operation 10 on task 38
87 Worker 2 processing task 43 requiring operations [2, 5, 1]
87 Worker 2 forwarding task 43
87 Worker 4 processing task 35 requiring operations [1]
87 Worker 4 performing operation 1 on task 35
87 Worker 1 processing task 39 requiring operations [10, 1]
87 Worker 1 forwarding task 39
87 Worker 3 processing task 34 requiring operations [8]
87 Worker 3 performing operation 8 on task 34
88 Generated task 44
88 Worker 1 accepting task 44
88 Worker 0 accepting task 38
88 Worker 0 accepting task 43
88 Task 35 completed!
88 Worker 0 accepting task 39
88 Task 34 completed!
88 Worker 0 processing task 26 requiring operations [4]
88 Worker 0 forwarding task 26
88 Worker 2 processing task 21 requiring operations [4]
88 Worker 2 forwarding task 21
88 Worker 4 processing task 42 requiring operations [4, 5]
88 Worker 4 performing operation 5 on task 42
88 Worker 1 processing task 36 requiring operations [3]
88 Worker 1 performing operation 3 on task 36
88 Worker 3 processing task 32 requiring operations [8]
88 Worker 3 performing operation 8 on task 32
89 Worker 1 accepting task 26
89 Worker 1 accepting task 21
89 Worker 4 accepting task 42
89 Task 36 completed!
89 Task 32 completed!
89 Worker 0 processing task 31 requiring operations [10]
89 Worker 0 performing operation 10 on task 31
89 Worker 4 processing task 42 requiring operations [4]
89 Worker 4 forwarding task 42
89 Worker 1 processing task 44 requiring operations [3, 5, 9]
89 Worker 1 performing operation 3 on task 44
90 Generated task 45
90 Worker 1 accepting task 45
90 Task 31 completed!
90 Worker 0 accepting task 42
90 Worker 1 accepting task 44
90 Worker 0 processing task 37 requiring operations [9]
90 Worker 0 forwarding task 37
90 Worker 1 processing task 26 requiring operations [4]
90 Worker 1 forwarding task 26
91 Worker 3 accepting task 37
91 Worker 0 accepting task 26
91 Worker 0 processing task 41 requiring operations [8, 10, 4]
91 Worker 0 performing operation 10 on task 41
91 Worker 1 processing task 21 requiring operations [4]
91 Worker 1 forwarding task 21
91 Worker 3 processing task 37 requiring operations [9]
91 Worker 3 forwarding task 37
92 Generated task 46
92 Worker 1 accepting task 46
92 Worker 0 accepting task 41
92 Worker 0 accepting task 21
92 Worker 0 accepting task 37
92 Worker 0 processing task 33 requiring operations [9, 7]
92 Worker 0 forwarding task 33
92 Worker 1 processing task 45 requiring operations [4, 3, 8]
92 Worker 1 performing operation 3 on task 45
93 Worker 2 accepting task 33
93 Worker 1 accepting task 45
93 Worker 0 processing task 40 requiring operations [8, 5]
93 Worker 0 forwarding task 40
93 Worker 1 processing task 44 requiring operations [5, 9]
93 Worker 1 forwarding task 44
93 Worker 2 processing task 33 requiring operations [9, 7]
93 Worker 2 forwarding task 33
94 Generated task 47
94 Worker 2 accepting task 47
94 Worker 1 accepting task 40
94 Worker 0 accepting task 44
94 Worker 3 accepting task 33
94 Worker 0 processing task 19 requiring operations [7]
94 Worker 0 forwarding task 19
94 Worker 1 processing task 46 requiring operations [8, 9, 6]
94 Worker 1 performing operation 6 on task 46
94 Worker 2 processing task 47 requiring operations [9, 2, 3]
94 Worker 2 performing operation 3 on task 47
94 Worker 3 processing task 33 requiring operations [9, 7]
94 Worker 3 performing operation 7 on task 33
95 Worker 2 accepting task 19
95 Worker 1 accepting task 46
95 Worker 2 accepting task 47
95 Worker 3 accepting task 33
95 Worker 0 processing task 38 requiring operations [1]
95 Worker 0 forwarding task 38
95 Worker 1 processing task 45 requiring operations [4, 8]
95 Worker 1 forwarding task 45
95 Worker 2 processing task 19 requiring operations [7]
95 Worker 2 forwarding task 19
95 Worker 3 processing task 33 requiring operations [9]
95 Worker 3 forwarding task 33
96 Generated task 48
96 Worker 4 accepting task 48
96 Worker 4 accepting task 38
96 Worker 0 accepting task 45
96 Worker 3 accepting task 19
96 Worker 0 accepting task 33
96 Worker 0 processing task 43 requiring operations [2, 5, 1]
96 Worker 0 forwarding task 43
96 Worker 1 processing task 40 requiring operations [8, 5]
96 Worker 1 forwarding task 40
96 Worker 2 processing task 47 requiring operations [9, 2]
96 Worker 2 forwarding task 47
96 Worker 3 processing task 19 requiring operations [7]
96 Worker 3 performing operation 7 on task 19
96 Worker 4 processing task 48 requiring operations [8, 6, 10]
96 Worker 4 forwarding task 48
97 Worker 4 accepting task 43
97 Worker 0 accepting task 40
97 Worker 1 accepting task 47
97 Task 19 completed!
97 Worker 1 accepting task 48
97 Worker 0 processing task 39 requiring operations [10, 1]
97 Worker 0 performing operation 10 on task 39
97 Worker 1 processing task 46 requiring operations [8, 9]
97 Worker 1 forwarding task 46
97 Worker 4 processing task 38 requiring operations [1]
97 Worker 4 performing operation 1 on task 38
98 Generated task 49
98 Worker 2 accepting task 49
98 Worker 0 accepting task 39
98 Worker 0 accepting task 46
98 Task 38 completed!
98 Worker 0 processing task 42 requiring operations [4]
98 Worker 0 forwarding task 42
98 Worker 1 processing task 47 requiring operations [9, 2]
98 Worker 1 performing operation 2 on task 47
98 Worker 4 processing task 43 requiring operations [2, 5, 1]
98 Worker 4 performing operation 2 on task 43
98 Worker 2 processing task 49 requiring operations [4, 1, 7]
98 Worker 2 forwarding task 49
99 Worker 3 accepting task 42
99 Worker 1 accepting task 47
99 Worker 4 accepting task 43
99 Worker 0 accepting task 49
99 Worker 0 processing task 26 requiring operations [4]
99 Worker 0 forwarding task 26
99 Worker 1 processing task 48 requiring operations [8, 6, 10]
99 Worker 1 performing operation 6 on task 48
99 Worker 4 processing task 43 requiring operations [5, 1]
99 Worker 4 performing operation 1 on task 43
99 Worker 3 processing task 42 requiring operations [4]
99 Worker 3 performing operation 4 on task 42
100 Generated task 50
100 Worker 1 accepting task 50
100 Worker 4 accepting task 26
100 Worker 1 accepting task 48
100 Worker 4 accepting task 43
100 Task 42 completed!
100 Worker 0 processing task 41 requiring operations [8, 4]
100 Worker 0 forwarding task 41
100 Worker 1 processing task 47 requiring operations [9]
100 Worker 1 forwarding task 47
100 Worker 4 processing task 26 requiring operations [4]
100 Worker 4 forwarding task 26
101 Worker 1 accepting task 41
101 Worker 0 accepting task 47
101 Worker 1 accepting task 26
101 Worker 0 processing task 21 requiring operations [4]
101 Worker 0 forwarding task 21
101 Worker 1 processing task 50 requiring operations [8, 3, 10]
101 Worker 1 performing operation 3 on task 50
101 Worker 4 processing task 43 requiring operations [5]
101 Worker 4 performing operation 5 on task 43
102 Generated task 51
102 Worker 2 accepting task 51
102 Worker 1 accepting task 21
102 Worker 1 accepting task 50
102 Task 43 completed!
102 Worker 0 processing task 37 requiring operations [9]
102 Worker 0 forwarding task 37
102 Worker 1 processing task 48 requiring operations [8, 10]
102 Worker 1 forwarding task 48
102 Worker 2 processing task 51 requiring operations [10, 8, 5]
102 Worker 2 forwarding task 51
103 Worker 3 accepting task 37
103 Worker 4 accepting task 48
103 Worker 3 accepting task 51
103 Worker 0 processing task 44 requiring operations [5, 9]
103 Worker 0 forwarding task 44
103 Worker 1 processing task 41 requiring operations [8, 4]
103 Worker 1 forwarding task 41
103 Worker 3 processing task 37 requiring operations [9]
103 Worker 3 forwarding task 37
103 Worker 4 processing task 48 requiring operations [8, 10]
103 Worker 4 forwarding task 48
104 Generated task 52
104 Worker 3 accepting task 52
104 Worker 1 accepting task 44
104 Worker 2 accepting task 41
104 Worker 2 accepting task 37
104 Worker 1 accepting task 48
104 Worker 0 processing task 45 requiring operations [4, 8]
104 Worker 0 forwarding task 45
104 Worker 1 processing task 26 requiring operations [4]
104 Worker 1 forwarding task 26
104 Worker 3 processing task 51 requiring operations [10, 8, 5]
104 Worker 3 performing operation 5 on task 51
104 Worker 2 processing task 41 requiring operations [8, 4]
104 Worker 2 forwarding task 41
105 Worker 1 accepting task 45
105 Worker 4 accepting task 26
105 Worker 3 accepting task 51
105 Worker 0 accepting task 41
105 Worker 0 processing task 33 requiring operations [9]
105 Worker 0 forwarding task 33
105 Worker 1 processing task 21 requiring operations [4]
105 Worker 1 forwarding task 21
105 Worker 3 processing task 52 requiring operations [4, 1, 8]
105 Worker 3 performing operation 8 on task 52
105 Worker 2 processing task 37 requiring operations [9]
105 Worker 2 forwarding task 37
105 Worker 4 processing task 26 requiring operations [4]
105 Worker 4 forwarding task 26
106 Generated task 53
106 Worker 0 accepting task 53
106 Worker 2 accepting task 33
106 Worker 0 accepting task 21
106 Worker 3 accepting task 52
106 Worker 3 accepting task 37
106 Worker 0 accepting task 26
106 Worker 0 processing task 40 requiring operations [8, 5]
106 Worker 0 forwarding task 40
106 Worker 1 processing task 50 requiring operations [8, 10]
106 Worker 1 forwarding task 50
106 Worker 3 processing task 51 requiring operations [10, 8]
106 Worker 3 performing operation 8 on task 51
106 Worker 2 processing task 33 requiring operations [9]
106 Worker 2 forwarding task 33
107 Worker 3 accepting task 40
107 Worker 2 accepting task 50
107 Worker 3 accepting task 51
107 Worker 0 accepting task 33
107 Worker 0 processing task 39 requiring operations [1]
107 Worker 0 forwarding task 39
107 Worker 1 processing task 44 requiring operations [5, 9]
107 Worker 1 forwarding task 44
107 Worker 3 processing task 52 requiring operations [4, 1]
107 Worker 3 performing operation 4 on task 52
107 Worker 2 processing task 50 requiring operations [8, 10]
107 Worker 2 forwarding task 50
108 Generated task 54
108 Worker 4 accepting task 54
108 Worker 1 accepting task 39
108 Worker 2 accepting task 44
108 Worker 3 accepting task 52
108 Worker 1 accepting task 50
108 Worker 0 processing task 46 requiring operations [8, 9]
108 Worker 0 forwarding task 46
108 Worker 1 processing task 48 requiring operations [8, 10]
108 Worker 1 forwarding task 48
108 Worker 3 processing task 37 requiring operations [9]
108 Worker 3 forwarding task 37
108 Worker 2 processing task 44 requiring operations [5, 9]
108 Worker 2 forwarding task 44
108 Worker 4 processing task 54 requiring operations [8, 10, 4]
108 Worker 4 forwarding task 54
109 Worker 3 accepting task 46
109 Worker 0 accepting task 48
109 Worker 2 accepting task 37
109 Worker 3 accepting task 44
109 Worker 1 accepting task 54
109 Worker 0 processing task 49 requiring operations [4, 1, 7]
109 Worker 0 forwarding task 49
109 Worker 1 processing task 45 requiring operations [4, 8]
109 Worker 1 forwarding task 45
109 Worker 3 processing task 40 requiring operations [8, 5]
109 Worker 3 performing operation 5 on task 40
109 Worker 2 processing task 37 requiring operations [9]
109 Worker 2 forwarding task 37
110 Generated task 55
110 Worker 1 accepting task 55
110 Worker 1 accepting task 49
110 Worker 4 accepting task 45
110 Worker 3 accepting task 40
110 Worker 0 accepting task 37
110 Worker 0 processing task 47 requiring operations [9]
110 Worker 0 forwarding task 47
110 Worker 1 processing task 39 requiring operations [1]
110 Worker 1 forwarding task 39
110 Worker 3 processing task 51 requiring operations [10]
110 Worker 3 forwarding task 51
110 Worker 4 processing task 45 requiring operations [4, 8]
110 Worker 4 forwarding task 45
111 Worker 4 accepting task 47
111 Worker 4 accepting task 39
111 Worker 2 accepting task 51
111 Worker 0 accepting task 45
111 Worker 0 processing task 41 requiring operations [8, 4]
111 Worker 0 forwarding task 41
111 Worker 1 processing task 50 requiring operations [8, 10]
111 Worker 1 forwarding task 50
111 Worker 3 processing task 52 requiring operations [1]
111 Worker 3 forwarding task 52
111 Worker 4 processing task 47 requiring operations [9]
111 Worker 4 performing operation 9 on task 47
111 Worker 2 processing task 51 requiring operations [10]
111 Worker 2 forwarding task 51
112 Generated task 56
112 Worker 0 accepting task 56
112 Worker 4 accepting task 41
112 Worker 2 accepting task 50
112 Worker 0 accepting task 52
112 Task 47 completed!
112 Worker 3 accepting task 51
112 Worker 0 processing task 53 requiring operations [7, 8, 1]
112 Worker 0 forwarding task 53
112 Worker 1 processing task 54 requiring operations [8, 10, 4]
112 Worker 1 forwarding task 54
112 Worker 3 processing task 46 requiring operations [8, 9]
112 Worker 3 performing operation 8 on task 46
112 Worker 4 processing task 39 requiring operations [1]
112 Worker 4 performing operation 1 on task 39
112 Worker 2 processing task 50 requiring operations [8, 10]
112 Worker 2 forwarding task 50
113 Worker 1 accepting task 53
113 Worker 4 accepting task 54
113 Worker 3 accepting task 46
113 Task 39 completed!
113 Worker 1 accepting task 50
113 Worker 0 processing task 21 requiring operations [4]
113 Worker 0 forwarding task 21
113 Worker 1 processing task 55 requiring operations [9, 6, 4]
113 Worker 1 performing operation 6 on task 55
113 Worker 3 processing task 44 requiring operations [5, 9]
113 Worker 3 performing operation 5 on task 44
113 Worker 4 processing task 41 requiring operations [8, 4]
113 Worker 4 forwarding task 41
114 Generated task 57
114 Worker 2 accepting task 57
114 Worker 2 accepting task 21
114 Worker 1 accepting task 55
114 Worker 3 accepting task 44
114 Worker 0 accepting task 41
114 Worker 0 processing task 26 requiring operations [4]
114 Worker 0 forwarding task 26
114 Worker 1 processing task 49 requiring operations [4, 1, 7]
114 Worker 1 forwarding task 49
114 Worker 3 processing task 40 requiring operations [8]
114 Worker 3 performing operation 8 on task 40
114 Worker 4 processing task 54 requiring operations [8, 10, 4]
114 Worker 4 forwarding task 54
114 Worker 2 processing task 57 requiring operations [6, 4, 10]
114 Worker 2 forwarding task 57
115 Worker 2 accepting task 26
115 Worker 4 accepting task 49
115 Task 40 completed!
115 Worker 0 accepting task 54
115 Worker 0 accepting task 57
115 Worker 0 processing task 33 requiring operations [9]
115 Worker 0 forwarding task 33
115 Worker 1 processing task 53 requiring operations [7, 8, 1]
115 Worker 1 forwarding task 53
115 Worker 3 processing task 51 requiring operations [10]
115 Worker 3 forwarding task 51
115 Worker 4 processing task 49 requiring operations [4, 1, 7]
115 Worker 4 performing operation 1 on task 49
115 Worker 2 processing task 21 requiring operations [4]
115 Worker 2 forwarding task 21
116 Generated task 58
116 Worker 4 accepting task 58
116 Worker 3 accepting task 33
116 Worker 2 accepting task 53
116 Worker 2 accepting task 51
116 Worker 4 accepting task 49
116 Worker 3 accepting task 21
116 Worker 0 processing task 48 requiring operations [8, 10]
116 Worker 0 performing operation 10 on task 48
116 Worker 1 processing task 50 requiring operations [8, 10]
116 Worker 1 forwarding task 50
116 Worker 3 processing task 46 requiring operations [9]
116 Worker 3 forwarding task 46
116 Worker 4 processing task 58 requiring operations [9, 1, 5]
116 Worker 4 performing operation 9 on task 58
116 Worker 2 processing task 26 requiring operations [4]
116 Worker 2 forwarding task 26
117 Worker 0 accepting task 48
117 Worker 0 accepting task 50
117 Worker 2 accepting task 46
117 Worker 4 accepting task 58
117 Worker 1 accepting task 26
117 Worker 0 processing task 37 requiring operations [9]
117 Worker 0 forwarding task 37
117 Worker 1 processing task 55 requiring operations [9, 4]
117 Worker 1 forwarding task 55
117 Worker 3 processing task 44 requiring operations [9]
117 Worker 3 forwarding task 44
117 Worker 4 processing task 49 requiring operations [4, 7]
117 Worker 4 forwarding task 49
117 Worker 2 processing task 53 requiring operations [7, 8, 1]
117 Worker 2 forwarding task 53
118 Generated task 59
118 Worker 0 accepting task 59
118 Worker 4 accepting task 37
118 Worker 0 accepting task 55
118 Worker 0 accepting task 44
118 Worker 0 accepting task 49
118 Worker 3 accepting task 53
118 Worker 0 processing task 45 requiring operations [4, 8]
118 Worker 0 forwarding task 45
118 Worker 1 processing task 26 requiring operations [4]
118 Worker 1 forwarding task 26
118 Worker 3 processing task 33 requiring operations [9]
118 Worker 3 forwarding task 33
118 Worker 4 processing task 58 requiring operations [1, 5]
118 Worker 4 performing operation 1 on task 58
118 Worker 2 processing task 51 requiring operations [10]
118 Worker 2 forwarding task 51
119 Worker 2 accepting task 45
119 Worker 4 accepting task 26
119 Worker 0 accepting task 33
119 Worker 4 accepting task 58
119 Worker 0 accepting task 51
119 Worker 0 processing task 56 requiring operations [10, 6, 1]
119 Worker 0 performing operation 10 on task 56
119 Worker 3 processing task 21 requiring operations [4]
119 Worker 3 performing operation 4 on task 21
119 Worker 4 processing task 37 requiring operations [9]
119 Worker 4 performing operation 9 on task 37
119 Worker 2 processing task 46 requiring operations [9]
119 Worker 2 forwarding task 46
120 Generated task 60
120 Worker 1 accepting task 60
120 Worker 0 accepting task 56
120 Task 21 completed!
120 Task 37 completed!
120 Worker 3 accepting task 46
120 Worker 0 processing task 52 requiring operations [1]
120 Worker 0 forwarding task 52
120 Worker 3 processing task 53 requiring operations [7, 8, 1]
120 Worker 3 performing operation 8 on task 53
120 Worker 4 processing task 26 requiring operations [4]
120 Worker 4 forwarding task 26
120 Worker 2 processing task 45 requiring operations [4, 8]
120 Worker 2 forwarding task 45
120 Worker 1 processing task 60 requiring operations [4, 2, 1]
120 Worker 1 performing operation 2 on task 60
121 Worker 3 accepting task 52
121 Worker 3 accepting task 53
121 Worker 1 accepting task 26
121 Worker 0 accepting task 45
121 Worker 1 accepting task 60
121 Worker 0 processing task 41 requiring operations [8, 4]
121 Worker 0 forwarding task 41
121 Worker 3 processing task 46 requiring operations [9]
121 Worker 3 forwarding task 46
121 Worker 4 processing task 58 requiring operations [5]
121 Worker 4 performing operation 5 on task 58
121 Worker 1 processing task 26 requiring operations [4]
121 Worker 1 forwarding task 26
122 Generated task 61
122 Worker 3 accepting task 61
122 Worker 1 accepting task 41
122 Worker 2 accepting task 46
122 Task 58 completed!
122 Worker 4 accepting task 26
122 Worker 0 processing task 54 requiring operations [8, 10, 4]
122 Worker 0 performing operation 10 on task 54
122 Worker 3 processing task 52 requiring operations [1]
122 Worker 3 forwarding task 52
122 Worker 1 processing task 60 requiring operations [4, 1]
122 Worker 1 forwarding task 60
122 Worker 2 processing task 46 requiring operations [9]
122 Worker 2 forwarding task 46
122 Worker 4 processing task 26 requiring operations [4]
122 Worker 4 forwarding task 26
123 Worker 0 accepting task 54
123 Worker 2 accepting task 52
123 Worker 0 accepting task 60
123 Worker 3 accepting task 46
123 Worker 1 accepting task 26
123 Worker 0 processing task 57 requiring operations [6, 4, 10]
123 Worker 0 performing operation 10 on task 57
123 Worker 3 processing task 53 requiring operations [7, 1]
123 Worker 3 performing operation 7 on task 53
123 Worker 1 processing task 41 requiring operations [8, 4]
123 Worker 1 forwarding task 41
123 Worker 2 processing task 52 requiring operations [1]
123 Worker 2 forwarding task 52
124 Generated task 62
124 Worker 4 accepting task 62
124 Worker 0 accepting task 57
124 Worker 3 accepting task 53
124 Worker 4 accepting task 41
124 Worker 3 accepting task 52
124 Worker 0 processing task 48 requiring operations [8]
124 Worker 0 forwarding task 48
124 Worker 3 processing task 61 requiring operations [8, 3, 4]
124 Worker 3 performing operation 8 on task 61
124 Worker 1 processing task 26 requiring operations [4]
124 Worker 1 forwarding task 26
124 Worker 4 processing task 62 requiring operations [9, 3, 1]
124 Worker 4 performing operation 9 on task 62
125 Worker 1 accepting task 48
125 Worker 3 accepting task 61
125 Worker 0 accepting task 26
125 Worker 4 accepting task 62
125 Worker 0 processing task 50 requiring operations [8, 10]
125 Worker 0 performing operation 10 on task 50
125 Worker 3 processing task 46 requiring operations [9]
125 Worker 3 forwarding task 46
125 Worker 1 processing task 48 requiring operations [8]
125 Worker 1 forwarding task 48
125 Worker 4 processing task 41 requiring operations [8, 4]
125 Worker 4 forwarding task 41
126 Generated task 63
126 Worker 3 accepting task 63
126 Worker 0 accepting task 50
126 Worker 2 accepting task 46
126 Worker 4 accepting task 48
126 Worker 0 accepting task 41
126 Worker 0 processing task 59 requiring operations [2, 1, 9]
126 Worker 0 forwarding task 59
126 Worker 3 processing task 53 requiring operations [1]
126 Worker 3 forwarding task 53
126 Worker 4 processing task 62 requiring operations [3, 1]
126 Worker 4 performing operation 1 on task 62
126 Worker 2 processing task 46 requiring operations [9]
126 Worker 2 forwarding task 46
127 Worker 4 accepting task 59
127 Worker 0 accepting task 53
127 Worker 4 accepting task 62
127 Worker 0 accepting task 46
127 Worker 0 processing task 55 requiring operations [9, 4]
127 Worker 0 forwarding task 55
127 Worker 3 processing task 52 requiring operations [1]
127 Worker 3 forwarding task 52
127 Worker 4 processing task 48 requiring operations [8]
127 Worker 4 forwarding task 48
128 Generated task 64
128 Worker 0 accepting task 64
128 Worker 1 accepting task 55
128 Worker 0 accepting task 52
128 Worker 1 accepting task 48
128 Worker 0 processing task 44 requiring operations [9]
128 Worker 0 forwarding task 44
128 Worker 3 processing task 61 requiring operations [3, 4]
128 Worker 3 performing operation 4 on task 61
128 Worker 4 processing task 59 requiring operations [2, 1, 9]
128 Worker 4 performing operation 2 on task 59
128 Worker 1 processing task 55 requiring operations [9, 4]
128 Worker 1 forwarding task 55
129 Worker 2 accepting task 44
129 Worker 3 accepting task 61
129 Worker 4 accepting task 59
129 Worker 4 accepting task 55
129 Worker 0 processing task 49 requiring operations [4, 7]
129 Worker 0 forwarding task 49
129 Worker 3 processing task 63 requiring operations [2, 4, 6]
129 Worker 3 performing operation 6 on task 63
129 Worker 4 processing task 62 requiring operations [3]
129 Worker 4 forwarding task 62
129 Worker 1 processing task 48 requiring operations [8]
129 Worker 1 forwarding task 48
129 Worker 2 processing task 44 requiring operations [9]
129 Worker 2 forwarding task 44
130 Generated task 65
130 Worker 2 accepting task 65
130 Worker 1 accepting task 49
130 Worker 3 accepting task 63
130 Worker 0 accepting task 62
130 Worker 0 accepting task 48
130 Worker 1 accepting task 44
130 Worker 0 processing task 33 requiring operations [9]
130 Worker 0 forwarding task 33
130 Worker 3 processing task 61 requiring operations [3]
130 Worker 3 forwarding task 61
130 Worker 4 processing task 59 requiring operations [1, 9]
130 Worker 4 performing operation 9 on task 59
130 Worker 1 processing task 49 requiring operations [4, 7]
130 Worker 1 forwarding task 49
130 Worker 2 processing task 65 requiring operations [5, 2, 1]
130 Worker 2 forwarding task 65
131 Worker 2 accepting task 33
131 Worker 2 accepting task 61
131 Worker 4 accepting task 59
131 Worker 2 accepting task 49
131 Worker 3 accepting task 65
131 Worker 0 processing task 51 requiring operations [10]
131 Worker 0 performing operation 10 on task 51
131 Worker 3 processing task 63 requiring operations [2, 4]
131 Worker 3 performing operation 4 on task 63
131 Worker 4 processing task 55 requiring operations [9, 4]
131 Worker 4 performing operation 9 on task 55
131 Worker 1 processing task 44 requiring operations [9]
131 Worker 1 forwarding task 44
131 Worker 2 processing task 33 requiring operations [9]
131 Worker 2 forwarding task 33
132 Generated task 66
132 Worker 3 accepting task 66
132 Task 51 completed!
132 Worker 3 accepting task 63
132 Worker 4 accepting task 55
132 Worker 0 accepting task 44
132 Worker 1 accepting task 33
132 Worker 0 processing task 56 requiring operations [6, 1]
132 Worker 0 forwarding task 56
132 Worker 3 processing task 65 requiring operations [5, 2, 1]
132 Worker 3 performing operation 5 on task 65
132 Worker 4 processing task 59 requiring operations [1]
132 Worker 4 performing operation 1 on task 59
132 Worker 2 processing task 61 requiring operations [3]
132 Worker 2 performing operation 3 on task 61
132 Worker 1 processing task 33 requiring operations [9]
132 Worker 1 forwarding task 33
133 Worker 4 accepting task 56
133 Worker 3 accepting task 65
133 Task 59 completed!
133 Task 61 completed!
133 Worker 4 accepting task 33
133 Worker 0 processing task 45 requiring operations [4, 8]
133 Worker 0 forwarding task 45
133 Worker 3 processing task 66 requiring operations [5, 9, 1]
133 Worker 3 performing operation 5 on task 66
133 Worker 4 processing task 55 requiring operations [4]
133 Worker 4 forwarding task 55
133 Worker 2 processing task 49 requiring operations [4, 7]
133 Worker 2 forwarding task 49
134 Generated task 67
134 Worker 4 accepting task 67
134 Worker 1 accepting task 45
134 Worker 3 accepting task 66
134 Worker 0 accepting task 55
134 Worker 0 accepting task 49
134 Worker 0 processing task 54 requiring operations [8, 4]
134 Worker 0 forwarding task 54
134 Worker 3 processing task 63 requiring operations [2]
134 Worker 3 forwarding task 63
134 Worker 4 processing task 56 requiring operations [6, 1]
134 Worker 4 performing operation 1 on task 56
134 Worker 1 processing task 45 requiring operations [4, 8]
134 Worker 1 forwarding task 45
135 Worker 1 accepting task 54
135 Worker 2 accepting task 63
135 Worker 4 accepting task 56
135 Worker 0 accepting task 45
135 Worker 0 processing task 60 requiring operations [4, 1]
135 Worker 0 forwarding task 60
135 Worker 3 processing task 65 requiring operations [2, 1]
135 Worker 3 forwarding task 65
135 Worker 4 processing task 33 requiring operations [9]
135 Worker 4 performing operation 9 on task 33
135 Worker 1 processing task 54 requiring operations [8, 4]
135 Worker 1 forwarding task 54
135 Worker 2 processing task 63 requiring operations [2]
135 Worker 2 forwarding task 63
136 Generated task 68
136 Worker 1 accepting task 68
136 Worker 2 accepting task 60
136 Worker 2 accepting task 65
136 Task 33 completed!
136 Worker 4 accepting task 54
136 Worker 0 accepting task 63
136 Worker 0 processing task 57 requiring operations [6, 4]
136 Worker 0 forwarding task 57
136 Worker 3 processing task 66 requiring operations [9, 1]
136 Worker 3 forwarding task 66
136 Worker 4 processing task 67 requiring operations [3, 6, 10]
136 Worker 4 forwarding task 67
136 Worker 1 processing task 68 requiring operations [9, 8, 1]
136 Worker 1 forwarding task 68
136 Worker 2 processing task 60 requiring operations [4, 1]
136 Worker 2 forwarding task 60
137 Worker 4 accepting task 57
137 Worker 0 accepting task 66
137 Worker 0 accepting task 67
137 Worker 0 accepting task 68
137 Worker 0 accepting task 60
137 Worker 0 processing task 26 requiring operations [4]
137 Worker 0 forwarding task 26
137 Worker 4 processing task 56 requiring operations [6]
137 Worker 4 forwarding task 56
137 Worker 2 processing task 65 requiring operations [2, 1]
137 Worker 2 forwarding task 65
138 Generated task 69
138 Worker 3 accepting task 69
138 Worker 2 accepting task 26
138 Worker 1 accepting task 56
138 Worker 3 accepting task 65
138 Worker 0 processing task 50 requiring operations [8]
138 Worker 0 forwarding task 50
138 Worker 4 processing task 54 requiring operations [8, 4]
138 Worker 4 forwarding task 54
138 Worker 2 processing task 26 requiring operations [4]
138 Worker 2 forwarding task 26
138 Worker 3 processing task 69 requiring operations [8, 2, 3]
138 Worker 3 performing operation 8 on task 69
138 Worker 1 processing task 56 requiring operations [6]
138 Worker 1 performing operation 6 on task 56
139 Worker 1 accepting task 50
139 Worker 0 accepting task 54
139 Worker 1 accepting task 26
139 Worker 3 accepting task 69
139 Task 56 completed!
139 Worker 0 processing task 41 requiring operations [8, 4]
139 Worker 0 forwarding task 41
139 Worker 4 processing task 57 requiring operations [6, 4]
139 Worker 4 forwarding task 57
139 Worker 3 processing task 65 requiring operations [2, 1]
139 Worker 3 forwarding task 65
139 Worker 1 processing task 50 requiring operations [8]
139 Worker 1 forwarding task 50
140 Generated task 70
140 Worker 0 accepting task 70
140 Worker 4 accepting task 41
140 Worker 0 accepting task 57
140 Worker 2 accepting task 65
140 Worker 0 accepting task 50
140 Worker 0 processing task 53 requiring operations [1]
140 Worker 0 forwarding task 53
140 Worker 4 processing task 41 requiring operations [8, 4]
140 Worker 4 forwarding task 41
140 Worker 3 processing task 69 requiring operations [2, 3]
140 Worker 3 forwarding task 69
140 Worker 1 processing task 26 requiring operations [4]
140 Worker 1 forwarding task 26
140 Worker 2 processing task 65 requiring operations [2, 1]
140 Worker 2 forwarding task 65
