Worker 0 can perform operations {9, 10}
Worker 1 can perform operations {8, 5, 6}
Worker 2 can perform operations {7}
Worker 3 can perform operations {1, 3, 4, 9}
Worker 4 can perform operations {9, 2, 5, 7}
Building network type random
Worker 0 connecting to worker 4
Worker 4 connecting to worker 0
Worker 0 connecting to worker 2
Worker 2 connecting to worker 0
Worker 1 connecting to worker 3
Worker 3 connecting to worker 1
Worker 1 connecting to worker 4
Worker 4 connecting to worker 1
Worker 2 connecting to worker 1
Worker 1 connecting to worker 2
Worker 3 connecting to worker 4
Worker 4 connecting to worker 3
Entry nodes are [0, 1, 2, 3, 4]
0 Generated task 0
0 Worker 0 accepting task 0
0 Worker 0 processing task 0 requiring operations [7, 5, 10]
0 Worker 0 performing operation 10 on task 0
1 Worker 0 accepting task 0
1 Worker 0 processing task 0 requiring operations [7, 5]
1 Worker 0 forwarding task 0
2 Generated task 1
2 Worker 0 accepting task 1
2 Worker 2 accepting task 0
2 Worker 0 processing task 1 requiring operations [7, 1, 5]
2 Worker 0 forwarding task 1
2 Worker 2 processing task 0 requiring operations [7, 5]
2 Worker 2 performing operation 7 on task 0
3 Worker 4 accepting task 1
3 Worker 2 accepting task 0
3 Worker 2 processing task 0 requiring operations [5]
3 Worker 2 forwarding task 0
3 Worker 4 processing task 1 requiring operations [7, 1, 5]
3 Worker 4 performing operation 7 on task 1
4 Generated task 2
4 Worker 3 accepting task 2
4 Worker 1 accepting task 0
4 Worker 4 accepting task 1
4 Worker 4 processing task 1 requiring operations [1, 5]
4 Worker 4 performing operation 5 on task 1
4 Worker 3 processing task 2 requiring operations [5, 4, 7]
4 Worker 3 performing operation 4 on task 2
4 Worker 1 processing task 0 requiring operations [5]
4 Worker 1 performing operation 5 on task 0
5 Worker 4 accepting task 1
5 Worker 3 accepting task 2
5 Task 0 completed!
5 Worker 4 processing task 1 requiring operations [1]
5 Worker 4 forwarding task 1
5 Worker 3 processing task 2 requiring operations [5, 7]
5 Worker 3 forwarding task 2
6 Generated task 3
6 Worker 1 accepting task 3
6 Worker 3 accepting task 1
6 Worker 4 accepting task 2
6 Worker 3 processing task 1 requiring operations [1]
6 Worker 3 performing operation 1 on task 1
6 Worker 1 processing task 3 requiring operations [2, 1, 7]
6 Worker 1 forwarding task 3
6 Worker 4 processing task 2 requiring operations [5, 7]
6 Worker 4 performing operation 7 on task 2
7 Task 1 completed!
7 Worker 2 accepting task 3
7 Worker 4 accepting task 2
7 Worker 4 processing task 2 requiring operations [5]
7 Worker 4 performing operation 5 on task 2
7 Worker 2 processing task 3 requiring operations [2, 1, 7]
7 Worker 2 performing operation 7 on task 3
8 Generated task 4
8 Worker 2 accepting task 4
8 Task 2 completed!
8 Worker 2 accepting task 3
8 Worker 2 processing task 4 requiring operations [3, 10, 6]
8 Worker 2 forwarding task 4
9 Worker 0 accepting task 4
9 Worker 2 processing task 3 requiring operations [2, 1]
9 Worker 2 forwarding task 3
9 Worker 0 processing task 4 requiring operations [3, 10, 6]
9 Worker 0 performing operation 10 on task 4
10 Generated task 5
10 Worker 2 accepting task 5
10 Worker 1 accepting task 3
10 Worker 0 accepting task 4
10 Worker 2 processing task 5 requiring operations [9, 10, 8]
10 Worker 2 forwarding task 5
10 Worker 0 processing task 4 requiring operations [3, 6]
10 Worker 0 forwarding task 4
10 Worker 1 processing task 3 requiring operations [2, 1]
10 Worker 1 forwarding task 3
11 Worker 0 accepting task 5
11 Worker 4 accepting task 4
11 Worker 4 accepting task 3
11 Worker 0 processing task 5 requiring operations [9, 10, 8]
11 Worker 0 performing operation 10 on task 5
11 Worker 4 processing task 4 requiring operations [3, 6]
11 Worker 4 forwarding task 4
12 Generated task 6
12 Worker 0 accepting task 6
12 Worker 0 accepting task 5
12 Worker 0 accepting task 4
12 Worker 0 processing task 6 requiring operations [9, 7, 1]
12 Worker 0 performing operation 9 on task 6
12 Worker 4 processing task 3 requiring operations [2, 1]
12 Worker 4 performing operation 2 on task 3
13 Worker 0 accepting task 6
13 Worker 4 accepting task 3
13 Worker 0 processing task 5 requiring operations [9, 8]
13 Worker 0 performing operation 9 on task 5
13 Worker 4 processing task 3 requiring operations [1]
13 Worker 4 forwarding task 3
14 Generated task 7
14 Worker 2 accepting task 7
14 Worker 0 accepting task 5
14 Worker 3 accepting task 3
14 Worker 0 processing task 4 requiring operations [3, 6]
14 Worker 0 forwarding task 4
14 Worker 2 processing task 7 requiring operations [10, 8, 3]
14 Worker 2 forwarding task 7
14 Worker 3 processing task 3 requiring operations [1]
14 Worker 3 performing operation 1 on task 3
15 Worker 4 accepting task 4
15 Worker 0 accepting task 7
15 Task 3 completed!
15 Worker 0 processing task 6 requiring operations [7, 1]
15 Worker 0 forwarding task 6
15 Worker 4 processing task 4 requiring operations [3, 6]
15 Worker 4 forwarding task 4
16 Generated task 8
16 Worker 2 accepting task 8
16 Worker 4 accepting task 6
16 Worker 1 accepting task 4
16 Worker 0 processing task 5 requiring operations [8]
16 Worker 0 forwarding task 5
16 Worker 4 processing task 6 requiring operations [7, 1]
16 Worker 4 performing operation 7 on task 6
16 Worker 2 processing task 8 requiring operations [1, 2, 5]
16 Worker 2 forwarding task 8
16 Worker 1 processing task 4 requiring operations [3, 6]
16 Worker 1 performing operation 6 on task 4
17 Worker 2 accepting task 5
17 Worker 4 accepting task 6
17 Worker 0 accepting task 8
17 Worker 1 accepting task 4
17 Worker 0 processing task 7 requiring operations [10, 8, 3]
17 Worker 0 performing operation 10 on task 7
17 Worker 4 processing task 6 requiring operations [1]
17 Worker 4 forwarding task 6
17 Worker 2 processing task 5 requiring operations [8]
17 Worker 2 forwarding task 5
17 Worker 1 processing task 4 requiring operations [3]
17 Worker 1 forwarding task 4
18 Generated task 9
18 Worker 4 accepting task 9
18 Worker 0 accepting task 7
18 Worker 3 accepting task 6
18 Worker 0 accepting task 5
18 Worker 2 accepting task 4
18 Worker 0 processing task 8 requiring operations [1, 2, 5]
18 Worker 0 forwarding task 8
18 Worker 4 processing task 9 requiring operations [6, 10, 2]
18 Worker 4 performing operation 2 on task 9
18 Worker 3 processing task 6 requiring operations [1]
18 Worker 3 performing operation 1 on task 6
18 Worker 2 processing task 4 requiring operations [3]
18 Worker 2 forwarding task 4
19 Worker 2 accepting task 8
19 Worker 4 accepting task 9
19 Task 6 completed!
19 Worker 1 accepting task 4
19 Worker 0 processing task 7 requiring operations [8, 3]
19 Worker 0 forwarding task 7
19 Worker 4 processing task 9 requiring operations [6, 10]
19 Worker 4 forwarding task 9
19 Worker 2 processing task 8 requiring operations [1, 2, 5]
19 Worker 2 forwarding task 8
19 Worker 1 processing task 4 requiring operations [3]
19 Worker 1 forwarding task 4
20 Generated task 10
20 Worker 4 accepting task 10
20 Worker 2 accepting task 7
20 Worker 3 accepting task 9
20 Worker 1 accepting task 8
20 Worker 3 accepting task 4
20 Worker 0 processing task 5 requiring operations [8]
20 Worker 0 forwarding task 5
20 Worker 4 processing task 10 requiring operations [8, 6, 9]
20 Worker 4 performing operation 9 on task 10
20 Worker 2 processing task 7 requiring operations [8, 3]
20 Worker 2 forwarding task 7
20 Worker 1 processing task 8 requiring operations [1, 2, 5]
20 Worker 1 performing operation 5 on task 8
20 Worker 3 processing task 9 requiring operations [6, 10]
20 Worker 3 forwarding task 9
21 Worker 2 accepting task 5
21 Worker 4 accepting task 10
21 Worker 1 accepting task 7
21 Worker 1 accepting task 8
21 Worker 1 accepting task 9
21 Worker 4 processing task 10 requiring operations [8, 6]
21 Worker 4 forwarding task 10
21 Worker 2 processing task 5 requiring operations [8]
21 Worker 2 forwarding task 5
21 Worker 1 processing task 7 requiring operations [8, 3]
21 Worker 1 performing operation 8 on task 7
21 Worker 3 processing task 4 requiring operations [3]
21 Worker 3 performing operation 3 on task 4
22 Generated task 11
22 Worker 0 accepting task 11
22 Worker 0 accepting task 10
22 Worker 1 accepting task 5
22 Worker 1 accepting task 7
22 Task 4 completed!
22 Worker 1 processing task 8 requiring operations [1, 2]
22 Worker 1 forwarding task 8
22 Worker 0 processing task 11 requiring operations [8, 1, 5]
22 Worker 0 forwarding task 11
23 Worker 4 accepting task 8
23 Worker 2 accepting task 11
23 Worker 1 processing task 9 requiring operations [6, 10]
23 Worker 1 performing operation 6 on task 9
23 Worker 0 processing task 10 requiring operations [8, 6]
23 Worker 0 forwarding task 10
23 Worker 4 processing task 8 requiring operations [1, 2]
23 Worker 4 performing operation 2 on task 8
23 Worker 2 processing task 11 requiring operations [8, 1, 5]
23 Worker 2 forwarding task 11
24 Generated task 12
24 Worker 3 accepting task 12
24 Worker 1 accepting task 9
24 Worker 2 accepting task 10
24 Worker 4 accepting task 8
24 Worker 1 accepting task 11
24 Worker 1 processing task 5 requiring operations [8]
24 Worker 1 performing operation 8 on task 5
24 Worker 4 processing task 8 requiring operations [1]
24 Worker 4 forwarding task 8
24 Worker 2 processing task 10 requiring operations [8, 6]
24 Worker 2 forwarding task 10
24 Worker 3 processing task 12 requiring operations [5, 7, 3]
24 Worker 3 performing operation 3 on task 12
25 Task 5 completed!
25 Worker 3 accepting task 8
25 Worker 1 accepting task 10
25 Worker 3 accepting task 12
25 Worker 1 processing task 7 requiring operations [3]
25 Worker 1 forwarding task 7
25 Worker 3 processing task 8 requiring operations [1]
25 Worker 3 performing operation 1 on task 8
26 Generated task 13
26 Worker 4 accepting task 13
26 Worker 2 accepting task 7
26 Task 8 completed!
26 Worker 1 processing task 9 requiring operations [10]
26 Worker 1 forwarding task 9
26 Worker 3 processing task 12 requiring operations [5, 7]
26 Worker 3 forwarding task 12
26 Worker 4 processing task 13 requiring operations [3, 7, 1]
26 Worker 4 performing operation 7 on task 13
26 Worker 2 processing task 7 requiring operations [3]
26 Worker 2 forwarding task 7
27 Worker 4 accepting task 9
27 Worker 4 accepting task 12
27 Worker 4 accepting task 13
27 Worker 1 accepting task 7
27 Worker 1 processing task 11 requiring operations [8, 1, 5]
27 Worker 1 performing operation 5 on task 11
27 Worker 4 processing task 9 requiring operations [10]
27 Worker 4 forwarding task 9
28 Generated task 14
28 Worker 4 accepting task 14
28 Worker 1 accepting task 11
28 Worker 0 accepting task 9
28 Worker 1 processing task 10 requiring operations [8, 6]
28 Worker 1 performing operation 6 on task 10
28 Worker 4 processing task 12 requiring operations [5, 7]
28 Worker 4 performing operation 7 on task 12
28 Worker 0 processing task 9 requiring operations [10]
28 Worker 0 performing operation 10 on task 9
29 Worker 1 accepting task 10
29 Worker 4 accepting task 12
29 Task 9 completed!
29 Worker 1 processing task 7 requiring operations [3]
29 Worker 1 forwarding task 7
29 Worker 4 processing task 13 requiring operations [3, 1]
29 Worker 4 forwarding task 13
30 Generated task 15
30 Worker 2 accepting task 15
30 Worker 4 accepting task 7
30 Worker 1 accepting task 13
30 Worker 1 processing task 11 requiring operations [8, 1]
30 Worker 1 performing operation 8 on task 11
30 Worker 4 processing task 14 requiring operations [8, 3, 7]
30 Worker 4 performing operation 7 on task 14
30 Worker 2 processing task 15 requiring operations [5, 6, 7]
30 Worker 2 performing operation 7 on task 15
31 Worker 1 accepting task 11
31 Worker 4 accepting task 14
31 Worker 2 accepting task 15
31 Worker 1 processing task 10 requiring operations [8]
31 Worker 1 performing operation 8 on task 10
31 Worker 4 processing task 12 requiring operations [5]
31 Worker 4 performing operation 5 on task 12
31 Worker 2 processing task 15 requiring operations [5, 6]
31 Worker 2 forwarding task 15
32 Generated task 16
32 Worker 0 accepting task 16
32 Task 10 completed!
32 Task 12 completed!
32 Worker 1 accepting task 15
32 Worker 1 processing task 13 requiring operations [3, 1]
32 Worker 1 forwarding task 13
32 Worker 4 processing task 7 requiring operations [3]
32 Worker 4 forwarding task 7
32 Worker 0 processing task 16 requiring operations [5, 6, 7]
32 Worker 0 forwarding task 16
33 Worker 3 accepting task 13
33 Worker 1 accepting task 7
33 Worker 2 accepting task 16
33 Worker 1 processing task 11 requiring operations [1]
33 Worker 1 forwarding task 11
33 Worker 4 processing task 14 requiring operations [8, 3]
33 Worker 4 forwarding task 14
33 Worker 3 processing task 13 requiring operations [3, 1]
33 Worker 3 performing operation 1 on task 13
33 Worker 2 processing task 16 requiring operations [5, 6, 7]
33 Worker 2 performing operation 7 on task 16
34 Generated task 17
34 Worker 2 accepting task 17
34 Worker 4 accepting task 11
34 Worker 1 accepting task 14
34 Worker 3 accepting task 13
34 Worker 2 accepting task 16
34 Worker 1 processing task 15 requiring operations [5, 6]
34 Worker 1 performing operation 5 on task 15
34 Worker 4 processing task 11 requiring operations [1]
34 Worker 4 forwarding task 11
34 Worker 3 processing task 13 requiring operations [3]
34 Worker 3 performing operation 3 on task 13
34 Worker 2 processing task 17 requiring operations [3, 8, 1]
34 Worker 2 forwarding task 17
35 Worker 1 accepting task 15
35 Worker 3 accepting task 11
35 Task 13 completed!
35 Worker 1 accepting task 17
35 Worker 1 processing task 7 requiring operations [3]
35 Worker 1 forwarding task 7
35 Worker 3 processing task 11 requiring operations [1]
35 Worker 3 performing operation 1 on task 11
35 Worker 2 processing task 16 requiring operations [5, 6]
35 Worker 2 forwarding task 16
36 Generated task 18
36 Worker 3 accepting task 18
36 Worker 3 accepting task 7
36 Task 11 completed!
36 Worker 0 accepting task 16
36 Worker 1 processing task 14 requiring operations [8, 3]
36 Worker 1 performing operation 8 on task 14
36 Worker 3 processing task 18 requiring operations [7, 4, 10]
36 Worker 3 performing operation 4 on task 18
36 Worker 0 processing task 16 requiring operations [5, 6]
36 Worker 0 forwarding task 16
37 Worker 1 accepting task 14
37 Worker 3 accepting task 18
37 Worker 4 accepting task 16
37 Worker 1 processing task 15 requiring operations [6]
37 Worker 1 performing operation 6 on task 15
37 Worker 3 processing task 7 requiring operations [3]
37 Worker 3 performing operation 3 on task 7
37 Worker 4 processing task 16 requiring operations [5, 6]
37 Worker 4 performing operation 5 on task 16
38 Generated task 19
38 Worker 3 accepting task 19
38 Task 15 completed!
38 Task 7 completed!
38 Worker 4 accepting task 16
38 Worker 1 processing task 17 requiring operations [3, 8, 1]
38 Worker 1 performing operation 8 on task 17
38 Worker 3 processing task 18 requiring operations [7, 10]
38 Worker 3 forwarding task 18
38 Worker 4 processing task 16 requiring operations [6]
38 Worker 4 forwarding task 16
39 Worker 1 accepting task 17
39 Worker 4 accepting task 18
39 Worker 1 accepting task 16
39 Worker 1 processing task 14 requiring operations [3]
39 Worker 1 forwarding task 14
39 Worker 3 processing task 19 requiring operations [4, 5, 1]
39 Worker 3 performing operation 4 on task 19
39 Worker 4 processing task 18 requiring operations [7, 10]
39 Worker 4 performing operation 7 on task 18
40 Generated task 20
40 Worker 1 accepting task 20
40 Worker 4 accepting task 14
40 Worker 3 accepting task 19
40 Worker 4 accepting task 18
40 Worker 1 processing task 17 requiring operations [3, 1]
40 Worker 1 forwarding task 17
40 Worker 3 processing task 19 requiring operations [5, 1]
40 Worker 3 performing operation 1 on task 19
40 Worker 4 processing task 14 requiring operations [3]
40 Worker 4 forwarding task 14
41 Worker 3 accepting task 17
41 Worker 3 accepting task 19
41 Worker 3 accepting task 14
41 Worker 1 processing task 16 requiring operations [6]
41 Worker 1 performing operation 6 on task 16
41 Worker 3 processing task 17 requiring operations [3, 1]
41 Worker 3 performing operation 1 on task 17
41 Worker 4 processing task 18 requiring operations [10]
41 Worker 4 forwarding task 18
42 Generated task 21
42 Worker 1 accepting task 21
42 Task 16 completed!
42 Worker 3 accepting task 17
42 Worker 0 accepting task 18
42 Worker 1 processing task 20 requiring operations [6, 10, 8]
42 Worker 1 performing operation 6 on task 20
42 Worker 3 processing task 19 requiring operations [5]
42 Worker 3 forwarding task 19
42 Worker 0 processing task 18 requiring operations [10]
42 Worker 0 performing operation 10 on task 18
43 Worker 1 accepting task 20
43 Worker 4 accepting task 19
43 Task 18 completed!
43 Worker 1 processing task 21 requiring operations [5, 1, 3]
43 Worker 1 performing operation 5 on task 21
43 Worker 3 processing task 14 requiring operations [3]
43 Worker 3 performing operation 3 on task 14
43 Worker 4 processing task 19 requiring operations [5]
43 Worker 4 performing operation 5 on task 19
44 Generated task 22
44 Worker 2 accepting task 22
44 Worker 1 accepting task 21
44 Task 14 completed!
44 Task 19 completed!
44 Worker 1 processing task 20 requiring operations [10, 8]
44 Worker 1 performing operation 8 on task 20
44 Worker 3 processing task 17 requiring operations [3]
44 Worker 3 performing operation 3 on task 17
44 Worker 2 processing task 22 requiring operations [1, 9, 7]
44 Worker 2 performing operation 7 on task 22
45 Worker 1 accepting task 20
45 Task 17 completed!
45 Worker 2 accepting task 22
45 Worker 1 processing task 21 requiring operations [1, 3]
45 Worker 1 forwarding task 21
45 Worker 2 processing task 22 requiring operations [1, 9]
45 Worker 2 forwarding task 22
46 Generated task 23
46 Worker 4 accepting task 23
46 Worker 4 accepting task 21
46 Worker 1 accepting task 22
46 Worker 1 processing task 20 requiring operations [10]
46 Worker 1 forwarding task 20
46 Worker 4 processing task 23 requiring operations [3, 7, 8]
46 Worker 4 performing operation 7 on task 23
47 Worker 4 accepting task 20
47 Worker 4 accepting task 23
47 Worker 1 processing task 22 requiring operations [1, 9]
47 Worker 1 forwarding task 22
47 Worker 4 processing task 21 requiring operations [1, 3]
47 Worker 4 forwarding task 21
48 Generated task 24
48 Worker 4 accepting task 24
48 Worker 3 accepting task 22
48 Worker 3 accepting task 21
48 Worker 4 processing task 20 requiring operations [10]
48 Worker 4 forwarding task 20
48 Worker 3 processing task 22 requiring operations [1, 9]
48 Worker 3 performing operation 9 on task 22
49 Worker 1 accepting task 20
49 Worker 3 accepting task 22
49 Worker 4 processing task 23 requiring operations [3, 8]
49 Worker 4 forwarding task 23
49 Worker 3 processing task 21 requiring operations [1, 3]
49 Worker 3 performing operation 3 on task 21
49 Worker 1 processing task 20 requiring operations [10]
49 Worker 1 forwarding task 20
50 Generated task 25
50 Worker 3 accepting task 25
50 Worker 3 accepting task 23
50 Worker 3 accepting task 21
50 Worker 2 accepting task 20
50 Worker 4 processing task 24 requiring operations [3, 5, 6]
50 Worker 4 performing operation 5 on task 24
50 Worker 3 processing task 22 requiring operations [1]
50 Worker 3 performing operation 1 on task 22
50 Worker 2 processing task 20 requiring operations [10]
50 Worker 2 forwarding task 20
51 Worker 4 accepting task 24
51 Task 22 completed!
51 Worker 0 accepting task 20
51 Worker 4 processing task 24 requiring operations [3, 6]
51 Worker 4 forwarding task 24
51 Worker 3 processing task 25 requiring operations [8, 5, 10]
51 Worker 3 forwarding task 25
51 Worker 0 processing task 20 requiring operations [10]
51 Worker 0 performing operation 10 on task 20
52 Generated task 26
52 Worker 1 accepting task 26
52 Worker 3 accepting task 24
52 Worker 4 accepting task 25
52 Task 20 completed!
52 Worker 3 processing task 23 requiring operations [3, 8]
52 Worker 3 performing operation 3 on task 23
52 Worker 1 processing task 26 requiring operations [4, 6, 1]
52 Worker 1 performing operation 6 on task 26
52 Worker 4 processing task 25 requiring operations [8, 5, 10]
52 Worker 4 performing operation 5 on task 25
53 Worker 3 accepting task 23
53 Worker 1 accepting task 26
53 Worker 4 accepting task 25
53 Worker 3 processing task 21 requiring operations [1]
53 Worker 3 performing operation 1 on task 21
53 Worker 1 processing task 26 requiring operations [4, 1]
53 Worker 1 forwarding task 26
53 Worker 4 processing task 25 requiring operations [8, 10]
53 Worker 4 forwarding task 25
54 Generated task 27
54 Worker 0 accepting task 27
54 Task 21 completed!
54 Worker 3 accepting task 26
54 Worker 1 accepting task 25
54 Worker 3 processing task 24 requiring operations [3, 6]
54 Worker 3 performing operation 3 on task 24
54 Worker 0 processing task 27 requiring operations [8, 5, 7]
54 Worker 0 forwarding task 27
54 Worker 1 processing task 25 requiring operations [8, 10]
54 Worker 1 performing operation 8 on task 25
55 Worker 3 accepting task 24
55 Worker 4 accepting task 27
55 Worker 1 accepting task 25
55 Worker 3 processing task 23 requiring operations [8]
55 Worker 3 forwarding task 23
55 Worker 1 processing task 25 requiring operations [10]
55 Worker 1 forwarding task 25
55 Worker 4 processing task 27 requiring operations [8, 5, 7]
55 Worker 4 performing operation 7 on task 27
56 Generated task 28
56 Worker 2 accepting task 28
56 Worker 4 accepting task 23
56 Worker 2 accepting task 25
56 Worker 4 accepting task 27
56 Worker 3 processing task 26 requiring operations [4, 1]
56 Worker 3 performing operation 1 on task 26
56 Worker 4 processing task 23 requiring operations [8]
56 Worker 4 forwarding task 23
56 Worker 2 processing task 28 requiring operations [6, 4, 2]
56 Worker 2 forwarding task 28
57 Worker 3 accepting task 26
57 Worker 0 accepting task 23
57 Worker 0 accepting task 28
57 Worker 3 processing task 24 requiring operations [6]
57 Worker 3 forwarding task 24
57 Worker 4 processing task 27 requiring operations [8, 5]
57 Worker 4 performing operation 5 on task 27
57 Worker 2 processing task 25 requiring operations [10]
57 Worker 2 forwarding task 25
57 Worker 0 processing task 23 requiring operations [8]
57 Worker 0 forwarding task 23
58 Generated task 29
58 Worker 0 accepting task 29
58 Worker 4 accepting task 24
58 Worker 4 accepting task 27
58 Worker 0 accepting task 25
58 Worker 4 accepting task 23
58 Worker 3 processing task 26 requiring operations [4]
58 Worker 3 performing operation 4 on task 26
58 Worker 4 processing task 24 requiring operations [6]
58 Worker 4 forwarding task 24
58 Worker 0 processing task 28 requiring operations [6, 4, 2]
58 Worker 0 forwarding task 28
59 Task 26 completed!
59 Worker 0 accepting task 24
59 Worker 2 accepting task 28
59 Worker 4 processing task 27 requiring operations [8]
59 Worker 4 forwarding task 27
59 Worker 0 processing task 29 requiring operations [1, 9, 2]
59 Worker 0 performing operation 9 on task 29
59 Worker 2 processing task 28 requiring operations [6, 4, 2]
59 Worker 2 forwarding task 28
60 Generated task 30
60 Worker 2 accepting task 30
60 Worker 0 accepting task 27
60 Worker 0 accepting task 29
60 Worker 0 accepting task 28
60 Worker 4 processing task 23 requiring operations [8]
60 Worker 4 forwarding task 23
60 Worker 0 processing task 25 requiring operations [10]
60 Worker 0 performing operation 10 on task 25
60 Worker 2 processing task 30 requiring operations [7, 10, 6]
60 Worker 2 performing operation 7 on task 30
61 Worker 3 accepting task 23
61 Task 25 completed!
61 Worker 2 accepting task 30
61 Worker 0 processing task 24 requiring operations [6]
61 Worker 0 forwarding task 24
61 Worker 2 processing task 30 requiring operations [10, 6]
61 Worker 2 forwarding task 30
61 Worker 3 processing task 23 requiring operations [8]
61 Worker 3 forwarding task 23
62 Generated task 31
62 Worker 0 accepting task 31
62 Worker 4 accepting task 24
62 Worker 0 accepting task 30
62 Worker 4 accepting task 23
62 Worker 0 processing task 27 requiring operations [8]
62 Worker 0 forwarding task 27
62 Worker 4 processing task 24 requiring operations [6]
62 Worker 4 forwarding task 24
63 Worker 2 accepting task 27
63 Worker 0 accepting task 24
63 Worker 0 processing task 29 requiring operations [1, 2]
63 Worker 0 forwarding task 29
63 Worker 4 processing task 23 requiring operations [8]
63 Worker 4 forwarding task 23
63 Worker 2 processing task 27 requiring operations [8]
63 Worker 2 forwarding task 27
64 Generated task 32
64 Worker 0 accepting task 32
64 Worker 2 accepting task 29
64 Worker 1 accepting task 23
64 Worker 0 accepting task 27
64 Worker 0 processing task 28 requiring operations [6, 4, 2]
64 Worker 0 forwarding task 28
64 Worker 2 processing task 29 requiring operations [1, 2]
64 Worker 2 forwarding task 29
64 Worker 1 processing task 23 requiring operations [8]
64 Worker 1 performing operation 8 on task 23
65 Worker 2 accepting task 28
65 Worker 1 accepting task 29
65 Task 23 completed!
65 Worker 0 processing task 31 requiring operations [10, 8, 5]
65 Worker 0 performing operation 10 on task 31
65 Worker 2 processing task 28 requiring operations [6, 4, 2]
65 Worker 2 forwarding task 28
65 Worker 1 processing task 29 requiring operations [1, 2]
65 Worker 1 forwarding task 29
66 Generated task 33
66 Worker 1 accepting task 33
66 Worker 0 accepting task 31
66 Worker 1 accepting task 28
66 Worker 2 accepting task 29
66 Worker 0 processing task 30 requiring operations [10, 6]
66 Worker 0 performing operation 10 on task 30
66 Worker 1 processing task 33 requiring operations [9, 3, 5]
66 Worker 1 performing operation 5 on task 33
66 Worker 2 processing task 29 requiring operations [1, 2]
66 Worker 2 forwarding task 29
67 Worker 0 accepting task 30
67 Worker 1 accepting task 33
67 Worker 0 accepting task 29
67 Worker 0 processing task 24 requiring operations [6]
67 Worker 0 forwarding task 24
67 Worker 1 processing task 28 requiring operations [6, 4, 2]
67 Worker 1 performing operation 6 on task 28
68 Generated task 34
68 Worker 2 accepting task 34
68 Worker 2 accepting task 24
68 Worker 1 accepting task 28
68 Worker 0 processing task 32 requiring operations [10, 4, 9]
68 Worker 0 performing operation 9 on task 32
68 Worker 1 processing task 33 requiring operations [9, 3]
68 Worker 1 forwarding task 33
68 Worker 2 processing task 34 requiring operations [4, 5, 8]
68 Worker 2 forwarding task 34
69 Worker 0 accepting task 32
69 Worker 3 accepting task 33
69 Worker 1 accepting task 34
69 Worker 0 processing task 27 requiring operations [8]
69 Worker 0 forwarding task 27
69 Worker 1 processing task 28 requiring operations [4, 2]
69 Worker 1 forwarding task 28
69 Worker 2 processing task 24 requiring operations [6]
69 Worker 2 forwarding task 24
69 Worker 3 processing task 33 requiring operations [9, 3]
69 Worker 3 performing operation 3 on task 33
70 Generated task 35
70 Worker 0 accepting task 35
70 Worker 4 accepting task 27
70 Worker 3 accepting task 28
70 Worker 1 accepting task 24
70 Worker 3 accepting task 33
70 Worker 0 processing task 31 requiring operations [8, 5]
70 Worker 0 forwarding task 31
70 Worker 1 processing task 34 requiring operations [4, 5, 8]
70 Worker 1 performing operation 5 on task 34
70 Worker 3 processing task 28 requiring operations [4, 2]
70 Worker 3 performing operation 4 on task 28
70 Worker 4 processing task 27 requiring operations [8]
70 Worker 4 forwarding task 27
71 Worker 4 accepting task 31
71 Worker 1 accepting task 34
71 Worker 3 accepting task 28
71 Worker 1 accepting task 27
71 Worker 0 processing task 30 requiring operations [6]
71 Worker 0 forwarding task 30
71 Worker 1 processing task 24 requiring operations [6]
71 Worker 1 performing operation 6 on task 24
71 Worker 3 processing task 33 requiring operations [9]
71 Worker 3 performing operation 9 on task 33
71 Worker 4 processing task 31 requiring operations [8, 5]
71 Worker 4 performing operation 5 on task 31
72 Generated task 36
72 Worker 4 accepting task 36
72 Worker 2 accepting task 30
72 Task 24 completed!
72 Task 33 completed!
72 Worker 4 accepting task 31
72 Worker 0 processing task 29 requiring operations [1, 2]
72 Worker 0 forwarding task 29
72 Worker 1 processing task 34 requiring operations [4, 8]
72 Worker 1 performing operation 8 on task 34
72 Worker 3 processing task 28 requiring operations [2]
72 Worker 3 forwarding task 28
72 Worker 4 processing task 36 requiring operations [3, 6, 8]
72 Worker 4 forwarding task 36
72 Worker 2 processing task 30 requiring operations [6]
72 Worker 2 forwarding task 30
73 Worker 2 accepting task 29
73 Worker 1 accepting task 34
73 Worker 1 accepting task 28
73 Worker 1 accepting task 36
73 Worker 1 accepting task 30
73 Worker 0 processing task 32 requiring operations [10, 4]
73 Worker 0 performing operation 10 on task 32
73 Worker 1 processing task 27 requiring operations [8]
73 Worker 1 performing operation 8 on task 27
73 Worker 4 processing task 31 requiring operations [8]
73 Worker 4 forwarding task 31
73 Worker 2 processing task 29 requiring operations [1, 2]
73 Worker 2 forwarding task 29
74 Generated task 37
74 Worker 4 accepting task 37
74 Worker 0 accepting task 32
74 Task 27 completed!
74 Worker 3 accepting task 31
74 Worker 1 accepting task 29
74 Worker 0 processing task 35 requiring operations [3, 1, 9]
74 Worker 0 performing operation 9 on task 35
74 Worker 1 processing task 34 requiring operations [4]
74 Worker 1 forwarding task 34
74 Worker 4 processing task 37 requiring operations [9, 3, 6]
74 Worker 4 performing operation 9 on task 37
74 Worker 3 processing task 31 requiring operations [8]
74 Worker 3 forwarding task 31
75 Worker 0 accepting task 35
75 Worker 4 accepting task 34
75 Worker 4 accepting task 37
75 Worker 1 accepting task 31
75 Worker 0 processing task 32 requiring operations [4]
75 Worker 0 forwarding task 32
75 Worker 1 processing task 28 requiring operations [2]
75 Worker 1 forwarding task 28
75 Worker 4 processing task 34 requiring operations [4]
75 Worker 4 forwarding task 34
76 Generated task 38
76 Worker 3 accepting task 38
76 Worker 4 accepting task 32
76 Worker 3 accepting task 28
76 Worker 0 accepting task 34
76 Worker 0 processing task 35 requiring operations [3, 1]
76 Worker 0 forwarding task 35
76 Worker 1 processing task 36 requiring operations [3, 6, 8]
76 Worker 1 performing operation 8 on task 36
76 Worker 4 processing task 37 requiring operations [3, 6]
76 Worker 4 forwarding task 37
76 Worker 3 processing task 38 requiring operations [2, 8, 4]
76 Worker 3 performing operation 4 on task 38
77 Worker 4 accepting task 35
77 Worker 1 accepting task 36
77 Worker 0 accepting task 37
77 Worker 3 accepting task 38
77 Worker 0 processing task 34 requiring operations [4]
77 Worker 0 forwarding task 34
77 Worker 1 processing task 30 requiring operations [6]
77 Worker 1 performing operation 6 on task 30
77 Worker 4 processing task 32 requiring operations [4]
77 Worker 4 forwarding task 32
77 Worker 3 processing task 28 requiring operations [2]
77 Worker 3 forwarding task 28
78 Generated task 39
78 Worker 4 accepting task 39
78 Worker 4 accepting task 34
78 Task 30 completed!
78 Worker 1 accepting task 32
78 Worker 1 accepting task 28
78 Worker 0 processing task 37 requiring operations [3, 6]
78 Worker 0 forwarding task 37
78 Worker 1 processing task 29 requiring operations [1, 2]
78 Worker 1 forwarding task 29
78 Worker 4 processing task 35 requiring operations [3, 1]
78 Worker 4 forwarding task 35
78 Worker 3 processing task 38 requiring operations [2, 8]
78 Worker 3 forwarding task 38
79 Worker 2 accepting task 37
79 Worker 3 accepting task 29
79 Worker 1 accepting task 35
79 Worker 1 accepting task 38
79 Worker 1 processing task 31 requiring operations [8]
79 Worker 1 performing operation 8 on task 31
79 Worker 4 processing task 39 requiring operations [4, 10, 8]
79 Worker 4 forwarding task 39
79 Worker 3 processing task 29 requiring operations [1, 2]
79 Worker 3 performing operation 1 on task 29
79 Worker 2 processing task 37 requiring operations [3, 6]
79 Worker 2 forwarding task 37
80 Generated task 40
80 Worker 0 accepting task 40
80 Task 31 completed!
80 Worker 0 accepting task 39
80 Worker 3 accepting task 29
80 Worker 1 accepting task 37
80 Worker 1 processing task 36 requiring operations [3, 6]
80 Worker 1 performing operation 6 on task 36
80 Worker 4 processing task 34 requiring operations [4]
80 Worker 4 forwarding task 34
80 Worker 3 processing task 29 requiring operations [2]
80 Worker 3 forwarding task 29
80 Worker 0 processing task 40 requiring operations [3, 1, 5]
80 Worker 0 forwarding task 40
81 Worker 1 accepting task 36
81 Worker 1 accepting task 34
81 Worker 4 accepting task 29
81 Worker 2 accepting task 40
81 Worker 1 processing task 32 requiring operations [4]
81 Worker 1 forwarding task 32
81 Worker 0 processing task 39 requiring operations [4, 10, 8]
81 Worker 0 performing operation 10 on task 39
81 Worker 4 processing task 29 requiring operations [2]
81 Worker 4 performing operation 2 on task 29
81 Worker 2 processing task 40 requiring operations [3, 1, 5]
81 Worker 2 forwarding task 40
82 Generated task 41
82 Worker 0 accepting task 41
82 Worker 4 accepting task 32
82 Worker 0 accepting task 39
82 Task 29 completed!
82 Worker 0 accepting task 40
82 Worker 1 processing task 28 requiring operations [2]
82 Worker 1 forwarding task 28
82 Worker 0 processing task 41 requiring operations [1, 10, 3]
82 Worker 0 performing operation 10 on task 41
82 Worker 4 processing task 32 requiring operations [4]
82 Worker 4 forwarding task 32
83 Worker 2 accepting task 28
83 Worker 0 accepting task 41
83 Worker 3 accepting task 32
83 Worker 1 processing task 35 requiring operations [3, 1]
83 Worker 1 forwarding task 35
83 Worker 0 processing task 39 requiring operations [4, 8]
83 Worker 0 forwarding task 39
83 Worker 2 processing task 28 requiring operations [2]
83 Worker 2 forwarding task 28
83 Worker 3 processing task 32 requiring operations [4]
83 Worker 3 performing operation 4 on task 32
84 Generated task 42
84 Worker 3 accepting task 42
84 Worker 2 accepting task 35
84 Worker 2 accepting task 39
84 Worker 0 accepting task 28
84 Task 32 completed!
84 Worker 1 processing task 38 requiring operations [2, 8]
84 Worker 1 performing operation 8 on task 38
84 Worker 0 processing task 40 requiring operations [3, 1, 5]
84 Worker 0 forwarding task 40
84 Worker 2 processing task 35 requiring operations [3, 1]
84 Worker 2 forwarding task 35
84 Worker 3 processing task 42 requiring operations [6, 10, 8]
84 Worker 3 forwarding task 42
85 Worker 1 accepting task 38
85 Worker 4 accepting task 40
85 Worker 1 accepting task 35
85 Worker 1 accepting task 42
85 Worker 1 processing task 37 requiring operations [3, 6]
85 Worker 1 performing operation 6 on task 37
85 Worker 0 processing task 41 requiring operations [1, 3]
85 Worker 0 forwarding task 41
85 Worker 2 processing task 39 requiring operations [4, 8]
85 Worker 2 forwarding task 39
85 Worker 4 processing task 40 requiring operations [3, 1, 5]
85 Worker 4 performing operation 5 on task 40
86 Generated task 43
86 Worker 3 accepting task 43
86 Worker 1 accepting task 37
86 Worker 2 accepting task 41
86 Worker 0 accepting task 39
86 Worker 4 accepting task 40
86 Worker 1 processing task 36 requiring operations [3]
86 Worker 1 forwarding task 36
86 Worker 0 processing task 28 requiring operations [2]
86 Worker 0 forwarding task 28
86 Worker 2 processing task 41 requiring operations [1, 3]
86 Worker 2 forwarding task 41
86 Worker 4 processing task 40 requiring operations [3, 1]
86 Worker 4 forwarding task 40
86 Worker 3 processing task 43 requiring operations [3, 7, 8]
86 Worker 3 performing operation 3 on task 43
87 Worker 4 accepting task 36
87 Worker 4 accepting task 28
87 Worker 0 accepting task 41
87 Worker 0 accepting task 40
87 Worker 3 accepting task 43
87 Worker 1 processing task 34 requiring operations [4]
87 Worker 1 forwarding task 34
87 Worker 0 processing task 39 requiring operations [4, 8]
87 Worker 0 forwarding task 39
87 Worker 4 processing task 36 requiring operations [3]
87 Worker 4 forwarding task 36
87 Worker 3 processing task 43 requiring operations [7, 8]
87 Worker 3 forwarding task 43
88 Generated task 44
88 Worker 3 accepting task 44
88 Worker 4 accepting task 34
88 Worker 4 accepting task 39
88 Worker 1 accepting task 36
88 Worker 1 accepting task 43
88 Worker 1 processing task 38 requiring operations [2]
88 Worker 1 forwarding task 38
88 Worker 0 processing task 41 requiring operations [1, 3]
88 Worker 0 forwarding task 41
88 Worker 4 processing task 28 requiring operations [2]
88 Worker 4 performing operation 2 on task 28
88 Worker 3 processing task 44 requiring operations [7, 6, 5]
88 Worker 3 forwarding task 44
89 Worker 2 accepting task 38
89 Worker 2 accepting task 41
89 Task 28 completed!
89 Worker 1 accepting task 44
89 Worker 1 processing task 35 requiring operations [3, 1]
89 Worker 1 forwarding task 35
89 Worker 0 processing task 40 requiring operations [3, 1]
89 Worker 0 forwarding task 40
89 Worker 4 processing task 34 requiring operations [4]
89 Worker 4 forwarding task 34
89 Worker 2 processing task 38 requiring operations [2]
89 Worker 2 forwarding task 38
90 Generated task 45
90 Worker 3 accepting task 45
90 Worker 3 accepting task 35
90 Worker 2 accepting task 40
90 Worker 1 accepting task 34
90 Worker 0 accepting task 38
90 Worker 1 processing task 42 requiring operations [6, 10, 8]
90 Worker 1 performing operation 8 on task 42
90 Worker 4 processing task 39 requiring operations [4, 8]
90 Worker 4 forwarding task 39
90 Worker 2 processing task 41 requiring operations [1, 3]
90 Worker 2 forwarding task 41
90 Worker 3 processing task 45 requiring operations [4, 5, 3]
90 Worker 3 performing operation 4 on task 45
90 Worker 0 processing task 38 requiring operations [2]
90 Worker 0 forwarding task 38
91 Worker 1 accepting task 42
91 Worker 3 accepting task 39
91 Worker 1 accepting task 41
91 Worker 3 accepting task 45
91 Worker 2 accepting task 38
91 Worker 1 processing task 37 requiring operations [3]
91 Worker 1 forwarding task 37
91 Worker 2 processing task 40 requiring operations [3, 1]
91 Worker 2 forwarding task 40
91 Worker 3 processing task 35 requiring operations [3, 1]
91 Worker 3 performing operation 1 on task 35
92 Generated task 46
92 Worker 0 accepting task 46
92 Worker 3 accepting task 37
92 Worker 0 accepting task 40
92 Worker 3 accepting task 35
92 Worker 1 processing task 36 requiring operations [3]
92 Worker 1 forwarding task 36
92 Worker 2 processing task 38 requiring operations [2]
92 Worker 2 forwarding task 38
92 Worker 3 processing task 39 requiring operations [4, 8]
92 Worker 3 performing operation 4 on task 39
92 Worker 0 processing task 46 requiring operations [2, 3, 5]
92 Worker 0 forwarding task 46
93 Worker 2 accepting task 36
93 Worker 1 accepting task 38
93 Worker 3 accepting task 39
93 Worker 2 accepting task 46
93 Worker 1 processing task 43 requiring operations [7, 8]
93 Worker 1 performing operation 8 on task 43
93 Worker 2 processing task 36 requiring operations [3]
93 Worker 2 forwarding task 36
93 Worker 3 processing task 45 requiring operations [5, 3]
93 Worker 3 performing operation 3 on task 45
93 Worker 0 processing task 40 requiring operations [3, 1]
93 Worker 0 forwarding task 40
94 Generated task 47
94 Worker 2 accepting task 47
94 Worker 1 accepting task 43
94 Worker 0 accepting task 36
94 Worker 3 accepting task 45
94 Worker 2 accepting task 40
94 Worker 1 processing task 44 requiring operations [7, 6, 5]
94 Worker 1 performing operation 6 on task 44
94 Worker 2 processing task 46 requiring operations [2, 3, 5]
94 Worker 2 forwarding task 46
94 Worker 3 processing task 37 requiring operations [3]
94 Worker 3 performing operation 3 on task 37
94 Worker 0 processing task 36 requiring operations [3]
94 Worker 0 forwarding task 36
95 Worker 1 accepting task 44
95 Worker 0 accepting task 46
95 Task 37 completed!
95 Worker 2 accepting task 36
95 Worker 1 processing task 34 requiring operations [4]
95 Worker 1 forwarding task 34
95 Worker 2 processing task 47 requiring operations [8, 3, 7]
95 Worker 2 performing operation 7 on task 47
95 Worker 3 processing task 35 requiring operations [3]
95 Worker 3 performing operation 3 on task 35
95 Worker 0 processing task 46 requiring operations [2, 3, 5]
95 Worker 0 forwarding task 46
96 Generated task 48
96 Worker 4 accepting task 48
96 Worker 4 accepting task 34
96 Worker 2 accepting task 47
96 Task 35 completed!
96 Worker 2 accepting task 46
96 Worker 1 processing task 42 requiring operations [6, 10]
96 Worker 1 performing operation 6 on task 42
96 Worker 2 processing task 40 requiring operations [3, 1]
96 Worker 2 forwarding task 40
96 Worker 3 processing task 39 requiring operations [8]
96 Worker 3 forwarding task 39
96 Worker 4 processing task 48 requiring operations [10, 6, 9]
96 Worker 4 performing operation 9 on task 48
97 Worker 1 accepting task 42
97 Worker 0 accepting task 40
97 Worker 1 accepting task 39
97 Worker 4 accepting task 48
97 Worker 1 processing task 41 requiring operations [1, 3]
97 Worker 1 forwarding task 41
97 Worker 2 processing task 36 requiring operations [3]
97 Worker 2 forwarding task 36
97 Worker 3 processing task 45 requiring operations [5]
97 Worker 3 forwarding task 45
97 Worker 4 processing task 34 requiring operations [4]
97 Worker 4 forwarding task 34
97 Worker 0 processing task 40 requiring operations [3, 1]
97 Worker 0 forwarding task 40
98 Generated task 49
98 Worker 1 accepting task 49
98 Worker 4 accepting task 41
98 Worker 1 accepting task 36
98 Worker 1 accepting task 45
98 Worker 0 accepting task 34
98 Worker 2 accepting task 40
98 Worker 1 processing task 38 requiring operations [2]
98 Worker 1 forwarding task 38
98 Worker 2 processing task 47 requiring operations [8, 3]
98 Worker 2 forwarding task 47
98 Worker 4 processing task 48 requiring operations [10, 6]
98 Worker 4 forwarding task 48
98 Worker 0 processing task 34 requiring operations [4]
98 Worker 0 forwarding task 34
99 Worker 4 accepting task 38
99 Worker 1 accepting task 47
99 Worker 3 accepting task 48
99 Worker 4 accepting task 34
99 Worker 1 processing task 43 requiring operations [7]
99 Worker 1 forwarding task 43
99 Worker 2 processing task 46 requiring operations [2, 3, 5]
99 Worker 2 forwarding task 46
99 Worker 4 processing task 41 requiring operations [1, 3]
99 Worker 4 forwarding task 41
99 Worker 3 processing task 48 requiring operations [10, 6]
99 Worker 3 forwarding task 48
100 Generated task 50
100 Worker 3 accepting task 50
100 Worker 3 accepting task 43
100 Worker 0 accepting task 46
100 Worker 3 accepting task 41
100 Worker 1 accepting task 48
100 Worker 1 processing task 44 requiring operations [7, 5]
100 Worker 1 performing operation 5 on task 44
100 Worker 2 processing task 40 requiring operations [3, 1]
100 Worker 2 forwarding task 40
100 Worker 4 processing task 38 requiring operations [2]
100 Worker 4 performing operation 2 on task 38
100 Worker 3 processing task 50 requiring operations [3, 5, 4]
100 Worker 3 performing operation 3 on task 50
100 Worker 0 processing task 46 requiring operations [2, 3, 5]
100 Worker 0 forwarding task 46
101 Worker 1 accepting task 44
101 Worker 1 accepting task 40
101 Task 38 completed!
101 Worker 3 accepting task 50
101 Worker 4 accepting task 46
101 Worker 1 processing task 42 requiring operations [10]
101 Worker 1 forwarding task 42
101 Worker 4 processing task 34 requiring operations [4]
101 Worker 4 forwarding task 34
101 Worker 3 processing task 43 requiring operations [7]
101 Worker 3 forwarding task 43
102 Generated task 51
102 Worker 4 accepting task 51
102 Worker 4 accepting task 42
102 Worker 3 accepting task 34
102 Worker 4 accepting task 43
102 Worker 1 processing task 39 requiring operations [8]
102 Worker 1 performing operation 8 on task 39
102 Worker 4 processing task 46 requiring operations [2, 3, 5]
102 Worker 4 performing operation 5 on task 46
102 Worker 3 processing task 41 requiring operations [1, 3]
102 Worker 3 performing operation 1 on task 41
103 Task 39 completed!
103 Worker 4 accepting task 46
103 Worker 3 accepting task 41
103 Worker 1 processing task 49 requiring operations [8, 3, 1]
103 Worker 1 performing operation 8 on task 49
103 Worker 4 processing task 51 requiring operations [4, 10, 6]
103 Worker 4 forwarding task 51
103 Worker 3 processing task 50 requiring operations [5, 4]
103 Worker 3 performing operation 4 on task 50
104 Generated task 52
104 Worker 1 accepting task 52
104 Worker 1 accepting task 49
104 Worker 1 accepting task 51
104 Worker 3 accepting task 50
104 Worker 1 processing task 36 requiring operations [3]
104 Worker 1 forwarding task 36
104 Worker 4 processing task 42 requiring operations [10]
104 Worker 4 forwarding task 42
104 Worker 3 processing task 34 requiring operations [4]
104 Worker 3 performing operation 4 on task 34
105 Worker 4 accepting task 36
105 Worker 3 accepting task 42
105 Task 34 completed!
105 Worker 1 processing task 45 requiring operations [5]
105 Worker 1 performing operation 5 on task 45
105 Worker 4 processing task 43 requiring operations [7]
105 Worker 4 performing operation 7 on task 43
105 Worker 3 processing task 41 requiring operations [3]
105 Worker 3 performing operation 3 on task 41
106 Generated task 53
106 Worker 3 accepting task 53
106 Task 45 completed!
106 Task 43 completed!
106 Task 41 completed!
106 Worker 1 processing task 47 requiring operations [8, 3]
106 Worker 1 performing operation 8 on task 47
106 Worker 4 processing task 46 requiring operations [2, 3]
106 Worker 4 performing operation 2 on task 46
106 Worker 3 processing task 50 requiring operations [5]
106 Worker 3 forwarding task 50
107 Worker 1 accepting task 47
107 Worker 4 accepting task 46
107 Worker 1 accepting task 50
107 Worker 1 processing task 48 requiring operations [10, 6]
107 Worker 1 performing operation 6 on task 48
107 Worker 4 processing task 36 requiring operations [3]
107 Worker 4 forwarding task 36
107 Worker 3 processing task 42 requiring operations [10]
107 Worker 3 forwarding task 42
108 Generated task 54
108 Worker 2 accepting task 54
108 Worker 1 accepting task 48
108 Worker 0 accepting task 36
108 Worker 4 accepting task 42
108 Worker 1 processing task 44 requiring operations [7]
108 Worker 1 forwarding task 44
108 Worker 4 processing task 46 requiring operations [3]
108 Worker 4 forwarding task 46
108 Worker 3 processing task 53 requiring operations [9, 1, 10]
108 Worker 3 performing operation 9 on task 53
108 Worker 2 processing task 54 requiring operations [5, 3, 9]
108 Worker 2 forwarding task 54
108 Worker 0 processing task 36 requiring operations [3]
108 Worker 0 forwarding task 36
109 Worker 2 accepting task 44
109 Worker 0 accepting task 46
109 Worker 3 accepting task 53
109 Worker 0 accepting task 54
109 Worker 4 accepting task 36
109 Worker 1 processing task 40 requiring operations [3, 1]
109 Worker 1 forwarding task 40
109 Worker 4 processing task 42 requiring operations [10]
109 Worker 4 forwarding task 42
109 Worker 3 processing task 53 requiring operations [1, 10]
109 Worker 3 performing operation 1 on task 53
109 Worker 2 processing task 44 requiring operations [7]
109 Worker 2 performing operation 7 on task 44
109 Worker 0 processing task 46 requiring operations [3]
109 Worker 0 forwarding task 46
110 Generated task 55
110 Worker 3 accepting task 55
110 Worker 4 accepting task 40
110 Worker 3 accepting task 42
110 Worker 3 accepting task 53
110 Task 44 completed!
110 Worker 4 accepting task 46
110 Worker 1 processing task 52 requiring operations [8, 3, 1]
110 Worker 1 performing operation 8 on task 52
110 Worker 4 processing task 36 requiring operations [3]
110 Worker 4 forwarding task 36
110 Worker 3 processing task 55 requiring operations [10, 5, 4]
110 Worker 3 performing operation 4 on task 55
110 Worker 0 processing task 54 requiring operations [5, 3, 9]
110 Worker 0 performing operation 9 on task 54
111 Worker 1 accepting task 52
111 Worker 1 accepting task 36
111 Worker 3 accepting task 55
111 Worker 0 accepting task 54
111 Worker 1 processing task 49 requiring operations [3, 1]
111 Worker 1 forwarding task 49
111 Worker 4 processing task 40 requiring operations [3, 1]
111 Worker 4 forwarding task 40
111 Worker 3 processing task 42 requiring operations [10]
111 Worker 3 forwarding task 42
111 Worker 0 processing task 54 requiring operations [5, 3]
111 Worker 0 forwarding task 54
112 Generated task 56
112 Worker 2 accepting task 56
112 Worker 4 accepting task 49
112 Worker 3 accepting task 40
112 Worker 1 accepting task 42
112 Worker 4 accepting task 54
112 Worker 1 processing task 51 requiring operations [4, 10, 6]
112 Worker 1 performing operation 6 on task 51
112 Worker 4 processing task 46 requiring operations [3]
112 Worker 4 forwarding task 46
112 Worker 3 processing task 53 requiring operations [10]
112 Worker 3 forwarding task 53
112 Worker 2 processing task 56 requiring operations [4, 9, 6]
112 Worker 2 forwarding task 56
113 Worker 1 accepting task 51
113 Worker 0 accepting task 46
113 Worker 4 accepting task 53
113 Worker 1 accepting task 56
113 Worker 1 processing task 47 requiring operations [3]
113 Worker 1 forwarding task 47
113 Worker 4 processing task 49 requiring operations [3, 1]
113 Worker 4 forwarding task 49
113 Worker 3 processing task 55 requiring operations [10, 5]
113 Worker 3 forwarding task 55
113 Worker 0 processing task 46 requiring operations [3]
113 Worker 0 forwarding task 46
114 Generated task 57
114 Worker 4 accepting task 57
114 Worker 3 accepting task 47
114 Worker 0 accepting task 49
114 Worker 4 accepting task 55
114 Worker 2 accepting task 46
114 Worker 1 processing task 50 requiring operations [5]
114 Worker 1 performing operation 5 on task 50
114 Worker 4 processing task 54 requiring operations [5, 3]
114 Worker 4 performing operation 5 on task 54
114 Worker 3 processing task 40 requiring operations [3, 1]
114 Worker 3 performing operation 1 on task 40
114 Worker 0 processing task 49 requiring operations [3, 1]
114 Worker 0 forwarding task 49
114 Worker 2 processing task 46 requiring operations [3]
114 Worker 2 forwarding task 46
115 Task 50 completed!
115 Worker 4 accepting task 54
115 Worker 3 accepting task 40
115 Worker 4 accepting task 49
115 Worker 1 accepting task 46
115 Worker 1 processing task 48 requiring operations [10]
115 Worker 1 forwarding task 48
115 Worker 4 processing task 53 requiring operations [10]
115 Worker 4 forwarding task 53
115 Worker 3 processing task 47 requiring operations [3]
115 Worker 3 performing operation 3 on task 47
116 Generated task 58
116 Worker 1 accepting task 58
116 Worker 3 accepting task 48
116 Worker 0 accepting task 53
116 Task 47 completed!
116 Worker 1 processing task 52 requiring operations [3, 1]
116 Worker 1 forwarding task 52
116 Worker 4 processing task 57 requiring operations [1, 2, 3]
116 Worker 4 performing operation 2 on task 57
116 Worker 3 processing task 40 requiring operations [3]
116 Worker 3 performing operation 3 on task 40
116 Worker 0 processing task 53 requiring operations [10]
116 Worker 0 performing operation 10 on task 53
117 Worker 3 accepting task 52
117 Worker 4 accepting task 57
117 Task 40 completed!
117 Task 53 completed!
117 Worker 1 processing task 36 requiring operations [3]
117 Worker 1 forwarding task 36
117 Worker 4 processing task 55 requiring operations [10, 5]
117 Worker 4 performing operation 5 on task 55
117 Worker 3 processing task 48 requiring operations [10]
117 Worker 3 forwarding task 48
118 Generated task 59
118 Worker 3 accepting task 59
118 Worker 3 accepting task 36
118 Worker 4 accepting task 55
118 Worker 4 accepting task 48
118 Worker 1 processing task 42 requiring operations [10]
118 Worker 1 forwarding task 42
118 Worker 4 processing task 54 requiring operations [3]
118 Worker 4 forwarding task 54
118 Worker 3 processing task 52 requiring operations [3, 1]
118 Worker 3 performing operation 3 on task 52
119 Worker 2 accepting task 42
119 Worker 1 accepting task 54
119 Worker 3 accepting task 52
119 Worker 1 processing task 51 requiring operations [4, 10]
119 Worker 1 forwarding task 51
119 Worker 4 processing task 49 requiring operations [3, 1]
119 Worker 4 forwarding task 49
119 Worker 3 processing task 59 requiring operations [6, 1, 2]
119 Worker 3 performing operation 1 on task 59
119 Worker 2 processing task 42 requiring operations [10]
119 Worker 2 forwarding task 42
120 Generated task 60
120 Worker 4 accepting task 60
120 Worker 3 accepting task 51
120 Worker 1 accepting task 49
120 Worker 3 accepting task 59
120 Worker 1 accepting task 42
120 Worker 1 processing task 56 requiring operations [4, 9, 6]
120 Worker 1 performing operation 6 on task 56
120 Worker 4 processing task 57 requiring operations [1, 3]
120 Worker 4 forwarding task 57
120 Worker 3 processing task 36 requiring operations [3]
120 Worker 3 performing operation 3 on task 36
121 Worker 1 accepting task 56
121 Worker 0 accepting task 57
121 Task 36 completed!
121 Worker 1 processing task 46 requiring operations [3]
121 Worker 1 forwarding task 46
121 Worker 4 processing task 55 requiring operations [10]
121 Worker 4 forwarding task 55
121 Worker 3 processing task 52 requiring operations [1]
121 Worker 3 performing operation 1 on task 52
121 Worker 0 processing task 57 requiring operations [1, 3]
121 Worker 0 forwarding task 57
122 Generated task 61
122 Worker 3 accepting task 61
122 Worker 3 accepting task 46
122 Worker 0 accepting task 55
122 Task 52 completed!
122 Worker 2 accepting task 57
122 Worker 1 processing task 58 requiring operations [1, 7, 8]
122 Worker 1 performing operation 8 on task 58
122 Worker 4 processing task 48 requiring operations [10]
122 Worker 4 forwarding task 48
122 Worker 3 processing task 51 requiring operations [4, 10]
122 Worker 3 performing operation 4 on task 51
122 Worker 0 processing task 55 requiring operations [10]
122 Worker 0 performing operation 10 on task 55
122 Worker 2 processing task 57 requiring operations [1, 3]
122 Worker 2 forwarding task 57
123 Worker 1 accepting task 58
123 Worker 1 accepting task 48
123 Worker 3 accepting task 51
123 Task 55 completed!
123 Worker 1 accepting task 57
123 Worker 1 processing task 54 requiring operations [3]
123 Worker 1 forwarding task 54
123 Worker 4 processing task 60 requiring operations [6, 7, 3]
123 Worker 4 performing operation 7 on task 60
123 Worker 3 processing task 59 requiring operations [6, 2]
123 Worker 3 forwarding task 59
124 Generated task 62
124 Worker 1 accepting task 62
124 Worker 4 accepting task 54
124 Worker 4 accepting task 60
124 Worker 1 accepting task 59
124 Worker 1 processing task 49 requiring operations [3, 1]
124 Worker 1 forwarding task 49
124 Worker 4 processing task 54 requiring operations [3]
124 Worker 4 forwarding task 54
124 Worker 3 processing task 61 requiring operations [3, 8, 2]
124 Worker 3 performing operation 3 on task 61
125 Worker 2 accepting task 49
125 Worker 0 accepting task 54
125 Worker 3 accepting task 61
125 Worker 1 processing task 42 requiring operations [10]
125 Worker 1 forwarding task 42
125 Worker 4 processing task 60 requiring operations [6, 3]
125 Worker 4 forwarding task 60
125 Worker 3 processing task 46 requiring operations [3]
125 Worker 3 performing operation 3 on task 46
125 Worker 2 processing task 49 requiring operations [3, 1]
125 Worker 2 forwarding task 49
125 Worker 0 processing task 54 requiring operations [3]
125 Worker 0 forwarding task 54
126 Generated task 63
126 Worker 2 accepting task 63
126 Worker 4 accepting task 42
126 Worker 0 accepting task 60
126 Task 46 completed!
126 Worker 0 accepting task 49
126 Worker 4 accepting task 54
126 Worker 1 processing task 56 requiring operations [4, 9]
126 Worker 1 forwarding task 56
126 Worker 4 processing task 42 requiring operations [10]
126 Worker 4 forwarding task 42
126 Worker 3 processing task 51 requiring operations [10]
126 Worker 3 forwarding task 51
126 Worker 2 processing task 63 requiring operations [2, 4, 3]
126 Worker 2 forwarding task 63
126 Worker 0 processing task 60 requiring operations [6, 3]
126 Worker 0 forwarding task 60
127 Worker 4 accepting task 56
127 Worker 1 accepting task 42
127 Worker 4 accepting task 51
127 Worker 1 accepting task 63
127 Worker 4 accepting task 60
127 Worker 1 processing task 58 requiring operations [1, 7]
127 Worker 1 forwarding task 58
127 Worker 4 processing task 54 requiring operations [3]
127 Worker 4 forwarding task 54
127 Worker 3 processing task 61 requiring operations [8, 2]
127 Worker 3 forwarding task 61
127 Worker 0 processing task 49 requiring operations [3, 1]
127 Worker 0 forwarding task 49
128 Generated task 64
128 Worker 2 accepting task 64
128 Worker 3 accepting task 58
128 Worker 1 accepting task 54
128 Worker 1 accepting task 61
128 Worker 2 accepting task 49
128 Worker 1 processing task 48 requiring operations [10]
128 Worker 1 forwarding task 48
128 Worker 4 processing task 56 requiring operations [4, 9]
128 Worker 4 performing operation 9 on task 56
128 Worker 3 processing task 58 requiring operations [1, 7]
128 Worker 3 performing operation 1 on task 58
128 Worker 2 processing task 64 requiring operations [10, 2, 4]
128 Worker 2 forwarding task 64
129 Worker 2 accepting task 48
129 Worker 4 accepting task 56
129 Worker 3 accepting task 58
129 Worker 1 accepting task 64
129 Worker 1 processing task 57 requiring operations [1, 3]
129 Worker 1 forwarding task 57
129 Worker 4 processing task 51 requiring operations [10]
129 Worker 4 forwarding task 51
129 Worker 3 processing task 58 requiring operations [7]
129 Worker 3 forwarding task 58
129 Worker 2 processing task 49 requiring operations [3, 1]
129 Worker 2 forwarding task 49
130 Generated task 65
130 Worker 3 accepting task 65
130 Worker 4 accepting task 57
130 Worker 0 accepting task 51
130 Worker 4 accepting task 58
130 Worker 1 accepting task 49
130 Worker 1 processing task 62 requiring operations [1, 6, 7]
130 Worker 1 performing operation 6 on task 62
130 Worker 4 processing task 60 requiring operations [6, 3]
130 Worker 4 forwarding task 60
130 Worker 3 processing task 65 requiring operations [9, 4, 3]
130 Worker 3 performing operation 3 on task 65
130 Worker 2 processing task 48 requiring operations [10]
130 Worker 2 forwarding task 48
130 Worker 0 processing task 51 requiring operations [10]
130 Worker 0 performing operation 10 on task 51
131 Worker 1 accepting task 62
131 Worker 0 accepting task 60
131 Worker 3 accepting task 65
131 Worker 0 accepting task 48
131 Task 51 completed!
131 Worker 1 processing task 59 requiring operations [6, 2]
131 Worker 1 performing operation 6 on task 59
131 Worker 4 processing task 56 requiring operations [4]
131 Worker 4 forwarding task 56
131 Worker 3 processing task 65 requiring operations [9, 4]
131 Worker 3 performing operation 4 on task 65
131 Worker 0 processing task 60 requiring operations [6, 3]
131 Worker 0 forwarding task 60
132 Generated task 66
132 Worker 1 accepting task 66
132 Worker 1 accepting task 59
132 Worker 0 accepting task 56
132 Worker 3 accepting task 65
132 Worker 4 accepting task 60
132 Worker 1 processing task 42 requiring operations [10]
132 Worker 1 forwarding task 42
132 Worker 4 processing task 57 requiring operations [1, 3]
132 Worker 4 forwarding task 57
132 Worker 3 processing task 65 requiring operations [9]
132 Worker 3 performing operation 9 on task 65
132 Worker 0 processing task 48 requiring operations [10]
132 Worker 0 performing operation 10 on task 48
133 Worker 2 accepting task 42
133 Worker 0 accepting task 57
133 Task 65 completed!
133 Task 48 completed!
133 Worker 1 processing task 63 requiring operations [2, 4, 3]
133 Worker 1 forwarding task 63
133 Worker 4 processing task 58 requiring operations [7]
133 Worker 4 performing operation 7 on task 58
133 Worker 0 processing task 56 requiring operations [4]
133 Worker 0 forwarding task 56
133 Worker 2 processing task 42 requiring operations [10]
133 Worker 2 forwarding task 42
134 Generated task 67
134 Worker 0 accepting task 67
134 Worker 4 accepting task 63
134 Task 58 completed!
134 Worker 2 accepting task 56
134 Worker 1 accepting task 42
134 Worker 1 processing task 54 requiring operations [3]
134 Worker 1 forwarding task 54
134 Worker 4 processing task 60 requiring operations [6, 3]
134 Worker 4 forwarding task 60
134 Worker 0 processing task 57 requiring operations [1, 3]
134 Worker 0 forwarding task 57
134 Worker 2 processing task 56 requiring operations [4]
134 Worker 2 forwarding task 56
135 Worker 4 accepting task 54
135 Worker 3 accepting task 60
135 Worker 2 accepting task 57
135 Worker 1 accepting task 56
135 Worker 1 processing task 61 requiring operations [8, 2]
135 Worker 1 performing operation 8 on task 61
135 Worker 4 processing task 63 requiring operations [2, 4, 3]
135 Worker 4 performing operation 2 on task 63
135 Worker 0 processing task 67 requiring operations [5, 7, 10]
135 Worker 0 performing operation 10 on task 67
135 Worker 2 processing task 57 requiring operations [1, 3]
135 Worker 2 forwarding task 57
135 Worker 3 processing task 60 requiring operations [6, 3]
135 Worker 3 performing operation 3 on task 60
136 Generated task 68
136 Worker 3 accepting task 68
136 Worker 1 accepting task 61
136 Worker 4 accepting task 63
136 Worker 0 accepting task 67
136 Worker 0 accepting task 57
136 Worker 3 accepting task 60
136 Worker 1 processing task 64 requiring operations [10, 2, 4]
136 Worker 1 forwarding task 64
136 Worker 4 processing task 54 requiring operations [3]
136 Worker 4 forwarding task 54
136 Worker 0 processing task 67 requiring operations [5, 7]
136 Worker 0 forwarding task 67
136 Worker 3 processing task 68 requiring operations [7, 3, 1]
136 Worker 3 performing operation 1 on task 68
137 Worker 3 accepting task 64
137 Worker 3 accepting task 54
137 Worker 2 accepting task 67
137 Worker 3 accepting task 68
137 Worker 1 processing task 49 requiring operations [3, 1]
137 Worker 1 forwarding task 49
137 Worker 4 processing task 63 requiring operations [4, 3]
137 Worker 4 forwarding task 63
137 Worker 0 processing task 57 requiring operations [1, 3]
137 Worker 0 forwarding task 57
137 Worker 3 processing task 60 requiring operations [6]
137 Worker 3 forwarding task 60
137 Worker 2 processing task 67 requiring operations [5, 7]
137 Worker 2 performing operation 7 on task 67
138 Generated task 69
138 Worker 1 accepting task 69
138 Worker 4 accepting task 49
138 Worker 3 accepting task 63
138 Worker 2 accepting task 57
138 Worker 1 accepting task 60
138 Worker 2 accepting task 67
138 Worker 1 processing task 62 requiring operations [1, 7]
138 Worker 1 forwarding task 62
138 Worker 4 processing task 49 requiring operations [3, 1]
138 Worker 4 forwarding task 49
138 Worker 3 processing task 64 requiring operations [10, 2, 4]
138 Worker 3 performing operation 4 on task 64
138 Worker 2 processing task 57 requiring operations [1, 3]
138 Worker 2 forwarding task 57
139 Worker 2 accepting task 62
139 Worker 0 accepting task 49
139 Worker 3 accepting task 64
139 Worker 0 accepting task 57
139 Worker 1 processing task 66 requiring operations [1, 4, 6]
139 Worker 1 performing operation 6 on task 66
139 Worker 3 processing task 54 requiring operations [3]
139 Worker 3 performing operation 3 on task 54
139 Worker 2 processing task 67 requiring operations [5]
139 Worker 2 forwarding task 67
139 Worker 0 processing task 49 requiring operations [3, 1]
139 Worker 0 forwarding task 49
140 Generated task 70
140 Worker 4 accepting task 70
140 Worker 1 accepting task 66
140 Task 54 completed!
140 Worker 1 accepting task 67
140 Worker 4 accepting task 49
140 Worker 1 processing task 59 requiring operations [2]
140 Worker 1 forwarding task 59
140 Worker 3 processing task 68 requiring operations [7, 3]
140 Worker 3 performing operation 3 on task 68
140 Worker 2 processing task 62 requiring operations [1, 7]
140 Worker 2 performing operation 7 on task 62
140 Worker 0 processing task 57 requiring operations [1, 3]
140 Worker 0 forwarding task 57
140 Worker 4 processing task 70 requiring operations [6, 8, 5]
140 Worker 4 performing operation 5 on task 70
