Worker 0 can perform operations {8, 2}
Worker 1 can perform operations {10, 3}
Worker 2 can perform operations {8, 9, 6}
Worker 3 can perform operations {10, 3, 7}
Worker 4 can perform operations {1, 2, 4, 5}
Building network type random
Worker 0 connecting to worker 2
Worker 2 connecting to worker 0
Worker 0 connecting to worker 1
Worker 1 connecting to worker 0
Worker 1 connecting to worker 3
Worker 3 connecting to worker 1
Worker 2 connecting to worker 3
Worker 3 connecting to worker 2
Worker 4 connecting to worker 0
Worker 0 connecting to worker 4
Worker 4 connecting to worker 2
Worker 2 connecting to worker 4
Entry nodes are [0, 1, 2, 3, 4]
0 Generated task 0
0 Worker 3 accepting task 0
0 Worker 3 processing task 0 requiring operations [1, 3, 2]
0 Worker 3 performing operation 3 on task 0
1 Worker 3 accepting task 0
1 Worker 3 processing task 0 requiring operations [1, 2]
1 Worker 3 forwarding task 0
2 Generated task 1
2 Worker 4 accepting task 1
2 Worker 2 accepting task 0
2 Worker 4 processing task 1 requiring operations [9, 7, 10]
2 Worker 4 forwarding task 1
2 Worker 2 processing task 0 requiring operations [1, 2]
2 Worker 2 forwarding task 0
3 Worker 0 accepting task 1
3 Worker 0 accepting task 0
3 Worker 0 processing task 1 requiring operations [9, 7, 10]
3 Worker 0 forwarding task 1
4 Generated task 2
4 Worker 0 accepting task 2
4 Worker 4 accepting task 1
4 Worker 0 processing task 0 requiring operations [1, 2]
4 Worker 0 performing operation 2 on task 0
4 Worker 4 processing task 1 requiring operations [9, 7, 10]
4 Worker 4 forwarding task 1
5 Worker 0 accepting task 0
5 Worker 0 accepting task 1
5 Worker 0 processing task 2 requiring operations [3, 1, 8]
5 Worker 0 performing operation 8 on task 2
6 Generated task 3
6 Worker 3 accepting task 3
6 Worker 0 accepting task 2
6 Worker 0 processing task 0 requiring operations [1]
6 Worker 0 forwarding task 0
6 Worker 3 processing task 3 requiring operations [2, 1, 9]
6 Worker 3 forwarding task 3
7 Worker 2 accepting task 0
7 Worker 1 accepting task 3
7 Worker 0 processing task 1 requiring operations [9, 7, 10]
7 Worker 0 forwarding task 1
7 Worker 2 processing task 0 requiring operations [1]
7 Worker 2 forwarding task 0
7 Worker 1 processing task 3 requiring operations [2, 1, 9]
7 Worker 1 forwarding task 3
8 Generated task 4
8 Worker 3 accepting task 4
8 Worker 4 accepting task 1
8 Worker 3 accepting task 0
8 Worker 0 accepting task 3
8 Worker 0 processing task 2 requiring operations [3, 1]
8 Worker 0 forwarding task 2
8 Worker 3 processing task 4 requiring operations [3, 4, 6]
8 Worker 3 performing operation 3 on task 4
8 Worker 4 processing task 1 requiring operations [9, 7, 10]
8 Worker 4 forwarding task 1
9 Worker 1 accepting task 2
9 Worker 3 accepting task 4
9 Worker 0 accepting task 1
9 Worker 0 processing task 3 requiring operations [2, 1, 9]
9 Worker 0 performing operation 2 on task 3
9 Worker 3 processing task 0 requiring operations [1]
9 Worker 3 forwarding task 0
9 Worker 1 processing task 2 requiring operations [3, 1]
9 Worker 1 performing operation 3 on task 2
10 Generated task 5
10 Worker 1 accepting task 5
10 Worker 0 accepting task 3
10 Worker 2 accepting task 0
10 Worker 1 accepting task 2
10 Worker 0 processing task 1 requiring operations [9, 7, 10]
10 Worker 0 forwarding task 1
10 Worker 3 processing task 4 requiring operations [4, 6]
10 Worker 3 forwarding task 4
10 Worker 1 processing task 5 requiring operations [2, 6, 8]
10 Worker 1 forwarding task 5
10 Worker 2 processing task 0 requiring operations [1]
10 Worker 2 forwarding task 0
11 Worker 2 accepting task 1
11 Worker 2 accepting task 4
11 Worker 3 accepting task 5
11 Worker 4 accepting task 0
11 Worker 0 processing task 3 requiring operations [1, 9]
11 Worker 0 forwarding task 3
11 Worker 1 processing task 2 requiring operations [1]
11 Worker 1 forwarding task 2
11 Worker 2 processing task 1 requiring operations [9, 7, 10]
11 Worker 2 performing operation 9 on task 1
11 Worker 3 processing task 5 requiring operations [2, 6, 8]
11 Worker 3 forwarding task 5
11 Worker 4 processing task 0 requiring operations [1]
11 Worker 4 performing operation 1 on task 0
12 Generated task 6
12 Worker 0 accepting task 6
12 Worker 1 accepting task 3
12 Worker 0 accepting task 2
12 Worker 2 accepting task 1
12 Worker 2 accepting task 5
12 Task 0 completed!
12 Worker 0 processing task 6 requiring operations [8, 4, 9]
12 Worker 0 performing operation 8 on task 6
12 Worker 1 processing task 3 requiring operations [1, 9]
12 Worker 1 forwarding task 3
12 Worker 2 processing task 4 requiring operations [4, 6]
12 Worker 2 performing operation 6 on task 4
13 Worker 0 accepting task 6
13 Worker 3 accepting task 3
13 Worker 2 accepting task 4
13 Worker 0 processing task 2 requiring operations [1]
13 Worker 0 forwarding task 2
13 Worker 2 processing task 1 requiring operations [7, 10]
13 Worker 2 forwarding task 1
13 Worker 3 processing task 3 requiring operations [1, 9]
13 Worker 3 forwarding task 3
14 Generated task 7
14 Worker 3 accepting task 7
14 Worker 2 accepting task 2
14 Worker 4 accepting task 1
14 Worker 2 accepting task 3
14 Worker 0 processing task 6 requiring operations [4, 9]
14 Worker 0 forwarding task 6
14 Worker 2 processing task 5 requiring operations [2, 6, 8]
14 Worker 2 performing operation 6 on task 5
14 Worker 3 processing task 7 requiring operations [9, 7, 1]
14 Worker 3 performing operation 7 on task 7
14 Worker 4 processing task 1 requiring operations [7, 10]
14 Worker 4 forwarding task 1
15 Worker 1 accepting task 6
15 Worker 2 accepting task 5
15 Worker 3 accepting task 7
15 Worker 0 accepting task 1
15 Worker 2 processing task 4 requiring operations [4]
15 Worker 2 forwarding task 4
15 Worker 3 processing task 7 requiring operations [9, 1]
15 Worker 3 forwarding task 7
15 Worker 1 processing task 6 requiring operations [4, 9]
15 Worker 1 forwarding task 6
15 Worker 0 processing task 1 requiring operations [7, 10]
15 Worker 0 forwarding task 1
16 Generated task 8
16 Worker 3 accepting task 8
16 Worker 4 accepting task 4
16 Worker 2 accepting task 7
16 Worker 0 accepting task 6
16 Worker 1 accepting task 1
16 Worker 2 processing task 2 requiring operations [1]
16 Worker 2 forwarding task 2
16 Worker 3 processing task 8 requiring operations [6, 8, 1]
16 Worker 3 forwarding task 8
16 Worker 0 processing task 6 requiring operations [4, 9]
16 Worker 0 forwarding task 6
16 Worker 4 processing task 4 requiring operations [4]
16 Worker 4 performing operation 4 on task 4
16 Worker 1 processing task 1 requiring operations [7, 10]
16 Worker 1 performing operation 10 on task 1
17 Worker 0 accepting task 2
17 Worker 2 accepting task 8
17 Worker 1 accepting task 6
17 Task 4 completed!
17 Worker 1 accepting task 1
17 Worker 2 processing task 3 requiring operations [1, 9]
17 Worker 2 performing operation 9 on task 3
17 Worker 0 processing task 2 requiring operations [1]
17 Worker 0 forwarding task 2
17 Worker 1 processing task 6 requiring operations [4, 9]
17 Worker 1 forwarding task 6
18 Generated task 9
18 Worker 1 accepting task 9
18 Worker 2 accepting task 3
18 Worker 2 accepting task 2
18 Worker 3 accepting task 6
18 Worker 2 processing task 5 requiring operations [2, 8]
18 Worker 2 performing operation 8 on task 5
18 Worker 1 processing task 1 requiring operations [7]
18 Worker 1 forwarding task 1
18 Worker 3 processing task 6 requiring operations [4, 9]
18 Worker 3 forwarding task 6
19 Worker 2 accepting task 5
19 Worker 3 accepting task 1
19 Worker 2 accepting task 6
19 Worker 2 processing task 7 requiring operations [9, 1]
19 Worker 2 performing operation 9 on task 7
19 Worker 1 processing task 9 requiring operations [6, 4, 10]
19 Worker 1 performing operation 10 on task 9
19 Worker 3 processing task 1 requiring operations [7]
19 Worker 3 performing operation 7 on task 1
20 Generated task 10
20 Worker 4 accepting task 10
20 Worker 2 accepting task 7
20 Worker 1 accepting task 9
20 Task 1 completed!
20 Worker 2 processing task 8 requiring operations [6, 8, 1]
20 Worker 2 performing operation 6 on task 8
20 Worker 1 processing task 9 requiring operations [6, 4]
20 Worker 1 forwarding task 9
20 Worker 4 processing task 10 requiring operations [3, 1, 4]
20 Worker 4 performing operation 4 on task 10
21 Worker 2 accepting task 8
21 Worker 0 accepting task 9
21 Worker 4 accepting task 10
21 Worker 2 processing task 3 requiring operations [1]
21 Worker 2 forwarding task 3
21 Worker 4 processing task 10 requiring operations [3, 1]
21 Worker 4 performing operation 1 on task 10
21 Worker 0 processing task 9 requiring operations [6, 4]
21 Worker 0 forwarding task 9
22 Generated task 11
22 Worker 1 accepting task 11
22 Worker 3 accepting task 3
22 Worker 4 accepting task 10
22 Worker 4 accepting task 9
22 Worker 2 processing task 2 requiring operations [1]
22 Worker 2 forwarding task 2
22 Worker 4 processing task 10 requiring operations [3]
22 Worker 4 forwarding task 10
22 Worker 1 processing task 11 requiring operations [9, 6, 5]
22 Worker 1 forwarding task 11
22 Worker 3 processing task 3 requiring operations [1]
22 Worker 3 forwarding task 3
23 Worker 4 accepting task 2
23 Worker 0 accepting task 10
23 Worker 0 accepting task 11
23 Worker 2 accepting task 3
23 Worker 2 processing task 5 requiring operations [2]
23 Worker 2 forwarding task 5
23 Worker 4 processing task 9 requiring operations [6, 4]
23 Worker 4 performing operation 4 on task 9
23 Worker 0 processing task 10 requiring operations [3]
23 Worker 0 forwarding task 10
24 Generated task 12
24 Worker 2 accepting task 12
24 Worker 0 accepting task 5
24 Worker 4 accepting task 9
24 Worker 4 accepting task 10
24 Worker 2 processing task 6 requiring operations [4, 9]
24 Worker 2 performing operation 9 on task 6
24 Worker 4 processing task 2 requiring operations [1]
24 Worker 4 performing operation 1 on task 2
24 Worker 0 processing task 11 requiring operations [9, 6, 5]
24 Worker 0 forwarding task 11
25 Worker 2 accepting task 6
25 Task 2 completed!
25 Worker 1 accepting task 11
25 Worker 2 processing task 7 requiring operations [1]
25 Worker 2 forwarding task 7
25 Worker 4 processing task 9 requiring operations [6]
25 Worker 4 forwarding task 9
25 Worker 0 processing task 5 requiring operations [2]
25 Worker 0 performing operation 2 on task 5
25 Worker 1 processing task 11 requiring operations [9, 6, 5]
25 Worker 1 forwarding task 11
26 Generated task 13
26 Worker 3 accepting task 13
26 Worker 0 accepting task 7
26 Worker 0 accepting task 9
26 Task 5 completed!
26 Worker 0 accepting task 11
26 Worker 2 processing task 8 requiring operations [8, 1]
26 Worker 2 performing operation 8 on task 8
26 Worker 4 processing task 10 requiring operations [3]
26 Worker 4 forwarding task 10
26 Worker 0 processing task 7 requiring operations [1]
26 Worker 0 forwarding task 7
26 Worker 3 processing task 13 requiring operations [6, 9, 8]
26 Worker 3 forwarding task 13
27 Worker 2 accepting task 8
27 Worker 0 accepting task 10
27 Worker 1 accepting task 7
27 Worker 2 accepting task 13
27 Worker 2 processing task 3 requiring operations [1]
27 Worker 2 forwarding task 3
27 Worker 0 processing task 9 requiring operations [6]
27 Worker 0 forwarding task 9
27 Worker 1 processing task 7 requiring operations [1]
27 Worker 1 forwarding task 7
28 Generated task 14
28 Worker 4 accepting task 14
28 Worker 0 accepting task 3
28 Worker 2 accepting task 9
28 Worker 0 accepting task 7
28 Worker 2 processing task 12 requiring operations [7, 8, 6]
28 Worker 2 performing operation 6 on task 12
28 Worker 0 processing task 11 requiring operations [9, 6, 5]
28 Worker 0 forwarding task 11
28 Worker 4 processing task 14 requiring operations [2, 8, 4]
28 Worker 4 performing operation 4 on task 14
29 Worker 2 accepting task 12
29 Worker 4 accepting task 11
29 Worker 4 accepting task 14
29 Worker 2 processing task 6 requiring operations [4]
29 Worker 2 forwarding task 6
29 Worker 0 processing task 10 requiring operations [3]
29 Worker 0 forwarding task 10
29 Worker 4 processing task 11 requiring operations [9, 6, 5]
29 Worker 4 performing operation 5 on task 11
30 Generated task 15
30 Worker 4 accepting task 15
30 Worker 0 accepting task 6
30 Worker 1 accepting task 10
30 Worker 4 accepting task 11
30 Worker 2 processing task 8 requiring operations [1]
30 Worker 2 forwarding task 8
30 Worker 0 processing task 3 requiring operations [1]
30 Worker 0 forwarding task 3
30 Worker 4 processing task 14 requiring operations [2, 8]
30 Worker 4 performing operation 2 on task 14
30 Worker 1 processing task 10 requiring operations [3]
30 Worker 1 performing operation 3 on task 10
31 Worker 0 accepting task 8
31 Worker 2 accepting task 3
31 Worker 4 accepting task 14
31 Task 10 completed!
31 Worker 2 processing task 13 requiring operations [6, 9, 8]
31 Worker 2 performing operation 9 on task 13
31 Worker 0 processing task 7 requiring operations [1]
31 Worker 0 forwarding task 7
31 Worker 4 processing task 15 requiring operations [3, 5, 4]
31 Worker 4 performing operation 5 on task 15
32 Generated task 16
32 Worker 0 accepting task 16
32 Worker 2 accepting task 13
32 Worker 1 accepting task 7
32 Worker 4 accepting task 15
32 Worker 2 processing task 9 requiring operations [6]
32 Worker 2 performing operation 6 on task 9
32 Worker 0 processing task 6 requiring operations [4]
32 Worker 0 forwarding task 6
32 Worker 4 processing task 11 requiring operations [9, 6]
32 Worker 4 forwarding task 11
32 Worker 1 processing task 7 requiring operations [1]
32 Worker 1 forwarding task 7
33 Task 9 completed!
33 Worker 1 accepting task 6
33 Worker 0 accepting task 11
33 Worker 3 accepting task 7
33 Worker 2 processing task 12 requiring operations [7, 8]
33 Worker 2 performing operation 8 on task 12
33 Worker 0 processing task 8 requiring operations [1]
33 Worker 0 forwarding task 8
33 Worker 4 processing task 14 requiring operations [8]
33 Worker 4 forwarding task 14
33 Worker 1 processing task 6 requiring operations [4]
33 Worker 1 forwarding task 6
33 Worker 3 processing task 7 requiring operations [1]
33 Worker 3 forwarding task 7
34 Generated task 17
34 Worker 2 accepting task 17
34 Worker 2 accepting task 12
34 Worker 4 accepting task 8
34 Worker 2 accepting task 14
34 Worker 3 accepting task 6
34 Worker 1 accepting task 7
34 Worker 2 processing task 3 requiring operations [1]
34 Worker 2 forwarding task 3
34 Worker 0 processing task 16 requiring operations [9, 1, 10]
34 Worker 0 forwarding task 16
34 Worker 4 processing task 15 requiring operations [3, 4]
34 Worker 4 performing operation 4 on task 15
34 Worker 3 processing task 6 requiring operations [4]
34 Worker 3 forwarding task 6
34 Worker 1 processing task 7 requiring operations [1]
34 Worker 1 forwarding task 7
35 Worker 3 accepting task 3
35 Worker 1 accepting task 16
35 Worker 4 accepting task 15
35 Worker 2 accepting task 6
35 Worker 0 accepting task 7
35 Worker 2 processing task 13 requiring operations [6, 8]
35 Worker 2 performing operation 6 on task 13
35 Worker 0 processing task 11 requiring operations [9, 6]
35 Worker 0 forwarding task 11
35 Worker 4 processing task 8 requiring operations [1]
35 Worker 4 performing operation 1 on task 8
35 Worker 3 processing task 3 requiring operations [1]
35 Worker 3 forwarding task 3
35 Worker 1 processing task 16 requiring operations [9, 1, 10]
35 Worker 1 performing operation 10 on task 16
36 Generated task 18
36 Worker 2 accepting task 18
36 Worker 2 accepting task 13
36 Worker 4 accepting task 11
36 Task 8 completed!
36 Worker 2 accepting task 3
36 Worker 1 accepting task 16
36 Worker 2 processing task 17 requiring operations [8, 6, 5]
36 Worker 2 performing operation 8 on task 17
36 Worker 0 processing task 7 requiring operations [1]
36 Worker 0 forwarding task 7
36 Worker 4 processing task 15 requiring operations [3]
36 Worker 4 forwarding task 15
36 Worker 1 processing task 16 requiring operations [9, 1]
36 Worker 1 forwarding task 16
37 Worker 2 accepting task 17
37 Worker 4 accepting task 7
37 Worker 0 accepting task 15
37 Worker 0 accepting task 16
37 Worker 2 processing task 12 requiring operations [7]
37 Worker 2 forwarding task 12
37 Worker 4 processing task 11 requiring operations [9, 6]
37 Worker 4 forwarding task 11
37 Worker 0 processing task 15 requiring operations [3]
37 Worker 0 forwarding task 15
38 Generated task 19
38 Worker 1 accepting task 19
38 Worker 0 accepting task 12
38 Worker 2 accepting task 11
38 Worker 2 accepting task 15
38 Worker 2 processing task 14 requiring operations [8]
38 Worker 2 performing operation 8 on task 14
38 Worker 4 processing task 7 requiring operations [1]
38 Worker 4 performing operation 1 on task 7
38 Worker 0 processing task 16 requiring operations [9, 1]
38 Worker 0 forwarding task 16
38 Worker 1 processing task 19 requiring operations [9, 5, 7]
38 Worker 1 forwarding task 19
39 Task 14 completed!
39 Task 7 completed!
39 Worker 2 accepting task 16
39 Worker 0 accepting task 19
39 Worker 2 processing task 6 requiring operations [4]
39 Worker 2 forwarding task 6
39 Worker 0 processing task 12 requiring operations [7]
39 Worker 0 forwarding task 12
40 Generated task 20
40 Worker 0 accepting task 20
40 Worker 3 accepting task 6
40 Worker 2 accepting task 12
40 Worker 2 processing task 18 requiring operations [8, 6, 10]
40 Worker 2 performing operation 8 on task 18
40 Worker 0 processing task 19 requiring operations [9, 5, 7]
40 Worker 0 forwarding task 19
40 Worker 3 processing task 6 requiring operations [4]
40 Worker 3 forwarding task 6
41 Worker 2 accepting task 18
41 Worker 4 accepting task 19
41 Worker 2 accepting task 6
41 Worker 2 processing task 13 requiring operations [8]
41 Worker 2 performing operation 8 on task 13
41 Worker 0 processing task 20 requiring operations [10, 6, 1]
41 Worker 0 forwarding task 20
41 Worker 4 processing task 19 requiring operations [9, 5, 7]
41 Worker 4 performing operation 5 on task 19
42 Generated task 21
42 Worker 0 accepting task 21
42 Task 13 completed!
42 Worker 4 accepting task 20
42 Worker 4 accepting task 19
42 Worker 2 processing task 3 requiring operations [1]
42 Worker 2 forwarding task 3
42 Worker 0 processing task 21 requiring operations [1, 5, 3]
42 Worker 0 forwarding task 21
42 Worker 4 processing task 20 requiring operations [10, 6, 1]
42 Worker 4 performing operation 1 on task 20
43 Worker 0 accepting task 3
43 Worker 2 accepting task 21
43 Worker 4 accepting task 20
43 Worker 2 processing task 17 requiring operations [6, 5]
43 Worker 2 performing operation 6 on task 17
43 Worker 0 processing task 3 requiring operations [1]
43 Worker 0 forwarding task 3
43 Worker 4 processing task 19 requiring operations [9, 7]
43 Worker 4 forwarding task 19
44 Generated task 22
44 Worker 4 accepting task 22
44 Worker 2 accepting task 17
44 Worker 1 accepting task 3
44 Worker 2 accepting task 19
44 Worker 2 processing task 11 requiring operations [9, 6]
44 Worker 2 performing operation 9 on task 11
44 Worker 4 processing task 20 requiring operations [10, 6]
44 Worker 4 forwarding task 20
44 Worker 1 processing task 3 requiring operations [1]
44 Worker 1 forwarding task 3
45 Worker 2 accepting task 11
45 Worker 2 accepting task 20
45 Worker 3 accepting task 3
45 Worker 2 processing task 15 requiring operations [3]
45 Worker 2 forwarding task 15
45 Worker 4 processing task 22 requiring operations [10, 6, 5]
45 Worker 4 performing operation 5 on task 22
45 Worker 3 processing task 3 requiring operations [1]
45 Worker 3 forwarding task 3
46 Generated task 23
46 Worker 2 accepting task 23
46 Worker 0 accepting task 15
46 Worker 4 accepting task 22
46 Worker 2 accepting task 3
46 Worker 2 processing task 16 requiring operations [9, 1]
46 Worker 2 performing operation 9 on task 16
46 Worker 4 processing task 22 requiring operations [10, 6]
46 Worker 4 forwarding task 22
46 Worker 0 processing task 15 requiring operations [3]
46 Worker 0 forwarding task 15
47 Worker 2 accepting task 16
47 Worker 0 accepting task 22
47 Worker 1 accepting task 15
47 Worker 2 processing task 12 requiring operations [7]
47 Worker 2 forwarding task 12
47 Worker 0 processing task 22 requiring operations [10, 6]
47 Worker 0 forwarding task 22
47 Worker 1 processing task 15 requiring operations [3]
47 Worker 1 performing operation 3 on task 15
48 Generated task 24
48 Worker 3 accepting task 24
48 Worker 0 accepting task 12
48 Worker 1 accepting task 22
48 Task 15 completed!
48 Worker 2 processing task 18 requiring operations [6, 10]
48 Worker 2 performing operation 6 on task 18
48 Worker 0 processing task 12 requiring operations [7]
48 Worker 0 forwarding task 12
48 Worker 1 processing task 22 requiring operations [10, 6]
48 Worker 1 performing operation 10 on task 22
48 Worker 3 processing task 24 requiring operations [1, 10, 4]
48 Worker 3 performing operation 10 on task 24
49 Worker 2 accepting task 18
49 Worker 2 accepting task 12
49 Worker 1 accepting task 22
49 Worker 3 accepting task 24
49 Worker 2 processing task 6 requiring operations [4]
49 Worker 2 forwarding task 6
49 Worker 1 processing task 22 requiring operations [6]
49 Worker 1 forwarding task 22
49 Worker 3 processing task 24 requiring operations [1, 4]
49 Worker 3 forwarding task 24
50 Generated task 25
50 Worker 1 accepting task 25
50 Worker 4 accepting task 6
50 Worker 3 accepting task 22
50 Worker 1 accepting task 24
50 Worker 2 processing task 21 requiring operations [1, 5, 3]
50 Worker 2 forwarding task 21
50 Worker 1 processing task 25 requiring operations [9, 7, 6]
50 Worker 1 forwarding task 25
50 Worker 3 processing task 22 requiring operations [6]
50 Worker 3 forwarding task 22
50 Worker 4 processing task 6 requiring operations [4]
50 Worker 4 performing operation 4 on task 6
51 Worker 4 accepting task 21
51 Worker 0 accepting task 25
51 Worker 2 accepting task 22
51 Task 6 completed!
51 Worker 2 processing task 17 requiring operations [5]
51 Worker 2 forwarding task 17
51 Worker 1 processing task 24 requiring operations [1, 4]
51 Worker 1 forwarding task 24
51 Worker 4 processing task 21 requiring operations [1, 5, 3]
51 Worker 4 performing operation 1 on task 21
51 Worker 0 processing task 25 requiring operations [9, 7, 6]
51 Worker 0 forwarding task 25
52 Generated task 26
52 Worker 1 accepting task 26
52 Worker 4 accepting task 17
52 Worker 0 accepting task 24
52 Worker 4 accepting task 21
52 Worker 2 accepting task 25
52 Worker 2 processing task 19 requiring operations [9, 7]
52 Worker 2 performing operation 9 on task 19
52 Worker 1 processing task 26 requiring operations [3, 2, 1]
52 Worker 1 performing operation 3 on task 26
52 Worker 4 processing task 17 requiring operations [5]
52 Worker 4 performing operation 5 on task 17
52 Worker 0 processing task 24 requiring operations [1, 4]
52 Worker 0 forwarding task 24
53 Worker 2 accepting task 19
53 Worker 1 accepting task 26
53 Task 17 completed!
53 Worker 1 accepting task 24
53 Worker 2 processing task 11 requiring operations [6]
53 Worker 2 performing operation 6 on task 11
53 Worker 1 processing task 26 requiring operations [2, 1]
53 Worker 1 forwarding task 26
53 Worker 4 processing task 21 requiring operations [5, 3]
53 Worker 4 performing operation 5 on task 21
54 Generated task 27
54 Worker 4 accepting task 27
54 Task 11 completed!
54 Worker 0 accepting task 26
54 Worker 4 accepting task 21
54 Worker 2 processing task 20 requiring operations [10, 6]
54 Worker 2 performing operation 6 on task 20
54 Worker 1 processing task 24 requiring operations [1, 4]
54 Worker 1 forwarding task 24
54 Worker 4 processing task 27 requiring operations [9, 1, 6]
54 Worker 4 performing operation 1 on task 27
54 Worker 0 processing task 26 requiring operations [2, 1]
54 Worker 0 performing operation 2 on task 26
55 Worker 2 accepting task 20
55 Worker 3 accepting task 24
55 Worker 4 accepting task 27
55 Worker 0 accepting task 26
55 Worker 2 processing task 23 requiring operations [7, 8, 6]
55 Worker 2 performing operation 6 on task 23
55 Worker 4 processing task 21 requiring operations [3]
55 Worker 4 forwarding task 21
55 Worker 0 processing task 26 requiring operations [1]
55 Worker 0 forwarding task 26
55 Worker 3 processing task 24 requiring operations [1, 4]
55 Worker 3 forwarding task 24
56 Generated task 28
56 Worker 0 accepting task 28
56 Worker 2 accepting task 23
56 Worker 2 accepting task 21
56 Worker 1 accepting task 26
56 Worker 2 accepting task 24
56 Worker 2 processing task 3 requiring operations [1]
56 Worker 2 forwarding task 3
56 Worker 4 processing task 27 requiring operations [9, 6]
56 Worker 4 forwarding task 27
56 Worker 0 processing task 28 requiring operations [1, 5, 6]
56 Worker 0 forwarding task 28
56 Worker 1 processing task 26 requiring operations [1]
56 Worker 1 forwarding task 26
57 Worker 3 accepting task 3
57 Worker 2 accepting task 27
57 Worker 2 accepting task 28
57 Worker 3 accepting task 26
57 Worker 2 processing task 16 requiring operations [1]
57 Worker 2 forwarding task 16
57 Worker 3 processing task 3 requiring operations [1]
57 Worker 3 forwarding task 3
58 Generated task 29
58 Worker 0 accepting task 29
58 Worker 0 accepting task 16
58 Worker 1 accepting task 3
58 Worker 2 processing task 18 requiring operations [10]
58 Worker 2 forwarding task 18
58 Worker 3 processing task 26 requiring operations [1]
58 Worker 3 forwarding task 26
58 Worker 0 processing task 29 requiring operations [4, 9, 2]
58 Worker 0 performing operation 2 on task 29
58 Worker 1 processing task 3 requiring operations [1]
58 Worker 1 forwarding task 3
59 Worker 4 accepting task 18
59 Worker 2 accepting task 26
59 Worker 0 accepting task 29
59 Worker 3 accepting task 3
59 Worker 2 processing task 12 requiring operations [7]
59 Worker 2 forwarding task 12
59 Worker 0 processing task 16 requiring operations [1]
59 Worker 0 forwarding task 16
59 Worker 4 processing task 18 requiring operations [10]
59 Worker 4 forwarding task 18
59 Worker 3 processing task 3 requiring operations [1]
59 Worker 3 forwarding task 3
60 Generated task 30
60 Worker 1 accepting task 30
60 Worker 0 accepting task 12
60 Worker 2 accepting task 16
60 Worker 0 accepting task 18
60 Worker 2 accepting task 3
60 Worker 2 processing task 22 requiring operations [6]
60 Worker 2 performing operation 6 on task 22
60 Worker 0 processing task 29 requiring operations [4, 9]
60 Worker 0 forwarding task 29
60 Worker 1 processing task 30 requiring operations [1, 4, 8]
60 Worker 1 forwarding task 30
61 Task 22 completed!
61 Worker 2 accepting task 29
61 Worker 3 accepting task 30
61 Worker 2 processing task 25 requiring operations [9, 7, 6]
61 Worker 2 performing operation 9 on task 25
61 Worker 0 processing task 12 requiring operations [7]
61 Worker 0 forwarding task 12
61 Worker 3 processing task 30 requiring operations [1, 4, 8]
61 Worker 3 forwarding task 30
62 Generated task 31
62 Worker 2 accepting task 31
62 Worker 2 accepting task 25
62 Worker 1 accepting task 12
62 Worker 1 accepting task 30
62 Worker 2 processing task 19 requiring operations [7]
62 Worker 2 forwarding task 19
62 Worker 0 processing task 18 requiring operations [10]
62 Worker 0 forwarding task 18
62 Worker 1 processing task 12 requiring operations [7]
62 Worker 1 forwarding task 12
63 Worker 4 accepting task 19
63 Worker 4 accepting task 18
63 Worker 0 accepting task 12
63 Worker 2 processing task 20 requiring operations [10]
63 Worker 2 forwarding task 20
63 Worker 1 processing task 30 requiring operations [1, 4, 8]
63 Worker 1 forwarding task 30
63 Worker 4 processing task 19 requiring operations [7]
63 Worker 4 forwarding task 19
63 Worker 0 processing task 12 requiring operations [7]
63 Worker 0 forwarding task 12
64 Generated task 32
64 Worker 2 accepting task 32
64 Worker 3 accepting task 20
64 Worker 3 accepting task 30
64 Worker 2 accepting task 19
64 Worker 2 accepting task 12
64 Worker 2 processing task 23 requiring operations [7, 8]
64 Worker 2 performing operation 8 on task 23
64 Worker 4 processing task 18 requiring operations [10]
64 Worker 4 forwarding task 18
64 Worker 3 processing task 20 requiring operations [10]
64 Worker 3 performing operation 10 on task 20
65 Worker 2 accepting task 23
65 Worker 0 accepting task 18
65 Task 20 completed!
65 Worker 2 processing task 21 requiring operations [3]
65 Worker 2 forwarding task 21
65 Worker 3 processing task 30 requiring operations [1, 4, 8]
65 Worker 3 forwarding task 30
65 Worker 0 processing task 18 requiring operations [10]
65 Worker 0 forwarding task 18
66 Generated task 33
66 Worker 4 accepting task 33
66 Worker 0 accepting task 21
66 Worker 2 accepting task 30
66 Worker 4 accepting task 18
66 Worker 2 processing task 24 requiring operations [1, 4]
66 Worker 2 forwarding task 24
66 Worker 0 processing task 21 requiring operations [3]
66 Worker 0 forwarding task 21
66 Worker 4 processing task 33 requiring operations [1, 4, 8]
66 Worker 4 performing operation 1 on task 33
67 Worker 4 accepting task 24
67 Worker 4 accepting task 21
67 Worker 4 accepting task 33
67 Worker 2 processing task 27 requiring operations [9, 6]
67 Worker 2 performing operation 6 on task 27
67 Worker 4 processing task 18 requiring operations [10]
67 Worker 4 forwarding task 18
68 Generated task 34
68 Worker 4 accepting task 34
68 Worker 2 accepting task 27
68 Worker 2 accepting task 18
68 Worker 2 processing task 28 requiring operations [1, 5, 6]
68 Worker 2 performing operation 6 on task 28
68 Worker 4 processing task 24 requiring operations [1, 4]
68 Worker 4 performing operation 4 on task 24
69 Worker 2 accepting task 28
69 Worker 4 accepting task 24
69 Worker 2 processing task 26 requiring operations [1]
69 Worker 2 forwarding task 26
69 Worker 4 processing task 21 requiring operations [3]
69 Worker 4 forwarding task 21
70 Generated task 35
70 Worker 4 accepting task 35
70 Worker 3 accepting task 26
70 Worker 0 accepting task 21
70 Worker 2 processing task 16 requiring operations [1]
70 Worker 2 forwarding task 16
70 Worker 4 processing task 33 requiring operations [4, 8]
70 Worker 4 performing operation 4 on task 33
70 Worker 3 processing task 26 requiring operations [1]
70 Worker 3 forwarding task 26
70 Worker 0 processing task 21 requiring operations [3]
70 Worker 0 forwarding task 21
71 Worker 3 accepting task 16
71 Worker 4 accepting task 33
71 Worker 2 accepting task 26
71 Worker 2 accepting task 21
71 Worker 2 processing task 3 requiring operations [1]
71 Worker 2 forwarding task 3
71 Worker 4 processing task 34 requiring operations [3, 7, 9]
71 Worker 4 forwarding task 34
71 Worker 3 processing task 16 requiring operations [1]
71 Worker 3 forwarding task 16
72 Generated task 36
72 Worker 3 accepting task 36
72 Worker 4 accepting task 3
72 Worker 0 accepting task 34
72 Worker 2 accepting task 16
72 Worker 2 processing task 29 requiring operations [4, 9]
72 Worker 2 performing operation 9 on task 29
72 Worker 4 processing task 24 requiring operations [1]
72 Worker 4 performing operation 1 on task 24
72 Worker 3 processing task 36 requiring operations [10, 3, 8]
72 Worker 3 performing operation 10 on task 36
72 Worker 0 processing task 34 requiring operations [3, 7, 9]
72 Worker 0 forwarding task 34
73 Worker 2 accepting task 29
73 Task 24 completed!
73 Worker 3 accepting task 36
73 Worker 4 accepting task 34
73 Worker 2 processing task 31 requiring operations [1, 10, 3]
73 Worker 2 forwarding task 31
73 Worker 4 processing task 35 requiring operations [10, 7, 4]
73 Worker 4 performing operation 4 on task 35
73 Worker 3 processing task 36 requiring operations [3, 8]
73 Worker 3 performing operation 3 on task 36
74 Generated task 37
74 Worker 0 accepting task 37
74 Worker 0 accepting task 31
74 Worker 4 accepting task 35
74 Worker 3 accepting task 36
74 Worker 2 processing task 25 requiring operations [7, 6]
74 Worker 2 performing operation 6 on task 25
74 Worker 4 processing task 33 requiring operations [8]
74 Worker 4 forwarding task 33
74 Worker 3 processing task 36 requiring operations [8]
74 Worker 3 forwarding task 36
74 Worker 0 processing task 37 requiring operations [6, 5, 1]
74 Worker 0 forwarding task 37
75 Worker 2 accepting task 25
75 Worker 0 accepting task 33
75 Worker 1 accepting task 36
75 Worker 2 accepting task 37
75 Worker 2 processing task 32 requiring operations [7, 1, 4]
75 Worker 2 forwarding task 32
75 Worker 4 processing task 3 requiring operations [1]
75 Worker 4 performing operation 1 on task 3
75 Worker 0 processing task 31 requiring operations [1, 10, 3]
75 Worker 0 forwarding task 31
75 Worker 1 processing task 36 requiring operations [8]
75 Worker 1 forwarding task 36
76 Generated task 38
76 Worker 0 accepting task 38
76 Worker 0 accepting task 32
76 Task 3 completed!
76 Worker 1 accepting task 31
76 Worker 0 accepting task 36
76 Worker 2 processing task 19 requiring operations [7]
76 Worker 2 forwarding task 19
76 Worker 4 processing task 34 requiring operations [3, 7, 9]
76 Worker 4 forwarding task 34
76 Worker 0 processing task 33 requiring operations [8]
76 Worker 0 performing operation 8 on task 33
76 Worker 1 processing task 31 requiring operations [1, 10, 3]
76 Worker 1 performing operation 3 on task 31
77 Worker 0 accepting task 19
77 Worker 0 accepting task 34
77 Task 33 completed!
77 Worker 1 accepting task 31
77 Worker 2 processing task 12 requiring operations [7]
77 Worker 2 forwarding task 12
77 Worker 4 processing task 35 requiring operations [10, 7]
77 Worker 4 forwarding task 35
77 Worker 0 processing task 38 requiring operations [1, 6, 9]
77 Worker 0 forwarding task 38
77 Worker 1 processing task 31 requiring operations [1, 10]
77 Worker 1 performing operation 10 on task 31
78 Generated task 39
78 Worker 0 accepting task 39
78 Worker 3 accepting task 12
78 Worker 0 accepting task 35
78 Worker 4 accepting task 38
78 Worker 1 accepting task 31
78 Worker 2 processing task 23 requiring operations [7]
78 Worker 2 forwarding task 23
78 Worker 0 processing task 32 requiring operations [7, 1, 4]
78 Worker 0 forwarding task 32
78 Worker 1 processing task 31 requiring operations [1]
78 Worker 1 forwarding task 31
78 Worker 3 processing task 12 requiring operations [7]
78 Worker 3 performing operation 7 on task 12
78 Worker 4 processing task 38 requiring operations [1, 6, 9]
78 Worker 4 performing operation 1 on task 38
79 Worker 4 accepting task 23
79 Worker 4 accepting task 32
79 Worker 3 accepting task 31
79 Task 12 completed!
79 Worker 4 accepting task 38
79 Worker 2 processing task 30 requiring operations [1, 4, 8]
79 Worker 2 performing operation 8 on task 30
79 Worker 0 processing task 36 requiring operations [8]
79 Worker 0 performing operation 8 on task 36
79 Worker 3 processing task 31 requiring operations [1]
79 Worker 3 forwarding task 31
79 Worker 4 processing task 23 requiring operations [7]
79 Worker 4 forwarding task 23
80 Generated task 40
80 Worker 2 accepting task 40
80 Worker 2 accepting task 30
80 Task 36 completed!
80 Worker 1 accepting task 31
80 Worker 2 accepting task 23
80 Worker 2 processing task 27 requiring operations [9]
80 Worker 2 performing operation 9 on task 27
80 Worker 0 processing task 19 requiring operations [7]
80 Worker 0 forwarding task 19
80 Worker 4 processing task 32 requiring operations [7, 1, 4]
80 Worker 4 performing operation 1 on task 32
80 Worker 1 processing task 31 requiring operations [1]
80 Worker 1 forwarding task 31
81 Task 27 completed!
81 Worker 1 accepting task 19
81 Worker 4 accepting task 32
81 Worker 0 accepting task 31
81 Worker 2 processing task 18 requiring operations [10]
81 Worker 2 forwarding task 18
81 Worker 0 processing task 34 requiring operations [3, 7, 9]
81 Worker 0 forwarding task 34
81 Worker 4 processing task 38 requiring operations [6, 9]
81 Worker 4 forwarding task 38
81 Worker 1 processing task 19 requiring operations [7]
81 Worker 1 forwarding task 19
82 Generated task 41
82 Worker 4 accepting task 41
82 Worker 3 accepting task 18
82 Worker 4 accepting task 34
82 Worker 2 accepting task 38
82 Worker 3 accepting task 19
82 Worker 2 processing task 28 requiring operations [1, 5]
82 Worker 2 forwarding task 28
82 Worker 0 processing task 39 requiring operations [1, 5, 9]
82 Worker 0 forwarding task 39
82 Worker 4 processing task 32 requiring operations [7, 4]
82 Worker 4 performing operation 4 on task 32
82 Worker 3 processing task 18 requiring operations [10]
82 Worker 3 performing operation 10 on task 18
83 Worker 4 accepting task 28
83 Worker 4 accepting task 39
83 Worker 4 accepting task 32
83 Task 18 completed!
83 Worker 2 processing task 26 requiring operations [1]
83 Worker 2 forwarding task 26
83 Worker 0 processing task 35 requiring operations [10, 7]
83 Worker 0 forwarding task 35
83 Worker 4 processing task 41 requiring operations [10, 5, 7]
83 Worker 4 performing operation 5 on task 41
83 Worker 3 processing task 19 requiring operations [7]
83 Worker 3 performing operation 7 on task 19
84 Generated task 42
84 Worker 4 accepting task 42
84 Worker 3 accepting task 26
84 Worker 2 accepting task 35
84 Worker 4 accepting task 41
84 Task 19 completed!
84 Worker 2 processing task 21 requiring operations [3]
84 Worker 2 forwarding task 21
84 Worker 0 processing task 31 requiring operations [1]
84 Worker 0 forwarding task 31
84 Worker 4 processing task 34 requiring operations [3, 7, 9]
84 Worker 4 forwarding task 34
84 Worker 3 processing task 26 requiring operations [1]
84 Worker 3 forwarding task 26
85 Worker 4 accepting task 21
85 Worker 2 accepting task 31
85 Worker 2 accepting task 34
85 Worker 2 accepting task 26
85 Worker 2 processing task 16 requiring operations [1]
85 Worker 2 forwarding task 16
85 Worker 4 processing task 28 requiring operations [1, 5]
85 Worker 4 performing operation 1 on task 28
86 Generated task 43
86 Worker 0 accepting task 43
86 Worker 4 accepting task 16
86 Worker 4 accepting task 28
86 Worker 2 processing task 29 requiring operations [4]
86 Worker 2 forwarding task 29
86 Worker 4 processing task 39 requiring operations [1, 5, 9]
86 Worker 4 performing operation 1 on task 39
86 Worker 0 processing task 43 requiring operations [9, 7, 2]
86 Worker 0 performing operation 2 on task 43
87 Worker 0 accepting task 29
87 Worker 4 accepting task 39
87 Worker 0 accepting task 43
87 Worker 2 processing task 25 requiring operations [7]
87 Worker 2 forwarding task 25
87 Worker 4 processing task 32 requiring operations [7]
87 Worker 4 forwarding task 32
87 Worker 0 processing task 29 requiring operations [4]
87 Worker 0 forwarding task 29
88 Generated task 44
88 Worker 2 accepting task 44
88 Worker 0 accepting task 25
88 Worker 2 accepting task 32
88 Worker 2 accepting task 29
88 Worker 2 processing task 37 requiring operations [6, 5, 1]
88 Worker 2 performing operation 6 on task 37
88 Worker 4 processing task 42 requiring operations [9, 10, 5]
88 Worker 4 performing operation 5 on task 42
88 Worker 0 processing task 43 requiring operations [9, 7]
88 Worker 0 forwarding task 43
89 Worker 2 accepting task 37
89 Worker 4 accepting task 42
89 Worker 2 accepting task 43
89 Worker 2 processing task 40 requiring operations [6, 4, 9]
89 Worker 2 performing operation 9 on task 40
89 Worker 4 processing task 41 requiring operations [10, 7]
89 Worker 4 forwarding task 41
89 Worker 0 processing task 25 requiring operations [7]
89 Worker 0 forwarding task 25
90 Generated task 45
90 Worker 0 accepting task 45
90 Worker 2 accepting task 40
90 Worker 2 accepting task 41
90 Worker 4 accepting task 25
90 Worker 2 processing task 30 requiring operations [1, 4]
90 Worker 2 forwarding task 30
90 Worker 4 processing task 21 requiring operations [3]
90 Worker 4 forwarding task 21
90 Worker 0 processing task 45 requiring operations [3, 10, 2]
90 Worker 0 performing operation 2 on task 45
91 Worker 3 accepting task 30
91 Worker 0 accepting task 21
91 Worker 0 accepting task 45
91 Worker 2 processing task 23 requiring operations [7]
91 Worker 2 forwarding task 23
91 Worker 4 processing task 16 requiring operations [1]
91 Worker 4 performing operation 1 on task 16
91 Worker 0 processing task 21 requiring operations [3]
91 Worker 0 forwarding task 21
91 Worker 3 processing task 30 requiring operations [1, 4]
91 Worker 3 forwarding task 30
92 Generated task 46
92 Worker 1 accepting task 46
92 Worker 0 accepting task 23
92 Task 16 completed!
92 Worker 2 accepting task 21
92 Worker 2 accepting task 30
92 Worker 2 processing task 38 requiring operations [6, 9]
92 Worker 2 performing operation 6 on task 38
92 Worker 4 processing task 28 requiring operations [5]
92 Worker 4 performing operation 5 on task 28
92 Worker 0 processing task 45 requiring operations [3, 10]
92 Worker 0 forwarding task 45
92 Worker 1 processing task 46 requiring operations [10, 1, 3]
92 Worker 1 performing operation 3 on task 46
93 Worker 2 accepting task 38
93 Task 28 completed!
93 Worker 1 accepting task 45
93 Worker 1 accepting task 46
93 Worker 2 processing task 35 requiring operations [10, 7]
93 Worker 2 forwarding task 35
93 Worker 4 processing task 39 requiring operations [5, 9]
93 Worker 4 performing operation 5 on task 39
93 Worker 0 processing task 23 requiring operations [7]
93 Worker 0 forwarding task 23
93 Worker 1 processing task 45 requiring operations [3, 10]
93 Worker 1 performing operation 10 on task 45
94 Generated task 47
94 Worker 0 accepting task 47
94 Worker 3 accepting task 35
94 Worker 4 accepting task 39
94 Worker 4 accepting task 23
94 Worker 1 accepting task 45
94 Worker 2 processing task 31 requiring operations [1]
94 Worker 2 forwarding task 31
94 Worker 4 processing task 42 requiring operations [9, 10]
94 Worker 4 forwarding task 42
94 Worker 0 processing task 47 requiring operations [9, 7, 6]
94 Worker 0 forwarding task 47
94 Worker 1 processing task 46 requiring operations [10, 1]
94 Worker 1 performing operation 10 on task 46
94 Worker 3 processing task 35 requiring operations [10, 7]
94 Worker 3 performing operation 10 on task 35
95 Worker 3 accepting task 31
95 Worker 0 accepting task 42
95 Worker 1 accepting task 47
95 Worker 1 accepting task 46
95 Worker 3 accepting task 35
95 Worker 2 processing task 34 requiring operations [3, 7, 9]
95 Worker 2 performing operation 9 on task 34
95 Worker 4 processing task 25 requiring operations [7]
95 Worker 4 forwarding task 25
95 Worker 0 processing task 42 requiring operations [9, 10]
95 Worker 0 forwarding task 42
95 Worker 1 processing task 45 requiring operations [3]
95 Worker 1 performing operation 3 on task 45
95 Worker 3 processing task 31 requiring operations [1]
95 Worker 3 forwarding task 31
96 Generated task 48
96 Worker 1 accepting task 48
96 Worker 2 accepting task 34
96 Worker 0 accepting task 25
96 Worker 4 accepting task 42
96 Task 45 completed!
96 Worker 2 accepting task 31
96 Worker 2 processing task 26 requiring operations [1]
96 Worker 2 forwarding task 26
96 Worker 4 processing task 39 requiring operations [9]
96 Worker 4 forwarding task 39
96 Worker 0 processing task 25 requiring operations [7]
96 Worker 0 forwarding task 25
96 Worker 1 processing task 47 requiring operations [9, 7, 6]
96 Worker 1 forwarding task 47
96 Worker 3 processing task 35 requiring operations [7]
96 Worker 3 performing operation 7 on task 35
97 Worker 3 accepting task 26
97 Worker 2 accepting task 39
97 Worker 1 accepting task 25
97 Worker 3 accepting task 47
97 Task 35 completed!
97 Worker 2 processing task 44 requiring operations [9, 4, 5]
97 Worker 2 performing operation 9 on task 44
97 Worker 4 processing task 23 requiring operations [7]
97 Worker 4 forwarding task 23
97 Worker 1 processing task 46 requiring operations [1]
97 Worker 1 forwarding task 46
97 Worker 3 processing task 26 requiring operations [1]
97 Worker 3 forwarding task 26
98 Generated task 49
98 Worker 1 accepting task 49
98 Worker 2 accepting task 44
98 Worker 0 accepting task 23
98 Worker 3 accepting task 46
98 Worker 2 accepting task 26
98 Worker 2 processing task 32 requiring operations [7]
98 Worker 2 forwarding task 32
98 Worker 4 processing task 42 requiring operations [9, 10]
98 Worker 4 forwarding task 42
98 Worker 1 processing task 48 requiring operations [6, 10, 2]
98 Worker 1 performing operation 10 on task 48
98 Worker 3 processing task 47 requiring operations [9, 7, 6]
98 Worker 3 performing operation 7 on task 47
98 Worker 0 processing task 23 requiring operations [7]
98 Worker 0 forwarding task 23
99 Worker 3 accepting task 32
99 Worker 2 accepting task 42
99 Worker 1 accepting task 48
99 Worker 3 accepting task 47
99 Worker 2 accepting task 23
99 Worker 2 processing task 29 requiring operations [4]
99 Worker 2 forwarding task 29
99 Worker 1 processing task 25 requiring operations [7]
99 Worker 1 forwarding task 25
99 Worker 3 processing task 46 requiring operations [1]
99 Worker 3 forwarding task 46
100 Generated task 50
100 Worker 3 accepting task 50
100 Worker 4 accepting task 29
100 Worker 3 accepting task 25
100 Worker 1 accepting task 46
100 Worker 2 processing task 37 requiring operations [5, 1]
100 Worker 2 forwarding task 37
100 Worker 1 processing task 49 requiring operations [9, 3, 10]
100 Worker 1 performing operation 3 on task 49
100 Worker 3 processing task 32 requiring operations [7]
100 Worker 3 performing operation 7 on task 32
100 Worker 4 processing task 29 requiring operations [4]
100 Worker 4 performing operation 4 on task 29
101 Worker 3 accepting task 37
101 Worker 1 accepting task 49
101 Task 32 completed!
101 Task 29 completed!
101 Worker 2 processing task 43 requiring operations [9, 7]
101 Worker 2 performing operation 9 on task 43
101 Worker 1 processing task 48 requiring operations [6, 2]
101 Worker 1 forwarding task 48
101 Worker 3 processing task 47 requiring operations [9, 6]
101 Worker 3 forwarding task 47
102 Generated task 51
102 Worker 4 accepting task 51
102 Worker 2 accepting task 43
102 Worker 3 accepting task 48
102 Worker 2 accepting task 47
102 Worker 2 processing task 40 requiring operations [6, 4]
102 Worker 2 performing operation 6 on task 40
102 Worker 1 processing task 46 requiring operations [1]
102 Worker 1 forwarding task 46
102 Worker 3 processing task 50 requiring operations [3, 2, 9]
102 Worker 3 performing operation 3 on task 50
102 Worker 4 processing task 51 requiring operations [5, 10, 6]
102 Worker 4 performing operation 5 on task 51
103 Worker 2 accepting task 40
103 Worker 0 accepting task 46
103 Worker 3 accepting task 50
103 Worker 4 accepting task 51
103 Worker 2 processing task 41 requiring operations [10, 7]
103 Worker 2 forwarding task 41
103 Worker 1 processing task 49 requiring operations [9, 10]
103 Worker 1 performing operation 10 on task 49
103 Worker 3 processing task 25 requiring operations [7]
103 Worker 3 performing operation 7 on task 25
103 Worker 4 processing task 51 requiring operations [10, 6]
103 Worker 4 forwarding task 51
103 Worker 0 processing task 46 requiring operations [1]
103 Worker 0 forwarding task 46
104 Generated task 52
104 Worker 4 accepting task 52
104 Worker 4 accepting task 41
104 Worker 1 accepting task 49
104 Task 25 completed!
104 Worker 0 accepting task 51
104 Worker 4 accepting task 46
104 Worker 2 processing task 21 requiring operations [3]
104 Worker 2 forwarding task 21
104 Worker 1 processing task 49 requiring operations [9]
104 Worker 1 forwarding task 49
104 Worker 3 processing task 37 requiring operations [5, 1]
104 Worker 3 forwarding task 37
104 Worker 4 processing task 52 requiring operations [4, 7, 5]
104 Worker 4 performing operation 4 on task 52
104 Worker 0 processing task 51 requiring operations [10, 6]
104 Worker 0 forwarding task 51
105 Worker 4 accepting task 21
105 Worker 3 accepting task 49
105 Worker 2 accepting task 37
105 Worker 4 accepting task 52
105 Worker 4 accepting task 51
105 Worker 2 processing task 30 requiring operations [1, 4]
105 Worker 2 forwarding task 30
105 Worker 3 processing task 48 requiring operations [6, 2]
105 Worker 3 forwarding task 48
105 Worker 4 processing task 41 requiring operations [10, 7]
105 Worker 4 forwarding task 41
106 Generated task 53
106 Worker 4 accepting task 53
106 Worker 4 accepting task 30
106 Worker 1 accepting task 48
106 Worker 0 accepting task 41
106 Worker 2 processing task 38 requiring operations [9]
106 Worker 2 performing operation 9 on task 38
106 Worker 3 processing task 50 requiring operations [2, 9]
106 Worker 3 forwarding task 50
106 Worker 4 processing task 46 requiring operations [1]
106 Worker 4 performing operation 1 on task 46
106 Worker 1 processing task 48 requiring operations [6, 2]
106 Worker 1 forwarding task 48
106 Worker 0 processing task 41 requiring operations [10, 7]
106 Worker 0 forwarding task 41
107 Task 38 completed!
107 Worker 1 accepting task 50
107 Task 46 completed!
107 Worker 3 accepting task 48
107 Worker 2 accepting task 41
107 Worker 2 processing task 34 requiring operations [3, 7]
107 Worker 2 forwarding task 34
107 Worker 3 processing task 49 requiring operations [9]
107 Worker 3 forwarding task 49
107 Worker 4 processing task 21 requiring operations [3]
107 Worker 4 forwarding task 21
107 Worker 1 processing task 50 requiring operations [2, 9]
107 Worker 1 forwarding task 50
108 Generated task 54
108 Worker 4 accepting task 54
108 Worker 4 accepting task 34
108 Worker 2 accepting task 49
108 Worker 2 accepting task 21
108 Worker 0 accepting task 50
108 Worker 2 processing task 31 requiring operations [1]
108 Worker 2 forwarding task 31
108 Worker 3 processing task 48 requiring operations [6, 2]
108 Worker 3 forwarding task 48
108 Worker 4 processing task 52 requiring operations [7, 5]
108 Worker 4 performing operation 5 on task 52
108 Worker 0 processing task 50 requiring operations [2, 9]
108 Worker 0 performing operation 2 on task 50
109 Worker 3 accepting task 31
109 Worker 2 accepting task 48
109 Worker 4 accepting task 52
109 Worker 0 accepting task 50
109 Worker 2 processing task 39 requiring operations [9]
109 Worker 2 performing operation 9 on task 39
109 Worker 3 processing task 31 requiring operations [1]
109 Worker 3 forwarding task 31
109 Worker 4 processing task 51 requiring operations [10, 6]
109 Worker 4 forwarding task 51
109 Worker 0 processing task 50 requiring operations [9]
109 Worker 0 forwarding task 50
110 Generated task 55
110 Worker 1 accepting task 55
110 Task 39 completed!
110 Worker 1 accepting task 31
110 Worker 0 accepting task 51
110 Worker 4 accepting task 50
110 Worker 2 processing task 44 requiring operations [4, 5]
110 Worker 2 forwarding task 44
110 Worker 4 processing task 53 requiring operations [8, 9, 2]
110 Worker 4 performing operation 2 on task 53
110 Worker 0 processing task 51 requiring operations [10, 6]
110 Worker 0 forwarding task 51
110 Worker 1 processing task 55 requiring operations [4, 2, 6]
110 Worker 1 forwarding task 55
111 Worker 4 accepting task 44
111 Worker 4 accepting task 53
111 Worker 4 accepting task 51
111 Worker 0 accepting task 55
111 Worker 2 processing task 26 requiring operations [1]
111 Worker 2 forwarding task 26
111 Worker 4 processing task 30 requiring operations [1, 4]
111 Worker 4 performing operation 1 on task 30
111 Worker 1 processing task 31 requiring operations [1]
111 Worker 1 forwarding task 31
111 Worker 0 processing task 55 requiring operations [4, 2, 6]
111 Worker 0 performing operation 2 on task 55
112 Generated task 56
112 Worker 4 accepting task 56
112 Worker 0 accepting task 26
112 Worker 4 accepting task 30
112 Worker 3 accepting task 31
112 Worker 0 accepting task 55
112 Worker 2 processing task 42 requiring operations [9, 10]
112 Worker 2 performing operation 9 on task 42
112 Worker 4 processing task 54 requiring operations [5, 8, 9]
112 Worker 4 performing operation 5 on task 54
112 Worker 0 processing task 26 requiring operations [1]
112 Worker 0 forwarding task 26
112 Worker 3 processing task 31 requiring operations [1]
112 Worker 3 forwarding task 31
113 Worker 2 accepting task 42
113 Worker 4 accepting task 54
113 Worker 2 accepting task 26
113 Worker 2 accepting task 31
113 Worker 2 processing task 23 requiring operations [7]
113 Worker 2 forwarding task 23
113 Worker 4 processing task 34 requiring operations [3, 7]
113 Worker 4 forwarding task 34
113 Worker 0 processing task 55 requiring operations [4, 6]
113 Worker 0 forwarding task 55
114 Generated task 57
114 Worker 4 accepting task 57
114 Worker 4 accepting task 23
114 Worker 2 accepting task 34
114 Worker 4 accepting task 55
114 Worker 2 processing task 43 requiring operations [7]
114 Worker 2 forwarding task 43
114 Worker 4 processing task 52 requiring operations [7]
114 Worker 4 forwarding task 52
115 Worker 4 accepting task 43
115 Worker 2 accepting task 52
115 Worker 2 processing task 47 requiring operations [9, 6]
115 Worker 2 performing operation 6 on task 47
115 Worker 4 processing task 50 requiring operations [9]
115 Worker 4 forwarding task 50
116 Generated task 58
116 Worker 3 accepting task 58
116 Worker 2 accepting task 47
116 Worker 0 accepting task 50
116 Worker 2 processing task 40 requiring operations [4]
116 Worker 2 forwarding task 40
116 Worker 4 processing task 44 requiring operations [4, 5]
116 Worker 4 performing operation 4 on task 44
116 Worker 3 processing task 58 requiring operations [4, 5, 8]
116 Worker 3 forwarding task 58
116 Worker 0 processing task 50 requiring operations [9]
116 Worker 0 forwarding task 50
117 Worker 4 accepting task 40
117 Worker 4 accepting task 44
117 Worker 2 accepting task 58
117 Worker 1 accepting task 50
117 Worker 2 processing task 37 requiring operations [5, 1]
117 Worker 2 forwarding task 37
117 Worker 4 processing task 53 requiring operations [8, 9]
117 Worker 4 forwarding task 53
117 Worker 1 processing task 50 requiring operations [9]
117 Worker 1 forwarding task 50
118 Generated task 59
118 Worker 4 accepting task 59
118 Worker 4 accepting task 37
118 Worker 0 accepting task 53
118 Worker 0 accepting task 50
118 Worker 2 processing task 41 requiring operations [10, 7]
118 Worker 2 forwarding task 41
118 Worker 4 processing task 51 requiring operations [10, 6]
118 Worker 4 forwarding task 51
118 Worker 0 processing task 53 requiring operations [8, 9]
118 Worker 0 performing operation 8 on task 53
119 Worker 4 accepting task 41
119 Worker 0 accepting task 51
119 Worker 0 accepting task 53
119 Worker 2 processing task 49 requiring operations [9]
119 Worker 2 performing operation 9 on task 49
119 Worker 4 processing task 56 requiring operations [5, 4, 10]
119 Worker 4 performing operation 5 on task 56
119 Worker 0 processing task 50 requiring operations [9]
119 Worker 0 forwarding task 50
120 Generated task 60
120 Worker 0 accepting task 60
120 Task 49 completed!
120 Worker 4 accepting task 56
120 Worker 2 accepting task 50
120 Worker 2 processing task 21 requiring operations [3]
120 Worker 2 forwarding task 21
120 Worker 4 processing task 30 requiring operations [4]
120 Worker 4 performing operation 4 on task 30
120 Worker 0 processing task 51 requiring operations [10, 6]
120 Worker 0 forwarding task 51
121 Worker 3 accepting task 21
121 Task 30 completed!
121 Worker 4 accepting task 51
121 Worker 2 processing task 48 requiring operations [6, 2]
121 Worker 2 performing operation 6 on task 48
121 Worker 4 processing task 54 requiring operations [8, 9]
121 Worker 4 forwarding task 54
121 Worker 0 processing task 53 requiring operations [9]
121 Worker 0 forwarding task 53
121 Worker 3 processing task 21 requiring operations [3]
121 Worker 3 performing operation 3 on task 21
122 Generated task 61
122 Worker 2 accepting task 61
122 Worker 2 accepting task 48
122 Worker 2 accepting task 54
122 Worker 4 accepting task 53
122 Task 21 completed!
122 Worker 2 processing task 42 requiring operations [10]
122 Worker 2 forwarding task 42
122 Worker 4 processing task 57 requiring operations [5, 2, 10]
122 Worker 4 performing operation 5 on task 57
122 Worker 0 processing task 60 requiring operations [10, 3, 5]
122 Worker 0 forwarding task 60
123 Worker 3 accepting task 42
123 Worker 4 accepting task 57
123 Worker 2 accepting task 60
123 Worker 2 processing task 26 requiring operations [1]
123 Worker 2 forwarding task 26
123 Worker 4 processing task 23 requiring operations [7]
123 Worker 4 forwarding task 23
123 Worker 3 processing task 42 requiring operations [10]
123 Worker 3 performing operation 10 on task 42
124 Generated task 62
124 Worker 1 accepting task 62
124 Worker 3 accepting task 26
124 Worker 2 accepting task 23
124 Task 42 completed!
124 Worker 2 processing task 31 requiring operations [1]
124 Worker 2 forwarding task 31
124 Worker 4 processing task 55 requiring operations [4, 6]
124 Worker 4 performing operation 4 on task 55
124 Worker 3 processing task 26 requiring operations [1]
124 Worker 3 forwarding task 26
124 Worker 1 processing task 62 requiring operations [6, 4, 7]
124 Worker 1 forwarding task 62
125 Worker 0 accepting task 31
125 Worker 4 accepting task 55
125 Worker 2 accepting task 26
125 Worker 3 accepting task 62
125 Worker 2 processing task 34 requiring operations [3, 7]
125 Worker 2 forwarding task 34
125 Worker 4 processing task 43 requiring operations [7]
125 Worker 4 forwarding task 43
125 Worker 0 processing task 31 requiring operations [1]
125 Worker 0 forwarding task 31
125 Worker 3 processing task 62 requiring operations [6, 4, 7]
125 Worker 3 performing operation 7 on task 62
126 Generated task 63
126 Worker 2 accepting task 63
126 Worker 3 accepting task 34
126 Worker 0 accepting task 43
126 Worker 4 accepting task 31
126 Worker 3 accepting task 62
126 Worker 2 processing task 52 requiring operations [7]
126 Worker 2 forwarding task 52
126 Worker 4 processing task 40 requiring operations [4]
126 Worker 4 performing operation 4 on task 40
126 Worker 0 processing task 43 requiring operations [7]
126 Worker 0 forwarding task 43
126 Worker 3 processing task 34 requiring operations [3, 7]
126 Worker 3 performing operation 3 on task 34
127 Worker 3 accepting task 52
127 Task 40 completed!
127 Worker 1 accepting task 43
127 Worker 3 accepting task 34
127 Worker 2 processing task 47 requiring operations [9]
127 Worker 2 performing operation 9 on task 47
127 Worker 4 processing task 44 requiring operations [5]
127 Worker 4 performing operation 5 on task 44
127 Worker 3 processing task 62 requiring operations [6, 4]
127 Worker 3 forwarding task 62
127 Worker 1 processing task 43 requiring operations [7]
127 Worker 1 forwarding task 43
128 Generated task 64
128 Worker 4 accepting task 64
128 Task 47 completed!
128 Task 44 completed!
128 Worker 1 accepting task 62
128 Worker 0 accepting task 43
128 Worker 2 processing task 58 requiring operations [4, 5, 8]
128 Worker 2 performing operation 8 on task 58
128 Worker 4 processing task 59 requiring operations [1, 8, 10]
128 Worker 4 performing operation 1 on task 59
128 Worker 3 processing task 52 requiring operations [7]
128 Worker 3 performing operation 7 on task 52
128 Worker 1 processing task 62 requiring operations [6, 4]
128 Worker 1 forwarding task 62
128 Worker 0 processing task 43 requiring operations [7]
128 Worker 0 forwarding task 43
129 Worker 2 accepting task 58
129 Worker 4 accepting task 59
129 Task 52 completed!
129 Worker 3 accepting task 62
129 Worker 4 accepting task 43
129 Worker 2 processing task 50 requiring operations [9]
129 Worker 2 performing operation 9 on task 50
129 Worker 4 processing task 37 requiring operations [5, 1]
129 Worker 4 performing operation 5 on task 37
129 Worker 3 processing task 34 requiring operations [7]
129 Worker 3 performing operation 7 on task 34
130 Generated task 65
130 Worker 1 accepting task 65
130 Task 50 completed!
130 Worker 4 accepting task 37
130 Task 34 completed!
130 Worker 2 processing task 61 requiring operations [7, 3, 10]
130 Worker 2 forwarding task 61
130 Worker 4 processing task 41 requiring operations [10, 7]
130 Worker 4 forwarding task 41
130 Worker 3 processing task 62 requiring operations [6, 4]
130 Worker 3 forwarding task 62
130 Worker 1 processing task 65 requiring operations [9, 5, 8]
130 Worker 1 forwarding task 65
131 Worker 3 accepting task 61
131 Worker 2 accepting task 41
131 Worker 1 accepting task 62
131 Worker 0 accepting task 65
131 Worker 2 processing task 48 requiring operations [2]
131 Worker 2 forwarding task 48
131 Worker 4 processing task 56 requiring operations [4, 10]
131 Worker 4 performing operation 4 on task 56
131 Worker 3 processing task 61 requiring operations [7, 3, 10]
131 Worker 3 performing operation 3 on task 61
131 Worker 1 processing task 62 requiring operations [6, 4]
131 Worker 1 forwarding task 62
131 Worker 0 processing task 65 requiring operations [9, 5, 8]
131 Worker 0 performing operation 8 on task 65
132 Generated task 66
132 Worker 4 accepting task 66
132 Worker 4 accepting task 48
132 Worker 4 accepting task 56
132 Worker 3 accepting task 61
132 Worker 3 accepting task 62
132 Worker 0 accepting task 65
132 Worker 2 processing task 54 requiring operations [8, 9]
132 Worker 2 performing operation 8 on task 54
132 Worker 4 processing task 51 requiring operations [10, 6]
132 Worker 4 forwarding task 51
132 Worker 3 processing task 61 requiring operations [7, 10]
132 Worker 3 performing operation 7 on task 61
132 Worker 0 processing task 65 requiring operations [9, 5]
132 Worker 0 forwarding task 65
133 Worker 2 accepting task 54
133 Worker 2 accepting task 51
133 Worker 3 accepting task 61
133 Worker 1 accepting task 65
133 Worker 2 processing task 60 requiring operations [10, 3, 5]
133 Worker 2 forwarding task 60
133 Worker 4 processing task 53 requiring operations [9]
133 Worker 4 forwarding task 53
133 Worker 3 processing task 62 requiring operations [6, 4]
133 Worker 3 forwarding task 62
133 Worker 1 processing task 65 requiring operations [9, 5]
133 Worker 1 forwarding task 65
134 Generated task 67
134 Worker 4 accepting task 67
134 Worker 0 accepting task 60
134 Worker 2 accepting task 53
134 Worker 1 accepting task 62
134 Worker 0 accepting task 65
134 Worker 2 processing task 23 requiring operations [7]
134 Worker 2 forwarding task 23
134 Worker 4 processing task 57 requiring operations [2, 10]
134 Worker 4 performing operation 2 on task 57
134 Worker 3 processing task 61 requiring operations [10]
134 Worker 3 performing operation 10 on task 61
134 Worker 1 processing task 62 requiring operations [6, 4]
134 Worker 1 forwarding task 62
134 Worker 0 processing task 60 requiring operations [10, 3, 5]
134 Worker 0 forwarding task 60
135 Worker 0 accepting task 23
135 Worker 4 accepting task 57
135 Task 61 completed!
135 Worker 3 accepting task 62
135 Worker 4 accepting task 60
135 Worker 2 processing task 26 requiring operations [1]
135 Worker 2 forwarding task 26
135 Worker 4 processing task 55 requiring operations [6]
135 Worker 4 forwarding task 55
135 Worker 0 processing task 65 requiring operations [9, 5]
135 Worker 0 forwarding task 65
135 Worker 3 processing task 62 requiring operations [6, 4]
135 Worker 3 forwarding task 62
136 Generated task 68
136 Worker 2 accepting task 68
136 Worker 4 accepting task 26
136 Worker 0 accepting task 55
136 Worker 2 accepting task 65
136 Worker 2 accepting task 62
136 Worker 2 processing task 63 requiring operations [4, 5, 6]
136 Worker 2 performing operation 6 on task 63
136 Worker 4 processing task 31 requiring operations [1]
136 Worker 4 performing operation 1 on task 31
136 Worker 0 processing task 23 requiring operations [7]
136 Worker 0 forwarding task 23
137 Worker 2 accepting task 63
137 Task 31 completed!
137 Worker 2 accepting task 23
137 Worker 2 processing task 58 requiring operations [4, 5]
137 Worker 2 forwarding task 58
137 Worker 4 processing task 64 requiring operations [9, 5, 2]
137 Worker 4 performing operation 2 on task 64
137 Worker 0 processing task 55 requiring operations [6]
137 Worker 0 forwarding task 55
138 Generated task 69
138 Worker 4 accepting task 69
138 Worker 4 accepting task 58
138 Worker 4 accepting task 64
138 Worker 1 accepting task 55
138 Worker 2 processing task 41 requiring operations [10, 7]
138 Worker 2 forwarding task 41
138 Worker 4 processing task 59 requiring operations [8, 10]
138 Worker 4 forwarding task 59
138 Worker 1 processing task 55 requiring operations [6]
138 Worker 1 forwarding task 55
139 Worker 3 accepting task 41
139 Worker 2 accepting task 59
139 Worker 0 accepting task 55
139 Worker 2 processing task 54 requiring operations [9]
139 Worker 2 performing operation 9 on task 54
139 Worker 4 processing task 43 requiring operations [7]
139 Worker 4 forwarding task 43
139 Worker 3 processing task 41 requiring operations [10, 7]
139 Worker 3 performing operation 10 on task 41
139 Worker 0 processing task 55 requiring operations [6]
139 Worker 0 forwarding task 55
140 Generated task 70
140 Worker 2 accepting task 70
140 Task 54 completed!
140 Worker 0 accepting task 43
140 Worker 3 accepting task 41
140 Worker 2 accepting task 55
140 Worker 2 processing task 51 requiring operations [10, 6]
140 Worker 2 performing operation 6 on task 51
140 Worker 4 processing task 37 requiring operations [1]
140 Worker 4 performing operation 1 on task 37
140 Worker 3 processing task 41 requiring operations [7]
140 Worker 3 performing operation 7 on task 41
140 Worker 0 processing task 43 requiring operations [7]
140 Worker 0 forwarding task 43
