Worker 0 can perform operations {8, 10, 4, 6}
Worker 1 can perform operations {1, 2}
Worker 2 can perform operations {9, 3, 4, 1}
Worker 3 can perform operations {1, 3}
Worker 4 can perform operations {5, 7}
Building network type random
Worker 0 connecting to worker 4
Worker 4 connecting to worker 0
Worker 0 connecting to worker 3
Worker 3 connecting to worker 0
Worker 1 connecting to worker 4
Worker 4 connecting to worker 1
Worker 1 connecting to worker 2
Worker 2 connecting to worker 1
Worker 2 connecting to worker 3
Worker 3 connecting to worker 2
Entry nodes are [0, 1, 2, 3, 4]
0 Generated task 0
0 Worker 0 accepting task 0
0 Worker 0 processing task 0 requiring operations [4, 9, 10]
0 Worker 0 performing operation 10 on task 0
1 Worker 0 accepting task 0
1 Worker 0 processing task 0 requiring operations [4, 9]
1 Worker 0 performing operation 4 on task 0
2 Generated task 1
2 Worker 2 accepting task 1
2 Worker 0 accepting task 0
2 Worker 0 processing task 0 requiring operations [9]
2 Worker 0 forwarding task 0
2 Worker 2 processing task 1 requiring operations [6, 1, 5]
2 Worker 2 performing operation 1 on task 1
3 Worker 3 accepting task 0
3 Worker 2 accepting task 1
3 Worker 2 processing task 1 requiring operations [6, 5]
3 Worker 2 forwarding task 1
3 Worker 3 processing task 0 requiring operations [9]
3 Worker 3 forwarding task 0
4 Generated task 2
4 Worker 2 accepting task 2
4 Worker 3 accepting task 1
4 Worker 0 accepting task 0
4 Worker 2 processing task 2 requiring operations [8, 5, 1]
4 Worker 2 performing operation 1 on task 2
4 Worker 3 processing task 1 requiring operations [6, 5]
4 Worker 3 forwarding task 1
4 Worker 0 processing task 0 requiring operations [9]
4 Worker 0 forwarding task 0
5 Worker 2 accepting task 2
5 Worker 0 accepting task 1
5 Worker 3 accepting task 0
5 Worker 2 processing task 2 requiring operations [8, 5]
5 Worker 2 forwarding task 2
5 Worker 0 processing task 1 requiring operations [6, 5]
5 Worker 0 performing operation 6 on task 1
5 Worker 3 processing task 0 requiring operations [9]
5 Worker 3 forwarding task 0
6 Generated task 3
6 Worker 1 accepting task 3
6 Worker 3 accepting task 2
6 Worker 0 accepting task 1
6 Worker 2 accepting task 0
6 Worker 0 processing task 1 requiring operations [5]
6 Worker 0 forwarding task 1
6 Worker 3 processing task 2 requiring operations [8, 5]
6 Worker 3 forwarding task 2
6 Worker 1 processing task 3 requiring operations [1, 2, 6]
6 Worker 1 performing operation 1 on task 3
6 Worker 2 processing task 0 requiring operations [9]
6 Worker 2 performing operation 9 on task 0
7 Worker 3 accepting task 1
7 Worker 2 accepting task 2
7 Worker 1 accepting task 3
7 Task 0 completed!
7 Worker 3 processing task 1 requiring operations [5]
7 Worker 3 forwarding task 1
7 Worker 1 processing task 3 requiring operations [2, 6]
7 Worker 1 performing operation 2 on task 3
7 Worker 2 processing task 2 requiring operations [8, 5]
7 Worker 2 forwarding task 2
8 Generated task 4
8 Worker 0 accepting task 4
8 Worker 0 accepting task 1
8 Worker 1 accepting task 3
8 Worker 1 accepting task 2
8 Worker 1 processing task 3 requiring operations [6]
8 Worker 1 forwarding task 3
8 Worker 0 processing task 4 requiring operations [5, 6, 7]
8 Worker 0 performing operation 6 on task 4
9 Worker 4 accepting task 3
9 Worker 0 accepting task 4
9 Worker 1 processing task 2 requiring operations [8, 5]
9 Worker 1 forwarding task 2
9 Worker 0 processing task 1 requiring operations [5]
9 Worker 0 forwarding task 1
9 Worker 4 processing task 3 requiring operations [6]
9 Worker 4 forwarding task 3
10 Generated task 5
10 Worker 3 accepting task 5
10 Worker 4 accepting task 2
10 Worker 4 accepting task 1
10 Worker 0 accepting task 3
10 Worker 0 processing task 4 requiring operations [5, 7]
10 Worker 0 forwarding task 4
10 Worker 4 processing task 2 requiring operations [8, 5]
10 Worker 4 performing operation 5 on task 2
10 Worker 3 processing task 5 requiring operations [9, 10, 7]
10 Worker 3 forwarding task 5
11 Worker 3 accepting task 4
11 Worker 4 accepting task 2
11 Worker 2 accepting task 5
11 Worker 0 processing task 3 requiring operations [6]
11 Worker 0 performing operation 6 on task 3
11 Worker 4 processing task 1 requiring operations [5]
11 Worker 4 performing operation 5 on task 1
11 Worker 3 processing task 4 requiring operations [5, 7]
11 Worker 3 forwarding task 4
11 Worker 2 processing task 5 requiring operations [9, 10, 7]
11 Worker 2 performing operation 9 on task 5
12 Generated task 6
12 Worker 3 accepting task 6
12 Task 3 completed!
12 Task 1 completed!
12 Worker 0 accepting task 4
12 Worker 2 accepting task 5
12 Worker 4 processing task 2 requiring operations [8]
12 Worker 4 forwarding task 2
12 Worker 3 processing task 6 requiring operations [9, 4, 10]
12 Worker 3 forwarding task 6
12 Worker 2 processing task 5 requiring operations [10, 7]
12 Worker 2 forwarding task 5
12 Worker 0 processing task 4 requiring operations [5, 7]
12 Worker 0 forwarding task 4
13 Worker 1 accepting task 2
13 Worker 2 accepting task 6
13 Worker 1 accepting task 5
13 Worker 4 accepting task 4
13 Worker 2 processing task 6 requiring operations [9, 4, 10]
13 Worker 2 performing operation 9 on task 6
13 Worker 1 processing task 2 requiring operations [8]
13 Worker 1 forwarding task 2
13 Worker 4 processing task 4 requiring operations [5, 7]
13 Worker 4 performing operation 5 on task 4
14 Generated task 7
14 Worker 1 accepting task 7
14 Worker 2 accepting task 6
14 Worker 2 accepting task 2
14 Worker 4 accepting task 4
14 Worker 2 processing task 6 requiring operations [4, 10]
14 Worker 2 performing operation 4 on task 6
14 Worker 1 processing task 5 requiring operations [10, 7]
14 Worker 1 forwarding task 5
14 Worker 4 processing task 4 requiring operations [7]
14 Worker 4 performing operation 7 on task 4
15 Worker 2 accepting task 6
15 Worker 4 accepting task 5
15 Task 4 completed!
15 Worker 2 processing task 2 requiring operations [8]
15 Worker 2 forwarding task 2
15 Worker 1 processing task 7 requiring operations [2, 8, 4]
15 Worker 1 performing operation 2 on task 7
15 Worker 4 processing task 5 requiring operations [10, 7]
15 Worker 4 performing operation 7 on task 5
16 Generated task 8
16 Worker 1 accepting task 8
16 Worker 1 accepting task 2
16 Worker 1 accepting task 7
16 Worker 4 accepting task 5
16 Worker 2 processing task 6 requiring operations [10]
16 Worker 2 forwarding task 6
16 Worker 1 processing task 8 requiring operations [4, 10, 7]
16 Worker 1 forwarding task 8
16 Worker 4 processing task 5 requiring operations [10]
16 Worker 4 forwarding task 5
17 Worker 3 accepting task 6
17 Worker 4 accepting task 8
17 Worker 0 accepting task 5
17 Worker 1 processing task 2 requiring operations [8]
17 Worker 1 forwarding task 2
17 Worker 4 processing task 8 requiring operations [4, 10, 7]
17 Worker 4 performing operation 7 on task 8
17 Worker 3 processing task 6 requiring operations [10]
17 Worker 3 forwarding task 6
17 Worker 0 processing task 5 requiring operations [10]
17 Worker 0 performing operation 10 on task 5
18 Generated task 9
18 Worker 4 accepting task 9
18 Worker 4 accepting task 2
18 Worker 4 accepting task 8
18 Worker 0 accepting task 6
18 Task 5 completed!
18 Worker 1 processing task 7 requiring operations [8, 4]
18 Worker 1 forwarding task 7
18 Worker 4 processing task 9 requiring operations [1, 8, 5]
18 Worker 4 performing operation 5 on task 9
18 Worker 0 processing task 6 requiring operations [10]
18 Worker 0 performing operation 10 on task 6
19 Worker 4 accepting task 7
19 Worker 4 accepting task 9
19 Task 6 completed!
19 Worker 4 processing task 2 requiring operations [8]
19 Worker 4 forwarding task 2
20 Generated task 10
20 Worker 3 accepting task 10
20 Worker 0 accepting task 2
20 Worker 4 processing task 8 requiring operations [4, 10]
20 Worker 4 forwarding task 8
20 Worker 3 processing task 10 requiring operations [2, 10, 8]
20 Worker 3 forwarding task 10
20 Worker 0 processing task 2 requiring operations [8]
20 Worker 0 performing operation 8 on task 2
21 Worker 0 accepting task 8
21 Worker 2 accepting task 10
21 Task 2 completed!
21 Worker 4 processing task 7 requiring operations [8, 4]
21 Worker 4 forwarding task 7
21 Worker 0 processing task 8 requiring operations [4, 10]
21 Worker 0 performing operation 4 on task 8
21 Worker 2 processing task 10 requiring operations [2, 10, 8]
21 Worker 2 forwarding task 10
22 Generated task 11
22 Worker 3 accepting task 11
22 Worker 0 accepting task 7
22 Worker 0 accepting task 8
22 Worker 3 accepting task 10
22 Worker 4 processing task 9 requiring operations [1, 8]
22 Worker 4 forwarding task 9
22 Worker 0 processing task 7 requiring operations [8, 4]
22 Worker 0 performing operation 8 on task 7
22 Worker 3 processing task 11 requiring operations [6, 4, 2]
22 Worker 3 forwarding task 11
23 Worker 0 accepting task 9
23 Worker 0 accepting task 7
23 Worker 0 accepting task 11
23 Worker 0 processing task 8 requiring operations [10]
23 Worker 0 performing operation 10 on task 8
23 Worker 3 processing task 10 requiring operations [2, 10, 8]
23 Worker 3 forwarding task 10
24 Generated task 12
24 Worker 3 accepting task 12
24 Task 8 completed!
24 Worker 0 accepting task 10
24 Worker 0 processing task 9 requiring operations [1, 8]
24 Worker 0 performing operation 8 on task 9
24 Worker 3 processing task 12 requiring operations [1, 3, 9]
24 Worker 3 performing operation 3 on task 12
25 Worker 0 accepting task 9
25 Worker 3 accepting task 12
25 Worker 0 processing task 7 requiring operations [4]
25 Worker 0 performing operation 4 on task 7
25 Worker 3 processing task 12 requiring operations [1, 9]
25 Worker 3 performing operation 1 on task 12
26 Generated task 13
26 Worker 4 accepting task 13
26 Task 7 completed!
26 Worker 3 accepting task 12
26 Worker 0 processing task 11 requiring operations [6, 4, 2]
26 Worker 0 performing operation 6 on task 11
26 Worker 3 processing task 12 requiring operations [9]
26 Worker 3 forwarding task 12
26 Worker 4 processing task 13 requiring operations [8, 7, 4]
26 Worker 4 performing operation 7 on task 13
27 Worker 0 accepting task 11
27 Worker 0 accepting task 12
27 Worker 4 accepting task 13
27 Worker 0 processing task 10 requiring operations [2, 10, 8]
27 Worker 0 performing operation 8 on task 10
27 Worker 4 processing task 13 requiring operations [8, 4]
27 Worker 4 forwarding task 13
28 Generated task 14
28 Worker 2 accepting task 14
28 Worker 0 accepting task 10
28 Worker 0 accepting task 13
28 Worker 0 processing task 9 requiring operations [1]
28 Worker 0 forwarding task 9
28 Worker 2 processing task 14 requiring operations [1, 4, 8]
28 Worker 2 performing operation 4 on task 14
29 Worker 4 accepting task 9
29 Worker 2 accepting task 14
29 Worker 0 processing task 11 requiring operations [4, 2]
29 Worker 0 performing operation 4 on task 11
29 Worker 2 processing task 14 requiring operations [1, 8]
29 Worker 2 performing operation 1 on task 14
29 Worker 4 processing task 9 requiring operations [1]
29 Worker 4 forwarding task 9
30 Generated task 15
30 Worker 4 accepting task 15
30 Worker 0 accepting task 11
30 Worker 2 accepting task 14
30 Worker 1 accepting task 9
30 Worker 0 processing task 12 requiring operations [9]
30 Worker 0 forwarding task 12
30 Worker 2 processing task 14 requiring operations [8]
30 Worker 2 forwarding task 14
30 Worker 4 processing task 15 requiring operations [6, 5, 8]
30 Worker 4 performing operation 5 on task 15
30 Worker 1 processing task 9 requiring operations [1]
30 Worker 1 performing operation 1 on task 9
31 Worker 3 accepting task 12
31 Worker 3 accepting task 14
31 Worker 4 accepting task 15
31 Task 9 completed!
31 Worker 0 processing task 10 requiring operations [2, 10]
31 Worker 0 performing operation 10 on task 10
31 Worker 4 processing task 15 requiring operations [6, 8]
31 Worker 4 forwarding task 15
31 Worker 3 processing task 12 requiring operations [9]
31 Worker 3 forwarding task 12
32 Generated task 16
32 Worker 2 accepting task 16
32 Worker 0 accepting task 10
32 Worker 0 accepting task 15
32 Worker 2 accepting task 12
32 Worker 0 processing task 13 requiring operations [8, 4]
32 Worker 0 performing operation 8 on task 13
32 Worker 3 processing task 14 requiring operations [8]
32 Worker 3 forwarding task 14
32 Worker 2 processing task 16 requiring operations [5, 3, 4]
32 Worker 2 performing operation 4 on task 16
33 Worker 0 accepting task 13
33 Worker 2 accepting task 14
33 Worker 2 accepting task 16
33 Worker 0 processing task 11 requiring operations [2]
33 Worker 0 forwarding task 11
33 Worker 2 processing task 12 requiring operations [9]
33 Worker 2 performing operation 9 on task 12
34 Generated task 17
34 Worker 1 accepting task 17
34 Worker 3 accepting task 11
34 Task 12 completed!
34 Worker 0 processing task 10 requiring operations [2]
34 Worker 0 forwarding task 10
34 Worker 2 processing task 14 requiring operations [8]
34 Worker 2 forwarding task 14
34 Worker 1 processing task 17 requiring operations [7, 2, 4]
34 Worker 1 performing operation 2 on task 17
34 Worker 3 processing task 11 requiring operations [2]
34 Worker 3 forwarding task 11
35 Worker 3 accepting task 10
35 Worker 1 accepting task 14
35 Worker 1 accepting task 17
35 Worker 2 accepting task 11
35 Worker 0 processing task 15 requiring operations [6, 8]
35 Worker 0 performing operation 8 on task 15
35 Worker 2 processing task 16 requiring operations [5, 3]
35 Worker 2 performing operation 3 on task 16
35 Worker 1 processing task 14 requiring operations [8]
35 Worker 1 forwarding task 14
35 Worker 3 processing task 10 requiring operations [2]
35 Worker 3 forwarding task 10
36 Generated task 18
36 Worker 1 accepting task 18
36 Worker 0 accepting task 15
36 Worker 2 accepting task 16
36 Worker 2 accepting task 14
36 Worker 0 accepting task 10
36 Worker 0 processing task 13 requiring operations [4]
36 Worker 0 performing operation 4 on task 13
36 Worker 2 processing task 11 requiring operations [2]
36 Worker 2 forwarding task 11
36 Worker 1 processing task 17 requiring operations [7, 4]
36 Worker 1 forwarding task 17
37 Task 13 completed!
37 Worker 1 accepting task 11
37 Worker 2 accepting task 17
37 Worker 0 processing task 15 requiring operations [6]
37 Worker 0 performing operation 6 on task 15
37 Worker 2 processing task 16 requiring operations [5]
37 Worker 2 forwarding task 16
37 Worker 1 processing task 18 requiring operations [10, 7, 8]
37 Worker 1 forwarding task 18
38 Generated task 19
38 Worker 2 accepting task 19
38 Task 15 completed!
38 Worker 1 accepting task 16
38 Worker 4 accepting task 18
38 Worker 0 processing task 10 requiring operations [2]
38 Worker 0 forwarding task 10
38 Worker 2 processing task 14 requiring operations [8]
38 Worker 2 forwarding task 14
38 Worker 1 processing task 11 requiring operations [2]
38 Worker 1 performing operation 2 on task 11
38 Worker 4 processing task 18 requiring operations [10, 7, 8]
38 Worker 4 performing operation 7 on task 18
39 Worker 3 accepting task 10
39 Worker 3 accepting task 14
39 Task 11 completed!
39 Worker 4 accepting task 18
39 Worker 2 processing task 17 requiring operations [7, 4]
39 Worker 2 performing operation 4 on task 17
39 Worker 1 processing task 16 requiring operations [5]
39 Worker 1 forwarding task 16
39 Worker 4 processing task 18 requiring operations [10, 8]
39 Worker 4 forwarding task 18
39 Worker 3 processing task 10 requiring operations [2]
39 Worker 3 forwarding task 10
40 Generated task 20
40 Worker 0 accepting task 20
40 Worker 2 accepting task 17
40 Worker 2 accepting task 16
40 Worker 1 accepting task 18
40 Worker 2 accepting task 10
40 Worker 2 processing task 19 requiring operations [2, 1, 9]
40 Worker 2 performing operation 1 on task 19
40 Worker 3 processing task 14 requiring operations [8]
40 Worker 3 forwarding task 14
40 Worker 0 processing task 20 requiring operations [5, 6, 10]
40 Worker 0 performing operation 10 on task 20
40 Worker 1 processing task 18 requiring operations [10, 8]
40 Worker 1 forwarding task 18
41 Worker 2 accepting task 19
41 Worker 2 accepting task 14
41 Worker 0 accepting task 20
41 Worker 4 accepting task 18
41 Worker 2 processing task 17 requiring operations [7]
41 Worker 2 forwarding task 17
41 Worker 0 processing task 20 requiring operations [5, 6]
41 Worker 0 performing operation 6 on task 20
41 Worker 4 processing task 18 requiring operations [10, 8]
41 Worker 4 forwarding task 18
42 Generated task 21
42 Worker 1 accepting task 21
42 Worker 1 accepting task 17
42 Worker 0 accepting task 20
42 Worker 0 accepting task 18
42 Worker 2 processing task 16 requiring operations [5]
42 Worker 2 forwarding task 16
42 Worker 0 processing task 20 requiring operations [5]
42 Worker 0 forwarding task 20
42 Worker 1 processing task 21 requiring operations [10, 1, 8]
42 Worker 1 performing operation 1 on task 21
43 Worker 1 accepting task 16
43 Worker 3 accepting task 20
43 Worker 1 accepting task 21
43 Worker 2 processing task 10 requiring operations [2]
43 Worker 2 forwarding task 10
43 Worker 0 processing task 18 requiring operations [10, 8]
43 Worker 0 performing operation 8 on task 18
43 Worker 1 processing task 17 requiring operations [7]
43 Worker 1 forwarding task 17
43 Worker 3 processing task 20 requiring operations [5]
43 Worker 3 forwarding task 20
44 Generated task 22
44 Worker 2 accepting task 22
44 Worker 3 accepting task 10
44 Worker 0 accepting task 18
44 Worker 4 accepting task 17
44 Worker 0 accepting task 20
44 Worker 2 processing task 19 requiring operations [2, 9]
44 Worker 2 performing operation 9 on task 19
44 Worker 0 processing task 18 requiring operations [10]
44 Worker 0 performing operation 10 on task 18
44 Worker 1 processing task 16 requiring operations [5]
44 Worker 1 forwarding task 16
44 Worker 3 processing task 10 requiring operations [2]
44 Worker 3 forwarding task 10
44 Worker 4 processing task 17 requiring operations [7]
44 Worker 4 performing operation 7 on task 17
45 Worker 2 accepting task 19
45 Task 18 completed!
45 Worker 4 accepting task 16
45 Worker 2 accepting task 10
45 Task 17 completed!
45 Worker 2 processing task 14 requiring operations [8]
45 Worker 2 forwarding task 14
45 Worker 0 processing task 20 requiring operations [5]
45 Worker 0 forwarding task 20
45 Worker 1 processing task 21 requiring operations [10, 8]
45 Worker 1 forwarding task 21
45 Worker 4 processing task 16 requiring operations [5]
45 Worker 4 performing operation 5 on task 16
46 Generated task 23
46 Worker 0 accepting task 23
46 Worker 1 accepting task 14
46 Worker 4 accepting task 20
46 Worker 2 accepting task 21
46 Task 16 completed!
46 Worker 2 processing task 22 requiring operations [7, 10, 4]
46 Worker 2 performing operation 4 on task 22
46 Worker 0 processing task 23 requiring operations [2, 7, 8]
46 Worker 0 performing operation 8 on task 23
46 Worker 1 processing task 14 requiring operations [8]
46 Worker 1 forwarding task 14
46 Worker 4 processing task 20 requiring operations [5]
46 Worker 4 performing operation 5 on task 20
47 Worker 2 accepting task 22
47 Worker 0 accepting task 23
47 Worker 4 accepting task 14
47 Task 20 completed!
47 Worker 2 processing task 19 requiring operations [2]
47 Worker 2 forwarding task 19
47 Worker 0 processing task 23 requiring operations [2, 7]
47 Worker 0 forwarding task 23
47 Worker 4 processing task 14 requiring operations [8]
47 Worker 4 forwarding task 14
48 Generated task 24
48 Worker 1 accepting task 24
48 Worker 3 accepting task 19
48 Worker 4 accepting task 23
48 Worker 1 accepting task 14
48 Worker 2 processing task 10 requiring operations [2]
48 Worker 2 forwarding task 10
48 Worker 4 processing task 23 requiring operations [2, 7]
48 Worker 4 performing operation 7 on task 23
48 Worker 1 processing task 24 requiring operations [9, 3, 5]
48 Worker 1 forwarding task 24
48 Worker 3 processing task 19 requiring operations [2]
48 Worker 3 forwarding task 19
49 Worker 1 accepting task 10
49 Worker 4 accepting task 23
49 Worker 2 accepting task 24
49 Worker 2 accepting task 19
49 Worker 2 processing task 21 requiring operations [10, 8]
49 Worker 2 forwarding task 21
49 Worker 4 processing task 23 requiring operations [2]
49 Worker 4 forwarding task 23
49 Worker 1 processing task 14 requiring operations [8]
49 Worker 1 forwarding task 14
50 Generated task 25
50 Worker 1 accepting task 25
50 Worker 1 accepting task 21
50 Worker 1 accepting task 23
50 Worker 2 accepting task 14
50 Worker 2 processing task 22 requiring operations [7, 10]
50 Worker 2 forwarding task 22
50 Worker 1 processing task 10 requiring operations [2]
50 Worker 1 performing operation 2 on task 10
51 Worker 1 accepting task 22
51 Task 10 completed!
51 Worker 2 processing task 24 requiring operations [9, 3, 5]
51 Worker 2 performing operation 9 on task 24
51 Worker 1 processing task 25 requiring operations [10, 8, 3]
51 Worker 1 forwarding task 25
52 Generated task 26
52 Worker 2 accepting task 26
52 Worker 2 accepting task 24
52 Worker 2 accepting task 25
52 Worker 2 processing task 19 requiring operations [2]
52 Worker 2 forwarding task 19
52 Worker 1 processing task 21 requiring operations [10, 8]
52 Worker 1 forwarding task 21
53 Worker 3 accepting task 19
53 Worker 2 accepting task 21
53 Worker 2 processing task 14 requiring operations [8]
53 Worker 2 forwarding task 14
53 Worker 1 processing task 23 requiring operations [2]
53 Worker 1 performing operation 2 on task 23
53 Worker 3 processing task 19 requiring operations [2]
53 Worker 3 forwarding task 19
54 Generated task 27
54 Worker 0 accepting task 27
54 Worker 1 accepting task 14
54 Task 23 completed!
54 Worker 0 accepting task 19
54 Worker 2 processing task 26 requiring operations [8, 4, 7]
54 Worker 2 performing operation 4 on task 26
54 Worker 1 processing task 22 requiring operations [7, 10]
54 Worker 1 forwarding task 22
54 Worker 0 processing task 27 requiring operations [6, 8, 9]
54 Worker 0 performing operation 6 on task 27
55 Worker 2 accepting task 26
55 Worker 2 accepting task 22
55 Worker 0 accepting task 27
55 Worker 2 processing task 24 requiring operations [3, 5]
55 Worker 2 performing operation 3 on task 24
55 Worker 1 processing task 14 requiring operations [8]
55 Worker 1 forwarding task 14
55 Worker 0 processing task 19 requiring operations [2]
55 Worker 0 forwarding task 19
56 Generated task 28
56 Worker 1 accepting task 28
56 Worker 2 accepting task 24
56 Worker 4 accepting task 14
56 Worker 4 accepting task 19
56 Worker 2 processing task 25 requiring operations [10, 8, 3]
56 Worker 2 performing operation 3 on task 25
56 Worker 1 processing task 28 requiring operations [3, 6, 1]
56 Worker 1 performing operation 1 on task 28
56 Worker 0 processing task 27 requiring operations [8, 9]
56 Worker 0 performing operation 8 on task 27
56 Worker 4 processing task 14 requiring operations [8]
56 Worker 4 forwarding task 14
57 Worker 2 accepting task 25
57 Worker 1 accepting task 28
57 Worker 0 accepting task 27
57 Worker 0 accepting task 14
57 Worker 2 processing task 21 requiring operations [10, 8]
57 Worker 2 forwarding task 21
57 Worker 1 processing task 28 requiring operations [3, 6]
57 Worker 1 forwarding task 28
57 Worker 0 processing task 27 requiring operations [9]
57 Worker 0 forwarding task 27
57 Worker 4 processing task 19 requiring operations [2]
57 Worker 4 forwarding task 19
58 Generated task 29
58 Worker 2 accepting task 29
58 Worker 1 accepting task 21
58 Worker 2 accepting task 28
58 Worker 4 accepting task 27
58 Worker 0 accepting task 19
58 Worker 2 processing task 26 requiring operations [8, 7]
58 Worker 2 forwarding task 26
58 Worker 1 processing task 21 requiring operations [10, 8]
58 Worker 1 forwarding task 21
58 Worker 0 processing task 14 requiring operations [8]
58 Worker 0 performing operation 8 on task 14
58 Worker 4 processing task 27 requiring operations [9]
58 Worker 4 forwarding task 27
59 Worker 3 accepting task 26
59 Worker 4 accepting task 21
59 Task 14 completed!
59 Worker 0 accepting task 27
59 Worker 2 processing task 22 requiring operations [7, 10]
59 Worker 2 forwarding task 22
59 Worker 0 processing task 19 requiring operations [2]
59 Worker 0 forwarding task 19
59 Worker 4 processing task 21 requiring operations [10, 8]
59 Worker 4 forwarding task 21
59 Worker 3 processing task 26 requiring operations [8, 7]
59 Worker 3 forwarding task 26
60 Generated task 30
60 Worker 3 accepting task 30
60 Worker 1 accepting task 22
60 Worker 4 accepting task 19
60 Worker 0 accepting task 21
60 Worker 2 accepting task 26
60 Worker 2 processing task 24 requiring operations [5]
60 Worker 2 forwarding task 24
60 Worker 0 processing task 27 requiring operations [9]
60 Worker 0 forwarding task 27
60 Worker 4 processing task 19 requiring operations [2]
60 Worker 4 forwarding task 19
60 Worker 3 processing task 30 requiring operations [10, 6, 2]
60 Worker 3 forwarding task 30
60 Worker 1 processing task 22 requiring operations [7, 10]
60 Worker 1 forwarding task 22
61 Worker 1 accepting task 24
61 Worker 4 accepting task 27
61 Worker 1 accepting task 19
61 Worker 2 accepting task 30
61 Worker 4 accepting task 22
61 Worker 2 processing task 25 requiring operations [10, 8]
61 Worker 2 forwarding task 25
61 Worker 0 processing task 21 requiring operations [10, 8]
61 Worker 0 performing operation 10 on task 21
61 Worker 4 processing task 27 requiring operations [9]
61 Worker 4 forwarding task 27
61 Worker 1 processing task 24 requiring operations [5]
61 Worker 1 forwarding task 24
62 Generated task 31
62 Worker 4 accepting task 31
62 Worker 3 accepting task 25
62 Worker 0 accepting task 21
62 Worker 1 accepting task 27
62 Worker 4 accepting task 24
62 Worker 2 processing task 29 requiring operations [8, 5, 4]
62 Worker 2 performing operation 4 on task 29
62 Worker 0 processing task 21 requiring operations [8]
62 Worker 0 performing operation 8 on task 21
62 Worker 4 processing task 22 requiring operations [7, 10]
62 Worker 4 performing operation 7 on task 22
62 Worker 1 processing task 19 requiring operations [2]
62 Worker 1 performing operation 2 on task 19
62 Worker 3 processing task 25 requiring operations [10, 8]
62 Worker 3 forwarding task 25
63 Worker 2 accepting task 29
63 Task 21 completed!
63 Worker 4 accepting task 22
63 Task 19 completed!
63 Worker 2 accepting task 25
63 Worker 2 processing task 28 requiring operations [3, 6]
63 Worker 2 performing operation 3 on task 28
63 Worker 4 processing task 31 requiring operations [3, 6, 8]
63 Worker 4 forwarding task 31
63 Worker 1 processing task 27 requiring operations [9]
63 Worker 1 forwarding task 27
64 Generated task 32
64 Worker 0 accepting task 32
64 Worker 2 accepting task 28
64 Worker 1 accepting task 31
64 Worker 2 accepting task 27
64 Worker 2 processing task 26 requiring operations [8, 7]
64 Worker 2 forwarding task 26
64 Worker 4 processing task 24 requiring operations [5]
64 Worker 4 performing operation 5 on task 24
64 Worker 1 processing task 31 requiring operations [3, 6, 8]
64 Worker 1 forwarding task 31
64 Worker 0 processing task 32 requiring operations [6, 10, 9]
64 Worker 0 performing operation 10 on task 32
65 Worker 3 accepting task 26
65 Task 24 completed!
65 Worker 4 accepting task 31
65 Worker 0 accepting task 32
65 Worker 2 processing task 30 requiring operations [10, 6, 2]
65 Worker 2 forwarding task 30
65 Worker 4 processing task 22 requiring operations [10]
65 Worker 4 forwarding task 22
65 Worker 0 processing task 32 requiring operations [6, 9]
65 Worker 0 performing operation 6 on task 32
65 Worker 3 processing task 26 requiring operations [8, 7]
65 Worker 3 forwarding task 26
66 Generated task 33
66 Worker 4 accepting task 33
66 Worker 1 accepting task 30
66 Worker 0 accepting task 22
66 Worker 0 accepting task 32
66 Worker 0 accepting task 26
66 Worker 2 processing task 29 requiring operations [8, 5]
66 Worker 2 forwarding task 29
66 Worker 4 processing task 31 requiring operations [3, 6, 8]
66 Worker 4 forwarding task 31
66 Worker 0 processing task 22 requiring operations [10]
66 Worker 0 performing operation 10 on task 22
66 Worker 1 processing task 30 requiring operations [10, 6, 2]
66 Worker 1 performing operation 2 on task 30
67 Worker 3 accepting task 29
67 Worker 1 accepting task 31
67 Task 22 completed!
67 Worker 1 accepting task 30
67 Worker 2 processing task 25 requiring operations [10, 8]
67 Worker 2 forwarding task 25
67 Worker 4 processing task 33 requiring operations [3, 6, 4]
67 Worker 4 forwarding task 33
67 Worker 0 processing task 32 requiring operations [9]
67 Worker 0 forwarding task 32
67 Worker 1 processing task 31 requiring operations [3, 6, 8]
67 Worker 1 forwarding task 31
67 Worker 3 processing task 29 requiring operations [8, 5]
67 Worker 3 forwarding task 29
68 Generated task 34
68 Worker 3 accepting task 34
68 Worker 1 accepting task 25
68 Worker 1 accepting task 33
68 Worker 3 accepting task 32
68 Worker 4 accepting task 31
68 Worker 0 accepting task 29
68 Worker 2 processing task 28 requiring operations [6]
68 Worker 2 forwarding task 28
68 Worker 0 processing task 26 requiring operations [8, 7]
68 Worker 0 performing operation 8 on task 26
68 Worker 1 processing task 30 requiring operations [10, 6]
68 Worker 1 forwarding task 30
68 Worker 3 processing task 34 requiring operations [8, 1, 4]
68 Worker 3 performing operation 1 on task 34
68 Worker 4 processing task 31 requiring operations [3, 6, 8]
68 Worker 4 forwarding task 31
69 Worker 1 accepting task 28
69 Worker 0 accepting task 26
69 Worker 4 accepting task 30
69 Worker 3 accepting task 34
69 Worker 0 accepting task 31
69 Worker 2 processing task 27 requiring operations [9]
69 Worker 2 performing operation 9 on task 27
69 Worker 0 processing task 29 requiring operations [8, 5]
69 Worker 0 performing operation 8 on task 29
69 Worker 1 processing task 25 requiring operations [10, 8]
69 Worker 1 forwarding task 25
69 Worker 3 processing task 32 requiring operations [9]
69 Worker 3 forwarding task 32
69 Worker 4 processing task 30 requiring operations [10, 6]
69 Worker 4 forwarding task 30
70 Generated task 35
70 Worker 1 accepting task 35
70 Task 27 completed!
70 Worker 0 accepting task 29
70 Worker 2 accepting task 25
70 Worker 2 accepting task 32
70 Worker 1 accepting task 30
70 Worker 0 processing task 26 requiring operations [7]
70 Worker 0 forwarding task 26
70 Worker 1 processing task 33 requiring operations [3, 6, 4]
70 Worker 1 forwarding task 33
70 Worker 3 processing task 34 requiring operations [8, 4]
70 Worker 3 forwarding task 34
70 Worker 2 processing task 25 requiring operations [10, 8]
70 Worker 2 forwarding task 25
71 Worker 3 accepting task 26
71 Worker 2 accepting task 33
71 Worker 2 accepting task 34
71 Worker 1 accepting task 25
71 Worker 0 processing task 31 requiring operations [3, 6, 8]
71 Worker 0 performing operation 8 on task 31
71 Worker 1 processing task 28 requiring operations [6]
71 Worker 1 forwarding task 28
71 Worker 3 processing task 26 requiring operations [7]
71 Worker 3 forwarding task 26
71 Worker 2 processing task 32 requiring operations [9]
71 Worker 2 performing operation 9 on task 32
72 Generated task 36
72 Worker 3 accepting task 36
72 Worker 0 accepting task 31
72 Worker 4 accepting task 28
72 Worker 0 accepting task 26
72 Task 32 completed!
72 Worker 0 processing task 29 requiring operations [5]
72 Worker 0 forwarding task 29
72 Worker 1 processing task 35 requiring operations [7, 8, 10]
72 Worker 1 forwarding task 35
72 Worker 3 processing task 36 requiring operations [3, 6, 10]
72 Worker 3 performing operation 3 on task 36
72 Worker 2 processing task 33 requiring operations [3, 6, 4]
72 Worker 2 performing operation 3 on task 33
72 Worker 4 processing task 28 requiring operations [6]
72 Worker 4 forwarding task 28
73 Worker 3 accepting task 29
73 Worker 4 accepting task 35
73 Worker 3 accepting task 36
73 Worker 2 accepting task 33
73 Worker 1 accepting task 28
73 Worker 0 processing task 31 requiring operations [3, 6]
73 Worker 0 performing operation 6 on task 31
73 Worker 1 processing task 30 requiring operations [10, 6]
73 Worker 1 forwarding task 30
73 Worker 3 processing task 29 requiring operations [5]
73 Worker 3 forwarding task 29
73 Worker 2 processing task 34 requiring operations [8, 4]
73 Worker 2 performing operation 4 on task 34
73 Worker 4 processing task 35 requiring operations [7, 8, 10]
73 Worker 4 performing operation 7 on task 35
74 Generated task 37
74 Worker 4 accepting task 37
74 Worker 0 accepting task 31
74 Worker 2 accepting task 30
74 Worker 0 accepting task 29
74 Worker 2 accepting task 34
74 Worker 4 accepting task 35
74 Worker 0 processing task 26 requiring operations [7]
74 Worker 0 forwarding task 26
74 Worker 1 processing task 25 requiring operations [10, 8]
74 Worker 1 forwarding task 25
74 Worker 3 processing task 36 requiring operations [6, 10]
74 Worker 3 forwarding task 36
74 Worker 2 processing task 33 requiring operations [6, 4]
74 Worker 2 performing operation 4 on task 33
74 Worker 4 processing task 37 requiring operations [6, 4, 7]
74 Worker 4 performing operation 7 on task 37
75 Worker 3 accepting task 26
75 Worker 4 accepting task 25
75 Worker 2 accepting task 36
75 Worker 2 accepting task 33
75 Worker 4 accepting task 37
75 Worker 0 processing task 31 requiring operations [3]
75 Worker 0 forwarding task 31
75 Worker 1 processing task 28 requiring operations [6]
75 Worker 1 forwarding task 28
75 Worker 3 processing task 26 requiring operations [7]
75 Worker 3 forwarding task 26
75 Worker 2 processing task 30 requiring operations [10, 6]
75 Worker 2 forwarding task 30
75 Worker 4 processing task 35 requiring operations [8, 10]
75 Worker 4 forwarding task 35
76 Generated task 38
76 Worker 4 accepting task 38
76 Worker 4 accepting task 31
76 Worker 2 accepting task 28
76 Worker 0 accepting task 26
76 Worker 3 accepting task 30
76 Worker 0 accepting task 35
76 Worker 0 processing task 29 requiring operations [5]
76 Worker 0 forwarding task 29
76 Worker 2 processing task 34 requiring operations [8]
76 Worker 2 forwarding task 34
76 Worker 4 processing task 25 requiring operations [10, 8]
76 Worker 4 forwarding task 25
76 Worker 3 processing task 30 requiring operations [10, 6]
76 Worker 3 forwarding task 30
77 Worker 3 accepting task 29
77 Worker 1 accepting task 34
77 Worker 0 accepting task 25
77 Worker 2 accepting task 30
77 Worker 0 processing task 26 requiring operations [7]
77 Worker 0 forwarding task 26
77 Worker 2 processing task 36 requiring operations [6, 10]
77 Worker 2 forwarding task 36
77 Worker 4 processing task 37 requiring operations [6, 4]
77 Worker 4 forwarding task 37
77 Worker 3 processing task 29 requiring operations [5]
77 Worker 3 forwarding task 29
77 Worker 1 processing task 34 requiring operations [8]
77 Worker 1 forwarding task 34
78 Generated task 39
78 Worker 1 accepting task 39
78 Worker 4 accepting task 26
78 Worker 3 accepting task 36
78 Worker 1 accepting task 37
78 Worker 0 accepting task 29
78 Worker 2 accepting task 34
78 Worker 0 processing task 35 requiring operations [8, 10]
78 Worker 0 performing operation 8 on task 35
78 Worker 2 processing task 33 requiring operations [6]
78 Worker 2 forwarding task 33
78 Worker 4 processing task 38 requiring operations [1, 8, 5]
78 Worker 4 performing operation 5 on task 38
78 Worker 3 processing task 36 requiring operations [6, 10]
78 Worker 3 forwarding task 36
78 Worker 1 processing task 39 requiring operations [9, 8, 5]
78 Worker 1 forwarding task 39
79 Worker 0 accepting task 35
79 Worker 3 accepting task 33
79 Worker 4 accepting task 38
79 Worker 0 accepting task 36
79 Worker 2 accepting task 39
79 Worker 0 processing task 25 requiring operations [10, 8]
79 Worker 0 performing operation 8 on task 25
79 Worker 2 processing task 28 requiring operations [6]
79 Worker 2 forwarding task 28
79 Worker 4 processing task 31 requiring operations [3]
79 Worker 4 forwarding task 31
79 Worker 3 processing task 33 requiring operations [6]
79 Worker 3 forwarding task 33
79 Worker 1 processing task 37 requiring operations [6, 4]
79 Worker 1 forwarding task 37
80 Generated task 40
80 Worker 3 accepting task 40
80 Worker 0 accepting task 25
80 Worker 3 accepting task 28
80 Worker 1 accepting task 31
80 Worker 2 accepting task 33
80 Worker 2 accepting task 37
80 Worker 0 processing task 29 requiring operations [5]
80 Worker 0 forwarding task 29
80 Worker 2 processing task 30 requiring operations [10, 6]
80 Worker 2 forwarding task 30
80 Worker 4 processing task 26 requiring operations [7]
80 Worker 4 performing operation 7 on task 26
80 Worker 3 processing task 40 requiring operations [6, 10, 8]
80 Worker 3 forwarding task 40
80 Worker 1 processing task 31 requiring operations [3]
80 Worker 1 forwarding task 31
81 Worker 4 accepting task 29
81 Worker 3 accepting task 30
81 Task 26 completed!
81 Worker 2 accepting task 40
81 Worker 2 accepting task 31
81 Worker 0 processing task 35 requiring operations [10]
81 Worker 0 performing operation 10 on task 35
81 Worker 2 processing task 34 requiring operations [8]
81 Worker 2 forwarding task 34
81 Worker 4 processing task 38 requiring operations [1, 8]
81 Worker 4 forwarding task 38
81 Worker 3 processing task 28 requiring operations [6]
81 Worker 3 forwarding task 28
82 Generated task 41
82 Worker 2 accepting task 41
82 Task 35 completed!
82 Worker 3 accepting task 34
82 Worker 0 accepting task 38
82 Worker 0 accepting task 28
82 Worker 0 processing task 36 requiring operations [6, 10]
82 Worker 0 performing operation 10 on task 36
82 Worker 2 processing task 39 requiring operations [9, 8, 5]
82 Worker 2 performing operation 9 on task 39
82 Worker 4 processing task 29 requiring operations [5]
82 Worker 4 performing operation 5 on task 29
82 Worker 3 processing task 30 requiring operations [10, 6]
82 Worker 3 forwarding task 30
83 Worker 0 accepting task 36
83 Worker 2 accepting task 39
83 Task 29 completed!
83 Worker 0 accepting task 30
83 Worker 0 processing task 25 requiring operations [10]
83 Worker 0 performing operation 10 on task 25
83 Worker 2 processing task 33 requiring operations [6]
83 Worker 2 forwarding task 33
83 Worker 3 processing task 34 requiring operations [8]
83 Worker 3 forwarding task 34
84 Generated task 42
84 Worker 0 accepting task 42
84 Task 25 completed!
84 Worker 3 accepting task 33
84 Worker 2 accepting task 34
84 Worker 0 processing task 38 requiring operations [1, 8]
84 Worker 0 performing operation 8 on task 38
84 Worker 2 processing task 37 requiring operations [6, 4]
84 Worker 2 performing operation 4 on task 37
84 Worker 3 processing task 33 requiring operations [6]
84 Worker 3 forwarding task 33
85 Worker 0 accepting task 38
85 Worker 2 accepting task 37
85 Worker 0 accepting task 33
85 Worker 0 processing task 28 requiring operations [6]
85 Worker 0 performing operation 6 on task 28
85 Worker 2 processing task 40 requiring operations [6, 10, 8]
85 Worker 2 forwarding task 40
86 Generated task 43
86 Worker 3 accepting task 43
86 Task 28 completed!
86 Worker 3 accepting task 40
86 Worker 0 processing task 36 requiring operations [6]
86 Worker 0 performing operation 6 on task 36
86 Worker 2 processing task 31 requiring operations [3]
86 Worker 2 performing operation 3 on task 31
86 Worker 3 processing task 43 requiring operations [9, 8, 10]
86 Worker 3 forwarding task 43
87 Task 36 completed!
87 Task 31 completed!
87 Worker 0 accepting task 43
87 Worker 0 processing task 30 requiring operations [10, 6]
87 Worker 0 performing operation 6 on task 30
87 Worker 2 processing task 41 requiring operations [5, 7, 4]
87 Worker 2 performing operation 4 on task 41
87 Worker 3 processing task 40 requiring operations [6, 10, 8]
87 Worker 3 forwarding task 40
88 Generated task 44
88 Worker 1 accepting task 44
88 Worker 0 accepting task 30
88 Worker 2 accepting task 41
88 Worker 0 accepting task 40
88 Worker 0 processing task 42 requiring operations [6, 8, 9]
88 Worker 0 performing operation 6 on task 42
88 Worker 2 processing task 39 requiring operations [8, 5]
88 Worker 2 forwarding task 39
88 Worker 1 processing task 44 requiring operations [10, 1, 2]
88 Worker 1 performing operation 2 on task 44
89 Worker 0 accepting task 42
89 Worker 1 accepting task 39
89 Worker 1 accepting task 44
89 Worker 0 processing task 38 requiring operations [1]
89 Worker 0 forwarding task 38
89 Worker 2 processing task 34 requiring operations [8]
89 Worker 2 forwarding task 34
89 Worker 1 processing task 39 requiring operations [8, 5]
89 Worker 1 forwarding task 39
90 Generated task 45
90 Worker 4 accepting task 45
90 Worker 3 accepting task 38
90 Worker 1 accepting task 34
90 Worker 2 accepting task 39
90 Worker 0 processing task 33 requiring operations [6]
90 Worker 0 performing operation 6 on task 33
90 Worker 2 processing task 37 requiring operations [6]
90 Worker 2 forwarding task 37
90 Worker 1 processing task 44 requiring operations [10, 1]
90 Worker 1 performing operation 1 on task 44
90 Worker 4 processing task 45 requiring operations [7, 4, 2]
90 Worker 4 performing operation 7 on task 45
90 Worker 3 processing task 38 requiring operations [1]
90 Worker 3 performing operation 1 on task 38
91 Task 33 completed!
91 Worker 3 accepting task 37
91 Worker 1 accepting task 44
91 Worker 4 accepting task 45
91 Task 38 completed!
91 Worker 0 processing task 43 requiring operations [9, 8, 10]
91 Worker 0 performing operation 10 on task 43
91 Worker 2 processing task 41 requiring operations [5, 7]
91 Worker 2 forwarding task 41
91 Worker 1 processing task 34 requiring operations [8]
91 Worker 1 forwarding task 34
91 Worker 4 processing task 45 requiring operations [4, 2]
91 Worker 4 forwarding task 45
91 Worker 3 processing task 37 requiring operations [6]
91 Worker 3 forwarding task 37
92 Generated task 46
92 Worker 2 accepting task 46
92 Worker 0 accepting task 43
92 Worker 1 accepting task 41
92 Worker 4 accepting task 34
92 Worker 1 accepting task 45
92 Worker 2 accepting task 37
92 Worker 0 processing task 30 requiring operations [10]
92 Worker 0 performing operation 10 on task 30
92 Worker 2 processing task 39 requiring operations [8, 5]
92 Worker 2 forwarding task 39
92 Worker 1 processing task 44 requiring operations [10]
92 Worker 1 forwarding task 44
92 Worker 4 processing task 34 requiring operations [8]
92 Worker 4 forwarding task 34
93 Task 30 completed!
93 Worker 1 accepting task 39
93 Worker 2 accepting task 44
93 Worker 1 accepting task 34
93 Worker 0 processing task 40 requiring operations [6, 10, 8]
93 Worker 0 performing operation 10 on task 40
93 Worker 2 processing task 46 requiring operations [1, 9, 7]
93 Worker 2 performing operation 9 on task 46
93 Worker 1 processing task 41 requiring operations [5, 7]
93 Worker 1 forwarding task 41
94 Generated task 47
94 Worker 2 accepting task 47
94 Worker 0 accepting task 40
94 Worker 2 accepting task 46
94 Worker 4 accepting task 41
94 Worker 0 processing task 42 requiring operations [8, 9]
94 Worker 0 performing operation 8 on task 42
94 Worker 2 processing task 37 requiring operations [6]
94 Worker 2 forwarding task 37
94 Worker 1 processing task 45 requiring operations [4, 2]
94 Worker 1 performing operation 2 on task 45
94 Worker 4 processing task 41 requiring operations [5, 7]
94 Worker 4 performing operation 5 on task 41
95 Worker 0 accepting task 42
95 Worker 3 accepting task 37
95 Worker 1 accepting task 45
95 Worker 4 accepting task 41
95 Worker 0 processing task 43 requiring operations [9, 8]
95 Worker 0 performing operation 8 on task 43
95 Worker 2 processing task 44 requiring operations [10]
95 Worker 2 forwarding task 44
95 Worker 1 processing task 39 requiring operations [8, 5]
95 Worker 1 forwarding task 39
95 Worker 4 processing task 41 requiring operations [7]
95 Worker 4 performing operation 7 on task 41
95 Worker 3 processing task 37 requiring operations [6]
95 Worker 3 forwarding task 37
96 Generated task 48
96 Worker 3 accepting task 48
96 Worker 0 accepting task 43
96 Worker 1 accepting task 44
96 Worker 4 accepting task 39
96 Task 41 completed!
96 Worker 0 accepting task 37
96 Worker 0 processing task 40 requiring operations [6, 8]
96 Worker 0 performing operation 8 on task 40
96 Worker 2 processing task 47 requiring operations [9, 5, 8]
96 Worker 2 performing operation 9 on task 47
96 Worker 1 processing task 34 requiring operations [8]
96 Worker 1 forwarding task 34
96 Worker 4 processing task 39 requiring operations [8, 5]
96 Worker 4 performing operation 5 on task 39
96 Worker 3 processing task 48 requiring operations [9, 2, 3]
96 Worker 3 performing operation 3 on task 48
97 Worker 0 accepting task 40
97 Worker 2 accepting task 47
97 Worker 2 accepting task 34
97 Worker 4 accepting task 39
97 Worker 3 accepting task 48
97 Worker 0 processing task 42 requiring operations [9]
97 Worker 0 forwarding task 42
97 Worker 2 processing task 46 requiring operations [1, 7]
97 Worker 2 performing operation 1 on task 46
97 Worker 1 processing task 45 requiring operations [4]
97 Worker 1 forwarding task 45
97 Worker 4 processing task 39 requiring operations [8]
97 Worker 4 forwarding task 39
97 Worker 3 processing task 48 requiring operations [9, 2]
97 Worker 3 forwarding task 48
98 Generated task 49
98 Worker 1 accepting task 49
98 Worker 3 accepting task 42
98 Worker 2 accepting task 46
98 Worker 4 accepting task 45
98 Worker 0 accepting task 39
98 Worker 0 accepting task 48
98 Worker 0 processing task 43 requiring operations [9]
98 Worker 0 forwarding task 43
98 Worker 2 processing task 47 requiring operations [5, 8]
98 Worker 2 forwarding task 47
98 Worker 1 processing task 44 requiring operations [10]
98 Worker 1 forwarding task 44
98 Worker 4 processing task 45 requiring operations [4]
98 Worker 4 forwarding task 45
98 Worker 3 processing task 42 requiring operations [9]
98 Worker 3 forwarding task 42
99 Worker 4 accepting task 43
99 Worker 1 accepting task 47
99 Worker 4 accepting task 44
99 Worker 0 accepting task 45
99 Worker 2 accepting task 42
99 Worker 0 processing task 37 requiring operations [6]
99 Worker 0 performing operation 6 on task 37
99 Worker 2 processing task 34 requiring operations [8]
99 Worker 2 forwarding task 34
99 Worker 1 processing task 49 requiring operations [3, 5, 4]
99 Worker 1 forwarding task 49
99 Worker 4 processing task 43 requiring operations [9]
99 Worker 4 forwarding task 43
100 Generated task 50
100 Worker 1 accepting task 50
100 Task 37 completed!
100 Worker 3 accepting task 34
100 Worker 4 accepting task 49
100 Worker 0 accepting task 43
100 Worker 0 processing task 40 requiring operations [6]
100 Worker 0 performing operation 6 on task 40
100 Worker 2 processing task 46 requiring operations [7]
100 Worker 2 forwarding task 46
100 Worker 1 processing task 47 requiring operations [5, 8]
100 Worker 1 forwarding task 47
100 Worker 4 processing task 44 requiring operations [10]
100 Worker 4 forwarding task 44
100 Worker 3 processing task 34 requiring operations [8]
100 Worker 3 forwarding task 34
101 Task 40 completed!
101 Worker 3 accepting task 46
101 Worker 4 accepting task 47
101 Worker 1 accepting task 44
101 Worker 2 accepting task 34
101 Worker 0 processing task 39 requiring operations [8]
101 Worker 0 performing operation 8 on task 39
101 Worker 2 processing task 42 requiring operations [9]
101 Worker 2 performing operation 9 on task 42
101 Worker 1 processing task 50 requiring operations [2, 1, 6]
101 Worker 1 performing operation 1 on task 50
101 Worker 4 processing task 49 requiring operations [3, 5, 4]
101 Worker 4 performing operation 5 on task 49
101 Worker 3 processing task 46 requiring operations [7]
101 Worker 3 forwarding task 46
102 Generated task 51
102 Worker 1 accepting task 51
102 Task 39 completed!
102 Task 42 completed!
102 Worker 1 accepting task 50
102 Worker 4 accepting task 49
102 Worker 2 accepting task 46
102 Worker 0 processing task 48 requiring operations [9, 2]
102 Worker 0 forwarding task 48
102 Worker 2 processing task 34 requiring operations [8]
102 Worker 2 forwarding task 34
102 Worker 1 processing task 44 requiring operations [10]
102 Worker 1 forwarding task 44
102 Worker 4 processing task 47 requiring operations [5, 8]
102 Worker 4 performing operation 5 on task 47
103 Worker 4 accepting task 48
103 Worker 3 accepting task 34
103 Worker 4 accepting task 44
103 Worker 4 accepting task 47
103 Worker 0 processing task 45 requiring operations [4]
103 Worker 0 performing operation 4 on task 45
103 Worker 2 processing task 46 requiring operations [7]
103 Worker 2 forwarding task 46
103 Worker 1 processing task 51 requiring operations [9, 1, 6]
103 Worker 1 performing operation 1 on task 51
103 Worker 4 processing task 49 requiring operations [3, 4]
103 Worker 4 forwarding task 49
103 Worker 3 processing task 34 requiring operations [8]
103 Worker 3 forwarding task 34
104 Generated task 52
104 Worker 3 accepting task 52
104 Task 45 completed!
104 Worker 1 accepting task 46
104 Worker 1 accepting task 51
104 Worker 0 accepting task 49
104 Worker 0 accepting task 34
104 Worker 0 processing task 43 requiring operations [9]
104 Worker 0 forwarding task 43
104 Worker 1 processing task 50 requiring operations [2, 6]
104 Worker 1 performing operation 2 on task 50
104 Worker 4 processing task 48 requiring operations [9, 2]
104 Worker 4 forwarding task 48
104 Worker 3 processing task 52 requiring operations [9, 6, 4]
104 Worker 3 forwarding task 52
105 Worker 4 accepting task 43
105 Worker 1 accepting task 50
105 Worker 1 accepting task 48
105 Worker 0 accepting task 52
105 Worker 0 processing task 49 requiring operations [3, 4]
105 Worker 0 performing operation 4 on task 49
105 Worker 1 processing task 46 requiring operations [7]
105 Worker 1 forwarding task 46
105 Worker 4 processing task 44 requiring operations [10]
105 Worker 4 forwarding task 44
106 Generated task 53
106 Worker 0 accepting task 53
106 Worker 0 accepting task 49
106 Worker 4 accepting task 46
106 Worker 1 accepting task 44
106 Worker 0 processing task 34 requiring operations [8]
106 Worker 0 performing operation 8 on task 34
106 Worker 1 processing task 51 requiring operations [9, 6]
106 Worker 1 forwarding task 51
106 Worker 4 processing task 47 requiring operations [8]
106 Worker 4 forwarding task 47
107 Task 34 completed!
107 Worker 4 accepting task 51
107 Worker 1 accepting task 47
107 Worker 0 processing task 52 requiring operations [9, 6, 4]
107 Worker 0 performing operation 6 on task 52
107 Worker 1 processing task 50 requiring operations [6]
107 Worker 1 forwarding task 50
107 Worker 4 processing task 43 requiring operations [9]
107 Worker 4 forwarding task 43
108 Generated task 54
108 Worker 0 accepting task 54
108 Worker 0 accepting task 52
108 Worker 4 accepting task 50
108 Worker 0 accepting task 43
108 Worker 0 processing task 53 requiring operations [10, 2, 1]
108 Worker 0 performing operation 10 on task 53
108 Worker 1 processing task 48 requiring operations [9, 2]
108 Worker 1 performing operation 2 on task 48
108 Worker 4 processing task 46 requiring operations [7]
108 Worker 4 performing operation 7 on task 46
109 Worker 0 accepting task 53
109 Worker 1 accepting task 48
109 Task 46 completed!
109 Worker 0 processing task 49 requiring operations [3]
109 Worker 0 forwarding task 49
109 Worker 1 processing task 44 requiring operations [10]
109 Worker 1 forwarding task 44
109 Worker 4 processing task 51 requiring operations [9, 6]
109 Worker 4 forwarding task 51
110 Generated task 55
110 Worker 3 accepting task 55
110 Worker 4 accepting task 49
110 Worker 4 accepting task 44
110 Worker 0 accepting task 51
110 Worker 0 processing task 54 requiring operations [4, 8, 3]
110 Worker 0 performing operation 4 on task 54
110 Worker 1 processing task 47 requiring operations [8]
110 Worker 1 forwarding task 47
110 Worker 4 processing task 50 requiring operations [6]
110 Worker 4 forwarding task 50
110 Worker 3 processing task 55 requiring operations [4, 8, 3]
110 Worker 3 performing operation 3 on task 55
111 Worker 0 accepting task 54
111 Worker 4 accepting task 47
111 Worker 1 accepting task 50
111 Worker 3 accepting task 55
111 Worker 0 processing task 52 requiring operations [9, 4]
111 Worker 0 performing operation 4 on task 52
111 Worker 1 processing task 48 requiring operations [9]
111 Worker 1 forwarding task 48
111 Worker 4 processing task 49 requiring operations [3]
111 Worker 4 forwarding task 49
111 Worker 3 processing task 55 requiring operations [4, 8]
111 Worker 3 forwarding task 55
112 Generated task 56
112 Worker 4 accepting task 56
112 Worker 0 accepting task 52
112 Worker 4 accepting task 48
112 Worker 0 accepting task 49
112 Worker 0 accepting task 55
112 Worker 0 processing task 43 requiring operations [9]
112 Worker 0 forwarding task 43
112 Worker 1 processing task 50 requiring operations [6]
112 Worker 1 forwarding task 50
112 Worker 4 processing task 44 requiring operations [10]
112 Worker 4 forwarding task 44
113 Worker 3 accepting task 43
113 Worker 2 accepting task 50
113 Worker 0 accepting task 44
113 Worker 0 processing task 53 requiring operations [2, 1]
113 Worker 0 forwarding task 53
113 Worker 4 processing task 47 requiring operations [8]
113 Worker 4 forwarding task 47
113 Worker 3 processing task 43 requiring operations [9]
113 Worker 3 forwarding task 43
113 Worker 2 processing task 50 requiring operations [6]
113 Worker 2 forwarding task 50
114 Generated task 57
114 Worker 2 accepting task 57
114 Worker 3 accepting task 53
114 Worker 1 accepting task 47
114 Worker 0 accepting task 43
114 Worker 3 accepting task 50
114 Worker 0 processing task 51 requiring operations [9, 6]
114 Worker 0 performing operation 6 on task 51
114 Worker 4 processing task 56 requiring operations [10, 8, 4]
114 Worker 4 forwarding task 56
114 Worker 3 processing task 53 requiring operations [2, 1]
114 Worker 3 performing operation 1 on task 53
114 Worker 2 processing task 57 requiring operations [2, 4, 3]
114 Worker 2 performing operation 3 on task 57
114 Worker 1 processing task 47 requiring operations [8]
114 Worker 1 forwarding task 47
115 Worker 0 accepting task 51
115 Worker 0 accepting task 56
115 Worker 3 accepting task 53
115 Worker 2 accepting task 57
115 Worker 2 accepting task 47
115 Worker 0 processing task 54 requiring operations [8, 3]
115 Worker 0 performing operation 8 on task 54
115 Worker 4 processing task 48 requiring operations [9]
115 Worker 4 forwarding task 48
115 Worker 3 processing task 50 requiring operations [6]
115 Worker 3 forwarding task 50
115 Worker 2 processing task 57 requiring operations [2, 4]
115 Worker 2 performing operation 4 on task 57
116 Generated task 58
116 Worker 0 accepting task 58
116 Worker 0 accepting task 54
116 Worker 1 accepting task 48
116 Worker 0 accepting task 50
116 Worker 2 accepting task 57
116 Worker 0 processing task 52 requiring operations [9]
116 Worker 0 forwarding task 52
116 Worker 3 processing task 53 requiring operations [2]
116 Worker 3 forwarding task 53
116 Worker 2 processing task 47 requiring operations [8]
116 Worker 2 forwarding task 47
116 Worker 1 processing task 48 requiring operations [9]
116 Worker 1 forwarding task 48
117 Worker 3 accepting task 52
117 Worker 2 accepting task 53
117 Worker 1 accepting task 47
117 Worker 4 accepting task 48
117 Worker 0 processing task 49 requiring operations [3]
117 Worker 0 forwarding task 49
117 Worker 3 processing task 52 requiring operations [9]
117 Worker 3 forwarding task 52
117 Worker 2 processing task 57 requiring operations [2]
117 Worker 2 forwarding task 57
117 Worker 1 processing task 47 requiring operations [8]
117 Worker 1 forwarding task 47
117 Worker 4 processing task 48 requiring operations [9]
117 Worker 4 forwarding task 48
118 Generated task 59
118 Worker 4 accepting task 59
118 Worker 4 accepting task 49
118 Worker 2 accepting task 52
118 Worker 3 accepting task 57
118 Worker 2 accepting task 47
118 Worker 1 accepting task 48
118 Worker 0 processing task 55 requiring operations [4, 8]
118 Worker 0 performing operation 8 on task 55
118 Worker 2 processing task 53 requiring operations [2]
118 Worker 2 forwarding task 53
118 Worker 4 processing task 59 requiring operations [5, 1, 9]
118 Worker 4 performing operation 5 on task 59
118 Worker 3 processing task 57 requiring operations [2]
118 Worker 3 forwarding task 57
118 Worker 1 processing task 48 requiring operations [9]
118 Worker 1 forwarding task 48
119 Worker 0 accepting task 55
119 Worker 1 accepting task 53
119 Worker 4 accepting task 59
119 Worker 2 accepting task 57
119 Worker 4 accepting task 48
119 Worker 0 processing task 44 requiring operations [10]
119 Worker 0 performing operation 10 on task 44
119 Worker 2 processing task 52 requiring operations [9]
119 Worker 2 performing operation 9 on task 52
119 Worker 4 processing task 49 requiring operations [3]
119 Worker 4 forwarding task 49
119 Worker 1 processing task 53 requiring operations [2]
119 Worker 1 performing operation 2 on task 53
120 Generated task 60
120 Worker 4 accepting task 60
120 Task 44 completed!
120 Task 52 completed!
120 Worker 0 accepting task 49
120 Task 53 completed!
120 Worker 0 processing task 43 requiring operations [9]
120 Worker 0 forwarding task 43
120 Worker 2 processing task 47 requiring operations [8]
120 Worker 2 forwarding task 47
120 Worker 4 processing task 59 requiring operations [1, 9]
120 Worker 4 forwarding task 59
121 Worker 3 accepting task 43
121 Worker 1 accepting task 47
121 Worker 0 accepting task 59
121 Worker 0 processing task 51 requiring operations [9]
121 Worker 0 forwarding task 51
121 Worker 2 processing task 57 requiring operations [2]
121 Worker 2 forwarding task 57
121 Worker 4 processing task 48 requiring operations [9]
121 Worker 4 forwarding task 48
121 Worker 3 processing task 43 requiring operations [9]
121 Worker 3 forwarding task 43
121 Worker 1 processing task 47 requiring operations [8]
121 Worker 1 forwarding task 47
122 Generated task 61
122 Worker 0 accepting task 61
122 Worker 3 accepting task 51
122 Worker 3 accepting task 57
122 Worker 0 accepting task 48
122 Worker 0 accepting task 43
122 Worker 4 accepting task 47
122 Worker 0 processing task 56 requiring operations [10, 8, 4]
122 Worker 0 performing operation 4 on task 56
122 Worker 4 processing task 60 requiring operations [7, 1, 2]
122 Worker 4 performing operation 7 on task 60
122 Worker 3 processing task 51 requiring operations [9]
122 Worker 3 forwarding task 51
123 Worker 0 accepting task 56
123 Worker 4 accepting task 60
123 Worker 0 accepting task 51
123 Worker 0 processing task 58 requiring operations [3, 9, 6]
123 Worker 0 performing operation 6 on task 58
123 Worker 4 processing task 47 requiring operations [8]
123 Worker 4 forwarding task 47
123 Worker 3 processing task 57 requiring operations [2]
123 Worker 3 forwarding task 57
124 Generated task 62
124 Worker 2 accepting task 62
124 Worker 0 accepting task 58
124 Worker 1 accepting task 47
124 Worker 0 accepting task 57
124 Worker 0 processing task 54 requiring operations [3]
124 Worker 0 forwarding task 54
124 Worker 4 processing task 60 requiring operations [1, 2]
124 Worker 4 forwarding task 60
124 Worker 2 processing task 62 requiring operations [10, 5, 9]
124 Worker 2 performing operation 9 on task 62
124 Worker 1 processing task 47 requiring operations [8]
124 Worker 1 forwarding task 47
125 Worker 3 accepting task 54
125 Worker 0 accepting task 60
125 Worker 2 accepting task 62
125 Worker 2 accepting task 47
125 Worker 0 processing task 50 requiring operations [6]
125 Worker 0 performing operation 6 on task 50
125 Worker 2 processing task 62 requiring operations [10, 5]
125 Worker 2 forwarding task 62
125 Worker 3 processing task 54 requiring operations [3]
125 Worker 3 performing operation 3 on task 54
126 Generated task 63
126 Worker 0 accepting task 63
126 Task 50 completed!
126 Worker 3 accepting task 62
126 Task 54 completed!
126 Worker 0 processing task 55 requiring operations [4]
126 Worker 0 performing operation 4 on task 55
126 Worker 2 processing task 47 requiring operations [8]
126 Worker 2 forwarding task 47
126 Worker 3 processing task 62 requiring operations [10, 5]
126 Worker 3 forwarding task 62
127 Task 55 completed!
127 Worker 1 accepting task 47
127 Worker 2 accepting task 62
127 Worker 0 processing task 49 requiring operations [3]
127 Worker 0 forwarding task 49
127 Worker 1 processing task 47 requiring operations [8]
127 Worker 1 forwarding task 47
127 Worker 2 processing task 62 requiring operations [10, 5]
127 Worker 2 forwarding task 62
128 Generated task 64
128 Worker 4 accepting task 64
128 Worker 3 accepting task 49
128 Worker 2 accepting task 47
128 Worker 1 accepting task 62
128 Worker 0 processing task 59 requiring operations [1, 9]
128 Worker 0 forwarding task 59
128 Worker 2 processing task 47 requiring operations [8]
128 Worker 2 forwarding task 47
128 Worker 4 processing task 64 requiring operations [3, 2, 10]
128 Worker 4 forwarding task 64
128 Worker 3 processing task 49 requiring operations [3]
128 Worker 3 performing operation 3 on task 49
128 Worker 1 processing task 62 requiring operations [10, 5]
128 Worker 1 forwarding task 62
129 Worker 3 accepting task 59
129 Worker 3 accepting task 47
129 Worker 1 accepting task 64
129 Task 49 completed!
129 Worker 2 accepting task 62
129 Worker 0 processing task 61 requiring operations [9, 2, 3]
129 Worker 0 forwarding task 61
129 Worker 3 processing task 59 requiring operations [1, 9]
129 Worker 3 performing operation 1 on task 59
129 Worker 1 processing task 64 requiring operations [3, 2, 10]
129 Worker 1 performing operation 2 on task 64
129 Worker 2 processing task 62 requiring operations [10, 5]
129 Worker 2 forwarding task 62
130 Generated task 65
130 Worker 4 accepting task 65
130 Worker 4 accepting task 61
130 Worker 3 accepting task 59
130 Worker 1 accepting task 64
130 Worker 1 accepting task 62
130 Worker 0 processing task 48 requiring operations [9]
130 Worker 0 forwarding task 48
130 Worker 3 processing task 47 requiring operations [8]
130 Worker 3 forwarding task 47
130 Worker 1 processing task 64 requiring operations [3, 10]
130 Worker 1 forwarding task 64
130 Worker 4 processing task 65 requiring operations [1, 10, 3]
130 Worker 4 forwarding task 65
131 Worker 4 accepting task 48
131 Worker 0 accepting task 47
131 Worker 2 accepting task 64
131 Worker 1 accepting task 65
131 Worker 0 processing task 43 requiring operations [9]
131 Worker 0 forwarding task 43
131 Worker 3 processing task 59 requiring operations [9]
131 Worker 3 forwarding task 59
131 Worker 1 processing task 62 requiring operations [10, 5]
131 Worker 1 forwarding task 62
131 Worker 4 processing task 61 requiring operations [9, 2, 3]
131 Worker 4 forwarding task 61
131 Worker 2 processing task 64 requiring operations [3, 10]
131 Worker 2 performing operation 3 on task 64
132 Generated task 66
132 Worker 0 accepting task 66
132 Worker 4 accepting task 43
132 Worker 2 accepting task 59
132 Worker 2 accepting task 62
132 Worker 1 accepting task 61
132 Worker 2 accepting task 64
132 Worker 0 processing task 56 requiring operations [10, 8]
132 Worker 0 performing operation 10 on task 56
132 Worker 1 processing task 65 requiring operations [1, 10, 3]
132 Worker 1 performing operation 1 on task 65
132 Worker 4 processing task 48 requiring operations [9]
132 Worker 4 forwarding task 48
132 Worker 2 processing task 59 requiring operations [9]
132 Worker 2 performing operation 9 on task 59
133 Worker 0 accepting task 56
133 Worker 1 accepting task 65
133 Worker 0 accepting task 48
133 Task 59 completed!
133 Worker 0 processing task 51 requiring operations [9]
133 Worker 0 forwarding task 51
133 Worker 1 processing task 61 requiring operations [9, 2, 3]
133 Worker 1 performing operation 2 on task 61
133 Worker 4 processing task 43 requiring operations [9]
133 Worker 4 forwarding task 43
133 Worker 2 processing task 62 requiring operations [10, 5]
133 Worker 2 forwarding task 62
134 Generated task 67
134 Worker 1 accepting task 67
134 Worker 4 accepting task 51
134 Worker 1 accepting task 61
134 Worker 1 accepting task 43
134 Worker 1 accepting task 62
134 Worker 0 processing task 58 requiring operations [3, 9]
134 Worker 0 forwarding task 58
134 Worker 1 processing task 65 requiring operations [10, 3]
134 Worker 1 forwarding task 65
134 Worker 4 processing task 51 requiring operations [9]
134 Worker 4 forwarding task 51
134 Worker 2 processing task 64 requiring operations [10]
134 Worker 2 forwarding task 64
135 Worker 4 accepting task 58
135 Worker 2 accepting task 65
135 Worker 0 accepting task 51
135 Worker 1 accepting task 64
135 Worker 0 processing task 57 requiring operations [2]
135 Worker 0 forwarding task 57
135 Worker 1 processing task 67 requiring operations [1, 8, 2]
135 Worker 1 performing operation 1 on task 67
135 Worker 4 processing task 58 requiring operations [3, 9]
135 Worker 4 forwarding task 58
135 Worker 2 processing task 65 requiring operations [10, 3]
135 Worker 2 performing operation 3 on task 65
136 Generated task 68
136 Worker 3 accepting task 68
136 Worker 4 accepting task 57
136 Worker 1 accepting task 67
136 Worker 1 accepting task 58
136 Worker 2 accepting task 65
136 Worker 0 processing task 60 requiring operations [1, 2]
136 Worker 0 forwarding task 60
136 Worker 1 processing task 61 requiring operations [9, 3]
136 Worker 1 forwarding task 61
136 Worker 4 processing task 57 requiring operations [2]
136 Worker 4 forwarding task 57
136 Worker 2 processing task 65 requiring operations [10]
136 Worker 2 forwarding task 65
136 Worker 3 processing task 68 requiring operations [3, 7, 1]
136 Worker 3 performing operation 1 on task 68
137 Worker 4 accepting task 60
137 Worker 4 accepting task 61
137 Worker 1 accepting task 57
137 Worker 3 accepting task 65
137 Worker 3 accepting task 68
137 Worker 0 processing task 63 requiring operations [1, 7, 5]
137 Worker 0 forwarding task 63
137 Worker 1 processing task 43 requiring operations [9]
137 Worker 1 forwarding task 43
137 Worker 4 processing task 60 requiring operations [1, 2]
137 Worker 4 forwarding task 60
137 Worker 3 processing task 65 requiring operations [10]
137 Worker 3 forwarding task 65
138 Generated task 69
138 Worker 1 accepting task 69
138 Worker 4 accepting task 63
138 Worker 4 accepting task 43
138 Worker 0 accepting task 60
138 Worker 2 accepting task 65
138 Worker 0 processing task 47 requiring operations [8]
138 Worker 0 performing operation 8 on task 47
138 Worker 1 processing task 62 requiring operations [10, 5]
138 Worker 1 forwarding task 62
138 Worker 4 processing task 61 requiring operations [9, 3]
138 Worker 4 forwarding task 61
138 Worker 3 processing task 68 requiring operations [3, 7]
138 Worker 3 performing operation 3 on task 68
138 Worker 2 processing task 65 requiring operations [10]
138 Worker 2 forwarding task 65
139 Task 47 completed!
139 Worker 2 accepting task 62
139 Worker 1 accepting task 61
139 Worker 3 accepting task 68
139 Worker 1 accepting task 65
139 Worker 0 processing task 66 requiring operations [8, 2, 7]
139 Worker 0 performing operation 8 on task 66
139 Worker 1 processing task 64 requiring operations [10]
139 Worker 1 forwarding task 64
139 Worker 4 processing task 63 requiring operations [1, 7, 5]
139 Worker 4 performing operation 5 on task 63
139 Worker 3 processing task 68 requiring operations [7]
139 Worker 3 forwarding task 68
139 Worker 2 processing task 62 requiring operations [10, 5]
139 Worker 2 forwarding task 62
140 Generated task 70
140 Worker 1 accepting task 70
140 Worker 0 accepting task 66
140 Worker 2 accepting task 64
140 Worker 4 accepting task 63
140 Worker 0 accepting task 68
140 Worker 1 accepting task 62
140 Worker 0 processing task 56 requiring operations [8]
140 Worker 0 performing operation 8 on task 56
140 Worker 1 processing task 67 requiring operations [8, 2]
140 Worker 1 performing operation 2 on task 67
140 Worker 4 processing task 43 requiring operations [9]
140 Worker 4 forwarding task 43
140 Worker 2 processing task 64 requiring operations [10]
140 Worker 2 forwarding task 64
