Worker 0 can perform operations {8, 4, 6}
Worker 1 can perform operations {10, 2}
Worker 2 can perform operations {1, 7}
Worker 3 can perform operations {9, 3, 4, 5}
Worker 4 can perform operations {8, 2, 6}
Building network type random
Worker 0 connecting to worker 1
Worker 1 connecting to worker 0
Worker 0 connecting to worker 3
Worker 3 connecting to worker 0
Worker 1 connecting to worker 3
Worker 3 connecting to worker 1
Worker 2 connecting to worker 0
Worker 0 connecting to worker 2
Worker 2 connecting to worker 1
Worker 1 connecting to worker 2
Worker 4 connecting to worker 1
Worker 1 connecting to worker 4
Worker 4 connecting to worker 0
Worker 0 connecting to worker 4
Entry nodes are [0, 1, 2, 3, 4]
0 Generated task 0
0 Worker 0 accepting task 0
0 Worker 0 processing task 0 requiring operations [8, 1, 10]
0 Worker 0 performing operation 8 on task 0
1 Worker 0 accepting task 0
1 Worker 0 processing task 0 requiring operations [1, 10]
1 Worker 0 forwarding task 0
2 Generated task 1
2 Worker 4 accepting task 1
2 Worker 2 accepting task 0
2 Worker 4 processing task 1 requiring operations [4, 3, 5]
2 Worker 4 forwarding task 1
2 Worker 2 processing task 0 requiring operations [1, 10]
2 Worker 2 performing operation 1 on task 0
3 Worker 1 accepting task 1
3 Worker 2 accepting task 0
3 Worker 2 processing task 0 requiring operations [10]
3 Worker 2 forwarding task 0
3 Worker 1 processing task 1 requiring operations [4, 3, 5]
3 Worker 1 forwarding task 1
4 Generated task 2
4 Worker 2 accepting task 2
4 Worker 0 accepting task 0
4 Worker 2 accepting task 1
4 Worker 2 processing task 2 requiring operations [8, 1, 5]
4 Worker 2 performing operation 1 on task 2
4 Worker 0 processing task 0 requiring operations [10]
4 Worker 0 forwarding task 0
5 Worker 2 accepting task 2
5 Worker 4 accepting task 0
5 Worker 2 processing task 1 requiring operations [4, 3, 5]
5 Worker 2 forwarding task 1
5 Worker 4 processing task 0 requiring operations [10]
5 Worker 4 forwarding task 0
6 Generated task 3
6 Worker 1 accepting task 3
6 Worker 1 accepting task 1
6 Worker 1 accepting task 0
6 Worker 2 processing task 2 requiring operations [8, 5]
6 Worker 2 forwarding task 2
6 Worker 1 processing task 3 requiring operations [5, 10, 2]
6 Worker 1 performing operation 2 on task 3
7 Worker 0 accepting task 2
7 Worker 1 accepting task 3
7 Worker 1 processing task 1 requiring operations [4, 3, 5]
7 Worker 1 forwarding task 1
7 Worker 0 processing task 2 requiring operations [8, 5]
7 Worker 0 performing operation 8 on task 2
8 Generated task 4
8 Worker 1 accepting task 4
8 Worker 2 accepting task 1
8 Worker 0 accepting task 2
8 Worker 1 processing task 0 requiring operations [10]
8 Worker 1 performing operation 10 on task 0
8 Worker 0 processing task 2 requiring operations [5]
8 Worker 0 forwarding task 2
8 Worker 2 processing task 1 requiring operations [4, 3, 5]
8 Worker 2 forwarding task 1
9 Task 0 completed!
9 Worker 1 accepting task 2
9 Worker 1 accepting task 1
9 Worker 1 processing task 3 requiring operations [5, 10]
9 Worker 1 performing operation 10 on task 3
10 Generated task 5
10 Worker 1 accepting task 5
10 Worker 1 accepting task 3
10 Worker 1 processing task 4 requiring operations [4, 2, 10]
10 Worker 1 performing operation 10 on task 4
11 Worker 1 accepting task 4
11 Worker 1 processing task 2 requiring operations [5]
11 Worker 1 forwarding task 2
12 Generated task 6
12 Worker 4 accepting task 6
12 Worker 0 accepting task 2
12 Worker 1 processing task 1 requiring operations [4, 3, 5]
12 Worker 1 forwarding task 1
12 Worker 4 processing task 6 requiring operations [1, 8, 9]
12 Worker 4 performing operation 8 on task 6
12 Worker 0 processing task 2 requiring operations [5]
12 Worker 0 forwarding task 2
13 Worker 4 accepting task 1
13 Worker 4 accepting task 6
13 Worker 1 accepting task 2
13 Worker 1 processing task 5 requiring operations [4, 5, 7]
13 Worker 1 forwarding task 5
13 Worker 4 processing task 1 requiring operations [4, 3, 5]
13 Worker 4 forwarding task 1
14 Generated task 7
14 Worker 0 accepting task 7
14 Worker 0 accepting task 5
14 Worker 1 accepting task 1
14 Worker 1 processing task 3 requiring operations [5]
14 Worker 1 forwarding task 3
14 Worker 4 processing task 6 requiring operations [1, 9]
14 Worker 4 forwarding task 6
14 Worker 0 processing task 7 requiring operations [10, 3, 7]
14 Worker 0 forwarding task 7
15 Worker 3 accepting task 3
15 Worker 0 accepting task 6
15 Worker 4 accepting task 7
15 Worker 1 processing task 4 requiring operations [4, 2]
15 Worker 1 performing operation 2 on task 4
15 Worker 0 processing task 5 requiring operations [4, 5, 7]
15 Worker 0 performing operation 4 on task 5
15 Worker 3 processing task 3 requiring operations [5]
15 Worker 3 performing operation 5 on task 3
15 Worker 4 processing task 7 requiring operations [10, 3, 7]
15 Worker 4 forwarding task 7
16 Generated task 8
16 Worker 4 accepting task 8
16 Worker 1 accepting task 4
16 Worker 0 accepting task 5
16 Task 3 completed!
16 Worker 1 accepting task 7
16 Worker 1 processing task 2 requiring operations [5]
16 Worker 1 forwarding task 2
16 Worker 0 processing task 6 requiring operations [1, 9]
16 Worker 0 forwarding task 6
16 Worker 4 processing task 8 requiring operations [4, 5, 2]
16 Worker 4 performing operation 2 on task 8
17 Worker 0 accepting task 2
17 Worker 1 accepting task 6
17 Worker 4 accepting task 8
17 Worker 1 processing task 1 requiring operations [4, 3, 5]
17 Worker 1 forwarding task 1
17 Worker 0 processing task 5 requiring operations [5, 7]
17 Worker 0 forwarding task 5
17 Worker 4 processing task 8 requiring operations [4, 5]
17 Worker 4 forwarding task 8
18 Generated task 9
18 Worker 1 accepting task 9
18 Worker 0 accepting task 1
18 Worker 3 accepting task 5
18 Worker 1 accepting task 8
18 Worker 1 processing task 4 requiring operations [4]
18 Worker 1 forwarding task 4
18 Worker 0 processing task 2 requiring operations [5]
18 Worker 0 forwarding task 2
18 Worker 3 processing task 5 requiring operations [5, 7]
18 Worker 3 performing operation 5 on task 5
19 Worker 2 accepting task 4
19 Worker 4 accepting task 2
19 Worker 3 accepting task 5
19 Worker 1 processing task 7 requiring operations [10, 3, 7]
19 Worker 1 performing operation 10 on task 7
19 Worker 0 processing task 1 requiring operations [4, 3, 5]
19 Worker 0 performing operation 4 on task 1
19 Worker 3 processing task 5 requiring operations [7]
19 Worker 3 forwarding task 5
19 Worker 2 processing task 4 requiring operations [4]
19 Worker 2 forwarding task 4
19 Worker 4 processing task 2 requiring operations [5]
19 Worker 4 forwarding task 2
20 Generated task 10
20 Worker 4 accepting task 10
20 Worker 1 accepting task 7
20 Worker 0 accepting task 1
20 Worker 0 accepting task 5
20 Worker 0 accepting task 4
20 Worker 0 accepting task 2
20 Worker 1 processing task 6 requiring operations [1, 9]
20 Worker 1 forwarding task 6
20 Worker 0 processing task 1 requiring operations [3, 5]
20 Worker 0 forwarding task 1
20 Worker 4 processing task 10 requiring operations [10, 7, 8]
20 Worker 4 performing operation 8 on task 10
21 Worker 4 accepting task 6
21 Worker 2 accepting task 1
21 Worker 4 accepting task 10
21 Worker 1 processing task 9 requiring operations [9, 2, 4]
21 Worker 1 performing operation 2 on task 9
21 Worker 0 processing task 5 requiring operations [7]
21 Worker 0 forwarding task 5
21 Worker 4 processing task 6 requiring operations [1, 9]
21 Worker 4 forwarding task 6
21 Worker 2 processing task 1 requiring operations [3, 5]
21 Worker 2 forwarding task 1
22 Generated task 11
22 Worker 2 accepting task 11
22 Worker 1 accepting task 9
22 Worker 3 accepting task 5
22 Worker 0 accepting task 6
22 Worker 0 accepting task 1
22 Worker 1 processing task 8 requiring operations [4, 5]
22 Worker 1 forwarding task 8
22 Worker 0 processing task 4 requiring operations [4]
22 Worker 0 performing operation 4 on task 4
22 Worker 4 processing task 10 requiring operations [10, 7]
22 Worker 4 forwarding task 10
22 Worker 2 processing task 11 requiring operations [5, 6, 2]
22 Worker 2 forwarding task 11
22 Worker 3 processing task 5 requiring operations [7]
22 Worker 3 forwarding task 5
23 Worker 4 accepting task 8
23 Task 4 completed!
23 Worker 0 accepting task 10
23 Worker 1 accepting task 11
23 Worker 1 accepting task 5
23 Worker 1 processing task 7 requiring operations [3, 7]
23 Worker 1 forwarding task 7
23 Worker 0 processing task 2 requiring operations [5]
23 Worker 0 forwarding task 2
23 Worker 4 processing task 8 requiring operations [4, 5]
23 Worker 4 forwarding task 8
24 Generated task 12
24 Worker 0 accepting task 12
24 Worker 0 accepting task 7
24 Worker 1 accepting task 2
24 Worker 1 accepting task 8
24 Worker 1 processing task 9 requiring operations [9, 4]
24 Worker 1 forwarding task 9
24 Worker 0 processing task 6 requiring operations [1, 9]
24 Worker 0 forwarding task 6
25 Worker 4 accepting task 9
25 Worker 3 accepting task 6
25 Worker 1 processing task 11 requiring operations [5, 6, 2]
25 Worker 1 performing operation 2 on task 11
25 Worker 0 processing task 1 requiring operations [3, 5]
25 Worker 0 forwarding task 1
25 Worker 4 processing task 9 requiring operations [9, 4]
25 Worker 4 forwarding task 9
25 Worker 3 processing task 6 requiring operations [1, 9]
25 Worker 3 performing operation 9 on task 6
26 Generated task 13
26 Worker 2 accepting task 13
26 Worker 1 accepting task 11
26 Worker 1 accepting task 1
26 Worker 1 accepting task 9
26 Worker 3 accepting task 6
26 Worker 1 processing task 5 requiring operations [7]
26 Worker 1 forwarding task 5
26 Worker 0 processing task 10 requiring operations [10, 7]
26 Worker 0 forwarding task 10
26 Worker 3 processing task 6 requiring operations [1]
26 Worker 3 forwarding task 6
26 Worker 2 processing task 13 requiring operations [1, 10, 5]
26 Worker 2 performing operation 1 on task 13
27 Worker 2 accepting task 5
27 Worker 4 accepting task 10
27 Worker 1 accepting task 6
27 Worker 2 accepting task 13
27 Worker 1 processing task 2 requiring operations [5]
27 Worker 1 forwarding task 2
27 Worker 0 processing task 12 requiring operations [8, 1, 4]
27 Worker 0 performing operation 8 on task 12
27 Worker 2 processing task 5 requiring operations [7]
27 Worker 2 performing operation 7 on task 5
27 Worker 4 processing task 10 requiring operations [10, 7]
27 Worker 4 forwarding task 10
28 Generated task 14
28 Worker 3 accepting task 14
28 Worker 4 accepting task 2
28 Worker 0 accepting task 12
28 Task 5 completed!
28 Worker 1 accepting task 10
28 Worker 1 processing task 8 requiring operations [4, 5]
28 Worker 1 forwarding task 8
28 Worker 0 processing task 7 requiring operations [3, 7]
28 Worker 0 forwarding task 7
28 Worker 2 processing task 13 requiring operations [10, 5]
28 Worker 2 forwarding task 13
28 Worker 4 processing task 2 requiring operations [5]
28 Worker 4 forwarding task 2
28 Worker 3 processing task 14 requiring operations [4, 8, 1]
28 Worker 3 performing operation 4 on task 14
29 Worker 4 accepting task 8
29 Worker 3 accepting task 7
29 Worker 1 accepting task 13
29 Worker 0 accepting task 2
29 Worker 3 accepting task 14
29 Worker 1 processing task 11 requiring operations [5, 6]
29 Worker 1 forwarding task 11
29 Worker 0 processing task 12 requiring operations [1, 4]
29 Worker 0 performing operation 4 on task 12
29 Worker 4 processing task 8 requiring operations [4, 5]
29 Worker 4 forwarding task 8
29 Worker 3 processing task 7 requiring operations [3, 7]
29 Worker 3 performing operation 3 on task 7
30 Generated task 15
30 Worker 4 accepting task 15
30 Worker 4 accepting task 11
30 Worker 0 accepting task 12
30 Worker 1 accepting task 8
30 Worker 3 accepting task 7
30 Worker 1 processing task 1 requiring operations [3, 5]
30 Worker 1 forwarding task 1
30 Worker 0 processing task 2 requiring operations [5]
30 Worker 0 forwarding task 2
30 Worker 4 processing task 15 requiring operations [4, 10, 1]
30 Worker 4 forwarding task 15
30 Worker 3 processing task 14 requiring operations [8, 1]
30 Worker 3 forwarding task 14
31 Worker 4 accepting task 1
31 Worker 1 accepting task 2
31 Worker 0 accepting task 15
31 Worker 0 accepting task 14
31 Worker 1 processing task 9 requiring operations [9, 4]
31 Worker 1 forwarding task 9
31 Worker 0 processing task 12 requiring operations [1]
31 Worker 0 forwarding task 12
31 Worker 4 processing task 11 requiring operations [5, 6]
31 Worker 4 performing operation 6 on task 11
31 Worker 3 processing task 7 requiring operations [7]
31 Worker 3 forwarding task 7
32 Generated task 16
32 Worker 3 accepting task 16
32 Worker 3 accepting task 9
32 Worker 4 accepting task 12
32 Worker 4 accepting task 11
32 Worker 0 accepting task 7
32 Worker 1 processing task 6 requiring operations [1]
32 Worker 1 forwarding task 6
32 Worker 0 processing task 15 requiring operations [4, 10, 1]
32 Worker 0 performing operation 4 on task 15
32 Worker 4 processing task 1 requiring operations [3, 5]
32 Worker 4 forwarding task 1
32 Worker 3 processing task 16 requiring operations [6, 1, 5]
32 Worker 3 performing operation 5 on task 16
33 Worker 4 accepting task 6
33 Worker 0 accepting task 15
33 Worker 1 accepting task 1
33 Worker 3 accepting task 16
33 Worker 1 processing task 10 requiring operations [10, 7]
33 Worker 1 performing operation 10 on task 10
33 Worker 0 processing task 14 requiring operations [8, 1]
33 Worker 0 performing operation 8 on task 14
33 Worker 4 processing task 12 requiring operations [1]
33 Worker 4 forwarding task 12
33 Worker 3 processing task 9 requiring operations [9, 4]
33 Worker 3 performing operation 9 on task 9
34 Generated task 17
34 Worker 4 accepting task 17
34 Worker 1 accepting task 10
34 Worker 0 accepting task 14
34 Worker 1 accepting task 12
34 Worker 3 accepting task 9
34 Worker 1 processing task 13 requiring operations [10, 5]
34 Worker 1 performing operation 10 on task 13
34 Worker 0 processing task 7 requiring operations [7]
34 Worker 0 forwarding task 7
34 Worker 4 processing task 11 requiring operations [5]
34 Worker 4 forwarding task 11
34 Worker 3 processing task 16 requiring operations [6, 1]
34 Worker 3 forwarding task 16
35 Worker 1 accepting task 13
35 Worker 1 accepting task 7
35 Worker 1 accepting task 11
35 Worker 0 accepting task 16
35 Worker 1 processing task 8 requiring operations [4, 5]
35 Worker 1 forwarding task 8
35 Worker 0 processing task 15 requiring operations [10, 1]
35 Worker 0 forwarding task 15
35 Worker 4 processing task 6 requiring operations [1]
35 Worker 4 forwarding task 6
35 Worker 3 processing task 9 requiring operations [4]
35 Worker 3 performing operation 4 on task 9
36 Generated task 18
36 Worker 0 accepting task 18
36 Worker 0 accepting task 8
36 Worker 1 accepting task 15
36 Worker 1 accepting task 6
36 Task 9 completed!
36 Worker 1 processing task 2 requiring operations [5]
36 Worker 1 forwarding task 2
36 Worker 0 processing task 14 requiring operations [1]
36 Worker 0 forwarding task 14
36 Worker 4 processing task 17 requiring operations [8, 10, 7]
36 Worker 4 performing operation 8 on task 17
37 Worker 2 accepting task 2
37 Worker 4 accepting task 14
37 Worker 4 accepting task 17
37 Worker 1 processing task 1 requiring operations [3, 5]
37 Worker 1 forwarding task 1
37 Worker 0 processing task 16 requiring operations [6, 1]
37 Worker 0 performing operation 6 on task 16
37 Worker 4 processing task 14 requiring operations [1]
37 Worker 4 forwarding task 14
37 Worker 2 processing task 2 requiring operations [5]
37 Worker 2 forwarding task 2
38 Generated task 19
38 Worker 3 accepting task 19
38 Worker 0 accepting task 1
38 Worker 0 accepting task 16
38 Worker 0 accepting task 14
38 Worker 0 accepting task 2
38 Worker 1 processing task 10 requiring operations [7]
38 Worker 1 forwarding task 10
38 Worker 0 processing task 18 requiring operations [8, 9, 1]
38 Worker 0 performing operation 8 on task 18
38 Worker 4 processing task 17 requiring operations [10, 7]
38 Worker 4 forwarding task 17
38 Worker 3 processing task 19 requiring operations [3, 7, 4]
38 Worker 3 performing operation 4 on task 19
39 Worker 4 accepting task 10
39 Worker 0 accepting task 18
39 Worker 0 accepting task 17
39 Worker 3 accepting task 19
39 Worker 1 processing task 12 requiring operations [1]
39 Worker 1 forwarding task 12
39 Worker 0 processing task 8 requiring operations [4, 5]
39 Worker 0 performing operation 4 on task 8
39 Worker 4 processing task 10 requiring operations [7]
39 Worker 4 forwarding task 10
39 Worker 3 processing task 19 requiring operations [3, 7]
39 Worker 3 performing operation 3 on task 19
40 Generated task 20
40 Worker 3 accepting task 20
40 Worker 0 accepting task 12
40 Worker 0 accepting task 8
40 Worker 1 accepting task 10
40 Worker 3 accepting task 19
40 Worker 1 processing task 13 requiring operations [5]
40 Worker 1 forwarding task 13
40 Worker 0 processing task 1 requiring operations [3, 5]
40 Worker 0 forwarding task 1
40 Worker 3 processing task 20 requiring operations [7, 4, 10]
40 Worker 3 performing operation 4 on task 20
41 Worker 3 accepting task 13
41 Worker 3 accepting task 1
41 Worker 3 accepting task 20
41 Worker 1 processing task 7 requiring operations [7]
41 Worker 1 forwarding task 7
41 Worker 0 processing task 16 requiring operations [1]
41 Worker 0 forwarding task 16
41 Worker 3 processing task 19 requiring operations [7]
41 Worker 3 forwarding task 19
42 Generated task 21
42 Worker 0 accepting task 21
42 Worker 0 accepting task 7
42 Worker 4 accepting task 16
42 Worker 0 accepting task 19
42 Worker 1 processing task 11 requiring operations [5]
42 Worker 1 forwarding task 11
42 Worker 0 processing task 14 requiring operations [1]
42 Worker 0 forwarding task 14
42 Worker 3 processing task 13 requiring operations [5]
42 Worker 3 performing operation 5 on task 13
42 Worker 4 processing task 16 requiring operations [1]
42 Worker 4 forwarding task 16
43 Worker 2 accepting task 11
43 Worker 3 accepting task 14
43 Task 13 completed!
43 Worker 0 accepting task 16
43 Worker 1 processing task 15 requiring operations [10, 1]
43 Worker 1 performing operation 10 on task 15
43 Worker 0 processing task 2 requiring operations [5]
43 Worker 0 forwarding task 2
43 Worker 3 processing task 1 requiring operations [3, 5]
43 Worker 3 performing operation 3 on task 1
43 Worker 2 processing task 11 requiring operations [5]
43 Worker 2 forwarding task 11
44 Generated task 22
44 Worker 1 accepting task 22
44 Worker 1 accepting task 15
44 Worker 2 accepting task 2
44 Worker 3 accepting task 1
44 Worker 1 accepting task 11
44 Worker 1 processing task 6 requiring operations [1]
44 Worker 1 forwarding task 6
44 Worker 0 processing task 18 requiring operations [9, 1]
44 Worker 0 forwarding task 18
44 Worker 3 processing task 20 requiring operations [7, 10]
44 Worker 3 forwarding task 20
44 Worker 2 processing task 2 requiring operations [5]
44 Worker 2 forwarding task 2
45 Worker 0 accepting task 6
45 Worker 4 accepting task 18
45 Worker 1 accepting task 20
45 Worker 1 accepting task 2
45 Worker 1 processing task 10 requiring operations [7]
45 Worker 1 forwarding task 10
45 Worker 0 processing task 17 requiring operations [10, 7]
45 Worker 0 forwarding task 17
45 Worker 3 processing task 14 requiring operations [1]
45 Worker 3 forwarding task 14
45 Worker 4 processing task 18 requiring operations [9, 1]
45 Worker 4 forwarding task 18
46 Generated task 23
46 Worker 2 accepting task 23
46 Worker 0 accepting task 10
46 Worker 2 accepting task 17
46 Worker 0 accepting task 14
46 Worker 1 accepting task 18
46 Worker 1 processing task 22 requiring operations [1, 6, 5]
46 Worker 1 forwarding task 22
46 Worker 0 processing task 12 requiring operations [1]
46 Worker 0 forwarding task 12
46 Worker 3 processing task 1 requiring operations [5]
46 Worker 3 performing operation 5 on task 1
46 Worker 2 processing task 23 requiring operations [4, 2, 5]
46 Worker 2 forwarding task 23
47 Worker 3 accepting task 22
47 Worker 1 accepting task 12
47 Task 1 completed!
47 Worker 1 accepting task 23
47 Worker 1 processing task 15 requiring operations [1]
47 Worker 1 forwarding task 15
47 Worker 0 processing task 8 requiring operations [5]
47 Worker 0 forwarding task 8
47 Worker 3 processing task 22 requiring operations [1, 6, 5]
47 Worker 3 performing operation 5 on task 22
47 Worker 2 processing task 17 requiring operations [10, 7]
47 Worker 2 performing operation 7 on task 17
48 Generated task 24
48 Worker 4 accepting task 24
48 Worker 3 accepting task 15
48 Worker 4 accepting task 8
48 Worker 3 accepting task 22
48 Worker 2 accepting task 17
48 Worker 1 processing task 11 requiring operations [5]
48 Worker 1 forwarding task 11
48 Worker 0 processing task 21 requiring operations [5, 3, 8]
48 Worker 0 performing operation 8 on task 21
48 Worker 3 processing task 15 requiring operations [1]
48 Worker 3 forwarding task 15
48 Worker 2 processing task 17 requiring operations [10]
48 Worker 2 forwarding task 17
48 Worker 4 processing task 24 requiring operations [6, 2, 3]
48 Worker 4 performing operation 2 on task 24
49 Worker 2 accepting task 11
49 Worker 0 accepting task 21
49 Worker 1 accepting task 15
49 Worker 1 accepting task 17
49 Worker 4 accepting task 24
49 Worker 1 processing task 20 requiring operations [7, 10]
49 Worker 1 performing operation 10 on task 20
49 Worker 0 processing task 7 requiring operations [7]
49 Worker 0 forwarding task 7
49 Worker 3 processing task 22 requiring operations [1, 6]
49 Worker 3 forwarding task 22
49 Worker 2 processing task 11 requiring operations [5]
49 Worker 2 forwarding task 11
49 Worker 4 processing task 8 requiring operations [5]
49 Worker 4 forwarding task 8
50 Generated task 25
50 Worker 1 accepting task 25
50 Worker 1 accepting task 20
50 Worker 1 accepting task 7
50 Worker 0 accepting task 22
50 Worker 1 accepting task 11
50 Worker 0 accepting task 8
50 Worker 1 processing task 2 requiring operations [5]
50 Worker 1 forwarding task 2
50 Worker 0 processing task 19 requiring operations [7]
50 Worker 0 forwarding task 19
50 Worker 4 processing task 24 requiring operations [6, 3]
50 Worker 4 performing operation 6 on task 24
51 Worker 3 accepting task 2
51 Worker 3 accepting task 19
51 Worker 4 accepting task 24
51 Worker 1 processing task 18 requiring operations [9, 1]
51 Worker 1 forwarding task 18
51 Worker 0 processing task 16 requiring operations [1]
51 Worker 0 forwarding task 16
51 Worker 4 processing task 24 requiring operations [3]
51 Worker 4 forwarding task 24
51 Worker 3 processing task 2 requiring operations [5]
51 Worker 3 performing operation 5 on task 2
52 Generated task 26
52 Worker 3 accepting task 26
52 Worker 2 accepting task 18
52 Worker 4 accepting task 16
52 Worker 0 accepting task 24
52 Task 2 completed!
52 Worker 1 processing task 12 requiring operations [1]
52 Worker 1 forwarding task 12
52 Worker 0 processing task 6 requiring operations [1]
52 Worker 0 forwarding task 6
52 Worker 4 processing task 16 requiring operations [1]
52 Worker 4 forwarding task 16
52 Worker 3 processing task 19 requiring operations [7]
52 Worker 3 forwarding task 19
52 Worker 2 processing task 18 requiring operations [9, 1]
52 Worker 2 performing operation 1 on task 18
53 Worker 3 accepting task 12
53 Worker 3 accepting task 6
53 Worker 1 accepting task 16
53 Worker 1 accepting task 19
53 Worker 2 accepting task 18
53 Worker 1 processing task 23 requiring operations [4, 2, 5]
53 Worker 1 performing operation 2 on task 23
53 Worker 0 processing task 10 requiring operations [7]
53 Worker 0 forwarding task 10
53 Worker 3 processing task 26 requiring operations [1, 7, 10]
53 Worker 3 forwarding task 26
53 Worker 2 processing task 18 requiring operations [9]
53 Worker 2 forwarding task 18
54 Generated task 27
54 Worker 2 accepting task 27
54 Worker 1 accepting task 23
54 Worker 4 accepting task 10
54 Worker 1 accepting task 26
54 Worker 0 accepting task 18
54 Worker 1 processing task 15 requiring operations [1]
54 Worker 1 forwarding task 15
54 Worker 0 processing task 14 requiring operations [1]
54 Worker 0 forwarding task 14
54 Worker 3 processing task 12 requiring operations [1]
54 Worker 3 forwarding task 12
54 Worker 2 processing task 27 requiring operations [1, 8, 6]
54 Worker 2 performing operation 1 on task 27
54 Worker 4 processing task 10 requiring operations [7]
54 Worker 4 forwarding task 10
55 Worker 4 accepting task 15
55 Worker 4 accepting task 14
55 Worker 1 accepting task 12
55 Worker 2 accepting task 27
55 Worker 0 accepting task 10
55 Worker 1 processing task 17 requiring operations [10]
55 Worker 1 performing operation 10 on task 17
55 Worker 0 processing task 21 requiring operations [5, 3]
55 Worker 0 forwarding task 21
55 Worker 3 processing task 6 requiring operations [1]
55 Worker 3 forwarding task 6
55 Worker 2 processing task 27 requiring operations [8, 6]
55 Worker 2 forwarding task 27
55 Worker 4 processing task 15 requiring operations [1]
55 Worker 4 forwarding task 15
56 Generated task 28
56 Worker 0 accepting task 28
56 Task 17 completed!
56 Worker 1 accepting task 21
56 Worker 0 accepting task 6
56 Worker 0 accepting task 27
56 Worker 1 accepting task 15
56 Worker 1 processing task 25 requiring operations [1, 2, 7]
56 Worker 1 performing operation 2 on task 25
56 Worker 0 processing task 22 requiring operations [1, 6]
56 Worker 0 performing operation 6 on task 22
56 Worker 4 processing task 14 requiring operations [1]
56 Worker 4 forwarding task 14
57 Worker 1 accepting task 25
57 Worker 0 accepting task 22
57 Worker 1 accepting task 14
57 Worker 1 processing task 20 requiring operations [7]
57 Worker 1 forwarding task 20
57 Worker 0 processing task 8 requiring operations [5]
57 Worker 0 forwarding task 8
58 Generated task 29
58 Worker 2 accepting task 29
58 Worker 2 accepting task 20
58 Worker 2 accepting task 8
58 Worker 1 processing task 7 requiring operations [7]
58 Worker 1 forwarding task 7
58 Worker 0 processing task 24 requiring operations [3]
58 Worker 0 forwarding task 24
58 Worker 2 processing task 29 requiring operations [7, 2, 10]
58 Worker 2 performing operation 7 on task 29
59 Worker 4 accepting task 7
59 Worker 3 accepting task 24
59 Worker 2 accepting task 29
59 Worker 1 processing task 11 requiring operations [5]
59 Worker 1 forwarding task 11
59 Worker 0 processing task 18 requiring operations [9]
59 Worker 0 forwarding task 18
59 Worker 2 processing task 20 requiring operations [7]
59 Worker 2 performing operation 7 on task 20
59 Worker 4 processing task 7 requiring operations [7]
59 Worker 4 forwarding task 7
59 Worker 3 processing task 24 requiring operations [3]
59 Worker 3 performing operation 3 on task 24
60 Generated task 30
60 Worker 0 accepting task 30
60 Worker 0 accepting task 11
60 Worker 2 accepting task 18
60 Task 20 completed!
60 Worker 1 accepting task 7
60 Task 24 completed!
60 Worker 1 processing task 16 requiring operations [1]
60 Worker 1 forwarding task 16
60 Worker 0 processing task 10 requiring operations [7]
60 Worker 0 forwarding task 10
60 Worker 2 processing task 8 requiring operations [5]
60 Worker 2 forwarding task 8
61 Worker 0 accepting task 16
61 Worker 2 accepting task 10
61 Worker 0 accepting task 8
61 Worker 1 processing task 19 requiring operations [7]
61 Worker 1 forwarding task 19
61 Worker 0 processing task 28 requiring operations [4, 3, 5]
61 Worker 0 performing operation 4 on task 28
61 Worker 2 processing task 29 requiring operations [2, 10]
61 Worker 2 forwarding task 29
62 Generated task 31
62 Worker 0 accepting task 31
62 Worker 2 accepting task 19
62 Worker 0 accepting task 28
62 Worker 1 accepting task 29
62 Worker 1 processing task 23 requiring operations [4, 5]
62 Worker 1 forwarding task 23
62 Worker 0 processing task 6 requiring operations [1]
62 Worker 0 forwarding task 6
62 Worker 2 processing task 18 requiring operations [9]
62 Worker 2 forwarding task 18
63 Worker 0 accepting task 23
63 Worker 3 accepting task 6
63 Worker 0 accepting task 18
63 Worker 1 processing task 26 requiring operations [1, 7, 10]
63 Worker 1 performing operation 10 on task 26
63 Worker 0 processing task 27 requiring operations [8, 6]
63 Worker 0 performing operation 8 on task 27
63 Worker 2 processing task 10 requiring operations [7]
63 Worker 2 performing operation 7 on task 10
63 Worker 3 processing task 6 requiring operations [1]
63 Worker 3 forwarding task 6
64 Generated task 32
64 Worker 4 accepting task 32
64 Worker 1 accepting task 26
64 Worker 0 accepting task 27
64 Task 10 completed!
64 Worker 0 accepting task 6
64 Worker 1 processing task 12 requiring operations [1]
64 Worker 1 forwarding task 12
64 Worker 0 processing task 22 requiring operations [1]
64 Worker 0 forwarding task 22
64 Worker 2 processing task 19 requiring operations [7]
64 Worker 2 performing operation 7 on task 19
64 Worker 4 processing task 32 requiring operations [10, 4, 3]
64 Worker 4 forwarding task 32
65 Worker 3 accepting task 12
65 Worker 4 accepting task 22
65 Task 19 completed!
65 Worker 1 accepting task 32
65 Worker 1 processing task 21 requiring operations [5, 3]
65 Worker 1 forwarding task 21
65 Worker 0 processing task 30 requiring operations [2, 3, 5]
65 Worker 0 forwarding task 30
65 Worker 4 processing task 22 requiring operations [1]
65 Worker 4 forwarding task 22
65 Worker 3 processing task 12 requiring operations [1]
65 Worker 3 forwarding task 12
66 Generated task 33
66 Worker 3 accepting task 33
66 Worker 3 accepting task 21
66 Worker 3 accepting task 30
66 Worker 0 accepting task 22
66 Worker 1 accepting task 12
66 Worker 1 processing task 15 requiring operations [1]
66 Worker 1 forwarding task 15
66 Worker 0 processing task 11 requiring operations [5]
66 Worker 0 forwarding task 11
66 Worker 3 processing task 33 requiring operations [2, 6, 3]
66 Worker 3 performing operation 3 on task 33
67 Worker 2 accepting task 15
67 Worker 3 accepting task 11
67 Worker 3 accepting task 33
67 Worker 1 processing task 25 requiring operations [1, 7]
67 Worker 1 forwarding task 25
67 Worker 0 processing task 16 requiring operations [1]
67 Worker 0 forwarding task 16
67 Worker 3 processing task 21 requiring operations [5, 3]
67 Worker 3 performing operation 3 on task 21
67 Worker 2 processing task 15 requiring operations [1]
67 Worker 2 performing operation 1 on task 15
68 Generated task 34
68 Worker 1 accepting task 34
68 Worker 3 accepting task 25
68 Worker 4 accepting task 16
68 Worker 3 accepting task 21
68 Task 15 completed!
68 Worker 1 processing task 14 requiring operations [1]
68 Worker 1 forwarding task 14
68 Worker 0 processing task 8 requiring operations [5]
68 Worker 0 forwarding task 8
68 Worker 3 processing task 30 requiring operations [2, 3, 5]
68 Worker 3 performing operation 3 on task 30
68 Worker 4 processing task 16 requiring operations [1]
68 Worker 4 forwarding task 16
69 Worker 3 accepting task 14
69 Worker 2 accepting task 8
69 Worker 3 accepting task 30
69 Worker 1 accepting task 16
69 Worker 1 processing task 7 requiring operations [7]
69 Worker 1 forwarding task 7
69 Worker 0 processing task 31 requiring operations [6, 7, 10]
69 Worker 0 performing operation 6 on task 31
69 Worker 3 processing task 11 requiring operations [5]
69 Worker 3 performing operation 5 on task 11
69 Worker 2 processing task 8 requiring operations [5]
69 Worker 2 forwarding task 8
70 Generated task 35
70 Worker 4 accepting task 35
70 Worker 3 accepting task 7
70 Worker 0 accepting task 31
70 Task 11 completed!
70 Worker 0 accepting task 8
70 Worker 1 processing task 29 requiring operations [2, 10]
70 Worker 1 performing operation 10 on task 29
70 Worker 0 processing task 28 requiring operations [3, 5]
70 Worker 0 forwarding task 28
70 Worker 3 processing task 33 requiring operations [2, 6]
70 Worker 3 forwarding task 33
70 Worker 4 processing task 35 requiring operations [1, 4, 3]
70 Worker 4 forwarding task 35
71 Worker 1 accepting task 29
71 Worker 3 accepting task 28
71 Worker 0 accepting task 33
71 Worker 0 accepting task 35
71 Worker 1 processing task 26 requiring operations [1, 7]
71 Worker 1 forwarding task 26
71 Worker 0 processing task 23 requiring operations [4, 5]
71 Worker 0 performing operation 4 on task 23
71 Worker 3 processing task 25 requiring operations [1, 7]
71 Worker 3 forwarding task 25
72 Generated task 36
72 Worker 0 accepting task 36
72 Worker 4 accepting task 26
72 Worker 0 accepting task 23
72 Worker 0 accepting task 25
72 Worker 1 processing task 32 requiring operations [10, 4, 3]
72 Worker 1 performing operation 10 on task 32
72 Worker 0 processing task 18 requiring operations [9]
72 Worker 0 forwarding task 18
72 Worker 3 processing task 21 requiring operations [5]
72 Worker 3 performing operation 5 on task 21
72 Worker 4 processing task 26 requiring operations [1, 7]
72 Worker 4 forwarding task 26
73 Worker 1 accepting task 32
73 Worker 1 accepting task 18
73 Task 21 completed!
73 Worker 0 accepting task 26
73 Worker 1 processing task 12 requiring operations [1]
73 Worker 1 forwarding task 12
73 Worker 0 processing task 27 requiring operations [6]
73 Worker 0 performing operation 6 on task 27
73 Worker 3 processing task 14 requiring operations [1]
73 Worker 3 forwarding task 14
74 Generated task 37
74 Worker 0 accepting task 37
74 Worker 4 accepting task 12
74 Task 27 completed!
74 Worker 0 accepting task 14
74 Worker 1 processing task 34 requiring operations [7, 4, 1]
74 Worker 1 forwarding task 34
74 Worker 0 processing task 6 requiring operations [1]
74 Worker 0 forwarding task 6
74 Worker 3 processing task 30 requiring operations [2, 5]
74 Worker 3 performing operation 5 on task 30
74 Worker 4 processing task 12 requiring operations [1]
74 Worker 4 forwarding task 12
75 Worker 4 accepting task 34
75 Worker 2 accepting task 6
75 Worker 3 accepting task 30
75 Worker 0 accepting task 12
75 Worker 1 processing task 16 requiring operations [1]
75 Worker 1 forwarding task 16
75 Worker 0 processing task 22 requiring operations [1]
75 Worker 0 forwarding task 22
75 Worker 3 processing task 7 requiring operations [7]
75 Worker 3 forwarding task 7
75 Worker 4 processing task 34 requiring operations [7, 4, 1]
75 Worker 4 forwarding task 34
75 Worker 2 processing task 6 requiring operations [1]
75 Worker 2 performing operation 1 on task 6
76 Generated task 38
76 Worker 0 accepting task 38
76 Worker 3 accepting task 16
76 Worker 1 accepting task 22
76 Worker 1 accepting task 7
76 Worker 0 accepting task 34
76 Task 6 completed!
76 Worker 1 processing task 29 requiring operations [2]
76 Worker 1 performing operation 2 on task 29
76 Worker 0 processing task 31 requiring operations [7, 10]
76 Worker 0 forwarding task 31
76 Worker 3 processing task 28 requiring operations [3, 5]
76 Worker 3 performing operation 5 on task 28
77 Task 29 completed!
77 Worker 4 accepting task 31
77 Worker 3 accepting task 28
77 Worker 1 processing task 32 requiring operations [4, 3]
77 Worker 1 forwarding task 32
77 Worker 0 processing task 8 requiring operations [5]
77 Worker 0 forwarding task 8
77 Worker 3 processing task 30 requiring operations [2]
77 Worker 3 forwarding task 30
77 Worker 4 processing task 31 requiring operations [7, 10]
77 Worker 4 forwarding task 31
78 Generated task 39
78 Worker 0 accepting task 39
78 Worker 2 accepting task 32
78 Worker 1 accepting task 8
78 Worker 1 accepting task 30
78 Worker 0 accepting task 31
78 Worker 1 processing task 18 requiring operations [9]
78 Worker 1 forwarding task 18
78 Worker 0 processing task 33 requiring operations [2, 6]
78 Worker 0 performing operation 6 on task 33
78 Worker 3 processing task 16 requiring operations [1]
78 Worker 3 forwarding task 16
78 Worker 2 processing task 32 requiring operations [4, 3]
78 Worker 2 forwarding task 32
79 Worker 2 accepting task 18
79 Worker 0 accepting task 33
79 Worker 0 accepting task 16
79 Worker 1 accepting task 32
79 Worker 1 processing task 22 requiring operations [1]
79 Worker 1 forwarding task 22
79 Worker 0 processing task 35 requiring operations [1, 4, 3]
79 Worker 0 performing operation 4 on task 35
79 Worker 3 processing task 28 requiring operations [3]
79 Worker 3 performing operation 3 on task 28
79 Worker 2 processing task 18 requiring operations [9]
79 Worker 2 forwarding task 18
80 Generated task 40
80 Worker 4 accepting task 40
80 Worker 3 accepting task 22
80 Worker 0 accepting task 35
80 Task 28 completed!
80 Worker 1 accepting task 18
80 Worker 1 processing task 7 requiring operations [7]
80 Worker 1 forwarding task 7
80 Worker 0 processing task 36 requiring operations [9, 6, 8]
80 Worker 0 performing operation 6 on task 36
80 Worker 3 processing task 22 requiring operations [1]
80 Worker 3 forwarding task 22
80 Worker 4 processing task 40 requiring operations [9, 1, 5]
80 Worker 4 forwarding task 40
81 Worker 0 accepting task 7
81 Worker 0 accepting task 36
81 Worker 0 accepting task 22
81 Worker 0 accepting task 40
81 Worker 1 processing task 8 requiring operations [5]
81 Worker 1 forwarding task 8
81 Worker 0 processing task 23 requiring operations [5]
81 Worker 0 forwarding task 23
82 Generated task 41
82 Worker 1 accepting task 41
82 Worker 2 accepting task 8
82 Worker 3 accepting task 23
82 Worker 1 processing task 30 requiring operations [2]
82 Worker 1 performing operation 2 on task 30
82 Worker 0 processing task 25 requiring operations [1, 7]
82 Worker 0 forwarding task 25
82 Worker 2 processing task 8 requiring operations [5]
82 Worker 2 forwarding task 8
82 Worker 3 processing task 23 requiring operations [5]
82 Worker 3 performing operation 5 on task 23
83 Task 30 completed!
83 Worker 1 accepting task 25
83 Worker 0 accepting task 8
83 Task 23 completed!
83 Worker 1 processing task 32 requiring operations [4, 3]
83 Worker 1 forwarding task 32
83 Worker 0 processing task 26 requiring operations [1, 7]
83 Worker 0 forwarding task 26
84 Generated task 42
84 Worker 3 accepting task 42
84 Worker 4 accepting task 32
84 Worker 3 accepting task 26
84 Worker 1 processing task 18 requiring operations [9]
84 Worker 1 forwarding task 18
84 Worker 0 processing task 37 requiring operations [6, 9, 8]
84 Worker 0 performing operation 6 on task 37
84 Worker 3 processing task 42 requiring operations [8, 5, 3]
84 Worker 3 performing operation 3 on task 42
84 Worker 4 processing task 32 requiring operations [4, 3]
84 Worker 4 forwarding task 32
85 Worker 0 accepting task 18
85 Worker 0 accepting task 37
85 Worker 3 accepting task 42
85 Worker 1 accepting task 32
85 Worker 1 processing task 41 requiring operations [10, 4, 5]
85 Worker 1 performing operation 10 on task 41
85 Worker 0 processing task 14 requiring operations [1]
85 Worker 0 forwarding task 14
85 Worker 3 processing task 26 requiring operations [1, 7]
85 Worker 3 forwarding task 26
86 Generated task 43
86 Worker 0 accepting task 43
86 Worker 1 accepting task 41
86 Worker 1 accepting task 14
86 Worker 0 accepting task 26
86 Worker 1 processing task 25 requiring operations [1, 7]
86 Worker 1 forwarding task 25
86 Worker 0 processing task 12 requiring operations [1]
86 Worker 0 forwarding task 12
86 Worker 3 processing task 42 requiring operations [8, 5]
86 Worker 3 performing operation 5 on task 42
87 Worker 4 accepting task 25
87 Worker 2 accepting task 12
87 Worker 3 accepting task 42
87 Worker 1 processing task 32 requiring operations [4, 3]
87 Worker 1 forwarding task 32
87 Worker 0 processing task 38 requiring operations [4, 7, 1]
87 Worker 0 performing operation 4 on task 38
87 Worker 3 processing task 42 requiring operations [8]
87 Worker 3 forwarding task 42
87 Worker 4 processing task 25 requiring operations [1, 7]
87 Worker 4 forwarding task 25
87 Worker 2 processing task 12 requiring operations [1]
87 Worker 2 performing operation 1 on task 12
88 Generated task 44
88 Worker 0 accepting task 44
88 Worker 3 accepting task 32
88 Worker 0 accepting task 38
88 Worker 1 accepting task 42
88 Worker 1 accepting task 25
88 Task 12 completed!
88 Worker 1 processing task 41 requiring operations [4, 5]
88 Worker 1 forwarding task 41
88 Worker 0 processing task 34 requiring operations [7, 4, 1]
88 Worker 0 performing operation 4 on task 34
88 Worker 3 processing task 32 requiring operations [4, 3]
88 Worker 3 performing operation 3 on task 32
89 Worker 0 accepting task 41
89 Worker 0 accepting task 34
89 Worker 3 accepting task 32
89 Worker 1 processing task 14 requiring operations [1]
89 Worker 1 forwarding task 14
89 Worker 0 processing task 39 requiring operations [2, 3, 8]
89 Worker 0 performing operation 8 on task 39
89 Worker 3 processing task 32 requiring operations [4]
89 Worker 3 performing operation 4 on task 32
90 Generated task 45
90 Worker 4 accepting task 45
90 Worker 0 accepting task 14
90 Worker 0 accepting task 39
90 Task 32 completed!
90 Worker 1 processing task 42 requiring operations [8]
90 Worker 1 forwarding task 42
90 Worker 0 processing task 31 requiring operations [7, 10]
90 Worker 0 forwarding task 31
90 Worker 4 processing task 45 requiring operations [5, 1, 10]
90 Worker 4 forwarding task 45
91 Worker 3 accepting task 42
91 Worker 2 accepting task 31
91 Worker 1 accepting task 45
91 Worker 1 processing task 25 requiring operations [1, 7]
91 Worker 1 forwarding task 25
91 Worker 0 processing task 33 requiring operations [2]
91 Worker 0 forwarding task 33
91 Worker 3 processing task 42 requiring operations [8]
91 Worker 3 forwarding task 42
91 Worker 2 processing task 31 requiring operations [7, 10]
91 Worker 2 performing operation 7 on task 31
92 Generated task 46
92 Worker 2 accepting task 46
92 Worker 2 accepting task 25
92 Worker 1 accepting task 33
92 Worker 0 accepting task 42
92 Worker 2 accepting task 31
92 Worker 1 processing task 45 requiring operations [5, 1, 10]
92 Worker 1 performing operation 10 on task 45
92 Worker 0 processing task 16 requiring operations [1]
92 Worker 0 forwarding task 16
92 Worker 2 processing task 46 requiring operations [1, 7, 10]
92 Worker 2 performing operation 1 on task 46
93 Worker 1 accepting task 45
93 Worker 2 accepting task 16
93 Worker 2 accepting task 46
93 Worker 1 processing task 33 requiring operations [2]
93 Worker 1 performing operation 2 on task 33
93 Worker 0 processing task 35 requiring operations [1, 3]
93 Worker 0 forwarding task 35
93 Worker 2 processing task 25 requiring operations [1, 7]
93 Worker 2 performing operation 7 on task 25
94 Generated task 47
94 Worker 0 accepting task 47
94 Task 33 completed!
94 Worker 1 accepting task 35
94 Worker 2 accepting task 25
94 Worker 1 processing task 45 requiring operations [5, 1]
94 Worker 1 forwarding task 45
94 Worker 0 processing task 7 requiring operations [7]
94 Worker 0 forwarding task 7
94 Worker 2 processing task 31 requiring operations [10]
94 Worker 2 forwarding task 31
95 Worker 2 accepting task 45
95 Worker 3 accepting task 7
95 Worker 1 accepting task 31
95 Worker 1 processing task 35 requiring operations [1, 3]
95 Worker 1 forwarding task 35
95 Worker 0 processing task 36 requiring operations [9, 8]
95 Worker 0 performing operation 8 on task 36
95 Worker 2 processing task 16 requiring operations [1]
95 Worker 2 performing operation 1 on task 16
95 Worker 3 processing task 7 requiring operations [7]
95 Worker 3 forwarding task 7
96 Generated task 48
96 Worker 4 accepting task 48
96 Worker 3 accepting task 35
96 Worker 0 accepting task 36
96 Task 16 completed!
96 Worker 0 accepting task 7
96 Worker 1 processing task 31 requiring operations [10]
96 Worker 1 performing operation 10 on task 31
96 Worker 0 processing task 22 requiring operations [1]
96 Worker 0 forwarding task 22
96 Worker 2 processing task 46 requiring operations [7, 10]
96 Worker 2 performing operation 7 on task 46
96 Worker 3 processing task 35 requiring operations [1, 3]
96 Worker 3 performing operation 3 on task 35
96 Worker 4 processing task 48 requiring operations [10, 5, 3]
96 Worker 4 forwarding task 48
97 Task 31 completed!
97 Worker 1 accepting task 22
97 Worker 2 accepting task 46
97 Worker 3 accepting task 35
97 Worker 0 accepting task 48
97 Worker 0 processing task 40 requiring operations [9, 1, 5]
97 Worker 0 forwarding task 40
97 Worker 2 processing task 25 requiring operations [1]
97 Worker 2 performing operation 1 on task 25
97 Worker 3 processing task 35 requiring operations [1]
97 Worker 3 forwarding task 35
97 Worker 1 processing task 22 requiring operations [1]
97 Worker 1 forwarding task 22
98 Generated task 49
98 Worker 2 accepting task 49
98 Worker 3 accepting task 40
98 Task 25 completed!
98 Worker 1 accepting task 35
98 Worker 0 accepting task 22
98 Worker 0 processing task 8 requiring operations [5]
98 Worker 0 forwarding task 8
98 Worker 2 processing task 45 requiring operations [5, 1]
98 Worker 2 performing operation 1 on task 45
98 Worker 3 processing task 40 requiring operations [9, 1, 5]
98 Worker 3 performing operation 9 on task 40
98 Worker 1 processing task 35 requiring operations [1]
98 Worker 1 forwarding task 35
99 Worker 1 accepting task 8
99 Worker 2 accepting task 45
99 Worker 3 accepting task 40
99 Worker 3 accepting task 35
99 Worker 0 processing task 18 requiring operations [9]
99 Worker 0 forwarding task 18
99 Worker 2 processing task 46 requiring operations [10]
99 Worker 2 forwarding task 46
99 Worker 3 processing task 40 requiring operations [1, 5]
99 Worker 3 performing operation 5 on task 40
99 Worker 1 processing task 8 requiring operations [5]
99 Worker 1 forwarding task 8
100 Generated task 50
100 Worker 4 accepting task 50
100 Worker 3 accepting task 18
100 Worker 1 accepting task 46
100 Worker 3 accepting task 40
100 Worker 0 accepting task 8
100 Worker 0 processing task 37 requiring operations [9, 8]
100 Worker 0 performing operation 8 on task 37
100 Worker 2 processing task 49 requiring operations [3, 6, 2]
100 Worker 2 forwarding task 49
100 Worker 3 processing task 35 requiring operations [1]
100 Worker 3 forwarding task 35
100 Worker 1 processing task 46 requiring operations [10]
100 Worker 1 performing operation 10 on task 46
100 Worker 4 processing task 50 requiring operations [9, 1, 4]
100 Worker 4 forwarding task 50
101 Worker 0 accepting task 37
101 Worker 1 accepting task 49
101 Worker 1 accepting task 35
101 Task 46 completed!
101 Worker 1 accepting task 50
101 Worker 0 processing task 43 requiring operations [3, 10, 7]
101 Worker 0 forwarding task 43
101 Worker 2 processing task 45 requiring operations [5]
101 Worker 2 forwarding task 45
101 Worker 3 processing task 18 requiring operations [9]
101 Worker 3 performing operation 9 on task 18
101 Worker 1 processing task 49 requiring operations [3, 6, 2]
101 Worker 1 performing operation 2 on task 49
102 Generated task 51
102 Worker 2 accepting task 51
102 Worker 4 accepting task 43
102 Worker 0 accepting task 45
102 Task 18 completed!
102 Worker 1 accepting task 49
102 Worker 0 processing task 26 requiring operations [1, 7]
102 Worker 0 forwarding task 26
102 Worker 2 processing task 51 requiring operations [9, 10, 6]
102 Worker 2 forwarding task 51
102 Worker 3 processing task 40 requiring operations [1]
102 Worker 3 forwarding task 40
102 Worker 1 processing task 35 requiring operations [1]
102 Worker 1 forwarding task 35
102 Worker 4 processing task 43 requiring operations [3, 10, 7]
102 Worker 4 forwarding task 43
103 Worker 1 accepting task 26
103 Worker 1 accepting task 51
103 Worker 1 accepting task 40
103 Worker 0 accepting task 35
103 Worker 0 accepting task 43
103 Worker 0 processing task 44 requiring operations [6, 9, 8]
103 Worker 0 performing operation 8 on task 44
103 Worker 1 processing task 50 requiring operations [9, 1, 4]
103 Worker 1 forwarding task 50
104 Generated task 52
104 Worker 1 accepting task 52
104 Worker 0 accepting task 44
104 Worker 3 accepting task 50
104 Worker 0 processing task 38 requiring operations [7, 1]
104 Worker 0 forwarding task 38
104 Worker 1 processing task 49 requiring operations [3, 6]
104 Worker 1 forwarding task 49
104 Worker 3 processing task 50 requiring operations [9, 1, 4]
104 Worker 3 performing operation 4 on task 50
105 Worker 2 accepting task 38
105 Worker 2 accepting task 49
105 Worker 3 accepting task 50
105 Worker 0 processing task 41 requiring operations [4, 5]
105 Worker 0 performing operation 4 on task 41
105 Worker 1 processing task 26 requiring operations [1, 7]
105 Worker 1 forwarding task 26
105 Worker 3 processing task 50 requiring operations [9, 1]
105 Worker 3 performing operation 9 on task 50
105 Worker 2 processing task 38 requiring operations [7, 1]
105 Worker 2 performing operation 7 on task 38
106 Generated task 53
106 Worker 4 accepting task 53
106 Worker 0 accepting task 41
106 Worker 3 accepting task 26
106 Worker 3 accepting task 50
106 Worker 2 accepting task 38
106 Worker 0 processing task 34 requiring operations [7, 1]
106 Worker 0 forwarding task 34
106 Worker 1 processing task 51 requiring operations [9, 10, 6]
106 Worker 1 performing operation 10 on task 51
106 Worker 3 processing task 26 requiring operations [1, 7]
106 Worker 3 forwarding task 26
106 Worker 2 processing task 49 requiring operations [3, 6]
106 Worker 2 forwarding task 49
106 Worker 4 processing task 53 requiring operations [7, 9, 2]
106 Worker 4 performing operation 2 on task 53
107 Worker 1 accepting task 34
107 Worker 1 accepting task 51
107 Worker 0 accepting task 26
107 Worker 1 accepting task 49
107 Worker 4 accepting task 53
107 Worker 0 processing task 14 requiring operations [1]
107 Worker 0 forwarding task 14
107 Worker 1 processing task 40 requiring operations [1]
107 Worker 1 forwarding task 40
107 Worker 3 processing task 50 requiring operations [1]
107 Worker 3 forwarding task 50
107 Worker 2 processing task 38 requiring operations [1]
107 Worker 2 performing operation 1 on task 38
107 Worker 4 processing task 53 requiring operations [7, 9]
107 Worker 4 forwarding task 53
108 Generated task 54
108 Worker 2 accepting task 54
108 Worker 3 accepting task 14
108 Worker 4 accepting task 40
108 Worker 1 accepting task 50
108 Task 38 completed!
108 Worker 1 accepting task 53
108 Worker 0 processing task 39 requiring operations [2, 3]
108 Worker 0 forwarding task 39
108 Worker 1 processing task 52 requiring operations [1, 4, 8]
108 Worker 1 forwarding task 52
108 Worker 3 processing task 14 requiring operations [1]
108 Worker 3 forwarding task 14
108 Worker 2 processing task 54 requiring operations [10, 7, 1]
108 Worker 2 performing operation 7 on task 54
108 Worker 4 processing task 40 requiring operations [1]
108 Worker 4 forwarding task 40
109 Worker 2 accepting task 39
109 Worker 0 accepting task 52
109 Worker 1 accepting task 14
109 Worker 2 accepting task 54
109 Worker 0 accepting task 40
109 Worker 0 processing task 42 requiring operations [8]
109 Worker 0 performing operation 8 on task 42
109 Worker 1 processing task 34 requiring operations [7, 1]
109 Worker 1 forwarding task 34
109 Worker 2 processing task 39 requiring operations [2, 3]
109 Worker 2 forwarding task 39
110 Generated task 55
110 Worker 2 accepting task 55
110 Task 42 completed!
110 Worker 3 accepting task 34
110 Worker 1 accepting task 39
110 Worker 0 processing task 47 requiring operations [6, 5, 9]
110 Worker 0 performing operation 6 on task 47
110 Worker 1 processing task 51 requiring operations [9, 6]
110 Worker 1 forwarding task 51
110 Worker 2 processing task 54 requiring operations [10, 1]
110 Worker 2 performing operation 1 on task 54
110 Worker 3 processing task 34 requiring operations [7, 1]
110 Worker 3 forwarding task 34
111 Worker 0 accepting task 47
111 Worker 0 accepting task 51
111 Worker 2 accepting task 54
111 Worker 0 accepting task 34
111 Worker 0 processing task 36 requiring operations [9]
111 Worker 0 forwarding task 36
111 Worker 1 processing task 49 requiring operations [3, 6]
111 Worker 1 forwarding task 49
111 Worker 2 processing task 55 requiring operations [5, 7, 3]
111 Worker 2 performing operation 7 on task 55
112 Generated task 56
112 Worker 2 accepting task 56
112 Worker 3 accepting task 36
112 Worker 4 accepting task 49
112 Worker 2 accepting task 55
112 Worker 0 processing task 7 requiring operations [7]
112 Worker 0 forwarding task 7
112 Worker 1 processing task 50 requiring operations [1]
112 Worker 1 forwarding task 50
112 Worker 2 processing task 54 requiring operations [10]
112 Worker 2 forwarding task 54
112 Worker 3 processing task 36 requiring operations [9]
112 Worker 3 performing operation 9 on task 36
112 Worker 4 processing task 49 requiring operations [3, 6]
112 Worker 4 performing operation 6 on task 49
113 Worker 1 accepting task 7
113 Worker 2 accepting task 50
113 Worker 0 accepting task 54
113 Task 36 completed!
113 Worker 4 accepting task 49
113 Worker 0 processing task 48 requiring operations [10, 5, 3]
113 Worker 0 forwarding task 48
113 Worker 1 processing task 53 requiring operations [7, 9]
113 Worker 1 forwarding task 53
113 Worker 2 processing task 56 requiring operations [3, 4, 1]
113 Worker 2 performing operation 1 on task 56
113 Worker 4 processing task 49 requiring operations [3]
113 Worker 4 forwarding task 49
114 Generated task 57
114 Worker 2 accepting task 57
114 Worker 3 accepting task 48
114 Worker 4 accepting task 53
114 Worker 2 accepting task 56
114 Worker 1 accepting task 49
114 Worker 0 processing task 22 requiring operations [1]
114 Worker 0 forwarding task 22
114 Worker 1 processing task 14 requiring operations [1]
114 Worker 1 forwarding task 14
114 Worker 2 processing task 55 requiring operations [5, 3]
114 Worker 2 forwarding task 55
114 Worker 4 processing task 53 requiring operations [7, 9]
114 Worker 4 forwarding task 53
114 Worker 3 processing task 48 requiring operations [10, 5, 3]
114 Worker 3 performing operation 5 on task 48
115 Worker 4 accepting task 22
115 Worker 3 accepting task 14
115 Worker 0 accepting task 55
115 Worker 0 accepting task 53
115 Worker 3 accepting task 48
115 Worker 0 processing task 8 requiring operations [5]
115 Worker 0 forwarding task 8
115 Worker 1 processing task 39 requiring operations [2, 3]
115 Worker 1 performing operation 2 on task 39
115 Worker 2 processing task 50 requiring operations [1]
115 Worker 2 performing operation 1 on task 50
115 Worker 4 processing task 22 requiring operations [1]
115 Worker 4 forwarding task 22
115 Worker 3 processing task 14 requiring operations [1]
115 Worker 3 forwarding task 14
116 Generated task 58
116 Worker 3 accepting task 58
116 Worker 4 accepting task 8
116 Worker 1 accepting task 39
116 Task 50 completed!
116 Worker 0 accepting task 22
116 Worker 1 accepting task 14
116 Worker 0 processing task 37 requiring operations [9]
116 Worker 0 forwarding task 37
116 Worker 1 processing task 7 requiring operations [7]
116 Worker 1 forwarding task 7
116 Worker 2 processing task 57 requiring operations [9, 10, 5]
116 Worker 2 forwarding task 57
116 Worker 4 processing task 8 requiring operations [5]
116 Worker 4 forwarding task 8
116 Worker 3 processing task 48 requiring operations [10, 3]
116 Worker 3 performing operation 3 on task 48
117 Worker 4 accepting task 37
117 Worker 3 accepting task 7
117 Worker 0 accepting task 57
117 Worker 1 accepting task 8
117 Worker 3 accepting task 48
117 Worker 0 processing task 45 requiring operations [5]
117 Worker 0 forwarding task 45
117 Worker 1 processing task 49 requiring operations [3]
117 Worker 1 forwarding task 49
117 Worker 2 processing task 56 requiring operations [3, 4]
117 Worker 2 forwarding task 56
117 Worker 4 processing task 37 requiring operations [9]
117 Worker 4 forwarding task 37
117 Worker 3 processing task 58 requiring operations [2, 4, 1]
117 Worker 3 performing operation 4 on task 58
118 Generated task 59
118 Worker 0 accepting task 59
118 Worker 4 accepting task 45
118 Worker 4 accepting task 49
118 Worker 0 accepting task 56
118 Worker 1 accepting task 37
118 Worker 3 accepting task 58
118 Worker 0 processing task 35 requiring operations [1]
118 Worker 0 forwarding task 35
118 Worker 1 processing task 39 requiring operations [3]
118 Worker 1 forwarding task 39
118 Worker 4 processing task 45 requiring operations [5]
118 Worker 4 forwarding task 45
118 Worker 3 processing task 7 requiring operations [7]
118 Worker 3 forwarding task 7
119 Worker 4 accepting task 35
119 Worker 2 accepting task 39
119 Worker 0 accepting task 45
119 Worker 1 accepting task 7
119 Worker 0 processing task 43 requiring operations [3, 10, 7]
119 Worker 0 forwarding task 43
119 Worker 1 processing task 14 requiring operations [1]
119 Worker 1 forwarding task 14
119 Worker 4 processing task 49 requiring operations [3]
119 Worker 4 forwarding task 49
119 Worker 3 processing task 48 requiring operations [10]
119 Worker 3 forwarding task 48
119 Worker 2 processing task 39 requiring operations [3]
119 Worker 2 forwarding task 39
120 Generated task 60
120 Worker 3 accepting task 60
120 Worker 2 accepting task 43
120 Worker 2 accepting task 14
120 Worker 0 accepting task 49
120 Worker 0 accepting task 48
120 Worker 1 accepting task 39
120 Worker 0 processing task 44 requiring operations [6, 9]
120 Worker 0 performing operation 6 on task 44
120 Worker 1 processing task 8 requiring operations [5]
120 Worker 1 forwarding task 8
120 Worker 4 processing task 35 requiring operations [1]
120 Worker 4 forwarding task 35
120 Worker 3 processing task 58 requiring operations [2, 1]
120 Worker 3 forwarding task 58
120 Worker 2 processing task 43 requiring operations [3, 10, 7]
120 Worker 2 performing operation 7 on task 43
121 Worker 0 accepting task 44
121 Worker 3 accepting task 8
121 Worker 1 accepting task 35
121 Worker 0 accepting task 58
121 Worker 2 accepting task 43
121 Worker 0 processing task 41 requiring operations [5]
121 Worker 0 forwarding task 41
121 Worker 1 processing task 37 requiring operations [9]
121 Worker 1 forwarding task 37
121 Worker 3 processing task 60 requiring operations [6, 2, 4]
121 Worker 3 performing operation 4 on task 60
121 Worker 2 processing task 14 requiring operations [1]
121 Worker 2 performing operation 1 on task 14
122 Generated task 61
122 Worker 4 accepting task 61
122 Worker 3 accepting task 41
122 Worker 0 accepting task 37
122 Worker 3 accepting task 60
122 Task 14 completed!
122 Worker 0 processing task 26 requiring operations [1, 7]
122 Worker 0 forwarding task 26
122 Worker 1 processing task 7 requiring operations [7]
122 Worker 1 forwarding task 7
122 Worker 3 processing task 8 requiring operations [5]
122 Worker 3 performing operation 5 on task 8
122 Worker 2 processing task 43 requiring operations [3, 10]
122 Worker 2 forwarding task 43
122 Worker 4 processing task 61 requiring operations [5, 10, 7]
122 Worker 4 forwarding task 61
123 Worker 4 accepting task 26
123 Worker 4 accepting task 7
123 Task 8 completed!
123 Worker 0 accepting task 43
123 Worker 1 accepting task 61
123 Worker 0 processing task 52 requiring operations [1, 4, 8]
123 Worker 0 performing operation 8 on task 52
123 Worker 1 processing task 39 requiring operations [3]
123 Worker 1 forwarding task 39
123 Worker 3 processing task 41 requiring operations [5]
123 Worker 3 performing operation 5 on task 41
123 Worker 4 processing task 26 requiring operations [1, 7]
123 Worker 4 forwarding task 26
124 Generated task 62
124 Worker 3 accepting task 62
124 Worker 0 accepting task 52
124 Worker 4 accepting task 39
124 Task 41 completed!
124 Worker 1 accepting task 26
124 Worker 0 processing task 40 requiring operations [1]
124 Worker 0 forwarding task 40
124 Worker 1 processing task 35 requiring operations [1]
124 Worker 1 forwarding task 35
124 Worker 3 processing task 60 requiring operations [6, 2]
124 Worker 3 forwarding task 60
124 Worker 4 processing task 7 requiring operations [7]
124 Worker 4 forwarding task 7
125 Worker 3 accepting task 40
125 Worker 2 accepting task 35
125 Worker 1 accepting task 60
125 Worker 1 accepting task 7
125 Worker 0 processing task 47 requiring operations [5, 9]
125 Worker 0 forwarding task 47
125 Worker 1 processing task 61 requiring operations [5, 10, 7]
125 Worker 1 performing operation 10 on task 61
125 Worker 3 processing task 62 requiring operations [6, 2, 5]
125 Worker 3 performing operation 5 on task 62
125 Worker 4 processing task 39 requiring operations [3]
125 Worker 4 forwarding task 39
125 Worker 2 processing task 35 requiring operations [1]
125 Worker 2 performing operation 1 on task 35
126 Generated task 63
126 Worker 1 accepting task 63
126 Worker 1 accepting task 47
126 Worker 1 accepting task 61
126 Worker 3 accepting task 62
126 Worker 1 accepting task 39
126 Task 35 completed!
126 Worker 0 processing task 51 requiring operations [9, 6]
126 Worker 0 performing operation 6 on task 51
126 Worker 1 processing task 26 requiring operations [1, 7]
126 Worker 1 forwarding task 26
126 Worker 3 processing task 40 requiring operations [1]
126 Worker 3 forwarding task 40
127 Worker 0 accepting task 51
127 Worker 3 accepting task 26
127 Worker 1 accepting task 40
127 Worker 0 processing task 34 requiring operations [7, 1]
127 Worker 0 forwarding task 34
127 Worker 1 processing task 60 requiring operations [6, 2]
127 Worker 1 performing operation 2 on task 60
127 Worker 3 processing task 62 requiring operations [6, 2]
127 Worker 3 forwarding task 62
128 Generated task 64
128 Worker 4 accepting task 64
128 Worker 2 accepting task 34
128 Worker 1 accepting task 60
128 Worker 0 accepting task 62
128 Worker 0 processing task 54 requiring operations [10]
128 Worker 0 forwarding task 54
128 Worker 1 processing task 7 requiring operations [7]
128 Worker 1 forwarding task 7
128 Worker 3 processing task 26 requiring operations [1, 7]
128 Worker 3 forwarding task 26
128 Worker 4 processing task 64 requiring operations [1, 10, 3]
128 Worker 4 forwarding task 64
128 Worker 2 processing task 34 requiring operations [7, 1]
128 Worker 2 performing operation 7 on task 34
129 Worker 3 accepting task 54
129 Worker 4 accepting task 7
129 Worker 0 accepting task 26
129 Worker 0 accepting task 64
129 Worker 2 accepting task 34
129 Worker 0 processing task 55 requiring operations [5, 3]
129 Worker 0 forwarding task 55
129 Worker 1 processing task 63 requiring operations [4, 3, 9]
129 Worker 1 forwarding task 63
129 Worker 3 processing task 54 requiring operations [10]
129 Worker 3 forwarding task 54
129 Worker 4 processing task 7 requiring operations [7]
129 Worker 4 forwarding task 7
129 Worker 2 processing task 34 requiring operations [1]
129 Worker 2 performing operation 1 on task 34
130 Generated task 65
130 Worker 0 accepting task 65
130 Worker 4 accepting task 55
130 Worker 0 accepting task 63
130 Worker 1 accepting task 54
130 Worker 1 accepting task 7
130 Task 34 completed!
130 Worker 0 processing task 53 requiring operations [7, 9]
130 Worker 0 forwarding task 53
130 Worker 1 processing task 47 requiring operations [5, 9]
130 Worker 1 forwarding task 47
130 Worker 4 processing task 55 requiring operations [5, 3]
130 Worker 4 forwarding task 55
131 Worker 4 accepting task 53
131 Worker 3 accepting task 47
131 Worker 0 accepting task 55
131 Worker 0 processing task 22 requiring operations [1]
131 Worker 0 forwarding task 22
131 Worker 1 processing task 61 requiring operations [5, 7]
131 Worker 1 forwarding task 61
131 Worker 4 processing task 53 requiring operations [7, 9]
131 Worker 4 forwarding task 53
131 Worker 3 processing task 47 requiring operations [5, 9]
131 Worker 3 performing operation 9 on task 47
132 Generated task 66
132 Worker 4 accepting task 66
132 Worker 3 accepting task 22
132 Worker 2 accepting task 61
132 Worker 0 accepting task 53
132 Worker 3 accepting task 47
132 Worker 0 processing task 57 requiring operations [9, 10, 5]
132 Worker 0 forwarding task 57
132 Worker 1 processing task 39 requiring operations [3]
132 Worker 1 forwarding task 39
132 Worker 4 processing task 66 requiring operations [7, 4, 5]
132 Worker 4 forwarding task 66
132 Worker 3 processing task 22 requiring operations [1]
132 Worker 3 forwarding task 22
132 Worker 2 processing task 61 requiring operations [5, 7]
132 Worker 2 performing operation 7 on task 61
133 Worker 4 accepting task 57
133 Worker 4 accepting task 39
133 Worker 0 accepting task 66
133 Worker 1 accepting task 22
133 Worker 2 accepting task 61
133 Worker 0 processing task 59 requiring operations [7, 8, 5]
133 Worker 0 performing operation 8 on task 59
133 Worker 1 processing task 40 requiring operations [1]
133 Worker 1 forwarding task 40
133 Worker 4 processing task 57 requiring operations [9, 10, 5]
133 Worker 4 forwarding task 57
133 Worker 3 processing task 47 requiring operations [5]
133 Worker 3 performing operation 5 on task 47
133 Worker 2 processing task 61 requiring operations [5]
133 Worker 2 forwarding task 61
134 Generated task 67
134 Worker 3 accepting task 67
134 Worker 0 accepting task 59
134 Worker 4 accepting task 40
134 Worker 0 accepting task 57
134 Task 47 completed!
134 Worker 0 accepting task 61
134 Worker 0 processing task 56 requiring operations [3, 4]
134 Worker 0 performing operation 4 on task 56
134 Worker 1 processing task 60 requiring operations [6]
134 Worker 1 forwarding task 60
134 Worker 4 processing task 39 requiring operations [3]
134 Worker 4 forwarding task 39
134 Worker 3 processing task 67 requiring operations [3, 9, 4]
134 Worker 3 performing operation 9 on task 67
135 Worker 0 accepting task 56
135 Worker 2 accepting task 60
135 Worker 1 accepting task 39
135 Worker 3 accepting task 67
135 Worker 0 processing task 45 requiring operations [5]
135 Worker 0 forwarding task 45
135 Worker 1 processing task 54 requiring operations [10]
135 Worker 1 performing operation 10 on task 54
135 Worker 4 processing task 40 requiring operations [1]
135 Worker 4 forwarding task 40
135 Worker 3 processing task 67 requiring operations [3, 4]
135 Worker 3 performing operation 3 on task 67
135 Worker 2 processing task 60 requiring operations [6]
135 Worker 2 forwarding task 60
136 Generated task 68
136 Worker 0 accepting task 68
136 Worker 4 accepting task 45
136 Task 54 completed!
136 Worker 0 accepting task 40
136 Worker 3 accepting task 67
136 Worker 1 accepting task 60
136 Worker 0 processing task 49 requiring operations [3]
136 Worker 0 forwarding task 49
136 Worker 1 processing task 7 requiring operations [7]
136 Worker 1 forwarding task 7
136 Worker 4 processing task 45 requiring operations [5]
136 Worker 4 forwarding task 45
136 Worker 3 processing task 67 requiring operations [4]
136 Worker 3 performing operation 4 on task 67
137 Worker 2 accepting task 49
137 Worker 3 accepting task 7
137 Worker 1 accepting task 45
137 Task 67 completed!
137 Worker 0 processing task 48 requiring operations [10]
137 Worker 0 forwarding task 48
137 Worker 1 processing task 22 requiring operations [1]
137 Worker 1 forwarding task 22
137 Worker 3 processing task 7 requiring operations [7]
137 Worker 3 forwarding task 7
137 Worker 2 processing task 49 requiring operations [3]
137 Worker 2 forwarding task 49
138 Generated task 69
138 Worker 1 accepting task 69
138 Worker 1 accepting task 48
138 Worker 0 accepting task 22
138 Worker 1 accepting task 7
138 Worker 0 accepting task 49
138 Worker 0 processing task 44 requiring operations [9]
138 Worker 0 forwarding task 44
138 Worker 1 processing task 39 requiring operations [3]
138 Worker 1 forwarding task 39
139 Worker 4 accepting task 44
139 Worker 4 accepting task 39
139 Worker 0 processing task 58 requiring operations [2, 1]
139 Worker 0 forwarding task 58
139 Worker 1 processing task 60 requiring operations [6]
139 Worker 1 forwarding task 60
139 Worker 4 processing task 44 requiring operations [9]
139 Worker 4 forwarding task 44
140 Generated task 70
140 Worker 4 accepting task 70
140 Worker 4 accepting task 58
140 Worker 2 accepting task 60
140 Worker 0 accepting task 44
140 Worker 0 processing task 37 requiring operations [9]
140 Worker 0 forwarding task 37
140 Worker 1 processing task 45 requiring operations [5]
140 Worker 1 forwarding task 45
140 Worker 4 processing task 39 requiring operations [3]
140 Worker 4 forwarding task 39
140 Worker 2 processing task 60 requiring operations [6]
140 Worker 2 forwarding task 60
