Worker 0 can perform operations {4}
Worker 1 can perform operations {5, 7}
Worker 2 can perform operations {1, 3, 5}
Worker 3 can perform operations {1, 10, 2, 6}
Worker 4 can perform operations {8, 9, 2, 6}
Building network type random
Worker 0 connecting to worker 2
Worker 2 connecting to worker 0
Worker 0 connecting to worker 3
Worker 3 connecting to worker 0
Worker 1 connecting to worker 2
Worker 2 connecting to worker 1
Worker 1 connecting to worker 4
Worker 4 connecting to worker 1
Worker 3 connecting to worker 2
Worker 2 connecting to worker 3
Worker 4 connecting to worker 2
Worker 2 connecting to worker 4
Entry nodes are [0, 1, 2, 3, 4]
0 Generated task 0
0 Worker 2 accepting task 0
0 Worker 2 processing task 0 requiring operations [7, 10, 3]
0 Worker 2 performing operation 3 on task 0
1 Worker 2 accepting task 0
1 Worker 2 processing task 0 requiring operations [7, 10]
1 Worker 2 forwarding task 0
2 Generated task 1
2 Worker 4 accepting task 1
2 Worker 4 accepting task 0
2 Worker 4 processing task 1 requiring operations [10, 3, 1]
2 Worker 4 forwarding task 1
3 Worker 1 accepting task 1
3 Worker 4 processing task 0 requiring operations [7, 10]
3 Worker 4 forwarding task 0
3 Worker 1 processing task 1 requiring operations [10, 3, 1]
3 Worker 1 forwarding task 1
4 Generated task 2
4 Worker 0 accepting task 2
4 Worker 2 accepting task 0
4 Worker 2 accepting task 1
4 Worker 0 processing task 2 requiring operations [4, 8, 5]
4 Worker 0 performing operation 4 on task 2
4 Worker 2 processing task 0 requiring operations [7, 10]
4 Worker 2 forwarding task 0
5 Worker 0 accepting task 2
5 Worker 3 accepting task 0
5 Worker 0 processing task 2 requiring operations [8, 5]
5 Worker 0 forwarding task 2
5 Worker 2 processing task 1 requiring operations [10, 3, 1]
5 Worker 2 performing operation 1 on task 1
5 Worker 3 processing task 0 requiring operations [7, 10]
5 Worker 3 performing operation 10 on task 0
6 Generated task 3
6 Worker 0 accepting task 3
6 Worker 2 accepting task 2
6 Worker 2 accepting task 1
6 Worker 3 accepting task 0
6 Worker 0 processing task 3 requiring operations [9, 8, 7]
6 Worker 0 forwarding task 3
6 Worker 2 processing task 2 requiring operations [8, 5]
6 Worker 2 performing operation 5 on task 2
6 Worker 3 processing task 0 requiring operations [7]
6 Worker 3 forwarding task 0
7 Worker 3 accepting task 3
7 Worker 2 accepting task 2
7 Worker 0 accepting task 0
7 Worker 2 processing task 1 requiring operations [10, 3]
7 Worker 2 performing operation 3 on task 1
7 Worker 3 processing task 3 requiring operations [9, 8, 7]
7 Worker 3 forwarding task 3
7 Worker 0 processing task 0 requiring operations [7]
7 Worker 0 forwarding task 0
8 Generated task 4
8 Worker 2 accepting task 4
8 Worker 2 accepting task 1
8 Worker 2 accepting task 3
8 Worker 2 accepting task 0
8 Worker 2 processing task 2 requiring operations [8]
8 Worker 2 forwarding task 2
9 Worker 3 accepting task 2
9 Worker 2 processing task 4 requiring operations [3, 7, 8]
9 Worker 2 performing operation 3 on task 4
9 Worker 3 processing task 2 requiring operations [8]
9 Worker 3 forwarding task 2
10 Generated task 5
10 Worker 3 accepting task 5
10 Worker 2 accepting task 4
10 Worker 2 accepting task 2
10 Worker 2 processing task 1 requiring operations [10]
10 Worker 2 forwarding task 1
10 Worker 3 processing task 5 requiring operations [2, 9, 8]
10 Worker 3 performing operation 2 on task 5
11 Worker 4 accepting task 1
11 Worker 3 accepting task 5
11 Worker 2 processing task 3 requiring operations [9, 8, 7]
11 Worker 2 forwarding task 3
11 Worker 3 processing task 5 requiring operations [9, 8]
11 Worker 3 forwarding task 5
11 Worker 4 processing task 1 requiring operations [10]
11 Worker 4 forwarding task 1
12 Generated task 6
12 Worker 2 accepting task 6
12 Worker 1 accepting task 3
12 Worker 0 accepting task 5
12 Worker 2 accepting task 1
12 Worker 2 processing task 0 requiring operations [7]
12 Worker 2 forwarding task 0
12 Worker 1 processing task 3 requiring operations [9, 8, 7]
12 Worker 1 performing operation 7 on task 3
12 Worker 0 processing task 5 requiring operations [9, 8]
12 Worker 0 forwarding task 5
13 Worker 1 accepting task 0
13 Worker 1 accepting task 3
13 Worker 2 accepting task 5
13 Worker 2 processing task 4 requiring operations [7, 8]
13 Worker 2 forwarding task 4
13 Worker 1 processing task 0 requiring operations [7]
13 Worker 1 performing operation 7 on task 0
14 Generated task 7
14 Worker 4 accepting task 7
14 Worker 4 accepting task 4
14 Task 0 completed!
14 Worker 2 processing task 2 requiring operations [8]
14 Worker 2 forwarding task 2
14 Worker 1 processing task 3 requiring operations [9, 8]
14 Worker 1 forwarding task 3
14 Worker 4 processing task 7 requiring operations [4, 2, 5]
14 Worker 4 performing operation 2 on task 7
15 Worker 0 accepting task 2
15 Worker 2 accepting task 3
15 Worker 4 accepting task 7
15 Worker 2 processing task 6 requiring operations [4, 5, 3]
15 Worker 2 performing operation 3 on task 6
15 Worker 4 processing task 4 requiring operations [7, 8]
15 Worker 4 performing operation 8 on task 4
15 Worker 0 processing task 2 requiring operations [8]
15 Worker 0 forwarding task 2
16 Generated task 8
16 Worker 4 accepting task 8
16 Worker 2 accepting task 6
16 Worker 4 accepting task 4
16 Worker 2 accepting task 2
16 Worker 2 processing task 1 requiring operations [10]
16 Worker 2 forwarding task 1
16 Worker 4 processing task 7 requiring operations [4, 5]
16 Worker 4 forwarding task 7
17 Worker 3 accepting task 1
17 Worker 1 accepting task 7
17 Worker 2 processing task 5 requiring operations [9, 8]
17 Worker 2 forwarding task 5
17 Worker 4 processing task 8 requiring operations [10, 4, 7]
17 Worker 4 forwarding task 8
17 Worker 3 processing task 1 requiring operations [10]
17 Worker 3 performing operation 10 on task 1
17 Worker 1 processing task 7 requiring operations [4, 5]
17 Worker 1 performing operation 5 on task 7
18 Generated task 9
18 Worker 2 accepting task 9
18 Worker 4 accepting task 5
18 Worker 1 accepting task 8
18 Task 1 completed!
18 Worker 1 accepting task 7
18 Worker 2 processing task 3 requiring operations [9, 8]
18 Worker 2 forwarding task 3
18 Worker 4 processing task 4 requiring operations [7]
18 Worker 4 forwarding task 4
18 Worker 1 processing task 8 requiring operations [10, 4, 7]
18 Worker 1 performing operation 7 on task 8
19 Worker 1 accepting task 3
19 Worker 1 accepting task 4
19 Worker 1 accepting task 8
19 Worker 2 processing task 6 requiring operations [4, 5]
19 Worker 2 performing operation 5 on task 6
19 Worker 4 processing task 5 requiring operations [9, 8]
19 Worker 4 performing operation 8 on task 5
19 Worker 1 processing task 7 requiring operations [4]
19 Worker 1 forwarding task 7
20 Generated task 10
20 Worker 3 accepting task 10
20 Worker 2 accepting task 6
20 Worker 4 accepting task 5
20 Worker 4 accepting task 7
20 Worker 2 processing task 2 requiring operations [8]
20 Worker 2 forwarding task 2
20 Worker 4 processing task 5 requiring operations [9]
20 Worker 4 performing operation 9 on task 5
20 Worker 1 processing task 3 requiring operations [9, 8]
20 Worker 1 forwarding task 3
20 Worker 3 processing task 10 requiring operations [4, 5, 2]
20 Worker 3 performing operation 2 on task 10
21 Worker 4 accepting task 2
21 Task 5 completed!
21 Worker 2 accepting task 3
21 Worker 3 accepting task 10
21 Worker 2 processing task 9 requiring operations [5, 4, 2]
21 Worker 2 performing operation 5 on task 9
21 Worker 4 processing task 7 requiring operations [4]
21 Worker 4 forwarding task 7
21 Worker 1 processing task 4 requiring operations [7]
21 Worker 1 performing operation 7 on task 4
21 Worker 3 processing task 10 requiring operations [4, 5]
21 Worker 3 forwarding task 10
22 Generated task 11
22 Worker 0 accepting task 11
22 Worker 2 accepting task 9
22 Worker 2 accepting task 7
22 Task 4 completed!
22 Worker 0 accepting task 10
22 Worker 2 processing task 6 requiring operations [4]
22 Worker 2 forwarding task 6
22 Worker 4 processing task 2 requiring operations [8]
22 Worker 4 performing operation 8 on task 2
22 Worker 1 processing task 8 requiring operations [10, 4]
22 Worker 1 forwarding task 8
22 Worker 0 processing task 11 requiring operations [2, 3, 4]
22 Worker 0 performing operation 4 on task 11
23 Worker 4 accepting task 6
23 Task 2 completed!
23 Worker 2 accepting task 8
23 Worker 0 accepting task 11
23 Worker 2 processing task 3 requiring operations [9, 8]
23 Worker 2 forwarding task 3
23 Worker 4 processing task 6 requiring operations [4]
23 Worker 4 forwarding task 6
23 Worker 0 processing task 10 requiring operations [4, 5]
23 Worker 0 performing operation 4 on task 10
24 Generated task 12
24 Worker 3 accepting task 12
24 Worker 3 accepting task 3
24 Worker 2 accepting task 6
24 Worker 0 accepting task 10
24 Worker 2 processing task 9 requiring operations [4, 2]
24 Worker 2 forwarding task 9
24 Worker 0 processing task 11 requiring operations [2, 3]
24 Worker 0 forwarding task 11
24 Worker 3 processing task 12 requiring operations [8, 2, 4]
24 Worker 3 performing operation 2 on task 12
25 Worker 1 accepting task 9
25 Worker 3 accepting task 11
25 Worker 3 accepting task 12
25 Worker 2 processing task 7 requiring operations [4]
25 Worker 2 forwarding task 7
25 Worker 0 processing task 10 requiring operations [5]
25 Worker 0 forwarding task 10
25 Worker 3 processing task 3 requiring operations [9, 8]
25 Worker 3 forwarding task 3
25 Worker 1 processing task 9 requiring operations [4, 2]
25 Worker 1 forwarding task 9
26 Generated task 13
26 Worker 4 accepting task 13
26 Worker 0 accepting task 7
26 Worker 2 accepting task 10
26 Worker 0 accepting task 3
26 Worker 4 accepting task 9
26 Worker 2 processing task 8 requiring operations [10, 4]
26 Worker 2 forwarding task 8
26 Worker 0 processing task 7 requiring operations [4]
26 Worker 0 performing operation 4 on task 7
26 Worker 3 processing task 11 requiring operations [2, 3]
26 Worker 3 performing operation 2 on task 11
26 Worker 4 processing task 13 requiring operations [5, 9, 1]
26 Worker 4 performing operation 9 on task 13
27 Worker 0 accepting task 8
27 Task 7 completed!
27 Worker 3 accepting task 11
27 Worker 4 accepting task 13
27 Worker 2 processing task 6 requiring operations [4]
27 Worker 2 forwarding task 6
27 Worker 0 processing task 3 requiring operations [9, 8]
27 Worker 0 forwarding task 3
27 Worker 3 processing task 12 requiring operations [8, 4]
27 Worker 3 forwarding task 12
27 Worker 4 processing task 9 requiring operations [4, 2]
27 Worker 4 performing operation 2 on task 9
28 Generated task 14
28 Worker 3 accepting task 14
28 Worker 4 accepting task 6
28 Worker 2 accepting task 3
28 Worker 2 accepting task 12
28 Worker 4 accepting task 9
28 Worker 2 processing task 10 requiring operations [5]
28 Worker 2 performing operation 5 on task 10
28 Worker 0 processing task 8 requiring operations [10, 4]
28 Worker 0 performing operation 4 on task 8
28 Worker 3 processing task 11 requiring operations [3]
28 Worker 3 forwarding task 11
28 Worker 4 processing task 13 requiring operations [5, 1]
28 Worker 4 forwarding task 13
29 Task 10 completed!
29 Worker 0 accepting task 8
29 Worker 2 accepting task 11
29 Worker 1 accepting task 13
29 Worker 2 processing task 3 requiring operations [9, 8]
29 Worker 2 forwarding task 3
29 Worker 0 processing task 8 requiring operations [10]
29 Worker 0 forwarding task 8
29 Worker 3 processing task 14 requiring operations [8, 4, 7]
29 Worker 3 forwarding task 14
29 Worker 4 processing task 6 requiring operations [4]
29 Worker 4 forwarding task 6
29 Worker 1 processing task 13 requiring operations [5, 1]
29 Worker 1 performing operation 5 on task 13
30 Generated task 15
30 Worker 0 accepting task 15
30 Worker 0 accepting task 3
30 Worker 3 accepting task 8
30 Worker 2 accepting task 14
30 Worker 2 accepting task 6
30 Worker 1 accepting task 13
30 Worker 2 processing task 12 requiring operations [8, 4]
30 Worker 2 forwarding task 12
30 Worker 0 processing task 15 requiring operations [10, 9, 2]
30 Worker 0 forwarding task 15
30 Worker 3 processing task 8 requiring operations [10]
30 Worker 3 performing operation 10 on task 8
30 Worker 4 processing task 9 requiring operations [4]
30 Worker 4 forwarding task 9
30 Worker 1 processing task 13 requiring operations [1]
30 Worker 1 forwarding task 13
31 Worker 0 accepting task 12
31 Worker 2 accepting task 15
31 Task 8 completed!
31 Worker 2 accepting task 9
31 Worker 2 accepting task 13
31 Worker 2 processing task 11 requiring operations [3]
31 Worker 2 performing operation 3 on task 11
31 Worker 0 processing task 3 requiring operations [9, 8]
31 Worker 0 forwarding task 3
32 Generated task 16
32 Worker 3 accepting task 16
32 Task 11 completed!
32 Worker 3 accepting task 3
32 Worker 2 processing task 14 requiring operations [8, 4, 7]
32 Worker 2 forwarding task 14
32 Worker 0 processing task 12 requiring operations [8, 4]
32 Worker 0 performing operation 4 on task 12
32 Worker 3 processing task 16 requiring operations [10, 8, 5]
32 Worker 3 performing operation 10 on task 16
33 Worker 1 accepting task 14
33 Worker 0 accepting task 12
33 Worker 3 accepting task 16
33 Worker 2 processing task 6 requiring operations [4]
33 Worker 2 forwarding task 6
33 Worker 0 processing task 12 requiring operations [8]
33 Worker 0 forwarding task 12
33 Worker 3 processing task 3 requiring operations [9, 8]
33 Worker 3 forwarding task 3
33 Worker 1 processing task 14 requiring operations [8, 4, 7]
33 Worker 1 performing operation 7 on task 14
34 Generated task 17
34 Worker 4 accepting task 17
34 Worker 1 accepting task 6
34 Worker 2 accepting task 12
34 Worker 0 accepting task 3
34 Worker 1 accepting task 14
34 Worker 2 processing task 15 requiring operations [10, 9, 2]
34 Worker 2 forwarding task 15
34 Worker 3 processing task 16 requiring operations [8, 5]
34 Worker 3 forwarding task 16
34 Worker 1 processing task 6 requiring operations [4]
34 Worker 1 forwarding task 6
34 Worker 4 processing task 17 requiring operations [2, 7, 3]
34 Worker 4 performing operation 2 on task 17
34 Worker 0 processing task 3 requiring operations [9, 8]
34 Worker 0 forwarding task 3
35 Worker 1 accepting task 15
35 Worker 0 accepting task 16
35 Worker 2 accepting task 6
35 Worker 4 accepting task 17
35 Worker 2 accepting task 3
35 Worker 2 processing task 9 requiring operations [4]
35 Worker 2 forwarding task 9
35 Worker 1 processing task 14 requiring operations [8, 4]
35 Worker 1 forwarding task 14
35 Worker 4 processing task 17 requiring operations [7, 3]
35 Worker 4 forwarding task 17
35 Worker 0 processing task 16 requiring operations [8, 5]
35 Worker 0 forwarding task 16
36 Generated task 18
36 Worker 4 accepting task 18
36 Worker 0 accepting task 9
36 Worker 2 accepting task 14
36 Worker 1 accepting task 17
36 Worker 2 accepting task 16
36 Worker 2 processing task 13 requiring operations [1]
36 Worker 2 performing operation 1 on task 13
36 Worker 1 processing task 15 requiring operations [10, 9, 2]
36 Worker 1 forwarding task 15
36 Worker 4 processing task 18 requiring operations [7, 5, 6]
36 Worker 4 performing operation 6 on task 18
36 Worker 0 processing task 9 requiring operations [4]
36 Worker 0 performing operation 4 on task 9
37 Task 13 completed!
37 Worker 2 accepting task 15
37 Worker 4 accepting task 18
37 Task 9 completed!
37 Worker 2 processing task 12 requiring operations [8]
37 Worker 2 forwarding task 12
37 Worker 1 processing task 17 requiring operations [7, 3]
37 Worker 1 performing operation 7 on task 17
37 Worker 4 processing task 18 requiring operations [7, 5]
37 Worker 4 forwarding task 18
38 Generated task 19
38 Worker 4 accepting task 19
38 Worker 0 accepting task 12
38 Worker 1 accepting task 17
38 Worker 1 accepting task 18
38 Worker 2 processing task 6 requiring operations [4]
38 Worker 2 forwarding task 6
38 Worker 1 processing task 17 requiring operations [3]
38 Worker 1 forwarding task 17
38 Worker 4 processing task 19 requiring operations [5, 6, 10]
38 Worker 4 performing operation 6 on task 19
38 Worker 0 processing task 12 requiring operations [8]
38 Worker 0 forwarding task 12
39 Worker 1 accepting task 6
39 Worker 4 accepting task 17
39 Worker 4 accepting task 19
39 Worker 3 accepting task 12
39 Worker 2 processing task 3 requiring operations [9, 8]
39 Worker 2 forwarding task 3
39 Worker 1 processing task 18 requiring operations [7, 5]
39 Worker 1 performing operation 7 on task 18
39 Worker 4 processing task 17 requiring operations [3]
39 Worker 4 forwarding task 17
39 Worker 3 processing task 12 requiring operations [8]
39 Worker 3 forwarding task 12
40 Generated task 20
40 Worker 3 accepting task 20
40 Worker 3 accepting task 3
40 Worker 1 accepting task 18
40 Worker 2 accepting task 17
40 Worker 0 accepting task 12
40 Worker 2 processing task 14 requiring operations [8, 4]
40 Worker 2 forwarding task 14
40 Worker 1 processing task 6 requiring operations [4]
40 Worker 1 forwarding task 6
40 Worker 4 processing task 19 requiring operations [5, 10]
40 Worker 4 forwarding task 19
40 Worker 3 processing task 20 requiring operations [1, 2, 6]
40 Worker 3 performing operation 2 on task 20
40 Worker 0 processing task 12 requiring operations [8]
40 Worker 0 forwarding task 12
41 Worker 4 accepting task 14
41 Worker 2 accepting task 6
41 Worker 2 accepting task 19
41 Worker 3 accepting task 20
41 Worker 3 accepting task 12
41 Worker 2 processing task 16 requiring operations [8, 5]
41 Worker 2 performing operation 5 on task 16
41 Worker 1 processing task 18 requiring operations [5]
41 Worker 1 performing operation 5 on task 18
41 Worker 4 processing task 14 requiring operations [8, 4]
41 Worker 4 performing operation 8 on task 14
41 Worker 3 processing task 3 requiring operations [9, 8]
41 Worker 3 forwarding task 3
42 Generated task 21
42 Worker 4 accepting task 21
42 Worker 2 accepting task 16
42 Task 18 completed!
42 Worker 4 accepting task 14
42 Worker 0 accepting task 3
42 Worker 2 processing task 15 requiring operations [10, 9, 2]
42 Worker 2 forwarding task 15
42 Worker 4 processing task 21 requiring operations [1, 5, 7]
42 Worker 4 forwarding task 21
42 Worker 3 processing task 20 requiring operations [1, 6]
42 Worker 3 performing operation 1 on task 20
42 Worker 0 processing task 3 requiring operations [9, 8]
42 Worker 0 forwarding task 3
43 Worker 1 accepting task 15
43 Worker 1 accepting task 21
43 Worker 3 accepting task 20
43 Worker 2 accepting task 3
43 Worker 2 processing task 17 requiring operations [3]
43 Worker 2 performing operation 3 on task 17
43 Worker 4 processing task 14 requiring operations [4]
43 Worker 4 forwarding task 14
43 Worker 3 processing task 12 requiring operations [8]
43 Worker 3 forwarding task 12
43 Worker 1 processing task 15 requiring operations [10, 9, 2]
43 Worker 1 forwarding task 15
44 Generated task 22
44 Worker 3 accepting task 22
44 Task 17 completed!
44 Worker 1 accepting task 14
44 Worker 0 accepting task 12
44 Worker 2 accepting task 15
44 Worker 2 processing task 6 requiring operations [4]
44 Worker 2 forwarding task 6
44 Worker 3 processing task 20 requiring operations [6]
44 Worker 3 performing operation 6 on task 20
44 Worker 1 processing task 21 requiring operations [1, 5, 7]
44 Worker 1 performing operation 5 on task 21
44 Worker 0 processing task 12 requiring operations [8]
44 Worker 0 forwarding task 12
45 Worker 0 accepting task 6
45 Task 20 completed!
45 Worker 1 accepting task 21
45 Worker 2 accepting task 12
45 Worker 2 processing task 19 requiring operations [5, 10]
45 Worker 2 performing operation 5 on task 19
45 Worker 3 processing task 22 requiring operations [5, 1, 2]
45 Worker 3 performing operation 2 on task 22
45 Worker 1 processing task 14 requiring operations [4]
45 Worker 1 forwarding task 14
45 Worker 0 processing task 6 requiring operations [4]
45 Worker 0 performing operation 4 on task 6
46 Generated task 23
46 Worker 4 accepting task 23
46 Worker 2 accepting task 19
46 Worker 3 accepting task 22
46 Worker 4 accepting task 14
46 Task 6 completed!
46 Worker 2 processing task 16 requiring operations [8]
46 Worker 2 forwarding task 16
46 Worker 3 processing task 22 requiring operations [5, 1]
46 Worker 3 performing operation 1 on task 22
46 Worker 1 processing task 21 requiring operations [1, 7]
46 Worker 1 performing operation 7 on task 21
46 Worker 4 processing task 23 requiring operations [2, 8, 9]
46 Worker 4 performing operation 9 on task 23
47 Worker 0 accepting task 16
47 Worker 3 accepting task 22
47 Worker 1 accepting task 21
47 Worker 4 accepting task 23
47 Worker 2 processing task 3 requiring operations [9, 8]
47 Worker 2 forwarding task 3
47 Worker 3 processing task 22 requiring operations [5]
47 Worker 3 forwarding task 22
47 Worker 1 processing task 21 requiring operations [1]
47 Worker 1 forwarding task 21
47 Worker 4 processing task 14 requiring operations [4]
47 Worker 4 forwarding task 14
47 Worker 0 processing task 16 requiring operations [8]
47 Worker 0 forwarding task 16
48 Generated task 24
48 Worker 1 accepting task 24
48 Worker 1 accepting task 3
48 Worker 0 accepting task 22
48 Worker 2 accepting task 21
48 Worker 1 accepting task 14
48 Worker 2 accepting task 16
48 Worker 2 processing task 15 requiring operations [10, 9, 2]
48 Worker 2 forwarding task 15
48 Worker 1 processing task 24 requiring operations [7, 6, 3]
48 Worker 1 performing operation 7 on task 24
48 Worker 4 processing task 23 requiring operations [2, 8]
48 Worker 4 performing operation 2 on task 23
48 Worker 0 processing task 22 requiring operations [5]
48 Worker 0 forwarding task 22
49 Worker 3 accepting task 15
49 Worker 1 accepting task 24
49 Worker 4 accepting task 23
49 Worker 2 accepting task 22
49 Worker 2 processing task 12 requiring operations [8]
49 Worker 2 forwarding task 12
49 Worker 1 processing task 3 requiring operations [9, 8]
49 Worker 1 forwarding task 3
49 Worker 4 processing task 23 requiring operations [8]
49 Worker 4 performing operation 8 on task 23
49 Worker 3 processing task 15 requiring operations [10, 9, 2]
49 Worker 3 performing operation 2 on task 15
50 Generated task 25
50 Worker 2 accepting task 25
50 Worker 3 accepting task 12
50 Worker 2 accepting task 3
50 Task 23 completed!
50 Worker 3 accepting task 15
50 Worker 2 processing task 19 requiring operations [10]
50 Worker 2 forwarding task 19
50 Worker 1 processing task 14 requiring operations [4]
50 Worker 1 forwarding task 14
50 Worker 3 processing task 12 requiring operations [8]
50 Worker 3 forwarding task 12
51 Worker 3 accepting task 19
51 Worker 4 accepting task 14
51 Worker 0 accepting task 12
51 Worker 2 processing task 21 requiring operations [1]
51 Worker 2 performing operation 1 on task 21
51 Worker 1 processing task 24 requiring operations [6, 3]
51 Worker 1 forwarding task 24
51 Worker 3 processing task 15 requiring operations [10, 9]
51 Worker 3 performing operation 10 on task 15
51 Worker 4 processing task 14 requiring operations [4]
51 Worker 4 forwarding task 14
51 Worker 0 processing task 12 requiring operations [8]
51 Worker 0 forwarding task 12
52 Generated task 26
52 Worker 2 accepting task 26
52 Task 21 completed!
52 Worker 4 accepting task 24
52 Worker 3 accepting task 15
52 Worker 2 accepting task 14
52 Worker 3 accepting task 12
52 Worker 2 processing task 16 requiring operations [8]
52 Worker 2 forwarding task 16
52 Worker 3 processing task 19 requiring operations [10]
52 Worker 3 performing operation 10 on task 19
52 Worker 4 processing task 24 requiring operations [6, 3]
52 Worker 4 performing operation 6 on task 24
53 Worker 0 accepting task 16
53 Task 19 completed!
53 Worker 4 accepting task 24
53 Worker 2 processing task 22 requiring operations [5]
53 Worker 2 performing operation 5 on task 22
53 Worker 3 processing task 15 requiring operations [9]
53 Worker 3 forwarding task 15
53 Worker 4 processing task 24 requiring operations [3]
53 Worker 4 forwarding task 24
53 Worker 0 processing task 16 requiring operations [8]
53 Worker 0 forwarding task 16
54 Generated task 27
54 Worker 4 accepting task 27
54 Task 22 completed!
54 Worker 0 accepting task 15
54 Worker 2 accepting task 24
54 Worker 3 accepting task 16
54 Worker 2 processing task 25 requiring operations [8, 6, 7]
54 Worker 2 forwarding task 25
54 Worker 3 processing task 12 requiring operations [8]
54 Worker 3 forwarding task 12
54 Worker 4 processing task 27 requiring operations [10, 5, 3]
54 Worker 4 forwarding task 27
54 Worker 0 processing task 15 requiring operations [9]
54 Worker 0 forwarding task 15
55 Worker 3 accepting task 25
55 Worker 0 accepting task 12
55 Worker 2 accepting task 27
55 Worker 2 accepting task 15
55 Worker 2 processing task 3 requiring operations [9, 8]
55 Worker 2 forwarding task 3
55 Worker 3 processing task 16 requiring operations [8]
55 Worker 3 forwarding task 16
55 Worker 0 processing task 12 requiring operations [8]
55 Worker 0 forwarding task 12
56 Generated task 28
56 Worker 4 accepting task 28
56 Worker 0 accepting task 3
56 Worker 2 accepting task 16
56 Worker 3 accepting task 12
56 Worker 2 processing task 26 requiring operations [4, 2, 3]
56 Worker 2 performing operation 3 on task 26
56 Worker 3 processing task 25 requiring operations [8, 6, 7]
56 Worker 3 performing operation 6 on task 25
56 Worker 0 processing task 3 requiring operations [9, 8]
56 Worker 0 forwarding task 3
56 Worker 4 processing task 28 requiring operations [7, 10, 3]
56 Worker 4 forwarding task 28
57 Worker 2 accepting task 26
57 Worker 3 accepting task 25
57 Worker 3 accepting task 3
57 Worker 2 accepting task 28
57 Worker 2 processing task 14 requiring operations [4]
57 Worker 2 forwarding task 14
57 Worker 3 processing task 12 requiring operations [8]
57 Worker 3 forwarding task 12
58 Generated task 29
58 Worker 3 accepting task 29
58 Worker 1 accepting task 14
58 Worker 0 accepting task 12
58 Worker 2 processing task 24 requiring operations [3]
58 Worker 2 performing operation 3 on task 24
58 Worker 3 processing task 25 requiring operations [8, 7]
58 Worker 3 forwarding task 25
58 Worker 1 processing task 14 requiring operations [4]
58 Worker 1 forwarding task 14
58 Worker 0 processing task 12 requiring operations [8]
58 Worker 0 forwarding task 12
59 Task 24 completed!
59 Worker 2 accepting task 25
59 Worker 4 accepting task 14
59 Worker 3 accepting task 12
59 Worker 2 processing task 27 requiring operations [10, 5, 3]
59 Worker 2 performing operation 3 on task 27
59 Worker 3 processing task 3 requiring operations [9, 8]
59 Worker 3 forwarding task 3
59 Worker 4 processing task 14 requiring operations [4]
59 Worker 4 forwarding task 14
60 Generated task 30
60 Worker 2 accepting task 30
60 Worker 2 accepting task 27
60 Worker 0 accepting task 3
60 Worker 2 accepting task 14
60 Worker 2 processing task 15 requiring operations [9]
60 Worker 2 forwarding task 15
60 Worker 3 processing task 29 requiring operations [10, 8, 4]
60 Worker 3 performing operation 10 on task 29
60 Worker 0 processing task 3 requiring operations [9, 8]
60 Worker 0 forwarding task 3
61 Worker 1 accepting task 15
61 Worker 3 accepting task 29
61 Worker 3 accepting task 3
61 Worker 2 processing task 16 requiring operations [8]
61 Worker 2 forwarding task 16
61 Worker 3 processing task 12 requiring operations [8]
61 Worker 3 forwarding task 12
61 Worker 1 processing task 15 requiring operations [9]
61 Worker 1 forwarding task 15
62 Generated task 31
62 Worker 0 accepting task 31
62 Worker 1 accepting task 16
62 Worker 2 accepting task 12
62 Worker 2 accepting task 15
62 Worker 2 processing task 26 requiring operations [4, 2]
62 Worker 2 forwarding task 26
62 Worker 3 processing task 29 requiring operations [8, 4]
62 Worker 3 forwarding task 29
62 Worker 1 processing task 16 requiring operations [8]
62 Worker 1 forwarding task 16
62 Worker 0 processing task 31 requiring operations [6, 9, 5]
62 Worker 0 forwarding task 31
63 Worker 3 accepting task 26
63 Worker 2 accepting task 29
63 Worker 2 accepting task 16
63 Worker 2 accepting task 31
63 Worker 2 processing task 28 requiring operations [7, 10, 3]
63 Worker 2 performing operation 3 on task 28
63 Worker 3 processing task 3 requiring operations [9, 8]
63 Worker 3 forwarding task 3
64 Generated task 32
64 Worker 2 accepting task 32
64 Worker 2 accepting task 28
64 Worker 0 accepting task 3
64 Worker 2 processing task 25 requiring operations [8, 7]
64 Worker 2 forwarding task 25
64 Worker 3 processing task 26 requiring operations [4, 2]
64 Worker 3 performing operation 2 on task 26
64 Worker 0 processing task 3 requiring operations [9, 8]
64 Worker 0 forwarding task 3
65 Worker 0 accepting task 25
65 Worker 3 accepting task 26
65 Worker 3 accepting task 3
65 Worker 2 processing task 30 requiring operations [3, 2, 8]
65 Worker 2 performing operation 3 on task 30
65 Worker 3 processing task 26 requiring operations [4]
65 Worker 3 forwarding task 26
65 Worker 0 processing task 25 requiring operations [8, 7]
65 Worker 0 forwarding task 25
66 Generated task 33
66 Worker 3 accepting task 33
66 Worker 2 accepting task 30
66 Worker 0 accepting task 26
66 Worker 3 accepting task 25
66 Worker 2 processing task 27 requiring operations [10, 5]
66 Worker 2 performing operation 5 on task 27
66 Worker 3 processing task 3 requiring operations [9, 8]
66 Worker 3 forwarding task 3
66 Worker 0 processing task 26 requiring operations [4]
66 Worker 0 performing operation 4 on task 26
67 Worker 2 accepting task 27
67 Worker 2 accepting task 3
67 Task 26 completed!
67 Worker 2 processing task 14 requiring operations [4]
67 Worker 2 forwarding task 14
67 Worker 3 processing task 33 requiring operations [9, 1, 8]
67 Worker 3 performing operation 1 on task 33
68 Generated task 34
68 Worker 0 accepting task 34
68 Worker 0 accepting task 14
68 Worker 3 accepting task 33
68 Worker 2 processing task 12 requiring operations [8]
68 Worker 2 forwarding task 12
68 Worker 3 processing task 25 requiring operations [8, 7]
68 Worker 3 forwarding task 25
68 Worker 0 processing task 34 requiring operations [8, 4, 1]
68 Worker 0 performing operation 4 on task 34
69 Worker 0 accepting task 12
69 Worker 0 accepting task 25
69 Worker 0 accepting task 34
69 Worker 2 processing task 15 requiring operations [9]
69 Worker 2 forwarding task 15
69 Worker 3 processing task 33 requiring operations [9, 8]
69 Worker 3 forwarding task 33
69 Worker 0 processing task 14 requiring operations [4]
69 Worker 0 performing operation 4 on task 14
70 Generated task 35
70 Worker 0 accepting task 35
70 Worker 3 accepting task 15
70 Worker 2 accepting task 33
70 Task 14 completed!
70 Worker 2 processing task 29 requiring operations [8, 4]
70 Worker 2 forwarding task 29
70 Worker 3 processing task 15 requiring operations [9]
70 Worker 3 forwarding task 15
70 Worker 0 processing task 12 requiring operations [8]
70 Worker 0 forwarding task 12
71 Worker 4 accepting task 29
71 Worker 2 accepting task 15
71 Worker 3 accepting task 12
71 Worker 2 processing task 16 requiring operations [8]
71 Worker 2 forwarding task 16
71 Worker 0 processing task 25 requiring operations [8, 7]
71 Worker 0 forwarding task 25
71 Worker 4 processing task 29 requiring operations [8, 4]
71 Worker 4 performing operation 8 on task 29
71 Worker 3 processing task 12 requiring operations [8]
71 Worker 3 forwarding task 12
72 Generated task 36
72 Worker 1 accepting task 36
72 Worker 1 accepting task 16
72 Worker 3 accepting task 25
72 Worker 4 accepting task 29
72 Worker 0 accepting task 12
72 Worker 2 processing task 31 requiring operations [6, 9, 5]
72 Worker 2 performing operation 5 on task 31
72 Worker 0 processing task 34 requiring operations [8, 1]
72 Worker 0 forwarding task 34
72 Worker 4 processing task 29 requiring operations [4]
72 Worker 4 forwarding task 29
72 Worker 3 processing task 25 requiring operations [8, 7]
72 Worker 3 forwarding task 25
72 Worker 1 processing task 36 requiring operations [8, 10, 2]
72 Worker 1 forwarding task 36
73 Worker 2 accepting task 31
73 Worker 2 accepting task 34
73 Worker 1 accepting task 29
73 Worker 2 accepting task 25
73 Worker 4 accepting task 36
73 Worker 2 processing task 32 requiring operations [7, 2, 8]
73 Worker 2 forwarding task 32
73 Worker 0 processing task 35 requiring operations [3, 9, 6]
73 Worker 0 forwarding task 35
73 Worker 1 processing task 16 requiring operations [8]
73 Worker 1 forwarding task 16
73 Worker 4 processing task 36 requiring operations [8, 10, 2]
73 Worker 4 performing operation 2 on task 36
74 Generated task 37
74 Worker 0 accepting task 37
74 Worker 4 accepting task 32
74 Worker 2 accepting task 35
74 Worker 2 accepting task 16
74 Worker 4 accepting task 36
74 Worker 2 processing task 28 requiring operations [7, 10]
74 Worker 2 forwarding task 28
74 Worker 0 processing task 12 requiring operations [8]
74 Worker 0 forwarding task 12
74 Worker 1 processing task 29 requiring operations [4]
74 Worker 1 forwarding task 29
74 Worker 4 processing task 32 requiring operations [7, 2, 8]
74 Worker 4 performing operation 8 on task 32
75 Worker 3 accepting task 28
75 Worker 3 accepting task 12
75 Worker 2 accepting task 29
75 Worker 4 accepting task 32
75 Worker 2 processing task 30 requiring operations [2, 8]
75 Worker 2 forwarding task 30
75 Worker 0 processing task 37 requiring operations [4, 6, 7]
75 Worker 0 performing operation 4 on task 37
75 Worker 4 processing task 36 requiring operations [8, 10]
75 Worker 4 performing operation 8 on task 36
75 Worker 3 processing task 28 requiring operations [7, 10]
75 Worker 3 performing operation 10 on task 28
76 Generated task 38
76 Worker 3 accepting task 38
76 Worker 4 accepting task 30
76 Worker 0 accepting task 37
76 Worker 4 accepting task 36
76 Worker 3 accepting task 28
76 Worker 2 processing task 27 requiring operations [10]
76 Worker 2 forwarding task 27
76 Worker 0 processing task 37 requiring operations [6, 7]
76 Worker 0 forwarding task 37
76 Worker 4 processing task 32 requiring operations [7, 2]
76 Worker 4 performing operation 2 on task 32
76 Worker 3 processing task 12 requiring operations [8]
76 Worker 3 forwarding task 12
77 Worker 4 accepting task 27
77 Worker 3 accepting task 37
77 Worker 4 accepting task 32
77 Worker 0 accepting task 12
77 Worker 2 processing task 3 requiring operations [9, 8]
77 Worker 2 forwarding task 3
77 Worker 4 processing task 30 requiring operations [2, 8]
77 Worker 4 performing operation 2 on task 30
77 Worker 3 processing task 38 requiring operations [8, 2, 6]
77 Worker 3 performing operation 2 on task 38
77 Worker 0 processing task 12 requiring operations [8]
77 Worker 0 forwarding task 12
78 Generated task 39
78 Worker 0 accepting task 39
78 Worker 0 accepting task 3
78 Worker 4 accepting task 30
78 Worker 3 accepting task 38
78 Worker 2 accepting task 12
78 Worker 2 processing task 33 requiring operations [9, 8]
78 Worker 2 forwarding task 33
78 Worker 4 processing task 36 requiring operations [10]
78 Worker 4 forwarding task 36
78 Worker 3 processing task 28 requiring operations [7]
78 Worker 3 forwarding task 28
78 Worker 0 processing task 39 requiring operations [7, 8, 10]
78 Worker 0 forwarding task 39
79 Worker 3 accepting task 33
79 Worker 2 accepting task 36
79 Worker 2 accepting task 28
79 Worker 2 accepting task 39
79 Worker 2 processing task 15 requiring operations [9]
79 Worker 2 forwarding task 15
79 Worker 4 processing task 27 requiring operations [10]
79 Worker 4 forwarding task 27
79 Worker 3 processing task 37 requiring operations [6, 7]
79 Worker 3 performing operation 6 on task 37
79 Worker 0 processing task 3 requiring operations [9, 8]
79 Worker 0 forwarding task 3
80 Generated task 40
80 Worker 4 accepting task 40
80 Worker 1 accepting task 15
80 Worker 1 accepting task 27
80 Worker 3 accepting task 37
80 Worker 3 accepting task 3
80 Worker 2 processing task 31 requiring operations [6, 9]
80 Worker 2 forwarding task 31
80 Worker 4 processing task 32 requiring operations [7]
80 Worker 4 forwarding task 32
80 Worker 3 processing task 38 requiring operations [8, 6]
80 Worker 3 performing operation 6 on task 38
80 Worker 1 processing task 15 requiring operations [9]
80 Worker 1 forwarding task 15
81 Worker 4 accepting task 31
81 Worker 1 accepting task 32
81 Worker 3 accepting task 38
81 Worker 4 accepting task 15
81 Worker 2 processing task 34 requiring operations [8, 1]
81 Worker 2 performing operation 1 on task 34
81 Worker 4 processing task 30 requiring operations [8]
81 Worker 4 performing operation 8 on task 30
81 Worker 3 processing task 33 requiring operations [9, 8]
81 Worker 3 forwarding task 33
81 Worker 1 processing task 27 requiring operations [10]
81 Worker 1 forwarding task 27
82 Generated task 41
82 Worker 0 accepting task 41
82 Worker 2 accepting task 34
82 Task 30 completed!
82 Worker 0 accepting task 33
82 Worker 4 accepting task 27
82 Worker 2 processing task 25 requiring operations [8, 7]
82 Worker 2 forwarding task 25
82 Worker 4 processing task 40 requiring operations [5, 6, 1]
82 Worker 4 performing operation 6 on task 40
82 Worker 3 processing task 37 requiring operations [7]
82 Worker 3 forwarding task 37
82 Worker 1 processing task 32 requiring operations [7]
82 Worker 1 performing operation 7 on task 32
82 Worker 0 processing task 41 requiring operations [1, 4, 3]
82 Worker 0 performing operation 4 on task 41
83 Worker 0 accepting task 25
83 Worker 4 accepting task 40
83 Worker 0 accepting task 37
83 Task 32 completed!
83 Worker 0 accepting task 41
83 Worker 2 processing task 35 requiring operations [3, 9, 6]
83 Worker 2 performing operation 3 on task 35
83 Worker 4 processing task 31 requiring operations [6, 9]
83 Worker 4 performing operation 9 on task 31
83 Worker 3 processing task 3 requiring operations [9, 8]
83 Worker 3 forwarding task 3
83 Worker 0 processing task 33 requiring operations [9, 8]
83 Worker 0 forwarding task 33
84 Generated task 42
84 Worker 0 accepting task 42
84 Worker 2 accepting task 35
84 Worker 4 accepting task 31
84 Worker 2 accepting task 3
84 Worker 2 accepting task 33
84 Worker 2 processing task 16 requiring operations [8]
84 Worker 2 forwarding task 16
84 Worker 4 processing task 15 requiring operations [9]
84 Worker 4 performing operation 9 on task 15
84 Worker 3 processing task 38 requiring operations [8]
84 Worker 3 forwarding task 38
84 Worker 0 processing task 25 requiring operations [8, 7]
84 Worker 0 forwarding task 25
85 Worker 3 accepting task 16
85 Task 15 completed!
85 Worker 2 accepting task 38
85 Worker 2 accepting task 25
85 Worker 2 processing task 29 requiring operations [4]
85 Worker 2 forwarding task 29
85 Worker 4 processing task 27 requiring operations [10]
85 Worker 4 forwarding task 27
85 Worker 3 processing task 16 requiring operations [8]
85 Worker 3 forwarding task 16
85 Worker 0 processing task 37 requiring operations [7]
85 Worker 0 forwarding task 37
86 Generated task 43
86 Worker 0 accepting task 43
86 Worker 0 accepting task 29
86 Worker 2 accepting task 27
86 Worker 0 accepting task 16
86 Worker 3 accepting task 37
86 Worker 2 processing task 12 requiring operations [8]
86 Worker 2 forwarding task 12
86 Worker 4 processing task 40 requiring operations [5, 1]
86 Worker 4 forwarding task 40
86 Worker 0 processing task 41 requiring operations [1, 3]
86 Worker 0 forwarding task 41
86 Worker 3 processing task 37 requiring operations [7]
86 Worker 3 forwarding task 37
87 Worker 4 accepting task 12
87 Worker 1 accepting task 40
87 Worker 2 accepting task 41
87 Worker 0 accepting task 37
87 Worker 2 processing task 36 requiring operations [10]
87 Worker 2 forwarding task 36
87 Worker 4 processing task 31 requiring operations [6]
87 Worker 4 performing operation 6 on task 31
87 Worker 0 processing task 42 requiring operations [1, 9, 3]
87 Worker 0 forwarding task 42
87 Worker 1 processing task 40 requiring operations [5, 1]
87 Worker 1 performing operation 5 on task 40
88 Generated task 44
88 Worker 3 accepting task 44
88 Worker 4 accepting task 36
88 Task 31 completed!
88 Worker 2 accepting task 42
88 Worker 1 accepting task 40
88 Worker 2 processing task 28 requiring operations [7]
88 Worker 2 forwarding task 28
88 Worker 4 processing task 12 requiring operations [8]
88 Worker 4 performing operation 8 on task 12
88 Worker 0 processing task 43 requiring operations [6, 8, 7]
88 Worker 0 forwarding task 43
88 Worker 1 processing task 40 requiring operations [1]
88 Worker 1 forwarding task 40
88 Worker 3 processing task 44 requiring operations [5, 9, 3]
88 Worker 3 forwarding task 44
89 Worker 0 accepting task 28
89 Task 12 completed!
89 Worker 2 accepting task 43
89 Worker 4 accepting task 40
89 Worker 0 accepting task 44
89 Worker 2 processing task 39 requiring operations [7, 8, 10]
89 Worker 2 forwarding task 39
89 Worker 4 processing task 36 requiring operations [10]
89 Worker 4 forwarding task 36
89 Worker 0 processing task 29 requiring operations [4]
89 Worker 0 performing operation 4 on task 29
90 Generated task 45
90 Worker 4 accepting task 45
90 Worker 4 accepting task 39
90 Worker 1 accepting task 36
90 Task 29 completed!
90 Worker 2 processing task 34 requiring operations [8]
90 Worker 2 forwarding task 34
90 Worker 4 processing task 40 requiring operations [1]
90 Worker 4 forwarding task 40
90 Worker 0 processing task 16 requiring operations [8]
90 Worker 0 forwarding task 16
90 Worker 1 processing task 36 requiring operations [10]
90 Worker 1 forwarding task 36
91 Worker 0 accepting task 34
91 Worker 2 accepting task 40
91 Worker 2 accepting task 16
91 Worker 4 accepting task 36
91 Worker 2 processing task 35 requiring operations [9, 6]
91 Worker 2 forwarding task 35
91 Worker 4 processing task 45 requiring operations [5, 3, 9]
91 Worker 4 performing operation 9 on task 45
91 Worker 0 processing task 37 requiring operations [7]
91 Worker 0 forwarding task 37
92 Generated task 46
92 Worker 0 accepting task 46
92 Worker 0 accepting task 35
92 Worker 4 accepting task 45
92 Worker 3 accepting task 37
92 Worker 2 processing task 3 requiring operations [9, 8]
92 Worker 2 forwarding task 3
92 Worker 4 processing task 39 requiring operations [7, 8, 10]
92 Worker 4 performing operation 8 on task 39
92 Worker 0 processing task 28 requiring operations [7]
92 Worker 0 forwarding task 28
92 Worker 3 processing task 37 requiring operations [7]
92 Worker 3 forwarding task 37
93 Worker 1 accepting task 3
93 Worker 4 accepting task 39
93 Worker 3 accepting task 28
93 Worker 0 accepting task 37
93 Worker 2 processing task 33 requiring operations [9, 8]
93 Worker 2 forwarding task 33
93 Worker 4 processing task 36 requiring operations [10]
93 Worker 4 forwarding task 36
93 Worker 0 processing task 44 requiring operations [5, 9, 3]
93 Worker 0 forwarding task 44
93 Worker 3 processing task 28 requiring operations [7]
93 Worker 3 forwarding task 28
93 Worker 1 processing task 3 requiring operations [9, 8]
93 Worker 1 forwarding task 3
94 Generated task 47
94 Worker 2 accepting task 47
94 Worker 4 accepting task 33
94 Worker 1 accepting task 36
94 Worker 2 accepting task 44
94 Worker 0 accepting task 28
94 Worker 4 accepting task 3
94 Worker 2 processing task 38 requiring operations [8]
94 Worker 2 forwarding task 38
94 Worker 4 processing task 45 requiring operations [5, 3]
94 Worker 4 forwarding task 45
94 Worker 0 processing task 34 requiring operations [8]
94 Worker 0 forwarding task 34
94 Worker 1 processing task 36 requiring operations [10]
94 Worker 1 forwarding task 36
95 Worker 4 accepting task 38
95 Worker 2 accepting task 45
95 Worker 2 accepting task 34
95 Worker 4 accepting task 36
95 Worker 2 processing task 25 requiring operations [8, 7]
95 Worker 2 forwarding task 25
95 Worker 4 processing task 39 requiring operations [7, 10]
95 Worker 4 forwarding task 39
95 Worker 0 processing task 46 requiring operations [6, 5, 10]
95 Worker 0 forwarding task 46
96 Generated task 48
96 Worker 3 accepting task 48
96 Worker 1 accepting task 25
96 Worker 2 accepting task 39
96 Worker 3 accepting task 46
96 Worker 2 processing task 27 requiring operations [10]
96 Worker 2 forwarding task 27
96 Worker 4 processing task 33 requiring operations [9, 8]
96 Worker 4 performing operation 9 on task 33
96 Worker 0 processing task 35 requiring operations [9, 6]
96 Worker 0 forwarding task 35
96 Worker 3 processing task 48 requiring operations [4, 3, 10]
96 Worker 3 performing operation 10 on task 48
96 Worker 1 processing task 25 requiring operations [8, 7]
96 Worker 1 performing operation 7 on task 25
97 Worker 1 accepting task 27
97 Worker 4 accepting task 33
97 Worker 2 accepting task 35
97 Worker 3 accepting task 48
97 Worker 1 accepting task 25
97 Worker 2 processing task 41 requiring operations [1, 3]
97 Worker 2 performing operation 1 on task 41
97 Worker 4 processing task 3 requiring operations [9, 8]
97 Worker 4 performing operation 9 on task 3
97 Worker 0 processing task 37 requiring operations [7]
97 Worker 0 forwarding task 37
97 Worker 3 processing task 46 requiring operations [6, 5, 10]
97 Worker 3 performing operation 10 on task 46
97 Worker 1 processing task 27 requiring operations [10]
97 Worker 1 forwarding task 27
98 Generated task 49
98 Worker 1 accepting task 49
98 Worker 2 accepting task 41
98 Worker 4 accepting task 3
98 Worker 3 accepting task 37
98 Worker 3 accepting task 46
98 Worker 4 accepting task 27
98 Worker 2 processing task 42 requiring operations [1, 9, 3]
98 Worker 2 performing operation 1 on task 42
98 Worker 4 processing task 38 requiring operations [8]
98 Worker 4 performing operation 8 on task 38
98 Worker 0 processing task 28 requiring operations [7]
98 Worker 0 forwarding task 28
98 Worker 3 processing task 48 requiring operations [4, 3]
98 Worker 3 forwarding task 48
98 Worker 1 processing task 25 requiring operations [8]
98 Worker 1 forwarding task 25
99 Worker 2 accepting task 42
99 Task 38 completed!
99 Worker 2 accepting task 28
99 Worker 2 accepting task 48
99 Worker 2 accepting task 25
99 Worker 2 processing task 43 requiring operations [6, 8, 7]
99 Worker 2 forwarding task 43
99 Worker 4 processing task 36 requiring operations [10]
99 Worker 4 forwarding task 36
99 Worker 3 processing task 37 requiring operations [7]
99 Worker 3 forwarding task 37
99 Worker 1 processing task 49 requiring operations [4, 6, 8]
99 Worker 1 forwarding task 49
100 Generated task 50
100 Worker 3 accepting task 50
100 Worker 3 accepting task 43
100 Worker 1 accepting task 36
100 Worker 0 accepting task 37
100 Worker 2 accepting task 49
100 Worker 2 processing task 40 requiring operations [1]
100 Worker 2 performing operation 1 on task 40
100 Worker 4 processing task 33 requiring operations [8]
100 Worker 4 performing operation 8 on task 33
100 Worker 3 processing task 46 requiring operations [6, 5]
100 Worker 3 performing operation 6 on task 46
100 Worker 1 processing task 36 requiring operations [10]
100 Worker 1 forwarding task 36
100 Worker 0 processing task 37 requiring operations [7]
100 Worker 0 forwarding task 37
101 Task 40 completed!
101 Task 33 completed!
101 Worker 3 accepting task 46
101 Worker 2 accepting task 36
101 Worker 2 accepting task 37
101 Worker 2 processing task 16 requiring operations [8]
101 Worker 2 forwarding task 16
101 Worker 4 processing task 3 requiring operations [8]
101 Worker 4 performing operation 8 on task 3
101 Worker 3 processing task 50 requiring operations [2, 7, 8]
101 Worker 3 performing operation 2 on task 50
102 Generated task 51
102 Worker 0 accepting task 51
102 Worker 3 accepting task 16
102 Task 3 completed!
102 Worker 3 accepting task 50
102 Worker 2 processing task 47 requiring operations [7, 4, 8]
102 Worker 2 forwarding task 47
102 Worker 4 processing task 27 requiring operations [10]
102 Worker 4 forwarding task 27
102 Worker 3 processing task 43 requiring operations [6, 8, 7]
102 Worker 3 performing operation 6 on task 43
102 Worker 0 processing task 51 requiring operations [8, 9, 3]
102 Worker 0 forwarding task 51
103 Worker 3 accepting task 47
103 Worker 2 accepting task 27
103 Worker 3 accepting task 43
103 Worker 3 accepting task 51
103 Worker 2 processing task 44 requiring operations [5, 9, 3]
103 Worker 2 performing operation 3 on task 44
103 Worker 3 processing task 46 requiring operations [5]
103 Worker 3 forwarding task 46
104 Generated task 52
104 Worker 0 accepting task 52
104 Worker 2 accepting task 44
104 Worker 0 accepting task 46
104 Worker 2 processing task 45 requiring operations [5, 3]
104 Worker 2 performing operation 5 on task 45
104 Worker 3 processing task 16 requiring operations [8]
104 Worker 3 forwarding task 16
104 Worker 0 processing task 52 requiring operations [2, 3, 10]
104 Worker 0 forwarding task 52
105 Worker 2 accepting task 45
105 Worker 2 accepting task 16
105 Worker 2 accepting task 52
105 Worker 2 processing task 34 requiring operations [8]
105 Worker 2 forwarding task 34
105 Worker 3 processing task 50 requiring operations [7, 8]
105 Worker 3 forwarding task 50
105 Worker 0 processing task 46 requiring operations [5]
105 Worker 0 forwarding task 46
106 Generated task 53
106 Worker 4 accepting task 53
106 Worker 0 accepting task 34
106 Worker 0 accepting task 50
106 Worker 2 accepting task 46
106 Worker 2 processing task 39 requiring operations [7, 10]
106 Worker 2 forwarding task 39
106 Worker 3 processing task 47 requiring operations [7, 4, 8]
106 Worker 3 forwarding task 47
106 Worker 0 processing task 34 requiring operations [8]
106 Worker 0 forwarding task 34
106 Worker 4 processing task 53 requiring operations [8, 1, 5]
106 Worker 4 performing operation 8 on task 53
107 Worker 0 accepting task 39
107 Worker 2 accepting task 47
107 Worker 3 accepting task 34
107 Worker 4 accepting task 53
107 Worker 2 processing task 35 requiring operations [9, 6]
107 Worker 2 forwarding task 35
107 Worker 3 processing task 43 requiring operations [8, 7]
107 Worker 3 forwarding task 43
107 Worker 0 processing task 50 requiring operations [7, 8]
107 Worker 0 forwarding task 50
107 Worker 4 processing task 53 requiring operations [1, 5]
107 Worker 4 forwarding task 53
108 Generated task 54
108 Worker 4 accepting task 54
108 Worker 3 accepting task 35
108 Worker 0 accepting task 43
108 Worker 2 accepting task 50
108 Worker 1 accepting task 53
108 Worker 2 processing task 41 requiring operations [3]
108 Worker 2 performing operation 3 on task 41
108 Worker 3 processing task 51 requiring operations [8, 9, 3]
108 Worker 3 forwarding task 51
108 Worker 0 processing task 39 requiring operations [7, 10]
108 Worker 0 forwarding task 39
108 Worker 4 processing task 54 requiring operations [4, 3, 5]
108 Worker 4 forwarding task 54
108 Worker 1 processing task 53 requiring operations [1, 5]
108 Worker 1 performing operation 5 on task 53
109 Task 41 completed!
109 Worker 2 accepting task 51
109 Worker 3 accepting task 39
109 Worker 2 accepting task 54
109 Worker 1 accepting task 53
109 Worker 2 processing task 42 requiring operations [9, 3]
109 Worker 2 performing operation 3 on task 42
109 Worker 3 processing task 34 requiring operations [8]
109 Worker 3 forwarding task 34
109 Worker 0 processing task 43 requiring operations [8, 7]
109 Worker 0 forwarding task 43
109 Worker 1 processing task 53 requiring operations [1]
109 Worker 1 forwarding task 53
110 Generated task 55
110 Worker 4 accepting task 55
110 Worker 2 accepting task 42
110 Worker 2 accepting task 34
110 Worker 3 accepting task 43
110 Worker 2 accepting task 53
110 Worker 2 processing task 28 requiring operations [7]
110 Worker 2 forwarding task 28
110 Worker 3 processing task 35 requiring operations [9, 6]
110 Worker 3 performing operation 6 on task 35
110 Worker 4 processing task 55 requiring operations [5, 7, 4]
110 Worker 4 forwarding task 55
111 Worker 3 accepting task 28
111 Worker 3 accepting task 35
111 Worker 2 accepting task 55
111 Worker 2 processing task 48 requiring operations [4, 3]
111 Worker 2 performing operation 3 on task 48
111 Worker 3 processing task 39 requiring operations [7, 10]
111 Worker 3 performing operation 10 on task 39
112 Generated task 56
112 Worker 4 accepting task 56
112 Worker 2 accepting task 48
112 Worker 3 accepting task 39
112 Worker 2 processing task 25 requiring operations [8]
112 Worker 2 forwarding task 25
112 Worker 3 processing task 43 requiring operations [8, 7]
112 Worker 3 forwarding task 43
112 Worker 4 processing task 56 requiring operations [3, 2, 8]
112 Worker 4 performing operation 8 on task 56
113 Worker 4 accepting task 25
113 Worker 2 accepting task 43
113 Worker 4 accepting task 56
113 Worker 2 processing task 49 requiring operations [4, 6, 8]
113 Worker 2 forwarding task 49
113 Worker 3 processing task 28 requiring operations [7]
113 Worker 3 forwarding task 28
113 Worker 4 processing task 25 requiring operations [8]
113 Worker 4 performing operation 8 on task 25
114 Generated task 57
114 Worker 3 accepting task 57
114 Worker 3 accepting task 49
114 Worker 2 accepting task 28
114 Task 25 completed!
114 Worker 2 processing task 36 requiring operations [10]
114 Worker 2 forwarding task 36
114 Worker 3 processing task 35 requiring operations [9]
114 Worker 3 forwarding task 35
114 Worker 4 processing task 56 requiring operations [3, 2]
114 Worker 4 performing operation 2 on task 56
115 Worker 4 accepting task 36
115 Worker 2 accepting task 35
115 Worker 4 accepting task 56
115 Worker 2 processing task 37 requiring operations [7]
115 Worker 2 forwarding task 37
115 Worker 3 processing task 39 requiring operations [7]
115 Worker 3 forwarding task 39
115 Worker 4 processing task 36 requiring operations [10]
115 Worker 4 forwarding task 36
116 Generated task 58
116 Worker 2 accepting task 58
116 Worker 3 accepting task 37
116 Worker 2 accepting task 39
116 Worker 1 accepting task 36
116 Worker 2 processing task 27 requiring operations [10]
116 Worker 2 forwarding task 27
116 Worker 3 processing task 57 requiring operations [3, 2, 9]
116 Worker 3 performing operation 2 on task 57
116 Worker 4 processing task 56 requiring operations [3]
116 Worker 4 forwarding task 56
116 Worker 1 processing task 36 requiring operations [10]
116 Worker 1 forwarding task 36
117 Worker 4 accepting task 27
117 Worker 3 accepting task 57
117 Worker 1 accepting task 56
117 Worker 2 accepting task 36
117 Worker 2 processing task 44 requiring operations [5, 9]
117 Worker 2 performing operation 5 on task 44
117 Worker 3 processing task 49 requiring operations [4, 6, 8]
117 Worker 3 performing operation 6 on task 49
117 Worker 4 processing task 27 requiring operations [10]
117 Worker 4 forwarding task 27
117 Worker 1 processing task 56 requiring operations [3]
117 Worker 1 forwarding task 56
118 Generated task 59
118 Worker 0 accepting task 59
118 Worker 2 accepting task 44
118 Worker 3 accepting task 49
118 Worker 2 accepting task 27
118 Worker 4 accepting task 56
118 Worker 2 processing task 45 requiring operations [3]
118 Worker 2 performing operation 3 on task 45
118 Worker 3 processing task 37 requiring operations [7]
118 Worker 3 forwarding task 37
118 Worker 0 processing task 59 requiring operations [5, 6, 2]
118 Worker 0 forwarding task 59
118 Worker 4 processing task 56 requiring operations [3]
118 Worker 4 forwarding task 56
119 Task 45 completed!
119 Worker 2 accepting task 37
119 Worker 2 accepting task 59
119 Worker 1 accepting task 56
119 Worker 2 processing task 16 requiring operations [8]
119 Worker 2 forwarding task 16
119 Worker 3 processing task 57 requiring operations [3, 9]
119 Worker 3 forwarding task 57
119 Worker 1 processing task 56 requiring operations [3]
119 Worker 1 forwarding task 56
120 Generated task 60
120 Worker 4 accepting task 60
120 Worker 0 accepting task 16
120 Worker 2 accepting task 57
120 Worker 4 accepting task 56
120 Worker 2 processing task 52 requiring operations [2, 3, 10]
120 Worker 2 performing operation 3 on task 52
120 Worker 3 processing task 49 requiring operations [4, 8]
120 Worker 3 forwarding task 49
120 Worker 4 processing task 60 requiring operations [7, 8, 6]
120 Worker 4 performing operation 6 on task 60
120 Worker 0 processing task 16 requiring operations [8]
120 Worker 0 forwarding task 16
121 Worker 2 accepting task 52
121 Worker 2 accepting task 49
121 Worker 4 accepting task 60
121 Worker 2 accepting task 16
121 Worker 2 processing task 46 requiring operations [5]
121 Worker 2 performing operation 5 on task 46
121 Worker 4 processing task 56 requiring operations [3]
121 Worker 4 forwarding task 56
122 Generated task 61
122 Worker 0 accepting task 61
122 Task 46 completed!
122 Worker 1 accepting task 56
122 Worker 2 processing task 47 requiring operations [7, 4, 8]
122 Worker 2 forwarding task 47
122 Worker 4 processing task 60 requiring operations [7, 8]
122 Worker 4 performing operation 8 on task 60
122 Worker 0 processing task 61 requiring operations [1, 4, 9]
122 Worker 0 performing operation 4 on task 61
122 Worker 1 processing task 56 requiring operations [3]
122 Worker 1 forwarding task 56
123 Worker 0 accepting task 47
123 Worker 4 accepting task 60
123 Worker 0 accepting task 61
123 Worker 4 accepting task 56
123 Worker 2 processing task 50 requiring operations [7, 8]
123 Worker 2 forwarding task 50
123 Worker 4 processing task 60 requiring operations [7]
123 Worker 4 forwarding task 60
123 Worker 0 processing task 47 requiring operations [7, 4, 8]
123 Worker 0 performing operation 4 on task 47
124 Generated task 62
124 Worker 1 accepting task 62
124 Worker 4 accepting task 50
124 Worker 1 accepting task 60
124 Worker 0 accepting task 47
124 Worker 2 processing task 51 requiring operations [8, 9, 3]
124 Worker 2 performing operation 3 on task 51
124 Worker 4 processing task 56 requiring operations [3]
124 Worker 4 forwarding task 56
124 Worker 0 processing task 61 requiring operations [1, 9]
124 Worker 0 forwarding task 61
124 Worker 1 processing task 62 requiring operations [8, 4, 7]
124 Worker 1 performing operation 7 on task 62
125 Worker 2 accepting task 51
125 Worker 2 accepting task 56
125 Worker 3 accepting task 61
125 Worker 1 accepting task 62
125 Worker 2 processing task 54 requiring operations [4, 3, 5]
125 Worker 2 performing operation 5 on task 54
125 Worker 4 processing task 50 requiring operations [7, 8]
125 Worker 4 performing operation 8 on task 50
125 Worker 0 processing task 47 requiring operations [7, 8]
125 Worker 0 forwarding task 47
125 Worker 1 processing task 60 requiring operations [7]
125 Worker 1 performing operation 7 on task 60
125 Worker 3 processing task 61 requiring operations [1, 9]
125 Worker 3 performing operation 1 on task 61
126 Generated task 63
126 Worker 4 accepting task 63
126 Worker 2 accepting task 54
126 Worker 4 accepting task 50
126 Worker 2 accepting task 47
126 Task 60 completed!
126 Worker 3 accepting task 61
126 Worker 2 processing task 42 requiring operations [9]
126 Worker 2 forwarding task 42
126 Worker 4 processing task 63 requiring operations [9, 3, 8]
126 Worker 4 performing operation 8 on task 63
126 Worker 1 processing task 62 requiring operations [8, 4]
126 Worker 1 forwarding task 62
126 Worker 3 processing task 61 requiring operations [9]
126 Worker 3 forwarding task 61
127 Worker 4 accepting task 42
127 Worker 4 accepting task 63
127 Worker 2 accepting task 62
127 Worker 2 accepting task 61
127 Worker 2 processing task 34 requiring operations [8]
127 Worker 2 forwarding task 34
127 Worker 4 processing task 50 requiring operations [7]
127 Worker 4 forwarding task 50
128 Generated task 64
128 Worker 0 accepting task 64
128 Worker 3 accepting task 34
128 Worker 2 accepting task 50
128 Worker 2 processing task 53 requiring operations [1]
128 Worker 2 performing operation 1 on task 53
128 Worker 4 processing task 42 requiring operations [9]
128 Worker 4 performing operation 9 on task 42
128 Worker 0 processing task 64 requiring operations [7, 5, 2]
128 Worker 0 forwarding task 64
128 Worker 3 processing task 34 requiring operations [8]
128 Worker 3 forwarding task 34
129 Task 53 completed!
129 Task 42 completed!
129 Worker 2 accepting task 64
129 Worker 2 accepting task 34
129 Worker 2 processing task 55 requiring operations [5, 7, 4]
129 Worker 2 performing operation 5 on task 55
129 Worker 4 processing task 63 requiring operations [9, 3]
129 Worker 4 performing operation 9 on task 63
130 Generated task 65
130 Worker 1 accepting task 65
130 Worker 2 accepting task 55
130 Worker 4 accepting task 63
130 Worker 2 processing task 48 requiring operations [4]
130 Worker 2 forwarding task 48
130 Worker 4 processing task 63 requiring operations [3]
130 Worker 4 forwarding task 63
130 Worker 1 processing task 65 requiring operations [8, 6, 2]
130 Worker 1 forwarding task 65
131 Worker 0 accepting task 48
131 Worker 2 accepting task 63
131 Worker 4 accepting task 65
131 Worker 2 processing task 43 requiring operations [8, 7]
131 Worker 2 forwarding task 43
131 Worker 0 processing task 48 requiring operations [4]
131 Worker 0 performing operation 4 on task 48
131 Worker 4 processing task 65 requiring operations [8, 6, 2]
131 Worker 4 performing operation 2 on task 65
132 Generated task 66
132 Worker 1 accepting task 66
132 Worker 1 accepting task 43
132 Task 48 completed!
132 Worker 4 accepting task 65
132 Worker 2 processing task 28 requiring operations [7]
132 Worker 2 forwarding task 28
132 Worker 4 processing task 65 requiring operations [8, 6]
132 Worker 4 performing operation 6 on task 65
132 Worker 1 processing task 66 requiring operations [9, 3, 2]
132 Worker 1 forwarding task 66
133 Worker 3 accepting task 28
133 Worker 4 accepting task 65
133 Worker 2 accepting task 66
133 Worker 2 processing task 35 requiring operations [9]
133 Worker 2 forwarding task 35
133 Worker 4 processing task 65 requiring operations [8]
133 Worker 4 performing operation 8 on task 65
133 Worker 1 processing task 43 requiring operations [8, 7]
133 Worker 1 performing operation 7 on task 43
133 Worker 3 processing task 28 requiring operations [7]
133 Worker 3 forwarding task 28
134 Generated task 67
134 Worker 3 accepting task 67
134 Worker 3 accepting task 35
134 Task 65 completed!
134 Worker 1 accepting task 43
134 Worker 2 accepting task 28
134 Worker 2 processing task 58 requiring operations [4, 2, 7]
134 Worker 2 forwarding task 58
134 Worker 1 processing task 43 requiring operations [8]
134 Worker 1 forwarding task 43
134 Worker 3 processing task 67 requiring operations [7, 8, 9]
134 Worker 3 forwarding task 67
135 Worker 1 accepting task 58
135 Worker 4 accepting task 43
135 Worker 2 accepting task 67
135 Worker 2 processing task 39 requiring operations [7]
135 Worker 2 forwarding task 39
135 Worker 1 processing task 58 requiring operations [4, 2, 7]
135 Worker 1 performing operation 7 on task 58
135 Worker 3 processing task 35 requiring operations [9]
135 Worker 3 forwarding task 35
135 Worker 4 processing task 43 requiring operations [8]
135 Worker 4 performing operation 8 on task 43
136 Generated task 68
136 Worker 3 accepting task 68
136 Worker 3 accepting task 39
136 Worker 1 accepting task 58
136 Worker 0 accepting task 35
136 Task 43 completed!
136 Worker 2 processing task 36 requiring operations [10]
136 Worker 2 forwarding task 36
136 Worker 1 processing task 58 requiring operations [4, 2]
136 Worker 1 forwarding task 58
136 Worker 3 processing task 68 requiring operations [4, 7, 9]
136 Worker 3 forwarding task 68
136 Worker 0 processing task 35 requiring operations [9]
136 Worker 0 forwarding task 35
137 Worker 1 accepting task 36
137 Worker 4 accepting task 58
137 Worker 0 accepting task 68
137 Worker 2 accepting task 35
137 Worker 2 processing task 44 requiring operations [9]
137 Worker 2 forwarding task 44
137 Worker 1 processing task 36 requiring operations [10]
137 Worker 1 forwarding task 36
137 Worker 3 processing task 39 requiring operations [7]
137 Worker 3 forwarding task 39
137 Worker 0 processing task 68 requiring operations [4, 7, 9]
137 Worker 0 performing operation 4 on task 68
137 Worker 4 processing task 58 requiring operations [4, 2]
137 Worker 4 performing operation 2 on task 58
138 Generated task 69
138 Worker 1 accepting task 69
138 Worker 4 accepting task 44
138 Worker 2 accepting task 36
138 Worker 0 accepting task 39
138 Worker 0 accepting task 68
138 Worker 4 accepting task 58
138 Worker 2 processing task 27 requiring operations [10]
138 Worker 2 forwarding task 27
138 Worker 1 processing task 69 requiring operations [6, 3, 1]
138 Worker 1 forwarding task 69
138 Worker 0 processing task 39 requiring operations [7]
138 Worker 0 forwarding task 39
138 Worker 4 processing task 44 requiring operations [9]
138 Worker 4 performing operation 9 on task 44
139 Worker 3 accepting task 27
139 Worker 2 accepting task 69
139 Worker 2 accepting task 39
139 Task 44 completed!
139 Worker 2 processing task 37 requiring operations [7]
139 Worker 2 forwarding task 37
139 Worker 0 processing task 68 requiring operations [7, 9]
139 Worker 0 forwarding task 68
139 Worker 4 processing task 58 requiring operations [4]
139 Worker 4 forwarding task 58
139 Worker 3 processing task 27 requiring operations [10]
139 Worker 3 performing operation 10 on task 27
140 Generated task 70
140 Worker 3 accepting task 70
140 Worker 1 accepting task 37
140 Worker 3 accepting task 68
140 Worker 2 accepting task 58
140 Task 27 completed!
140 Worker 2 processing task 59 requiring operations [5, 6, 2]
140 Worker 2 performing operation 5 on task 59
140 Worker 3 processing task 70 requiring operations [5, 7, 1]
140 Worker 3 performing operation 1 on task 70
140 Worker 1 processing task 37 requiring operations [7]
140 Worker 1 performing operation 7 on task 37
