Worker 0 can perform operations {7}
Worker 1 can perform operations {9, 3}
Worker 2 can perform operations {1, 6, 9}
Worker 3 can perform operations {8, 3, 4, 6}
Worker 4 can perform operations {2, 10, 5, 7}
Building network type random
Worker 0 connecting to worker 1
Worker 1 connecting to worker 0
Worker 0 connecting to worker 3
Worker 3 connecting to worker 0
Worker 1 connecting to worker 4
Worker 4 connecting to worker 1
Worker 2 connecting to worker 3
Worker 3 connecting to worker 2
Worker 2 connecting to worker 1
Worker 1 connecting to worker 2
Worker 4 connecting to worker 2
Worker 2 connecting to worker 4
Entry nodes are [0, 1, 2, 3, 4]
0 Generated task 0
0 Worker 4 accepting task 0
0 Worker 4 processing task 0 requiring operations [4, 10, 1]
0 Worker 4 performing operation 10 on task 0
1 Worker 4 accepting task 0
1 Worker 4 processing task 0 requiring operations [4, 1]
1 Worker 4 forwarding task 0
2 Generated task 1
2 Worker 1 accepting task 1
2 Worker 1 accepting task 0
2 Worker 1 processing task 1 requiring operations [4, 6, 3]
2 Worker 1 performing operation 3 on task 1
3 Worker 1 accepting task 1
3 Worker 1 processing task 0 requiring operations [4, 1]
3 Worker 1 forwarding task 0
4 Generated task 2
4 Worker 0 accepting task 2
4 Worker 4 accepting task 0
4 Worker 1 processing task 1 requiring operations [4, 6]
4 Worker 1 forwarding task 1
4 Worker 0 processing task 2 requiring operations [9, 3, 7]
4 Worker 0 performing operation 7 on task 2
4 Worker 4 processing task 0 requiring operations [4, 1]
4 Worker 4 forwarding task 0
5 Worker 2 accepting task 1
5 Worker 0 accepting task 2
5 Worker 2 accepting task 0
5 Worker 0 processing task 2 requiring operations [9, 3]
5 Worker 0 forwarding task 2
5 Worker 2 processing task 1 requiring operations [4, 6]
5 Worker 2 performing operation 6 on task 1
6 Generated task 3
6 Worker 4 accepting task 3
6 Worker 3 accepting task 2
6 Worker 2 accepting task 1
6 Worker 2 processing task 0 requiring operations [4, 1]
6 Worker 2 performing operation 1 on task 0
6 Worker 4 processing task 3 requiring operations [4, 10, 3]
6 Worker 4 performing operation 10 on task 3
6 Worker 3 processing task 2 requiring operations [9, 3]
6 Worker 3 performing operation 3 on task 2
7 Worker 2 accepting task 0
7 Worker 4 accepting task 3
7 Worker 3 accepting task 2
7 Worker 2 processing task 1 requiring operations [4]
7 Worker 2 forwarding task 1
7 Worker 4 processing task 3 requiring operations [4, 3]
7 Worker 4 forwarding task 3
7 Worker 3 processing task 2 requiring operations [9]
7 Worker 3 forwarding task 2
8 Generated task 4
8 Worker 0 accepting task 4
8 Worker 1 accepting task 1
8 Worker 2 accepting task 3
8 Worker 0 accepting task 2
8 Worker 2 processing task 0 requiring operations [4]
8 Worker 2 forwarding task 0
8 Worker 0 processing task 4 requiring operations [10, 6, 5]
8 Worker 0 forwarding task 4
8 Worker 1 processing task 1 requiring operations [4]
8 Worker 1 forwarding task 1
9 Worker 1 accepting task 0
9 Worker 1 accepting task 4
9 Worker 4 accepting task 1
9 Worker 2 processing task 3 requiring operations [4, 3]
9 Worker 2 forwarding task 3
9 Worker 0 processing task 2 requiring operations [9]
9 Worker 0 forwarding task 2
9 Worker 1 processing task 0 requiring operations [4]
9 Worker 1 forwarding task 0
9 Worker 4 processing task 1 requiring operations [4]
9 Worker 4 forwarding task 1
10 Generated task 5
10 Worker 0 accepting task 5
10 Worker 1 accepting task 3
10 Worker 3 accepting task 2
10 Worker 0 accepting task 0
10 Worker 2 accepting task 1
10 Worker 0 processing task 5 requiring operations [6, 2, 8]
10 Worker 0 forwarding task 5
10 Worker 1 processing task 4 requiring operations [10, 6, 5]
10 Worker 1 forwarding task 4
10 Worker 3 processing task 2 requiring operations [9]
10 Worker 3 forwarding task 2
10 Worker 2 processing task 1 requiring operations [4]
10 Worker 2 forwarding task 1
11 Worker 1 accepting task 5
11 Worker 2 accepting task 4
11 Worker 2 accepting task 2
11 Worker 1 accepting task 1
11 Worker 0 processing task 0 requiring operations [4]
11 Worker 0 forwarding task 0
11 Worker 1 processing task 3 requiring operations [4, 3]
11 Worker 1 performing operation 3 on task 3
11 Worker 2 processing task 4 requiring operations [10, 6, 5]
11 Worker 2 performing operation 6 on task 4
12 Generated task 6
12 Worker 1 accepting task 6
12 Worker 1 accepting task 0
12 Worker 1 accepting task 3
12 Worker 2 accepting task 4
12 Worker 1 processing task 5 requiring operations [6, 2, 8]
12 Worker 1 forwarding task 5
12 Worker 2 processing task 2 requiring operations [9]
12 Worker 2 performing operation 9 on task 2
13 Worker 0 accepting task 5
13 Task 2 completed!
13 Worker 1 processing task 1 requiring operations [4]
13 Worker 1 forwarding task 1
13 Worker 2 processing task 4 requiring operations [10, 5]
13 Worker 2 forwarding task 4
13 Worker 0 processing task 5 requiring operations [6, 2, 8]
13 Worker 0 forwarding task 5
14 Generated task 7
14 Worker 0 accepting task 7
14 Worker 4 accepting task 1
14 Worker 1 accepting task 4
14 Worker 3 accepting task 5
14 Worker 1 processing task 6 requiring operations [10, 7, 5]
14 Worker 1 forwarding task 6
14 Worker 0 processing task 7 requiring operations [7, 6, 2]
14 Worker 0 performing operation 7 on task 7
14 Worker 4 processing task 1 requiring operations [4]
14 Worker 4 forwarding task 1
14 Worker 3 processing task 5 requiring operations [6, 2, 8]
14 Worker 3 performing operation 6 on task 5
15 Worker 2 accepting task 6
15 Worker 0 accepting task 7
15 Worker 2 accepting task 1
15 Worker 3 accepting task 5
15 Worker 1 processing task 0 requiring operations [4]
15 Worker 1 forwarding task 0
15 Worker 0 processing task 7 requiring operations [6, 2]
15 Worker 0 forwarding task 7
15 Worker 3 processing task 5 requiring operations [2, 8]
15 Worker 3 performing operation 8 on task 5
15 Worker 2 processing task 6 requiring operations [10, 7, 5]
15 Worker 2 forwarding task 6
16 Generated task 8
16 Worker 1 accepting task 8
16 Worker 2 accepting task 0
16 Worker 1 accepting task 7
16 Worker 3 accepting task 5
16 Worker 1 accepting task 6
16 Worker 1 processing task 3 requiring operations [4]
16 Worker 1 forwarding task 3
16 Worker 3 processing task 5 requiring operations [2]
16 Worker 3 forwarding task 5
16 Worker 2 processing task 1 requiring operations [4]
16 Worker 2 forwarding task 1
17 Worker 2 accepting task 3
17 Worker 0 accepting task 5
17 Worker 3 accepting task 1
17 Worker 1 processing task 4 requiring operations [10, 5]
17 Worker 1 forwarding task 4
17 Worker 2 processing task 0 requiring operations [4]
17 Worker 2 forwarding task 0
17 Worker 0 processing task 5 requiring operations [2]
17 Worker 0 forwarding task 5
17 Worker 3 processing task 1 requiring operations [4]
17 Worker 3 performing operation 4 on task 1
18 Generated task 9
18 Worker 1 accepting task 9
18 Worker 0 accepting task 4
18 Worker 4 accepting task 0
18 Worker 3 accepting task 5
18 Task 1 completed!
18 Worker 1 processing task 8 requiring operations [4, 10, 1]
18 Worker 1 forwarding task 8
18 Worker 2 processing task 3 requiring operations [4]
18 Worker 2 forwarding task 3
18 Worker 0 processing task 4 requiring operations [10, 5]
18 Worker 0 forwarding task 4
18 Worker 3 processing task 5 requiring operations [2]
18 Worker 3 forwarding task 5
18 Worker 4 processing task 0 requiring operations [4]
18 Worker 4 forwarding task 0
19 Worker 0 accepting task 8
19 Worker 1 accepting task 3
19 Worker 1 accepting task 4
19 Worker 2 accepting task 5
19 Worker 1 accepting task 0
19 Worker 1 processing task 7 requiring operations [6, 2]
19 Worker 1 forwarding task 7
19 Worker 0 processing task 8 requiring operations [4, 10, 1]
19 Worker 0 forwarding task 8
19 Worker 2 processing task 5 requiring operations [2]
19 Worker 2 forwarding task 5
20 Generated task 10
20 Worker 2 accepting task 10
20 Worker 4 accepting task 7
20 Worker 1 accepting task 8
20 Worker 1 accepting task 5
20 Worker 1 processing task 6 requiring operations [10, 7, 5]
20 Worker 1 forwarding task 6
20 Worker 2 processing task 10 requiring operations [2, 10, 3]
20 Worker 2 forwarding task 10
20 Worker 4 processing task 7 requiring operations [6, 2]
20 Worker 4 performing operation 2 on task 7
21 Worker 4 accepting task 6
21 Worker 3 accepting task 10
21 Worker 4 accepting task 7
21 Worker 1 processing task 9 requiring operations [8, 4, 9]
21 Worker 1 performing operation 9 on task 9
21 Worker 4 processing task 6 requiring operations [10, 7, 5]
21 Worker 4 performing operation 7 on task 6
21 Worker 3 processing task 10 requiring operations [2, 10, 3]
21 Worker 3 performing operation 3 on task 10
22 Generated task 11
22 Worker 4 accepting task 11
22 Worker 1 accepting task 9
22 Worker 4 accepting task 6
22 Worker 3 accepting task 10
22 Worker 1 processing task 3 requiring operations [4]
22 Worker 1 forwarding task 3
22 Worker 4 processing task 7 requiring operations [6]
22 Worker 4 forwarding task 7
22 Worker 3 processing task 10 requiring operations [2, 10]
22 Worker 3 forwarding task 10
23 Worker 0 accepting task 3
23 Worker 2 accepting task 7
23 Worker 2 accepting task 10
23 Worker 1 processing task 4 requiring operations [10, 5]
23 Worker 1 forwarding task 4
23 Worker 4 processing task 11 requiring operations [1, 6, 10]
23 Worker 4 performing operation 10 on task 11
23 Worker 0 processing task 3 requiring operations [4]
23 Worker 0 forwarding task 3
23 Worker 2 processing task 7 requiring operations [6]
23 Worker 2 performing operation 6 on task 7
24 Generated task 12
24 Worker 3 accepting task 12
24 Worker 4 accepting task 4
24 Worker 4 accepting task 11
24 Worker 3 accepting task 3
24 Task 7 completed!
24 Worker 1 processing task 0 requiring operations [4]
24 Worker 1 forwarding task 0
24 Worker 4 processing task 6 requiring operations [10, 5]
24 Worker 4 performing operation 5 on task 6
24 Worker 2 processing task 10 requiring operations [2, 10]
24 Worker 2 forwarding task 10
24 Worker 3 processing task 12 requiring operations [2, 8, 3]
24 Worker 3 performing operation 3 on task 12
25 Worker 2 accepting task 0
25 Worker 4 accepting task 6
25 Worker 4 accepting task 10
25 Worker 3 accepting task 12
25 Worker 1 processing task 8 requiring operations [4, 10, 1]
25 Worker 1 forwarding task 8
25 Worker 4 processing task 4 requiring operations [10, 5]
25 Worker 4 performing operation 10 on task 4
25 Worker 2 processing task 0 requiring operations [4]
25 Worker 2 forwarding task 0
25 Worker 3 processing task 3 requiring operations [4]
25 Worker 3 performing operation 4 on task 3
26 Generated task 13
26 Worker 4 accepting task 13
26 Worker 4 accepting task 8
26 Worker 4 accepting task 4
26 Worker 1 accepting task 0
26 Task 3 completed!
26 Worker 1 processing task 5 requiring operations [2]
26 Worker 1 forwarding task 5
26 Worker 4 processing task 11 requiring operations [1, 6]
26 Worker 4 forwarding task 11
26 Worker 3 processing task 12 requiring operations [2, 8]
26 Worker 3 performing operation 8 on task 12
27 Worker 2 accepting task 5
27 Worker 1 accepting task 11
27 Worker 3 accepting task 12
27 Worker 1 processing task 9 requiring operations [8, 4]
27 Worker 1 forwarding task 9
27 Worker 4 processing task 6 requiring operations [10]
27 Worker 4 performing operation 10 on task 6
27 Worker 3 processing task 12 requiring operations [2]
27 Worker 3 forwarding task 12
27 Worker 2 processing task 5 requiring operations [2]
27 Worker 2 forwarding task 5
28 Generated task 14
28 Worker 0 accepting task 14
28 Worker 2 accepting task 9
28 Task 6 completed!
28 Worker 2 accepting task 12
28 Worker 4 accepting task 5
28 Worker 1 processing task 0 requiring operations [4]
28 Worker 1 forwarding task 0
28 Worker 4 processing task 10 requiring operations [2, 10]
28 Worker 4 performing operation 10 on task 10
28 Worker 2 processing task 9 requiring operations [8, 4]
28 Worker 2 forwarding task 9
28 Worker 0 processing task 14 requiring operations [1, 5, 9]
28 Worker 0 forwarding task 14
29 Worker 4 accepting task 0
29 Worker 4 accepting task 10
29 Worker 3 accepting task 9
29 Worker 1 accepting task 14
29 Worker 1 processing task 11 requiring operations [1, 6]
29 Worker 1 forwarding task 11
29 Worker 4 processing task 13 requiring operations [1, 6, 4]
29 Worker 4 forwarding task 13
29 Worker 2 processing task 12 requiring operations [2]
29 Worker 2 forwarding task 12
29 Worker 3 processing task 9 requiring operations [8, 4]
29 Worker 3 performing operation 4 on task 9
30 Generated task 15
30 Worker 4 accepting task 15
30 Worker 2 accepting task 11
30 Worker 2 accepting task 13
30 Worker 4 accepting task 12
30 Worker 3 accepting task 9
30 Worker 1 processing task 14 requiring operations [1, 5, 9]
30 Worker 1 performing operation 9 on task 14
30 Worker 4 processing task 8 requiring operations [4, 10, 1]
30 Worker 4 performing operation 10 on task 8
30 Worker 2 processing task 11 requiring operations [1, 6]
30 Worker 2 performing operation 1 on task 11
30 Worker 3 processing task 9 requiring operations [8]
30 Worker 3 performing operation 8 on task 9
31 Worker 1 accepting task 14
31 Worker 4 accepting task 8
31 Worker 2 accepting task 11
31 Task 9 completed!
31 Worker 1 processing task 14 requiring operations [1, 5]
31 Worker 1 forwarding task 14
31 Worker 4 processing task 4 requiring operations [5]
31 Worker 4 performing operation 5 on task 4
31 Worker 2 processing task 13 requiring operations [1, 6, 4]
31 Worker 2 performing operation 6 on task 13
32 Generated task 16
32 Worker 2 accepting task 16
32 Worker 0 accepting task 14
32 Task 4 completed!
32 Worker 2 accepting task 13
32 Worker 4 processing task 5 requiring operations [2]
32 Worker 4 performing operation 2 on task 5
32 Worker 2 processing task 11 requiring operations [6]
32 Worker 2 performing operation 6 on task 11
32 Worker 0 processing task 14 requiring operations [1, 5]
32 Worker 0 forwarding task 14
33 Task 5 completed!
33 Task 11 completed!
33 Worker 1 accepting task 14
33 Worker 4 processing task 0 requiring operations [4]
33 Worker 4 forwarding task 0
33 Worker 2 processing task 16 requiring operations [1, 9, 3]
33 Worker 2 performing operation 9 on task 16
33 Worker 1 processing task 14 requiring operations [1, 5]
33 Worker 1 forwarding task 14
34 Generated task 17
34 Worker 0 accepting task 17
34 Worker 2 accepting task 0
34 Worker 2 accepting task 16
34 Worker 0 accepting task 14
34 Worker 4 processing task 10 requiring operations [2]
34 Worker 4 performing operation 2 on task 10
34 Worker 2 processing task 13 requiring operations [1, 4]
34 Worker 2 performing operation 1 on task 13
34 Worker 0 processing task 17 requiring operations [8, 5, 6]
34 Worker 0 forwarding task 17
35 Task 10 completed!
35 Worker 2 accepting task 13
35 Worker 3 accepting task 17
35 Worker 4 processing task 15 requiring operations [3, 2, 8]
35 Worker 4 performing operation 2 on task 15
35 Worker 2 processing task 0 requiring operations [4]
35 Worker 2 forwarding task 0
35 Worker 0 processing task 14 requiring operations [1, 5]
35 Worker 0 forwarding task 14
35 Worker 3 processing task 17 requiring operations [8, 5, 6]
35 Worker 3 performing operation 6 on task 17
36 Generated task 18
36 Worker 2 accepting task 18
36 Worker 4 accepting task 15
36 Worker 1 accepting task 0
36 Worker 3 accepting task 14
36 Worker 3 accepting task 17
36 Worker 4 processing task 12 requiring operations [2]
36 Worker 4 performing operation 2 on task 12
36 Worker 2 processing task 16 requiring operations [1, 3]
36 Worker 2 performing operation 1 on task 16
36 Worker 3 processing task 14 requiring operations [1, 5]
36 Worker 3 forwarding task 14
36 Worker 1 processing task 0 requiring operations [4]
36 Worker 1 forwarding task 0
37 Task 12 completed!
37 Worker 2 accepting task 16
37 Worker 0 accepting task 14
37 Worker 0 accepting task 0
37 Worker 4 processing task 8 requiring operations [4, 1]
37 Worker 4 forwarding task 8
37 Worker 2 processing task 13 requiring operations [4]
37 Worker 2 forwarding task 13
37 Worker 3 processing task 17 requiring operations [8, 5]
37 Worker 3 performing operation 8 on task 17
37 Worker 0 processing task 14 requiring operations [1, 5]
37 Worker 0 forwarding task 14
38 Generated task 19
38 Worker 2 accepting task 19
38 Worker 1 accepting task 8
38 Worker 3 accepting task 13
38 Worker 3 accepting task 17
38 Worker 3 accepting task 14
38 Worker 4 processing task 15 requiring operations [3, 8]
38 Worker 4 forwarding task 15
38 Worker 2 processing task 18 requiring operations [3, 10, 4]
38 Worker 2 forwarding task 18
38 Worker 3 processing task 13 requiring operations [4]
38 Worker 3 performing operation 4 on task 13
38 Worker 0 processing task 0 requiring operations [4]
38 Worker 0 forwarding task 0
38 Worker 1 processing task 8 requiring operations [4, 1]
38 Worker 1 forwarding task 8
39 Worker 2 accepting task 15
39 Worker 4 accepting task 18
39 Task 13 completed!
39 Worker 3 accepting task 0
39 Worker 0 accepting task 8
39 Worker 2 processing task 16 requiring operations [3]
39 Worker 2 forwarding task 16
39 Worker 3 processing task 17 requiring operations [5]
39 Worker 3 forwarding task 17
39 Worker 4 processing task 18 requiring operations [3, 10, 4]
39 Worker 4 performing operation 10 on task 18
39 Worker 0 processing task 8 requiring operations [4, 1]
39 Worker 0 forwarding task 8
40 Generated task 20
40 Worker 2 accepting task 20
40 Worker 3 accepting task 16
40 Worker 2 accepting task 17
40 Worker 4 accepting task 18
40 Worker 1 accepting task 8
40 Worker 2 processing task 19 requiring operations [10, 8, 2]
40 Worker 2 forwarding task 19
40 Worker 3 processing task 14 requiring operations [1, 5]
40 Worker 3 forwarding task 14
40 Worker 4 processing task 18 requiring operations [3, 4]
40 Worker 4 forwarding task 18
40 Worker 1 processing task 8 requiring operations [4, 1]
40 Worker 1 forwarding task 8
41 Worker 4 accepting task 19
41 Worker 2 accepting task 14
41 Worker 1 accepting task 18
41 Worker 4 accepting task 8
41 Worker 2 processing task 15 requiring operations [3, 8]
41 Worker 2 forwarding task 15
41 Worker 3 processing task 0 requiring operations [4]
41 Worker 3 performing operation 4 on task 0
41 Worker 4 processing task 19 requiring operations [10, 8, 2]
41 Worker 4 performing operation 2 on task 19
41 Worker 1 processing task 18 requiring operations [3, 4]
41 Worker 1 performing operation 3 on task 18
42 Generated task 21
42 Worker 0 accepting task 21
42 Worker 4 accepting task 15
42 Task 0 completed!
42 Worker 4 accepting task 19
42 Worker 1 accepting task 18
42 Worker 2 processing task 20 requiring operations [3, 8, 5]
42 Worker 2 forwarding task 20
42 Worker 3 processing task 16 requiring operations [3]
42 Worker 3 performing operation 3 on task 16
42 Worker 4 processing task 8 requiring operations [4, 1]
42 Worker 4 forwarding task 8
42 Worker 1 processing task 18 requiring operations [4]
42 Worker 1 forwarding task 18
42 Worker 0 processing task 21 requiring operations [7, 5, 8]
42 Worker 0 performing operation 7 on task 21
43 Worker 4 accepting task 20
43 Task 16 completed!
43 Worker 2 accepting task 8
43 Worker 0 accepting task 18
43 Worker 0 accepting task 21
43 Worker 2 processing task 17 requiring operations [5]
43 Worker 2 forwarding task 17
43 Worker 4 processing task 15 requiring operations [3, 8]
43 Worker 4 forwarding task 15
43 Worker 0 processing task 18 requiring operations [4]
43 Worker 0 forwarding task 18
44 Generated task 22
44 Worker 1 accepting task 22
44 Worker 3 accepting task 17
44 Worker 1 accepting task 15
44 Worker 3 accepting task 18
44 Worker 2 processing task 14 requiring operations [1, 5]
44 Worker 2 performing operation 1 on task 14
44 Worker 4 processing task 19 requiring operations [10, 8]
44 Worker 4 performing operation 10 on task 19
44 Worker 0 processing task 21 requiring operations [5, 8]
44 Worker 0 forwarding task 21
44 Worker 1 processing task 22 requiring operations [10, 3, 6]
44 Worker 1 performing operation 3 on task 22
44 Worker 3 processing task 17 requiring operations [5]
44 Worker 3 forwarding task 17
45 Worker 2 accepting task 14
45 Worker 4 accepting task 19
45 Worker 1 accepting task 21
45 Worker 1 accepting task 22
45 Worker 0 accepting task 17
45 Worker 2 processing task 8 requiring operations [4, 1]
45 Worker 2 performing operation 1 on task 8
45 Worker 4 processing task 20 requiring operations [3, 8, 5]
45 Worker 4 performing operation 5 on task 20
45 Worker 1 processing task 15 requiring operations [3, 8]
45 Worker 1 performing operation 3 on task 15
45 Worker 3 processing task 18 requiring operations [4]
45 Worker 3 performing operation 4 on task 18
45 Worker 0 processing task 17 requiring operations [5]
45 Worker 0 forwarding task 17
46 Generated task 23
46 Worker 4 accepting task 23
46 Worker 2 accepting task 8
46 Worker 4 accepting task 20
46 Worker 1 accepting task 15
46 Task 18 completed!
46 Worker 1 accepting task 17
46 Worker 2 processing task 14 requiring operations [5]
46 Worker 2 forwarding task 14
46 Worker 4 processing task 19 requiring operations [8]
46 Worker 4 forwarding task 19
46 Worker 1 processing task 21 requiring operations [5, 8]
46 Worker 1 forwarding task 21
47 Worker 4 accepting task 14
47 Worker 2 accepting task 19
47 Worker 0 accepting task 21
47 Worker 2 processing task 8 requiring operations [4]
47 Worker 2 forwarding task 8
47 Worker 4 processing task 23 requiring operations [4, 1, 2]
47 Worker 4 performing operation 2 on task 23
47 Worker 1 processing task 22 requiring operations [10, 6]
47 Worker 1 forwarding task 22
47 Worker 0 processing task 21 requiring operations [5, 8]
47 Worker 0 forwarding task 21
48 Generated task 24
48 Worker 2 accepting task 24
48 Worker 1 accepting task 8
48 Worker 4 accepting task 23
48 Worker 0 accepting task 22
48 Worker 1 accepting task 21
48 Worker 2 processing task 19 requiring operations [8]
48 Worker 2 forwarding task 19
48 Worker 4 processing task 20 requiring operations [3, 8]
48 Worker 4 forwarding task 20
48 Worker 1 processing task 15 requiring operations [8]
48 Worker 1 forwarding task 15
48 Worker 0 processing task 22 requiring operations [10, 6]
48 Worker 0 forwarding task 22
49 Worker 1 accepting task 19
49 Worker 2 accepting task 20
49 Worker 2 accepting task 15
49 Worker 1 accepting task 22
49 Worker 2 processing task 24 requiring operations [7, 6, 8]
49 Worker 2 performing operation 6 on task 24
49 Worker 4 processing task 14 requiring operations [5]
49 Worker 4 performing operation 5 on task 14
49 Worker 1 processing task 17 requiring operations [5]
49 Worker 1 forwarding task 17
50 Generated task 25
50 Worker 1 accepting task 25
50 Worker 2 accepting task 24
50 Task 14 completed!
50 Worker 2 accepting task 17
50 Worker 2 processing task 20 requiring operations [3, 8]
50 Worker 2 forwarding task 20
50 Worker 4 processing task 23 requiring operations [4, 1]
50 Worker 4 forwarding task 23
50 Worker 1 processing task 8 requiring operations [4]
50 Worker 1 forwarding task 8
51 Worker 1 accepting task 20
51 Worker 1 accepting task 23
51 Worker 2 accepting task 8
51 Worker 2 processing task 15 requiring operations [8]
51 Worker 2 forwarding task 15
51 Worker 1 processing task 21 requiring operations [5, 8]
51 Worker 1 forwarding task 21
52 Generated task 26
52 Worker 2 accepting task 26
52 Worker 4 accepting task 15
52 Worker 0 accepting task 21
52 Worker 2 processing task 24 requiring operations [7, 8]
52 Worker 2 forwarding task 24
52 Worker 1 processing task 19 requiring operations [8]
52 Worker 1 forwarding task 19
52 Worker 4 processing task 15 requiring operations [8]
52 Worker 4 forwarding task 15
52 Worker 0 processing task 21 requiring operations [5, 8]
52 Worker 0 forwarding task 21
53 Worker 4 accepting task 24
53 Worker 2 accepting task 19
53 Worker 1 accepting task 15
53 Worker 3 accepting task 21
53 Worker 2 processing task 17 requiring operations [5]
53 Worker 2 forwarding task 17
53 Worker 1 processing task 22 requiring operations [10, 6]
53 Worker 1 forwarding task 22
53 Worker 4 processing task 24 requiring operations [7, 8]
53 Worker 4 performing operation 7 on task 24
53 Worker 3 processing task 21 requiring operations [5, 8]
53 Worker 3 performing operation 8 on task 21
54 Generated task 27
54 Worker 1 accepting task 27
54 Worker 4 accepting task 17
54 Worker 4 accepting task 22
54 Worker 4 accepting task 24
54 Worker 3 accepting task 21
54 Worker 2 processing task 8 requiring operations [4]
54 Worker 2 forwarding task 8
54 Worker 1 processing task 25 requiring operations [4, 6, 2]
54 Worker 1 forwarding task 25
54 Worker 4 processing task 17 requiring operations [5]
54 Worker 4 performing operation 5 on task 17
54 Worker 3 processing task 21 requiring operations [5]
54 Worker 3 forwarding task 21
55 Worker 4 accepting task 8
55 Worker 4 accepting task 25
55 Task 17 completed!
55 Worker 2 accepting task 21
55 Worker 2 processing task 26 requiring operations [6, 10, 1]
55 Worker 2 performing operation 1 on task 26
55 Worker 1 processing task 20 requiring operations [3, 8]
55 Worker 1 performing operation 3 on task 20
55 Worker 4 processing task 22 requiring operations [10, 6]
55 Worker 4 performing operation 10 on task 22
56 Generated task 28
56 Worker 4 accepting task 28
56 Worker 2 accepting task 26
56 Worker 1 accepting task 20
56 Worker 4 accepting task 22
56 Worker 2 processing task 19 requiring operations [8]
56 Worker 2 forwarding task 19
56 Worker 1 processing task 23 requiring operations [4, 1]
56 Worker 1 forwarding task 23
56 Worker 4 processing task 24 requiring operations [8]
56 Worker 4 forwarding task 24
57 Worker 3 accepting task 19
57 Worker 0 accepting task 23
57 Worker 1 accepting task 24
57 Worker 2 processing task 21 requiring operations [5]
57 Worker 2 forwarding task 21
57 Worker 1 processing task 15 requiring operations [8]
57 Worker 1 forwarding task 15
57 Worker 4 processing task 8 requiring operations [4]
57 Worker 4 forwarding task 8
57 Worker 3 processing task 19 requiring operations [8]
57 Worker 3 performing operation 8 on task 19
57 Worker 0 processing task 23 requiring operations [4, 1]
57 Worker 0 forwarding task 23
58 Generated task 29
58 Worker 0 accepting task 29
58 Worker 3 accepting task 21
58 Worker 2 accepting task 15
58 Worker 2 accepting task 8
58 Task 19 completed!
58 Worker 3 accepting task 23
58 Worker 2 processing task 26 requiring operations [6, 10]
58 Worker 2 performing operation 6 on task 26
58 Worker 1 processing task 27 requiring operations [4, 2, 3]
58 Worker 1 performing operation 3 on task 27
58 Worker 4 processing task 25 requiring operations [4, 6, 2]
58 Worker 4 performing operation 2 on task 25
58 Worker 3 processing task 21 requiring operations [5]
58 Worker 3 forwarding task 21
58 Worker 0 processing task 29 requiring operations [8, 5, 4]
58 Worker 0 forwarding task 29
59 Worker 2 accepting task 26
59 Worker 1 accepting task 27
59 Worker 4 accepting task 25
59 Worker 2 accepting task 21
59 Worker 3 accepting task 29
59 Worker 2 processing task 15 requiring operations [8]
59 Worker 2 forwarding task 15
59 Worker 1 processing task 20 requiring operations [8]
59 Worker 1 forwarding task 20
59 Worker 4 processing task 28 requiring operations [4, 10, 1]
59 Worker 4 performing operation 10 on task 28
59 Worker 3 processing task 23 requiring operations [4, 1]
59 Worker 3 performing operation 4 on task 23
60 Generated task 30
60 Worker 4 accepting task 30
60 Worker 3 accepting task 15
60 Worker 4 accepting task 20
60 Worker 4 accepting task 28
60 Worker 3 accepting task 23
60 Worker 2 processing task 8 requiring operations [4]
60 Worker 2 forwarding task 8
60 Worker 1 processing task 24 requiring operations [8]
60 Worker 1 forwarding task 24
60 Worker 4 processing task 22 requiring operations [6]
60 Worker 4 forwarding task 22
60 Worker 3 processing task 29 requiring operations [8, 5, 4]
60 Worker 3 performing operation 4 on task 29
61 Worker 4 accepting task 8
61 Worker 4 accepting task 24
61 Worker 1 accepting task 22
61 Worker 3 accepting task 29
61 Worker 2 processing task 26 requiring operations [10]
61 Worker 2 forwarding task 26
61 Worker 1 processing task 27 requiring operations [4, 2]
61 Worker 1 forwarding task 27
61 Worker 4 processing task 25 requiring operations [4, 6]
61 Worker 4 forwarding task 25
61 Worker 3 processing task 15 requiring operations [8]
61 Worker 3 performing operation 8 on task 15
62 Generated task 31
62 Worker 2 accepting task 31
62 Worker 4 accepting task 26
62 Worker 4 accepting task 27
62 Worker 1 accepting task 25
62 Task 15 completed!
62 Worker 2 processing task 21 requiring operations [5]
62 Worker 2 forwarding task 21
62 Worker 1 processing task 22 requiring operations [6]
62 Worker 1 forwarding task 22
62 Worker 4 processing task 30 requiring operations [8, 3, 9]
62 Worker 4 forwarding task 30
62 Worker 3 processing task 23 requiring operations [1]
62 Worker 3 forwarding task 23
63 Worker 3 accepting task 21
63 Worker 4 accepting task 22
63 Worker 1 accepting task 30
63 Worker 2 accepting task 23
63 Worker 2 processing task 31 requiring operations [1, 4, 5]
63 Worker 2 performing operation 1 on task 31
63 Worker 1 processing task 25 requiring operations [4, 6]
63 Worker 1 forwarding task 25
63 Worker 4 processing task 20 requiring operations [8]
63 Worker 4 forwarding task 20
63 Worker 3 processing task 29 requiring operations [8, 5]
63 Worker 3 performing operation 8 on task 29
64 Generated task 32
64 Worker 4 accepting task 32
64 Worker 2 accepting task 31
64 Worker 2 accepting task 25
64 Worker 1 accepting task 20
64 Worker 3 accepting task 29
64 Worker 2 processing task 23 requiring operations [1]
64 Worker 2 performing operation 1 on task 23
64 Worker 1 processing task 30 requiring operations [8, 3, 9]
64 Worker 1 performing operation 3 on task 30
64 Worker 4 processing task 28 requiring operations [4, 1]
64 Worker 4 forwarding task 28
64 Worker 3 processing task 21 requiring operations [5]
64 Worker 3 forwarding task 21
65 Task 23 completed!
65 Worker 1 accepting task 30
65 Worker 2 accepting task 28
65 Worker 0 accepting task 21
65 Worker 2 processing task 31 requiring operations [4, 5]
65 Worker 2 forwarding task 31
65 Worker 1 processing task 20 requiring operations [8]
65 Worker 1 forwarding task 20
65 Worker 4 processing task 8 requiring operations [4]
65 Worker 4 forwarding task 8
65 Worker 3 processing task 29 requiring operations [5]
65 Worker 3 forwarding task 29
65 Worker 0 processing task 21 requiring operations [5]
65 Worker 0 forwarding task 21
66 Generated task 33
66 Worker 4 accepting task 33
66 Worker 1 accepting task 31
66 Worker 2 accepting task 20
66 Worker 1 accepting task 8
66 Worker 2 accepting task 29
66 Worker 1 accepting task 21
66 Worker 2 processing task 25 requiring operations [4, 6]
66 Worker 2 performing operation 6 on task 25
66 Worker 1 processing task 30 requiring operations [8, 9]
66 Worker 1 performing operation 9 on task 30
66 Worker 4 processing task 24 requiring operations [8]
66 Worker 4 forwarding task 24
67 Worker 2 accepting task 25
67 Worker 1 accepting task 30
67 Worker 1 accepting task 24
67 Worker 2 processing task 28 requiring operations [4, 1]
67 Worker 2 performing operation 1 on task 28
67 Worker 1 processing task 31 requiring operations [4, 5]
67 Worker 1 forwarding task 31
67 Worker 4 processing task 26 requiring operations [10]
67 Worker 4 performing operation 10 on task 26
68 Generated task 34
68 Worker 1 accepting task 34
68 Worker 2 accepting task 28
68 Worker 2 accepting task 31
68 Task 26 completed!
68 Worker 2 processing task 20 requiring operations [8]
68 Worker 2 forwarding task 20
68 Worker 1 processing task 8 requiring operations [4]
68 Worker 1 forwarding task 8
68 Worker 4 processing task 27 requiring operations [4, 2]
68 Worker 4 performing operation 2 on task 27
69 Worker 3 accepting task 20
69 Worker 0 accepting task 8
69 Worker 4 accepting task 27
69 Worker 2 processing task 29 requiring operations [5]
69 Worker 2 forwarding task 29
69 Worker 1 processing task 21 requiring operations [5]
69 Worker 1 forwarding task 21
69 Worker 4 processing task 22 requiring operations [6]
69 Worker 4 forwarding task 22
69 Worker 3 processing task 20 requiring operations [8]
69 Worker 3 performing operation 8 on task 20
69 Worker 0 processing task 8 requiring operations [4]
69 Worker 0 forwarding task 8
70 Generated task 35
70 Worker 1 accepting task 35
70 Worker 1 accepting task 29
70 Worker 2 accepting task 21
70 Worker 1 accepting task 22
70 Task 20 completed!
70 Worker 1 accepting task 8
70 Worker 2 processing task 25 requiring operations [4]
70 Worker 2 forwarding task 25
70 Worker 1 processing task 30 requiring operations [8]
70 Worker 1 forwarding task 30
70 Worker 4 processing task 32 requiring operations [6, 9, 4]
70 Worker 4 forwarding task 32
71 Worker 4 accepting task 25
71 Worker 2 accepting task 30
71 Worker 1 accepting task 32
71 Worker 2 processing task 28 requiring operations [4]
71 Worker 2 forwarding task 28
71 Worker 1 processing task 24 requiring operations [8]
71 Worker 1 forwarding task 24
71 Worker 4 processing task 33 requiring operations [5, 7, 9]
71 Worker 4 performing operation 5 on task 33
72 Generated task 36
72 Worker 3 accepting task 36
72 Worker 3 accepting task 28
72 Worker 4 accepting task 24
72 Worker 4 accepting task 33
72 Worker 2 processing task 31 requiring operations [4, 5]
72 Worker 2 forwarding task 31
72 Worker 1 processing task 34 requiring operations [2, 6, 7]
72 Worker 1 forwarding task 34
72 Worker 4 processing task 27 requiring operations [4]
72 Worker 4 forwarding task 27
72 Worker 3 processing task 36 requiring operations [9, 2, 3]
72 Worker 3 performing operation 3 on task 36
73 Worker 4 accepting task 31
73 Worker 0 accepting task 34
73 Worker 2 accepting task 27
73 Worker 3 accepting task 36
73 Worker 2 processing task 21 requiring operations [5]
73 Worker 2 forwarding task 21
73 Worker 1 processing task 35 requiring operations [6, 9, 10]
73 Worker 1 performing operation 9 on task 35
73 Worker 4 processing task 25 requiring operations [4]
73 Worker 4 forwarding task 25
73 Worker 3 processing task 28 requiring operations [4]
73 Worker 3 performing operation 4 on task 28
73 Worker 0 processing task 34 requiring operations [2, 6, 7]
73 Worker 0 performing operation 7 on task 34
74 Generated task 37
74 Worker 2 accepting task 37
74 Worker 4 accepting task 21
74 Worker 1 accepting task 35
74 Worker 2 accepting task 25
74 Task 28 completed!
74 Worker 0 accepting task 34
74 Worker 2 processing task 30 requiring operations [8]
74 Worker 2 forwarding task 30
74 Worker 1 processing task 29 requiring operations [5]
74 Worker 1 forwarding task 29
74 Worker 4 processing task 24 requiring operations [8]
74 Worker 4 forwarding task 24
74 Worker 3 processing task 36 requiring operations [9, 2]
74 Worker 3 forwarding task 36
74 Worker 0 processing task 34 requiring operations [2, 6]
74 Worker 0 forwarding task 34
75 Worker 1 accepting task 30
75 Worker 4 accepting task 29
75 Worker 2 accepting task 24
75 Worker 2 accepting task 36
75 Worker 1 accepting task 34
75 Worker 2 processing task 27 requiring operations [4]
75 Worker 2 forwarding task 27
75 Worker 1 processing task 22 requiring operations [6]
75 Worker 1 forwarding task 22
75 Worker 4 processing task 33 requiring operations [7, 9]
75 Worker 4 performing operation 7 on task 33
76 Generated task 38
76 Worker 2 accepting task 38
76 Worker 1 accepting task 27
76 Worker 4 accepting task 22
76 Worker 4 accepting task 33
76 Worker 2 processing task 37 requiring operations [2, 10, 8]
76 Worker 2 forwarding task 37
76 Worker 1 processing task 8 requiring operations [4]
76 Worker 1 forwarding task 8
76 Worker 4 processing task 31 requiring operations [4, 5]
76 Worker 4 performing operation 5 on task 31
77 Worker 1 accepting task 37
77 Worker 0 accepting task 8
77 Worker 4 accepting task 31
77 Worker 2 processing task 25 requiring operations [4]
77 Worker 2 forwarding task 25
77 Worker 1 processing task 32 requiring operations [6, 9, 4]
77 Worker 1 performing operation 9 on task 32
77 Worker 4 processing task 21 requiring operations [5]
77 Worker 4 performing operation 5 on task 21
77 Worker 0 processing task 8 requiring operations [4]
77 Worker 0 forwarding task 8
78 Generated task 39
78 Worker 1 accepting task 39
78 Worker 4 accepting task 25
78 Worker 1 accepting task 32
78 Task 21 completed!
78 Worker 3 accepting task 8
78 Worker 2 processing task 24 requiring operations [8]
78 Worker 2 forwarding task 24
78 Worker 1 processing task 35 requiring operations [6, 10]
78 Worker 1 forwarding task 35
78 Worker 4 processing task 29 requiring operations [5]
78 Worker 4 performing operation 5 on task 29
78 Worker 3 processing task 8 requiring operations [4]
78 Worker 3 performing operation 4 on task 8
79 Worker 3 accepting task 24
79 Worker 0 accepting task 35
79 Task 29 completed!
79 Task 8 completed!
79 Worker 2 processing task 36 requiring operations [9, 2]
79 Worker 2 performing operation 9 on task 36
79 Worker 1 processing task 30 requiring operations [8]
79 Worker 1 forwarding task 30
79 Worker 4 processing task 22 requiring operations [6]
79 Worker 4 forwarding task 22
79 Worker 3 processing task 24 requiring operations [8]
79 Worker 3 performing operation 8 on task 24
79 Worker 0 processing task 35 requiring operations [6, 10]
79 Worker 0 forwarding task 35
80 Generated task 40
80 Worker 3 accepting task 40
80 Worker 2 accepting task 36
80 Worker 4 accepting task 30
80 Worker 1 accepting task 22
80 Task 24 completed!
80 Worker 1 accepting task 35
80 Worker 2 processing task 38 requiring operations [9, 3, 8]
80 Worker 2 performing operation 9 on task 38
80 Worker 1 processing task 34 requiring operations [2, 6]
80 Worker 1 forwarding task 34
80 Worker 4 processing task 33 requiring operations [9]
80 Worker 4 forwarding task 33
80 Worker 3 processing task 40 requiring operations [9, 2, 7]
80 Worker 3 forwarding task 40
81 Worker 2 accepting task 38
81 Worker 0 accepting task 34
81 Worker 2 accepting task 33
81 Worker 2 accepting task 40
81 Worker 2 processing task 36 requiring operations [2]
81 Worker 2 forwarding task 36
81 Worker 1 processing task 27 requiring operations [4]
81 Worker 1 forwarding task 27
81 Worker 4 processing task 31 requiring operations [4]
81 Worker 4 forwarding task 31
81 Worker 0 processing task 34 requiring operations [2, 6]
81 Worker 0 forwarding task 34
82 Generated task 41
82 Worker 1 accepting task 41
82 Worker 3 accepting task 36
82 Worker 0 accepting task 27
82 Worker 2 accepting task 31
82 Worker 1 accepting task 34
82 Worker 2 processing task 38 requiring operations [3, 8]
82 Worker 2 forwarding task 38
82 Worker 1 processing task 37 requiring operations [2, 10, 8]
82 Worker 1 forwarding task 37
82 Worker 4 processing task 25 requiring operations [4]
82 Worker 4 forwarding task 25
82 Worker 0 processing task 27 requiring operations [4]
82 Worker 0 forwarding task 27
82 Worker 3 processing task 36 requiring operations [2]
82 Worker 3 forwarding task 36
83 Worker 1 accepting task 38
83 Worker 0 accepting task 37
83 Worker 2 accepting task 25
83 Worker 3 accepting task 27
83 Worker 0 accepting task 36
83 Worker 2 processing task 33 requiring operations [9]
83 Worker 2 performing operation 9 on task 33
83 Worker 1 processing task 39 requiring operations [10, 8, 9]
83 Worker 1 performing operation 9 on task 39
83 Worker 4 processing task 30 requiring operations [8]
83 Worker 4 forwarding task 30
83 Worker 0 processing task 37 requiring operations [2, 10, 8]
83 Worker 0 forwarding task 37
83 Worker 3 processing task 27 requiring operations [4]
83 Worker 3 performing operation 4 on task 27
84 Generated task 42
84 Worker 0 accepting task 42
84 Task 33 completed!
84 Worker 1 accepting task 39
84 Worker 2 accepting task 30
84 Worker 3 accepting task 37
84 Task 27 completed!
84 Worker 2 processing task 40 requiring operations [9, 2, 7]
84 Worker 2 performing operation 9 on task 40
84 Worker 1 processing task 32 requiring operations [6, 4]
84 Worker 1 forwarding task 32
84 Worker 0 processing task 36 requiring operations [2]
84 Worker 0 forwarding task 36
84 Worker 3 processing task 37 requiring operations [2, 10, 8]
84 Worker 3 performing operation 8 on task 37
85 Worker 2 accepting task 40
85 Worker 2 accepting task 32
85 Worker 3 accepting task 36
85 Worker 3 accepting task 37
85 Worker 2 processing task 31 requiring operations [4]
85 Worker 2 forwarding task 31
85 Worker 1 processing task 22 requiring operations [6]
85 Worker 1 forwarding task 22
85 Worker 0 processing task 42 requiring operations [3, 6, 9]
85 Worker 0 forwarding task 42
85 Worker 3 processing task 36 requiring operations [2]
85 Worker 3 forwarding task 36
86 Generated task 43
86 Worker 3 accepting task 43
86 Worker 1 accepting task 31
86 Worker 0 accepting task 22
86 Worker 3 accepting task 42
86 Worker 0 accepting task 36
86 Worker 2 processing task 25 requiring operations [4]
86 Worker 2 forwarding task 25
86 Worker 1 processing task 35 requiring operations [6, 10]
86 Worker 1 forwarding task 35
86 Worker 0 processing task 22 requiring operations [6]
86 Worker 0 forwarding task 22
86 Worker 3 processing task 37 requiring operations [2, 10]
86 Worker 3 forwarding task 37
87 Worker 3 accepting task 25
87 Worker 0 accepting task 35
87 Worker 1 accepting task 22
87 Worker 2 accepting task 37
87 Worker 2 processing task 30 requiring operations [8]
87 Worker 2 forwarding task 30
87 Worker 1 processing task 41 requiring operations [8, 9, 2]
87 Worker 1 performing operation 9 on task 41
87 Worker 0 processing task 36 requiring operations [2]
87 Worker 0 forwarding task 36
87 Worker 3 processing task 43 requiring operations [7, 3, 1]
87 Worker 3 performing operation 3 on task 43
88 Generated task 44
88 Worker 2 accepting task 44
88 Worker 1 accepting task 30
88 Worker 1 accepting task 41
88 Worker 3 accepting task 36
88 Worker 3 accepting task 43
88 Worker 2 processing task 40 requiring operations [2, 7]
88 Worker 2 forwarding task 40
88 Worker 1 processing task 34 requiring operations [2, 6]
88 Worker 1 forwarding task 34
88 Worker 0 processing task 35 requiring operations [6, 10]
88 Worker 0 forwarding task 35
88 Worker 3 processing task 42 requiring operations [3, 6, 9]
88 Worker 3 performing operation 3 on task 42
89 Worker 1 accepting task 40
89 Worker 2 accepting task 34
89 Worker 1 accepting task 35
89 Worker 3 accepting task 42
89 Worker 2 processing task 32 requiring operations [6, 4]
89 Worker 2 performing operation 6 on task 32
89 Worker 1 processing task 38 requiring operations [3, 8]
89 Worker 1 performing operation 3 on task 38
89 Worker 3 processing task 25 requiring operations [4]
89 Worker 3 performing operation 4 on task 25
90 Generated task 45
90 Worker 0 accepting task 45
90 Worker 2 accepting task 32
90 Worker 1 accepting task 38
90 Task 25 completed!
90 Worker 2 processing task 37 requiring operations [2, 10]
90 Worker 2 forwarding task 37
90 Worker 1 processing task 39 requiring operations [10, 8]
90 Worker 1 forwarding task 39
90 Worker 3 processing task 36 requiring operations [2]
90 Worker 3 forwarding task 36
90 Worker 0 processing task 45 requiring operations [6, 5, 9]
90 Worker 0 forwarding task 45
91 Worker 1 accepting task 37
91 Worker 0 accepting task 39
91 Worker 2 accepting task 36
91 Worker 1 accepting task 45
91 Worker 2 processing task 44 requiring operations [7, 3, 6]
91 Worker 2 performing operation 6 on task 44
91 Worker 1 processing task 31 requiring operations [4]
91 Worker 1 forwarding task 31
91 Worker 3 processing task 43 requiring operations [7, 1]
91 Worker 3 forwarding task 43
91 Worker 0 processing task 39 requiring operations [10, 8]
91 Worker 0 forwarding task 39
92 Generated task 46
92 Worker 1 accepting task 46
92 Worker 2 accepting task 44
92 Worker 0 accepting task 31
92 Worker 0 accepting task 43
92 Worker 1 accepting task 39
92 Worker 2 processing task 34 requiring operations [2, 6]
92 Worker 2 performing operation 6 on task 34
92 Worker 1 processing task 22 requiring operations [6]
92 Worker 1 forwarding task 22
92 Worker 3 processing task 42 requiring operations [6, 9]
92 Worker 3 performing operation 6 on task 42
92 Worker 0 processing task 31 requiring operations [4]
92 Worker 0 forwarding task 31
93 Worker 2 accepting task 34
93 Worker 4 accepting task 22
93 Worker 3 accepting task 42
93 Worker 1 accepting task 31
93 Worker 2 processing task 32 requiring operations [4]
93 Worker 2 forwarding task 32
93 Worker 1 processing task 30 requiring operations [8]
93 Worker 1 forwarding task 30
93 Worker 3 processing task 42 requiring operations [9]
93 Worker 3 forwarding task 42
93 Worker 0 processing task 43 requiring operations [7, 1]
93 Worker 0 performing operation 7 on task 43
93 Worker 4 processing task 22 requiring operations [6]
93 Worker 4 forwarding task 22
94 Generated task 47
94 Worker 1 accepting task 47
94 Worker 3 accepting task 32
94 Worker 2 accepting task 30
94 Worker 2 accepting task 42
94 Worker 0 accepting task 43
94 Worker 1 accepting task 22
94 Worker 2 processing task 36 requiring operations [2]
94 Worker 2 forwarding task 36
94 Worker 1 processing task 41 requiring operations [8, 2]
94 Worker 1 forwarding task 41
94 Worker 3 processing task 32 requiring operations [4]
94 Worker 3 performing operation 4 on task 32
94 Worker 0 processing task 43 requiring operations [1]
94 Worker 0 forwarding task 43
95 Worker 4 accepting task 36
95 Worker 4 accepting task 41
95 Task 32 completed!
95 Worker 1 accepting task 43
95 Worker 2 processing task 44 requiring operations [7, 3]
95 Worker 2 forwarding task 44
95 Worker 1 processing task 40 requiring operations [2, 7]
95 Worker 1 forwarding task 40
95 Worker 4 processing task 36 requiring operations [2]
95 Worker 4 performing operation 2 on task 36
96 Generated task 48
96 Worker 4 accepting task 48
96 Worker 1 accepting task 44
96 Worker 2 accepting task 40
96 Task 36 completed!
96 Worker 2 processing task 34 requiring operations [2]
96 Worker 2 forwarding task 34
96 Worker 1 processing task 35 requiring operations [6, 10]
96 Worker 1 forwarding task 35
96 Worker 4 processing task 41 requiring operations [8, 2]
96 Worker 4 performing operation 2 on task 41
97 Worker 1 accepting task 34
97 Worker 2 accepting task 35
97 Worker 4 accepting task 41
97 Worker 2 processing task 30 requiring operations [8]
97 Worker 2 forwarding task 30
97 Worker 1 processing task 38 requiring operations [8]
97 Worker 1 forwarding task 38
97 Worker 4 processing task 48 requiring operations [9, 4, 2]
97 Worker 4 performing operation 2 on task 48
98 Generated task 49
98 Worker 2 accepting task 49
98 Worker 1 accepting task 30
98 Worker 2 accepting task 38
98 Worker 4 accepting task 48
98 Worker 2 processing task 42 requiring operations [9]
98 Worker 2 performing operation 9 on task 42
98 Worker 1 processing task 37 requiring operations [2, 10]
98 Worker 1 forwarding task 37
98 Worker 4 processing task 41 requiring operations [8]
98 Worker 4 forwarding task 41
99 Task 42 completed!
99 Worker 0 accepting task 37
99 Worker 2 accepting task 41
99 Worker 2 processing task 40 requiring operations [2, 7]
99 Worker 2 forwarding task 40
99 Worker 1 processing task 45 requiring operations [6, 5, 9]
99 Worker 1 performing operation 9 on task 45
99 Worker 4 processing task 48 requiring operations [9, 4]
99 Worker 4 forwarding task 48
99 Worker 0 processing task 37 requiring operations [2, 10]
99 Worker 0 forwarding task 37
100 Generated task 50
100 Worker 4 accepting task 50
100 Worker 3 accepting task 40
100 Worker 1 accepting task 45
100 Worker 2 accepting task 48
100 Worker 3 accepting task 37
100 Worker 2 processing task 35 requiring operations [6, 10]
100 Worker 2 performing operation 6 on task 35
100 Worker 1 processing task 46 requiring operations [5, 3, 1]
100 Worker 1 performing operation 3 on task 46
100 Worker 4 processing task 50 requiring operations [2, 3, 7]
100 Worker 4 performing operation 2 on task 50
100 Worker 3 processing task 40 requiring operations [2, 7]
100 Worker 3 forwarding task 40
101 Worker 2 accepting task 35
101 Worker 1 accepting task 46
101 Worker 4 accepting task 50
101 Worker 0 accepting task 40
101 Worker 2 processing task 49 requiring operations [2, 7, 4]
101 Worker 2 forwarding task 49
101 Worker 1 processing task 39 requiring operations [10, 8]
101 Worker 1 forwarding task 39
101 Worker 4 processing task 50 requiring operations [3, 7]
101 Worker 4 performing operation 7 on task 50
101 Worker 3 processing task 37 requiring operations [2, 10]
101 Worker 3 forwarding task 37
101 Worker 0 processing task 40 requiring operations [2, 7]
101 Worker 0 performing operation 7 on task 40
102 Generated task 51
102 Worker 0 accepting task 51
102 Worker 4 accepting task 49
102 Worker 4 accepting task 39
102 Worker 4 accepting task 50
102 Worker 2 accepting task 37
102 Worker 0 accepting task 40
102 Worker 2 processing task 38 requiring operations [8]
102 Worker 2 forwarding task 38
102 Worker 1 processing task 31 requiring operations [4]
102 Worker 1 forwarding task 31
102 Worker 4 processing task 49 requiring operations [2, 7, 4]
102 Worker 4 performing operation 2 on task 49
102 Worker 0 processing task 51 requiring operations [10, 5, 8]
102 Worker 0 forwarding task 51
103 Worker 1 accepting task 38
103 Worker 2 accepting task 31
103 Worker 4 accepting task 49
103 Worker 3 accepting task 51
103 Worker 2 processing task 41 requiring operations [8]
103 Worker 2 forwarding task 41
103 Worker 1 processing task 47 requiring operations [3, 10, 5]
103 Worker 1 performing operation 3 on task 47
103 Worker 4 processing task 39 requiring operations [10, 8]
103 Worker 4 performing operation 10 on task 39
103 Worker 0 processing task 40 requiring operations [2]
103 Worker 0 forwarding task 40
103 Worker 3 processing task 51 requiring operations [10, 5, 8]
103 Worker 3 performing operation 8 on task 51
104 Generated task 52
104 Worker 4 accepting task 52
104 Worker 3 accepting task 41
104 Worker 1 accepting task 47
104 Worker 4 accepting task 39
104 Worker 3 accepting task 40
104 Worker 3 accepting task 51
104 Worker 2 processing task 48 requiring operations [9, 4]
104 Worker 2 performing operation 9 on task 48
104 Worker 1 processing task 22 requiring operations [6]
104 Worker 1 forwarding task 22
104 Worker 4 processing task 50 requiring operations [3]
104 Worker 4 forwarding task 50
104 Worker 3 processing task 41 requiring operations [8]
104 Worker 3 performing operation 8 on task 41
105 Worker 2 accepting task 48
105 Worker 0 accepting task 22
105 Worker 2 accepting task 50
105 Task 41 completed!
105 Worker 2 processing task 35 requiring operations [10]
105 Worker 2 forwarding task 35
105 Worker 1 processing task 43 requiring operations [1]
105 Worker 1 forwarding task 43
105 Worker 4 processing task 49 requiring operations [7, 4]
105 Worker 4 performing operation 7 on task 49
105 Worker 3 processing task 40 requiring operations [2]
105 Worker 3 forwarding task 40
105 Worker 0 processing task 22 requiring operations [6]
105 Worker 0 forwarding task 22
106 Generated task 53
106 Worker 4 accepting task 53
106 Worker 1 accepting task 35
106 Worker 4 accepting task 43
106 Worker 4 accepting task 49
106 Worker 0 accepting task 40
106 Worker 3 accepting task 22
106 Worker 2 processing task 37 requiring operations [2, 10]
106 Worker 2 forwarding task 37
106 Worker 1 processing task 44 requiring operations [7, 3]
106 Worker 1 performing operation 3 on task 44
106 Worker 4 processing task 52 requiring operations [3, 6, 10]
106 Worker 4 performing operation 10 on task 52
106 Worker 3 processing task 51 requiring operations [10, 5]
106 Worker 3 forwarding task 51
106 Worker 0 processing task 40 requiring operations [2]
106 Worker 0 forwarding task 40
107 Worker 4 accepting task 37
107 Worker 1 accepting task 44
107 Worker 4 accepting task 52
107 Worker 0 accepting task 51
107 Worker 1 accepting task 40
107 Worker 2 processing task 31 requiring operations [4]
107 Worker 2 forwarding task 31
107 Worker 1 processing task 34 requiring operations [2]
107 Worker 1 forwarding task 34
107 Worker 4 processing task 39 requiring operations [8]
107 Worker 4 forwarding task 39
107 Worker 3 processing task 22 requiring operations [6]
107 Worker 3 performing operation 6 on task 22
107 Worker 0 processing task 51 requiring operations [10, 5]
107 Worker 0 forwarding task 51
108 Generated task 54
108 Worker 3 accepting task 54
108 Worker 4 accepting task 31
108 Worker 0 accepting task 34
108 Worker 2 accepting task 39
108 Task 22 completed!
108 Worker 1 accepting task 51
108 Worker 2 processing task 48 requiring operations [4]
108 Worker 2 forwarding task 48
108 Worker 1 processing task 30 requiring operations [8]
108 Worker 1 forwarding task 30
108 Worker 4 processing task 53 requiring operations [8, 10, 1]
108 Worker 4 performing operation 10 on task 53
108 Worker 3 processing task 54 requiring operations [5, 1, 3]
108 Worker 3 performing operation 3 on task 54
108 Worker 0 processing task 34 requiring operations [2]
108 Worker 0 forwarding task 34
109 Worker 1 accepting task 48
109 Worker 0 accepting task 30
109 Worker 4 accepting task 53
109 Worker 3 accepting task 54
109 Worker 1 accepting task 34
109 Worker 2 processing task 50 requiring operations [3]
109 Worker 2 forwarding task 50
109 Worker 1 processing task 45 requiring operations [6, 5]
109 Worker 1 forwarding task 45
109 Worker 4 processing task 43 requiring operations [1]
109 Worker 4 forwarding task 43
109 Worker 3 processing task 54 requiring operations [5, 1]
109 Worker 3 forwarding task 54
109 Worker 0 processing task 30 requiring operations [8]
109 Worker 0 forwarding task 30
110 Generated task 55
110 Worker 0 accepting task 55
110 Worker 3 accepting task 50
110 Worker 0 accepting task 45
110 Worker 2 accepting task 43
110 Worker 0 accepting task 54
110 Worker 3 accepting task 30
110 Worker 2 processing task 39 requiring operations [8]
110 Worker 2 forwarding task 39
110 Worker 1 processing task 46 requiring operations [5, 1]
110 Worker 1 forwarding task 46
110 Worker 4 processing task 49 requiring operations [4]
110 Worker 4 forwarding task 49
110 Worker 3 processing task 50 requiring operations [3]
110 Worker 3 performing operation 3 on task 50
110 Worker 0 processing task 55 requiring operations [6, 5, 3]
110 Worker 0 forwarding task 55
111 Worker 1 accepting task 39
111 Worker 4 accepting task 46
111 Worker 2 accepting task 49
111 Task 50 completed!
111 Worker 3 accepting task 55
111 Worker 2 processing task 43 requiring operations [1]
111 Worker 2 performing operation 1 on task 43
111 Worker 1 processing task 38 requiring operations [8]
111 Worker 1 forwarding task 38
111 Worker 4 processing task 37 requiring operations [2, 10]
111 Worker 4 performing operation 2 on task 37
111 Worker 3 processing task 30 requiring operations [8]
111 Worker 3 performing operation 8 on task 30
111 Worker 0 processing task 45 requiring operations [6, 5]
111 Worker 0 forwarding task 45
112 Generated task 56
112 Worker 2 accepting task 56
112 Task 43 completed!
112 Worker 0 accepting task 38
112 Worker 4 accepting task 37
112 Task 30 completed!
112 Worker 3 accepting task 45
112 Worker 2 processing task 49 requiring operations [4]
112 Worker 2 forwarding task 49
112 Worker 1 processing task 47 requiring operations [10, 5]
112 Worker 1 forwarding task 47
112 Worker 4 processing task 52 requiring operations [3, 6]
112 Worker 4 forwarding task 52
112 Worker 3 processing task 55 requiring operations [6, 5, 3]
112 Worker 3 performing operation 3 on task 55
112 Worker 0 processing task 54 requiring operations [5, 1]
112 Worker 0 forwarding task 54
113 Worker 1 accepting task 49
113 Worker 4 accepting task 47
113 Worker 1 accepting task 52
113 Worker 3 accepting task 55
113 Worker 3 accepting task 54
113 Worker 2 processing task 56 requiring operations [1, 2, 10]
113 Worker 2 performing operation 1 on task 56
113 Worker 1 processing task 35 requiring operations [10]
113 Worker 1 forwarding task 35
113 Worker 4 processing task 31 requiring operations [4]
113 Worker 4 forwarding task 31
113 Worker 3 processing task 45 requiring operations [6, 5]
113 Worker 3 performing operation 6 on task 45
113 Worker 0 processing task 38 requiring operations [8]
113 Worker 0 forwarding task 38
114 Generated task 57
114 Worker 3 accepting task 57
114 Worker 2 accepting task 56
114 Worker 2 accepting task 35
114 Worker 2 accepting task 31
114 Worker 3 accepting task 45
114 Worker 1 accepting task 38
114 Worker 2 processing task 56 requiring operations [2, 10]
114 Worker 2 forwarding task 56
114 Worker 1 processing task 44 requiring operations [7]
114 Worker 1 forwarding task 44
114 Worker 4 processing task 53 requiring operations [8, 1]
114 Worker 4 forwarding task 53
114 Worker 3 processing task 55 requiring operations [6, 5]
114 Worker 3 performing operation 6 on task 55
115 Worker 4 accepting task 56
115 Worker 4 accepting task 44
115 Worker 2 accepting task 53
115 Worker 3 accepting task 55
115 Worker 2 processing task 35 requiring operations [10]
115 Worker 2 forwarding task 35
115 Worker 1 processing task 40 requiring operations [2]
115 Worker 1 forwarding task 40
115 Worker 4 processing task 46 requiring operations [5, 1]
115 Worker 4 performing operation 5 on task 46
115 Worker 3 processing task 54 requiring operations [5, 1]
115 Worker 3 forwarding task 54
116 Generated task 58
116 Worker 2 accepting task 58
116 Worker 4 accepting task 35
116 Worker 2 accepting task 40
116 Worker 4 accepting task 46
116 Worker 0 accepting task 54
116 Worker 2 processing task 31 requiring operations [4]
116 Worker 2 forwarding task 31
116 Worker 1 processing task 51 requiring operations [10, 5]
116 Worker 1 forwarding task 51
116 Worker 4 processing task 37 requiring operations [10]
116 Worker 4 performing operation 10 on task 37
116 Worker 3 processing task 57 requiring operations [7, 2, 4]
116 Worker 3 performing operation 4 on task 57
116 Worker 0 processing task 54 requiring operations [5, 1]
116 Worker 0 forwarding task 54
117 Worker 1 accepting task 31
117 Worker 2 accepting task 51
117 Task 37 completed!
117 Worker 3 accepting task 57
117 Worker 3 accepting task 54
117 Worker 2 processing task 53 requiring operations [8, 1]
117 Worker 2 performing operation 1 on task 53
117 Worker 1 processing task 48 requiring operations [4]
117 Worker 1 forwarding task 48
117 Worker 4 processing task 47 requiring operations [10, 5]
117 Worker 4 performing operation 5 on task 47
117 Worker 3 processing task 45 requiring operations [5]
117 Worker 3 forwarding task 45
118 Generated task 59
118 Worker 1 accepting task 59
118 Worker 2 accepting task 53
118 Worker 4 accepting task 48
118 Worker 4 accepting task 47
118 Worker 2 accepting task 45
118 Worker 2 processing task 58 requiring operations [1, 2, 8]
118 Worker 2 performing operation 1 on task 58
118 Worker 1 processing task 34 requiring operations [2]
118 Worker 1 forwarding task 34
118 Worker 4 processing task 56 requiring operations [2, 10]
118 Worker 4 performing operation 2 on task 56
118 Worker 3 processing task 55 requiring operations [5]
118 Worker 3 forwarding task 55
119 Worker 2 accepting task 58
119 Worker 4 accepting task 34
119 Worker 4 accepting task 56
119 Worker 0 accepting task 55
119 Worker 2 processing task 40 requiring operations [2]
119 Worker 2 forwarding task 40
119 Worker 1 processing task 39 requiring operations [8]
119 Worker 1 forwarding task 39
119 Worker 4 processing task 44 requiring operations [7]
119 Worker 4 performing operation 7 on task 44
119 Worker 3 processing task 57 requiring operations [7, 2]
119 Worker 3 forwarding task 57
119 Worker 0 processing task 55 requiring operations [5]
119 Worker 0 forwarding task 55
120 Generated task 60
120 Worker 4 accepting task 60
120 Worker 3 accepting task 40
120 Worker 2 accepting task 39
120 Task 44 completed!
120 Worker 0 accepting task 57
120 Worker 3 accepting task 55
120 Worker 2 processing task 51 requiring operations [10, 5]
120 Worker 2 forwarding task 51
120 Worker 1 processing task 49 requiring operations [4]
120 Worker 1 forwarding task 49
120 Worker 4 processing task 35 requiring operations [10]
120 Worker 4 performing operation 10 on task 35
120 Worker 3 processing task 54 requiring operations [5, 1]
120 Worker 3 forwarding task 54
120 Worker 0 processing task 57 requiring operations [7, 2]
120 Worker 0 performing operation 7 on task 57
121 Worker 4 accepting task 51
121 Worker 4 accepting task 49
121 Task 35 completed!
121 Worker 0 accepting task 54
121 Worker 0 accepting task 57
121 Worker 2 processing task 53 requiring operations [8]
121 Worker 2 forwarding task 53
121 Worker 1 processing task 52 requiring operations [3, 6]
121 Worker 1 performing operation 3 on task 52
121 Worker 4 processing task 46 requiring operations [1]
121 Worker 4 forwarding task 46
121 Worker 3 processing task 40 requiring operations [2]
121 Worker 3 forwarding task 40
121 Worker 0 processing task 54 requiring operations [5, 1]
121 Worker 0 forwarding task 54
122 Generated task 61
122 Worker 3 accepting task 61
122 Worker 4 accepting task 53
122 Worker 1 accepting task 52
122 Worker 2 accepting task 46
122 Worker 2 accepting task 40
122 Worker 1 accepting task 54
122 Worker 2 processing task 45 requiring operations [5]
122 Worker 2 forwarding task 45
122 Worker 1 processing task 38 requiring operations [8]
122 Worker 1 forwarding task 38
122 Worker 4 processing task 48 requiring operations [4]
122 Worker 4 forwarding task 48
122 Worker 3 processing task 55 requiring operations [5]
122 Worker 3 forwarding task 55
122 Worker 0 processing task 57 requiring operations [2]
122 Worker 0 forwarding task 57
123 Worker 4 accepting task 45
123 Worker 4 accepting task 38
123 Worker 2 accepting task 48
123 Worker 0 accepting task 55
123 Worker 3 accepting task 57
123 Worker 2 processing task 58 requiring operations [2, 8]
123 Worker 2 forwarding task 58
123 Worker 1 processing task 31 requiring operations [4]
123 Worker 1 forwarding task 31
123 Worker 4 processing task 47 requiring operations [10]
123 Worker 4 performing operation 10 on task 47
123 Worker 3 processing task 61 requiring operations [9, 10, 3]
123 Worker 3 performing operation 3 on task 61
123 Worker 0 processing task 55 requiring operations [5]
123 Worker 0 forwarding task 55
124 Generated task 62
124 Worker 0 accepting task 62
124 Worker 1 accepting task 58
124 Worker 2 accepting task 31
124 Task 47 completed!
124 Worker 3 accepting task 61
124 Worker 1 accepting task 55
124 Worker 2 processing task 39 requiring operations [8]
124 Worker 2 forwarding task 39
124 Worker 1 processing task 59 requiring operations [2, 6, 1]
124 Worker 1 forwarding task 59
124 Worker 4 processing task 34 requiring operations [2]
124 Worker 4 performing operation 2 on task 34
124 Worker 3 processing task 57 requiring operations [2]
124 Worker 3 forwarding task 57
124 Worker 0 processing task 62 requiring operations [5, 4, 9]
124 Worker 0 forwarding task 62
125 Worker 3 accepting task 39
125 Worker 0 accepting task 59
125 Task 34 completed!
125 Worker 0 accepting task 57
125 Worker 3 accepting task 62
125 Worker 2 processing task 46 requiring operations [1]
125 Worker 2 performing operation 1 on task 46
125 Worker 1 processing task 52 requiring operations [6]
125 Worker 1 forwarding task 52
125 Worker 4 processing task 56 requiring operations [10]
125 Worker 4 performing operation 10 on task 56
125 Worker 3 processing task 61 requiring operations [9, 10]
125 Worker 3 forwarding task 61
125 Worker 0 processing task 59 requiring operations [2, 6, 1]
125 Worker 0 forwarding task 59
126 Generated task 63
126 Worker 3 accepting task 63
126 Task 46 completed!
126 Worker 0 accepting task 52
126 Task 56 completed!
126 Worker 2 accepting task 61
126 Worker 3 accepting task 59
126 Worker 2 processing task 40 requiring operations [2]
126 Worker 2 forwarding task 40
126 Worker 1 processing task 54 requiring operations [5, 1]
126 Worker 1 forwarding task 54
126 Worker 4 processing task 60 requiring operations [5, 1, 7]
126 Worker 4 performing operation 7 on task 60
126 Worker 3 processing task 39 requiring operations [8]
126 Worker 3 performing operation 8 on task 39
126 Worker 0 processing task 57 requiring operations [2]
126 Worker 0 forwarding task 57
127 Worker 1 accepting task 40
127 Worker 4 accepting task 54
127 Worker 4 accepting task 60
127 Task 39 completed!
127 Worker 1 accepting task 57
127 Worker 2 processing task 48 requiring operations [4]
127 Worker 2 forwarding task 48
127 Worker 1 processing task 58 requiring operations [2, 8]
127 Worker 1 forwarding task 58
127 Worker 4 processing task 51 requiring operations [10, 5]
127 Worker 4 performing operation 5 on task 51
127 Worker 3 processing task 62 requiring operations [5, 4, 9]
127 Worker 3 performing operation 4 on task 62
127 Worker 0 processing task 52 requiring operations [6]
127 Worker 0 forwarding task 52
128 Generated task 64
128 Worker 1 accepting task 64
128 Worker 1 accepting task 48
128 Worker 4 accepting task 58
128 Worker 4 accepting task 51
128 Worker 3 accepting task 62
128 Worker 1 accepting task 52
128 Worker 2 processing task 31 requiring operations [4]
128 Worker 2 forwarding task 31
128 Worker 1 processing task 55 requiring operations [5]
128 Worker 1 forwarding task 55
128 Worker 4 processing task 49 requiring operations [4]
128 Worker 4 forwarding task 49
128 Worker 3 processing task 63 requiring operations [2, 3, 10]
128 Worker 3 performing operation 3 on task 63
129 Worker 1 accepting task 31
129 Worker 4 accepting task 55
129 Worker 2 accepting task 49
129 Worker 3 accepting task 63
129 Worker 2 processing task 61 requiring operations [9, 10]
129 Worker 2 performing operation 9 on task 61
129 Worker 1 processing task 40 requiring operations [2]
129 Worker 1 forwarding task 40
129 Worker 4 processing task 53 requiring operations [8]
129 Worker 4 forwarding task 53
129 Worker 3 processing task 59 requiring operations [2, 6, 1]
129 Worker 3 performing operation 6 on task 59
130 Generated task 65
130 Worker 3 accepting task 65
130 Worker 2 accepting task 61
130 Worker 2 accepting task 40
130 Worker 1 accepting task 53
130 Worker 3 accepting task 59
130 Worker 2 processing task 49 requiring operations [4]
130 Worker 2 forwarding task 49
130 Worker 1 processing task 57 requiring operations [2]
130 Worker 1 forwarding task 57
130 Worker 4 processing task 45 requiring operations [5]
130 Worker 4 performing operation 5 on task 45
130 Worker 3 processing task 62 requiring operations [5, 9]
130 Worker 3 forwarding task 62
131 Worker 3 accepting task 49
131 Worker 0 accepting task 57
131 Task 45 completed!
131 Worker 2 accepting task 62
131 Worker 2 processing task 61 requiring operations [10]
131 Worker 2 forwarding task 61
131 Worker 1 processing task 64 requiring operations [1, 10, 6]
131 Worker 1 forwarding task 64
131 Worker 4 processing task 38 requiring operations [8]
131 Worker 4 forwarding task 38
131 Worker 3 processing task 63 requiring operations [2, 10]
131 Worker 3 forwarding task 63
131 Worker 0 processing task 57 requiring operations [2]
131 Worker 0 forwarding task 57
132 Generated task 66
132 Worker 2 accepting task 66
132 Worker 3 accepting task 61
132 Worker 2 accepting task 64
132 Worker 2 accepting task 38
132 Worker 2 accepting task 63
132 Worker 1 accepting task 57
132 Worker 2 processing task 40 requiring operations [2]
132 Worker 2 forwarding task 40
132 Worker 1 processing task 48 requiring operations [4]
132 Worker 1 forwarding task 48
132 Worker 4 processing task 54 requiring operations [5, 1]
132 Worker 4 performing operation 5 on task 54
132 Worker 3 processing task 65 requiring operations [7, 9, 4]
132 Worker 3 performing operation 4 on task 65
133 Worker 1 accepting task 40
133 Worker 0 accepting task 48
133 Worker 4 accepting task 54
133 Worker 3 accepting task 65
133 Worker 2 processing task 62 requiring operations [5, 9]
133 Worker 2 performing operation 9 on task 62
133 Worker 1 processing task 52 requiring operations [6]
133 Worker 1 forwarding task 52
133 Worker 4 processing task 60 requiring operations [5, 1]
133 Worker 4 performing operation 5 on task 60
133 Worker 3 processing task 59 requiring operations [2, 1]
133 Worker 3 forwarding task 59
133 Worker 0 processing task 48 requiring operations [4]
133 Worker 0 forwarding task 48
134 Generated task 67
134 Worker 3 accepting task 67
134 Worker 2 accepting task 62
134 Worker 0 accepting task 52
134 Worker 4 accepting task 60
134 Worker 0 accepting task 59
134 Worker 3 accepting task 48
134 Worker 2 processing task 66 requiring operations [3, 8, 5]
134 Worker 2 forwarding task 66
134 Worker 1 processing task 31 requiring operations [4]
134 Worker 1 forwarding task 31
134 Worker 4 processing task 58 requiring operations [2, 8]
134 Worker 4 performing operation 2 on task 58
134 Worker 3 processing task 49 requiring operations [4]
134 Worker 3 performing operation 4 on task 49
134 Worker 0 processing task 52 requiring operations [6]
134 Worker 0 forwarding task 52
135 Worker 1 accepting task 66
135 Worker 0 accepting task 31
135 Worker 4 accepting task 58
135 Task 49 completed!
135 Worker 3 accepting task 52
135 Worker 2 processing task 64 requiring operations [1, 10, 6]
135 Worker 2 performing operation 6 on task 64
135 Worker 1 processing task 53 requiring operations [8]
135 Worker 1 forwarding task 53
135 Worker 4 processing task 51 requiring operations [10]
135 Worker 4 performing operation 10 on task 51
135 Worker 3 processing task 61 requiring operations [10]
135 Worker 3 forwarding task 61
135 Worker 0 processing task 59 requiring operations [2, 1]
135 Worker 0 forwarding task 59
136 Generated task 68
136 Worker 4 accepting task 68
136 Worker 2 accepting task 64
136 Worker 0 accepting task 53
136 Task 51 completed!
136 Worker 2 accepting task 61
136 Worker 1 accepting task 59
136 Worker 2 processing task 38 requiring operations [8]
136 Worker 2 forwarding task 38
136 Worker 1 processing task 57 requiring operations [2]
136 Worker 1 forwarding task 57
136 Worker 4 processing task 55 requiring operations [5]
136 Worker 4 performing operation 5 on task 55
136 Worker 3 processing task 65 requiring operations [7, 9]
136 Worker 3 forwarding task 65
136 Worker 0 processing task 31 requiring operations [4]
136 Worker 0 forwarding task 31
137 Worker 3 accepting task 38
137 Worker 0 accepting task 57
137 Task 55 completed!
137 Worker 2 accepting task 65
137 Worker 1 accepting task 31
137 Worker 2 processing task 63 requiring operations [2, 10]
137 Worker 2 forwarding task 63
137 Worker 1 processing task 40 requiring operations [2]
137 Worker 1 forwarding task 40
137 Worker 4 processing task 54 requiring operations [1]
137 Worker 4 forwarding task 54
137 Worker 3 processing task 67 requiring operations [4, 2, 7]
137 Worker 3 performing operation 4 on task 67
137 Worker 0 processing task 53 requiring operations [8]
137 Worker 0 forwarding task 53
138 Generated task 69
138 Worker 4 accepting task 69
138 Worker 1 accepting task 63
138 Worker 2 accepting task 40
138 Worker 1 accepting task 54
138 Worker 3 accepting task 67
138 Worker 3 accepting task 53
138 Worker 2 processing task 62 requiring operations [5]
138 Worker 2 forwarding task 62
138 Worker 1 processing task 66 requiring operations [3, 8, 5]
138 Worker 1 performing operation 3 on task 66
138 Worker 4 processing task 60 requiring operations [1]
138 Worker 4 forwarding task 60
138 Worker 3 processing task 48 requiring operations [4]
138 Worker 3 performing operation 4 on task 48
138 Worker 0 processing task 57 requiring operations [2]
138 Worker 0 forwarding task 57
139 Worker 4 accepting task 62
139 Worker 1 accepting task 66
139 Worker 2 accepting task 60
139 Task 48 completed!
139 Worker 3 accepting task 57
139 Worker 2 processing task 64 requiring operations [1, 10]
139 Worker 2 performing operation 1 on task 64
139 Worker 1 processing task 59 requiring operations [2, 1]
139 Worker 1 forwarding task 59
139 Worker 4 processing task 58 requiring operations [8]
139 Worker 4 forwarding task 58
139 Worker 3 processing task 52 requiring operations [6]
139 Worker 3 performing operation 6 on task 52
140 Generated task 70
140 Worker 4 accepting task 70
140 Worker 2 accepting task 64
140 Worker 0 accepting task 59
140 Worker 2 accepting task 58
140 Task 52 completed!
140 Worker 2 processing task 61 requiring operations [10]
140 Worker 2 forwarding task 61
140 Worker 1 processing task 31 requiring operations [4]
140 Worker 1 forwarding task 31
140 Worker 4 processing task 68 requiring operations [8, 10, 4]
140 Worker 4 performing operation 10 on task 68
140 Worker 3 processing task 38 requiring operations [8]
140 Worker 3 performing operation 8 on task 38
140 Worker 0 processing task 59 requiring operations [2, 1]
140 Worker 0 forwarding task 59
