Worker 0 can perform operations {8, 3, 5}
Worker 1 can perform operations {4, 7}
Worker 2 can perform operations {3}
Worker 3 can perform operations {1, 2, 6, 9}
Worker 4 can perform operations {1, 10, 3, 6}
Building network type random
Worker 0 connecting to worker 4
Worker 4 connecting to worker 0
Worker 0 connecting to worker 3
Worker 3 connecting to worker 0
Worker 1 connecting to worker 4
Worker 4 connecting to worker 1
Worker 1 connecting to worker 3
Worker 3 connecting to worker 1
Worker 2 connecting to worker 3
Worker 3 connecting to worker 2
Worker 2 connecting to worker 4
Worker 4 connecting to worker 2
Entry nodes are [0, 1, 2, 3, 4]
0 Generated task 0
0 Worker 2 accepting task 0
0 Worker 2 processing task 0 requiring operations [8, 10, 9]
0 Worker 2 forwarding task 0
1 Worker 4 accepting task 0
1 Worker 4 processing task 0 requiring operations [8, 10, 9]
1 Worker 4 performing operation 10 on task 0
2 Generated task 1
2 Worker 2 accepting task 1
2 Worker 4 accepting task 0
2 Worker 4 processing task 0 requiring operations [8, 9]
2 Worker 4 forwarding task 0
2 Worker 2 processing task 1 requiring operations [7, 6, 2]
2 Worker 2 forwarding task 1
3 Worker 0 accepting task 0
3 Worker 3 accepting task 1
3 Worker 0 processing task 0 requiring operations [8, 9]
3 Worker 0 performing operation 8 on task 0
3 Worker 3 processing task 1 requiring operations [7, 6, 2]
3 Worker 3 performing operation 6 on task 1
4 Generated task 2
4 Worker 4 accepting task 2
4 Worker 0 accepting task 0
4 Worker 3 accepting task 1
4 Worker 0 processing task 0 requiring operations [9]
4 Worker 0 forwarding task 0
4 Worker 3 processing task 1 requiring operations [7, 2]
4 Worker 3 performing operation 2 on task 1
4 Worker 4 processing task 2 requiring operations [6, 9, 3]
4 Worker 4 performing operation 6 on task 2
5 Worker 4 accepting task 0
5 Worker 3 accepting task 1
5 Worker 4 accepting task 2
5 Worker 3 processing task 1 requiring operations [7]
5 Worker 3 forwarding task 1
5 Worker 4 processing task 0 requiring operations [9]
5 Worker 4 forwarding task 0
6 Generated task 3
6 Worker 0 accepting task 3
6 Worker 0 accepting task 1
6 Worker 2 accepting task 0
6 Worker 4 processing task 2 requiring operations [9, 3]
6 Worker 4 performing operation 3 on task 2
6 Worker 0 processing task 3 requiring operations [1, 5, 9]
6 Worker 0 performing operation 5 on task 3
6 Worker 2 processing task 0 requiring operations [9]
6 Worker 2 forwarding task 0
7 Worker 4 accepting task 2
7 Worker 0 accepting task 3
7 Worker 4 accepting task 0
7 Worker 4 processing task 2 requiring operations [9]
7 Worker 4 forwarding task 2
7 Worker 0 processing task 1 requiring operations [7]
7 Worker 0 forwarding task 1
8 Generated task 4
8 Worker 4 accepting task 4
8 Worker 0 accepting task 2
8 Worker 4 accepting task 1
8 Worker 4 processing task 0 requiring operations [9]
8 Worker 4 forwarding task 0
8 Worker 0 processing task 3 requiring operations [1, 9]
8 Worker 0 forwarding task 3
9 Worker 2 accepting task 0
9 Worker 4 accepting task 3
9 Worker 4 processing task 4 requiring operations [8, 4, 5]
9 Worker 4 forwarding task 4
9 Worker 0 processing task 2 requiring operations [9]
9 Worker 0 forwarding task 2
9 Worker 2 processing task 0 requiring operations [9]
9 Worker 2 forwarding task 0
10 Generated task 5
10 Worker 2 accepting task 5
10 Worker 1 accepting task 4
10 Worker 3 accepting task 2
10 Worker 3 accepting task 0
10 Worker 4 processing task 1 requiring operations [7]
10 Worker 4 forwarding task 1
10 Worker 2 processing task 5 requiring operations [9, 1, 10]
10 Worker 2 forwarding task 5
10 Worker 1 processing task 4 requiring operations [8, 4, 5]
10 Worker 1 performing operation 4 on task 4
10 Worker 3 processing task 2 requiring operations [9]
10 Worker 3 performing operation 9 on task 2
11 Worker 1 accepting task 1
11 Worker 4 accepting task 5
11 Worker 1 accepting task 4
11 Task 2 completed!
11 Worker 4 processing task 3 requiring operations [1, 9]
11 Worker 4 performing operation 1 on task 3
11 Worker 1 processing task 1 requiring operations [7]
11 Worker 1 performing operation 7 on task 1
11 Worker 3 processing task 0 requiring operations [9]
11 Worker 3 performing operation 9 on task 0
12 Generated task 6
12 Worker 1 accepting task 6
12 Worker 4 accepting task 3
12 Task 1 completed!
12 Task 0 completed!
12 Worker 4 processing task 5 requiring operations [9, 1, 10]
12 Worker 4 performing operation 10 on task 5
12 Worker 1 processing task 4 requiring operations [8, 5]
12 Worker 1 forwarding task 4
13 Worker 4 accepting task 5
13 Worker 3 accepting task 4
13 Worker 4 processing task 3 requiring operations [9]
13 Worker 4 forwarding task 3
13 Worker 1 processing task 6 requiring operations [3, 9, 1]
13 Worker 1 forwarding task 6
13 Worker 3 processing task 4 requiring operations [8, 5]
13 Worker 3 forwarding task 4
14 Generated task 7
14 Worker 0 accepting task 7
14 Worker 0 accepting task 3
14 Worker 4 accepting task 6
14 Worker 2 accepting task 4
14 Worker 4 processing task 5 requiring operations [9, 1]
14 Worker 4 performing operation 1 on task 5
14 Worker 0 processing task 7 requiring operations [2, 8, 9]
14 Worker 0 performing operation 8 on task 7
14 Worker 2 processing task 4 requiring operations [8, 5]
14 Worker 2 forwarding task 4
15 Worker 4 accepting task 5
15 Worker 0 accepting task 7
15 Worker 4 accepting task 4
15 Worker 4 processing task 6 requiring operations [3, 9, 1]
15 Worker 4 performing operation 3 on task 6
15 Worker 0 processing task 3 requiring operations [9]
15 Worker 0 forwarding task 3
16 Generated task 8
16 Worker 3 accepting task 8
16 Worker 4 accepting task 6
16 Worker 3 accepting task 3
16 Worker 4 processing task 5 requiring operations [9]
16 Worker 4 forwarding task 5
16 Worker 0 processing task 7 requiring operations [2, 9]
16 Worker 0 forwarding task 7
16 Worker 3 processing task 8 requiring operations [4, 9, 1]
16 Worker 3 performing operation 9 on task 8
17 Worker 0 accepting task 5
17 Worker 4 accepting task 7
17 Worker 3 accepting task 8
17 Worker 4 processing task 4 requiring operations [8, 5]
17 Worker 4 forwarding task 4
17 Worker 0 processing task 5 requiring operations [9]
17 Worker 0 forwarding task 5
17 Worker 3 processing task 3 requiring operations [9]
17 Worker 3 performing operation 9 on task 3
18 Generated task 9
18 Worker 4 accepting task 9
18 Worker 2 accepting task 4
18 Worker 4 accepting task 5
18 Task 3 completed!
18 Worker 4 processing task 6 requiring operations [9, 1]
18 Worker 4 performing operation 1 on task 6
18 Worker 3 processing task 8 requiring operations [4, 1]
18 Worker 3 performing operation 1 on task 8
18 Worker 2 processing task 4 requiring operations [8, 5]
18 Worker 2 forwarding task 4
19 Worker 4 accepting task 6
19 Worker 3 accepting task 8
19 Worker 3 accepting task 4
19 Worker 4 processing task 7 requiring operations [2, 9]
19 Worker 4 forwarding task 7
19 Worker 3 processing task 8 requiring operations [4]
19 Worker 3 forwarding task 8
20 Generated task 10
20 Worker 1 accepting task 10
20 Worker 2 accepting task 7
20 Worker 2 accepting task 8
20 Worker 4 processing task 9 requiring operations [1, 4, 2]
20 Worker 4 performing operation 1 on task 9
20 Worker 3 processing task 4 requiring operations [8, 5]
20 Worker 3 forwarding task 4
20 Worker 1 processing task 10 requiring operations [4, 8, 10]
20 Worker 1 performing operation 4 on task 10
20 Worker 2 processing task 7 requiring operations [2, 9]
20 Worker 2 forwarding task 7
21 Worker 4 accepting task 9
21 Worker 0 accepting task 4
21 Worker 1 accepting task 10
21 Worker 4 accepting task 7
21 Worker 4 processing task 5 requiring operations [9]
21 Worker 4 forwarding task 5
21 Worker 1 processing task 10 requiring operations [8, 10]
21 Worker 1 forwarding task 10
21 Worker 2 processing task 8 requiring operations [4]
21 Worker 2 forwarding task 8
21 Worker 0 processing task 4 requiring operations [8, 5]
21 Worker 0 performing operation 5 on task 4
22 Generated task 11
22 Worker 0 accepting task 11
22 Worker 2 accepting task 5
22 Worker 3 accepting task 10
22 Worker 4 accepting task 8
22 Worker 0 accepting task 4
22 Worker 4 processing task 6 requiring operations [9]
22 Worker 4 forwarding task 6
22 Worker 2 processing task 5 requiring operations [9]
22 Worker 2 forwarding task 5
22 Worker 0 processing task 11 requiring operations [8, 5, 4]
22 Worker 0 performing operation 8 on task 11
22 Worker 3 processing task 10 requiring operations [8, 10]
22 Worker 3 forwarding task 10
23 Worker 0 accepting task 6
23 Worker 3 accepting task 5
23 Worker 0 accepting task 11
23 Worker 2 accepting task 10
23 Worker 4 processing task 9 requiring operations [4, 2]
23 Worker 4 forwarding task 9
23 Worker 0 processing task 4 requiring operations [8]
23 Worker 0 performing operation 8 on task 4
23 Worker 3 processing task 5 requiring operations [9]
23 Worker 3 performing operation 9 on task 5
23 Worker 2 processing task 10 requiring operations [8, 10]
23 Worker 2 forwarding task 10
24 Generated task 12
24 Worker 4 accepting task 12
24 Worker 2 accepting task 9
24 Task 4 completed!
24 Task 5 completed!
24 Worker 4 accepting task 10
24 Worker 4 processing task 7 requiring operations [2, 9]
24 Worker 4 forwarding task 7
24 Worker 0 processing task 6 requiring operations [9]
24 Worker 0 forwarding task 6
24 Worker 2 processing task 9 requiring operations [4, 2]
24 Worker 2 forwarding task 9
25 Worker 2 accepting task 7
25 Worker 3 accepting task 6
25 Worker 4 accepting task 9
25 Worker 4 processing task 8 requiring operations [4]
25 Worker 4 forwarding task 8
25 Worker 0 processing task 11 requiring operations [5, 4]
25 Worker 0 performing operation 5 on task 11
25 Worker 2 processing task 7 requiring operations [2, 9]
25 Worker 2 forwarding task 7
25 Worker 3 processing task 6 requiring operations [9]
25 Worker 3 performing operation 9 on task 6
26 Generated task 13
26 Worker 1 accepting task 13
26 Worker 0 accepting task 8
26 Worker 0 accepting task 11
26 Worker 3 accepting task 7
26 Task 6 completed!
26 Worker 4 processing task 12 requiring operations [4, 8, 9]
26 Worker 4 forwarding task 12
26 Worker 0 processing task 8 requiring operations [4]
26 Worker 0 forwarding task 8
26 Worker 3 processing task 7 requiring operations [2, 9]
26 Worker 3 performing operation 2 on task 7
26 Worker 1 processing task 13 requiring operations [8, 4, 3]
26 Worker 1 performing operation 4 on task 13
27 Worker 2 accepting task 12
27 Worker 4 accepting task 8
27 Worker 3 accepting task 7
27 Worker 1 accepting task 13
27 Worker 4 processing task 10 requiring operations [8, 10]
27 Worker 4 performing operation 10 on task 10
27 Worker 0 processing task 11 requiring operations [4]
27 Worker 0 forwarding task 11
27 Worker 3 processing task 7 requiring operations [9]
27 Worker 3 performing operation 9 on task 7
27 Worker 1 processing task 13 requiring operations [8, 3]
27 Worker 1 forwarding task 13
27 Worker 2 processing task 12 requiring operations [4, 8, 9]
27 Worker 2 forwarding task 12
28 Generated task 14
28 Worker 0 accepting task 14
28 Worker 4 accepting task 10
28 Worker 4 accepting task 11
28 Task 7 completed!
28 Worker 4 accepting task 13
28 Worker 3 accepting task 12
28 Worker 4 processing task 9 requiring operations [4, 2]
28 Worker 4 forwarding task 9
28 Worker 0 processing task 14 requiring operations [9, 8, 1]
28 Worker 0 performing operation 8 on task 14
28 Worker 3 processing task 12 requiring operations [4, 8, 9]
28 Worker 3 performing operation 9 on task 12
29 Worker 1 accepting task 9
29 Worker 0 accepting task 14
29 Worker 3 accepting task 12
29 Worker 4 processing task 8 requiring operations [4]
29 Worker 4 forwarding task 8
29 Worker 0 processing task 14 requiring operations [9, 1]
29 Worker 0 forwarding task 14
29 Worker 3 processing task 12 requiring operations [4, 8]
29 Worker 3 forwarding task 12
29 Worker 1 processing task 9 requiring operations [4, 2]
29 Worker 1 performing operation 4 on task 9
30 Generated task 15
30 Worker 4 accepting task 15
30 Worker 2 accepting task 8
30 Worker 4 accepting task 14
30 Worker 1 accepting task 12
30 Worker 1 accepting task 9
30 Worker 4 processing task 10 requiring operations [8]
30 Worker 4 forwarding task 10
30 Worker 1 processing task 12 requiring operations [4, 8]
30 Worker 1 performing operation 4 on task 12
30 Worker 2 processing task 8 requiring operations [4]
30 Worker 2 forwarding task 8
31 Worker 2 accepting task 10
31 Worker 1 accepting task 12
31 Worker 4 accepting task 8
31 Worker 4 processing task 11 requiring operations [4]
31 Worker 4 forwarding task 11
31 Worker 1 processing task 9 requiring operations [2]
31 Worker 1 forwarding task 9
31 Worker 2 processing task 10 requiring operations [8]
31 Worker 2 forwarding task 10
32 Generated task 16
32 Worker 0 accepting task 16
32 Worker 0 accepting task 11
32 Worker 4 accepting task 9
32 Worker 4 accepting task 10
32 Worker 4 processing task 13 requiring operations [8, 3]
32 Worker 4 performing operation 3 on task 13
32 Worker 1 processing task 12 requiring operations [8]
32 Worker 1 forwarding task 12
32 Worker 0 processing task 16 requiring operations [4, 8, 6]
32 Worker 0 performing operation 8 on task 16
33 Worker 4 accepting task 13
33 Worker 4 accepting task 12
33 Worker 0 accepting task 16
33 Worker 4 processing task 15 requiring operations [1, 8, 9]
33 Worker 4 performing operation 1 on task 15
33 Worker 0 processing task 11 requiring operations [4]
33 Worker 0 forwarding task 11
34 Generated task 17
34 Worker 2 accepting task 17
34 Worker 4 accepting task 15
34 Worker 4 accepting task 11
34 Worker 4 processing task 14 requiring operations [9, 1]
34 Worker 4 performing operation 1 on task 14
34 Worker 0 processing task 16 requiring operations [4, 6]
34 Worker 0 forwarding task 16
34 Worker 2 processing task 17 requiring operations [8, 5, 1]
34 Worker 2 forwarding task 17
35 Worker 4 accepting task 14
35 Worker 4 accepting task 16
35 Worker 4 accepting task 17
35 Worker 4 processing task 8 requiring operations [4]
35 Worker 4 forwarding task 8
36 Generated task 18
36 Worker 2 accepting task 18
36 Worker 1 accepting task 8
36 Worker 4 processing task 9 requiring operations [2]
36 Worker 4 forwarding task 9
36 Worker 2 processing task 18 requiring operations [10, 7, 2]
36 Worker 2 forwarding task 18
36 Worker 1 processing task 8 requiring operations [4]
36 Worker 1 performing operation 4 on task 8
37 Worker 1 accepting task 9
37 Worker 4 accepting task 18
37 Task 8 completed!
37 Worker 4 processing task 10 requiring operations [8]
37 Worker 4 forwarding task 10
37 Worker 1 processing task 9 requiring operations [2]
37 Worker 1 forwarding task 9
38 Generated task 19
38 Worker 0 accepting task 19
38 Worker 1 accepting task 10
38 Worker 4 accepting task 9
38 Worker 4 processing task 13 requiring operations [8]
38 Worker 4 forwarding task 13
38 Worker 1 processing task 10 requiring operations [8]
38 Worker 1 forwarding task 10
38 Worker 0 processing task 19 requiring operations [9, 6, 2]
38 Worker 0 forwarding task 19
39 Worker 2 accepting task 13
39 Worker 3 accepting task 10
39 Worker 3 accepting task 19
39 Worker 4 processing task 12 requiring operations [8]
39 Worker 4 forwarding task 12
39 Worker 2 processing task 13 requiring operations [8]
39 Worker 2 forwarding task 13
39 Worker 3 processing task 10 requiring operations [8]
39 Worker 3 forwarding task 10
40 Generated task 20
40 Worker 4 accepting task 20
40 Worker 2 accepting task 12
40 Worker 3 accepting task 13
40 Worker 0 accepting task 10
40 Worker 4 processing task 15 requiring operations [8, 9]
40 Worker 4 forwarding task 15
40 Worker 2 processing task 12 requiring operations [8]
40 Worker 2 forwarding task 12
40 Worker 3 processing task 19 requiring operations [9, 6, 2]
40 Worker 3 performing operation 6 on task 19
40 Worker 0 processing task 10 requiring operations [8]
40 Worker 0 performing operation 8 on task 10
41 Worker 2 accepting task 15
41 Worker 3 accepting task 12
41 Worker 3 accepting task 19
41 Task 10 completed!
41 Worker 4 processing task 11 requiring operations [4]
41 Worker 4 forwarding task 11
41 Worker 2 processing task 15 requiring operations [8, 9]
41 Worker 2 forwarding task 15
41 Worker 3 processing task 13 requiring operations [8]
41 Worker 3 forwarding task 13
42 Generated task 21
42 Worker 1 accepting task 21
42 Worker 2 accepting task 11
42 Worker 4 accepting task 15
42 Worker 1 accepting task 13
42 Worker 4 processing task 14 requiring operations [9]
42 Worker 4 forwarding task 14
42 Worker 2 processing task 11 requiring operations [4]
42 Worker 2 forwarding task 11
42 Worker 3 processing task 12 requiring operations [8]
42 Worker 3 forwarding task 12
42 Worker 1 processing task 21 requiring operations [8, 7, 4]
42 Worker 1 performing operation 7 on task 21
43 Worker 0 accepting task 14
43 Worker 3 accepting task 11
43 Worker 1 accepting task 12
43 Worker 1 accepting task 21
43 Worker 4 processing task 16 requiring operations [4, 6]
43 Worker 4 performing operation 6 on task 16
43 Worker 3 processing task 19 requiring operations [9, 2]
43 Worker 3 performing operation 2 on task 19
43 Worker 1 processing task 13 requiring operations [8]
43 Worker 1 forwarding task 13
43 Worker 0 processing task 14 requiring operations [9]
43 Worker 0 forwarding task 14
44 Generated task 22
44 Worker 3 accepting task 22
44 Worker 4 accepting task 16
44 Worker 3 accepting task 19
44 Worker 4 accepting task 13
44 Worker 4 accepting task 14
44 Worker 4 processing task 17 requiring operations [8, 5, 1]
44 Worker 4 performing operation 1 on task 17
44 Worker 3 processing task 11 requiring operations [4]
44 Worker 3 forwarding task 11
44 Worker 1 processing task 12 requiring operations [8]
44 Worker 1 forwarding task 12
45 Worker 4 accepting task 17
45 Worker 0 accepting task 11
45 Worker 3 accepting task 12
45 Worker 4 processing task 18 requiring operations [10, 7, 2]
45 Worker 4 performing operation 10 on task 18
45 Worker 3 processing task 22 requiring operations [6, 8, 3]
45 Worker 3 performing operation 6 on task 22
45 Worker 1 processing task 21 requiring operations [8, 4]
45 Worker 1 performing operation 4 on task 21
45 Worker 0 processing task 11 requiring operations [4]
45 Worker 0 forwarding task 11
46 Generated task 23
46 Worker 4 accepting task 23
46 Worker 4 accepting task 18
46 Worker 3 accepting task 22
46 Worker 1 accepting task 21
46 Worker 4 accepting task 11
46 Worker 4 processing task 9 requiring operations [2]
46 Worker 4 forwarding task 9
46 Worker 3 processing task 19 requiring operations [9]
46 Worker 3 performing operation 9 on task 19
46 Worker 1 processing task 21 requiring operations [8]
46 Worker 1 forwarding task 21
47 Worker 2 accepting task 9
47 Task 19 completed!
47 Worker 4 accepting task 21
47 Worker 4 processing task 20 requiring operations [6, 4, 1]
47 Worker 4 performing operation 6 on task 20
47 Worker 3 processing task 12 requiring operations [8]
47 Worker 3 forwarding task 12
47 Worker 2 processing task 9 requiring operations [2]
47 Worker 2 forwarding task 9
48 Generated task 24
48 Worker 1 accepting task 24
48 Worker 4 accepting task 20
48 Worker 0 accepting task 12
48 Worker 3 accepting task 9
48 Worker 4 processing task 15 requiring operations [8, 9]
48 Worker 4 forwarding task 15
48 Worker 3 processing task 22 requiring operations [8, 3]
48 Worker 3 forwarding task 22
48 Worker 1 processing task 24 requiring operations [8, 10, 7]
48 Worker 1 performing operation 7 on task 24
48 Worker 0 processing task 12 requiring operations [8]
48 Worker 0 performing operation 8 on task 12
49 Worker 2 accepting task 15
49 Worker 2 accepting task 22
49 Worker 1 accepting task 24
49 Task 12 completed!
49 Worker 4 processing task 16 requiring operations [4]
49 Worker 4 forwarding task 16
49 Worker 3 processing task 9 requiring operations [2]
49 Worker 3 performing operation 2 on task 9
49 Worker 1 processing task 24 requiring operations [8, 10]
49 Worker 1 forwarding task 24
49 Worker 2 processing task 15 requiring operations [8, 9]
49 Worker 2 forwarding task 15
50 Generated task 25
50 Worker 4 accepting task 25
50 Worker 2 accepting task 16
50 Task 9 completed!
50 Worker 3 accepting task 24
50 Worker 4 accepting task 15
50 Worker 4 processing task 13 requiring operations [8]
50 Worker 4 forwarding task 13
50 Worker 2 processing task 22 requiring operations [8, 3]
50 Worker 2 performing operation 3 on task 22
50 Worker 3 processing task 24 requiring operations [8, 10]
50 Worker 3 forwarding task 24
51 Worker 2 accepting task 13
51 Worker 2 accepting task 22
51 Worker 1 accepting task 24
51 Worker 4 processing task 14 requiring operations [9]
51 Worker 4 forwarding task 14
51 Worker 2 processing task 16 requiring operations [4]
51 Worker 2 forwarding task 16
51 Worker 1 processing task 24 requiring operations [8, 10]
51 Worker 1 forwarding task 24
52 Generated task 26
52 Worker 0 accepting task 26
52 Worker 2 accepting task 14
52 Worker 3 accepting task 16
52 Worker 3 accepting task 24
52 Worker 4 processing task 17 requiring operations [8, 5]
52 Worker 4 forwarding task 17
52 Worker 2 processing task 13 requiring operations [8]
52 Worker 2 forwarding task 13
52 Worker 0 processing task 26 requiring operations [10, 2, 7]
52 Worker 0 forwarding task 26
52 Worker 3 processing task 16 requiring operations [4]
52 Worker 3 forwarding task 16
53 Worker 0 accepting task 17
53 Worker 3 accepting task 13
53 Worker 3 accepting task 26
53 Worker 2 accepting task 16
53 Worker 4 processing task 23 requiring operations [2, 7, 8]
53 Worker 4 forwarding task 23
53 Worker 2 processing task 22 requiring operations [8]
53 Worker 2 forwarding task 22
53 Worker 0 processing task 17 requiring operations [8, 5]
53 Worker 0 performing operation 8 on task 17
53 Worker 3 processing task 24 requiring operations [8, 10]
53 Worker 3 forwarding task 24
54 Generated task 27
54 Worker 0 accepting task 27
54 Worker 0 accepting task 23
54 Worker 4 accepting task 22
54 Worker 0 accepting task 17
54 Worker 0 accepting task 24
54 Worker 4 processing task 18 requiring operations [7, 2]
54 Worker 4 forwarding task 18
54 Worker 2 processing task 14 requiring operations [9]
54 Worker 2 forwarding task 14
54 Worker 0 processing task 27 requiring operations [2, 7, 8]
54 Worker 0 performing operation 8 on task 27
54 Worker 3 processing task 13 requiring operations [8]
54 Worker 3 forwarding task 13
55 Worker 1 accepting task 18
55 Worker 3 accepting task 14
55 Worker 0 accepting task 27
55 Worker 2 accepting task 13
55 Worker 4 processing task 11 requiring operations [4]
55 Worker 4 forwarding task 11
55 Worker 2 processing task 16 requiring operations [4]
55 Worker 2 forwarding task 16
55 Worker 0 processing task 23 requiring operations [2, 7, 8]
55 Worker 0 performing operation 8 on task 23
55 Worker 3 processing task 26 requiring operations [10, 2, 7]
55 Worker 3 performing operation 2 on task 26
55 Worker 1 processing task 18 requiring operations [7, 2]
55 Worker 1 performing operation 7 on task 18
56 Generated task 28
56 Worker 3 accepting task 28
56 Worker 2 accepting task 11
56 Worker 4 accepting task 16
56 Worker 0 accepting task 23
56 Worker 3 accepting task 26
56 Worker 1 accepting task 18
56 Worker 4 processing task 21 requiring operations [8]
56 Worker 4 forwarding task 21
56 Worker 2 processing task 13 requiring operations [8]
56 Worker 2 forwarding task 13
56 Worker 0 processing task 17 requiring operations [5]
56 Worker 0 performing operation 5 on task 17
56 Worker 3 processing task 14 requiring operations [9]
56 Worker 3 performing operation 9 on task 14
56 Worker 1 processing task 18 requiring operations [2]
56 Worker 1 forwarding task 18
57 Worker 2 accepting task 21
57 Worker 3 accepting task 13
57 Task 17 completed!
57 Task 14 completed!
57 Worker 4 accepting task 18
57 Worker 4 processing task 20 requiring operations [4, 1]
57 Worker 4 performing operation 1 on task 20
57 Worker 2 processing task 11 requiring operations [4]
57 Worker 2 forwarding task 11
57 Worker 0 processing task 24 requiring operations [8, 10]
57 Worker 0 performing operation 8 on task 24
57 Worker 3 processing task 28 requiring operations [9, 1, 6]
57 Worker 3 performing operation 1 on task 28
58 Generated task 29
58 Worker 2 accepting task 29
58 Worker 4 accepting task 20
58 Worker 3 accepting task 11
58 Worker 0 accepting task 24
58 Worker 3 accepting task 28
58 Worker 4 processing task 25 requiring operations [7, 6, 2]
58 Worker 4 performing operation 6 on task 25
58 Worker 2 processing task 21 requiring operations [8]
58 Worker 2 forwarding task 21
58 Worker 0 processing task 27 requiring operations [2, 7]
58 Worker 0 forwarding task 27
58 Worker 3 processing task 26 requiring operations [10, 7]
58 Worker 3 forwarding task 26
59 Worker 4 accepting task 25
59 Worker 3 accepting task 21
59 Worker 3 accepting task 27
59 Worker 0 accepting task 26
59 Worker 4 processing task 15 requiring operations [8, 9]
59 Worker 4 forwarding task 15
59 Worker 2 processing task 29 requiring operations [8, 6, 9]
59 Worker 2 forwarding task 29
59 Worker 0 processing task 23 requiring operations [2, 7]
59 Worker 0 forwarding task 23
59 Worker 3 processing task 13 requiring operations [8]
59 Worker 3 forwarding task 13
60 Generated task 30
60 Worker 4 accepting task 30
60 Worker 0 accepting task 15
60 Worker 3 accepting task 29
60 Worker 4 accepting task 23
60 Worker 1 accepting task 13
60 Worker 4 processing task 22 requiring operations [8]
60 Worker 4 forwarding task 22
60 Worker 0 processing task 24 requiring operations [10]
60 Worker 0 forwarding task 24
60 Worker 3 processing task 11 requiring operations [4]
60 Worker 3 forwarding task 11
60 Worker 1 processing task 13 requiring operations [8]
60 Worker 1 forwarding task 13
61 Worker 0 accepting task 22
61 Worker 4 accepting task 24
61 Worker 1 accepting task 11
61 Worker 4 accepting task 13
61 Worker 4 processing task 16 requiring operations [4]
61 Worker 4 forwarding task 16
61 Worker 0 processing task 26 requiring operations [10, 7]
61 Worker 0 forwarding task 26
61 Worker 3 processing task 28 requiring operations [9, 6]
61 Worker 3 performing operation 9 on task 28
61 Worker 1 processing task 11 requiring operations [4]
61 Worker 1 performing operation 4 on task 11
62 Generated task 31
62 Worker 3 accepting task 31
62 Worker 1 accepting task 16
62 Worker 3 accepting task 26
62 Worker 3 accepting task 28
62 Task 11 completed!
62 Worker 4 processing task 18 requiring operations [2]
62 Worker 4 forwarding task 18
62 Worker 0 processing task 15 requiring operations [8, 9]
62 Worker 0 performing operation 8 on task 15
62 Worker 3 processing task 21 requiring operations [8]
62 Worker 3 forwarding task 21
62 Worker 1 processing task 16 requiring operations [4]
62 Worker 1 performing operation 4 on task 16
63 Worker 0 accepting task 18
63 Worker 0 accepting task 15
63 Worker 2 accepting task 21
63 Task 16 completed!
63 Worker 4 processing task 20 requiring operations [4]
63 Worker 4 forwarding task 20
63 Worker 0 processing task 22 requiring operations [8]
63 Worker 0 performing operation 8 on task 22
63 Worker 3 processing task 27 requiring operations [2, 7]
63 Worker 3 performing operation 2 on task 27
63 Worker 2 processing task 21 requiring operations [8]
63 Worker 2 forwarding task 21
64 Generated task 32
64 Worker 2 accepting task 32
64 Worker 0 accepting task 20
64 Task 22 completed!
64 Worker 3 accepting task 27
64 Worker 3 accepting task 21
64 Worker 4 processing task 25 requiring operations [7, 2]
64 Worker 4 forwarding task 25
64 Worker 0 processing task 18 requiring operations [2]
64 Worker 0 forwarding task 18
64 Worker 3 processing task 29 requiring operations [8, 6, 9]
64 Worker 3 performing operation 6 on task 29
64 Worker 2 processing task 32 requiring operations [10, 4, 5]
64 Worker 2 forwarding task 32
65 Worker 0 accepting task 25
65 Worker 3 accepting task 18
65 Worker 3 accepting task 29
65 Worker 4 accepting task 32
65 Worker 4 processing task 30 requiring operations [4, 5, 1]
65 Worker 4 performing operation 1 on task 30
65 Worker 0 processing task 15 requiring operations [9]
65 Worker 0 forwarding task 15
65 Worker 3 processing task 31 requiring operations [3, 7, 8]
65 Worker 3 forwarding task 31
66 Generated task 33
66 Worker 4 accepting task 33
66 Worker 4 accepting task 30
66 Worker 4 accepting task 15
66 Worker 0 accepting task 31
66 Worker 4 processing task 23 requiring operations [2, 7]
66 Worker 4 forwarding task 23
66 Worker 0 processing task 20 requiring operations [4]
66 Worker 0 forwarding task 20
66 Worker 3 processing task 26 requiring operations [10, 7]
66 Worker 3 forwarding task 26
67 Worker 0 accepting task 23
67 Worker 4 accepting task 20
67 Worker 2 accepting task 26
67 Worker 4 processing task 24 requiring operations [10]
67 Worker 4 performing operation 10 on task 24
67 Worker 0 processing task 25 requiring operations [7, 2]
67 Worker 0 forwarding task 25
67 Worker 3 processing task 28 requiring operations [6]
67 Worker 3 performing operation 6 on task 28
67 Worker 2 processing task 26 requiring operations [10, 7]
67 Worker 2 forwarding task 26
68 Generated task 34
68 Worker 0 accepting task 34
68 Task 24 completed!
68 Worker 4 accepting task 25
68 Task 28 completed!
68 Worker 4 accepting task 26
68 Worker 4 processing task 13 requiring operations [8]
68 Worker 4 forwarding task 13
68 Worker 0 processing task 31 requiring operations [3, 7, 8]
68 Worker 0 performing operation 3 on task 31
68 Worker 3 processing task 27 requiring operations [7]
68 Worker 3 forwarding task 27
69 Worker 0 accepting task 13
69 Worker 0 accepting task 31
69 Worker 1 accepting task 27
69 Worker 4 processing task 32 requiring operations [10, 4, 5]
69 Worker 4 performing operation 10 on task 32
69 Worker 0 processing task 23 requiring operations [2, 7]
69 Worker 0 forwarding task 23
69 Worker 3 processing task 21 requiring operations [8]
69 Worker 3 forwarding task 21
69 Worker 1 processing task 27 requiring operations [7]
69 Worker 1 performing operation 7 on task 27
70 Generated task 35
70 Worker 0 accepting task 35
70 Worker 4 accepting task 32
70 Worker 3 accepting task 23
70 Worker 0 accepting task 21
70 Task 27 completed!
70 Worker 4 processing task 33 requiring operations [10, 4, 5]
70 Worker 4 performing operation 10 on task 33
70 Worker 0 processing task 34 requiring operations [3, 6, 7]
70 Worker 0 performing operation 3 on task 34
70 Worker 3 processing task 18 requiring operations [2]
70 Worker 3 performing operation 2 on task 18
71 Worker 4 accepting task 33
71 Worker 0 accepting task 34
71 Task 18 completed!
71 Worker 4 processing task 30 requiring operations [4, 5]
71 Worker 4 forwarding task 30
71 Worker 0 processing task 13 requiring operations [8]
71 Worker 0 performing operation 8 on task 13
71 Worker 3 processing task 29 requiring operations [8, 9]
71 Worker 3 performing operation 9 on task 29
72 Generated task 36
72 Worker 0 accepting task 36
72 Worker 2 accepting task 30
72 Task 13 completed!
72 Worker 3 accepting task 29
72 Worker 4 processing task 15 requiring operations [9]
72 Worker 4 forwarding task 15
72 Worker 0 processing task 31 requiring operations [7, 8]
72 Worker 0 performing operation 8 on task 31
72 Worker 3 processing task 23 requiring operations [2, 7]
72 Worker 3 performing operation 2 on task 23
72 Worker 2 processing task 30 requiring operations [4, 5]
72 Worker 2 forwarding task 30
73 Worker 1 accepting task 15
73 Worker 0 accepting task 31
73 Worker 3 accepting task 23
73 Worker 3 accepting task 30
73 Worker 4 processing task 20 requiring operations [4]
73 Worker 4 forwarding task 20
73 Worker 0 processing task 35 requiring operations [2, 7, 10]
73 Worker 0 forwarding task 35
73 Worker 3 processing task 29 requiring operations [8]
73 Worker 3 forwarding task 29
73 Worker 1 processing task 15 requiring operations [9]
73 Worker 1 forwarding task 15
74 Generated task 37
74 Worker 0 accepting task 37
74 Worker 0 accepting task 20
74 Worker 4 accepting task 35
74 Worker 2 accepting task 29
74 Worker 4 accepting task 15
74 Worker 4 processing task 25 requiring operations [7, 2]
74 Worker 4 forwarding task 25
74 Worker 0 processing task 21 requiring operations [8]
74 Worker 0 performing operation 8 on task 21
74 Worker 3 processing task 23 requiring operations [7]
74 Worker 3 forwarding task 23
74 Worker 2 processing task 29 requiring operations [8]
74 Worker 2 forwarding task 29
75 Worker 1 accepting task 25
75 Task 21 completed!
75 Worker 1 accepting task 23
75 Worker 4 accepting task 29
75 Worker 4 processing task 26 requiring operations [10, 7]
75 Worker 4 performing operation 10 on task 26
75 Worker 0 processing task 34 requiring operations [6, 7]
75 Worker 0 forwarding task 34
75 Worker 3 processing task 30 requiring operations [4, 5]
75 Worker 3 forwarding task 30
75 Worker 1 processing task 25 requiring operations [7, 2]
75 Worker 1 performing operation 7 on task 25
76 Generated task 38
76 Worker 4 accepting task 38
76 Worker 4 accepting task 26
76 Worker 3 accepting task 34
76 Worker 2 accepting task 30
76 Worker 1 accepting task 25
76 Worker 4 processing task 32 requiring operations [4, 5]
76 Worker 4 forwarding task 32
76 Worker 0 processing task 36 requiring operations [2, 5, 4]
76 Worker 0 performing operation 5 on task 36
76 Worker 3 processing task 34 requiring operations [6, 7]
76 Worker 3 performing operation 6 on task 34
76 Worker 1 processing task 23 requiring operations [7]
76 Worker 1 performing operation 7 on task 23
76 Worker 2 processing task 30 requiring operations [4, 5]
76 Worker 2 forwarding task 30
77 Worker 1 accepting task 32
77 Worker 0 accepting task 36
77 Worker 3 accepting task 34
77 Task 23 completed!
77 Worker 3 accepting task 30
77 Worker 4 processing task 33 requiring operations [4, 5]
77 Worker 4 forwarding task 33
77 Worker 0 processing task 31 requiring operations [7]
77 Worker 0 forwarding task 31
77 Worker 3 processing task 34 requiring operations [7]
77 Worker 3 forwarding task 34
77 Worker 1 processing task 25 requiring operations [2]
77 Worker 1 forwarding task 25
78 Generated task 39
78 Worker 0 accepting task 39
78 Worker 2 accepting task 33
78 Worker 4 accepting task 31
78 Worker 0 accepting task 34
78 Worker 3 accepting task 25
78 Worker 4 processing task 35 requiring operations [2, 7, 10]
78 Worker 4 performing operation 10 on task 35
78 Worker 0 processing task 37 requiring operations [10, 2, 1]
78 Worker 0 forwarding task 37
78 Worker 3 processing task 30 requiring operations [4, 5]
78 Worker 3 forwarding task 30
78 Worker 1 processing task 32 requiring operations [4, 5]
78 Worker 1 performing operation 4 on task 32
78 Worker 2 processing task 33 requiring operations [4, 5]
78 Worker 2 forwarding task 33
79 Worker 4 accepting task 35
79 Worker 3 accepting task 37
79 Worker 1 accepting task 30
79 Worker 1 accepting task 32
79 Worker 3 accepting task 33
79 Worker 4 processing task 15 requiring operations [9]
79 Worker 4 forwarding task 15
79 Worker 0 processing task 20 requiring operations [4]
79 Worker 0 forwarding task 20
79 Worker 3 processing task 25 requiring operations [2]
79 Worker 3 performing operation 2 on task 25
79 Worker 1 processing task 30 requiring operations [4, 5]
79 Worker 1 performing operation 4 on task 30
80 Generated task 40
80 Worker 3 accepting task 40
80 Worker 0 accepting task 15
80 Worker 3 accepting task 20
80 Task 25 completed!
80 Worker 1 accepting task 30
80 Worker 4 processing task 29 requiring operations [8]
80 Worker 4 forwarding task 29
80 Worker 0 processing task 36 requiring operations [2, 4]
80 Worker 0 forwarding task 36
80 Worker 3 processing task 37 requiring operations [10, 2, 1]
80 Worker 3 performing operation 1 on task 37
80 Worker 1 processing task 32 requiring operations [5]
80 Worker 1 forwarding task 32
81 Worker 1 accepting task 29
81 Worker 3 accepting task 36
81 Worker 3 accepting task 37
81 Worker 4 accepting task 32
81 Worker 4 processing task 38 requiring operations [4, 10, 5]
81 Worker 4 performing operation 10 on task 38
81 Worker 0 processing task 39 requiring operations [5, 6, 10]
81 Worker 0 performing operation 5 on task 39
81 Worker 3 processing task 33 requiring operations [4, 5]
81 Worker 3 forwarding task 33
81 Worker 1 processing task 30 requiring operations [5]
81 Worker 1 forwarding task 30
82 Generated task 41
82 Worker 3 accepting task 41
82 Worker 4 accepting task 38
82 Worker 0 accepting task 39
82 Worker 0 accepting task 33
82 Worker 4 accepting task 30
82 Worker 4 processing task 26 requiring operations [7]
82 Worker 4 forwarding task 26
82 Worker 0 processing task 34 requiring operations [7]
82 Worker 0 forwarding task 34
82 Worker 3 processing task 40 requiring operations [3, 2, 6]
82 Worker 3 performing operation 6 on task 40
82 Worker 1 processing task 29 requiring operations [8]
82 Worker 1 forwarding task 29
83 Worker 2 accepting task 26
83 Worker 4 accepting task 34
83 Worker 3 accepting task 40
83 Worker 3 accepting task 29
83 Worker 4 processing task 31 requiring operations [7]
83 Worker 4 forwarding task 31
83 Worker 0 processing task 15 requiring operations [9]
83 Worker 0 forwarding task 15
83 Worker 3 processing task 20 requiring operations [4]
83 Worker 3 forwarding task 20
83 Worker 2 processing task 26 requiring operations [7]
83 Worker 2 forwarding task 26
84 Generated task 42
84 Worker 2 accepting task 42
84 Worker 2 accepting task 31
84 Worker 4 accepting task 15
84 Worker 1 accepting task 20
84 Worker 3 accepting task 26
84 Worker 4 processing task 35 requiring operations [2, 7]
84 Worker 4 forwarding task 35
84 Worker 0 processing task 39 requiring operations [6, 10]
84 Worker 0 forwarding task 39
84 Worker 3 processing task 36 requiring operations [2, 4]
84 Worker 3 performing operation 2 on task 36
84 Worker 2 processing task 42 requiring operations [2, 9, 5]
84 Worker 2 forwarding task 42
84 Worker 1 processing task 20 requiring operations [4]
84 Worker 1 performing operation 4 on task 20
85 Worker 1 accepting task 35
85 Worker 3 accepting task 39
85 Worker 3 accepting task 36
85 Worker 3 accepting task 42
85 Task 20 completed!
85 Worker 4 processing task 32 requiring operations [5]
85 Worker 4 forwarding task 32
85 Worker 0 processing task 33 requiring operations [4, 5]
85 Worker 0 performing operation 5 on task 33
85 Worker 3 processing task 37 requiring operations [10, 2]
85 Worker 3 performing operation 2 on task 37
85 Worker 2 processing task 31 requiring operations [7]
85 Worker 2 forwarding task 31
85 Worker 1 processing task 35 requiring operations [2, 7]
85 Worker 1 performing operation 7 on task 35
86 Generated task 43
86 Worker 2 accepting task 43
86 Worker 1 accepting task 32
86 Worker 0 accepting task 33
86 Worker 3 accepting task 37
86 Worker 3 accepting task 31
86 Worker 1 accepting task 35
86 Worker 4 processing task 38 requiring operations [4, 5]
86 Worker 4 forwarding task 38
86 Worker 0 processing task 33 requiring operations [4]
86 Worker 0 forwarding task 33
86 Worker 3 processing task 41 requiring operations [10, 3, 1]
86 Worker 3 performing operation 1 on task 41
86 Worker 2 processing task 43 requiring operations [5, 8, 6]
86 Worker 2 forwarding task 43
86 Worker 1 processing task 32 requiring operations [5]
86 Worker 1 forwarding task 32
87 Worker 0 accepting task 38
87 Worker 4 accepting task 33
87 Worker 3 accepting task 41
87 Worker 3 accepting task 43
87 Worker 4 accepting task 32
87 Worker 4 processing task 30 requiring operations [5]
87 Worker 4 forwarding task 30
87 Worker 0 processing task 38 requiring operations [4, 5]
87 Worker 0 performing operation 5 on task 38
87 Worker 3 processing task 40 requiring operations [3, 2]
87 Worker 3 performing operation 2 on task 40
87 Worker 1 processing task 35 requiring operations [2]
87 Worker 1 forwarding task 35
88 Generated task 44
88 Worker 3 accepting task 44
88 Worker 0 accepting task 30
88 Worker 0 accepting task 38
88 Worker 3 accepting task 40
88 Worker 3 accepting task 35
88 Worker 4 processing task 34 requiring operations [7]
88 Worker 4 forwarding task 34
88 Worker 0 processing task 30 requiring operations [5]
88 Worker 0 performing operation 5 on task 30
88 Worker 3 processing task 29 requiring operations [8]
88 Worker 3 forwarding task 29
89 Worker 1 accepting task 34
89 Task 30 completed!
89 Worker 1 accepting task 29
89 Worker 4 processing task 15 requiring operations [9]
89 Worker 4 forwarding task 15
89 Worker 0 processing task 38 requiring operations [4]
89 Worker 0 forwarding task 38
89 Worker 3 processing task 26 requiring operations [7]
89 Worker 3 forwarding task 26
89 Worker 1 processing task 34 requiring operations [7]
89 Worker 1 performing operation 7 on task 34
90 Generated task 45
90 Worker 0 accepting task 45
90 Worker 2 accepting task 15
90 Worker 3 accepting task 38
90 Worker 0 accepting task 26
90 Task 34 completed!
90 Worker 4 processing task 33 requiring operations [4]
90 Worker 4 forwarding task 33
90 Worker 0 processing task 45 requiring operations [10, 3, 8]
90 Worker 0 performing operation 8 on task 45
90 Worker 3 processing task 39 requiring operations [6, 10]
90 Worker 3 performing operation 6 on task 39
90 Worker 1 processing task 29 requiring operations [8]
90 Worker 1 forwarding task 29
90 Worker 2 processing task 15 requiring operations [9]
90 Worker 2 forwarding task 15
91 Worker 0 accepting task 33
91 Worker 0 accepting task 45
91 Worker 3 accepting task 39
91 Worker 3 accepting task 29
91 Worker 4 accepting task 15
91 Worker 4 processing task 32 requiring operations [5]
91 Worker 4 forwarding task 32
91 Worker 0 processing task 26 requiring operations [7]
91 Worker 0 forwarding task 26
91 Worker 3 processing task 36 requiring operations [4]
91 Worker 3 forwarding task 36
92 Generated task 46
92 Worker 0 accepting task 46
92 Worker 2 accepting task 32
92 Worker 4 accepting task 26
92 Worker 2 accepting task 36
92 Worker 4 processing task 15 requiring operations [9]
92 Worker 4 forwarding task 15
92 Worker 0 processing task 33 requiring operations [4]
92 Worker 0 forwarding task 33
92 Worker 3 processing task 42 requiring operations [2, 9, 5]
92 Worker 3 performing operation 2 on task 42
92 Worker 2 processing task 32 requiring operations [5]
92 Worker 2 forwarding task 32
93 Worker 2 accepting task 15
93 Worker 4 accepting task 33
93 Worker 3 accepting task 42
93 Worker 4 accepting task 32
93 Worker 4 processing task 26 requiring operations [7]
93 Worker 4 forwarding task 26
93 Worker 0 processing task 45 requiring operations [10, 3]
93 Worker 0 performing operation 3 on task 45
93 Worker 3 processing task 37 requiring operations [10]
93 Worker 3 forwarding task 37
93 Worker 2 processing task 36 requiring operations [4]
93 Worker 2 forwarding task 36
94 Generated task 47
94 Worker 0 accepting task 47
94 Worker 0 accepting task 26
94 Worker 0 accepting task 45
94 Worker 2 accepting task 37
94 Worker 4 accepting task 36
94 Worker 4 processing task 33 requiring operations [4]
94 Worker 4 forwarding task 33
94 Worker 0 processing task 46 requiring operations [3, 2, 6]
94 Worker 0 performing operation 3 on task 46
94 Worker 3 processing task 31 requiring operations [7]
94 Worker 3 forwarding task 31
94 Worker 2 processing task 15 requiring operations [9]
94 Worker 2 forwarding task 15
95 Worker 1 accepting task 33
95 Worker 0 accepting task 46
95 Worker 2 accepting task 31
95 Worker 4 accepting task 15
95 Worker 4 processing task 32 requiring operations [5]
95 Worker 4 forwarding task 32
95 Worker 0 processing task 47 requiring operations [7, 9, 3]
95 Worker 0 performing operation 3 on task 47
95 Worker 3 processing task 41 requiring operations [10, 3]
95 Worker 3 forwarding task 41
95 Worker 2 processing task 37 requiring operations [10]
95 Worker 2 forwarding task 37
95 Worker 1 processing task 33 requiring operations [4]
95 Worker 1 performing operation 4 on task 33
96 Generated task 48
96 Worker 2 accepting task 48
96 Worker 2 accepting task 32
96 Worker 0 accepting task 47
96 Worker 1 accepting task 41
96 Worker 4 accepting task 37
96 Task 33 completed!
96 Worker 4 processing task 36 requiring operations [4]
96 Worker 4 forwarding task 36
96 Worker 0 processing task 26 requiring operations [7]
96 Worker 0 forwarding task 26
96 Worker 3 processing task 43 requiring operations [5, 8, 6]
96 Worker 3 performing operation 6 on task 43
96 Worker 2 processing task 31 requiring operations [7]
96 Worker 2 forwarding task 31
96 Worker 1 processing task 41 requiring operations [10, 3]
96 Worker 1 forwarding task 41
97 Worker 0 accepting task 36
97 Worker 4 accepting task 26
97 Worker 3 accepting task 43
97 Worker 3 accepting task 31
97 Worker 3 accepting task 41
97 Worker 4 processing task 15 requiring operations [9]
97 Worker 4 forwarding task 15
97 Worker 0 processing task 45 requiring operations [10]
97 Worker 0 forwarding task 45
97 Worker 3 processing task 44 requiring operations [6, 4, 10]
97 Worker 3 performing operation 6 on task 44
97 Worker 2 processing task 48 requiring operations [2, 8, 4]
97 Worker 2 forwarding task 48
98 Generated task 49
98 Worker 2 accepting task 49
98 Worker 0 accepting task 15
98 Worker 3 accepting task 45
98 Worker 3 accepting task 44
98 Worker 4 accepting task 48
98 Worker 4 processing task 37 requiring operations [10]
98 Worker 4 performing operation 10 on task 37
98 Worker 0 processing task 46 requiring operations [2, 6]
98 Worker 0 forwarding task 46
98 Worker 3 processing task 40 requiring operations [3]
98 Worker 3 forwarding task 40
98 Worker 2 processing task 32 requiring operations [5]
98 Worker 2 forwarding task 32
99 Task 37 completed!
99 Worker 3 accepting task 46
99 Worker 2 accepting task 40
99 Worker 4 accepting task 32
99 Worker 4 processing task 26 requiring operations [7]
99 Worker 4 forwarding task 26
99 Worker 0 processing task 47 requiring operations [7, 9]
99 Worker 0 forwarding task 47
99 Worker 3 processing task 35 requiring operations [2]
99 Worker 3 performing operation 2 on task 35
99 Worker 2 processing task 49 requiring operations [6, 2, 4]
99 Worker 2 forwarding task 49
100 Generated task 50
100 Worker 2 accepting task 50
100 Worker 0 accepting task 26
100 Worker 4 accepting task 47
100 Task 35 completed!
100 Worker 3 accepting task 49
100 Worker 4 processing task 48 requiring operations [2, 8, 4]
100 Worker 4 forwarding task 48
100 Worker 0 processing task 36 requiring operations [4]
100 Worker 0 forwarding task 36
100 Worker 3 processing task 38 requiring operations [4]
100 Worker 3 forwarding task 38
100 Worker 2 processing task 40 requiring operations [3]
100 Worker 2 performing operation 3 on task 40
101 Worker 1 accepting task 48
101 Worker 3 accepting task 36
101 Worker 2 accepting task 38
101 Task 40 completed!
101 Worker 4 processing task 32 requiring operations [5]
101 Worker 4 forwarding task 32
101 Worker 0 processing task 15 requiring operations [9]
101 Worker 0 forwarding task 15
101 Worker 3 processing task 39 requiring operations [10]
101 Worker 3 forwarding task 39
101 Worker 2 processing task 50 requiring operations [4, 5, 1]
101 Worker 2 forwarding task 50
101 Worker 1 processing task 48 requiring operations [2, 8, 4]
101 Worker 1 performing operation 4 on task 48
102 Generated task 51
102 Worker 2 accepting task 51
102 Worker 0 accepting task 32
102 Worker 3 accepting task 15
102 Worker 2 accepting task 39
102 Worker 4 accepting task 50
102 Worker 1 accepting task 48
102 Worker 4 processing task 47 requiring operations [7, 9]
102 Worker 4 forwarding task 47
102 Worker 0 processing task 26 requiring operations [7]
102 Worker 0 forwarding task 26
102 Worker 3 processing task 29 requiring operations [8]
102 Worker 3 forwarding task 29
102 Worker 2 processing task 38 requiring operations [4]
102 Worker 2 forwarding task 38
102 Worker 1 processing task 48 requiring operations [2, 8]
102 Worker 1 forwarding task 48
103 Worker 0 accepting task 47
103 Worker 3 accepting task 26
103 Worker 2 accepting task 29
103 Worker 4 accepting task 38
103 Worker 4 accepting task 48
103 Worker 4 processing task 50 requiring operations [4, 5, 1]
103 Worker 4 performing operation 1 on task 50
103 Worker 0 processing task 32 requiring operations [5]
103 Worker 0 performing operation 5 on task 32
103 Worker 3 processing task 42 requiring operations [9, 5]
103 Worker 3 performing operation 9 on task 42
103 Worker 2 processing task 51 requiring operations [10, 3, 7]
103 Worker 2 performing operation 3 on task 51
104 Generated task 52
104 Worker 1 accepting task 52
104 Worker 4 accepting task 50
104 Task 32 completed!
104 Worker 3 accepting task 42
104 Worker 2 accepting task 51
104 Worker 4 processing task 38 requiring operations [4]
104 Worker 4 forwarding task 38
104 Worker 0 processing task 47 requiring operations [7, 9]
104 Worker 0 forwarding task 47
104 Worker 3 processing task 43 requiring operations [5, 8]
104 Worker 3 forwarding task 43
104 Worker 2 processing task 39 requiring operations [10]
104 Worker 2 forwarding task 39
104 Worker 1 processing task 52 requiring operations [3, 4, 1]
104 Worker 1 performing operation 4 on task 52
105 Worker 0 accepting task 38
105 Worker 3 accepting task 47
105 Worker 0 accepting task 43
105 Worker 4 accepting task 39
105 Worker 1 accepting task 52
105 Worker 4 processing task 48 requiring operations [2, 8]
105 Worker 4 forwarding task 48
105 Worker 0 processing task 38 requiring operations [4]
105 Worker 0 forwarding task 38
105 Worker 3 processing task 31 requiring operations [7]
105 Worker 3 forwarding task 31
105 Worker 2 processing task 29 requiring operations [8]
105 Worker 2 forwarding task 29
105 Worker 1 processing task 52 requiring operations [3, 1]
105 Worker 1 forwarding task 52
106 Generated task 53
106 Worker 4 accepting task 53
106 Worker 2 accepting task 48
106 Worker 3 accepting task 38
106 Worker 1 accepting task 31
106 Worker 3 accepting task 29
106 Worker 4 accepting task 52
106 Worker 4 processing task 50 requiring operations [4, 5]
106 Worker 4 forwarding task 50
106 Worker 0 processing task 43 requiring operations [5, 8]
106 Worker 0 performing operation 5 on task 43
106 Worker 3 processing task 41 requiring operations [10, 3]
106 Worker 3 forwarding task 41
106 Worker 2 processing task 51 requiring operations [10, 7]
106 Worker 2 forwarding task 51
106 Worker 1 processing task 31 requiring operations [7]
106 Worker 1 performing operation 7 on task 31
107 Worker 1 accepting task 50
107 Worker 0 accepting task 43
107 Worker 1 accepting task 41
107 Worker 4 accepting task 51
107 Task 31 completed!
107 Worker 4 processing task 39 requiring operations [10]
107 Worker 4 performing operation 10 on task 39
107 Worker 0 processing task 43 requiring operations [8]
107 Worker 0 performing operation 8 on task 43
107 Worker 3 processing task 45 requiring operations [10]
107 Worker 3 forwarding task 45
107 Worker 2 processing task 48 requiring operations [2, 8]
107 Worker 2 forwarding task 48
107 Worker 1 processing task 50 requiring operations [4, 5]
107 Worker 1 performing operation 4 on task 50
108 Generated task 54
108 Worker 2 accepting task 54
108 Task 39 completed!
108 Task 43 completed!
108 Worker 1 accepting task 45
108 Worker 4 accepting task 48
108 Worker 1 accepting task 50
108 Worker 4 processing task 53 requiring operations [5, 10, 6]
108 Worker 4 performing operation 6 on task 53
108 Worker 3 processing task 44 requiring operations [4, 10]
108 Worker 3 forwarding task 44
108 Worker 2 processing task 54 requiring operations [7, 4, 5]
108 Worker 2 forwarding task 54
108 Worker 1 processing task 41 requiring operations [10, 3]
108 Worker 1 forwarding task 41
109 Worker 4 accepting task 53
109 Worker 0 accepting task 44
109 Worker 4 accepting task 54
109 Worker 4 accepting task 41
109 Worker 4 processing task 52 requiring operations [3, 1]
109 Worker 4 performing operation 3 on task 52
109 Worker 3 processing task 46 requiring operations [2, 6]
109 Worker 3 performing operation 2 on task 46
109 Worker 1 processing task 45 requiring operations [10]
109 Worker 1 forwarding task 45
109 Worker 0 processing task 44 requiring operations [4, 10]
109 Worker 0 forwarding task 44
110 Generated task 55
110 Worker 1 accepting task 55
110 Worker 4 accepting task 52
110 Worker 3 accepting task 46
110 Worker 3 accepting task 45
110 Worker 3 accepting task 44
110 Worker 4 processing task 51 requiring operations [10, 7]
110 Worker 4 performing operation 10 on task 51
110 Worker 3 processing task 49 requiring operations [6, 2, 4]
110 Worker 3 performing operation 6 on task 49
110 Worker 1 processing task 50 requiring operations [5]
110 Worker 1 forwarding task 50
111 Worker 4 accepting task 51
111 Worker 3 accepting task 49
111 Worker 4 accepting task 50
111 Worker 4 processing task 48 requiring operations [2, 8]
111 Worker 4 forwarding task 48
111 Worker 3 processing task 36 requiring operations [4]
111 Worker 3 forwarding task 36
111 Worker 1 processing task 55 requiring operations [5, 2, 9]
111 Worker 1 forwarding task 55
112 Generated task 56
112 Worker 3 accepting task 56
112 Worker 0 accepting task 48
112 Worker 2 accepting task 36
112 Worker 4 accepting task 55
112 Worker 4 processing task 53 requiring operations [5, 10]
112 Worker 4 performing operation 10 on task 53
112 Worker 3 processing task 15 requiring operations [9]
112 Worker 3 performing operation 9 on task 15
112 Worker 0 processing task 48 requiring operations [2, 8]
112 Worker 0 performing operation 8 on task 48
112 Worker 2 processing task 36 requiring operations [4]
112 Worker 2 forwarding task 36
113 Worker 4 accepting task 53
113 Task 15 completed!
113 Worker 0 accepting task 48
113 Worker 4 accepting task 36
113 Worker 4 processing task 54 requiring operations [7, 4, 5]
113 Worker 4 forwarding task 54
113 Worker 3 processing task 26 requiring operations [7]
113 Worker 3 forwarding task 26
113 Worker 0 processing task 48 requiring operations [2]
113 Worker 0 forwarding task 48
114 Generated task 57
114 Worker 0 accepting task 57
114 Worker 2 accepting task 54
114 Worker 2 accepting task 26
114 Worker 3 accepting task 48
114 Worker 4 processing task 41 requiring operations [10, 3]
114 Worker 4 performing operation 10 on task 41
114 Worker 3 processing task 42 requiring operations [5]
114 Worker 3 forwarding task 42
114 Worker 0 processing task 57 requiring operations [4, 6, 7]
114 Worker 0 forwarding task 57
114 Worker 2 processing task 54 requiring operations [7, 4, 5]
114 Worker 2 forwarding task 54
115 Worker 4 accepting task 41
115 Worker 1 accepting task 42
115 Worker 3 accepting task 57
115 Worker 3 accepting task 54
115 Worker 4 processing task 52 requiring operations [1]
115 Worker 4 performing operation 1 on task 52
115 Worker 3 processing task 47 requiring operations [7, 9]
115 Worker 3 performing operation 9 on task 47
115 Worker 2 processing task 26 requiring operations [7]
115 Worker 2 forwarding task 26
115 Worker 1 processing task 42 requiring operations [5]
115 Worker 1 forwarding task 42
116 Generated task 58
116 Worker 4 accepting task 58
116 Task 52 completed!
116 Worker 3 accepting task 47
116 Worker 3 accepting task 26
116 Worker 4 accepting task 42
116 Worker 4 processing task 51 requiring operations [7]
116 Worker 4 forwarding task 51
116 Worker 3 processing task 38 requiring operations [4]
116 Worker 3 forwarding task 38
117 Worker 2 accepting task 51
117 Worker 1 accepting task 38
117 Worker 4 processing task 50 requiring operations [5]
117 Worker 4 forwarding task 50
117 Worker 3 processing task 29 requiring operations [8]
117 Worker 3 forwarding task 29
117 Worker 2 processing task 51 requiring operations [7]
117 Worker 2 forwarding task 51
117 Worker 1 processing task 38 requiring operations [4]
117 Worker 1 performing operation 4 on task 38
118 Generated task 59
118 Worker 2 accepting task 59
118 Worker 0 accepting task 50
118 Worker 1 accepting task 29
118 Worker 4 accepting task 51
118 Task 38 completed!
118 Worker 4 processing task 55 requiring operations [5, 2, 9]
118 Worker 4 forwarding task 55
118 Worker 3 processing task 46 requiring operations [6]
118 Worker 3 performing operation 6 on task 46
118 Worker 2 processing task 59 requiring operations [4, 7, 1]
118 Worker 2 forwarding task 59
118 Worker 1 processing task 29 requiring operations [8]
118 Worker 1 forwarding task 29
118 Worker 0 processing task 50 requiring operations [5]
118 Worker 0 performing operation 5 on task 50
119 Worker 1 accepting task 55
119 Task 46 completed!
119 Worker 4 accepting task 59
119 Worker 4 accepting task 29
119 Task 50 completed!
119 Worker 4 processing task 53 requiring operations [5]
119 Worker 4 forwarding task 53
119 Worker 3 processing task 45 requiring operations [10]
119 Worker 3 forwarding task 45
119 Worker 1 processing task 55 requiring operations [5, 2, 9]
119 Worker 1 forwarding task 55
120 Generated task 60
120 Worker 3 accepting task 60
120 Worker 0 accepting task 53
120 Worker 1 accepting task 45
120 Worker 4 accepting task 55
120 Worker 4 processing task 36 requiring operations [4]
120 Worker 4 forwarding task 36
120 Worker 3 processing task 44 requiring operations [4, 10]
120 Worker 3 forwarding task 44
120 Worker 1 processing task 45 requiring operations [10]
120 Worker 1 forwarding task 45
120 Worker 0 processing task 53 requiring operations [5]
120 Worker 0 performing operation 5 on task 53
121 Worker 2 accepting task 36
121 Worker 0 accepting task 44
121 Worker 3 accepting task 45
121 Task 53 completed!
121 Worker 4 processing task 41 requiring operations [3]
121 Worker 4 performing operation 3 on task 41
121 Worker 3 processing task 49 requiring operations [2, 4]
121 Worker 3 performing operation 2 on task 49
121 Worker 0 processing task 44 requiring operations [4, 10]
121 Worker 0 forwarding task 44
121 Worker 2 processing task 36 requiring operations [4]
121 Worker 2 forwarding task 36
122 Generated task 61
122 Worker 4 accepting task 61
122 Task 41 completed!
122 Worker 3 accepting task 49
122 Worker 3 accepting task 44
122 Worker 3 accepting task 36
122 Worker 4 processing task 58 requiring operations [5, 4, 1]
122 Worker 4 performing operation 1 on task 58
122 Worker 3 processing task 56 requiring operations [8, 9, 10]
122 Worker 3 performing operation 9 on task 56
123 Worker 4 accepting task 58
123 Worker 3 accepting task 56
123 Worker 4 processing task 42 requiring operations [5]
123 Worker 4 forwarding task 42
123 Worker 3 processing task 48 requiring operations [2]
123 Worker 3 performing operation 2 on task 48
124 Generated task 62
124 Worker 3 accepting task 62
124 Worker 2 accepting task 42
124 Task 48 completed!
124 Worker 4 processing task 51 requiring operations [7]
124 Worker 4 forwarding task 51
124 Worker 3 processing task 57 requiring operations [4, 6, 7]
124 Worker 3 performing operation 6 on task 57
124 Worker 2 processing task 42 requiring operations [5]
124 Worker 2 forwarding task 42
125 Worker 2 accepting task 51
125 Worker 3 accepting task 57
125 Worker 3 accepting task 42
125 Worker 4 processing task 59 requiring operations [4, 7, 1]
125 Worker 4 performing operation 1 on task 59
125 Worker 3 processing task 54 requiring operations [7, 4, 5]
125 Worker 3 forwarding task 54
125 Worker 2 processing task 51 requiring operations [7]
125 Worker 2 forwarding task 51
126 Generated task 63
126 Worker 0 accepting task 63
126 Worker 4 accepting task 59
126 Worker 0 accepting task 54
126 Worker 4 accepting task 51
126 Worker 4 processing task 29 requiring operations [8]
126 Worker 4 forwarding task 29
126 Worker 3 processing task 47 requiring operations [7]
126 Worker 3 forwarding task 47
126 Worker 0 processing task 63 requiring operations [6, 5, 7]
126 Worker 0 performing operation 5 on task 63
127 Worker 2 accepting task 29
127 Worker 1 accepting task 47
127 Worker 0 accepting task 63
127 Worker 4 processing task 55 requiring operations [5, 2, 9]
127 Worker 4 forwarding task 55
127 Worker 3 processing task 26 requiring operations [7]
127 Worker 3 forwarding task 26
127 Worker 0 processing task 54 requiring operations [7, 4, 5]
127 Worker 0 performing operation 5 on task 54
127 Worker 2 processing task 29 requiring operations [8]
127 Worker 2 forwarding task 29
127 Worker 1 processing task 47 requiring operations [7]
127 Worker 1 performing operation 7 on task 47
128 Generated task 64
128 Worker 0 accepting task 64
128 Worker 0 accepting task 55
128 Worker 0 accepting task 26
128 Worker 0 accepting task 54
128 Worker 3 accepting task 29
128 Task 47 completed!
128 Worker 4 processing task 61 requiring operations [5, 10, 4]
128 Worker 4 performing operation 10 on task 61
128 Worker 3 processing task 60 requiring operations [8, 1, 5]
128 Worker 3 performing operation 1 on task 60
128 Worker 0 processing task 63 requiring operations [6, 7]
128 Worker 0 forwarding task 63
129 Worker 4 accepting task 61
129 Worker 3 accepting task 60
129 Worker 4 accepting task 63
129 Worker 4 processing task 58 requiring operations [5, 4]
129 Worker 4 forwarding task 58
129 Worker 3 processing task 45 requiring operations [10]
129 Worker 3 forwarding task 45
129 Worker 0 processing task 64 requiring operations [8, 2, 7]
129 Worker 0 performing operation 8 on task 64
130 Generated task 65
130 Worker 2 accepting task 65
130 Worker 0 accepting task 58
130 Worker 0 accepting task 45
130 Worker 0 accepting task 64
130 Worker 4 processing task 59 requiring operations [4, 7]
130 Worker 4 forwarding task 59
130 Worker 3 processing task 49 requiring operations [4]
130 Worker 3 forwarding task 49
130 Worker 0 processing task 55 requiring operations [5, 2, 9]
130 Worker 0 performing operation 5 on task 55
130 Worker 2 processing task 65 requiring operations [6, 7, 4]
130 Worker 2 forwarding task 65
131 Worker 2 accepting task 59
131 Worker 0 accepting task 49
131 Worker 0 accepting task 55
131 Worker 4 accepting task 65
131 Worker 4 processing task 51 requiring operations [7]
131 Worker 4 forwarding task 51
131 Worker 3 processing task 44 requiring operations [4, 10]
131 Worker 3 forwarding task 44
131 Worker 0 processing task 26 requiring operations [7]
131 Worker 0 forwarding task 26
131 Worker 2 processing task 59 requiring operations [4, 7]
131 Worker 2 forwarding task 59
132 Generated task 66
132 Worker 4 accepting task 66
132 Worker 1 accepting task 51
132 Worker 0 accepting task 44
132 Worker 3 accepting task 26
132 Worker 4 accepting task 59
132 Worker 4 processing task 61 requiring operations [5, 4]
132 Worker 4 forwarding task 61
132 Worker 3 processing task 36 requiring operations [4]
132 Worker 3 forwarding task 36
132 Worker 0 processing task 54 requiring operations [7, 4]
132 Worker 0 forwarding task 54
132 Worker 1 processing task 51 requiring operations [7]
132 Worker 1 performing operation 7 on task 51
133 Worker 0 accepting task 61
133 Worker 1 accepting task 36
133 Worker 3 accepting task 54
133 Task 51 completed!
133 Worker 4 processing task 63 requiring operations [6, 7]
133 Worker 4 performing operation 6 on task 63
133 Worker 3 processing task 56 requiring operations [8, 10]
133 Worker 3 forwarding task 56
133 Worker 0 processing task 58 requiring operations [5, 4]
133 Worker 0 performing operation 5 on task 58
133 Worker 1 processing task 36 requiring operations [4]
133 Worker 1 performing operation 4 on task 36
134 Generated task 67
134 Worker 0 accepting task 67
134 Worker 4 accepting task 63
134 Worker 1 accepting task 56
134 Worker 0 accepting task 58
134 Task 36 completed!
134 Worker 4 processing task 65 requiring operations [6, 7, 4]
134 Worker 4 performing operation 6 on task 65
134 Worker 3 processing task 62 requiring operations [9, 2, 6]
134 Worker 3 performing operation 6 on task 62
134 Worker 0 processing task 45 requiring operations [10]
134 Worker 0 forwarding task 45
134 Worker 1 processing task 56 requiring operations [8, 10]
134 Worker 1 forwarding task 56
135 Worker 4 accepting task 65
135 Worker 3 accepting task 62
135 Worker 3 accepting task 45
135 Worker 4 accepting task 56
135 Worker 4 processing task 66 requiring operations [10, 1, 8]
135 Worker 4 performing operation 10 on task 66
135 Worker 3 processing task 57 requiring operations [4, 7]
135 Worker 3 forwarding task 57
135 Worker 0 processing task 64 requiring operations [2, 7]
135 Worker 0 forwarding task 64
136 Generated task 68
136 Worker 0 accepting task 68
136 Worker 4 accepting task 66
136 Worker 0 accepting task 57
136 Worker 3 accepting task 64
136 Worker 4 processing task 59 requiring operations [4, 7]
136 Worker 4 forwarding task 59
136 Worker 3 processing task 42 requiring operations [5]
136 Worker 3 forwarding task 42
136 Worker 0 processing task 49 requiring operations [4]
136 Worker 0 forwarding task 49
137 Worker 0 accepting task 59
137 Worker 1 accepting task 42
137 Worker 4 accepting task 49
137 Worker 4 processing task 63 requiring operations [7]
137 Worker 4 forwarding task 63
137 Worker 3 processing task 29 requiring operations [8]
137 Worker 3 forwarding task 29
137 Worker 0 processing task 55 requiring operations [2, 9]
137 Worker 0 forwarding task 55
137 Worker 1 processing task 42 requiring operations [5]
137 Worker 1 forwarding task 42
138 Generated task 69
138 Worker 1 accepting task 69
138 Worker 2 accepting task 63
138 Worker 2 accepting task 29
138 Worker 4 accepting task 55
138 Worker 4 accepting task 42
138 Worker 4 processing task 65 requiring operations [7, 4]
138 Worker 4 forwarding task 65
138 Worker 3 processing task 60 requiring operations [8, 5]
138 Worker 3 forwarding task 60
138 Worker 0 processing task 44 requiring operations [4, 10]
138 Worker 0 forwarding task 44
138 Worker 1 processing task 69 requiring operations [4, 6, 2]
138 Worker 1 performing operation 4 on task 69
138 Worker 2 processing task 63 requiring operations [7]
138 Worker 2 forwarding task 63
139 Worker 2 accepting task 65
139 Worker 1 accepting task 60
139 Worker 3 accepting task 44
139 Worker 1 accepting task 69
139 Worker 3 accepting task 63
139 Worker 4 processing task 56 requiring operations [8, 10]
139 Worker 4 performing operation 10 on task 56
139 Worker 3 processing task 26 requiring operations [7]
139 Worker 3 forwarding task 26
139 Worker 0 processing task 61 requiring operations [5, 4]
139 Worker 0 performing operation 5 on task 61
139 Worker 1 processing task 60 requiring operations [8, 5]
139 Worker 1 forwarding task 60
139 Worker 2 processing task 29 requiring operations [8]
139 Worker 2 forwarding task 29
140 Generated task 70
140 Worker 2 accepting task 70
140 Worker 4 accepting task 56
140 Worker 0 accepting task 26
140 Worker 0 accepting task 61
140 Worker 3 accepting task 60
140 Worker 3 accepting task 29
140 Worker 4 processing task 66 requiring operations [1, 8]
140 Worker 4 performing operation 1 on task 66
140 Worker 3 processing task 54 requiring operations [7, 4]
140 Worker 3 forwarding task 54
140 Worker 0 processing task 67 requiring operations [1, 3, 5]
140 Worker 0 performing operation 5 on task 67
140 Worker 1 processing task 69 requiring operations [6, 2]
140 Worker 1 forwarding task 69
140 Worker 2 processing task 65 requiring operations [7, 4]
140 Worker 2 forwarding task 65
