Worker 0 can perform operations {9, 2, 10, 5}
Worker 1 can perform operations {8, 1, 3, 4}
Worker 2 can perform operations {6}
Worker 3 can perform operations {1, 3, 7}
Worker 4 can perform operations {6}
Building network type random
Worker 0 connecting to worker 3
Worker 3 connecting to worker 0
Worker 0 connecting to worker 2
Worker 2 connecting to worker 0
Worker 1 connecting to worker 0
Worker 0 connecting to worker 1
Worker 1 connecting to worker 3
Worker 3 connecting to worker 1
Worker 2 connecting to worker 1
Worker 1 connecting to worker 2
Worker 4 connecting to worker 1
Worker 1 connecting to worker 4
Worker 4 connecting to worker 3
Worker 3 connecting to worker 4
Entry nodes are [0, 1, 2, 3, 4]
0 Generated task 0
0 Worker 2 accepting task 0
0 Worker 2 processing task 0 requiring operations [6, 9, 3]
0 Worker 2 performing operation 6 on task 0
1 Worker 2 accepting task 0
1 Worker 2 processing task 0 requiring operations [9, 3]
1 Worker 2 forwarding task 0
2 Generated task 1
2 Worker 3 accepting task 1
2 Worker 1 accepting task 0
2 Worker 3 processing task 1 requiring operations [3, 8, 1]
2 Worker 3 performing operation 3 on task 1
2 Worker 1 processing task 0 requiring operations [9, 3]
2 Worker 1 performing operation 3 on task 0
3 Worker 3 accepting task 1
3 Worker 1 accepting task 0
3 Worker 3 processing task 1 requiring operations [8, 1]
3 Worker 3 performing operation 1 on task 1
3 Worker 1 processing task 0 requiring operations [9]
3 Worker 1 forwarding task 0
4 Generated task 2
4 Worker 4 accepting task 2
4 Worker 3 accepting task 1
4 Worker 0 accepting task 0
4 Worker 3 processing task 1 requiring operations [8]
4 Worker 3 forwarding task 1
4 Worker 4 processing task 2 requiring operations [8, 1, 10]
4 Worker 4 forwarding task 2
4 Worker 0 processing task 0 requiring operations [9]
4 Worker 0 performing operation 9 on task 0
5 Worker 1 accepting task 1
5 Worker 1 accepting task 2
5 Task 0 completed!
5 Worker 1 processing task 1 requiring operations [8]
5 Worker 1 performing operation 8 on task 1
6 Generated task 3
6 Worker 4 accepting task 3
6 Task 1 completed!
6 Worker 1 processing task 2 requiring operations [8, 1, 10]
6 Worker 1 performing operation 8 on task 2
6 Worker 4 processing task 3 requiring operations [10, 9, 6]
6 Worker 4 performing operation 6 on task 3
7 Worker 1 accepting task 2
7 Worker 4 accepting task 3
7 Worker 1 processing task 2 requiring operations [1, 10]
7 Worker 1 performing operation 1 on task 2
7 Worker 4 processing task 3 requiring operations [10, 9]
7 Worker 4 forwarding task 3
8 Generated task 4
8 Worker 1 accepting task 4
8 Worker 1 accepting task 2
8 Worker 3 accepting task 3
8 Worker 1 processing task 4 requiring operations [2, 1, 5]
8 Worker 1 performing operation 1 on task 4
8 Worker 3 processing task 3 requiring operations [10, 9]
8 Worker 3 forwarding task 3
9 Worker 1 accepting task 4
9 Worker 1 accepting task 3
9 Worker 1 processing task 2 requiring operations [10]
9 Worker 1 forwarding task 2
10 Generated task 5
10 Worker 0 accepting task 5
10 Worker 3 accepting task 2
10 Worker 1 processing task 4 requiring operations [2, 5]
10 Worker 1 forwarding task 4
10 Worker 0 processing task 5 requiring operations [9, 5, 4]
10 Worker 0 performing operation 9 on task 5
10 Worker 3 processing task 2 requiring operations [10]
10 Worker 3 forwarding task 2
11 Worker 3 accepting task 4
11 Worker 0 accepting task 5
11 Worker 4 accepting task 2
11 Worker 1 processing task 3 requiring operations [10, 9]
11 Worker 1 forwarding task 3
11 Worker 0 processing task 5 requiring operations [5, 4]
11 Worker 0 performing operation 5 on task 5
11 Worker 3 processing task 4 requiring operations [2, 5]
11 Worker 3 forwarding task 4
11 Worker 4 processing task 2 requiring operations [10]
11 Worker 4 forwarding task 2
12 Generated task 6
12 Worker 3 accepting task 6
12 Worker 4 accepting task 3
12 Worker 0 accepting task 5
12 Worker 4 accepting task 4
12 Worker 1 accepting task 2
12 Worker 0 processing task 5 requiring operations [4]
12 Worker 0 forwarding task 5
12 Worker 3 processing task 6 requiring operations [4, 7, 9]
12 Worker 3 performing operation 7 on task 6
12 Worker 4 processing task 3 requiring operations [10, 9]
12 Worker 4 forwarding task 3
12 Worker 1 processing task 2 requiring operations [10]
12 Worker 1 forwarding task 2
13 Worker 1 accepting task 5
13 Worker 3 accepting task 6
13 Worker 1 accepting task 3
13 Worker 0 accepting task 2
13 Worker 3 processing task 6 requiring operations [4, 9]
13 Worker 3 forwarding task 6
13 Worker 4 processing task 4 requiring operations [2, 5]
13 Worker 4 forwarding task 4
13 Worker 1 processing task 5 requiring operations [4]
13 Worker 1 performing operation 4 on task 5
13 Worker 0 processing task 2 requiring operations [10]
13 Worker 0 performing operation 10 on task 2
14 Generated task 7
14 Worker 3 accepting task 7
14 Worker 0 accepting task 6
14 Worker 3 accepting task 4
14 Task 5 completed!
14 Task 2 completed!
14 Worker 3 processing task 7 requiring operations [9, 10, 2]
14 Worker 3 forwarding task 7
14 Worker 1 processing task 3 requiring operations [10, 9]
14 Worker 1 forwarding task 3
14 Worker 0 processing task 6 requiring operations [4, 9]
14 Worker 0 performing operation 9 on task 6
15 Worker 4 accepting task 7
15 Worker 4 accepting task 3
15 Worker 0 accepting task 6
15 Worker 3 processing task 4 requiring operations [2, 5]
15 Worker 3 forwarding task 4
15 Worker 0 processing task 6 requiring operations [4]
15 Worker 0 forwarding task 6
15 Worker 4 processing task 7 requiring operations [9, 10, 2]
15 Worker 4 forwarding task 7
16 Generated task 8
16 Worker 2 accepting task 8
16 Worker 0 accepting task 4
16 Worker 1 accepting task 6
16 Worker 1 accepting task 7
16 Worker 0 processing task 4 requiring operations [2, 5]
16 Worker 0 performing operation 2 on task 4
16 Worker 4 processing task 3 requiring operations [10, 9]
16 Worker 4 forwarding task 3
16 Worker 2 processing task 8 requiring operations [8, 4, 2]
16 Worker 2 forwarding task 8
16 Worker 1 processing task 6 requiring operations [4]
16 Worker 1 performing operation 4 on task 6
17 Worker 0 accepting task 4
17 Worker 3 accepting task 3
17 Worker 0 accepting task 8
17 Task 6 completed!
17 Worker 0 processing task 4 requiring operations [5]
17 Worker 0 performing operation 5 on task 4
17 Worker 1 processing task 7 requiring operations [9, 10, 2]
17 Worker 1 forwarding task 7
17 Worker 3 processing task 3 requiring operations [10, 9]
17 Worker 3 forwarding task 3
18 Generated task 9
18 Worker 1 accepting task 9
18 Task 4 completed!
18 Worker 2 accepting task 7
18 Worker 0 accepting task 3
18 Worker 0 processing task 8 requiring operations [8, 4, 2]
18 Worker 0 performing operation 2 on task 8
18 Worker 1 processing task 9 requiring operations [6, 1, 7]
18 Worker 1 performing operation 1 on task 9
18 Worker 2 processing task 7 requiring operations [9, 10, 2]
18 Worker 2 forwarding task 7
19 Worker 0 accepting task 8
19 Worker 1 accepting task 9
19 Worker 1 accepting task 7
19 Worker 0 processing task 3 requiring operations [10, 9]
19 Worker 0 performing operation 10 on task 3
19 Worker 1 processing task 9 requiring operations [6, 7]
19 Worker 1 forwarding task 9
20 Generated task 10
20 Worker 3 accepting task 10
20 Worker 0 accepting task 3
20 Worker 4 accepting task 9
20 Worker 0 processing task 8 requiring operations [8, 4]
20 Worker 0 forwarding task 8
20 Worker 1 processing task 7 requiring operations [9, 10, 2]
20 Worker 1 forwarding task 7
20 Worker 3 processing task 10 requiring operations [5, 4, 8]
20 Worker 3 forwarding task 10
20 Worker 4 processing task 9 requiring operations [6, 7]
20 Worker 4 performing operation 6 on task 9
21 Worker 3 accepting task 8
21 Worker 2 accepting task 7
21 Worker 0 accepting task 10
21 Worker 4 accepting task 9
21 Worker 0 processing task 3 requiring operations [9]
21 Worker 0 performing operation 9 on task 3
21 Worker 3 processing task 8 requiring operations [8, 4]
21 Worker 3 forwarding task 8
21 Worker 4 processing task 9 requiring operations [7]
21 Worker 4 forwarding task 9
21 Worker 2 processing task 7 requiring operations [9, 10, 2]
21 Worker 2 forwarding task 7
22 Generated task 11
22 Worker 1 accepting task 11
22 Task 3 completed!
22 Worker 4 accepting task 8
22 Worker 3 accepting task 9
22 Worker 0 accepting task 7
22 Worker 0 processing task 10 requiring operations [5, 4, 8]
22 Worker 0 performing operation 5 on task 10
22 Worker 4 processing task 8 requiring operations [8, 4]
22 Worker 4 forwarding task 8
22 Worker 1 processing task 11 requiring operations [6, 10, 1]
22 Worker 1 performing operation 1 on task 11
22 Worker 3 processing task 9 requiring operations [7]
22 Worker 3 performing operation 7 on task 9
23 Worker 0 accepting task 10
23 Worker 1 accepting task 8
23 Worker 1 accepting task 11
23 Task 9 completed!
23 Worker 0 processing task 7 requiring operations [9, 10, 2]
23 Worker 0 performing operation 9 on task 7
23 Worker 1 processing task 8 requiring operations [8, 4]
23 Worker 1 performing operation 8 on task 8
24 Generated task 12
24 Worker 3 accepting task 12
24 Worker 0 accepting task 7
24 Worker 1 accepting task 8
24 Worker 0 processing task 10 requiring operations [4, 8]
24 Worker 0 forwarding task 10
24 Worker 1 processing task 11 requiring operations [6, 10]
24 Worker 1 forwarding task 11
24 Worker 3 processing task 12 requiring operations [10, 1, 9]
24 Worker 3 performing operation 1 on task 12
25 Worker 3 accepting task 10
25 Worker 3 accepting task 11
25 Worker 3 accepting task 12
25 Worker 0 processing task 7 requiring operations [10, 2]
25 Worker 0 performing operation 10 on task 7
25 Worker 1 processing task 8 requiring operations [4]
25 Worker 1 performing operation 4 on task 8
25 Worker 3 processing task 10 requiring operations [4, 8]
25 Worker 3 forwarding task 10
26 Generated task 13
26 Worker 3 accepting task 13
26 Worker 0 accepting task 7
26 Task 8 completed!
26 Worker 0 accepting task 10
26 Worker 0 processing task 7 requiring operations [2]
26 Worker 0 performing operation 2 on task 7
26 Worker 3 processing task 11 requiring operations [6, 10]
26 Worker 3 forwarding task 11
27 Task 7 completed!
27 Worker 4 accepting task 11
27 Worker 0 processing task 10 requiring operations [4, 8]
27 Worker 0 forwarding task 10
27 Worker 3 processing task 12 requiring operations [10, 9]
27 Worker 3 forwarding task 12
27 Worker 4 processing task 11 requiring operations [6, 10]
27 Worker 4 performing operation 6 on task 11
28 Generated task 14
28 Worker 3 accepting task 14
28 Worker 3 accepting task 10
28 Worker 0 accepting task 12
28 Worker 4 accepting task 11
28 Worker 3 processing task 13 requiring operations [4, 5, 6]
28 Worker 3 forwarding task 13
28 Worker 4 processing task 11 requiring operations [10]
28 Worker 4 forwarding task 11
28 Worker 0 processing task 12 requiring operations [10, 9]
28 Worker 0 performing operation 10 on task 12
29 Worker 4 accepting task 13
29 Worker 1 accepting task 11
29 Worker 0 accepting task 12
29 Worker 3 processing task 14 requiring operations [5, 4, 7]
29 Worker 3 performing operation 7 on task 14
29 Worker 4 processing task 13 requiring operations [4, 5, 6]
29 Worker 4 performing operation 6 on task 13
29 Worker 0 processing task 12 requiring operations [9]
29 Worker 0 performing operation 9 on task 12
29 Worker 1 processing task 11 requiring operations [10]
29 Worker 1 forwarding task 11
30 Generated task 15
30 Worker 3 accepting task 15
30 Worker 3 accepting task 14
30 Worker 4 accepting task 13
30 Task 12 completed!
30 Worker 2 accepting task 11
30 Worker 3 processing task 10 requiring operations [4, 8]
30 Worker 3 forwarding task 10
30 Worker 4 processing task 13 requiring operations [4, 5]
30 Worker 4 forwarding task 13
30 Worker 2 processing task 11 requiring operations [10]
30 Worker 2 forwarding task 11
31 Worker 0 accepting task 10
31 Worker 3 accepting task 13
31 Worker 1 accepting task 11
31 Worker 3 processing task 15 requiring operations [6, 1, 2]
31 Worker 3 performing operation 1 on task 15
31 Worker 0 processing task 10 requiring operations [4, 8]
31 Worker 0 forwarding task 10
31 Worker 1 processing task 11 requiring operations [10]
31 Worker 1 forwarding task 11
32 Generated task 16
32 Worker 2 accepting task 16
32 Worker 3 accepting task 15
32 Worker 1 accepting task 10
32 Worker 2 accepting task 11
32 Worker 3 processing task 14 requiring operations [5, 4]
32 Worker 3 forwarding task 14
32 Worker 1 processing task 10 requiring operations [4, 8]
32 Worker 1 performing operation 8 on task 10
32 Worker 2 processing task 16 requiring operations [2, 10, 7]
32 Worker 2 forwarding task 16
33 Worker 0 accepting task 14
33 Worker 1 accepting task 10
33 Worker 1 accepting task 16
33 Worker 3 processing task 13 requiring operations [4, 5]
33 Worker 3 forwarding task 13
33 Worker 1 processing task 10 requiring operations [4]
33 Worker 1 performing operation 4 on task 10
33 Worker 2 processing task 11 requiring operations [10]
33 Worker 2 forwarding task 11
33 Worker 0 processing task 14 requiring operations [5, 4]
33 Worker 0 performing operation 5 on task 14
34 Generated task 17
34 Worker 3 accepting task 17
34 Worker 0 accepting task 13
34 Task 10 completed!
34 Worker 1 accepting task 11
34 Worker 0 accepting task 14
34 Worker 3 processing task 15 requiring operations [6, 2]
34 Worker 3 forwarding task 15
34 Worker 1 processing task 16 requiring operations [2, 10, 7]
34 Worker 1 forwarding task 16
34 Worker 0 processing task 13 requiring operations [4, 5]
34 Worker 0 performing operation 5 on task 13
35 Worker 1 accepting task 15
35 Worker 3 accepting task 16
35 Worker 0 accepting task 13
35 Worker 3 processing task 17 requiring operations [7, 4, 2]
35 Worker 3 performing operation 7 on task 17
35 Worker 1 processing task 11 requiring operations [10]
35 Worker 1 forwarding task 11
35 Worker 0 processing task 14 requiring operations [4]
35 Worker 0 forwarding task 14
36 Generated task 18
36 Worker 0 accepting task 18
36 Worker 3 accepting task 17
36 Worker 3 accepting task 11
36 Worker 2 accepting task 14
36 Worker 3 processing task 16 requiring operations [2, 10, 7]
36 Worker 3 performing operation 7 on task 16
36 Worker 1 processing task 15 requiring operations [6, 2]
36 Worker 1 forwarding task 15
36 Worker 0 processing task 13 requiring operations [4]
36 Worker 0 forwarding task 13
36 Worker 2 processing task 14 requiring operations [4]
36 Worker 2 forwarding task 14
37 Worker 3 accepting task 16
37 Worker 0 accepting task 15
37 Worker 3 accepting task 13
37 Worker 0 accepting task 14
37 Worker 3 processing task 17 requiring operations [4, 2]
37 Worker 3 forwarding task 17
37 Worker 0 processing task 18 requiring operations [6, 1, 10]
37 Worker 0 performing operation 10 on task 18
38 Generated task 19
38 Worker 0 accepting task 19
38 Worker 0 accepting task 17
38 Worker 0 accepting task 18
38 Worker 3 processing task 11 requiring operations [10]
38 Worker 3 forwarding task 11
38 Worker 0 processing task 15 requiring operations [6, 2]
38 Worker 0 performing operation 2 on task 15
39 Worker 1 accepting task 11
39 Worker 0 accepting task 15
39 Worker 3 processing task 16 requiring operations [2, 10]
39 Worker 3 forwarding task 16
39 Worker 0 processing task 14 requiring operations [4]
39 Worker 0 forwarding task 14
39 Worker 1 processing task 11 requiring operations [10]
39 Worker 1 forwarding task 11
40 Generated task 20
40 Worker 2 accepting task 20
40 Worker 1 accepting task 16
40 Worker 1 accepting task 14
40 Worker 3 accepting task 11
40 Worker 3 processing task 13 requiring operations [4]
40 Worker 3 forwarding task 13
40 Worker 0 processing task 19 requiring operations [2, 5, 10]
40 Worker 0 performing operation 10 on task 19
40 Worker 1 processing task 16 requiring operations [2, 10]
40 Worker 1 forwarding task 16
40 Worker 2 processing task 20 requiring operations [4, 5, 10]
40 Worker 2 forwarding task 20
41 Worker 1 accepting task 13
41 Worker 0 accepting task 19
41 Worker 3 accepting task 16
41 Worker 1 accepting task 20
41 Worker 3 processing task 11 requiring operations [10]
41 Worker 3 forwarding task 11
41 Worker 0 processing task 17 requiring operations [4, 2]
41 Worker 0 performing operation 2 on task 17
41 Worker 1 processing task 14 requiring operations [4]
41 Worker 1 performing operation 4 on task 14
42 Generated task 21
42 Worker 0 accepting task 21
42 Worker 1 accepting task 11
42 Worker 0 accepting task 17
42 Task 14 completed!
42 Worker 3 processing task 16 requiring operations [2, 10]
42 Worker 3 forwarding task 16
42 Worker 0 processing task 18 requiring operations [6, 1]
42 Worker 0 forwarding task 18
42 Worker 1 processing task 13 requiring operations [4]
42 Worker 1 performing operation 4 on task 13
43 Worker 1 accepting task 16
43 Worker 2 accepting task 18
43 Task 13 completed!
43 Worker 0 processing task 15 requiring operations [6]
43 Worker 0 forwarding task 15
43 Worker 1 processing task 20 requiring operations [4, 5, 10]
43 Worker 1 performing operation 4 on task 20
43 Worker 2 processing task 18 requiring operations [6, 1]
43 Worker 2 performing operation 6 on task 18
44 Generated task 22
44 Worker 3 accepting task 22
44 Worker 2 accepting task 15
44 Worker 1 accepting task 20
44 Worker 2 accepting task 18
44 Worker 0 processing task 19 requiring operations [2, 5]
44 Worker 0 performing operation 2 on task 19
44 Worker 1 processing task 11 requiring operations [10]
44 Worker 1 forwarding task 11
44 Worker 2 processing task 15 requiring operations [6]
44 Worker 2 performing operation 6 on task 15
44 Worker 3 processing task 22 requiring operations [8, 7, 5]
44 Worker 3 performing operation 7 on task 22
45 Worker 0 accepting task 19
45 Worker 4 accepting task 11
45 Task 15 completed!
45 Worker 3 accepting task 22
45 Worker 0 processing task 21 requiring operations [6, 3, 10]
45 Worker 0 performing operation 10 on task 21
45 Worker 1 processing task 16 requiring operations [2, 10]
45 Worker 1 forwarding task 16
45 Worker 2 processing task 18 requiring operations [1]
45 Worker 2 forwarding task 18
45 Worker 3 processing task 22 requiring operations [8, 5]
45 Worker 3 forwarding task 22
45 Worker 4 processing task 11 requiring operations [10]
45 Worker 4 forwarding task 11
46 Generated task 23
46 Worker 4 accepting task 23
46 Worker 0 accepting task 21
46 Worker 2 accepting task 16
46 Worker 0 accepting task 18
46 Worker 1 accepting task 22
46 Worker 3 accepting task 11
46 Worker 0 processing task 17 requiring operations [4]
46 Worker 0 forwarding task 17
46 Worker 1 processing task 20 requiring operations [5, 10]
46 Worker 1 forwarding task 20
46 Worker 2 processing task 16 requiring operations [2, 10]
46 Worker 2 forwarding task 16
46 Worker 4 processing task 23 requiring operations [8, 7, 5]
46 Worker 4 forwarding task 23
46 Worker 3 processing task 11 requiring operations [10]
46 Worker 3 forwarding task 11
47 Worker 2 accepting task 17
47 Worker 4 accepting task 20
47 Worker 1 accepting task 16
47 Worker 1 accepting task 23
47 Worker 4 accepting task 11
47 Worker 0 processing task 19 requiring operations [5]
47 Worker 0 performing operation 5 on task 19
47 Worker 1 processing task 22 requiring operations [8, 5]
47 Worker 1 performing operation 8 on task 22
47 Worker 2 processing task 17 requiring operations [4]
47 Worker 2 forwarding task 17
47 Worker 4 processing task 20 requiring operations [5, 10]
47 Worker 4 forwarding task 20
48 Generated task 24
48 Worker 2 accepting task 24
48 Task 19 completed!
48 Worker 1 accepting task 22
48 Worker 1 accepting task 17
48 Worker 1 accepting task 20
48 Worker 0 processing task 21 requiring operations [6, 3]
48 Worker 0 forwarding task 21
48 Worker 1 processing task 16 requiring operations [2, 10]
48 Worker 1 forwarding task 16
48 Worker 2 processing task 24 requiring operations [5, 9, 3]
48 Worker 2 forwarding task 24
48 Worker 4 processing task 11 requiring operations [10]
48 Worker 4 forwarding task 11
49 Worker 1 accepting task 21
49 Worker 0 accepting task 16
49 Worker 1 accepting task 24
49 Worker 1 accepting task 11
49 Worker 0 processing task 18 requiring operations [1]
49 Worker 0 forwarding task 18
49 Worker 1 processing task 23 requiring operations [8, 7, 5]
49 Worker 1 performing operation 8 on task 23
50 Generated task 25
50 Worker 2 accepting task 25
50 Worker 3 accepting task 18
50 Worker 1 accepting task 23
50 Worker 0 processing task 16 requiring operations [2, 10]
50 Worker 0 performing operation 10 on task 16
50 Worker 1 processing task 22 requiring operations [5]
50 Worker 1 forwarding task 22
50 Worker 2 processing task 25 requiring operations [5, 3, 7]
50 Worker 2 forwarding task 25
50 Worker 3 processing task 18 requiring operations [1]
50 Worker 3 performing operation 1 on task 18
51 Worker 0 accepting task 16
51 Worker 2 accepting task 22
51 Worker 0 accepting task 25
51 Task 18 completed!
51 Worker 0 processing task 16 requiring operations [2]
51 Worker 0 performing operation 2 on task 16
51 Worker 1 processing task 17 requiring operations [4]
51 Worker 1 performing operation 4 on task 17
51 Worker 2 processing task 22 requiring operations [5]
51 Worker 2 forwarding task 22
52 Generated task 26
52 Worker 1 accepting task 26
52 Task 16 completed!
52 Task 17 completed!
52 Worker 1 accepting task 22
52 Worker 0 processing task 25 requiring operations [5, 3, 7]
52 Worker 0 performing operation 5 on task 25
52 Worker 1 processing task 20 requiring operations [5, 10]
52 Worker 1 forwarding task 20
53 Worker 0 accepting task 25
53 Worker 4 accepting task 20
53 Worker 0 processing task 25 requiring operations [3, 7]
53 Worker 0 forwarding task 25
53 Worker 1 processing task 21 requiring operations [6, 3]
53 Worker 1 performing operation 3 on task 21
53 Worker 4 processing task 20 requiring operations [5, 10]
53 Worker 4 forwarding task 20
54 Generated task 27
54 Worker 3 accepting task 27
54 Worker 2 accepting task 25
54 Worker 1 accepting task 21
54 Worker 1 accepting task 20
54 Worker 1 processing task 24 requiring operations [5, 9, 3]
54 Worker 1 performing operation 3 on task 24
54 Worker 3 processing task 27 requiring operations [3, 7, 5]
54 Worker 3 performing operation 3 on task 27
54 Worker 2 processing task 25 requiring operations [3, 7]
54 Worker 2 forwarding task 25
55 Worker 1 accepting task 24
55 Worker 3 accepting task 27
55 Worker 1 accepting task 25
55 Worker 1 processing task 11 requiring operations [10]
55 Worker 1 forwarding task 11
55 Worker 3 processing task 27 requiring operations [7, 5]
55 Worker 3 performing operation 7 on task 27
56 Generated task 28
56 Worker 3 accepting task 28
56 Worker 4 accepting task 11
56 Worker 3 accepting task 27
56 Worker 1 processing task 23 requiring operations [7, 5]
56 Worker 1 forwarding task 23
56 Worker 3 processing task 28 requiring operations [1, 8, 2]
56 Worker 3 performing operation 1 on task 28
56 Worker 4 processing task 11 requiring operations [10]
56 Worker 4 forwarding task 11
57 Worker 0 accepting task 23
57 Worker 3 accepting task 28
57 Worker 3 accepting task 11
57 Worker 1 processing task 26 requiring operations [7, 5, 2]
57 Worker 1 forwarding task 26
57 Worker 3 processing task 27 requiring operations [5]
57 Worker 3 forwarding task 27
57 Worker 0 processing task 23 requiring operations [7, 5]
57 Worker 0 performing operation 5 on task 23
58 Generated task 29
58 Worker 3 accepting task 29
58 Worker 3 accepting task 26
58 Worker 1 accepting task 27
58 Worker 0 accepting task 23
58 Worker 1 processing task 22 requiring operations [5]
58 Worker 1 forwarding task 22
58 Worker 3 processing task 28 requiring operations [8, 2]
58 Worker 3 forwarding task 28
58 Worker 0 processing task 23 requiring operations [7]
58 Worker 0 forwarding task 23
59 Worker 3 accepting task 22
59 Worker 4 accepting task 28
59 Worker 1 accepting task 23
59 Worker 1 processing task 21 requiring operations [6]
59 Worker 1 forwarding task 21
59 Worker 3 processing task 11 requiring operations [10]
59 Worker 3 forwarding task 11
59 Worker 4 processing task 28 requiring operations [8, 2]
59 Worker 4 forwarding task 28
60 Generated task 30
60 Worker 1 accepting task 30
60 Worker 2 accepting task 21
60 Worker 1 accepting task 11
60 Worker 1 accepting task 28
60 Worker 1 processing task 20 requiring operations [5, 10]
60 Worker 1 forwarding task 20
60 Worker 3 processing task 29 requiring operations [1, 8, 4]
60 Worker 3 performing operation 1 on task 29
60 Worker 2 processing task 21 requiring operations [6]
60 Worker 2 performing operation 6 on task 21
61 Worker 2 accepting task 20
61 Worker 3 accepting task 29
61 Task 21 completed!
61 Worker 1 processing task 24 requiring operations [5, 9]
61 Worker 1 forwarding task 24
61 Worker 3 processing task 26 requiring operations [7, 5, 2]
61 Worker 3 performing operation 7 on task 26
61 Worker 2 processing task 20 requiring operations [5, 10]
61 Worker 2 forwarding task 20
62 Generated task 31
62 Worker 2 accepting task 31
62 Worker 0 accepting task 24
62 Worker 3 accepting task 26
62 Worker 1 accepting task 20
62 Worker 1 processing task 25 requiring operations [3, 7]
62 Worker 1 performing operation 3 on task 25
62 Worker 3 processing task 22 requiring operations [5]
62 Worker 3 forwarding task 22
62 Worker 2 processing task 31 requiring operations [6, 1, 5]
62 Worker 2 performing operation 6 on task 31
62 Worker 0 processing task 24 requiring operations [5, 9]
62 Worker 0 performing operation 5 on task 24
63 Worker 1 accepting task 25
63 Worker 1 accepting task 22
63 Worker 2 accepting task 31
63 Worker 0 accepting task 24
63 Worker 1 processing task 27 requiring operations [5]
63 Worker 1 forwarding task 27
63 Worker 3 processing task 29 requiring operations [8, 4]
63 Worker 3 forwarding task 29
63 Worker 2 processing task 31 requiring operations [1, 5]
63 Worker 2 forwarding task 31
63 Worker 0 processing task 24 requiring operations [9]
63 Worker 0 performing operation 9 on task 24
64 Generated task 32
64 Worker 3 accepting task 32
64 Worker 0 accepting task 27
64 Worker 1 accepting task 29
64 Worker 1 accepting task 31
64 Task 24 completed!
64 Worker 1 processing task 23 requiring operations [7]
64 Worker 1 forwarding task 23
64 Worker 3 processing task 26 requiring operations [5, 2]
64 Worker 3 forwarding task 26
64 Worker 0 processing task 27 requiring operations [5]
64 Worker 0 performing operation 5 on task 27
65 Worker 3 accepting task 23
65 Worker 4 accepting task 26
65 Task 27 completed!
65 Worker 1 processing task 30 requiring operations [8, 3, 7]
65 Worker 1 performing operation 8 on task 30
65 Worker 3 processing task 32 requiring operations [5, 2, 10]
65 Worker 3 forwarding task 32
65 Worker 4 processing task 26 requiring operations [5, 2]
65 Worker 4 forwarding task 26
66 Generated task 33
66 Worker 2 accepting task 33
66 Worker 1 accepting task 30
66 Worker 4 accepting task 32
66 Worker 1 accepting task 26
66 Worker 1 processing task 11 requiring operations [10]
66 Worker 1 forwarding task 11
66 Worker 3 processing task 23 requiring operations [7]
66 Worker 3 performing operation 7 on task 23
66 Worker 4 processing task 32 requiring operations [5, 2, 10]
66 Worker 4 forwarding task 32
66 Worker 2 processing task 33 requiring operations [4, 10, 1]
66 Worker 2 forwarding task 33
67 Worker 2 accepting task 11
67 Task 23 completed!
67 Worker 1 accepting task 32
67 Worker 0 accepting task 33
67 Worker 1 processing task 28 requiring operations [8, 2]
67 Worker 1 performing operation 8 on task 28
67 Worker 2 processing task 11 requiring operations [10]
67 Worker 2 forwarding task 11
67 Worker 0 processing task 33 requiring operations [4, 10, 1]
67 Worker 0 performing operation 10 on task 33
68 Generated task 34
68 Worker 1 accepting task 34
68 Worker 1 accepting task 28
68 Worker 0 accepting task 11
68 Worker 0 accepting task 33
68 Worker 1 processing task 20 requiring operations [5, 10]
68 Worker 1 forwarding task 20
68 Worker 0 processing task 11 requiring operations [10]
68 Worker 0 performing operation 10 on task 11
69 Worker 0 accepting task 20
69 Task 11 completed!
69 Worker 1 processing task 25 requiring operations [7]
69 Worker 1 forwarding task 25
69 Worker 0 processing task 33 requiring operations [4, 1]
69 Worker 0 forwarding task 33
70 Generated task 35
70 Worker 3 accepting task 35
70 Worker 0 accepting task 25
70 Worker 1 accepting task 33
70 Worker 1 processing task 22 requiring operations [5]
70 Worker 1 forwarding task 22
70 Worker 0 processing task 20 requiring operations [5, 10]
70 Worker 0 performing operation 5 on task 20
70 Worker 3 processing task 35 requiring operations [3, 9, 7]
70 Worker 3 performing operation 7 on task 35
71 Worker 4 accepting task 22
71 Worker 0 accepting task 20
71 Worker 3 accepting task 35
71 Worker 1 processing task 29 requiring operations [8, 4]
71 Worker 1 performing operation 4 on task 29
71 Worker 0 processing task 25 requiring operations [7]
71 Worker 0 forwarding task 25
71 Worker 3 processing task 35 requiring operations [3, 9]
71 Worker 3 performing operation 3 on task 35
71 Worker 4 processing task 22 requiring operations [5]
71 Worker 4 forwarding task 22
72 Generated task 36
72 Worker 1 accepting task 36
72 Worker 1 accepting task 29
72 Worker 1 accepting task 25
72 Worker 3 accepting task 35
72 Worker 1 accepting task 22
72 Worker 1 processing task 31 requiring operations [1, 5]
72 Worker 1 performing operation 1 on task 31
72 Worker 0 processing task 20 requiring operations [10]
72 Worker 0 performing operation 10 on task 20
72 Worker 3 processing task 35 requiring operations [9]
72 Worker 3 forwarding task 35
73 Worker 1 accepting task 31
73 Task 20 completed!
73 Worker 0 accepting task 35
73 Worker 1 processing task 30 requiring operations [3, 7]
73 Worker 1 performing operation 3 on task 30
73 Worker 0 processing task 35 requiring operations [9]
73 Worker 0 performing operation 9 on task 35
74 Generated task 37
74 Worker 3 accepting task 37
74 Worker 1 accepting task 30
74 Task 35 completed!
74 Worker 1 processing task 26 requiring operations [5, 2]
74 Worker 1 forwarding task 26
74 Worker 3 processing task 37 requiring operations [3, 6, 5]
74 Worker 3 performing operation 3 on task 37
75 Worker 3 accepting task 26
75 Worker 3 accepting task 37
75 Worker 1 processing task 32 requiring operations [5, 2, 10]
75 Worker 1 forwarding task 32
75 Worker 3 processing task 26 requiring operations [5, 2]
75 Worker 3 forwarding task 26
76 Generated task 38
76 Worker 4 accepting task 38
76 Worker 3 accepting task 32
76 Worker 1 accepting task 26
76 Worker 1 processing task 34 requiring operations [10, 8, 9]
76 Worker 1 performing operation 8 on task 34
76 Worker 3 processing task 37 requiring operations [6, 5]
76 Worker 3 forwarding task 37
76 Worker 4 processing task 38 requiring operations [9, 2, 5]
76 Worker 4 forwarding task 38
77 Worker 1 accepting task 34
77 Worker 1 accepting task 37
77 Worker 1 accepting task 38
77 Worker 1 processing task 28 requiring operations [2]
77 Worker 1 forwarding task 28
77 Worker 3 processing task 32 requiring operations [5, 2, 10]
77 Worker 3 forwarding task 32
78 Generated task 39
78 Worker 2 accepting task 39
78 Worker 4 accepting task 28
78 Worker 1 accepting task 32
78 Worker 1 processing task 33 requiring operations [4, 1]
78 Worker 1 performing operation 1 on task 33
78 Worker 2 processing task 39 requiring operations [10, 5, 6]
78 Worker 2 performing operation 6 on task 39
78 Worker 4 processing task 28 requiring operations [2]
78 Worker 4 forwarding task 28
79 Worker 1 accepting task 33
79 Worker 2 accepting task 39
79 Worker 1 accepting task 28
79 Worker 1 processing task 36 requiring operations [7, 2, 3]
79 Worker 1 performing operation 3 on task 36
79 Worker 2 processing task 39 requiring operations [10, 5]
79 Worker 2 forwarding task 39
80 Generated task 40
80 Worker 4 accepting task 40
80 Worker 1 accepting task 36
80 Worker 0 accepting task 39
80 Worker 1 processing task 29 requiring operations [8]
80 Worker 1 performing operation 8 on task 29
80 Worker 4 processing task 40 requiring operations [2, 7, 6]
80 Worker 4 performing operation 6 on task 40
80 Worker 0 processing task 39 requiring operations [10, 5]
80 Worker 0 performing operation 10 on task 39
81 Task 29 completed!
81 Worker 4 accepting task 40
81 Worker 0 accepting task 39
81 Worker 1 processing task 25 requiring operations [7]
81 Worker 1 forwarding task 25
81 Worker 4 processing task 40 requiring operations [2, 7]
81 Worker 4 forwarding task 40
81 Worker 0 processing task 39 requiring operations [5]
81 Worker 0 performing operation 5 on task 39
82 Generated task 41
82 Worker 1 accepting task 41
82 Worker 3 accepting task 25
82 Worker 3 accepting task 40
82 Task 39 completed!
82 Worker 1 processing task 22 requiring operations [5]
82 Worker 1 forwarding task 22
82 Worker 3 processing task 25 requiring operations [7]
82 Worker 3 performing operation 7 on task 25
83 Worker 3 accepting task 22
83 Task 25 completed!
83 Worker 1 processing task 31 requiring operations [5]
83 Worker 1 forwarding task 31
83 Worker 3 processing task 40 requiring operations [2, 7]
83 Worker 3 performing operation 7 on task 40
84 Generated task 42
84 Worker 4 accepting task 42
84 Worker 4 accepting task 31
84 Worker 3 accepting task 40
84 Worker 1 processing task 30 requiring operations [7]
84 Worker 1 forwarding task 30
84 Worker 3 processing task 22 requiring operations [5]
84 Worker 3 forwarding task 22
84 Worker 4 processing task 42 requiring operations [10, 3, 8]
84 Worker 4 forwarding task 42
85 Worker 4 accepting task 30
85 Worker 0 accepting task 22
85 Worker 3 accepting task 42
85 Worker 1 processing task 26 requiring operations [5, 2]
85 Worker 1 forwarding task 26
85 Worker 3 processing task 40 requiring operations [2]
85 Worker 3 forwarding task 40
85 Worker 4 processing task 31 requiring operations [5]
85 Worker 4 forwarding task 31
85 Worker 0 processing task 22 requiring operations [5]
85 Worker 0 performing operation 5 on task 22
86 Generated task 43
86 Worker 2 accepting task 43
86 Worker 2 accepting task 26
86 Worker 1 accepting task 40
86 Worker 3 accepting task 31
86 Task 22 completed!
86 Worker 1 processing task 34 requiring operations [10, 9]
86 Worker 1 forwarding task 34
86 Worker 3 processing task 42 requiring operations [10, 3, 8]
86 Worker 3 performing operation 3 on task 42
86 Worker 4 processing task 30 requiring operations [7]
86 Worker 4 forwarding task 30
86 Worker 2 processing task 43 requiring operations [6, 1, 9]
86 Worker 2 performing operation 6 on task 43
87 Worker 3 accepting task 34
87 Worker 3 accepting task 42
87 Worker 3 accepting task 30
87 Worker 2 accepting task 43
87 Worker 1 processing task 37 requiring operations [6, 5]
87 Worker 1 forwarding task 37
87 Worker 3 processing task 31 requiring operations [5]
87 Worker 3 forwarding task 31
87 Worker 2 processing task 26 requiring operations [5, 2]
87 Worker 2 forwarding task 26
88 Generated task 44
88 Worker 2 accepting task 44
88 Worker 0 accepting task 37
88 Worker 4 accepting task 31
88 Worker 0 accepting task 26
88 Worker 1 processing task 38 requiring operations [9, 2, 5]
88 Worker 1 forwarding task 38
88 Worker 3 processing task 34 requiring operations [10, 9]
88 Worker 3 forwarding task 34
88 Worker 2 processing task 43 requiring operations [1, 9]
88 Worker 2 forwarding task 43
88 Worker 0 processing task 37 requiring operations [6, 5]
88 Worker 0 performing operation 5 on task 37
88 Worker 4 processing task 31 requiring operations [5]
88 Worker 4 forwarding task 31
89 Worker 0 accepting task 38
89 Worker 0 accepting task 34
89 Worker 1 accepting task 43
89 Worker 0 accepting task 37
89 Worker 3 accepting task 31
89 Worker 1 processing task 32 requiring operations [5, 2, 10]
89 Worker 1 forwarding task 32
89 Worker 3 processing task 42 requiring operations [10, 8]
89 Worker 3 forwarding task 42
89 Worker 2 processing task 44 requiring operations [6, 2, 1]
89 Worker 2 performing operation 6 on task 44
89 Worker 0 processing task 26 requiring operations [5, 2]
89 Worker 0 performing operation 2 on task 26
90 Generated task 45
90 Worker 0 accepting task 45
90 Worker 3 accepting task 32
90 Worker 1 accepting task 42
90 Worker 2 accepting task 44
90 Worker 0 accepting task 26
90 Worker 1 processing task 33 requiring operations [4]
90 Worker 1 performing operation 4 on task 33
90 Worker 3 processing task 30 requiring operations [7]
90 Worker 3 performing operation 7 on task 30
90 Worker 2 processing task 44 requiring operations [2, 1]
90 Worker 2 forwarding task 44
90 Worker 0 processing task 38 requiring operations [9, 2, 5]
90 Worker 0 performing operation 9 on task 38
91 Task 33 completed!
91 Task 30 completed!
91 Worker 0 accepting task 44
91 Worker 0 accepting task 38
91 Worker 1 processing task 28 requiring operations [2]
91 Worker 1 forwarding task 28
91 Worker 3 processing task 31 requiring operations [5]
91 Worker 3 forwarding task 31
91 Worker 0 processing task 34 requiring operations [10, 9]
91 Worker 0 performing operation 10 on task 34
92 Generated task 46
92 Worker 1 accepting task 46
92 Worker 3 accepting task 28
92 Worker 1 accepting task 31
92 Worker 0 accepting task 34
92 Worker 1 processing task 36 requiring operations [7, 2]
92 Worker 1 forwarding task 36
92 Worker 3 processing task 32 requiring operations [5, 2, 10]
92 Worker 3 forwarding task 32
92 Worker 0 processing task 37 requiring operations [6]
92 Worker 0 forwarding task 37
93 Worker 2 accepting task 36
93 Worker 0 accepting task 32
93 Worker 1 accepting task 37
93 Worker 1 processing task 41 requiring operations [7, 1, 4]
93 Worker 1 performing operation 1 on task 41
93 Worker 3 processing task 28 requiring operations [2]
93 Worker 3 forwarding task 28
93 Worker 0 processing task 45 requiring operations [6, 3, 10]
93 Worker 0 performing operation 10 on task 45
93 Worker 2 processing task 36 requiring operations [7, 2]
93 Worker 2 forwarding task 36
94 Generated task 47
94 Worker 1 accepting task 47
94 Worker 1 accepting task 41
94 Worker 1 accepting task 28
94 Worker 0 accepting task 45
94 Worker 0 accepting task 36
94 Worker 1 processing task 40 requiring operations [2]
94 Worker 1 forwarding task 40
94 Worker 0 processing task 26 requiring operations [5]
94 Worker 0 performing operation 5 on task 26
95 Worker 0 accepting task 40
95 Task 26 completed!
95 Worker 1 processing task 43 requiring operations [1, 9]
95 Worker 1 performing operation 1 on task 43
95 Worker 0 processing task 44 requiring operations [2, 1]
95 Worker 0 performing operation 2 on task 44
96 Generated task 48
96 Worker 0 accepting task 48
96 Worker 1 accepting task 43
96 Worker 0 accepting task 44
96 Worker 1 processing task 42 requiring operations [10, 8]
96 Worker 1 performing operation 8 on task 42
96 Worker 0 processing task 38 requiring operations [2, 5]
96 Worker 0 performing operation 2 on task 38
97 Worker 1 accepting task 42
97 Worker 0 accepting task 38
97 Worker 1 processing task 46 requiring operations [6, 5, 1]
97 Worker 1 performing operation 1 on task 46
97 Worker 0 processing task 34 requiring operations [9]
97 Worker 0 performing operation 9 on task 34
98 Generated task 49
98 Worker 3 accepting task 49
98 Worker 1 accepting task 46
98 Task 34 completed!
98 Worker 1 processing task 31 requiring operations [5]
98 Worker 1 forwarding task 31
98 Worker 0 processing task 32 requiring operations [5, 2, 10]
98 Worker 0 performing operation 2 on task 32
98 Worker 3 processing task 49 requiring operations [3, 8, 10]
98 Worker 3 performing operation 3 on task 49
99 Worker 4 accepting task 31
99 Worker 0 accepting task 32
99 Worker 3 accepting task 49
99 Worker 1 processing task 37 requiring operations [6]
99 Worker 1 forwarding task 37
99 Worker 0 processing task 45 requiring operations [6, 3]
99 Worker 0 forwarding task 45
99 Worker 3 processing task 49 requiring operations [8, 10]
99 Worker 3 forwarding task 49
99 Worker 4 processing task 31 requiring operations [5]
99 Worker 4 forwarding task 31
100 Generated task 50
100 Worker 3 accepting task 50
100 Worker 4 accepting task 37
100 Worker 2 accepting task 45
100 Worker 4 accepting task 49
100 Worker 1 accepting task 31
100 Worker 1 processing task 47 requiring operations [1, 7, 4]
100 Worker 1 performing operation 4 on task 47
100 Worker 0 processing task 36 requiring operations [7, 2]
100 Worker 0 performing operation 2 on task 36
100 Worker 3 processing task 50 requiring operations [9, 10, 8]
100 Worker 3 forwarding task 50
100 Worker 4 processing task 37 requiring operations [6]
100 Worker 4 performing operation 6 on task 37
100 Worker 2 processing task 45 requiring operations [6, 3]
100 Worker 2 performing operation 6 on task 45
101 Worker 1 accepting task 47
101 Worker 0 accepting task 36
101 Worker 0 accepting task 50
101 Task 37 completed!
101 Worker 2 accepting task 45
101 Worker 1 processing task 41 requiring operations [7, 4]
101 Worker 1 performing operation 4 on task 41
101 Worker 0 processing task 40 requiring operations [2]
101 Worker 0 performing operation 2 on task 40
101 Worker 4 processing task 49 requiring operations [8, 10]
101 Worker 4 forwarding task 49
101 Worker 2 processing task 45 requiring operations [3]
101 Worker 2 forwarding task 45
102 Generated task 51
102 Worker 0 accepting task 51
102 Worker 1 accepting task 41
102 Task 40 completed!
102 Worker 1 accepting task 49
102 Worker 0 accepting task 45
102 Worker 1 processing task 28 requiring operations [2]
102 Worker 1 forwarding task 28
102 Worker 0 processing task 48 requiring operations [1, 2, 5]
102 Worker 0 performing operation 2 on task 48
103 Worker 2 accepting task 28
103 Worker 0 accepting task 48
103 Worker 1 processing task 43 requiring operations [9]
103 Worker 1 forwarding task 43
103 Worker 0 processing task 44 requiring operations [1]
103 Worker 0 forwarding task 44
103 Worker 2 processing task 28 requiring operations [2]
103 Worker 2 forwarding task 28
104 Generated task 52
104 Worker 4 accepting task 52
104 Worker 3 accepting task 43
104 Worker 1 accepting task 44
104 Worker 0 accepting task 28
104 Worker 1 processing task 42 requiring operations [10]
104 Worker 1 forwarding task 42
104 Worker 0 processing task 38 requiring operations [5]
104 Worker 0 performing operation 5 on task 38
104 Worker 4 processing task 52 requiring operations [3, 7, 2]
104 Worker 4 forwarding task 52
104 Worker 3 processing task 43 requiring operations [9]
104 Worker 3 forwarding task 43
105 Worker 4 accepting task 42
105 Task 38 completed!
105 Worker 3 accepting task 52
105 Worker 4 accepting task 43
105 Worker 1 processing task 46 requiring operations [6, 5]
105 Worker 1 forwarding task 46
105 Worker 0 processing task 32 requiring operations [5, 10]
105 Worker 0 performing operation 10 on task 32
105 Worker 4 processing task 42 requiring operations [10]
105 Worker 4 forwarding task 42
105 Worker 3 processing task 52 requiring operations [3, 7, 2]
105 Worker 3 performing operation 3 on task 52
106 Generated task 53
106 Worker 0 accepting task 53
106 Worker 0 accepting task 46
106 Worker 0 accepting task 32
106 Worker 1 accepting task 42
106 Worker 3 accepting task 52
106 Worker 1 processing task 31 requiring operations [5]
106 Worker 1 forwarding task 31
106 Worker 0 processing task 36 requiring operations [7]
106 Worker 0 forwarding task 36
106 Worker 4 processing task 43 requiring operations [9]
106 Worker 4 forwarding task 43
106 Worker 3 processing task 52 requiring operations [7, 2]
106 Worker 3 performing operation 7 on task 52
107 Worker 0 accepting task 31
107 Worker 3 accepting task 36
107 Worker 3 accepting task 43
107 Worker 3 accepting task 52
107 Worker 1 processing task 47 requiring operations [1, 7]
107 Worker 1 performing operation 1 on task 47
107 Worker 0 processing task 50 requiring operations [9, 10, 8]
107 Worker 0 performing operation 10 on task 50
107 Worker 3 processing task 36 requiring operations [7]
107 Worker 3 performing operation 7 on task 36
108 Generated task 54
108 Worker 0 accepting task 54
108 Worker 1 accepting task 47
108 Worker 0 accepting task 50
108 Task 36 completed!
108 Worker 1 processing task 41 requiring operations [7]
108 Worker 1 forwarding task 41
108 Worker 0 processing task 51 requiring operations [10, 3, 6]
108 Worker 0 performing operation 10 on task 51
108 Worker 3 processing task 43 requiring operations [9]
108 Worker 3 forwarding task 43
109 Worker 0 accepting task 41
109 Worker 0 accepting task 51
109 Worker 1 accepting task 43
109 Worker 1 processing task 49 requiring operations [8, 10]
109 Worker 1 performing operation 8 on task 49
109 Worker 0 processing task 45 requiring operations [3]
109 Worker 0 forwarding task 45
109 Worker 3 processing task 52 requiring operations [2]
109 Worker 3 forwarding task 52
110 Generated task 55
110 Worker 0 accepting task 55
110 Worker 1 accepting task 49
110 Worker 2 accepting task 45
110 Worker 4 accepting task 52
110 Worker 1 processing task 44 requiring operations [1]
110 Worker 1 performing operation 1 on task 44
110 Worker 0 processing task 48 requiring operations [1, 5]
110 Worker 0 performing operation 5 on task 48
110 Worker 2 processing task 45 requiring operations [3]
110 Worker 2 forwarding task 45
110 Worker 4 processing task 52 requiring operations [2]
110 Worker 4 forwarding task 52
111 Task 44 completed!
111 Worker 0 accepting task 48
111 Worker 1 accepting task 45
111 Worker 3 accepting task 52
111 Worker 1 processing task 42 requiring operations [10]
111 Worker 1 forwarding task 42
111 Worker 0 processing task 28 requiring operations [2]
111 Worker 0 performing operation 2 on task 28
111 Worker 3 processing task 52 requiring operations [2]
111 Worker 3 forwarding task 52
112 Generated task 56
112 Worker 4 accepting task 56
112 Worker 4 accepting task 42
112 Task 28 completed!
112 Worker 0 accepting task 52
112 Worker 1 processing task 47 requiring operations [7]
112 Worker 1 forwarding task 47
112 Worker 0 processing task 53 requiring operations [10, 4, 5]
112 Worker 0 performing operation 10 on task 53
112 Worker 4 processing task 56 requiring operations [2, 3, 6]
112 Worker 4 performing operation 6 on task 56
113 Worker 0 accepting task 47
113 Worker 0 accepting task 53
113 Worker 4 accepting task 56
113 Worker 1 processing task 43 requiring operations [9]
113 Worker 1 forwarding task 43
113 Worker 0 processing task 46 requiring operations [6, 5]
113 Worker 0 performing operation 5 on task 46
113 Worker 4 processing task 42 requiring operations [10]
113 Worker 4 forwarding task 42
114 Generated task 57
114 Worker 3 accepting task 57
114 Worker 0 accepting task 43
114 Worker 0 accepting task 46
114 Worker 1 accepting task 42
114 Worker 1 processing task 49 requiring operations [10]
114 Worker 1 forwarding task 49
114 Worker 0 processing task 32 requiring operations [5]
114 Worker 0 performing operation 5 on task 32
114 Worker 4 processing task 56 requiring operations [2, 3]
114 Worker 4 forwarding task 56
114 Worker 3 processing task 57 requiring operations [6, 5, 9]
114 Worker 3 forwarding task 57
115 Worker 3 accepting task 49
115 Task 32 completed!
115 Worker 1 accepting task 56
115 Worker 0 accepting task 57
115 Worker 1 processing task 45 requiring operations [3]
115 Worker 1 performing operation 3 on task 45
115 Worker 0 processing task 31 requiring operations [5]
115 Worker 0 performing operation 5 on task 31
115 Worker 3 processing task 49 requiring operations [10]
115 Worker 3 forwarding task 49
116 Generated task 58
116 Worker 4 accepting task 58
116 Task 45 completed!
116 Task 31 completed!
116 Worker 1 accepting task 49
116 Worker 1 processing task 42 requiring operations [10]
116 Worker 1 forwarding task 42
116 Worker 0 processing task 54 requiring operations [4, 1, 8]
116 Worker 0 forwarding task 54
116 Worker 4 processing task 58 requiring operations [2, 10, 9]
116 Worker 4 forwarding task 58
117 Worker 0 accepting task 42
117 Worker 1 accepting task 54
117 Worker 1 accepting task 58
117 Worker 1 processing task 56 requiring operations [2, 3]
117 Worker 1 performing operation 3 on task 56
117 Worker 0 processing task 50 requiring operations [9, 8]
117 Worker 0 performing operation 9 on task 50
118 Generated task 59
118 Worker 2 accepting task 59
118 Worker 1 accepting task 56
118 Worker 0 accepting task 50
118 Worker 1 processing task 49 requiring operations [10]
118 Worker 1 forwarding task 49
118 Worker 0 processing task 41 requiring operations [7]
118 Worker 0 forwarding task 41
118 Worker 2 processing task 59 requiring operations [8, 4, 2]
118 Worker 2 forwarding task 59
119 Worker 0 accepting task 49
119 Worker 2 accepting task 41
119 Worker 1 accepting task 59
119 Worker 1 processing task 54 requiring operations [4, 1, 8]
119 Worker 1 performing operation 8 on task 54
119 Worker 0 processing task 51 requiring operations [3, 6]
119 Worker 0 forwarding task 51
119 Worker 2 processing task 41 requiring operations [7]
119 Worker 2 forwarding task 41
120 Generated task 60
120 Worker 0 accepting task 60
120 Worker 1 accepting task 54
120 Worker 3 accepting task 51
120 Worker 0 accepting task 41
120 Worker 1 processing task 58 requiring operations [2, 10, 9]
120 Worker 1 forwarding task 58
120 Worker 0 processing task 55 requiring operations [2, 9, 1]
120 Worker 0 performing operation 9 on task 55
120 Worker 3 processing task 51 requiring operations [3, 6]
120 Worker 3 performing operation 3 on task 51
121 Worker 4 accepting task 58
121 Worker 0 accepting task 55
121 Worker 3 accepting task 51
121 Worker 1 processing task 56 requiring operations [2]
121 Worker 1 forwarding task 56
121 Worker 0 processing task 48 requiring operations [1]
121 Worker 0 forwarding task 48
121 Worker 3 processing task 51 requiring operations [6]
121 Worker 3 forwarding task 51
121 Worker 4 processing task 58 requiring operations [2, 10, 9]
121 Worker 4 forwarding task 58
122 Generated task 61
122 Worker 1 accepting task 61
122 Worker 0 accepting task 56
122 Worker 3 accepting task 48
122 Worker 0 accepting task 51
122 Worker 1 accepting task 58
122 Worker 1 processing task 59 requiring operations [8, 4, 2]
122 Worker 1 performing operation 8 on task 59
122 Worker 0 processing task 52 requiring operations [2]
122 Worker 0 performing operation 2 on task 52
122 Worker 3 processing task 48 requiring operations [1]
122 Worker 3 performing operation 1 on task 48
123 Worker 1 accepting task 59
123 Task 52 completed!
123 Task 48 completed!
123 Worker 1 processing task 54 requiring operations [4, 1]
123 Worker 1 performing operation 4 on task 54
123 Worker 0 processing task 47 requiring operations [7]
123 Worker 0 forwarding task 47
124 Generated task 62
124 Worker 0 accepting task 62
124 Worker 1 accepting task 54
124 Worker 2 accepting task 47
124 Worker 1 processing task 61 requiring operations [9, 1, 10]
124 Worker 1 performing operation 1 on task 61
124 Worker 0 processing task 53 requiring operations [4, 5]
124 Worker 0 performing operation 5 on task 53
124 Worker 2 processing task 47 requiring operations [7]
124 Worker 2 forwarding task 47
125 Worker 1 accepting task 61
125 Worker 0 accepting task 53
125 Worker 0 accepting task 47
125 Worker 1 processing task 58 requiring operations [2, 10, 9]
125 Worker 1 forwarding task 58
125 Worker 0 processing task 43 requiring operations [9]
125 Worker 0 performing operation 9 on task 43
126 Generated task 63
126 Worker 0 accepting task 63
126 Worker 2 accepting task 58
126 Task 43 completed!
126 Worker 1 processing task 59 requiring operations [4, 2]
126 Worker 1 performing operation 4 on task 59
126 Worker 0 processing task 46 requiring operations [6]
126 Worker 0 forwarding task 46
126 Worker 2 processing task 58 requiring operations [2, 10, 9]
126 Worker 2 forwarding task 58
127 Worker 1 accepting task 59
127 Worker 2 accepting task 46
127 Worker 1 accepting task 58
127 Worker 1 processing task 54 requiring operations [1]
127 Worker 1 performing operation 1 on task 54
127 Worker 0 processing task 57 requiring operations [6, 5, 9]
127 Worker 0 performing operation 9 on task 57
127 Worker 2 processing task 46 requiring operations [6]
127 Worker 2 performing operation 6 on task 46
128 Generated task 64
128 Worker 2 accepting task 64
128 Task 54 completed!
128 Worker 0 accepting task 57
128 Task 46 completed!
128 Worker 1 processing task 61 requiring operations [9, 10]
128 Worker 1 forwarding task 61
128 Worker 0 processing task 42 requiring operations [10]
128 Worker 0 performing operation 10 on task 42
128 Worker 2 processing task 64 requiring operations [4, 10, 6]
128 Worker 2 performing operation 6 on task 64
129 Worker 0 accepting task 61
129 Task 42 completed!
129 Worker 2 accepting task 64
129 Worker 1 processing task 59 requiring operations [2]
129 Worker 1 forwarding task 59
129 Worker 0 processing task 50 requiring operations [8]
129 Worker 0 forwarding task 50
129 Worker 2 processing task 64 requiring operations [4, 10]
129 Worker 2 forwarding task 64
130 Generated task 65
130 Worker 1 accepting task 65
130 Worker 0 accepting task 59
130 Worker 2 accepting task 50
130 Worker 0 accepting task 64
130 Worker 1 processing task 58 requiring operations [2, 10, 9]
130 Worker 1 forwarding task 58
130 Worker 0 processing task 49 requiring operations [10]
130 Worker 0 performing operation 10 on task 49
130 Worker 2 processing task 50 requiring operations [8]
130 Worker 2 forwarding task 50
131 Worker 4 accepting task 58
131 Task 49 completed!
131 Worker 1 accepting task 50
131 Worker 1 processing task 65 requiring operations [7, 6, 4]
131 Worker 1 performing operation 4 on task 65
131 Worker 0 processing task 60 requiring operations [6, 8, 4]
131 Worker 0 forwarding task 60
131 Worker 4 processing task 58 requiring operations [2, 10, 9]
131 Worker 4 forwarding task 58
132 Generated task 66
132 Worker 4 accepting task 66
132 Worker 1 accepting task 65
132 Worker 2 accepting task 60
132 Worker 3 accepting task 58
132 Worker 1 processing task 50 requiring operations [8]
132 Worker 1 performing operation 8 on task 50
132 Worker 0 processing task 41 requiring operations [7]
132 Worker 0 forwarding task 41
132 Worker 4 processing task 66 requiring operations [2, 10, 4]
132 Worker 4 forwarding task 66
132 Worker 2 processing task 60 requiring operations [6, 8, 4]
132 Worker 2 performing operation 6 on task 60
132 Worker 3 processing task 58 requiring operations [2, 10, 9]
132 Worker 3 forwarding task 58
133 Task 50 completed!
133 Worker 2 accepting task 41
133 Worker 1 accepting task 66
133 Worker 2 accepting task 60
133 Worker 4 accepting task 58
133 Worker 1 processing task 65 requiring operations [7, 6]
133 Worker 1 forwarding task 65
133 Worker 0 processing task 55 requiring operations [2, 1]
133 Worker 0 performing operation 2 on task 55
133 Worker 2 processing task 41 requiring operations [7]
133 Worker 2 forwarding task 41
133 Worker 4 processing task 58 requiring operations [2, 10, 9]
133 Worker 4 forwarding task 58
134 Generated task 67
134 Worker 1 accepting task 67
134 Worker 2 accepting task 65
134 Worker 0 accepting task 55
134 Worker 1 accepting task 41
134 Worker 1 accepting task 58
134 Worker 1 processing task 66 requiring operations [2, 10, 4]
134 Worker 1 performing operation 4 on task 66
134 Worker 0 processing task 56 requiring operations [2]
134 Worker 0 performing operation 2 on task 56
134 Worker 2 processing task 60 requiring operations [8, 4]
134 Worker 2 forwarding task 60
135 Worker 1 accepting task 66
135 Task 56 completed!
135 Worker 0 accepting task 60
135 Worker 1 processing task 67 requiring operations [7, 8, 6]
135 Worker 1 performing operation 8 on task 67
135 Worker 0 processing task 51 requiring operations [6]
135 Worker 0 forwarding task 51
135 Worker 2 processing task 65 requiring operations [7, 6]
135 Worker 2 performing operation 6 on task 65
136 Generated task 68
136 Worker 3 accepting task 68
136 Worker 1 accepting task 67
136 Worker 3 accepting task 51
136 Worker 2 accepting task 65
136 Worker 1 processing task 41 requiring operations [7]
136 Worker 1 forwarding task 41
136 Worker 0 processing task 62 requiring operations [9, 10, 4]
136 Worker 0 performing operation 10 on task 62
136 Worker 2 processing task 65 requiring operations [7]
136 Worker 2 forwarding task 65
136 Worker 3 processing task 68 requiring operations [10, 2, 1]
136 Worker 3 performing operation 1 on task 68
137 Worker 3 accepting task 41
137 Worker 0 accepting task 62
137 Worker 0 accepting task 65
137 Worker 3 accepting task 68
137 Worker 1 processing task 58 requiring operations [2, 10, 9]
137 Worker 1 forwarding task 58
137 Worker 0 processing task 53 requiring operations [4]
137 Worker 0 forwarding task 53
137 Worker 3 processing task 51 requiring operations [6]
137 Worker 3 forwarding task 51
138 Generated task 69
138 Worker 3 accepting task 69
138 Worker 2 accepting task 58
138 Worker 1 accepting task 53
138 Worker 0 accepting task 51
138 Worker 1 processing task 66 requiring operations [2, 10]
138 Worker 1 forwarding task 66
138 Worker 0 processing task 47 requiring operations [7]
138 Worker 0 forwarding task 47
138 Worker 3 processing task 41 requiring operations [7]
138 Worker 3 performing operation 7 on task 41
138 Worker 2 processing task 58 requiring operations [2, 10, 9]
138 Worker 2 forwarding task 58
139 Worker 2 accepting task 66
139 Worker 3 accepting task 47
139 Task 41 completed!
139 Worker 0 accepting task 58
139 Worker 1 processing task 67 requiring operations [7, 6]
139 Worker 1 forwarding task 67
139 Worker 0 processing task 63 requiring operations [7, 10, 8]
139 Worker 0 performing operation 10 on task 63
139 Worker 3 processing task 68 requiring operations [10, 2]
139 Worker 3 forwarding task 68
139 Worker 2 processing task 66 requiring operations [2, 10]
139 Worker 2 forwarding task 66
140 Generated task 70
140 Worker 0 accepting task 70
140 Worker 3 accepting task 67
140 Worker 0 accepting task 63
140 Worker 4 accepting task 68
140 Worker 1 accepting task 66
140 Worker 1 processing task 53 requiring operations [4]
140 Worker 1 performing operation 4 on task 53
140 Worker 0 processing task 57 requiring operations [6, 5]
140 Worker 0 performing operation 5 on task 57
140 Worker 3 processing task 69 requiring operations [2, 10, 5]
140 Worker 3 forwarding task 69
140 Worker 4 processing task 68 requiring operations [10, 2]
140 Worker 4 forwarding task 68
