Worker 0 can perform operations {1, 2, 10}
Worker 1 can perform operations {8, 9, 5}
Worker 2 can perform operations {4, 5}
Worker 3 can perform operations {10, 7}
Worker 4 can perform operations {9, 10, 3, 6}
Building network type random
Worker 0 connecting to worker 4
Worker 4 connecting to worker 0
Worker 0 connecting to worker 3
Worker 3 connecting to worker 0
Worker 1 connecting to worker 4
Worker 4 connecting to worker 1
Worker 1 connecting to worker 3
Worker 3 connecting to worker 1
Worker 2 connecting to worker 3
Worker 3 connecting to worker 2
Worker 2 connecting to worker 0
Worker 0 connecting to worker 2
Entry nodes are [0, 1, 2, 3, 4]
0 Generated task 0
0 Worker 4 accepting task 0
0 Worker 4 processing task 0 requiring operations [6, 4, 9]
0 Worker 4 performing operation 6 on task 0
1 Worker 4 accepting task 0
1 Worker 4 processing task 0 requiring operations [4, 9]
1 Worker 4 performing operation 9 on task 0
2 Generated task 1
2 Worker 2 accepting task 1
2 Worker 4 accepting task 0
2 Worker 4 processing task 0 requiring operations [4]
2 Worker 4 forwarding task 0
2 Worker 2 processing task 1 requiring operations [9, 2, 7]
2 Worker 2 forwarding task 1
3 Worker 0 accepting task 0
3 Worker 0 accepting task 1
3 Worker 0 processing task 0 requiring operations [4]
3 Worker 0 forwarding task 0
4 Generated task 2
4 Worker 2 accepting task 2
4 Worker 2 accepting task 0
4 Worker 0 processing task 1 requiring operations [9, 2, 7]
4 Worker 0 performing operation 2 on task 1
4 Worker 2 processing task 2 requiring operations [9, 8, 2]
4 Worker 2 forwarding task 2
5 Worker 0 accepting task 1
5 Worker 0 accepting task 2
5 Worker 0 processing task 1 requiring operations [9, 7]
5 Worker 0 forwarding task 1
5 Worker 2 processing task 0 requiring operations [4]
5 Worker 2 performing operation 4 on task 0
6 Generated task 3
6 Worker 2 accepting task 3
6 Worker 2 accepting task 1
6 Task 0 completed!
6 Worker 0 processing task 2 requiring operations [9, 8, 2]
6 Worker 0 performing operation 2 on task 2
6 Worker 2 processing task 3 requiring operations [7, 3, 5]
6 Worker 2 performing operation 5 on task 3
7 Worker 0 accepting task 2
7 Worker 2 accepting task 3
7 Worker 0 processing task 2 requiring operations [9, 8]
7 Worker 0 forwarding task 2
7 Worker 2 processing task 1 requiring operations [9, 7]
7 Worker 2 forwarding task 1
8 Generated task 4
8 Worker 4 accepting task 4
8 Worker 4 accepting task 2
8 Worker 3 accepting task 1
8 Worker 2 processing task 3 requiring operations [7, 3]
8 Worker 2 forwarding task 3
8 Worker 4 processing task 4 requiring operations [2, 6, 7]
8 Worker 4 performing operation 6 on task 4
8 Worker 3 processing task 1 requiring operations [9, 7]
8 Worker 3 performing operation 7 on task 1
9 Worker 3 accepting task 3
9 Worker 4 accepting task 4
9 Worker 3 accepting task 1
9 Worker 4 processing task 2 requiring operations [9, 8]
9 Worker 4 performing operation 9 on task 2
9 Worker 3 processing task 3 requiring operations [7, 3]
9 Worker 3 performing operation 7 on task 3
10 Generated task 5
10 Worker 0 accepting task 5
10 Worker 4 accepting task 2
10 Worker 3 accepting task 3
10 Worker 4 processing task 4 requiring operations [2, 7]
10 Worker 4 forwarding task 4
10 Worker 3 processing task 1 requiring operations [9]
10 Worker 3 forwarding task 1
10 Worker 0 processing task 5 requiring operations [1, 3, 2]
10 Worker 0 performing operation 2 on task 5
11 Worker 1 accepting task 4
11 Worker 2 accepting task 1
11 Worker 0 accepting task 5
11 Worker 4 processing task 2 requiring operations [8]
11 Worker 4 forwarding task 2
11 Worker 3 processing task 3 requiring operations [3]
11 Worker 3 forwarding task 3
11 Worker 0 processing task 5 requiring operations [1, 3]
11 Worker 0 performing operation 1 on task 5
11 Worker 1 processing task 4 requiring operations [2, 7]
11 Worker 1 forwarding task 4
11 Worker 2 processing task 1 requiring operations [9]
11 Worker 2 forwarding task 1
12 Generated task 6
12 Worker 1 accepting task 6
12 Worker 0 accepting task 2
12 Worker 0 accepting task 3
12 Worker 0 accepting task 5
12 Worker 3 accepting task 4
12 Worker 3 accepting task 1
12 Worker 0 processing task 2 requiring operations [8]
12 Worker 0 forwarding task 2
12 Worker 1 processing task 6 requiring operations [5, 7, 4]
12 Worker 1 performing operation 5 on task 6
12 Worker 3 processing task 4 requiring operations [2, 7]
12 Worker 3 performing operation 7 on task 4
13 Worker 2 accepting task 2
13 Worker 1 accepting task 6
13 Worker 3 accepting task 4
13 Worker 0 processing task 3 requiring operations [3]
13 Worker 0 forwarding task 3
13 Worker 1 processing task 6 requiring operations [7, 4]
13 Worker 1 forwarding task 6
13 Worker 3 processing task 1 requiring operations [9]
13 Worker 3 forwarding task 1
13 Worker 2 processing task 2 requiring operations [8]
13 Worker 2 forwarding task 2
14 Generated task 7
14 Worker 3 accepting task 7
14 Worker 2 accepting task 3
14 Worker 3 accepting task 6
14 Worker 0 accepting task 1
14 Worker 3 accepting task 2
14 Worker 0 processing task 5 requiring operations [3]
14 Worker 0 forwarding task 5
14 Worker 3 processing task 4 requiring operations [2]
14 Worker 3 forwarding task 4
14 Worker 2 processing task 3 requiring operations [3]
14 Worker 2 forwarding task 3
15 Worker 2 accepting task 5
15 Worker 0 accepting task 4
15 Worker 3 accepting task 3
15 Worker 0 processing task 1 requiring operations [9]
15 Worker 0 forwarding task 1
15 Worker 3 processing task 7 requiring operations [1, 9, 5]
15 Worker 3 forwarding task 7
15 Worker 2 processing task 5 requiring operations [3]
15 Worker 2 forwarding task 5
16 Generated task 8
16 Worker 4 accepting task 8
16 Worker 4 accepting task 1
16 Worker 2 accepting task 7
16 Worker 3 accepting task 5
16 Worker 0 processing task 4 requiring operations [2]
16 Worker 0 performing operation 2 on task 4
16 Worker 3 processing task 6 requiring operations [7, 4]
16 Worker 3 performing operation 7 on task 6
16 Worker 2 processing task 7 requiring operations [1, 9, 5]
16 Worker 2 performing operation 5 on task 7
16 Worker 4 processing task 8 requiring operations [7, 8, 3]
16 Worker 4 performing operation 3 on task 8
17 Task 4 completed!
17 Worker 3 accepting task 6
17 Worker 2 accepting task 7
17 Worker 4 accepting task 8
17 Worker 3 processing task 2 requiring operations [8]
17 Worker 3 forwarding task 2
17 Worker 2 processing task 7 requiring operations [1, 9]
17 Worker 2 forwarding task 7
17 Worker 4 processing task 1 requiring operations [9]
17 Worker 4 performing operation 9 on task 1
18 Generated task 9
18 Worker 3 accepting task 9
18 Worker 1 accepting task 2
18 Worker 0 accepting task 7
18 Task 1 completed!
18 Worker 3 processing task 3 requiring operations [3]
18 Worker 3 forwarding task 3
18 Worker 4 processing task 8 requiring operations [7, 8]
18 Worker 4 forwarding task 8
18 Worker 1 processing task 2 requiring operations [8]
18 Worker 1 performing operation 8 on task 2
18 Worker 0 processing task 7 requiring operations [1, 9]
18 Worker 0 performing operation 1 on task 7
19 Worker 2 accepting task 3
19 Worker 0 accepting task 8
19 Task 2 completed!
19 Worker 0 accepting task 7
19 Worker 3 processing task 5 requiring operations [3]
19 Worker 3 forwarding task 5
19 Worker 0 processing task 8 requiring operations [7, 8]
19 Worker 0 forwarding task 8
19 Worker 2 processing task 3 requiring operations [3]
19 Worker 2 forwarding task 3
20 Generated task 10
20 Worker 4 accepting task 10
20 Worker 0 accepting task 5
20 Worker 3 accepting task 8
20 Worker 0 accepting task 3
20 Worker 3 processing task 6 requiring operations [4]
20 Worker 3 forwarding task 6
20 Worker 0 processing task 7 requiring operations [9]
20 Worker 0 forwarding task 7
20 Worker 4 processing task 10 requiring operations [10, 3, 8]
20 Worker 4 performing operation 10 on task 10
21 Worker 0 accepting task 6
21 Worker 3 accepting task 7
21 Worker 4 accepting task 10
21 Worker 3 processing task 9 requiring operations [8, 7, 2]
21 Worker 3 performing operation 7 on task 9
21 Worker 0 processing task 5 requiring operations [3]
21 Worker 0 forwarding task 5
21 Worker 4 processing task 10 requiring operations [3, 8]
21 Worker 4 performing operation 3 on task 10
22 Generated task 11
22 Worker 3 accepting task 11
22 Worker 3 accepting task 9
22 Worker 4 accepting task 5
22 Worker 4 accepting task 10
22 Worker 3 processing task 8 requiring operations [7, 8]
22 Worker 3 performing operation 7 on task 8
22 Worker 0 processing task 3 requiring operations [3]
22 Worker 0 forwarding task 3
22 Worker 4 processing task 5 requiring operations [3]
22 Worker 4 performing operation 3 on task 5
23 Worker 3 accepting task 8
23 Worker 4 accepting task 3
23 Task 5 completed!
23 Worker 3 processing task 7 requiring operations [9]
23 Worker 3 forwarding task 7
23 Worker 0 processing task 6 requiring operations [4]
23 Worker 0 forwarding task 6
23 Worker 4 processing task 10 requiring operations [8]
23 Worker 4 forwarding task 10
24 Generated task 12
24 Worker 3 accepting task 12
24 Worker 1 accepting task 7
24 Worker 3 accepting task 6
24 Worker 1 accepting task 10
24 Worker 3 processing task 11 requiring operations [8, 9, 4]
24 Worker 3 forwarding task 11
24 Worker 4 processing task 3 requiring operations [3]
24 Worker 4 performing operation 3 on task 3
24 Worker 1 processing task 7 requiring operations [9]
24 Worker 1 performing operation 9 on task 7
25 Worker 2 accepting task 11
25 Task 3 completed!
25 Task 7 completed!
25 Worker 3 processing task 9 requiring operations [8, 2]
25 Worker 3 forwarding task 9
25 Worker 1 processing task 10 requiring operations [8]
25 Worker 1 performing operation 8 on task 10
25 Worker 2 processing task 11 requiring operations [8, 9, 4]
25 Worker 2 performing operation 4 on task 11
26 Generated task 13
26 Worker 1 accepting task 13
26 Worker 1 accepting task 9
26 Task 10 completed!
26 Worker 2 accepting task 11
26 Worker 3 processing task 8 requiring operations [8]
26 Worker 3 forwarding task 8
26 Worker 1 processing task 13 requiring operations [1, 9, 2]
26 Worker 1 performing operation 9 on task 13
26 Worker 2 processing task 11 requiring operations [8, 9]
26 Worker 2 forwarding task 11
27 Worker 2 accepting task 8
27 Worker 1 accepting task 13
27 Worker 0 accepting task 11
27 Worker 3 processing task 12 requiring operations [6, 5, 3]
27 Worker 3 forwarding task 12
27 Worker 1 processing task 9 requiring operations [8, 2]
27 Worker 1 performing operation 8 on task 9
27 Worker 2 processing task 8 requiring operations [8]
27 Worker 2 forwarding task 8
27 Worker 0 processing task 11 requiring operations [8, 9]
27 Worker 0 forwarding task 11
28 Generated task 14
28 Worker 3 accepting task 14
28 Worker 0 accepting task 12
28 Worker 1 accepting task 9
28 Worker 3 accepting task 8
28 Worker 2 accepting task 11
28 Worker 3 processing task 6 requiring operations [4]
28 Worker 3 forwarding task 6
28 Worker 1 processing task 13 requiring operations [1, 2]
28 Worker 1 forwarding task 13
28 Worker 0 processing task 12 requiring operations [6, 5, 3]
28 Worker 0 forwarding task 12
28 Worker 2 processing task 11 requiring operations [8, 9]
28 Worker 2 forwarding task 11
29 Worker 2 accepting task 6
29 Worker 3 accepting task 13
29 Worker 4 accepting task 12
29 Worker 0 accepting task 11
29 Worker 3 processing task 14 requiring operations [7, 10, 5]
29 Worker 3 performing operation 10 on task 14
29 Worker 1 processing task 9 requiring operations [2]
29 Worker 1 forwarding task 9
29 Worker 2 processing task 6 requiring operations [4]
29 Worker 2 performing operation 4 on task 6
29 Worker 4 processing task 12 requiring operations [6, 5, 3]
29 Worker 4 performing operation 3 on task 12
29 Worker 0 processing task 11 requiring operations [8, 9]
29 Worker 0 forwarding task 11
30 Generated task 15
30 Worker 3 accepting task 15
30 Worker 3 accepting task 14
30 Worker 3 accepting task 9
30 Task 6 completed!
30 Worker 4 accepting task 12
30 Worker 2 accepting task 11
30 Worker 3 processing task 8 requiring operations [8]
30 Worker 3 forwarding task 8
30 Worker 4 processing task 12 requiring operations [6, 5]
30 Worker 4 performing operation 6 on task 12
30 Worker 2 processing task 11 requiring operations [8, 9]
30 Worker 2 forwarding task 11
31 Worker 1 accepting task 8
31 Worker 4 accepting task 12
31 Worker 3 accepting task 11
31 Worker 3 processing task 13 requiring operations [1, 2]
31 Worker 3 forwarding task 13
31 Worker 4 processing task 12 requiring operations [5]
31 Worker 4 forwarding task 12
31 Worker 1 processing task 8 requiring operations [8]
31 Worker 1 performing operation 8 on task 8
32 Generated task 16
32 Worker 3 accepting task 16
32 Worker 2 accepting task 13
32 Worker 1 accepting task 12
32 Task 8 completed!
32 Worker 3 processing task 15 requiring operations [3, 6, 4]
32 Worker 3 forwarding task 15
32 Worker 1 processing task 12 requiring operations [5]
32 Worker 1 performing operation 5 on task 12
32 Worker 2 processing task 13 requiring operations [1, 2]
32 Worker 2 forwarding task 13
33 Worker 0 accepting task 15
33 Task 12 completed!
33 Worker 0 accepting task 13
33 Worker 3 processing task 14 requiring operations [7, 5]
33 Worker 3 performing operation 7 on task 14
33 Worker 0 processing task 15 requiring operations [3, 6, 4]
33 Worker 0 forwarding task 15
34 Generated task 17
34 Worker 3 accepting task 17
34 Worker 3 accepting task 14
34 Worker 2 accepting task 15
34 Worker 3 processing task 9 requiring operations [2]
34 Worker 3 forwarding task 9
34 Worker 0 processing task 13 requiring operations [1, 2]
34 Worker 0 performing operation 2 on task 13
34 Worker 2 processing task 15 requiring operations [3, 6, 4]
34 Worker 2 performing operation 4 on task 15
35 Worker 2 accepting task 9
35 Worker 0 accepting task 13
35 Worker 2 accepting task 15
35 Worker 3 processing task 11 requiring operations [8, 9]
35 Worker 3 forwarding task 11
35 Worker 0 processing task 13 requiring operations [1]
35 Worker 0 performing operation 1 on task 13
35 Worker 2 processing task 9 requiring operations [2]
35 Worker 2 forwarding task 9
36 Generated task 18
36 Worker 0 accepting task 18
36 Worker 2 accepting task 11
36 Task 13 completed!
36 Worker 0 accepting task 9
36 Worker 3 processing task 16 requiring operations [6, 3, 1]
36 Worker 3 forwarding task 16
36 Worker 0 processing task 18 requiring operations [10, 7, 4]
36 Worker 0 performing operation 10 on task 18
36 Worker 2 processing task 15 requiring operations [3, 6]
36 Worker 2 forwarding task 15
37 Worker 2 accepting task 16
37 Worker 0 accepting task 18
37 Worker 3 accepting task 15
37 Worker 3 processing task 17 requiring operations [9, 1, 6]
37 Worker 3 forwarding task 17
37 Worker 0 processing task 9 requiring operations [2]
37 Worker 0 performing operation 2 on task 9
37 Worker 2 processing task 11 requiring operations [8, 9]
37 Worker 2 forwarding task 11
38 Generated task 19
38 Worker 1 accepting task 19
38 Worker 0 accepting task 17
38 Task 9 completed!
38 Worker 0 accepting task 11
38 Worker 3 processing task 14 requiring operations [5]
38 Worker 3 forwarding task 14
38 Worker 0 processing task 18 requiring operations [7, 4]
38 Worker 0 forwarding task 18
38 Worker 2 processing task 16 requiring operations [6, 3, 1]
38 Worker 2 forwarding task 16
38 Worker 1 processing task 19 requiring operations [7, 1, 5]
38 Worker 1 performing operation 5 on task 19
39 Worker 0 accepting task 14
39 Worker 2 accepting task 18
39 Worker 0 accepting task 16
39 Worker 1 accepting task 19
39 Worker 3 processing task 15 requiring operations [3, 6]
39 Worker 3 forwarding task 15
39 Worker 0 processing task 17 requiring operations [9, 1, 6]
39 Worker 0 performing operation 1 on task 17
39 Worker 2 processing task 18 requiring operations [7, 4]
39 Worker 2 performing operation 4 on task 18
39 Worker 1 processing task 19 requiring operations [7, 1]
39 Worker 1 forwarding task 19
40 Generated task 20
40 Worker 3 accepting task 20
40 Worker 0 accepting task 15
40 Worker 0 accepting task 17
40 Worker 2 accepting task 18
40 Worker 3 accepting task 19
40 Worker 3 processing task 20 requiring operations [3, 7, 5]
40 Worker 3 performing operation 7 on task 20
40 Worker 0 processing task 11 requiring operations [8, 9]
40 Worker 0 forwarding task 11
40 Worker 2 processing task 18 requiring operations [7]
40 Worker 2 forwarding task 18
41 Worker 3 accepting task 20
41 Worker 3 accepting task 11
41 Worker 0 accepting task 18
41 Worker 3 processing task 19 requiring operations [7, 1]
41 Worker 3 performing operation 7 on task 19
41 Worker 0 processing task 14 requiring operations [5]
41 Worker 0 forwarding task 14
42 Generated task 21
42 Worker 3 accepting task 21
42 Worker 3 accepting task 19
42 Worker 4 accepting task 14
42 Worker 3 processing task 20 requiring operations [3, 5]
42 Worker 3 forwarding task 20
42 Worker 0 processing task 16 requiring operations [6, 3, 1]
42 Worker 0 performing operation 1 on task 16
42 Worker 4 processing task 14 requiring operations [5]
42 Worker 4 forwarding task 14
43 Worker 2 accepting task 20
43 Worker 0 accepting task 16
43 Worker 1 accepting task 14
43 Worker 3 processing task 11 requiring operations [8, 9]
43 Worker 3 forwarding task 11
43 Worker 0 processing task 15 requiring operations [3, 6]
43 Worker 0 forwarding task 15
43 Worker 2 processing task 20 requiring operations [3, 5]
43 Worker 2 performing operation 5 on task 20
43 Worker 1 processing task 14 requiring operations [5]
43 Worker 1 performing operation 5 on task 14
44 Generated task 22
44 Worker 1 accepting task 22
44 Worker 1 accepting task 11
44 Worker 3 accepting task 15
44 Worker 2 accepting task 20
44 Task 14 completed!
44 Worker 3 processing task 21 requiring operations [4, 7, 5]
44 Worker 3 performing operation 7 on task 21
44 Worker 0 processing task 17 requiring operations [9, 6]
44 Worker 0 forwarding task 17
44 Worker 2 processing task 20 requiring operations [3]
44 Worker 2 forwarding task 20
44 Worker 1 processing task 22 requiring operations [2, 3, 10]
44 Worker 1 forwarding task 22
45 Worker 3 accepting task 21
45 Worker 2 accepting task 17
45 Worker 0 accepting task 20
45 Worker 4 accepting task 22
45 Worker 3 processing task 19 requiring operations [1]
45 Worker 3 forwarding task 19
45 Worker 0 processing task 18 requiring operations [7]
45 Worker 0 forwarding task 18
45 Worker 2 processing task 17 requiring operations [9, 6]
45 Worker 2 forwarding task 17
45 Worker 1 processing task 11 requiring operations [8, 9]
45 Worker 1 performing operation 8 on task 11
45 Worker 4 processing task 22 requiring operations [2, 3, 10]
45 Worker 4 performing operation 3 on task 22
46 Generated task 23
46 Worker 0 accepting task 23
46 Worker 1 accepting task 19
46 Worker 4 accepting task 18
46 Worker 0 accepting task 17
46 Worker 1 accepting task 11
46 Worker 4 accepting task 22
46 Worker 3 processing task 15 requiring operations [3, 6]
46 Worker 3 forwarding task 15
46 Worker 0 processing task 16 requiring operations [6, 3]
46 Worker 0 forwarding task 16
46 Worker 1 processing task 19 requiring operations [1]
46 Worker 1 forwarding task 19
46 Worker 4 processing task 18 requiring operations [7]
46 Worker 4 forwarding task 18
47 Worker 0 accepting task 15
47 Worker 3 accepting task 16
47 Worker 3 accepting task 19
47 Worker 1 accepting task 18
47 Worker 3 processing task 21 requiring operations [4, 5]
47 Worker 3 forwarding task 21
47 Worker 0 processing task 20 requiring operations [3]
47 Worker 0 forwarding task 20
47 Worker 1 processing task 11 requiring operations [9]
47 Worker 1 performing operation 9 on task 11
47 Worker 4 processing task 22 requiring operations [2, 10]
47 Worker 4 performing operation 10 on task 22
48 Generated task 24
48 Worker 4 accepting task 24
48 Worker 2 accepting task 21
48 Worker 2 accepting task 20
48 Task 11 completed!
48 Worker 4 accepting task 22
48 Worker 3 processing task 16 requiring operations [6, 3]
48 Worker 3 forwarding task 16
48 Worker 0 processing task 23 requiring operations [1, 8, 4]
48 Worker 0 performing operation 1 on task 23
48 Worker 1 processing task 18 requiring operations [7]
48 Worker 1 forwarding task 18
48 Worker 4 processing task 24 requiring operations [5, 9, 4]
48 Worker 4 performing operation 9 on task 24
48 Worker 2 processing task 21 requiring operations [4, 5]
48 Worker 2 performing operation 5 on task 21
49 Worker 1 accepting task 16
49 Worker 0 accepting task 23
49 Worker 4 accepting task 18
49 Worker 4 accepting task 24
49 Worker 2 accepting task 21
49 Worker 3 processing task 19 requiring operations [1]
49 Worker 3 forwarding task 19
49 Worker 0 processing task 17 requiring operations [9, 6]
49 Worker 0 forwarding task 17
49 Worker 1 processing task 16 requiring operations [6, 3]
49 Worker 1 forwarding task 16
49 Worker 4 processing task 22 requiring operations [2]
49 Worker 4 forwarding task 22
49 Worker 2 processing task 20 requiring operations [3]
49 Worker 2 forwarding task 20
50 Generated task 25
50 Worker 1 accepting task 25
50 Worker 2 accepting task 19
50 Worker 2 accepting task 17
50 Worker 3 accepting task 16
50 Worker 1 accepting task 22
50 Worker 3 accepting task 20
50 Worker 0 processing task 15 requiring operations [3, 6]
50 Worker 0 forwarding task 15
50 Worker 1 processing task 25 requiring operations [2, 9, 1]
50 Worker 1 performing operation 9 on task 25
50 Worker 4 processing task 18 requiring operations [7]
50 Worker 4 forwarding task 18
50 Worker 2 processing task 21 requiring operations [4]
50 Worker 2 performing operation 4 on task 21
50 Worker 3 processing task 16 requiring operations [6, 3]
50 Worker 3 forwarding task 16
51 Worker 3 accepting task 15
51 Worker 1 accepting task 25
51 Worker 0 accepting task 18
51 Task 21 completed!
51 Worker 0 accepting task 16
51 Worker 0 processing task 23 requiring operations [8, 4]
51 Worker 0 forwarding task 23
51 Worker 1 processing task 22 requiring operations [2]
51 Worker 1 forwarding task 22
51 Worker 4 processing task 24 requiring operations [5, 4]
51 Worker 4 forwarding task 24
51 Worker 2 processing task 19 requiring operations [1]
51 Worker 2 forwarding task 19
51 Worker 3 processing task 20 requiring operations [3]
51 Worker 3 forwarding task 20
52 Generated task 26
52 Worker 2 accepting task 26
52 Worker 3 accepting task 23
52 Worker 4 accepting task 22
52 Worker 1 accepting task 24
52 Worker 3 accepting task 19
52 Worker 2 accepting task 20
52 Worker 0 processing task 18 requiring operations [7]
52 Worker 0 forwarding task 18
52 Worker 1 processing task 25 requiring operations [2, 1]
52 Worker 1 forwarding task 25
52 Worker 4 processing task 22 requiring operations [2]
52 Worker 4 forwarding task 22
52 Worker 2 processing task 17 requiring operations [9, 6]
52 Worker 2 forwarding task 17
52 Worker 3 processing task 15 requiring operations [3, 6]
52 Worker 3 forwarding task 15
53 Worker 2 accepting task 18
53 Worker 4 accepting task 25
53 Worker 0 accepting task 22
53 Worker 3 accepting task 17
53 Worker 1 accepting task 15
53 Worker 0 processing task 16 requiring operations [6, 3]
53 Worker 0 forwarding task 16
53 Worker 1 processing task 24 requiring operations [5, 4]
53 Worker 1 performing operation 5 on task 24
53 Worker 4 processing task 25 requiring operations [2, 1]
53 Worker 4 forwarding task 25
53 Worker 2 processing task 26 requiring operations [3, 10, 9]
53 Worker 2 forwarding task 26
53 Worker 3 processing task 23 requiring operations [8, 4]
53 Worker 3 forwarding task 23
54 Generated task 27
54 Worker 2 accepting task 27
54 Worker 2 accepting task 16
54 Worker 1 accepting task 24
54 Worker 0 accepting task 25
54 Worker 3 accepting task 26
54 Worker 2 accepting task 23
54 Worker 0 processing task 22 requiring operations [2]
54 Worker 0 performing operation 2 on task 22
54 Worker 1 processing task 15 requiring operations [3, 6]
54 Worker 1 forwarding task 15
54 Worker 2 processing task 20 requiring operations [3]
54 Worker 2 forwarding task 20
54 Worker 3 processing task 19 requiring operations [1]
54 Worker 3 forwarding task 19
55 Task 22 completed!
55 Worker 3 accepting task 15
55 Worker 0 accepting task 20
55 Worker 1 accepting task 19
55 Worker 0 processing task 25 requiring operations [2, 1]
55 Worker 0 performing operation 1 on task 25
55 Worker 1 processing task 24 requiring operations [4]
55 Worker 1 forwarding task 24
55 Worker 2 processing task 18 requiring operations [7]
55 Worker 2 forwarding task 18
55 Worker 3 processing task 17 requiring operations [9, 6]
55 Worker 3 forwarding task 17
56 Generated task 28
56 Worker 0 accepting task 28
56 Worker 0 accepting task 25
56 Worker 3 accepting task 24
56 Worker 3 accepting task 18
56 Worker 0 accepting task 17
56 Worker 0 processing task 20 requiring operations [3]
56 Worker 0 forwarding task 20
56 Worker 1 processing task 19 requiring operations [1]
56 Worker 1 forwarding task 19
56 Worker 2 processing task 27 requiring operations [3, 6, 5]
56 Worker 2 performing operation 5 on task 27
56 Worker 3 processing task 26 requiring operations [3, 10, 9]
56 Worker 3 performing operation 10 on task 26
57 Worker 4 accepting task 20
57 Worker 3 accepting task 19
57 Worker 2 accepting task 27
57 Worker 3 accepting task 26
57 Worker 0 processing task 28 requiring operations [8, 6, 5]
57 Worker 0 forwarding task 28
57 Worker 2 processing task 16 requiring operations [6, 3]
57 Worker 2 forwarding task 16
57 Worker 3 processing task 15 requiring operations [3, 6]
57 Worker 3 forwarding task 15
57 Worker 4 processing task 20 requiring operations [3]
57 Worker 4 performing operation 3 on task 20
58 Generated task 29
58 Worker 1 accepting task 29
58 Worker 3 accepting task 28
58 Worker 3 accepting task 16
58 Worker 0 accepting task 15
58 Task 20 completed!
58 Worker 0 processing task 25 requiring operations [2]
58 Worker 0 performing operation 2 on task 25
58 Worker 2 processing task 23 requiring operations [8, 4]
58 Worker 2 performing operation 4 on task 23
58 Worker 3 processing task 24 requiring operations [4]
58 Worker 3 forwarding task 24
58 Worker 1 processing task 29 requiring operations [10, 8, 4]
58 Worker 1 performing operation 8 on task 29
59 Task 25 completed!
59 Worker 2 accepting task 23
59 Worker 1 accepting task 24
59 Worker 1 accepting task 29
59 Worker 0 processing task 17 requiring operations [9, 6]
59 Worker 0 forwarding task 17
59 Worker 2 processing task 27 requiring operations [3, 6]
59 Worker 2 forwarding task 27
59 Worker 3 processing task 18 requiring operations [7]
59 Worker 3 performing operation 7 on task 18
59 Worker 1 processing task 24 requiring operations [4]
59 Worker 1 forwarding task 24
60 Generated task 30
60 Worker 2 accepting task 30
60 Worker 4 accepting task 17
60 Worker 3 accepting task 27
60 Task 18 completed!
60 Worker 3 accepting task 24
60 Worker 0 processing task 15 requiring operations [3, 6]
60 Worker 0 forwarding task 15
60 Worker 2 processing task 23 requiring operations [8]
60 Worker 2 forwarding task 23
60 Worker 3 processing task 19 requiring operations [1]
60 Worker 3 forwarding task 19
60 Worker 1 processing task 29 requiring operations [10, 4]
60 Worker 1 forwarding task 29
60 Worker 4 processing task 17 requiring operations [9, 6]
60 Worker 4 performing operation 9 on task 17
61 Worker 4 accepting task 15
61 Worker 0 accepting task 23
61 Worker 1 accepting task 19
61 Worker 3 accepting task 29
61 Worker 4 accepting task 17
61 Worker 2 processing task 30 requiring operations [2, 10, 7]
61 Worker 2 forwarding task 30
61 Worker 3 processing task 26 requiring operations [3, 9]
61 Worker 3 forwarding task 26
61 Worker 1 processing task 19 requiring operations [1]
61 Worker 1 forwarding task 19
61 Worker 4 processing task 15 requiring operations [3, 6]
61 Worker 4 performing operation 6 on task 15
61 Worker 0 processing task 23 requiring operations [8]
61 Worker 0 forwarding task 23
62 Generated task 31
62 Worker 0 accepting task 31
62 Worker 3 accepting task 30
62 Worker 0 accepting task 26
62 Worker 4 accepting task 19
62 Worker 4 accepting task 15
62 Worker 2 accepting task 23
62 Worker 3 processing task 28 requiring operations [8, 6, 5]
62 Worker 3 forwarding task 28
62 Worker 4 processing task 17 requiring operations [6]
62 Worker 4 performing operation 6 on task 17
62 Worker 0 processing task 31 requiring operations [8, 4, 10]
62 Worker 0 performing operation 10 on task 31
62 Worker 2 processing task 23 requiring operations [8]
62 Worker 2 forwarding task 23
63 Worker 2 accepting task 28
63 Task 17 completed!
63 Worker 0 accepting task 31
63 Worker 0 accepting task 23
63 Worker 3 processing task 16 requiring operations [6, 3]
63 Worker 3 forwarding task 16
63 Worker 4 processing task 19 requiring operations [1]
63 Worker 4 forwarding task 19
63 Worker 0 processing task 26 requiring operations [3, 9]
63 Worker 0 forwarding task 26
63 Worker 2 processing task 28 requiring operations [8, 6, 5]
63 Worker 2 performing operation 5 on task 28
64 Generated task 32
64 Worker 4 accepting task 32
64 Worker 1 accepting task 16
64 Worker 1 accepting task 19
64 Worker 4 accepting task 26
64 Worker 2 accepting task 28
64 Worker 3 processing task 27 requiring operations [3, 6]
64 Worker 3 forwarding task 27
64 Worker 4 processing task 15 requiring operations [3]
64 Worker 4 performing operation 3 on task 15
64 Worker 0 processing task 31 requiring operations [8, 4]
64 Worker 0 forwarding task 31
64 Worker 2 processing task 28 requiring operations [8, 6]
64 Worker 2 forwarding task 28
64 Worker 1 processing task 16 requiring operations [6, 3]
64 Worker 1 forwarding task 16
65 Worker 2 accepting task 27
65 Task 15 completed!
65 Worker 3 accepting task 31
65 Worker 3 accepting task 28
65 Worker 3 accepting task 16
65 Worker 3 processing task 24 requiring operations [4]
65 Worker 3 forwarding task 24
65 Worker 4 processing task 32 requiring operations [9, 6, 7]
65 Worker 4 performing operation 6 on task 32
65 Worker 0 processing task 23 requiring operations [8]
65 Worker 0 forwarding task 23
65 Worker 2 processing task 27 requiring operations [3, 6]
65 Worker 2 forwarding task 27
65 Worker 1 processing task 19 requiring operations [1]
65 Worker 1 forwarding task 19
66 Generated task 33
66 Worker 2 accepting task 33
66 Worker 0 accepting task 24
66 Worker 4 accepting task 32
66 Worker 4 accepting task 23
66 Worker 0 accepting task 27
66 Worker 3 accepting task 19
66 Worker 3 processing task 29 requiring operations [10, 4]
66 Worker 3 performing operation 10 on task 29
66 Worker 4 processing task 26 requiring operations [3, 9]
66 Worker 4 performing operation 9 on task 26
66 Worker 0 processing task 24 requiring operations [4]
66 Worker 0 forwarding task 24
66 Worker 2 processing task 33 requiring operations [10, 5, 2]
66 Worker 2 performing operation 5 on task 33
67 Worker 3 accepting task 29
67 Worker 4 accepting task 26
67 Worker 2 accepting task 24
67 Worker 2 accepting task 33
67 Worker 3 processing task 30 requiring operations [2, 10, 7]
67 Worker 3 performing operation 10 on task 30
67 Worker 4 processing task 32 requiring operations [9, 7]
67 Worker 4 performing operation 9 on task 32
67 Worker 0 processing task 27 requiring operations [3, 6]
67 Worker 0 forwarding task 27
67 Worker 2 processing task 24 requiring operations [4]
67 Worker 2 performing operation 4 on task 24
68 Generated task 34
68 Worker 3 accepting task 34
68 Worker 3 accepting task 30
68 Worker 4 accepting task 32
68 Worker 2 accepting task 27
68 Task 24 completed!
68 Worker 3 processing task 31 requiring operations [8, 4]
68 Worker 3 forwarding task 31
68 Worker 4 processing task 23 requiring operations [8]
68 Worker 4 forwarding task 23
68 Worker 2 processing task 33 requiring operations [10, 2]
68 Worker 2 forwarding task 33
69 Worker 1 accepting task 31
69 Worker 1 accepting task 23
69 Worker 3 accepting task 33
69 Worker 3 processing task 28 requiring operations [8, 6]
69 Worker 3 forwarding task 28
69 Worker 4 processing task 26 requiring operations [3]
69 Worker 4 performing operation 3 on task 26
69 Worker 2 processing task 27 requiring operations [3, 6]
69 Worker 2 forwarding task 27
69 Worker 1 processing task 31 requiring operations [8, 4]
69 Worker 1 performing operation 8 on task 31
70 Generated task 35
70 Worker 1 accepting task 35
70 Worker 1 accepting task 28
70 Task 26 completed!
70 Worker 3 accepting task 27
70 Worker 1 accepting task 31
70 Worker 3 processing task 16 requiring operations [6, 3]
70 Worker 3 forwarding task 16
70 Worker 4 processing task 32 requiring operations [7]
70 Worker 4 forwarding task 32
70 Worker 1 processing task 23 requiring operations [8]
70 Worker 1 performing operation 8 on task 23
71 Worker 1 accepting task 16
71 Worker 1 accepting task 32
71 Task 23 completed!
71 Worker 3 processing task 19 requiring operations [1]
71 Worker 3 forwarding task 19
71 Worker 1 processing task 35 requiring operations [6, 8, 10]
71 Worker 1 performing operation 8 on task 35
72 Generated task 36
72 Worker 4 accepting task 36
72 Worker 1 accepting task 19
72 Worker 1 accepting task 35
72 Worker 3 processing task 29 requiring operations [4]
72 Worker 3 forwarding task 29
72 Worker 1 processing task 28 requiring operations [8, 6]
72 Worker 1 performing operation 8 on task 28
72 Worker 4 processing task 36 requiring operations [8, 2, 7]
72 Worker 4 forwarding task 36
73 Worker 1 accepting task 29
73 Worker 1 accepting task 28
73 Worker 1 accepting task 36
73 Worker 3 processing task 34 requiring operations [10, 2, 8]
73 Worker 3 performing operation 10 on task 34
73 Worker 1 processing task 31 requiring operations [4]
73 Worker 1 forwarding task 31
74 Generated task 37
74 Worker 3 accepting task 37
74 Worker 3 accepting task 34
74 Worker 4 accepting task 31
74 Worker 3 processing task 30 requiring operations [2, 7]
74 Worker 3 performing operation 7 on task 30
74 Worker 1 processing task 16 requiring operations [6, 3]
74 Worker 1 forwarding task 16
74 Worker 4 processing task 31 requiring operations [4]
74 Worker 4 forwarding task 31
75 Worker 3 accepting task 30
75 Worker 4 accepting task 16
75 Worker 1 accepting task 31
75 Worker 3 processing task 33 requiring operations [10, 2]
75 Worker 3 performing operation 10 on task 33
75 Worker 1 processing task 32 requiring operations [7]
75 Worker 1 forwarding task 32
75 Worker 4 processing task 16 requiring operations [6, 3]
75 Worker 4 performing operation 3 on task 16
76 Generated task 38
76 Worker 1 accepting task 38
76 Worker 3 accepting task 33
76 Worker 3 accepting task 32
76 Worker 4 accepting task 16
76 Worker 3 processing task 27 requiring operations [3, 6]
76 Worker 3 forwarding task 27
76 Worker 1 processing task 19 requiring operations [1]
76 Worker 1 forwarding task 19
76 Worker 4 processing task 16 requiring operations [6]
76 Worker 4 performing operation 6 on task 16
77 Worker 2 accepting task 27
77 Worker 4 accepting task 19
77 Task 16 completed!
77 Worker 3 processing task 37 requiring operations [2, 6, 7]
77 Worker 3 performing operation 7 on task 37
77 Worker 1 processing task 35 requiring operations [6, 10]
77 Worker 1 forwarding task 35
77 Worker 4 processing task 19 requiring operations [1]
77 Worker 4 forwarding task 19
77 Worker 2 processing task 27 requiring operations [3, 6]
77 Worker 2 forwarding task 27
78 Generated task 39
78 Worker 4 accepting task 39
78 Worker 3 accepting task 37
78 Worker 4 accepting task 35
78 Worker 0 accepting task 19
78 Worker 0 accepting task 27
78 Worker 3 processing task 34 requiring operations [2, 8]
78 Worker 3 forwarding task 34
78 Worker 1 processing task 29 requiring operations [4]
78 Worker 1 forwarding task 29
78 Worker 4 processing task 39 requiring operations [8, 5, 7]
78 Worker 4 forwarding task 39
78 Worker 0 processing task 19 requiring operations [1]
78 Worker 0 performing operation 1 on task 19
79 Worker 2 accepting task 34
79 Worker 3 accepting task 29
79 Worker 0 accepting task 39
79 Task 19 completed!
79 Worker 3 processing task 30 requiring operations [2]
79 Worker 3 forwarding task 30
79 Worker 1 processing task 28 requiring operations [6]
79 Worker 1 forwarding task 28
79 Worker 4 processing task 35 requiring operations [6, 10]
79 Worker 4 performing operation 6 on task 35
79 Worker 0 processing task 27 requiring operations [3, 6]
79 Worker 0 forwarding task 27
79 Worker 2 processing task 34 requiring operations [2, 8]
79 Worker 2 forwarding task 34
80 Generated task 40
80 Worker 3 accepting task 40
80 Worker 1 accepting task 30
80 Worker 4 accepting task 28
80 Worker 4 accepting task 35
80 Worker 2 accepting task 27
80 Worker 0 accepting task 34
80 Worker 3 processing task 33 requiring operations [2]
80 Worker 3 forwarding task 33
80 Worker 1 processing task 36 requiring operations [8, 2, 7]
80 Worker 1 performing operation 8 on task 36
80 Worker 4 processing task 28 requiring operations [6]
80 Worker 4 performing operation 6 on task 28
80 Worker 0 processing task 39 requiring operations [8, 5, 7]
80 Worker 0 forwarding task 39
80 Worker 2 processing task 27 requiring operations [3, 6]
80 Worker 2 forwarding task 27
81 Worker 0 accepting task 33
81 Worker 1 accepting task 36
81 Task 28 completed!
81 Worker 3 accepting task 39
81 Worker 3 accepting task 27
81 Worker 3 processing task 32 requiring operations [7]
81 Worker 3 performing operation 7 on task 32
81 Worker 1 processing task 31 requiring operations [4]
81 Worker 1 forwarding task 31
81 Worker 4 processing task 35 requiring operations [10]
81 Worker 4 performing operation 10 on task 35
81 Worker 0 processing task 34 requiring operations [2, 8]
81 Worker 0 performing operation 2 on task 34
82 Generated task 41
82 Worker 0 accepting task 41
82 Task 32 completed!
82 Worker 3 accepting task 31
82 Task 35 completed!
82 Worker 0 accepting task 34
82 Worker 3 processing task 37 requiring operations [2, 6]
82 Worker 3 forwarding task 37
82 Worker 1 processing task 38 requiring operations [3, 2, 10]
82 Worker 1 forwarding task 38
82 Worker 0 processing task 33 requiring operations [2]
82 Worker 0 performing operation 2 on task 33
83 Worker 1 accepting task 37
83 Worker 3 accepting task 38
83 Task 33 completed!
83 Worker 3 processing task 29 requiring operations [4]
83 Worker 3 forwarding task 29
83 Worker 1 processing task 30 requiring operations [2]
83 Worker 1 forwarding task 30
83 Worker 0 processing task 41 requiring operations [10, 1, 5]
83 Worker 0 performing operation 1 on task 41
84 Generated task 42
84 Worker 4 accepting task 42
84 Worker 0 accepting task 29
84 Worker 3 accepting task 30
84 Worker 0 accepting task 41
84 Worker 3 processing task 40 requiring operations [10, 5, 4]
84 Worker 3 performing operation 10 on task 40
84 Worker 1 processing task 36 requiring operations [2, 7]
84 Worker 1 forwarding task 36
84 Worker 0 processing task 34 requiring operations [8]
84 Worker 0 forwarding task 34
84 Worker 4 processing task 42 requiring operations [1, 7, 6]
84 Worker 4 performing operation 6 on task 42
85 Worker 3 accepting task 40
85 Worker 4 accepting task 36
85 Worker 3 accepting task 34
85 Worker 4 accepting task 42
85 Worker 3 processing task 39 requiring operations [8, 5, 7]
85 Worker 3 performing operation 7 on task 39
85 Worker 1 processing task 37 requiring operations [2, 6]
85 Worker 1 forwarding task 37
85 Worker 0 processing task 29 requiring operations [4]
85 Worker 0 forwarding task 29
85 Worker 4 processing task 36 requiring operations [2, 7]
85 Worker 4 forwarding task 36
86 Generated task 43
86 Worker 2 accepting task 43
86 Worker 3 accepting task 39
86 Worker 3 accepting task 37
86 Worker 2 accepting task 29
86 Worker 1 accepting task 36
86 Worker 3 processing task 27 requiring operations [3, 6]
86 Worker 3 forwarding task 27
86 Worker 0 processing task 41 requiring operations [10, 5]
86 Worker 0 performing operation 10 on task 41
86 Worker 4 processing task 42 requiring operations [1, 7]
86 Worker 4 forwarding task 42
86 Worker 2 processing task 43 requiring operations [1, 9, 4]
86 Worker 2 performing operation 4 on task 43
86 Worker 1 processing task 36 requiring operations [2, 7]
86 Worker 1 forwarding task 36
87 Worker 0 accepting task 27
87 Worker 0 accepting task 41
87 Worker 0 accepting task 42
87 Worker 2 accepting task 43
87 Worker 3 accepting task 36
87 Worker 3 processing task 31 requiring operations [4]
87 Worker 3 forwarding task 31
87 Worker 0 processing task 27 requiring operations [3, 6]
87 Worker 0 forwarding task 27
87 Worker 2 processing task 29 requiring operations [4]
87 Worker 2 performing operation 4 on task 29
88 Generated task 44
88 Worker 0 accepting task 44
88 Worker 2 accepting task 31
88 Worker 3 accepting task 27
88 Task 29 completed!
88 Worker 3 processing task 38 requiring operations [3, 2, 10]
88 Worker 3 performing operation 10 on task 38
88 Worker 0 processing task 41 requiring operations [5]
88 Worker 0 forwarding task 41
88 Worker 2 processing task 43 requiring operations [1, 9]
88 Worker 2 forwarding task 43
89 Worker 3 accepting task 38
89 Worker 4 accepting task 41
89 Worker 3 accepting task 43
89 Worker 3 processing task 30 requiring operations [2]
89 Worker 3 forwarding task 30
89 Worker 0 processing task 42 requiring operations [1, 7]
89 Worker 0 performing operation 1 on task 42
89 Worker 2 processing task 31 requiring operations [4]
89 Worker 2 performing operation 4 on task 31
89 Worker 4 processing task 41 requiring operations [5]
89 Worker 4 forwarding task 41
90 Generated task 45
90 Worker 0 accepting task 45
90 Worker 1 accepting task 30
90 Worker 0 accepting task 42
90 Task 31 completed!
90 Worker 0 accepting task 41
90 Worker 3 processing task 40 requiring operations [5, 4]
90 Worker 3 forwarding task 40
90 Worker 0 processing task 44 requiring operations [3, 10, 7]
90 Worker 0 performing operation 10 on task 44
90 Worker 1 processing task 30 requiring operations [2]
90 Worker 1 forwarding task 30
91 Worker 1 accepting task 40
91 Worker 0 accepting task 44
91 Worker 3 accepting task 30
91 Worker 3 processing task 34 requiring operations [8]
91 Worker 3 forwarding task 34
91 Worker 0 processing task 45 requiring operations [8, 9, 1]
91 Worker 0 performing operation 1 on task 45
91 Worker 1 processing task 40 requiring operations [5, 4]
91 Worker 1 performing operation 5 on task 40
92 Generated task 46
92 Worker 2 accepting task 46
92 Worker 1 accepting task 34
92 Worker 0 accepting task 45
92 Worker 1 accepting task 40
92 Worker 3 processing task 39 requiring operations [8, 5]
92 Worker 3 forwarding task 39
92 Worker 0 processing task 42 requiring operations [7]
92 Worker 0 forwarding task 42
92 Worker 1 processing task 34 requiring operations [8]
92 Worker 1 performing operation 8 on task 34
92 Worker 2 processing task 46 requiring operations [5, 7, 2]
92 Worker 2 performing operation 5 on task 46
93 Worker 1 accepting task 39
93 Worker 4 accepting task 42
93 Task 34 completed!
93 Worker 2 accepting task 46
93 Worker 3 processing task 37 requiring operations [2, 6]
93 Worker 3 forwarding task 37
93 Worker 0 processing task 41 requiring operations [5]
93 Worker 0 forwarding task 41
93 Worker 1 processing task 40 requiring operations [4]
93 Worker 1 forwarding task 40
93 Worker 2 processing task 46 requiring operations [7, 2]
93 Worker 2 forwarding task 46
93 Worker 4 processing task 42 requiring operations [7]
93 Worker 4 forwarding task 42
94 Generated task 47
94 Worker 3 accepting task 47
94 Worker 0 accepting task 37
94 Worker 3 accepting task 41
94 Worker 3 accepting task 40
94 Worker 3 accepting task 46
94 Worker 0 accepting task 42
94 Worker 3 processing task 36 requiring operations [2, 7]
94 Worker 3 performing operation 7 on task 36
94 Worker 0 processing task 44 requiring operations [3, 7]
94 Worker 0 forwarding task 44
94 Worker 1 processing task 39 requiring operations [8, 5]
94 Worker 1 performing operation 5 on task 39
95 Worker 3 accepting task 36
95 Worker 3 accepting task 44
95 Worker 1 accepting task 39
95 Worker 3 processing task 27 requiring operations [3, 6]
95 Worker 3 forwarding task 27
95 Worker 0 processing task 45 requiring operations [8, 9]
95 Worker 0 forwarding task 45
95 Worker 1 processing task 39 requiring operations [8]
95 Worker 1 performing operation 8 on task 39
96 Generated task 48
96 Worker 4 accepting task 48
96 Worker 0 accepting task 27
96 Worker 4 accepting task 45
96 Task 39 completed!
96 Worker 3 processing task 38 requiring operations [3, 2]
96 Worker 3 forwarding task 38
96 Worker 0 processing task 37 requiring operations [2, 6]
96 Worker 0 performing operation 2 on task 37
96 Worker 4 processing task 48 requiring operations [3, 1, 7]
96 Worker 4 performing operation 3 on task 48
97 Worker 1 accepting task 38
97 Worker 0 accepting task 37
97 Worker 4 accepting task 48
97 Worker 3 processing task 43 requiring operations [1, 9]
97 Worker 3 forwarding task 43
97 Worker 0 processing task 42 requiring operations [7]
97 Worker 0 forwarding task 42
97 Worker 4 processing task 45 requiring operations [8, 9]
97 Worker 4 performing operation 9 on task 45
97 Worker 1 processing task 38 requiring operations [3, 2]
97 Worker 1 forwarding task 38
98 Generated task 49
98 Worker 0 accepting task 49
98 Worker 1 accepting task 43
98 Worker 2 accepting task 42
98 Worker 4 accepting task 45
98 Worker 4 accepting task 38
98 Worker 3 processing task 30 requiring operations [2]
98 Worker 3 forwarding task 30
98 Worker 0 processing task 27 requiring operations [3, 6]
98 Worker 0 forwarding task 27
98 Worker 4 processing task 48 requiring operations [1, 7]
98 Worker 4 forwarding task 48
98 Worker 1 processing task 43 requiring operations [1, 9]
98 Worker 1 performing operation 9 on task 43
98 Worker 2 processing task 42 requiring operations [7]
98 Worker 2 forwarding task 42
99 Worker 2 accepting task 30
99 Worker 3 accepting task 27
99 Worker 1 accepting task 48
99 Worker 1 accepting task 43
99 Worker 3 accepting task 42
99 Worker 3 processing task 47 requiring operations [7, 6, 3]
99 Worker 3 performing operation 7 on task 47
99 Worker 0 processing task 37 requiring operations [6]
99 Worker 0 forwarding task 37
99 Worker 4 processing task 45 requiring operations [8]
99 Worker 4 forwarding task 45
99 Worker 1 processing task 48 requiring operations [1, 7]
99 Worker 1 forwarding task 48
99 Worker 2 processing task 30 requiring operations [2]
99 Worker 2 forwarding task 30
100 Generated task 50
100 Worker 0 accepting task 50
100 Worker 3 accepting task 47
100 Worker 2 accepting task 37
100 Worker 1 accepting task 45
100 Worker 4 accepting task 48
100 Worker 3 accepting task 30
100 Worker 3 processing task 41 requiring operations [5]
100 Worker 3 forwarding task 41
100 Worker 0 processing task 49 requiring operations [2, 9, 8]
100 Worker 0 performing operation 2 on task 49
100 Worker 4 processing task 38 requiring operations [3, 2]
100 Worker 4 performing operation 3 on task 38
100 Worker 1 processing task 43 requiring operations [1]
100 Worker 1 forwarding task 43
100 Worker 2 processing task 37 requiring operations [6]
100 Worker 2 forwarding task 37
101 Worker 1 accepting task 41
101 Worker 0 accepting task 49
101 Worker 4 accepting task 38
101 Worker 3 accepting task 43
101 Worker 3 accepting task 37
101 Worker 3 processing task 40 requiring operations [4]
101 Worker 3 forwarding task 40
101 Worker 0 processing task 50 requiring operations [8, 9, 3]
101 Worker 0 forwarding task 50
101 Worker 4 processing task 48 requiring operations [1, 7]
101 Worker 4 forwarding task 48
101 Worker 1 processing task 45 requiring operations [8]
101 Worker 1 performing operation 8 on task 45
102 Generated task 51
102 Worker 3 accepting task 51
102 Worker 1 accepting task 40
102 Worker 3 accepting task 50
102 Worker 0 accepting task 48
102 Task 45 completed!
102 Worker 3 processing task 46 requiring operations [7, 2]
102 Worker 3 performing operation 7 on task 46
102 Worker 0 processing task 49 requiring operations [9, 8]
102 Worker 0 forwarding task 49
102 Worker 4 processing task 38 requiring operations [2]
102 Worker 4 forwarding task 38
102 Worker 1 processing task 41 requiring operations [5]
102 Worker 1 performing operation 5 on task 41
103 Worker 3 accepting task 46
103 Worker 4 accepting task 49
103 Worker 0 accepting task 38
103 Task 41 completed!
103 Worker 3 processing task 36 requiring operations [2]
103 Worker 3 forwarding task 36
103 Worker 0 processing task 48 requiring operations [1, 7]
103 Worker 0 performing operation 1 on task 48
103 Worker 4 processing task 49 requiring operations [9, 8]
103 Worker 4 performing operation 9 on task 49
103 Worker 1 processing task 40 requiring operations [4]
103 Worker 1 forwarding task 40
104 Generated task 52
104 Worker 4 accepting task 52
104 Worker 2 accepting task 36
104 Worker 0 accepting task 48
104 Worker 4 accepting task 49
104 Worker 3 accepting task 40
104 Worker 3 processing task 44 requiring operations [3, 7]
104 Worker 3 performing operation 7 on task 44
104 Worker 0 processing task 38 requiring operations [2]
104 Worker 0 performing operation 2 on task 38
104 Worker 4 processing task 52 requiring operations [1, 8, 2]
104 Worker 4 forwarding task 52
104 Worker 2 processing task 36 requiring operations [2]
104 Worker 2 forwarding task 36
105 Worker 3 accepting task 44
105 Task 38 completed!
105 Worker 1 accepting task 52
105 Worker 3 accepting task 36
105 Worker 3 processing task 27 requiring operations [3, 6]
105 Worker 3 forwarding task 27
105 Worker 0 processing task 48 requiring operations [7]
105 Worker 0 forwarding task 48
105 Worker 4 processing task 49 requiring operations [8]
105 Worker 4 forwarding task 49
105 Worker 1 processing task 52 requiring operations [1, 8, 2]
105 Worker 1 performing operation 8 on task 52
106 Generated task 53
106 Worker 2 accepting task 53
106 Worker 0 accepting task 27
106 Worker 3 accepting task 48
106 Worker 1 accepting task 49
106 Worker 1 accepting task 52
106 Worker 3 processing task 42 requiring operations [7]
106 Worker 3 performing operation 7 on task 42
106 Worker 0 processing task 27 requiring operations [3, 6]
106 Worker 0 forwarding task 27
106 Worker 1 processing task 49 requiring operations [8]
106 Worker 1 performing operation 8 on task 49
106 Worker 2 processing task 53 requiring operations [3, 10, 2]
106 Worker 2 forwarding task 53
107 Task 42 completed!
107 Worker 2 accepting task 27
107 Task 49 completed!
107 Worker 0 accepting task 53
107 Worker 3 processing task 47 requiring operations [6, 3]
107 Worker 3 forwarding task 47
107 Worker 1 processing task 52 requiring operations [1, 2]
107 Worker 1 forwarding task 52
107 Worker 2 processing task 27 requiring operations [3, 6]
107 Worker 2 forwarding task 27
107 Worker 0 processing task 53 requiring operations [3, 10, 2]
107 Worker 0 performing operation 10 on task 53
108 Generated task 54
108 Worker 1 accepting task 54
108 Worker 1 accepting task 47
108 Worker 3 accepting task 52
108 Worker 0 accepting task 27
108 Worker 0 accepting task 53
108 Worker 3 processing task 30 requiring operations [2]
108 Worker 3 forwarding task 30
108 Worker 1 processing task 54 requiring operations [8, 3, 2]
108 Worker 1 performing operation 8 on task 54
108 Worker 0 processing task 27 requiring operations [3, 6]
108 Worker 0 forwarding task 27
109 Worker 0 accepting task 30
109 Worker 1 accepting task 54
109 Worker 4 accepting task 27
109 Worker 3 processing task 43 requiring operations [1]
109 Worker 3 forwarding task 43
109 Worker 1 processing task 47 requiring operations [6, 3]
109 Worker 1 forwarding task 47
109 Worker 0 processing task 53 requiring operations [3, 2]
109 Worker 0 performing operation 2 on task 53
109 Worker 4 processing task 27 requiring operations [3, 6]
109 Worker 4 performing operation 6 on task 27
110 Generated task 55
110 Worker 0 accepting task 55
110 Worker 2 accepting task 43
110 Worker 3 accepting task 47
110 Worker 0 accepting task 53
110 Worker 4 accepting task 27
110 Worker 3 processing task 37 requiring operations [6]
110 Worker 3 forwarding task 37
110 Worker 1 processing task 54 requiring operations [3, 2]
110 Worker 1 forwarding task 54
110 Worker 0 processing task 30 requiring operations [2]
110 Worker 0 performing operation 2 on task 30
110 Worker 4 processing task 27 requiring operations [3]
110 Worker 4 performing operation 3 on task 27
110 Worker 2 processing task 43 requiring operations [1]
110 Worker 2 forwarding task 43
111 Worker 0 accepting task 37
111 Worker 3 accepting task 54
111 Task 30 completed!
111 Task 27 completed!
111 Worker 3 accepting task 43
111 Worker 3 processing task 51 requiring operations [6, 7, 9]
111 Worker 3 performing operation 7 on task 51
111 Worker 0 processing task 55 requiring operations [8, 7, 5]
111 Worker 0 forwarding task 55
112 Generated task 56
112 Worker 4 accepting task 56
112 Worker 3 accepting task 51
112 Worker 4 accepting task 55
112 Worker 3 processing task 50 requiring operations [8, 9, 3]
112 Worker 3 forwarding task 50
112 Worker 0 processing task 53 requiring operations [3]
112 Worker 0 forwarding task 53
112 Worker 4 processing task 56 requiring operations [8, 3, 10]
112 Worker 4 performing operation 10 on task 56
113 Worker 2 accepting task 50
113 Worker 4 accepting task 53
113 Worker 4 accepting task 56
113 Worker 3 processing task 46 requiring operations [2]
113 Worker 3 forwarding task 46
113 Worker 0 processing task 37 requiring operations [6]
113 Worker 0 forwarding task 37
113 Worker 4 processing task 55 requiring operations [8, 7, 5]
113 Worker 4 forwarding task 55
113 Worker 2 processing task 50 requiring operations [8, 9, 3]
113 Worker 2 forwarding task 50
114 Generated task 57
114 Worker 2 accepting task 57
114 Worker 1 accepting task 46
114 Worker 4 accepting task 37
114 Worker 0 accepting task 55
114 Worker 0 accepting task 50
114 Worker 3 processing task 40 requiring operations [4]
114 Worker 3 forwarding task 40
114 Worker 4 processing task 53 requiring operations [3]
114 Worker 4 performing operation 3 on task 53
114 Worker 2 processing task 57 requiring operations [4, 6, 10]
114 Worker 2 performing operation 4 on task 57
114 Worker 1 processing task 46 requiring operations [2]
114 Worker 1 forwarding task 46
114 Worker 0 processing task 55 requiring operations [8, 7, 5]
114 Worker 0 forwarding task 55
115 Worker 2 accepting task 40
115 Task 53 completed!
115 Worker 2 accepting task 57
115 Worker 3 accepting task 46
115 Worker 2 accepting task 55
115 Worker 3 processing task 44 requiring operations [3]
115 Worker 3 forwarding task 44
115 Worker 4 processing task 56 requiring operations [8, 3]
115 Worker 4 performing operation 3 on task 56
115 Worker 2 processing task 40 requiring operations [4]
115 Worker 2 performing operation 4 on task 40
115 Worker 0 processing task 50 requiring operations [8, 9, 3]
115 Worker 0 forwarding task 50
116 Generated task 58
116 Worker 3 accepting task 58
116 Worker 0 accepting task 44
116 Worker 4 accepting task 56
116 Task 40 completed!
116 Worker 4 accepting task 50
116 Worker 3 processing task 36 requiring operations [2]
116 Worker 3 forwarding task 36
116 Worker 4 processing task 37 requiring operations [6]
116 Worker 4 performing operation 6 on task 37
116 Worker 2 processing task 57 requiring operations [6, 10]
116 Worker 2 forwarding task 57
116 Worker 0 processing task 44 requiring operations [3]
116 Worker 0 forwarding task 44
117 Worker 1 accepting task 36
117 Task 37 completed!
117 Worker 3 accepting task 57
117 Worker 4 accepting task 44
117 Worker 3 processing task 48 requiring operations [7]
117 Worker 3 performing operation 7 on task 48
117 Worker 4 processing task 56 requiring operations [8]
117 Worker 4 forwarding task 56
117 Worker 2 processing task 55 requiring operations [8, 7, 5]
117 Worker 2 performing operation 5 on task 55
117 Worker 1 processing task 36 requiring operations [2]
117 Worker 1 forwarding task 36
118 Generated task 59
118 Worker 1 accepting task 59
118 Task 48 completed!
118 Worker 1 accepting task 56
118 Worker 2 accepting task 55
118 Worker 4 accepting task 36
118 Worker 3 processing task 52 requiring operations [1, 2]
118 Worker 3 forwarding task 52
118 Worker 4 processing task 50 requiring operations [8, 9, 3]
118 Worker 4 performing operation 9 on task 50
118 Worker 2 processing task 55 requiring operations [8, 7]
118 Worker 2 forwarding task 55
118 Worker 1 processing task 59 requiring operations [1, 8, 7]
118 Worker 1 performing operation 8 on task 59
119 Worker 2 accepting task 52
119 Worker 4 accepting task 50
119 Worker 3 accepting task 55
119 Worker 1 accepting task 59
119 Worker 3 processing task 47 requiring operations [6, 3]
119 Worker 3 forwarding task 47
119 Worker 4 processing task 44 requiring operations [3]
119 Worker 4 performing operation 3 on task 44
119 Worker 2 processing task 52 requiring operations [1, 2]
119 Worker 2 forwarding task 52
119 Worker 1 processing task 56 requiring operations [8]
119 Worker 1 performing operation 8 on task 56
120 Generated task 60
120 Worker 3 accepting task 60
120 Worker 1 accepting task 47
120 Task 44 completed!
120 Worker 3 accepting task 52
120 Task 56 completed!
120 Worker 3 processing task 54 requiring operations [3, 2]
120 Worker 3 forwarding task 54
120 Worker 4 processing task 36 requiring operations [2]
120 Worker 4 forwarding task 36
120 Worker 1 processing task 59 requiring operations [1, 7]
120 Worker 1 forwarding task 59
121 Worker 0 accepting task 54
121 Worker 1 accepting task 36
121 Worker 3 accepting task 59
121 Worker 3 processing task 43 requiring operations [1]
121 Worker 3 forwarding task 43
121 Worker 4 processing task 50 requiring operations [8, 3]
121 Worker 4 performing operation 3 on task 50
121 Worker 1 processing task 47 requiring operations [6, 3]
121 Worker 1 forwarding task 47
121 Worker 0 processing task 54 requiring operations [3, 2]
121 Worker 0 performing operation 2 on task 54
122 Generated task 61
122 Worker 0 accepting task 61
122 Worker 1 accepting task 43
122 Worker 4 accepting task 50
122 Worker 4 accepting task 47
122 Worker 0 accepting task 54
122 Worker 3 processing task 51 requiring operations [6, 9]
122 Worker 3 forwarding task 51
122 Worker 4 processing task 50 requiring operations [8]
122 Worker 4 forwarding task 50
122 Worker 1 processing task 36 requiring operations [2]
122 Worker 1 forwarding task 36
122 Worker 0 processing task 61 requiring operations [5, 2, 4]
122 Worker 0 performing operation 2 on task 61
123 Worker 1 accepting task 51
123 Worker 0 accepting task 50
123 Worker 4 accepting task 36
123 Worker 0 accepting task 61
123 Worker 3 processing task 46 requiring operations [2]
123 Worker 3 forwarding task 46
123 Worker 4 processing task 47 requiring operations [6, 3]
123 Worker 4 performing operation 3 on task 47
123 Worker 1 processing task 43 requiring operations [1]
123 Worker 1 forwarding task 43
123 Worker 0 processing task 54 requiring operations [3]
123 Worker 0 forwarding task 54
124 Generated task 62
124 Worker 2 accepting task 62
124 Worker 1 accepting task 46
124 Worker 4 accepting task 47
124 Worker 3 accepting task 43
124 Worker 3 accepting task 54
124 Worker 3 processing task 58 requiring operations [2, 4, 10]
124 Worker 3 performing operation 10 on task 58
124 Worker 4 processing task 36 requiring operations [2]
124 Worker 4 forwarding task 36
124 Worker 1 processing task 51 requiring operations [6, 9]
124 Worker 1 performing operation 9 on task 51
124 Worker 0 processing task 50 requiring operations [8]
124 Worker 0 forwarding task 50
124 Worker 2 processing task 62 requiring operations [9, 10, 3]
124 Worker 2 forwarding task 62
125 Worker 3 accepting task 58
125 Worker 1 accepting task 36
125 Worker 1 accepting task 51
125 Worker 4 accepting task 50
125 Worker 0 accepting task 62
125 Worker 3 processing task 57 requiring operations [6, 10]
125 Worker 3 performing operation 10 on task 57
125 Worker 4 processing task 47 requiring operations [6]
125 Worker 4 performing operation 6 on task 47
125 Worker 1 processing task 46 requiring operations [2]
125 Worker 1 forwarding task 46
125 Worker 0 processing task 61 requiring operations [5, 4]
125 Worker 0 forwarding task 61
126 Generated task 63
126 Worker 3 accepting task 63
126 Worker 3 accepting task 57
126 Task 47 completed!
126 Worker 4 accepting task 46
126 Worker 3 accepting task 61
126 Worker 3 processing task 55 requiring operations [8, 7]
126 Worker 3 performing operation 7 on task 55
126 Worker 4 processing task 50 requiring operations [8]
126 Worker 4 forwarding task 50
126 Worker 1 processing task 36 requiring operations [2]
126 Worker 1 forwarding task 36
126 Worker 0 processing task 62 requiring operations [9, 10, 3]
126 Worker 0 performing operation 10 on task 62
127 Worker 3 accepting task 55
127 Worker 1 accepting task 50
127 Worker 3 accepting task 36
127 Worker 0 accepting task 62
127 Worker 3 processing task 60 requiring operations [8, 2, 7]
127 Worker 3 performing operation 7 on task 60
127 Worker 4 processing task 46 requiring operations [2]
127 Worker 4 forwarding task 46
127 Worker 1 processing task 51 requiring operations [6]
127 Worker 1 forwarding task 51
127 Worker 0 processing task 62 requiring operations [9, 3]
127 Worker 0 forwarding task 62
128 Generated task 64
128 Worker 0 accepting task 64
128 Worker 3 accepting task 60
128 Worker 0 accepting task 46
128 Worker 3 accepting task 51
128 Worker 2 accepting task 62
128 Worker 3 processing task 52 requiring operations [1, 2]
128 Worker 3 forwarding task 52
128 Worker 1 processing task 50 requiring operations [8]
128 Worker 1 performing operation 8 on task 50
128 Worker 0 processing task 64 requiring operations [5, 2, 8]
128 Worker 0 performing operation 2 on task 64
128 Worker 2 processing task 62 requiring operations [9, 3]
128 Worker 2 forwarding task 62
129 Worker 2 accepting task 52
129 Task 50 completed!
129 Worker 0 accepting task 64
129 Worker 3 accepting task 62
129 Worker 3 processing task 59 requiring operations [1, 7]
129 Worker 3 performing operation 7 on task 59
129 Worker 0 processing task 46 requiring operations [2]
129 Worker 0 performing operation 2 on task 46
129 Worker 2 processing task 52 requiring operations [1, 2]
129 Worker 2 forwarding task 52
130 Generated task 65
130 Worker 4 accepting task 65
130 Worker 3 accepting task 59
130 Task 46 completed!
130 Worker 3 accepting task 52
130 Worker 3 processing task 43 requiring operations [1]
130 Worker 3 forwarding task 43
130 Worker 0 processing task 64 requiring operations [5, 8]
130 Worker 0 forwarding task 64
130 Worker 4 processing task 65 requiring operations [8, 1, 10]
130 Worker 4 performing operation 10 on task 65
131 Worker 2 accepting task 43
131 Worker 4 accepting task 64
131 Worker 4 accepting task 65
131 Worker 3 processing task 54 requiring operations [3]
131 Worker 3 forwarding task 54
131 Worker 4 processing task 64 requiring operations [5, 8]
131 Worker 4 forwarding task 64
131 Worker 2 processing task 43 requiring operations [1]
131 Worker 2 forwarding task 43
132 Generated task 66
132 Worker 4 accepting task 66
132 Worker 1 accepting task 54
132 Worker 0 accepting task 64
132 Worker 0 accepting task 43
132 Worker 3 processing task 58 requiring operations [2, 4]
132 Worker 3 forwarding task 58
132 Worker 4 processing task 65 requiring operations [8, 1]
132 Worker 4 forwarding task 65
132 Worker 1 processing task 54 requiring operations [3]
132 Worker 1 forwarding task 54
132 Worker 0 processing task 64 requiring operations [5, 8]
132 Worker 0 forwarding task 64
133 Worker 0 accepting task 58
133 Worker 1 accepting task 65
133 Worker 4 accepting task 54
133 Worker 4 accepting task 64
133 Worker 3 processing task 63 requiring operations [1, 9, 7]
133 Worker 3 performing operation 7 on task 63
133 Worker 4 processing task 66 requiring operations [6, 3, 4]
133 Worker 4 performing operation 3 on task 66
133 Worker 1 processing task 65 requiring operations [8, 1]
133 Worker 1 performing operation 8 on task 65
133 Worker 0 processing task 43 requiring operations [1]
133 Worker 0 performing operation 1 on task 43
134 Generated task 67
134 Worker 4 accepting task 67
134 Worker 3 accepting task 63
134 Worker 4 accepting task 66
134 Worker 1 accepting task 65
134 Task 43 completed!
134 Worker 3 processing task 57 requiring operations [6]
134 Worker 3 forwarding task 57
134 Worker 4 processing task 54 requiring operations [3]
134 Worker 4 performing operation 3 on task 54
134 Worker 1 processing task 65 requiring operations [1]
134 Worker 1 forwarding task 65
134 Worker 0 processing task 58 requiring operations [2, 4]
134 Worker 0 performing operation 2 on task 58
135 Worker 2 accepting task 57
135 Task 54 completed!
135 Worker 4 accepting task 65
135 Worker 0 accepting task 58
135 Worker 3 processing task 61 requiring operations [5, 4]
135 Worker 3 forwarding task 61
135 Worker 4 processing task 64 requiring operations [5, 8]
135 Worker 4 forwarding task 64
135 Worker 0 processing task 58 requiring operations [4]
135 Worker 0 forwarding task 58
135 Worker 2 processing task 57 requiring operations [6]
135 Worker 2 forwarding task 57
136 Generated task 68
136 Worker 3 accepting task 68
136 Worker 2 accepting task 61
136 Worker 1 accepting task 64
136 Worker 3 accepting task 58
136 Worker 3 accepting task 57
136 Worker 3 processing task 55 requiring operations [8]
136 Worker 3 forwarding task 55
136 Worker 4 processing task 67 requiring operations [8, 7, 1]
136 Worker 4 forwarding task 67
136 Worker 2 processing task 61 requiring operations [5, 4]
136 Worker 2 performing operation 4 on task 61
136 Worker 1 processing task 64 requiring operations [5, 8]
136 Worker 1 performing operation 8 on task 64
137 Worker 2 accepting task 55
137 Worker 0 accepting task 67
137 Worker 2 accepting task 61
137 Worker 1 accepting task 64
137 Worker 3 processing task 36 requiring operations [2]
137 Worker 3 forwarding task 36
137 Worker 4 processing task 66 requiring operations [6, 4]
137 Worker 4 performing operation 6 on task 66
137 Worker 2 processing task 55 requiring operations [8]
137 Worker 2 forwarding task 55
137 Worker 1 processing task 64 requiring operations [5]
137 Worker 1 performing operation 5 on task 64
137 Worker 0 processing task 67 requiring operations [8, 7, 1]
137 Worker 0 performing operation 1 on task 67
138 Generated task 69
138 Worker 4 accepting task 69
138 Worker 1 accepting task 36
138 Worker 4 accepting task 66
138 Worker 0 accepting task 55
138 Task 64 completed!
138 Worker 0 accepting task 67
138 Worker 3 processing task 60 requiring operations [8, 2]
138 Worker 3 forwarding task 60
138 Worker 4 processing task 65 requiring operations [1]
138 Worker 4 forwarding task 65
138 Worker 2 processing task 61 requiring operations [5]
138 Worker 2 performing operation 5 on task 61
138 Worker 1 processing task 36 requiring operations [2]
138 Worker 1 forwarding task 36
138 Worker 0 processing task 55 requiring operations [8]
138 Worker 0 forwarding task 55
139 Worker 2 accepting task 60
139 Worker 1 accepting task 65
139 Task 61 completed!
139 Worker 4 accepting task 36
139 Worker 2 accepting task 55
139 Worker 3 processing task 51 requiring operations [6]
139 Worker 3 forwarding task 51
139 Worker 4 processing task 69 requiring operations [2, 8, 9]
139 Worker 4 performing operation 9 on task 69
139 Worker 2 processing task 60 requiring operations [8, 2]
139 Worker 2 forwarding task 60
139 Worker 1 processing task 65 requiring operations [1]
139 Worker 1 forwarding task 65
139 Worker 0 processing task 67 requiring operations [8, 7]
139 Worker 0 forwarding task 67
140 Generated task 70
140 Worker 0 accepting task 70
140 Worker 2 accepting task 51
140 Worker 4 accepting task 69
140 Worker 0 accepting task 60
140 Worker 4 accepting task 65
140 Worker 2 accepting task 67
140 Worker 3 processing task 62 requiring operations [9, 3]
140 Worker 3 forwarding task 62
140 Worker 4 processing task 66 requiring operations [4]
140 Worker 4 forwarding task 66
140 Worker 2 processing task 55 requiring operations [8]
140 Worker 2 forwarding task 55
140 Worker 0 processing task 70 requiring operations [5, 3, 9]
140 Worker 0 forwarding task 70
