Worker 0 can perform operations {4, 7}
Worker 1 can perform operations {1, 3, 5, 6}
Worker 2 can perform operations {1, 2, 3, 9, 10}
Worker 3 can perform operations {1, 4}
Worker 4 can perform operations {8, 1, 7}
Worker 5 can perform operations {9, 10}
Worker 6 can perform operations {8, 1}
Building network type full-connect
Worker 0 connecting to worker 1
Worker 0 connecting to worker 2
Worker 0 connecting to worker 3
Worker 0 connecting to worker 4
Worker 0 connecting to worker 5
Worker 0 connecting to worker 6
Worker 1 connecting to worker 0
Worker 1 connecting to worker 2
Worker 1 connecting to worker 3
Worker 1 connecting to worker 4
Worker 1 connecting to worker 5
Worker 1 connecting to worker 6
Worker 2 connecting to worker 0
Worker 2 connecting to worker 1
Worker 2 connecting to worker 3
Worker 2 connecting to worker 4
Worker 2 connecting to worker 5
Worker 2 connecting to worker 6
Worker 3 connecting to worker 0
Worker 3 connecting to worker 1
Worker 3 connecting to worker 2
Worker 3 connecting to worker 4
Worker 3 connecting to worker 5
Worker 3 connecting to worker 6
Worker 4 connecting to worker 0
Worker 4 connecting to worker 1
Worker 4 connecting to worker 2
Worker 4 connecting to worker 3
Worker 4 connecting to worker 5
Worker 4 connecting to worker 6
Worker 5 connecting to worker 0
Worker 5 connecting to worker 1
Worker 5 connecting to worker 2
Worker 5 connecting to worker 3
Worker 5 connecting to worker 4
Worker 5 connecting to worker 6
Worker 6 connecting to worker 0
Worker 6 connecting to worker 1
Worker 6 connecting to worker 2
Worker 6 connecting to worker 3
Worker 6 connecting to worker 4
Worker 6 connecting to worker 5
Entry nodes are [0, 1, 2, 3, 4, 5, 6]
0 Generated task 0 with complexity 3 requiring operations [10, 6, 8]
0 Worker 3 accepting task 0
0 Worker 3 processing task 0 requiring operations [10, 6, 8]
0 Worker 3 forwarding task 0
1 Worker 5 accepting task 0
1 Worker 5 processing task 0 requiring operations [10, 6, 8]
1 Worker 5 performing operation 10 on task 0
2 Generated task 1 with complexity 3 requiring operations [8, 1, 2]
2 Worker 6 accepting task 1
2 Worker 5 accepting task 0
2 Worker 5 processing task 0 requiring operations [6, 8]
2 Worker 5 forwarding task 0
2 Worker 6 processing task 1 requiring operations [8, 1, 2]
2 Worker 6 performing operation 1 on task 1
3 Worker 0 accepting task 0
3 Worker 6 accepting task 1
3 Worker 6 processing task 1 requiring operations [8, 2]
3 Worker 6 performing operation 8 on task 1
3 Worker 0 processing task 0 requiring operations [6, 8]
3 Worker 0 forwarding task 0
4 Generated task 2 with complexity 3 requiring operations [1, 3, 8]
4 Worker 5 accepting task 2
4 Worker 6 accepting task 1
4 Worker 2 accepting task 0
4 Worker 6 processing task 1 requiring operations [2]
4 Worker 6 forwarding task 1
4 Worker 5 processing task 2 requiring operations [1, 3, 8]
4 Worker 5 forwarding task 2
4 Worker 2 processing task 0 requiring operations [6, 8]
4 Worker 2 forwarding task 0
5 Worker 5 accepting task 1
5 Worker 0 accepting task 2
5 Worker 1 accepting task 0
5 Worker 5 processing task 1 requiring operations [2]
5 Worker 5 forwarding task 1
5 Worker 0 processing task 2 requiring operations [1, 3, 8]
5 Worker 0 forwarding task 2
5 Worker 1 processing task 0 requiring operations [6, 8]
5 Worker 1 performing operation 6 on task 0
6 Generated task 3 with complexity 3 requiring operations [8, 9, 1]
6 Worker 6 accepting task 3
6 Worker 4 accepting task 1
6 Worker 5 accepting task 2
6 Worker 1 accepting task 0
6 Worker 1 processing task 0 requiring operations [8]
6 Worker 1 forwarding task 0
6 Worker 6 processing task 3 requiring operations [8, 9, 1]
6 Worker 6 performing operation 8 on task 3
6 Worker 4 processing task 1 requiring operations [2]
6 Worker 4 forwarding task 1
6 Worker 5 processing task 2 requiring operations [1, 3, 8]
6 Worker 5 forwarding task 2
7 Worker 0 accepting task 0
7 Worker 6 accepting task 3
7 Worker 1 accepting task 1
7 Worker 4 accepting task 2
7 Worker 6 processing task 3 requiring operations [9, 1]
7 Worker 6 performing operation 1 on task 3
7 Worker 0 processing task 0 requiring operations [8]
7 Worker 0 forwarding task 0
7 Worker 1 processing task 1 requiring operations [2]
7 Worker 1 forwarding task 1
7 Worker 4 processing task 2 requiring operations [1, 3, 8]
7 Worker 4 performing operation 8 on task 2
8 Generated task 4 with complexity 3 requiring operations [6, 9, 1]
8 Worker 5 accepting task 4
8 Worker 6 accepting task 3
8 Worker 5 accepting task 0
8 Worker 3 accepting task 1
8 Worker 4 accepting task 2
8 Worker 6 processing task 3 requiring operations [9]
8 Worker 6 forwarding task 3
8 Worker 4 processing task 2 requiring operations [1, 3]
8 Worker 4 performing operation 1 on task 2
8 Worker 5 processing task 4 requiring operations [6, 9, 1]
8 Worker 5 performing operation 9 on task 4
8 Worker 3 processing task 1 requiring operations [2]
8 Worker 3 forwarding task 1
9 Worker 1 accepting task 3
9 Worker 4 accepting task 2
9 Worker 5 accepting task 4
9 Worker 2 accepting task 1
9 Worker 4 processing task 2 requiring operations [3]
9 Worker 4 forwarding task 2
9 Worker 5 processing task 0 requiring operations [8]
9 Worker 5 forwarding task 0
9 Worker 1 processing task 3 requiring operations [9]
9 Worker 1 forwarding task 3
9 Worker 2 processing task 1 requiring operations [2]
9 Worker 2 performing operation 2 on task 1
10 Generated task 5 with complexity 3 requiring operations [9, 1, 4]
10 Worker 1 accepting task 5
10 Worker 2 accepting task 2
10 Worker 4 accepting task 0
10 Worker 0 accepting task 3
10 Task 1 completed!
10 Worker 5 processing task 4 requiring operations [6, 1]
10 Worker 5 forwarding task 4
10 Worker 1 processing task 5 requiring operations [9, 1, 4]
10 Worker 1 performing operation 1 on task 5
10 Worker 2 processing task 2 requiring operations [3]
10 Worker 2 performing operation 3 on task 2
10 Worker 4 processing task 0 requiring operations [8]
10 Worker 4 performing operation 8 on task 0
10 Worker 0 processing task 3 requiring operations [9]
10 Worker 0 forwarding task 3
11 Worker 2 accepting task 4
11 Worker 1 accepting task 5
11 Task 2 completed!
11 Task 0 completed!
11 Worker 6 accepting task 3
11 Worker 1 processing task 5 requiring operations [9, 4]
11 Worker 1 forwarding task 5
11 Worker 2 processing task 4 requiring operations [6, 1]
11 Worker 2 performing operation 1 on task 4
11 Worker 6 processing task 3 requiring operations [9]
11 Worker 6 forwarding task 3
12 Generated task 6 with complexity 3 requiring operations [2, 8, 6]
12 Worker 1 accepting task 6
12 Worker 2 accepting task 5
12 Worker 2 accepting task 4
12 Worker 3 accepting task 3
12 Worker 1 processing task 6 requiring operations [2, 8, 6]
12 Worker 1 performing operation 6 on task 6
12 Worker 2 processing task 5 requiring operations [9, 4]
12 Worker 2 performing operation 9 on task 5
12 Worker 3 processing task 3 requiring operations [9]
12 Worker 3 forwarding task 3
13 Worker 1 accepting task 6
13 Worker 2 accepting task 5
13 Worker 2 accepting task 3
13 Worker 1 processing task 6 requiring operations [2, 8]
13 Worker 1 forwarding task 6
13 Worker 2 processing task 4 requiring operations [6]
13 Worker 2 forwarding task 4
14 Generated task 7 with complexity 3 requiring operations [3, 6, 10]
14 Worker 4 accepting task 7
14 Worker 5 accepting task 6
14 Worker 4 accepting task 4
14 Worker 2 processing task 5 requiring operations [4]
14 Worker 2 forwarding task 5
14 Worker 4 processing task 7 requiring operations [3, 6, 10]
14 Worker 4 forwarding task 7
14 Worker 5 processing task 6 requiring operations [2, 8]
14 Worker 5 forwarding task 6
15 Worker 5 accepting task 5
15 Worker 6 accepting task 7
15 Worker 6 accepting task 6
15 Worker 2 processing task 3 requiring operations [9]
15 Worker 2 performing operation 9 on task 3
15 Worker 4 processing task 4 requiring operations [6]
15 Worker 4 forwarding task 4
15 Worker 5 processing task 5 requiring operations [4]
15 Worker 5 forwarding task 5
15 Worker 6 processing task 7 requiring operations [3, 6, 10]
15 Worker 6 forwarding task 7
16 Generated task 8 with complexity 3 requiring operations [9, 6, 3]
16 Worker 2 accepting task 8
16 Task 3 completed!
16 Worker 6 accepting task 4
16 Worker 1 accepting task 5
16 Worker 4 accepting task 7
16 Worker 2 processing task 8 requiring operations [9, 6, 3]
16 Worker 2 performing operation 9 on task 8
16 Worker 6 processing task 6 requiring operations [2, 8]
16 Worker 6 performing operation 8 on task 6
16 Worker 1 processing task 5 requiring operations [4]
16 Worker 1 forwarding task 5
16 Worker 4 processing task 7 requiring operations [3, 6, 10]
16 Worker 4 forwarding task 7
17 Worker 2 accepting task 8
17 Worker 6 accepting task 6
17 Worker 4 accepting task 5
17 Worker 0 accepting task 7
17 Worker 2 processing task 8 requiring operations [6, 3]
17 Worker 2 performing operation 3 on task 8
17 Worker 6 processing task 4 requiring operations [6]
17 Worker 6 forwarding task 4
17 Worker 4 processing task 5 requiring operations [4]
17 Worker 4 forwarding task 5
17 Worker 0 processing task 7 requiring operations [3, 6, 10]
17 Worker 0 forwarding task 7
18 Generated task 9 with complexity 3 requiring operations [7, 1, 5]
18 Worker 3 accepting task 9
18 Worker 2 accepting task 8
18 Worker 1 accepting task 4
18 Worker 3 accepting task 5
18 Worker 6 accepting task 7
18 Worker 2 processing task 8 requiring operations [6]
18 Worker 2 forwarding task 8
18 Worker 6 processing task 6 requiring operations [2]
18 Worker 6 forwarding task 6
18 Worker 3 processing task 9 requiring operations [7, 1, 5]
18 Worker 3 performing operation 1 on task 9
18 Worker 1 processing task 4 requiring operations [6]
18 Worker 1 performing operation 6 on task 4
19 Worker 5 accepting task 8
19 Worker 0 accepting task 6
19 Worker 3 accepting task 9
19 Task 4 completed!
19 Worker 6 processing task 7 requiring operations [3, 6, 10]
19 Worker 6 forwarding task 7
19 Worker 3 processing task 5 requiring operations [4]
19 Worker 3 performing operation 4 on task 5
19 Worker 5 processing task 8 requiring operations [6]
19 Worker 5 forwarding task 8
19 Worker 0 processing task 6 requiring operations [2]
19 Worker 0 forwarding task 6
20 Generated task 10 with complexity 3 requiring operations [3, 10, 5]
20 Worker 6 accepting task 10
20 Worker 4 accepting task 7
20 Task 5 completed!
20 Worker 4 accepting task 8
20 Worker 1 accepting task 6
20 Worker 6 processing task 10 requiring operations [3, 10, 5]
20 Worker 6 forwarding task 10
20 Worker 3 processing task 9 requiring operations [7, 5]
20 Worker 3 forwarding task 9
20 Worker 4 processing task 7 requiring operations [3, 6, 10]
20 Worker 4 forwarding task 7
20 Worker 1 processing task 6 requiring operations [2]
20 Worker 1 forwarding task 6
21 Worker 0 accepting task 10
21 Worker 4 accepting task 9
21 Worker 1 accepting task 7
21 Worker 0 accepting task 6
21 Worker 4 processing task 8 requiring operations [6]
21 Worker 4 forwarding task 8
21 Worker 1 processing task 7 requiring operations [3, 6, 10]
21 Worker 1 performing operation 3 on task 7
21 Worker 0 processing task 10 requiring operations [3, 10, 5]
21 Worker 0 forwarding task 10
22 Generated task 11 with complexity 3 requiring operations [6, 7, 8]
22 Worker 2 accepting task 11
22 Worker 1 accepting task 8
22 Worker 1 accepting task 7
22 Worker 2 accepting task 10
22 Worker 4 processing task 9 requiring operations [7, 5]
22 Worker 4 performing operation 7 on task 9
22 Worker 1 processing task 8 requiring operations [6]
22 Worker 1 performing operation 6 on task 8
22 Worker 0 processing task 6 requiring operations [2]
22 Worker 0 forwarding task 6
22 Worker 2 processing task 11 requiring operations [6, 7, 8]
22 Worker 2 forwarding task 11
23 Worker 4 accepting task 9
23 Task 8 completed!
23 Worker 1 accepting task 6
23 Worker 3 accepting task 11
23 Worker 4 processing task 9 requiring operations [5]
23 Worker 4 forwarding task 9
23 Worker 1 processing task 7 requiring operations [6, 10]
23 Worker 1 performing operation 6 on task 7
23 Worker 2 processing task 10 requiring operations [3, 10, 5]
23 Worker 2 performing operation 10 on task 10
23 Worker 3 processing task 11 requiring operations [6, 7, 8]
23 Worker 3 forwarding task 11
24 Generated task 12 with complexity 3 requiring operations [8, 2, 9]
24 Worker 6 accepting task 12
24 Worker 1 accepting task 9
24 Worker 1 accepting task 7
24 Worker 2 accepting task 10
24 Worker 6 accepting task 11
24 Worker 1 processing task 6 requiring operations [2]
24 Worker 1 forwarding task 6
24 Worker 2 processing task 10 requiring operations [3, 5]
24 Worker 2 performing operation 3 on task 10
24 Worker 6 processing task 12 requiring operations [8, 2, 9]
24 Worker 6 performing operation 8 on task 12
25 Worker 5 accepting task 6
25 Worker 2 accepting task 10
25 Worker 6 accepting task 12
25 Worker 1 processing task 9 requiring operations [5]
25 Worker 1 performing operation 5 on task 9
25 Worker 2 processing task 10 requiring operations [5]
25 Worker 2 forwarding task 10
25 Worker 6 processing task 11 requiring operations [6, 7, 8]
25 Worker 6 performing operation 8 on task 11
25 Worker 5 processing task 6 requiring operations [2]
25 Worker 5 forwarding task 6
26 Generated task 13 with complexity 3 requiring operations [3, 10, 4]
26 Worker 2 accepting task 13
26 Task 9 completed!
26 Worker 0 accepting task 10
26 Worker 6 accepting task 11
26 Worker 3 accepting task 6
26 Worker 1 processing task 7 requiring operations [10]
26 Worker 1 forwarding task 7
26 Worker 2 processing task 13 requiring operations [3, 10, 4]
26 Worker 2 performing operation 10 on task 13
26 Worker 6 processing task 12 requiring operations [2, 9]
26 Worker 6 forwarding task 12
26 Worker 0 processing task 10 requiring operations [5]
26 Worker 0 forwarding task 10
26 Worker 3 processing task 6 requiring operations [2]
26 Worker 3 forwarding task 6
27 Worker 4 accepting task 7
27 Worker 2 accepting task 13
27 Worker 0 accepting task 12
27 Worker 6 accepting task 10
27 Worker 1 accepting task 6
27 Worker 2 processing task 13 requiring operations [3, 4]
27 Worker 2 performing operation 3 on task 13
27 Worker 6 processing task 11 requiring operations [6, 7]
27 Worker 6 forwarding task 11
27 Worker 0 processing task 12 requiring operations [2, 9]
27 Worker 0 forwarding task 12
27 Worker 4 processing task 7 requiring operations [10]
27 Worker 4 forwarding task 7
27 Worker 1 processing task 6 requiring operations [2]
27 Worker 1 forwarding task 6
28 Generated task 14 with complexity 3 requiring operations [7, 1, 10]
28 Worker 3 accepting task 14
28 Worker 2 accepting task 13
28 Worker 1 accepting task 11
28 Worker 6 accepting task 12
28 Worker 1 accepting task 7
28 Worker 4 accepting task 6
28 Worker 2 processing task 13 requiring operations [4]
28 Worker 2 forwarding task 13
28 Worker 6 processing task 10 requiring operations [5]
28 Worker 6 forwarding task 10
28 Worker 1 processing task 11 requiring operations [6, 7]
28 Worker 1 performing operation 6 on task 11
28 Worker 3 processing task 14 requiring operations [7, 1, 10]
28 Worker 3 performing operation 1 on task 14
28 Worker 4 processing task 6 requiring operations [2]
28 Worker 4 forwarding task 6
29 Worker 4 accepting task 13
29 Worker 1 accepting task 10
29 Worker 1 accepting task 11
29 Worker 3 accepting task 14
29 Worker 1 accepting task 6
29 Worker 6 processing task 12 requiring operations [2, 9]
29 Worker 6 forwarding task 12
29 Worker 1 processing task 7 requiring operations [10]
29 Worker 1 forwarding task 7
29 Worker 3 processing task 14 requiring operations [7, 10]
29 Worker 3 forwarding task 14
29 Worker 4 processing task 13 requiring operations [4]
29 Worker 4 forwarding task 13
30 Generated task 15 with complexity 3 requiring operations [6, 7, 5]
30 Worker 3 accepting task 15
30 Worker 2 accepting task 12
30 Worker 0 accepting task 7
30 Worker 4 accepting task 14
30 Worker 5 accepting task 13
30 Worker 1 processing task 10 requiring operations [5]
30 Worker 1 performing operation 5 on task 10
30 Worker 3 processing task 15 requiring operations [6, 7, 5]
30 Worker 3 forwarding task 15
30 Worker 4 processing task 14 requiring operations [7, 10]
30 Worker 4 performing operation 7 on task 14
30 Worker 2 processing task 12 requiring operations [2, 9]
30 Worker 2 performing operation 9 on task 12
30 Worker 0 processing task 7 requiring operations [10]
30 Worker 0 forwarding task 7
30 Worker 5 processing task 13 requiring operations [4]
30 Worker 5 forwarding task 13
31 Task 10 completed!
31 Worker 0 accepting task 15
31 Worker 4 accepting task 14
31 Worker 2 accepting task 12
31 Worker 1 accepting task 7
31 Worker 1 accepting task 13
31 Worker 1 processing task 11 requiring operations [7]
31 Worker 1 forwarding task 11
31 Worker 4 processing task 14 requiring operations [10]
31 Worker 4 forwarding task 14
31 Worker 2 processing task 12 requiring operations [2]
31 Worker 2 performing operation 2 on task 12
31 Worker 0 processing task 15 requiring operations [6, 7, 5]
31 Worker 0 performing operation 7 on task 15
32 Generated task 16 with complexity 3 requiring operations [2, 8, 10]
32 Worker 0 accepting task 16
32 Worker 5 accepting task 11
32 Worker 0 accepting task 14
32 Task 12 completed!
32 Worker 0 accepting task 15
32 Worker 1 processing task 6 requiring operations [2]
32 Worker 1 forwarding task 6
32 Worker 0 processing task 16 requiring operations [2, 8, 10]
32 Worker 0 forwarding task 16
32 Worker 5 processing task 11 requiring operations [7]
32 Worker 5 forwarding task 11
33 Worker 2 accepting task 6
33 Worker 1 accepting task 16
33 Worker 2 accepting task 11
33 Worker 1 processing task 7 requiring operations [10]
33 Worker 1 forwarding task 7
33 Worker 0 processing task 14 requiring operations [10]
33 Worker 0 forwarding task 14
33 Worker 2 processing task 6 requiring operations [2]
33 Worker 2 performing operation 2 on task 6
34 Generated task 17 with complexity 3 requiring operations [8, 1, 10]
34 Worker 2 accepting task 17
34 Worker 3 accepting task 7
34 Worker 4 accepting task 14
34 Task 6 completed!
34 Worker 1 processing task 13 requiring operations [4]
34 Worker 1 forwarding task 13
34 Worker 0 processing task 15 requiring operations [6, 5]
34 Worker 0 forwarding task 15
34 Worker 2 processing task 11 requiring operations [7]
34 Worker 2 forwarding task 11
34 Worker 3 processing task 7 requiring operations [10]
34 Worker 3 forwarding task 7
34 Worker 4 processing task 14 requiring operations [10]
34 Worker 4 forwarding task 14
35 Worker 6 accepting task 13
35 Worker 1 accepting task 15
35 Worker 1 accepting task 11
35 Worker 6 accepting task 7
35 Worker 5 accepting task 14
35 Worker 1 processing task 16 requiring operations [2, 8, 10]
35 Worker 1 forwarding task 16
35 Worker 2 processing task 17 requiring operations [8, 1, 10]
35 Worker 2 performing operation 1 on task 17
35 Worker 6 processing task 13 requiring operations [4]
35 Worker 6 forwarding task 13
35 Worker 5 processing task 14 requiring operations [10]
35 Worker 5 performing operation 10 on task 14
36 Generated task 18 with complexity 3 requiring operations [10, 9, 3]
36 Worker 6 accepting task 18
36 Worker 6 accepting task 16
36 Worker 2 accepting task 17
36 Worker 2 accepting task 13
36 Task 14 completed!
36 Worker 1 processing task 15 requiring operations [6, 5]
36 Worker 1 performing operation 5 on task 15
36 Worker 2 processing task 17 requiring operations [8, 10]
36 Worker 2 performing operation 10 on task 17
36 Worker 6 processing task 7 requiring operations [10]
36 Worker 6 forwarding task 7
37 Worker 1 accepting task 15
37 Worker 2 accepting task 17
37 Worker 2 accepting task 7
37 Worker 1 processing task 11 requiring operations [7]
37 Worker 1 forwarding task 11
37 Worker 2 processing task 13 requiring operations [4]
37 Worker 2 forwarding task 13
37 Worker 6 processing task 18 requiring operations [10, 9, 3]
37 Worker 6 forwarding task 18
38 Generated task 19 with complexity 3 requiring operations [8, 9, 4]
38 Worker 4 accepting task 19
38 Worker 5 accepting task 11
38 Worker 3 accepting task 13
38 Worker 2 accepting task 18
38 Worker 1 processing task 15 requiring operations [6]
38 Worker 1 performing operation 6 on task 15
38 Worker 2 processing task 17 requiring operations [8]
38 Worker 2 forwarding task 17
38 Worker 6 processing task 16 requiring operations [2, 8, 10]
38 Worker 6 performing operation 8 on task 16
38 Worker 4 processing task 19 requiring operations [8, 9, 4]
38 Worker 4 performing operation 8 on task 19
38 Worker 5 processing task 11 requiring operations [7]
38 Worker 5 forwarding task 11
38 Worker 3 processing task 13 requiring operations [4]
38 Worker 3 performing operation 4 on task 13
39 Task 15 completed!
39 Worker 6 accepting task 17
39 Worker 6 accepting task 16
39 Worker 4 accepting task 19
39 Worker 2 accepting task 11
39 Task 13 completed!
39 Worker 2 processing task 7 requiring operations [10]
39 Worker 2 performing operation 10 on task 7
39 Worker 6 processing task 17 requiring operations [8]
39 Worker 6 performing operation 8 on task 17
39 Worker 4 processing task 19 requiring operations [9, 4]
39 Worker 4 forwarding task 19
40 Generated task 20 with complexity 3 requiring operations [6, 3, 1]
40 Worker 1 accepting task 20
40 Task 7 completed!
40 Task 17 completed!
40 Worker 0 accepting task 19
40 Worker 2 processing task 18 requiring operations [10, 9, 3]
40 Worker 2 performing operation 9 on task 18
40 Worker 6 processing task 16 requiring operations [2, 10]
40 Worker 6 forwarding task 16
40 Worker 1 processing task 20 requiring operations [6, 3, 1]
40 Worker 1 performing operation 1 on task 20
40 Worker 0 processing task 19 requiring operations [9, 4]
40 Worker 0 performing operation 4 on task 19
41 Worker 2 accepting task 18
41 Worker 1 accepting task 16
41 Worker 1 accepting task 20
41 Worker 0 accepting task 19
41 Worker 2 processing task 11 requiring operations [7]
41 Worker 2 forwarding task 11
41 Worker 1 processing task 16 requiring operations [2, 10]
41 Worker 1 forwarding task 16
41 Worker 0 processing task 19 requiring operations [9]
41 Worker 0 forwarding task 19
42 Generated task 21 with complexity 3 requiring operations [4, 8, 2]
42 Worker 5 accepting task 21
42 Worker 1 accepting task 11
42 Worker 3 accepting task 16
42 Worker 4 accepting task 19
42 Worker 2 processing task 18 requiring operations [10, 3]
42 Worker 2 performing operation 10 on task 18
42 Worker 1 processing task 20 requiring operations [6, 3]
42 Worker 1 performing operation 3 on task 20
42 Worker 5 processing task 21 requiring operations [4, 8, 2]
42 Worker 5 forwarding task 21
42 Worker 3 processing task 16 requiring operations [2, 10]
42 Worker 3 forwarding task 16
42 Worker 4 processing task 19 requiring operations [9]
42 Worker 4 forwarding task 19
43 Worker 2 accepting task 18
43 Worker 1 accepting task 20
43 Worker 6 accepting task 21
43 Worker 4 accepting task 16
43 Worker 5 accepting task 19
43 Worker 2 processing task 18 requiring operations [3]
43 Worker 2 performing operation 3 on task 18
43 Worker 1 processing task 11 requiring operations [7]
43 Worker 1 forwarding task 11
43 Worker 4 processing task 16 requiring operations [2, 10]
43 Worker 4 forwarding task 16
43 Worker 6 processing task 21 requiring operations [4, 8, 2]
43 Worker 6 performing operation 8 on task 21
43 Worker 5 processing task 19 requiring operations [9]
43 Worker 5 performing operation 9 on task 19
44 Generated task 22 with complexity 3 requiring operations [9, 5, 4]
44 Worker 3 accepting task 22
44 Task 18 completed!
44 Worker 5 accepting task 11
44 Worker 1 accepting task 16
44 Worker 6 accepting task 21
44 Task 19 completed!
44 Worker 1 processing task 20 requiring operations [6]
44 Worker 1 performing operation 6 on task 20
44 Worker 6 processing task 21 requiring operations [4, 2]
44 Worker 6 forwarding task 21
44 Worker 5 processing task 11 requiring operations [7]
44 Worker 5 forwarding task 11
44 Worker 3 processing task 22 requiring operations [9, 5, 4]
44 Worker 3 performing operation 4 on task 22
45 Task 20 completed!
45 Worker 0 accepting task 21
45 Worker 1 accepting task 11
45 Worker 3 accepting task 22
45 Worker 1 processing task 16 requiring operations [2, 10]
45 Worker 1 forwarding task 16
45 Worker 3 processing task 22 requiring operations [9, 5]
45 Worker 3 forwarding task 22
45 Worker 0 processing task 21 requiring operations [4, 2]
45 Worker 0 performing operation 4 on task 21
46 Generated task 23 with complexity 3 requiring operations [7, 6, 8]
46 Worker 2 accepting task 23
46 Worker 5 accepting task 16
46 Worker 6 accepting task 22
46 Worker 0 accepting task 21
46 Worker 1 processing task 11 requiring operations [7]
46 Worker 1 forwarding task 11
46 Worker 0 processing task 21 requiring operations [2]
46 Worker 0 forwarding task 21
46 Worker 2 processing task 23 requiring operations [7, 6, 8]
46 Worker 2 forwarding task 23
46 Worker 5 processing task 16 requiring operations [2, 10]
46 Worker 5 performing operation 10 on task 16
46 Worker 6 processing task 22 requiring operations [9, 5]
46 Worker 6 forwarding task 22
47 Worker 4 accepting task 11
47 Worker 2 accepting task 21
47 Worker 6 accepting task 23
47 Worker 5 accepting task 16
47 Worker 4 accepting task 22
47 Worker 2 processing task 21 requiring operations [2]
47 Worker 2 performing operation 2 on task 21
47 Worker 5 processing task 16 requiring operations [2]
47 Worker 5 forwarding task 16
47 Worker 6 processing task 23 requiring operations [7, 6, 8]
47 Worker 6 performing operation 8 on task 23
47 Worker 4 processing task 11 requiring operations [7]
47 Worker 4 performing operation 7 on task 11
48 Generated task 24 with complexity 3 requiring operations [8, 9, 2]
48 Worker 0 accepting task 24
48 Task 21 completed!
48 Worker 3 accepting task 16
48 Worker 6 accepting task 23
48 Task 11 completed!
48 Worker 6 processing task 23 requiring operations [7, 6]
48 Worker 6 forwarding task 23
48 Worker 4 processing task 22 requiring operations [9, 5]
48 Worker 4 forwarding task 22
48 Worker 0 processing task 24 requiring operations [8, 9, 2]
48 Worker 0 forwarding task 24
48 Worker 3 processing task 16 requiring operations [2]
48 Worker 3 forwarding task 16
49 Worker 5 accepting task 23
49 Worker 3 accepting task 22
49 Worker 6 accepting task 24
49 Worker 0 accepting task 16
49 Worker 3 processing task 22 requiring operations [9, 5]
49 Worker 3 forwarding task 22
49 Worker 5 processing task 23 requiring operations [7, 6]
49 Worker 5 forwarding task 23
49 Worker 6 processing task 24 requiring operations [8, 9, 2]
49 Worker 6 performing operation 8 on task 24
49 Worker 0 processing task 16 requiring operations [2]
49 Worker 0 forwarding task 16
50 Generated task 25 with complexity 3 requiring operations [2, 1, 8]
50 Worker 6 accepting task 25
50 Worker 0 accepting task 22
50 Worker 3 accepting task 23
50 Worker 6 accepting task 24
50 Worker 5 accepting task 16
50 Worker 6 processing task 25 requiring operations [2, 1, 8]
50 Worker 6 performing operation 8 on task 25
50 Worker 0 processing task 22 requiring operations [9, 5]
50 Worker 0 forwarding task 22
50 Worker 3 processing task 23 requiring operations [7, 6]
50 Worker 3 forwarding task 23
50 Worker 5 processing task 16 requiring operations [2]
50 Worker 5 forwarding task 16
51 Worker 6 accepting task 25
51 Worker 4 accepting task 22
51 Worker 6 accepting task 23
51 Worker 0 accepting task 16
51 Worker 6 processing task 24 requiring operations [9, 2]
51 Worker 6 forwarding task 24
51 Worker 4 processing task 22 requiring operations [9, 5]
51 Worker 4 forwarding task 22
51 Worker 0 processing task 16 requiring operations [2]
51 Worker 0 forwarding task 16
52 Generated task 26 with complexity 3 requiring operations [1, 5, 9]
52 Worker 0 accepting task 26
52 Worker 5 accepting task 24
52 Worker 2 accepting task 22
52 Worker 5 accepting task 16
52 Worker 6 processing task 25 requiring operations [2, 1]
52 Worker 6 performing operation 1 on task 25
52 Worker 0 processing task 26 requiring operations [1, 5, 9]
52 Worker 0 forwarding task 26
52 Worker 5 processing task 24 requiring operations [9, 2]
52 Worker 5 performing operation 9 on task 24
52 Worker 2 processing task 22 requiring operations [9, 5]
52 Worker 2 performing operation 9 on task 22
53 Worker 6 accepting task 25
53 Worker 2 accepting task 26
53 Worker 5 accepting task 24
53 Worker 2 accepting task 22
53 Worker 6 processing task 23 requiring operations [7, 6]
53 Worker 6 forwarding task 23
53 Worker 5 processing task 16 requiring operations [2]
53 Worker 5 forwarding task 16
53 Worker 2 processing task 26 requiring operations [1, 5, 9]
53 Worker 2 performing operation 9 on task 26
54 Generated task 27 with complexity 3 requiring operations [1, 9, 3]
54 Worker 1 accepting task 27
54 Worker 1 accepting task 23
54 Worker 1 accepting task 16
54 Worker 2 accepting task 26
54 Worker 6 processing task 25 requiring operations [2]
54 Worker 6 forwarding task 25
54 Worker 5 processing task 24 requiring operations [2]
54 Worker 5 forwarding task 24
54 Worker 2 processing task 22 requiring operations [5]
54 Worker 2 forwarding task 22
54 Worker 1 processing task 27 requiring operations [1, 9, 3]
54 Worker 1 performing operation 1 on task 27
55 Worker 3 accepting task 25
55 Worker 3 accepting task 24
55 Worker 1 accepting task 22
55 Worker 1 accepting task 27
55 Worker 2 processing task 26 requiring operations [1, 5]
55 Worker 2 performing operation 1 on task 26
55 Worker 1 processing task 23 requiring operations [7, 6]
55 Worker 1 performing operation 6 on task 23
55 Worker 3 processing task 25 requiring operations [2]
55 Worker 3 forwarding task 25
56 Generated task 28 with complexity 3 requiring operations [7, 3, 1]
56 Worker 2 accepting task 28
56 Worker 2 accepting task 26
56 Worker 1 accepting task 23
56 Worker 0 accepting task 25
56 Worker 2 processing task 28 requiring operations [7, 3, 1]
56 Worker 2 performing operation 3 on task 28
56 Worker 1 processing task 16 requiring operations [2]
56 Worker 1 forwarding task 16
56 Worker 3 processing task 24 requiring operations [2]
56 Worker 3 forwarding task 24
56 Worker 0 processing task 25 requiring operations [2]
56 Worker 0 forwarding task 25
57 Worker 2 accepting task 28
57 Worker 4 accepting task 16
57 Worker 0 accepting task 24
57 Worker 6 accepting task 25
57 Worker 2 processing task 26 requiring operations [5]
57 Worker 2 forwarding task 26
57 Worker 1 processing task 22 requiring operations [5]
57 Worker 1 performing operation 5 on task 22
57 Worker 0 processing task 24 requiring operations [2]
57 Worker 0 forwarding task 24
57 Worker 4 processing task 16 requiring operations [2]
57 Worker 4 forwarding task 16
57 Worker 6 processing task 25 requiring operations [2]
57 Worker 6 forwarding task 25
58 Generated task 29 with complexity 3 requiring operations [7, 10, 2]
58 Worker 3 accepting task 29
58 Worker 3 accepting task 26
58 Task 22 completed!
58 Worker 1 accepting task 24
58 Worker 1 accepting task 16
58 Worker 5 accepting task 25
58 Worker 2 processing task 28 requiring operations [7, 1]
58 Worker 2 performing operation 1 on task 28
58 Worker 1 processing task 27 requiring operations [9, 3]
58 Worker 1 performing operation 3 on task 27
58 Worker 3 processing task 29 requiring operations [7, 10, 2]
58 Worker 3 forwarding task 29
58 Worker 5 processing task 25 requiring operations [2]
58 Worker 5 forwarding task 25
59 Worker 2 accepting task 28
59 Worker 1 accepting task 27
59 Worker 5 accepting task 29
59 Worker 1 accepting task 25
59 Worker 2 processing task 28 requiring operations [7]
59 Worker 2 forwarding task 28
59 Worker 1 processing task 23 requiring operations [7]
59 Worker 1 forwarding task 23
59 Worker 3 processing task 26 requiring operations [5]
59 Worker 3 forwarding task 26
59 Worker 5 processing task 29 requiring operations [7, 10, 2]
59 Worker 5 performing operation 10 on task 29
60 Generated task 30 with complexity 3 requiring operations [6, 8, 2]
60 Worker 3 accepting task 30
60 Worker 4 accepting task 28
60 Worker 4 accepting task 23
60 Worker 4 accepting task 26
60 Worker 5 accepting task 29
60 Worker 1 processing task 24 requiring operations [2]
60 Worker 1 forwarding task 24
60 Worker 3 processing task 30 requiring operations [6, 8, 2]
60 Worker 3 forwarding task 30
60 Worker 5 processing task 29 requiring operations [7, 2]
60 Worker 5 forwarding task 29
60 Worker 4 processing task 28 requiring operations [7]
60 Worker 4 performing operation 7 on task 28
61 Worker 0 accepting task 24
61 Worker 0 accepting task 30
61 Worker 4 accepting task 29
61 Task 28 completed!
61 Worker 1 processing task 16 requiring operations [2]
61 Worker 1 forwarding task 16
61 Worker 4 processing task 23 requiring operations [7]
61 Worker 4 performing operation 7 on task 23
61 Worker 0 processing task 24 requiring operations [2]
61 Worker 0 forwarding task 24
62 Generated task 31 with complexity 3 requiring operations [10, 7, 3]
62 Worker 6 accepting task 31
62 Worker 0 accepting task 16
62 Task 23 completed!
62 Worker 1 accepting task 24
62 Worker 1 processing task 27 requiring operations [9]
62 Worker 1 forwarding task 27
62 Worker 4 processing task 26 requiring operations [5]
62 Worker 4 forwarding task 26
62 Worker 0 processing task 30 requiring operations [6, 8, 2]
62 Worker 0 forwarding task 30
62 Worker 6 processing task 31 requiring operations [10, 7, 3]
62 Worker 6 forwarding task 31
63 Worker 6 accepting task 27
63 Worker 2 accepting task 26
63 Worker 5 accepting task 30
63 Worker 1 accepting task 31
63 Worker 1 processing task 25 requiring operations [2]
63 Worker 1 forwarding task 25
63 Worker 4 processing task 29 requiring operations [7, 2]
63 Worker 4 performing operation 7 on task 29
63 Worker 0 processing task 16 requiring operations [2]
63 Worker 0 forwarding task 16
63 Worker 6 processing task 27 requiring operations [9]
63 Worker 6 forwarding task 27
63 Worker 2 processing task 26 requiring operations [5]
63 Worker 2 forwarding task 26
63 Worker 5 processing task 30 requiring operations [6, 8, 2]
63 Worker 5 forwarding task 30
64 Generated task 32 with complexity 3 requiring operations [1, 2, 4]
64 Worker 6 accepting task 32
64 Worker 0 accepting task 25
64 Worker 4 accepting task 29
64 Worker 4 accepting task 16
64 Worker 2 accepting task 27
64 Worker 3 accepting task 26
64 Worker 2 accepting task 30
64 Worker 1 processing task 24 requiring operations [2]
64 Worker 1 forwarding task 24
64 Worker 4 processing task 29 requiring operations [2]
64 Worker 4 forwarding task 29
64 Worker 0 processing task 25 requiring operations [2]
64 Worker 0 forwarding task 25
64 Worker 6 processing task 32 requiring operations [1, 2, 4]
64 Worker 6 performing operation 1 on task 32
64 Worker 2 processing task 27 requiring operations [9]
64 Worker 2 performing operation 9 on task 27
64 Worker 3 processing task 26 requiring operations [5]
64 Worker 3 forwarding task 26
65 Worker 3 accepting task 24
65 Worker 2 accepting task 29
65 Worker 1 accepting task 25
65 Worker 6 accepting task 32
65 Task 27 completed!
65 Worker 4 accepting task 26
65 Worker 1 processing task 31 requiring operations [10, 7, 3]
65 Worker 1 performing operation 3 on task 31
65 Worker 4 processing task 16 requiring operations [2]
65 Worker 4 forwarding task 16
65 Worker 6 processing task 32 requiring operations [2, 4]
65 Worker 6 forwarding task 32
65 Worker 2 processing task 30 requiring operations [6, 8, 2]
65 Worker 2 performing operation 2 on task 30
65 Worker 3 processing task 24 requiring operations [2]
65 Worker 3 forwarding task 24
66 Generated task 33 with complexity 3 requiring operations [9, 10, 8]
66 Worker 4 accepting task 33
66 Worker 1 accepting task 31
66 Worker 2 accepting task 16
66 Worker 1 accepting task 32
66 Worker 2 accepting task 30
66 Worker 6 accepting task 24
66 Worker 1 processing task 25 requiring operations [2]
66 Worker 1 forwarding task 25
66 Worker 4 processing task 26 requiring operations [5]
66 Worker 4 forwarding task 26
66 Worker 2 processing task 29 requiring operations [2]
66 Worker 2 performing operation 2 on task 29
66 Worker 6 processing task 24 requiring operations [2]
66 Worker 6 forwarding task 24
67 Worker 6 accepting task 25
67 Worker 5 accepting task 26
67 Task 29 completed!
67 Worker 4 accepting task 24
67 Worker 1 processing task 31 requiring operations [10, 7]
67 Worker 1 forwarding task 31
67 Worker 4 processing task 33 requiring operations [9, 10, 8]
67 Worker 4 performing operation 8 on task 33
67 Worker 2 processing task 16 requiring operations [2]
67 Worker 2 performing operation 2 on task 16
67 Worker 6 processing task 25 requiring operations [2]
67 Worker 6 forwarding task 25
67 Worker 5 processing task 26 requiring operations [5]
67 Worker 5 forwarding task 26
68 Generated task 34 with complexity 3 requiring operations [10, 4, 1]
68 Worker 5 accepting task 34
68 Worker 2 accepting task 31
68 Worker 4 accepting task 33
68 Task 16 completed!
68 Worker 5 accepting task 25
68 Worker 3 accepting task 26
68 Worker 1 processing task 32 requiring operations [2, 4]
68 Worker 1 forwarding task 32
68 Worker 4 processing task 24 requiring operations [2]
68 Worker 4 forwarding task 24
68 Worker 2 processing task 30 requiring operations [6, 8]
68 Worker 2 forwarding task 30
68 Worker 5 processing task 34 requiring operations [10, 4, 1]
68 Worker 5 performing operation 10 on task 34
68 Worker 3 processing task 26 requiring operations [5]
68 Worker 3 forwarding task 26
69 Worker 5 accepting task 32
69 Worker 2 accepting task 24
69 Worker 6 accepting task 30
69 Worker 5 accepting task 34
69 Worker 1 accepting task 26
69 Worker 4 processing task 33 requiring operations [9, 10]
69 Worker 4 forwarding task 33
69 Worker 2 processing task 31 requiring operations [10, 7]
69 Worker 2 performing operation 10 on task 31
69 Worker 5 processing task 25 requiring operations [2]
69 Worker 5 forwarding task 25
69 Worker 6 processing task 30 requiring operations [6, 8]
69 Worker 6 performing operation 8 on task 30
69 Worker 1 processing task 26 requiring operations [5]
69 Worker 1 performing operation 5 on task 26
70 Generated task 35 with complexity 3 requiring operations [5, 7, 1]
70 Worker 2 accepting task 35
70 Worker 5 accepting task 33
70 Worker 2 accepting task 31
70 Worker 1 accepting task 25
70 Worker 6 accepting task 30
70 Task 26 completed!
70 Worker 2 processing task 24 requiring operations [2]
70 Worker 2 performing operation 2 on task 24
70 Worker 5 processing task 32 requiring operations [2, 4]
70 Worker 5 forwarding task 32
70 Worker 6 processing task 30 requiring operations [6]
70 Worker 6 forwarding task 30
70 Worker 1 processing task 25 requiring operations [2]
70 Worker 1 forwarding task 25
71 Task 24 completed!
71 Worker 1 accepting task 32
71 Worker 0 accepting task 30
71 Worker 5 accepting task 25
71 Worker 2 processing task 35 requiring operations [5, 7, 1]
71 Worker 2 performing operation 1 on task 35
71 Worker 5 processing task 34 requiring operations [4, 1]
71 Worker 5 forwarding task 34
71 Worker 1 processing task 32 requiring operations [2, 4]
71 Worker 1 forwarding task 32
71 Worker 0 processing task 30 requiring operations [6]
71 Worker 0 forwarding task 30
72 Generated task 36 with complexity 3 requiring operations [6, 2, 4]
72 Worker 2 accepting task 36
72 Worker 2 accepting task 35
72 Worker 0 accepting task 34
72 Worker 3 accepting task 32
72 Worker 6 accepting task 30
72 Worker 2 processing task 31 requiring operations [7]
72 Worker 2 forwarding task 31
72 Worker 5 processing task 33 requiring operations [9, 10]
72 Worker 5 performing operation 9 on task 33
72 Worker 0 processing task 34 requiring operations [4, 1]
72 Worker 0 performing operation 4 on task 34
72 Worker 3 processing task 32 requiring operations [2, 4]
72 Worker 3 performing operation 4 on task 32
72 Worker 6 processing task 30 requiring operations [6]
72 Worker 6 forwarding task 30
73 Worker 0 accepting task 31
73 Worker 5 accepting task 33
73 Worker 0 accepting task 34
73 Worker 3 accepting task 32
73 Worker 5 accepting task 30
73 Worker 2 processing task 36 requiring operations [6, 2, 4]
73 Worker 2 performing operation 2 on task 36
73 Worker 5 processing task 25 requiring operations [2]
73 Worker 5 forwarding task 25
73 Worker 0 processing task 31 requiring operations [7]
73 Worker 0 performing operation 7 on task 31
73 Worker 3 processing task 32 requiring operations [2]
73 Worker 3 forwarding task 32
74 Generated task 37 with complexity 3 requiring operations [1, 2, 10]
74 Worker 2 accepting task 37
74 Worker 2 accepting task 36
74 Worker 3 accepting task 25
74 Task 31 completed!
74 Worker 6 accepting task 32
74 Worker 2 processing task 35 requiring operations [5, 7]
74 Worker 2 forwarding task 35
74 Worker 5 processing task 33 requiring operations [10]
74 Worker 5 performing operation 10 on task 33
74 Worker 0 processing task 34 requiring operations [1]
74 Worker 0 forwarding task 34
74 Worker 3 processing task 25 requiring operations [2]
74 Worker 3 forwarding task 25
74 Worker 6 processing task 32 requiring operations [2]
74 Worker 6 forwarding task 32
75 Worker 1 accepting task 35
75 Task 33 completed!
75 Worker 2 accepting task 34
75 Worker 6 accepting task 25
75 Worker 3 accepting task 32
75 Worker 2 processing task 37 requiring operations [1, 2, 10]
75 Worker 2 performing operation 2 on task 37
75 Worker 5 processing task 30 requiring operations [6]
75 Worker 5 forwarding task 30
75 Worker 6 processing task 25 requiring operations [2]
75 Worker 6 forwarding task 25
75 Worker 1 processing task 35 requiring operations [5, 7]
75 Worker 1 performing operation 5 on task 35
75 Worker 3 processing task 32 requiring operations [2]
75 Worker 3 forwarding task 32
76 Generated task 38 with complexity 3 requiring operations [2, 3, 9]
76 Worker 5 accepting task 38
76 Worker 2 accepting task 37
76 Worker 0 accepting task 30
76 Worker 5 accepting task 25
76 Worker 1 accepting task 35
76 Worker 5 accepting task 32
76 Worker 2 processing task 36 requiring operations [6, 4]
76 Worker 2 forwarding task 36
76 Worker 5 processing task 38 requiring operations [2, 3, 9]
76 Worker 5 performing operation 9 on task 38
76 Worker 1 processing task 35 requiring operations [7]
76 Worker 1 forwarding task 35
76 Worker 0 processing task 30 requiring operations [6]
76 Worker 0 forwarding task 30
77 Worker 4 accepting task 36
77 Worker 5 accepting task 38
77 Worker 5 accepting task 35
77 Worker 5 accepting task 30
77 Worker 2 processing task 34 requiring operations [1]
77 Worker 2 performing operation 1 on task 34
77 Worker 5 processing task 25 requiring operations [2]
77 Worker 5 forwarding task 25
77 Worker 4 processing task 36 requiring operations [6, 4]
77 Worker 4 forwarding task 36
78 Generated task 39 with complexity 3 requiring operations [7, 8, 1]
78 Worker 3 accepting task 39
78 Task 34 completed!
78 Worker 4 accepting task 25
78 Worker 6 accepting task 36
78 Worker 2 processing task 37 requiring operations [1, 10]
78 Worker 2 performing operation 1 on task 37
78 Worker 5 processing task 32 requiring operations [2]
78 Worker 5 forwarding task 32
78 Worker 4 processing task 25 requiring operations [2]
78 Worker 4 forwarding task 25
78 Worker 3 processing task 39 requiring operations [7, 8, 1]
78 Worker 3 performing operation 1 on task 39
78 Worker 6 processing task 36 requiring operations [6, 4]
78 Worker 6 forwarding task 36
79 Worker 2 accepting task 37
79 Worker 4 accepting task 32
79 Worker 0 accepting task 25
79 Worker 3 accepting task 39
79 Worker 5 accepting task 36
79 Worker 2 processing task 37 requiring operations [10]
79 Worker 2 performing operation 10 on task 37
79 Worker 5 processing task 38 requiring operations [2, 3]
79 Worker 5 forwarding task 38
79 Worker 4 processing task 32 requiring operations [2]
79 Worker 4 forwarding task 32
79 Worker 3 processing task 39 requiring operations [7, 8]
79 Worker 3 forwarding task 39
79 Worker 0 processing task 25 requiring operations [2]
79 Worker 0 forwarding task 25
80 Generated task 40 with complexity 3 requiring operations [1, 2, 6]
80 Worker 1 accepting task 40
80 Task 37 completed!
80 Worker 0 accepting task 38
80 Worker 2 accepting task 32
80 Worker 4 accepting task 39
80 Worker 2 accepting task 25
80 Worker 5 processing task 35 requiring operations [7]
80 Worker 5 forwarding task 35
80 Worker 0 processing task 38 requiring operations [2, 3]
80 Worker 0 forwarding task 38
80 Worker 1 processing task 40 requiring operations [1, 2, 6]
80 Worker 1 performing operation 6 on task 40
80 Worker 2 processing task 32 requiring operations [2]
80 Worker 2 performing operation 2 on task 32
80 Worker 4 processing task 39 requiring operations [7, 8]
80 Worker 4 performing operation 7 on task 39
81 Worker 6 accepting task 35
81 Worker 3 accepting task 38
81 Worker 1 accepting task 40
81 Task 32 completed!
81 Worker 4 accepting task 39
81 Worker 5 processing task 30 requiring operations [6]
81 Worker 5 forwarding task 30
81 Worker 1 processing task 40 requiring operations [1, 2]
81 Worker 1 performing operation 1 on task 40
81 Worker 2 processing task 25 requiring operations [2]
81 Worker 2 performing operation 2 on task 25
81 Worker 4 processing task 39 requiring operations [8]
81 Worker 4 performing operation 8 on task 39
81 Worker 6 processing task 35 requiring operations [7]
81 Worker 6 forwarding task 35
81 Worker 3 processing task 38 requiring operations [2, 3]
81 Worker 3 forwarding task 38
82 Generated task 41 with complexity 3 requiring operations [3, 2, 7]
82 Worker 0 accepting task 41
82 Worker 6 accepting task 30
82 Worker 1 accepting task 40
82 Task 25 completed!
82 Task 39 completed!
82 Worker 1 accepting task 35
82 Worker 0 accepting task 38
82 Worker 5 processing task 36 requiring operations [6, 4]
82 Worker 5 forwarding task 36
82 Worker 1 processing task 40 requiring operations [2]
82 Worker 1 forwarding task 40
82 Worker 6 processing task 30 requiring operations [6]
82 Worker 6 forwarding task 30
82 Worker 0 processing task 41 requiring operations [3, 2, 7]
82 Worker 0 performing operation 7 on task 41
83 Worker 3 accepting task 36
83 Worker 5 accepting task 40
83 Worker 5 accepting task 30
83 Worker 0 accepting task 41
83 Worker 1 processing task 35 requiring operations [7]
83 Worker 1 forwarding task 35
83 Worker 0 processing task 38 requiring operations [2, 3]
83 Worker 0 forwarding task 38
83 Worker 3 processing task 36 requiring operations [6, 4]
83 Worker 3 performing operation 4 on task 36
83 Worker 5 processing task 40 requiring operations [2]
83 Worker 5 forwarding task 40
84 Generated task 42 with complexity 3 requiring operations [7, 2, 10]
84 Worker 6 accepting task 42
84 Worker 0 accepting task 35
84 Worker 2 accepting task 38
84 Worker 3 accepting task 36
84 Worker 0 accepting task 40
84 Worker 0 processing task 41 requiring operations [3, 2]
84 Worker 0 forwarding task 41
84 Worker 3 processing task 36 requiring operations [6]
84 Worker 3 forwarding task 36
84 Worker 5 processing task 30 requiring operations [6]
84 Worker 5 forwarding task 30
84 Worker 6 processing task 42 requiring operations [7, 2, 10]
84 Worker 6 forwarding task 42
84 Worker 2 processing task 38 requiring operations [2, 3]
84 Worker 2 performing operation 2 on task 38
85 Worker 6 accepting task 41
85 Worker 4 accepting task 36
85 Worker 1 accepting task 30
85 Worker 1 accepting task 42
85 Worker 2 accepting task 38
85 Worker 0 processing task 35 requiring operations [7]
85 Worker 0 performing operation 7 on task 35
85 Worker 6 processing task 41 requiring operations [3, 2]
85 Worker 6 forwarding task 41
85 Worker 2 processing task 38 requiring operations [3]
85 Worker 2 performing operation 3 on task 38
85 Worker 4 processing task 36 requiring operations [6]
85 Worker 4 forwarding task 36
85 Worker 1 processing task 30 requiring operations [6]
85 Worker 1 performing operation 6 on task 30
86 Generated task 43 with complexity 3 requiring operations [6, 9, 1]
86 Worker 4 accepting task 43
86 Task 35 completed!
86 Worker 4 accepting task 41
86 Task 38 completed!
86 Worker 1 accepting task 36
86 Task 30 completed!
86 Worker 0 processing task 40 requiring operations [2]
86 Worker 0 forwarding task 40
86 Worker 4 processing task 43 requiring operations [6, 9, 1]
86 Worker 4 performing operation 1 on task 43
86 Worker 1 processing task 42 requiring operations [7, 2, 10]
86 Worker 1 forwarding task 42
87 Worker 3 accepting task 40
87 Worker 4 accepting task 43
87 Worker 0 accepting task 42
87 Worker 4 processing task 41 requiring operations [3, 2]
87 Worker 4 forwarding task 41
87 Worker 1 processing task 36 requiring operations [6]
87 Worker 1 performing operation 6 on task 36
87 Worker 3 processing task 40 requiring operations [2]
87 Worker 3 forwarding task 40
87 Worker 0 processing task 42 requiring operations [7, 2, 10]
87 Worker 0 performing operation 7 on task 42
88 Generated task 44 with complexity 3 requiring operations [10, 7, 6]
88 Worker 5 accepting task 44
88 Worker 5 accepting task 41
88 Task 36 completed!
88 Worker 0 accepting task 40
88 Worker 0 accepting task 42
88 Worker 4 processing task 43 requiring operations [6, 9]
88 Worker 4 forwarding task 43
88 Worker 0 processing task 40 requiring operations [2]
88 Worker 0 forwarding task 40
88 Worker 5 processing task 44 requiring operations [10, 7, 6]
88 Worker 5 performing operation 10 on task 44
89 Worker 6 accepting task 43
89 Worker 3 accepting task 40
89 Worker 5 accepting task 44
89 Worker 0 processing task 42 requiring operations [2, 10]
89 Worker 0 forwarding task 42
89 Worker 5 processing task 41 requiring operations [3, 2]
89 Worker 5 forwarding task 41
89 Worker 6 processing task 43 requiring operations [6, 9]
89 Worker 6 forwarding task 43
89 Worker 3 processing task 40 requiring operations [2]
89 Worker 3 forwarding task 40
90 Generated task 45 with complexity 3 requiring operations [2, 4, 6]
90 Worker 3 accepting task 45
90 Worker 5 accepting task 42
90 Worker 0 accepting task 41
90 Worker 3 accepting task 43
90 Worker 0 accepting task 40
90 Worker 5 processing task 44 requiring operations [7, 6]
90 Worker 5 forwarding task 44
90 Worker 3 processing task 45 requiring operations [2, 4, 6]
90 Worker 3 performing operation 4 on task 45
90 Worker 0 processing task 41 requiring operations [3, 2]
90 Worker 0 forwarding task 41
91 Worker 2 accepting task 44
91 Worker 3 accepting task 45
91 Worker 3 accepting task 41
91 Worker 5 processing task 42 requiring operations [2, 10]
91 Worker 5 performing operation 10 on task 42
91 Worker 3 processing task 43 requiring operations [6, 9]
91 Worker 3 forwarding task 43
91 Worker 0 processing task 40 requiring operations [2]
91 Worker 0 forwarding task 40
91 Worker 2 processing task 44 requiring operations [7, 6]
91 Worker 2 forwarding task 44
92 Generated task 46 with complexity 3 requiring operations [3, 7, 2]
92 Worker 1 accepting task 46
92 Worker 5 accepting task 42
92 Worker 2 accepting task 43
92 Worker 3 accepting task 40
92 Worker 6 accepting task 44
92 Worker 5 processing task 42 requiring operations [2]
92 Worker 5 forwarding task 42
92 Worker 3 processing task 45 requiring operations [2, 6]
92 Worker 3 forwarding task 45
92 Worker 2 processing task 43 requiring operations [6, 9]
92 Worker 2 performing operation 9 on task 43
92 Worker 1 processing task 46 requiring operations [3, 7, 2]
92 Worker 1 performing operation 3 on task 46
92 Worker 6 processing task 44 requiring operations [7, 6]
92 Worker 6 forwarding task 44
93 Worker 3 accepting task 42
93 Worker 0 accepting task 45
93 Worker 2 accepting task 43
93 Worker 1 accepting task 46
93 Worker 4 accepting task 44
93 Worker 3 processing task 41 requiring operations [3, 2]
93 Worker 3 forwarding task 41
93 Worker 2 processing task 43 requiring operations [6]
93 Worker 2 forwarding task 43
93 Worker 1 processing task 46 requiring operations [7, 2]
93 Worker 1 forwarding task 46
93 Worker 0 processing task 45 requiring operations [2, 6]
93 Worker 0 forwarding task 45
93 Worker 4 processing task 44 requiring operations [7, 6]
93 Worker 4 performing operation 7 on task 44
94 Generated task 47 with complexity 3 requiring operations [10, 3, 1]
94 Worker 2 accepting task 47
94 Worker 0 accepting task 41
94 Worker 6 accepting task 43
94 Worker 2 accepting task 46
94 Worker 6 accepting task 45
94 Worker 4 accepting task 44
94 Worker 3 processing task 40 requiring operations [2]
94 Worker 3 forwarding task 40
94 Worker 2 processing task 47 requiring operations [10, 3, 1]
94 Worker 2 performing operation 1 on task 47
94 Worker 0 processing task 41 requiring operations [3, 2]
94 Worker 0 forwarding task 41
94 Worker 4 processing task 44 requiring operations [6]
94 Worker 4 forwarding task 44
94 Worker 6 processing task 43 requiring operations [6]
94 Worker 6 forwarding task 43
95 Worker 5 accepting task 40
95 Worker 2 accepting task 47
95 Worker 3 accepting task 41
95 Worker 3 accepting task 44
95 Worker 5 accepting task 43
95 Worker 3 processing task 42 requiring operations [2]
95 Worker 3 forwarding task 42
95 Worker 2 processing task 46 requiring operations [7, 2]
95 Worker 2 performing operation 2 on task 46
95 Worker 6 processing task 45 requiring operations [2, 6]
95 Worker 6 forwarding task 45
95 Worker 5 processing task 40 requiring operations [2]
95 Worker 5 forwarding task 40
96 Generated task 48 with complexity 3 requiring operations [10, 3, 5]
96 Worker 6 accepting task 48
96 Worker 6 accepting task 42
96 Worker 2 accepting task 46
96 Worker 4 accepting task 45
96 Worker 0 accepting task 40
96 Worker 3 processing task 41 requiring operations [3, 2]
96 Worker 3 forwarding task 41
96 Worker 2 processing task 47 requiring operations [10, 3]
96 Worker 2 performing operation 3 on task 47
96 Worker 6 processing task 48 requiring operations [10, 3, 5]
96 Worker 6 forwarding task 48
96 Worker 5 processing task 43 requiring operations [6]
96 Worker 5 forwarding task 43
96 Worker 4 processing task 45 requiring operations [2, 6]
96 Worker 4 forwarding task 45
96 Worker 0 processing task 40 requiring operations [2]
96 Worker 0 forwarding task 40
97 Worker 5 accepting task 41
97 Worker 2 accepting task 47
97 Worker 0 accepting task 48
97 Worker 0 accepting task 43
97 Worker 1 accepting task 45
97 Worker 1 accepting task 40
97 Worker 3 processing task 44 requiring operations [6]
97 Worker 3 forwarding task 44
97 Worker 2 processing task 46 requiring operations [7]
97 Worker 2 forwarding task 46
97 Worker 6 processing task 42 requiring operations [2]
97 Worker 6 forwarding task 42
97 Worker 5 processing task 41 requiring operations [3, 2]
97 Worker 5 forwarding task 41
97 Worker 0 processing task 48 requiring operations [10, 3, 5]
97 Worker 0 forwarding task 48
97 Worker 1 processing task 45 requiring operations [2, 6]
97 Worker 1 performing operation 6 on task 45
98 Generated task 49 with complexity 3 requiring operations [9, 5, 10]
98 Worker 6 accepting task 49
98 Worker 4 accepting task 44
98 Worker 4 accepting task 46
98 Worker 1 accepting task 42
98 Worker 4 accepting task 41
98 Worker 1 accepting task 48
98 Worker 1 accepting task 45
98 Worker 2 processing task 47 requiring operations [10]
98 Worker 2 performing operation 10 on task 47
98 Worker 6 processing task 49 requiring operations [9, 5, 10]
98 Worker 6 forwarding task 49
98 Worker 0 processing task 43 requiring operations [6]
98 Worker 0 forwarding task 43
98 Worker 1 processing task 40 requiring operations [2]
98 Worker 1 forwarding task 40
98 Worker 4 processing task 44 requiring operations [6]
98 Worker 4 forwarding task 44
99 Task 47 completed!
99 Worker 2 accepting task 49
99 Worker 3 accepting task 43
99 Worker 4 accepting task 40
99 Worker 2 accepting task 44
99 Worker 1 processing task 42 requiring operations [2]
99 Worker 1 forwarding task 42
99 Worker 4 processing task 46 requiring operations [7]
99 Worker 4 performing operation 7 on task 46
99 Worker 2 processing task 49 requiring operations [9, 5, 10]
99 Worker 2 performing operation 9 on task 49
99 Worker 3 processing task 43 requiring operations [6]
99 Worker 3 forwarding task 43
100 Generated task 50 with complexity 3 requiring operations [3, 2, 9]
100 Worker 2 accepting task 50
100 Worker 0 accepting task 42
100 Task 46 completed!
100 Worker 2 accepting task 49
100 Worker 2 accepting task 43
100 Worker 1 processing task 48 requiring operations [10, 3, 5]
100 Worker 1 performing operation 3 on task 48
100 Worker 4 processing task 41 requiring operations [3, 2]
100 Worker 4 forwarding task 41
100 Worker 2 processing task 44 requiring operations [6]
100 Worker 2 forwarding task 44
100 Worker 0 processing task 42 requiring operations [2]
100 Worker 0 forwarding task 42
101 Worker 1 accepting task 48
101 Worker 1 accepting task 41
101 Worker 1 accepting task 44
101 Worker 3 accepting task 42
101 Worker 1 processing task 45 requiring operations [2]
101 Worker 1 forwarding task 45
101 Worker 4 processing task 40 requiring operations [2]
101 Worker 4 forwarding task 40
101 Worker 2 processing task 50 requiring operations [3, 2, 9]
101 Worker 2 performing operation 9 on task 50
101 Worker 3 processing task 42 requiring operations [2]
101 Worker 3 forwarding task 42
102 Generated task 51 with complexity 3 requiring operations [9, 8, 2]
102 Worker 4 accepting task 51
102 Worker 6 accepting task 45
102 Worker 3 accepting task 40
102 Worker 2 accepting task 50
102 Worker 1 accepting task 42
102 Worker 1 processing task 48 requiring operations [10, 5]
102 Worker 1 performing operation 5 on task 48
102 Worker 4 processing task 51 requiring operations [9, 8, 2]
102 Worker 4 performing operation 8 on task 51
102 Worker 2 processing task 49 requiring operations [5, 10]
102 Worker 2 performing operation 10 on task 49
102 Worker 3 processing task 40 requiring operations [2]
102 Worker 3 forwarding task 40
102 Worker 6 processing task 45 requiring operations [2]
102 Worker 6 forwarding task 45
103 Worker 1 accepting task 48
103 Worker 4 accepting task 51
103 Worker 2 accepting task 49
103 Worker 2 accepting task 40
103 Worker 2 accepting task 45
103 Worker 1 processing task 41 requiring operations [3, 2]
103 Worker 1 performing operation 3 on task 41
103 Worker 4 processing task 51 requiring operations [9, 2]
103 Worker 4 forwarding task 51
103 Worker 2 processing task 43 requiring operations [6]
103 Worker 2 forwarding task 43
104 Generated task 52 with complexity 3 requiring operations [10, 9, 8]
104 Worker 2 accepting task 52
104 Worker 1 accepting task 41
104 Worker 0 accepting task 51
104 Worker 3 accepting task 43
104 Worker 1 processing task 44 requiring operations [6]
104 Worker 1 performing operation 6 on task 44
104 Worker 2 processing task 50 requiring operations [3, 2]
104 Worker 2 performing operation 2 on task 50
104 Worker 0 processing task 51 requiring operations [9, 2]
104 Worker 0 forwarding task 51
104 Worker 3 processing task 43 requiring operations [6]
104 Worker 3 forwarding task 43
105 Task 44 completed!
105 Worker 2 accepting task 50
105 Worker 2 accepting task 51
105 Worker 2 accepting task 43
105 Worker 1 processing task 42 requiring operations [2]
105 Worker 1 forwarding task 42
105 Worker 2 processing task 49 requiring operations [5]
105 Worker 2 forwarding task 49
106 Generated task 53 with complexity 3 requiring operations [4, 2, 7]
106 Worker 4 accepting task 53
106 Worker 4 accepting task 42
106 Worker 4 accepting task 49
106 Worker 1 processing task 48 requiring operations [10]
106 Worker 1 forwarding task 48
106 Worker 2 processing task 40 requiring operations [2]
106 Worker 2 performing operation 2 on task 40
106 Worker 4 processing task 53 requiring operations [4, 2, 7]
106 Worker 4 performing operation 7 on task 53
107 Worker 0 accepting task 48
107 Task 40 completed!
107 Worker 4 accepting task 53
107 Worker 1 processing task 41 requiring operations [2]
107 Worker 1 forwarding task 41
107 Worker 2 processing task 45 requiring operations [2]
107 Worker 2 performing operation 2 on task 45
107 Worker 4 processing task 42 requiring operations [2]
107 Worker 4 forwarding task 42
107 Worker 0 processing task 48 requiring operations [10]
107 Worker 0 forwarding task 48
108 Generated task 54 with complexity 3 requiring operations [5, 8, 4]
108 Worker 0 accepting task 54
108 Worker 0 accepting task 41
108 Task 45 completed!
108 Worker 5 accepting task 42
108 Worker 5 accepting task 48
108 Worker 2 processing task 52 requiring operations [10, 9, 8]
108 Worker 2 performing operation 10 on task 52
108 Worker 4 processing task 49 requiring operations [5]
108 Worker 4 forwarding task 49
108 Worker 0 processing task 54 requiring operations [5, 8, 4]
108 Worker 0 performing operation 4 on task 54
108 Worker 5 processing task 42 requiring operations [2]
108 Worker 5 forwarding task 42
109 Worker 2 accepting task 52
109 Worker 1 accepting task 49
109 Worker 0 accepting task 54
109 Worker 1 accepting task 42
109 Worker 2 processing task 50 requiring operations [3]
109 Worker 2 performing operation 3 on task 50
109 Worker 4 processing task 53 requiring operations [4, 2]
109 Worker 4 forwarding task 53
109 Worker 0 processing task 41 requiring operations [2]
109 Worker 0 forwarding task 41
109 Worker 5 processing task 48 requiring operations [10]
109 Worker 5 performing operation 10 on task 48
109 Worker 1 processing task 49 requiring operations [5]
109 Worker 1 performing operation 5 on task 49
110 Generated task 55 with complexity 3 requiring operations [6, 10, 9]
110 Worker 4 accepting task 55
110 Task 50 completed!
110 Worker 1 accepting task 53
110 Worker 3 accepting task 41
110 Task 48 completed!
110 Task 49 completed!
110 Worker 2 processing task 51 requiring operations [9, 2]
110 Worker 2 performing operation 9 on task 51
110 Worker 4 processing task 55 requiring operations [6, 10, 9]
110 Worker 4 forwarding task 55
110 Worker 0 processing task 54 requiring operations [5, 8]
110 Worker 0 forwarding task 54
110 Worker 1 processing task 42 requiring operations [2]
110 Worker 1 forwarding task 42
110 Worker 3 processing task 41 requiring operations [2]
110 Worker 3 forwarding task 41
111 Worker 2 accepting task 51
111 Worker 5 accepting task 55
111 Worker 1 accepting task 54
111 Worker 2 accepting task 42
111 Worker 1 accepting task 41
111 Worker 2 processing task 43 requiring operations [6]
111 Worker 2 forwarding task 43
111 Worker 1 processing task 53 requiring operations [4, 2]
111 Worker 1 forwarding task 53
111 Worker 5 processing task 55 requiring operations [6, 10, 9]
111 Worker 5 performing operation 10 on task 55
112 Generated task 56 with complexity 3 requiring operations [9, 6, 3]
112 Worker 5 accepting task 56
112 Worker 4 accepting task 43
112 Worker 2 accepting task 53
112 Worker 5 accepting task 55
112 Worker 2 processing task 52 requiring operations [9, 8]
112 Worker 2 performing operation 9 on task 52
112 Worker 1 processing task 54 requiring operations [5, 8]
112 Worker 1 performing operation 5 on task 54
112 Worker 5 processing task 56 requiring operations [9, 6, 3]
112 Worker 5 performing operation 9 on task 56
112 Worker 4 processing task 43 requiring operations [6]
112 Worker 4 forwarding task 43
113 Worker 2 accepting task 52
113 Worker 1 accepting task 54
113 Worker 5 accepting task 56
113 Worker 0 accepting task 43
113 Worker 2 processing task 51 requiring operations [2]
113 Worker 2 performing operation 2 on task 51
113 Worker 1 processing task 41 requiring operations [2]
113 Worker 1 forwarding task 41
113 Worker 5 processing task 55 requiring operations [6, 9]
113 Worker 5 performing operation 9 on task 55
113 Worker 0 processing task 43 requiring operations [6]
113 Worker 0 forwarding task 43
114 Generated task 57 with complexity 3 requiring operations [9, 10, 6]
114 Worker 4 accepting task 57
114 Task 51 completed!
114 Worker 5 accepting task 41
114 Worker 5 accepting task 55
114 Worker 2 accepting task 43
114 Worker 2 processing task 42 requiring operations [2]
114 Worker 2 performing operation 2 on task 42
114 Worker 1 processing task 54 requiring operations [8]
114 Worker 1 forwarding task 54
114 Worker 5 processing task 56 requiring operations [6, 3]
114 Worker 5 forwarding task 56
114 Worker 4 processing task 57 requiring operations [9, 10, 6]
114 Worker 4 forwarding task 57
115 Task 42 completed!
115 Worker 0 accepting task 54
115 Worker 0 accepting task 56
115 Worker 6 accepting task 57
115 Worker 2 processing task 53 requiring operations [4, 2]
115 Worker 2 performing operation 2 on task 53
115 Worker 5 processing task 41 requiring operations [2]
115 Worker 5 forwarding task 41
115 Worker 0 processing task 54 requiring operations [8]
115 Worker 0 forwarding task 54
115 Worker 6 processing task 57 requiring operations [9, 10, 6]
115 Worker 6 forwarding task 57
116 Generated task 58 with complexity 3 requiring operations [8, 7, 5]
116 Worker 3 accepting task 58
116 Worker 2 accepting task 53
116 Worker 2 accepting task 41
116 Worker 2 accepting task 54
116 Worker 5 accepting task 57
116 Worker 2 processing task 52 requiring operations [8]
116 Worker 2 forwarding task 52
116 Worker 5 processing task 55 requiring operations [6]
116 Worker 5 forwarding task 55
116 Worker 0 processing task 56 requiring operations [6, 3]
116 Worker 0 forwarding task 56
116 Worker 3 processing task 58 requiring operations [8, 7, 5]
116 Worker 3 forwarding task 58
117 Worker 3 accepting task 52
117 Worker 2 accepting task 55
117 Worker 5 accepting task 56
117 Worker 4 accepting task 58
117 Worker 2 processing task 43 requiring operations [6]
117 Worker 2 forwarding task 43
117 Worker 5 processing task 57 requiring operations [9, 10, 6]
117 Worker 5 performing operation 10 on task 57
117 Worker 3 processing task 52 requiring operations [8]
117 Worker 3 forwarding task 52
117 Worker 4 processing task 58 requiring operations [8, 7, 5]
117 Worker 4 performing operation 7 on task 58
118 Generated task 59 with complexity 3 requiring operations [4, 3, 1]
118 Worker 5 accepting task 59
118 Worker 0 accepting task 43
118 Worker 5 accepting task 57
118 Worker 5 accepting task 52
118 Worker 4 accepting task 58
118 Worker 2 processing task 53 requiring operations [4]
118 Worker 2 forwarding task 53
118 Worker 5 processing task 56 requiring operations [6, 3]
118 Worker 5 forwarding task 56
118 Worker 4 processing task 58 requiring operations [8, 5]
118 Worker 4 performing operation 8 on task 58
118 Worker 0 processing task 43 requiring operations [6]
118 Worker 0 forwarding task 43
119 Worker 5 accepting task 53
119 Worker 3 accepting task 56
119 Worker 4 accepting task 58
119 Worker 2 accepting task 43
119 Worker 2 processing task 41 requiring operations [2]
119 Worker 2 performing operation 2 on task 41
119 Worker 5 processing task 59 requiring operations [4, 3, 1]
119 Worker 5 forwarding task 59
119 Worker 4 processing task 58 requiring operations [5]
119 Worker 4 forwarding task 58
119 Worker 3 processing task 56 requiring operations [6, 3]
119 Worker 3 forwarding task 56
120 Generated task 60 with complexity 3 requiring operations [6, 8, 4]
120 Worker 5 accepting task 60
120 Task 41 completed!
120 Worker 4 accepting task 59
120 Worker 5 accepting task 58
120 Worker 4 accepting task 56
120 Worker 2 processing task 54 requiring operations [8]
120 Worker 2 forwarding task 54
120 Worker 5 processing task 57 requiring operations [9, 6]
120 Worker 5 performing operation 9 on task 57
120 Worker 4 processing task 59 requiring operations [4, 3, 1]
120 Worker 4 performing operation 1 on task 59
121 Worker 1 accepting task 54
121 Worker 5 accepting task 57
121 Worker 4 accepting task 59
121 Worker 2 processing task 55 requiring operations [6]
121 Worker 2 forwarding task 55
121 Worker 5 processing task 52 requiring operations [8]
121 Worker 5 forwarding task 52
121 Worker 4 processing task 56 requiring operations [6, 3]
121 Worker 4 forwarding task 56
121 Worker 1 processing task 54 requiring operations [8]
121 Worker 1 forwarding task 54
122 Generated task 61 with complexity 3 requiring operations [3, 10, 8]
122 Worker 1 accepting task 61
122 Worker 6 accepting task 55
122 Worker 6 accepting task 52
122 Worker 6 accepting task 56
122 Worker 5 accepting task 54
122 Worker 2 processing task 43 requiring operations [6]
122 Worker 2 forwarding task 43
122 Worker 5 processing task 53 requiring operations [4]
122 Worker 5 forwarding task 53
122 Worker 4 processing task 59 requiring operations [4, 3]
122 Worker 4 forwarding task 59
122 Worker 1 processing task 61 requiring operations [3, 10, 8]
122 Worker 1 performing operation 3 on task 61
122 Worker 6 processing task 55 requiring operations [6]
122 Worker 6 forwarding task 55
123 Worker 6 accepting task 43
123 Worker 4 accepting task 53
123 Worker 2 accepting task 59
123 Worker 1 accepting task 61
123 Worker 2 accepting task 55
123 Worker 5 processing task 60 requiring operations [6, 8, 4]
123 Worker 5 forwarding task 60
123 Worker 4 processing task 53 requiring operations [4]
123 Worker 4 forwarding task 53
123 Worker 1 processing task 61 requiring operations [10, 8]
123 Worker 1 forwarding task 61
123 Worker 6 processing task 52 requiring operations [8]
123 Worker 6 performing operation 8 on task 52
123 Worker 2 processing task 59 requiring operations [4, 3]
123 Worker 2 performing operation 3 on task 59
124 Generated task 62 with complexity 3 requiring operations [2, 3, 6]
124 Worker 4 accepting task 62
124 Worker 0 accepting task 60
124 Worker 6 accepting task 53
124 Worker 6 accepting task 61
124 Task 52 completed!
124 Worker 2 accepting task 59
124 Worker 5 processing task 58 requiring operations [5]
124 Worker 5 forwarding task 58
124 Worker 4 processing task 62 requiring operations [2, 3, 6]
124 Worker 4 forwarding task 62
124 Worker 6 processing task 56 requiring operations [6, 3]
124 Worker 6 forwarding task 56
124 Worker 2 processing task 55 requiring operations [6]
124 Worker 2 forwarding task 55
124 Worker 0 processing task 60 requiring operations [6, 8, 4]
124 Worker 0 performing operation 4 on task 60
125 Worker 6 accepting task 58
125 Worker 2 accepting task 62
125 Worker 5 accepting task 56
125 Worker 0 accepting task 55
125 Worker 0 accepting task 60
125 Worker 5 processing task 57 requiring operations [6]
125 Worker 5 forwarding task 57
125 Worker 6 processing task 43 requiring operations [6]
125 Worker 6 forwarding task 43
125 Worker 2 processing task 59 requiring operations [4]
125 Worker 2 forwarding task 59
125 Worker 0 processing task 55 requiring operations [6]
125 Worker 0 forwarding task 55
126 Generated task 63 with complexity 3 requiring operations [6, 9, 3]
126 Worker 6 accepting task 63
126 Worker 3 accepting task 57
126 Worker 4 accepting task 43
126 Worker 6 accepting task 59
126 Worker 1 accepting task 55
126 Worker 5 processing task 54 requiring operations [8]
126 Worker 5 forwarding task 54
126 Worker 6 processing task 53 requiring operations [4]
126 Worker 6 forwarding task 53
126 Worker 2 processing task 62 requiring operations [2, 3, 6]
126 Worker 2 performing operation 2 on task 62
126 Worker 0 processing task 60 requiring operations [6, 8]
126 Worker 0 forwarding task 60
126 Worker 3 processing task 57 requiring operations [6]
126 Worker 3 forwarding task 57
126 Worker 4 processing task 43 requiring operations [6]
126 Worker 4 forwarding task 43
126 Worker 1 processing task 55 requiring operations [6]
126 Worker 1 performing operation 6 on task 55
127 Worker 3 accepting task 54
127 Worker 2 accepting task 53
127 Worker 2 accepting task 62
127 Worker 1 accepting task 60
127 Worker 0 accepting task 57
127 Worker 2 accepting task 43
127 Task 55 completed!
127 Worker 5 processing task 56 requiring operations [6, 3]
127 Worker 5 forwarding task 56
127 Worker 6 processing task 61 requiring operations [10, 8]
127 Worker 6 performing operation 8 on task 61
127 Worker 2 processing task 53 requiring operations [4]
127 Worker 2 forwarding task 53
127 Worker 3 processing task 54 requiring operations [8]
127 Worker 3 forwarding task 54
127 Worker 1 processing task 60 requiring operations [6, 8]
127 Worker 1 performing operation 6 on task 60
127 Worker 0 processing task 57 requiring operations [6]
127 Worker 0 forwarding task 57
128 Generated task 64 with complexity 3 requiring operations [3, 7, 6]
128 Worker 3 accepting task 64
128 Worker 6 accepting task 56
128 Worker 6 accepting task 61
128 Worker 1 accepting task 53
128 Worker 5 accepting task 54
128 Worker 1 accepting task 60
128 Worker 6 accepting task 57
128 Worker 6 processing task 58 requiring operations [5]
128 Worker 6 forwarding task 58
128 Worker 2 processing task 62 requiring operations [3, 6]
128 Worker 2 performing operation 3 on task 62
128 Worker 3 processing task 64 requiring operations [3, 7, 6]
128 Worker 3 forwarding task 64
128 Worker 1 processing task 53 requiring operations [4]
128 Worker 1 forwarding task 53
128 Worker 5 processing task 54 requiring operations [8]
128 Worker 5 forwarding task 54
129 Worker 3 accepting task 58
129 Worker 2 accepting task 62
129 Worker 2 accepting task 64
129 Worker 4 accepting task 53
129 Worker 0 accepting task 54
129 Worker 6 processing task 63 requiring operations [6, 9, 3]
129 Worker 6 forwarding task 63
129 Worker 2 processing task 43 requiring operations [6]
129 Worker 2 forwarding task 43
129 Worker 3 processing task 58 requiring operations [5]
129 Worker 3 forwarding task 58
129 Worker 1 processing task 60 requiring operations [8]
129 Worker 1 forwarding task 60
129 Worker 4 processing task 53 requiring operations [4]
129 Worker 4 forwarding task 53
129 Worker 0 processing task 54 requiring operations [8]
129 Worker 0 forwarding task 54
130 Generated task 65 with complexity 3 requiring operations [5, 4, 6]
130 Worker 3 accepting task 65
130 Worker 4 accepting task 63
130 Worker 3 accepting task 43
130 Worker 1 accepting task 58
130 Worker 6 accepting task 60
130 Worker 0 accepting task 53
130 Worker 1 accepting task 54
130 Worker 6 processing task 59 requiring operations [4]
130 Worker 6 forwarding task 59
130 Worker 2 processing task 62 requiring operations [6]
130 Worker 2 forwarding task 62
130 Worker 3 processing task 65 requiring operations [5, 4, 6]
130 Worker 3 performing operation 4 on task 65
130 Worker 1 processing task 58 requiring operations [5]
130 Worker 1 performing operation 5 on task 58
130 Worker 4 processing task 63 requiring operations [6, 9, 3]
130 Worker 4 forwarding task 63
130 Worker 0 processing task 53 requiring operations [4]
130 Worker 0 performing operation 4 on task 53
131 Worker 1 accepting task 59
131 Worker 5 accepting task 62
131 Worker 3 accepting task 65
131 Task 58 completed!
131 Worker 2 accepting task 63
131 Task 53 completed!
131 Worker 6 processing task 56 requiring operations [6, 3]
131 Worker 6 forwarding task 56
131 Worker 2 processing task 64 requiring operations [3, 7, 6]
131 Worker 2 performing operation 3 on task 64
131 Worker 3 processing task 43 requiring operations [6]
131 Worker 3 forwarding task 43
131 Worker 1 processing task 54 requiring operations [8]
131 Worker 1 forwarding task 54
131 Worker 5 processing task 62 requiring operations [6]
131 Worker 5 forwarding task 62
132 Generated task 66 with complexity 3 requiring operations [3, 1, 4]
132 Worker 5 accepting task 66
132 Worker 4 accepting task 56
132 Worker 2 accepting task 64
132 Worker 4 accepting task 43
132 Worker 6 accepting task 54
132 Worker 2 accepting task 62
132 Worker 6 processing task 61 requiring operations [10]
132 Worker 6 forwarding task 61
132 Worker 2 processing task 63 requiring operations [6, 9, 3]
132 Worker 2 performing operation 3 on task 63
132 Worker 3 processing task 65 requiring operations [5, 6]
132 Worker 3 forwarding task 65
132 Worker 1 processing task 59 requiring operations [4]
132 Worker 1 forwarding task 59
132 Worker 5 processing task 66 requiring operations [3, 1, 4]
132 Worker 5 forwarding task 66
132 Worker 4 processing task 56 requiring operations [6, 3]
132 Worker 4 forwarding task 56
133 Worker 1 accepting task 61
133 Worker 2 accepting task 63
133 Worker 1 accepting task 65
133 Worker 6 accepting task 59
133 Worker 6 accepting task 66
133 Worker 2 accepting task 56
133 Worker 6 processing task 57 requiring operations [6]
133 Worker 6 forwarding task 57
133 Worker 2 processing task 64 requiring operations [7, 6]
133 Worker 2 forwarding task 64
133 Worker 1 processing task 61 requiring operations [10]
133 Worker 1 forwarding task 61
133 Worker 4 processing task 43 requiring operations [6]
133 Worker 4 forwarding task 43
134 Generated task 67 with complexity 3 requiring operations [5, 7, 4]
134 Worker 4 accepting task 67
134 Worker 3 accepting task 57
134 Worker 0 accepting task 64
134 Worker 4 accepting task 61
134 Worker 1 accepting task 43
134 Worker 6 processing task 60 requiring operations [8]
134 Worker 6 performing operation 8 on task 60
134 Worker 2 processing task 62 requiring operations [6]
134 Worker 2 forwarding task 62
134 Worker 1 processing task 65 requiring operations [5, 6]
134 Worker 1 performing operation 5 on task 65
134 Worker 4 processing task 67 requiring operations [5, 7, 4]
134 Worker 4 performing operation 7 on task 67
134 Worker 3 processing task 57 requiring operations [6]
134 Worker 3 forwarding task 57
134 Worker 0 processing task 64 requiring operations [7, 6]
134 Worker 0 performing operation 7 on task 64
135 Task 60 completed!
135 Worker 1 accepting task 62
135 Worker 1 accepting task 65
135 Worker 4 accepting task 67
135 Worker 4 accepting task 57
135 Worker 0 accepting task 64
135 Worker 6 processing task 54 requiring operations [8]
135 Worker 6 performing operation 8 on task 54
135 Worker 2 processing task 63 requiring operations [6, 9]
135 Worker 2 performing operation 9 on task 63
135 Worker 1 processing task 43 requiring operations [6]
135 Worker 1 performing operation 6 on task 43
135 Worker 4 processing task 61 requiring operations [10]
135 Worker 4 forwarding task 61
135 Worker 0 processing task 64 requiring operations [6]
135 Worker 0 forwarding task 64
136 Generated task 68 with complexity 3 requiring operations [6, 1, 2]
136 Worker 3 accepting task 68
136 Task 54 completed!
136 Worker 2 accepting task 63
136 Task 43 completed!
136 Worker 3 accepting task 61
136 Worker 5 accepting task 64
136 Worker 6 processing task 59 requiring operations [4]
136 Worker 6 forwarding task 59
136 Worker 2 processing task 56 requiring operations [6, 3]
136 Worker 2 performing operation 3 on task 56
136 Worker 1 processing task 62 requiring operations [6]
136 Worker 1 performing operation 6 on task 62
136 Worker 4 processing task 67 requiring operations [5, 4]
136 Worker 4 forwarding task 67
136 Worker 3 processing task 68 requiring operations [6, 1, 2]
136 Worker 3 performing operation 1 on task 68
136 Worker 5 processing task 64 requiring operations [6]
136 Worker 5 forwarding task 64
137 Worker 1 accepting task 59
137 Worker 2 accepting task 56
137 Task 62 completed!
137 Worker 0 accepting task 67
137 Worker 3 accepting task 68
137 Worker 3 accepting task 64
137 Worker 6 processing task 66 requiring operations [3, 1, 4]
137 Worker 6 performing operation 1 on task 66
137 Worker 2 processing task 63 requiring operations [6]
137 Worker 2 forwarding task 63
137 Worker 1 processing task 65 requiring operations [6]
137 Worker 1 performing operation 6 on task 65
137 Worker 4 processing task 57 requiring operations [6]
137 Worker 4 forwarding task 57
137 Worker 3 processing task 61 requiring operations [10]
137 Worker 3 forwarding task 61
137 Worker 0 processing task 67 requiring operations [5, 4]
137 Worker 0 performing operation 4 on task 67
138 Generated task 69 with complexity 3 requiring operations [1, 3, 7]
138 Worker 2 accepting task 69
138 Worker 6 accepting task 66
138 Worker 0 accepting task 63
138 Task 65 completed!
138 Worker 0 accepting task 57
138 Worker 4 accepting task 61
138 Worker 0 accepting task 67
138 Worker 6 processing task 66 requiring operations [3, 4]
138 Worker 6 forwarding task 66
138 Worker 2 processing task 56 requiring operations [6]
138 Worker 2 forwarding task 56
138 Worker 1 processing task 59 requiring operations [4]
138 Worker 1 forwarding task 59
138 Worker 3 processing task 68 requiring operations [6, 2]
138 Worker 3 forwarding task 68
138 Worker 0 processing task 63 requiring operations [6]
138 Worker 0 forwarding task 63
138 Worker 4 processing task 61 requiring operations [10]
138 Worker 4 forwarding task 61
139 Worker 3 accepting task 66
139 Worker 1 accepting task 56
139 Worker 5 accepting task 59
139 Worker 0 accepting task 68
139 Worker 1 accepting task 63
139 Worker 2 accepting task 61
139 Worker 2 processing task 69 requiring operations [1, 3, 7]
139 Worker 2 performing operation 3 on task 69
139 Worker 1 processing task 56 requiring operations [6]
139 Worker 1 performing operation 6 on task 56
139 Worker 3 processing task 64 requiring operations [6]
139 Worker 3 forwarding task 64
139 Worker 0 processing task 57 requiring operations [6]
139 Worker 0 forwarding task 57
139 Worker 5 processing task 59 requiring operations [4]
139 Worker 5 forwarding task 59
140 Generated task 70 with complexity 3 requiring operations [10, 2, 8]
140 Worker 1 accepting task 70
140 Worker 2 accepting task 69
140 Task 56 completed!
140 Worker 0 accepting task 64
140 Worker 6 accepting task 57
140 Worker 0 accepting task 59
140 Worker 2 processing task 61 requiring operations [10]
140 Worker 2 performing operation 10 on task 61
140 Worker 1 processing task 63 requiring operations [6]
140 Worker 1 performing operation 6 on task 63
140 Worker 3 processing task 66 requiring operations [3, 4]
140 Worker 3 performing operation 4 on task 66
140 Worker 0 processing task 67 requiring operations [5]
140 Worker 0 forwarding task 67
140 Worker 6 processing task 57 requiring operations [6]
140 Worker 6 forwarding task 57
