Worker 0 can perform operations {3}
Worker 1 can perform operations {2, 3, 7, 8, 9, 10}
Worker 2 can perform operations {2}
Worker 3 can perform operations {10, 4, 7}
Worker 4 can perform operations {5, 6}
Worker 5 can perform operations {8, 10, 2, 6}
Worker 6 can perform operations {8, 1, 5}
Building network type full-connect
Worker 0 connecting to worker 1
Worker 0 connecting to worker 2
Worker 0 connecting to worker 3
Worker 0 connecting to worker 4
Worker 0 connecting to worker 5
Worker 0 connecting to worker 6
Worker 1 connecting to worker 0
Worker 1 connecting to worker 2
Worker 1 connecting to worker 3
Worker 1 connecting to worker 4
Worker 1 connecting to worker 5
Worker 1 connecting to worker 6
Worker 2 connecting to worker 0
Worker 2 connecting to worker 1
Worker 2 connecting to worker 3
Worker 2 connecting to worker 4
Worker 2 connecting to worker 5
Worker 2 connecting to worker 6
Worker 3 connecting to worker 0
Worker 3 connecting to worker 1
Worker 3 connecting to worker 2
Worker 3 connecting to worker 4
Worker 3 connecting to worker 5
Worker 3 connecting to worker 6
Worker 4 connecting to worker 0
Worker 4 connecting to worker 1
Worker 4 connecting to worker 2
Worker 4 connecting to worker 3
Worker 4 connecting to worker 5
Worker 4 connecting to worker 6
Worker 5 connecting to worker 0
Worker 5 connecting to worker 1
Worker 5 connecting to worker 2
Worker 5 connecting to worker 3
Worker 5 connecting to worker 4
Worker 5 connecting to worker 6
Worker 6 connecting to worker 0
Worker 6 connecting to worker 1
Worker 6 connecting to worker 2
Worker 6 connecting to worker 3
Worker 6 connecting to worker 4
Worker 6 connecting to worker 5
Entry nodes are [0, 1, 2, 3, 4, 5, 6]
0 Generated task 0 with complexity 3 requiring operations [5, 7, 4]
0 Worker 1 accepting task 0
0 Worker 1 processing task 0 requiring operations [5, 7, 4]
0 Worker 1 performing operation 7 on task 0
1 Worker 1 accepting task 0
1 Worker 1 processing task 0 requiring operations [5, 4]
1 Worker 1 forwarding task 0
2 Generated task 1 with complexity 3 requiring operations [9, 5, 10]
2 Worker 0 accepting task 1
2 Worker 4 accepting task 0
2 Worker 0 processing task 1 requiring operations [9, 5, 10]
2 Worker 0 forwarding task 1
2 Worker 4 processing task 0 requiring operations [5, 4]
2 Worker 4 performing operation 5 on task 0
3 Worker 4 accepting task 1
3 Worker 4 accepting task 0
3 Worker 4 processing task 1 requiring operations [9, 5, 10]
3 Worker 4 performing operation 5 on task 1
4 Generated task 2 with complexity 3 requiring operations [6, 5, 10]
4 Worker 5 accepting task 2
4 Worker 4 accepting task 1
4 Worker 4 processing task 0 requiring operations [4]
4 Worker 4 forwarding task 0
4 Worker 5 processing task 2 requiring operations [6, 5, 10]
4 Worker 5 performing operation 10 on task 2
5 Worker 6 accepting task 0
5 Worker 5 accepting task 2
5 Worker 4 processing task 1 requiring operations [9, 10]
5 Worker 4 forwarding task 1
5 Worker 5 processing task 2 requiring operations [6, 5]
5 Worker 5 performing operation 6 on task 2
5 Worker 6 processing task 0 requiring operations [4]
5 Worker 6 forwarding task 0
6 Generated task 3 with complexity 3 requiring operations [2, 10, 8]
6 Worker 6 accepting task 3
6 Worker 0 accepting task 1
6 Worker 5 accepting task 2
6 Worker 1 accepting task 0
6 Worker 5 processing task 2 requiring operations [5]
6 Worker 5 forwarding task 2
6 Worker 6 processing task 3 requiring operations [2, 10, 8]
6 Worker 6 performing operation 8 on task 3
6 Worker 0 processing task 1 requiring operations [9, 10]
6 Worker 0 forwarding task 1
6 Worker 1 processing task 0 requiring operations [4]
6 Worker 1 forwarding task 0
7 Worker 3 accepting task 2
7 Worker 6 accepting task 3
7 Worker 2 accepting task 1
7 Worker 5 accepting task 0
7 Worker 6 processing task 3 requiring operations [2, 10]
7 Worker 6 forwarding task 3
7 Worker 3 processing task 2 requiring operations [5]
7 Worker 3 forwarding task 2
7 Worker 2 processing task 1 requiring operations [9, 10]
7 Worker 2 forwarding task 1
7 Worker 5 processing task 0 requiring operations [4]
7 Worker 5 forwarding task 0
8 Generated task 4 with complexity 3 requiring operations [9, 7, 3]
8 Worker 0 accepting task 4
8 Worker 5 accepting task 3
8 Worker 4 accepting task 2
8 Worker 4 accepting task 1
8 Worker 1 accepting task 0
8 Worker 5 processing task 3 requiring operations [2, 10]
8 Worker 5 performing operation 10 on task 3
8 Worker 0 processing task 4 requiring operations [9, 7, 3]
8 Worker 0 performing operation 3 on task 4
8 Worker 4 processing task 2 requiring operations [5]
8 Worker 4 performing operation 5 on task 2
8 Worker 1 processing task 0 requiring operations [4]
8 Worker 1 forwarding task 0
9 Worker 5 accepting task 3
9 Worker 0 accepting task 4
9 Task 2 completed!
9 Worker 2 accepting task 0
9 Worker 5 processing task 3 requiring operations [2]
9 Worker 5 performing operation 2 on task 3
9 Worker 0 processing task 4 requiring operations [9, 7]
9 Worker 0 forwarding task 4
9 Worker 4 processing task 1 requiring operations [9, 10]
9 Worker 4 forwarding task 1
9 Worker 2 processing task 0 requiring operations [4]
9 Worker 2 forwarding task 0
10 Generated task 5 with complexity 3 requiring operations [5, 6, 10]
10 Worker 6 accepting task 5
10 Task 3 completed!
10 Worker 5 accepting task 4
10 Worker 5 accepting task 1
10 Worker 3 accepting task 0
10 Worker 6 processing task 5 requiring operations [5, 6, 10]
10 Worker 6 performing operation 5 on task 5
10 Worker 5 processing task 4 requiring operations [9, 7]
10 Worker 5 forwarding task 4
10 Worker 3 processing task 0 requiring operations [4]
10 Worker 3 performing operation 4 on task 0
11 Worker 6 accepting task 5
11 Worker 6 accepting task 4
11 Task 0 completed!
11 Worker 6 processing task 5 requiring operations [6, 10]
11 Worker 6 forwarding task 5
11 Worker 5 processing task 1 requiring operations [9, 10]
11 Worker 5 performing operation 10 on task 1
12 Generated task 6 with complexity 3 requiring operations [1, 2, 8]
12 Worker 4 accepting task 6
12 Worker 5 accepting task 5
12 Worker 5 accepting task 1
12 Worker 6 processing task 4 requiring operations [9, 7]
12 Worker 6 forwarding task 4
12 Worker 5 processing task 5 requiring operations [6, 10]
12 Worker 5 performing operation 6 on task 5
12 Worker 4 processing task 6 requiring operations [1, 2, 8]
12 Worker 4 forwarding task 6
13 Worker 3 accepting task 4
13 Worker 5 accepting task 5
13 Worker 0 accepting task 6
13 Worker 5 processing task 1 requiring operations [9]
13 Worker 5 forwarding task 1
13 Worker 3 processing task 4 requiring operations [9, 7]
13 Worker 3 performing operation 7 on task 4
13 Worker 0 processing task 6 requiring operations [1, 2, 8]
13 Worker 0 forwarding task 6
14 Generated task 7 with complexity 3 requiring operations [7, 6, 2]
14 Worker 5 accepting task 7
14 Worker 4 accepting task 1
14 Worker 3 accepting task 4
14 Worker 2 accepting task 6
14 Worker 5 processing task 5 requiring operations [10]
14 Worker 5 performing operation 10 on task 5
14 Worker 3 processing task 4 requiring operations [9]
14 Worker 3 forwarding task 4
14 Worker 4 processing task 1 requiring operations [9]
14 Worker 4 forwarding task 1
14 Worker 2 processing task 6 requiring operations [1, 2, 8]
14 Worker 2 performing operation 2 on task 6
15 Task 5 completed!
15 Worker 1 accepting task 4
15 Worker 6 accepting task 1
15 Worker 2 accepting task 6
15 Worker 5 processing task 7 requiring operations [7, 6, 2]
15 Worker 5 performing operation 6 on task 7
15 Worker 2 processing task 6 requiring operations [1, 8]
15 Worker 2 forwarding task 6
15 Worker 1 processing task 4 requiring operations [9]
15 Worker 1 performing operation 9 on task 4
15 Worker 6 processing task 1 requiring operations [9]
15 Worker 6 forwarding task 1
16 Generated task 8 with complexity 3 requiring operations [5, 3, 10]
16 Worker 5 accepting task 8
16 Worker 5 accepting task 7
16 Worker 6 accepting task 6
16 Task 4 completed!
16 Worker 3 accepting task 1
16 Worker 5 processing task 8 requiring operations [5, 3, 10]
16 Worker 5 performing operation 10 on task 8
16 Worker 6 processing task 6 requiring operations [1, 8]
16 Worker 6 performing operation 1 on task 6
16 Worker 3 processing task 1 requiring operations [9]
16 Worker 3 forwarding task 1
17 Worker 5 accepting task 8
17 Worker 6 accepting task 6
17 Worker 4 accepting task 1
17 Worker 5 processing task 7 requiring operations [7, 2]
17 Worker 5 performing operation 2 on task 7
17 Worker 6 processing task 6 requiring operations [8]
17 Worker 6 performing operation 8 on task 6
17 Worker 4 processing task 1 requiring operations [9]
17 Worker 4 forwarding task 1
18 Generated task 9 with complexity 3 requiring operations [1, 7, 10]
18 Worker 6 accepting task 9
18 Worker 5 accepting task 7
18 Task 6 completed!
18 Worker 2 accepting task 1
18 Worker 5 processing task 8 requiring operations [5, 3]
18 Worker 5 forwarding task 8
18 Worker 6 processing task 9 requiring operations [1, 7, 10]
18 Worker 6 performing operation 1 on task 9
18 Worker 2 processing task 1 requiring operations [9]
18 Worker 2 forwarding task 1
19 Worker 4 accepting task 8
19 Worker 6 accepting task 9
19 Worker 1 accepting task 1
19 Worker 5 processing task 7 requiring operations [7]
19 Worker 5 forwarding task 7
19 Worker 6 processing task 9 requiring operations [7, 10]
19 Worker 6 forwarding task 9
19 Worker 4 processing task 8 requiring operations [5, 3]
19 Worker 4 performing operation 5 on task 8
19 Worker 1 processing task 1 requiring operations [9]
19 Worker 1 performing operation 9 on task 1
20 Generated task 10 with complexity 3 requiring operations [4, 6, 10]
20 Worker 3 accepting task 10
20 Worker 6 accepting task 7
20 Worker 0 accepting task 9
20 Worker 4 accepting task 8
20 Task 1 completed!
20 Worker 6 processing task 7 requiring operations [7]
20 Worker 6 forwarding task 7
20 Worker 4 processing task 8 requiring operations [3]
20 Worker 4 forwarding task 8
20 Worker 3 processing task 10 requiring operations [4, 6, 10]
20 Worker 3 performing operation 10 on task 10
20 Worker 0 processing task 9 requiring operations [7, 10]
20 Worker 0 forwarding task 9
21 Worker 3 accepting task 7
21 Worker 0 accepting task 8
21 Worker 3 accepting task 10
21 Worker 5 accepting task 9
21 Worker 3 processing task 7 requiring operations [7]
21 Worker 3 performing operation 7 on task 7
21 Worker 0 processing task 8 requiring operations [3]
21 Worker 0 performing operation 3 on task 8
21 Worker 5 processing task 9 requiring operations [7, 10]
21 Worker 5 performing operation 10 on task 9
22 Generated task 11 with complexity 3 requiring operations [8, 10, 5]
22 Worker 0 accepting task 11
22 Task 7 completed!
22 Task 8 completed!
22 Worker 5 accepting task 9
22 Worker 3 processing task 10 requiring operations [4, 6]
22 Worker 3 performing operation 4 on task 10
22 Worker 0 processing task 11 requiring operations [8, 10, 5]
22 Worker 0 forwarding task 11
22 Worker 5 processing task 9 requiring operations [7]
22 Worker 5 forwarding task 9
23 Worker 3 accepting task 10
23 Worker 5 accepting task 11
23 Worker 0 accepting task 9
23 Worker 3 processing task 10 requiring operations [6]
23 Worker 3 forwarding task 10
23 Worker 5 processing task 11 requiring operations [8, 10, 5]
23 Worker 5 performing operation 10 on task 11
23 Worker 0 processing task 9 requiring operations [7]
23 Worker 0 forwarding task 9
24 Generated task 12 with complexity 3 requiring operations [3, 10, 7]
24 Worker 2 accepting task 12
24 Worker 6 accepting task 10
24 Worker 5 accepting task 11
24 Worker 6 accepting task 9
24 Worker 5 processing task 11 requiring operations [8, 5]
24 Worker 5 performing operation 8 on task 11
24 Worker 2 processing task 12 requiring operations [3, 10, 7]
24 Worker 2 forwarding task 12
24 Worker 6 processing task 10 requiring operations [6]
24 Worker 6 forwarding task 10
25 Worker 5 accepting task 11
25 Worker 3 accepting task 12
25 Worker 5 accepting task 10
25 Worker 5 processing task 11 requiring operations [5]
25 Worker 5 forwarding task 11
25 Worker 6 processing task 9 requiring operations [7]
25 Worker 6 forwarding task 9
25 Worker 3 processing task 12 requiring operations [3, 10, 7]
25 Worker 3 performing operation 7 on task 12
26 Generated task 13 with complexity 3 requiring operations [7, 9, 1]
26 Worker 4 accepting task 13
26 Worker 4 accepting task 11
26 Worker 3 accepting task 9
26 Worker 3 accepting task 12
26 Worker 5 processing task 10 requiring operations [6]
26 Worker 5 performing operation 6 on task 10
26 Worker 3 processing task 9 requiring operations [7]
26 Worker 3 performing operation 7 on task 9
26 Worker 4 processing task 13 requiring operations [7, 9, 1]
26 Worker 4 forwarding task 13
27 Task 10 completed!
27 Task 9 completed!
27 Worker 2 accepting task 13
27 Worker 3 processing task 12 requiring operations [3, 10]
27 Worker 3 performing operation 10 on task 12
27 Worker 4 processing task 11 requiring operations [5]
27 Worker 4 performing operation 5 on task 11
27 Worker 2 processing task 13 requiring operations [7, 9, 1]
27 Worker 2 forwarding task 13
28 Generated task 14 with complexity 3 requiring operations [3, 1, 4]
28 Worker 1 accepting task 14
28 Worker 3 accepting task 12
28 Task 11 completed!
28 Worker 0 accepting task 13
28 Worker 3 processing task 12 requiring operations [3]
28 Worker 3 forwarding task 12
28 Worker 1 processing task 14 requiring operations [3, 1, 4]
28 Worker 1 performing operation 3 on task 14
28 Worker 0 processing task 13 requiring operations [7, 9, 1]
28 Worker 0 forwarding task 13
29 Worker 4 accepting task 12
29 Worker 1 accepting task 14
29 Worker 3 accepting task 13
29 Worker 1 processing task 14 requiring operations [1, 4]
29 Worker 1 forwarding task 14
29 Worker 4 processing task 12 requiring operations [3]
29 Worker 4 forwarding task 12
29 Worker 3 processing task 13 requiring operations [7, 9, 1]
29 Worker 3 performing operation 7 on task 13
30 Generated task 15 with complexity 3 requiring operations [5, 3, 2]
30 Worker 0 accepting task 15
30 Worker 2 accepting task 14
30 Worker 3 accepting task 12
30 Worker 3 accepting task 13
30 Worker 3 processing task 12 requiring operations [3]
30 Worker 3 forwarding task 12
30 Worker 0 processing task 15 requiring operations [5, 3, 2]
30 Worker 0 performing operation 3 on task 15
30 Worker 2 processing task 14 requiring operations [1, 4]
30 Worker 2 forwarding task 14
31 Worker 1 accepting task 12
31 Worker 0 accepting task 15
31 Worker 4 accepting task 14
31 Worker 3 processing task 13 requiring operations [9, 1]
31 Worker 3 forwarding task 13
31 Worker 0 processing task 15 requiring operations [5, 2]
31 Worker 0 forwarding task 15
31 Worker 1 processing task 12 requiring operations [3]
31 Worker 1 performing operation 3 on task 12
31 Worker 4 processing task 14 requiring operations [1, 4]
31 Worker 4 forwarding task 14
32 Generated task 16 with complexity 3 requiring operations [4, 5, 1]
32 Worker 5 accepting task 16
32 Worker 2 accepting task 13
32 Worker 4 accepting task 15
32 Task 12 completed!
32 Worker 6 accepting task 14
32 Worker 4 processing task 15 requiring operations [5, 2]
32 Worker 4 performing operation 5 on task 15
32 Worker 5 processing task 16 requiring operations [4, 5, 1]
32 Worker 5 forwarding task 16
32 Worker 2 processing task 13 requiring operations [9, 1]
32 Worker 2 forwarding task 13
32 Worker 6 processing task 14 requiring operations [1, 4]
32 Worker 6 performing operation 1 on task 14
33 Worker 4 accepting task 15
33 Worker 1 accepting task 16
33 Worker 1 accepting task 13
33 Worker 6 accepting task 14
33 Worker 4 processing task 15 requiring operations [2]
33 Worker 4 forwarding task 15
33 Worker 6 processing task 14 requiring operations [4]
33 Worker 6 forwarding task 14
33 Worker 1 processing task 16 requiring operations [4, 5, 1]
33 Worker 1 forwarding task 16
34 Generated task 17 with complexity 3 requiring operations [3, 4, 6]
34 Worker 1 accepting task 17
34 Worker 2 accepting task 15
34 Worker 0 accepting task 14
34 Worker 5 accepting task 16
34 Worker 1 processing task 13 requiring operations [9, 1]
34 Worker 1 performing operation 9 on task 13
34 Worker 2 processing task 15 requiring operations [2]
34 Worker 2 performing operation 2 on task 15
34 Worker 0 processing task 14 requiring operations [4]
34 Worker 0 forwarding task 14
34 Worker 5 processing task 16 requiring operations [4, 5, 1]
34 Worker 5 forwarding task 16
35 Worker 1 accepting task 13
35 Task 15 completed!
35 Worker 4 accepting task 14
35 Worker 0 accepting task 16
35 Worker 1 processing task 17 requiring operations [3, 4, 6]
35 Worker 1 performing operation 3 on task 17
35 Worker 4 processing task 14 requiring operations [4]
35 Worker 4 forwarding task 14
35 Worker 0 processing task 16 requiring operations [4, 5, 1]
35 Worker 0 forwarding task 16
36 Generated task 18 with complexity 3 requiring operations [6, 7, 10]
36 Worker 3 accepting task 18
36 Worker 1 accepting task 17
36 Worker 0 accepting task 14
36 Worker 4 accepting task 16
36 Worker 1 processing task 13 requiring operations [1]
36 Worker 1 forwarding task 13
36 Worker 0 processing task 14 requiring operations [4]
36 Worker 0 forwarding task 14
36 Worker 3 processing task 18 requiring operations [6, 7, 10]
36 Worker 3 performing operation 10 on task 18
36 Worker 4 processing task 16 requiring operations [4, 5, 1]
36 Worker 4 performing operation 5 on task 16
37 Worker 0 accepting task 13
37 Worker 6 accepting task 14
37 Worker 3 accepting task 18
37 Worker 4 accepting task 16
37 Worker 1 processing task 17 requiring operations [4, 6]
37 Worker 1 forwarding task 17
37 Worker 0 processing task 13 requiring operations [1]
37 Worker 0 forwarding task 13
37 Worker 3 processing task 18 requiring operations [6, 7]
37 Worker 3 performing operation 7 on task 18
37 Worker 4 processing task 16 requiring operations [4, 1]
37 Worker 4 forwarding task 16
37 Worker 6 processing task 14 requiring operations [4]
37 Worker 6 forwarding task 14
38 Generated task 19 with complexity 3 requiring operations [3, 6, 4]
38 Worker 0 accepting task 19
38 Worker 2 accepting task 17
38 Worker 3 accepting task 13
38 Worker 3 accepting task 18
38 Worker 3 accepting task 16
38 Worker 0 accepting task 14
38 Worker 0 processing task 19 requiring operations [3, 6, 4]
38 Worker 0 performing operation 3 on task 19
38 Worker 3 processing task 13 requiring operations [1]
38 Worker 3 forwarding task 13
38 Worker 2 processing task 17 requiring operations [4, 6]
38 Worker 2 forwarding task 17
39 Worker 0 accepting task 19
39 Worker 0 accepting task 13
39 Worker 3 accepting task 17
39 Worker 0 processing task 14 requiring operations [4]
39 Worker 0 forwarding task 14
39 Worker 3 processing task 18 requiring operations [6]
39 Worker 3 forwarding task 18
40 Generated task 20 with complexity 3 requiring operations [1, 8, 2]
40 Worker 2 accepting task 20
40 Worker 3 accepting task 14
40 Worker 0 accepting task 18
40 Worker 0 processing task 19 requiring operations [6, 4]
40 Worker 0 forwarding task 19
40 Worker 3 processing task 16 requiring operations [4, 1]
40 Worker 3 performing operation 4 on task 16
40 Worker 2 processing task 20 requiring operations [1, 8, 2]
40 Worker 2 performing operation 2 on task 20
41 Worker 1 accepting task 19
41 Worker 3 accepting task 16
41 Worker 2 accepting task 20
41 Worker 0 processing task 13 requiring operations [1]
41 Worker 0 forwarding task 13
41 Worker 3 processing task 17 requiring operations [4, 6]
41 Worker 3 performing operation 4 on task 17
41 Worker 2 processing task 20 requiring operations [1, 8]
41 Worker 2 forwarding task 20
41 Worker 1 processing task 19 requiring operations [6, 4]
41 Worker 1 forwarding task 19
42 Generated task 21 with complexity 3 requiring operations [9, 7, 8]
42 Worker 3 accepting task 21
42 Worker 6 accepting task 13
42 Worker 3 accepting task 17
42 Worker 3 accepting task 20
42 Worker 5 accepting task 19
42 Worker 0 processing task 18 requiring operations [6]
42 Worker 0 forwarding task 18
42 Worker 3 processing task 14 requiring operations [4]
42 Worker 3 performing operation 4 on task 14
42 Worker 6 processing task 13 requiring operations [1]
42 Worker 6 performing operation 1 on task 13
42 Worker 5 processing task 19 requiring operations [6, 4]
42 Worker 5 performing operation 6 on task 19
43 Worker 2 accepting task 18
43 Task 14 completed!
43 Task 13 completed!
43 Worker 5 accepting task 19
43 Worker 3 processing task 16 requiring operations [1]
43 Worker 3 forwarding task 16
43 Worker 5 processing task 19 requiring operations [4]
43 Worker 5 forwarding task 19
43 Worker 2 processing task 18 requiring operations [6]
43 Worker 2 forwarding task 18
44 Generated task 22 with complexity 3 requiring operations [10, 8, 1]
44 Worker 5 accepting task 22
44 Worker 5 accepting task 16
44 Worker 0 accepting task 19
44 Worker 1 accepting task 18
44 Worker 3 processing task 21 requiring operations [9, 7, 8]
44 Worker 3 performing operation 7 on task 21
44 Worker 5 processing task 22 requiring operations [10, 8, 1]
44 Worker 5 performing operation 8 on task 22
44 Worker 0 processing task 19 requiring operations [4]
44 Worker 0 forwarding task 19
44 Worker 1 processing task 18 requiring operations [6]
44 Worker 1 forwarding task 18
45 Worker 3 accepting task 21
45 Worker 5 accepting task 22
45 Worker 6 accepting task 19
45 Worker 2 accepting task 18
45 Worker 3 processing task 17 requiring operations [6]
45 Worker 3 forwarding task 17
45 Worker 5 processing task 16 requiring operations [1]
45 Worker 5 forwarding task 16
45 Worker 6 processing task 19 requiring operations [4]
45 Worker 6 forwarding task 19
45 Worker 2 processing task 18 requiring operations [6]
45 Worker 2 forwarding task 18
46 Generated task 23 with complexity 3 requiring operations [10, 6, 5]
46 Worker 1 accepting task 23
46 Worker 0 accepting task 17
46 Worker 4 accepting task 16
46 Worker 0 accepting task 19
46 Worker 0 accepting task 18
46 Worker 3 processing task 20 requiring operations [1, 8]
46 Worker 3 forwarding task 20
46 Worker 5 processing task 22 requiring operations [10, 1]
46 Worker 5 performing operation 10 on task 22
46 Worker 1 processing task 23 requiring operations [10, 6, 5]
46 Worker 1 performing operation 10 on task 23
46 Worker 0 processing task 17 requiring operations [6]
46 Worker 0 forwarding task 17
46 Worker 4 processing task 16 requiring operations [1]
46 Worker 4 forwarding task 16
47 Worker 2 accepting task 20
47 Worker 5 accepting task 22
47 Worker 1 accepting task 23
47 Worker 6 accepting task 17
47 Worker 3 accepting task 16
47 Worker 3 processing task 21 requiring operations [9, 8]
47 Worker 3 forwarding task 21
47 Worker 5 processing task 22 requiring operations [1]
47 Worker 5 forwarding task 22
47 Worker 1 processing task 23 requiring operations [6, 5]
47 Worker 1 forwarding task 23
47 Worker 0 processing task 19 requiring operations [4]
47 Worker 0 forwarding task 19
47 Worker 2 processing task 20 requiring operations [1, 8]
47 Worker 2 forwarding task 20
47 Worker 6 processing task 17 requiring operations [6]
47 Worker 6 forwarding task 17
48 Generated task 24 with complexity 3 requiring operations [2, 10, 7]
48 Worker 4 accepting task 24
48 Worker 6 accepting task 21
48 Worker 4 accepting task 22
48 Worker 3 accepting task 23
48 Worker 2 accepting task 19
48 Worker 1 accepting task 20
48 Worker 5 accepting task 17
48 Worker 3 processing task 16 requiring operations [1]
48 Worker 3 forwarding task 16
48 Worker 0 processing task 18 requiring operations [6]
48 Worker 0 forwarding task 18
48 Worker 2 processing task 19 requiring operations [4]
48 Worker 2 forwarding task 19
48 Worker 6 processing task 21 requiring operations [9, 8]
48 Worker 6 performing operation 8 on task 21
48 Worker 4 processing task 24 requiring operations [2, 10, 7]
48 Worker 4 forwarding task 24
48 Worker 1 processing task 20 requiring operations [1, 8]
48 Worker 1 performing operation 8 on task 20
48 Worker 5 processing task 17 requiring operations [6]
48 Worker 5 performing operation 6 on task 17
49 Worker 6 accepting task 16
49 Worker 5 accepting task 18
49 Worker 1 accepting task 19
49 Worker 6 accepting task 21
49 Worker 1 accepting task 24
49 Worker 1 accepting task 20
49 Task 17 completed!
49 Worker 3 processing task 23 requiring operations [6, 5]
49 Worker 3 forwarding task 23
49 Worker 6 processing task 16 requiring operations [1]
49 Worker 6 performing operation 1 on task 16
49 Worker 4 processing task 22 requiring operations [1]
49 Worker 4 forwarding task 22
49 Worker 1 processing task 19 requiring operations [4]
49 Worker 1 forwarding task 19
49 Worker 5 processing task 18 requiring operations [6]
49 Worker 5 performing operation 6 on task 18
50 Generated task 25 with complexity 3 requiring operations [4, 3, 7]
50 Worker 0 accepting task 25
50 Worker 1 accepting task 23
50 Task 16 completed!
50 Worker 6 accepting task 22
50 Worker 0 accepting task 19
50 Task 18 completed!
50 Worker 6 processing task 21 requiring operations [9]
50 Worker 6 forwarding task 21
50 Worker 1 processing task 24 requiring operations [2, 10, 7]
50 Worker 1 performing operation 2 on task 24
50 Worker 0 processing task 25 requiring operations [4, 3, 7]
50 Worker 0 performing operation 3 on task 25
51 Worker 2 accepting task 21
51 Worker 1 accepting task 24
51 Worker 0 accepting task 25
51 Worker 6 processing task 22 requiring operations [1]
51 Worker 6 performing operation 1 on task 22
51 Worker 1 processing task 20 requiring operations [1]
51 Worker 1 forwarding task 20
51 Worker 0 processing task 19 requiring operations [4]
51 Worker 0 forwarding task 19
51 Worker 2 processing task 21 requiring operations [9]
51 Worker 2 forwarding task 21
52 Generated task 26 with complexity 3 requiring operations [1, 4, 9]
52 Worker 3 accepting task 26
52 Task 22 completed!
52 Worker 4 accepting task 20
52 Worker 1 accepting task 19
52 Worker 0 accepting task 21
52 Worker 1 processing task 23 requiring operations [6, 5]
52 Worker 1 forwarding task 23
52 Worker 0 processing task 25 requiring operations [4, 7]
52 Worker 0 forwarding task 25
52 Worker 3 processing task 26 requiring operations [1, 4, 9]
52 Worker 3 performing operation 4 on task 26
52 Worker 4 processing task 20 requiring operations [1]
52 Worker 4 forwarding task 20
53 Worker 5 accepting task 23
53 Worker 5 accepting task 25
53 Worker 3 accepting task 26
53 Worker 1 accepting task 20
53 Worker 1 processing task 24 requiring operations [10, 7]
53 Worker 1 performing operation 7 on task 24
53 Worker 0 processing task 21 requiring operations [9]
53 Worker 0 forwarding task 21
53 Worker 3 processing task 26 requiring operations [1, 9]
53 Worker 3 forwarding task 26
53 Worker 5 processing task 23 requiring operations [6, 5]
53 Worker 5 performing operation 6 on task 23
54 Generated task 27 with complexity 3 requiring operations [7, 5, 8]
54 Worker 4 accepting task 27
54 Worker 1 accepting task 24
54 Worker 3 accepting task 21
54 Worker 6 accepting task 26
54 Worker 5 accepting task 23
54 Worker 1 processing task 19 requiring operations [4]
54 Worker 1 forwarding task 19
54 Worker 3 processing task 21 requiring operations [9]
54 Worker 3 forwarding task 21
54 Worker 5 processing task 25 requiring operations [4, 7]
54 Worker 5 forwarding task 25
54 Worker 4 processing task 27 requiring operations [7, 5, 8]
54 Worker 4 performing operation 5 on task 27
54 Worker 6 processing task 26 requiring operations [1, 9]
54 Worker 6 performing operation 1 on task 26
55 Worker 5 accepting task 19
55 Worker 4 accepting task 21
55 Worker 4 accepting task 25
55 Worker 4 accepting task 27
55 Worker 6 accepting task 26
55 Worker 1 processing task 20 requiring operations [1]
55 Worker 1 forwarding task 20
55 Worker 5 processing task 23 requiring operations [5]
55 Worker 5 forwarding task 23
55 Worker 4 processing task 21 requiring operations [9]
55 Worker 4 forwarding task 21
55 Worker 6 processing task 26 requiring operations [9]
55 Worker 6 forwarding task 26
56 Generated task 28 with complexity 3 requiring operations [9, 2, 4]
56 Worker 5 accepting task 28
56 Worker 6 accepting task 20
56 Worker 2 accepting task 23
56 Worker 0 accepting task 21
56 Worker 0 accepting task 26
56 Worker 1 processing task 24 requiring operations [10]
56 Worker 1 performing operation 10 on task 24
56 Worker 5 processing task 19 requiring operations [4]
56 Worker 5 forwarding task 19
56 Worker 4 processing task 25 requiring operations [4, 7]
56 Worker 4 forwarding task 25
56 Worker 6 processing task 20 requiring operations [1]
56 Worker 6 performing operation 1 on task 20
56 Worker 2 processing task 23 requiring operations [5]
56 Worker 2 forwarding task 23
56 Worker 0 processing task 21 requiring operations [9]
56 Worker 0 forwarding task 21
57 Task 24 completed!
57 Worker 2 accepting task 19
57 Worker 3 accepting task 25
57 Task 20 completed!
57 Worker 4 accepting task 23
57 Worker 5 accepting task 21
57 Worker 5 processing task 28 requiring operations [9, 2, 4]
57 Worker 5 performing operation 2 on task 28
57 Worker 4 processing task 27 requiring operations [7, 8]
57 Worker 4 forwarding task 27
57 Worker 2 processing task 19 requiring operations [4]
57 Worker 2 forwarding task 19
57 Worker 0 processing task 26 requiring operations [9]
57 Worker 0 forwarding task 26
57 Worker 3 processing task 25 requiring operations [4, 7]
57 Worker 3 performing operation 7 on task 25
58 Generated task 29 with complexity 3 requiring operations [6, 1, 7]
58 Worker 4 accepting task 29
58 Worker 5 accepting task 28
58 Worker 0 accepting task 27
58 Worker 6 accepting task 19
58 Worker 4 accepting task 26
58 Worker 3 accepting task 25
58 Worker 5 processing task 21 requiring operations [9]
58 Worker 5 forwarding task 21
58 Worker 4 processing task 23 requiring operations [5]
58 Worker 4 performing operation 5 on task 23
58 Worker 0 processing task 27 requiring operations [7, 8]
58 Worker 0 forwarding task 27
58 Worker 3 processing task 25 requiring operations [4]
58 Worker 3 performing operation 4 on task 25
58 Worker 6 processing task 19 requiring operations [4]
58 Worker 6 forwarding task 19
59 Worker 0 accepting task 21
59 Task 23 completed!
59 Worker 2 accepting task 27
59 Task 25 completed!
59 Worker 3 accepting task 19
59 Worker 5 processing task 28 requiring operations [9, 4]
59 Worker 5 forwarding task 28
59 Worker 4 processing task 29 requiring operations [6, 1, 7]
59 Worker 4 performing operation 6 on task 29
59 Worker 0 processing task 21 requiring operations [9]
59 Worker 0 forwarding task 21
59 Worker 2 processing task 27 requiring operations [7, 8]
59 Worker 2 forwarding task 27
59 Worker 3 processing task 19 requiring operations [4]
59 Worker 3 performing operation 4 on task 19
60 Generated task 30 with complexity 3 requiring operations [7, 5, 1]
60 Worker 1 accepting task 30
60 Worker 1 accepting task 28
60 Worker 4 accepting task 29
60 Worker 1 accepting task 21
60 Worker 3 accepting task 27
60 Task 19 completed!
60 Worker 4 processing task 26 requiring operations [9]
60 Worker 4 forwarding task 26
60 Worker 3 processing task 27 requiring operations [7, 8]
60 Worker 3 performing operation 7 on task 27
60 Worker 1 processing task 30 requiring operations [7, 5, 1]
60 Worker 1 performing operation 7 on task 30
61 Worker 0 accepting task 26
61 Worker 3 accepting task 27
61 Worker 1 accepting task 30
61 Worker 4 processing task 29 requiring operations [1, 7]
61 Worker 4 forwarding task 29
61 Worker 3 processing task 27 requiring operations [8]
61 Worker 3 forwarding task 27
61 Worker 1 processing task 28 requiring operations [9, 4]
61 Worker 1 performing operation 9 on task 28
61 Worker 0 processing task 26 requiring operations [9]
61 Worker 0 forwarding task 26
62 Generated task 31 with complexity 3 requiring operations [9, 1, 2]
62 Worker 6 accepting task 31
62 Worker 6 accepting task 29
62 Worker 6 accepting task 27
62 Worker 1 accepting task 28
62 Worker 6 accepting task 26
62 Worker 1 processing task 21 requiring operations [9]
62 Worker 1 performing operation 9 on task 21
62 Worker 6 processing task 31 requiring operations [9, 1, 2]
62 Worker 6 performing operation 1 on task 31
63 Task 21 completed!
63 Worker 6 accepting task 31
63 Worker 1 processing task 30 requiring operations [5, 1]
63 Worker 1 forwarding task 30
63 Worker 6 processing task 29 requiring operations [1, 7]
63 Worker 6 performing operation 1 on task 29
64 Generated task 32 with complexity 3 requiring operations [10, 3, 8]
64 Worker 6 accepting task 32
64 Worker 0 accepting task 30
64 Worker 6 accepting task 29
64 Worker 1 processing task 28 requiring operations [4]
64 Worker 1 forwarding task 28
64 Worker 6 processing task 27 requiring operations [8]
64 Worker 6 performing operation 8 on task 27
64 Worker 0 processing task 30 requiring operations [5, 1]
64 Worker 0 forwarding task 30
65 Worker 0 accepting task 28
65 Task 27 completed!
65 Worker 2 accepting task 30
65 Worker 6 processing task 26 requiring operations [9]
65 Worker 6 forwarding task 26
65 Worker 0 processing task 28 requiring operations [4]
65 Worker 0 forwarding task 28
65 Worker 2 processing task 30 requiring operations [5, 1]
65 Worker 2 forwarding task 30
66 Generated task 33 with complexity 3 requiring operations [3, 4, 2]
66 Worker 4 accepting task 33
66 Worker 0 accepting task 26
66 Worker 2 accepting task 28
66 Worker 4 accepting task 30
66 Worker 6 processing task 31 requiring operations [9, 2]
66 Worker 6 forwarding task 31
66 Worker 0 processing task 26 requiring operations [9]
66 Worker 0 forwarding task 26
66 Worker 2 processing task 28 requiring operations [4]
66 Worker 2 forwarding task 28
66 Worker 4 processing task 33 requiring operations [3, 4, 2]
66 Worker 4 forwarding task 33
67 Worker 4 accepting task 31
67 Worker 3 accepting task 26
67 Worker 3 accepting task 28
67 Worker 6 accepting task 33
67 Worker 6 processing task 32 requiring operations [10, 3, 8]
67 Worker 6 performing operation 8 on task 32
67 Worker 4 processing task 30 requiring operations [5, 1]
67 Worker 4 performing operation 5 on task 30
67 Worker 3 processing task 26 requiring operations [9]
67 Worker 3 forwarding task 26
68 Generated task 34 with complexity 3 requiring operations [2, 5, 10]
68 Worker 4 accepting task 34
68 Worker 6 accepting task 32
68 Worker 4 accepting task 30
68 Worker 5 accepting task 26
68 Worker 6 processing task 29 requiring operations [7]
68 Worker 6 forwarding task 29
68 Worker 4 processing task 31 requiring operations [9, 2]
68 Worker 4 forwarding task 31
68 Worker 3 processing task 28 requiring operations [4]
68 Worker 3 performing operation 4 on task 28
68 Worker 5 processing task 26 requiring operations [9]
68 Worker 5 forwarding task 26
69 Worker 2 accepting task 29
69 Worker 0 accepting task 31
69 Task 28 completed!
69 Worker 2 accepting task 26
69 Worker 6 processing task 33 requiring operations [3, 4, 2]
69 Worker 6 forwarding task 33
69 Worker 4 processing task 34 requiring operations [2, 5, 10]
69 Worker 4 performing operation 5 on task 34
69 Worker 2 processing task 29 requiring operations [7]
69 Worker 2 forwarding task 29
69 Worker 0 processing task 31 requiring operations [9, 2]
69 Worker 0 forwarding task 31
70 Generated task 35 with complexity 3 requiring operations [7, 5, 4]
70 Worker 6 accepting task 35
70 Worker 3 accepting task 33
70 Worker 4 accepting task 34
70 Worker 6 accepting task 29
70 Worker 3 accepting task 31
70 Worker 6 processing task 32 requiring operations [10, 3]
70 Worker 6 forwarding task 32
70 Worker 4 processing task 30 requiring operations [1]
70 Worker 4 forwarding task 30
70 Worker 2 processing task 26 requiring operations [9]
70 Worker 2 forwarding task 26
70 Worker 3 processing task 33 requiring operations [3, 4, 2]
70 Worker 3 performing operation 4 on task 33
71 Worker 4 accepting task 32
71 Worker 3 accepting task 30
71 Worker 0 accepting task 26
71 Worker 3 accepting task 33
71 Worker 6 processing task 35 requiring operations [7, 5, 4]
71 Worker 6 performing operation 5 on task 35
71 Worker 4 processing task 34 requiring operations [2, 10]
71 Worker 4 forwarding task 34
71 Worker 3 processing task 31 requiring operations [9, 2]
71 Worker 3 forwarding task 31
71 Worker 0 processing task 26 requiring operations [9]
71 Worker 0 forwarding task 26
72 Generated task 36 with complexity 3 requiring operations [2, 9, 10]
72 Worker 2 accepting task 36
72 Worker 6 accepting task 35
72 Worker 0 accepting task 34
72 Worker 2 accepting task 31
72 Worker 5 accepting task 26
72 Worker 6 processing task 29 requiring operations [7]
72 Worker 6 forwarding task 29
72 Worker 4 processing task 32 requiring operations [10, 3]
72 Worker 4 forwarding task 32
72 Worker 3 processing task 30 requiring operations [1]
72 Worker 3 forwarding task 30
72 Worker 0 processing task 34 requiring operations [2, 10]
72 Worker 0 forwarding task 34
72 Worker 2 processing task 36 requiring operations [2, 9, 10]
72 Worker 2 performing operation 2 on task 36
72 Worker 5 processing task 26 requiring operations [9]
72 Worker 5 forwarding task 26
73 Worker 4 accepting task 29
73 Worker 1 accepting task 32
73 Worker 6 accepting task 30
73 Worker 4 accepting task 34
73 Worker 2 accepting task 36
73 Worker 3 accepting task 26
73 Worker 6 processing task 35 requiring operations [7, 4]
73 Worker 6 forwarding task 35
73 Worker 4 processing task 29 requiring operations [7]
73 Worker 4 forwarding task 29
73 Worker 3 processing task 33 requiring operations [3, 2]
73 Worker 3 forwarding task 33
73 Worker 2 processing task 31 requiring operations [9, 2]
73 Worker 2 performing operation 2 on task 31
73 Worker 1 processing task 32 requiring operations [10, 3]
73 Worker 1 performing operation 10 on task 32
74 Generated task 37 with complexity 3 requiring operations [2, 9, 5]
74 Worker 6 accepting task 37
74 Worker 4 accepting task 35
74 Worker 0 accepting task 29
74 Worker 2 accepting task 33
74 Worker 2 accepting task 31
74 Worker 1 accepting task 32
74 Worker 6 processing task 30 requiring operations [1]
74 Worker 6 performing operation 1 on task 30
74 Worker 4 processing task 34 requiring operations [2, 10]
74 Worker 4 forwarding task 34
74 Worker 3 processing task 26 requiring operations [9]
74 Worker 3 forwarding task 26
74 Worker 2 processing task 36 requiring operations [9, 10]
74 Worker 2 forwarding task 36
74 Worker 1 processing task 32 requiring operations [3]
74 Worker 1 performing operation 3 on task 32
74 Worker 0 processing task 29 requiring operations [7]
74 Worker 0 forwarding task 29
75 Task 30 completed!
75 Worker 3 accepting task 34
75 Worker 1 accepting task 26
75 Worker 4 accepting task 36
75 Task 32 completed!
75 Worker 3 accepting task 29
75 Worker 6 processing task 37 requiring operations [2, 9, 5]
75 Worker 6 performing operation 5 on task 37
75 Worker 4 processing task 35 requiring operations [7, 4]
75 Worker 4 forwarding task 35
75 Worker 3 processing task 34 requiring operations [2, 10]
75 Worker 3 performing operation 10 on task 34
75 Worker 2 processing task 33 requiring operations [3, 2]
75 Worker 2 performing operation 2 on task 33
75 Worker 1 processing task 26 requiring operations [9]
75 Worker 1 performing operation 9 on task 26
76 Generated task 38 with complexity 3 requiring operations [1, 6, 8]
76 Worker 2 accepting task 38
76 Worker 6 accepting task 37
76 Worker 0 accepting task 35
76 Worker 3 accepting task 34
76 Worker 2 accepting task 33
76 Task 26 completed!
76 Worker 6 processing task 37 requiring operations [2, 9]
76 Worker 6 forwarding task 37
76 Worker 4 processing task 36 requiring operations [9, 10]
76 Worker 4 forwarding task 36
76 Worker 3 processing task 29 requiring operations [7]
76 Worker 3 performing operation 7 on task 29
76 Worker 2 processing task 31 requiring operations [9]
76 Worker 2 forwarding task 31
76 Worker 0 processing task 35 requiring operations [7, 4]
76 Worker 0 forwarding task 35
77 Worker 2 accepting task 37
77 Worker 5 accepting task 36
77 Task 29 completed!
77 Worker 3 accepting task 31
77 Worker 5 accepting task 35
77 Worker 3 processing task 34 requiring operations [2]
77 Worker 3 forwarding task 34
77 Worker 2 processing task 38 requiring operations [1, 6, 8]
77 Worker 2 forwarding task 38
77 Worker 5 processing task 36 requiring operations [9, 10]
77 Worker 5 performing operation 10 on task 36
78 Generated task 39 with complexity 3 requiring operations [4, 3, 10]
78 Worker 5 accepting task 39
78 Worker 6 accepting task 34
78 Worker 1 accepting task 38
78 Worker 5 accepting task 36
78 Worker 3 processing task 31 requiring operations [9]
78 Worker 3 forwarding task 31
78 Worker 2 processing task 33 requiring operations [3]
78 Worker 2 forwarding task 33
78 Worker 5 processing task 35 requiring operations [7, 4]
78 Worker 5 forwarding task 35
78 Worker 6 processing task 34 requiring operations [2]
78 Worker 6 forwarding task 34
78 Worker 1 processing task 38 requiring operations [1, 6, 8]
78 Worker 1 performing operation 8 on task 38
79 Worker 1 accepting task 31
79 Worker 5 accepting task 33
79 Worker 4 accepting task 35
79 Worker 2 accepting task 34
79 Worker 1 accepting task 38
79 Worker 2 processing task 37 requiring operations [2, 9]
79 Worker 2 performing operation 2 on task 37
79 Worker 5 processing task 39 requiring operations [4, 3, 10]
79 Worker 5 performing operation 10 on task 39
79 Worker 1 processing task 31 requiring operations [9]
79 Worker 1 performing operation 9 on task 31
79 Worker 4 processing task 35 requiring operations [7, 4]
79 Worker 4 forwarding task 35
80 Generated task 40 with complexity 3 requiring operations [10, 7, 6]
80 Worker 5 accepting task 40
80 Worker 2 accepting task 37
80 Worker 5 accepting task 39
80 Task 31 completed!
80 Worker 1 accepting task 35
80 Worker 2 processing task 34 requiring operations [2]
80 Worker 2 performing operation 2 on task 34
80 Worker 5 processing task 36 requiring operations [9]
80 Worker 5 forwarding task 36
80 Worker 1 processing task 38 requiring operations [1, 6]
80 Worker 1 forwarding task 38
81 Task 34 completed!
81 Worker 4 accepting task 36
81 Worker 6 accepting task 38
81 Worker 2 processing task 37 requiring operations [9]
81 Worker 2 forwarding task 37
81 Worker 5 processing task 33 requiring operations [3]
81 Worker 5 forwarding task 33
81 Worker 1 processing task 35 requiring operations [7, 4]
81 Worker 1 performing operation 7 on task 35
81 Worker 4 processing task 36 requiring operations [9]
81 Worker 4 forwarding task 36
81 Worker 6 processing task 38 requiring operations [1, 6]
81 Worker 6 performing operation 1 on task 38
82 Generated task 41 with complexity 3 requiring operations [1, 7, 6]
82 Worker 0 accepting task 41
82 Worker 3 accepting task 37
82 Worker 1 accepting task 33
82 Worker 1 accepting task 35
82 Worker 3 accepting task 36
82 Worker 6 accepting task 38
82 Worker 5 processing task 40 requiring operations [10, 7, 6]
82 Worker 5 performing operation 6 on task 40
82 Worker 1 processing task 33 requiring operations [3]
82 Worker 1 performing operation 3 on task 33
82 Worker 6 processing task 38 requiring operations [6]
82 Worker 6 forwarding task 38
82 Worker 0 processing task 41 requiring operations [1, 7, 6]
82 Worker 0 forwarding task 41
82 Worker 3 processing task 37 requiring operations [9]
82 Worker 3 forwarding task 37
83 Worker 5 accepting task 40
83 Task 33 completed!
83 Worker 4 accepting task 38
83 Worker 5 accepting task 41
83 Worker 4 accepting task 37
83 Worker 5 processing task 39 requiring operations [4, 3]
83 Worker 5 forwarding task 39
83 Worker 1 processing task 35 requiring operations [4]
83 Worker 1 forwarding task 35
83 Worker 3 processing task 36 requiring operations [9]
83 Worker 3 forwarding task 36
83 Worker 4 processing task 38 requiring operations [6]
83 Worker 4 performing operation 6 on task 38
84 Generated task 42 with complexity 3 requiring operations [1, 5, 10]
84 Worker 1 accepting task 42
84 Worker 3 accepting task 39
84 Worker 5 accepting task 35
84 Worker 2 accepting task 36
84 Task 38 completed!
84 Worker 5 processing task 40 requiring operations [10, 7]
84 Worker 5 performing operation 10 on task 40
84 Worker 1 processing task 42 requiring operations [1, 5, 10]
84 Worker 1 performing operation 10 on task 42
84 Worker 3 processing task 39 requiring operations [4, 3]
84 Worker 3 performing operation 4 on task 39
84 Worker 4 processing task 37 requiring operations [9]
84 Worker 4 forwarding task 37
84 Worker 2 processing task 36 requiring operations [9]
84 Worker 2 forwarding task 36
85 Worker 5 accepting task 40
85 Worker 1 accepting task 42
85 Worker 3 accepting task 39
85 Worker 1 accepting task 37
85 Worker 4 accepting task 36
85 Worker 5 processing task 41 requiring operations [1, 7, 6]
85 Worker 5 performing operation 6 on task 41
85 Worker 1 processing task 42 requiring operations [1, 5]
85 Worker 1 forwarding task 42
85 Worker 3 processing task 39 requiring operations [3]
85 Worker 3 forwarding task 39
85 Worker 4 processing task 36 requiring operations [9]
85 Worker 4 forwarding task 36
86 Generated task 43 with complexity 3 requiring operations [2, 3, 8]
86 Worker 3 accepting task 43
86 Worker 5 accepting task 41
86 Worker 2 accepting task 42
86 Worker 2 accepting task 39
86 Worker 0 accepting task 36
86 Worker 5 processing task 35 requiring operations [4]
86 Worker 5 forwarding task 35
86 Worker 1 processing task 37 requiring operations [9]
86 Worker 1 performing operation 9 on task 37
86 Worker 3 processing task 43 requiring operations [2, 3, 8]
86 Worker 3 forwarding task 43
86 Worker 2 processing task 42 requiring operations [1, 5]
86 Worker 2 forwarding task 42
86 Worker 0 processing task 36 requiring operations [9]
86 Worker 0 forwarding task 36
87 Worker 2 accepting task 35
87 Task 37 completed!
87 Worker 1 accepting task 43
87 Worker 4 accepting task 42
87 Worker 3 accepting task 36
87 Worker 5 processing task 40 requiring operations [7]
87 Worker 5 forwarding task 40
87 Worker 2 processing task 39 requiring operations [3]
87 Worker 2 forwarding task 39
87 Worker 1 processing task 43 requiring operations [2, 3, 8]
87 Worker 1 performing operation 8 on task 43
87 Worker 4 processing task 42 requiring operations [1, 5]
87 Worker 4 performing operation 5 on task 42
87 Worker 3 processing task 36 requiring operations [9]
87 Worker 3 forwarding task 36
88 Generated task 44 with complexity 3 requiring operations [4, 7, 6]
88 Worker 0 accepting task 44
88 Worker 4 accepting task 40
88 Worker 1 accepting task 39
88 Worker 1 accepting task 43
88 Worker 4 accepting task 42
88 Worker 6 accepting task 36
88 Worker 5 processing task 41 requiring operations [1, 7]
88 Worker 5 forwarding task 41
88 Worker 2 processing task 35 requiring operations [4]
88 Worker 2 forwarding task 35
88 Worker 1 processing task 39 requiring operations [3]
88 Worker 1 performing operation 3 on task 39
88 Worker 4 processing task 40 requiring operations [7]
88 Worker 4 forwarding task 40
88 Worker 0 processing task 44 requiring operations [4, 7, 6]
88 Worker 0 forwarding task 44
88 Worker 6 processing task 36 requiring operations [9]
88 Worker 6 forwarding task 36
89 Worker 2 accepting task 41
89 Worker 1 accepting task 35
89 Task 39 completed!
89 Worker 6 accepting task 40
89 Worker 5 accepting task 44
89 Worker 3 accepting task 36
89 Worker 2 processing task 41 requiring operations [1, 7]
89 Worker 2 forwarding task 41
89 Worker 1 processing task 43 requiring operations [2, 3]
89 Worker 1 performing operation 3 on task 43
89 Worker 4 processing task 42 requiring operations [1]
89 Worker 4 forwarding task 42
89 Worker 6 processing task 40 requiring operations [7]
89 Worker 6 forwarding task 40
89 Worker 5 processing task 44 requiring operations [4, 7, 6]
89 Worker 5 performing operation 6 on task 44
89 Worker 3 processing task 36 requiring operations [9]
89 Worker 3 forwarding task 36
90 Generated task 45 with complexity 3 requiring operations [4, 6, 7]
90 Worker 6 accepting task 45
90 Worker 3 accepting task 41
90 Worker 1 accepting task 43
90 Worker 6 accepting task 42
90 Worker 2 accepting task 40
90 Worker 5 accepting task 44
90 Worker 1 accepting task 36
90 Worker 1 processing task 35 requiring operations [4]
90 Worker 1 forwarding task 35
90 Worker 6 processing task 45 requiring operations [4, 6, 7]
90 Worker 6 forwarding task 45
90 Worker 5 processing task 44 requiring operations [4, 7]
90 Worker 5 forwarding task 44
90 Worker 3 processing task 41 requiring operations [1, 7]
90 Worker 3 performing operation 7 on task 41
90 Worker 2 processing task 40 requiring operations [7]
90 Worker 2 forwarding task 40
91 Worker 2 accepting task 35
91 Worker 5 accepting task 45
91 Worker 6 accepting task 44
91 Worker 3 accepting task 41
91 Worker 0 accepting task 40
91 Worker 1 processing task 43 requiring operations [2]
91 Worker 1 performing operation 2 on task 43
91 Worker 6 processing task 42 requiring operations [1]
91 Worker 6 performing operation 1 on task 42
91 Worker 5 processing task 45 requiring operations [4, 6, 7]
91 Worker 5 performing operation 6 on task 45
91 Worker 3 processing task 41 requiring operations [1]
91 Worker 3 forwarding task 41
91 Worker 2 processing task 35 requiring operations [4]
91 Worker 2 forwarding task 35
91 Worker 0 processing task 40 requiring operations [7]
91 Worker 0 forwarding task 40
92 Generated task 46 with complexity 3 requiring operations [7, 8, 4]
92 Worker 1 accepting task 46
92 Task 43 completed!
92 Task 42 completed!
92 Worker 5 accepting task 45
92 Worker 1 accepting task 41
92 Worker 6 accepting task 35
92 Worker 5 accepting task 40
92 Worker 1 processing task 36 requiring operations [9]
92 Worker 1 performing operation 9 on task 36
92 Worker 6 processing task 44 requiring operations [4, 7]
92 Worker 6 forwarding task 44
92 Worker 5 processing task 45 requiring operations [4, 7]
92 Worker 5 forwarding task 45
93 Task 36 completed!
93 Worker 5 accepting task 44
93 Worker 2 accepting task 45
93 Worker 1 processing task 46 requiring operations [7, 8, 4]
93 Worker 1 performing operation 8 on task 46
93 Worker 6 processing task 35 requiring operations [4]
93 Worker 6 forwarding task 35
93 Worker 5 processing task 40 requiring operations [7]
93 Worker 5 forwarding task 40
93 Worker 2 processing task 45 requiring operations [4, 7]
93 Worker 2 forwarding task 45
94 Generated task 47 with complexity 3 requiring operations [5, 7, 8]
94 Worker 4 accepting task 47
94 Worker 1 accepting task 46
94 Worker 2 accepting task 35
94 Worker 1 accepting task 40
94 Worker 4 accepting task 45
94 Worker 1 processing task 41 requiring operations [1]
94 Worker 1 forwarding task 41
94 Worker 5 processing task 44 requiring operations [4, 7]
94 Worker 5 forwarding task 44
94 Worker 2 processing task 35 requiring operations [4]
94 Worker 2 forwarding task 35
94 Worker 4 processing task 47 requiring operations [5, 7, 8]
94 Worker 4 performing operation 5 on task 47
95 Worker 0 accepting task 41
95 Worker 2 accepting task 44
95 Worker 3 accepting task 35
95 Worker 4 accepting task 47
95 Worker 1 processing task 46 requiring operations [7, 4]
95 Worker 1 performing operation 7 on task 46
95 Worker 2 processing task 44 requiring operations [4, 7]
95 Worker 2 forwarding task 44
95 Worker 4 processing task 45 requiring operations [4, 7]
95 Worker 4 forwarding task 45
95 Worker 0 processing task 41 requiring operations [1]
95 Worker 0 forwarding task 41
95 Worker 3 processing task 35 requiring operations [4]
95 Worker 3 performing operation 4 on task 35
96 Generated task 48 with complexity 3 requiring operations [6, 9, 7]
96 Worker 0 accepting task 48
96 Worker 1 accepting task 46
96 Worker 1 accepting task 44
96 Worker 1 accepting task 45
96 Worker 4 accepting task 41
96 Task 35 completed!
96 Worker 1 processing task 40 requiring operations [7]
96 Worker 1 performing operation 7 on task 40
96 Worker 4 processing task 47 requiring operations [7, 8]
96 Worker 4 forwarding task 47
96 Worker 0 processing task 48 requiring operations [6, 9, 7]
96 Worker 0 forwarding task 48
97 Task 40 completed!
97 Worker 3 accepting task 47
97 Worker 4 accepting task 48
97 Worker 1 processing task 46 requiring operations [4]
97 Worker 1 forwarding task 46
97 Worker 4 processing task 41 requiring operations [1]
97 Worker 4 forwarding task 41
97 Worker 3 processing task 47 requiring operations [7, 8]
97 Worker 3 performing operation 7 on task 47
98 Generated task 49 with complexity 3 requiring operations [6, 2, 5]
98 Worker 6 accepting task 49
98 Worker 4 accepting task 46
98 Worker 3 accepting task 41
98 Worker 3 accepting task 47
98 Worker 1 processing task 44 requiring operations [4, 7]
98 Worker 1 performing operation 7 on task 44
98 Worker 4 processing task 48 requiring operations [6, 9, 7]
98 Worker 4 performing operation 6 on task 48
98 Worker 3 processing task 41 requiring operations [1]
98 Worker 3 forwarding task 41
98 Worker 6 processing task 49 requiring operations [6, 2, 5]
98 Worker 6 performing operation 5 on task 49
99 Worker 1 accepting task 44
99 Worker 4 accepting task 48
99 Worker 2 accepting task 41
99 Worker 6 accepting task 49
99 Worker 1 processing task 45 requiring operations [4, 7]
99 Worker 1 performing operation 7 on task 45
99 Worker 4 processing task 46 requiring operations [4]
99 Worker 4 forwarding task 46
99 Worker 3 processing task 47 requiring operations [8]
99 Worker 3 forwarding task 47
99 Worker 6 processing task 49 requiring operations [6, 2]
99 Worker 6 forwarding task 49
99 Worker 2 processing task 41 requiring operations [1]
99 Worker 2 forwarding task 41
100 Generated task 50 with complexity 3 requiring operations [4, 6, 1]
100 Worker 4 accepting task 50
100 Worker 1 accepting task 45
100 Worker 6 accepting task 46
100 Worker 2 accepting task 47
100 Worker 3 accepting task 49
100 Worker 5 accepting task 41
100 Worker 1 processing task 44 requiring operations [4]
100 Worker 1 forwarding task 44
100 Worker 4 processing task 48 requiring operations [9, 7]
100 Worker 4 forwarding task 48
100 Worker 6 processing task 46 requiring operations [4]
100 Worker 6 forwarding task 46
100 Worker 2 processing task 47 requiring operations [8]
100 Worker 2 forwarding task 47
100 Worker 3 processing task 49 requiring operations [6, 2]
100 Worker 3 forwarding task 49
100 Worker 5 processing task 41 requiring operations [1]
100 Worker 5 forwarding task 41
101 Worker 0 accepting task 44
101 Worker 6 accepting task 48
101 Worker 3 accepting task 46
101 Worker 3 accepting task 47
101 Worker 1 accepting task 49
101 Worker 2 accepting task 41
101 Worker 1 processing task 45 requiring operations [4]
101 Worker 1 forwarding task 45
101 Worker 4 processing task 50 requiring operations [4, 6, 1]
101 Worker 4 performing operation 6 on task 50
101 Worker 6 processing task 48 requiring operations [9, 7]
101 Worker 6 forwarding task 48
101 Worker 3 processing task 46 requiring operations [4]
101 Worker 3 performing operation 4 on task 46
101 Worker 0 processing task 44 requiring operations [4]
101 Worker 0 forwarding task 44
101 Worker 2 processing task 41 requiring operations [1]
101 Worker 2 forwarding task 41
102 Generated task 51 with complexity 3 requiring operations [8, 1, 7]
102 Worker 5 accepting task 51
102 Worker 6 accepting task 45
102 Worker 4 accepting task 50
102 Worker 5 accepting task 48
102 Task 46 completed!
102 Worker 4 accepting task 44
102 Worker 3 accepting task 41
102 Worker 1 processing task 49 requiring operations [6, 2]
102 Worker 1 performing operation 2 on task 49
102 Worker 4 processing task 50 requiring operations [4, 1]
102 Worker 4 forwarding task 50
102 Worker 6 processing task 45 requiring operations [4]
102 Worker 6 forwarding task 45
102 Worker 3 processing task 47 requiring operations [8]
102 Worker 3 forwarding task 47
102 Worker 5 processing task 51 requiring operations [8, 1, 7]
102 Worker 5 performing operation 8 on task 51
103 Worker 1 accepting task 49
103 Worker 0 accepting task 50
103 Worker 5 accepting task 45
103 Worker 2 accepting task 47
103 Worker 5 accepting task 51
103 Worker 1 processing task 49 requiring operations [6]
103 Worker 1 forwarding task 49
103 Worker 4 processing task 44 requiring operations [4]
103 Worker 4 forwarding task 44
103 Worker 3 processing task 41 requiring operations [1]
103 Worker 3 forwarding task 41
103 Worker 5 processing task 48 requiring operations [9, 7]
103 Worker 5 forwarding task 48
103 Worker 0 processing task 50 requiring operations [4, 1]
103 Worker 0 forwarding task 50
103 Worker 2 processing task 47 requiring operations [8]
103 Worker 2 forwarding task 47
104 Generated task 52 with complexity 3 requiring operations [4, 9, 7]
104 Worker 6 accepting task 52
104 Worker 2 accepting task 49
104 Worker 5 accepting task 44
104 Worker 4 accepting task 41
104 Worker 1 accepting task 48
104 Worker 4 accepting task 50
104 Worker 6 accepting task 47
104 Worker 5 processing task 45 requiring operations [4]
104 Worker 5 forwarding task 45
104 Worker 2 processing task 49 requiring operations [6]
104 Worker 2 forwarding task 49
104 Worker 6 processing task 52 requiring operations [4, 9, 7]
104 Worker 6 forwarding task 52
104 Worker 4 processing task 41 requiring operations [1]
104 Worker 4 forwarding task 41
104 Worker 1 processing task 48 requiring operations [9, 7]
104 Worker 1 performing operation 7 on task 48
105 Worker 2 accepting task 45
105 Worker 1 accepting task 49
105 Worker 5 accepting task 52
105 Worker 6 accepting task 41
105 Worker 1 accepting task 48
105 Worker 5 processing task 51 requiring operations [1, 7]
105 Worker 5 forwarding task 51
105 Worker 2 processing task 45 requiring operations [4]
105 Worker 2 forwarding task 45
105 Worker 6 processing task 47 requiring operations [8]
105 Worker 6 performing operation 8 on task 47
105 Worker 4 processing task 50 requiring operations [4, 1]
105 Worker 4 forwarding task 50
105 Worker 1 processing task 49 requiring operations [6]
105 Worker 1 forwarding task 49
106 Generated task 53 with complexity 3 requiring operations [9, 3, 10]
106 Worker 6 accepting task 53
106 Worker 3 accepting task 51
106 Worker 6 accepting task 45
106 Task 47 completed!
106 Worker 2 accepting task 50
106 Worker 4 accepting task 49
106 Worker 5 processing task 44 requiring operations [4]
106 Worker 5 forwarding task 44
106 Worker 6 processing task 41 requiring operations [1]
106 Worker 6 performing operation 1 on task 41
106 Worker 1 processing task 48 requiring operations [9]
106 Worker 1 performing operation 9 on task 48
106 Worker 3 processing task 51 requiring operations [1, 7]
106 Worker 3 performing operation 7 on task 51
106 Worker 2 processing task 50 requiring operations [4, 1]
106 Worker 2 forwarding task 50
106 Worker 4 processing task 49 requiring operations [6]
106 Worker 4 performing operation 6 on task 49
107 Worker 0 accepting task 44
107 Task 41 completed!
107 Task 48 completed!
107 Worker 3 accepting task 51
107 Worker 0 accepting task 50
107 Task 49 completed!
107 Worker 5 processing task 52 requiring operations [4, 9, 7]
107 Worker 5 forwarding task 52
107 Worker 6 processing task 53 requiring operations [9, 3, 10]
107 Worker 6 forwarding task 53
107 Worker 3 processing task 51 requiring operations [1]
107 Worker 3 forwarding task 51
107 Worker 0 processing task 44 requiring operations [4]
107 Worker 0 forwarding task 44
108 Generated task 54 with complexity 3 requiring operations [3, 9, 1]
108 Worker 1 accepting task 54
108 Worker 4 accepting task 52
108 Worker 5 accepting task 53
108 Worker 1 accepting task 51
108 Worker 6 accepting task 44
108 Worker 6 processing task 45 requiring operations [4]
108 Worker 6 forwarding task 45
108 Worker 0 processing task 50 requiring operations [4, 1]
108 Worker 0 forwarding task 50
108 Worker 1 processing task 54 requiring operations [3, 9, 1]
108 Worker 1 performing operation 9 on task 54
108 Worker 4 processing task 52 requiring operations [4, 9, 7]
108 Worker 4 forwarding task 52
108 Worker 5 processing task 53 requiring operations [9, 3, 10]
108 Worker 5 performing operation 10 on task 53
109 Worker 0 accepting task 45
109 Worker 4 accepting task 50
109 Worker 1 accepting task 54
109 Worker 2 accepting task 52
109 Worker 5 accepting task 53
109 Worker 6 processing task 44 requiring operations [4]
109 Worker 6 forwarding task 44
109 Worker 0 processing task 45 requiring operations [4]
109 Worker 0 forwarding task 45
109 Worker 1 processing task 51 requiring operations [1]
109 Worker 1 forwarding task 51
109 Worker 4 processing task 50 requiring operations [4, 1]
109 Worker 4 forwarding task 50
109 Worker 5 processing task 53 requiring operations [9, 3]
109 Worker 5 forwarding task 53
109 Worker 2 processing task 52 requiring operations [4, 9, 7]
109 Worker 2 forwarding task 52
110 Generated task 55 with complexity 3 requiring operations [10, 5, 2]
110 Worker 6 accepting task 55
110 Worker 4 accepting task 44
110 Worker 5 accepting task 45
110 Worker 2 accepting task 51
110 Worker 3 accepting task 50
110 Worker 6 accepting task 53
110 Worker 4 accepting task 52
110 Worker 6 processing task 55 requiring operations [10, 5, 2]
110 Worker 6 performing operation 5 on task 55
110 Worker 1 processing task 54 requiring operations [3, 1]
110 Worker 1 performing operation 3 on task 54
110 Worker 4 processing task 44 requiring operations [4]
110 Worker 4 forwarding task 44
110 Worker 5 processing task 45 requiring operations [4]
110 Worker 5 forwarding task 45
110 Worker 2 processing task 51 requiring operations [1]
110 Worker 2 forwarding task 51
110 Worker 3 processing task 50 requiring operations [4, 1]
110 Worker 3 performing operation 4 on task 50
111 Worker 6 accepting task 55
111 Worker 1 accepting task 54
111 Worker 5 accepting task 44
111 Worker 2 accepting task 45
111 Worker 0 accepting task 51
111 Worker 3 accepting task 50
111 Worker 6 processing task 53 requiring operations [9, 3]
111 Worker 6 forwarding task 53
111 Worker 1 processing task 54 requiring operations [1]
111 Worker 1 forwarding task 54
111 Worker 4 processing task 52 requiring operations [4, 9, 7]
111 Worker 4 forwarding task 52
111 Worker 5 processing task 44 requiring operations [4]
111 Worker 5 forwarding task 44
111 Worker 2 processing task 45 requiring operations [4]
111 Worker 2 forwarding task 45
111 Worker 3 processing task 50 requiring operations [1]
111 Worker 3 forwarding task 50
111 Worker 0 processing task 51 requiring operations [1]
111 Worker 0 forwarding task 51
112 Generated task 56 with complexity 3 requiring operations [9, 2, 8]
112 Worker 0 accepting task 56
112 Worker 0 accepting task 53
112 Worker 0 accepting task 54
112 Worker 2 accepting task 52
112 Worker 3 accepting task 44
112 Worker 4 accepting task 45
112 Worker 0 accepting task 50
112 Worker 1 accepting task 51
112 Worker 6 processing task 55 requiring operations [10, 2]
112 Worker 6 forwarding task 55
112 Worker 2 processing task 52 requiring operations [4, 9, 7]
112 Worker 2 forwarding task 52
112 Worker 3 processing task 44 requiring operations [4]
112 Worker 3 performing operation 4 on task 44
112 Worker 0 processing task 56 requiring operations [9, 2, 8]
112 Worker 0 forwarding task 56
112 Worker 4 processing task 45 requiring operations [4]
112 Worker 4 forwarding task 45
112 Worker 1 processing task 51 requiring operations [1]
112 Worker 1 forwarding task 51
113 Worker 2 accepting task 55
113 Worker 4 accepting task 52
113 Task 44 completed!
113 Worker 6 accepting task 56
113 Worker 2 accepting task 45
113 Worker 3 accepting task 51
113 Worker 2 processing task 55 requiring operations [10, 2]
113 Worker 2 performing operation 2 on task 55
113 Worker 0 processing task 53 requiring operations [9, 3]
113 Worker 0 performing operation 3 on task 53
113 Worker 4 processing task 52 requiring operations [4, 9, 7]
113 Worker 4 forwarding task 52
113 Worker 6 processing task 56 requiring operations [9, 2, 8]
113 Worker 6 performing operation 8 on task 56
113 Worker 3 processing task 51 requiring operations [1]
113 Worker 3 forwarding task 51
114 Generated task 57 with complexity 3 requiring operations [9, 8, 7]
114 Worker 1 accepting task 57
114 Worker 2 accepting task 55
114 Worker 0 accepting task 53
114 Worker 0 accepting task 52
114 Worker 6 accepting task 56
114 Worker 4 accepting task 51
114 Worker 2 processing task 45 requiring operations [4]
114 Worker 2 forwarding task 45
114 Worker 0 processing task 54 requiring operations [1]
114 Worker 0 forwarding task 54
114 Worker 6 processing task 56 requiring operations [9, 2]
114 Worker 6 forwarding task 56
114 Worker 1 processing task 57 requiring operations [9, 8, 7]
114 Worker 1 performing operation 7 on task 57
114 Worker 4 processing task 51 requiring operations [1]
114 Worker 4 forwarding task 51
115 Worker 1 accepting task 45
115 Worker 6 accepting task 54
115 Worker 3 accepting task 56
115 Worker 1 accepting task 57
115 Worker 5 accepting task 51
115 Worker 2 processing task 55 requiring operations [10]
115 Worker 2 forwarding task 55
115 Worker 0 processing task 50 requiring operations [1]
115 Worker 0 forwarding task 50
115 Worker 6 processing task 54 requiring operations [1]
115 Worker 6 performing operation 1 on task 54
115 Worker 1 processing task 45 requiring operations [4]
115 Worker 1 forwarding task 45
115 Worker 3 processing task 56 requiring operations [9, 2]
115 Worker 3 forwarding task 56
115 Worker 5 processing task 51 requiring operations [1]
115 Worker 5 forwarding task 51
116 Generated task 58 with complexity 3 requiring operations [7, 1, 4]
116 Worker 0 accepting task 58
116 Worker 1 accepting task 55
116 Worker 3 accepting task 50
116 Task 54 completed!
116 Worker 2 accepting task 45
116 Worker 4 accepting task 56
116 Worker 1 accepting task 51
116 Worker 0 processing task 53 requiring operations [9]
116 Worker 0 forwarding task 53
116 Worker 1 processing task 57 requiring operations [9, 8]
116 Worker 1 performing operation 9 on task 57
116 Worker 3 processing task 50 requiring operations [1]
116 Worker 3 forwarding task 50
116 Worker 2 processing task 45 requiring operations [4]
116 Worker 2 forwarding task 45
116 Worker 4 processing task 56 requiring operations [9, 2]
116 Worker 4 forwarding task 56
117 Worker 5 accepting task 53
117 Worker 1 accepting task 57
117 Worker 0 accepting task 50
117 Worker 0 accepting task 45
117 Worker 5 accepting task 56
117 Worker 0 processing task 52 requiring operations [4, 9, 7]
117 Worker 0 forwarding task 52
117 Worker 1 processing task 55 requiring operations [10]
117 Worker 1 performing operation 10 on task 55
117 Worker 5 processing task 53 requiring operations [9]
117 Worker 5 forwarding task 53
118 Generated task 59 with complexity 3 requiring operations [4, 1, 8]
118 Worker 1 accepting task 59
118 Worker 2 accepting task 52
118 Task 55 completed!
118 Worker 6 accepting task 53
118 Worker 0 processing task 58 requiring operations [7, 1, 4]
118 Worker 0 forwarding task 58
118 Worker 1 processing task 51 requiring operations [1]
118 Worker 1 forwarding task 51
118 Worker 5 processing task 56 requiring operations [9, 2]
118 Worker 5 performing operation 2 on task 56
118 Worker 2 processing task 52 requiring operations [4, 9, 7]
118 Worker 2 forwarding task 52
118 Worker 6 processing task 53 requiring operations [9]
118 Worker 6 forwarding task 53
119 Worker 3 accepting task 58
119 Worker 2 accepting task 51
119 Worker 5 accepting task 56
119 Worker 5 accepting task 52
119 Worker 5 accepting task 53
119 Worker 0 processing task 50 requiring operations [1]
119 Worker 0 forwarding task 50
119 Worker 1 processing task 57 requiring operations [8]
119 Worker 1 performing operation 8 on task 57
119 Worker 5 processing task 56 requiring operations [9]
119 Worker 5 forwarding task 56
119 Worker 2 processing task 51 requiring operations [1]
119 Worker 2 forwarding task 51
119 Worker 3 processing task 58 requiring operations [7, 1, 4]
119 Worker 3 performing operation 7 on task 58
120 Generated task 60 with complexity 3 requiring operations [7, 3, 6]
120 Worker 6 accepting task 60
120 Worker 2 accepting task 50
120 Task 57 completed!
120 Worker 0 accepting task 56
120 Worker 5 accepting task 51
120 Worker 3 accepting task 58
120 Worker 0 processing task 45 requiring operations [4]
120 Worker 0 forwarding task 45
120 Worker 1 processing task 59 requiring operations [4, 1, 8]
120 Worker 1 performing operation 8 on task 59
120 Worker 5 processing task 52 requiring operations [4, 9, 7]
120 Worker 5 forwarding task 52
120 Worker 2 processing task 50 requiring operations [1]
120 Worker 2 forwarding task 50
120 Worker 3 processing task 58 requiring operations [1, 4]
120 Worker 3 performing operation 4 on task 58
120 Worker 6 processing task 60 requiring operations [7, 3, 6]
120 Worker 6 forwarding task 60
121 Worker 3 accepting task 45
121 Worker 1 accepting task 59
121 Worker 1 accepting task 52
121 Worker 1 accepting task 50
121 Worker 3 accepting task 58
121 Worker 1 accepting task 60
121 Worker 0 processing task 56 requiring operations [9]
121 Worker 0 forwarding task 56
121 Worker 1 processing task 59 requiring operations [4, 1]
121 Worker 1 forwarding task 59
121 Worker 5 processing task 53 requiring operations [9]
121 Worker 5 forwarding task 53
121 Worker 3 processing task 45 requiring operations [4]
121 Worker 3 performing operation 4 on task 45
122 Generated task 61 with complexity 3 requiring operations [10, 8, 7]
122 Worker 4 accepting task 61
122 Worker 6 accepting task 56
122 Worker 4 accepting task 59
122 Worker 1 accepting task 53
122 Task 45 completed!
122 Worker 1 processing task 52 requiring operations [4, 9, 7]
122 Worker 1 performing operation 9 on task 52
122 Worker 5 processing task 51 requiring operations [1]
122 Worker 5 forwarding task 51
122 Worker 3 processing task 58 requiring operations [1]
122 Worker 3 forwarding task 58
122 Worker 4 processing task 61 requiring operations [10, 8, 7]
122 Worker 4 forwarding task 61
122 Worker 6 processing task 56 requiring operations [9]
122 Worker 6 forwarding task 56
123 Worker 1 accepting task 52
123 Worker 2 accepting task 51
123 Worker 5 accepting task 58
123 Worker 1 accepting task 61
123 Worker 2 accepting task 56
123 Worker 1 processing task 50 requiring operations [1]
123 Worker 1 forwarding task 50
123 Worker 4 processing task 59 requiring operations [4, 1]
123 Worker 4 forwarding task 59
123 Worker 2 processing task 51 requiring operations [1]
123 Worker 2 forwarding task 51
123 Worker 5 processing task 58 requiring operations [1]
123 Worker 5 forwarding task 58
124 Generated task 62 with complexity 3 requiring operations [9, 4, 3]
124 Worker 4 accepting task 62
124 Worker 2 accepting task 50
124 Worker 3 accepting task 59
124 Worker 1 accepting task 51
124 Worker 6 accepting task 58
124 Worker 1 processing task 60 requiring operations [7, 3, 6]
124 Worker 1 performing operation 3 on task 60
124 Worker 4 processing task 62 requiring operations [9, 4, 3]
124 Worker 4 forwarding task 62
124 Worker 2 processing task 56 requiring operations [9]
124 Worker 2 forwarding task 56
124 Worker 3 processing task 59 requiring operations [4, 1]
124 Worker 3 performing operation 4 on task 59
124 Worker 6 processing task 58 requiring operations [1]
124 Worker 6 performing operation 1 on task 58
125 Worker 1 accepting task 60
125 Worker 5 accepting task 62
125 Worker 3 accepting task 56
125 Worker 3 accepting task 59
125 Task 58 completed!
125 Worker 1 processing task 53 requiring operations [9]
125 Worker 1 performing operation 9 on task 53
125 Worker 2 processing task 50 requiring operations [1]
125 Worker 2 forwarding task 50
125 Worker 3 processing task 56 requiring operations [9]
125 Worker 3 forwarding task 56
125 Worker 5 processing task 62 requiring operations [9, 4, 3]
125 Worker 5 forwarding task 62
126 Generated task 63 with complexity 3 requiring operations [4, 9, 10]
126 Worker 1 accepting task 63
126 Task 53 completed!
126 Worker 6 accepting task 50
126 Worker 1 accepting task 56
126 Worker 3 accepting task 62
126 Worker 1 processing task 52 requiring operations [4, 7]
126 Worker 1 performing operation 7 on task 52
126 Worker 3 processing task 59 requiring operations [1]
126 Worker 3 forwarding task 59
126 Worker 6 processing task 50 requiring operations [1]
126 Worker 6 performing operation 1 on task 50
127 Worker 1 accepting task 52
127 Worker 4 accepting task 59
127 Task 50 completed!
127 Worker 1 processing task 61 requiring operations [10, 8, 7]
127 Worker 1 performing operation 7 on task 61
127 Worker 3 processing task 62 requiring operations [9, 4, 3]
127 Worker 3 performing operation 4 on task 62
127 Worker 4 processing task 59 requiring operations [1]
127 Worker 4 forwarding task 59
128 Generated task 64 with complexity 3 requiring operations [5, 8, 1]
128 Worker 4 accepting task 64
128 Worker 1 accepting task 61
128 Worker 3 accepting task 62
128 Worker 0 accepting task 59
128 Worker 1 processing task 51 requiring operations [1]
128 Worker 1 forwarding task 51
128 Worker 3 processing task 62 requiring operations [9, 3]
128 Worker 3 forwarding task 62
128 Worker 4 processing task 64 requiring operations [5, 8, 1]
128 Worker 4 performing operation 5 on task 64
128 Worker 0 processing task 59 requiring operations [1]
128 Worker 0 forwarding task 59
129 Worker 2 accepting task 51
129 Worker 1 accepting task 62
129 Worker 4 accepting task 64
129 Worker 5 accepting task 59
129 Worker 1 processing task 60 requiring operations [7, 6]
129 Worker 1 performing operation 7 on task 60
129 Worker 4 processing task 64 requiring operations [8, 1]
129 Worker 4 forwarding task 64
129 Worker 2 processing task 51 requiring operations [1]
129 Worker 2 forwarding task 51
129 Worker 5 processing task 59 requiring operations [1]
129 Worker 5 forwarding task 59
130 Generated task 65 with complexity 3 requiring operations [4, 10, 1]
130 Worker 3 accepting task 65
130 Worker 1 accepting task 60
130 Worker 3 accepting task 64
130 Worker 6 accepting task 51
130 Worker 0 accepting task 59
130 Worker 1 processing task 63 requiring operations [4, 9, 10]
130 Worker 1 performing operation 10 on task 63
130 Worker 3 processing task 65 requiring operations [4, 10, 1]
130 Worker 3 performing operation 4 on task 65
130 Worker 6 processing task 51 requiring operations [1]
130 Worker 6 performing operation 1 on task 51
130 Worker 0 processing task 59 requiring operations [1]
130 Worker 0 forwarding task 59
131 Worker 1 accepting task 63
131 Worker 3 accepting task 65
131 Task 51 completed!
131 Worker 2 accepting task 59
131 Worker 1 processing task 56 requiring operations [9]
131 Worker 1 performing operation 9 on task 56
131 Worker 3 processing task 64 requiring operations [8, 1]
131 Worker 3 forwarding task 64
131 Worker 2 processing task 59 requiring operations [1]
131 Worker 2 forwarding task 59
132 Generated task 66 with complexity 3 requiring operations [1, 6, 4]
132 Worker 2 accepting task 66
132 Task 56 completed!
132 Worker 1 accepting task 64
132 Worker 4 accepting task 59
132 Worker 1 processing task 52 requiring operations [4]
132 Worker 1 forwarding task 52
132 Worker 3 processing task 65 requiring operations [10, 1]
132 Worker 3 performing operation 10 on task 65
132 Worker 2 processing task 66 requiring operations [1, 6, 4]
132 Worker 2 forwarding task 66
132 Worker 4 processing task 59 requiring operations [1]
132 Worker 4 forwarding task 59
133 Worker 0 accepting task 52
133 Worker 3 accepting task 65
133 Worker 5 accepting task 66
133 Worker 0 accepting task 59
133 Worker 1 processing task 61 requiring operations [10, 8]
133 Worker 1 performing operation 8 on task 61
133 Worker 3 processing task 65 requiring operations [1]
133 Worker 3 forwarding task 65
133 Worker 0 processing task 52 requiring operations [4]
133 Worker 0 forwarding task 52
133 Worker 5 processing task 66 requiring operations [1, 6, 4]
133 Worker 5 performing operation 6 on task 66
134 Generated task 67 with complexity 3 requiring operations [7, 6, 8]
134 Worker 5 accepting task 67
134 Worker 1 accepting task 61
134 Worker 5 accepting task 65
134 Worker 5 accepting task 52
134 Worker 5 accepting task 66
134 Worker 1 processing task 62 requiring operations [9, 3]
134 Worker 1 performing operation 3 on task 62
134 Worker 0 processing task 59 requiring operations [1]
134 Worker 0 forwarding task 59
134 Worker 5 processing task 67 requiring operations [7, 6, 8]
134 Worker 5 performing operation 6 on task 67
135 Worker 1 accepting task 62
135 Worker 4 accepting task 59
135 Worker 5 accepting task 67
135 Worker 1 processing task 60 requiring operations [6]
135 Worker 1 forwarding task 60
135 Worker 5 processing task 65 requiring operations [1]
135 Worker 5 forwarding task 65
135 Worker 4 processing task 59 requiring operations [1]
135 Worker 4 forwarding task 59
136 Generated task 68 with complexity 3 requiring operations [9, 1, 3]
136 Worker 0 accepting task 68
136 Worker 4 accepting task 60
136 Worker 1 accepting task 65
136 Worker 6 accepting task 59
136 Worker 1 processing task 63 requiring operations [4, 9]
136 Worker 1 performing operation 9 on task 63
136 Worker 5 processing task 52 requiring operations [4]
136 Worker 5 forwarding task 52
136 Worker 4 processing task 60 requiring operations [6]
136 Worker 4 performing operation 6 on task 60
136 Worker 0 processing task 68 requiring operations [9, 1, 3]
136 Worker 0 performing operation 3 on task 68
136 Worker 6 processing task 59 requiring operations [1]
136 Worker 6 performing operation 1 on task 59
137 Worker 1 accepting task 63
137 Worker 6 accepting task 52
137 Task 60 completed!
137 Worker 0 accepting task 68
137 Task 59 completed!
137 Worker 1 processing task 64 requiring operations [8, 1]
137 Worker 1 performing operation 8 on task 64
137 Worker 5 processing task 66 requiring operations [1, 4]
137 Worker 5 forwarding task 66
137 Worker 0 processing task 68 requiring operations [9, 1]
137 Worker 0 forwarding task 68
137 Worker 6 processing task 52 requiring operations [4]
137 Worker 6 forwarding task 52
138 Generated task 69 with complexity 3 requiring operations [4, 9, 6]
138 Worker 3 accepting task 69
138 Worker 1 accepting task 64
138 Worker 3 accepting task 66
138 Worker 5 accepting task 68
138 Worker 3 accepting task 52
138 Worker 1 processing task 61 requiring operations [10]
138 Worker 1 performing operation 10 on task 61
138 Worker 5 processing task 67 requiring operations [7, 8]
138 Worker 5 performing operation 8 on task 67
138 Worker 3 processing task 69 requiring operations [4, 9, 6]
138 Worker 3 performing operation 4 on task 69
139 Task 61 completed!
139 Worker 5 accepting task 67
139 Worker 3 accepting task 69
139 Worker 1 processing task 62 requiring operations [9]
139 Worker 1 performing operation 9 on task 62
139 Worker 5 processing task 68 requiring operations [9, 1]
139 Worker 5 forwarding task 68
139 Worker 3 processing task 66 requiring operations [1, 4]
139 Worker 3 performing operation 4 on task 66
140 Generated task 70 with complexity 3 requiring operations [9, 1, 4]
140 Worker 6 accepting task 70
140 Task 62 completed!
140 Worker 6 accepting task 68
140 Worker 3 accepting task 66
140 Worker 1 processing task 65 requiring operations [1]
140 Worker 1 forwarding task 65
140 Worker 5 processing task 67 requiring operations [7]
140 Worker 5 forwarding task 67
140 Worker 3 processing task 52 requiring operations [4]
140 Worker 3 performing operation 4 on task 52
140 Worker 6 processing task 70 requiring operations [9, 1, 4]
140 Worker 6 performing operation 1 on task 70
