Worker 0 can perform operations {1, 6}
Worker 1 can perform operations {2, 10, 4, 7}
Worker 2 can perform operations {8, 3, 7}
Worker 3 can perform operations {4, 5, 6}
Worker 4 can perform operations {9, 5}
Worker 0 connecting to worker 4
Worker 4 connecting to worker 0
Worker 0 connecting to worker 2
Worker 2 connecting to worker 0
Worker 1 connecting to worker 2
Worker 2 connecting to worker 1
Worker 1 connecting to worker 4
Worker 4 connecting to worker 1
Worker 3 connecting to worker 4
Worker 4 connecting to worker 3
Worker 3 connecting to worker 1
Worker 1 connecting to worker 3
Entry nodes are [0, 1, 2, 3, 4]
0 Generated task 0
0 Worker 4 accepting task 0
0 Worker 4 processing task 0 requiring operations [6, 3, 7]
0 Worker 4 forwarding task 0
1 Worker 3 accepting task 0
1 Worker 3 processing task 0 requiring operations [6, 3, 7]
1 Worker 3 performing operation 6 on task 0
2 Generated task 1
2 Worker 4 accepting task 1
2 Worker 3 accepting task 0
2 Worker 3 processing task 0 requiring operations [3, 7]
2 Worker 3 forwarding task 0
2 Worker 4 processing task 1 requiring operations [3, 7, 6]
2 Worker 4 forwarding task 1
3 Worker 1 accepting task 0
3 Worker 3 accepting task 1
3 Worker 1 processing task 0 requiring operations [3, 7]
3 Worker 1 performing operation 7 on task 0
3 Worker 3 processing task 1 requiring operations [3, 7, 6]
3 Worker 3 performing operation 6 on task 1
4 Generated task 2
4 Worker 2 accepting task 2
4 Worker 1 accepting task 0
4 Worker 3 accepting task 1
4 Worker 1 processing task 0 requiring operations [3]
4 Worker 1 forwarding task 0
4 Worker 3 processing task 1 requiring operations [3, 7]
4 Worker 3 forwarding task 1
4 Worker 2 processing task 2 requiring operations [6, 2, 8]
4 Worker 2 performing operation 8 on task 2
5 Worker 3 accepting task 0
5 Worker 1 accepting task 1
5 Worker 2 accepting task 2
5 Worker 3 processing task 0 requiring operations [3]
5 Worker 3 forwarding task 0
5 Worker 2 processing task 2 requiring operations [6, 2]
5 Worker 2 forwarding task 2
5 Worker 1 processing task 1 requiring operations [3, 7]
5 Worker 1 performing operation 7 on task 1
6 Generated task 3
6 Worker 3 accepting task 3
6 Worker 1 accepting task 0
6 Worker 0 accepting task 2
6 Worker 1 accepting task 1
6 Worker 3 processing task 3 requiring operations [8, 3, 4]
6 Worker 3 performing operation 4 on task 3
6 Worker 1 processing task 0 requiring operations [3]
6 Worker 1 forwarding task 0
6 Worker 0 processing task 2 requiring operations [6, 2]
6 Worker 0 performing operation 6 on task 2
7 Worker 3 accepting task 3
7 Worker 3 accepting task 0
7 Worker 0 accepting task 2
7 Worker 3 processing task 3 requiring operations [8, 3]
7 Worker 3 forwarding task 3
7 Worker 1 processing task 1 requiring operations [3]
7 Worker 1 forwarding task 1
7 Worker 0 processing task 2 requiring operations [2]
7 Worker 0 forwarding task 2
8 Generated task 4
8 Worker 2 accepting task 4
8 Worker 4 accepting task 3
8 Worker 3 accepting task 1
8 Worker 4 accepting task 2
8 Worker 3 processing task 0 requiring operations [3]
8 Worker 3 forwarding task 0
8 Worker 2 processing task 4 requiring operations [6, 4, 8]
8 Worker 2 performing operation 8 on task 4
8 Worker 4 processing task 3 requiring operations [8, 3]
8 Worker 4 forwarding task 3
9 Worker 1 accepting task 0
9 Worker 2 accepting task 4
9 Worker 0 accepting task 3
9 Worker 3 processing task 1 requiring operations [3]
9 Worker 3 forwarding task 1
9 Worker 2 processing task 4 requiring operations [6, 4]
9 Worker 2 forwarding task 4
9 Worker 4 processing task 2 requiring operations [2]
9 Worker 4 forwarding task 2
9 Worker 1 processing task 0 requiring operations [3]
9 Worker 1 forwarding task 0
9 Worker 0 processing task 3 requiring operations [8, 3]
9 Worker 0 forwarding task 3
10 Generated task 5
10 Worker 0 accepting task 5
10 Worker 1 accepting task 1
10 Worker 0 accepting task 4
10 Worker 3 accepting task 2
10 Worker 4 accepting task 0
10 Worker 4 accepting task 3
10 Worker 1 processing task 1 requiring operations [3]
10 Worker 1 forwarding task 1
10 Worker 0 processing task 5 requiring operations [9, 6, 3]
10 Worker 0 performing operation 6 on task 5
10 Worker 3 processing task 2 requiring operations [2]
10 Worker 3 forwarding task 2
10 Worker 4 processing task 0 requiring operations [3]
10 Worker 4 forwarding task 0
11 Worker 4 accepting task 1
11 Worker 0 accepting task 5
11 Worker 1 accepting task 2
11 Worker 1 accepting task 0
11 Worker 0 processing task 4 requiring operations [6, 4]
11 Worker 0 performing operation 6 on task 4
11 Worker 4 processing task 3 requiring operations [8, 3]
11 Worker 4 forwarding task 3
11 Worker 1 processing task 2 requiring operations [2]
11 Worker 1 performing operation 2 on task 2
12 Generated task 6
12 Worker 4 accepting task 6
12 Worker 0 accepting task 4
12 Worker 1 accepting task 3
12 Task 2 completed!
12 Worker 0 processing task 5 requiring operations [9, 3]
12 Worker 0 forwarding task 5
12 Worker 4 processing task 1 requiring operations [3]
12 Worker 4 forwarding task 1
12 Worker 1 processing task 0 requiring operations [3]
12 Worker 1 forwarding task 0
13 Worker 4 accepting task 5
13 Worker 0 accepting task 1
13 Worker 4 accepting task 0
13 Worker 0 processing task 4 requiring operations [4]
13 Worker 0 forwarding task 4
13 Worker 4 processing task 6 requiring operations [2, 4, 6]
13 Worker 4 forwarding task 6
13 Worker 1 processing task 3 requiring operations [8, 3]
13 Worker 1 forwarding task 3
14 Generated task 7
14 Worker 3 accepting task 7
14 Worker 2 accepting task 4
14 Worker 0 accepting task 6
14 Worker 3 accepting task 3
14 Worker 0 processing task 1 requiring operations [3]
14 Worker 0 forwarding task 1
14 Worker 4 processing task 5 requiring operations [9, 3]
14 Worker 4 performing operation 9 on task 5
14 Worker 3 processing task 7 requiring operations [4, 5, 7]
14 Worker 3 performing operation 4 on task 7
14 Worker 2 processing task 4 requiring operations [4]
14 Worker 2 forwarding task 4
15 Worker 2 accepting task 1
15 Worker 4 accepting task 5
15 Worker 3 accepting task 7
15 Worker 1 accepting task 4
15 Worker 0 processing task 6 requiring operations [2, 4, 6]
15 Worker 0 performing operation 6 on task 6
15 Worker 4 processing task 0 requiring operations [3]
15 Worker 4 forwarding task 0
15 Worker 3 processing task 3 requiring operations [8, 3]
15 Worker 3 forwarding task 3
15 Worker 2 processing task 1 requiring operations [3]
15 Worker 2 performing operation 3 on task 1
15 Worker 1 processing task 4 requiring operations [4]
15 Worker 1 performing operation 4 on task 4
16 Generated task 8
16 Worker 4 accepting task 8
16 Worker 0 accepting task 6
16 Worker 0 accepting task 0
16 Worker 4 accepting task 3
16 Task 1 completed!
16 Task 4 completed!
16 Worker 0 processing task 6 requiring operations [2, 4]
16 Worker 0 forwarding task 6
16 Worker 4 processing task 5 requiring operations [3]
16 Worker 4 forwarding task 5
16 Worker 3 processing task 7 requiring operations [5, 7]
16 Worker 3 performing operation 5 on task 7
17 Worker 4 accepting task 6
17 Worker 1 accepting task 5
17 Worker 3 accepting task 7
17 Worker 0 processing task 0 requiring operations [3]
17 Worker 0 forwarding task 0
17 Worker 4 processing task 8 requiring operations [6, 4, 3]
17 Worker 4 forwarding task 8
17 Worker 3 processing task 7 requiring operations [7]
17 Worker 3 forwarding task 7
17 Worker 1 processing task 5 requiring operations [3]
17 Worker 1 forwarding task 5
18 Generated task 9
18 Worker 0 accepting task 9
18 Worker 2 accepting task 0
18 Worker 0 accepting task 8
18 Worker 4 accepting task 7
18 Worker 3 accepting task 5
18 Worker 0 processing task 9 requiring operations [7, 8, 6]
18 Worker 0 performing operation 6 on task 9
18 Worker 4 processing task 3 requiring operations [8, 3]
18 Worker 4 forwarding task 3
18 Worker 2 processing task 0 requiring operations [3]
18 Worker 2 performing operation 3 on task 0
18 Worker 3 processing task 5 requiring operations [3]
18 Worker 3 forwarding task 5
19 Worker 0 accepting task 9
19 Worker 1 accepting task 3
19 Task 0 completed!
19 Worker 4 accepting task 5
19 Worker 0 processing task 8 requiring operations [6, 4, 3]
19 Worker 0 performing operation 6 on task 8
19 Worker 4 processing task 6 requiring operations [2, 4]
19 Worker 4 forwarding task 6
19 Worker 1 processing task 3 requiring operations [8, 3]
19 Worker 1 forwarding task 3
20 Generated task 10
20 Worker 0 accepting task 10
20 Worker 0 accepting task 8
20 Worker 3 accepting task 6
20 Worker 2 accepting task 3
20 Worker 0 processing task 9 requiring operations [7, 8]
20 Worker 0 forwarding task 9
20 Worker 4 processing task 7 requiring operations [7]
20 Worker 4 forwarding task 7
20 Worker 3 processing task 6 requiring operations [2, 4]
20 Worker 3 performing operation 4 on task 6
20 Worker 2 processing task 3 requiring operations [8, 3]
20 Worker 2 performing operation 3 on task 3
21 Worker 2 accepting task 9
21 Worker 1 accepting task 7
21 Worker 3 accepting task 6
21 Worker 2 accepting task 3
21 Worker 0 processing task 10 requiring operations [2, 1, 7]
21 Worker 0 performing operation 1 on task 10
21 Worker 4 processing task 5 requiring operations [3]
21 Worker 4 forwarding task 5
21 Worker 3 processing task 6 requiring operations [2]
21 Worker 3 forwarding task 6
21 Worker 2 processing task 9 requiring operations [7, 8]
21 Worker 2 performing operation 8 on task 9
21 Worker 1 processing task 7 requiring operations [7]
21 Worker 1 performing operation 7 on task 7
22 Generated task 11
22 Worker 3 accepting task 11
22 Worker 0 accepting task 10
22 Worker 0 accepting task 5
22 Worker 4 accepting task 6
22 Worker 2 accepting task 9
22 Task 7 completed!
22 Worker 0 processing task 8 requiring operations [4, 3]
22 Worker 0 forwarding task 8
22 Worker 3 processing task 11 requiring operations [2, 7, 3]
22 Worker 3 forwarding task 11
22 Worker 2 processing task 3 requiring operations [8]
22 Worker 2 performing operation 8 on task 3
22 Worker 4 processing task 6 requiring operations [2]
22 Worker 4 forwarding task 6
23 Worker 4 accepting task 8
23 Worker 4 accepting task 11
23 Task 3 completed!
23 Worker 1 accepting task 6
23 Worker 0 processing task 10 requiring operations [2, 7]
23 Worker 0 forwarding task 10
23 Worker 2 processing task 9 requiring operations [7]
23 Worker 2 performing operation 7 on task 9
23 Worker 4 processing task 8 requiring operations [4, 3]
23 Worker 4 forwarding task 8
23 Worker 1 processing task 6 requiring operations [2]
23 Worker 1 performing operation 2 on task 6
24 Generated task 12
24 Worker 4 accepting task 12
24 Worker 4 accepting task 10
24 Task 9 completed!
24 Worker 0 accepting task 8
24 Task 6 completed!
24 Worker 0 processing task 5 requiring operations [3]
24 Worker 0 forwarding task 5
24 Worker 4 processing task 11 requiring operations [2, 7, 3]
24 Worker 4 forwarding task 11
25 Worker 2 accepting task 5
25 Worker 0 accepting task 11
25 Worker 0 processing task 8 requiring operations [4, 3]
25 Worker 0 forwarding task 8
25 Worker 4 processing task 12 requiring operations [6, 4, 9]
25 Worker 4 performing operation 9 on task 12
25 Worker 2 processing task 5 requiring operations [3]
25 Worker 2 performing operation 3 on task 5
26 Generated task 13
26 Worker 2 accepting task 13
26 Worker 2 accepting task 8
26 Worker 4 accepting task 12
26 Task 5 completed!
26 Worker 0 processing task 11 requiring operations [2, 7, 3]
26 Worker 0 forwarding task 11
26 Worker 4 processing task 10 requiring operations [2, 7]
26 Worker 4 forwarding task 10
26 Worker 2 processing task 13 requiring operations [1, 6, 10]
26 Worker 2 forwarding task 13
27 Worker 4 accepting task 11
27 Worker 0 accepting task 10
27 Worker 1 accepting task 13
27 Worker 4 processing task 12 requiring operations [6, 4]
27 Worker 4 forwarding task 12
27 Worker 2 processing task 8 requiring operations [4, 3]
27 Worker 2 performing operation 3 on task 8
27 Worker 0 processing task 10 requiring operations [2, 7]
27 Worker 0 forwarding task 10
27 Worker 1 processing task 13 requiring operations [1, 6, 10]
27 Worker 1 performing operation 10 on task 13
28 Generated task 14
28 Worker 3 accepting task 14
28 Worker 3 accepting task 12
28 Worker 2 accepting task 8
28 Worker 4 accepting task 10
28 Worker 1 accepting task 13
28 Worker 4 processing task 11 requiring operations [2, 7, 3]
28 Worker 4 forwarding task 11
28 Worker 2 processing task 8 requiring operations [4]
28 Worker 2 forwarding task 8
28 Worker 1 processing task 13 requiring operations [1, 6]
28 Worker 1 forwarding task 13
28 Worker 3 processing task 14 requiring operations [4, 1, 10]
28 Worker 3 performing operation 4 on task 14
29 Worker 0 accepting task 11
29 Worker 0 accepting task 8
29 Worker 2 accepting task 13
29 Worker 3 accepting task 14
29 Worker 4 processing task 10 requiring operations [2, 7]
29 Worker 4 forwarding task 10
29 Worker 3 processing task 12 requiring operations [6, 4]
29 Worker 3 performing operation 6 on task 12
29 Worker 0 processing task 11 requiring operations [2, 7, 3]
29 Worker 0 forwarding task 11
29 Worker 2 processing task 13 requiring operations [1, 6]
29 Worker 2 forwarding task 13
30 Generated task 15
30 Worker 4 accepting task 15
30 Worker 1 accepting task 10
30 Worker 3 accepting task 12
30 Worker 4 accepting task 11
30 Worker 0 accepting task 13
30 Worker 4 processing task 15 requiring operations [10, 7, 5]
30 Worker 4 performing operation 5 on task 15
30 Worker 3 processing task 14 requiring operations [1, 10]
30 Worker 3 forwarding task 14
30 Worker 0 processing task 8 requiring operations [4]
30 Worker 0 forwarding task 8
30 Worker 1 processing task 10 requiring operations [2, 7]
30 Worker 1 performing operation 7 on task 10
31 Worker 4 accepting task 15
31 Worker 4 accepting task 14
31 Worker 4 accepting task 8
31 Worker 1 accepting task 10
31 Worker 4 processing task 11 requiring operations [2, 7, 3]
31 Worker 4 forwarding task 11
31 Worker 3 processing task 12 requiring operations [4]
31 Worker 3 performing operation 4 on task 12
31 Worker 0 processing task 13 requiring operations [1, 6]
31 Worker 0 performing operation 1 on task 13
31 Worker 1 processing task 10 requiring operations [2]
31 Worker 1 performing operation 2 on task 10
32 Generated task 16
32 Worker 0 accepting task 16
32 Worker 3 accepting task 11
32 Task 12 completed!
32 Worker 0 accepting task 13
32 Task 10 completed!
32 Worker 4 processing task 15 requiring operations [10, 7]
32 Worker 4 forwarding task 15
32 Worker 3 processing task 11 requiring operations [2, 7, 3]
32 Worker 3 forwarding task 11
32 Worker 0 processing task 16 requiring operations [9, 10, 4]
32 Worker 0 forwarding task 16
33 Worker 3 accepting task 15
33 Worker 4 accepting task 11
33 Worker 2 accepting task 16
33 Worker 4 processing task 14 requiring operations [1, 10]
33 Worker 4 forwarding task 14
33 Worker 3 processing task 15 requiring operations [10, 7]
33 Worker 3 forwarding task 15
33 Worker 0 processing task 13 requiring operations [6]
33 Worker 0 performing operation 6 on task 13
33 Worker 2 processing task 16 requiring operations [9, 10, 4]
33 Worker 2 forwarding task 16
34 Generated task 17
34 Worker 2 accepting task 17
34 Worker 1 accepting task 14
34 Worker 1 accepting task 15
34 Task 13 completed!
34 Worker 1 accepting task 16
34 Worker 4 processing task 8 requiring operations [4]
34 Worker 4 forwarding task 8
34 Worker 2 processing task 17 requiring operations [2, 8, 10]
34 Worker 2 performing operation 8 on task 17
34 Worker 1 processing task 14 requiring operations [1, 10]
34 Worker 1 performing operation 10 on task 14
35 Worker 3 accepting task 8
35 Worker 2 accepting task 17
35 Worker 1 accepting task 14
35 Worker 4 processing task 11 requiring operations [2, 7, 3]
35 Worker 4 forwarding task 11
35 Worker 2 processing task 17 requiring operations [2, 10]
35 Worker 2 forwarding task 17
35 Worker 1 processing task 15 requiring operations [10, 7]
35 Worker 1 performing operation 7 on task 15
35 Worker 3 processing task 8 requiring operations [4]
35 Worker 3 performing operation 4 on task 8
36 Generated task 18
36 Worker 2 accepting task 18
36 Worker 0 accepting task 11
36 Worker 1 accepting task 17
36 Worker 1 accepting task 15
36 Task 8 completed!
36 Worker 2 processing task 18 requiring operations [2, 8, 3]
36 Worker 2 performing operation 3 on task 18
36 Worker 1 processing task 16 requiring operations [9, 10, 4]
36 Worker 1 performing operation 4 on task 16
36 Worker 0 processing task 11 requiring operations [2, 7, 3]
36 Worker 0 forwarding task 11
37 Worker 2 accepting task 18
37 Worker 1 accepting task 16
37 Worker 4 accepting task 11
37 Worker 2 processing task 18 requiring operations [2, 8]
37 Worker 2 performing operation 8 on task 18
37 Worker 1 processing task 14 requiring operations [1]
37 Worker 1 forwarding task 14
37 Worker 4 processing task 11 requiring operations [2, 7, 3]
37 Worker 4 forwarding task 11
38 Generated task 19
38 Worker 3 accepting task 19
38 Worker 2 accepting task 18
38 Worker 3 accepting task 14
38 Worker 0 accepting task 11
38 Worker 2 processing task 18 requiring operations [2]
38 Worker 2 forwarding task 18
38 Worker 1 processing task 17 requiring operations [2, 10]
38 Worker 1 performing operation 2 on task 17
38 Worker 3 processing task 19 requiring operations [9, 6, 3]
38 Worker 3 performing operation 6 on task 19
38 Worker 0 processing task 11 requiring operations [2, 7, 3]
38 Worker 0 forwarding task 11
39 Worker 0 accepting task 18
39 Worker 1 accepting task 17
39 Worker 3 accepting task 19
39 Worker 4 accepting task 11
39 Worker 1 processing task 15 requiring operations [10]
39 Worker 1 performing operation 10 on task 15
39 Worker 3 processing task 14 requiring operations [1]
39 Worker 3 forwarding task 14
39 Worker 0 processing task 18 requiring operations [2]
39 Worker 0 forwarding task 18
39 Worker 4 processing task 11 requiring operations [2, 7, 3]
39 Worker 4 forwarding task 11
40 Generated task 20
40 Worker 4 accepting task 20
40 Task 15 completed!
40 Worker 1 accepting task 14
40 Worker 4 accepting task 18
40 Worker 1 accepting task 11
40 Worker 1 processing task 16 requiring operations [9, 10]
40 Worker 1 performing operation 10 on task 16
40 Worker 3 processing task 19 requiring operations [9, 3]
40 Worker 3 forwarding task 19
40 Worker 4 processing task 20 requiring operations [6, 8, 2]
40 Worker 4 forwarding task 20
41 Worker 1 accepting task 16
41 Worker 4 accepting task 19
41 Worker 3 accepting task 20
41 Worker 1 processing task 17 requiring operations [10]
41 Worker 1 performing operation 10 on task 17
41 Worker 4 processing task 18 requiring operations [2]
41 Worker 4 forwarding task 18
41 Worker 3 processing task 20 requiring operations [6, 8, 2]
41 Worker 3 performing operation 6 on task 20
42 Generated task 21
42 Worker 4 accepting task 21
42 Task 17 completed!
42 Worker 0 accepting task 18
42 Worker 3 accepting task 20
42 Worker 1 processing task 14 requiring operations [1]
42 Worker 1 forwarding task 14
42 Worker 4 processing task 19 requiring operations [9, 3]
42 Worker 4 performing operation 9 on task 19
42 Worker 3 processing task 20 requiring operations [8, 2]
42 Worker 3 forwarding task 20
42 Worker 0 processing task 18 requiring operations [2]
42 Worker 0 forwarding task 18
43 Worker 3 accepting task 14
43 Worker 4 accepting task 19
43 Worker 1 accepting task 20
43 Worker 2 accepting task 18
43 Worker 1 processing task 11 requiring operations [2, 7, 3]
43 Worker 1 performing operation 7 on task 11
43 Worker 4 processing task 21 requiring operations [6, 5, 10]
43 Worker 4 performing operation 5 on task 21
43 Worker 3 processing task 14 requiring operations [1]
43 Worker 3 forwarding task 14
43 Worker 2 processing task 18 requiring operations [2]
43 Worker 2 forwarding task 18
44 Generated task 22
44 Worker 3 accepting task 22
44 Worker 1 accepting task 11
44 Worker 4 accepting task 21
44 Worker 1 accepting task 14
44 Worker 0 accepting task 18
44 Worker 1 processing task 16 requiring operations [9]
44 Worker 1 forwarding task 16
44 Worker 4 processing task 19 requiring operations [3]
44 Worker 4 forwarding task 19
44 Worker 3 processing task 22 requiring operations [7, 2, 8]
44 Worker 3 forwarding task 22
44 Worker 0 processing task 18 requiring operations [2]
44 Worker 0 forwarding task 18
45 Worker 4 accepting task 16
45 Worker 1 accepting task 19
45 Worker 4 accepting task 22
45 Worker 2 accepting task 18
45 Worker 1 processing task 20 requiring operations [8, 2]
45 Worker 1 performing operation 2 on task 20
45 Worker 4 processing task 21 requiring operations [6, 10]
45 Worker 4 forwarding task 21
45 Worker 2 processing task 18 requiring operations [2]
45 Worker 2 forwarding task 18
46 Generated task 23
46 Worker 0 accepting task 23
46 Worker 1 accepting task 20
46 Worker 1 accepting task 21
46 Worker 0 accepting task 18
46 Worker 1 processing task 11 requiring operations [2, 3]
46 Worker 1 performing operation 2 on task 11
46 Worker 4 processing task 16 requiring operations [9]
46 Worker 4 performing operation 9 on task 16
46 Worker 0 processing task 23 requiring operations [8, 3, 10]
46 Worker 0 forwarding task 23
47 Worker 1 accepting task 11
47 Task 16 completed!
47 Worker 4 accepting task 23
47 Worker 1 processing task 14 requiring operations [1]
47 Worker 1 forwarding task 14
47 Worker 4 processing task 22 requiring operations [7, 2, 8]
47 Worker 4 forwarding task 22
47 Worker 0 processing task 18 requiring operations [2]
47 Worker 0 forwarding task 18
48 Generated task 24
48 Worker 0 accepting task 24
48 Worker 4 accepting task 14
48 Worker 3 accepting task 22
48 Worker 4 accepting task 18
48 Worker 1 processing task 19 requiring operations [3]
48 Worker 1 forwarding task 19
48 Worker 4 processing task 23 requiring operations [8, 3, 10]
48 Worker 4 forwarding task 23
48 Worker 0 processing task 24 requiring operations [5, 8, 9]
48 Worker 0 forwarding task 24
48 Worker 3 processing task 22 requiring operations [7, 2, 8]
48 Worker 3 forwarding task 22
49 Worker 4 accepting task 19
49 Worker 1 accepting task 23
49 Worker 2 accepting task 24
49 Worker 4 accepting task 22
49 Worker 1 processing task 20 requiring operations [8]
49 Worker 1 forwarding task 20
49 Worker 4 processing task 14 requiring operations [1]
49 Worker 4 forwarding task 14
49 Worker 2 processing task 24 requiring operations [5, 8, 9]
49 Worker 2 performing operation 8 on task 24
50 Generated task 25
50 Worker 4 accepting task 25
50 Worker 3 accepting task 20
50 Worker 1 accepting task 14
50 Worker 2 accepting task 24
50 Worker 1 processing task 21 requiring operations [6, 10]
50 Worker 1 performing operation 10 on task 21
50 Worker 4 processing task 18 requiring operations [2]
50 Worker 4 forwarding task 18
50 Worker 2 processing task 24 requiring operations [5, 9]
50 Worker 2 forwarding task 24
50 Worker 3 processing task 20 requiring operations [8]
50 Worker 3 forwarding task 20
51 Worker 1 accepting task 21
51 Worker 1 accepting task 18
51 Worker 0 accepting task 24
51 Worker 1 accepting task 20
51 Worker 1 processing task 11 requiring operations [3]
51 Worker 1 forwarding task 11
51 Worker 4 processing task 19 requiring operations [3]
51 Worker 4 forwarding task 19
51 Worker 0 processing task 24 requiring operations [5, 9]
51 Worker 0 forwarding task 24
52 Generated task 26
52 Worker 2 accepting task 26
52 Worker 2 accepting task 11
52 Worker 1 accepting task 19
52 Worker 4 accepting task 24
52 Worker 1 processing task 23 requiring operations [8, 3, 10]
52 Worker 1 performing operation 10 on task 23
52 Worker 4 processing task 22 requiring operations [7, 2, 8]
52 Worker 4 forwarding task 22
52 Worker 2 processing task 26 requiring operations [10, 9, 1]
52 Worker 2 forwarding task 26
53 Worker 1 accepting task 23
53 Worker 3 accepting task 22
53 Worker 0 accepting task 26
53 Worker 1 processing task 14 requiring operations [1]
53 Worker 1 forwarding task 14
53 Worker 4 processing task 25 requiring operations [7, 1, 6]
53 Worker 4 forwarding task 25
53 Worker 2 processing task 11 requiring operations [3]
53 Worker 2 performing operation 3 on task 11
53 Worker 3 processing task 22 requiring operations [7, 2, 8]
53 Worker 3 forwarding task 22
53 Worker 0 processing task 26 requiring operations [10, 9, 1]
53 Worker 0 performing operation 1 on task 26
54 Generated task 27
54 Worker 2 accepting task 27
54 Worker 3 accepting task 14
54 Worker 0 accepting task 25
54 Task 11 completed!
54 Worker 1 accepting task 22
54 Worker 0 accepting task 26
54 Worker 1 processing task 21 requiring operations [6]
54 Worker 1 forwarding task 21
54 Worker 4 processing task 24 requiring operations [5, 9]
54 Worker 4 performing operation 5 on task 24
54 Worker 2 processing task 27 requiring operations [1, 5, 7]
54 Worker 2 performing operation 7 on task 27
54 Worker 3 processing task 14 requiring operations [1]
54 Worker 3 forwarding task 14
54 Worker 0 processing task 25 requiring operations [7, 1, 6]
54 Worker 0 performing operation 6 on task 25
55 Worker 4 accepting task 21
55 Worker 4 accepting task 24
55 Worker 2 accepting task 27
55 Worker 4 accepting task 14
55 Worker 0 accepting task 25
55 Worker 1 processing task 18 requiring operations [2]
55 Worker 1 performing operation 2 on task 18
55 Worker 4 processing task 21 requiring operations [6]
55 Worker 4 forwarding task 21
55 Worker 2 processing task 27 requiring operations [1, 5]
55 Worker 2 forwarding task 27
55 Worker 0 processing task 26 requiring operations [10, 9]
55 Worker 0 forwarding task 26
56 Generated task 28
56 Worker 0 accepting task 28
56 Task 18 completed!
56 Worker 0 accepting task 21
56 Worker 0 accepting task 27
56 Worker 4 accepting task 26
56 Worker 1 processing task 20 requiring operations [8]
56 Worker 1 forwarding task 20
56 Worker 4 processing task 24 requiring operations [9]
56 Worker 4 performing operation 9 on task 24
56 Worker 0 processing task 25 requiring operations [7, 1]
56 Worker 0 performing operation 1 on task 25
57 Worker 2 accepting task 20
57 Task 24 completed!
57 Worker 0 accepting task 25
57 Worker 1 processing task 19 requiring operations [3]
57 Worker 1 forwarding task 19
57 Worker 4 processing task 14 requiring operations [1]
57 Worker 4 forwarding task 14
57 Worker 0 processing task 28 requiring operations [2, 1, 8]
57 Worker 0 performing operation 1 on task 28
57 Worker 2 processing task 20 requiring operations [8]
57 Worker 2 performing operation 8 on task 20
58 Generated task 29
58 Worker 2 accepting task 29
58 Worker 2 accepting task 19
58 Worker 0 accepting task 14
58 Worker 0 accepting task 28
58 Task 20 completed!
58 Worker 1 processing task 23 requiring operations [8, 3]
58 Worker 1 forwarding task 23
58 Worker 4 processing task 26 requiring operations [10, 9]
58 Worker 4 performing operation 9 on task 26
58 Worker 0 processing task 21 requiring operations [6]
58 Worker 0 performing operation 6 on task 21
58 Worker 2 processing task 29 requiring operations [5, 9, 8]
58 Worker 2 performing operation 8 on task 29
59 Worker 3 accepting task 23
59 Worker 4 accepting task 26
59 Task 21 completed!
59 Worker 2 accepting task 29
59 Worker 1 processing task 22 requiring operations [7, 2, 8]
59 Worker 1 performing operation 2 on task 22
59 Worker 4 processing task 26 requiring operations [10]
59 Worker 4 forwarding task 26
59 Worker 0 processing task 27 requiring operations [1, 5]
59 Worker 0 performing operation 1 on task 27
59 Worker 2 processing task 19 requiring operations [3]
59 Worker 2 performing operation 3 on task 19
59 Worker 3 processing task 23 requiring operations [8, 3]
59 Worker 3 forwarding task 23
60 Generated task 30
60 Worker 4 accepting task 30
60 Worker 1 accepting task 22
60 Worker 1 accepting task 26
60 Worker 0 accepting task 27
60 Task 19 completed!
60 Worker 1 accepting task 23
60 Worker 1 processing task 22 requiring operations [7, 8]
60 Worker 1 performing operation 7 on task 22
60 Worker 4 processing task 30 requiring operations [9, 4, 8]
60 Worker 4 performing operation 9 on task 30
60 Worker 0 processing task 25 requiring operations [7]
60 Worker 0 forwarding task 25
60 Worker 2 processing task 29 requiring operations [5, 9]
60 Worker 2 forwarding task 29
61 Worker 1 accepting task 22
61 Worker 4 accepting task 30
61 Worker 2 accepting task 25
61 Worker 0 accepting task 29
61 Worker 1 processing task 26 requiring operations [10]
61 Worker 1 performing operation 10 on task 26
61 Worker 4 processing task 30 requiring operations [4, 8]
61 Worker 4 forwarding task 30
61 Worker 0 processing task 14 requiring operations [1]
61 Worker 0 performing operation 1 on task 14
61 Worker 2 processing task 25 requiring operations [7]
61 Worker 2 performing operation 7 on task 25
62 Generated task 31
62 Worker 1 accepting task 31
62 Task 26 completed!
62 Worker 1 accepting task 30
62 Task 14 completed!
62 Task 25 completed!
62 Worker 1 processing task 23 requiring operations [8, 3]
62 Worker 1 forwarding task 23
62 Worker 0 processing task 28 requiring operations [2, 8]
62 Worker 0 forwarding task 28
63 Worker 4 accepting task 23
63 Worker 2 accepting task 28
63 Worker 1 processing task 22 requiring operations [8]
63 Worker 1 forwarding task 22
63 Worker 0 processing task 27 requiring operations [5]
63 Worker 0 forwarding task 27
63 Worker 4 processing task 23 requiring operations [8, 3]
63 Worker 4 forwarding task 23
63 Worker 2 processing task 28 requiring operations [2, 8]
63 Worker 2 performing operation 8 on task 28
64 Generated task 32
64 Worker 3 accepting task 32
64 Worker 4 accepting task 22
64 Worker 4 accepting task 27
64 Worker 1 accepting task 23
64 Worker 2 accepting task 28
64 Worker 1 processing task 31 requiring operations [7, 4, 9]
64 Worker 1 performing operation 4 on task 31
64 Worker 0 processing task 29 requiring operations [5, 9]
64 Worker 0 forwarding task 29
64 Worker 4 processing task 22 requiring operations [8]
64 Worker 4 forwarding task 22
64 Worker 2 processing task 28 requiring operations [2]
64 Worker 2 forwarding task 28
64 Worker 3 processing task 32 requiring operations [6, 10, 8]
64 Worker 3 performing operation 6 on task 32
65 Worker 1 accepting task 31
65 Worker 2 accepting task 29
65 Worker 3 accepting task 22
65 Worker 1 accepting task 28
65 Worker 3 accepting task 32
65 Worker 1 processing task 30 requiring operations [4, 8]
65 Worker 1 performing operation 4 on task 30
65 Worker 4 processing task 27 requiring operations [5]
65 Worker 4 performing operation 5 on task 27
65 Worker 2 processing task 29 requiring operations [5, 9]
65 Worker 2 forwarding task 29
65 Worker 3 processing task 22 requiring operations [8]
65 Worker 3 forwarding task 22
66 Generated task 33
66 Worker 3 accepting task 33
66 Worker 1 accepting task 30
66 Task 27 completed!
66 Worker 0 accepting task 29
66 Worker 4 accepting task 22
66 Worker 1 processing task 23 requiring operations [8, 3]
66 Worker 1 forwarding task 23
66 Worker 3 processing task 32 requiring operations [10, 8]
66 Worker 3 forwarding task 32
66 Worker 0 processing task 29 requiring operations [5, 9]
66 Worker 0 forwarding task 29
66 Worker 4 processing task 22 requiring operations [8]
66 Worker 4 forwarding task 22
67 Worker 3 accepting task 23
67 Worker 4 accepting task 32
67 Worker 2 accepting task 29
67 Worker 1 accepting task 22
67 Worker 1 processing task 31 requiring operations [7, 9]
67 Worker 1 performing operation 7 on task 31
67 Worker 3 processing task 33 requiring operations [2, 10, 8]
67 Worker 3 forwarding task 33
67 Worker 4 processing task 32 requiring operations [10, 8]
67 Worker 4 forwarding task 32
67 Worker 2 processing task 29 requiring operations [5, 9]
67 Worker 2 forwarding task 29
68 Generated task 34
68 Worker 4 accepting task 34
68 Worker 1 accepting task 31
68 Worker 4 accepting task 33
68 Worker 0 accepting task 32
68 Worker 1 accepting task 29
68 Worker 1 processing task 28 requiring operations [2]
68 Worker 1 performing operation 2 on task 28
68 Worker 3 processing task 23 requiring operations [8, 3]
68 Worker 3 forwarding task 23
68 Worker 4 processing task 34 requiring operations [1, 7, 3]
68 Worker 4 forwarding task 34
68 Worker 0 processing task 32 requiring operations [10, 8]
68 Worker 0 forwarding task 32
69 Task 28 completed!
69 Worker 4 accepting task 23
69 Worker 1 accepting task 34
69 Worker 2 accepting task 32
69 Worker 1 processing task 30 requiring operations [8]
69 Worker 1 forwarding task 30
69 Worker 4 processing task 33 requiring operations [2, 10, 8]
69 Worker 4 forwarding task 33
69 Worker 2 processing task 32 requiring operations [10, 8]
69 Worker 2 performing operation 8 on task 32
70 Generated task 35
70 Worker 4 accepting task 35
70 Worker 2 accepting task 30
70 Worker 3 accepting task 33
70 Worker 2 accepting task 32
70 Worker 1 processing task 22 requiring operations [8]
70 Worker 1 forwarding task 22
70 Worker 4 processing task 23 requiring operations [8, 3]
70 Worker 4 forwarding task 23
70 Worker 2 processing task 30 requiring operations [8]
70 Worker 2 performing operation 8 on task 30
70 Worker 3 processing task 33 requiring operations [2, 10, 8]
70 Worker 3 forwarding task 33
71 Worker 4 accepting task 22
71 Worker 0 accepting task 23
71 Task 30 completed!
71 Worker 1 accepting task 33
71 Worker 1 processing task 31 requiring operations [9]
71 Worker 1 forwarding task 31
71 Worker 4 processing task 35 requiring operations [4, 5, 3]
71 Worker 4 performing operation 5 on task 35
71 Worker 2 processing task 32 requiring operations [10]
71 Worker 2 forwarding task 32
71 Worker 0 processing task 23 requiring operations [8, 3]
71 Worker 0 forwarding task 23
72 Generated task 36
72 Worker 2 accepting task 36
72 Worker 2 accepting task 31
72 Worker 4 accepting task 35
72 Worker 0 accepting task 32
72 Worker 2 accepting task 23
72 Worker 1 processing task 29 requiring operations [5, 9]
72 Worker 1 forwarding task 29
72 Worker 4 processing task 22 requiring operations [8]
72 Worker 4 forwarding task 22
72 Worker 2 processing task 36 requiring operations [7, 2, 4]
72 Worker 2 performing operation 7 on task 36
72 Worker 0 processing task 32 requiring operations [10]
72 Worker 0 forwarding task 32
73 Worker 4 accepting task 29
73 Worker 0 accepting task 22
73 Worker 2 accepting task 36
73 Worker 4 accepting task 32
73 Worker 1 processing task 34 requiring operations [1, 7, 3]
73 Worker 1 performing operation 7 on task 34
73 Worker 4 processing task 35 requiring operations [4, 3]
73 Worker 4 forwarding task 35
73 Worker 2 processing task 31 requiring operations [9]
73 Worker 2 forwarding task 31
73 Worker 0 processing task 22 requiring operations [8]
73 Worker 0 forwarding task 22
74 Generated task 37
74 Worker 3 accepting task 37
74 Worker 1 accepting task 34
74 Worker 1 accepting task 35
74 Worker 1 accepting task 31
74 Worker 4 accepting task 22
74 Worker 1 processing task 33 requiring operations [2, 10, 8]
74 Worker 1 performing operation 10 on task 33
74 Worker 4 processing task 29 requiring operations [5, 9]
74 Worker 4 performing operation 5 on task 29
74 Worker 2 processing task 23 requiring operations [8, 3]
74 Worker 2 performing operation 3 on task 23
74 Worker 3 processing task 37 requiring operations [2, 6, 10]
74 Worker 3 performing operation 6 on task 37
75 Worker 1 accepting task 33
75 Worker 4 accepting task 29
75 Worker 2 accepting task 23
75 Worker 3 accepting task 37
75 Worker 1 processing task 34 requiring operations [1, 3]
75 Worker 1 forwarding task 34
75 Worker 4 processing task 32 requiring operations [10]
75 Worker 4 forwarding task 32
75 Worker 2 processing task 36 requiring operations [2, 4]
75 Worker 2 forwarding task 36
75 Worker 3 processing task 37 requiring operations [2, 10]
75 Worker 3 forwarding task 37
76 Generated task 38
76 Worker 1 accepting task 38
76 Worker 2 accepting task 34
76 Worker 3 accepting task 32
76 Worker 0 accepting task 36
76 Worker 4 accepting task 37
76 Worker 1 processing task 35 requiring operations [4, 3]
76 Worker 1 performing operation 4 on task 35
76 Worker 4 processing task 22 requiring operations [8]
76 Worker 4 forwarding task 22
76 Worker 2 processing task 23 requiring operations [8]
76 Worker 2 performing operation 8 on task 23
76 Worker 3 processing task 32 requiring operations [10]
76 Worker 3 forwarding task 32
76 Worker 0 processing task 36 requiring operations [2, 4]
76 Worker 0 forwarding task 36
77 Worker 1 accepting task 35
77 Worker 1 accepting task 22
77 Task 23 completed!
77 Worker 1 accepting task 32
77 Worker 2 accepting task 36
77 Worker 1 processing task 31 requiring operations [9]
77 Worker 1 forwarding task 31
77 Worker 4 processing task 29 requiring operations [9]
77 Worker 4 performing operation 9 on task 29
77 Worker 2 processing task 34 requiring operations [1, 3]
77 Worker 2 performing operation 3 on task 34
78 Generated task 39
78 Worker 2 accepting task 39
78 Worker 4 accepting task 31
78 Task 29 completed!
78 Worker 2 accepting task 34
78 Worker 1 processing task 33 requiring operations [2, 8]
78 Worker 1 performing operation 2 on task 33
78 Worker 4 processing task 37 requiring operations [2, 10]
78 Worker 4 forwarding task 37
78 Worker 2 processing task 36 requiring operations [2, 4]
78 Worker 2 forwarding task 36
79 Worker 1 accepting task 33
79 Worker 0 accepting task 37
79 Worker 0 accepting task 36
79 Worker 1 processing task 38 requiring operations [3, 10, 6]
79 Worker 1 performing operation 10 on task 38
79 Worker 4 processing task 31 requiring operations [9]
79 Worker 4 performing operation 9 on task 31
79 Worker 2 processing task 39 requiring operations [4, 5, 2]
79 Worker 2 forwarding task 39
79 Worker 0 processing task 37 requiring operations [2, 10]
79 Worker 0 forwarding task 37
80 Generated task 40
80 Worker 4 accepting task 40
80 Worker 1 accepting task 38
80 Task 31 completed!
80 Worker 1 accepting task 39
80 Worker 2 accepting task 37
80 Worker 1 processing task 35 requiring operations [3]
80 Worker 1 forwarding task 35
80 Worker 4 processing task 40 requiring operations [4, 3, 9]
80 Worker 4 performing operation 9 on task 40
80 Worker 2 processing task 34 requiring operations [1]
80 Worker 2 forwarding task 34
80 Worker 0 processing task 36 requiring operations [2, 4]
80 Worker 0 forwarding task 36
81 Worker 3 accepting task 35
81 Worker 4 accepting task 40
81 Worker 1 accepting task 34
81 Worker 4 accepting task 36
81 Worker 1 processing task 22 requiring operations [8]
81 Worker 1 forwarding task 22
81 Worker 4 processing task 40 requiring operations [4, 3]
81 Worker 4 forwarding task 40
81 Worker 2 processing task 37 requiring operations [2, 10]
81 Worker 2 forwarding task 37
81 Worker 3 processing task 35 requiring operations [3]
81 Worker 3 forwarding task 35
82 Generated task 41
82 Worker 3 accepting task 41
82 Worker 3 accepting task 22
82 Worker 0 accepting task 40
82 Worker 0 accepting task 37
82 Worker 1 accepting task 35
82 Worker 1 processing task 32 requiring operations [10]
82 Worker 1 performing operation 10 on task 32
82 Worker 4 processing task 36 requiring operations [2, 4]
82 Worker 4 forwarding task 36
82 Worker 3 processing task 41 requiring operations [7, 9, 5]
82 Worker 3 performing operation 5 on task 41
82 Worker 0 processing task 40 requiring operations [4, 3]
82 Worker 0 forwarding task 40
83 Task 32 completed!
83 Worker 3 accepting task 36
83 Worker 3 accepting task 41
83 Worker 4 accepting task 40
83 Worker 1 processing task 33 requiring operations [8]
83 Worker 1 forwarding task 33
83 Worker 3 processing task 22 requiring operations [8]
83 Worker 3 forwarding task 22
83 Worker 0 processing task 37 requiring operations [2, 10]
83 Worker 0 forwarding task 37
83 Worker 4 processing task 40 requiring operations [4, 3]
83 Worker 4 forwarding task 40
84 Generated task 42
84 Worker 4 accepting task 42
84 Worker 3 accepting task 33
84 Worker 1 accepting task 22
84 Worker 2 accepting task 37
84 Worker 0 accepting task 40
84 Worker 1 processing task 38 requiring operations [3, 6]
84 Worker 1 forwarding task 38
84 Worker 3 processing task 36 requiring operations [2, 4]
84 Worker 3 performing operation 4 on task 36
84 Worker 4 processing task 42 requiring operations [5, 7, 6]
84 Worker 4 performing operation 5 on task 42
84 Worker 2 processing task 37 requiring operations [2, 10]
84 Worker 2 forwarding task 37
84 Worker 0 processing task 40 requiring operations [4, 3]
84 Worker 0 forwarding task 40
85 Worker 3 accepting task 38
85 Worker 3 accepting task 36
85 Worker 4 accepting task 42
85 Worker 0 accepting task 37
85 Worker 2 accepting task 40
85 Worker 1 processing task 39 requiring operations [4, 5, 2]
85 Worker 1 performing operation 4 on task 39
85 Worker 3 processing task 41 requiring operations [7, 9]
85 Worker 3 forwarding task 41
85 Worker 4 processing task 42 requiring operations [7, 6]
85 Worker 4 forwarding task 42
85 Worker 0 processing task 37 requiring operations [2, 10]
85 Worker 0 forwarding task 37
85 Worker 2 processing task 40 requiring operations [4, 3]
85 Worker 2 performing operation 3 on task 40
86 Generated task 43
86 Worker 0 accepting task 43
86 Worker 1 accepting task 39
86 Worker 4 accepting task 41
86 Worker 0 accepting task 42
86 Worker 4 accepting task 37
86 Worker 2 accepting task 40
86 Worker 1 processing task 34 requiring operations [1]
86 Worker 1 forwarding task 34
86 Worker 3 processing task 33 requiring operations [8]
86 Worker 3 forwarding task 33
86 Worker 4 processing task 41 requiring operations [7, 9]
86 Worker 4 performing operation 9 on task 41
86 Worker 0 processing task 43 requiring operations [6, 8, 7]
86 Worker 0 performing operation 6 on task 43
86 Worker 2 processing task 40 requiring operations [4]
86 Worker 2 forwarding task 40
87 Worker 2 accepting task 34
87 Worker 4 accepting task 33
87 Worker 4 accepting task 41
87 Worker 0 accepting task 43
87 Worker 1 accepting task 40
87 Worker 1 processing task 35 requiring operations [3]
87 Worker 1 forwarding task 35
87 Worker 3 processing task 38 requiring operations [3, 6]
87 Worker 3 performing operation 6 on task 38
87 Worker 4 processing task 37 requiring operations [2, 10]
87 Worker 4 forwarding task 37
87 Worker 0 processing task 42 requiring operations [7, 6]
87 Worker 0 performing operation 6 on task 42
87 Worker 2 processing task 34 requiring operations [1]
87 Worker 2 forwarding task 34
88 Generated task 44
88 Worker 0 accepting task 44
88 Worker 3 accepting task 35
88 Worker 3 accepting task 38
88 Worker 3 accepting task 37
88 Worker 0 accepting task 42
88 Worker 0 accepting task 34
88 Worker 1 processing task 22 requiring operations [8]
88 Worker 1 forwarding task 22
88 Worker 3 processing task 36 requiring operations [2]
88 Worker 3 forwarding task 36
88 Worker 4 processing task 33 requiring operations [8]
88 Worker 4 forwarding task 33
88 Worker 0 processing task 43 requiring operations [8, 7]
88 Worker 0 forwarding task 43
89 Worker 2 accepting task 22
89 Worker 4 accepting task 36
89 Worker 1 accepting task 33
89 Worker 4 accepting task 43
89 Worker 1 processing task 39 requiring operations [5, 2]
89 Worker 1 performing operation 2 on task 39
89 Worker 3 processing task 35 requiring operations [3]
89 Worker 3 forwarding task 35
89 Worker 4 processing task 41 requiring operations [7]
89 Worker 4 forwarding task 41
89 Worker 0 processing task 44 requiring operations [5, 4, 6]
89 Worker 0 performing operation 6 on task 44
89 Worker 2 processing task 22 requiring operations [8]
89 Worker 2 performing operation 8 on task 22
90 Generated task 45
90 Worker 3 accepting task 45
90 Worker 1 accepting task 39
90 Worker 1 accepting task 35
90 Worker 3 accepting task 41
90 Worker 0 accepting task 44
90 Task 22 completed!
90 Worker 1 processing task 40 requiring operations [4]
90 Worker 1 performing operation 4 on task 40
90 Worker 3 processing task 38 requiring operations [3]
90 Worker 3 forwarding task 38
90 Worker 4 processing task 36 requiring operations [2]
90 Worker 4 forwarding task 36
90 Worker 0 processing task 42 requiring operations [7]
90 Worker 0 forwarding task 42
91 Task 40 completed!
91 Worker 4 accepting task 38
91 Worker 0 accepting task 36
91 Worker 4 accepting task 42
91 Worker 1 processing task 33 requiring operations [8]
91 Worker 1 forwarding task 33
91 Worker 3 processing task 37 requiring operations [2, 10]
91 Worker 3 forwarding task 37
91 Worker 4 processing task 43 requiring operations [8, 7]
91 Worker 4 forwarding task 43
91 Worker 0 processing task 34 requiring operations [1]
91 Worker 0 performing operation 1 on task 34
92 Generated task 46
92 Worker 2 accepting task 46
92 Worker 4 accepting task 33
92 Worker 4 accepting task 37
92 Worker 3 accepting task 43
92 Task 34 completed!
92 Worker 1 processing task 39 requiring operations [5]
92 Worker 1 forwarding task 39
92 Worker 3 processing task 45 requiring operations [2, 3, 7]
92 Worker 3 forwarding task 45
92 Worker 4 processing task 38 requiring operations [3]
92 Worker 4 forwarding task 38
92 Worker 0 processing task 44 requiring operations [5, 4]
92 Worker 0 forwarding task 44
92 Worker 2 processing task 46 requiring operations [1, 6, 9]
92 Worker 2 forwarding task 46
93 Worker 2 accepting task 39
93 Worker 1 accepting task 45
93 Worker 3 accepting task 38
93 Worker 2 accepting task 44
93 Worker 1 accepting task 46
93 Worker 1 processing task 35 requiring operations [3]
93 Worker 1 forwarding task 35
93 Worker 3 processing task 41 requiring operations [7]
93 Worker 3 forwarding task 41
93 Worker 4 processing task 42 requiring operations [7]
93 Worker 4 forwarding task 42
93 Worker 0 processing task 36 requiring operations [2]
93 Worker 0 forwarding task 36
93 Worker 2 processing task 39 requiring operations [5]
93 Worker 2 forwarding task 39
94 Generated task 47
94 Worker 2 accepting task 47
94 Worker 4 accepting task 35
94 Worker 1 accepting task 41
94 Worker 3 accepting task 42
94 Worker 4 accepting task 36
94 Worker 0 accepting task 39
94 Worker 1 processing task 45 requiring operations [2, 3, 7]
94 Worker 1 performing operation 2 on task 45
94 Worker 3 processing task 43 requiring operations [8, 7]
94 Worker 3 forwarding task 43
94 Worker 4 processing task 33 requiring operations [8]
94 Worker 4 forwarding task 33
94 Worker 2 processing task 44 requiring operations [5, 4]
94 Worker 2 forwarding task 44
94 Worker 0 processing task 39 requiring operations [5]
94 Worker 0 forwarding task 39
95 Worker 1 accepting task 45
95 Worker 4 accepting task 43
95 Worker 1 accepting task 33
95 Worker 1 accepting task 44
95 Worker 2 accepting task 39
95 Worker 1 processing task 46 requiring operations [1, 6, 9]
95 Worker 1 forwarding task 46
95 Worker 3 processing task 38 requiring operations [3]
95 Worker 3 forwarding task 38
95 Worker 4 processing task 37 requiring operations [2, 10]
95 Worker 4 forwarding task 37
95 Worker 2 processing task 47 requiring operations [10, 7, 1]
95 Worker 2 performing operation 7 on task 47
96 Generated task 48
96 Worker 4 accepting task 48
96 Worker 4 accepting task 46
96 Worker 4 accepting task 38
96 Worker 1 accepting task 37
96 Worker 2 accepting task 47
96 Worker 1 processing task 41 requiring operations [7]
96 Worker 1 performing operation 7 on task 41
96 Worker 3 processing task 42 requiring operations [7]
96 Worker 3 forwarding task 42
96 Worker 4 processing task 35 requiring operations [3]
96 Worker 4 forwarding task 35
96 Worker 2 processing task 39 requiring operations [5]
96 Worker 2 forwarding task 39
97 Task 41 completed!
97 Worker 1 accepting task 42
97 Worker 1 accepting task 35
97 Worker 0 accepting task 39
97 Worker 1 processing task 45 requiring operations [3, 7]
97 Worker 1 performing operation 7 on task 45
97 Worker 4 processing task 36 requiring operations [2]
97 Worker 4 forwarding task 36
97 Worker 2 processing task 47 requiring operations [10, 1]
97 Worker 2 forwarding task 47
97 Worker 0 processing task 39 requiring operations [5]
97 Worker 0 forwarding task 39
98 Generated task 49
98 Worker 4 accepting task 49
98 Worker 1 accepting task 45
98 Worker 3 accepting task 36
98 Worker 1 accepting task 47
98 Worker 2 accepting task 39
98 Worker 1 processing task 33 requiring operations [8]
98 Worker 1 forwarding task 33
98 Worker 4 processing task 43 requiring operations [8, 7]
98 Worker 4 forwarding task 43
98 Worker 3 processing task 36 requiring operations [2]
98 Worker 3 forwarding task 36
98 Worker 2 processing task 39 requiring operations [5]
98 Worker 2 forwarding task 39
99 Worker 2 accepting task 33
99 Worker 3 accepting task 43
99 Worker 4 accepting task 36
99 Worker 0 accepting task 39
99 Worker 1 processing task 44 requiring operations [5, 4]
99 Worker 1 performing operation 4 on task 44
99 Worker 4 processing task 48 requiring operations [3, 6, 9]
99 Worker 4 performing operation 9 on task 48
99 Worker 3 processing task 43 requiring operations [8, 7]
99 Worker 3 forwarding task 43
99 Worker 2 processing task 33 requiring operations [8]
99 Worker 2 performing operation 8 on task 33
99 Worker 0 processing task 39 requiring operations [5]
99 Worker 0 forwarding task 39
100 Generated task 50
100 Worker 3 accepting task 50
100 Worker 1 accepting task 44
100 Worker 4 accepting task 48
100 Worker 4 accepting task 43
100 Task 33 completed!
100 Worker 4 accepting task 39
100 Worker 1 processing task 37 requiring operations [2, 10]
100 Worker 1 performing operation 2 on task 37
100 Worker 4 processing task 46 requiring operations [1, 6, 9]
100 Worker 4 performing operation 9 on task 46
100 Worker 3 processing task 50 requiring operations [4, 2, 3]
100 Worker 3 performing operation 4 on task 50
101 Worker 1 accepting task 37
101 Worker 4 accepting task 46
101 Worker 3 accepting task 50
101 Worker 1 processing task 42 requiring operations [7]
101 Worker 1 performing operation 7 on task 42
101 Worker 4 processing task 38 requiring operations [3]
101 Worker 4 forwarding task 38
101 Worker 3 processing task 50 requiring operations [2, 3]
101 Worker 3 forwarding task 50
102 Generated task 51
102 Worker 3 accepting task 51
102 Task 42 completed!
102 Worker 3 accepting task 38
102 Worker 1 accepting task 50
102 Worker 1 processing task 35 requiring operations [3]
102 Worker 1 forwarding task 35
102 Worker 4 processing task 49 requiring operations [9, 1, 5]
102 Worker 4 performing operation 5 on task 49
102 Worker 3 processing task 51 requiring operations [10, 3, 5]
102 Worker 3 performing operation 5 on task 51
103 Worker 3 accepting task 35
103 Worker 4 accepting task 49
103 Worker 3 accepting task 51
103 Worker 1 processing task 45 requiring operations [3]
103 Worker 1 forwarding task 45
103 Worker 4 processing task 36 requiring operations [2]
103 Worker 4 forwarding task 36
103 Worker 3 processing task 38 requiring operations [3]
103 Worker 3 forwarding task 38
104 Generated task 52
104 Worker 4 accepting task 52
104 Worker 2 accepting task 45
104 Worker 1 accepting task 36
104 Worker 4 accepting task 38
104 Worker 1 processing task 47 requiring operations [10, 1]
104 Worker 1 performing operation 10 on task 47
104 Worker 4 processing task 48 requiring operations [3, 6]
104 Worker 4 forwarding task 48
104 Worker 3 processing task 35 requiring operations [3]
104 Worker 3 forwarding task 35
104 Worker 2 processing task 45 requiring operations [3]
104 Worker 2 performing operation 3 on task 45
105 Worker 1 accepting task 47
105 Worker 0 accepting task 48
105 Worker 1 accepting task 35
105 Task 45 completed!
105 Worker 1 processing task 44 requiring operations [5]
105 Worker 1 forwarding task 44
105 Worker 4 processing task 43 requiring operations [8, 7]
105 Worker 4 forwarding task 43
105 Worker 3 processing task 51 requiring operations [10, 3]
105 Worker 3 forwarding task 51
105 Worker 0 processing task 48 requiring operations [3, 6]
105 Worker 0 performing operation 6 on task 48
106 Generated task 53
106 Worker 4 accepting task 53
106 Worker 4 accepting task 44
106 Worker 0 accepting task 43
106 Worker 1 accepting task 51
106 Worker 0 accepting task 48
106 Worker 1 processing task 37 requiring operations [10]
106 Worker 1 performing operation 10 on task 37
106 Worker 4 processing task 39 requiring operations [5]
106 Worker 4 performing operation 5 on task 39
106 Worker 0 processing task 43 requiring operations [8, 7]
106 Worker 0 forwarding task 43
107 Task 37 completed!
107 Task 39 completed!
107 Worker 2 accepting task 43
107 Worker 1 processing task 50 requiring operations [2, 3]
107 Worker 1 performing operation 2 on task 50
107 Worker 4 processing task 46 requiring operations [1, 6]
107 Worker 4 forwarding task 46
107 Worker 0 processing task 48 requiring operations [3]
107 Worker 0 forwarding task 48
107 Worker 2 processing task 43 requiring operations [8, 7]
107 Worker 2 performing operation 7 on task 43
108 Generated task 54
108 Worker 2 accepting task 54
108 Worker 1 accepting task 50
108 Worker 1 accepting task 46
108 Worker 2 accepting task 48
108 Worker 2 accepting task 43
108 Worker 1 processing task 36 requiring operations [2]
108 Worker 1 performing operation 2 on task 36
108 Worker 4 processing task 49 requiring operations [9, 1]
108 Worker 4 performing operation 9 on task 49
108 Worker 2 processing task 54 requiring operations [3, 1, 10]
108 Worker 2 performing operation 3 on task 54
109 Task 36 completed!
109 Worker 4 accepting task 49
109 Worker 2 accepting task 54
109 Worker 1 processing task 47 requiring operations [1]
109 Worker 1 forwarding task 47
109 Worker 4 processing task 52 requiring operations [10, 2, 1]
109 Worker 4 forwarding task 52
109 Worker 2 processing task 48 requiring operations [3]
109 Worker 2 performing operation 3 on task 48
110 Generated task 55
110 Worker 2 accepting task 55
110 Worker 3 accepting task 47
110 Worker 0 accepting task 52
110 Task 48 completed!
110 Worker 1 processing task 35 requiring operations [3]
110 Worker 1 forwarding task 35
110 Worker 4 processing task 38 requiring operations [3]
110 Worker 4 forwarding task 38
110 Worker 2 processing task 43 requiring operations [8]
110 Worker 2 performing operation 8 on task 43
110 Worker 3 processing task 47 requiring operations [1]
110 Worker 3 forwarding task 47
110 Worker 0 processing task 52 requiring operations [10, 2, 1]
110 Worker 0 performing operation 1 on task 52
111 Worker 4 accepting task 35
111 Worker 0 accepting task 38
111 Task 43 completed!
111 Worker 1 accepting task 47
111 Worker 0 accepting task 52
111 Worker 1 processing task 51 requiring operations [10, 3]
111 Worker 1 performing operation 10 on task 51
111 Worker 4 processing task 53 requiring operations [5, 6, 1]
111 Worker 4 performing operation 5 on task 53
111 Worker 2 processing task 54 requiring operations [1, 10]
111 Worker 2 forwarding task 54
111 Worker 0 processing task 38 requiring operations [3]
111 Worker 0 forwarding task 38
112 Generated task 56
112 Worker 3 accepting task 56
112 Worker 1 accepting task 51
112 Worker 4 accepting task 53
112 Worker 0 accepting task 54
112 Worker 2 accepting task 38
112 Worker 1 processing task 50 requiring operations [3]
112 Worker 1 forwarding task 50
112 Worker 4 processing task 44 requiring operations [5]
112 Worker 4 performing operation 5 on task 44
112 Worker 2 processing task 55 requiring operations [1, 8, 2]
112 Worker 2 performing operation 8 on task 55
112 Worker 0 processing task 52 requiring operations [10, 2]
112 Worker 0 forwarding task 52
112 Worker 3 processing task 56 requiring operations [1, 5, 4]
112 Worker 3 performing operation 4 on task 56
113 Worker 2 accepting task 50
113 Task 44 completed!
113 Worker 2 accepting task 55
113 Worker 4 accepting task 52
113 Worker 3 accepting task 56
113 Worker 1 processing task 46 requiring operations [1, 6]
113 Worker 1 forwarding task 46
113 Worker 4 processing task 49 requiring operations [1]
113 Worker 4 forwarding task 49
113 Worker 2 processing task 38 requiring operations [3]
113 Worker 2 performing operation 3 on task 38
113 Worker 0 processing task 54 requiring operations [1, 10]
113 Worker 0 performing operation 1 on task 54
113 Worker 3 processing task 56 requiring operations [1, 5]
113 Worker 3 performing operation 5 on task 56
114 Generated task 57
114 Worker 2 accepting task 57
114 Worker 3 accepting task 46
114 Worker 0 accepting task 49
114 Task 38 completed!
114 Worker 0 accepting task 54
114 Worker 3 accepting task 56
114 Worker 1 processing task 47 requiring operations [1]
114 Worker 1 forwarding task 47
114 Worker 4 processing task 35 requiring operations [3]
114 Worker 4 forwarding task 35
114 Worker 2 processing task 50 requiring operations [3]
114 Worker 2 performing operation 3 on task 50
114 Worker 0 processing task 49 requiring operations [1]
114 Worker 0 performing operation 1 on task 49
114 Worker 3 processing task 46 requiring operations [1, 6]
114 Worker 3 performing operation 6 on task 46
115 Worker 2 accepting task 47
115 Worker 1 accepting task 35
115 Task 50 completed!
115 Task 49 completed!
115 Worker 3 accepting task 46
115 Worker 1 processing task 51 requiring operations [3]
115 Worker 1 forwarding task 51
115 Worker 4 processing task 53 requiring operations [6, 1]
115 Worker 4 forwarding task 53
115 Worker 2 processing task 55 requiring operations [1, 2]
115 Worker 2 forwarding task 55
115 Worker 0 processing task 54 requiring operations [10]
115 Worker 0 forwarding task 54
115 Worker 3 processing task 56 requiring operations [1]
115 Worker 3 forwarding task 56
116 Generated task 58
116 Worker 2 accepting task 58
116 Worker 3 accepting task 51
116 Worker 0 accepting task 53
116 Worker 1 accepting task 55
116 Worker 2 accepting task 54
116 Worker 1 accepting task 56
116 Worker 1 processing task 35 requiring operations [3]
116 Worker 1 forwarding task 35
116 Worker 4 processing task 52 requiring operations [10, 2]
116 Worker 4 forwarding task 52
116 Worker 2 processing task 57 requiring operations [8, 1, 9]
116 Worker 2 performing operation 8 on task 57
116 Worker 0 processing task 53 requiring operations [6, 1]
116 Worker 0 performing operation 1 on task 53
116 Worker 3 processing task 46 requiring operations [1]
116 Worker 3 forwarding task 46
117 Worker 2 accepting task 35
117 Worker 3 accepting task 52
117 Worker 2 accepting task 57
117 Worker 0 accepting task 53
117 Worker 4 accepting task 46
117 Worker 1 processing task 55 requiring operations [1, 2]
117 Worker 1 performing operation 2 on task 55
117 Worker 2 processing task 47 requiring operations [1]
117 Worker 2 forwarding task 47
117 Worker 0 processing task 53 requiring operations [6]
117 Worker 0 performing operation 6 on task 53
117 Worker 3 processing task 51 requiring operations [3]
117 Worker 3 forwarding task 51
117 Worker 4 processing task 46 requiring operations [1]
117 Worker 4 forwarding task 46
118 Generated task 59
118 Worker 2 accepting task 59
118 Worker 1 accepting task 55
118 Worker 0 accepting task 47
118 Task 53 completed!
118 Worker 1 accepting task 51
118 Worker 3 accepting task 46
118 Worker 1 processing task 56 requiring operations [1]
118 Worker 1 forwarding task 56
118 Worker 2 processing task 58 requiring operations [7, 4, 10]
118 Worker 2 performing operation 7 on task 58
118 Worker 0 processing task 47 requiring operations [1]
118 Worker 0 performing operation 1 on task 47
118 Worker 3 processing task 52 requiring operations [10, 2]
118 Worker 3 forwarding task 52
119 Worker 2 accepting task 56
119 Worker 2 accepting task 58
119 Task 47 completed!
119 Worker 1 accepting task 52
119 Worker 1 processing task 55 requiring operations [1]
119 Worker 1 forwarding task 55
119 Worker 2 processing task 54 requiring operations [10]
119 Worker 2 forwarding task 54
119 Worker 3 processing task 46 requiring operations [1]
119 Worker 3 forwarding task 46
120 Generated task 60
120 Worker 3 accepting task 60
120 Worker 3 accepting task 55
120 Worker 1 accepting task 54
120 Worker 4 accepting task 46
120 Worker 1 processing task 51 requiring operations [3]
120 Worker 1 forwarding task 51
120 Worker 2 processing task 35 requiring operations [3]
120 Worker 2 performing operation 3 on task 35
120 Worker 3 processing task 60 requiring operations [3, 4, 9]
120 Worker 3 performing operation 4 on task 60
120 Worker 4 processing task 46 requiring operations [1]
120 Worker 4 forwarding task 46
121 Worker 2 accepting task 51
121 Task 35 completed!
121 Worker 3 accepting task 60
121 Worker 1 accepting task 46
121 Worker 1 processing task 52 requiring operations [10, 2]
121 Worker 1 performing operation 2 on task 52
121 Worker 2 processing task 57 requiring operations [1, 9]
121 Worker 2 forwarding task 57
121 Worker 3 processing task 55 requiring operations [1]
121 Worker 3 forwarding task 55
122 Generated task 61
122 Worker 0 accepting task 61
122 Worker 1 accepting task 52
122 Worker 0 accepting task 57
122 Worker 4 accepting task 55
122 Worker 1 processing task 54 requiring operations [10]
122 Worker 1 performing operation 10 on task 54
122 Worker 2 processing task 59 requiring operations [8, 7, 6]
122 Worker 2 performing operation 7 on task 59
122 Worker 3 processing task 60 requiring operations [3, 9]
122 Worker 3 forwarding task 60
122 Worker 0 processing task 61 requiring operations [5, 2, 7]
122 Worker 0 forwarding task 61
122 Worker 4 processing task 55 requiring operations [1]
122 Worker 4 forwarding task 55
123 Task 54 completed!
123 Worker 2 accepting task 59
123 Worker 1 accepting task 60
123 Worker 2 accepting task 61
123 Worker 3 accepting task 55
123 Worker 1 processing task 46 requiring operations [1]
123 Worker 1 forwarding task 46
123 Worker 2 processing task 56 requiring operations [1]
123 Worker 2 forwarding task 56
123 Worker 0 processing task 57 requiring operations [1, 9]
123 Worker 0 performing operation 1 on task 57
123 Worker 3 processing task 55 requiring operations [1]
123 Worker 3 forwarding task 55
124 Generated task 62
124 Worker 2 accepting task 62
124 Worker 3 accepting task 46
124 Worker 1 accepting task 56
124 Worker 0 accepting task 57
124 Worker 1 accepting task 55
124 Worker 1 processing task 52 requiring operations [10]
124 Worker 1 performing operation 10 on task 52
124 Worker 2 processing task 58 requiring operations [4, 10]
124 Worker 2 forwarding task 58
124 Worker 0 processing task 57 requiring operations [9]
124 Worker 0 forwarding task 57
124 Worker 3 processing task 46 requiring operations [1]
124 Worker 3 forwarding task 46
125 Task 52 completed!
125 Worker 0 accepting task 58
125 Worker 4 accepting task 57
125 Worker 4 accepting task 46
125 Worker 1 processing task 60 requiring operations [3, 9]
125 Worker 1 forwarding task 60
125 Worker 2 processing task 51 requiring operations [3]
125 Worker 2 performing operation 3 on task 51
125 Worker 0 processing task 58 requiring operations [4, 10]
125 Worker 0 forwarding task 58
125 Worker 4 processing task 57 requiring operations [9]
125 Worker 4 performing operation 9 on task 57
126 Generated task 63
126 Worker 1 accepting task 63
126 Worker 2 accepting task 60
126 Task 51 completed!
126 Worker 4 accepting task 58
126 Task 57 completed!
126 Worker 1 processing task 56 requiring operations [1]
126 Worker 1 forwarding task 56
126 Worker 2 processing task 59 requiring operations [8, 6]
126 Worker 2 performing operation 8 on task 59
126 Worker 4 processing task 46 requiring operations [1]
126 Worker 4 forwarding task 46
127 Worker 3 accepting task 56
127 Worker 2 accepting task 59
127 Worker 1 accepting task 46
127 Worker 1 processing task 55 requiring operations [1]
127 Worker 1 forwarding task 55
127 Worker 2 processing task 61 requiring operations [5, 2, 7]
127 Worker 2 performing operation 7 on task 61
127 Worker 4 processing task 58 requiring operations [4, 10]
127 Worker 4 forwarding task 58
127 Worker 3 processing task 56 requiring operations [1]
127 Worker 3 forwarding task 56
128 Generated task 64
128 Worker 2 accepting task 64
128 Worker 2 accepting task 55
128 Worker 2 accepting task 61
128 Worker 0 accepting task 58
128 Worker 4 accepting task 56
128 Worker 1 processing task 63 requiring operations [8, 1, 3]
128 Worker 1 forwarding task 63
128 Worker 2 processing task 62 requiring operations [4, 3, 5]
128 Worker 2 performing operation 3 on task 62
128 Worker 0 processing task 58 requiring operations [4, 10]
128 Worker 0 forwarding task 58
128 Worker 4 processing task 56 requiring operations [1]
128 Worker 4 forwarding task 56
129 Worker 2 accepting task 63
129 Worker 2 accepting task 62
129 Worker 4 accepting task 58
129 Worker 0 accepting task 56
129 Worker 1 processing task 46 requiring operations [1]
129 Worker 1 forwarding task 46
129 Worker 2 processing task 60 requiring operations [3, 9]
129 Worker 2 performing operation 3 on task 60
129 Worker 4 processing task 58 requiring operations [4, 10]
129 Worker 4 forwarding task 58
129 Worker 0 processing task 56 requiring operations [1]
129 Worker 0 performing operation 1 on task 56
130 Generated task 65
130 Worker 4 accepting task 65
130 Worker 3 accepting task 46
130 Worker 2 accepting task 60
130 Worker 0 accepting task 58
130 Task 56 completed!
130 Worker 2 processing task 59 requiring operations [6]
130 Worker 2 forwarding task 59
130 Worker 4 processing task 65 requiring operations [5, 9, 7]
130 Worker 4 performing operation 9 on task 65
130 Worker 0 processing task 58 requiring operations [4, 10]
130 Worker 0 forwarding task 58
130 Worker 3 processing task 46 requiring operations [1]
130 Worker 3 forwarding task 46
131 Worker 0 accepting task 59
131 Worker 4 accepting task 65
131 Worker 4 accepting task 58
131 Worker 4 accepting task 46
131 Worker 2 processing task 64 requiring operations [10, 9, 3]
131 Worker 2 performing operation 3 on task 64
131 Worker 4 processing task 65 requiring operations [5, 7]
131 Worker 4 performing operation 5 on task 65
131 Worker 0 processing task 59 requiring operations [6]
131 Worker 0 performing operation 6 on task 59
132 Generated task 66
132 Worker 3 accepting task 66
132 Worker 2 accepting task 64
132 Worker 4 accepting task 65
132 Task 59 completed!
132 Worker 2 processing task 55 requiring operations [1]
132 Worker 2 forwarding task 55
132 Worker 4 processing task 58 requiring operations [4, 10]
132 Worker 4 forwarding task 58
132 Worker 3 processing task 66 requiring operations [1, 7, 9]
132 Worker 3 forwarding task 66
133 Worker 1 accepting task 55
133 Worker 3 accepting task 58
133 Worker 4 accepting task 66
133 Worker 2 processing task 61 requiring operations [5, 2]
133 Worker 2 forwarding task 61
133 Worker 4 processing task 46 requiring operations [1]
133 Worker 4 forwarding task 46
133 Worker 3 processing task 58 requiring operations [4, 10]
133 Worker 3 performing operation 4 on task 58
133 Worker 1 processing task 55 requiring operations [1]
133 Worker 1 forwarding task 55
134 Generated task 67
134 Worker 2 accepting task 67
134 Worker 0 accepting task 61
134 Worker 0 accepting task 46
134 Worker 3 accepting task 58
134 Worker 4 accepting task 55
134 Worker 2 processing task 63 requiring operations [8, 1, 3]
134 Worker 2 performing operation 8 on task 63
134 Worker 4 processing task 65 requiring operations [7]
134 Worker 4 forwarding task 65
134 Worker 3 processing task 58 requiring operations [10]
134 Worker 3 forwarding task 58
134 Worker 0 processing task 61 requiring operations [5, 2]
134 Worker 0 forwarding task 61
135 Worker 2 accepting task 63
135 Worker 0 accepting task 65
135 Worker 1 accepting task 58
135 Worker 2 accepting task 61
135 Worker 2 processing task 62 requiring operations [4, 5]
135 Worker 2 forwarding task 62
135 Worker 4 processing task 66 requiring operations [1, 7, 9]
135 Worker 4 performing operation 9 on task 66
135 Worker 0 processing task 46 requiring operations [1]
135 Worker 0 performing operation 1 on task 46
135 Worker 1 processing task 58 requiring operations [10]
135 Worker 1 performing operation 10 on task 58
136 Generated task 68
136 Worker 4 accepting task 68
136 Worker 1 accepting task 62
136 Worker 4 accepting task 66
136 Task 46 completed!
136 Task 58 completed!
136 Worker 2 processing task 60 requiring operations [9]
136 Worker 2 forwarding task 60
136 Worker 4 processing task 55 requiring operations [1]
136 Worker 4 forwarding task 55
136 Worker 0 processing task 65 requiring operations [7]
136 Worker 0 forwarding task 65
136 Worker 1 processing task 62 requiring operations [4, 5]
136 Worker 1 performing operation 4 on task 62
137 Worker 0 accepting task 60
137 Worker 0 accepting task 55
137 Worker 2 accepting task 65
137 Worker 1 accepting task 62
137 Worker 2 processing task 64 requiring operations [10, 9]
137 Worker 2 forwarding task 64
137 Worker 4 processing task 68 requiring operations [10, 5, 7]
137 Worker 4 performing operation 5 on task 68
137 Worker 0 processing task 60 requiring operations [9]
137 Worker 0 forwarding task 60
137 Worker 1 processing task 62 requiring operations [5]
137 Worker 1 forwarding task 62
138 Generated task 69
138 Worker 3 accepting task 69
138 Worker 0 accepting task 64
138 Worker 4 accepting task 68
138 Worker 2 accepting task 60
138 Worker 2 accepting task 62
138 Worker 2 processing task 67 requiring operations [2, 3, 1]
138 Worker 2 performing operation 3 on task 67
138 Worker 4 processing task 66 requiring operations [1, 7]
138 Worker 4 forwarding task 66
138 Worker 0 processing task 55 requiring operations [1]
138 Worker 0 performing operation 1 on task 55
138 Worker 3 processing task 69 requiring operations [6, 3, 10]
138 Worker 3 performing operation 6 on task 69
139 Worker 2 accepting task 67
139 Worker 1 accepting task 66
139 Task 55 completed!
139 Worker 3 accepting task 69
139 Worker 2 processing task 63 requiring operations [1, 3]
139 Worker 2 performing operation 3 on task 63
139 Worker 4 processing task 68 requiring operations [10, 7]
139 Worker 4 forwarding task 68
139 Worker 0 processing task 64 requiring operations [10, 9]
139 Worker 0 forwarding task 64
139 Worker 3 processing task 69 requiring operations [3, 10]
139 Worker 3 forwarding task 69
139 Worker 1 processing task 66 requiring operations [1, 7]
139 Worker 1 performing operation 7 on task 66
140 Generated task 70
140 Worker 4 accepting task 70
140 Worker 2 accepting task 63
140 Worker 3 accepting task 68
140 Worker 4 accepting task 64
140 Worker 4 accepting task 69
140 Worker 1 accepting task 66
140 Worker 2 processing task 61 requiring operations [5, 2]
140 Worker 2 forwarding task 61
140 Worker 4 processing task 70 requiring operations [8, 5, 7]
140 Worker 4 performing operation 5 on task 70
140 Worker 3 processing task 68 requiring operations [10, 7]
140 Worker 3 forwarding task 68
140 Worker 1 processing task 66 requiring operations [1]
140 Worker 1 forwarding task 66
