Worker 0 can perform operations {9}
Worker 1 can perform operations {8, 10}
Worker 2 can perform operations {1, 3, 4, 9}
Worker 3 can perform operations {1, 2, 5}
Worker 4 can perform operations {8, 3, 6, 7}
Building network type full-connect
Worker 0 connecting to worker 1
Worker 0 connecting to worker 2
Worker 0 connecting to worker 3
Worker 0 connecting to worker 4
Worker 1 connecting to worker 0
Worker 1 connecting to worker 2
Worker 1 connecting to worker 3
Worker 1 connecting to worker 4
Worker 2 connecting to worker 0
Worker 2 connecting to worker 1
Worker 2 connecting to worker 3
Worker 2 connecting to worker 4
Worker 3 connecting to worker 0
Worker 3 connecting to worker 1
Worker 3 connecting to worker 2
Worker 3 connecting to worker 4
Worker 4 connecting to worker 0
Worker 4 connecting to worker 1
Worker 4 connecting to worker 2
Worker 4 connecting to worker 3
Entry nodes are [0, 1, 2, 3, 4]
0 Generated task 0 with complexity 3 requiring operations [6, 7, 10]
0 Worker 0 accepting task 0
0 Worker 0 processing task 0 requiring operations [6, 7, 10]
0 Worker 0 forwarding task 0
1 Generated task 1 with complexity 3 requiring operations [1, 8, 6]
1 Worker 1 accepting task 1
1 Worker 2 accepting task 0
1 Worker 1 processing task 1 requiring operations [1, 8, 6]
1 Worker 1 performing operation 8 on task 1
1 Worker 2 processing task 0 requiring operations [6, 7, 10]
1 Worker 2 forwarding task 0
2 Generated task 2 with complexity 3 requiring operations [8, 3, 9]
2 Worker 1 accepting task 2
2 Worker 1 accepting task 1
2 Worker 3 accepting task 0
2 Worker 1 processing task 2 requiring operations [8, 3, 9]
2 Worker 1 performing operation 8 on task 2
2 Worker 3 processing task 0 requiring operations [6, 7, 10]
2 Worker 3 forwarding task 0
3 Generated task 3 with complexity 3 requiring operations [3, 5, 9]
3 Worker 4 accepting task 3
3 Worker 1 accepting task 2
3 Worker 1 accepting task 0
3 Worker 1 processing task 1 requiring operations [1, 6]
3 Worker 1 forwarding task 1
3 Worker 4 processing task 3 requiring operations [3, 5, 9]
3 Worker 4 performing operation 3 on task 3
4 Generated task 4 with complexity 3 requiring operations [6, 2, 3]
4 Worker 4 accepting task 4
4 Worker 0 accepting task 1
4 Worker 4 accepting task 3
4 Worker 1 processing task 2 requiring operations [3, 9]
4 Worker 1 forwarding task 2
4 Worker 4 processing task 4 requiring operations [6, 2, 3]
4 Worker 4 performing operation 6 on task 4
4 Worker 0 processing task 1 requiring operations [1, 6]
4 Worker 0 forwarding task 1
5 Generated task 5 with complexity 3 requiring operations [10, 7, 9]
5 Worker 0 accepting task 5
5 Worker 0 accepting task 2
5 Worker 4 accepting task 4
5 Worker 3 accepting task 1
5 Worker 1 processing task 0 requiring operations [6, 7, 10]
5 Worker 1 performing operation 10 on task 0
5 Worker 4 processing task 3 requiring operations [5, 9]
5 Worker 4 forwarding task 3
5 Worker 0 processing task 5 requiring operations [10, 7, 9]
5 Worker 0 performing operation 9 on task 5
5 Worker 3 processing task 1 requiring operations [1, 6]
5 Worker 3 performing operation 1 on task 1
6 Generated task 6 with complexity 3 requiring operations [1, 5, 8]
6 Worker 2 accepting task 6
6 Worker 1 accepting task 0
6 Worker 0 accepting task 3
6 Worker 0 accepting task 5
6 Worker 3 accepting task 1
6 Worker 1 processing task 0 requiring operations [6, 7]
6 Worker 1 forwarding task 0
6 Worker 4 processing task 4 requiring operations [2, 3]
6 Worker 4 performing operation 3 on task 4
6 Worker 0 processing task 2 requiring operations [3, 9]
6 Worker 0 performing operation 9 on task 2
6 Worker 3 processing task 1 requiring operations [6]
6 Worker 3 forwarding task 1
6 Worker 2 processing task 6 requiring operations [1, 5, 8]
6 Worker 2 performing operation 1 on task 6
7 Generated task 7 with complexity 3 requiring operations [3, 2, 10]
7 Worker 1 accepting task 7
7 Worker 2 accepting task 0
7 Worker 4 accepting task 4
7 Worker 0 accepting task 2
7 Worker 2 accepting task 1
7 Worker 2 accepting task 6
7 Worker 1 processing task 7 requiring operations [3, 2, 10]
7 Worker 1 performing operation 10 on task 7
7 Worker 4 processing task 4 requiring operations [2]
7 Worker 4 forwarding task 4
7 Worker 0 processing task 3 requiring operations [5, 9]
7 Worker 0 performing operation 9 on task 3
7 Worker 2 processing task 0 requiring operations [6, 7]
7 Worker 2 forwarding task 0
8 Generated task 8 with complexity 3 requiring operations [10, 9, 5]
8 Worker 4 accepting task 8
8 Worker 1 accepting task 7
8 Worker 0 accepting task 4
8 Worker 0 accepting task 3
8 Worker 0 accepting task 0
8 Worker 1 processing task 7 requiring operations [3, 2]
8 Worker 1 forwarding task 7
8 Worker 4 processing task 8 requiring operations [10, 9, 5]
8 Worker 4 forwarding task 8
8 Worker 0 processing task 5 requiring operations [10, 7]
8 Worker 0 forwarding task 5
8 Worker 2 processing task 1 requiring operations [6]
8 Worker 2 forwarding task 1
9 Generated task 9 with complexity 3 requiring operations [7, 1, 8]
9 Worker 1 accepting task 9
9 Worker 3 accepting task 7
9 Worker 1 accepting task 8
9 Worker 3 accepting task 5
9 Worker 3 accepting task 1
9 Worker 1 processing task 9 requiring operations [7, 1, 8]
9 Worker 1 performing operation 8 on task 9
9 Worker 0 processing task 2 requiring operations [3]
9 Worker 0 forwarding task 2
9 Worker 2 processing task 6 requiring operations [5, 8]
9 Worker 2 forwarding task 6
9 Worker 3 processing task 7 requiring operations [3, 2]
9 Worker 3 performing operation 2 on task 7
10 Generated task 10 with complexity 3 requiring operations [1, 3, 8]
10 Worker 1 accepting task 10
10 Worker 1 accepting task 9
10 Worker 4 accepting task 2
10 Worker 1 accepting task 6
10 Worker 3 accepting task 7
10 Worker 1 processing task 8 requiring operations [10, 9, 5]
10 Worker 1 performing operation 10 on task 8
10 Worker 0 processing task 4 requiring operations [2]
10 Worker 0 forwarding task 4
10 Worker 3 processing task 5 requiring operations [10, 7]
10 Worker 3 forwarding task 5
10 Worker 4 processing task 2 requiring operations [3]
10 Worker 4 performing operation 3 on task 2
11 Generated task 11 with complexity 3 requiring operations [6, 5, 2]
11 Worker 3 accepting task 11
11 Worker 1 accepting task 8
11 Worker 2 accepting task 4
11 Worker 0 accepting task 5
11 Task 2 completed!
11 Worker 1 processing task 10 requiring operations [1, 3, 8]
11 Worker 1 performing operation 8 on task 10
11 Worker 0 processing task 3 requiring operations [5]
11 Worker 0 forwarding task 3
11 Worker 3 processing task 1 requiring operations [6]
11 Worker 3 forwarding task 1
11 Worker 2 processing task 4 requiring operations [2]
11 Worker 2 forwarding task 4
12 Generated task 12 with complexity 3 requiring operations [7, 9, 5]
12 Worker 3 accepting task 12
12 Worker 1 accepting task 10
12 Worker 4 accepting task 3
12 Worker 1 accepting task 1
12 Worker 0 accepting task 4
12 Worker 1 processing task 9 requiring operations [7, 1]
12 Worker 1 forwarding task 9
12 Worker 0 processing task 0 requiring operations [6, 7]
12 Worker 0 forwarding task 0
12 Worker 3 processing task 7 requiring operations [3]
12 Worker 3 forwarding task 7
12 Worker 4 processing task 3 requiring operations [5]
12 Worker 4 forwarding task 3
13 Generated task 13 with complexity 3 requiring operations [9, 4, 2]
13 Worker 2 accepting task 13
13 Worker 0 accepting task 9
13 Worker 3 accepting task 0
13 Worker 4 accepting task 7
13 Worker 1 accepting task 3
13 Worker 1 processing task 6 requiring operations [5, 8]
13 Worker 1 performing operation 8 on task 6
13 Worker 0 processing task 5 requiring operations [10, 7]
13 Worker 0 forwarding task 5
13 Worker 3 processing task 11 requiring operations [6, 5, 2]
13 Worker 3 performing operation 5 on task 11
13 Worker 4 processing task 7 requiring operations [3]
13 Worker 4 performing operation 3 on task 7
13 Worker 2 processing task 13 requiring operations [9, 4, 2]
13 Worker 2 performing operation 4 on task 13
14 Generated task 14 with complexity 3 requiring operations [2, 10, 5]
14 Worker 1 accepting task 14
14 Worker 1 accepting task 6
14 Worker 2 accepting task 5
14 Worker 3 accepting task 11
14 Task 7 completed!
14 Worker 2 accepting task 13
14 Worker 1 processing task 8 requiring operations [9, 5]
14 Worker 1 forwarding task 8
14 Worker 0 processing task 4 requiring operations [2]
14 Worker 0 forwarding task 4
14 Worker 3 processing task 12 requiring operations [7, 9, 5]
14 Worker 3 performing operation 5 on task 12
14 Worker 2 processing task 5 requiring operations [10, 7]
14 Worker 2 forwarding task 5
15 Generated task 15 with complexity 3 requiring operations [7, 3, 2]
15 Worker 0 accepting task 15
15 Worker 3 accepting task 8
15 Worker 1 accepting task 4
15 Worker 3 accepting task 12
15 Worker 0 accepting task 5
15 Worker 1 processing task 10 requiring operations [1, 3]
15 Worker 1 forwarding task 10
15 Worker 0 processing task 9 requiring operations [7, 1]
15 Worker 0 forwarding task 9
15 Worker 3 processing task 0 requiring operations [6, 7]
15 Worker 3 forwarding task 0
15 Worker 2 processing task 13 requiring operations [9, 2]
15 Worker 2 performing operation 9 on task 13
16 Generated task 16 with complexity 3 requiring operations [4, 9, 7]
16 Worker 0 accepting task 16
16 Worker 0 accepting task 10
16 Worker 3 accepting task 9
16 Worker 1 accepting task 0
16 Worker 2 accepting task 13
16 Worker 1 processing task 1 requiring operations [6]
16 Worker 1 forwarding task 1
16 Worker 0 processing task 15 requiring operations [7, 3, 2]
16 Worker 0 forwarding task 15
16 Worker 3 processing task 11 requiring operations [6, 2]
16 Worker 3 performing operation 2 on task 11
16 Worker 2 processing task 13 requiring operations [2]
16 Worker 2 forwarding task 13
17 Generated task 17 with complexity 3 requiring operations [3, 9, 4]
17 Worker 2 accepting task 17
17 Worker 4 accepting task 1
17 Worker 4 accepting task 15
17 Worker 3 accepting task 11
17 Worker 1 accepting task 13
17 Worker 1 processing task 3 requiring operations [5]
17 Worker 1 forwarding task 3
17 Worker 0 processing task 5 requiring operations [10, 7]
17 Worker 0 forwarding task 5
17 Worker 3 processing task 8 requiring operations [9, 5]
17 Worker 3 performing operation 5 on task 8
17 Worker 2 processing task 17 requiring operations [3, 9, 4]
17 Worker 2 performing operation 3 on task 17
17 Worker 4 processing task 1 requiring operations [6]
17 Worker 4 performing operation 6 on task 1
18 Generated task 18 with complexity 3 requiring operations [8, 2, 9]
18 Worker 0 accepting task 18
18 Worker 2 accepting task 3
18 Worker 1 accepting task 5
18 Worker 3 accepting task 8
18 Worker 2 accepting task 17
18 Task 1 completed!
18 Worker 1 processing task 14 requiring operations [2, 10, 5]
18 Worker 1 performing operation 10 on task 14
18 Worker 0 processing task 16 requiring operations [4, 9, 7]
18 Worker 0 performing operation 9 on task 16
18 Worker 3 processing task 12 requiring operations [7, 9]
18 Worker 3 forwarding task 12
18 Worker 2 processing task 3 requiring operations [5]
18 Worker 2 forwarding task 3
18 Worker 4 processing task 15 requiring operations [7, 3, 2]
18 Worker 4 performing operation 3 on task 15
19 Generated task 19 with complexity 3 requiring operations [4, 3, 8]
19 Worker 2 accepting task 19
19 Worker 1 accepting task 14
19 Worker 0 accepting task 16
19 Worker 2 accepting task 12
19 Worker 1 accepting task 3
19 Worker 4 accepting task 15
19 Worker 1 processing task 6 requiring operations [5]
19 Worker 1 forwarding task 6
19 Worker 0 processing task 10 requiring operations [1, 3]
19 Worker 0 forwarding task 10
19 Worker 3 processing task 9 requiring operations [7, 1]
19 Worker 3 performing operation 1 on task 9
19 Worker 2 processing task 17 requiring operations [9, 4]
19 Worker 2 performing operation 4 on task 17
19 Worker 4 processing task 15 requiring operations [7, 2]
19 Worker 4 performing operation 7 on task 15
20 Generated task 20 with complexity 3 requiring operations [4, 1, 3]
20 Worker 0 accepting task 20
20 Worker 3 accepting task 6
20 Worker 3 accepting task 10
20 Worker 3 accepting task 9
20 Worker 2 accepting task 17
20 Worker 4 accepting task 15
20 Worker 1 processing task 4 requiring operations [2]
20 Worker 1 forwarding task 4
20 Worker 0 processing task 18 requiring operations [8, 2, 9]
20 Worker 0 performing operation 9 on task 18
20 Worker 3 processing task 11 requiring operations [6]
20 Worker 3 forwarding task 11
20 Worker 2 processing task 19 requiring operations [4, 3, 8]
20 Worker 2 performing operation 4 on task 19
20 Worker 4 processing task 15 requiring operations [2]
20 Worker 4 forwarding task 15
21 Generated task 21 with complexity 3 requiring operations [9, 6, 3]
21 Worker 1 accepting task 21
21 Worker 3 accepting task 4
21 Worker 0 accepting task 18
21 Worker 0 accepting task 11
21 Worker 2 accepting task 19
21 Worker 2 accepting task 15
21 Worker 1 processing task 0 requiring operations [6, 7]
21 Worker 1 forwarding task 0
21 Worker 0 processing task 16 requiring operations [4, 7]
21 Worker 0 forwarding task 16
21 Worker 3 processing task 8 requiring operations [9]
21 Worker 3 forwarding task 8
21 Worker 2 processing task 12 requiring operations [7, 9]
21 Worker 2 performing operation 9 on task 12
22 Generated task 22 with complexity 3 requiring operations [3, 7, 6]
22 Worker 3 accepting task 22
22 Worker 3 accepting task 0
22 Worker 1 accepting task 16
22 Worker 0 accepting task 8
22 Worker 2 accepting task 12
22 Worker 1 processing task 13 requiring operations [2]
22 Worker 1 forwarding task 13
22 Worker 0 processing task 20 requiring operations [4, 1, 3]
22 Worker 0 forwarding task 20
22 Worker 3 processing task 6 requiring operations [5]
22 Worker 3 performing operation 5 on task 6
22 Worker 2 processing task 17 requiring operations [9]
22 Worker 2 performing operation 9 on task 17
23 Generated task 23 with complexity 3 requiring operations [1, 9, 6]
23 Worker 1 accepting task 23
23 Worker 2 accepting task 13
23 Worker 4 accepting task 20
23 Task 6 completed!
23 Task 17 completed!
23 Worker 1 processing task 5 requiring operations [10, 7]
23 Worker 1 performing operation 10 on task 5
23 Worker 0 processing task 18 requiring operations [8, 2]
23 Worker 0 forwarding task 18
23 Worker 3 processing task 10 requiring operations [1, 3]
23 Worker 3 performing operation 1 on task 10
23 Worker 2 processing task 19 requiring operations [3, 8]
23 Worker 2 performing operation 3 on task 19
23 Worker 4 processing task 20 requiring operations [4, 1, 3]
23 Worker 4 performing operation 3 on task 20
24 Generated task 24 with complexity 3 requiring operations [6, 1, 2]
24 Worker 0 accepting task 24
24 Worker 1 accepting task 5
24 Worker 2 accepting task 18
24 Worker 3 accepting task 10
24 Worker 2 accepting task 19
24 Worker 4 accepting task 20
24 Worker 1 processing task 14 requiring operations [2, 5]
24 Worker 1 forwarding task 14
24 Worker 0 processing task 11 requiring operations [6]
24 Worker 0 forwarding task 11
24 Worker 3 processing task 9 requiring operations [7]
24 Worker 3 forwarding task 9
24 Worker 2 processing task 15 requiring operations [2]
24 Worker 2 forwarding task 15
24 Worker 4 processing task 20 requiring operations [4, 1]
24 Worker 4 forwarding task 20
25 Generated task 25 with complexity 3 requiring operations [6, 5, 1]
25 Worker 0 accepting task 25
25 Worker 0 accepting task 14
25 Worker 4 accepting task 11
25 Worker 4 accepting task 9
25 Worker 4 accepting task 15
25 Worker 1 accepting task 20
25 Worker 1 processing task 3 requiring operations [5]
25 Worker 1 forwarding task 3
25 Worker 0 processing task 8 requiring operations [9]
25 Worker 0 performing operation 9 on task 8
25 Worker 3 processing task 4 requiring operations [2]
25 Worker 3 performing operation 2 on task 4
25 Worker 2 processing task 12 requiring operations [7]
25 Worker 2 forwarding task 12
25 Worker 4 processing task 11 requiring operations [6]
25 Worker 4 performing operation 6 on task 11
26 Generated task 26 with complexity 3 requiring operations [3, 5, 4]
26 Worker 3 accepting task 26
26 Worker 3 accepting task 3
26 Task 8 completed!
26 Task 4 completed!
26 Worker 0 accepting task 12
26 Task 11 completed!
26 Worker 1 processing task 21 requiring operations [9, 6, 3]
26 Worker 1 forwarding task 21
26 Worker 0 processing task 24 requiring operations [6, 1, 2]
26 Worker 0 forwarding task 24
26 Worker 3 processing task 22 requiring operations [3, 7, 6]
26 Worker 3 forwarding task 22
26 Worker 2 processing task 13 requiring operations [2]
26 Worker 2 forwarding task 13
26 Worker 4 processing task 9 requiring operations [7]
26 Worker 4 performing operation 7 on task 9
27 Generated task 27 with complexity 3 requiring operations [4, 7, 10]
27 Worker 0 accepting task 27
27 Worker 0 accepting task 21
27 Worker 1 accepting task 24
27 Worker 4 accepting task 22
27 Worker 3 accepting task 13
27 Task 9 completed!
27 Worker 1 processing task 16 requiring operations [4, 7]
27 Worker 1 forwarding task 16
27 Worker 0 processing task 25 requiring operations [6, 5, 1]
27 Worker 0 forwarding task 25
27 Worker 3 processing task 0 requiring operations [6, 7]
27 Worker 3 forwarding task 0
27 Worker 2 processing task 18 requiring operations [8, 2]
27 Worker 2 forwarding task 18
27 Worker 4 processing task 15 requiring operations [2]
27 Worker 4 forwarding task 15
28 Generated task 28 with complexity 3 requiring operations [7, 4, 6]
28 Worker 1 accepting task 28
28 Worker 3 accepting task 16
28 Worker 1 accepting task 25
28 Worker 4 accepting task 0
28 Worker 3 accepting task 18
28 Worker 2 accepting task 15
28 Worker 1 processing task 23 requiring operations [1, 9, 6]
28 Worker 1 forwarding task 23
28 Worker 0 processing task 14 requiring operations [2, 5]
28 Worker 0 forwarding task 14
28 Worker 3 processing task 10 requiring operations [3]
28 Worker 3 forwarding task 10
28 Worker 2 processing task 19 requiring operations [8]
28 Worker 2 forwarding task 19
28 Worker 4 processing task 22 requiring operations [3, 7, 6]
28 Worker 4 performing operation 7 on task 22
29 Generated task 29 with complexity 3 requiring operations [2, 6, 5]
29 Worker 0 accepting task 29
29 Worker 3 accepting task 23
29 Worker 4 accepting task 14
29 Worker 0 accepting task 10
29 Worker 3 accepting task 19
29 Worker 4 accepting task 22
29 Worker 1 processing task 5 requiring operations [7]
29 Worker 1 forwarding task 5
29 Worker 0 processing task 12 requiring operations [7]
29 Worker 0 forwarding task 12
29 Worker 3 processing task 26 requiring operations [3, 5, 4]
29 Worker 3 performing operation 5 on task 26
29 Worker 2 processing task 15 requiring operations [2]
29 Worker 2 forwarding task 15
29 Worker 4 processing task 0 requiring operations [6, 7]
29 Worker 4 performing operation 6 on task 0
30 Generated task 30 with complexity 3 requiring operations [8, 9, 5]
30 Worker 3 accepting task 30
30 Worker 4 accepting task 5
30 Worker 1 accepting task 12
30 Worker 3 accepting task 26
30 Worker 3 accepting task 15
30 Worker 4 accepting task 0
30 Worker 1 processing task 20 requiring operations [4, 1]
30 Worker 1 forwarding task 20
30 Worker 0 processing task 27 requiring operations [4, 7, 10]
30 Worker 0 forwarding task 27
30 Worker 3 processing task 3 requiring operations [5]
30 Worker 3 performing operation 5 on task 3
30 Worker 4 processing task 14 requiring operations [2, 5]
30 Worker 4 forwarding task 14
31 Generated task 31 with complexity 3 requiring operations [10, 4, 5]
31 Worker 2 accepting task 31
31 Worker 2 accepting task 20
31 Worker 1 accepting task 27
31 Task 3 completed!
31 Worker 3 accepting task 14
31 Worker 1 processing task 24 requiring operations [6, 1, 2]
31 Worker 1 forwarding task 24
31 Worker 0 processing task 21 requiring operations [9, 6, 3]
31 Worker 0 performing operation 9 on task 21
31 Worker 3 processing task 13 requiring operations [2]
31 Worker 3 performing operation 2 on task 13
31 Worker 4 processing task 22 requiring operations [3, 6]
31 Worker 4 performing operation 6 on task 22
31 Worker 2 processing task 31 requiring operations [10, 4, 5]
31 Worker 2 performing operation 4 on task 31
32 Generated task 32 with complexity 3 requiring operations [7, 10, 2]
32 Worker 3 accepting task 32
32 Worker 4 accepting task 24
32 Worker 0 accepting task 21
32 Task 13 completed!
32 Worker 4 accepting task 22
32 Worker 2 accepting task 31
32 Worker 1 processing task 28 requiring operations [7, 4, 6]
32 Worker 1 forwarding task 28
32 Worker 0 processing task 29 requiring operations [2, 6, 5]
32 Worker 0 forwarding task 29
32 Worker 3 processing task 16 requiring operations [4, 7]
32 Worker 3 forwarding task 16
32 Worker 4 processing task 5 requiring operations [7]
32 Worker 4 performing operation 7 on task 5
32 Worker 2 processing task 20 requiring operations [4, 1]
32 Worker 2 performing operation 4 on task 20
33 Generated task 33 with complexity 3 requiring operations [5, 2, 4]
33 Worker 0 accepting task 33
33 Worker 3 accepting task 28
33 Worker 2 accepting task 29
33 Worker 4 accepting task 16
33 Task 5 completed!
33 Worker 2 accepting task 20
33 Worker 1 processing task 25 requiring operations [6, 5, 1]
33 Worker 1 forwarding task 25
33 Worker 0 processing task 10 requiring operations [3]
33 Worker 0 forwarding task 10
33 Worker 3 processing task 18 requiring operations [8, 2]
33 Worker 3 performing operation 2 on task 18
33 Worker 4 processing task 0 requiring operations [7]
33 Worker 4 performing operation 7 on task 0
33 Worker 2 processing task 31 requiring operations [10, 5]
33 Worker 2 forwarding task 31
34 Generated task 34 with complexity 3 requiring operations [2, 10, 9]
34 Worker 4 accepting task 34
34 Worker 0 accepting task 25
34 Worker 2 accepting task 10
34 Worker 3 accepting task 18
34 Task 0 completed!
34 Worker 3 accepting task 31
34 Worker 1 processing task 12 requiring operations [7]
34 Worker 1 forwarding task 12
34 Worker 0 processing task 21 requiring operations [6, 3]
34 Worker 0 forwarding task 21
34 Worker 3 processing task 23 requiring operations [1, 9, 6]
34 Worker 3 performing operation 1 on task 23
34 Worker 4 processing task 24 requiring operations [6, 1, 2]
34 Worker 4 performing operation 6 on task 24
34 Worker 2 processing task 29 requiring operations [2, 6, 5]
34 Worker 2 forwarding task 29
35 Generated task 35 with complexity 3 requiring operations [7, 6, 9]
35 Worker 3 accepting task 35
35 Worker 2 accepting task 12
35 Worker 4 accepting task 21
35 Worker 3 accepting task 23
35 Worker 4 accepting task 24
35 Worker 0 accepting task 29
35 Worker 1 processing task 27 requiring operations [4, 7, 10]
35 Worker 1 performing operation 10 on task 27
35 Worker 0 processing task 33 requiring operations [5, 2, 4]
35 Worker 0 forwarding task 33
35 Worker 3 processing task 19 requiring operations [8]
35 Worker 3 forwarding task 19
35 Worker 4 processing task 22 requiring operations [3]
35 Worker 4 performing operation 3 on task 22
35 Worker 2 processing task 20 requiring operations [1]
35 Worker 2 performing operation 1 on task 20
36 Generated task 36 with complexity 3 requiring operations [9, 10, 5]
36 Worker 1 accepting task 36
36 Worker 1 accepting task 27
36 Worker 3 accepting task 33
36 Worker 0 accepting task 19
36 Task 22 completed!
36 Task 20 completed!
36 Worker 1 processing task 36 requiring operations [9, 10, 5]
36 Worker 1 performing operation 10 on task 36
36 Worker 0 processing task 25 requiring operations [6, 5, 1]
36 Worker 0 forwarding task 25
36 Worker 3 processing task 30 requiring operations [8, 9, 5]
36 Worker 3 performing operation 5 on task 30
36 Worker 4 processing task 16 requiring operations [4, 7]
36 Worker 4 performing operation 7 on task 16
36 Worker 2 processing task 10 requiring operations [3]
36 Worker 2 performing operation 3 on task 10
37 Generated task 37 with complexity 3 requiring operations [10, 1, 9]
37 Worker 4 accepting task 37
37 Worker 1 accepting task 36
37 Worker 4 accepting task 25
37 Worker 3 accepting task 30
37 Worker 4 accepting task 16
37 Task 10 completed!
37 Worker 1 processing task 27 requiring operations [4, 7]
37 Worker 1 forwarding task 27
37 Worker 0 processing task 29 requiring operations [2, 6, 5]
37 Worker 0 forwarding task 29
37 Worker 3 processing task 26 requiring operations [3, 4]
37 Worker 3 forwarding task 26
37 Worker 4 processing task 34 requiring operations [2, 10, 9]
37 Worker 4 forwarding task 34
37 Worker 2 processing task 12 requiring operations [7]
37 Worker 2 forwarding task 12
38 Generated task 38 with complexity 3 requiring operations [4, 9, 6]
38 Worker 1 accepting task 38
38 Worker 2 accepting task 27
38 Worker 1 accepting task 29
38 Worker 2 accepting task 26
38 Worker 3 accepting task 34
38 Worker 3 accepting task 12
38 Worker 1 processing task 36 requiring operations [9, 5]
38 Worker 1 forwarding task 36
38 Worker 0 processing task 19 requiring operations [8]
38 Worker 0 forwarding task 19
38 Worker 3 processing task 15 requiring operations [2]
38 Worker 3 performing operation 2 on task 15
38 Worker 4 processing task 21 requiring operations [6, 3]
38 Worker 4 performing operation 6 on task 21
38 Worker 2 processing task 27 requiring operations [4, 7]
38 Worker 2 performing operation 4 on task 27
39 Generated task 39 with complexity 3 requiring operations [4, 10, 7]
39 Worker 0 accepting task 39
39 Worker 4 accepting task 36
39 Worker 4 accepting task 19
39 Task 15 completed!
39 Worker 4 accepting task 21
39 Worker 2 accepting task 27
39 Worker 1 processing task 38 requiring operations [4, 9, 6]
39 Worker 1 forwarding task 38
39 Worker 0 processing task 39 requiring operations [4, 10, 7]
39 Worker 0 forwarding task 39
39 Worker 3 processing task 14 requiring operations [2, 5]
39 Worker 3 performing operation 5 on task 14
39 Worker 4 processing task 24 requiring operations [1, 2]
39 Worker 4 forwarding task 24
39 Worker 2 processing task 26 requiring operations [3, 4]
39 Worker 2 performing operation 4 on task 26
40 Generated task 40 with complexity 3 requiring operations [5, 3, 10]
40 Worker 0 accepting task 40
40 Worker 0 accepting task 38
40 Worker 1 accepting task 39
40 Worker 3 accepting task 14
40 Worker 0 accepting task 24
40 Worker 2 accepting task 26
40 Worker 1 processing task 29 requiring operations [2, 6, 5]
40 Worker 1 forwarding task 29
40 Worker 0 processing task 40 requiring operations [5, 3, 10]
40 Worker 0 forwarding task 40
40 Worker 3 processing task 32 requiring operations [7, 10, 2]
40 Worker 3 performing operation 2 on task 32
40 Worker 4 processing task 37 requiring operations [10, 1, 9]
40 Worker 4 forwarding task 37
40 Worker 2 processing task 27 requiring operations [7]
40 Worker 2 forwarding task 27
41 Generated task 41 with complexity 3 requiring operations [9, 1, 10]
41 Worker 4 accepting task 41
41 Worker 0 accepting task 29
41 Worker 4 accepting task 40
41 Worker 3 accepting task 32
41 Worker 1 accepting task 37
41 Worker 3 accepting task 27
41 Worker 1 processing task 39 requiring operations [4, 10, 7]
41 Worker 1 performing operation 10 on task 39
41 Worker 0 processing task 38 requiring operations [4, 9, 6]
41 Worker 0 performing operation 9 on task 38
41 Worker 3 processing task 28 requiring operations [7, 4, 6]
41 Worker 3 forwarding task 28
41 Worker 4 processing task 25 requiring operations [6, 5, 1]
41 Worker 4 performing operation 6 on task 25
41 Worker 2 processing task 26 requiring operations [3]
41 Worker 2 performing operation 3 on task 26
42 Generated task 42 with complexity 3 requiring operations [9, 8, 4]
42 Worker 2 accepting task 42
42 Worker 1 accepting task 39
42 Worker 0 accepting task 38
42 Worker 0 accepting task 28
42 Worker 4 accepting task 25
42 Task 26 completed!
42 Worker 1 processing task 37 requiring operations [10, 1, 9]
42 Worker 1 performing operation 10 on task 37
42 Worker 0 processing task 24 requiring operations [1, 2]
42 Worker 0 forwarding task 24
42 Worker 3 processing task 18 requiring operations [8]
42 Worker 3 forwarding task 18
42 Worker 4 processing task 16 requiring operations [4]
42 Worker 4 forwarding task 16
42 Worker 2 processing task 42 requiring operations [9, 8, 4]
42 Worker 2 performing operation 9 on task 42
43 Generated task 43 with complexity 3 requiring operations [8, 10, 3]
43 Worker 4 accepting task 43
43 Worker 1 accepting task 37
43 Worker 3 accepting task 24
43 Worker 1 accepting task 18
43 Worker 1 accepting task 16
43 Worker 2 accepting task 42
43 Worker 1 processing task 39 requiring operations [4, 7]
43 Worker 1 forwarding task 39
43 Worker 0 processing task 29 requiring operations [2, 6, 5]
43 Worker 0 forwarding task 29
43 Worker 3 processing task 31 requiring operations [10, 5]
43 Worker 3 performing operation 5 on task 31
43 Worker 4 processing task 36 requiring operations [9, 5]
43 Worker 4 forwarding task 36
43 Worker 2 processing task 42 requiring operations [8, 4]
43 Worker 2 performing operation 4 on task 42
44 Generated task 44 with complexity 3 requiring operations [8, 10, 5]
44 Worker 4 accepting task 44
44 Worker 2 accepting task 39
44 Worker 2 accepting task 29
44 Worker 3 accepting task 31
44 Worker 3 accepting task 36
44 Worker 2 accepting task 42
44 Worker 1 processing task 37 requiring operations [1, 9]
44 Worker 1 forwarding task 37
44 Worker 0 processing task 38 requiring operations [4, 6]
44 Worker 0 forwarding task 38
44 Worker 3 processing task 35 requiring operations [7, 6, 9]
44 Worker 3 forwarding task 35
44 Worker 4 processing task 19 requiring operations [8]
44 Worker 4 performing operation 8 on task 19
44 Worker 2 processing task 39 requiring operations [4, 7]
44 Worker 2 performing operation 4 on task 39
45 Generated task 45 with complexity 3 requiring operations [7, 6, 10]
45 Worker 2 accepting task 45
45 Worker 2 accepting task 37
45 Worker 1 accepting task 38
45 Worker 0 accepting task 35
45 Task 19 completed!
45 Worker 2 accepting task 39
45 Worker 1 processing task 18 requiring operations [8]
45 Worker 1 performing operation 8 on task 18
45 Worker 0 processing task 28 requiring operations [7, 4, 6]
45 Worker 0 forwarding task 28
45 Worker 3 processing task 23 requiring operations [9, 6]
45 Worker 3 forwarding task 23
45 Worker 4 processing task 21 requiring operations [3]
45 Worker 4 performing operation 3 on task 21
45 Worker 2 processing task 29 requiring operations [2, 6, 5]
45 Worker 2 forwarding task 29
46 Generated task 46 with complexity 3 requiring operations [1, 5, 8]
46 Worker 2 accepting task 46
46 Task 18 completed!
46 Worker 1 accepting task 28
46 Worker 1 accepting task 23
46 Task 21 completed!
46 Worker 1 accepting task 29
46 Worker 1 processing task 16 requiring operations [4]
46 Worker 1 forwarding task 16
46 Worker 0 processing task 35 requiring operations [7, 6, 9]
46 Worker 0 performing operation 9 on task 35
46 Worker 3 processing task 33 requiring operations [5, 2, 4]
46 Worker 3 performing operation 5 on task 33
46 Worker 4 processing task 41 requiring operations [9, 1, 10]
46 Worker 4 forwarding task 41
46 Worker 2 processing task 42 requiring operations [8]
46 Worker 2 forwarding task 42
47 Generated task 47 with complexity 3 requiring operations [9, 7, 2]
47 Worker 4 accepting task 47
47 Worker 3 accepting task 16
47 Worker 0 accepting task 35
47 Worker 3 accepting task 33
47 Worker 1 accepting task 41
47 Worker 1 accepting task 42
47 Worker 1 processing task 38 requiring operations [4, 6]
47 Worker 1 forwarding task 38
47 Worker 0 processing task 35 requiring operations [7, 6]
47 Worker 0 forwarding task 35
47 Worker 3 processing task 30 requiring operations [8, 9]
47 Worker 3 forwarding task 30
47 Worker 4 processing task 40 requiring operations [5, 3, 10]
47 Worker 4 performing operation 3 on task 40
47 Worker 2 processing task 45 requiring operations [7, 6, 10]
47 Worker 2 forwarding task 45
48 Generated task 48 with complexity 3 requiring operations [8, 9, 4]
48 Worker 1 accepting task 48
48 Worker 3 accepting task 38
48 Worker 1 accepting task 35
48 Worker 1 accepting task 30
48 Worker 4 accepting task 40
48 Worker 0 accepting task 45
48 Worker 1 processing task 28 requiring operations [7, 4, 6]
48 Worker 1 forwarding task 28
48 Worker 3 processing task 34 requiring operations [2, 10, 9]
48 Worker 3 performing operation 2 on task 34
48 Worker 4 processing task 25 requiring operations [5, 1]
48 Worker 4 forwarding task 25
48 Worker 2 processing task 37 requiring operations [1, 9]
48 Worker 2 performing operation 1 on task 37
48 Worker 0 processing task 45 requiring operations [7, 6, 10]
48 Worker 0 forwarding task 45
49 Generated task 49 with complexity 3 requiring operations [7, 9, 1]
49 Worker 0 accepting task 49
49 Worker 2 accepting task 28
49 Worker 3 accepting task 34
49 Worker 1 accepting task 25
49 Worker 2 accepting task 37
49 Worker 4 accepting task 45
49 Worker 1 processing task 23 requiring operations [9, 6]
49 Worker 1 forwarding task 23
49 Worker 3 processing task 12 requiring operations [7]
49 Worker 3 forwarding task 12
49 Worker 4 processing task 43 requiring operations [8, 10, 3]
49 Worker 4 performing operation 3 on task 43
49 Worker 2 processing task 39 requiring operations [7]
49 Worker 2 forwarding task 39
49 Worker 0 processing task 49 requiring operations [7, 9, 1]
49 Worker 0 performing operation 9 on task 49
50 Generated task 50 with complexity 3 requiring operations [9, 2, 5]
50 Worker 4 accepting task 50
50 Worker 4 accepting task 23
50 Worker 1 accepting task 12
50 Worker 4 accepting task 43
50 Worker 1 accepting task 39
50 Worker 0 accepting task 49
50 Worker 1 processing task 29 requiring operations [2, 6, 5]
50 Worker 1 forwarding task 29
50 Worker 3 processing task 14 requiring operations [2]
50 Worker 3 performing operation 2 on task 14
50 Worker 4 processing task 44 requiring operations [8, 10, 5]
50 Worker 4 performing operation 8 on task 44
50 Worker 2 processing task 46 requiring operations [1, 5, 8]
50 Worker 2 performing operation 1 on task 46
50 Worker 0 processing task 49 requiring operations [7, 1]
50 Worker 0 forwarding task 49
51 Generated task 51 with complexity 3 requiring operations [3, 2, 10]
51 Worker 2 accepting task 51
51 Worker 3 accepting task 29
51 Task 14 completed!
51 Worker 4 accepting task 44
51 Worker 2 accepting task 46
51 Worker 1 accepting task 49
51 Worker 1 processing task 41 requiring operations [9, 1, 10]
51 Worker 1 performing operation 10 on task 41
51 Worker 3 processing task 32 requiring operations [7, 10]
51 Worker 3 forwarding task 32
51 Worker 4 processing task 47 requiring operations [9, 7, 2]
51 Worker 4 performing operation 7 on task 47
51 Worker 2 processing task 28 requiring operations [7, 4, 6]
51 Worker 2 performing operation 4 on task 28
52 Generated task 52 with complexity 3 requiring operations [2, 3, 4]
52 Worker 3 accepting task 52
52 Worker 1 accepting task 41
52 Worker 4 accepting task 32
52 Worker 4 accepting task 47
52 Worker 2 accepting task 28
52 Worker 1 processing task 42 requiring operations [8]
52 Worker 1 performing operation 8 on task 42
52 Worker 3 processing task 27 requiring operations [7]
52 Worker 3 forwarding task 27
52 Worker 4 processing task 40 requiring operations [5, 10]
52 Worker 4 forwarding task 40
52 Worker 2 processing task 37 requiring operations [9]
52 Worker 2 performing operation 9 on task 37
53 Generated task 53 with complexity 3 requiring operations [2, 3, 9]
53 Worker 4 accepting task 53
53 Task 42 completed!
53 Worker 2 accepting task 27
53 Worker 1 accepting task 40
53 Task 37 completed!
53 Worker 1 processing task 48 requiring operations [8, 9, 4]
53 Worker 1 performing operation 8 on task 48
53 Worker 3 processing task 24 requiring operations [1, 2]
53 Worker 3 performing operation 1 on task 24
53 Worker 4 processing task 45 requiring operations [7, 6, 10]
53 Worker 4 performing operation 6 on task 45
53 Worker 2 processing task 51 requiring operations [3, 2, 10]
53 Worker 2 performing operation 3 on task 51
54 Generated task 54 with complexity 3 requiring operations [10, 5, 3]
54 Worker 1 accepting task 54
54 Worker 1 accepting task 48
54 Worker 3 accepting task 24
54 Worker 4 accepting task 45
54 Worker 2 accepting task 51
54 Worker 1 processing task 35 requiring operations [7, 6]
54 Worker 1 forwarding task 35
54 Worker 3 processing task 31 requiring operations [10]
54 Worker 3 forwarding task 31
54 Worker 4 processing task 50 requiring operations [9, 2, 5]
54 Worker 4 forwarding task 50
54 Worker 2 processing task 46 requiring operations [5, 8]
54 Worker 2 forwarding task 46
55 Generated task 55 with complexity 3 requiring operations [7, 9, 6]
55 Worker 2 accepting task 55
55 Worker 4 accepting task 35
55 Worker 4 accepting task 31
55 Worker 3 accepting task 50
55 Worker 0 accepting task 46
55 Worker 1 processing task 30 requiring operations [8, 9]
55 Worker 1 performing operation 8 on task 30
55 Worker 3 processing task 36 requiring operations [9, 5]
55 Worker 3 performing operation 5 on task 36
55 Worker 4 processing task 23 requiring operations [9, 6]
55 Worker 4 performing operation 6 on task 23
55 Worker 2 processing task 28 requiring operations [7, 6]
55 Worker 2 forwarding task 28
55 Worker 0 processing task 46 requiring operations [5, 8]
55 Worker 0 forwarding task 46
56 Generated task 56 with complexity 3 requiring operations [10, 6, 4]
56 Worker 0 accepting task 56
56 Worker 1 accepting task 30
56 Worker 3 accepting task 36
56 Worker 4 accepting task 23
56 Worker 4 accepting task 28
56 Worker 3 accepting task 46
56 Worker 1 processing task 25 requiring operations [5, 1]
56 Worker 1 forwarding task 25
56 Worker 3 processing task 16 requiring operations [4]
56 Worker 3 forwarding task 16
56 Worker 4 processing task 43 requiring operations [8, 10]
56 Worker 4 performing operation 8 on task 43
56 Worker 2 processing task 27 requiring operations [7]
56 Worker 2 forwarding task 27
56 Worker 0 processing task 56 requiring operations [10, 6, 4]
56 Worker 0 forwarding task 56
57 Generated task 57 with complexity 3 requiring operations [5, 7, 6]
57 Worker 4 accepting task 57
57 Worker 2 accepting task 25
57 Worker 2 accepting task 16
57 Worker 4 accepting task 43
57 Worker 1 accepting task 27
57 Worker 4 accepting task 56
57 Worker 1 processing task 12 requiring operations [7]
57 Worker 1 forwarding task 12
57 Worker 3 processing task 33 requiring operations [2, 4]
57 Worker 3 performing operation 2 on task 33
57 Worker 4 processing task 44 requiring operations [10, 5]
57 Worker 4 forwarding task 44
57 Worker 2 processing task 51 requiring operations [2, 10]
57 Worker 2 forwarding task 51
58 Generated task 58 with complexity 3 requiring operations [2, 1, 7]
58 Worker 1 accepting task 58
58 Worker 3 accepting task 12
58 Worker 3 accepting task 33
58 Worker 1 accepting task 44
58 Worker 3 accepting task 51
58 Worker 1 processing task 39 requiring operations [7]
58 Worker 1 forwarding task 39
58 Worker 3 processing task 38 requiring operations [4, 6]
58 Worker 3 forwarding task 38
58 Worker 4 processing task 32 requiring operations [7, 10]
58 Worker 4 performing operation 7 on task 32
58 Worker 2 processing task 55 requiring operations [7, 9, 6]
58 Worker 2 performing operation 9 on task 55
59 Generated task 59 with complexity 3 requiring operations [8, 2, 10]
59 Worker 1 accepting task 59
59 Worker 3 accepting task 39
59 Worker 2 accepting task 38
59 Worker 4 accepting task 32
59 Worker 2 accepting task 55
59 Worker 1 processing task 49 requiring operations [7, 1]
59 Worker 1 forwarding task 49
59 Worker 3 processing task 34 requiring operations [10, 9]
59 Worker 3 forwarding task 34
59 Worker 4 processing task 47 requiring operations [9, 2]
59 Worker 4 forwarding task 47
59 Worker 2 processing task 25 requiring operations [5, 1]
59 Worker 2 performing operation 1 on task 25
60 Generated task 60 with complexity 3 requiring operations [7, 1, 5]
60 Worker 1 accepting task 60
60 Worker 4 accepting task 49
60 Worker 2 accepting task 34
60 Worker 2 accepting task 47
60 Worker 2 accepting task 25
60 Worker 1 processing task 41 requiring operations [9, 1]
60 Worker 1 forwarding task 41
60 Worker 3 processing task 29 requiring operations [2, 6, 5]
60 Worker 3 performing operation 5 on task 29
60 Worker 4 processing task 53 requiring operations [2, 3, 9]
60 Worker 4 performing operation 3 on task 53
60 Worker 2 processing task 16 requiring operations [4]
60 Worker 2 performing operation 4 on task 16
61 Generated task 61 with complexity 3 requiring operations [1, 6, 10]
61 Worker 2 accepting task 61
61 Worker 0 accepting task 41
61 Worker 3 accepting task 29
61 Worker 4 accepting task 53
61 Task 16 completed!
61 Worker 1 processing task 40 requiring operations [5, 10]
61 Worker 1 performing operation 10 on task 40
61 Worker 3 processing task 52 requiring operations [2, 3, 4]
61 Worker 3 performing operation 2 on task 52
61 Worker 4 processing task 45 requiring operations [7, 10]
61 Worker 4 performing operation 7 on task 45
61 Worker 2 processing task 38 requiring operations [4, 6]
61 Worker 2 performing operation 4 on task 38
61 Worker 0 processing task 41 requiring operations [9, 1]
61 Worker 0 performing operation 9 on task 41
62 Generated task 62 with complexity 3 requiring operations [2, 9, 5]
62 Worker 4 accepting task 62
62 Worker 1 accepting task 40
62 Worker 3 accepting task 52
62 Worker 4 accepting task 45
62 Worker 2 accepting task 38
62 Worker 0 accepting task 41
62 Worker 1 processing task 54 requiring operations [10, 5, 3]
62 Worker 1 performing operation 10 on task 54
62 Worker 3 processing task 24 requiring operations [2]
62 Worker 3 performing operation 2 on task 24
62 Worker 4 processing task 35 requiring operations [7, 6]
62 Worker 4 performing operation 6 on task 35
62 Worker 2 processing task 55 requiring operations [7, 6]
62 Worker 2 forwarding task 55
62 Worker 0 processing task 41 requiring operations [1]
62 Worker 0 forwarding task 41
63 Generated task 63 with complexity 3 requiring operations [6, 4, 7]
63 Worker 0 accepting task 63
63 Worker 1 accepting task 54
63 Task 24 completed!
63 Worker 4 accepting task 35
63 Worker 3 accepting task 55
63 Worker 3 accepting task 41
63 Worker 1 processing task 48 requiring operations [9, 4]
63 Worker 1 forwarding task 48
63 Worker 3 processing task 50 requiring operations [9, 2, 5]
63 Worker 3 performing operation 2 on task 50
63 Worker 4 processing task 31 requiring operations [10]
63 Worker 4 forwarding task 31
63 Worker 2 processing task 34 requiring operations [10, 9]
63 Worker 2 performing operation 9 on task 34
63 Worker 0 processing task 63 requiring operations [6, 4, 7]
63 Worker 0 forwarding task 63
64 Generated task 64 with complexity 3 requiring operations [8, 5, 4]
64 Worker 0 accepting task 64
64 Worker 4 accepting task 48
64 Worker 3 accepting task 50
64 Worker 0 accepting task 31
64 Worker 2 accepting task 34
64 Worker 1 accepting task 63
64 Worker 1 processing task 30 requiring operations [9]
64 Worker 1 forwarding task 30
64 Worker 3 processing task 36 requiring operations [9]
64 Worker 3 forwarding task 36
64 Worker 4 processing task 23 requiring operations [9]
64 Worker 4 forwarding task 23
64 Worker 2 processing task 47 requiring operations [9, 2]
64 Worker 2 performing operation 9 on task 47
64 Worker 0 processing task 64 requiring operations [8, 5, 4]
64 Worker 0 forwarding task 64
65 Generated task 65 with complexity 3 requiring operations [9, 5, 8]
65 Worker 3 accepting task 65
65 Worker 0 accepting task 30
65 Worker 2 accepting task 36
65 Worker 0 accepting task 23
65 Worker 2 accepting task 47
65 Worker 2 accepting task 64
65 Worker 1 processing task 27 requiring operations [7]
65 Worker 1 forwarding task 27
65 Worker 3 processing task 46 requiring operations [5, 8]
65 Worker 3 performing operation 5 on task 46
65 Worker 4 processing task 28 requiring operations [7, 6]
65 Worker 4 performing operation 6 on task 28
65 Worker 2 processing task 25 requiring operations [5]
65 Worker 2 forwarding task 25
65 Worker 0 processing task 31 requiring operations [10]
65 Worker 0 forwarding task 31
66 Generated task 66 with complexity 3 requiring operations [8, 6, 5]
66 Worker 1 accepting task 66
66 Worker 4 accepting task 27
66 Worker 3 accepting task 46
66 Worker 4 accepting task 28
66 Worker 1 accepting task 25
66 Worker 1 accepting task 31
66 Worker 1 processing task 58 requiring operations [2, 1, 7]
66 Worker 1 forwarding task 58
66 Worker 3 processing task 12 requiring operations [7]
66 Worker 3 forwarding task 12
66 Worker 4 processing task 57 requiring operations [5, 7, 6]
66 Worker 4 performing operation 6 on task 57
66 Worker 2 processing task 61 requiring operations [1, 6, 10]
66 Worker 2 performing operation 1 on task 61
66 Worker 0 processing task 30 requiring operations [9]
66 Worker 0 performing operation 9 on task 30
67 Generated task 67 with complexity 3 requiring operations [2, 6, 3]
67 Worker 4 accepting task 67
67 Worker 2 accepting task 58
67 Worker 4 accepting task 12
67 Worker 4 accepting task 57
67 Worker 2 accepting task 61
67 Task 30 completed!
67 Worker 1 processing task 44 requiring operations [10, 5]
67 Worker 1 performing operation 10 on task 44
67 Worker 3 processing task 33 requiring operations [4]
67 Worker 3 forwarding task 33
67 Worker 4 processing task 43 requiring operations [10]
67 Worker 4 forwarding task 43
67 Worker 2 processing task 38 requiring operations [6]
67 Worker 2 forwarding task 38
67 Worker 0 processing task 23 requiring operations [9]
67 Worker 0 performing operation 9 on task 23
68 Generated task 68 with complexity 3 requiring operations [3, 10, 2]
68 Worker 1 accepting task 68
68 Worker 1 accepting task 44
68 Worker 1 accepting task 33
68 Worker 1 accepting task 43
68 Worker 1 accepting task 38
68 Task 23 completed!
68 Worker 1 processing task 59 requiring operations [8, 2, 10]
68 Worker 1 performing operation 8 on task 59
68 Worker 3 processing task 51 requiring operations [2, 10]
68 Worker 3 performing operation 2 on task 51
68 Worker 4 processing task 56 requiring operations [10, 6, 4]
68 Worker 4 performing operation 6 on task 56
68 Worker 2 processing task 34 requiring operations [10]
68 Worker 2 forwarding task 34
69 Generated task 69 with complexity 3 requiring operations [5, 9, 3]
69 Worker 0 accepting task 69
69 Worker 1 accepting task 59
69 Worker 3 accepting task 51
69 Worker 4 accepting task 56
69 Worker 0 accepting task 34
69 Worker 1 processing task 60 requiring operations [7, 1, 5]
69 Worker 1 forwarding task 60
69 Worker 3 processing task 39 requiring operations [7]
69 Worker 3 forwarding task 39
69 Worker 4 processing task 32 requiring operations [10]
69 Worker 4 forwarding task 32
69 Worker 2 processing task 36 requiring operations [9]
69 Worker 2 performing operation 9 on task 36
69 Worker 0 processing task 69 requiring operations [5, 9, 3]
69 Worker 0 performing operation 9 on task 69
70 Generated task 70 with complexity 3 requiring operations [3, 4, 8]
70 Worker 3 accepting task 70
70 Worker 0 accepting task 60
70 Worker 4 accepting task 39
70 Worker 3 accepting task 32
70 Task 36 completed!
70 Worker 0 accepting task 69
70 Worker 1 processing task 40 requiring operations [5]
70 Worker 1 forwarding task 40
70 Worker 3 processing task 29 requiring operations [2, 6]
70 Worker 3 performing operation 2 on task 29
70 Worker 4 processing task 49 requiring operations [7, 1]
70 Worker 4 performing operation 7 on task 49
70 Worker 2 processing task 47 requiring operations [2]
70 Worker 2 forwarding task 47
70 Worker 0 processing task 34 requiring operations [10]
70 Worker 0 forwarding task 34
71 Generated task 71 with complexity 3 requiring operations [10, 1, 7]
71 Worker 0 accepting task 71
71 Worker 2 accepting task 40
71 Worker 3 accepting task 29
71 Worker 4 accepting task 49
71 Worker 3 accepting task 47
71 Worker 3 accepting task 34
71 Worker 1 processing task 54 requiring operations [5, 3]
71 Worker 1 forwarding task 54
71 Worker 3 processing task 52 requiring operations [3, 4]
71 Worker 3 forwarding task 52
71 Worker 4 processing task 53 requiring operations [2, 9]
71 Worker 4 forwarding task 53
71 Worker 2 processing task 64 requiring operations [8, 5, 4]
71 Worker 2 performing operation 4 on task 64
71 Worker 0 processing task 60 requiring operations [7, 1, 5]
71 Worker 0 forwarding task 60
72 Generated task 72 with complexity 3 requiring operations [8, 3, 7]
72 Worker 3 accepting task 72
72 Worker 3 accepting task 54
72 Worker 1 accepting task 52
72 Worker 1 accepting task 53
72 Worker 2 accepting task 64
72 Worker 2 accepting task 60
72 Worker 1 processing task 63 requiring operations [6, 4, 7]
72 Worker 1 forwarding task 63
72 Worker 3 processing task 55 requiring operations [7, 6]
72 Worker 3 forwarding task 55
72 Worker 4 processing task 62 requiring operations [2, 9, 5]
72 Worker 4 forwarding task 62
72 Worker 2 processing task 58 requiring operations [2, 1, 7]
72 Worker 2 performing operation 1 on task 58
72 Worker 0 processing task 69 requiring operations [5, 3]
72 Worker 0 forwarding task 69
73 Generated task 73 with complexity 3 requiring operations [8, 7, 3]
73 Worker 1 accepting task 73
73 Worker 2 accepting task 63
73 Worker 0 accepting task 55
73 Worker 2 accepting task 62
73 Worker 2 accepting task 58
73 Worker 3 accepting task 69
73 Worker 1 processing task 66 requiring operations [8, 6, 5]
73 Worker 1 performing operation 8 on task 66
73 Worker 3 processing task 41 requiring operations [1]
73 Worker 3 performing operation 1 on task 41
73 Worker 4 processing task 45 requiring operations [10]
73 Worker 4 forwarding task 45
73 Worker 2 processing task 61 requiring operations [6, 10]
73 Worker 2 forwarding task 61
73 Worker 0 processing task 71 requiring operations [10, 1, 7]
73 Worker 0 forwarding task 71
74 Generated task 74 with complexity 3 requiring operations [6, 5, 9]
74 Worker 1 accepting task 74
74 Worker 1 accepting task 66
74 Task 41 completed!
74 Worker 3 accepting task 45
74 Worker 3 accepting task 61
74 Worker 4 accepting task 71
74 Worker 1 processing task 25 requiring operations [5]
74 Worker 1 forwarding task 25
74 Worker 3 processing task 50 requiring operations [9, 5]
74 Worker 3 performing operation 5 on task 50
74 Worker 4 processing task 35 requiring operations [7]
74 Worker 4 performing operation 7 on task 35
74 Worker 2 processing task 40 requiring operations [5]
74 Worker 2 forwarding task 40
74 Worker 0 processing task 55 requiring operations [7, 6]
74 Worker 0 forwarding task 55
75 Generated task 75 with complexity 3 requiring operations [7, 6, 9]
75 Worker 3 accepting task 75
75 Worker 2 accepting task 25
75 Worker 3 accepting task 50
75 Task 35 completed!
75 Worker 3 accepting task 40
75 Worker 4 accepting task 55
75 Worker 1 processing task 31 requiring operations [10]
75 Worker 1 performing operation 10 on task 31
75 Worker 3 processing task 65 requiring operations [9, 5, 8]
75 Worker 3 performing operation 5 on task 65
75 Worker 4 processing task 48 requiring operations [9, 4]
75 Worker 4 forwarding task 48
75 Worker 2 processing task 64 requiring operations [8, 5]
75 Worker 2 forwarding task 64
76 Generated task 76 with complexity 3 requiring operations [2, 7, 10]
76 Worker 0 accepting task 76
76 Task 31 completed!
76 Worker 3 accepting task 65
76 Worker 1 accepting task 48
76 Worker 1 accepting task 64
76 Worker 1 processing task 68 requiring operations [3, 10, 2]
76 Worker 1 performing operation 10 on task 68
76 Worker 3 processing task 46 requiring operations [8]
76 Worker 3 forwarding task 46
76 Worker 4 processing task 27 requiring operations [7]
76 Worker 4 performing operation 7 on task 27
76 Worker 2 processing task 60 requiring operations [7, 1, 5]
76 Worker 2 performing operation 1 on task 60
76 Worker 0 processing task 76 requiring operations [2, 7, 10]
76 Worker 0 forwarding task 76
77 Generated task 77 with complexity 3 requiring operations [2, 10, 9]
77 Worker 1 accepting task 77
77 Worker 1 accepting task 68
77 Worker 2 accepting task 46
77 Task 27 completed!
77 Worker 2 accepting task 60
77 Worker 4 accepting task 76
77 Worker 1 processing task 44 requiring operations [5]
77 Worker 1 forwarding task 44
77 Worker 3 processing task 51 requiring operations [10]
77 Worker 3 forwarding task 51
77 Worker 4 processing task 28 requiring operations [7]
77 Worker 4 performing operation 7 on task 28
77 Worker 2 processing task 63 requiring operations [6, 4, 7]
77 Worker 2 performing operation 4 on task 63
78 Generated task 78 with complexity 3 requiring operations [7, 4, 2]
78 Worker 3 accepting task 78
78 Worker 4 accepting task 44
78 Worker 4 accepting task 51
78 Task 28 completed!
78 Worker 2 accepting task 63
78 Worker 1 processing task 33 requiring operations [4]
78 Worker 1 forwarding task 33
78 Worker 3 processing task 70 requiring operations [3, 4, 8]
78 Worker 3 forwarding task 70
78 Worker 4 processing task 67 requiring operations [2, 6, 3]
78 Worker 4 performing operation 3 on task 67
78 Worker 2 processing task 62 requiring operations [2, 9, 5]
78 Worker 2 performing operation 9 on task 62
79 Generated task 79 with complexity 3 requiring operations [7, 8, 6]
79 Worker 3 accepting task 79
79 Worker 2 accepting task 33
79 Worker 0 accepting task 70
79 Worker 4 accepting task 67
79 Worker 2 accepting task 62
79 Worker 1 processing task 43 requiring operations [10]
79 Worker 1 performing operation 10 on task 43
79 Worker 3 processing task 32 requiring operations [10]
79 Worker 3 forwarding task 32
79 Worker 4 processing task 12 requiring operations [7]
79 Worker 4 performing operation 7 on task 12
79 Worker 2 processing task 58 requiring operations [2, 7]
79 Worker 2 forwarding task 58
79 Worker 0 processing task 70 requiring operations [3, 4, 8]
79 Worker 0 forwarding task 70
80 Generated task 80 with complexity 3 requiring operations [6, 8, 10]
80 Worker 1 accepting task 80
80 Task 43 completed!
80 Worker 0 accepting task 32
80 Task 12 completed!
80 Worker 4 accepting task 58
80 Worker 3 accepting task 70
80 Worker 1 processing task 38 requiring operations [6]
80 Worker 1 forwarding task 38
80 Worker 3 processing task 29 requiring operations [6]
80 Worker 3 forwarding task 29
80 Worker 4 processing task 57 requiring operations [5, 7]
80 Worker 4 performing operation 7 on task 57
80 Worker 2 processing task 25 requiring operations [5]
80 Worker 2 forwarding task 25
80 Worker 0 processing task 32 requiring operations [10]
80 Worker 0 forwarding task 32
81 Generated task 81 with complexity 3 requiring operations [10, 8, 2]
81 Worker 4 accepting task 81
81 Worker 3 accepting task 38
81 Worker 2 accepting task 29
81 Worker 4 accepting task 57
81 Worker 3 accepting task 25
81 Worker 3 accepting task 32
81 Worker 1 processing task 59 requiring operations [2, 10]
81 Worker 1 performing operation 10 on task 59
81 Worker 3 processing task 47 requiring operations [2]
81 Worker 3 performing operation 2 on task 47
81 Worker 4 processing task 56 requiring operations [10, 4]
81 Worker 4 forwarding task 56
81 Worker 2 processing task 46 requiring operations [8]
81 Worker 2 forwarding task 46
82 Generated task 82 with complexity 3 requiring operations [10, 5, 2]
82 Worker 1 accepting task 82
82 Worker 1 accepting task 59
82 Task 47 completed!
82 Worker 0 accepting task 56
82 Worker 3 accepting task 46
82 Worker 1 processing task 52 requiring operations [3, 4]
82 Worker 1 forwarding task 52
82 Worker 3 processing task 34 requiring operations [10]
82 Worker 3 forwarding task 34
82 Worker 4 processing task 39 requiring operations [7]
82 Worker 4 performing operation 7 on task 39
82 Worker 2 processing task 60 requiring operations [7, 5]
82 Worker 2 forwarding task 60
82 Worker 0 processing task 56 requiring operations [10, 4]
82 Worker 0 forwarding task 56
83 Generated task 83 with complexity 3 requiring operations [7, 8, 1]
83 Worker 4 accepting task 83
83 Worker 0 accepting task 52
83 Worker 4 accepting task 34
83 Task 39 completed!
83 Worker 3 accepting task 60
83 Worker 3 accepting task 56
83 Worker 1 processing task 53 requiring operations [2, 9]
83 Worker 1 forwarding task 53
83 Worker 3 processing task 72 requiring operations [8, 3, 7]
83 Worker 3 forwarding task 72
83 Worker 4 processing task 49 requiring operations [1]
83 Worker 4 forwarding task 49
83 Worker 2 processing task 63 requiring operations [6, 7]
83 Worker 2 forwarding task 63
83 Worker 0 processing task 52 requiring operations [3, 4]
83 Worker 0 forwarding task 52
84 Generated task 84 with complexity 3 requiring operations [9, 1, 2]
84 Worker 2 accepting task 84
84 Worker 3 accepting task 53
84 Worker 4 accepting task 72
84 Worker 0 accepting task 49
84 Worker 3 accepting task 63
84 Worker 1 accepting task 52
84 Worker 1 processing task 73 requiring operations [8, 7, 3]
84 Worker 1 performing operation 8 on task 73
84 Worker 3 processing task 54 requiring operations [5, 3]
84 Worker 3 performing operation 5 on task 54
84 Worker 4 processing task 71 requiring operations [10, 1, 7]
84 Worker 4 performing operation 7 on task 71
84 Worker 2 processing task 33 requiring operations [4]
84 Worker 2 performing operation 4 on task 33
84 Worker 0 processing task 49 requiring operations [1]
84 Worker 0 forwarding task 49
85 Generated task 85 with complexity 3 requiring operations [5, 9, 3]
85 Worker 2 accepting task 85
85 Worker 1 accepting task 73
85 Worker 3 accepting task 54
85 Worker 4 accepting task 71
85 Task 33 completed!
85 Worker 2 accepting task 49
85 Worker 1 processing task 74 requiring operations [6, 5, 9]
85 Worker 1 forwarding task 74
85 Worker 3 processing task 69 requiring operations [5, 3]
85 Worker 3 performing operation 5 on task 69
85 Worker 4 processing task 55 requiring operations [7, 6]
85 Worker 4 performing operation 6 on task 55
85 Worker 2 processing task 62 requiring operations [2, 5]
85 Worker 2 forwarding task 62
86 Generated task 86 with complexity 3 requiring operations [2, 4, 5]
86 Worker 3 accepting task 86
86 Worker 0 accepting task 74
86 Worker 3 accepting task 69
86 Worker 4 accepting task 55
86 Worker 1 accepting task 62
86 Worker 1 processing task 66 requiring operations [6, 5]
86 Worker 1 forwarding task 66
86 Worker 3 processing task 45 requiring operations [10]
86 Worker 3 forwarding task 45
86 Worker 4 processing task 76 requiring operations [2, 7, 10]
86 Worker 4 performing operation 7 on task 76
86 Worker 2 processing task 29 requiring operations [6]
86 Worker 2 forwarding task 29
86 Worker 0 processing task 74 requiring operations [6, 5, 9]
86 Worker 0 performing operation 9 on task 74
87 Generated task 87 with complexity 3 requiring operations [3, 10, 6]
87 Worker 2 accepting task 87
87 Worker 2 accepting task 66
87 Worker 0 accepting task 45
87 Worker 4 accepting task 76
87 Worker 4 accepting task 29
87 Worker 0 accepting task 74
87 Worker 1 processing task 48 requiring operations [9, 4]
87 Worker 1 forwarding task 48
87 Worker 3 processing task 61 requiring operations [6, 10]
87 Worker 3 forwarding task 61
87 Worker 4 processing task 44 requiring operations [5]
87 Worker 4 forwarding task 44
87 Worker 2 processing task 84 requiring operations [9, 1, 2]
87 Worker 2 performing operation 9 on task 84
87 Worker 0 processing task 45 requiring operations [10]
87 Worker 0 forwarding task 45
88 Generated task 88 with complexity 3 requiring operations [6, 1, 2]
88 Worker 2 accepting task 88
88 Worker 4 accepting task 48
88 Worker 4 accepting task 61
88 Worker 1 accepting task 44
88 Worker 2 accepting task 84
88 Worker 3 accepting task 45
88 Worker 1 processing task 64 requiring operations [8, 5]
88 Worker 1 performing operation 8 on task 64
88 Worker 3 processing task 75 requiring operations [7, 6, 9]
88 Worker 3 forwarding task 75
88 Worker 4 processing task 51 requiring operations [10]
88 Worker 4 forwarding task 51
88 Worker 2 processing task 85 requiring operations [5, 9, 3]
88 Worker 2 performing operation 3 on task 85
88 Worker 0 processing task 74 requiring operations [6, 5]
88 Worker 0 forwarding task 74
89 Generated task 89 with complexity 3 requiring operations [9, 5, 3]
89 Worker 4 accepting task 89
89 Worker 1 accepting task 64
89 Worker 0 accepting task 75
89 Worker 3 accepting task 51
89 Worker 2 accepting task 85
89 Worker 4 accepting task 74
89 Worker 1 processing task 77 requiring operations [2, 10, 9]
89 Worker 1 performing operation 10 on task 77
89 Worker 3 processing task 50 requiring operations [9]
89 Worker 3 forwarding task 50
89 Worker 4 processing task 67 requiring operations [2, 6]
89 Worker 4 performing operation 6 on task 67
89 Worker 2 processing task 49 requiring operations [1]
89 Worker 2 performing operation 1 on task 49
89 Worker 0 processing task 75 requiring operations [7, 6, 9]
89 Worker 0 performing operation 9 on task 75
90 Generated task 90 with complexity 3 requiring operations [1, 2, 4]
90 Worker 1 accepting task 90
90 Worker 1 accepting task 77
90 Worker 1 accepting task 50
90 Worker 4 accepting task 67
90 Task 49 completed!
90 Worker 0 accepting task 75
90 Worker 1 processing task 68 requiring operations [3, 2]
90 Worker 1 forwarding task 68
90 Worker 3 processing task 40 requiring operations [5]
90 Worker 3 performing operation 5 on task 40
90 Worker 4 processing task 58 requiring operations [2, 7]
90 Worker 4 performing operation 7 on task 58
90 Worker 2 processing task 87 requiring operations [3, 10, 6]
90 Worker 2 performing operation 3 on task 87
90 Worker 0 processing task 75 requiring operations [7, 6]
90 Worker 0 forwarding task 75
91 Generated task 91 with complexity 3 requiring operations [6, 1, 4]
91 Worker 2 accepting task 91
91 Worker 2 accepting task 68
91 Task 40 completed!
91 Worker 4 accepting task 58
91 Worker 2 accepting task 87
91 Worker 3 accepting task 75
91 Worker 1 processing task 80 requiring operations [6, 8, 10]
91 Worker 1 performing operation 10 on task 80
91 Worker 3 processing task 65 requiring operations [9, 8]
91 Worker 3 forwarding task 65
91 Worker 4 processing task 81 requiring operations [10, 8, 2]
91 Worker 4 performing operation 8 on task 81
91 Worker 2 processing task 66 requiring operations [6, 5]
91 Worker 2 forwarding task 66
92 Generated task 92 with complexity 3 requiring operations [4, 8, 10]
92 Worker 4 accepting task 92
92 Worker 1 accepting task 80
92 Worker 4 accepting task 65
92 Worker 4 accepting task 81
92 Worker 4 accepting task 66
92 Worker 1 processing task 82 requiring operations [10, 5, 2]
92 Worker 1 performing operation 10 on task 82
92 Worker 3 processing task 78 requiring operations [7, 4, 2]
92 Worker 3 performing operation 2 on task 78
92 Worker 4 processing task 57 requiring operations [5]
92 Worker 4 forwarding task 57
92 Worker 2 processing task 88 requiring operations [6, 1, 2]
92 Worker 2 performing operation 1 on task 88
93 Generated task 93 with complexity 3 requiring operations [1, 10, 9]
93 Worker 1 accepting task 93
93 Worker 1 accepting task 82
93 Worker 3 accepting task 78
93 Worker 0 accepting task 57
93 Worker 2 accepting task 88
93 Worker 1 processing task 59 requiring operations [2]
93 Worker 1 forwarding task 59
93 Worker 3 processing task 79 requiring operations [7, 8, 6]
93 Worker 3 forwarding task 79
93 Worker 4 processing task 83 requiring operations [7, 8, 1]
93 Worker 4 performing operation 8 on task 83
93 Worker 2 processing task 84 requiring operations [1, 2]
93 Worker 2 performing operation 1 on task 84
93 Worker 0 processing task 57 requiring operations [5]
93 Worker 0 forwarding task 57
94 Generated task 94 with complexity 3 requiring operations [1, 6, 4]
94 Worker 4 accepting task 94
94 Worker 2 accepting task 59
94 Worker 1 accepting task 79
94 Worker 4 accepting task 83
94 Worker 2 accepting task 84
94 Worker 4 accepting task 57
94 Worker 1 processing task 52 requiring operations [3, 4]
94 Worker 1 forwarding task 52
94 Worker 3 processing task 70 requiring operations [3, 4, 8]
94 Worker 3 forwarding task 70
94 Worker 4 processing task 34 requiring operations [10]
94 Worker 4 forwarding task 34
94 Worker 2 processing task 85 requiring operations [5, 9]
94 Worker 2 performing operation 9 on task 85
95 Generated task 95 with complexity 3 requiring operations [7, 3, 5]
95 Worker 4 accepting task 95
95 Worker 3 accepting task 52
95 Worker 4 accepting task 70
95 Worker 3 accepting task 34
95 Worker 2 accepting task 85
95 Worker 1 processing task 73 requiring operations [7, 3]
95 Worker 1 forwarding task 73
95 Worker 3 processing task 38 requiring operations [6]
95 Worker 3 forwarding task 38
95 Worker 4 processing task 72 requiring operations [8, 3, 7]
95 Worker 4 performing operation 8 on task 72
95 Worker 2 processing task 91 requiring operations [6, 1, 4]
95 Worker 2 performing operation 1 on task 91
96 Generated task 96 with complexity 3 requiring operations [8, 9, 3]
96 Worker 0 accepting task 96
96 Worker 3 accepting task 73
96 Worker 0 accepting task 38
96 Worker 4 accepting task 72
96 Worker 2 accepting task 91
96 Worker 1 processing task 62 requiring operations [2, 5]
96 Worker 1 forwarding task 62
96 Worker 3 processing task 25 requiring operations [5]
96 Worker 3 performing operation 5 on task 25
96 Worker 4 processing task 71 requiring operations [10, 1]
96 Worker 4 forwarding task 71
96 Worker 2 processing task 68 requiring operations [3, 2]
96 Worker 2 performing operation 3 on task 68
96 Worker 0 processing task 96 requiring operations [8, 9, 3]
96 Worker 0 performing operation 9 on task 96
97 Generated task 97 with complexity 3 requiring operations [1, 9, 4]
97 Worker 2 accepting task 97
97 Worker 3 accepting task 62
97 Task 25 completed!
97 Worker 2 accepting task 71
97 Worker 2 accepting task 68
97 Worker 0 accepting task 96
97 Worker 1 processing task 44 requiring operations [5]
97 Worker 1 forwarding task 44
97 Worker 3 processing task 32 requiring operations [10]
97 Worker 3 forwarding task 32
97 Worker 4 processing task 55 requiring operations [7]
97 Worker 4 performing operation 7 on task 55
97 Worker 2 processing task 87 requiring operations [10, 6]
97 Worker 2 forwarding task 87
97 Worker 0 processing task 38 requiring operations [6]
97 Worker 0 forwarding task 38
98 Generated task 98 with complexity 3 requiring operations [10, 1, 2]
98 Worker 3 accepting task 98
98 Worker 0 accepting task 44
98 Worker 4 accepting task 32
98 Task 55 completed!
98 Worker 0 accepting task 87
98 Worker 4 accepting task 38
98 Worker 1 processing task 64 requiring operations [5]
98 Worker 1 forwarding task 64
98 Worker 3 processing task 46 requiring operations [8]
98 Worker 3 forwarding task 46
98 Worker 4 processing task 76 requiring operations [2, 10]
98 Worker 4 forwarding task 76
98 Worker 2 processing task 88 requiring operations [6, 2]
98 Worker 2 forwarding task 88
98 Worker 0 processing task 96 requiring operations [8, 3]
98 Worker 0 forwarding task 96
99 Generated task 99 with complexity 3 requiring operations [9, 10, 5]
99 Worker 4 accepting task 99
99 Worker 4 accepting task 64
99 Worker 0 accepting task 46
99 Worker 3 accepting task 76
99 Worker 4 accepting task 88
99 Worker 4 accepting task 96
99 Worker 1 processing task 90 requiring operations [1, 2, 4]
99 Worker 1 forwarding task 90
99 Worker 3 processing task 60 requiring operations [7, 5]
99 Worker 3 performing operation 5 on task 60
99 Worker 4 processing task 29 requiring operations [6]
99 Worker 4 performing operation 6 on task 29
99 Worker 2 processing task 59 requiring operations [2]
99 Worker 2 forwarding task 59
99 Worker 0 processing task 44 requiring operations [5]
99 Worker 0 forwarding task 44
100 Generated task 100 with complexity 3 requiring operations [10, 8, 9]
100 Worker 0 accepting task 100
100 Worker 2 accepting task 90
100 Worker 3 accepting task 60
100 Task 29 completed!
100 Worker 1 accepting task 59
100 Worker 3 accepting task 44
100 Worker 1 processing task 77 requiring operations [2, 9]
100 Worker 1 forwarding task 77
100 Worker 3 processing task 56 requiring operations [10, 4]
100 Worker 3 forwarding task 56
100 Worker 4 processing task 48 requiring operations [9, 4]
100 Worker 4 forwarding task 48
100 Worker 2 processing task 84 requiring operations [2]
100 Worker 2 forwarding task 84
100 Worker 0 processing task 87 requiring operations [10, 6]
100 Worker 0 forwarding task 87
101 Generated task 101 with complexity 3 requiring operations [6, 1, 7]
101 Worker 1 accepting task 101
101 Worker 2 accepting task 77
101 Worker 4 accepting task 56
101 Worker 3 accepting task 48
101 Worker 3 accepting task 84
101 Worker 4 accepting task 87
101 Worker 1 processing task 50 requiring operations [9]
101 Worker 1 forwarding task 50
101 Worker 3 processing task 53 requiring operations [2, 9]
101 Worker 3 performing operation 2 on task 53
101 Worker 4 processing task 61 requiring operations [6, 10]
101 Worker 4 performing operation 6 on task 61
101 Worker 2 processing task 85 requiring operations [5]
101 Worker 2 forwarding task 85
101 Worker 0 processing task 46 requiring operations [8]
101 Worker 0 forwarding task 46
102 Generated task 102 with complexity 3 requiring operations [7, 5, 2]
102 Worker 3 accepting task 102
102 Worker 3 accepting task 50
102 Worker 3 accepting task 53
102 Worker 4 accepting task 61
102 Worker 3 accepting task 85
102 Worker 4 accepting task 46
102 Worker 1 processing task 80 requiring operations [6, 8]
102 Worker 1 performing operation 8 on task 80
102 Worker 3 processing task 63 requiring operations [6, 7]
102 Worker 3 forwarding task 63
102 Worker 4 processing task 89 requiring operations [9, 5, 3]
102 Worker 4 performing operation 3 on task 89
102 Worker 2 processing task 91 requiring operations [6, 4]
102 Worker 2 performing operation 4 on task 91
102 Worker 0 processing task 100 requiring operations [10, 8, 9]
102 Worker 0 performing operation 9 on task 100
103 Generated task 103 with complexity 3 requiring operations [3, 5, 4]
103 Worker 3 accepting task 103
103 Worker 1 accepting task 80
103 Worker 1 accepting task 63
103 Worker 4 accepting task 89
103 Worker 2 accepting task 91
103 Worker 0 accepting task 100
103 Worker 1 processing task 93 requiring operations [1, 10, 9]
103 Worker 1 performing operation 10 on task 93
103 Worker 3 processing task 54 requiring operations [3]
103 Worker 3 forwarding task 54
103 Worker 4 processing task 74 requiring operations [6, 5]
103 Worker 4 performing operation 6 on task 74
103 Worker 2 processing task 97 requiring operations [1, 9, 4]
103 Worker 2 performing operation 1 on task 97
103 Worker 0 processing task 100 requiring operations [10, 8]
103 Worker 0 forwarding task 100
104 Generated task 104 with complexity 3 requiring operations [4, 9, 8]
104 Worker 0 accepting task 104
104 Worker 1 accepting task 93
104 Worker 2 accepting task 54
104 Worker 4 accepting task 74
104 Worker 2 accepting task 97
104 Worker 1 accepting task 100
104 Worker 1 processing task 82 requiring operations [5, 2]
104 Worker 1 forwarding task 82
104 Worker 3 processing task 86 requiring operations [2, 4, 5]
104 Worker 3 performing operation 5 on task 86
104 Worker 4 processing task 67 requiring operations [2]
104 Worker 4 forwarding task 67
104 Worker 2 processing task 71 requiring operations [10, 1]
104 Worker 2 performing operation 1 on task 71
104 Worker 0 processing task 104 requiring operations [4, 9, 8]
104 Worker 0 performing operation 9 on task 104
105 Generated task 105 with complexity 3 requiring operations [3, 4, 8]
105 Worker 4 accepting task 105
105 Worker 3 accepting task 82
105 Worker 3 accepting task 86
105 Worker 3 accepting task 67
105 Worker 2 accepting task 71
105 Worker 0 accepting task 104
105 Worker 1 processing task 79 requiring operations [7, 8, 6]
105 Worker 1 performing operation 8 on task 79
105 Worker 3 processing task 69 requiring operations [3]
105 Worker 3 forwarding task 69
105 Worker 4 processing task 58 requiring operations [2]
105 Worker 4 forwarding task 58
105 Worker 2 processing task 68 requiring operations [2]
105 Worker 2 forwarding task 68
105 Worker 0 processing task 104 requiring operations [4, 8]
105 Worker 0 forwarding task 104
106 Generated task 106 with complexity 3 requiring operations [4, 6, 7]
106 Worker 4 accepting task 106
106 Worker 1 accepting task 79
106 Worker 0 accepting task 69
106 Worker 3 accepting task 58
106 Worker 4 accepting task 68
106 Worker 1 accepting task 104
106 Worker 1 processing task 59 requiring operations [2]
106 Worker 1 forwarding task 59
106 Worker 3 processing task 45 requiring operations [10]
106 Worker 3 forwarding task 45
106 Worker 4 processing task 92 requiring operations [4, 8, 10]
106 Worker 4 performing operation 8 on task 92
106 Worker 2 processing task 90 requiring operations [1, 2, 4]
106 Worker 2 performing operation 1 on task 90
106 Worker 0 processing task 69 requiring operations [3]
106 Worker 0 forwarding task 69
107 Generated task 107 with complexity 3 requiring operations [7, 3, 6]
107 Worker 2 accepting task 107
107 Worker 4 accepting task 59
107 Worker 2 accepting task 45
107 Worker 4 accepting task 92
107 Worker 2 accepting task 90
107 Worker 1 accepting task 69
107 Worker 1 processing task 101 requiring operations [6, 1, 7]
107 Worker 1 forwarding task 101
107 Worker 3 processing task 51 requiring operations [10]
107 Worker 3 forwarding task 51
107 Worker 4 processing task 65 requiring operations [9, 8]
107 Worker 4 performing operation 8 on task 65
107 Worker 2 processing task 77 requiring operations [2, 9]
107 Worker 2 performing operation 9 on task 77
108 Generated task 108 with complexity 3 requiring operations [3, 2, 10]
108 Worker 3 accepting task 108
108 Worker 3 accepting task 101
108 Worker 4 accepting task 51
108 Worker 4 accepting task 65
108 Worker 2 accepting task 77
108 Worker 1 processing task 80 requiring operations [6]
108 Worker 1 forwarding task 80
108 Worker 3 processing task 75 requiring operations [7, 6]
108 Worker 3 forwarding task 75
108 Worker 4 processing task 81 requiring operations [10, 2]
108 Worker 4 forwarding task 81
108 Worker 2 processing task 91 requiring operations [6]
108 Worker 2 forwarding task 91
109 Generated task 109 with complexity 3 requiring operations [3, 1, 5]
109 Worker 2 accepting task 109
109 Worker 4 accepting task 80
109 Worker 1 accepting task 75
109 Worker 0 accepting task 81
109 Worker 3 accepting task 91
109 Worker 1 processing task 63 requiring operations [6, 7]
109 Worker 1 forwarding task 63
109 Worker 3 processing task 78 requiring operations [7, 4]
109 Worker 3 forwarding task 78
109 Worker 4 processing task 66 requiring operations [6, 5]
109 Worker 4 performing operation 6 on task 66
109 Worker 2 processing task 54 requiring operations [3]
109 Worker 2 performing operation 3 on task 54
109 Worker 0 processing task 81 requiring operations [10, 2]
109 Worker 0 forwarding task 81
110 Generated task 110 with complexity 3 requiring operations [2, 5, 3]
110 Worker 3 accepting task 110
110 Worker 3 accepting task 63
110 Worker 4 accepting task 78
110 Worker 4 accepting task 66
110 Task 54 completed!
110 Worker 2 accepting task 81
110 Worker 1 processing task 93 requiring operations [1, 9]
110 Worker 1 forwarding task 93
110 Worker 3 processing task 52 requiring operations [3, 4]
110 Worker 3 forwarding task 52
110 Worker 4 processing task 94 requiring operations [1, 6, 4]
110 Worker 4 performing operation 6 on task 94
110 Worker 2 processing task 97 requiring operations [9, 4]
110 Worker 2 performing operation 4 on task 97
111 Generated task 111 with complexity 3 requiring operations [3, 6, 4]
111 Worker 2 accepting task 111
111 Worker 4 accepting task 93
111 Worker 2 accepting task 52
111 Worker 4 accepting task 94
111 Worker 2 accepting task 97
111 Worker 1 processing task 100 requiring operations [10, 8]
111 Worker 1 performing operation 10 on task 100
111 Worker 3 processing task 34 requiring operations [10]
111 Worker 3 forwarding task 34
111 Worker 4 processing task 83 requiring operations [7, 1]
111 Worker 4 performing operation 7 on task 83
111 Worker 2 processing task 71 requiring operations [10]
111 Worker 2 forwarding task 71
112 Generated task 112 with complexity 3 requiring operations [6, 7, 10]
112 Worker 2 accepting task 112
112 Worker 1 accepting task 100
112 Worker 1 accepting task 34
112 Worker 4 accepting task 83
112 Worker 1 accepting task 71
112 Worker 1 processing task 79 requiring operations [7, 6]
112 Worker 1 forwarding task 79
112 Worker 3 processing task 73 requiring operations [7, 3]
112 Worker 3 forwarding task 73
112 Worker 4 processing task 57 requiring operations [5]
112 Worker 4 forwarding task 57
112 Worker 2 processing task 107 requiring operations [7, 3, 6]
112 Worker 2 performing operation 3 on task 107
113 Generated task 113 with complexity 3 requiring operations [8, 6, 5]
113 Worker 3 accepting task 113
113 Worker 3 accepting task 79
113 Worker 4 accepting task 73
113 Worker 0 accepting task 57
113 Worker 2 accepting task 107
113 Worker 1 processing task 104 requiring operations [4, 8]
113 Worker 1 performing operation 8 on task 104
113 Worker 3 processing task 62 requiring operations [2, 5]
113 Worker 3 performing operation 5 on task 62
113 Worker 4 processing task 95 requiring operations [7, 3, 5]
113 Worker 4 performing operation 7 on task 95
113 Worker 2 processing task 45 requiring operations [10]
113 Worker 2 forwarding task 45
113 Worker 0 processing task 57 requiring operations [5]
113 Worker 0 forwarding task 57
114 Generated task 114 with complexity 3 requiring operations [7, 10, 4]
114 Worker 4 accepting task 114
114 Worker 1 accepting task 104
114 Worker 3 accepting task 62
114 Worker 4 accepting task 95
114 Worker 4 accepting task 45
114 Worker 4 accepting task 57
114 Worker 1 processing task 69 requiring operations [3]
114 Worker 1 forwarding task 69
114 Worker 3 processing task 98 requiring operations [10, 1, 2]
114 Worker 3 performing operation 1 on task 98
114 Worker 4 processing task 70 requiring operations [3, 4, 8]
114 Worker 4 performing operation 8 on task 70
114 Worker 2 processing task 90 requiring operations [2, 4]
114 Worker 2 performing operation 4 on task 90
115 Generated task 115 with complexity 3 requiring operations [8, 5, 4]
115 Worker 4 accepting task 115
115 Worker 0 accepting task 69
115 Worker 3 accepting task 98
115 Worker 4 accepting task 70
115 Worker 2 accepting task 90
115 Worker 1 processing task 75 requiring operations [7, 6]
115 Worker 1 forwarding task 75
115 Worker 3 processing task 76 requiring operations [2, 10]
115 Worker 3 performing operation 2 on task 76
115 Worker 4 processing task 72 requiring operations [3, 7]
115 Worker 4 performing operation 7 on task 72
115 Worker 2 processing task 77 requiring operations [2]
115 Worker 2 forwarding task 77
115 Worker 0 processing task 69 requiring operations [3]
115 Worker 0 forwarding task 69
116 Generated task 116 with complexity 3 requiring operations [8, 6, 9]
116 Worker 0 accepting task 116
116 Worker 0 accepting task 75
116 Worker 3 accepting task 76
116 Worker 4 accepting task 72
116 Worker 3 accepting task 77
116 Worker 4 accepting task 69
116 Worker 1 processing task 100 requiring operations [8]
116 Worker 1 performing operation 8 on task 100
116 Worker 3 processing task 60 requiring operations [7]
116 Worker 3 forwarding task 60
116 Worker 4 processing task 32 requiring operations [10]
116 Worker 4 forwarding task 32
116 Worker 2 processing task 109 requiring operations [3, 1, 5]
116 Worker 2 performing operation 1 on task 109
116 Worker 0 processing task 116 requiring operations [8, 6, 9]
116 Worker 0 performing operation 9 on task 116
117 Generated task 117 with complexity 3 requiring operations [3, 8, 10]
117 Worker 0 accepting task 117
117 Task 100 completed!
117 Worker 4 accepting task 60
117 Worker 3 accepting task 32
117 Worker 2 accepting task 109
117 Worker 0 accepting task 116
117 Worker 1 processing task 34 requiring operations [10]
117 Worker 1 performing operation 10 on task 34
117 Worker 3 processing task 44 requiring operations [5]
117 Worker 3 performing operation 5 on task 44
117 Worker 4 processing task 38 requiring operations [6]
117 Worker 4 performing operation 6 on task 38
117 Worker 2 processing task 81 requiring operations [10, 2]
117 Worker 2 forwarding task 81
117 Worker 0 processing task 75 requiring operations [7, 6]
117 Worker 0 forwarding task 75
118 Generated task 118 with complexity 3 requiring operations [6, 5, 2]
118 Worker 3 accepting task 118
118 Task 34 completed!
118 Task 44 completed!
118 Task 38 completed!
118 Worker 0 accepting task 81
118 Worker 3 accepting task 75
118 Worker 1 processing task 71 requiring operations [10]
118 Worker 1 performing operation 10 on task 71
118 Worker 3 processing task 48 requiring operations [9, 4]
118 Worker 3 forwarding task 48
118 Worker 4 processing task 99 requiring operations [9, 10, 5]
118 Worker 4 forwarding task 99
118 Worker 2 processing task 111 requiring operations [3, 6, 4]
118 Worker 2 performing operation 4 on task 111
118 Worker 0 processing task 117 requiring operations [3, 8, 10]
118 Worker 0 forwarding task 117
119 Generated task 119 with complexity 3 requiring operations [5, 2, 7]
119 Worker 2 accepting task 119
119 Task 71 completed!
119 Worker 1 accepting task 48
119 Worker 2 accepting task 99
119 Worker 2 accepting task 111
119 Worker 1 accepting task 117
119 Worker 1 processing task 104 requiring operations [4]
119 Worker 1 forwarding task 104
119 Worker 3 processing task 84 requiring operations [2]
119 Worker 3 performing operation 2 on task 84
119 Worker 4 processing task 64 requiring operations [5]
119 Worker 4 forwarding task 64
119 Worker 2 processing task 52 requiring operations [3, 4]
119 Worker 2 performing operation 3 on task 52
119 Worker 0 processing task 116 requiring operations [8, 6]
119 Worker 0 forwarding task 116
120 Generated task 120 with complexity 3 requiring operations [1, 10, 5]
120 Worker 1 accepting task 120
120 Worker 4 accepting task 104
120 Task 84 completed!
120 Worker 1 accepting task 64
120 Worker 2 accepting task 52
120 Worker 1 accepting task 116
120 Worker 1 processing task 48 requiring operations [9, 4]
120 Worker 1 forwarding task 48
120 Worker 3 processing task 102 requiring operations [7, 5, 2]
120 Worker 3 performing operation 5 on task 102
120 Worker 4 processing task 88 requiring operations [6, 2]
120 Worker 4 performing operation 6 on task 88
120 Worker 2 processing task 97 requiring operations [9]
120 Worker 2 performing operation 9 on task 97
120 Worker 0 processing task 81 requiring operations [10, 2]
120 Worker 0 forwarding task 81
121 Generated task 121 with complexity 3 requiring operations [9, 8, 4]
121 Worker 3 accepting task 121
121 Worker 3 accepting task 48
121 Worker 3 accepting task 102
121 Worker 4 accepting task 88
121 Task 97 completed!
121 Worker 4 accepting task 81
121 Worker 1 processing task 117 requiring operations [3, 8, 10]
121 Worker 1 performing operation 10 on task 117
121 Worker 3 processing task 50 requiring operations [9]
121 Worker 3 forwarding task 50
121 Worker 4 processing task 96 requiring operations [8, 3]
121 Worker 4 performing operation 3 on task 96
121 Worker 2 processing task 112 requiring operations [6, 7, 10]
121 Worker 2 forwarding task 112
122 Generated task 122 with complexity 3 requiring operations [10, 8, 6]
122 Worker 3 accepting task 122
122 Worker 1 accepting task 117
122 Worker 0 accepting task 50
122 Worker 4 accepting task 96
122 Worker 3 accepting task 112
122 Worker 1 processing task 120 requiring operations [1, 10, 5]
122 Worker 1 performing operation 10 on task 120
122 Worker 3 processing task 53 requiring operations [9]
122 Worker 3 forwarding task 53
122 Worker 4 processing task 56 requiring operations [10, 4]
122 Worker 4 forwarding task 56
122 Worker 2 processing task 107 requiring operations [7, 6]
122 Worker 2 forwarding task 107
122 Worker 0 processing task 50 requiring operations [9]
122 Worker 0 performing operation 9 on task 50
123 Generated task 123 with complexity 3 requiring operations [5, 9, 10]
123 Worker 0 accepting task 123
123 Worker 1 accepting task 120
123 Worker 0 accepting task 53
123 Worker 3 accepting task 56
123 Worker 3 accepting task 107
123 Task 50 completed!
123 Worker 1 processing task 64 requiring operations [5]
123 Worker 1 forwarding task 64
123 Worker 3 processing task 85 requiring operations [5]
123 Worker 3 performing operation 5 on task 85
123 Worker 4 processing task 87 requiring operations [10, 6]
123 Worker 4 performing operation 6 on task 87
123 Worker 2 processing task 90 requiring operations [2]
123 Worker 2 forwarding task 90
123 Worker 0 processing task 123 requiring operations [5, 9, 10]
123 Worker 0 performing operation 9 on task 123
124 Generated task 124 with complexity 3 requiring operations [7, 3, 1]
124 Worker 0 accepting task 124
124 Worker 0 accepting task 64
124 Task 85 completed!
124 Worker 4 accepting task 87
124 Worker 4 accepting task 90
124 Worker 0 accepting task 123
124 Worker 1 processing task 116 requiring operations [8, 6]
124 Worker 1 performing operation 8 on task 116
124 Worker 3 processing task 103 requiring operations [3, 5, 4]
124 Worker 3 performing operation 5 on task 103
124 Worker 4 processing task 61 requiring operations [10]
124 Worker 4 forwarding task 61
124 Worker 2 processing task 109 requiring operations [3, 5]
124 Worker 2 performing operation 3 on task 109
124 Worker 0 processing task 53 requiring operations [9]
124 Worker 0 performing operation 9 on task 53
125 Generated task 125 with complexity 3 requiring operations [3, 4, 8]
125 Worker 2 accepting task 125
125 Worker 1 accepting task 116
125 Worker 3 accepting task 103
125 Worker 1 accepting task 61
125 Worker 2 accepting task 109
125 Task 53 completed!
125 Worker 1 processing task 117 requiring operations [3, 8]
125 Worker 1 performing operation 8 on task 117
125 Worker 3 processing task 82 requiring operations [5, 2]
125 Worker 3 performing operation 2 on task 82
125 Worker 4 processing task 46 requiring operations [8]
125 Worker 4 performing operation 8 on task 46
125 Worker 2 processing task 119 requiring operations [5, 2, 7]
125 Worker 2 forwarding task 119
125 Worker 0 processing task 124 requiring operations [7, 3, 1]
125 Worker 0 forwarding task 124
126 Generated task 126 with complexity 3 requiring operations [8, 2, 6]
126 Worker 3 accepting task 126
126 Worker 1 accepting task 117
126 Worker 3 accepting task 82
126 Task 46 completed!
126 Worker 1 accepting task 119
126 Worker 1 accepting task 124
126 Worker 1 processing task 120 requiring operations [1, 5]
126 Worker 1 forwarding task 120
126 Worker 3 processing task 86 requiring operations [2, 4]
126 Worker 3 performing operation 2 on task 86
126 Worker 4 processing task 89 requiring operations [9, 5]
126 Worker 4 forwarding task 89
126 Worker 2 processing task 99 requiring operations [9, 10, 5]
126 Worker 2 performing operation 9 on task 99
126 Worker 0 processing task 64 requiring operations [5]
126 Worker 0 forwarding task 64
127 Generated task 127 with complexity 3 requiring operations [9, 6, 1]
127 Worker 0 accepting task 127
127 Worker 0 accepting task 120
127 Worker 3 accepting task 86
127 Worker 1 accepting task 89
127 Worker 2 accepting task 99
127 Worker 4 accepting task 64
127 Worker 1 processing task 116 requiring operations [6]
127 Worker 1 forwarding task 116
127 Worker 3 processing task 67 requiring operations [2]
127 Worker 3 performing operation 2 on task 67
127 Worker 4 processing task 74 requiring operations [5]
127 Worker 4 forwarding task 74
127 Worker 2 processing task 111 requiring operations [3, 6]
127 Worker 2 performing operation 3 on task 111
127 Worker 0 processing task 123 requiring operations [5, 10]
127 Worker 0 forwarding task 123
128 Generated task 128 with complexity 3 requiring operations [2, 10, 5]
128 Worker 2 accepting task 128
128 Worker 3 accepting task 116
128 Task 67 completed!
128 Worker 1 accepting task 74
128 Worker 2 accepting task 111
128 Worker 4 accepting task 123
128 Worker 1 processing task 61 requiring operations [10]
128 Worker 1 performing operation 10 on task 61
128 Worker 3 processing task 58 requiring operations [2]
128 Worker 3 performing operation 2 on task 58
128 Worker 4 processing task 105 requiring operations [3, 4, 8]
128 Worker 4 performing operation 8 on task 105
128 Worker 2 processing task 52 requiring operations [4]
128 Worker 2 performing operation 4 on task 52
128 Worker 0 processing task 127 requiring operations [9, 6, 1]
128 Worker 0 performing operation 9 on task 127
129 Generated task 129 with complexity 3 requiring operations [7, 4, 1]
129 Worker 2 accepting task 129
129 Task 61 completed!
129 Task 58 completed!
129 Worker 4 accepting task 105
129 Task 52 completed!
129 Worker 0 accepting task 127
129 Worker 1 processing task 117 requiring operations [3]
129 Worker 1 forwarding task 117
129 Worker 3 processing task 108 requiring operations [3, 2, 10]
129 Worker 3 performing operation 2 on task 108
129 Worker 4 processing task 106 requiring operations [4, 6, 7]
129 Worker 4 performing operation 6 on task 106
129 Worker 2 processing task 125 requiring operations [3, 4, 8]
129 Worker 2 performing operation 3 on task 125
129 Worker 0 processing task 120 requiring operations [1, 5]
129 Worker 0 forwarding task 120
130 Generated task 130 with complexity 3 requiring operations [10, 7, 4]
130 Worker 4 accepting task 130
130 Worker 2 accepting task 117
130 Worker 3 accepting task 108
130 Worker 4 accepting task 106
130 Worker 2 accepting task 125
130 Worker 2 accepting task 120
130 Worker 1 processing task 119 requiring operations [5, 2, 7]
130 Worker 1 forwarding task 119
130 Worker 3 processing task 101 requiring operations [6, 1, 7]
130 Worker 3 performing operation 1 on task 101
130 Worker 4 processing task 68 requiring operations [2]
130 Worker 4 forwarding task 68
130 Worker 2 processing task 109 requiring operations [5]
130 Worker 2 forwarding task 109
130 Worker 0 processing task 127 requiring operations [6, 1]
130 Worker 0 forwarding task 127
131 Generated task 131 with complexity 3 requiring operations [3, 2, 10]
131 Worker 1 accepting task 131
131 Worker 4 accepting task 119
131 Worker 3 accepting task 101
131 Worker 3 accepting task 68
131 Worker 0 accepting task 109
131 Worker 4 accepting task 127
131 Worker 1 processing task 124 requiring operations [7, 3, 1]
131 Worker 1 forwarding task 124
131 Worker 3 processing task 91 requiring operations [6]
131 Worker 3 forwarding task 91
131 Worker 4 processing task 59 requiring operations [2]
131 Worker 4 forwarding task 59
131 Worker 2 processing task 99 requiring operations [10, 5]
131 Worker 2 forwarding task 99
131 Worker 0 processing task 109 requiring operations [5]
131 Worker 0 forwarding task 109
132 Generated task 132 with complexity 3 requiring operations [9, 10, 3]
132 Worker 0 accepting task 132
132 Worker 3 accepting task 124
132 Worker 0 accepting task 91
132 Worker 0 accepting task 59
132 Worker 1 accepting task 99
132 Worker 3 accepting task 109
132 Worker 1 processing task 89 requiring operations [9, 5]
132 Worker 1 forwarding task 89
132 Worker 3 processing task 110 requiring operations [2, 5, 3]
132 Worker 3 performing operation 2 on task 110
132 Worker 4 processing task 92 requiring operations [4, 10]
132 Worker 4 forwarding task 92
132 Worker 2 processing task 128 requiring operations [2, 10, 5]
132 Worker 2 forwarding task 128
132 Worker 0 processing task 132 requiring operations [9, 10, 3]
132 Worker 0 performing operation 9 on task 132
133 Generated task 133 with complexity 3 requiring operations [1, 9, 10]
133 Worker 4 accepting task 133
133 Worker 3 accepting task 89
133 Worker 3 accepting task 110
133 Worker 3 accepting task 92
133 Worker 4 accepting task 128
133 Worker 0 accepting task 132
133 Worker 1 processing task 74 requiring operations [5]
133 Worker 1 forwarding task 74
133 Worker 3 processing task 63 requiring operations [6, 7]
133 Worker 3 forwarding task 63
133 Worker 4 processing task 51 requiring operations [10]
133 Worker 4 forwarding task 51
133 Worker 2 processing task 111 requiring operations [6]
133 Worker 2 forwarding task 111
133 Worker 0 processing task 91 requiring operations [6]
133 Worker 0 forwarding task 91
134 Generated task 134 with complexity 3 requiring operations [6, 7, 1]
134 Worker 1 accepting task 134
134 Worker 3 accepting task 74
134 Worker 2 accepting task 63
134 Worker 1 accepting task 51
134 Worker 3 accepting task 111
134 Worker 3 accepting task 91
134 Worker 1 processing task 131 requiring operations [3, 2, 10]
134 Worker 1 performing operation 10 on task 131
134 Worker 3 processing task 113 requiring operations [8, 6, 5]
134 Worker 3 performing operation 5 on task 113
134 Worker 4 processing task 65 requiring operations [9]
134 Worker 4 forwarding task 65
134 Worker 2 processing task 129 requiring operations [7, 4, 1]
134 Worker 2 performing operation 1 on task 129
134 Worker 0 processing task 59 requiring operations [2]
134 Worker 0 forwarding task 59
135 Generated task 135 with complexity 3 requiring operations [5, 10, 1]
135 Worker 4 accepting task 135
135 Worker 1 accepting task 131
135 Worker 3 accepting task 113
135 Worker 1 accepting task 65
135 Worker 2 accepting task 129
135 Worker 3 accepting task 59
135 Worker 1 processing task 99 requiring operations [10, 5]
135 Worker 1 performing operation 10 on task 99
135 Worker 3 processing task 79 requiring operations [7, 6]
135 Worker 3 forwarding task 79
135 Worker 4 processing task 80 requiring operations [6]
135 Worker 4 performing operation 6 on task 80
135 Worker 2 processing task 117 requiring operations [3]
135 Worker 2 performing operation 3 on task 117
135 Worker 0 processing task 132 requiring operations [10, 3]
135 Worker 0 forwarding task 132
136 Generated task 136 with complexity 3 requiring operations [4, 5, 7]
136 Worker 0 accepting task 136
136 Worker 1 accepting task 99
136 Worker 1 accepting task 79
136 Task 80 completed!
136 Task 117 completed!
136 Worker 4 accepting task 132
136 Worker 1 processing task 134 requiring operations [6, 7, 1]
136 Worker 1 forwarding task 134
136 Worker 3 processing task 62 requiring operations [2]
136 Worker 3 performing operation 2 on task 62
136 Worker 4 processing task 78 requiring operations [7, 4]
136 Worker 4 performing operation 7 on task 78
136 Worker 2 processing task 125 requiring operations [4, 8]
136 Worker 2 performing operation 4 on task 125
136 Worker 0 processing task 136 requiring operations [4, 5, 7]
136 Worker 0 forwarding task 136
137 Generated task 137 with complexity 3 requiring operations [6, 1, 8]
137 Worker 0 accepting task 137
137 Worker 4 accepting task 134
137 Task 62 completed!
137 Worker 4 accepting task 78
137 Worker 2 accepting task 125
137 Worker 2 accepting task 136
137 Worker 1 processing task 51 requiring operations [10]
137 Worker 1 performing operation 10 on task 51
137 Worker 3 processing task 98 requiring operations [10, 2]
137 Worker 3 performing operation 2 on task 98
137 Worker 4 processing task 66 requiring operations [5]
137 Worker 4 forwarding task 66
137 Worker 2 processing task 120 requiring operations [1, 5]
137 Worker 2 performing operation 1 on task 120
137 Worker 0 processing task 137 requiring operations [6, 1, 8]
137 Worker 0 forwarding task 137
138 Generated task 138 with complexity 3 requiring operations [7, 9, 4]
138 Worker 3 accepting task 138
138 Task 51 completed!
138 Worker 3 accepting task 98
138 Worker 0 accepting task 66
138 Worker 2 accepting task 120
138 Worker 4 accepting task 137
138 Worker 1 processing task 131 requiring operations [3, 2]
138 Worker 1 forwarding task 131
138 Worker 3 processing task 76 requiring operations [10]
138 Worker 3 forwarding task 76
138 Worker 4 processing task 93 requiring operations [1, 9]
138 Worker 4 forwarding task 93
138 Worker 2 processing task 63 requiring operations [6, 7]
138 Worker 2 forwarding task 63
138 Worker 0 processing task 66 requiring operations [5]
138 Worker 0 forwarding task 66
139 Generated task 139 with complexity 3 requiring operations [8, 1, 7]
139 Worker 2 accepting task 139
139 Worker 0 accepting task 131
139 Worker 1 accepting task 76
139 Worker 3 accepting task 93
139 Worker 3 accepting task 63
139 Worker 1 accepting task 66
139 Worker 1 processing task 65 requiring operations [9]
139 Worker 1 forwarding task 65
139 Worker 3 processing task 77 requiring operations [2]
139 Worker 3 performing operation 2 on task 77
139 Worker 4 processing task 94 requiring operations [1, 4]
139 Worker 4 forwarding task 94
139 Worker 2 processing task 129 requiring operations [7, 4]
139 Worker 2 performing operation 4 on task 129
139 Worker 0 processing task 131 requiring operations [3, 2]
139 Worker 0 forwarding task 131
140 Generated task 140 with complexity 3 requiring operations [1, 3, 4]
140 Worker 2 accepting task 140
140 Worker 2 accepting task 65
140 Task 77 completed!
140 Worker 2 accepting task 94
140 Worker 2 accepting task 129
140 Worker 4 accepting task 131
140 Worker 1 processing task 99 requiring operations [5]
140 Worker 1 forwarding task 99
140 Worker 3 processing task 32 requiring operations [10]
140 Worker 3 forwarding task 32
140 Worker 4 processing task 83 requiring operations [1]
140 Worker 4 forwarding task 83
140 Worker 2 processing task 125 requiring operations [8]
140 Worker 2 forwarding task 125
